Node: comp-gpu04
Array Job ID: 420245, Task ID: 2
Start: 2026-04-27-16:43:23
Running: model=cpda_typei dataset=breast
[2026-04-27 16:43:34,531][HYDRA] Launching 40 jobs locally
[2026-04-27 16:43:34,532][HYDRA] 	#0 : model.L=3 model.bond_dim=8 seed=42 trainer.ridge=5 trainer.ridge_decay=0.25 trainer.ridge_min=0.0001 +experiment=cpda_ntn_sweep model=cpda_typei dataset=breast
[2026-04-27 16:43:34,646][__main__][INFO] - Configuration:
model:
  name: CPDATypeI
  L: 3
  bond_dim: 8
  output_site: null
  init_strength: 0.1
dataset:
  name: breast
  task: classification
  cap: 50
  size: small
  batch_size: 256
slurm:
  partition: titans
  time: '12:00:00'
  mem: 2gb
  gpu_arch: Ampere
  cpus: 1
  gpu: 1
hpc:
  queue: gpuv100
  time: '12:00'
  mem: 500MB
  cpus: 4
  gpu: 1
trainer:
  type: ntn
  n_epochs: 20
  ridge: 5
  ridge_decay: 0.25
  ridge_min: 0.0001
  adaptive_ridge: false
  patience: 10
  min_delta: 0.001
  train_selection: true
seed: 42
experiment_name: ${model.name}_${dataset.name}_${trainer.type}_rg${trainer.ridge}_init${model.init_strength}
skip_completed: true
update_tracking: false

[2026-04-27 16:43:34,649][__main__][INFO] - Output directory: /home/nicci/GTN/outputs/ntn/breast/CPDATypeI_rg5_init0.1/L3_bd8_seed42
[2026-04-27 16:43:34,702][utils.tracking][INFO] - Loaded 14191 tracked runs from runs_tracking.csv
[2026-04-27 16:43:34,704][__main__][INFO] - Loading dataset: breast
[2026-04-27 16:43:36,701][__main__][INFO] -   Samples: train=398, val=85, test=86
[2026-04-27 16:43:36,702][__main__][INFO] -   Features: 31 (including bias), Task: classification
[2026-04-27 16:43:36,702][__main__][INFO] -   Device: cuda
[2026-04-27 16:43:36,702][__main__][INFO] - Creating model: CPDATypeI
Starting Ensemble Fit: 20 epochs
Models: [(1, 1), (2, 2), (3, 3)]
Total nodes: 6
Validation: Using separate validation set
Early stopping: patience=10, min_delta=0.001
Init    | Train: loss: 0.77819 | quality: 0.69095
        | Val:   loss: 0.64591 | quality: 0.75294

Epoch 1 | Train: loss: 156.68937 | quality: 0.32161
        | Val:   loss: 90.98001 | quality: 0.32941

Epoch 2 | Train: loss: 60461108312087179510480563048768954415188011826235478611149786700324715063335666195628032.00000 | quality: 0.80151
        | Val:   loss: 11277688196813270030811360324821195721759543252124676003075612732564610530516468949319680.00000 | quality: 0.78824
 *
Epoch 3 | Train: loss: nan | quality: 0.64070
        | Val:   loss: nan | quality: 0.91765
 *

✗ Singular matrix at epoch 4 - stopping training
[2026-04-27 16:43:37,074][__main__][INFO] - Results saved to: /home/nicci/GTN/outputs/ntn/breast/CPDATypeI_rg5_init0.1/L3_bd8_seed42/results.json
[2026-04-27 16:43:37,074][__main__][WARNING] - ✗ Training failed (singular matrix)
[2026-04-27 16:43:37,075][HYDRA] 	#1 : model.L=3 model.bond_dim=8 seed=10090 trainer.ridge=5 trainer.ridge_decay=0.25 trainer.ridge_min=0.0001 +experiment=cpda_ntn_sweep model=cpda_typei dataset=breast
[2026-04-27 16:43:37,192][__main__][INFO] - Configuration:
model:
  name: CPDATypeI
  L: 3
  bond_dim: 8
  output_site: null
  init_strength: 0.1
dataset:
  name: breast
  task: classification
  cap: 50
  size: small
  batch_size: 256
slurm:
  partition: titans
  time: '12:00:00'
  mem: 2gb
  gpu_arch: Ampere
  cpus: 1
  gpu: 1
hpc:
  queue: gpuv100
  time: '12:00'
  mem: 500MB
  cpus: 4
  gpu: 1
trainer:
  type: ntn
  n_epochs: 20
  ridge: 5
  ridge_decay: 0.25
  ridge_min: 0.0001
  adaptive_ridge: false
  patience: 10
  min_delta: 0.001
  train_selection: true
seed: 10090
experiment_name: ${model.name}_${dataset.name}_${trainer.type}_rg${trainer.ridge}_init${model.init_strength}
skip_completed: true
update_tracking: false

[2026-04-27 16:43:37,192][__main__][INFO] - Output directory: /home/nicci/GTN/outputs/ntn/breast/CPDATypeI_rg5_init0.1/L3_bd8_seed10090
[2026-04-27 16:43:37,193][__main__][INFO] - Loading dataset: breast
[2026-04-27 16:43:38,673][__main__][INFO] -   Samples: train=398, val=85, test=86
[2026-04-27 16:43:38,673][__main__][INFO] -   Features: 31 (including bias), Task: classification
[2026-04-27 16:43:38,673][__main__][INFO] -   Device: cuda
[2026-04-27 16:43:38,673][__main__][INFO] - Creating model: CPDATypeI
Starting Ensemble Fit: 20 epochs
Models: [(1, 1), (2, 2), (3, 3)]
Total nodes: 6
Validation: Using separate validation set
Early stopping: patience=10, min_delta=0.001
Init    | Train: loss: 1.10001 | quality: 0.57789
        | Val:   loss: 0.98768 | quality: 0.55294

Epoch 1 | Train: loss: 0.19832 | quality: 0.94724
        | Val:   loss: 0.24531 | quality: 0.92941
 *
Epoch 2 | Train: loss: 0.05578 | quality: 0.98995
        | Val:   loss: 0.09725 | quality: 0.95294
 *
Epoch 3 | Train: loss: 0.00893 | quality: 1.00000
        | Val:   loss: 0.10336 | quality: 0.95294
 *
Epoch 4 | Train: loss: 0.00104 | quality: 1.00000
        | Val:   loss: 0.18905 | quality: 0.94118

Epoch 5 | Train: loss: 0.00009 | quality: 1.00000
        | Val:   loss: 0.27979 | quality: 0.94118

Epoch 6 | Train: loss: 0.00000 | quality: 1.00000
        | Val:   loss: 0.39337 | quality: 0.94118

Epoch 7 | Train: loss: 399.64503 | quality: 0.62312
        | Val:   loss: 317.61612 | quality: 0.61176

Epoch 8 | Train: loss: 184927756273650371038985374011254974332884527765146829443408429381882894058151475166761651361769426498392848873983102217296761847808.00000 | quality: 0.60302
        | Val:   loss: 265868563022738489411998116485322070400798368795365215071741106357176723331280583860089470017565158000257405715357225384224976011264.00000 | quality: 0.56471

Epoch 9 | Train: loss: 96964693617645595689390615163204546553366064490281440554883146527473939880871394181074752157945865622397922150583324037002363382615344421287443464886280245689265177877730329952198356781395258016199291510981443262825892263115120589991099579676499537210283778519205473015256313237602304.00000 | quality: 0.92714
        | Val:   loss: 5394331576117151753255899424976729229070116092408399826297495324558315099269310935216223856338902136740798572209302087620123920248564289883132183008360993148718376577006839902300008392466132405817162088717506098494951859115094801898316645715221954407912110347046888362396242688344064.00000 | quality: 0.91765


✗ Singular matrix at epoch 10 - stopping training
[2026-04-27 16:43:39,175][__main__][INFO] - Results saved to: /home/nicci/GTN/outputs/ntn/breast/CPDATypeI_rg5_init0.1/L3_bd8_seed10090/results.json
[2026-04-27 16:43:39,175][__main__][WARNING] - ✗ Training failed (singular matrix)
[2026-04-27 16:43:39,176][HYDRA] 	#2 : model.L=3 model.bond_dim=8 seed=32874 trainer.ridge=5 trainer.ridge_decay=0.25 trainer.ridge_min=0.0001 +experiment=cpda_ntn_sweep model=cpda_typei dataset=breast
[2026-04-27 16:43:39,454][__main__][INFO] - Configuration:
model:
  name: CPDATypeI
  L: 3
  bond_dim: 8
  output_site: null
  init_strength: 0.1
dataset:
  name: breast
  task: classification
  cap: 50
  size: small
  batch_size: 256
slurm:
  partition: titans
  time: '12:00:00'
  mem: 2gb
  gpu_arch: Ampere
  cpus: 1
  gpu: 1
hpc:
  queue: gpuv100
  time: '12:00'
  mem: 500MB
  cpus: 4
  gpu: 1
trainer:
  type: ntn
  n_epochs: 20
  ridge: 5
  ridge_decay: 0.25
  ridge_min: 0.0001
  adaptive_ridge: false
  patience: 10
  min_delta: 0.001
  train_selection: true
seed: 32874
experiment_name: ${model.name}_${dataset.name}_${trainer.type}_rg${trainer.ridge}_init${model.init_strength}
skip_completed: true
update_tracking: false

[2026-04-27 16:43:39,454][__main__][INFO] - Output directory: /home/nicci/GTN/outputs/ntn/breast/CPDATypeI_rg5_init0.1/L3_bd8_seed32874
[2026-04-27 16:43:39,455][__main__][INFO] - Loading dataset: breast
[2026-04-27 16:43:40,932][__main__][INFO] -   Samples: train=398, val=85, test=86
[2026-04-27 16:43:40,932][__main__][INFO] -   Features: 31 (including bias), Task: classification
[2026-04-27 16:43:40,932][__main__][INFO] -   Device: cuda
[2026-04-27 16:43:40,932][__main__][INFO] - Creating model: CPDATypeI
Starting Ensemble Fit: 20 epochs
Models: [(1, 1), (2, 2), (3, 3)]
Total nodes: 6
Validation: Using separate validation set
Early stopping: patience=10, min_delta=0.001
Init    | Train: loss: 1.26548 | quality: 0.46985
        | Val:   loss: 1.16140 | quality: 0.40000

Epoch 1 | Train: loss: 0.18712 | quality: 0.96734
        | Val:   loss: 0.18444 | quality: 0.95294
 *
Epoch 2 | Train: loss: 0.06373 | quality: 0.98744
        | Val:   loss: 0.10753 | quality: 0.95294
 *
Epoch 3 | Train: loss: 0.01281 | quality: 0.99749
        | Val:   loss: 0.09305 | quality: 0.95294
 *
Epoch 4 | Train: loss: 0.00255 | quality: 1.00000
        | Val:   loss: 0.12127 | quality: 0.95294
 *
Epoch 5 | Train: loss: 0.00026 | quality: 1.00000
        | Val:   loss: 0.16387 | quality: 0.95294

Epoch 6 | Train: loss: 0.00001 | quality: 1.00000
        | Val:   loss: 0.26558 | quality: 0.96471
 *
Epoch 7 | Train: loss: 766.28371 | quality: 0.62814
        | Val:   loss: 1224.23980 | quality: 0.62353

Epoch 8 | Train: loss: 10365730662309175802093133661243353315844207727957113102662011624834722266019587983647615930184978608947200.00000 | quality: 0.61558
        | Val:   loss: 14471477369576162046968201393485340467024295858061613040548291752263466587591858786287032572610970650673152.00000 | quality: 0.52941

Epoch 9 | Train: loss: 8547876754533487572986679436613533063833985544255962365442767313043850261313211664764305999143101697449985174352146493293188539064233299532821489204332473971040858469260741557203738056717070020296467622352058387488105901350672343680764937771994715572819471677746028178674842505052160.00000 | quality: 0.28141
        | Val:   loss: 12200392443311438081169601283127102003564859973316676527153554459152282830850041742724098195422915820379869463925742978765497465690226619500160944315942467444715072605743259613380707227845742067172695013828875584738483228225091998189965232472791471884394676621264967444195080283357184.00000 | quality: 0.31765


✗ Singular matrix at epoch 10 - stopping training
[2026-04-27 16:43:41,421][__main__][INFO] - Results saved to: /home/nicci/GTN/outputs/ntn/breast/CPDATypeI_rg5_init0.1/L3_bd8_seed32874/results.json
[2026-04-27 16:43:41,421][__main__][WARNING] - ✗ Training failed (singular matrix)
[2026-04-27 16:43:41,422][HYDRA] 	#3 : model.L=3 model.bond_dim=8 seed=47311 trainer.ridge=5 trainer.ridge_decay=0.25 trainer.ridge_min=0.0001 +experiment=cpda_ntn_sweep model=cpda_typei dataset=breast
[2026-04-27 16:43:41,537][__main__][INFO] - Configuration:
model:
  name: CPDATypeI
  L: 3
  bond_dim: 8
  output_site: null
  init_strength: 0.1
dataset:
  name: breast
  task: classification
  cap: 50
  size: small
  batch_size: 256
slurm:
  partition: titans
  time: '12:00:00'
  mem: 2gb
  gpu_arch: Ampere
  cpus: 1
  gpu: 1
hpc:
  queue: gpuv100
  time: '12:00'
  mem: 500MB
  cpus: 4
  gpu: 1
trainer:
  type: ntn
  n_epochs: 20
  ridge: 5
  ridge_decay: 0.25
  ridge_min: 0.0001
  adaptive_ridge: false
  patience: 10
  min_delta: 0.001
  train_selection: true
seed: 47311
experiment_name: ${model.name}_${dataset.name}_${trainer.type}_rg${trainer.ridge}_init${model.init_strength}
skip_completed: true
update_tracking: false

[2026-04-27 16:43:41,537][__main__][INFO] - Output directory: /home/nicci/GTN/outputs/ntn/breast/CPDATypeI_rg5_init0.1/L3_bd8_seed47311
[2026-04-27 16:43:41,538][__main__][INFO] - Loading dataset: breast
[2026-04-27 16:43:43,019][__main__][INFO] -   Samples: train=398, val=85, test=86
[2026-04-27 16:43:43,019][__main__][INFO] -   Features: 31 (including bias), Task: classification
[2026-04-27 16:43:43,019][__main__][INFO] -   Device: cuda
[2026-04-27 16:43:43,019][__main__][INFO] - Creating model: CPDATypeI
Starting Ensemble Fit: 20 epochs
Models: [(1, 1), (2, 2), (3, 3)]
Total nodes: 6
Validation: Using separate validation set
Early stopping: patience=10, min_delta=0.001
Init    | Train: loss: 1.12583 | quality: 0.49749
        | Val:   loss: 0.93994 | quality: 0.54118

Epoch 1 | Train: loss: 2.80733 | quality: 0.83920
        | Val:   loss: 1.43926 | quality: 0.80000
 *
Epoch 2 | Train: loss: 292.19387 | quality: 0.48241
        | Val:   loss: 526.62667 | quality: 0.52941

Epoch 3 | Train: loss: 22994276914614317523392249462784000.00000 | quality: 0.58040
        | Val:   loss: 25846078925697078459521372539322368.00000 | quality: 0.55294

Epoch 4 | Train: loss: 5490167043198633085752241620970618695422911160736057902145263785936513676632653824.00000 | quality: 0.92714
        | Val:   loss: 305783777971593668883834298810157477753211045952488195171799677700538626167799808.00000 | quality: 0.91765
 *
Epoch 5 | Train: loss: nan | quality: 0.13819
        | Val:   loss: nan | quality: 0.14118


✗ Singular matrix at epoch 6 - stopping training
[2026-04-27 16:43:43,284][__main__][INFO] - Results saved to: /home/nicci/GTN/outputs/ntn/breast/CPDATypeI_rg5_init0.1/L3_bd8_seed47311/results.json
[2026-04-27 16:43:43,284][__main__][WARNING] - ✗ Training failed (singular matrix)
[2026-04-27 16:43:43,285][HYDRA] 	#4 : model.L=3 model.bond_dim=8 seed=47303 trainer.ridge=5 trainer.ridge_decay=0.25 trainer.ridge_min=0.0001 +experiment=cpda_ntn_sweep model=cpda_typei dataset=breast
[2026-04-27 16:43:43,401][__main__][INFO] - Configuration:
model:
  name: CPDATypeI
  L: 3
  bond_dim: 8
  output_site: null
  init_strength: 0.1
dataset:
  name: breast
  task: classification
  cap: 50
  size: small
  batch_size: 256
slurm:
  partition: titans
  time: '12:00:00'
  mem: 2gb
  gpu_arch: Ampere
  cpus: 1
  gpu: 1
hpc:
  queue: gpuv100
  time: '12:00'
  mem: 500MB
  cpus: 4
  gpu: 1
trainer:
  type: ntn
  n_epochs: 20
  ridge: 5
  ridge_decay: 0.25
  ridge_min: 0.0001
  adaptive_ridge: false
  patience: 10
  min_delta: 0.001
  train_selection: true
seed: 47303
experiment_name: ${model.name}_${dataset.name}_${trainer.type}_rg${trainer.ridge}_init${model.init_strength}
skip_completed: true
update_tracking: false

[2026-04-27 16:43:43,402][__main__][INFO] - Output directory: /home/nicci/GTN/outputs/ntn/breast/CPDATypeI_rg5_init0.1/L3_bd8_seed47303
[2026-04-27 16:43:43,402][__main__][INFO] - Loading dataset: breast
[2026-04-27 16:43:44,883][__main__][INFO] -   Samples: train=398, val=85, test=86
[2026-04-27 16:43:44,883][__main__][INFO] -   Features: 31 (including bias), Task: classification
[2026-04-27 16:43:44,883][__main__][INFO] -   Device: cuda
[2026-04-27 16:43:44,883][__main__][INFO] - Creating model: CPDATypeI
Starting Ensemble Fit: 20 epochs
Models: [(1, 1), (2, 2), (3, 3)]
Total nodes: 6
Validation: Using separate validation set
Early stopping: patience=10, min_delta=0.001
Init    | Train: loss: 0.90777 | quality: 0.41457
        | Val:   loss: 0.73968 | quality: 0.42353

Epoch 1 | Train: loss: 0.18594 | quality: 0.96231
        | Val:   loss: 0.18601 | quality: 0.94118
 *
Epoch 2 | Train: loss: 0.05466 | quality: 0.98744
        | Val:   loss: 0.10170 | quality: 0.95294
 *
Epoch 3 | Train: loss: 0.01273 | quality: 1.00000
        | Val:   loss: 0.11051 | quality: 0.95294
 *
Epoch 4 | Train: loss: 0.00169 | quality: 1.00000
        | Val:   loss: 0.14534 | quality: 0.95294

Epoch 5 | Train: loss: 0.00018 | quality: 1.00000
        | Val:   loss: 0.21621 | quality: 0.95294

Epoch 6 | Train: loss: 0.00000 | quality: 1.00000
        | Val:   loss: 0.27378 | quality: 0.96471
 *
Epoch 7 | Train: loss: 0.00000 | quality: 1.00000
        | Val:   loss: 0.45169 | quality: 0.95294

Epoch 8 | Train: loss: 0.00000 | quality: 1.00000
        | Val:   loss: 0.63749 | quality: 0.95294

Epoch 9 | Train: loss: 0.00000 | quality: 1.00000
        | Val:   loss: 0.84939 | quality: 0.95294

Epoch 10 | Train: loss: 0.00000 | quality: 1.00000
        | Val:   loss: 0.96275 | quality: 0.95294

Epoch 11 | Train: loss: 0.00000 | quality: 1.00000
        | Val:   loss: 1.12603 | quality: 0.95294

Epoch 12 | Train: loss: 1340019596001371867914666369838031627616256.00000 | quality: 0.28392
        | Val:   loss: 2040506523362536719882494705255760003072000.00000 | quality: 0.31765

Epoch 13 | Train: loss: 734717436363006448878007887631287110292812956077451967419941187419307001433812388189862376824164456735583289434279533631424064208232231136956975641790038209192442750627742773122660984486837299898949096961740681810804736.00000 | quality: 0.74372
        | Val:   loss: 145220599355680443062849759847193092400908319893125652919699873490392482064421739339312574918680178443646298445822913698953214176124684908125851056227354741400990826129278885114483876012099320456215901344323947672371200.00000 | quality: 0.71765


✗ Singular matrix at epoch 14 - stopping training
[2026-04-27 16:43:45,591][__main__][INFO] - Results saved to: /home/nicci/GTN/outputs/ntn/breast/CPDATypeI_rg5_init0.1/L3_bd8_seed47303/results.json
[2026-04-27 16:43:45,591][__main__][WARNING] - ✗ Training failed (singular matrix)
[2026-04-27 16:43:45,592][HYDRA] 	#5 : model.L=3 model.bond_dim=16 seed=42 trainer.ridge=5 trainer.ridge_decay=0.25 trainer.ridge_min=0.0001 +experiment=cpda_ntn_sweep model=cpda_typei dataset=breast
[2026-04-27 16:43:45,715][__main__][INFO] - Configuration:
model:
  name: CPDATypeI
  L: 3
  bond_dim: 16
  output_site: null
  init_strength: 0.1
dataset:
  name: breast
  task: classification
  cap: 50
  size: small
  batch_size: 256
slurm:
  partition: titans
  time: '12:00:00'
  mem: 2gb
  gpu_arch: Ampere
  cpus: 1
  gpu: 1
hpc:
  queue: gpuv100
  time: '12:00'
  mem: 500MB
  cpus: 4
  gpu: 1
trainer:
  type: ntn
  n_epochs: 20
  ridge: 5
  ridge_decay: 0.25
  ridge_min: 0.0001
  adaptive_ridge: false
  patience: 10
  min_delta: 0.001
  train_selection: true
seed: 42
experiment_name: ${model.name}_${dataset.name}_${trainer.type}_rg${trainer.ridge}_init${model.init_strength}
skip_completed: true
update_tracking: false

[2026-04-27 16:43:45,716][__main__][INFO] - Output directory: /home/nicci/GTN/outputs/ntn/breast/CPDATypeI_rg5_init0.1/L3_bd16_seed42
[2026-04-27 16:43:45,717][__main__][INFO] - Loading dataset: breast
[2026-04-27 16:43:47,520][__main__][INFO] -   Samples: train=398, val=85, test=86
[2026-04-27 16:43:47,520][__main__][INFO] -   Features: 31 (including bias), Task: classification
[2026-04-27 16:43:47,520][__main__][INFO] -   Device: cuda
[2026-04-27 16:43:47,520][__main__][INFO] - Creating model: CPDATypeI
Starting Ensemble Fit: 20 epochs
Models: [(1, 1), (2, 2), (3, 3)]
Total nodes: 6
Validation: Using separate validation set
Early stopping: patience=10, min_delta=0.001
Init    | Train: loss: 0.67338 | quality: 0.75126
        | Val:   loss: 0.53603 | quality: 0.76471

Epoch 1 | Train: loss: 0.12578 | quality: 0.97487
        | Val:   loss: 0.16197 | quality: 0.94118
 *
Epoch 2 | Train: loss: 0.02532 | quality: 0.99749
        | Val:   loss: 0.10601 | quality: 0.95294
 *
Epoch 3 | Train: loss: 0.00555 | quality: 1.00000
        | Val:   loss: 0.14033 | quality: 0.94118

Epoch 4 | Train: loss: 0.00030 | quality: 1.00000
        | Val:   loss: 0.20117 | quality: 0.94118

Epoch 5 | Train: loss: 0.00001 | quality: 1.00000
        | Val:   loss: 0.29735 | quality: 0.95294
 *
Epoch 6 | Train: loss: 0.00000 | quality: 1.00000
        | Val:   loss: 0.45262 | quality: 0.95294

Epoch 7 | Train: loss: 0.00000 | quality: 1.00000
        | Val:   loss: 0.61622 | quality: 0.95294

Epoch 8 | Train: loss: 0.00000 | quality: 1.00000
        | Val:   loss: 0.77305 | quality: 0.95294

Epoch 9 | Train: loss: 0.00000 | quality: 1.00000
        | Val:   loss: 0.88255 | quality: 0.95294

Epoch 10 | Train: loss: 25100435906432906514242531813847267960413538527611222753280.00000 | quality: 0.77387
        | Val:   loss: 50130623521965375191130578598106228764453517284295388954624.00000 | quality: 0.74118

Epoch 11 | Train: loss: nan | quality: 0.74372
        | Val:   loss: nan | quality: 0.70588


✗ Singular matrix at epoch 12 - stopping training
[2026-04-27 16:43:48,203][__main__][INFO] - Results saved to: /home/nicci/GTN/outputs/ntn/breast/CPDATypeI_rg5_init0.1/L3_bd16_seed42/results.json
[2026-04-27 16:43:48,203][__main__][WARNING] - ✗ Training failed (singular matrix)
[2026-04-27 16:43:48,204][HYDRA] 	#6 : model.L=3 model.bond_dim=16 seed=10090 trainer.ridge=5 trainer.ridge_decay=0.25 trainer.ridge_min=0.0001 +experiment=cpda_ntn_sweep model=cpda_typei dataset=breast
[2026-04-27 16:43:48,319][__main__][INFO] - Configuration:
model:
  name: CPDATypeI
  L: 3
  bond_dim: 16
  output_site: null
  init_strength: 0.1
dataset:
  name: breast
  task: classification
  cap: 50
  size: small
  batch_size: 256
slurm:
  partition: titans
  time: '12:00:00'
  mem: 2gb
  gpu_arch: Ampere
  cpus: 1
  gpu: 1
hpc:
  queue: gpuv100
  time: '12:00'
  mem: 500MB
  cpus: 4
  gpu: 1
trainer:
  type: ntn
  n_epochs: 20
  ridge: 5
  ridge_decay: 0.25
  ridge_min: 0.0001
  adaptive_ridge: false
  patience: 10
  min_delta: 0.001
  train_selection: true
seed: 10090
experiment_name: ${model.name}_${dataset.name}_${trainer.type}_rg${trainer.ridge}_init${model.init_strength}
skip_completed: true
update_tracking: false

[2026-04-27 16:43:48,320][__main__][INFO] - Output directory: /home/nicci/GTN/outputs/ntn/breast/CPDATypeI_rg5_init0.1/L3_bd16_seed10090
[2026-04-27 16:43:48,320][__main__][INFO] - Loading dataset: breast
[2026-04-27 16:43:49,829][__main__][INFO] -   Samples: train=398, val=85, test=86
[2026-04-27 16:43:49,829][__main__][INFO] -   Features: 31 (including bias), Task: classification
[2026-04-27 16:43:49,829][__main__][INFO] -   Device: cuda
[2026-04-27 16:43:49,829][__main__][INFO] - Creating model: CPDATypeI
Starting Ensemble Fit: 20 epochs
Models: [(1, 1), (2, 2), (3, 3)]
Total nodes: 6
Validation: Using separate validation set
Early stopping: patience=10, min_delta=0.001
Init    | Train: loss: 0.86144 | quality: 0.52764
        | Val:   loss: 0.75137 | quality: 0.55294

Epoch 1 | Train: loss: 0.14194 | quality: 0.97487
        | Val:   loss: 0.17441 | quality: 0.94118
 *
Epoch 2 | Train: loss: 0.02994 | quality: 0.99749
        | Val:   loss: 0.10304 | quality: 0.95294
 *
Epoch 3 | Train: loss: 0.00338 | quality: 1.00000
        | Val:   loss: 0.17437 | quality: 0.92941

Epoch 4 | Train: loss: 0.00017 | quality: 1.00000
        | Val:   loss: 0.27219 | quality: 0.92941

Epoch 5 | Train: loss: 0.05326 | quality: 0.99749
        | Val:   loss: 0.36828 | quality: 0.94118

Epoch 6 | Train: loss: 6823173786262290489424357291232603570148737024.00000 | quality: 0.45477
        | Val:   loss: 5576120120284217437576425534916907999564922880.00000 | quality: 0.52941

Epoch 7 | Train: loss: 140517252595693276349068691145513059501019918000284736509403127463324209417862053102731356618695400744627927484406995942094596398411460984700928.00000 | quality: 0.87437
        | Val:   loss: 24090156091097757861855642986948246091731339168624971047567651406108240059292198716600028109943082212145479712939256406612556795161904997728256.00000 | quality: 0.87059


✗ Singular matrix at epoch 8 - stopping training
[2026-04-27 16:43:50,291][__main__][INFO] - Results saved to: /home/nicci/GTN/outputs/ntn/breast/CPDATypeI_rg5_init0.1/L3_bd16_seed10090/results.json
[2026-04-27 16:43:50,291][__main__][WARNING] - ✗ Training failed (singular matrix)
[2026-04-27 16:43:50,292][HYDRA] 	#7 : model.L=3 model.bond_dim=16 seed=32874 trainer.ridge=5 trainer.ridge_decay=0.25 trainer.ridge_min=0.0001 +experiment=cpda_ntn_sweep model=cpda_typei dataset=breast
[2026-04-27 16:43:50,405][__main__][INFO] - Configuration:
model:
  name: CPDATypeI
  L: 3
  bond_dim: 16
  output_site: null
  init_strength: 0.1
dataset:
  name: breast
  task: classification
  cap: 50
  size: small
  batch_size: 256
slurm:
  partition: titans
  time: '12:00:00'
  mem: 2gb
  gpu_arch: Ampere
  cpus: 1
  gpu: 1
hpc:
  queue: gpuv100
  time: '12:00'
  mem: 500MB
  cpus: 4
  gpu: 1
trainer:
  type: ntn
  n_epochs: 20
  ridge: 5
  ridge_decay: 0.25
  ridge_min: 0.0001
  adaptive_ridge: false
  patience: 10
  min_delta: 0.001
  train_selection: true
seed: 32874
experiment_name: ${model.name}_${dataset.name}_${trainer.type}_rg${trainer.ridge}_init${model.init_strength}
skip_completed: true
update_tracking: false

[2026-04-27 16:43:50,406][__main__][INFO] - Output directory: /home/nicci/GTN/outputs/ntn/breast/CPDATypeI_rg5_init0.1/L3_bd16_seed32874
[2026-04-27 16:43:50,406][__main__][INFO] - Loading dataset: breast
[2026-04-27 16:43:52,229][__main__][INFO] -   Samples: train=398, val=85, test=86
[2026-04-27 16:43:52,229][__main__][INFO] -   Features: 31 (including bias), Task: classification
[2026-04-27 16:43:52,229][__main__][INFO] -   Device: cuda
[2026-04-27 16:43:52,229][__main__][INFO] - Creating model: CPDATypeI
Starting Ensemble Fit: 20 epochs
Models: [(1, 1), (2, 2), (3, 3)]
Total nodes: 6
Validation: Using separate validation set
Early stopping: patience=10, min_delta=0.001
Init    | Train: loss: 1.84210 | quality: 0.51759
        | Val:   loss: 1.92451 | quality: 0.50588

Epoch 1 | Train: loss: 0.14216 | quality: 0.96734
        | Val:   loss: 0.13790 | quality: 0.94118
 *
Epoch 2 | Train: loss: 0.06418 | quality: 0.99497
        | Val:   loss: 0.10773 | quality: 0.92941

Epoch 3 | Train: loss: 0.01232 | quality: 1.00000
        | Val:   loss: 0.09535 | quality: 0.95294
 *
Epoch 4 | Train: loss: 0.00138 | quality: 1.00000
        | Val:   loss: 0.16501 | quality: 0.95294

Epoch 5 | Train: loss: 0.00005 | quality: 1.00000
        | Val:   loss: 0.32216 | quality: 0.95294

Epoch 6 | Train: loss: 0.00000 | quality: 1.00000
        | Val:   loss: 0.45742 | quality: 0.95294

Epoch 7 | Train: loss: 0.00000 | quality: 1.00000
        | Val:   loss: 0.57718 | quality: 0.95294

Epoch 8 | Train: loss: 0.00000 | quality: 1.00000
        | Val:   loss: 0.90135 | quality: 0.95294

Epoch 9 | Train: loss: 1878339825249558899178977884415657269821124893147660288.00000 | quality: 0.45729
        | Val:   loss: 1553925241258042529763079258681749889764118286657650688.00000 | quality: 0.42353

Epoch 10 | Train: loss: 619072627626054318136881261295986787657080955432493390436997421086534825515033100957869421030076046220413425600469715318849807707502056874416784468133005093086892692598893413334889599951021710613705369996341349639355665225629666997176798055587856413032144433053696.00000 | quality: 0.26131
        | Val:   loss: 1108228664697169334076721215857983319257811553669366258709348310739712181328722545166579892874166204054702983355827959057115943075844804384029310629388568384549393597885028900342623769328560524125462284831240368896848686655390527063900644364076268433473831195115520.00000 | quality: 0.27059


✗ Singular matrix at epoch 11 - stopping training
[2026-04-27 16:43:52,856][__main__][INFO] - Results saved to: /home/nicci/GTN/outputs/ntn/breast/CPDATypeI_rg5_init0.1/L3_bd16_seed32874/results.json
[2026-04-27 16:43:52,856][__main__][WARNING] - ✗ Training failed (singular matrix)
[2026-04-27 16:43:52,857][HYDRA] 	#8 : model.L=3 model.bond_dim=16 seed=47311 trainer.ridge=5 trainer.ridge_decay=0.25 trainer.ridge_min=0.0001 +experiment=cpda_ntn_sweep model=cpda_typei dataset=breast
[2026-04-27 16:43:52,975][__main__][INFO] - Configuration:
model:
  name: CPDATypeI
  L: 3
  bond_dim: 16
  output_site: null
  init_strength: 0.1
dataset:
  name: breast
  task: classification
  cap: 50
  size: small
  batch_size: 256
slurm:
  partition: titans
  time: '12:00:00'
  mem: 2gb
  gpu_arch: Ampere
  cpus: 1
  gpu: 1
hpc:
  queue: gpuv100
  time: '12:00'
  mem: 500MB
  cpus: 4
  gpu: 1
trainer:
  type: ntn
  n_epochs: 20
  ridge: 5
  ridge_decay: 0.25
  ridge_min: 0.0001
  adaptive_ridge: false
  patience: 10
  min_delta: 0.001
  train_selection: true
seed: 47311
experiment_name: ${model.name}_${dataset.name}_${trainer.type}_rg${trainer.ridge}_init${model.init_strength}
skip_completed: true
update_tracking: false

[2026-04-27 16:43:52,976][__main__][INFO] - Output directory: /home/nicci/GTN/outputs/ntn/breast/CPDATypeI_rg5_init0.1/L3_bd16_seed47311
[2026-04-27 16:43:52,976][__main__][INFO] - Loading dataset: breast
[2026-04-27 16:43:54,675][__main__][INFO] -   Samples: train=398, val=85, test=86
[2026-04-27 16:43:54,675][__main__][INFO] -   Features: 31 (including bias), Task: classification
[2026-04-27 16:43:54,675][__main__][INFO] -   Device: cuda
[2026-04-27 16:43:54,676][__main__][INFO] - Creating model: CPDATypeI
Starting Ensemble Fit: 20 epochs
Models: [(1, 1), (2, 2), (3, 3)]
Total nodes: 6
Validation: Using separate validation set
Early stopping: patience=10, min_delta=0.001
Init    | Train: loss: 1.51961 | quality: 0.38945
        | Val:   loss: 2.39069 | quality: 0.31765

Epoch 1 | Train: loss: 0.20732 | quality: 0.95980
        | Val:   loss: 0.17051 | quality: 0.95294
 *
Epoch 2 | Train: loss: 0.06800 | quality: 0.99246
        | Val:   loss: 0.12811 | quality: 0.95294
 *
Epoch 3 | Train: loss: 0.01207 | quality: 1.00000
        | Val:   loss: 0.11043 | quality: 0.95294
 *
Epoch 4 | Train: loss: 0.00066 | quality: 1.00000
        | Val:   loss: 0.20677 | quality: 0.94118

Epoch 5 | Train: loss: 0.00003 | quality: 1.00000
        | Val:   loss: 0.34327 | quality: 0.94118

Epoch 6 | Train: loss: 0.00000 | quality: 1.00000
        | Val:   loss: 0.49652 | quality: 0.94118

Epoch 7 | Train: loss: 0.00000 | quality: 1.00000
        | Val:   loss: 0.64300 | quality: 0.94118

Epoch 8 | Train: loss: 0.00000 | quality: 1.00000
        | Val:   loss: 0.84009 | quality: 0.95294

Epoch 9 | Train: loss: 706148786812.64954 | quality: 0.56533
        | Val:   loss: 683078058662.39075 | quality: 0.62353

Epoch 10 | Train: loss: 756536939779822191641332277654058388469449683728478533791752230782211269359579018729357312.00000 | quality: 0.50503
        | Val:   loss: 556283042960233533195131213387138418839788896737302622191663098562188419253718525205807104.00000 | quality: 0.52941

Epoch 11 | Train: loss: nan | quality: 0.84925
        | Val:   loss: nan | quality: 0.85882


✗ Singular matrix at epoch 12 - stopping training
[2026-04-27 16:43:55,322][__main__][INFO] - Results saved to: /home/nicci/GTN/outputs/ntn/breast/CPDATypeI_rg5_init0.1/L3_bd16_seed47311/results.json
[2026-04-27 16:43:55,322][__main__][WARNING] - ✗ Training failed (singular matrix)
[2026-04-27 16:43:55,323][HYDRA] 	#9 : model.L=3 model.bond_dim=16 seed=47303 trainer.ridge=5 trainer.ridge_decay=0.25 trainer.ridge_min=0.0001 +experiment=cpda_ntn_sweep model=cpda_typei dataset=breast
[2026-04-27 16:43:55,439][__main__][INFO] - Configuration:
model:
  name: CPDATypeI
  L: 3
  bond_dim: 16
  output_site: null
  init_strength: 0.1
dataset:
  name: breast
  task: classification
  cap: 50
  size: small
  batch_size: 256
slurm:
  partition: titans
  time: '12:00:00'
  mem: 2gb
  gpu_arch: Ampere
  cpus: 1
  gpu: 1
hpc:
  queue: gpuv100
  time: '12:00'
  mem: 500MB
  cpus: 4
  gpu: 1
trainer:
  type: ntn
  n_epochs: 20
  ridge: 5
  ridge_decay: 0.25
  ridge_min: 0.0001
  adaptive_ridge: false
  patience: 10
  min_delta: 0.001
  train_selection: true
seed: 47303
experiment_name: ${model.name}_${dataset.name}_${trainer.type}_rg${trainer.ridge}_init${model.init_strength}
skip_completed: true
update_tracking: false

[2026-04-27 16:43:55,439][__main__][INFO] - Output directory: /home/nicci/GTN/outputs/ntn/breast/CPDATypeI_rg5_init0.1/L3_bd16_seed47303
[2026-04-27 16:43:55,440][__main__][INFO] - Loading dataset: breast
[2026-04-27 16:43:57,486][__main__][INFO] -   Samples: train=398, val=85, test=86
[2026-04-27 16:43:57,487][__main__][INFO] -   Features: 31 (including bias), Task: classification
[2026-04-27 16:43:57,487][__main__][INFO] -   Device: cuda
[2026-04-27 16:43:57,487][__main__][INFO] - Creating model: CPDATypeI
Starting Ensemble Fit: 20 epochs
Models: [(1, 1), (2, 2), (3, 3)]
Total nodes: 6
Validation: Using separate validation set
Early stopping: patience=10, min_delta=0.001
Init    | Train: loss: 0.82789 | quality: 0.56533
        | Val:   loss: 1.04558 | quality: 0.51765

Epoch 1 | Train: loss: 0.14264 | quality: 0.96482
        | Val:   loss: 0.17159 | quality: 0.95294
 *
Epoch 2 | Train: loss: 0.03344 | quality: 0.99497
        | Val:   loss: 0.12201 | quality: 0.95294
 *
Epoch 3 | Train: loss: 0.00555 | quality: 1.00000
        | Val:   loss: 0.15729 | quality: 0.94118

Epoch 4 | Train: loss: 0.00291 | quality: 0.99749
        | Val:   loss: 0.22665 | quality: 0.95294
 *
Epoch 5 | Train: loss: 0.00330 | quality: 1.00000
        | Val:   loss: 0.22734 | quality: 0.95294
 *
Epoch 6 | Train: loss: 0.00007 | quality: 1.00000
        | Val:   loss: 0.43665 | quality: 0.95294

Epoch 7 | Train: loss: 183394966917655235740323529830434447311265068698548069827688845200945770719458773257341083600424646213043934103629684083375688753767644743848612835804419643184221385788489728.00000 | quality: 0.69095
        | Val:   loss: 176914263629068964003745088227412771290728936583694162868077848139109597694301603475553197961956611800499935086442732903008719747612983487329421092474686265062138798422360064.00000 | quality: 0.65882


✗ Singular matrix at epoch 8 - stopping training
[2026-04-27 16:43:57,952][__main__][INFO] - Results saved to: /home/nicci/GTN/outputs/ntn/breast/CPDATypeI_rg5_init0.1/L3_bd16_seed47303/results.json
[2026-04-27 16:43:57,952][__main__][WARNING] - ✗ Training failed (singular matrix)
[2026-04-27 16:43:57,953][HYDRA] 	#10 : model.L=3 model.bond_dim=32 seed=42 trainer.ridge=5 trainer.ridge_decay=0.25 trainer.ridge_min=0.0001 +experiment=cpda_ntn_sweep model=cpda_typei dataset=breast
[2026-04-27 16:43:58,068][__main__][INFO] - Configuration:
model:
  name: CPDATypeI
  L: 3
  bond_dim: 32
  output_site: null
  init_strength: 0.1
dataset:
  name: breast
  task: classification
  cap: 50
  size: small
  batch_size: 256
slurm:
  partition: titans
  time: '12:00:00'
  mem: 2gb
  gpu_arch: Ampere
  cpus: 1
  gpu: 1
hpc:
  queue: gpuv100
  time: '12:00'
  mem: 500MB
  cpus: 4
  gpu: 1
trainer:
  type: ntn
  n_epochs: 20
  ridge: 5
  ridge_decay: 0.25
  ridge_min: 0.0001
  adaptive_ridge: false
  patience: 10
  min_delta: 0.001
  train_selection: true
seed: 42
experiment_name: ${model.name}_${dataset.name}_${trainer.type}_rg${trainer.ridge}_init${model.init_strength}
skip_completed: true
update_tracking: false

[2026-04-27 16:43:58,068][__main__][INFO] - Output directory: /home/nicci/GTN/outputs/ntn/breast/CPDATypeI_rg5_init0.1/L3_bd32_seed42
[2026-04-27 16:43:58,069][__main__][INFO] - Loading dataset: breast
[2026-04-27 16:43:59,711][__main__][INFO] -   Samples: train=398, val=85, test=86
[2026-04-27 16:43:59,711][__main__][INFO] -   Features: 31 (including bias), Task: classification
[2026-04-27 16:43:59,711][__main__][INFO] -   Device: cuda
[2026-04-27 16:43:59,711][__main__][INFO] - Creating model: CPDATypeI
Starting Ensemble Fit: 20 epochs
Models: [(1, 1), (2, 2), (3, 3)]
Total nodes: 6
Validation: Using separate validation set
Early stopping: patience=10, min_delta=0.001
Init    | Train: loss: 2.50072 | quality: 0.55528
        | Val:   loss: 2.05874 | quality: 0.52941

Epoch 1 | Train: loss: 2423.04617 | quality: 0.41457
        | Val:   loss: 2489.19431 | quality: 0.34118

Epoch 2 | Train: loss: 41433229919473334876020949852882606799763282704990208.00000 | quality: 0.40201
        | Val:   loss: 28155973960958463421972916386315751317167834822344704.00000 | quality: 0.38824

Epoch 3 | Train: loss: 79869403218334090008030166548437271050630152163149282778799042199552.00000 | quality: 0.52261
        | Val:   loss: 59433252951630790142350559974354414537472099035027981031702108569600.00000 | quality: 0.50588

Epoch 4 | Train: loss: 46838753667547216214398628191339525747869717187265545592604911962620993955977890890642112827655017661519022049997631941808176995805779074960623537025587673531874111016010857882823220457778773871453315597917793611838276865591514655688077060494769081433131394102508753537787595432587394522958027827126992896.00000 | quality: 0.66332
        | Val:   loss: 13176462468041983222376442119452493501683698195718970611600733084270615601812563375691419553008771215824897096755977366518868166452415113398357233274937004684837025067029895741997710338919632938868487154436863654094484662144221533895738939156230481907344524337831114156364069447271134588665911276900188160.00000 | quality: 0.64706
 *

✗ Singular matrix at epoch 5 - stopping training
[2026-04-27 16:44:00,230][__main__][INFO] - Results saved to: /home/nicci/GTN/outputs/ntn/breast/CPDATypeI_rg5_init0.1/L3_bd32_seed42/results.json
[2026-04-27 16:44:00,230][__main__][WARNING] - ✗ Training failed (singular matrix)
[2026-04-27 16:44:00,231][HYDRA] 	#11 : model.L=3 model.bond_dim=32 seed=10090 trainer.ridge=5 trainer.ridge_decay=0.25 trainer.ridge_min=0.0001 +experiment=cpda_ntn_sweep model=cpda_typei dataset=breast
[2026-04-27 16:44:00,346][__main__][INFO] - Configuration:
model:
  name: CPDATypeI
  L: 3
  bond_dim: 32
  output_site: null
  init_strength: 0.1
dataset:
  name: breast
  task: classification
  cap: 50
  size: small
  batch_size: 256
slurm:
  partition: titans
  time: '12:00:00'
  mem: 2gb
  gpu_arch: Ampere
  cpus: 1
  gpu: 1
hpc:
  queue: gpuv100
  time: '12:00'
  mem: 500MB
  cpus: 4
  gpu: 1
trainer:
  type: ntn
  n_epochs: 20
  ridge: 5
  ridge_decay: 0.25
  ridge_min: 0.0001
  adaptive_ridge: false
  patience: 10
  min_delta: 0.001
  train_selection: true
seed: 10090
experiment_name: ${model.name}_${dataset.name}_${trainer.type}_rg${trainer.ridge}_init${model.init_strength}
skip_completed: true
update_tracking: false

[2026-04-27 16:44:00,346][__main__][INFO] - Output directory: /home/nicci/GTN/outputs/ntn/breast/CPDATypeI_rg5_init0.1/L3_bd32_seed10090
[2026-04-27 16:44:00,347][__main__][INFO] - Loading dataset: breast
[2026-04-27 16:44:02,058][__main__][INFO] -   Samples: train=398, val=85, test=86
[2026-04-27 16:44:02,059][__main__][INFO] -   Features: 31 (including bias), Task: classification
[2026-04-27 16:44:02,059][__main__][INFO] -   Device: cuda
[2026-04-27 16:44:02,059][__main__][INFO] - Creating model: CPDATypeI
