Error executing job with overrides: ['model.reduction_factor=0.3', 'model.L=4', 'model.bond_dim=8', 'seed=47303', 'trainer.ridge=5', 'trainer.ridge_decay=0.25', 'trainer.ridge_min=0.0001', '+experiment=uci_ntn_sweep', 'model=lmpo2_typei', 'dataset=wine']
Traceback (most recent call last):
  File "/home/nicci/GTN/model/base/NTN.py", line 488, in cholesky_solve_helper
    x = lib.cholesky_solve(b, L)
        ^^^^^^^^^^^^^^^^^^^^^^^^
torch.OutOfMemoryError: CUDA out of memory. Tried to allocate 86.00 MiB. GPU 0 has a total capacity of 23.55 GiB of which 81.38 MiB is free. Including non-PyTorch memory, this process has 23.46 GiB memory in use. Of the allocated memory 22.99 GiB is allocated by PyTorch, and 193.70 MiB is reserved by PyTorch but unallocated. If reserved but unallocated memory is large try setting PYTORCH_CUDA_ALLOC_CONF=expandable_segments:True to avoid fragmentation.  See documentation for Memory Management  (https://pytorch.org/docs/stable/notes/cuda.html#environment-variables)

During handling of the above exception, another exception occurred:

Traceback (most recent call last):
  File "/home/nicci/GTN/run.py", line 542, in main
    result = run_ntn(cfg, model, data, output_dir)
             ^^^^^^^^^^^^^^^^^^^^^^^^^^^^^^^^^^^^^
  File "/home/nicci/GTN/run.py", line 233, in run_ntn
    scores_train, scores_val = ntn.fit(
                               ^^^^^^^^
  File "/home/nicci/GTN/model/base/NTN_Ensemble.py", line 403, in fit
    ntn.update_tn_node(
  File "/home/nicci/GTN/model/base/NTN.py", line 799, in update_tn_node
    delta_tensor = self._get_node_update(
                   ^^^^^^^^^^^^^^^^^^^^^^
  File "/home/nicci/GTN/model/base/NTN.py", line 681, in _get_node_update
    tensor_node_data = self.solve_linear_system(matrix_data, -gradient_vector)
                       ^^^^^^^^^^^^^^^^^^^^^^^^^^^^^^^^^^^^^^^^^^^^^^^^^^^^^^^
  File "/home/nicci/GTN/model/base/NTN.py", line 542, in solve_linear_system
    result_data = self.cholesky_solve_helper(matrix_data, vector_data, backend_name, lib)
                  ^^^^^^^^^^^^^^^^^^^^^^^^^^^^^^^^^^^^^^^^^^^^^^^^^^^^^^^^^^^^^^^^^^^^^^^
  File "/home/nicci/GTN/model/base/NTN.py", line 492, in cholesky_solve_helper
    lib.linalg.solve(matrix, b).squeeze(-1)
    ^^^^^^^^^^^^^^^^^^^^^^^^^^^
torch.OutOfMemoryError: CUDA out of memory. Tried to allocate 86.00 MiB. GPU 0 has a total capacity of 23.55 GiB of which 81.38 MiB is free. Including non-PyTorch memory, this process has 23.46 GiB memory in use. Of the allocated memory 22.99 GiB is allocated by PyTorch, and 193.70 MiB is reserved by PyTorch but unallocated. If reserved but unallocated memory is large try setting PYTORCH_CUDA_ALLOC_CONF=expandable_segments:True to avoid fragmentation.  See documentation for Memory Management  (https://pytorch.org/docs/stable/notes/cuda.html#environment-variables)

Set the environment variable HYDRA_FULL_ERROR=1 for a complete stack trace.
