Error executing job with overrides: ['model.reduction_factor=0.3', 'model.L=3', 'model.bond_dim=12', 'seed=47311', 'trainer.ridge=5', 'trainer.ridge_decay=0.25', 'trainer.ridge_min=0.0001', '+experiment=uci_ntn_sweep', 'model=lmpo2_typei', 'dataset=hearth']
Traceback (most recent call last):
  File "/home/nicci/GTN/run.py", line 542, in main
    result = run_ntn(cfg, model, data, output_dir)
             ^^^^^^^^^^^^^^^^^^^^^^^^^^^^^^^^^^^^^
  File "/home/nicci/GTN/run.py", line 233, in run_ntn
    scores_train, scores_val = ntn.fit(
                               ^^^^^^^^
  File "/home/nicci/GTN/model/base/NTN_Ensemble.py", line 403, in fit
    ntn.update_tn_node(
  File "/home/nicci/GTN/model/base/NTN.py", line 799, in update_tn_node
    delta_tensor = self._get_node_update(
                   ^^^^^^^^^^^^^^^^^^^^^^
  File "/home/nicci/GTN/model/base/NTN.py", line 631, in _get_node_update
    b, H = self._compute_H_b(node_tag)
           ^^^^^^^^^^^^^^^^^^^^^^^^^^^
  File "/home/nicci/GTN/model/base/NTN.py", line 181, in _compute_H_b
    J, H = self.compute_node_derivatives(
           ^^^^^^^^^^^^^^^^^^^^^^^^^^^^^^
  File "/home/nicci/GTN/model/base/NTN.py", line 125, in compute_node_derivatives
    return self._sum_over_batches(
           ^^^^^^^^^^^^^^^^^^^^^^^
  File "/home/nicci/GTN/model/base/NTN.py", line 98, in _sum_over_batches
    batch_result = batch_operation(*inputs, *args, **kwargs)
                   ^^^^^^^^^^^^^^^^^^^^^^^^^^^^^^^^^^^^^^^^^
  File "/home/nicci/GTN/model/base/NTN_Ensemble.py", line 29, in _batch_node_derivatives
    result = super()._batch_node_derivatives(inputs, y_true, node_tag)
             ^^^^^^^^^^^^^^^^^^^^^^^^^^^^^^^^^^^^^^^^^^^^^^^^^^^^^^^^^
  File "/home/nicci/GTN/model/base/NTN.py", line 173, in _batch_node_derivatives
    node_hess = hess_tn.contract(output_inds=hess_out_inds)
                ^^^^^^^^^^^^^^^^^^^^^^^^^^^^^^^^^^^^^^^^^^^
  File "/home/nicci/.conda/envs/gtn/lib/python3.12/site-packages/quimb/tensor/tensor_core.py", line 8922, in contract
    return tensor_contract(
           ^^^^^^^^^^^^^^^^
  File "/home/nicci/.conda/envs/gtn/lib/python3.12/site-packages/quimb/tensor/tensor_core.py", line 339, in tensor_contract
    data_out = data_out * 10**exponent
               ~~~~~~~~~^~~~~~~~~~~~~~
torch.OutOfMemoryError: CUDA out of memory. Tried to allocate 174.00 MiB. GPU 0 has a total capacity of 15.60 GiB of which 3.31 MiB is free. Including non-PyTorch memory, this process has 15.59 GiB memory in use. Of the allocated memory 15.12 GiB is allocated by PyTorch, and 245.67 MiB is reserved by PyTorch but unallocated. If reserved but unallocated memory is large try setting PYTORCH_CUDA_ALLOC_CONF=expandable_segments:True to avoid fragmentation.  See documentation for Memory Management  (https://pytorch.org/docs/stable/notes/cuda.html#environment-variables)

Set the environment variable HYDRA_FULL_ERROR=1 for a complete stack trace.
