Error executing job with overrides: ['model.L=4', 'model.bond_dim=4', 'seed=42', 'trainer.ridge=5', 'trainer.ridge_decay=0.25', 'trainer.ridge_min=0.0001', '+experiment=uci_ntn_sweep', 'model=mmpo2_typei', 'dataset=breast']
Traceback (most recent call last):
  File "/home/nicci/GTN/run.py", line 542, in main
    result = run_ntn(cfg, model, data, output_dir)
             ^^^^^^^^^^^^^^^^^^^^^^^^^^^^^^^^^^^^^
  File "/home/nicci/GTN/run.py", line 233, in run_ntn
    scores_train, scores_val = ntn.fit(
                               ^^^^^^^^
  File "/home/nicci/GTN/model/base/NTN_Ensemble.py", line 403, in fit
    ntn.update_tn_node(
  File "/home/nicci/GTN/model/base/NTN.py", line 799, in update_tn_node
    delta_tensor = self._get_node_update(
                   ^^^^^^^^^^^^^^^^^^^^^^
  File "/home/nicci/GTN/model/base/NTN.py", line 631, in _get_node_update
    b, H = self._compute_H_b(node_tag)
           ^^^^^^^^^^^^^^^^^^^^^^^^^^^
  File "/home/nicci/GTN/model/base/NTN.py", line 181, in _compute_H_b
    J, H = self.compute_node_derivatives(
           ^^^^^^^^^^^^^^^^^^^^^^^^^^^^^^
  File "/home/nicci/GTN/model/base/NTN.py", line 125, in compute_node_derivatives
    return self._sum_over_batches(
           ^^^^^^^^^^^^^^^^^^^^^^^
  File "/home/nicci/GTN/model/base/NTN.py", line 98, in _sum_over_batches
    batch_result = batch_operation(*inputs, *args, **kwargs)
                   ^^^^^^^^^^^^^^^^^^^^^^^^^^^^^^^^^^^^^^^^^
  File "/home/nicci/GTN/model/base/NTN_Ensemble.py", line 29, in _batch_node_derivatives
    result = super()._batch_node_derivatives(inputs, y_true, node_tag)
             ^^^^^^^^^^^^^^^^^^^^^^^^^^^^^^^^^^^^^^^^^^^^^^^^^^^^^^^^^
  File "/home/nicci/GTN/model/base/NTN.py", line 138, in _batch_node_derivatives
    env = self._batch_environment(
          ^^^^^^^^^^^^^^^^^^^^^^^^
  File "/home/nicci/GTN/model/base/NTN.py", line 353, in _batch_environment
    env_tensor = env_tn.contract(output_inds=final_env_inds)
                 ^^^^^^^^^^^^^^^^^^^^^^^^^^^^^^^^^^^^^^^^^^^
  File "/home/nicci/.conda/envs/gtn/lib/python3.12/site-packages/quimb/tensor/tensor_core.py", line 8922, in contract
    return tensor_contract(
           ^^^^^^^^^^^^^^^^
  File "/home/nicci/.conda/envs/gtn/lib/python3.12/site-packages/quimb/tensor/tensor_core.py", line 319, in tensor_contract
    data_out = array_contract(
               ^^^^^^^^^^^^^^^
  File "/home/nicci/.conda/envs/gtn/lib/python3.12/site-packages/quimb/tensor/contraction.py", line 285, in array_contract
    return ctg.array_contract(
           ^^^^^^^^^^^^^^^^^^^
  File "/home/nicci/.conda/envs/gtn/lib/python3.12/site-packages/cotengra/interface.py", line 864, in array_contract
    return expr(*arrays, backend=backend)
           ^^^^^^^^^^^^^^^^^^^^^^^^^^^^^^
  File "/home/nicci/.conda/envs/gtn/lib/python3.12/site-packages/cotengra/contract.py", line 784, in __call__
    p_array = _tensordot(l_array, r_array, arg)
              ^^^^^^^^^^^^^^^^^^^^^^^^^^^^^^^^^
  File "/home/nicci/.conda/envs/gtn/lib/python3.12/site-packages/autoray/autoray.py", line 2574, in numpy_like
    return fn(a, b, dims=axes)
           ^^^^^^^^^^^^^^^^^^^
  File "/home/nicci/.conda/envs/gtn/lib/python3.12/site-packages/torch/functional.py", line 1355, in tensordot
    return _VF.tensordot(a, b, dims_a, dims_b)  # type: ignore[attr-defined]
           ^^^^^^^^^^^^^^^^^^^^^^^^^^^^^^^^^^^
torch.OutOfMemoryError: CUDA out of memory. Tried to allocate 656.00 MiB. GPU 0 has a total capacity of 15.60 GiB of which 113.31 MiB is free. Including non-PyTorch memory, this process has 15.48 GiB memory in use. Of the allocated memory 14.61 GiB is allocated by PyTorch, and 661.95 MiB is reserved by PyTorch but unallocated. If reserved but unallocated memory is large try setting PYTORCH_CUDA_ALLOC_CONF=expandable_segments:True to avoid fragmentation.  See documentation for Memory Management  (https://pytorch.org/docs/stable/notes/cuda.html#environment-variables)

Set the environment variable HYDRA_FULL_ERROR=1 for a complete stack trace.
