[2026-04-03 22:47:47,545][HYDRA] Launching 40 jobs locally
[2026-04-03 22:47:47,546][HYDRA] 	#0 : model.L=3 model.bond_dim=8 seed=42 trainer.ridge=5 trainer.ridge_decay=0.25 trainer.ridge_min=0.0001 +experiment=cpda_ntn_sweep model=cpda dataset=bike
[2026-04-03 22:47:47,664][__main__][INFO] - Configuration:
model:
  name: CPDA
  L: 3
  bond_dim: 8
  output_site: null
  init_strength: 0.1
dataset:
  name: bike
  task: regression
  cap: 50
  size: medium
  batch_size: 256
slurm:
  partition: titans
  time: '12:00:00'
  mem: 2gb
  gpu_arch: Ampere
  cpus: 1
  gpu: 1
hpc:
  queue: gpuv100
  time: '12:00'
  mem: 500MB
  cpus: 4
  gpu: 1
trainer:
  type: ntn
  n_epochs: 20
  ridge: 5
  ridge_decay: 0.25
  ridge_min: 0.0001
  adaptive_ridge: false
  patience: 10
  min_delta: 0.001
  train_selection: true
seed: 42
experiment_name: ${model.name}_${dataset.name}_${trainer.type}_rg${trainer.ridge}_init${model.init_strength}
skip_completed: true
update_tracking: false

[2026-04-03 22:47:47,675][__main__][INFO] - Output directory: /zhome/6b/e/212868/GTN/outputs/ntn/bike/CPDA_rg5_init0.1/L3_bd8_seed42
[2026-04-03 22:47:47,771][utils.tracking][INFO] - Loaded 14327 tracked runs from runs_tracking.csv
[2026-04-03 22:47:47,774][__main__][INFO] - Loading dataset: bike
[2026-04-03 22:47:49,961][__main__][INFO] -   Samples: train=12165, val=2607, test=2607
[2026-04-03 22:47:49,962][__main__][INFO] -   Features: 13 (including bias), Task: regression
[2026-04-03 22:47:49,962][__main__][INFO] -   Device: cuda
[2026-04-03 22:47:49,962][__main__][INFO] - Creating model: CPDA
Starting Fit: 20 epochs.
Sweep Order: ['Node0', 'Node1', 'Node2', 'Node1']
Validation: Using separate validation set for best model selection
Early stopping: patience=10, min_delta=0.001
Init    | Train: loss: 141176.67360 | quality: -3.22053
        | Val:   loss: 141700.33476 | quality: -3.37719
[2026-04-03 22:47:50,461][HYDRA] 	#1 : model.L=3 model.bond_dim=8 seed=10090 trainer.ridge=5 trainer.ridge_decay=0.25 trainer.ridge_min=0.0001 +experiment=cpda_ntn_sweep model=cpda dataset=bike
[2026-04-03 22:47:50,583][__main__][INFO] - Configuration:
model:
  name: CPDA
  L: 3
  bond_dim: 8
  output_site: null
  init_strength: 0.1
dataset:
  name: bike
  task: regression
  cap: 50
  size: medium
  batch_size: 256
slurm:
  partition: titans
  time: '12:00:00'
  mem: 2gb
  gpu_arch: Ampere
  cpus: 1
  gpu: 1
hpc:
  queue: gpuv100
  time: '12:00'
  mem: 500MB
  cpus: 4
  gpu: 1
trainer:
  type: ntn
  n_epochs: 20
  ridge: 5
  ridge_decay: 0.25
  ridge_min: 0.0001
  adaptive_ridge: false
  patience: 10
  min_delta: 0.001
  train_selection: true
seed: 10090
experiment_name: ${model.name}_${dataset.name}_${trainer.type}_rg${trainer.ridge}_init${model.init_strength}
skip_completed: true
update_tracking: false

[2026-04-03 22:47:50,585][__main__][INFO] - Output directory: /zhome/6b/e/212868/GTN/outputs/ntn/bike/CPDA_rg5_init0.1/L3_bd8_seed10090
[2026-04-03 22:47:50,586][__main__][INFO] - Loading dataset: bike
[2026-04-03 22:47:52,629][__main__][INFO] -   Samples: train=12165, val=2607, test=2607
[2026-04-03 22:47:52,629][__main__][INFO] -   Features: 13 (including bias), Task: regression
[2026-04-03 22:47:52,629][__main__][INFO] -   Device: cuda
[2026-04-03 22:47:52,629][__main__][INFO] - Creating model: CPDA
Starting Fit: 20 epochs.
Sweep Order: ['Node0', 'Node1', 'Node2', 'Node1']
Validation: Using separate validation set for best model selection
Early stopping: patience=10, min_delta=0.001
Init    | Train: loss: 91028.16451 | quality: -1.72132
        | Val:   loss: 86247.37032 | quality: -1.66422
[2026-04-03 22:47:52,731][HYDRA] 	#2 : model.L=3 model.bond_dim=8 seed=32874 trainer.ridge=5 trainer.ridge_decay=0.25 trainer.ridge_min=0.0001 +experiment=cpda_ntn_sweep model=cpda dataset=bike
[2026-04-03 22:47:52,852][__main__][INFO] - Configuration:
model:
  name: CPDA
  L: 3
  bond_dim: 8
  output_site: null
  init_strength: 0.1
dataset:
  name: bike
  task: regression
  cap: 50
  size: medium
  batch_size: 256
slurm:
  partition: titans
  time: '12:00:00'
  mem: 2gb
  gpu_arch: Ampere
  cpus: 1
  gpu: 1
hpc:
  queue: gpuv100
  time: '12:00'
  mem: 500MB
  cpus: 4
  gpu: 1
trainer:
  type: ntn
  n_epochs: 20
  ridge: 5
  ridge_decay: 0.25
  ridge_min: 0.0001
  adaptive_ridge: false
  patience: 10
  min_delta: 0.001
  train_selection: true
seed: 32874
experiment_name: ${model.name}_${dataset.name}_${trainer.type}_rg${trainer.ridge}_init${model.init_strength}
skip_completed: true
update_tracking: false

[2026-04-03 22:47:52,855][__main__][INFO] - Output directory: /zhome/6b/e/212868/GTN/outputs/ntn/bike/CPDA_rg5_init0.1/L3_bd8_seed32874
[2026-04-03 22:47:52,855][__main__][INFO] - Loading dataset: bike
[2026-04-03 22:47:54,839][__main__][INFO] -   Samples: train=12165, val=2607, test=2607
[2026-04-03 22:47:54,840][__main__][INFO] -   Features: 13 (including bias), Task: regression
[2026-04-03 22:47:54,840][__main__][INFO] -   Device: cuda
[2026-04-03 22:47:54,840][__main__][INFO] - Creating model: CPDA
Starting Fit: 20 epochs.
Sweep Order: ['Node0', 'Node1', 'Node2', 'Node1']
Validation: Using separate validation set for best model selection
Early stopping: patience=10, min_delta=0.001
Init    | Train: loss: 99469.55854 | quality: -1.97368
        | Val:   loss: 91346.98055 | quality: -1.82175
[2026-04-03 22:47:54,942][HYDRA] 	#3 : model.L=3 model.bond_dim=8 seed=47311 trainer.ridge=5 trainer.ridge_decay=0.25 trainer.ridge_min=0.0001 +experiment=cpda_ntn_sweep model=cpda dataset=bike
[2026-04-03 22:47:55,065][__main__][INFO] - Configuration:
model:
  name: CPDA
  L: 3
  bond_dim: 8
  output_site: null
  init_strength: 0.1
dataset:
  name: bike
  task: regression
  cap: 50
  size: medium
  batch_size: 256
slurm:
  partition: titans
  time: '12:00:00'
  mem: 2gb
  gpu_arch: Ampere
  cpus: 1
  gpu: 1
hpc:
  queue: gpuv100
  time: '12:00'
  mem: 500MB
  cpus: 4
  gpu: 1
trainer:
  type: ntn
  n_epochs: 20
  ridge: 5
  ridge_decay: 0.25
  ridge_min: 0.0001
  adaptive_ridge: false
  patience: 10
  min_delta: 0.001
  train_selection: true
seed: 47311
experiment_name: ${model.name}_${dataset.name}_${trainer.type}_rg${trainer.ridge}_init${model.init_strength}
skip_completed: true
update_tracking: false

[2026-04-03 22:47:55,068][__main__][INFO] - Output directory: /zhome/6b/e/212868/GTN/outputs/ntn/bike/CPDA_rg5_init0.1/L3_bd8_seed47311
[2026-04-03 22:47:55,068][__main__][INFO] - Loading dataset: bike
[2026-04-03 22:47:57,112][__main__][INFO] -   Samples: train=12165, val=2607, test=2607
[2026-04-03 22:47:57,112][__main__][INFO] -   Features: 13 (including bias), Task: regression
[2026-04-03 22:47:57,112][__main__][INFO] -   Device: cuda
[2026-04-03 22:47:57,112][__main__][INFO] - Creating model: CPDA
Starting Fit: 20 epochs.
Sweep Order: ['Node0', 'Node1', 'Node2', 'Node1']
Validation: Using separate validation set for best model selection
Early stopping: patience=10, min_delta=0.001
Init    | Train: loss: 84784.65480 | quality: -1.53467
        | Val:   loss: 84241.28051 | quality: -1.60225
[2026-04-03 22:47:57,213][HYDRA] 	#4 : model.L=3 model.bond_dim=8 seed=47303 trainer.ridge=5 trainer.ridge_decay=0.25 trainer.ridge_min=0.0001 +experiment=cpda_ntn_sweep model=cpda dataset=bike
[2026-04-03 22:47:57,352][__main__][INFO] - Configuration:
model:
  name: CPDA
  L: 3
  bond_dim: 8
  output_site: null
  init_strength: 0.1
dataset:
  name: bike
  task: regression
  cap: 50
  size: medium
  batch_size: 256
slurm:
  partition: titans
  time: '12:00:00'
  mem: 2gb
  gpu_arch: Ampere
  cpus: 1
  gpu: 1
hpc:
  queue: gpuv100
  time: '12:00'
  mem: 500MB
  cpus: 4
  gpu: 1
trainer:
  type: ntn
  n_epochs: 20
  ridge: 5
  ridge_decay: 0.25
  ridge_min: 0.0001
  adaptive_ridge: false
  patience: 10
  min_delta: 0.001
  train_selection: true
seed: 47303
experiment_name: ${model.name}_${dataset.name}_${trainer.type}_rg${trainer.ridge}_init${model.init_strength}
skip_completed: true
update_tracking: false

[2026-04-03 22:47:57,355][__main__][INFO] - Output directory: /zhome/6b/e/212868/GTN/outputs/ntn/bike/CPDA_rg5_init0.1/L3_bd8_seed47303
[2026-04-03 22:47:57,356][__main__][INFO] - Loading dataset: bike
[2026-04-03 22:48:00,361][__main__][INFO] -   Samples: train=12165, val=2607, test=2607
[2026-04-03 22:48:00,362][__main__][INFO] -   Features: 13 (including bias), Task: regression
[2026-04-03 22:48:00,362][__main__][INFO] -   Device: cuda
[2026-04-03 22:48:00,362][__main__][INFO] - Creating model: CPDA
Starting Fit: 20 epochs.
Sweep Order: ['Node0', 'Node1', 'Node2', 'Node1']
Validation: Using separate validation set for best model selection
Early stopping: patience=10, min_delta=0.001
Init    | Train: loss: 130407.50186 | quality: -2.89858
        | Val:   loss: 141548.97628 | quality: -3.37251
[2026-04-03 22:48:00,463][HYDRA] 	#5 : model.L=3 model.bond_dim=16 seed=42 trainer.ridge=5 trainer.ridge_decay=0.25 trainer.ridge_min=0.0001 +experiment=cpda_ntn_sweep model=cpda dataset=bike
[2026-04-03 22:48:00,584][__main__][INFO] - Configuration:
model:
  name: CPDA
  L: 3
  bond_dim: 16
  output_site: null
  init_strength: 0.1
dataset:
  name: bike
  task: regression
  cap: 50
  size: medium
  batch_size: 256
slurm:
  partition: titans
  time: '12:00:00'
  mem: 2gb
  gpu_arch: Ampere
  cpus: 1
  gpu: 1
hpc:
  queue: gpuv100
  time: '12:00'
  mem: 500MB
  cpus: 4
  gpu: 1
trainer:
  type: ntn
  n_epochs: 20
  ridge: 5
  ridge_decay: 0.25
  ridge_min: 0.0001
  adaptive_ridge: false
  patience: 10
  min_delta: 0.001
  train_selection: true
seed: 42
experiment_name: ${model.name}_${dataset.name}_${trainer.type}_rg${trainer.ridge}_init${model.init_strength}
skip_completed: true
update_tracking: false

[2026-04-03 22:48:00,587][__main__][INFO] - Output directory: /zhome/6b/e/212868/GTN/outputs/ntn/bike/CPDA_rg5_init0.1/L3_bd16_seed42
[2026-04-03 22:48:00,587][__main__][INFO] - Loading dataset: bike
[2026-04-03 22:48:02,571][__main__][INFO] -   Samples: train=12165, val=2607, test=2607
[2026-04-03 22:48:02,572][__main__][INFO] -   Features: 13 (including bias), Task: regression
[2026-04-03 22:48:02,572][__main__][INFO] -   Device: cuda
[2026-04-03 22:48:02,572][__main__][INFO] - Creating model: CPDA
Starting Fit: 20 epochs.
Sweep Order: ['Node0', 'Node1', 'Node2', 'Node1']
Validation: Using separate validation set for best model selection
Early stopping: patience=10, min_delta=0.001
Init    | Train: loss: 168518.11042 | quality: -4.03791
        | Val:   loss: 187334.92820 | quality: -4.78686
[2026-04-03 22:48:02,687][HYDRA] 	#6 : model.L=3 model.bond_dim=16 seed=10090 trainer.ridge=5 trainer.ridge_decay=0.25 trainer.ridge_min=0.0001 +experiment=cpda_ntn_sweep model=cpda dataset=bike
[2026-04-03 22:48:02,812][__main__][INFO] - Configuration:
model:
  name: CPDA
  L: 3
  bond_dim: 16
  output_site: null
  init_strength: 0.1
dataset:
  name: bike
  task: regression
  cap: 50
  size: medium
  batch_size: 256
slurm:
  partition: titans
  time: '12:00:00'
  mem: 2gb
  gpu_arch: Ampere
  cpus: 1
  gpu: 1
hpc:
  queue: gpuv100
  time: '12:00'
  mem: 500MB
  cpus: 4
  gpu: 1
trainer:
  type: ntn
  n_epochs: 20
  ridge: 5
  ridge_decay: 0.25
  ridge_min: 0.0001
  adaptive_ridge: false
  patience: 10
  min_delta: 0.001
  train_selection: true
seed: 10090
experiment_name: ${model.name}_${dataset.name}_${trainer.type}_rg${trainer.ridge}_init${model.init_strength}
skip_completed: true
update_tracking: false

[2026-04-03 22:48:02,815][__main__][INFO] - Output directory: /zhome/6b/e/212868/GTN/outputs/ntn/bike/CPDA_rg5_init0.1/L3_bd16_seed10090
[2026-04-03 22:48:02,815][__main__][INFO] - Loading dataset: bike
[2026-04-03 22:48:04,798][__main__][INFO] -   Samples: train=12165, val=2607, test=2607
[2026-04-03 22:48:04,799][__main__][INFO] -   Features: 13 (including bias), Task: regression
[2026-04-03 22:48:04,799][__main__][INFO] -   Device: cuda
[2026-04-03 22:48:04,799][__main__][INFO] - Creating model: CPDA
Starting Fit: 20 epochs.
Sweep Order: ['Node0', 'Node1', 'Node2', 'Node1']
Validation: Using separate validation set for best model selection
Early stopping: patience=10, min_delta=0.001
Init    | Train: loss: 198395.58927 | quality: -4.93111
        | Val:   loss: 217963.25664 | quality: -5.73298
[2026-04-03 22:48:04,911][HYDRA] 	#7 : model.L=3 model.bond_dim=16 seed=32874 trainer.ridge=5 trainer.ridge_decay=0.25 trainer.ridge_min=0.0001 +experiment=cpda_ntn_sweep model=cpda dataset=bike
[2026-04-03 22:48:05,040][__main__][INFO] - Configuration:
model:
  name: CPDA
  L: 3
  bond_dim: 16
  output_site: null
  init_strength: 0.1
dataset:
  name: bike
  task: regression
  cap: 50
  size: medium
  batch_size: 256
slurm:
  partition: titans
  time: '12:00:00'
  mem: 2gb
  gpu_arch: Ampere
  cpus: 1
  gpu: 1
hpc:
  queue: gpuv100
  time: '12:00'
  mem: 500MB
  cpus: 4
  gpu: 1
trainer:
  type: ntn
  n_epochs: 20
  ridge: 5
  ridge_decay: 0.25
  ridge_min: 0.0001
  adaptive_ridge: false
  patience: 10
  min_delta: 0.001
  train_selection: true
seed: 32874
experiment_name: ${model.name}_${dataset.name}_${trainer.type}_rg${trainer.ridge}_init${model.init_strength}
skip_completed: true
update_tracking: false

[2026-04-03 22:48:05,043][__main__][INFO] - Output directory: /zhome/6b/e/212868/GTN/outputs/ntn/bike/CPDA_rg5_init0.1/L3_bd16_seed32874
[2026-04-03 22:48:05,043][__main__][INFO] - Loading dataset: bike
[2026-04-03 22:48:07,026][__main__][INFO] -   Samples: train=12165, val=2607, test=2607
[2026-04-03 22:48:07,027][__main__][INFO] -   Features: 13 (including bias), Task: regression
[2026-04-03 22:48:07,027][__main__][INFO] -   Device: cuda
[2026-04-03 22:48:07,027][__main__][INFO] - Creating model: CPDA
Starting Fit: 20 epochs.
Sweep Order: ['Node0', 'Node1', 'Node2', 'Node1']
Validation: Using separate validation set for best model selection
Early stopping: patience=10, min_delta=0.001
Init    | Train: loss: 143278.91811 | quality: -3.28338
        | Val:   loss: 168710.19690 | quality: -4.21153
[2026-04-03 22:48:07,152][HYDRA] 	#8 : model.L=3 model.bond_dim=16 seed=47311 trainer.ridge=5 trainer.ridge_decay=0.25 trainer.ridge_min=0.0001 +experiment=cpda_ntn_sweep model=cpda dataset=bike
[2026-04-03 22:48:07,275][__main__][INFO] - Configuration:
model:
  name: CPDA
  L: 3
  bond_dim: 16
  output_site: null
  init_strength: 0.1
dataset:
  name: bike
  task: regression
  cap: 50
  size: medium
  batch_size: 256
slurm:
  partition: titans
  time: '12:00:00'
  mem: 2gb
  gpu_arch: Ampere
  cpus: 1
  gpu: 1
hpc:
  queue: gpuv100
  time: '12:00'
  mem: 500MB
  cpus: 4
  gpu: 1
trainer:
  type: ntn
  n_epochs: 20
  ridge: 5
  ridge_decay: 0.25
  ridge_min: 0.0001
  adaptive_ridge: false
  patience: 10
  min_delta: 0.001
  train_selection: true
seed: 47311
experiment_name: ${model.name}_${dataset.name}_${trainer.type}_rg${trainer.ridge}_init${model.init_strength}
skip_completed: true
update_tracking: false

[2026-04-03 22:48:07,278][__main__][INFO] - Output directory: /zhome/6b/e/212868/GTN/outputs/ntn/bike/CPDA_rg5_init0.1/L3_bd16_seed47311
[2026-04-03 22:48:07,279][__main__][INFO] - Loading dataset: bike
[2026-04-03 22:48:09,532][__main__][INFO] -   Samples: train=12165, val=2607, test=2607
[2026-04-03 22:48:09,532][__main__][INFO] -   Features: 13 (including bias), Task: regression
[2026-04-03 22:48:09,532][__main__][INFO] -   Device: cuda
[2026-04-03 22:48:09,533][__main__][INFO] - Creating model: CPDA
Starting Fit: 20 epochs.
Sweep Order: ['Node0', 'Node1', 'Node2', 'Node1']
Validation: Using separate validation set for best model selection
Early stopping: patience=10, min_delta=0.001
Init    | Train: loss: 286799.29694 | quality: -7.57397
        | Val:   loss: 312282.96856 | quality: -8.64656
[2026-04-03 22:48:09,644][HYDRA] 	#9 : model.L=3 model.bond_dim=16 seed=47303 trainer.ridge=5 trainer.ridge_decay=0.25 trainer.ridge_min=0.0001 +experiment=cpda_ntn_sweep model=cpda dataset=bike
[2026-04-03 22:48:09,769][__main__][INFO] - Configuration:
model:
  name: CPDA
  L: 3
  bond_dim: 16
  output_site: null
  init_strength: 0.1
dataset:
  name: bike
  task: regression
  cap: 50
  size: medium
  batch_size: 256
slurm:
  partition: titans
  time: '12:00:00'
  mem: 2gb
  gpu_arch: Ampere
  cpus: 1
  gpu: 1
hpc:
  queue: gpuv100
  time: '12:00'
  mem: 500MB
  cpus: 4
  gpu: 1
trainer:
  type: ntn
  n_epochs: 20
  ridge: 5
  ridge_decay: 0.25
  ridge_min: 0.0001
  adaptive_ridge: false
  patience: 10
  min_delta: 0.001
  train_selection: true
seed: 47303
experiment_name: ${model.name}_${dataset.name}_${trainer.type}_rg${trainer.ridge}_init${model.init_strength}
skip_completed: true
update_tracking: false

[2026-04-03 22:48:09,791][__main__][INFO] - Output directory: /zhome/6b/e/212868/GTN/outputs/ntn/bike/CPDA_rg5_init0.1/L3_bd16_seed47303
[2026-04-03 22:48:09,792][__main__][INFO] - Loading dataset: bike
[2026-04-03 22:48:11,779][__main__][INFO] -   Samples: train=12165, val=2607, test=2607
[2026-04-03 22:48:11,779][__main__][INFO] -   Features: 13 (including bias), Task: regression
[2026-04-03 22:48:11,779][__main__][INFO] -   Device: cuda
[2026-04-03 22:48:11,779][__main__][INFO] - Creating model: CPDA
Starting Fit: 20 epochs.
Sweep Order: ['Node0', 'Node1', 'Node2', 'Node1']
Validation: Using separate validation set for best model selection
Early stopping: patience=10, min_delta=0.001
Init    | Train: loss: 176797.21405 | quality: -4.28542
        | Val:   loss: 182618.28751 | quality: -4.64116
[2026-04-03 22:48:11,890][HYDRA] 	#10 : model.L=3 model.bond_dim=32 seed=42 trainer.ridge=5 trainer.ridge_decay=0.25 trainer.ridge_min=0.0001 +experiment=cpda_ntn_sweep model=cpda dataset=bike
[2026-04-03 22:48:12,012][__main__][INFO] - Configuration:
model:
  name: CPDA
  L: 3
  bond_dim: 32
  output_site: null
  init_strength: 0.1
dataset:
  name: bike
  task: regression
  cap: 50
  size: medium
  batch_size: 256
slurm:
  partition: titans
  time: '12:00:00'
  mem: 2gb
  gpu_arch: Ampere
  cpus: 1
  gpu: 1
hpc:
  queue: gpuv100
  time: '12:00'
  mem: 500MB
  cpus: 4
  gpu: 1
trainer:
  type: ntn
  n_epochs: 20
  ridge: 5
  ridge_decay: 0.25
  ridge_min: 0.0001
  adaptive_ridge: false
  patience: 10
  min_delta: 0.001
  train_selection: true
seed: 42
experiment_name: ${model.name}_${dataset.name}_${trainer.type}_rg${trainer.ridge}_init${model.init_strength}
skip_completed: true
update_tracking: false

[2026-04-03 22:48:12,015][__main__][INFO] - Output directory: /zhome/6b/e/212868/GTN/outputs/ntn/bike/CPDA_rg5_init0.1/L3_bd32_seed42
[2026-04-03 22:48:12,016][__main__][INFO] - Loading dataset: bike
[2026-04-03 22:48:14,017][__main__][INFO] -   Samples: train=12165, val=2607, test=2607
[2026-04-03 22:48:14,018][__main__][INFO] -   Features: 13 (including bias), Task: regression
[2026-04-03 22:48:14,018][__main__][INFO] -   Device: cuda
[2026-04-03 22:48:14,018][__main__][INFO] - Creating model: CPDA
Starting Fit: 20 epochs.
Sweep Order: ['Node0', 'Node1', 'Node2', 'Node1']
Validation: Using separate validation set for best model selection
Early stopping: patience=10, min_delta=0.001
Init    | Train: loss: 197433.74162 | quality: -4.90235
        | Val:   loss: 185285.12056 | quality: -4.72354
[2026-04-03 22:48:14,162][HYDRA] 	#11 : model.L=3 model.bond_dim=32 seed=10090 trainer.ridge=5 trainer.ridge_decay=0.25 trainer.ridge_min=0.0001 +experiment=cpda_ntn_sweep model=cpda dataset=bike
[2026-04-03 22:48:14,284][__main__][INFO] - Configuration:
model:
  name: CPDA
  L: 3
  bond_dim: 32
  output_site: null
  init_strength: 0.1
dataset:
  name: bike
  task: regression
  cap: 50
  size: medium
  batch_size: 256
slurm:
  partition: titans
  time: '12:00:00'
  mem: 2gb
  gpu_arch: Ampere
  cpus: 1
  gpu: 1
hpc:
  queue: gpuv100
  time: '12:00'
  mem: 500MB
  cpus: 4
  gpu: 1
trainer:
  type: ntn
  n_epochs: 20
  ridge: 5
  ridge_decay: 0.25
  ridge_min: 0.0001
  adaptive_ridge: false
  patience: 10
  min_delta: 0.001
  train_selection: true
seed: 10090
experiment_name: ${model.name}_${dataset.name}_${trainer.type}_rg${trainer.ridge}_init${model.init_strength}
skip_completed: true
update_tracking: false

[2026-04-03 22:48:14,287][__main__][INFO] - Output directory: /zhome/6b/e/212868/GTN/outputs/ntn/bike/CPDA_rg5_init0.1/L3_bd32_seed10090
[2026-04-03 22:48:14,288][__main__][INFO] - Loading dataset: bike
[2026-04-03 22:48:16,270][__main__][INFO] -   Samples: train=12165, val=2607, test=2607
[2026-04-03 22:48:16,270][__main__][INFO] -   Features: 13 (including bias), Task: regression
[2026-04-03 22:48:16,270][__main__][INFO] -   Device: cuda
[2026-04-03 22:48:16,270][__main__][INFO] - Creating model: CPDA
Starting Fit: 20 epochs.
Sweep Order: ['Node0', 'Node1', 'Node2', 'Node1']
Validation: Using separate validation set for best model selection
Early stopping: patience=10, min_delta=0.001
Init    | Train: loss: 156267.64351 | quality: -3.67168
        | Val:   loss: 155312.34017 | quality: -3.79767
[2026-04-03 22:48:16,421][HYDRA] 	#12 : model.L=3 model.bond_dim=32 seed=32874 trainer.ridge=5 trainer.ridge_decay=0.25 trainer.ridge_min=0.0001 +experiment=cpda_ntn_sweep model=cpda dataset=bike
[2026-04-03 22:48:16,542][__main__][INFO] - Configuration:
model:
  name: CPDA
  L: 3
  bond_dim: 32
  output_site: null
  init_strength: 0.1
dataset:
  name: bike
  task: regression
  cap: 50
  size: medium
  batch_size: 256
slurm:
  partition: titans
  time: '12:00:00'
  mem: 2gb
  gpu_arch: Ampere
  cpus: 1
  gpu: 1
hpc:
  queue: gpuv100
  time: '12:00'
  mem: 500MB
  cpus: 4
  gpu: 1
trainer:
  type: ntn
  n_epochs: 20
  ridge: 5
  ridge_decay: 0.25
  ridge_min: 0.0001
  adaptive_ridge: false
  patience: 10
  min_delta: 0.001
  train_selection: true
seed: 32874
experiment_name: ${model.name}_${dataset.name}_${trainer.type}_rg${trainer.ridge}_init${model.init_strength}
skip_completed: true
update_tracking: false

[2026-04-03 22:48:16,545][__main__][INFO] - Output directory: /zhome/6b/e/212868/GTN/outputs/ntn/bike/CPDA_rg5_init0.1/L3_bd32_seed32874
[2026-04-03 22:48:16,545][__main__][INFO] - Loading dataset: bike
[2026-04-03 22:48:18,539][__main__][INFO] -   Samples: train=12165, val=2607, test=2607
[2026-04-03 22:48:18,540][__main__][INFO] -   Features: 13 (including bias), Task: regression
[2026-04-03 22:48:18,540][__main__][INFO] -   Device: cuda
[2026-04-03 22:48:18,540][__main__][INFO] - Creating model: CPDA
Starting Fit: 20 epochs.
Sweep Order: ['Node0', 'Node1', 'Node2', 'Node1']
Validation: Using separate validation set for best model selection
Early stopping: patience=10, min_delta=0.001
Init    | Train: loss: 207086.59973 | quality: -5.19093
        | Val:   loss: 206338.94654 | quality: -5.37390
[2026-04-03 22:48:18,680][HYDRA] 	#13 : model.L=3 model.bond_dim=32 seed=47311 trainer.ridge=5 trainer.ridge_decay=0.25 trainer.ridge_min=0.0001 +experiment=cpda_ntn_sweep model=cpda dataset=bike
[2026-04-03 22:48:18,802][__main__][INFO] - Configuration:
model:
  name: CPDA
  L: 3
  bond_dim: 32
  output_site: null
  init_strength: 0.1
dataset:
  name: bike
  task: regression
  cap: 50
  size: medium
  batch_size: 256
slurm:
  partition: titans
  time: '12:00:00'
  mem: 2gb
  gpu_arch: Ampere
  cpus: 1
  gpu: 1
hpc:
  queue: gpuv100
  time: '12:00'
  mem: 500MB
  cpus: 4
  gpu: 1
trainer:
  type: ntn
  n_epochs: 20
  ridge: 5
  ridge_decay: 0.25
  ridge_min: 0.0001
  adaptive_ridge: false
  patience: 10
  min_delta: 0.001
  train_selection: true
seed: 47311
experiment_name: ${model.name}_${dataset.name}_${trainer.type}_rg${trainer.ridge}_init${model.init_strength}
skip_completed: true
update_tracking: false

[2026-04-03 22:48:18,805][__main__][INFO] - Output directory: /zhome/6b/e/212868/GTN/outputs/ntn/bike/CPDA_rg5_init0.1/L3_bd32_seed47311
[2026-04-03 22:48:18,806][__main__][INFO] - Loading dataset: bike
[2026-04-03 22:48:20,957][__main__][INFO] -   Samples: train=12165, val=2607, test=2607
[2026-04-03 22:48:20,958][__main__][INFO] -   Features: 13 (including bias), Task: regression
[2026-04-03 22:48:20,958][__main__][INFO] -   Device: cuda
[2026-04-03 22:48:20,958][__main__][INFO] - Creating model: CPDA
Starting Fit: 20 epochs.
Sweep Order: ['Node0', 'Node1', 'Node2', 'Node1']
Validation: Using separate validation set for best model selection
Early stopping: patience=10, min_delta=0.001
Init    | Train: loss: 226134.19007 | quality: -5.76036
        | Val:   loss: 218413.04860 | quality: -5.74688
[2026-04-03 22:48:21,098][HYDRA] 	#14 : model.L=3 model.bond_dim=32 seed=47303 trainer.ridge=5 trainer.ridge_decay=0.25 trainer.ridge_min=0.0001 +experiment=cpda_ntn_sweep model=cpda dataset=bike
[2026-04-03 22:48:21,220][__main__][INFO] - Configuration:
model:
  name: CPDA
  L: 3
  bond_dim: 32
  output_site: null
  init_strength: 0.1
dataset:
  name: bike
  task: regression
  cap: 50
  size: medium
  batch_size: 256
slurm:
  partition: titans
  time: '12:00:00'
  mem: 2gb
  gpu_arch: Ampere
  cpus: 1
  gpu: 1
hpc:
  queue: gpuv100
  time: '12:00'
  mem: 500MB
  cpus: 4
  gpu: 1
trainer:
  type: ntn
  n_epochs: 20
  ridge: 5
  ridge_decay: 0.25
  ridge_min: 0.0001
  adaptive_ridge: false
  patience: 10
  min_delta: 0.001
  train_selection: true
seed: 47303
experiment_name: ${model.name}_${dataset.name}_${trainer.type}_rg${trainer.ridge}_init${model.init_strength}
skip_completed: true
update_tracking: false

[2026-04-03 22:48:21,223][__main__][INFO] - Output directory: /zhome/6b/e/212868/GTN/outputs/ntn/bike/CPDA_rg5_init0.1/L3_bd32_seed47303
[2026-04-03 22:48:21,224][__main__][INFO] - Loading dataset: bike
[2026-04-03 22:48:23,209][__main__][INFO] -   Samples: train=12165, val=2607, test=2607
[2026-04-03 22:48:23,210][__main__][INFO] -   Features: 13 (including bias), Task: regression
[2026-04-03 22:48:23,210][__main__][INFO] -   Device: cuda
[2026-04-03 22:48:23,210][__main__][INFO] - Creating model: CPDA
Starting Fit: 20 epochs.
Sweep Order: ['Node0', 'Node1', 'Node2', 'Node1']
Validation: Using separate validation set for best model selection
Early stopping: patience=10, min_delta=0.001
Init    | Train: loss: 241726.02859 | quality: -6.22649
        | Val:   loss: 262894.41637 | quality: -7.12092
[2026-04-03 22:48:23,351][HYDRA] 	#15 : model.L=3 model.bond_dim=64 seed=42 trainer.ridge=5 trainer.ridge_decay=0.25 trainer.ridge_min=0.0001 +experiment=cpda_ntn_sweep model=cpda dataset=bike
[2026-04-03 22:48:23,670][__main__][INFO] - Configuration:
model:
  name: CPDA
  L: 3
  bond_dim: 64
  output_site: null
  init_strength: 0.1
dataset:
  name: bike
  task: regression
  cap: 50
  size: medium
  batch_size: 256
slurm:
  partition: titans
  time: '12:00:00'
  mem: 2gb
  gpu_arch: Ampere
  cpus: 1
  gpu: 1
hpc:
  queue: gpuv100
  time: '12:00'
  mem: 500MB
  cpus: 4
  gpu: 1
trainer:
  type: ntn
  n_epochs: 20
  ridge: 5
  ridge_decay: 0.25
  ridge_min: 0.0001
  adaptive_ridge: false
  patience: 10
  min_delta: 0.001
  train_selection: true
seed: 42
experiment_name: ${model.name}_${dataset.name}_${trainer.type}_rg${trainer.ridge}_init${model.init_strength}
skip_completed: true
update_tracking: false

[2026-04-03 22:48:23,673][__main__][INFO] - Output directory: /zhome/6b/e/212868/GTN/outputs/ntn/bike/CPDA_rg5_init0.1/L3_bd64_seed42
[2026-04-03 22:48:23,674][__main__][INFO] - Loading dataset: bike
[2026-04-03 22:48:25,655][__main__][INFO] -   Samples: train=12165, val=2607, test=2607
[2026-04-03 22:48:25,656][__main__][INFO] -   Features: 13 (including bias), Task: regression
[2026-04-03 22:48:25,656][__main__][INFO] -   Device: cuda
[2026-04-03 22:48:25,656][__main__][INFO] - Creating model: CPDA
Starting Fit: 20 epochs.
Sweep Order: ['Node0', 'Node1', 'Node2', 'Node1']
Validation: Using separate validation set for best model selection
Early stopping: patience=10, min_delta=0.001
Init    | Train: loss: 273773.71306 | quality: -7.18457
        | Val:   loss: 289370.55832 | quality: -7.93878
[2026-04-03 22:48:25,849][HYDRA] 	#16 : model.L=3 model.bond_dim=64 seed=10090 trainer.ridge=5 trainer.ridge_decay=0.25 trainer.ridge_min=0.0001 +experiment=cpda_ntn_sweep model=cpda dataset=bike
[2026-04-03 22:48:25,973][__main__][INFO] - Configuration:
model:
  name: CPDA
  L: 3
  bond_dim: 64
  output_site: null
  init_strength: 0.1
dataset:
  name: bike
  task: regression
  cap: 50
  size: medium
  batch_size: 256
slurm:
  partition: titans
  time: '12:00:00'
  mem: 2gb
  gpu_arch: Ampere
  cpus: 1
  gpu: 1
hpc:
  queue: gpuv100
  time: '12:00'
  mem: 500MB
  cpus: 4
  gpu: 1
trainer:
  type: ntn
  n_epochs: 20
  ridge: 5
  ridge_decay: 0.25
  ridge_min: 0.0001
  adaptive_ridge: false
  patience: 10
  min_delta: 0.001
  train_selection: true
seed: 10090
experiment_name: ${model.name}_${dataset.name}_${trainer.type}_rg${trainer.ridge}_init${model.init_strength}
skip_completed: true
update_tracking: false

[2026-04-03 22:48:25,976][__main__][INFO] - Output directory: /zhome/6b/e/212868/GTN/outputs/ntn/bike/CPDA_rg5_init0.1/L3_bd64_seed10090
[2026-04-03 22:48:25,977][__main__][INFO] - Loading dataset: bike
[2026-04-03 22:48:27,956][__main__][INFO] -   Samples: train=12165, val=2607, test=2607
[2026-04-03 22:48:27,956][__main__][INFO] -   Features: 13 (including bias), Task: regression
[2026-04-03 22:48:27,956][__main__][INFO] -   Device: cuda
[2026-04-03 22:48:27,957][__main__][INFO] - Creating model: CPDA
Starting Fit: 20 epochs.
Sweep Order: ['Node0', 'Node1', 'Node2', 'Node1']
Validation: Using separate validation set for best model selection
Early stopping: patience=10, min_delta=0.001
Init    | Train: loss: 673471.24038 | quality: -19.13367
        | Val:   loss: 813649.98636 | quality: -24.13401
[2026-04-03 22:48:28,139][HYDRA] 	#17 : model.L=3 model.bond_dim=64 seed=32874 trainer.ridge=5 trainer.ridge_decay=0.25 trainer.ridge_min=0.0001 +experiment=cpda_ntn_sweep model=cpda dataset=bike
[2026-04-03 22:48:28,262][__main__][INFO] - Configuration:
model:
  name: CPDA
  L: 3
  bond_dim: 64
  output_site: null
  init_strength: 0.1
dataset:
  name: bike
  task: regression
  cap: 50
  size: medium
  batch_size: 256
slurm:
  partition: titans
  time: '12:00:00'
  mem: 2gb
  gpu_arch: Ampere
  cpus: 1
  gpu: 1
hpc:
  queue: gpuv100
  time: '12:00'
  mem: 500MB
  cpus: 4
  gpu: 1
trainer:
  type: ntn
  n_epochs: 20
  ridge: 5
  ridge_decay: 0.25
  ridge_min: 0.0001
  adaptive_ridge: false
  patience: 10
  min_delta: 0.001
  train_selection: true
seed: 32874
experiment_name: ${model.name}_${dataset.name}_${trainer.type}_rg${trainer.ridge}_init${model.init_strength}
skip_completed: true
update_tracking: false

[2026-04-03 22:48:28,265][__main__][INFO] - Output directory: /zhome/6b/e/212868/GTN/outputs/ntn/bike/CPDA_rg5_init0.1/L3_bd64_seed32874
[2026-04-03 22:48:28,265][__main__][INFO] - Loading dataset: bike
[2026-04-03 22:48:30,402][__main__][INFO] -   Samples: train=12165, val=2607, test=2607
[2026-04-03 22:48:30,403][__main__][INFO] -   Features: 13 (including bias), Task: regression
[2026-04-03 22:48:30,403][__main__][INFO] -   Device: cuda
[2026-04-03 22:48:30,403][__main__][INFO] - Creating model: CPDA
Starting Fit: 20 epochs.
Sweep Order: ['Node0', 'Node1', 'Node2', 'Node1']
Validation: Using separate validation set for best model selection
Early stopping: patience=10, min_delta=0.001
Init    | Train: loss: 332921.55970 | quality: -8.95281
        | Val:   loss: 374679.32731 | quality: -10.57401
[2026-04-03 22:48:30,585][HYDRA] 	#18 : model.L=3 model.bond_dim=64 seed=47311 trainer.ridge=5 trainer.ridge_decay=0.25 trainer.ridge_min=0.0001 +experiment=cpda_ntn_sweep model=cpda dataset=bike
[2026-04-03 22:48:30,709][__main__][INFO] - Configuration:
model:
  name: CPDA
  L: 3
  bond_dim: 64
  output_site: null
  init_strength: 0.1
dataset:
  name: bike
  task: regression
  cap: 50
  size: medium
  batch_size: 256
slurm:
  partition: titans
  time: '12:00:00'
  mem: 2gb
  gpu_arch: Ampere
  cpus: 1
  gpu: 1
hpc:
  queue: gpuv100
  time: '12:00'
  mem: 500MB
  cpus: 4
  gpu: 1
trainer:
  type: ntn
  n_epochs: 20
  ridge: 5
  ridge_decay: 0.25
  ridge_min: 0.0001
  adaptive_ridge: false
  patience: 10
  min_delta: 0.001
  train_selection: true
seed: 47311
experiment_name: ${model.name}_${dataset.name}_${trainer.type}_rg${trainer.ridge}_init${model.init_strength}
skip_completed: true
update_tracking: false

[2026-04-03 22:48:30,712][__main__][INFO] - Output directory: /zhome/6b/e/212868/GTN/outputs/ntn/bike/CPDA_rg5_init0.1/L3_bd64_seed47311
[2026-04-03 22:48:30,712][__main__][INFO] - Loading dataset: bike
[2026-04-03 22:48:32,707][__main__][INFO] -   Samples: train=12165, val=2607, test=2607
[2026-04-03 22:48:32,708][__main__][INFO] -   Features: 13 (including bias), Task: regression
[2026-04-03 22:48:32,708][__main__][INFO] -   Device: cuda
[2026-04-03 22:48:32,708][__main__][INFO] - Creating model: CPDA
Starting Fit: 20 epochs.
Sweep Order: ['Node0', 'Node1', 'Node2', 'Node1']
Validation: Using separate validation set for best model selection
Early stopping: patience=10, min_delta=0.001
Init    | Train: loss: 506524.47099 | quality: -14.14273
        | Val:   loss: 548077.73859 | quality: -15.93036
[2026-04-03 22:48:32,891][HYDRA] 	#19 : model.L=3 model.bond_dim=64 seed=47303 trainer.ridge=5 trainer.ridge_decay=0.25 trainer.ridge_min=0.0001 +experiment=cpda_ntn_sweep model=cpda dataset=bike
[2026-04-03 22:48:33,012][__main__][INFO] - Configuration:
model:
  name: CPDA
  L: 3
  bond_dim: 64
  output_site: null
  init_strength: 0.1
dataset:
  name: bike
  task: regression
  cap: 50
  size: medium
  batch_size: 256
slurm:
  partition: titans
  time: '12:00:00'
  mem: 2gb
  gpu_arch: Ampere
  cpus: 1
  gpu: 1
hpc:
  queue: gpuv100
  time: '12:00'
  mem: 500MB
  cpus: 4
  gpu: 1
trainer:
  type: ntn
  n_epochs: 20
  ridge: 5
  ridge_decay: 0.25
  ridge_min: 0.0001
  adaptive_ridge: false
  patience: 10
  min_delta: 0.001
  train_selection: true
seed: 47303
experiment_name: ${model.name}_${dataset.name}_${trainer.type}_rg${trainer.ridge}_init${model.init_strength}
skip_completed: true
update_tracking: false

[2026-04-03 22:48:33,015][__main__][INFO] - Output directory: /zhome/6b/e/212868/GTN/outputs/ntn/bike/CPDA_rg5_init0.1/L3_bd64_seed47303
[2026-04-03 22:48:33,016][__main__][INFO] - Loading dataset: bike
[2026-04-03 22:48:35,007][__main__][INFO] -   Samples: train=12165, val=2607, test=2607
[2026-04-03 22:48:35,008][__main__][INFO] -   Features: 13 (including bias), Task: regression
[2026-04-03 22:48:35,008][__main__][INFO] -   Device: cuda
[2026-04-03 22:48:35,008][__main__][INFO] - Creating model: CPDA
Starting Fit: 20 epochs.
Sweep Order: ['Node0', 'Node1', 'Node2', 'Node1']
Validation: Using separate validation set for best model selection
Early stopping: patience=10, min_delta=0.001
Init    | Train: loss: 490327.66273 | quality: -13.65852
        | Val:   loss: 508344.44238 | quality: -14.70298
[2026-04-03 22:48:35,190][HYDRA] 	#20 : model.L=4 model.bond_dim=8 seed=42 trainer.ridge=5 trainer.ridge_decay=0.25 trainer.ridge_min=0.0001 +experiment=cpda_ntn_sweep model=cpda dataset=bike
[2026-04-03 22:48:35,313][__main__][INFO] - Configuration:
model:
  name: CPDA
  L: 4
  bond_dim: 8
  output_site: null
  init_strength: 0.1
dataset:
  name: bike
  task: regression
  cap: 50
  size: medium
  batch_size: 256
slurm:
  partition: titans
  time: '12:00:00'
  mem: 2gb
  gpu_arch: Ampere
  cpus: 1
  gpu: 1
hpc:
  queue: gpuv100
  time: '12:00'
  mem: 500MB
  cpus: 4
  gpu: 1
trainer:
  type: ntn
  n_epochs: 20
  ridge: 5
  ridge_decay: 0.25
  ridge_min: 0.0001
  adaptive_ridge: false
  patience: 10
  min_delta: 0.001
  train_selection: true
seed: 42
experiment_name: ${model.name}_${dataset.name}_${trainer.type}_rg${trainer.ridge}_init${model.init_strength}
skip_completed: true
update_tracking: false

[2026-04-03 22:48:35,316][__main__][INFO] - Output directory: /zhome/6b/e/212868/GTN/outputs/ntn/bike/CPDA_rg5_init0.1/L4_bd8_seed42
[2026-04-03 22:48:35,316][__main__][INFO] - Loading dataset: bike
[2026-04-03 22:48:37,318][__main__][INFO] -   Samples: train=12165, val=2607, test=2607
[2026-04-03 22:48:37,318][__main__][INFO] -   Features: 13 (including bias), Task: regression
[2026-04-03 22:48:37,318][__main__][INFO] -   Device: cuda
[2026-04-03 22:48:37,318][__main__][INFO] - Creating model: CPDA
Starting Fit: 20 epochs.
Sweep Order: ['Node0', 'Node1', 'Node2', 'Node3', 'Node2', 'Node1']
Validation: Using separate validation set for best model selection
Early stopping: patience=10, min_delta=0.001
Init    | Train: loss: 2660322.82629 | quality: -78.53132
        | Val:   loss: 3948655.42838 | quality: -120.97571
[2026-04-03 22:48:37,460][HYDRA] 	#21 : model.L=4 model.bond_dim=8 seed=10090 trainer.ridge=5 trainer.ridge_decay=0.25 trainer.ridge_min=0.0001 +experiment=cpda_ntn_sweep model=cpda dataset=bike
[2026-04-03 22:48:37,582][__main__][INFO] - Configuration:
model:
  name: CPDA
  L: 4
  bond_dim: 8
  output_site: null
  init_strength: 0.1
dataset:
  name: bike
  task: regression
  cap: 50
  size: medium
  batch_size: 256
slurm:
  partition: titans
  time: '12:00:00'
  mem: 2gb
  gpu_arch: Ampere
  cpus: 1
  gpu: 1
hpc:
  queue: gpuv100
  time: '12:00'
  mem: 500MB
  cpus: 4
  gpu: 1
trainer:
  type: ntn
  n_epochs: 20
  ridge: 5
  ridge_decay: 0.25
  ridge_min: 0.0001
  adaptive_ridge: false
  patience: 10
  min_delta: 0.001
  train_selection: true
seed: 10090
experiment_name: ${model.name}_${dataset.name}_${trainer.type}_rg${trainer.ridge}_init${model.init_strength}
skip_completed: true
update_tracking: false

[2026-04-03 22:48:37,585][__main__][INFO] - Output directory: /zhome/6b/e/212868/GTN/outputs/ntn/bike/CPDA_rg5_init0.1/L4_bd8_seed10090
[2026-04-03 22:48:37,586][__main__][INFO] - Loading dataset: bike
[2026-04-03 22:48:39,719][__main__][INFO] -   Samples: train=12165, val=2607, test=2607
[2026-04-03 22:48:39,720][__main__][INFO] -   Features: 13 (including bias), Task: regression
[2026-04-03 22:48:39,720][__main__][INFO] -   Device: cuda
[2026-04-03 22:48:39,720][__main__][INFO] - Creating model: CPDA
Starting Fit: 20 epochs.
Sweep Order: ['Node0', 'Node1', 'Node2', 'Node3', 'Node2', 'Node1']
Validation: Using separate validation set for best model selection
Early stopping: patience=10, min_delta=0.001
Init    | Train: loss: 803607.89464 | quality: -23.02415
        | Val:   loss: 770211.03745 | quality: -22.79216
[2026-04-03 22:48:39,859][HYDRA] 	#22 : model.L=4 model.bond_dim=8 seed=32874 trainer.ridge=5 trainer.ridge_decay=0.25 trainer.ridge_min=0.0001 +experiment=cpda_ntn_sweep model=cpda dataset=bike
[2026-04-03 22:48:39,981][__main__][INFO] - Configuration:
model:
  name: CPDA
  L: 4
  bond_dim: 8
  output_site: null
  init_strength: 0.1
dataset:
  name: bike
  task: regression
  cap: 50
  size: medium
  batch_size: 256
slurm:
  partition: titans
  time: '12:00:00'
  mem: 2gb
  gpu_arch: Ampere
  cpus: 1
  gpu: 1
hpc:
  queue: gpuv100
  time: '12:00'
  mem: 500MB
  cpus: 4
  gpu: 1
trainer:
  type: ntn
  n_epochs: 20
  ridge: 5
  ridge_decay: 0.25
  ridge_min: 0.0001
  adaptive_ridge: false
  patience: 10
  min_delta: 0.001
  train_selection: true
seed: 32874
experiment_name: ${model.name}_${dataset.name}_${trainer.type}_rg${trainer.ridge}_init${model.init_strength}
skip_completed: true
update_tracking: false

[2026-04-03 22:48:39,984][__main__][INFO] - Output directory: /zhome/6b/e/212868/GTN/outputs/ntn/bike/CPDA_rg5_init0.1/L4_bd8_seed32874
[2026-04-03 22:48:39,984][__main__][INFO] - Loading dataset: bike
[2026-04-03 22:48:41,968][__main__][INFO] -   Samples: train=12165, val=2607, test=2607
[2026-04-03 22:48:41,968][__main__][INFO] -   Features: 13 (including bias), Task: regression
[2026-04-03 22:48:41,968][__main__][INFO] -   Device: cuda
[2026-04-03 22:48:41,969][__main__][INFO] - Creating model: CPDA
Starting Fit: 20 epochs.
Sweep Order: ['Node0', 'Node1', 'Node2', 'Node3', 'Node2', 'Node1']
Validation: Using separate validation set for best model selection
Early stopping: patience=10, min_delta=0.001
Init    | Train: loss: 1070412.81617 | quality: -31.00038
        | Val:   loss: 1112526.57381 | quality: -33.36644
[2026-04-03 22:48:42,106][HYDRA] 	#23 : model.L=4 model.bond_dim=8 seed=47311 trainer.ridge=5 trainer.ridge_decay=0.25 trainer.ridge_min=0.0001 +experiment=cpda_ntn_sweep model=cpda dataset=bike
[2026-04-03 22:48:42,229][__main__][INFO] - Configuration:
model:
  name: CPDA
  L: 4
  bond_dim: 8
  output_site: null
  init_strength: 0.1
dataset:
  name: bike
  task: regression
  cap: 50
  size: medium
  batch_size: 256
slurm:
  partition: titans
  time: '12:00:00'
  mem: 2gb
  gpu_arch: Ampere
  cpus: 1
  gpu: 1
hpc:
  queue: gpuv100
  time: '12:00'
  mem: 500MB
  cpus: 4
  gpu: 1
trainer:
  type: ntn
  n_epochs: 20
  ridge: 5
  ridge_decay: 0.25
  ridge_min: 0.0001
  adaptive_ridge: false
  patience: 10
  min_delta: 0.001
  train_selection: true
seed: 47311
experiment_name: ${model.name}_${dataset.name}_${trainer.type}_rg${trainer.ridge}_init${model.init_strength}
skip_completed: true
update_tracking: false

[2026-04-03 22:48:42,231][__main__][INFO] - Output directory: /zhome/6b/e/212868/GTN/outputs/ntn/bike/CPDA_rg5_init0.1/L4_bd8_seed47311
[2026-04-03 22:48:42,232][__main__][INFO] - Loading dataset: bike
[2026-04-03 22:48:44,223][__main__][INFO] -   Samples: train=12165, val=2607, test=2607
[2026-04-03 22:48:44,223][__main__][INFO] -   Features: 13 (including bias), Task: regression
[2026-04-03 22:48:44,223][__main__][INFO] -   Device: cuda
[2026-04-03 22:48:44,223][__main__][INFO] - Creating model: CPDA
Starting Fit: 20 epochs.
Sweep Order: ['Node0', 'Node1', 'Node2', 'Node3', 'Node2', 'Node1']
Validation: Using separate validation set for best model selection
Early stopping: patience=10, min_delta=0.001
Init    | Train: loss: 741667.76936 | quality: -21.17243
        | Val:   loss: 863709.21843 | quality: -25.68036
[2026-04-03 22:48:44,365][HYDRA] 	#24 : model.L=4 model.bond_dim=8 seed=47303 trainer.ridge=5 trainer.ridge_decay=0.25 trainer.ridge_min=0.0001 +experiment=cpda_ntn_sweep model=cpda dataset=bike
[2026-04-03 22:48:44,489][__main__][INFO] - Configuration:
model:
  name: CPDA
  L: 4
  bond_dim: 8
  output_site: null
  init_strength: 0.1
dataset:
  name: bike
  task: regression
  cap: 50
  size: medium
  batch_size: 256
slurm:
  partition: titans
  time: '12:00:00'
  mem: 2gb
  gpu_arch: Ampere
  cpus: 1
  gpu: 1
hpc:
  queue: gpuv100
  time: '12:00'
  mem: 500MB
  cpus: 4
  gpu: 1
trainer:
  type: ntn
  n_epochs: 20
  ridge: 5
  ridge_decay: 0.25
  ridge_min: 0.0001
  adaptive_ridge: false
  patience: 10
  min_delta: 0.001
  train_selection: true
seed: 47303
experiment_name: ${model.name}_${dataset.name}_${trainer.type}_rg${trainer.ridge}_init${model.init_strength}
skip_completed: true
update_tracking: false

[2026-04-03 22:48:44,492][__main__][INFO] - Output directory: /zhome/6b/e/212868/GTN/outputs/ntn/bike/CPDA_rg5_init0.1/L4_bd8_seed47303
[2026-04-03 22:48:44,492][__main__][INFO] - Loading dataset: bike
[2026-04-03 22:48:46,483][__main__][INFO] -   Samples: train=12165, val=2607, test=2607
[2026-04-03 22:48:46,484][__main__][INFO] -   Features: 13 (including bias), Task: regression
[2026-04-03 22:48:46,484][__main__][INFO] -   Device: cuda
[2026-04-03 22:48:46,484][__main__][INFO] - Creating model: CPDA
Starting Fit: 20 epochs.
Sweep Order: ['Node0', 'Node1', 'Node2', 'Node3', 'Node2', 'Node1']
Validation: Using separate validation set for best model selection
Early stopping: patience=10, min_delta=0.001
Init    | Train: loss: 1996079.31235 | quality: -58.67352
        | Val:   loss: 2565600.17756 | quality: -78.25252
[2026-04-03 22:48:46,623][HYDRA] 	#25 : model.L=4 model.bond_dim=16 seed=42 trainer.ridge=5 trainer.ridge_decay=0.25 trainer.ridge_min=0.0001 +experiment=cpda_ntn_sweep model=cpda dataset=bike
[2026-04-03 22:48:46,745][__main__][INFO] - Configuration:
model:
  name: CPDA
  L: 4
  bond_dim: 16
  output_site: null
  init_strength: 0.1
dataset:
  name: bike
  task: regression
  cap: 50
  size: medium
  batch_size: 256
slurm:
  partition: titans
  time: '12:00:00'
  mem: 2gb
  gpu_arch: Ampere
  cpus: 1
  gpu: 1
hpc:
  queue: gpuv100
  time: '12:00'
  mem: 500MB
  cpus: 4
  gpu: 1
trainer:
  type: ntn
  n_epochs: 20
  ridge: 5
  ridge_decay: 0.25
  ridge_min: 0.0001
  adaptive_ridge: false
  patience: 10
  min_delta: 0.001
  train_selection: true
seed: 42
experiment_name: ${model.name}_${dataset.name}_${trainer.type}_rg${trainer.ridge}_init${model.init_strength}
skip_completed: true
update_tracking: false

[2026-04-03 22:48:46,748][__main__][INFO] - Output directory: /zhome/6b/e/212868/GTN/outputs/ntn/bike/CPDA_rg5_init0.1/L4_bd16_seed42
[2026-04-03 22:48:46,749][__main__][INFO] - Loading dataset: bike
[2026-04-03 22:48:48,736][__main__][INFO] -   Samples: train=12165, val=2607, test=2607
[2026-04-03 22:48:48,736][__main__][INFO] -   Features: 13 (including bias), Task: regression
[2026-04-03 22:48:48,736][__main__][INFO] -   Device: cuda
[2026-04-03 22:48:48,736][__main__][INFO] - Creating model: CPDA
Starting Fit: 20 epochs.
Sweep Order: ['Node0', 'Node1', 'Node2', 'Node3', 'Node2', 'Node1']
Validation: Using separate validation set for best model selection
Early stopping: patience=10, min_delta=0.001
Init    | Train: loss: 2231624.56520 | quality: -65.71523
        | Val:   loss: 3203063.85232 | quality: -97.94405
[2026-04-03 22:48:48,893][HYDRA] 	#26 : model.L=4 model.bond_dim=16 seed=10090 trainer.ridge=5 trainer.ridge_decay=0.25 trainer.ridge_min=0.0001 +experiment=cpda_ntn_sweep model=cpda dataset=bike
[2026-04-03 22:48:49,054][__main__][INFO] - Configuration:
model:
  name: CPDA
  L: 4
  bond_dim: 16
  output_site: null
  init_strength: 0.1
dataset:
  name: bike
  task: regression
  cap: 50
  size: medium
  batch_size: 256
slurm:
  partition: titans
  time: '12:00:00'
  mem: 2gb
  gpu_arch: Ampere
  cpus: 1
  gpu: 1
hpc:
  queue: gpuv100
  time: '12:00'
  mem: 500MB
  cpus: 4
  gpu: 1
trainer:
  type: ntn
  n_epochs: 20
  ridge: 5
  ridge_decay: 0.25
  ridge_min: 0.0001
  adaptive_ridge: false
  patience: 10
  min_delta: 0.001
  train_selection: true
seed: 10090
experiment_name: ${model.name}_${dataset.name}_${trainer.type}_rg${trainer.ridge}_init${model.init_strength}
skip_completed: true
update_tracking: false

[2026-04-03 22:48:49,057][__main__][INFO] - Output directory: /zhome/6b/e/212868/GTN/outputs/ntn/bike/CPDA_rg5_init0.1/L4_bd16_seed10090
[2026-04-03 22:48:49,057][__main__][INFO] - Loading dataset: bike
[2026-04-03 22:48:51,127][__main__][INFO] -   Samples: train=12165, val=2607, test=2607
[2026-04-03 22:48:51,128][__main__][INFO] -   Features: 13 (including bias), Task: regression
[2026-04-03 22:48:51,128][__main__][INFO] -   Device: cuda
[2026-04-03 22:48:51,128][__main__][INFO] - Creating model: CPDA
Starting Fit: 20 epochs.
Sweep Order: ['Node0', 'Node1', 'Node2', 'Node3', 'Node2', 'Node1']
Validation: Using separate validation set for best model selection
Early stopping: patience=10, min_delta=0.001
Init    | Train: loss: 1707947.49955 | quality: -50.05971
        | Val:   loss: 1987944.62563 | quality: -60.40849
[2026-04-03 22:48:51,284][HYDRA] 	#27 : model.L=4 model.bond_dim=16 seed=32874 trainer.ridge=5 trainer.ridge_decay=0.25 trainer.ridge_min=0.0001 +experiment=cpda_ntn_sweep model=cpda dataset=bike
[2026-04-03 22:48:51,427][__main__][INFO] - Configuration:
model:
  name: CPDA
  L: 4
  bond_dim: 16
  output_site: null
  init_strength: 0.1
dataset:
  name: bike
  task: regression
  cap: 50
  size: medium
  batch_size: 256
slurm:
  partition: titans
  time: '12:00:00'
  mem: 2gb
  gpu_arch: Ampere
  cpus: 1
  gpu: 1
hpc:
  queue: gpuv100
  time: '12:00'
  mem: 500MB
  cpus: 4
  gpu: 1
trainer:
  type: ntn
  n_epochs: 20
  ridge: 5
  ridge_decay: 0.25
  ridge_min: 0.0001
  adaptive_ridge: false
  patience: 10
  min_delta: 0.001
  train_selection: true
seed: 32874
experiment_name: ${model.name}_${dataset.name}_${trainer.type}_rg${trainer.ridge}_init${model.init_strength}
skip_completed: true
update_tracking: false

[2026-04-03 22:48:51,430][__main__][INFO] - Output directory: /zhome/6b/e/212868/GTN/outputs/ntn/bike/CPDA_rg5_init0.1/L4_bd16_seed32874
[2026-04-03 22:48:51,430][__main__][INFO] - Loading dataset: bike
[2026-04-03 22:48:53,417][__main__][INFO] -   Samples: train=12165, val=2607, test=2607
[2026-04-03 22:48:53,417][__main__][INFO] -   Features: 13 (including bias), Task: regression
[2026-04-03 22:48:53,417][__main__][INFO] -   Device: cuda
[2026-04-03 22:48:53,418][__main__][INFO] - Creating model: CPDA
Starting Fit: 20 epochs.
Sweep Order: ['Node0', 'Node1', 'Node2', 'Node3', 'Node2', 'Node1']
Validation: Using separate validation set for best model selection
Early stopping: patience=10, min_delta=0.001
Init    | Train: loss: 2798607.25337 | quality: -82.66539
        | Val:   loss: 3963296.98063 | quality: -121.42799
[2026-04-03 22:48:53,571][HYDRA] 	#28 : model.L=4 model.bond_dim=16 seed=47311 trainer.ridge=5 trainer.ridge_decay=0.25 trainer.ridge_min=0.0001 +experiment=cpda_ntn_sweep model=cpda dataset=bike
[2026-04-03 22:48:53,694][__main__][INFO] - Configuration:
model:
  name: CPDA
  L: 4
  bond_dim: 16
  output_site: null
  init_strength: 0.1
dataset:
  name: bike
  task: regression
  cap: 50
  size: medium
  batch_size: 256
slurm:
  partition: titans
  time: '12:00:00'
  mem: 2gb
  gpu_arch: Ampere
  cpus: 1
  gpu: 1
hpc:
  queue: gpuv100
  time: '12:00'
  mem: 500MB
  cpus: 4
  gpu: 1
trainer:
  type: ntn
  n_epochs: 20
  ridge: 5
  ridge_decay: 0.25
  ridge_min: 0.0001
  adaptive_ridge: false
  patience: 10
  min_delta: 0.001
  train_selection: true
seed: 47311
experiment_name: ${model.name}_${dataset.name}_${trainer.type}_rg${trainer.ridge}_init${model.init_strength}
skip_completed: true
update_tracking: false

[2026-04-03 22:48:53,698][__main__][INFO] - Output directory: /zhome/6b/e/212868/GTN/outputs/ntn/bike/CPDA_rg5_init0.1/L4_bd16_seed47311
[2026-04-03 22:48:53,698][__main__][INFO] - Loading dataset: bike
[2026-04-03 22:48:55,682][__main__][INFO] -   Samples: train=12165, val=2607, test=2607
[2026-04-03 22:48:55,683][__main__][INFO] -   Features: 13 (including bias), Task: regression
[2026-04-03 22:48:55,683][__main__][INFO] -   Device: cuda
[2026-04-03 22:48:55,683][__main__][INFO] - Creating model: CPDA
Starting Fit: 20 epochs.
Sweep Order: ['Node0', 'Node1', 'Node2', 'Node3', 'Node2', 'Node1']
Validation: Using separate validation set for best model selection
Early stopping: patience=10, min_delta=0.001
Init    | Train: loss: 18847559.18504 | quality: -562.45467
        | Val:   loss: 24236766.95463 | quality: -747.68441
[2026-04-03 22:48:55,842][HYDRA] 	#29 : model.L=4 model.bond_dim=16 seed=47303 trainer.ridge=5 trainer.ridge_decay=0.25 trainer.ridge_min=0.0001 +experiment=cpda_ntn_sweep model=cpda dataset=bike
[2026-04-03 22:48:55,966][__main__][INFO] - Configuration:
model:
  name: CPDA
  L: 4
  bond_dim: 16
  output_site: null
  init_strength: 0.1
dataset:
  name: bike
  task: regression
  cap: 50
  size: medium
  batch_size: 256
slurm:
  partition: titans
  time: '12:00:00'
  mem: 2gb
  gpu_arch: Ampere
  cpus: 1
  gpu: 1
hpc:
  queue: gpuv100
  time: '12:00'
  mem: 500MB
  cpus: 4
  gpu: 1
trainer:
  type: ntn
  n_epochs: 20
  ridge: 5
  ridge_decay: 0.25
  ridge_min: 0.0001
  adaptive_ridge: false
  patience: 10
  min_delta: 0.001
  train_selection: true
seed: 47303
experiment_name: ${model.name}_${dataset.name}_${trainer.type}_rg${trainer.ridge}_init${model.init_strength}
skip_completed: true
update_tracking: false

[2026-04-03 22:48:55,969][__main__][INFO] - Output directory: /zhome/6b/e/212868/GTN/outputs/ntn/bike/CPDA_rg5_init0.1/L4_bd16_seed47303
[2026-04-03 22:48:55,969][__main__][INFO] - Loading dataset: bike
[2026-04-03 22:48:57,953][__main__][INFO] -   Samples: train=12165, val=2607, test=2607
[2026-04-03 22:48:57,953][__main__][INFO] -   Features: 13 (including bias), Task: regression
[2026-04-03 22:48:57,953][__main__][INFO] -   Device: cuda
[2026-04-03 22:48:57,953][__main__][INFO] - Creating model: CPDA
Starting Fit: 20 epochs.
Sweep Order: ['Node0', 'Node1', 'Node2', 'Node3', 'Node2', 'Node1']
Validation: Using separate validation set for best model selection
Early stopping: patience=10, min_delta=0.001
Init    | Train: loss: 4586551.45961 | quality: -136.11663
        | Val:   loss: 5772288.77336 | quality: -177.30854
[2026-04-03 22:48:58,109][HYDRA] 	#30 : model.L=4 model.bond_dim=32 seed=42 trainer.ridge=5 trainer.ridge_decay=0.25 trainer.ridge_min=0.0001 +experiment=cpda_ntn_sweep model=cpda dataset=bike
[2026-04-03 22:48:58,232][__main__][INFO] - Configuration:
model:
  name: CPDA
  L: 4
  bond_dim: 32
  output_site: null
  init_strength: 0.1
dataset:
  name: bike
  task: regression
  cap: 50
  size: medium
  batch_size: 256
slurm:
  partition: titans
  time: '12:00:00'
  mem: 2gb
  gpu_arch: Ampere
  cpus: 1
  gpu: 1
hpc:
  queue: gpuv100
  time: '12:00'
  mem: 500MB
  cpus: 4
  gpu: 1
trainer:
  type: ntn
  n_epochs: 20
  ridge: 5
  ridge_decay: 0.25
  ridge_min: 0.0001
  adaptive_ridge: false
  patience: 10
  min_delta: 0.001
  train_selection: true
seed: 42
experiment_name: ${model.name}_${dataset.name}_${trainer.type}_rg${trainer.ridge}_init${model.init_strength}
skip_completed: true
update_tracking: false

[2026-04-03 22:48:58,236][__main__][INFO] - Output directory: /zhome/6b/e/212868/GTN/outputs/ntn/bike/CPDA_rg5_init0.1/L4_bd32_seed42
[2026-04-03 22:48:58,237][__main__][INFO] - Loading dataset: bike
[2026-04-03 22:49:00,221][__main__][INFO] -   Samples: train=12165, val=2607, test=2607
[2026-04-03 22:49:00,222][__main__][INFO] -   Features: 13 (including bias), Task: regression
[2026-04-03 22:49:00,222][__main__][INFO] -   Device: cuda
[2026-04-03 22:49:00,222][__main__][INFO] - Creating model: CPDA
Starting Fit: 20 epochs.
Sweep Order: ['Node0', 'Node1', 'Node2', 'Node3', 'Node2', 'Node1']
Validation: Using separate validation set for best model selection
Early stopping: patience=10, min_delta=0.001
Init    | Train: loss: 3413845.31597 | quality: -101.05815
        | Val:   loss: 4180277.27900 | quality: -128.13061
[2026-04-03 22:49:00,417][HYDRA] 	#31 : model.L=4 model.bond_dim=32 seed=10090 trainer.ridge=5 trainer.ridge_decay=0.25 trainer.ridge_min=0.0001 +experiment=cpda_ntn_sweep model=cpda dataset=bike
[2026-04-03 22:49:00,540][__main__][INFO] - Configuration:
model:
  name: CPDA
  L: 4
  bond_dim: 32
  output_site: null
  init_strength: 0.1
dataset:
  name: bike
  task: regression
  cap: 50
  size: medium
  batch_size: 256
slurm:
  partition: titans
  time: '12:00:00'
  mem: 2gb
  gpu_arch: Ampere
  cpus: 1
  gpu: 1
hpc:
  queue: gpuv100
  time: '12:00'
  mem: 500MB
  cpus: 4
  gpu: 1
trainer:
  type: ntn
  n_epochs: 20
  ridge: 5
  ridge_decay: 0.25
  ridge_min: 0.0001
  adaptive_ridge: false
  patience: 10
  min_delta: 0.001
  train_selection: true
seed: 10090
experiment_name: ${model.name}_${dataset.name}_${trainer.type}_rg${trainer.ridge}_init${model.init_strength}
skip_completed: true
update_tracking: false

[2026-04-03 22:49:00,543][__main__][INFO] - Output directory: /zhome/6b/e/212868/GTN/outputs/ntn/bike/CPDA_rg5_init0.1/L4_bd32_seed10090
[2026-04-03 22:49:00,543][__main__][INFO] - Loading dataset: bike
[2026-04-03 22:49:02,528][__main__][INFO] -   Samples: train=12165, val=2607, test=2607
[2026-04-03 22:49:02,529][__main__][INFO] -   Features: 13 (including bias), Task: regression
[2026-04-03 22:49:02,529][__main__][INFO] -   Device: cuda
[2026-04-03 22:49:02,529][__main__][INFO] - Creating model: CPDA
Starting Fit: 20 epochs.
Sweep Order: ['Node0', 'Node1', 'Node2', 'Node3', 'Node2', 'Node1']
Validation: Using separate validation set for best model selection
Early stopping: patience=10, min_delta=0.001
Init    | Train: loss: 10276907.85948 | quality: -306.23192
        | Val:   loss: 13881439.72287 | quality: -427.80379
[2026-04-03 22:49:02,721][HYDRA] 	#32 : model.L=4 model.bond_dim=32 seed=32874 trainer.ridge=5 trainer.ridge_decay=0.25 trainer.ridge_min=0.0001 +experiment=cpda_ntn_sweep model=cpda dataset=bike
[2026-04-03 22:49:02,848][__main__][INFO] - Configuration:
model:
  name: CPDA
  L: 4
  bond_dim: 32
  output_site: null
  init_strength: 0.1
dataset:
  name: bike
  task: regression
  cap: 50
  size: medium
  batch_size: 256
slurm:
  partition: titans
  time: '12:00:00'
  mem: 2gb
  gpu_arch: Ampere
  cpus: 1
  gpu: 1
hpc:
  queue: gpuv100
  time: '12:00'
  mem: 500MB
  cpus: 4
  gpu: 1
trainer:
  type: ntn
  n_epochs: 20
  ridge: 5
  ridge_decay: 0.25
  ridge_min: 0.0001
  adaptive_ridge: false
  patience: 10
  min_delta: 0.001
  train_selection: true
seed: 32874
experiment_name: ${model.name}_${dataset.name}_${trainer.type}_rg${trainer.ridge}_init${model.init_strength}
skip_completed: true
update_tracking: false

[2026-04-03 22:49:02,851][__main__][INFO] - Output directory: /zhome/6b/e/212868/GTN/outputs/ntn/bike/CPDA_rg5_init0.1/L4_bd32_seed32874
[2026-04-03 22:49:02,851][__main__][INFO] - Loading dataset: bike
[2026-04-03 22:49:04,834][__main__][INFO] -   Samples: train=12165, val=2607, test=2607
[2026-04-03 22:49:04,835][__main__][INFO] -   Features: 13 (including bias), Task: regression
[2026-04-03 22:49:04,835][__main__][INFO] -   Device: cuda
[2026-04-03 22:49:04,835][__main__][INFO] - Creating model: CPDA
Starting Fit: 20 epochs.
Sweep Order: ['Node0', 'Node1', 'Node2', 'Node3', 'Node2', 'Node1']
Validation: Using separate validation set for best model selection
Early stopping: patience=10, min_delta=0.001
Init    | Train: loss: 4836879.57123 | quality: -143.60028
        | Val:   loss: 4674915.84363 | quality: -143.41021
[2026-04-03 22:49:05,024][HYDRA] 	#33 : model.L=4 model.bond_dim=32 seed=47311 trainer.ridge=5 trainer.ridge_decay=0.25 trainer.ridge_min=0.0001 +experiment=cpda_ntn_sweep model=cpda dataset=bike
[2026-04-03 22:49:05,173][__main__][INFO] - Configuration:
model:
  name: CPDA
  L: 4
  bond_dim: 32
  output_site: null
  init_strength: 0.1
dataset:
  name: bike
  task: regression
  cap: 50
  size: medium
  batch_size: 256
slurm:
  partition: titans
  time: '12:00:00'
  mem: 2gb
  gpu_arch: Ampere
  cpus: 1
  gpu: 1
hpc:
  queue: gpuv100
  time: '12:00'
  mem: 500MB
  cpus: 4
  gpu: 1
trainer:
  type: ntn
  n_epochs: 20
  ridge: 5
  ridge_decay: 0.25
  ridge_min: 0.0001
  adaptive_ridge: false
  patience: 10
  min_delta: 0.001
  train_selection: true
seed: 47311
experiment_name: ${model.name}_${dataset.name}_${trainer.type}_rg${trainer.ridge}_init${model.init_strength}
skip_completed: true
update_tracking: false

[2026-04-03 22:49:05,176][__main__][INFO] - Output directory: /zhome/6b/e/212868/GTN/outputs/ntn/bike/CPDA_rg5_init0.1/L4_bd32_seed47311
[2026-04-03 22:49:05,176][__main__][INFO] - Loading dataset: bike
[2026-04-03 22:49:07,198][__main__][INFO] -   Samples: train=12165, val=2607, test=2607
[2026-04-03 22:49:07,198][__main__][INFO] -   Features: 13 (including bias), Task: regression
[2026-04-03 22:49:07,198][__main__][INFO] -   Device: cuda
[2026-04-03 22:49:07,199][__main__][INFO] - Creating model: CPDA
Starting Fit: 20 epochs.
Sweep Order: ['Node0', 'Node1', 'Node2', 'Node3', 'Node2', 'Node1']
Validation: Using separate validation set for best model selection
Early stopping: patience=10, min_delta=0.001
Init    | Train: loss: 3856406.84433 | quality: -114.28869
        | Val:   loss: 4657734.06952 | quality: -142.87946
[2026-04-03 22:49:07,389][HYDRA] 	#34 : model.L=4 model.bond_dim=32 seed=47303 trainer.ridge=5 trainer.ridge_decay=0.25 trainer.ridge_min=0.0001 +experiment=cpda_ntn_sweep model=cpda dataset=bike
[2026-04-03 22:49:07,511][__main__][INFO] - Configuration:
model:
  name: CPDA
  L: 4
  bond_dim: 32
  output_site: null
  init_strength: 0.1
dataset:
  name: bike
  task: regression
  cap: 50
  size: medium
  batch_size: 256
slurm:
  partition: titans
  time: '12:00:00'
  mem: 2gb
  gpu_arch: Ampere
  cpus: 1
  gpu: 1
hpc:
  queue: gpuv100
  time: '12:00'
  mem: 500MB
  cpus: 4
  gpu: 1
trainer:
  type: ntn
  n_epochs: 20
  ridge: 5
  ridge_decay: 0.25
  ridge_min: 0.0001
  adaptive_ridge: false
  patience: 10
  min_delta: 0.001
  train_selection: true
seed: 47303
experiment_name: ${model.name}_${dataset.name}_${trainer.type}_rg${trainer.ridge}_init${model.init_strength}
skip_completed: true
update_tracking: false

[2026-04-03 22:49:07,514][__main__][INFO] - Output directory: /zhome/6b/e/212868/GTN/outputs/ntn/bike/CPDA_rg5_init0.1/L4_bd32_seed47303
[2026-04-03 22:49:07,515][__main__][INFO] - Loading dataset: bike
[2026-04-03 22:49:09,675][__main__][INFO] -   Samples: train=12165, val=2607, test=2607
[2026-04-03 22:49:09,676][__main__][INFO] -   Features: 13 (including bias), Task: regression
[2026-04-03 22:49:09,676][__main__][INFO] -   Device: cuda
[2026-04-03 22:49:09,676][__main__][INFO] - Creating model: CPDA
Starting Fit: 20 epochs.
Sweep Order: ['Node0', 'Node1', 'Node2', 'Node3', 'Node2', 'Node1']
Validation: Using separate validation set for best model selection
Early stopping: patience=10, min_delta=0.001
Init    | Train: loss: 12744625.81334 | quality: -380.00525
        | Val:   loss: 16743224.25588 | quality: -516.20558
[2026-04-03 22:49:09,868][HYDRA] 	#35 : model.L=4 model.bond_dim=64 seed=42 trainer.ridge=5 trainer.ridge_decay=0.25 trainer.ridge_min=0.0001 +experiment=cpda_ntn_sweep model=cpda dataset=bike
[2026-04-03 22:49:09,999][__main__][INFO] - Configuration:
model:
  name: CPDA
  L: 4
  bond_dim: 64
  output_site: null
  init_strength: 0.1
dataset:
  name: bike
  task: regression
  cap: 50
  size: medium
  batch_size: 256
slurm:
  partition: titans
  time: '12:00:00'
  mem: 2gb
  gpu_arch: Ampere
  cpus: 1
  gpu: 1
hpc:
  queue: gpuv100
  time: '12:00'
  mem: 500MB
  cpus: 4
  gpu: 1
trainer:
  type: ntn
  n_epochs: 20
  ridge: 5
  ridge_decay: 0.25
  ridge_min: 0.0001
  adaptive_ridge: false
  patience: 10
  min_delta: 0.001
  train_selection: true
seed: 42
experiment_name: ${model.name}_${dataset.name}_${trainer.type}_rg${trainer.ridge}_init${model.init_strength}
skip_completed: true
update_tracking: false

[2026-04-03 22:49:10,017][__main__][INFO] - Output directory: /zhome/6b/e/212868/GTN/outputs/ntn/bike/CPDA_rg5_init0.1/L4_bd64_seed42
[2026-04-03 22:49:10,019][__main__][INFO] - Loading dataset: bike
[2026-04-03 22:49:12,013][__main__][INFO] -   Samples: train=12165, val=2607, test=2607
[2026-04-03 22:49:12,014][__main__][INFO] -   Features: 13 (including bias), Task: regression
[2026-04-03 22:49:12,014][__main__][INFO] -   Device: cuda
[2026-04-03 22:49:12,014][__main__][INFO] - Creating model: CPDA
Starting Fit: 20 epochs.
Sweep Order: ['Node0', 'Node1', 'Node2', 'Node3', 'Node2', 'Node1']
Validation: Using separate validation set for best model selection
Early stopping: patience=10, min_delta=0.001
Init    | Train: loss: 6462264.13401 | quality: -192.19175
        | Val:   loss: 6158032.86341 | quality: -189.22435
[2026-04-03 22:49:12,275][HYDRA] 	#36 : model.L=4 model.bond_dim=64 seed=10090 trainer.ridge=5 trainer.ridge_decay=0.25 trainer.ridge_min=0.0001 +experiment=cpda_ntn_sweep model=cpda dataset=bike
[2026-04-03 22:49:12,402][__main__][INFO] - Configuration:
model:
  name: CPDA
  L: 4
  bond_dim: 64
  output_site: null
  init_strength: 0.1
dataset:
  name: bike
  task: regression
  cap: 50
  size: medium
  batch_size: 256
slurm:
  partition: titans
  time: '12:00:00'
  mem: 2gb
  gpu_arch: Ampere
  cpus: 1
  gpu: 1
hpc:
  queue: gpuv100
  time: '12:00'
  mem: 500MB
  cpus: 4
  gpu: 1
trainer:
  type: ntn
  n_epochs: 20
  ridge: 5
  ridge_decay: 0.25
  ridge_min: 0.0001
  adaptive_ridge: false
  patience: 10
  min_delta: 0.001
  train_selection: true
seed: 10090
experiment_name: ${model.name}_${dataset.name}_${trainer.type}_rg${trainer.ridge}_init${model.init_strength}
skip_completed: true
update_tracking: false

[2026-04-03 22:49:12,407][__main__][INFO] - Output directory: /zhome/6b/e/212868/GTN/outputs/ntn/bike/CPDA_rg5_init0.1/L4_bd64_seed10090
[2026-04-03 22:49:12,407][__main__][INFO] - Loading dataset: bike
[2026-04-03 22:49:15,232][__main__][INFO] -   Samples: train=12165, val=2607, test=2607
[2026-04-03 22:49:15,232][__main__][INFO] -   Features: 13 (including bias), Task: regression
[2026-04-03 22:49:15,232][__main__][INFO] -   Device: cuda
[2026-04-03 22:49:15,233][__main__][INFO] - Creating model: CPDA
Starting Fit: 20 epochs.
Sweep Order: ['Node0', 'Node1', 'Node2', 'Node3', 'Node2', 'Node1']
Validation: Using separate validation set for best model selection
Early stopping: patience=10, min_delta=0.001
Init    | Train: loss: 12448580.93496 | quality: -371.15488
        | Val:   loss: 19943238.65454 | quality: -615.05543
[2026-04-03 22:49:15,491][HYDRA] 	#37 : model.L=4 model.bond_dim=64 seed=32874 trainer.ridge=5 trainer.ridge_decay=0.25 trainer.ridge_min=0.0001 +experiment=cpda_ntn_sweep model=cpda dataset=bike
[2026-04-03 22:49:15,613][__main__][INFO] - Configuration:
model:
  name: CPDA
  L: 4
  bond_dim: 64
  output_site: null
  init_strength: 0.1
dataset:
  name: bike
  task: regression
  cap: 50
  size: medium
  batch_size: 256
slurm:
  partition: titans
  time: '12:00:00'
  mem: 2gb
  gpu_arch: Ampere
  cpus: 1
  gpu: 1
hpc:
  queue: gpuv100
  time: '12:00'
  mem: 500MB
  cpus: 4
  gpu: 1
trainer:
  type: ntn
  n_epochs: 20
  ridge: 5
  ridge_decay: 0.25
  ridge_min: 0.0001
  adaptive_ridge: false
  patience: 10
  min_delta: 0.001
  train_selection: true
seed: 32874
experiment_name: ${model.name}_${dataset.name}_${trainer.type}_rg${trainer.ridge}_init${model.init_strength}
skip_completed: true
update_tracking: false

[2026-04-03 22:49:15,616][__main__][INFO] - Output directory: /zhome/6b/e/212868/GTN/outputs/ntn/bike/CPDA_rg5_init0.1/L4_bd64_seed32874
[2026-04-03 22:49:15,616][__main__][INFO] - Loading dataset: bike
[2026-04-03 22:49:17,597][__main__][INFO] -   Samples: train=12165, val=2607, test=2607
[2026-04-03 22:49:17,598][__main__][INFO] -   Features: 13 (including bias), Task: regression
[2026-04-03 22:49:17,598][__main__][INFO] -   Device: cuda
[2026-04-03 22:49:17,598][__main__][INFO] - Creating model: CPDA
Starting Fit: 20 epochs.
Sweep Order: ['Node0', 'Node1', 'Node2', 'Node3', 'Node2', 'Node1']
Validation: Using separate validation set for best model selection
Early stopping: patience=10, min_delta=0.001
Init    | Train: loss: 75982169.62235 | quality: -2270.51473
        | Val:   loss: 113100331.16378 | quality: -3492.71908
[2026-04-03 22:49:17,855][HYDRA] 	#38 : model.L=4 model.bond_dim=64 seed=47311 trainer.ridge=5 trainer.ridge_decay=0.25 trainer.ridge_min=0.0001 +experiment=cpda_ntn_sweep model=cpda dataset=bike
[2026-04-03 22:49:18,210][__main__][INFO] - Configuration:
model:
  name: CPDA
  L: 4
  bond_dim: 64
  output_site: null
  init_strength: 0.1
dataset:
  name: bike
  task: regression
  cap: 50
  size: medium
  batch_size: 256
slurm:
  partition: titans
  time: '12:00:00'
  mem: 2gb
  gpu_arch: Ampere
  cpus: 1
  gpu: 1
hpc:
  queue: gpuv100
  time: '12:00'
  mem: 500MB
  cpus: 4
  gpu: 1
trainer:
  type: ntn
  n_epochs: 20
  ridge: 5
  ridge_decay: 0.25
  ridge_min: 0.0001
  adaptive_ridge: false
  patience: 10
  min_delta: 0.001
  train_selection: true
seed: 47311
experiment_name: ${model.name}_${dataset.name}_${trainer.type}_rg${trainer.ridge}_init${model.init_strength}
skip_completed: true
update_tracking: false

[2026-04-03 22:49:18,212][__main__][INFO] - Output directory: /zhome/6b/e/212868/GTN/outputs/ntn/bike/CPDA_rg5_init0.1/L4_bd64_seed47311
[2026-04-03 22:49:18,213][__main__][INFO] - Loading dataset: bike
[2026-04-03 22:49:20,209][__main__][INFO] -   Samples: train=12165, val=2607, test=2607
[2026-04-03 22:49:20,210][__main__][INFO] -   Features: 13 (including bias), Task: regression
[2026-04-03 22:49:20,210][__main__][INFO] -   Device: cuda
[2026-04-03 22:49:20,210][__main__][INFO] - Creating model: CPDA
Starting Fit: 20 epochs.
Sweep Order: ['Node0', 'Node1', 'Node2', 'Node3', 'Node2', 'Node1']
Validation: Using separate validation set for best model selection
Early stopping: patience=10, min_delta=0.001
Init    | Train: loss: 7782774.15025 | quality: -231.66888
        | Val:   loss: 8808070.40656 | quality: -271.08518
[2026-04-03 22:49:20,468][HYDRA] 	#39 : model.L=4 model.bond_dim=64 seed=47303 trainer.ridge=5 trainer.ridge_decay=0.25 trainer.ridge_min=0.0001 +experiment=cpda_ntn_sweep model=cpda dataset=bike
[2026-04-03 22:49:20,591][__main__][INFO] - Configuration:
model:
  name: CPDA
  L: 4
  bond_dim: 64
  output_site: null
  init_strength: 0.1
dataset:
  name: bike
  task: regression
  cap: 50
  size: medium
  batch_size: 256
slurm:
  partition: titans
  time: '12:00:00'
  mem: 2gb
  gpu_arch: Ampere
  cpus: 1
  gpu: 1
hpc:
  queue: gpuv100
  time: '12:00'
  mem: 500MB
  cpus: 4
  gpu: 1
trainer:
  type: ntn
  n_epochs: 20
  ridge: 5
  ridge_decay: 0.25
  ridge_min: 0.0001
  adaptive_ridge: false
  patience: 10
  min_delta: 0.001
  train_selection: true
seed: 47303
experiment_name: ${model.name}_${dataset.name}_${trainer.type}_rg${trainer.ridge}_init${model.init_strength}
skip_completed: true
update_tracking: false

[2026-04-03 22:49:20,594][__main__][INFO] - Output directory: /zhome/6b/e/212868/GTN/outputs/ntn/bike/CPDA_rg5_init0.1/L4_bd64_seed47303
[2026-04-03 22:49:20,594][__main__][INFO] - Loading dataset: bike
[2026-04-03 22:49:22,737][__main__][INFO] -   Samples: train=12165, val=2607, test=2607
[2026-04-03 22:49:22,738][__main__][INFO] -   Features: 13 (including bias), Task: regression
[2026-04-03 22:49:22,738][__main__][INFO] -   Device: cuda
[2026-04-03 22:49:22,738][__main__][INFO] - Creating model: CPDA
Starting Fit: 20 epochs.
Sweep Order: ['Node0', 'Node1', 'Node2', 'Node3', 'Node2', 'Node1']
Validation: Using separate validation set for best model selection
Early stopping: patience=10, min_delta=0.001
Init    | Train: loss: 7883113.94494 | quality: -234.66857
        | Val:   loss: 10201333.24429 | quality: -314.12368

------------------------------------------------------------
Sender: LSF System <lsfadmin@hpc.dtu.dk>
Subject: Job 28140738: <ntn-cpda-bike> in cluster <dcc> Exited

Job <ntn-cpda-bike> was submitted from host <hpclogin1> by user <nicci> in cluster <dcc> at Fri Apr  3 22:42:47 2026
Job was executed on host(s) <4*n-62-11-16>, in queue <gpuv100>, as user <nicci> in cluster <dcc> at Fri Apr  3 22:47:27 2026
</zhome/6b/e/212868> was used as the home directory.
</zhome/6b/e/212868/GTN/submit_ntn_cpda> was used as the working directory.
Started at Fri Apr  3 22:47:27 2026
Terminated at Fri Apr  3 22:49:24 2026
Results reported at Fri Apr  3 22:49:24 2026

Your job looked like:

------------------------------------------------------------
# LSBATCH: User input
#!/bin/sh
#BSUB -q gpuv100
#BSUB -J ntn-cpda-bike
#BSUB -W 12:00
#BSUB -n 4
#BSUB -gpu "num=1:mode=exclusive_process"
#BSUB -R "rusage[mem=500MB]"
#BSUB -R "span[hosts=1]"
#BSUB -o logs/ntn-cpda-bike_%J.out
#BSUB -e logs/ntn-cpda-bike_%J.err
#BSUB -u nicci@dtu.dk

export HOME=/zhome/6b/e/212868
cd $HOME/GTN
source .venv/bin/activate

set -a && source $HOME/aim && set +a

python run.py --multirun +experiment=cpda_ntn_sweep model=cpda dataset=bike

------------------------------------------------------------

Exited with exit code 1.

Resource usage summary:

    CPU time :                                   29.00 sec.
    Max Memory :                                 403 MB
    Average Memory :                             274.00 MB
    Total Requested Memory :                     2000.00 MB
    Delta Memory :                               1597.00 MB
    Max Swap :                                   -
    Max Processes :                              4
    Max Threads :                                7
    Run time :                                   117 sec.
    Turnaround time :                            397 sec.

The output (if any) is above this job summary.



PS:

Read file <logs/ntn-cpda-bike_28140738.err> for stderr output of this job.

