[2026-04-05 20:15:22,105][HYDRA] Launching 1 jobs locally
[2026-04-05 20:15:22,105][HYDRA] 	#0 : trainer=ntn model=tnml_f dataset=bike
[2026-04-05 20:15:22,213][__main__][INFO] - Configuration:
model:
  name: TNML_F
  L: 3
  bond_dim: 6
  output_site: null
  init_strength: 0.1
dataset:
  name: bike
  task: regression
  cap: 50
  size: medium
  batch_size: 256
slurm:
  partition: titans
  time: '12:00:00'
  mem: 2gb
  gpu_arch: Ampere
  cpus: 1
  gpu: 1
hpc:
  queue: gpuv100
  time: '12:00'
  mem: 500MB
  cpus: 4
  gpu: 1
trainer:
  type: ntn
  n_epochs: 20
  ridge: 5
  ridge_decay: 0.25
  ridge_min: 0.0001
  adaptive_ridge: false
  patience: 10
  min_delta: 0.001
  train_selection: true
seed: 42
experiment_name: ${model.name}_${dataset.name}_${trainer.type}_rg${trainer.ridge}_init${model.init_strength}
skip_completed: true
update_tracking: false

[2026-04-05 20:15:22,221][__main__][INFO] - Output directory: /zhome/6b/e/212868/GTN/outputs/ntn/bike/TNML_F_rg5_init0.1/L3_bd6_seed42
[2026-04-05 20:15:22,281][utils.tracking][INFO] - Loaded 14828 tracked runs from runs_tracking.csv
[2026-04-05 20:15:22,282][__main__][INFO] - Loading dataset: bike
[2026-04-05 20:15:24,614][__main__][INFO] -   Samples: train=12165, val=2607, test=2607
[2026-04-05 20:15:24,614][__main__][INFO] -   Features: 13 (including bias), Task: regression
[2026-04-05 20:15:24,614][__main__][INFO] -   Device: cuda
[2026-04-05 20:15:24,615][__main__][INFO] - Creating model: TNML_F
Starting Fit: 20 epochs.
Sweep Order: ['Node0', 'Node1', 'Node2', 'Node3', 'Node4', 'Node5', 'Node6', 'Node7', 'Node8', 'Node9', 'Node10', 'Node11', 'Node10', 'Node9', 'Node8', 'Node7', 'Node6', 'Node5', 'Node4', 'Node3', 'Node2', 'Node1']
Validation: Using separate validation set for best model selection
Early stopping: patience=10, min_delta=0.001
Init    | Train: loss: 70016.10584 | quality: -1.09316
        | Val:   loss: 66159.76094 | quality: -1.04370

------------------------------------------------------------
Sender: LSF System <lsfadmin@hpc.dtu.dk>
Subject: Job 28144150: <ntn-tnml-f-bike> in cluster <dcc> Exited

Job <ntn-tnml-f-bike> was submitted from host <hpclogin1> by user <nicci> in cluster <dcc> at Sun Apr  5 19:49:28 2026
Job was executed on host(s) <4*n-62-20-12>, in queue <gpuv100>, as user <nicci> in cluster <dcc> at Sun Apr  5 20:15:15 2026
</zhome/6b/e/212868> was used as the home directory.
</zhome/6b/e/212868/GTN/submit_ntn_tnml> was used as the working directory.
Started at Sun Apr  5 20:15:15 2026
Terminated at Sun Apr  5 20:15:26 2026
Results reported at Sun Apr  5 20:15:26 2026

Your job looked like:

------------------------------------------------------------
# LSBATCH: User input
#!/bin/sh
#BSUB -q gpuv100
#BSUB -J ntn-tnml-f-bike
#BSUB -W 12:00
#BSUB -n 4
#BSUB -gpu "num=1:mode=exclusive_process"
#BSUB -R "rusage[mem=500MB]"
#BSUB -R "span[hosts=1]"
#BSUB -o logs/ntn-tnml-f-bike_%J.out
#BSUB -e logs/ntn-tnml-f-bike_%J.err
#BSUB -u nicci@dtu.dk

export HOME=/zhome/6b/e/212868
cd $HOME/GTN
source .venv/bin/activate

set -a && source $HOME/aim && set +a

python run.py --multirun trainer=ntn model=tnml_f dataset=bike

------------------------------------------------------------

Exited with exit code 1.

Resource usage summary:

    CPU time :                                   5.55 sec.
    Max Memory :                                 -
    Average Memory :                             -
    Total Requested Memory :                     2000.00 MB
    Delta Memory :                               -
    Max Swap :                                   -
    Max Processes :                              -
    Max Threads :                                -
    Run time :                                   11 sec.
    Turnaround time :                            1558 sec.

The output (if any) is above this job summary.



PS:

Read file <logs/ntn-tnml-f-bike_28144150.err> for stderr output of this job.

