[2026-04-09 13:44:36,430][HYDRA] Launching 30 jobs locally
[2026-04-09 13:44:36,430][HYDRA] 	#0 : model.L=3 model.bond_dim=4 seed=42 trainer.ridge=5 trainer.ridge_decay=0.25 trainer.ridge_min=0.0001 +experiment=uci_ntn_sweep model=tnml_f dataset=breast
[2026-04-09 13:44:36,997][__main__][INFO] - Configuration:
model:
  name: TNML_F
  L: 3
  bond_dim: 4
  output_site: null
  init_strength: 0.1
dataset:
  name: breast
  task: classification
  cap: 50
  size: small
  batch_size: 256
slurm:
  partition: titans
  time: '12:00:00'
  mem: 2gb
  gpu_arch: Ampere
  cpus: 1
  gpu: 1
hpc:
  queue: gpuv100
  time: '12:00'
  mem: 500MB
  cpus: 4
  gpu: 1
trainer:
  type: ntn
  n_epochs: 20
  ridge: 5
  ridge_decay: 0.25
  ridge_min: 0.0001
  adaptive_ridge: false
  patience: 10
  min_delta: 0.001
  train_selection: true
seed: 42
experiment_name: ${model.name}_${dataset.name}_${trainer.type}_rg${trainer.ridge}_init${model.init_strength}
skip_completed: true
update_tracking: false

[2026-04-09 13:44:37,004][__main__][INFO] - Output directory: /zhome/6b/e/212868/GTN/outputs/ntn/breast/TNML_F_rg5_init0.1/L3_bd4_seed42
[2026-04-09 13:44:37,064][utils.tracking][INFO] - Loaded 16586 tracked runs from runs_tracking.csv
[2026-04-09 13:44:37,067][__main__][INFO] - ⏭ Skipping: already completed successfully (from results.json)
[2026-04-09 13:44:37,067][__main__][INFO] -   Previous val_quality: 0.5647058823529412
[2026-04-09 13:44:37,117][HYDRA] 	#1 : model.L=3 model.bond_dim=4 seed=10090 trainer.ridge=5 trainer.ridge_decay=0.25 trainer.ridge_min=0.0001 +experiment=uci_ntn_sweep model=tnml_f dataset=breast
[2026-04-09 13:44:37,554][__main__][INFO] - Configuration:
model:
  name: TNML_F
  L: 3
  bond_dim: 4
  output_site: null
  init_strength: 0.1
dataset:
  name: breast
  task: classification
  cap: 50
  size: small
  batch_size: 256
slurm:
  partition: titans
  time: '12:00:00'
  mem: 2gb
  gpu_arch: Ampere
  cpus: 1
  gpu: 1
hpc:
  queue: gpuv100
  time: '12:00'
  mem: 500MB
  cpus: 4
  gpu: 1
trainer:
  type: ntn
  n_epochs: 20
  ridge: 5
  ridge_decay: 0.25
  ridge_min: 0.0001
  adaptive_ridge: false
  patience: 10
  min_delta: 0.001
  train_selection: true
seed: 10090
experiment_name: ${model.name}_${dataset.name}_${trainer.type}_rg${trainer.ridge}_init${model.init_strength}
skip_completed: true
update_tracking: false

[2026-04-09 13:44:37,556][__main__][INFO] - Output directory: /zhome/6b/e/212868/GTN/outputs/ntn/breast/TNML_F_rg5_init0.1/L3_bd4_seed10090
[2026-04-09 13:44:37,558][__main__][INFO] - ⏭ Skipping: already completed successfully (from results.json)
[2026-04-09 13:44:37,558][__main__][INFO] -   Previous val_quality: 0.5647058823529412
[2026-04-09 13:44:37,567][HYDRA] 	#2 : model.L=3 model.bond_dim=4 seed=32874 trainer.ridge=5 trainer.ridge_decay=0.25 trainer.ridge_min=0.0001 +experiment=uci_ntn_sweep model=tnml_f dataset=breast
[2026-04-09 13:44:38,004][__main__][INFO] - Configuration:
model:
  name: TNML_F
  L: 3
  bond_dim: 4
  output_site: null
  init_strength: 0.1
dataset:
  name: breast
  task: classification
  cap: 50
  size: small
  batch_size: 256
slurm:
  partition: titans
  time: '12:00:00'
  mem: 2gb
  gpu_arch: Ampere
  cpus: 1
  gpu: 1
hpc:
  queue: gpuv100
  time: '12:00'
  mem: 500MB
  cpus: 4
  gpu: 1
trainer:
  type: ntn
  n_epochs: 20
  ridge: 5
  ridge_decay: 0.25
  ridge_min: 0.0001
  adaptive_ridge: false
  patience: 10
  min_delta: 0.001
  train_selection: true
seed: 32874
experiment_name: ${model.name}_${dataset.name}_${trainer.type}_rg${trainer.ridge}_init${model.init_strength}
skip_completed: true
update_tracking: false

[2026-04-09 13:44:38,008][__main__][INFO] - Output directory: /zhome/6b/e/212868/GTN/outputs/ntn/breast/TNML_F_rg5_init0.1/L3_bd4_seed32874
[2026-04-09 13:44:38,010][__main__][INFO] - ⏭ Skipping: already completed successfully (from results.json)
[2026-04-09 13:44:38,010][__main__][INFO] -   Previous val_quality: 0.5647058823529412
[2026-04-09 13:44:38,047][HYDRA] 	#3 : model.L=3 model.bond_dim=4 seed=47311 trainer.ridge=5 trainer.ridge_decay=0.25 trainer.ridge_min=0.0001 +experiment=uci_ntn_sweep model=tnml_f dataset=breast
[2026-04-09 13:44:38,387][__main__][INFO] - Configuration:
model:
  name: TNML_F
  L: 3
  bond_dim: 4
  output_site: null
  init_strength: 0.1
dataset:
  name: breast
  task: classification
  cap: 50
  size: small
  batch_size: 256
slurm:
  partition: titans
  time: '12:00:00'
  mem: 2gb
  gpu_arch: Ampere
  cpus: 1
  gpu: 1
hpc:
  queue: gpuv100
  time: '12:00'
  mem: 500MB
  cpus: 4
  gpu: 1
trainer:
  type: ntn
  n_epochs: 20
  ridge: 5
  ridge_decay: 0.25
  ridge_min: 0.0001
  adaptive_ridge: false
  patience: 10
  min_delta: 0.001
  train_selection: true
seed: 47311
experiment_name: ${model.name}_${dataset.name}_${trainer.type}_rg${trainer.ridge}_init${model.init_strength}
skip_completed: true
update_tracking: false

[2026-04-09 13:44:38,388][__main__][INFO] - Output directory: /zhome/6b/e/212868/GTN/outputs/ntn/breast/TNML_F_rg5_init0.1/L3_bd4_seed47311
[2026-04-09 13:44:38,390][__main__][INFO] - ⏭ Skipping: already completed successfully (from results.json)
[2026-04-09 13:44:38,390][__main__][INFO] -   Previous val_quality: 0.5647058823529412
[2026-04-09 13:44:38,393][HYDRA] 	#4 : model.L=3 model.bond_dim=4 seed=47303 trainer.ridge=5 trainer.ridge_decay=0.25 trainer.ridge_min=0.0001 +experiment=uci_ntn_sweep model=tnml_f dataset=breast
[2026-04-09 13:44:38,903][__main__][INFO] - Configuration:
model:
  name: TNML_F
  L: 3
  bond_dim: 4
  output_site: null
  init_strength: 0.1
dataset:
  name: breast
  task: classification
  cap: 50
  size: small
  batch_size: 256
slurm:
  partition: titans
  time: '12:00:00'
  mem: 2gb
  gpu_arch: Ampere
  cpus: 1
  gpu: 1
hpc:
  queue: gpuv100
  time: '12:00'
  mem: 500MB
  cpus: 4
  gpu: 1
trainer:
  type: ntn
  n_epochs: 20
  ridge: 5
  ridge_decay: 0.25
  ridge_min: 0.0001
  adaptive_ridge: false
  patience: 10
  min_delta: 0.001
  train_selection: true
seed: 47303
experiment_name: ${model.name}_${dataset.name}_${trainer.type}_rg${trainer.ridge}_init${model.init_strength}
skip_completed: true
update_tracking: false

[2026-04-09 13:44:38,904][__main__][INFO] - Output directory: /zhome/6b/e/212868/GTN/outputs/ntn/breast/TNML_F_rg5_init0.1/L3_bd4_seed47303
[2026-04-09 13:44:38,905][__main__][INFO] - ⏭ Skipping: already completed successfully (from results.json)
[2026-04-09 13:44:38,905][__main__][INFO] -   Previous val_quality: 0.5647058823529412
[2026-04-09 13:44:38,940][HYDRA] 	#5 : model.L=3 model.bond_dim=8 seed=42 trainer.ridge=5 trainer.ridge_decay=0.25 trainer.ridge_min=0.0001 +experiment=uci_ntn_sweep model=tnml_f dataset=breast
[2026-04-09 13:44:39,284][__main__][INFO] - Configuration:
model:
  name: TNML_F
  L: 3
  bond_dim: 8
  output_site: null
  init_strength: 0.1
dataset:
  name: breast
  task: classification
  cap: 50
  size: small
  batch_size: 256
slurm:
  partition: titans
  time: '12:00:00'
  mem: 2gb
  gpu_arch: Ampere
  cpus: 1
  gpu: 1
hpc:
  queue: gpuv100
  time: '12:00'
  mem: 500MB
  cpus: 4
  gpu: 1
trainer:
  type: ntn
  n_epochs: 20
  ridge: 5
  ridge_decay: 0.25
  ridge_min: 0.0001
  adaptive_ridge: false
  patience: 10
  min_delta: 0.001
  train_selection: true
seed: 42
experiment_name: ${model.name}_${dataset.name}_${trainer.type}_rg${trainer.ridge}_init${model.init_strength}
skip_completed: true
update_tracking: false

[2026-04-09 13:44:39,289][__main__][INFO] - Output directory: /zhome/6b/e/212868/GTN/outputs/ntn/breast/TNML_F_rg5_init0.1/L3_bd8_seed42
[2026-04-09 13:44:39,290][__main__][INFO] - ⏭ Skipping: already completed successfully (from results.json)
[2026-04-09 13:44:39,290][__main__][INFO] -   Previous val_quality: 0.5647058823529412
[2026-04-09 13:44:39,377][HYDRA] 	#6 : model.L=3 model.bond_dim=8 seed=10090 trainer.ridge=5 trainer.ridge_decay=0.25 trainer.ridge_min=0.0001 +experiment=uci_ntn_sweep model=tnml_f dataset=breast
[2026-04-09 13:44:39,866][__main__][INFO] - Configuration:
model:
  name: TNML_F
  L: 3
  bond_dim: 8
  output_site: null
  init_strength: 0.1
dataset:
  name: breast
  task: classification
  cap: 50
  size: small
  batch_size: 256
slurm:
  partition: titans
  time: '12:00:00'
  mem: 2gb
  gpu_arch: Ampere
  cpus: 1
  gpu: 1
hpc:
  queue: gpuv100
  time: '12:00'
  mem: 500MB
  cpus: 4
  gpu: 1
trainer:
  type: ntn
  n_epochs: 20
  ridge: 5
  ridge_decay: 0.25
  ridge_min: 0.0001
  adaptive_ridge: false
  patience: 10
  min_delta: 0.001
  train_selection: true
seed: 10090
experiment_name: ${model.name}_${dataset.name}_${trainer.type}_rg${trainer.ridge}_init${model.init_strength}
skip_completed: true
update_tracking: false

[2026-04-09 13:44:39,867][__main__][INFO] - Output directory: /zhome/6b/e/212868/GTN/outputs/ntn/breast/TNML_F_rg5_init0.1/L3_bd8_seed10090
[2026-04-09 13:44:39,868][__main__][INFO] - ⏭ Skipping: already completed successfully (from results.json)
[2026-04-09 13:44:39,868][__main__][INFO] -   Previous val_quality: 0.5647058823529412
[2026-04-09 13:44:39,876][HYDRA] 	#7 : model.L=3 model.bond_dim=8 seed=32874 trainer.ridge=5 trainer.ridge_decay=0.25 trainer.ridge_min=0.0001 +experiment=uci_ntn_sweep model=tnml_f dataset=breast
[2026-04-09 13:44:40,456][__main__][INFO] - Configuration:
model:
  name: TNML_F
  L: 3
  bond_dim: 8
  output_site: null
  init_strength: 0.1
dataset:
  name: breast
  task: classification
  cap: 50
  size: small
  batch_size: 256
slurm:
  partition: titans
  time: '12:00:00'
  mem: 2gb
  gpu_arch: Ampere
  cpus: 1
  gpu: 1
hpc:
  queue: gpuv100
  time: '12:00'
  mem: 500MB
  cpus: 4
  gpu: 1
trainer:
  type: ntn
  n_epochs: 20
  ridge: 5
  ridge_decay: 0.25
  ridge_min: 0.0001
  adaptive_ridge: false
  patience: 10
  min_delta: 0.001
  train_selection: true
seed: 32874
experiment_name: ${model.name}_${dataset.name}_${trainer.type}_rg${trainer.ridge}_init${model.init_strength}
skip_completed: true
update_tracking: false

[2026-04-09 13:44:40,461][__main__][INFO] - Output directory: /zhome/6b/e/212868/GTN/outputs/ntn/breast/TNML_F_rg5_init0.1/L3_bd8_seed32874
[2026-04-09 13:44:40,463][__main__][INFO] - ⏭ Skipping: already completed successfully (from results.json)
[2026-04-09 13:44:40,463][__main__][INFO] -   Previous val_quality: 0.5647058823529412
[2026-04-09 13:44:40,510][HYDRA] 	#8 : model.L=3 model.bond_dim=8 seed=47311 trainer.ridge=5 trainer.ridge_decay=0.25 trainer.ridge_min=0.0001 +experiment=uci_ntn_sweep model=tnml_f dataset=breast
[2026-04-09 13:44:40,774][__main__][INFO] - Configuration:
model:
  name: TNML_F
  L: 3
  bond_dim: 8
  output_site: null
  init_strength: 0.1
dataset:
  name: breast
  task: classification
  cap: 50
  size: small
  batch_size: 256
slurm:
  partition: titans
  time: '12:00:00'
  mem: 2gb
  gpu_arch: Ampere
  cpus: 1
  gpu: 1
hpc:
  queue: gpuv100
  time: '12:00'
  mem: 500MB
  cpus: 4
  gpu: 1
trainer:
  type: ntn
  n_epochs: 20
  ridge: 5
  ridge_decay: 0.25
  ridge_min: 0.0001
  adaptive_ridge: false
  patience: 10
  min_delta: 0.001
  train_selection: true
seed: 47311
experiment_name: ${model.name}_${dataset.name}_${trainer.type}_rg${trainer.ridge}_init${model.init_strength}
skip_completed: true
update_tracking: false

[2026-04-09 13:44:40,776][__main__][INFO] - Output directory: /zhome/6b/e/212868/GTN/outputs/ntn/breast/TNML_F_rg5_init0.1/L3_bd8_seed47311
[2026-04-09 13:44:40,778][__main__][INFO] - ⏭ Skipping: already completed successfully (from results.json)
[2026-04-09 13:44:40,778][__main__][INFO] -   Previous val_quality: 0.5647058823529412
[2026-04-09 13:44:40,845][HYDRA] 	#9 : model.L=3 model.bond_dim=8 seed=47303 trainer.ridge=5 trainer.ridge_decay=0.25 trainer.ridge_min=0.0001 +experiment=uci_ntn_sweep model=tnml_f dataset=breast
[2026-04-09 13:44:41,153][__main__][INFO] - Configuration:
model:
  name: TNML_F
  L: 3
  bond_dim: 8
  output_site: null
  init_strength: 0.1
dataset:
  name: breast
  task: classification
  cap: 50
  size: small
  batch_size: 256
slurm:
  partition: titans
  time: '12:00:00'
  mem: 2gb
  gpu_arch: Ampere
  cpus: 1
  gpu: 1
hpc:
  queue: gpuv100
  time: '12:00'
  mem: 500MB
  cpus: 4
  gpu: 1
trainer:
  type: ntn
  n_epochs: 20
  ridge: 5
  ridge_decay: 0.25
  ridge_min: 0.0001
  adaptive_ridge: false
  patience: 10
  min_delta: 0.001
  train_selection: true
seed: 47303
experiment_name: ${model.name}_${dataset.name}_${trainer.type}_rg${trainer.ridge}_init${model.init_strength}
skip_completed: true
update_tracking: false

[2026-04-09 13:44:41,154][__main__][INFO] - Output directory: /zhome/6b/e/212868/GTN/outputs/ntn/breast/TNML_F_rg5_init0.1/L3_bd8_seed47303
[2026-04-09 13:44:41,155][__main__][INFO] - ⏭ Skipping: already completed successfully (from results.json)
[2026-04-09 13:44:41,155][__main__][INFO] -   Previous val_quality: 0.611764705882353
[2026-04-09 13:44:41,664][HYDRA] 	#10 : model.L=3 model.bond_dim=12 seed=42 trainer.ridge=5 trainer.ridge_decay=0.25 trainer.ridge_min=0.0001 +experiment=uci_ntn_sweep model=tnml_f dataset=breast
[2026-04-09 13:44:43,109][__main__][INFO] - Configuration:
model:
  name: TNML_F
  L: 3
  bond_dim: 12
  output_site: null
  init_strength: 0.1
dataset:
  name: breast
  task: classification
  cap: 50
  size: small
  batch_size: 256
slurm:
  partition: titans
  time: '12:00:00'
  mem: 2gb
  gpu_arch: Ampere
  cpus: 1
  gpu: 1
hpc:
  queue: gpuv100
  time: '12:00'
  mem: 500MB
  cpus: 4
  gpu: 1
trainer:
  type: ntn
  n_epochs: 20
  ridge: 5
  ridge_decay: 0.25
  ridge_min: 0.0001
  adaptive_ridge: false
  patience: 10
  min_delta: 0.001
  train_selection: true
seed: 42
experiment_name: ${model.name}_${dataset.name}_${trainer.type}_rg${trainer.ridge}_init${model.init_strength}
skip_completed: true
update_tracking: false

[2026-04-09 13:44:43,119][__main__][INFO] - Output directory: /zhome/6b/e/212868/GTN/outputs/ntn/breast/TNML_F_rg5_init0.1/L3_bd12_seed42
[2026-04-09 13:44:43,121][__main__][INFO] - ⏭ Skipping: already completed successfully (from results.json)
[2026-04-09 13:44:43,121][__main__][INFO] -   Previous val_quality: 0.5647058823529412
[2026-04-09 13:44:43,147][HYDRA] 	#11 : model.L=3 model.bond_dim=12 seed=10090 trainer.ridge=5 trainer.ridge_decay=0.25 trainer.ridge_min=0.0001 +experiment=uci_ntn_sweep model=tnml_f dataset=breast
[2026-04-09 13:44:43,765][__main__][INFO] - Configuration:
model:
  name: TNML_F
  L: 3
  bond_dim: 12
  output_site: null
  init_strength: 0.1
dataset:
  name: breast
  task: classification
  cap: 50
  size: small
  batch_size: 256
slurm:
  partition: titans
  time: '12:00:00'
  mem: 2gb
  gpu_arch: Ampere
  cpus: 1
  gpu: 1
hpc:
  queue: gpuv100
  time: '12:00'
  mem: 500MB
  cpus: 4
  gpu: 1
trainer:
  type: ntn
  n_epochs: 20
  ridge: 5
  ridge_decay: 0.25
  ridge_min: 0.0001
  adaptive_ridge: false
  patience: 10
  min_delta: 0.001
  train_selection: true
seed: 10090
experiment_name: ${model.name}_${dataset.name}_${trainer.type}_rg${trainer.ridge}_init${model.init_strength}
skip_completed: true
update_tracking: false

[2026-04-09 13:44:43,766][__main__][INFO] - Output directory: /zhome/6b/e/212868/GTN/outputs/ntn/breast/TNML_F_rg5_init0.1/L3_bd12_seed10090
[2026-04-09 13:44:43,768][__main__][INFO] - ⏭ Skipping: already completed successfully (from results.json)
[2026-04-09 13:44:43,768][__main__][INFO] -   Previous val_quality: 0.5647058823529412
[2026-04-09 13:44:43,859][HYDRA] 	#12 : model.L=3 model.bond_dim=12 seed=32874 trainer.ridge=5 trainer.ridge_decay=0.25 trainer.ridge_min=0.0001 +experiment=uci_ntn_sweep model=tnml_f dataset=breast
[2026-04-09 13:44:44,727][__main__][INFO] - Configuration:
model:
  name: TNML_F
  L: 3
  bond_dim: 12
  output_site: null
  init_strength: 0.1
dataset:
  name: breast
  task: classification
  cap: 50
  size: small
  batch_size: 256
slurm:
  partition: titans
  time: '12:00:00'
  mem: 2gb
  gpu_arch: Ampere
  cpus: 1
  gpu: 1
hpc:
  queue: gpuv100
  time: '12:00'
  mem: 500MB
  cpus: 4
  gpu: 1
trainer:
  type: ntn
  n_epochs: 20
  ridge: 5
  ridge_decay: 0.25
  ridge_min: 0.0001
  adaptive_ridge: false
  patience: 10
  min_delta: 0.001
  train_selection: true
seed: 32874
experiment_name: ${model.name}_${dataset.name}_${trainer.type}_rg${trainer.ridge}_init${model.init_strength}
skip_completed: true
update_tracking: false

[2026-04-09 13:44:44,732][__main__][INFO] - Output directory: /zhome/6b/e/212868/GTN/outputs/ntn/breast/TNML_F_rg5_init0.1/L3_bd12_seed32874
[2026-04-09 13:44:44,733][__main__][INFO] - ⏭ Skipping: already completed successfully (from results.json)
[2026-04-09 13:44:44,733][__main__][INFO] -   Previous val_quality: 0.5647058823529412
[2026-04-09 13:44:45,234][HYDRA] 	#13 : model.L=3 model.bond_dim=12 seed=47311 trainer.ridge=5 trainer.ridge_decay=0.25 trainer.ridge_min=0.0001 +experiment=uci_ntn_sweep model=tnml_f dataset=breast
[2026-04-09 13:44:46,081][__main__][INFO] - Configuration:
model:
  name: TNML_F
  L: 3
  bond_dim: 12
  output_site: null
  init_strength: 0.1
dataset:
  name: breast
  task: classification
  cap: 50
  size: small
  batch_size: 256
slurm:
  partition: titans
  time: '12:00:00'
  mem: 2gb
  gpu_arch: Ampere
  cpus: 1
  gpu: 1
hpc:
  queue: gpuv100
  time: '12:00'
  mem: 500MB
  cpus: 4
  gpu: 1
trainer:
  type: ntn
  n_epochs: 20
  ridge: 5
  ridge_decay: 0.25
  ridge_min: 0.0001
  adaptive_ridge: false
  patience: 10
  min_delta: 0.001
  train_selection: true
seed: 47311
experiment_name: ${model.name}_${dataset.name}_${trainer.type}_rg${trainer.ridge}_init${model.init_strength}
skip_completed: true
update_tracking: false

[2026-04-09 13:44:46,086][__main__][INFO] - Output directory: /zhome/6b/e/212868/GTN/outputs/ntn/breast/TNML_F_rg5_init0.1/L3_bd12_seed47311
[2026-04-09 13:44:46,087][__main__][INFO] - ⏭ Skipping: already completed successfully (from results.json)
[2026-04-09 13:44:46,087][__main__][INFO] -   Previous val_quality: 0.5647058823529412
[2026-04-09 13:44:46,246][HYDRA] 	#14 : model.L=3 model.bond_dim=12 seed=47303 trainer.ridge=5 trainer.ridge_decay=0.25 trainer.ridge_min=0.0001 +experiment=uci_ntn_sweep model=tnml_f dataset=breast
[2026-04-09 13:44:48,242][__main__][INFO] - Configuration:
model:
  name: TNML_F
  L: 3
  bond_dim: 12
  output_site: null
  init_strength: 0.1
dataset:
  name: breast
  task: classification
  cap: 50
  size: small
  batch_size: 256
slurm:
  partition: titans
  time: '12:00:00'
  mem: 2gb
  gpu_arch: Ampere
  cpus: 1
  gpu: 1
hpc:
  queue: gpuv100
  time: '12:00'
  mem: 500MB
  cpus: 4
  gpu: 1
trainer:
  type: ntn
  n_epochs: 20
  ridge: 5
  ridge_decay: 0.25
  ridge_min: 0.0001
  adaptive_ridge: false
  patience: 10
  min_delta: 0.001
  train_selection: true
seed: 47303
experiment_name: ${model.name}_${dataset.name}_${trainer.type}_rg${trainer.ridge}_init${model.init_strength}
skip_completed: true
update_tracking: false

[2026-04-09 13:44:48,250][__main__][INFO] - Output directory: /zhome/6b/e/212868/GTN/outputs/ntn/breast/TNML_F_rg5_init0.1/L3_bd12_seed47303
[2026-04-09 13:44:48,252][__main__][INFO] - ⏭ Skipping: already completed successfully (from results.json)
[2026-04-09 13:44:48,252][__main__][INFO] -   Previous val_quality: 0.5647058823529412
[2026-04-09 13:44:48,254][HYDRA] 	#15 : model.L=4 model.bond_dim=4 seed=42 trainer.ridge=5 trainer.ridge_decay=0.25 trainer.ridge_min=0.0001 +experiment=uci_ntn_sweep model=tnml_f dataset=breast
[2026-04-09 13:44:48,868][__main__][INFO] - Configuration:
model:
  name: TNML_F
  L: 4
  bond_dim: 4
  output_site: null
  init_strength: 0.1
dataset:
  name: breast
  task: classification
  cap: 50
  size: small
  batch_size: 256
slurm:
  partition: titans
  time: '12:00:00'
  mem: 2gb
  gpu_arch: Ampere
  cpus: 1
  gpu: 1
hpc:
  queue: gpuv100
  time: '12:00'
  mem: 500MB
  cpus: 4
  gpu: 1
trainer:
  type: ntn
  n_epochs: 20
  ridge: 5
  ridge_decay: 0.25
  ridge_min: 0.0001
  adaptive_ridge: false
  patience: 10
  min_delta: 0.001
  train_selection: true
seed: 42
experiment_name: ${model.name}_${dataset.name}_${trainer.type}_rg${trainer.ridge}_init${model.init_strength}
skip_completed: true
update_tracking: false

[2026-04-09 13:44:48,869][__main__][INFO] - Output directory: /zhome/6b/e/212868/GTN/outputs/ntn/breast/TNML_F_rg5_init0.1/L4_bd4_seed42
[2026-04-09 13:44:48,870][__main__][INFO] - ⏭ Skipping: already completed successfully (from results.json)
[2026-04-09 13:44:48,871][__main__][INFO] -   Previous val_quality: 0.5647058823529412
[2026-04-09 13:44:48,996][HYDRA] 	#16 : model.L=4 model.bond_dim=4 seed=10090 trainer.ridge=5 trainer.ridge_decay=0.25 trainer.ridge_min=0.0001 +experiment=uci_ntn_sweep model=tnml_f dataset=breast
[2026-04-09 13:44:50,285][__main__][INFO] - Configuration:
model:
  name: TNML_F
  L: 4
  bond_dim: 4
  output_site: null
  init_strength: 0.1
dataset:
  name: breast
  task: classification
  cap: 50
  size: small
  batch_size: 256
slurm:
  partition: titans
  time: '12:00:00'
  mem: 2gb
  gpu_arch: Ampere
  cpus: 1
  gpu: 1
hpc:
  queue: gpuv100
  time: '12:00'
  mem: 500MB
  cpus: 4
  gpu: 1
trainer:
  type: ntn
  n_epochs: 20
  ridge: 5
  ridge_decay: 0.25
  ridge_min: 0.0001
  adaptive_ridge: false
  patience: 10
  min_delta: 0.001
  train_selection: true
seed: 10090
experiment_name: ${model.name}_${dataset.name}_${trainer.type}_rg${trainer.ridge}_init${model.init_strength}
skip_completed: true
update_tracking: false

[2026-04-09 13:44:50,291][__main__][INFO] - Output directory: /zhome/6b/e/212868/GTN/outputs/ntn/breast/TNML_F_rg5_init0.1/L4_bd4_seed10090
[2026-04-09 13:44:50,293][__main__][INFO] - ⏭ Skipping: already completed successfully (from results.json)
[2026-04-09 13:44:50,293][__main__][INFO] -   Previous val_quality: 0.5647058823529412
[2026-04-09 13:44:50,350][HYDRA] 	#17 : model.L=4 model.bond_dim=4 seed=32874 trainer.ridge=5 trainer.ridge_decay=0.25 trainer.ridge_min=0.0001 +experiment=uci_ntn_sweep model=tnml_f dataset=breast
[2026-04-09 13:44:51,260][__main__][INFO] - Configuration:
model:
  name: TNML_F
  L: 4
  bond_dim: 4
  output_site: null
  init_strength: 0.1
dataset:
  name: breast
  task: classification
  cap: 50
  size: small
  batch_size: 256
slurm:
  partition: titans
  time: '12:00:00'
  mem: 2gb
  gpu_arch: Ampere
  cpus: 1
  gpu: 1
hpc:
  queue: gpuv100
  time: '12:00'
  mem: 500MB
  cpus: 4
  gpu: 1
trainer:
  type: ntn
  n_epochs: 20
  ridge: 5
  ridge_decay: 0.25
  ridge_min: 0.0001
  adaptive_ridge: false
  patience: 10
  min_delta: 0.001
  train_selection: true
seed: 32874
experiment_name: ${model.name}_${dataset.name}_${trainer.type}_rg${trainer.ridge}_init${model.init_strength}
skip_completed: true
update_tracking: false

[2026-04-09 13:44:51,261][__main__][INFO] - Output directory: /zhome/6b/e/212868/GTN/outputs/ntn/breast/TNML_F_rg5_init0.1/L4_bd4_seed32874
[2026-04-09 13:44:51,262][__main__][INFO] - ⏭ Skipping: already completed successfully (from results.json)
[2026-04-09 13:44:51,263][__main__][INFO] -   Previous val_quality: 0.5647058823529412
[2026-04-09 13:44:51,289][HYDRA] 	#18 : model.L=4 model.bond_dim=4 seed=47311 trainer.ridge=5 trainer.ridge_decay=0.25 trainer.ridge_min=0.0001 +experiment=uci_ntn_sweep model=tnml_f dataset=breast
[2026-04-09 13:44:51,822][__main__][INFO] - Configuration:
model:
  name: TNML_F
  L: 4
  bond_dim: 4
  output_site: null
  init_strength: 0.1
dataset:
  name: breast
  task: classification
  cap: 50
  size: small
  batch_size: 256
slurm:
  partition: titans
  time: '12:00:00'
  mem: 2gb
  gpu_arch: Ampere
  cpus: 1
  gpu: 1
hpc:
  queue: gpuv100
  time: '12:00'
  mem: 500MB
  cpus: 4
  gpu: 1
trainer:
  type: ntn
  n_epochs: 20
  ridge: 5
  ridge_decay: 0.25
  ridge_min: 0.0001
  adaptive_ridge: false
  patience: 10
  min_delta: 0.001
  train_selection: true
seed: 47311
experiment_name: ${model.name}_${dataset.name}_${trainer.type}_rg${trainer.ridge}_init${model.init_strength}
skip_completed: true
update_tracking: false

[2026-04-09 13:44:51,826][__main__][INFO] - Output directory: /zhome/6b/e/212868/GTN/outputs/ntn/breast/TNML_F_rg5_init0.1/L4_bd4_seed47311
[2026-04-09 13:44:51,827][__main__][INFO] - ⏭ Skipping: already completed successfully (from results.json)
[2026-04-09 13:44:51,828][__main__][INFO] -   Previous val_quality: 0.5647058823529412
[2026-04-09 13:44:51,829][HYDRA] 	#19 : model.L=4 model.bond_dim=4 seed=47303 trainer.ridge=5 trainer.ridge_decay=0.25 trainer.ridge_min=0.0001 +experiment=uci_ntn_sweep model=tnml_f dataset=breast
[2026-04-09 13:44:52,589][__main__][INFO] - Configuration:
model:
  name: TNML_F
  L: 4
  bond_dim: 4
  output_site: null
  init_strength: 0.1
dataset:
  name: breast
  task: classification
  cap: 50
  size: small
  batch_size: 256
slurm:
  partition: titans
  time: '12:00:00'
  mem: 2gb
  gpu_arch: Ampere
  cpus: 1
  gpu: 1
hpc:
  queue: gpuv100
  time: '12:00'
  mem: 500MB
  cpus: 4
  gpu: 1
trainer:
  type: ntn
  n_epochs: 20
  ridge: 5
  ridge_decay: 0.25
  ridge_min: 0.0001
  adaptive_ridge: false
  patience: 10
  min_delta: 0.001
  train_selection: true
seed: 47303
experiment_name: ${model.name}_${dataset.name}_${trainer.type}_rg${trainer.ridge}_init${model.init_strength}
skip_completed: true
update_tracking: false

[2026-04-09 13:44:52,591][__main__][INFO] - Output directory: /zhome/6b/e/212868/GTN/outputs/ntn/breast/TNML_F_rg5_init0.1/L4_bd4_seed47303
[2026-04-09 13:44:52,593][__main__][INFO] - ⏭ Skipping: already completed successfully (from results.json)
[2026-04-09 13:44:52,593][__main__][INFO] -   Previous val_quality: 0.5647058823529412
[2026-04-09 13:44:52,594][HYDRA] 	#20 : model.L=4 model.bond_dim=8 seed=42 trainer.ridge=5 trainer.ridge_decay=0.25 trainer.ridge_min=0.0001 +experiment=uci_ntn_sweep model=tnml_f dataset=breast
[2026-04-09 13:44:52,994][__main__][INFO] - Configuration:
model:
  name: TNML_F
  L: 4
  bond_dim: 8
  output_site: null
  init_strength: 0.1
dataset:
  name: breast
  task: classification
  cap: 50
  size: small
  batch_size: 256
slurm:
  partition: titans
  time: '12:00:00'
  mem: 2gb
  gpu_arch: Ampere
  cpus: 1
  gpu: 1
hpc:
  queue: gpuv100
  time: '12:00'
  mem: 500MB
  cpus: 4
  gpu: 1
trainer:
  type: ntn
  n_epochs: 20
  ridge: 5
  ridge_decay: 0.25
  ridge_min: 0.0001
  adaptive_ridge: false
  patience: 10
  min_delta: 0.001
  train_selection: true
seed: 42
experiment_name: ${model.name}_${dataset.name}_${trainer.type}_rg${trainer.ridge}_init${model.init_strength}
skip_completed: true
update_tracking: false

[2026-04-09 13:44:52,999][__main__][INFO] - Output directory: /zhome/6b/e/212868/GTN/outputs/ntn/breast/TNML_F_rg5_init0.1/L4_bd8_seed42
[2026-04-09 13:44:53,000][__main__][INFO] - ⏭ Skipping: already completed successfully (from results.json)
[2026-04-09 13:44:53,000][__main__][INFO] -   Previous val_quality: 0.5647058823529412
[2026-04-09 13:44:53,757][HYDRA] 	#21 : model.L=4 model.bond_dim=8 seed=10090 trainer.ridge=5 trainer.ridge_decay=0.25 trainer.ridge_min=0.0001 +experiment=uci_ntn_sweep model=tnml_f dataset=breast
[2026-04-09 13:44:55,478][__main__][INFO] - Configuration:
model:
  name: TNML_F
  L: 4
  bond_dim: 8
  output_site: null
  init_strength: 0.1
dataset:
  name: breast
  task: classification
  cap: 50
  size: small
  batch_size: 256
slurm:
  partition: titans
  time: '12:00:00'
  mem: 2gb
  gpu_arch: Ampere
  cpus: 1
  gpu: 1
hpc:
  queue: gpuv100
  time: '12:00'
  mem: 500MB
  cpus: 4
  gpu: 1
trainer:
  type: ntn
  n_epochs: 20
  ridge: 5
  ridge_decay: 0.25
  ridge_min: 0.0001
  adaptive_ridge: false
  patience: 10
  min_delta: 0.001
  train_selection: true
seed: 10090
experiment_name: ${model.name}_${dataset.name}_${trainer.type}_rg${trainer.ridge}_init${model.init_strength}
skip_completed: true
update_tracking: false

[2026-04-09 13:44:55,485][__main__][INFO] - Output directory: /zhome/6b/e/212868/GTN/outputs/ntn/breast/TNML_F_rg5_init0.1/L4_bd8_seed10090
[2026-04-09 13:44:55,487][__main__][INFO] - ⏭ Skipping: already completed successfully (from results.json)
[2026-04-09 13:44:55,487][__main__][INFO] -   Previous val_quality: 0.5647058823529412
[2026-04-09 13:44:56,844][HYDRA] 	#22 : model.L=4 model.bond_dim=8 seed=32874 trainer.ridge=5 trainer.ridge_decay=0.25 trainer.ridge_min=0.0001 +experiment=uci_ntn_sweep model=tnml_f dataset=breast
[2026-04-09 13:44:58,185][__main__][INFO] - Configuration:
model:
  name: TNML_F
  L: 4
  bond_dim: 8
  output_site: null
  init_strength: 0.1
dataset:
  name: breast
  task: classification
  cap: 50
  size: small
  batch_size: 256
slurm:
  partition: titans
  time: '12:00:00'
  mem: 2gb
  gpu_arch: Ampere
  cpus: 1
  gpu: 1
hpc:
  queue: gpuv100
  time: '12:00'
  mem: 500MB
  cpus: 4
  gpu: 1
trainer:
  type: ntn
  n_epochs: 20
  ridge: 5
  ridge_decay: 0.25
  ridge_min: 0.0001
  adaptive_ridge: false
  patience: 10
  min_delta: 0.001
  train_selection: true
seed: 32874
experiment_name: ${model.name}_${dataset.name}_${trainer.type}_rg${trainer.ridge}_init${model.init_strength}
skip_completed: true
update_tracking: false

[2026-04-09 13:44:58,195][__main__][INFO] - Output directory: /zhome/6b/e/212868/GTN/outputs/ntn/breast/TNML_F_rg5_init0.1/L4_bd8_seed32874
[2026-04-09 13:44:58,197][__main__][INFO] - ⏭ Skipping: already completed successfully (from results.json)
[2026-04-09 13:44:58,197][__main__][INFO] -   Previous val_quality: 0.5647058823529412
[2026-04-09 13:45:01,732][HYDRA] 	#23 : model.L=4 model.bond_dim=8 seed=47311 trainer.ridge=5 trainer.ridge_decay=0.25 trainer.ridge_min=0.0001 +experiment=uci_ntn_sweep model=tnml_f dataset=breast
[2026-04-09 13:45:06,838][__main__][INFO] - Configuration:
model:
  name: TNML_F
  L: 4
  bond_dim: 8
  output_site: null
  init_strength: 0.1
dataset:
  name: breast
  task: classification
  cap: 50
  size: small
  batch_size: 256
slurm:
  partition: titans
  time: '12:00:00'
  mem: 2gb
  gpu_arch: Ampere
  cpus: 1
  gpu: 1
hpc:
  queue: gpuv100
  time: '12:00'
  mem: 500MB
  cpus: 4
  gpu: 1
trainer:
  type: ntn
  n_epochs: 20
  ridge: 5
  ridge_decay: 0.25
  ridge_min: 0.0001
  adaptive_ridge: false
  patience: 10
  min_delta: 0.001
  train_selection: true
seed: 47311
experiment_name: ${model.name}_${dataset.name}_${trainer.type}_rg${trainer.ridge}_init${model.init_strength}
skip_completed: true
update_tracking: false

[2026-04-09 13:45:06,845][__main__][INFO] - Output directory: /zhome/6b/e/212868/GTN/outputs/ntn/breast/TNML_F_rg5_init0.1/L4_bd8_seed47311
[2026-04-09 13:45:06,847][__main__][INFO] - ⏭ Skipping: already completed successfully (from results.json)
[2026-04-09 13:45:06,847][__main__][INFO] -   Previous val_quality: 0.5647058823529412
[2026-04-09 13:45:07,127][HYDRA] 	#24 : model.L=4 model.bond_dim=8 seed=47303 trainer.ridge=5 trainer.ridge_decay=0.25 trainer.ridge_min=0.0001 +experiment=uci_ntn_sweep model=tnml_f dataset=breast
[2026-04-09 13:45:07,613][__main__][INFO] - Configuration:
model:
  name: TNML_F
  L: 4
  bond_dim: 8
  output_site: null
  init_strength: 0.1
dataset:
  name: breast
  task: classification
  cap: 50
  size: small
  batch_size: 256
slurm:
  partition: titans
  time: '12:00:00'
  mem: 2gb
  gpu_arch: Ampere
  cpus: 1
  gpu: 1
hpc:
  queue: gpuv100
  time: '12:00'
  mem: 500MB
  cpus: 4
  gpu: 1
trainer:
  type: ntn
  n_epochs: 20
  ridge: 5
  ridge_decay: 0.25
  ridge_min: 0.0001
  adaptive_ridge: false
  patience: 10
  min_delta: 0.001
  train_selection: true
seed: 47303
experiment_name: ${model.name}_${dataset.name}_${trainer.type}_rg${trainer.ridge}_init${model.init_strength}
skip_completed: true
update_tracking: false

[2026-04-09 13:45:07,613][__main__][INFO] - Output directory: /zhome/6b/e/212868/GTN/outputs/ntn/breast/TNML_F_rg5_init0.1/L4_bd8_seed47303
[2026-04-09 13:45:07,615][__main__][INFO] - ⏭ Skipping: already completed successfully (from results.json)
[2026-04-09 13:45:07,615][__main__][INFO] -   Previous val_quality: 0.611764705882353
[2026-04-09 13:45:07,752][HYDRA] 	#25 : model.L=4 model.bond_dim=12 seed=42 trainer.ridge=5 trainer.ridge_decay=0.25 trainer.ridge_min=0.0001 +experiment=uci_ntn_sweep model=tnml_f dataset=breast
[2026-04-09 13:45:08,808][__main__][INFO] - Configuration:
model:
  name: TNML_F
  L: 4
  bond_dim: 12
  output_site: null
  init_strength: 0.1
dataset:
  name: breast
  task: classification
  cap: 50
  size: small
  batch_size: 256
slurm:
  partition: titans
  time: '12:00:00'
  mem: 2gb
  gpu_arch: Ampere
  cpus: 1
  gpu: 1
hpc:
  queue: gpuv100
  time: '12:00'
  mem: 500MB
  cpus: 4
  gpu: 1
trainer:
  type: ntn
  n_epochs: 20
  ridge: 5
  ridge_decay: 0.25
  ridge_min: 0.0001
  adaptive_ridge: false
  patience: 10
  min_delta: 0.001
  train_selection: true
seed: 42
experiment_name: ${model.name}_${dataset.name}_${trainer.type}_rg${trainer.ridge}_init${model.init_strength}
skip_completed: true
update_tracking: false

[2026-04-09 13:45:08,815][__main__][INFO] - Output directory: /zhome/6b/e/212868/GTN/outputs/ntn/breast/TNML_F_rg5_init0.1/L4_bd12_seed42
[2026-04-09 13:45:08,816][__main__][INFO] - ⏭ Skipping: already completed successfully (from results.json)
[2026-04-09 13:45:08,816][__main__][INFO] -   Previous val_quality: 0.5647058823529412
[2026-04-09 13:45:08,983][HYDRA] 	#26 : model.L=4 model.bond_dim=12 seed=10090 trainer.ridge=5 trainer.ridge_decay=0.25 trainer.ridge_min=0.0001 +experiment=uci_ntn_sweep model=tnml_f dataset=breast
[2026-04-09 13:45:09,617][__main__][INFO] - Configuration:
model:
  name: TNML_F
  L: 4
  bond_dim: 12
  output_site: null
  init_strength: 0.1
dataset:
  name: breast
  task: classification
  cap: 50
  size: small
  batch_size: 256
slurm:
  partition: titans
  time: '12:00:00'
  mem: 2gb
  gpu_arch: Ampere
  cpus: 1
  gpu: 1
hpc:
  queue: gpuv100
  time: '12:00'
  mem: 500MB
  cpus: 4
  gpu: 1
trainer:
  type: ntn
  n_epochs: 20
  ridge: 5
  ridge_decay: 0.25
  ridge_min: 0.0001
  adaptive_ridge: false
  patience: 10
  min_delta: 0.001
  train_selection: true
seed: 10090
experiment_name: ${model.name}_${dataset.name}_${trainer.type}_rg${trainer.ridge}_init${model.init_strength}
skip_completed: true
update_tracking: false

[2026-04-09 13:45:09,618][__main__][INFO] - Output directory: /zhome/6b/e/212868/GTN/outputs/ntn/breast/TNML_F_rg5_init0.1/L4_bd12_seed10090
[2026-04-09 13:45:09,620][__main__][INFO] - ⏭ Skipping: already completed successfully (from results.json)
[2026-04-09 13:45:09,620][__main__][INFO] -   Previous val_quality: 0.5647058823529412
[2026-04-09 13:45:09,849][HYDRA] 	#27 : model.L=4 model.bond_dim=12 seed=32874 trainer.ridge=5 trainer.ridge_decay=0.25 trainer.ridge_min=0.0001 +experiment=uci_ntn_sweep model=tnml_f dataset=breast
[2026-04-09 13:45:10,683][__main__][INFO] - Configuration:
model:
  name: TNML_F
  L: 4
  bond_dim: 12
  output_site: null
  init_strength: 0.1
dataset:
  name: breast
  task: classification
  cap: 50
  size: small
  batch_size: 256
slurm:
  partition: titans
  time: '12:00:00'
  mem: 2gb
  gpu_arch: Ampere
  cpus: 1
  gpu: 1
hpc:
  queue: gpuv100
  time: '12:00'
  mem: 500MB
  cpus: 4
  gpu: 1
trainer:
  type: ntn
  n_epochs: 20
  ridge: 5
  ridge_decay: 0.25
  ridge_min: 0.0001
  adaptive_ridge: false
  patience: 10
  min_delta: 0.001
  train_selection: true
seed: 32874
experiment_name: ${model.name}_${dataset.name}_${trainer.type}_rg${trainer.ridge}_init${model.init_strength}
skip_completed: true
update_tracking: false

[2026-04-09 13:45:10,687][__main__][INFO] - Output directory: /zhome/6b/e/212868/GTN/outputs/ntn/breast/TNML_F_rg5_init0.1/L4_bd12_seed32874
[2026-04-09 13:45:10,689][__main__][INFO] - ⏭ Skipping: already completed successfully (from results.json)
[2026-04-09 13:45:10,689][__main__][INFO] -   Previous val_quality: 0.5647058823529412
[2026-04-09 13:45:10,876][HYDRA] 	#28 : model.L=4 model.bond_dim=12 seed=47311 trainer.ridge=5 trainer.ridge_decay=0.25 trainer.ridge_min=0.0001 +experiment=uci_ntn_sweep model=tnml_f dataset=breast
[2026-04-09 13:45:11,825][__main__][INFO] - Configuration:
model:
  name: TNML_F
  L: 4
  bond_dim: 12
  output_site: null
  init_strength: 0.1
dataset:
  name: breast
  task: classification
  cap: 50
  size: small
  batch_size: 256
slurm:
  partition: titans
  time: '12:00:00'
  mem: 2gb
  gpu_arch: Ampere
  cpus: 1
  gpu: 1
hpc:
  queue: gpuv100
  time: '12:00'
  mem: 500MB
  cpus: 4
  gpu: 1
trainer:
  type: ntn
  n_epochs: 20
  ridge: 5
  ridge_decay: 0.25
  ridge_min: 0.0001
  adaptive_ridge: false
  patience: 10
  min_delta: 0.001
  train_selection: true
seed: 47311
experiment_name: ${model.name}_${dataset.name}_${trainer.type}_rg${trainer.ridge}_init${model.init_strength}
skip_completed: true
update_tracking: false

[2026-04-09 13:45:11,830][__main__][INFO] - Output directory: /zhome/6b/e/212868/GTN/outputs/ntn/breast/TNML_F_rg5_init0.1/L4_bd12_seed47311
[2026-04-09 13:45:11,831][__main__][INFO] - ⏭ Skipping: already completed successfully (from results.json)
[2026-04-09 13:45:11,831][__main__][INFO] -   Previous val_quality: 0.5647058823529412
[2026-04-09 13:45:12,035][HYDRA] 	#29 : model.L=4 model.bond_dim=12 seed=47303 trainer.ridge=5 trainer.ridge_decay=0.25 trainer.ridge_min=0.0001 +experiment=uci_ntn_sweep model=tnml_f dataset=breast
[2026-04-09 13:45:13,023][__main__][INFO] - Configuration:
model:
  name: TNML_F
  L: 4
  bond_dim: 12
  output_site: null
  init_strength: 0.1
dataset:
  name: breast
  task: classification
  cap: 50
  size: small
  batch_size: 256
slurm:
  partition: titans
  time: '12:00:00'
  mem: 2gb
  gpu_arch: Ampere
  cpus: 1
  gpu: 1
hpc:
  queue: gpuv100
  time: '12:00'
  mem: 500MB
  cpus: 4
  gpu: 1
trainer:
  type: ntn
  n_epochs: 20
  ridge: 5
  ridge_decay: 0.25
  ridge_min: 0.0001
  adaptive_ridge: false
  patience: 10
  min_delta: 0.001
  train_selection: true
seed: 47303
experiment_name: ${model.name}_${dataset.name}_${trainer.type}_rg${trainer.ridge}_init${model.init_strength}
skip_completed: true
update_tracking: false

[2026-04-09 13:45:13,027][__main__][INFO] - Output directory: /zhome/6b/e/212868/GTN/outputs/ntn/breast/TNML_F_rg5_init0.1/L4_bd12_seed47303
[2026-04-09 13:45:13,028][__main__][INFO] - ⏭ Skipping: already completed successfully (from results.json)
[2026-04-09 13:45:13,028][__main__][INFO] -   Previous val_quality: 0.5647058823529412

------------------------------------------------------------
Sender: LSF System <lsfadmin@hpc.dtu.dk>
Subject: Job 28168748: <ntn-tnml-f-breast> in cluster <dcc> Done

Job <ntn-tnml-f-breast> was submitted from host <hpclogin1> by user <nicci> in cluster <dcc> at Thu Apr  9 13:44:20 2026
Job was executed on host(s) <4*n-62-20-11>, in queue <gpuv100>, as user <nicci> in cluster <dcc> at Thu Apr  9 13:44:21 2026
</zhome/6b/e/212868> was used as the home directory.
</zhome/6b/e/212868/GTN/submit_ntn_tnml> was used as the working directory.
Started at Thu Apr  9 13:44:21 2026
Terminated at Thu Apr  9 13:45:15 2026
Results reported at Thu Apr  9 13:45:15 2026

Your job looked like:

------------------------------------------------------------
# LSBATCH: User input
#!/bin/sh
#BSUB -q gpuv100
#BSUB -J ntn-tnml-f-breast
#BSUB -W 12:00
#BSUB -n 4
#BSUB -gpu "num=1:mode=exclusive_process"
#BSUB -R "rusage[mem=500MB]"
#BSUB -R "span[hosts=1]"
#BSUB -o logs/ntn-tnml-f-breast_%J.out
#BSUB -e logs/ntn-tnml-f-breast_%J.err
#BSUB -u nicci@dtu.dk

export HOME=/zhome/6b/e/212868
cd $HOME/GTN
source .venv/bin/activate

set -a && source $HOME/aim && set +a

python run.py --multirun +experiment=uci_ntn_sweep model=tnml_f dataset=breast

------------------------------------------------------------

Successfully completed.

Resource usage summary:

    CPU time :                                   11.00 sec.
    Max Memory :                                 390 MB
    Average Memory :                             390.00 MB
    Total Requested Memory :                     2000.00 MB
    Delta Memory :                               1610.00 MB
    Max Swap :                                   -
    Max Processes :                              4
    Max Threads :                                8
    Run time :                                   54 sec.
    Turnaround time :                            55 sec.

The output (if any) is above this job summary.



PS:

Read file <logs/ntn-tnml-f-breast_28168748.err> for stderr output of this job.

