Task 128: Dataset=obesity, Model=mmpo2_typei
[2026-04-28 20:32:14,969][HYDRA] Launching 30 jobs locally
[2026-04-28 20:32:14,970][HYDRA] 	#0 : model.L=3 model.bond_dim=4 seed=42 trainer.ridge=5 trainer.ridge_decay=0.25 trainer.ridge_min=0.0001 +experiment=uci_ntn_sweep model=mmpo2_typei dataset=obesity
[2026-04-28 20:32:15,119][__main__][INFO] - Configuration:
model:
  name: MMPO2TypeI
  L: 3
  bond_dim: 4
  output_site: null
  init_strength: 0.1
dataset:
  name: obesity
  task: regression
  cap: 50
  size: medium
  batch_size: 256
slurm:
  partition: titans
  time: '12:00:00'
  mem: 2gb
  gpu_arch: Ampere
  cpus: 1
  gpu: 1
hpc:
  queue: gpuv100
  time: '12:00'
  mem: 500MB
  cpus: 4
  gpu: 1
trainer:
  type: ntn
  n_epochs: 20
  ridge: 5
  ridge_decay: 0.25
  ridge_min: 0.0001
  adaptive_ridge: false
  patience: 10
  min_delta: 0.001
  train_selection: true
seed: 42
experiment_name: ${model.name}_${dataset.name}_${trainer.type}_rg${trainer.ridge}_init${model.init_strength}
skip_completed: true
update_tracking: false

[2026-04-28 20:32:15,126][__main__][INFO] - Output directory: /zhome/6b/e/212868/GTN/outputs/ntn/obesity/MMPO2TypeI_rg5_init0.1/L3_bd4_seed42
[2026-04-28 20:32:15,191][utils.tracking][INFO] - Loaded 15142 tracked runs from runs_tracking.csv
[2026-04-28 20:32:15,193][__main__][INFO] - Loading dataset: obesity
[2026-04-28 20:32:16,962][__main__][INFO] -   Samples: train=1477, val=317, test=317
[2026-04-28 20:32:16,963][__main__][INFO] -   Features: 40 (including bias), Task: regression
[2026-04-28 20:32:16,963][__main__][INFO] -   Device: cpu
[2026-04-28 20:32:16,963][__main__][INFO] - Creating model: MMPO2TypeI
Starting Ensemble Fit: 20 epochs
Models: [(1, 1), (2, 2), (3, 3)]
Total nodes: 6
Validation: Using separate validation set
Early stopping: patience=10, min_delta=0.001
Init    | Train: loss: 14.84229 | quality: -2.89458
        | Val:   loss: 14.41120 | quality: -3.00382

Epoch 1 | Train: loss: 2.29468 | quality: 0.39788
        | Val:   loss: 2.30490 | quality: 0.35964
 *
Epoch 2 | Train: loss: 1.47960 | quality: 0.61176
        | Val:   loss: 1.53681 | quality: 0.57303
 *
Epoch 3 | Train: loss: 1.14233 | quality: 0.70026
        | Val:   loss: 1.28982 | quality: 0.64165
 *
Epoch 4 | Train: loss: 0.89282 | quality: 0.76573
        | Val:   loss: 1.24586 | quality: 0.65387
 *
Epoch 5 | Train: loss: 0.71887 | quality: 0.81137
        | Val:   loss: 1.28389 | quality: 0.64330

Epoch 6 | Train: loss: 0.60156 | quality: 0.84215
        | Val:   loss: 1.44231 | quality: 0.59929

Epoch 7 | Train: loss: 0.52337 | quality: 0.86267
        | Val:   loss: 1.86294 | quality: 0.48242

Epoch 8 | Train: loss: 0.48105 | quality: 0.87377
        | Val:   loss: 2.28671 | quality: 0.36469

Epoch 9 | Train: loss: 0.45766 | quality: 0.87991
        | Val:   loss: 2.62561 | quality: 0.27053

Epoch 10 | Train: loss: 0.44460 | quality: 0.88334
        | Val:   loss: 2.78289 | quality: 0.22684

Epoch 11 | Train: loss: 0.43539 | quality: 0.88575
        | Val:   loss: 2.93677 | quality: 0.18409

Epoch 12 | Train: loss: 0.42856 | quality: 0.88755
        | Val:   loss: 3.07573 | quality: 0.14548

Epoch 13 | Train: loss: 0.42292 | quality: 0.88903
        | Val:   loss: 3.21470 | quality: 0.10687

Epoch 14 | Train: loss: 0.41837 | quality: 0.89022
        | Val:   loss: 3.32479 | quality: 0.07628


Early stopping at epoch 14 (best was epoch 4)

Best epoch: 4 (val_quality=0.653867)
[2026-04-28 20:32:24,746][__main__][INFO] - Results saved to: /zhome/6b/e/212868/GTN/outputs/ntn/obesity/MMPO2TypeI_rg5_init0.1/L3_bd4_seed42/results.json
[2026-04-28 20:32:24,747][__main__][INFO] - ✓ Train R²: 0.7657
[2026-04-28 20:32:24,747][__main__][INFO] - ✓ Val R²: 0.6539
[2026-04-28 20:32:24,749][HYDRA] 	#1 : model.L=3 model.bond_dim=4 seed=10090 trainer.ridge=5 trainer.ridge_decay=0.25 trainer.ridge_min=0.0001 +experiment=uci_ntn_sweep model=mmpo2_typei dataset=obesity
[2026-04-28 20:32:24,897][__main__][INFO] - Configuration:
model:
  name: MMPO2TypeI
  L: 3
  bond_dim: 4
  output_site: null
  init_strength: 0.1
dataset:
  name: obesity
  task: regression
  cap: 50
  size: medium
  batch_size: 256
slurm:
  partition: titans
  time: '12:00:00'
  mem: 2gb
  gpu_arch: Ampere
  cpus: 1
  gpu: 1
hpc:
  queue: gpuv100
  time: '12:00'
  mem: 500MB
  cpus: 4
  gpu: 1
trainer:
  type: ntn
  n_epochs: 20
  ridge: 5
  ridge_decay: 0.25
  ridge_min: 0.0001
  adaptive_ridge: false
  patience: 10
  min_delta: 0.001
  train_selection: true
seed: 10090
experiment_name: ${model.name}_${dataset.name}_${trainer.type}_rg${trainer.ridge}_init${model.init_strength}
skip_completed: true
update_tracking: false

[2026-04-28 20:32:24,902][__main__][INFO] - Output directory: /zhome/6b/e/212868/GTN/outputs/ntn/obesity/MMPO2TypeI_rg5_init0.1/L3_bd4_seed10090
[2026-04-28 20:32:24,903][__main__][INFO] - Loading dataset: obesity
[2026-04-28 20:32:26,614][__main__][INFO] -   Samples: train=1477, val=317, test=317
[2026-04-28 20:32:26,614][__main__][INFO] -   Features: 40 (including bias), Task: regression
[2026-04-28 20:32:26,614][__main__][INFO] -   Device: cpu
[2026-04-28 20:32:26,614][__main__][INFO] - Creating model: MMPO2TypeI
Starting Ensemble Fit: 20 epochs
Models: [(1, 1), (2, 2), (3, 3)]
Total nodes: 6
Validation: Using separate validation set
Early stopping: patience=10, min_delta=0.001
Init    | Train: loss: 12.00647 | quality: -2.15047
        | Val:   loss: 11.47870 | quality: -2.18909

Epoch 1 | Train: loss: 2.36481 | quality: 0.37948
        | Val:   loss: 2.38757 | quality: 0.33667
 *
Epoch 2 | Train: loss: 1.55631 | quality: 0.59163
        | Val:   loss: 1.61773 | quality: 0.55055
 *
Epoch 3 | Train: loss: 1.16051 | quality: 0.69549
        | Val:   loss: 1.35959 | quality: 0.62227
 *
Epoch 4 | Train: loss: 0.91495 | quality: 0.75992
        | Val:   loss: 1.29798 | quality: 0.63939
 *
Epoch 5 | Train: loss: 0.75666 | quality: 0.80146
        | Val:   loss: 1.32210 | quality: 0.63269

Epoch 6 | Train: loss: 0.63261 | quality: 0.83400
        | Val:   loss: 1.39708 | quality: 0.61185

Epoch 7 | Train: loss: 0.54528 | quality: 0.85692
        | Val:   loss: 1.47510 | quality: 0.59018

Epoch 8 | Train: loss: 0.49354 | quality: 0.87050
        | Val:   loss: 1.58738 | quality: 0.55898

Epoch 9 | Train: loss: 0.46217 | quality: 0.87873
        | Val:   loss: 1.72864 | quality: 0.51974

Epoch 10 | Train: loss: 0.44544 | quality: 0.88312
        | Val:   loss: 1.75100 | quality: 0.51352

Epoch 11 | Train: loss: 0.43173 | quality: 0.88671
        | Val:   loss: 1.79935 | quality: 0.50009

Epoch 12 | Train: loss: 0.41962 | quality: 0.88989
        | Val:   loss: 1.86269 | quality: 0.48249

Epoch 13 | Train: loss: 0.40867 | quality: 0.89277
        | Val:   loss: 1.93079 | quality: 0.46357

Epoch 14 | Train: loss: 0.40069 | quality: 0.89486
        | Val:   loss: 1.94553 | quality: 0.45948


Early stopping at epoch 14 (best was epoch 4)

Best epoch: 4 (val_quality=0.639386)
[2026-04-28 20:32:34,157][__main__][INFO] - Results saved to: /zhome/6b/e/212868/GTN/outputs/ntn/obesity/MMPO2TypeI_rg5_init0.1/L3_bd4_seed10090/results.json
[2026-04-28 20:32:34,158][__main__][INFO] - ✓ Train R²: 0.7599
[2026-04-28 20:32:34,158][__main__][INFO] - ✓ Val R²: 0.6394
[2026-04-28 20:32:34,160][HYDRA] 	#2 : model.L=3 model.bond_dim=4 seed=32874 trainer.ridge=5 trainer.ridge_decay=0.25 trainer.ridge_min=0.0001 +experiment=uci_ntn_sweep model=mmpo2_typei dataset=obesity
[2026-04-28 20:32:34,312][__main__][INFO] - Configuration:
model:
  name: MMPO2TypeI
  L: 3
  bond_dim: 4
  output_site: null
  init_strength: 0.1
dataset:
  name: obesity
  task: regression
  cap: 50
  size: medium
  batch_size: 256
slurm:
  partition: titans
  time: '12:00:00'
  mem: 2gb
  gpu_arch: Ampere
  cpus: 1
  gpu: 1
hpc:
  queue: gpuv100
  time: '12:00'
  mem: 500MB
  cpus: 4
  gpu: 1
trainer:
  type: ntn
  n_epochs: 20
  ridge: 5
  ridge_decay: 0.25
  ridge_min: 0.0001
  adaptive_ridge: false
  patience: 10
  min_delta: 0.001
  train_selection: true
seed: 32874
experiment_name: ${model.name}_${dataset.name}_${trainer.type}_rg${trainer.ridge}_init${model.init_strength}
skip_completed: true
update_tracking: false

[2026-04-28 20:32:34,318][__main__][INFO] - Output directory: /zhome/6b/e/212868/GTN/outputs/ntn/obesity/MMPO2TypeI_rg5_init0.1/L3_bd4_seed32874
[2026-04-28 20:32:34,319][__main__][INFO] - Loading dataset: obesity
[2026-04-28 20:32:36,011][__main__][INFO] -   Samples: train=1477, val=317, test=317
[2026-04-28 20:32:36,011][__main__][INFO] -   Features: 40 (including bias), Task: regression
[2026-04-28 20:32:36,011][__main__][INFO] -   Device: cpu
[2026-04-28 20:32:36,012][__main__][INFO] - Creating model: MMPO2TypeI
Starting Ensemble Fit: 20 epochs
Models: [(1, 1), (2, 2), (3, 3)]
Total nodes: 6
Validation: Using separate validation set
Early stopping: patience=10, min_delta=0.001
Init    | Train: loss: 13.44618 | quality: -2.52824
        | Val:   loss: 12.38551 | quality: -2.44103

Epoch 1 | Train: loss: 2.13013 | quality: 0.44106
        | Val:   loss: 2.10756 | quality: 0.41446
 *
Epoch 2 | Train: loss: 1.52766 | quality: 0.59915
        | Val:   loss: 1.55669 | quality: 0.56751
 *
Epoch 3 | Train: loss: 1.19882 | quality: 0.68543
        | Val:   loss: 1.37392 | quality: 0.61829
 *
Epoch 4 | Train: loss: 0.94208 | quality: 0.75280
        | Val:   loss: 1.28946 | quality: 0.64175
 *
Epoch 5 | Train: loss: 0.76668 | quality: 0.79882
        | Val:   loss: 1.32027 | quality: 0.63319

Epoch 6 | Train: loss: 0.63607 | quality: 0.83310
        | Val:   loss: 1.48352 | quality: 0.58784

Epoch 7 | Train: loss: 0.54433 | quality: 0.85717
        | Val:   loss: 1.76638 | quality: 0.50925

Epoch 8 | Train: loss: 0.48341 | quality: 0.87315
        | Val:   loss: 2.09593 | quality: 0.41769

Epoch 9 | Train: loss: 0.44895 | quality: 0.88220
        | Val:   loss: 2.55704 | quality: 0.28959

Epoch 10 | Train: loss: 0.43404 | quality: 0.88611
        | Val:   loss: 2.62641 | quality: 0.27031

Epoch 11 | Train: loss: 0.42282 | quality: 0.88905
        | Val:   loss: 2.66221 | quality: 0.26037

Epoch 12 | Train: loss: 0.41330 | quality: 0.89155
        | Val:   loss: 2.68548 | quality: 0.25390

Epoch 13 | Train: loss: 0.40538 | quality: 0.89363
        | Val:   loss: 2.68417 | quality: 0.25426

Epoch 14 | Train: loss: 0.39880 | quality: 0.89536
        | Val:   loss: 2.66814 | quality: 0.25872


Early stopping at epoch 14 (best was epoch 4)

Best epoch: 4 (val_quality=0.641752)
[2026-04-28 20:32:43,579][__main__][INFO] - Results saved to: /zhome/6b/e/212868/GTN/outputs/ntn/obesity/MMPO2TypeI_rg5_init0.1/L3_bd4_seed32874/results.json
[2026-04-28 20:32:43,579][__main__][INFO] - ✓ Train R²: 0.7528
[2026-04-28 20:32:43,580][__main__][INFO] - ✓ Val R²: 0.6418
[2026-04-28 20:32:43,582][HYDRA] 	#3 : model.L=3 model.bond_dim=4 seed=47311 trainer.ridge=5 trainer.ridge_decay=0.25 trainer.ridge_min=0.0001 +experiment=uci_ntn_sweep model=mmpo2_typei dataset=obesity
[2026-04-28 20:32:44,129][__main__][INFO] - Configuration:
model:
  name: MMPO2TypeI
  L: 3
  bond_dim: 4
  output_site: null
  init_strength: 0.1
dataset:
  name: obesity
  task: regression
  cap: 50
  size: medium
  batch_size: 256
slurm:
  partition: titans
  time: '12:00:00'
  mem: 2gb
  gpu_arch: Ampere
  cpus: 1
  gpu: 1
hpc:
  queue: gpuv100
  time: '12:00'
  mem: 500MB
  cpus: 4
  gpu: 1
trainer:
  type: ntn
  n_epochs: 20
  ridge: 5
  ridge_decay: 0.25
  ridge_min: 0.0001
  adaptive_ridge: false
  patience: 10
  min_delta: 0.001
  train_selection: true
seed: 47311
experiment_name: ${model.name}_${dataset.name}_${trainer.type}_rg${trainer.ridge}_init${model.init_strength}
skip_completed: true
update_tracking: false

[2026-04-28 20:32:44,133][__main__][INFO] - Output directory: /zhome/6b/e/212868/GTN/outputs/ntn/obesity/MMPO2TypeI_rg5_init0.1/L3_bd4_seed47311
[2026-04-28 20:32:44,134][__main__][INFO] - Loading dataset: obesity
[2026-04-28 20:32:46,476][__main__][INFO] -   Samples: train=1477, val=317, test=317
[2026-04-28 20:32:46,477][__main__][INFO] -   Features: 40 (including bias), Task: regression
[2026-04-28 20:32:46,477][__main__][INFO] -   Device: cpu
[2026-04-28 20:32:46,477][__main__][INFO] - Creating model: MMPO2TypeI
Starting Ensemble Fit: 20 epochs
Models: [(1, 1), (2, 2), (3, 3)]
Total nodes: 6
Validation: Using separate validation set
Early stopping: patience=10, min_delta=0.001
Init    | Train: loss: 15.11959 | quality: -2.96734
        | Val:   loss: 14.49277 | quality: -3.02649

Epoch 1 | Train: loss: 2.24432 | quality: 0.41110
        | Val:   loss: 2.21630 | quality: 0.38425
 *
Epoch 2 | Train: loss: 1.55713 | quality: 0.59141
        | Val:   loss: 1.57300 | quality: 0.56298
 *
Epoch 3 | Train: loss: 1.18505 | quality: 0.68905
        | Val:   loss: 1.35956 | quality: 0.62228
 *
Epoch 4 | Train: loss: 0.92598 | quality: 0.75702
        | Val:   loss: 1.24672 | quality: 0.65363
 *
Epoch 5 | Train: loss: 0.73979 | quality: 0.80588
        | Val:   loss: 1.28399 | quality: 0.64327

Epoch 6 | Train: loss: 0.60853 | quality: 0.84032
        | Val:   loss: 1.43905 | quality: 0.60019

Epoch 7 | Train: loss: 0.53282 | quality: 0.86019
        | Val:   loss: 1.72365 | quality: 0.52112

Epoch 8 | Train: loss: 0.48563 | quality: 0.87257
        | Val:   loss: 2.04361 | quality: 0.43223

Epoch 9 | Train: loss: 0.45542 | quality: 0.88050
        | Val:   loss: 2.52105 | quality: 0.29958

Epoch 10 | Train: loss: 0.44052 | quality: 0.88441
        | Val:   loss: 2.67792 | quality: 0.25600

Epoch 11 | Train: loss: 0.42863 | quality: 0.88753
        | Val:   loss: 2.75843 | quality: 0.23363

Epoch 12 | Train: loss: 0.41926 | quality: 0.88999
        | Val:   loss: 2.81323 | quality: 0.21841

Epoch 13 | Train: loss: 0.41151 | quality: 0.89202
        | Val:   loss: 2.86258 | quality: 0.20470

Epoch 14 | Train: loss: 0.40518 | quality: 0.89368
        | Val:   loss: 2.90557 | quality: 0.19275


Early stopping at epoch 14 (best was epoch 4)

Best epoch: 4 (val_quality=0.653629)
[2026-04-28 20:32:54,035][__main__][INFO] - Results saved to: /zhome/6b/e/212868/GTN/outputs/ntn/obesity/MMPO2TypeI_rg5_init0.1/L3_bd4_seed47311/results.json
[2026-04-28 20:32:54,036][__main__][INFO] - ✓ Train R²: 0.7570
[2026-04-28 20:32:54,036][__main__][INFO] - ✓ Val R²: 0.6536
[2026-04-28 20:32:54,038][HYDRA] 	#4 : model.L=3 model.bond_dim=4 seed=47303 trainer.ridge=5 trainer.ridge_decay=0.25 trainer.ridge_min=0.0001 +experiment=uci_ntn_sweep model=mmpo2_typei dataset=obesity
[2026-04-28 20:32:54,189][__main__][INFO] - Configuration:
model:
  name: MMPO2TypeI
  L: 3
  bond_dim: 4
  output_site: null
  init_strength: 0.1
dataset:
  name: obesity
  task: regression
  cap: 50
  size: medium
  batch_size: 256
slurm:
  partition: titans
  time: '12:00:00'
  mem: 2gb
  gpu_arch: Ampere
  cpus: 1
  gpu: 1
hpc:
  queue: gpuv100
  time: '12:00'
  mem: 500MB
  cpus: 4
  gpu: 1
trainer:
  type: ntn
  n_epochs: 20
  ridge: 5
  ridge_decay: 0.25
  ridge_min: 0.0001
  adaptive_ridge: false
  patience: 10
  min_delta: 0.001
  train_selection: true
seed: 47303
experiment_name: ${model.name}_${dataset.name}_${trainer.type}_rg${trainer.ridge}_init${model.init_strength}
skip_completed: true
update_tracking: false

[2026-04-28 20:32:54,194][__main__][INFO] - Output directory: /zhome/6b/e/212868/GTN/outputs/ntn/obesity/MMPO2TypeI_rg5_init0.1/L3_bd4_seed47303
[2026-04-28 20:32:54,195][__main__][INFO] - Loading dataset: obesity
[2026-04-28 20:32:55,886][__main__][INFO] -   Samples: train=1477, val=317, test=317
[2026-04-28 20:32:55,887][__main__][INFO] -   Features: 40 (including bias), Task: regression
[2026-04-28 20:32:55,887][__main__][INFO] -   Device: cpu
[2026-04-28 20:32:55,887][__main__][INFO] - Creating model: MMPO2TypeI
Starting Ensemble Fit: 20 epochs
Models: [(1, 1), (2, 2), (3, 3)]
Total nodes: 6
Validation: Using separate validation set
Early stopping: patience=10, min_delta=0.001
Init    | Train: loss: 14.12755 | quality: -2.70703
        | Val:   loss: 13.78198 | quality: -2.82901

Epoch 1 | Train: loss: 2.16467 | quality: 0.43200
        | Val:   loss: 2.21659 | quality: 0.38417
 *
Epoch 2 | Train: loss: 1.53501 | quality: 0.59722
        | Val:   loss: 1.53958 | quality: 0.57226
 *
Epoch 3 | Train: loss: 1.20043 | quality: 0.68501
        | Val:   loss: 1.31547 | quality: 0.63453
 *
Epoch 4 | Train: loss: 0.93666 | quality: 0.75422
        | Val:   loss: 1.25342 | quality: 0.65177
 *
Epoch 5 | Train: loss: 0.73836 | quality: 0.80626
        | Val:   loss: 1.31652 | quality: 0.63424

Epoch 6 | Train: loss: 0.60157 | quality: 0.84215
        | Val:   loss: 1.43362 | quality: 0.60170

Epoch 7 | Train: loss: 0.51643 | quality: 0.86449
        | Val:   loss: 1.60017 | quality: 0.55543

Epoch 8 | Train: loss: 0.46086 | quality: 0.87907
        | Val:   loss: 1.79885 | quality: 0.50023

Epoch 9 | Train: loss: 0.42967 | quality: 0.88726
        | Val:   loss: 2.07102 | quality: 0.42461

Epoch 10 | Train: loss: 0.41429 | quality: 0.89129
        | Val:   loss: 2.17343 | quality: 0.39616

Epoch 11 | Train: loss: 0.40308 | quality: 0.89423
        | Val:   loss: 2.29643 | quality: 0.36199

Epoch 12 | Train: loss: 0.39436 | quality: 0.89652
        | Val:   loss: 2.38900 | quality: 0.33627

Epoch 13 | Train: loss: 0.38707 | quality: 0.89843
        | Val:   loss: 2.45527 | quality: 0.31786

Epoch 14 | Train: loss: 0.38086 | quality: 0.90006
        | Val:   loss: 2.50354 | quality: 0.30445


Early stopping at epoch 14 (best was epoch 4)

Best epoch: 4 (val_quality=0.651767)
[2026-04-28 20:33:03,448][__main__][INFO] - Results saved to: /zhome/6b/e/212868/GTN/outputs/ntn/obesity/MMPO2TypeI_rg5_init0.1/L3_bd4_seed47303/results.json
[2026-04-28 20:33:03,449][__main__][INFO] - ✓ Train R²: 0.7542
[2026-04-28 20:33:03,449][__main__][INFO] - ✓ Val R²: 0.6518
[2026-04-28 20:33:03,451][HYDRA] 	#5 : model.L=3 model.bond_dim=8 seed=42 trainer.ridge=5 trainer.ridge_decay=0.25 trainer.ridge_min=0.0001 +experiment=uci_ntn_sweep model=mmpo2_typei dataset=obesity
[2026-04-28 20:33:03,719][__main__][INFO] - Configuration:
model:
  name: MMPO2TypeI
  L: 3
  bond_dim: 8
  output_site: null
  init_strength: 0.1
dataset:
  name: obesity
  task: regression
  cap: 50
  size: medium
  batch_size: 256
slurm:
  partition: titans
  time: '12:00:00'
  mem: 2gb
  gpu_arch: Ampere
  cpus: 1
  gpu: 1
hpc:
  queue: gpuv100
  time: '12:00'
  mem: 500MB
  cpus: 4
  gpu: 1
trainer:
  type: ntn
  n_epochs: 20
  ridge: 5
  ridge_decay: 0.25
  ridge_min: 0.0001
  adaptive_ridge: false
  patience: 10
  min_delta: 0.001
  train_selection: true
seed: 42
experiment_name: ${model.name}_${dataset.name}_${trainer.type}_rg${trainer.ridge}_init${model.init_strength}
skip_completed: true
update_tracking: false

[2026-04-28 20:33:03,725][__main__][INFO] - Output directory: /zhome/6b/e/212868/GTN/outputs/ntn/obesity/MMPO2TypeI_rg5_init0.1/L3_bd8_seed42
[2026-04-28 20:33:03,726][__main__][INFO] - Loading dataset: obesity
[2026-04-28 20:33:05,418][__main__][INFO] -   Samples: train=1477, val=317, test=317
[2026-04-28 20:33:05,419][__main__][INFO] -   Features: 40 (including bias), Task: regression
[2026-04-28 20:33:05,419][__main__][INFO] -   Device: cpu
[2026-04-28 20:33:05,419][__main__][INFO] - Creating model: MMPO2TypeI
Starting Ensemble Fit: 20 epochs
Models: [(1, 1), (2, 2), (3, 3)]
Total nodes: 6
Validation: Using separate validation set
Early stopping: patience=10, min_delta=0.001
Init    | Train: loss: 13.57274 | quality: -2.56145
        | Val:   loss: 13.12811 | quality: -2.64735

Epoch 1 | Train: loss: 1.81436 | quality: 0.52392
        | Val:   loss: 1.92039 | quality: 0.46646
 *
Epoch 2 | Train: loss: 1.23367 | quality: 0.67629
        | Val:   loss: 1.35900 | quality: 0.62243
 *
Epoch 3 | Train: loss: 0.96211 | quality: 0.74754
        | Val:   loss: 1.24011 | quality: 0.65546
 *
Epoch 4 | Train: loss: 0.71627 | quality: 0.81205
        | Val:   loss: 1.24628 | quality: 0.65375

Epoch 5 | Train: loss: 0.47606 | quality: 0.87508
        | Val:   loss: 1.41132 | quality: 0.60790

Epoch 6 | Train: loss: 0.33160 | quality: 0.91299
        | Val:   loss: 1.68860 | quality: 0.53086

Epoch 7 | Train: loss: 0.26325 | quality: 0.93092
        | Val:   loss: 2.00654 | quality: 0.44253

Epoch 8 | Train: loss: 0.22318 | quality: 0.94144
        | Val:   loss: 2.56442 | quality: 0.28754

Epoch 9 | Train: loss: 0.20063 | quality: 0.94735
        | Val:   loss: 3.92322 | quality: -0.08998

Epoch 10 | Train: loss: 0.19645 | quality: 0.94845
        | Val:   loss: 4.00734 | quality: -0.11335

Epoch 11 | Train: loss: 0.19306 | quality: 0.94934
        | Val:   loss: 4.07002 | quality: -0.13076

Epoch 12 | Train: loss: 0.19020 | quality: 0.95009
        | Val:   loss: 4.14567 | quality: -0.15178

Epoch 13 | Train: loss: 0.18773 | quality: 0.95074
        | Val:   loss: 4.22898 | quality: -0.17493


Early stopping at epoch 13 (best was epoch 3)

Best epoch: 3 (val_quality=0.655463)
[2026-04-28 20:33:22,228][__main__][INFO] - Results saved to: /zhome/6b/e/212868/GTN/outputs/ntn/obesity/MMPO2TypeI_rg5_init0.1/L3_bd8_seed42/results.json
[2026-04-28 20:33:22,229][__main__][INFO] - ✓ Train R²: 0.7475
[2026-04-28 20:33:22,229][__main__][INFO] - ✓ Val R²: 0.6555
[2026-04-28 20:33:22,233][HYDRA] 	#6 : model.L=3 model.bond_dim=8 seed=10090 trainer.ridge=5 trainer.ridge_decay=0.25 trainer.ridge_min=0.0001 +experiment=uci_ntn_sweep model=mmpo2_typei dataset=obesity
[2026-04-28 20:33:22,432][__main__][INFO] - Configuration:
model:
  name: MMPO2TypeI
  L: 3
  bond_dim: 8
  output_site: null
  init_strength: 0.1
dataset:
  name: obesity
  task: regression
  cap: 50
  size: medium
  batch_size: 256
slurm:
  partition: titans
  time: '12:00:00'
  mem: 2gb
  gpu_arch: Ampere
  cpus: 1
  gpu: 1
hpc:
  queue: gpuv100
  time: '12:00'
  mem: 500MB
  cpus: 4
  gpu: 1
trainer:
  type: ntn
  n_epochs: 20
  ridge: 5
  ridge_decay: 0.25
  ridge_min: 0.0001
  adaptive_ridge: false
  patience: 10
  min_delta: 0.001
  train_selection: true
seed: 10090
experiment_name: ${model.name}_${dataset.name}_${trainer.type}_rg${trainer.ridge}_init${model.init_strength}
skip_completed: true
update_tracking: false

[2026-04-28 20:33:22,436][__main__][INFO] - Output directory: /zhome/6b/e/212868/GTN/outputs/ntn/obesity/MMPO2TypeI_rg5_init0.1/L3_bd8_seed10090
[2026-04-28 20:33:22,437][__main__][INFO] - Loading dataset: obesity
[2026-04-28 20:33:24,126][__main__][INFO] -   Samples: train=1477, val=317, test=317
[2026-04-28 20:33:24,127][__main__][INFO] -   Features: 40 (including bias), Task: regression
[2026-04-28 20:33:24,127][__main__][INFO] -   Device: cpu
[2026-04-28 20:33:24,127][__main__][INFO] - Creating model: MMPO2TypeI
Starting Ensemble Fit: 20 epochs
Models: [(1, 1), (2, 2), (3, 3)]
Total nodes: 6
Validation: Using separate validation set
Early stopping: patience=10, min_delta=0.001
Init    | Train: loss: 11.99793 | quality: -2.14823
        | Val:   loss: 11.59592 | quality: -2.22166

Epoch 1 | Train: loss: 1.80235 | quality: 0.52707
        | Val:   loss: 1.85368 | quality: 0.48500
 *
Epoch 2 | Train: loss: 1.23530 | quality: 0.67586
        | Val:   loss: 1.37267 | quality: 0.61863
 *
Epoch 3 | Train: loss: 0.94989 | quality: 0.75075
        | Val:   loss: 1.23472 | quality: 0.65696
 *
Epoch 4 | Train: loss: 0.69476 | quality: 0.81770
        | Val:   loss: 1.29207 | quality: 0.64103

Epoch 5 | Train: loss: 0.46784 | quality: 0.87724
        | Val:   loss: 1.47991 | quality: 0.58884

Epoch 6 | Train: loss: 0.33969 | quality: 0.91087
        | Val:   loss: 1.79577 | quality: 0.50109

Epoch 7 | Train: loss: 0.27901 | quality: 0.92679
        | Val:   loss: 2.12127 | quality: 0.41065

Epoch 8 | Train: loss: 0.23597 | quality: 0.93808
        | Val:   loss: 2.80027 | quality: 0.22201

Epoch 9 | Train: loss: 0.20976 | quality: 0.94496
        | Val:   loss: 3.98478 | quality: -0.10708

Epoch 10 | Train: loss: 0.20526 | quality: 0.94614
        | Val:   loss: 3.95927 | quality: -0.09999

Epoch 11 | Train: loss: 0.20181 | quality: 0.94705
        | Val:   loss: 3.97389 | quality: -0.10406

Epoch 12 | Train: loss: 0.19896 | quality: 0.94779
        | Val:   loss: 4.00815 | quality: -0.11357

Epoch 13 | Train: loss: 0.19653 | quality: 0.94843
        | Val:   loss: 4.05431 | quality: -0.12640


Early stopping at epoch 13 (best was epoch 3)

Best epoch: 3 (val_quality=0.656962)
[2026-04-28 20:33:40,367][__main__][INFO] - Results saved to: /zhome/6b/e/212868/GTN/outputs/ntn/obesity/MMPO2TypeI_rg5_init0.1/L3_bd8_seed10090/results.json
[2026-04-28 20:33:40,368][__main__][INFO] - ✓ Train R²: 0.7508
[2026-04-28 20:33:40,368][__main__][INFO] - ✓ Val R²: 0.6570
[2026-04-28 20:33:40,370][HYDRA] 	#7 : model.L=3 model.bond_dim=8 seed=32874 trainer.ridge=5 trainer.ridge_decay=0.25 trainer.ridge_min=0.0001 +experiment=uci_ntn_sweep model=mmpo2_typei dataset=obesity
[2026-04-28 20:33:40,522][__main__][INFO] - Configuration:
model:
  name: MMPO2TypeI
  L: 3
  bond_dim: 8
  output_site: null
  init_strength: 0.1
dataset:
  name: obesity
  task: regression
  cap: 50
  size: medium
  batch_size: 256
slurm:
  partition: titans
  time: '12:00:00'
  mem: 2gb
  gpu_arch: Ampere
  cpus: 1
  gpu: 1
hpc:
  queue: gpuv100
  time: '12:00'
  mem: 500MB
  cpus: 4
  gpu: 1
trainer:
  type: ntn
  n_epochs: 20
  ridge: 5
  ridge_decay: 0.25
  ridge_min: 0.0001
  adaptive_ridge: false
  patience: 10
  min_delta: 0.001
  train_selection: true
seed: 32874
experiment_name: ${model.name}_${dataset.name}_${trainer.type}_rg${trainer.ridge}_init${model.init_strength}
skip_completed: true
update_tracking: false

[2026-04-28 20:33:40,528][__main__][INFO] - Output directory: /zhome/6b/e/212868/GTN/outputs/ntn/obesity/MMPO2TypeI_rg5_init0.1/L3_bd8_seed32874
[2026-04-28 20:33:40,528][__main__][INFO] - Loading dataset: obesity
[2026-04-28 20:33:42,214][__main__][INFO] -   Samples: train=1477, val=317, test=317
[2026-04-28 20:33:42,215][__main__][INFO] -   Features: 40 (including bias), Task: regression
[2026-04-28 20:33:42,215][__main__][INFO] -   Device: cpu
[2026-04-28 20:33:42,215][__main__][INFO] - Creating model: MMPO2TypeI
Starting Ensemble Fit: 20 epochs
Models: [(1, 1), (2, 2), (3, 3)]
Total nodes: 6
Validation: Using separate validation set
Early stopping: patience=10, min_delta=0.001
Init    | Train: loss: 15.30311 | quality: -3.01549
        | Val:   loss: 14.73082 | quality: -3.09262

Epoch 1 | Train: loss: 1.96254 | quality: 0.48504
        | Val:   loss: 1.98961 | quality: 0.44723
 *
Epoch 2 | Train: loss: 1.27062 | quality: 0.66659
        | Val:   loss: 1.38353 | quality: 0.61562
 *
Epoch 3 | Train: loss: 0.92944 | quality: 0.75612
        | Val:   loss: 1.23306 | quality: 0.65742
 *
Epoch 4 | Train: loss: 0.67265 | quality: 0.82350
        | Val:   loss: 1.17292 | quality: 0.67413
 *
Epoch 5 | Train: loss: 0.46400 | quality: 0.87825
        | Val:   loss: 1.19449 | quality: 0.66814

Epoch 6 | Train: loss: 0.33525 | quality: 0.91203
        | Val:   loss: 1.40936 | quality: 0.60844

Epoch 7 | Train: loss: 0.26344 | quality: 0.93087
        | Val:   loss: 1.71558 | quality: 0.52336

Epoch 8 | Train: loss: 0.22242 | quality: 0.94164
        | Val:   loss: 2.32720 | quality: 0.35344

Epoch 9 | Train: loss: 0.19856 | quality: 0.94790
        | Val:   loss: 3.50760 | quality: 0.02549

Epoch 10 | Train: loss: 0.19431 | quality: 0.94901
        | Val:   loss: 3.67014 | quality: -0.01966

Epoch 11 | Train: loss: 0.19090 | quality: 0.94991
        | Val:   loss: 3.82520 | quality: -0.06274

Epoch 12 | Train: loss: 0.18803 | quality: 0.95066
        | Val:   loss: 3.97559 | quality: -0.10453

Epoch 13 | Train: loss: 0.18560 | quality: 0.95130
        | Val:   loss: 4.12216 | quality: -0.14525

Epoch 14 | Train: loss: 0.18350 | quality: 0.95185
        | Val:   loss: 4.26106 | quality: -0.18384


Early stopping at epoch 14 (best was epoch 4)

Best epoch: 4 (val_quality=0.674132)
[2026-04-28 20:33:59,355][__main__][INFO] - Results saved to: /zhome/6b/e/212868/GTN/outputs/ntn/obesity/MMPO2TypeI_rg5_init0.1/L3_bd8_seed32874/results.json
[2026-04-28 20:33:59,355][__main__][INFO] - ✓ Train R²: 0.8235
[2026-04-28 20:33:59,355][__main__][INFO] - ✓ Val R²: 0.6741
[2026-04-28 20:33:59,358][HYDRA] 	#8 : model.L=3 model.bond_dim=8 seed=47311 trainer.ridge=5 trainer.ridge_decay=0.25 trainer.ridge_min=0.0001 +experiment=uci_ntn_sweep model=mmpo2_typei dataset=obesity
[2026-04-28 20:33:59,507][__main__][INFO] - Configuration:
model:
  name: MMPO2TypeI
  L: 3
  bond_dim: 8
  output_site: null
  init_strength: 0.1
dataset:
  name: obesity
  task: regression
  cap: 50
  size: medium
  batch_size: 256
slurm:
  partition: titans
  time: '12:00:00'
  mem: 2gb
  gpu_arch: Ampere
  cpus: 1
  gpu: 1
hpc:
  queue: gpuv100
  time: '12:00'
  mem: 500MB
  cpus: 4
  gpu: 1
trainer:
  type: ntn
  n_epochs: 20
  ridge: 5
  ridge_decay: 0.25
  ridge_min: 0.0001
  adaptive_ridge: false
  patience: 10
  min_delta: 0.001
  train_selection: true
seed: 47311
experiment_name: ${model.name}_${dataset.name}_${trainer.type}_rg${trainer.ridge}_init${model.init_strength}
skip_completed: true
update_tracking: false

[2026-04-28 20:33:59,511][__main__][INFO] - Output directory: /zhome/6b/e/212868/GTN/outputs/ntn/obesity/MMPO2TypeI_rg5_init0.1/L3_bd8_seed47311
[2026-04-28 20:33:59,512][__main__][INFO] - Loading dataset: obesity
[2026-04-28 20:34:01,402][__main__][INFO] -   Samples: train=1477, val=317, test=317
[2026-04-28 20:34:01,403][__main__][INFO] -   Features: 40 (including bias), Task: regression
[2026-04-28 20:34:01,403][__main__][INFO] -   Device: cpu
[2026-04-28 20:34:01,403][__main__][INFO] - Creating model: MMPO2TypeI
Starting Ensemble Fit: 20 epochs
Models: [(1, 1), (2, 2), (3, 3)]
Total nodes: 6
Validation: Using separate validation set
Early stopping: patience=10, min_delta=0.001
Init    | Train: loss: 15.75352 | quality: -3.13368
        | Val:   loss: 15.19261 | quality: -3.22092

Epoch 1 | Train: loss: 1.79599 | quality: 0.52874
        | Val:   loss: 1.84285 | quality: 0.48801
 *
Epoch 2 | Train: loss: 1.24755 | quality: 0.67265
        | Val:   loss: 1.36723 | quality: 0.62015
 *
Epoch 3 | Train: loss: 0.94429 | quality: 0.75222
        | Val:   loss: 1.25413 | quality: 0.65157
 *
Epoch 4 | Train: loss: 0.69682 | quality: 0.81716
        | Val:   loss: 1.32095 | quality: 0.63301

Epoch 5 | Train: loss: 0.46983 | quality: 0.87672
        | Val:   loss: 1.43856 | quality: 0.60033

Epoch 6 | Train: loss: 0.32991 | quality: 0.91343
        | Val:   loss: 1.56573 | quality: 0.56500

Epoch 7 | Train: loss: 0.26206 | quality: 0.93124
        | Val:   loss: 1.73627 | quality: 0.51762

Epoch 8 | Train: loss: 0.22047 | quality: 0.94215
        | Val:   loss: 2.47125 | quality: 0.31342

Epoch 9 | Train: loss: 0.19856 | quality: 0.94790
        | Val:   loss: 3.85331 | quality: -0.07055

Epoch 10 | Train: loss: 0.19479 | quality: 0.94889
        | Val:   loss: 3.91021 | quality: -0.08636

Epoch 11 | Train: loss: 0.19209 | quality: 0.94960
        | Val:   loss: 3.98513 | quality: -0.10718

Epoch 12 | Train: loss: 0.18968 | quality: 0.95023
        | Val:   loss: 4.02885 | quality: -0.11933

Epoch 13 | Train: loss: 0.18751 | quality: 0.95080
        | Val:   loss: 4.08226 | quality: -0.13416


Early stopping at epoch 13 (best was epoch 3)

Best epoch: 3 (val_quality=0.651569)
[2026-04-28 20:34:18,469][__main__][INFO] - Results saved to: /zhome/6b/e/212868/GTN/outputs/ntn/obesity/MMPO2TypeI_rg5_init0.1/L3_bd8_seed47311/results.json
[2026-04-28 20:34:18,470][__main__][INFO] - ✓ Train R²: 0.7522
[2026-04-28 20:34:18,470][__main__][INFO] - ✓ Val R²: 0.6516
[2026-04-28 20:34:18,472][HYDRA] 	#9 : model.L=3 model.bond_dim=8 seed=47303 trainer.ridge=5 trainer.ridge_decay=0.25 trainer.ridge_min=0.0001 +experiment=uci_ntn_sweep model=mmpo2_typei dataset=obesity
[2026-04-28 20:34:18,639][__main__][INFO] - Configuration:
model:
  name: MMPO2TypeI
  L: 3
  bond_dim: 8
  output_site: null
  init_strength: 0.1
dataset:
  name: obesity
  task: regression
  cap: 50
  size: medium
  batch_size: 256
slurm:
  partition: titans
  time: '12:00:00'
  mem: 2gb
  gpu_arch: Ampere
  cpus: 1
  gpu: 1
hpc:
  queue: gpuv100
  time: '12:00'
  mem: 500MB
  cpus: 4
  gpu: 1
trainer:
  type: ntn
  n_epochs: 20
  ridge: 5
  ridge_decay: 0.25
  ridge_min: 0.0001
  adaptive_ridge: false
  patience: 10
  min_delta: 0.001
  train_selection: true
seed: 47303
experiment_name: ${model.name}_${dataset.name}_${trainer.type}_rg${trainer.ridge}_init${model.init_strength}
skip_completed: true
update_tracking: false

[2026-04-28 20:34:18,644][__main__][INFO] - Output directory: /zhome/6b/e/212868/GTN/outputs/ntn/obesity/MMPO2TypeI_rg5_init0.1/L3_bd8_seed47303
[2026-04-28 20:34:18,644][__main__][INFO] - Loading dataset: obesity
[2026-04-28 20:34:20,332][__main__][INFO] -   Samples: train=1477, val=317, test=317
[2026-04-28 20:34:20,332][__main__][INFO] -   Features: 40 (including bias), Task: regression
[2026-04-28 20:34:20,332][__main__][INFO] -   Device: cpu
[2026-04-28 20:34:20,333][__main__][INFO] - Creating model: MMPO2TypeI
Starting Ensemble Fit: 20 epochs
Models: [(1, 1), (2, 2), (3, 3)]
Total nodes: 6
Validation: Using separate validation set
Early stopping: patience=10, min_delta=0.001
Init    | Train: loss: 15.67064 | quality: -3.11193
        | Val:   loss: 15.51972 | quality: -3.31180

Epoch 1 | Train: loss: 1.76906 | quality: 0.53580
        | Val:   loss: 1.83968 | quality: 0.48889
 *
Epoch 2 | Train: loss: 1.26967 | quality: 0.66684
        | Val:   loss: 1.37261 | quality: 0.61865
 *
Epoch 3 | Train: loss: 0.97445 | quality: 0.74431
        | Val:   loss: 1.24210 | quality: 0.65491
 *
Epoch 4 | Train: loss: 0.71845 | quality: 0.81148
        | Val:   loss: 1.28193 | quality: 0.64384

Epoch 5 | Train: loss: 0.48913 | quality: 0.87165
        | Val:   loss: 1.36615 | quality: 0.62045

Epoch 6 | Train: loss: 0.34937 | quality: 0.90833
        | Val:   loss: 1.66936 | quality: 0.53621

Epoch 7 | Train: loss: 0.27341 | quality: 0.92826
        | Val:   loss: 2.02721 | quality: 0.43678

Epoch 8 | Train: loss: 0.23026 | quality: 0.93958
        | Val:   loss: 2.62781 | quality: 0.26992

Epoch 9 | Train: loss: 0.20612 | quality: 0.94591
        | Val:   loss: 3.36272 | quality: 0.06574

Epoch 10 | Train: loss: 0.20184 | quality: 0.94704
        | Val:   loss: 3.41493 | quality: 0.05124

Epoch 11 | Train: loss: 0.19824 | quality: 0.94798
        | Val:   loss: 3.48791 | quality: 0.03096

Epoch 12 | Train: loss: 0.19518 | quality: 0.94879
        | Val:   loss: 3.57486 | quality: 0.00681

Epoch 13 | Train: loss: 0.19251 | quality: 0.94948
        | Val:   loss: 3.67501 | quality: -0.02102


Early stopping at epoch 13 (best was epoch 3)

Best epoch: 3 (val_quality=0.654912)
[2026-04-28 20:34:36,190][__main__][INFO] - Results saved to: /zhome/6b/e/212868/GTN/outputs/ntn/obesity/MMPO2TypeI_rg5_init0.1/L3_bd8_seed47303/results.json
[2026-04-28 20:34:36,191][__main__][INFO] - ✓ Train R²: 0.7443
[2026-04-28 20:34:36,191][__main__][INFO] - ✓ Val R²: 0.6549
[2026-04-28 20:34:36,193][HYDRA] 	#10 : model.L=3 model.bond_dim=12 seed=42 trainer.ridge=5 trainer.ridge_decay=0.25 trainer.ridge_min=0.0001 +experiment=uci_ntn_sweep model=mmpo2_typei dataset=obesity
[2026-04-28 20:34:36,342][__main__][INFO] - Configuration:
model:
  name: MMPO2TypeI
  L: 3
  bond_dim: 12
  output_site: null
  init_strength: 0.1
dataset:
  name: obesity
  task: regression
  cap: 50
  size: medium
  batch_size: 256
slurm:
  partition: titans
  time: '12:00:00'
  mem: 2gb
  gpu_arch: Ampere
  cpus: 1
  gpu: 1
hpc:
  queue: gpuv100
  time: '12:00'
  mem: 500MB
  cpus: 4
  gpu: 1
trainer:
  type: ntn
  n_epochs: 20
  ridge: 5
  ridge_decay: 0.25
  ridge_min: 0.0001
  adaptive_ridge: false
  patience: 10
  min_delta: 0.001
  train_selection: true
seed: 42
experiment_name: ${model.name}_${dataset.name}_${trainer.type}_rg${trainer.ridge}_init${model.init_strength}
skip_completed: true
update_tracking: false

[2026-04-28 20:34:36,346][__main__][INFO] - Output directory: /zhome/6b/e/212868/GTN/outputs/ntn/obesity/MMPO2TypeI_rg5_init0.1/L3_bd12_seed42
[2026-04-28 20:34:36,347][__main__][INFO] - Loading dataset: obesity
[2026-04-28 20:34:38,044][__main__][INFO] -   Samples: train=1477, val=317, test=317
[2026-04-28 20:34:38,045][__main__][INFO] -   Features: 40 (including bias), Task: regression
[2026-04-28 20:34:38,045][__main__][INFO] -   Device: cpu
[2026-04-28 20:34:38,045][__main__][INFO] - Creating model: MMPO2TypeI
Starting Ensemble Fit: 20 epochs
Models: [(1, 1), (2, 2), (3, 3)]
Total nodes: 6
Validation: Using separate validation set
Early stopping: patience=10, min_delta=0.001
Init    | Train: loss: 14.19948 | quality: -2.72591
        | Val:   loss: 13.51497 | quality: -2.75483

Epoch 1 | Train: loss: 1.57451 | quality: 0.58685
        | Val:   loss: 1.62441 | quality: 0.54870
 *
Epoch 2 | Train: loss: 1.15569 | quality: 0.69675
        | Val:   loss: 1.29795 | quality: 0.63940
 *
Epoch 3 | Train: loss: 0.85450 | quality: 0.77578
        | Val:   loss: 1.21694 | quality: 0.66190
 *
Epoch 4 | Train: loss: 0.58312 | quality: 0.84699
        | Val:   loss: 1.28997 | quality: 0.64161

Epoch 5 | Train: loss: 0.38610 | quality: 0.89869
        | Val:   loss: 1.43477 | quality: 0.60138

Epoch 6 | Train: loss: 0.26116 | quality: 0.93147
        | Val:   loss: 1.69842 | quality: 0.52813

Epoch 7 | Train: loss: 0.19954 | quality: 0.94764
        | Val:   loss: 2.24633 | quality: 0.37591

Epoch 8 | Train: loss: 0.16287 | quality: 0.95726
        | Val:   loss: 3.69738 | quality: -0.02723

Epoch 9 | Train: loss: 0.14300 | quality: 0.96248
        | Val:   loss: 6.91228 | quality: -0.92042

Epoch 10 | Train: loss: 0.14173 | quality: 0.96281
        | Val:   loss: 6.98038 | quality: -0.93934

Epoch 11 | Train: loss: 0.14033 | quality: 0.96318
        | Val:   loss: 6.69849 | quality: -0.86102

Epoch 12 | Train: loss: 0.13958 | quality: 0.96338
        | Val:   loss: 6.71907 | quality: -0.86674

Epoch 13 | Train: loss: 0.13892 | quality: 0.96355
        | Val:   loss: 6.79266 | quality: -0.88718


Early stopping at epoch 13 (best was epoch 3)

Best epoch: 3 (val_quality=0.661902)
[2026-04-28 20:35:26,707][__main__][INFO] - Results saved to: /zhome/6b/e/212868/GTN/outputs/ntn/obesity/MMPO2TypeI_rg5_init0.1/L3_bd12_seed42/results.json
[2026-04-28 20:35:26,707][__main__][INFO] - ✓ Train R²: 0.7758
[2026-04-28 20:35:26,707][__main__][INFO] - ✓ Val R²: 0.6619
[2026-04-28 20:35:26,710][HYDRA] 	#11 : model.L=3 model.bond_dim=12 seed=10090 trainer.ridge=5 trainer.ridge_decay=0.25 trainer.ridge_min=0.0001 +experiment=uci_ntn_sweep model=mmpo2_typei dataset=obesity
[2026-04-28 20:35:26,872][__main__][INFO] - Configuration:
model:
  name: MMPO2TypeI
  L: 3
  bond_dim: 12
  output_site: null
  init_strength: 0.1
dataset:
  name: obesity
  task: regression
  cap: 50
  size: medium
  batch_size: 256
slurm:
  partition: titans
  time: '12:00:00'
  mem: 2gb
  gpu_arch: Ampere
  cpus: 1
  gpu: 1
hpc:
  queue: gpuv100
  time: '12:00'
  mem: 500MB
  cpus: 4
  gpu: 1
trainer:
  type: ntn
  n_epochs: 20
  ridge: 5
  ridge_decay: 0.25
  ridge_min: 0.0001
  adaptive_ridge: false
  patience: 10
  min_delta: 0.001
  train_selection: true
seed: 10090
experiment_name: ${model.name}_${dataset.name}_${trainer.type}_rg${trainer.ridge}_init${model.init_strength}
skip_completed: true
update_tracking: false

[2026-04-28 20:35:26,878][__main__][INFO] - Output directory: /zhome/6b/e/212868/GTN/outputs/ntn/obesity/MMPO2TypeI_rg5_init0.1/L3_bd12_seed10090
[2026-04-28 20:35:26,879][__main__][INFO] - Loading dataset: obesity
[2026-04-28 20:35:28,732][__main__][INFO] -   Samples: train=1477, val=317, test=317
[2026-04-28 20:35:28,732][__main__][INFO] -   Features: 40 (including bias), Task: regression
[2026-04-28 20:35:28,732][__main__][INFO] -   Device: cpu
[2026-04-28 20:35:28,732][__main__][INFO] - Creating model: MMPO2TypeI
Starting Ensemble Fit: 20 epochs
Models: [(1, 1), (2, 2), (3, 3)]
Total nodes: 6
Validation: Using separate validation set
Early stopping: patience=10, min_delta=0.001
Init    | Train: loss: 12.09864 | quality: -2.17465
        | Val:   loss: 11.78080 | quality: -2.27303

Epoch 1 | Train: loss: 1.65507 | quality: 0.56572
        | Val:   loss: 1.71605 | quality: 0.52324
 *
Epoch 2 | Train: loss: 1.10471 | quality: 0.71013
        | Val:   loss: 1.28277 | quality: 0.64361
 *
Epoch 3 | Train: loss: 0.78994 | quality: 0.79272
        | Val:   loss: 1.24813 | quality: 0.65324
 *
Epoch 4 | Train: loss: 0.53733 | quality: 0.85901
        | Val:   loss: 1.32383 | quality: 0.63220

Epoch 5 | Train: loss: 0.35949 | quality: 0.90567
        | Val:   loss: 1.54515 | quality: 0.57071

Epoch 6 | Train: loss: 0.25196 | quality: 0.93389
        | Val:   loss: 1.81889 | quality: 0.49466

Epoch 7 | Train: loss: 0.19792 | quality: 0.94807
        | Val:   loss: 2.49487 | quality: 0.30686

Epoch 8 | Train: loss: 0.16237 | quality: 0.95739
        | Val:   loss: 4.08132 | quality: -0.13390

Epoch 9 | Train: loss: 0.14204 | quality: 0.96273
        | Val:   loss: 7.38942 | quality: -1.05298

Epoch 10 | Train: loss: 0.14092 | quality: 0.96302
        | Val:   loss: 7.45098 | quality: -1.07009

Epoch 11 | Train: loss: 0.13987 | quality: 0.96330
        | Val:   loss: 7.54611 | quality: -1.09651

Epoch 12 | Train: loss: 0.13908 | quality: 0.96351
        | Val:   loss: 7.59292 | quality: -1.10952

Epoch 13 | Train: loss: 0.13839 | quality: 0.96369
        | Val:   loss: 7.65883 | quality: -1.12783


Early stopping at epoch 13 (best was epoch 3)

Best epoch: 3 (val_quality=0.653236)
[2026-04-28 20:36:17,592][__main__][INFO] - Results saved to: /zhome/6b/e/212868/GTN/outputs/ntn/obesity/MMPO2TypeI_rg5_init0.1/L3_bd12_seed10090/results.json
[2026-04-28 20:36:17,593][__main__][INFO] - ✓ Train R²: 0.7927
[2026-04-28 20:36:17,593][__main__][INFO] - ✓ Val R²: 0.6532
[2026-04-28 20:36:17,595][HYDRA] 	#12 : model.L=3 model.bond_dim=12 seed=32874 trainer.ridge=5 trainer.ridge_decay=0.25 trainer.ridge_min=0.0001 +experiment=uci_ntn_sweep model=mmpo2_typei dataset=obesity
[2026-04-28 20:36:17,746][__main__][INFO] - Configuration:
model:
  name: MMPO2TypeI
  L: 3
  bond_dim: 12
  output_site: null
  init_strength: 0.1
dataset:
  name: obesity
  task: regression
  cap: 50
  size: medium
  batch_size: 256
slurm:
  partition: titans
  time: '12:00:00'
  mem: 2gb
  gpu_arch: Ampere
  cpus: 1
  gpu: 1
hpc:
  queue: gpuv100
  time: '12:00'
  mem: 500MB
  cpus: 4
  gpu: 1
trainer:
  type: ntn
  n_epochs: 20
  ridge: 5
  ridge_decay: 0.25
  ridge_min: 0.0001
  adaptive_ridge: false
  patience: 10
  min_delta: 0.001
  train_selection: true
seed: 32874
experiment_name: ${model.name}_${dataset.name}_${trainer.type}_rg${trainer.ridge}_init${model.init_strength}
skip_completed: true
update_tracking: false

[2026-04-28 20:36:17,751][__main__][INFO] - Output directory: /zhome/6b/e/212868/GTN/outputs/ntn/obesity/MMPO2TypeI_rg5_init0.1/L3_bd12_seed32874
[2026-04-28 20:36:17,752][__main__][INFO] - Loading dataset: obesity
[2026-04-28 20:36:19,593][__main__][INFO] -   Samples: train=1477, val=317, test=317
[2026-04-28 20:36:19,594][__main__][INFO] -   Features: 40 (including bias), Task: regression
[2026-04-28 20:36:19,594][__main__][INFO] -   Device: cpu
[2026-04-28 20:36:19,594][__main__][INFO] - Creating model: MMPO2TypeI
Starting Ensemble Fit: 20 epochs
Models: [(1, 1), (2, 2), (3, 3)]
Total nodes: 6
Validation: Using separate validation set
Early stopping: patience=10, min_delta=0.001
Init    | Train: loss: 15.49085 | quality: -3.06476
        | Val:   loss: 14.42319 | quality: -3.00715

Epoch 1 | Train: loss: 1.70763 | quality: 0.55192
        | Val:   loss: 1.82445 | quality: 0.49312
 *
Epoch 2 | Train: loss: 1.08849 | quality: 0.71438
        | Val:   loss: 1.28056 | quality: 0.64423
 *
Epoch 3 | Train: loss: 0.80034 | quality: 0.78999
        | Val:   loss: 1.22368 | quality: 0.66003
 *
Epoch 4 | Train: loss: 0.54938 | quality: 0.85584
        | Val:   loss: 1.28678 | quality: 0.64250

Epoch 5 | Train: loss: 0.37160 | quality: 0.90249
        | Val:   loss: 1.43556 | quality: 0.60116

Epoch 6 | Train: loss: 0.25757 | quality: 0.93241
        | Val:   loss: 1.73873 | quality: 0.51693

Epoch 7 | Train: loss: 0.19976 | quality: 0.94758
        | Val:   loss: 2.45683 | quality: 0.31743

Epoch 8 | Train: loss: 0.16454 | quality: 0.95683
        | Val:   loss: 3.47090 | quality: 0.03569

Epoch 9 | Train: loss: 0.14510 | quality: 0.96193
        | Val:   loss: 5.50720 | quality: -0.53005

Epoch 10 | Train: loss: 0.14324 | quality: 0.96241
        | Val:   loss: 5.98164 | quality: -0.66186

Epoch 11 | Train: loss: 0.14209 | quality: 0.96272
        | Val:   loss: 5.58509 | quality: -0.55169

Epoch 12 | Train: loss: 0.14105 | quality: 0.96299
        | Val:   loss: 5.82923 | quality: -0.61952

Epoch 13 | Train: loss: 0.14019 | quality: 0.96321
        | Val:   loss: 6.05154 | quality: -0.68128


Early stopping at epoch 13 (best was epoch 3)

Best epoch: 3 (val_quality=0.660027)
[2026-04-28 20:37:08,528][__main__][INFO] - Results saved to: /zhome/6b/e/212868/GTN/outputs/ntn/obesity/MMPO2TypeI_rg5_init0.1/L3_bd12_seed32874/results.json
[2026-04-28 20:37:08,529][__main__][INFO] - ✓ Train R²: 0.7900
[2026-04-28 20:37:08,529][__main__][INFO] - ✓ Val R²: 0.6600
[2026-04-28 20:37:08,531][HYDRA] 	#13 : model.L=3 model.bond_dim=12 seed=47311 trainer.ridge=5 trainer.ridge_decay=0.25 trainer.ridge_min=0.0001 +experiment=uci_ntn_sweep model=mmpo2_typei dataset=obesity
[2026-04-28 20:37:08,677][__main__][INFO] - Configuration:
model:
  name: MMPO2TypeI
  L: 3
  bond_dim: 12
  output_site: null
  init_strength: 0.1
dataset:
  name: obesity
  task: regression
  cap: 50
  size: medium
  batch_size: 256
slurm:
  partition: titans
  time: '12:00:00'
  mem: 2gb
  gpu_arch: Ampere
  cpus: 1
  gpu: 1
hpc:
  queue: gpuv100
  time: '12:00'
  mem: 500MB
  cpus: 4
  gpu: 1
trainer:
  type: ntn
  n_epochs: 20
  ridge: 5
  ridge_decay: 0.25
  ridge_min: 0.0001
  adaptive_ridge: false
  patience: 10
  min_delta: 0.001
  train_selection: true
seed: 47311
experiment_name: ${model.name}_${dataset.name}_${trainer.type}_rg${trainer.ridge}_init${model.init_strength}
skip_completed: true
update_tracking: false

[2026-04-28 20:37:08,682][__main__][INFO] - Output directory: /zhome/6b/e/212868/GTN/outputs/ntn/obesity/MMPO2TypeI_rg5_init0.1/L3_bd12_seed47311
[2026-04-28 20:37:08,682][__main__][INFO] - Loading dataset: obesity
[2026-04-28 20:37:10,570][__main__][INFO] -   Samples: train=1477, val=317, test=317
[2026-04-28 20:37:10,571][__main__][INFO] -   Features: 40 (including bias), Task: regression
[2026-04-28 20:37:10,571][__main__][INFO] -   Device: cpu
[2026-04-28 20:37:10,571][__main__][INFO] - Creating model: MMPO2TypeI
Starting Ensemble Fit: 20 epochs
Models: [(1, 1), (2, 2), (3, 3)]
Total nodes: 6
Validation: Using separate validation set
Early stopping: patience=10, min_delta=0.001
Init    | Train: loss: 15.86546 | quality: -3.16305
        | Val:   loss: 15.43584 | quality: -3.28850

Epoch 1 | Train: loss: 1.65513 | quality: 0.56570
        | Val:   loss: 1.75775 | quality: 0.51165
 *
Epoch 2 | Train: loss: 1.17002 | quality: 0.69299
        | Val:   loss: 1.32154 | quality: 0.63284
 *
Epoch 3 | Train: loss: 0.86479 | quality: 0.77308
        | Val:   loss: 1.26042 | quality: 0.64982
 *
Epoch 4 | Train: loss: 0.58601 | quality: 0.84623
        | Val:   loss: 1.36779 | quality: 0.61999

Epoch 5 | Train: loss: 0.37148 | quality: 0.90252
        | Val:   loss: 1.51385 | quality: 0.57941

Epoch 6 | Train: loss: 0.25483 | quality: 0.93313
        | Val:   loss: 1.73990 | quality: 0.51661

Epoch 7 | Train: loss: 0.19529 | quality: 0.94876
        | Val:   loss: 2.21945 | quality: 0.38338

Epoch 8 | Train: loss: 0.16141 | quality: 0.95765
        | Val:   loss: 3.28485 | quality: 0.08738

Epoch 9 | Train: loss: 0.14251 | quality: 0.96261
        | Val:   loss: 5.66861 | quality: -0.57489

Epoch 10 | Train: loss: 0.14073 | quality: 0.96307
        | Val:   loss: 5.56940 | quality: -0.54733

Epoch 11 | Train: loss: 0.13989 | quality: 0.96329
        | Val:   loss: 5.62236 | quality: -0.56204

Epoch 12 | Train: loss: 0.13907 | quality: 0.96351
        | Val:   loss: 5.68404 | quality: -0.57918

Epoch 13 | Train: loss: 0.13843 | quality: 0.96368
        | Val:   loss: 5.76279 | quality: -0.60106


Early stopping at epoch 13 (best was epoch 3)

Best epoch: 3 (val_quality=0.649822)
[2026-04-28 20:37:58,954][__main__][INFO] - Results saved to: /zhome/6b/e/212868/GTN/outputs/ntn/obesity/MMPO2TypeI_rg5_init0.1/L3_bd12_seed47311/results.json
[2026-04-28 20:37:58,955][__main__][INFO] - ✓ Train R²: 0.7731
[2026-04-28 20:37:58,955][__main__][INFO] - ✓ Val R²: 0.6498
[2026-04-28 20:37:58,958][HYDRA] 	#14 : model.L=3 model.bond_dim=12 seed=47303 trainer.ridge=5 trainer.ridge_decay=0.25 trainer.ridge_min=0.0001 +experiment=uci_ntn_sweep model=mmpo2_typei dataset=obesity
[2026-04-28 20:37:59,134][__main__][INFO] - Configuration:
model:
  name: MMPO2TypeI
  L: 3
  bond_dim: 12
  output_site: null
  init_strength: 0.1
dataset:
  name: obesity
  task: regression
  cap: 50
  size: medium
  batch_size: 256
slurm:
  partition: titans
  time: '12:00:00'
  mem: 2gb
  gpu_arch: Ampere
  cpus: 1
  gpu: 1
hpc:
  queue: gpuv100
  time: '12:00'
  mem: 500MB
  cpus: 4
  gpu: 1
trainer:
  type: ntn
  n_epochs: 20
  ridge: 5
  ridge_decay: 0.25
  ridge_min: 0.0001
  adaptive_ridge: false
  patience: 10
  min_delta: 0.001
  train_selection: true
seed: 47303
experiment_name: ${model.name}_${dataset.name}_${trainer.type}_rg${trainer.ridge}_init${model.init_strength}
skip_completed: true
update_tracking: false

[2026-04-28 20:37:59,139][__main__][INFO] - Output directory: /zhome/6b/e/212868/GTN/outputs/ntn/obesity/MMPO2TypeI_rg5_init0.1/L3_bd12_seed47303
[2026-04-28 20:37:59,139][__main__][INFO] - Loading dataset: obesity
[2026-04-28 20:38:00,988][__main__][INFO] -   Samples: train=1477, val=317, test=317
[2026-04-28 20:38:00,989][__main__][INFO] -   Features: 40 (including bias), Task: regression
[2026-04-28 20:38:00,989][__main__][INFO] -   Device: cpu
[2026-04-28 20:38:00,989][__main__][INFO] - Creating model: MMPO2TypeI
Starting Ensemble Fit: 20 epochs
Models: [(1, 1), (2, 2), (3, 3)]
Total nodes: 6
Validation: Using separate validation set
Early stopping: patience=10, min_delta=0.001
Init    | Train: loss: 13.35983 | quality: -2.50558
        | Val:   loss: 13.05174 | quality: -2.62613

Epoch 1 | Train: loss: 1.71034 | quality: 0.55121
        | Val:   loss: 1.82052 | quality: 0.49421
 *
Epoch 2 | Train: loss: 1.12493 | quality: 0.70482
        | Val:   loss: 1.30690 | quality: 0.63691
 *
Epoch 3 | Train: loss: 0.82933 | quality: 0.78239
        | Val:   loss: 1.21916 | quality: 0.66128
 *
Epoch 4 | Train: loss: 0.55956 | quality: 0.85317
        | Val:   loss: 1.32697 | quality: 0.63133

Epoch 5 | Train: loss: 0.36293 | quality: 0.90477
        | Val:   loss: 1.43947 | quality: 0.60008

Epoch 6 | Train: loss: 0.24990 | quality: 0.93443
        | Val:   loss: 1.60904 | quality: 0.55296

Epoch 7 | Train: loss: 0.19382 | quality: 0.94914
        | Val:   loss: 2.22475 | quality: 0.38190

Epoch 8 | Train: loss: 0.16086 | quality: 0.95779
        | Val:   loss: 4.03672 | quality: -0.12151

Epoch 9 | Train: loss: 0.14299 | quality: 0.96248
        | Val:   loss: 7.48772 | quality: -1.08029

Epoch 10 | Train: loss: 0.14169 | quality: 0.96282
        | Val:   loss: 7.43848 | quality: -1.06661

Epoch 11 | Train: loss: 0.14002 | quality: 0.96326
        | Val:   loss: 7.40088 | quality: -1.05617

Epoch 12 | Train: loss: 0.13909 | quality: 0.96350
        | Val:   loss: 7.76881 | quality: -1.15839

Epoch 13 | Train: loss: 0.13833 | quality: 0.96370
        | Val:   loss: 7.76274 | quality: -1.15670


Early stopping at epoch 13 (best was epoch 3)

Best epoch: 3 (val_quality=0.661285)
[2026-04-28 20:38:50,547][__main__][INFO] - Results saved to: /zhome/6b/e/212868/GTN/outputs/ntn/obesity/MMPO2TypeI_rg5_init0.1/L3_bd12_seed47303/results.json
[2026-04-28 20:38:50,547][__main__][INFO] - ✓ Train R²: 0.7824
[2026-04-28 20:38:50,548][__main__][INFO] - ✓ Val R²: 0.6613
[2026-04-28 20:38:50,550][HYDRA] 	#15 : model.L=4 model.bond_dim=4 seed=42 trainer.ridge=5 trainer.ridge_decay=0.25 trainer.ridge_min=0.0001 +experiment=uci_ntn_sweep model=mmpo2_typei dataset=obesity
[2026-04-28 20:38:50,700][__main__][INFO] - Configuration:
model:
  name: MMPO2TypeI
  L: 4
  bond_dim: 4
  output_site: null
  init_strength: 0.1
dataset:
  name: obesity
  task: regression
  cap: 50
  size: medium
  batch_size: 256
slurm:
  partition: titans
  time: '12:00:00'
  mem: 2gb
  gpu_arch: Ampere
  cpus: 1
  gpu: 1
hpc:
  queue: gpuv100
  time: '12:00'
  mem: 500MB
  cpus: 4
  gpu: 1
trainer:
  type: ntn
  n_epochs: 20
  ridge: 5
  ridge_decay: 0.25
  ridge_min: 0.0001
  adaptive_ridge: false
  patience: 10
  min_delta: 0.001
  train_selection: true
seed: 42
experiment_name: ${model.name}_${dataset.name}_${trainer.type}_rg${trainer.ridge}_init${model.init_strength}
skip_completed: true
update_tracking: false

[2026-04-28 20:38:50,704][__main__][INFO] - Output directory: /zhome/6b/e/212868/GTN/outputs/ntn/obesity/MMPO2TypeI_rg5_init0.1/L4_bd4_seed42
[2026-04-28 20:38:50,705][__main__][INFO] - Loading dataset: obesity
[2026-04-28 20:38:53,072][__main__][INFO] -   Samples: train=1477, val=317, test=317
[2026-04-28 20:38:53,075][__main__][INFO] -   Features: 40 (including bias), Task: regression
[2026-04-28 20:38:53,075][__main__][INFO] -   Device: cpu
[2026-04-28 20:38:53,075][__main__][INFO] - Creating model: MMPO2TypeI
Starting Ensemble Fit: 20 epochs
Models: [(1, 1), (2, 2), (3, 3), (4, 4)]
Total nodes: 10
Validation: Using separate validation set
Early stopping: patience=10, min_delta=0.001
Init    | Train: loss: 14.71531 | quality: -2.86126
        | Val:   loss: 14.40201 | quality: -3.00127

Epoch 1 | Train: loss: 1.95581 | quality: 0.48680
        | Val:   loss: 2.01369 | quality: 0.44054
 *
Epoch 2 | Train: loss: 1.24723 | quality: 0.67273
        | Val:   loss: 1.37516 | quality: 0.61794
 *
Epoch 3 | Train: loss: 0.95365 | quality: 0.74976
        | Val:   loss: 1.25362 | quality: 0.65171
 *
Epoch 4 | Train: loss: 0.71612 | quality: 0.81209
        | Val:   loss: 1.20727 | quality: 0.66459
 *
Epoch 5 | Train: loss: 0.51034 | quality: 0.86609
        | Val:   loss: 1.23392 | quality: 0.65718

Epoch 6 | Train: loss: 0.36387 | quality: 0.90452
        | Val:   loss: 1.41038 | quality: 0.60816

Epoch 7 | Train: loss: 0.28760 | quality: 0.92453
        | Val:   loss: 1.50251 | quality: 0.58256

Epoch 8 | Train: loss: 0.24693 | quality: 0.93521
        | Val:   loss: 1.78009 | quality: 0.50544

Epoch 9 | Train: loss: 0.22240 | quality: 0.94164
        | Val:   loss: 2.12472 | quality: 0.40970

Epoch 10 | Train: loss: 0.20728 | quality: 0.94561
        | Val:   loss: 2.26330 | quality: 0.37119

Epoch 11 | Train: loss: 0.19556 | quality: 0.94868
        | Val:   loss: 2.36192 | quality: 0.34379

Epoch 12 | Train: loss: 0.18594 | quality: 0.95121
        | Val:   loss: 2.47793 | quality: 0.31156

Epoch 13 | Train: loss: 0.17798 | quality: 0.95330
        | Val:   loss: 2.61824 | quality: 0.27258

Epoch 14 | Train: loss: 0.17141 | quality: 0.95502
        | Val:   loss: 2.77421 | quality: 0.22925


Early stopping at epoch 14 (best was epoch 4)

Best epoch: 4 (val_quality=0.664588)
[2026-04-28 20:39:15,529][__main__][INFO] - Results saved to: /zhome/6b/e/212868/GTN/outputs/ntn/obesity/MMPO2TypeI_rg5_init0.1/L4_bd4_seed42/results.json
[2026-04-28 20:39:15,530][__main__][INFO] - ✓ Train R²: 0.8121
[2026-04-28 20:39:15,530][__main__][INFO] - ✓ Val R²: 0.6646
[2026-04-28 20:39:15,532][HYDRA] 	#16 : model.L=4 model.bond_dim=4 seed=10090 trainer.ridge=5 trainer.ridge_decay=0.25 trainer.ridge_min=0.0001 +experiment=uci_ntn_sweep model=mmpo2_typei dataset=obesity
[2026-04-28 20:39:15,683][__main__][INFO] - Configuration:
model:
  name: MMPO2TypeI
  L: 4
  bond_dim: 4
  output_site: null
  init_strength: 0.1
dataset:
  name: obesity
  task: regression
  cap: 50
  size: medium
  batch_size: 256
slurm:
  partition: titans
  time: '12:00:00'
  mem: 2gb
  gpu_arch: Ampere
  cpus: 1
  gpu: 1
hpc:
  queue: gpuv100
  time: '12:00'
  mem: 500MB
  cpus: 4
  gpu: 1
trainer:
  type: ntn
  n_epochs: 20
  ridge: 5
  ridge_decay: 0.25
  ridge_min: 0.0001
  adaptive_ridge: false
  patience: 10
  min_delta: 0.001
  train_selection: true
seed: 10090
experiment_name: ${model.name}_${dataset.name}_${trainer.type}_rg${trainer.ridge}_init${model.init_strength}
skip_completed: true
update_tracking: false

[2026-04-28 20:39:15,687][__main__][INFO] - Output directory: /zhome/6b/e/212868/GTN/outputs/ntn/obesity/MMPO2TypeI_rg5_init0.1/L4_bd4_seed10090
[2026-04-28 20:39:15,688][__main__][INFO] - Loading dataset: obesity
[2026-04-28 20:39:17,483][__main__][INFO] -   Samples: train=1477, val=317, test=317
[2026-04-28 20:39:17,495][__main__][INFO] -   Features: 40 (including bias), Task: regression
[2026-04-28 20:39:17,495][__main__][INFO] -   Device: cpu
[2026-04-28 20:39:17,495][__main__][INFO] - Creating model: MMPO2TypeI
Starting Ensemble Fit: 20 epochs
Models: [(1, 1), (2, 2), (3, 3), (4, 4)]
Total nodes: 10
Validation: Using separate validation set
Early stopping: patience=10, min_delta=0.001
Init    | Train: loss: 11.91737 | quality: -2.12709
        | Val:   loss: 11.36516 | quality: -2.15755

Epoch 1 | Train: loss: 1.94145 | quality: 0.49057
        | Val:   loss: 1.96906 | quality: 0.45294
 *
Epoch 2 | Train: loss: 1.27055 | quality: 0.66661
        | Val:   loss: 1.41375 | quality: 0.60722
 *
Epoch 3 | Train: loss: 0.91812 | quality: 0.75909
        | Val:   loss: 1.32227 | quality: 0.63264
 *
Epoch 4 | Train: loss: 0.65688 | quality: 0.82764
        | Val:   loss: 1.29959 | quality: 0.63894
 *
Epoch 5 | Train: loss: 0.45649 | quality: 0.88022
        | Val:   loss: 1.38536 | quality: 0.61511

Epoch 6 | Train: loss: 0.33920 | quality: 0.91099
        | Val:   loss: 1.47989 | quality: 0.58885

Epoch 7 | Train: loss: 0.27227 | quality: 0.92856
        | Val:   loss: 1.69122 | quality: 0.53013

Epoch 8 | Train: loss: 0.22900 | quality: 0.93991
        | Val:   loss: 2.05960 | quality: 0.42779

Epoch 9 | Train: loss: 0.20320 | quality: 0.94668
        | Val:   loss: 2.47009 | quality: 0.31374

Epoch 10 | Train: loss: 0.18911 | quality: 0.95038
        | Val:   loss: 2.62815 | quality: 0.26983

Epoch 11 | Train: loss: 0.17946 | quality: 0.95291
        | Val:   loss: 2.72290 | quality: 0.24350

Epoch 12 | Train: loss: 0.17176 | quality: 0.95493
        | Val:   loss: 2.77615 | quality: 0.22871

Epoch 13 | Train: loss: 0.16540 | quality: 0.95660
        | Val:   loss: 2.80993 | quality: 0.21933

Epoch 14 | Train: loss: 0.16001 | quality: 0.95801
        | Val:   loss: 2.83266 | quality: 0.21301


Early stopping at epoch 14 (best was epoch 4)

Best epoch: 4 (val_quality=0.638938)
[2026-04-28 20:39:40,077][__main__][INFO] - Results saved to: /zhome/6b/e/212868/GTN/outputs/ntn/obesity/MMPO2TypeI_rg5_init0.1/L4_bd4_seed10090/results.json
[2026-04-28 20:39:40,078][__main__][INFO] - ✓ Train R²: 0.8276
[2026-04-28 20:39:40,078][__main__][INFO] - ✓ Val R²: 0.6389
[2026-04-28 20:39:40,087][HYDRA] 	#17 : model.L=4 model.bond_dim=4 seed=32874 trainer.ridge=5 trainer.ridge_decay=0.25 trainer.ridge_min=0.0001 +experiment=uci_ntn_sweep model=mmpo2_typei dataset=obesity
[2026-04-28 20:39:40,457][__main__][INFO] - Configuration:
model:
  name: MMPO2TypeI
  L: 4
  bond_dim: 4
  output_site: null
  init_strength: 0.1
dataset:
  name: obesity
  task: regression
  cap: 50
  size: medium
  batch_size: 256
slurm:
  partition: titans
  time: '12:00:00'
  mem: 2gb
  gpu_arch: Ampere
  cpus: 1
  gpu: 1
hpc:
  queue: gpuv100
  time: '12:00'
  mem: 500MB
  cpus: 4
  gpu: 1
trainer:
  type: ntn
  n_epochs: 20
  ridge: 5
  ridge_decay: 0.25
  ridge_min: 0.0001
  adaptive_ridge: false
  patience: 10
  min_delta: 0.001
  train_selection: true
seed: 32874
experiment_name: ${model.name}_${dataset.name}_${trainer.type}_rg${trainer.ridge}_init${model.init_strength}
skip_completed: true
update_tracking: false

[2026-04-28 20:39:40,461][__main__][INFO] - Output directory: /zhome/6b/e/212868/GTN/outputs/ntn/obesity/MMPO2TypeI_rg5_init0.1/L4_bd4_seed32874
[2026-04-28 20:39:40,462][__main__][INFO] - Loading dataset: obesity
[2026-04-28 20:39:42,193][__main__][INFO] -   Samples: train=1477, val=317, test=317
[2026-04-28 20:39:42,194][__main__][INFO] -   Features: 40 (including bias), Task: regression
[2026-04-28 20:39:42,194][__main__][INFO] -   Device: cpu
[2026-04-28 20:39:42,194][__main__][INFO] - Creating model: MMPO2TypeI
Starting Ensemble Fit: 20 epochs
Models: [(1, 1), (2, 2), (3, 3), (4, 4)]
Total nodes: 10
Validation: Using separate validation set
Early stopping: patience=10, min_delta=0.001
Init    | Train: loss: 13.35426 | quality: -2.50412
        | Val:   loss: 12.31965 | quality: -2.42273

Epoch 1 | Train: loss: 1.85158 | quality: 0.51415
        | Val:   loss: 1.87360 | quality: 0.47946
 *
Epoch 2 | Train: loss: 1.22916 | quality: 0.67747
        | Val:   loss: 1.40776 | quality: 0.60889
 *
Epoch 3 | Train: loss: 0.91949 | quality: 0.75873
        | Val:   loss: 1.28289 | quality: 0.64358
 *
Epoch 4 | Train: loss: 0.66122 | quality: 0.82650
        | Val:   loss: 1.27891 | quality: 0.64468
 *
Epoch 5 | Train: loss: 0.45736 | quality: 0.87999
        | Val:   loss: 1.35180 | quality: 0.62443

Epoch 6 | Train: loss: 0.33853 | quality: 0.91117
        | Val:   loss: 1.50510 | quality: 0.58184

Epoch 7 | Train: loss: 0.27224 | quality: 0.92857
        | Val:   loss: 1.69594 | quality: 0.52882

Epoch 8 | Train: loss: 0.23509 | quality: 0.93831
        | Val:   loss: 1.96643 | quality: 0.45367

Epoch 9 | Train: loss: 0.21205 | quality: 0.94436
        | Val:   loss: 2.36055 | quality: 0.34417

Epoch 10 | Train: loss: 0.19923 | quality: 0.94772
        | Val:   loss: 2.60218 | quality: 0.27704

Epoch 11 | Train: loss: 0.18956 | quality: 0.95026
        | Val:   loss: 2.82931 | quality: 0.21394

Epoch 12 | Train: loss: 0.18169 | quality: 0.95233
        | Val:   loss: 3.02944 | quality: 0.15834

Epoch 13 | Train: loss: 0.17525 | quality: 0.95402
        | Val:   loss: 3.20332 | quality: 0.11003

Epoch 14 | Train: loss: 0.16990 | quality: 0.95542
        | Val:   loss: 3.35153 | quality: 0.06885


Early stopping at epoch 14 (best was epoch 4)

Best epoch: 4 (val_quality=0.644684)
[2026-04-28 20:40:04,775][__main__][INFO] - Results saved to: /zhome/6b/e/212868/GTN/outputs/ntn/obesity/MMPO2TypeI_rg5_init0.1/L4_bd4_seed32874/results.json
[2026-04-28 20:40:04,775][__main__][INFO] - ✓ Train R²: 0.8265
[2026-04-28 20:40:04,775][__main__][INFO] - ✓ Val R²: 0.6447
[2026-04-28 20:40:04,777][HYDRA] 	#18 : model.L=4 model.bond_dim=4 seed=47311 trainer.ridge=5 trainer.ridge_decay=0.25 trainer.ridge_min=0.0001 +experiment=uci_ntn_sweep model=mmpo2_typei dataset=obesity
[2026-04-28 20:40:04,928][__main__][INFO] - Configuration:
model:
  name: MMPO2TypeI
  L: 4
  bond_dim: 4
  output_site: null
  init_strength: 0.1
dataset:
  name: obesity
  task: regression
  cap: 50
  size: medium
  batch_size: 256
slurm:
  partition: titans
  time: '12:00:00'
  mem: 2gb
  gpu_arch: Ampere
  cpus: 1
  gpu: 1
hpc:
  queue: gpuv100
  time: '12:00'
  mem: 500MB
  cpus: 4
  gpu: 1
trainer:
  type: ntn
  n_epochs: 20
  ridge: 5
  ridge_decay: 0.25
  ridge_min: 0.0001
  adaptive_ridge: false
  patience: 10
  min_delta: 0.001
  train_selection: true
seed: 47311
experiment_name: ${model.name}_${dataset.name}_${trainer.type}_rg${trainer.ridge}_init${model.init_strength}
skip_completed: true
update_tracking: false

[2026-04-28 20:40:04,934][__main__][INFO] - Output directory: /zhome/6b/e/212868/GTN/outputs/ntn/obesity/MMPO2TypeI_rg5_init0.1/L4_bd4_seed47311
[2026-04-28 20:40:04,934][__main__][INFO] - Loading dataset: obesity
[2026-04-28 20:40:06,632][__main__][INFO] -   Samples: train=1477, val=317, test=317
[2026-04-28 20:40:06,632][__main__][INFO] -   Features: 40 (including bias), Task: regression
[2026-04-28 20:40:06,632][__main__][INFO] -   Device: cpu
[2026-04-28 20:40:06,633][__main__][INFO] - Creating model: MMPO2TypeI
Starting Ensemble Fit: 20 epochs
Models: [(1, 1), (2, 2), (3, 3), (4, 4)]
Total nodes: 10
Validation: Using separate validation set
Early stopping: patience=10, min_delta=0.001
Init    | Train: loss: 15.05214 | quality: -2.94964
        | Val:   loss: 14.45218 | quality: -3.01521

Epoch 1 | Train: loss: 2.03055 | quality: 0.46719
        | Val:   loss: 2.05457 | quality: 0.42919
 *
Epoch 2 | Train: loss: 1.28740 | quality: 0.66219
        | Val:   loss: 1.44566 | quality: 0.59836
 *
Epoch 3 | Train: loss: 0.94859 | quality: 0.75109
        | Val:   loss: 1.26714 | quality: 0.64795
 *
Epoch 4 | Train: loss: 0.69131 | quality: 0.81860
        | Val:   loss: 1.15844 | quality: 0.67815
 *
Epoch 5 | Train: loss: 0.48712 | quality: 0.87218
        | Val:   loss: 1.26173 | quality: 0.64946

Epoch 6 | Train: loss: 0.35687 | quality: 0.90636
        | Val:   loss: 1.58226 | quality: 0.56040

Epoch 7 | Train: loss: 0.29767 | quality: 0.92189
        | Val:   loss: 1.77963 | quality: 0.50557

Epoch 8 | Train: loss: 0.26021 | quality: 0.93172
        | Val:   loss: 1.95361 | quality: 0.45723

Epoch 9 | Train: loss: 0.23348 | quality: 0.93874
        | Val:   loss: 2.24039 | quality: 0.37756

Epoch 10 | Train: loss: 0.21607 | quality: 0.94330
        | Val:   loss: 2.44325 | quality: 0.32120

Epoch 11 | Train: loss: 0.20339 | quality: 0.94663
        | Val:   loss: 2.58772 | quality: 0.28106

Epoch 12 | Train: loss: 0.19382 | quality: 0.94914
        | Val:   loss: 2.70910 | quality: 0.24734

Epoch 13 | Train: loss: 0.18647 | quality: 0.95107
        | Val:   loss: 2.81886 | quality: 0.21684

Epoch 14 | Train: loss: 0.18059 | quality: 0.95261
        | Val:   loss: 2.94235 | quality: 0.18254


Early stopping at epoch 14 (best was epoch 4)

Best epoch: 4 (val_quality=0.678153)
[2026-04-28 20:40:29,084][__main__][INFO] - Results saved to: /zhome/6b/e/212868/GTN/outputs/ntn/obesity/MMPO2TypeI_rg5_init0.1/L4_bd4_seed47311/results.json
[2026-04-28 20:40:29,085][__main__][INFO] - ✓ Train R²: 0.8186
[2026-04-28 20:40:29,085][__main__][INFO] - ✓ Val R²: 0.6782
[2026-04-28 20:40:29,087][HYDRA] 	#19 : model.L=4 model.bond_dim=4 seed=47303 trainer.ridge=5 trainer.ridge_decay=0.25 trainer.ridge_min=0.0001 +experiment=uci_ntn_sweep model=mmpo2_typei dataset=obesity
[2026-04-28 20:40:29,236][__main__][INFO] - Configuration:
model:
  name: MMPO2TypeI
  L: 4
  bond_dim: 4
  output_site: null
  init_strength: 0.1
dataset:
  name: obesity
  task: regression
  cap: 50
  size: medium
  batch_size: 256
slurm:
  partition: titans
  time: '12:00:00'
  mem: 2gb
  gpu_arch: Ampere
  cpus: 1
  gpu: 1
hpc:
  queue: gpuv100
  time: '12:00'
  mem: 500MB
  cpus: 4
  gpu: 1
trainer:
  type: ntn
  n_epochs: 20
  ridge: 5
  ridge_decay: 0.25
  ridge_min: 0.0001
  adaptive_ridge: false
  patience: 10
  min_delta: 0.001
  train_selection: true
seed: 47303
experiment_name: ${model.name}_${dataset.name}_${trainer.type}_rg${trainer.ridge}_init${model.init_strength}
skip_completed: true
update_tracking: false

[2026-04-28 20:40:29,240][__main__][INFO] - Output directory: /zhome/6b/e/212868/GTN/outputs/ntn/obesity/MMPO2TypeI_rg5_init0.1/L4_bd4_seed47303
[2026-04-28 20:40:29,241][__main__][INFO] - Loading dataset: obesity
[2026-04-28 20:40:30,930][__main__][INFO] -   Samples: train=1477, val=317, test=317
[2026-04-28 20:40:30,931][__main__][INFO] -   Features: 40 (including bias), Task: regression
[2026-04-28 20:40:30,931][__main__][INFO] -   Device: cpu
[2026-04-28 20:40:30,931][__main__][INFO] - Creating model: MMPO2TypeI
Starting Ensemble Fit: 20 epochs
Models: [(1, 1), (2, 2), (3, 3), (4, 4)]
Total nodes: 10
Validation: Using separate validation set
Early stopping: patience=10, min_delta=0.001
Init    | Train: loss: 14.07442 | quality: -2.69309
        | Val:   loss: 13.72519 | quality: -2.81323

Epoch 1 | Train: loss: 1.87290 | quality: 0.50856
        | Val:   loss: 1.92455 | quality: 0.46531
 *
Epoch 2 | Train: loss: 1.27552 | quality: 0.66531
        | Val:   loss: 1.40646 | quality: 0.60925
 *
Epoch 3 | Train: loss: 0.90138 | quality: 0.76348
        | Val:   loss: 1.25295 | quality: 0.65190
 *
Epoch 4 | Train: loss: 0.65580 | quality: 0.82792
        | Val:   loss: 1.32842 | quality: 0.63093

Epoch 5 | Train: loss: 0.46662 | quality: 0.87756
        | Val:   loss: 1.42343 | quality: 0.60453

Epoch 6 | Train: loss: 0.34610 | quality: 0.90918
        | Val:   loss: 1.51270 | quality: 0.57973

Epoch 7 | Train: loss: 0.27848 | quality: 0.92693
        | Val:   loss: 1.69712 | quality: 0.52849

Epoch 8 | Train: loss: 0.23740 | quality: 0.93771
        | Val:   loss: 2.00249 | quality: 0.44365

Epoch 9 | Train: loss: 0.21109 | quality: 0.94461
        | Val:   loss: 2.31906 | quality: 0.35570

Epoch 10 | Train: loss: 0.19631 | quality: 0.94849
        | Val:   loss: 2.52156 | quality: 0.29944

Epoch 11 | Train: loss: 0.18721 | quality: 0.95088
        | Val:   loss: 2.66568 | quality: 0.25940

Epoch 12 | Train: loss: 0.18071 | quality: 0.95258
        | Val:   loss: 2.78376 | quality: 0.22660

Epoch 13 | Train: loss: 0.17567 | quality: 0.95391
        | Val:   loss: 2.87837 | quality: 0.20031


Early stopping at epoch 13 (best was epoch 3)

Best epoch: 3 (val_quality=0.651898)
[2026-04-28 20:40:51,941][__main__][INFO] - Results saved to: /zhome/6b/e/212868/GTN/outputs/ntn/obesity/MMPO2TypeI_rg5_init0.1/L4_bd4_seed47303/results.json
[2026-04-28 20:40:51,942][__main__][INFO] - ✓ Train R²: 0.7635
[2026-04-28 20:40:51,942][__main__][INFO] - ✓ Val R²: 0.6519
[2026-04-28 20:40:51,944][HYDRA] 	#20 : model.L=4 model.bond_dim=8 seed=42 trainer.ridge=5 trainer.ridge_decay=0.25 trainer.ridge_min=0.0001 +experiment=uci_ntn_sweep model=mmpo2_typei dataset=obesity
[2026-04-28 20:40:52,105][__main__][INFO] - Configuration:
model:
  name: MMPO2TypeI
  L: 4
  bond_dim: 8
  output_site: null
  init_strength: 0.1
dataset:
  name: obesity
  task: regression
  cap: 50
  size: medium
  batch_size: 256
slurm:
  partition: titans
  time: '12:00:00'
  mem: 2gb
  gpu_arch: Ampere
  cpus: 1
  gpu: 1
hpc:
  queue: gpuv100
  time: '12:00'
  mem: 500MB
  cpus: 4
  gpu: 1
trainer:
  type: ntn
  n_epochs: 20
  ridge: 5
  ridge_decay: 0.25
  ridge_min: 0.0001
  adaptive_ridge: false
  patience: 10
  min_delta: 0.001
  train_selection: true
seed: 42
experiment_name: ${model.name}_${dataset.name}_${trainer.type}_rg${trainer.ridge}_init${model.init_strength}
skip_completed: true
update_tracking: false

[2026-04-28 20:40:52,109][__main__][INFO] - Output directory: /zhome/6b/e/212868/GTN/outputs/ntn/obesity/MMPO2TypeI_rg5_init0.1/L4_bd8_seed42
[2026-04-28 20:40:52,110][__main__][INFO] - Loading dataset: obesity
[2026-04-28 20:40:53,799][__main__][INFO] -   Samples: train=1477, val=317, test=317
[2026-04-28 20:40:53,799][__main__][INFO] -   Features: 40 (including bias), Task: regression
[2026-04-28 20:40:53,800][__main__][INFO] -   Device: cpu
[2026-04-28 20:40:53,800][__main__][INFO] - Creating model: MMPO2TypeI

------------------------------------------------------------
Sender: LSF System <lsfadmin@hpc.dtu.dk>
Subject: Job 28319216[128]: <ntn_grid_full[1-200]%20> in cluster <dcc> Exited

Job <ntn_grid_full[1-200]%20> was submitted from host <hpclogin1> by user <nicci> in cluster <dcc> at Tue Apr 28 19:35:42 2026
Job was executed on host(s) <4*n-62-12-2>, in queue <hpc>, as user <nicci> in cluster <dcc> at Tue Apr 28 20:32:04 2026
</zhome/6b/e/212868> was used as the home directory.
</zhome/6b/e/212868/GTN> was used as the working directory.
Started at Tue Apr 28 20:32:04 2026
Terminated at Tue Apr 28 20:40:55 2026
Results reported at Tue Apr 28 20:40:55 2026

Your job looked like:

------------------------------------------------------------
# LSBATCH: User input
#!/bin/bash
#BSUB -q hpc
#BSUB -J "ntn_grid_full[1-200]%20"
#BSUB -W 12:00
#BSUB -n 4
#BSUB -R "rusage[mem=1GB]"
#BSUB -R "span[hosts=1]"
#BSUB -o logs/%J_%I.out
#BSUB -e logs/%J_%I.err

# --- DRY RUN / TEST LOGIC ---
# Run locally with: bash your_script.sh test
MODELS=("cpda" "cpda_typei" "lmpo2" "lmpo2_typei" "mpo2" "mpo2_typei" "mmpo2" "mmpo2_typei" "tnml_f" "tnml_p")
NUM_MODELS=${#MODELS[@]}
DATASETS=("adult" "ai4i" "appliances" "bank" "bike" "breast" "car_evaluation" "concrete" "energy_efficiency" "hearth" "iris" "mushrooms" "obesity" "popularity" "realstate" "seoulBike" "student_dropout" "student_perf" "wine" "winequalityc"
)

NUM_DATASETS=${#DATASETS[@]}
NUM_EXPERIMENTS=$((NUM_DATASETS*NUM_MODELS))
if [ "$1" == "test" ]; then
    echo "SIMULATING FULL ARRAY MAPPING (1-200):"
    echo "--------------------------------------"
for ((i=1; i<=NUM_EXPERIMENTS; i++)); do
        IDV=$((i - 1))
        M_IDX=$((IDV % NUM_MODELS))
        D_IDX=$((IDV / NUM_MODELS))
        echo "Index $i: Dataset=${DATASETS[$D_IDX]}, Model=${MODELS[$M_IDX]}"
    done
    exit 0
fi
# ----------------------------

export HOME=/zhome/6b/e/212868
cd $HOME/GTN
source .venv/bin/activate

mkdir -p logs

IDV=$((LSB_JOBINDEX - 1))
MODEL_IDX=$((IDV % NUM_MODELS))
DATASET_IDX=$((IDV / NUM_MODELS))

CURRENT_DATASET=${DATASETS[$DATASET_IDX]}
CURRENT_MODEL=${MODELS[$MODEL_IDX]}
echo "Task $LSB_JOBINDEX: Dataset=$CURRENT_DATASET, Model=$CURRENT_MODEL"

export OMP_NUM_THREADS=4
export MKL_NUM_THREADS=4

python run.py --multirun +experiment=uci_ntn_sweep model=$CURRENT_MODEL dataset=$CURRENT_DATASET

(... more ...)
------------------------------------------------------------

TERM_MEMLIMIT: job killed after reaching LSF memory usage limit.
Exited with exit code 137.

Resource usage summary:

    CPU time :                                   1917.42 sec.
    Max Memory :                                 4096 MB
    Average Memory :                             2038.33 MB
    Total Requested Memory :                     4096.00 MB
    Delta Memory :                               0.00 MB
    Max Swap :                                   -
    Max Processes :                              4
    Max Threads :                                8
    Run time :                                   530 sec.
    Turnaround time :                            3913 sec.

The output (if any) is above this job summary.



PS:

Read file <logs/28319216_128.err> for stderr output of this job.

