Task 66: Dataset=car_evaluation, Model=mpo2_typei, Experiment=uci_ntn_sweep
[2026-04-29 21:19:42,193][HYDRA] Launching 30 jobs locally
[2026-04-29 21:19:42,193][HYDRA] 	#0 : model.L=3 model.bond_dim=4 seed=42 trainer.ridge=5 trainer.ridge_decay=0.25 trainer.ridge_min=0.0001 +experiment=uci_ntn_sweep model=mpo2_typei dataset=car_evaluation
[2026-04-29 21:19:42,457][utils.tracking][INFO] - Loaded 16811 tracked runs from runs_tracking.csv
[2026-04-29 21:19:42,462][__main__][INFO] - ⏭ SKIP MPO2TypeI/car_evaluation/NTN L=3 bd=4 seed=42 -> /zhome/6b/e/212868/GTN/outputs/ntn/car_evaluation/MPO2TypeI_rg5_init0.1/L3_bd4_seed42 | completed val=0.9768
[2026-04-29 21:19:42,465][HYDRA] 	#1 : model.L=3 model.bond_dim=4 seed=10090 trainer.ridge=5 trainer.ridge_decay=0.25 trainer.ridge_min=0.0001 +experiment=uci_ntn_sweep model=mpo2_typei dataset=car_evaluation
[2026-04-29 21:19:42,842][__main__][INFO] - ⏭ SKIP MPO2TypeI/car_evaluation/NTN L=3 bd=4 seed=10090 -> /zhome/6b/e/212868/GTN/outputs/ntn/car_evaluation/MPO2TypeI_rg5_init0.1/L3_bd4_seed10090 | completed val=0.9846
[2026-04-29 21:19:42,844][HYDRA] 	#2 : model.L=3 model.bond_dim=4 seed=32874 trainer.ridge=5 trainer.ridge_decay=0.25 trainer.ridge_min=0.0001 +experiment=uci_ntn_sweep model=mpo2_typei dataset=car_evaluation
[2026-04-29 21:19:43,011][__main__][INFO] - ⏭ SKIP MPO2TypeI/car_evaluation/NTN L=3 bd=4 seed=32874 -> /zhome/6b/e/212868/GTN/outputs/ntn/car_evaluation/MPO2TypeI_rg5_init0.1/L3_bd4_seed32874 | completed val=0.9923
[2026-04-29 21:19:43,013][HYDRA] 	#3 : model.L=3 model.bond_dim=4 seed=47311 trainer.ridge=5 trainer.ridge_decay=0.25 trainer.ridge_min=0.0001 +experiment=uci_ntn_sweep model=mpo2_typei dataset=car_evaluation
[2026-04-29 21:19:43,179][__main__][INFO] - ⏭ SKIP MPO2TypeI/car_evaluation/NTN L=3 bd=4 seed=47311 -> /zhome/6b/e/212868/GTN/outputs/ntn/car_evaluation/MPO2TypeI_rg5_init0.1/L3_bd4_seed47311 | completed val=0.9884
[2026-04-29 21:19:43,181][HYDRA] 	#4 : model.L=3 model.bond_dim=4 seed=47303 trainer.ridge=5 trainer.ridge_decay=0.25 trainer.ridge_min=0.0001 +experiment=uci_ntn_sweep model=mpo2_typei dataset=car_evaluation
[2026-04-29 21:19:43,348][__main__][INFO] - ▶ RUN MPO2TypeI/car_evaluation/NTN L=3 bd=4 seed=47303 -> /zhome/6b/e/212868/GTN/outputs/ntn/car_evaluation/MPO2TypeI_rg5_init0.1/L3_bd4_seed47303
Starting Ensemble Fit: 20 epochs
Models: [(1, 1), (2, 2), (3, 3)]
Total nodes: 6
Validation: Using separate validation set
Early stopping: patience=10, min_delta=0.001
Init    | Train: loss: 1.32202 | quality: 0.34574
        | Val:   loss: 1.31843 | quality: 0.35521

Epoch 1 | Train: loss: 0.40497 | quality: 0.87593
        | Val:   loss: 0.42492 | quality: 0.84170
 *
Epoch 2 | Train: loss: 0.16063 | quality: 0.96112
        | Val:   loss: 0.18818 | quality: 0.93436
 *
Epoch 3 | Train: loss: 0.06281 | quality: 0.99007
        | Val:   loss: 0.11139 | quality: 0.95753
 *
Epoch 4 | Train: loss: 0.00840 | quality: 1.00000
        | Val:   loss: 0.05062 | quality: 0.98069
 *
Epoch 5 | Train: loss: 0.00035 | quality: 1.00000
        | Val:   loss: 0.04756 | quality: 0.98069

Epoch 6 | Train: loss: 0.00001 | quality: 1.00000
        | Val:   loss: 0.06718 | quality: 0.98069

Epoch 7 | Train: loss: 0.00000 | quality: 1.00000
        | Val:   loss: 0.09678 | quality: 0.98456
 *
Epoch 8 | Train: loss: 0.00000 | quality: 1.00000
        | Val:   loss: 0.13174 | quality: 0.98069

Epoch 9 | Train: loss: 0.00000 | quality: 1.00000
        | Val:   loss: 0.16804 | quality: 0.98069

Epoch 10 | Train: loss: 0.00000 | quality: 1.00000
        | Val:   loss: 0.20492 | quality: 0.98069

Epoch 11 | Train: loss: 0.00000 | quality: 1.00000
        | Val:   loss: 0.24229 | quality: 0.98069

Epoch 12 | Train: loss: 3267992806681981658169411394076672.00000 | quality: 0.23160
        | Val:   loss: 2967362473653732208842862999109632.00000 | quality: 0.25097

Epoch 13 | Train: loss: 960681317010541519999757710606968002800858033886651541225048702192863556685281095237398022306392524270282504252978856458255118940045769288184544960907919939379632706513010688.00000 | quality: 0.70471
        | Val:   loss: 1023294725710471196913018176239825824590199834022507967634957974274149391423979402422142068133147508267344692051649449653400514953341412875284844063283974725677158016563019776.00000 | quality: 0.68726

Epoch 14 | Train: loss: nan | quality: 0.22002
        | Val:   loss: nan | quality: 0.22008

Epoch 15 | Train: loss: nan | quality: 0.22002
        | Val:   loss: nan | quality: 0.22008

Epoch 16 | Train: loss: nan | quality: 0.22002
        | Val:   loss: nan | quality: 0.22008

Epoch 17 | Train: loss: nan | quality: 0.22002
        | Val:   loss: nan | quality: 0.22008


Early stopping at epoch 17 (best was epoch 7)

Best epoch: 7 (val_quality=0.984556)
[2026-04-29 21:19:47,732][__main__][INFO] - ✓ DONE MPO2TypeI/car_evaluation/NTN L=3 bd=4 seed=47303 -> /zhome/6b/e/212868/GTN/outputs/ntn/car_evaluation/MPO2TypeI_rg5_init0.1/L3_bd4_seed47303 | val=0.9846
[2026-04-29 21:19:47,735][HYDRA] 	#5 : model.L=3 model.bond_dim=8 seed=42 trainer.ridge=5 trainer.ridge_decay=0.25 trainer.ridge_min=0.0001 +experiment=uci_ntn_sweep model=mpo2_typei dataset=car_evaluation
[2026-04-29 21:19:47,933][__main__][INFO] - ▶ RUN MPO2TypeI/car_evaluation/NTN L=3 bd=8 seed=42 -> /zhome/6b/e/212868/GTN/outputs/ntn/car_evaluation/MPO2TypeI_rg5_init0.1/L3_bd8_seed42
Starting Ensemble Fit: 20 epochs
Models: [(1, 1), (2, 2), (3, 3)]
Total nodes: 6
Validation: Using separate validation set
Early stopping: patience=10, min_delta=0.001
Init    | Train: loss: 1.28330 | quality: 0.42680
        | Val:   loss: 1.29865 | quality: 0.41313

Epoch 1 | Train: loss: 0.24903 | quality: 0.94458
        | Val:   loss: 0.28886 | quality: 0.90347
 *
Epoch 2 | Train: loss: 0.08580 | quality: 0.98842
        | Val:   loss: 0.13364 | quality: 0.94595
 *
Epoch 3 | Train: loss: 0.01828 | quality: 1.00000
        | Val:   loss: 0.06556 | quality: 0.96911
 *
Epoch 4 | Train: loss: 0.00102 | quality: 1.00000
        | Val:   loss: 0.04220 | quality: 0.98069
 *
Epoch 5 | Train: loss: 0.00002 | quality: 1.00000
        | Val:   loss: 0.04927 | quality: 0.98456
 *
Epoch 6 | Train: loss: 0.00000 | quality: 1.00000
        | Val:   loss: 0.06829 | quality: 0.98456

Epoch 7 | Train: loss: 0.00000 | quality: 1.00000
        | Val:   loss: 0.08947 | quality: 0.98456

Epoch 8 | Train: loss: 0.00000 | quality: 1.00000
        | Val:   loss: 0.10841 | quality: 0.98456

Epoch 9 | Train: loss: 0.00000 | quality: 1.00000
        | Val:   loss: 0.12766 | quality: 0.98456

Epoch 10 | Train: loss: 0.00000 | quality: 1.00000
        | Val:   loss: 0.12948 | quality: 0.98069

Epoch 11 | Train: loss: 4117273333396890871212130334979129344.00000 | quality: 0.30604
        | Val:   loss: 4018769577037563019283462088640430080.00000 | quality: 0.29730

Epoch 12 | Train: loss: 60228969009888071459591077000095128449554639675331627367167595497050870154436491416900581145263342055566276727754239140609779318378086711884057744506960039408521577067057862796826451153780736.00000 | quality: 0.70471
        | Val:   loss: 54305533253269341880119527908058556613981379336292737083395341808485143368988075206437612537280103703775353334330715451145116460114224680505147306140971464756400356455726142809625507468935168.00000 | quality: 0.68726

Epoch 13 | Train: loss: nan | quality: 0.22002
        | Val:   loss: nan | quality: 0.22008

Epoch 14 | Train: loss: nan | quality: 0.22002
        | Val:   loss: nan | quality: 0.22008

Epoch 15 | Train: loss: nan | quality: 0.22002
        | Val:   loss: nan | quality: 0.22008


Early stopping at epoch 15 (best was epoch 5)

Best epoch: 5 (val_quality=0.984556)
[2026-04-29 21:19:55,631][__main__][INFO] - ✓ DONE MPO2TypeI/car_evaluation/NTN L=3 bd=8 seed=42 -> /zhome/6b/e/212868/GTN/outputs/ntn/car_evaluation/MPO2TypeI_rg5_init0.1/L3_bd8_seed42 | val=0.9846
[2026-04-29 21:19:55,633][HYDRA] 	#6 : model.L=3 model.bond_dim=8 seed=10090 trainer.ridge=5 trainer.ridge_decay=0.25 trainer.ridge_min=0.0001 +experiment=uci_ntn_sweep model=mpo2_typei dataset=car_evaluation
[2026-04-29 21:19:55,807][__main__][INFO] - ▶ RUN MPO2TypeI/car_evaluation/NTN L=3 bd=8 seed=10090 -> /zhome/6b/e/212868/GTN/outputs/ntn/car_evaluation/MPO2TypeI_rg5_init0.1/L3_bd8_seed10090

------------------------------------------------------------
Sender: LSF System <lsfadmin@hpc.dtu.dk>
Subject: Job 28327591[66]: <ntn_grid_full[1-130]%15> in cluster <dcc> Exited

Job <ntn_grid_full[1-130]%15> was submitted from host <hpclogin1> by user <nicci> in cluster <dcc> at Wed Apr 29 21:16:35 2026
Job was executed on host(s) <6*n-62-21-59>, in queue <hpc>, as user <nicci> in cluster <dcc> at Wed Apr 29 21:19:30 2026
</zhome/6b/e/212868> was used as the home directory.
</zhome/6b/e/212868/GTN> was used as the working directory.
Started at Wed Apr 29 21:19:30 2026
Terminated at Wed Apr 29 21:19:58 2026
Results reported at Wed Apr 29 21:19:58 2026

Your job looked like:

------------------------------------------------------------
# LSBATCH: User input
#!/bin/bash
#BSUB -q hpc
#BSUB -J "ntn_grid_full[1-130]%15"
#BSUB -W 8:00
#BSUB -n 6
#BSUB -R "rusage[mem=2GB]"
#BSUB -R "span[hosts=1]"
#BSUB -o logs/%J_%I.out
#BSUB -e logs/%J_%I.err

MODELS=("cpda" "cpda_typei" "lmpo2" "lmpo2_typei" "mpo2" "mpo2_typei" "mmpo2" "mmpo2_typei" "tnml_f" "tnml_p")

DATASETS=(
    "abalone" "adult" "ai4i" "appliances" "bank" "bike" "breast"
    "car_evaluation" "concrete" "energy_efficiency" "hearth"
    "iris" "mushrooms" "obesity" "popularity" "realstate"
    "seoulBike" "student_dropout" "student_perf" "wine"
    "winequalityc"
)

COMPLETED_DATASETS=(
    "bike" "concrete" "energy_efficiency"
    "iris" "obesity" "realstate" "seoulBike" "student_perf"
)

# Filter datasets
FILTERED_DATASETS=()
for ds in "${DATASETS[@]}"; do
    skip=false
    for completed in "${COMPLETED_DATASETS[@]}"; do
        if [[ "$ds" == "$completed" ]]; then
            skip=true
            break
        fi
    done

    if ! $skip; then
        FILTERED_DATASETS+=("$ds")
    fi
done

DATASETS=("${FILTERED_DATASETS[@]}")

NUM_MODELS=${#MODELS[@]}
NUM_DATASETS=${#DATASETS[@]}
NUM_EXPERIMENTS=$((NUM_DATASETS * NUM_MODELS))

if [ "$1" == "test" ]; then
    echo "SIMULATING ARRAY:"
    echo "-----------------"

(... more ...)
------------------------------------------------------------

TERM_MEMLIMIT: job killed after reaching LSF memory usage limit.
Exited with exit code 137.

Resource usage summary:

    CPU time :                                   68.20 sec.
    Max Memory :                                 12288 MB
    Average Memory :                             8321.67 MB
    Total Requested Memory :                     12288.00 MB
    Delta Memory :                               0.00 MB
    Max Swap :                                   -
    Max Processes :                              4
    Max Threads :                                15
    Run time :                                   28 sec.
    Turnaround time :                            203 sec.

The output (if any) is above this job summary.



PS:

Read file <logs/28327591_66.err> for stderr output of this job.

