Task 65: Dataset=car_evaluation, Model=mpo2, Experiment=uci_ntn_sweep
[2026-04-29 14:25:45,435][HYDRA] Launching 30 jobs locally
[2026-04-29 14:25:45,435][HYDRA] 	#0 : model.L=3 model.bond_dim=4 seed=42 trainer.ridge=5 trainer.ridge_decay=0.25 trainer.ridge_min=0.0001 +experiment=uci_ntn_sweep model=mpo2 dataset=car_evaluation
[2026-04-29 14:25:45,795][utils.tracking][INFO] - Loaded 16372 tracked runs from runs_tracking.csv
[2026-04-29 14:25:45,799][__main__][INFO] - ⏭ SKIP MPO2/car_evaluation/NTN L=3 bd=4 seed=42 -> /zhome/6b/e/212868/GTN/outputs/ntn/car_evaluation/MPO2_rg5_init0.1/L3_bd4_seed42 | completed val=0.3398
[2026-04-29 14:25:45,801][HYDRA] 	#1 : model.L=3 model.bond_dim=4 seed=10090 trainer.ridge=5 trainer.ridge_decay=0.25 trainer.ridge_min=0.0001 +experiment=uci_ntn_sweep model=mpo2 dataset=car_evaluation
[2026-04-29 14:25:45,957][__main__][INFO] - ⏭ SKIP MPO2/car_evaluation/NTN L=3 bd=4 seed=10090 -> /zhome/6b/e/212868/GTN/outputs/ntn/car_evaluation/MPO2_rg5_init0.1/L3_bd4_seed10090 | completed val=0.2548
[2026-04-29 14:25:45,959][HYDRA] 	#2 : model.L=3 model.bond_dim=4 seed=32874 trainer.ridge=5 trainer.ridge_decay=0.25 trainer.ridge_min=0.0001 +experiment=uci_ntn_sweep model=mpo2 dataset=car_evaluation
[2026-04-29 14:25:46,111][__main__][INFO] - ⏭ SKIP MPO2/car_evaluation/NTN L=3 bd=4 seed=32874 -> /zhome/6b/e/212868/GTN/outputs/ntn/car_evaluation/MPO2_rg5_init0.1/L3_bd4_seed32874 | completed val=0.5135
[2026-04-29 14:25:46,114][HYDRA] 	#3 : model.L=3 model.bond_dim=4 seed=47311 trainer.ridge=5 trainer.ridge_decay=0.25 trainer.ridge_min=0.0001 +experiment=uci_ntn_sweep model=mpo2 dataset=car_evaluation
[2026-04-29 14:25:46,272][__main__][INFO] - ▶ RUN MPO2/car_evaluation/NTN L=3 bd=4 seed=47311 -> /zhome/6b/e/212868/GTN/outputs/ntn/car_evaluation/MPO2_rg5_init0.1/L3_bd4_seed47311
Starting Fit: 20 epochs.
Sweep Order: ['Node0', 'Node1', 'Node2', 'Node1']
Validation: Using separate validation set for best model selection
Early stopping: patience=10, min_delta=0.001
Init    | Train: loss: 13.50218 | quality: 0.24235
        | Val:   loss: 14.01487 | quality: 0.24324
Epoch 1 | Train: loss: 5.22323 | quality: 0.29611
        | Val:   loss: 5.06841 | quality: 0.37066
 *
Epoch 2 | Train: loss: 53690.74398 | quality: 0.29446
        | Val:   loss: 50222.67372 | quality: 0.32819

Epoch 3 | Train: loss: 27993736668467535249755976237056.00000 | quality: 0.03391
        | Val:   loss: 27573606119154532856765427482624.00000 | quality: 0.05405

Epoch 4 | Train: loss: 46206881753492747667458535069369690580095993440600182072444208330278993618876088265345710820967823787692881437704796989060462007505539090481131148550639612139702651766610457656840220350280122761216.00000 | quality: 0.03391
        | Val:   loss: 44670870452474193329571916415441247422165615975538229605475769456431179559030015493797120856134637535715303126378854141989709554477611399014816831092070003977465789183467798746766419983933481418752.00000 | quality: 0.05405

Epoch 5 | Train: loss: nan | quality: 0.22002
        | Val:   loss: nan | quality: 0.22008

Epoch 6 | Train: loss: nan | quality: 0.22002
        | Val:   loss: nan | quality: 0.22008

Epoch 7 | Train: loss: nan | quality: 0.22002
        | Val:   loss: nan | quality: 0.22008

Epoch 8 | Train: loss: nan | quality: 0.22002
        | Val:   loss: nan | quality: 0.22008

Epoch 9 | Train: loss: nan | quality: 0.22002
        | Val:   loss: nan | quality: 0.22008

Epoch 10 | Train: loss: nan | quality: 0.22002
        | Val:   loss: nan | quality: 0.22008

Epoch 11 | Train: loss: nan | quality: 0.22002
        | Val:   loss: nan | quality: 0.22008


⏸ Early stopping at epoch 11 (best was epoch 1)
[2026-04-29 14:25:50,241][__main__][INFO] - ✓ DONE MPO2/car_evaluation/NTN L=3 bd=4 seed=47311 -> /zhome/6b/e/212868/GTN/outputs/ntn/car_evaluation/MPO2_rg5_init0.1/L3_bd4_seed47311 | val=0.3707
[2026-04-29 14:25:50,255][HYDRA] 	#4 : model.L=3 model.bond_dim=4 seed=47303 trainer.ridge=5 trainer.ridge_decay=0.25 trainer.ridge_min=0.0001 +experiment=uci_ntn_sweep model=mpo2 dataset=car_evaluation
[2026-04-29 14:25:50,415][__main__][INFO] - ▶ RUN MPO2/car_evaluation/NTN L=3 bd=4 seed=47303 -> /zhome/6b/e/212868/GTN/outputs/ntn/car_evaluation/MPO2_rg5_init0.1/L3_bd4_seed47303
Starting Fit: 20 epochs.
Sweep Order: ['Node0', 'Node1', 'Node2', 'Node1']
Validation: Using separate validation set for best model selection
Early stopping: patience=10, min_delta=0.001
Init    | Train: loss: 9.34168 | quality: 0.28453
        | Val:   loss: 9.35692 | quality: 0.28571
Epoch 1 | Train: loss: 27.76038 | quality: 0.07692
        | Val:   loss: 28.55330 | quality: 0.09266

Epoch 2 | Train: loss: 2787955700801841058862397389689719175609549517237326613608997630315548718324846168740362610100739795821550487563934933379573733189551252089864192.00000 | quality: 0.05624
        | Val:   loss: 2978428209180086568116164492152489639111622958047171374066817427918808238919403858751023399365794938112034145742848215328066557765856561987584000.00000 | quality: 0.05405

Epoch 3 | Train: loss: nan | quality: 0.22002
        | Val:   loss: nan | quality: 0.22008

Epoch 4 | Train: loss: nan | quality: 0.22002
        | Val:   loss: nan | quality: 0.22008

Epoch 5 | Train: loss: nan | quality: 0.22002
        | Val:   loss: nan | quality: 0.22008

Epoch 6 | Train: loss: nan | quality: 0.22002
        | Val:   loss: nan | quality: 0.22008

Epoch 7 | Train: loss: nan | quality: 0.22002
        | Val:   loss: nan | quality: 0.22008

Epoch 8 | Train: loss: nan | quality: 0.22002
        | Val:   loss: nan | quality: 0.22008

Epoch 9 | Train: loss: nan | quality: 0.22002
        | Val:   loss: nan | quality: 0.22008

Epoch 10 | Train: loss: nan | quality: 0.22002
        | Val:   loss: nan | quality: 0.22008


⏸ Early stopping at epoch 10 (best was epoch 0)
[2026-04-29 14:25:53,755][__main__][INFO] - ✓ DONE MPO2/car_evaluation/NTN L=3 bd=4 seed=47303 -> /zhome/6b/e/212868/GTN/outputs/ntn/car_evaluation/MPO2_rg5_init0.1/L3_bd4_seed47303 | val=0.2857
[2026-04-29 14:25:53,778][HYDRA] 	#5 : model.L=3 model.bond_dim=8 seed=42 trainer.ridge=5 trainer.ridge_decay=0.25 trainer.ridge_min=0.0001 +experiment=uci_ntn_sweep model=mpo2 dataset=car_evaluation
[2026-04-29 14:25:53,961][__main__][INFO] - ▶ RUN MPO2/car_evaluation/NTN L=3 bd=8 seed=42 -> /zhome/6b/e/212868/GTN/outputs/ntn/car_evaluation/MPO2_rg5_init0.1/L3_bd8_seed42

------------------------------------------------------------
Sender: LSF System <lsfadmin@hpc.dtu.dk>
Subject: Job 28326036[65]: <ntn_grid_full[1-140]%20> in cluster <dcc> Exited

Job <ntn_grid_full[1-140]%20> was submitted from host <hpclogin1> by user <nicci> in cluster <dcc> at Wed Apr 29 14:15:19 2026
Job was executed on host(s) <4*n-62-28-31>, in queue <hpc>, as user <nicci> in cluster <dcc> at Wed Apr 29 14:25:36 2026
</zhome/6b/e/212868> was used as the home directory.
</zhome/6b/e/212868/GTN> was used as the working directory.
Started at Wed Apr 29 14:25:36 2026
Terminated at Wed Apr 29 14:26:01 2026
Results reported at Wed Apr 29 14:26:01 2026

Your job looked like:

------------------------------------------------------------
# LSBATCH: User input
#!/bin/bash
#BSUB -q hpc
#BSUB -J "ntn_grid_full[1-140]%20"
#BSUB -W 12:00
#BSUB -n 4
#BSUB -R "rusage[mem=2GB]"
#BSUB -R "span[hosts=1]"
#BSUB -o logs/%J_%I.out
#BSUB -e logs/%J_%I.err

MODELS=("cpda" "cpda_typei" "lmpo2" "lmpo2_typei" "mpo2" "mpo2_typei" "mmpo2" "mmpo2_typei" "tnml_f" "tnml_p")

DATASETS=(
    "abalone" "adult" "ai4i" "appliances" "bank" "bike" "breast"
    "car_evaluation" "concrete" "energy_efficiency" "hearth"
    "iris" "mushrooms" "obesity" "popularity" "realstate"
    "seoulBike" "student_dropout" "student_perf" "wine"
    "winequalityc"
)

COMPLETED_DATASETS=(
    "bike" "concrete" "energy_efficiency"
    "iris" "obesity" "realstate" "seoulBike"
)

# Filter datasets
FILTERED_DATASETS=()
for ds in "${DATASETS[@]}"; do
    skip=false
    for completed in "${COMPLETED_DATASETS[@]}"; do
        if [[ "$ds" == "$completed" ]]; then
            skip=true
            break
        fi
    done

    if ! $skip; then
        FILTERED_DATASETS+=("$ds")
    fi
done

DATASETS=("${FILTERED_DATASETS[@]}")

NUM_MODELS=${#MODELS[@]}
NUM_DATASETS=${#DATASETS[@]}
NUM_EXPERIMENTS=$((NUM_DATASETS * NUM_MODELS))

if [ "$1" == "test" ]; then
    echo "SIMULATING ARRAY:"
    echo "-----------------"

(... more ...)
------------------------------------------------------------

TERM_MEMLIMIT: job killed after reaching LSF memory usage limit.
Exited with exit code 137.

Resource usage summary:

    CPU time :                                   45.19 sec.
    Max Memory :                                 8192 MB
    Average Memory :                             5743.33 MB
    Total Requested Memory :                     8192.00 MB
    Delta Memory :                               0.00 MB
    Max Swap :                                   -
    Max Processes :                              4
    Max Threads :                                8
    Run time :                                   25 sec.
    Turnaround time :                            642 sec.

The output (if any) is above this job summary.



PS:

Read file <logs/28326036_65.err> for stderr output of this job.

