Task 51: Dataset=breast, Model=cpda, Experiment=cpda_ntn_sweep
[2026-04-29 14:23:46,291][HYDRA] Launching 40 jobs locally
[2026-04-29 14:23:46,291][HYDRA] 	#0 : model.L=3 model.bond_dim=8 seed=42 trainer.ridge=5 trainer.ridge_decay=0.25 trainer.ridge_min=0.0001 +experiment=cpda_ntn_sweep model=cpda dataset=breast
[2026-04-29 14:23:46,555][utils.tracking][INFO] - Loaded 16372 tracked runs from runs_tracking.csv
[2026-04-29 14:23:46,559][__main__][INFO] - ⏭ SKIP CPDA/breast/NTN L=3 bd=8 seed=42 -> /zhome/6b/e/212868/GTN/outputs/ntn/breast/CPDA_rg5_init0.1/L3_bd8_seed42 | completed val=0.7647
[2026-04-29 14:23:46,562][HYDRA] 	#1 : model.L=3 model.bond_dim=8 seed=10090 trainer.ridge=5 trainer.ridge_decay=0.25 trainer.ridge_min=0.0001 +experiment=cpda_ntn_sweep model=cpda dataset=breast
[2026-04-29 14:23:46,720][__main__][INFO] - ⏭ SKIP CPDA/breast/NTN L=3 bd=8 seed=10090 -> /zhome/6b/e/212868/GTN/outputs/ntn/breast/CPDA_rg5_init0.1/L3_bd8_seed10090 | completed val=0.5647
[2026-04-29 14:23:46,722][HYDRA] 	#2 : model.L=3 model.bond_dim=8 seed=32874 trainer.ridge=5 trainer.ridge_decay=0.25 trainer.ridge_min=0.0001 +experiment=cpda_ntn_sweep model=cpda dataset=breast
[2026-04-29 14:23:46,884][__main__][INFO] - ⏭ SKIP CPDA/breast/NTN L=3 bd=8 seed=32874 -> /zhome/6b/e/212868/GTN/outputs/ntn/breast/CPDA_rg5_init0.1/L3_bd8_seed32874 | completed val=0.7882
[2026-04-29 14:23:46,887][HYDRA] 	#3 : model.L=3 model.bond_dim=8 seed=47311 trainer.ridge=5 trainer.ridge_decay=0.25 trainer.ridge_min=0.0001 +experiment=cpda_ntn_sweep model=cpda dataset=breast
[2026-04-29 14:23:47,050][__main__][INFO] - ⏭ SKIP CPDA/breast/NTN L=3 bd=8 seed=47311 -> /zhome/6b/e/212868/GTN/outputs/ntn/breast/CPDA_rg5_init0.1/L3_bd8_seed47311 | completed val=0.6353
[2026-04-29 14:23:47,052][HYDRA] 	#4 : model.L=3 model.bond_dim=8 seed=47303 trainer.ridge=5 trainer.ridge_decay=0.25 trainer.ridge_min=0.0001 +experiment=cpda_ntn_sweep model=cpda dataset=breast
[2026-04-29 14:23:47,210][__main__][INFO] - ⏭ SKIP CPDA/breast/NTN L=3 bd=8 seed=47303 -> /zhome/6b/e/212868/GTN/outputs/ntn/breast/CPDA_rg5_init0.1/L3_bd8_seed47303 | completed val=0.8471
[2026-04-29 14:23:47,212][HYDRA] 	#5 : model.L=3 model.bond_dim=16 seed=42 trainer.ridge=5 trainer.ridge_decay=0.25 trainer.ridge_min=0.0001 +experiment=cpda_ntn_sweep model=cpda dataset=breast
[2026-04-29 14:23:47,361][__main__][INFO] - ▶ RUN CPDA/breast/NTN L=3 bd=16 seed=42 -> /zhome/6b/e/212868/GTN/outputs/ntn/breast/CPDA_rg5_init0.1/L3_bd16_seed42
Starting Fit: 20 epochs.
Sweep Order: ['Node0', 'Node1', 'Node2', 'Node1']
Validation: Using separate validation set for best model selection
Early stopping: patience=10, min_delta=0.001
Init    | Train: loss: 199.29720 | quality: 0.60553
        | Val:   loss: 511.45306 | quality: 0.55294
Epoch 1 | Train: loss: 609009476235887.62500 | quality: 0.76382
        | Val:   loss: 208940345282003.56250 | quality: 0.72941
 *
Epoch 2 | Train: loss: 6283065722374013806817432827459881219165069281428020843855439546251951489071452920703345634574336.00000 | quality: 0.70101
        | Val:   loss: 1862227882696962487114711736636150946544196283883397084697954306531203953880322192183616434339840.00000 | quality: 0.70588

Epoch 3 | Train: loss: nan | quality: 0.62563
        | Val:   loss: nan | quality: 0.56471

Epoch 4 | Train: loss: nan | quality: 0.62563
        | Val:   loss: nan | quality: 0.56471

Epoch 5 | Train: loss: nan | quality: 0.62563
        | Val:   loss: nan | quality: 0.56471

Epoch 6 | Train: loss: nan | quality: 0.62563
        | Val:   loss: nan | quality: 0.56471

Epoch 7 | Train: loss: nan | quality: 0.62563
        | Val:   loss: nan | quality: 0.56471

Epoch 8 | Train: loss: nan | quality: 0.62563
        | Val:   loss: nan | quality: 0.56471

Epoch 9 | Train: loss: nan | quality: 0.62563
        | Val:   loss: nan | quality: 0.56471

Epoch 10 | Train: loss: nan | quality: 0.62563
        | Val:   loss: nan | quality: 0.56471

Epoch 11 | Train: loss: nan | quality: 0.62563
        | Val:   loss: nan | quality: 0.56471


⏸ Early stopping at epoch 11 (best was epoch 1)
[2026-04-29 14:23:50,112][__main__][INFO] - ✓ DONE CPDA/breast/NTN L=3 bd=16 seed=42 -> /zhome/6b/e/212868/GTN/outputs/ntn/breast/CPDA_rg5_init0.1/L3_bd16_seed42 | val=0.7294
[2026-04-29 14:23:50,119][HYDRA] 	#6 : model.L=3 model.bond_dim=16 seed=10090 trainer.ridge=5 trainer.ridge_decay=0.25 trainer.ridge_min=0.0001 +experiment=cpda_ntn_sweep model=cpda dataset=breast
[2026-04-29 14:23:50,273][__main__][INFO] - ▶ RUN CPDA/breast/NTN L=3 bd=16 seed=10090 -> /zhome/6b/e/212868/GTN/outputs/ntn/breast/CPDA_rg5_init0.1/L3_bd16_seed10090
Starting Fit: 20 epochs.
Sweep Order: ['Node0', 'Node1', 'Node2', 'Node1']
Validation: Using separate validation set for best model selection
Early stopping: patience=10, min_delta=0.001
Init    | Train: loss: 480.16085 | quality: 0.44724
        | Val:   loss: 493.04172 | quality: 0.48235
Epoch 1 | Train: loss: 967564185193858234376154187299535851209023380742540107059765647458471286177893823536738998365070734548474523172005295289081375557134234792835796906109562781696.00000 | quality: 0.78392
        | Val:   loss: 437351413707061361056870168677089481849072640179671749986581579108357567898197553501740205521886066371271126373659945890474001846461819449910059641522876317696.00000 | quality: 0.76471
 *
Epoch 2 | Train: loss: nan | quality: 0.62563
        | Val:   loss: nan | quality: 0.56471

Epoch 3 | Train: loss: nan | quality: 0.62563
        | Val:   loss: nan | quality: 0.56471

Epoch 4 | Train: loss: nan | quality: 0.62563
        | Val:   loss: nan | quality: 0.56471

Epoch 5 | Train: loss: nan | quality: 0.62563
        | Val:   loss: nan | quality: 0.56471

Epoch 6 | Train: loss: nan | quality: 0.62563
        | Val:   loss: nan | quality: 0.56471

Epoch 7 | Train: loss: nan | quality: 0.62563
        | Val:   loss: nan | quality: 0.56471

Epoch 8 | Train: loss: nan | quality: 0.62563
        | Val:   loss: nan | quality: 0.56471

Epoch 9 | Train: loss: nan | quality: 0.62563
        | Val:   loss: nan | quality: 0.56471

Epoch 10 | Train: loss: nan | quality: 0.62563
        | Val:   loss: nan | quality: 0.56471

Epoch 11 | Train: loss: nan | quality: 0.62563
        | Val:   loss: nan | quality: 0.56471


⏸ Early stopping at epoch 11 (best was epoch 1)
[2026-04-29 14:23:52,492][__main__][INFO] - ✓ DONE CPDA/breast/NTN L=3 bd=16 seed=10090 -> /zhome/6b/e/212868/GTN/outputs/ntn/breast/CPDA_rg5_init0.1/L3_bd16_seed10090 | val=0.7647
[2026-04-29 14:23:52,499][HYDRA] 	#7 : model.L=3 model.bond_dim=16 seed=32874 trainer.ridge=5 trainer.ridge_decay=0.25 trainer.ridge_min=0.0001 +experiment=cpda_ntn_sweep model=cpda dataset=breast
[2026-04-29 14:23:52,661][__main__][INFO] - ▶ RUN CPDA/breast/NTN L=3 bd=16 seed=32874 -> /zhome/6b/e/212868/GTN/outputs/ntn/breast/CPDA_rg5_init0.1/L3_bd16_seed32874
Starting Fit: 20 epochs.
Sweep Order: ['Node0', 'Node1', 'Node2', 'Node1']
Validation: Using separate validation set for best model selection
Early stopping: patience=10, min_delta=0.001
Init    | Train: loss: 46.74132 | quality: 0.77889
        | Val:   loss: 43.16582 | quality: 0.78824
Epoch 1 | Train: loss: 67799270625338503843777687736860655357413745499701319103252919043185641108141926173751913826277136672211328134811639578954995827151694409021917097067457937361768148780852953161080885614460107583064088377034451434132901755548009126772604928.00000 | quality: 0.90201
        | Val:   loss: 41964464221056614818204804992206648817219865517538357011885520899810309462553342167561927651904449202359928708383696091849512731062098636525224938737913789952399399290267628695251438466318266262100520301840681734473323211099836554451877888.00000 | quality: 0.92941
 *
Epoch 2 | Train: loss: nan | quality: 0.62563
        | Val:   loss: nan | quality: 0.56471

Epoch 3 | Train: loss: nan | quality: 0.62563
        | Val:   loss: nan | quality: 0.56471

Epoch 4 | Train: loss: nan | quality: 0.62563
        | Val:   loss: nan | quality: 0.56471

Epoch 5 | Train: loss: nan | quality: 0.62563
        | Val:   loss: nan | quality: 0.56471

Epoch 6 | Train: loss: nan | quality: 0.62563
        | Val:   loss: nan | quality: 0.56471

Epoch 7 | Train: loss: nan | quality: 0.62563
        | Val:   loss: nan | quality: 0.56471

Epoch 8 | Train: loss: nan | quality: 0.62563
        | Val:   loss: nan | quality: 0.56471

Epoch 9 | Train: loss: nan | quality: 0.62563
        | Val:   loss: nan | quality: 0.56471

Epoch 10 | Train: loss: nan | quality: 0.62563
        | Val:   loss: nan | quality: 0.56471

Epoch 11 | Train: loss: nan | quality: 0.62563
        | Val:   loss: nan | quality: 0.56471


⏸ Early stopping at epoch 11 (best was epoch 1)
[2026-04-29 14:23:54,910][__main__][INFO] - ✓ DONE CPDA/breast/NTN L=3 bd=16 seed=32874 -> /zhome/6b/e/212868/GTN/outputs/ntn/breast/CPDA_rg5_init0.1/L3_bd16_seed32874 | val=0.9294
[2026-04-29 14:23:54,916][HYDRA] 	#8 : model.L=3 model.bond_dim=16 seed=47311 trainer.ridge=5 trainer.ridge_decay=0.25 trainer.ridge_min=0.0001 +experiment=cpda_ntn_sweep model=cpda dataset=breast
[2026-04-29 14:23:55,072][__main__][INFO] - ▶ RUN CPDA/breast/NTN L=3 bd=16 seed=47311 -> /zhome/6b/e/212868/GTN/outputs/ntn/breast/CPDA_rg5_init0.1/L3_bd16_seed47311
Starting Fit: 20 epochs.
Sweep Order: ['Node0', 'Node1', 'Node2', 'Node1']
Validation: Using separate validation set for best model selection
Early stopping: patience=10, min_delta=0.001
Init    | Train: loss: 509.52281 | quality: 0.40201
        | Val:   loss: 654.75033 | quality: 0.48235
Epoch 1 | Train: loss: 558775530907326976.00000 | quality: 0.58291
        | Val:   loss: 866396937941492480.00000 | quality: 0.51765
 *
Epoch 2 | Train: loss: 548838865066009920882111658412302333897560056740773148746723728062751143915254273544584388228231079336079328804864.00000 | quality: 0.37186
        | Val:   loss: 563265490377182157905376496856737802905039671330872992400288309914080208300977534217278472369884350802118540525568.00000 | quality: 0.35294

Epoch 3 | Train: loss: nan | quality: 0.62563
        | Val:   loss: nan | quality: 0.56471
 *
Epoch 4 | Train: loss: nan | quality: 0.62563
        | Val:   loss: nan | quality: 0.56471

Epoch 5 | Train: loss: nan | quality: 0.62563
        | Val:   loss: nan | quality: 0.56471

Epoch 6 | Train: loss: nan | quality: 0.62563
        | Val:   loss: nan | quality: 0.56471

Epoch 7 | Train: loss: nan | quality: 0.62563
        | Val:   loss: nan | quality: 0.56471

Epoch 8 | Train: loss: nan | quality: 0.62563
        | Val:   loss: nan | quality: 0.56471

Epoch 9 | Train: loss: nan | quality: 0.62563
        | Val:   loss: nan | quality: 0.56471

Epoch 10 | Train: loss: nan | quality: 0.62563
        | Val:   loss: nan | quality: 0.56471

Epoch 11 | Train: loss: nan | quality: 0.62563
        | Val:   loss: nan | quality: 0.56471

Epoch 12 | Train: loss: nan | quality: 0.62563
        | Val:   loss: nan | quality: 0.56471

Epoch 13 | Train: loss: nan | quality: 0.62563
        | Val:   loss: nan | quality: 0.56471


⏸ Early stopping at epoch 13 (best was epoch 3)
[2026-04-29 14:23:57,456][__main__][INFO] - ✓ DONE CPDA/breast/NTN L=3 bd=16 seed=47311 -> /zhome/6b/e/212868/GTN/outputs/ntn/breast/CPDA_rg5_init0.1/L3_bd16_seed47311 | val=0.5647
[2026-04-29 14:23:57,463][HYDRA] 	#9 : model.L=3 model.bond_dim=16 seed=47303 trainer.ridge=5 trainer.ridge_decay=0.25 trainer.ridge_min=0.0001 +experiment=cpda_ntn_sweep model=cpda dataset=breast
[2026-04-29 14:23:57,617][__main__][INFO] - ▶ RUN CPDA/breast/NTN L=3 bd=16 seed=47303 -> /zhome/6b/e/212868/GTN/outputs/ntn/breast/CPDA_rg5_init0.1/L3_bd16_seed47303
Starting Fit: 20 epochs.
Sweep Order: ['Node0', 'Node1', 'Node2', 'Node1']
Validation: Using separate validation set for best model selection
Early stopping: patience=10, min_delta=0.001
Init    | Train: loss: 169.28897 | quality: 0.60804
        | Val:   loss: 143.83612 | quality: 0.57647
Epoch 1 | Train: loss: 4696670827.83349 | quality: 0.64322
        | Val:   loss: 7335958193.51176 | quality: 0.63529
 *
Epoch 2 | Train: loss: 2669395692304258785074254775192781973147582558582830268416.00000 | quality: 0.81407
        | Val:   loss: 403330218055003156848065111059510860828680203706302464000.00000 | quality: 0.80000
 *
Epoch 3 | Train: loss: nan | quality: 0.86432
        | Val:   loss: nan | quality: 0.85882
 *
Epoch 4 | Train: loss: nan | quality: 0.62563
        | Val:   loss: nan | quality: 0.56471

Epoch 5 | Train: loss: nan | quality: 0.62563
        | Val:   loss: nan | quality: 0.56471

Epoch 6 | Train: loss: nan | quality: 0.62563
        | Val:   loss: nan | quality: 0.56471

Epoch 7 | Train: loss: nan | quality: 0.62563
        | Val:   loss: nan | quality: 0.56471

Epoch 8 | Train: loss: nan | quality: 0.62563
        | Val:   loss: nan | quality: 0.56471

Epoch 9 | Train: loss: nan | quality: 0.62563
        | Val:   loss: nan | quality: 0.56471

Epoch 10 | Train: loss: nan | quality: 0.62563
        | Val:   loss: nan | quality: 0.56471

Epoch 11 | Train: loss: nan | quality: 0.62563
        | Val:   loss: nan | quality: 0.56471

Epoch 12 | Train: loss: nan | quality: 0.62563
        | Val:   loss: nan | quality: 0.56471

Epoch 13 | Train: loss: nan | quality: 0.62563
        | Val:   loss: nan | quality: 0.56471


⏸ Early stopping at epoch 13 (best was epoch 3)
[2026-04-29 14:24:00,430][__main__][INFO] - ✓ DONE CPDA/breast/NTN L=3 bd=16 seed=47303 -> /zhome/6b/e/212868/GTN/outputs/ntn/breast/CPDA_rg5_init0.1/L3_bd16_seed47303 | val=0.8588
[2026-04-29 14:24:00,437][HYDRA] 	#10 : model.L=3 model.bond_dim=32 seed=42 trainer.ridge=5 trainer.ridge_decay=0.25 trainer.ridge_min=0.0001 +experiment=cpda_ntn_sweep model=cpda dataset=breast
[2026-04-29 14:24:00,593][__main__][INFO] - ▶ RUN CPDA/breast/NTN L=3 bd=32 seed=42 -> /zhome/6b/e/212868/GTN/outputs/ntn/breast/CPDA_rg5_init0.1/L3_bd32_seed42
Starting Fit: 20 epochs.
Sweep Order: ['Node0', 'Node1', 'Node2', 'Node1']
Validation: Using separate validation set for best model selection
Early stopping: patience=10, min_delta=0.001
Init    | Train: loss: 333.32776 | quality: 0.61055
        | Val:   loss: 167.22950 | quality: 0.49412
Epoch 1 | Train: loss: 8499649751966977268137852538517333213184.00000 | quality: 0.82663
        | Val:   loss: 2231675025398850800960361005492039843840.00000 | quality: 0.82353
 *
Epoch 2 | Train: loss: 2240929353237288811139295668366443057689855037825817281558801661305166553468760759430366618346252828279585592122684741797891593869023813149231416121427657533368512258348977624912473004053678096474844614432378579576293598397655275926073098712685874431939092724842496.00000 | quality: 0.84673
        | Val:   loss: 593845684857462917817304524646296196528111760788102919063381407831904359506177007270996497611377986173385398832583013965563518959753852508696526789178291586706656895802060891689654365967756445996953796970523551720960428043394959142638695688322842144509875770621952.00000 | quality: 0.84706
 *
Epoch 3 | Train: loss: nan | quality: 0.62563
        | Val:   loss: nan | quality: 0.56471

Epoch 4 | Train: loss: nan | quality: 0.62563
        | Val:   loss: nan | quality: 0.56471

Epoch 5 | Train: loss: nan | quality: 0.62563
        | Val:   loss: nan | quality: 0.56471

Epoch 6 | Train: loss: nan | quality: 0.62563
        | Val:   loss: nan | quality: 0.56471

Epoch 7 | Train: loss: nan | quality: 0.62563
        | Val:   loss: nan | quality: 0.56471

Epoch 8 | Train: loss: nan | quality: 0.62563
        | Val:   loss: nan | quality: 0.56471

Epoch 9 | Train: loss: nan | quality: 0.62563
        | Val:   loss: nan | quality: 0.56471

Epoch 10 | Train: loss: nan | quality: 0.62563
        | Val:   loss: nan | quality: 0.56471

Epoch 11 | Train: loss: nan | quality: 0.62563
        | Val:   loss: nan | quality: 0.56471

Epoch 12 | Train: loss: nan | quality: 0.62563
        | Val:   loss: nan | quality: 0.56471


⏸ Early stopping at epoch 12 (best was epoch 2)
[2026-04-29 14:24:04,650][__main__][INFO] - ✓ DONE CPDA/breast/NTN L=3 bd=32 seed=42 -> /zhome/6b/e/212868/GTN/outputs/ntn/breast/CPDA_rg5_init0.1/L3_bd32_seed42 | val=0.8471
[2026-04-29 14:24:04,659][HYDRA] 	#11 : model.L=3 model.bond_dim=32 seed=10090 trainer.ridge=5 trainer.ridge_decay=0.25 trainer.ridge_min=0.0001 +experiment=cpda_ntn_sweep model=cpda dataset=breast
[2026-04-29 14:24:04,823][__main__][INFO] - ▶ RUN CPDA/breast/NTN L=3 bd=32 seed=10090 -> /zhome/6b/e/212868/GTN/outputs/ntn/breast/CPDA_rg5_init0.1/L3_bd32_seed10090
Starting Fit: 20 epochs.
Sweep Order: ['Node0', 'Node1', 'Node2', 'Node1']
Validation: Using separate validation set for best model selection
Early stopping: patience=10, min_delta=0.001
Init    | Train: loss: 609.31442 | quality: 0.42462
        | Val:   loss: 611.50382 | quality: 0.38824
Epoch 1 | Train: loss: 3264043846522933248.00000 | quality: 0.83166
        | Val:   loss: 970656680822497792.00000 | quality: 0.78824
 *
Epoch 2 | Train: loss: 138047452257995309651618147666217500985811205991512622576254419825638869385225636766451628771431012468753154090991616.00000 | quality: 0.85427
        | Val:   loss: 36668920833340261252188129261014303366598722655568162809854518563178252962848888922559132464274216699844104458076160.00000 | quality: 0.84706
 *
Epoch 3 | Train: loss: nan | quality: 0.62563
        | Val:   loss: nan | quality: 0.56471

Epoch 4 | Train: loss: nan | quality: 0.62563
        | Val:   loss: nan | quality: 0.56471

Epoch 5 | Train: loss: nan | quality: 0.62563
        | Val:   loss: nan | quality: 0.56471

Epoch 6 | Train: loss: nan | quality: 0.62563
        | Val:   loss: nan | quality: 0.56471

Epoch 7 | Train: loss: nan | quality: 0.62563
        | Val:   loss: nan | quality: 0.56471

Epoch 8 | Train: loss: nan | quality: 0.62563
        | Val:   loss: nan | quality: 0.56471

Epoch 9 | Train: loss: nan | quality: 0.62563
        | Val:   loss: nan | quality: 0.56471

Epoch 10 | Train: loss: nan | quality: 0.62563
        | Val:   loss: nan | quality: 0.56471

Epoch 11 | Train: loss: nan | quality: 0.62563
        | Val:   loss: nan | quality: 0.56471

Epoch 12 | Train: loss: nan | quality: 0.62563
        | Val:   loss: nan | quality: 0.56471


⏸ Early stopping at epoch 12 (best was epoch 2)
[2026-04-29 14:24:08,760][__main__][INFO] - ✓ DONE CPDA/breast/NTN L=3 bd=32 seed=10090 -> /zhome/6b/e/212868/GTN/outputs/ntn/breast/CPDA_rg5_init0.1/L3_bd32_seed10090 | val=0.8471
[2026-04-29 14:24:08,768][HYDRA] 	#12 : model.L=3 model.bond_dim=32 seed=32874 trainer.ridge=5 trainer.ridge_decay=0.25 trainer.ridge_min=0.0001 +experiment=cpda_ntn_sweep model=cpda dataset=breast
[2026-04-29 14:24:08,924][__main__][INFO] - ▶ RUN CPDA/breast/NTN L=3 bd=32 seed=32874 -> /zhome/6b/e/212868/GTN/outputs/ntn/breast/CPDA_rg5_init0.1/L3_bd32_seed32874
Starting Fit: 20 epochs.
Sweep Order: ['Node0', 'Node1', 'Node2', 'Node1']
Validation: Using separate validation set for best model selection
Early stopping: patience=10, min_delta=0.001
Init    | Train: loss: 1070.88928 | quality: 0.23618
        | Val:   loss: 957.04174 | quality: 0.32941
Epoch 1 | Train: loss: 100900869795383368839041761636651297250569382453642030255797266062027784192.00000 | quality: 0.81407
        | Val:   loss: 23005631293144088251375346566161221052061567933420257193794172983353278464.00000 | quality: 0.77647
 *
Epoch 2 | Train: loss: nan | quality: 0.62563
        | Val:   loss: nan | quality: 0.56471

Epoch 3 | Train: loss: nan | quality: 0.62563
        | Val:   loss: nan | quality: 0.56471

Epoch 4 | Train: loss: nan | quality: 0.62563
        | Val:   loss: nan | quality: 0.56471

Epoch 5 | Train: loss: nan | quality: 0.62563
        | Val:   loss: nan | quality: 0.56471

Epoch 6 | Train: loss: nan | quality: 0.62563
        | Val:   loss: nan | quality: 0.56471

Epoch 7 | Train: loss: nan | quality: 0.62563
        | Val:   loss: nan | quality: 0.56471

Epoch 8 | Train: loss: nan | quality: 0.62563
        | Val:   loss: nan | quality: 0.56471

Epoch 9 | Train: loss: nan | quality: 0.62563
        | Val:   loss: nan | quality: 0.56471

Epoch 10 | Train: loss: nan | quality: 0.62563
        | Val:   loss: nan | quality: 0.56471

Epoch 11 | Train: loss: nan | quality: 0.62563
        | Val:   loss: nan | quality: 0.56471


⏸ Early stopping at epoch 11 (best was epoch 1)
[2026-04-29 14:24:12,705][__main__][INFO] - ✓ DONE CPDA/breast/NTN L=3 bd=32 seed=32874 -> /zhome/6b/e/212868/GTN/outputs/ntn/breast/CPDA_rg5_init0.1/L3_bd32_seed32874 | val=0.7765
[2026-04-29 14:24:12,712][HYDRA] 	#13 : model.L=3 model.bond_dim=32 seed=47311 trainer.ridge=5 trainer.ridge_decay=0.25 trainer.ridge_min=0.0001 +experiment=cpda_ntn_sweep model=cpda dataset=breast
[2026-04-29 14:24:12,876][__main__][INFO] - ▶ RUN CPDA/breast/NTN L=3 bd=32 seed=47311 -> /zhome/6b/e/212868/GTN/outputs/ntn/breast/CPDA_rg5_init0.1/L3_bd32_seed47311
Starting Fit: 20 epochs.
Sweep Order: ['Node0', 'Node1', 'Node2', 'Node1']
Validation: Using separate validation set for best model selection
Early stopping: patience=10, min_delta=0.001
Init    | Train: loss: 675.43377 | quality: 0.30151
        | Val:   loss: 1317.81996 | quality: 0.31765
Epoch 1 | Train: loss: 25620999196320.05859 | quality: 0.44724
        | Val:   loss: 38787704063643.25000 | quality: 0.44706
 *
Epoch 2 | Train: loss: 2264514243447474978542559141203309929861759474710907196717549020211973361500160.00000 | quality: 0.82915
        | Val:   loss: 1220191117511920525215153105479451532588730338797829789143211722444749104218112.00000 | quality: 0.82353
 *
Epoch 3 | Train: loss: nan | quality: 0.62563
        | Val:   loss: nan | quality: 0.56471

Epoch 4 | Train: loss: nan | quality: 0.62563
        | Val:   loss: nan | quality: 0.56471

Epoch 5 | Train: loss: nan | quality: 0.62563
        | Val:   loss: nan | quality: 0.56471

Epoch 6 | Train: loss: nan | quality: 0.62563
        | Val:   loss: nan | quality: 0.56471

Epoch 7 | Train: loss: nan | quality: 0.62563
        | Val:   loss: nan | quality: 0.56471

Epoch 8 | Train: loss: nan | quality: 0.62563
        | Val:   loss: nan | quality: 0.56471

Epoch 9 | Train: loss: nan | quality: 0.62563
        | Val:   loss: nan | quality: 0.56471

Epoch 10 | Train: loss: nan | quality: 0.62563
        | Val:   loss: nan | quality: 0.56471

Epoch 11 | Train: loss: nan | quality: 0.62563
        | Val:   loss: nan | quality: 0.56471

Epoch 12 | Train: loss: nan | quality: 0.62563
        | Val:   loss: nan | quality: 0.56471


⏸ Early stopping at epoch 12 (best was epoch 2)
[2026-04-29 14:24:16,842][__main__][INFO] - ✓ DONE CPDA/breast/NTN L=3 bd=32 seed=47311 -> /zhome/6b/e/212868/GTN/outputs/ntn/breast/CPDA_rg5_init0.1/L3_bd32_seed47311 | val=0.8235
[2026-04-29 14:24:16,849][HYDRA] 	#14 : model.L=3 model.bond_dim=32 seed=47303 trainer.ridge=5 trainer.ridge_decay=0.25 trainer.ridge_min=0.0001 +experiment=cpda_ntn_sweep model=cpda dataset=breast
[2026-04-29 14:24:17,003][__main__][INFO] - ▶ RUN CPDA/breast/NTN L=3 bd=32 seed=47303 -> /zhome/6b/e/212868/GTN/outputs/ntn/breast/CPDA_rg5_init0.1/L3_bd32_seed47303
Starting Fit: 20 epochs.
Sweep Order: ['Node0', 'Node1', 'Node2', 'Node1']
Validation: Using separate validation set for best model selection
Early stopping: patience=10, min_delta=0.001
Init    | Train: loss: 1439.07015 | quality: 0.28141
        | Val:   loss: 873.34886 | quality: 0.24706
Epoch 1 | Train: loss: 9285200706790255597952376013000322890088891547648.00000 | quality: 0.83668
        | Val:   loss: 1223481206956607126529105331058640228446512349184.00000 | quality: 0.85882
 *
Epoch 2 | Train: loss: nan | quality: 0.62563
        | Val:   loss: nan | quality: 0.56471

Epoch 3 | Train: loss: nan | quality: 0.62563
        | Val:   loss: nan | quality: 0.56471

Epoch 4 | Train: loss: nan | quality: 0.62563
        | Val:   loss: nan | quality: 0.56471

Epoch 5 | Train: loss: nan | quality: 0.62563
        | Val:   loss: nan | quality: 0.56471

Epoch 6 | Train: loss: nan | quality: 0.62563
        | Val:   loss: nan | quality: 0.56471

Epoch 7 | Train: loss: nan | quality: 0.62563
        | Val:   loss: nan | quality: 0.56471

Epoch 8 | Train: loss: nan | quality: 0.62563
        | Val:   loss: nan | quality: 0.56471

Epoch 9 | Train: loss: nan | quality: 0.62563
        | Val:   loss: nan | quality: 0.56471

Epoch 10 | Train: loss: nan | quality: 0.62563
        | Val:   loss: nan | quality: 0.56471

Epoch 11 | Train: loss: nan | quality: 0.62563
        | Val:   loss: nan | quality: 0.56471


⏸ Early stopping at epoch 11 (best was epoch 1)
[2026-04-29 14:24:20,800][__main__][INFO] - ✓ DONE CPDA/breast/NTN L=3 bd=32 seed=47303 -> /zhome/6b/e/212868/GTN/outputs/ntn/breast/CPDA_rg5_init0.1/L3_bd32_seed47303 | val=0.8588
[2026-04-29 14:24:20,807][HYDRA] 	#15 : model.L=3 model.bond_dim=64 seed=42 trainer.ridge=5 trainer.ridge_decay=0.25 trainer.ridge_min=0.0001 +experiment=cpda_ntn_sweep model=cpda dataset=breast
[2026-04-29 14:24:20,997][__main__][INFO] - ▶ RUN CPDA/breast/NTN L=3 bd=64 seed=42 -> /zhome/6b/e/212868/GTN/outputs/ntn/breast/CPDA_rg5_init0.1/L3_bd64_seed42

------------------------------------------------------------
Sender: LSF System <lsfadmin@hpc.dtu.dk>
Subject: Job 28326036[51]: <ntn_grid_full[1-140]%20> in cluster <dcc> Exited

Job <ntn_grid_full[1-140]%20> was submitted from host <hpclogin1> by user <nicci> in cluster <dcc> at Wed Apr 29 14:15:19 2026
Job was executed on host(s) <4*n-62-29-22>, in queue <hpc>, as user <nicci> in cluster <dcc> at Wed Apr 29 14:23:27 2026
</zhome/6b/e/212868> was used as the home directory.
</zhome/6b/e/212868/GTN> was used as the working directory.
Started at Wed Apr 29 14:23:27 2026
Terminated at Wed Apr 29 14:24:31 2026
Results reported at Wed Apr 29 14:24:31 2026

Your job looked like:

------------------------------------------------------------
# LSBATCH: User input
#!/bin/bash
#BSUB -q hpc
#BSUB -J "ntn_grid_full[1-140]%20"
#BSUB -W 12:00
#BSUB -n 4
#BSUB -R "rusage[mem=2GB]"
#BSUB -R "span[hosts=1]"
#BSUB -o logs/%J_%I.out
#BSUB -e logs/%J_%I.err

MODELS=("cpda" "cpda_typei" "lmpo2" "lmpo2_typei" "mpo2" "mpo2_typei" "mmpo2" "mmpo2_typei" "tnml_f" "tnml_p")

DATASETS=(
    "abalone" "adult" "ai4i" "appliances" "bank" "bike" "breast"
    "car_evaluation" "concrete" "energy_efficiency" "hearth"
    "iris" "mushrooms" "obesity" "popularity" "realstate"
    "seoulBike" "student_dropout" "student_perf" "wine"
    "winequalityc"
)

COMPLETED_DATASETS=(
    "bike" "concrete" "energy_efficiency"
    "iris" "obesity" "realstate" "seoulBike"
)

# Filter datasets
FILTERED_DATASETS=()
for ds in "${DATASETS[@]}"; do
    skip=false
    for completed in "${COMPLETED_DATASETS[@]}"; do
        if [[ "$ds" == "$completed" ]]; then
            skip=true
            break
        fi
    done

    if ! $skip; then
        FILTERED_DATASETS+=("$ds")
    fi
done

DATASETS=("${FILTERED_DATASETS[@]}")

NUM_MODELS=${#MODELS[@]}
NUM_DATASETS=${#DATASETS[@]}
NUM_EXPERIMENTS=$((NUM_DATASETS * NUM_MODELS))

if [ "$1" == "test" ]; then
    echo "SIMULATING ARRAY:"
    echo "-----------------"

(... more ...)
------------------------------------------------------------

TERM_MEMLIMIT: job killed after reaching LSF memory usage limit.
Exited with exit code 137.

Resource usage summary:

    CPU time :                                   104.50 sec.
    Max Memory :                                 8192 MB
    Average Memory :                             5935.33 MB
    Total Requested Memory :                     8192.00 MB
    Delta Memory :                               0.00 MB
    Max Swap :                                   -
    Max Processes :                              4
    Max Threads :                                8
    Run time :                                   64 sec.
    Turnaround time :                            552 sec.

The output (if any) is above this job summary.



PS:

Read file <logs/28326036_51.err> for stderr output of this job.

