Task 16: Dataset=appliances, Model=mpo2_typei, Experiment=uci_ntn_sweep
[2026-04-30 11:38:29,704][HYDRA] Launching 30 jobs locally
[2026-04-30 11:38:29,705][HYDRA] 	#0 : model.L=3 model.bond_dim=4 seed=42 trainer.ridge=5 trainer.ridge_decay=0.25 trainer.ridge_min=0.0001 +experiment=uci_ntn_sweep model=mpo2_typei dataset=appliances
[2026-04-30 11:38:29,924][utils.tracking][INFO] - Loaded 17126 tracked runs from runs_tracking.csv
[2026-04-30 11:38:29,927][__main__][INFO] - ⏭ SKIP MPO2TypeI/appliances/NTN L=3 bd=4 seed=42 -> /zhome/6b/e/212868/GTN/outputs/ntn/appliances/MPO2TypeI_rg5_init0.1/L3_bd4_seed42 | completed val=0.3091
[2026-04-30 11:38:29,930][HYDRA] 	#1 : model.L=3 model.bond_dim=4 seed=10090 trainer.ridge=5 trainer.ridge_decay=0.25 trainer.ridge_min=0.0001 +experiment=uci_ntn_sweep model=mpo2_typei dataset=appliances
[2026-04-30 11:38:30,266][__main__][INFO] - ⏭ SKIP MPO2TypeI/appliances/NTN L=3 bd=4 seed=10090 -> /zhome/6b/e/212868/GTN/outputs/ntn/appliances/MPO2TypeI_rg5_init0.1/L3_bd4_seed10090 | completed val=0.2803
[2026-04-30 11:38:30,268][HYDRA] 	#2 : model.L=3 model.bond_dim=4 seed=32874 trainer.ridge=5 trainer.ridge_decay=0.25 trainer.ridge_min=0.0001 +experiment=uci_ntn_sweep model=mpo2_typei dataset=appliances
[2026-04-30 11:38:30,414][__main__][INFO] - ⏭ SKIP MPO2TypeI/appliances/NTN L=3 bd=4 seed=32874 -> /zhome/6b/e/212868/GTN/outputs/ntn/appliances/MPO2TypeI_rg5_init0.1/L3_bd4_seed32874 | completed val=0.2875
[2026-04-30 11:38:30,436][HYDRA] 	#3 : model.L=3 model.bond_dim=4 seed=47311 trainer.ridge=5 trainer.ridge_decay=0.25 trainer.ridge_min=0.0001 +experiment=uci_ntn_sweep model=mpo2_typei dataset=appliances
[2026-04-30 11:38:30,581][__main__][INFO] - ⏭ SKIP MPO2TypeI/appliances/NTN L=3 bd=4 seed=47311 -> /zhome/6b/e/212868/GTN/outputs/ntn/appliances/MPO2TypeI_rg5_init0.1/L3_bd4_seed47311 | completed val=0.2808
[2026-04-30 11:38:30,583][HYDRA] 	#4 : model.L=3 model.bond_dim=4 seed=47303 trainer.ridge=5 trainer.ridge_decay=0.25 trainer.ridge_min=0.0001 +experiment=uci_ntn_sweep model=mpo2_typei dataset=appliances
[2026-04-30 11:38:30,729][__main__][INFO] - ⏭ SKIP MPO2TypeI/appliances/NTN L=3 bd=4 seed=47303 -> /zhome/6b/e/212868/GTN/outputs/ntn/appliances/MPO2TypeI_rg5_init0.1/L3_bd4_seed47303 | completed val=0.2932
[2026-04-30 11:38:30,732][HYDRA] 	#5 : model.L=3 model.bond_dim=8 seed=42 trainer.ridge=5 trainer.ridge_decay=0.25 trainer.ridge_min=0.0001 +experiment=uci_ntn_sweep model=mpo2_typei dataset=appliances
[2026-04-30 11:38:30,893][__main__][INFO] - ⏭ SKIP MPO2TypeI/appliances/NTN L=3 bd=8 seed=42 -> /zhome/6b/e/212868/GTN/outputs/ntn/appliances/MPO2TypeI_rg5_init0.1/L3_bd8_seed42 | completed val=0.2813
[2026-04-30 11:38:30,901][HYDRA] 	#6 : model.L=3 model.bond_dim=8 seed=10090 trainer.ridge=5 trainer.ridge_decay=0.25 trainer.ridge_min=0.0001 +experiment=uci_ntn_sweep model=mpo2_typei dataset=appliances
[2026-04-30 11:38:31,046][__main__][INFO] - ⏭ SKIP MPO2TypeI/appliances/NTN L=3 bd=8 seed=10090 -> /zhome/6b/e/212868/GTN/outputs/ntn/appliances/MPO2TypeI_rg5_init0.1/L3_bd8_seed10090 | completed val=0.3160
[2026-04-30 11:38:31,049][HYDRA] 	#7 : model.L=3 model.bond_dim=8 seed=32874 trainer.ridge=5 trainer.ridge_decay=0.25 trainer.ridge_min=0.0001 +experiment=uci_ntn_sweep model=mpo2_typei dataset=appliances
[2026-04-30 11:38:31,193][__main__][INFO] - ⏭ SKIP MPO2TypeI/appliances/NTN L=3 bd=8 seed=32874 -> /zhome/6b/e/212868/GTN/outputs/ntn/appliances/MPO2TypeI_rg5_init0.1/L3_bd8_seed32874 | completed val=0.2948
[2026-04-30 11:38:31,195][HYDRA] 	#8 : model.L=3 model.bond_dim=8 seed=47311 trainer.ridge=5 trainer.ridge_decay=0.25 trainer.ridge_min=0.0001 +experiment=uci_ntn_sweep model=mpo2_typei dataset=appliances
[2026-04-30 11:38:31,344][__main__][INFO] - ⏭ SKIP MPO2TypeI/appliances/NTN L=3 bd=8 seed=47311 -> /zhome/6b/e/212868/GTN/outputs/ntn/appliances/MPO2TypeI_rg5_init0.1/L3_bd8_seed47311 | completed val=0.2905
[2026-04-30 11:38:31,346][HYDRA] 	#9 : model.L=3 model.bond_dim=8 seed=47303 trainer.ridge=5 trainer.ridge_decay=0.25 trainer.ridge_min=0.0001 +experiment=uci_ntn_sweep model=mpo2_typei dataset=appliances
[2026-04-30 11:38:31,491][__main__][INFO] - ⏭ SKIP MPO2TypeI/appliances/NTN L=3 bd=8 seed=47303 -> /zhome/6b/e/212868/GTN/outputs/ntn/appliances/MPO2TypeI_rg5_init0.1/L3_bd8_seed47303 | completed val=0.2928
[2026-04-30 11:38:31,493][HYDRA] 	#10 : model.L=3 model.bond_dim=12 seed=42 trainer.ridge=5 trainer.ridge_decay=0.25 trainer.ridge_min=0.0001 +experiment=uci_ntn_sweep model=mpo2_typei dataset=appliances
[2026-04-30 11:38:31,638][__main__][INFO] - ⏭ SKIP MPO2TypeI/appliances/NTN L=3 bd=12 seed=42 -> /zhome/6b/e/212868/GTN/outputs/ntn/appliances/MPO2TypeI_rg5_init0.1/L3_bd12_seed42 | completed val=0.3079
[2026-04-30 11:38:31,640][HYDRA] 	#11 : model.L=3 model.bond_dim=12 seed=10090 trainer.ridge=5 trainer.ridge_decay=0.25 trainer.ridge_min=0.0001 +experiment=uci_ntn_sweep model=mpo2_typei dataset=appliances
[2026-04-30 11:38:31,789][__main__][INFO] - ⏭ SKIP MPO2TypeI/appliances/NTN L=3 bd=12 seed=10090 -> /zhome/6b/e/212868/GTN/outputs/ntn/appliances/MPO2TypeI_rg5_init0.1/L3_bd12_seed10090 | completed val=0.2960
[2026-04-30 11:38:31,791][HYDRA] 	#12 : model.L=3 model.bond_dim=12 seed=32874 trainer.ridge=5 trainer.ridge_decay=0.25 trainer.ridge_min=0.0001 +experiment=uci_ntn_sweep model=mpo2_typei dataset=appliances
[2026-04-30 11:38:31,940][__main__][INFO] - ⏭ SKIP MPO2TypeI/appliances/NTN L=3 bd=12 seed=32874 -> /zhome/6b/e/212868/GTN/outputs/ntn/appliances/MPO2TypeI_rg5_init0.1/L3_bd12_seed32874 | completed val=0.3044
[2026-04-30 11:38:31,943][HYDRA] 	#13 : model.L=3 model.bond_dim=12 seed=47311 trainer.ridge=5 trainer.ridge_decay=0.25 trainer.ridge_min=0.0001 +experiment=uci_ntn_sweep model=mpo2_typei dataset=appliances
[2026-04-30 11:38:32,089][__main__][INFO] - ⏭ SKIP MPO2TypeI/appliances/NTN L=3 bd=12 seed=47311 -> /zhome/6b/e/212868/GTN/outputs/ntn/appliances/MPO2TypeI_rg5_init0.1/L3_bd12_seed47311 | completed val=0.3050
[2026-04-30 11:38:32,092][HYDRA] 	#14 : model.L=3 model.bond_dim=12 seed=47303 trainer.ridge=5 trainer.ridge_decay=0.25 trainer.ridge_min=0.0001 +experiment=uci_ntn_sweep model=mpo2_typei dataset=appliances
[2026-04-30 11:38:32,238][__main__][INFO] - ⏭ SKIP MPO2TypeI/appliances/NTN L=3 bd=12 seed=47303 -> /zhome/6b/e/212868/GTN/outputs/ntn/appliances/MPO2TypeI_rg5_init0.1/L3_bd12_seed47303 | completed val=0.2902
[2026-04-30 11:38:32,240][HYDRA] 	#15 : model.L=4 model.bond_dim=4 seed=42 trainer.ridge=5 trainer.ridge_decay=0.25 trainer.ridge_min=0.0001 +experiment=uci_ntn_sweep model=mpo2_typei dataset=appliances
[2026-04-30 11:38:32,386][__main__][INFO] - ⏭ SKIP MPO2TypeI/appliances/NTN L=4 bd=4 seed=42 -> /zhome/6b/e/212868/GTN/outputs/ntn/appliances/MPO2TypeI_rg5_init0.1/L4_bd4_seed42 | completed val=0.2860
[2026-04-30 11:38:32,389][HYDRA] 	#16 : model.L=4 model.bond_dim=4 seed=10090 trainer.ridge=5 trainer.ridge_decay=0.25 trainer.ridge_min=0.0001 +experiment=uci_ntn_sweep model=mpo2_typei dataset=appliances
[2026-04-30 11:38:32,535][__main__][INFO] - ⏭ SKIP MPO2TypeI/appliances/NTN L=4 bd=4 seed=10090 -> /zhome/6b/e/212868/GTN/outputs/ntn/appliances/MPO2TypeI_rg5_init0.1/L4_bd4_seed10090 | completed val=0.2699
[2026-04-30 11:38:32,538][HYDRA] 	#17 : model.L=4 model.bond_dim=4 seed=32874 trainer.ridge=5 trainer.ridge_decay=0.25 trainer.ridge_min=0.0001 +experiment=uci_ntn_sweep model=mpo2_typei dataset=appliances
[2026-04-30 11:38:32,691][__main__][INFO] - ⏭ SKIP MPO2TypeI/appliances/NTN L=4 bd=4 seed=32874 -> /zhome/6b/e/212868/GTN/outputs/ntn/appliances/MPO2TypeI_rg5_init0.1/L4_bd4_seed32874 | completed val=0.3007
[2026-04-30 11:38:32,693][HYDRA] 	#18 : model.L=4 model.bond_dim=4 seed=47311 trainer.ridge=5 trainer.ridge_decay=0.25 trainer.ridge_min=0.0001 +experiment=uci_ntn_sweep model=mpo2_typei dataset=appliances
[2026-04-30 11:38:32,843][__main__][INFO] - ⏭ SKIP MPO2TypeI/appliances/NTN L=4 bd=4 seed=47311 -> /zhome/6b/e/212868/GTN/outputs/ntn/appliances/MPO2TypeI_rg5_init0.1/L4_bd4_seed47311 | completed val=0.3118
[2026-04-30 11:38:32,846][HYDRA] 	#19 : model.L=4 model.bond_dim=4 seed=47303 trainer.ridge=5 trainer.ridge_decay=0.25 trainer.ridge_min=0.0001 +experiment=uci_ntn_sweep model=mpo2_typei dataset=appliances
[2026-04-30 11:38:32,994][__main__][INFO] - ⏭ SKIP MPO2TypeI/appliances/NTN L=4 bd=4 seed=47303 -> /zhome/6b/e/212868/GTN/outputs/ntn/appliances/MPO2TypeI_rg5_init0.1/L4_bd4_seed47303 | completed val=0.2856
[2026-04-30 11:38:32,997][HYDRA] 	#20 : model.L=4 model.bond_dim=8 seed=42 trainer.ridge=5 trainer.ridge_decay=0.25 trainer.ridge_min=0.0001 +experiment=uci_ntn_sweep model=mpo2_typei dataset=appliances
[2026-04-30 11:38:33,164][__main__][INFO] - ⏭ SKIP MPO2TypeI/appliances/NTN L=4 bd=8 seed=42 -> /zhome/6b/e/212868/GTN/outputs/ntn/appliances/MPO2TypeI_rg5_init0.1/L4_bd8_seed42 | completed val=0.3086
[2026-04-30 11:38:33,166][HYDRA] 	#21 : model.L=4 model.bond_dim=8 seed=10090 trainer.ridge=5 trainer.ridge_decay=0.25 trainer.ridge_min=0.0001 +experiment=uci_ntn_sweep model=mpo2_typei dataset=appliances
[2026-04-30 11:38:33,312][__main__][INFO] - ⏭ SKIP MPO2TypeI/appliances/NTN L=4 bd=8 seed=10090 -> /zhome/6b/e/212868/GTN/outputs/ntn/appliances/MPO2TypeI_rg5_init0.1/L4_bd8_seed10090 | completed val=0.3058
[2026-04-30 11:38:33,314][HYDRA] 	#22 : model.L=4 model.bond_dim=8 seed=32874 trainer.ridge=5 trainer.ridge_decay=0.25 trainer.ridge_min=0.0001 +experiment=uci_ntn_sweep model=mpo2_typei dataset=appliances
[2026-04-30 11:38:33,460][__main__][INFO] - ⏭ SKIP MPO2TypeI/appliances/NTN L=4 bd=8 seed=32874 -> /zhome/6b/e/212868/GTN/outputs/ntn/appliances/MPO2TypeI_rg5_init0.1/L4_bd8_seed32874 | completed val=0.3104
[2026-04-30 11:38:33,462][HYDRA] 	#23 : model.L=4 model.bond_dim=8 seed=47311 trainer.ridge=5 trainer.ridge_decay=0.25 trainer.ridge_min=0.0001 +experiment=uci_ntn_sweep model=mpo2_typei dataset=appliances
[2026-04-30 11:38:33,609][__main__][INFO] - ⏭ SKIP MPO2TypeI/appliances/NTN L=4 bd=8 seed=47311 -> /zhome/6b/e/212868/GTN/outputs/ntn/appliances/MPO2TypeI_rg5_init0.1/L4_bd8_seed47311 | completed val=0.2966
[2026-04-30 11:38:33,611][HYDRA] 	#24 : model.L=4 model.bond_dim=8 seed=47303 trainer.ridge=5 trainer.ridge_decay=0.25 trainer.ridge_min=0.0001 +experiment=uci_ntn_sweep model=mpo2_typei dataset=appliances
[2026-04-30 11:38:33,758][__main__][INFO] - ⏭ SKIP MPO2TypeI/appliances/NTN L=4 bd=8 seed=47303 -> /zhome/6b/e/212868/GTN/outputs/ntn/appliances/MPO2TypeI_rg5_init0.1/L4_bd8_seed47303 | completed val=0.3012
[2026-04-30 11:38:33,780][HYDRA] 	#25 : model.L=4 model.bond_dim=12 seed=42 trainer.ridge=5 trainer.ridge_decay=0.25 trainer.ridge_min=0.0001 +experiment=uci_ntn_sweep model=mpo2_typei dataset=appliances
[2026-04-30 11:38:33,929][__main__][INFO] - ⏭ SKIP MPO2TypeI/appliances/NTN L=4 bd=12 seed=42 -> /zhome/6b/e/212868/GTN/outputs/ntn/appliances/MPO2TypeI_rg5_init0.1/L4_bd12_seed42 | completed val=0.3000
[2026-04-30 11:38:33,931][HYDRA] 	#26 : model.L=4 model.bond_dim=12 seed=10090 trainer.ridge=5 trainer.ridge_decay=0.25 trainer.ridge_min=0.0001 +experiment=uci_ntn_sweep model=mpo2_typei dataset=appliances
[2026-04-30 11:38:34,082][__main__][INFO] - ⏭ SKIP MPO2TypeI/appliances/NTN L=4 bd=12 seed=10090 -> /zhome/6b/e/212868/GTN/outputs/ntn/appliances/MPO2TypeI_rg5_init0.1/L4_bd12_seed10090 | completed val=0.3155
[2026-04-30 11:38:34,085][HYDRA] 	#27 : model.L=4 model.bond_dim=12 seed=32874 trainer.ridge=5 trainer.ridge_decay=0.25 trainer.ridge_min=0.0001 +experiment=uci_ntn_sweep model=mpo2_typei dataset=appliances
[2026-04-30 11:38:34,434][__main__][INFO] - ⏭ SKIP MPO2TypeI/appliances/NTN L=4 bd=12 seed=32874 -> /zhome/6b/e/212868/GTN/outputs/ntn/appliances/MPO2TypeI_rg5_init0.1/L4_bd12_seed32874 | completed val=0.2902
[2026-04-30 11:38:34,437][HYDRA] 	#28 : model.L=4 model.bond_dim=12 seed=47311 trainer.ridge=5 trainer.ridge_decay=0.25 trainer.ridge_min=0.0001 +experiment=uci_ntn_sweep model=mpo2_typei dataset=appliances
[2026-04-30 11:38:34,583][__main__][INFO] - ⏭ SKIP MPO2TypeI/appliances/NTN L=4 bd=12 seed=47311 -> /zhome/6b/e/212868/GTN/outputs/ntn/appliances/MPO2TypeI_rg5_init0.1/L4_bd12_seed47311 | completed val=0.2915
[2026-04-30 11:38:34,585][HYDRA] 	#29 : model.L=4 model.bond_dim=12 seed=47303 trainer.ridge=5 trainer.ridge_decay=0.25 trainer.ridge_min=0.0001 +experiment=uci_ntn_sweep model=mpo2_typei dataset=appliances
[2026-04-30 11:38:34,732][__main__][INFO] - ⏭ SKIP MPO2TypeI/appliances/NTN L=4 bd=12 seed=47303 -> /zhome/6b/e/212868/GTN/outputs/ntn/appliances/MPO2TypeI_rg5_init0.1/L4_bd12_seed47303 | completed val=0.2928

------------------------------------------------------------
Sender: LSF System <lsfadmin@hpc.dtu.dk>
Subject: Job 28329351[16]: <ntn_grid_full[1-110]%5> in cluster <dcc> Done

Job <ntn_grid_full[1-110]%5> was submitted from host <hpclogin1> by user <nicci> in cluster <dcc> at Thu Apr 30 11:35:44 2026
Job was executed on host(s) <6*n-62-29-5>, in queue <hpc>, as user <nicci> in cluster <dcc> at Thu Apr 30 11:38:20 2026
</zhome/6b/e/212868> was used as the home directory.
</zhome/6b/e/212868/GTN> was used as the working directory.
Started at Thu Apr 30 11:38:20 2026
Terminated at Thu Apr 30 11:38:35 2026
Results reported at Thu Apr 30 11:38:35 2026

Your job looked like:

------------------------------------------------------------
# LSBATCH: User input
#!/bin/bash
#BSUB -q hpc
#BSUB -J "ntn_grid_full[1-110]%5"
#BSUB -W 8:00
#BSUB -n 6
#BSUB -R "rusage[mem=6GB]"
#BSUB -R "span[hosts=1]"
#BSUB -o logs/%J_%I.out
#BSUB -e logs/%J_%I.err

MODELS=("cpda" "cpda_typei" "lmpo2" "lmpo2_typei" "mpo2" "mpo2_typei" "mmpo2" "mmpo2_typei" "tnml_f" "tnml_p")

DATASETS=(
    "abalone" "adult" "ai4i" "appliances" "bank" "bike" "breast"
    "car_evaluation" "concrete" "energy_efficiency" "hearth"
    "iris" "mushrooms" "obesity" "popularity" "realstate"
    "seoulBike" "student_dropout" "student_perf" "wine"
    "winequalityc"
)

COMPLETED_DATASETS=(
    "abalone" "ai4i"  "bike" "concrete" "energy_efficiency"
    "iris" "obesity" "realstate" "seoulBike" "student_perf"
)

# Filter datasets
FILTERED_DATASETS=()
for ds in "${DATASETS[@]}"; do
    skip=false
    for completed in "${COMPLETED_DATASETS[@]}"; do
        if [[ "$ds" == "$completed" ]]; then
            skip=true
            break
        fi
    done

    if ! $skip; then
        FILTERED_DATASETS+=("$ds")
    fi
done

DATASETS=("${FILTERED_DATASETS[@]}")

NUM_MODELS=${#MODELS[@]}
NUM_DATASETS=${#DATASETS[@]}
NUM_EXPERIMENTS=$((NUM_DATASETS * NUM_MODELS))

if [ "$1" == "test" ]; then
    echo "SIMULATING ARRAY:"
    echo "-----------------"

(... more ...)
------------------------------------------------------------

Successfully completed.

Resource usage summary:

    CPU time :                                   12.95 sec.
    Max Memory :                                 -
    Average Memory :                             -
    Total Requested Memory :                     36864.00 MB
    Delta Memory :                               -
    Max Swap :                                   -
    Max Processes :                              -
    Max Threads :                                -
    Run time :                                   15 sec.
    Turnaround time :                            171 sec.

The output (if any) is above this job summary.



PS:

Read file <logs/28329351_16.err> for stderr output of this job.

