Task 93: Dataset=popularity, Model=lmpo2, Experiment=uci_ntn_sweep
[2026-04-29 14:28:32,042][HYDRA] Launching 90 jobs locally
[2026-04-29 14:28:32,042][HYDRA] 	#0 : model.reduction_factor=0.3 model.L=3 model.bond_dim=4 seed=42 trainer.ridge=5 trainer.ridge_decay=0.25 trainer.ridge_min=0.0001 +experiment=uci_ntn_sweep model=lmpo2 dataset=popularity
[2026-04-29 14:28:32,288][utils.tracking][INFO] - Loaded 16372 tracked runs from runs_tracking.csv
[2026-04-29 14:28:32,291][__main__][INFO] - ⏭ SKIP LMPO2/popularity/NTN L=3 bd=4_rf0.3 seed=42 -> /zhome/6b/e/212868/GTN/outputs/ntn/popularity/LMPO2_rg5_init0.1/L3_bd4_seed42_rf0.3_bondmpo1 | completed val=-0.0042
[2026-04-29 14:28:32,294][HYDRA] 	#1 : model.reduction_factor=0.3 model.L=3 model.bond_dim=4 seed=10090 trainer.ridge=5 trainer.ridge_decay=0.25 trainer.ridge_min=0.0001 +experiment=uci_ntn_sweep model=lmpo2 dataset=popularity
[2026-04-29 14:28:32,454][__main__][INFO] - ⏭ SKIP LMPO2/popularity/NTN L=3 bd=4_rf0.3 seed=10090 -> /zhome/6b/e/212868/GTN/outputs/ntn/popularity/LMPO2_rg5_init0.1/L3_bd4_seed10090_rf0.3_bondmpo1 | completed val=-0.0290
[2026-04-29 14:28:32,456][HYDRA] 	#2 : model.reduction_factor=0.3 model.L=3 model.bond_dim=4 seed=32874 trainer.ridge=5 trainer.ridge_decay=0.25 trainer.ridge_min=0.0001 +experiment=uci_ntn_sweep model=lmpo2 dataset=popularity
[2026-04-29 14:28:32,819][__main__][INFO] - ⏭ SKIP LMPO2/popularity/NTN L=3 bd=4_rf0.3 seed=32874 -> /zhome/6b/e/212868/GTN/outputs/ntn/popularity/LMPO2_rg5_init0.1/L3_bd4_seed32874_rf0.3_bondmpo1 | completed val=-0.0173
[2026-04-29 14:28:32,821][HYDRA] 	#3 : model.reduction_factor=0.3 model.L=3 model.bond_dim=4 seed=47311 trainer.ridge=5 trainer.ridge_decay=0.25 trainer.ridge_min=0.0001 +experiment=uci_ntn_sweep model=lmpo2 dataset=popularity
[2026-04-29 14:28:32,981][__main__][INFO] - ⏭ SKIP LMPO2/popularity/NTN L=3 bd=4_rf0.3 seed=47311 -> /zhome/6b/e/212868/GTN/outputs/ntn/popularity/LMPO2_rg5_init0.1/L3_bd4_seed47311_rf0.3_bondmpo1 | completed val=-0.0486
[2026-04-29 14:28:32,983][HYDRA] 	#4 : model.reduction_factor=0.3 model.L=3 model.bond_dim=4 seed=47303 trainer.ridge=5 trainer.ridge_decay=0.25 trainer.ridge_min=0.0001 +experiment=uci_ntn_sweep model=lmpo2 dataset=popularity
[2026-04-29 14:28:33,151][__main__][INFO] - ⏭ SKIP LMPO2/popularity/NTN L=3 bd=4_rf0.3 seed=47303 -> /zhome/6b/e/212868/GTN/outputs/ntn/popularity/LMPO2_rg5_init0.1/L3_bd4_seed47303_rf0.3_bondmpo1 | completed val=-0.0473
[2026-04-29 14:28:33,153][HYDRA] 	#5 : model.reduction_factor=0.3 model.L=3 model.bond_dim=8 seed=42 trainer.ridge=5 trainer.ridge_decay=0.25 trainer.ridge_min=0.0001 +experiment=uci_ntn_sweep model=lmpo2 dataset=popularity
[2026-04-29 14:28:33,316][__main__][INFO] - ⏭ SKIP LMPO2/popularity/NTN L=3 bd=8_rf0.3 seed=42 -> /zhome/6b/e/212868/GTN/outputs/ntn/popularity/LMPO2_rg5_init0.1/L3_bd8_seed42_rf0.3_bondmpo1 | completed val=-0.0092
[2026-04-29 14:28:33,319][HYDRA] 	#6 : model.reduction_factor=0.3 model.L=3 model.bond_dim=8 seed=10090 trainer.ridge=5 trainer.ridge_decay=0.25 trainer.ridge_min=0.0001 +experiment=uci_ntn_sweep model=lmpo2 dataset=popularity
[2026-04-29 14:28:33,502][__main__][INFO] - ⏭ SKIP LMPO2/popularity/NTN L=3 bd=8_rf0.3 seed=10090 -> /zhome/6b/e/212868/GTN/outputs/ntn/popularity/LMPO2_rg5_init0.1/L3_bd8_seed10090_rf0.3_bondmpo1 | completed val=-0.0437
[2026-04-29 14:28:33,504][HYDRA] 	#7 : model.reduction_factor=0.3 model.L=3 model.bond_dim=8 seed=32874 trainer.ridge=5 trainer.ridge_decay=0.25 trainer.ridge_min=0.0001 +experiment=uci_ntn_sweep model=lmpo2 dataset=popularity
[2026-04-29 14:28:33,669][__main__][INFO] - ⏭ SKIP LMPO2/popularity/NTN L=3 bd=8_rf0.3 seed=32874 -> /zhome/6b/e/212868/GTN/outputs/ntn/popularity/LMPO2_rg5_init0.1/L3_bd8_seed32874_rf0.3_bondmpo1 | completed val=-0.0295
[2026-04-29 14:28:33,672][HYDRA] 	#8 : model.reduction_factor=0.3 model.L=3 model.bond_dim=8 seed=47311 trainer.ridge=5 trainer.ridge_decay=0.25 trainer.ridge_min=0.0001 +experiment=uci_ntn_sweep model=lmpo2 dataset=popularity
[2026-04-29 14:28:33,838][__main__][INFO] - ⏭ SKIP LMPO2/popularity/NTN L=3 bd=8_rf0.3 seed=47311 -> /zhome/6b/e/212868/GTN/outputs/ntn/popularity/LMPO2_rg5_init0.1/L3_bd8_seed47311_rf0.3_bondmpo1 | completed val=-0.0203
[2026-04-29 14:28:33,841][HYDRA] 	#9 : model.reduction_factor=0.3 model.L=3 model.bond_dim=8 seed=47303 trainer.ridge=5 trainer.ridge_decay=0.25 trainer.ridge_min=0.0001 +experiment=uci_ntn_sweep model=lmpo2 dataset=popularity
[2026-04-29 14:28:34,003][__main__][INFO] - ⏭ SKIP LMPO2/popularity/NTN L=3 bd=8_rf0.3 seed=47303 -> /zhome/6b/e/212868/GTN/outputs/ntn/popularity/LMPO2_rg5_init0.1/L3_bd8_seed47303_rf0.3_bondmpo1 | completed val=-0.0323
[2026-04-29 14:28:34,006][HYDRA] 	#10 : model.reduction_factor=0.3 model.L=3 model.bond_dim=12 seed=42 trainer.ridge=5 trainer.ridge_decay=0.25 trainer.ridge_min=0.0001 +experiment=uci_ntn_sweep model=lmpo2 dataset=popularity
[2026-04-29 14:28:34,178][__main__][INFO] - ⏭ SKIP LMPO2/popularity/NTN L=3 bd=12_rf0.3 seed=42 -> /zhome/6b/e/212868/GTN/outputs/ntn/popularity/LMPO2_rg5_init0.1/L3_bd12_seed42_rf0.3_bondmpo1 | completed val=-0.0474
[2026-04-29 14:28:34,181][HYDRA] 	#11 : model.reduction_factor=0.3 model.L=3 model.bond_dim=12 seed=10090 trainer.ridge=5 trainer.ridge_decay=0.25 trainer.ridge_min=0.0001 +experiment=uci_ntn_sweep model=lmpo2 dataset=popularity
[2026-04-29 14:28:34,343][__main__][INFO] - ⏭ SKIP LMPO2/popularity/NTN L=3 bd=12_rf0.3 seed=10090 -> /zhome/6b/e/212868/GTN/outputs/ntn/popularity/LMPO2_rg5_init0.1/L3_bd12_seed10090_rf0.3_bondmpo1 | completed val=-0.0305
[2026-04-29 14:28:34,345][HYDRA] 	#12 : model.reduction_factor=0.3 model.L=3 model.bond_dim=12 seed=32874 trainer.ridge=5 trainer.ridge_decay=0.25 trainer.ridge_min=0.0001 +experiment=uci_ntn_sweep model=lmpo2 dataset=popularity
[2026-04-29 14:28:34,508][__main__][INFO] - ⏭ SKIP LMPO2/popularity/NTN L=3 bd=12_rf0.3 seed=32874 -> /zhome/6b/e/212868/GTN/outputs/ntn/popularity/LMPO2_rg5_init0.1/L3_bd12_seed32874_rf0.3_bondmpo1 | completed val=-0.0213
[2026-04-29 14:28:34,510][HYDRA] 	#13 : model.reduction_factor=0.3 model.L=3 model.bond_dim=12 seed=47311 trainer.ridge=5 trainer.ridge_decay=0.25 trainer.ridge_min=0.0001 +experiment=uci_ntn_sweep model=lmpo2 dataset=popularity
[2026-04-29 14:28:34,671][__main__][INFO] - ⏭ SKIP LMPO2/popularity/NTN L=3 bd=12_rf0.3 seed=47311 -> /zhome/6b/e/212868/GTN/outputs/ntn/popularity/LMPO2_rg5_init0.1/L3_bd12_seed47311_rf0.3_bondmpo1 | completed val=-0.0299
[2026-04-29 14:28:34,674][HYDRA] 	#14 : model.reduction_factor=0.3 model.L=3 model.bond_dim=12 seed=47303 trainer.ridge=5 trainer.ridge_decay=0.25 trainer.ridge_min=0.0001 +experiment=uci_ntn_sweep model=lmpo2 dataset=popularity
[2026-04-29 14:28:34,834][__main__][INFO] - ⏭ SKIP LMPO2/popularity/NTN L=3 bd=12_rf0.3 seed=47303 -> /zhome/6b/e/212868/GTN/outputs/ntn/popularity/LMPO2_rg5_init0.1/L3_bd12_seed47303_rf0.3_bondmpo1 | completed val=-0.0243
[2026-04-29 14:28:34,837][HYDRA] 	#15 : model.reduction_factor=0.3 model.L=4 model.bond_dim=4 seed=42 trainer.ridge=5 trainer.ridge_decay=0.25 trainer.ridge_min=0.0001 +experiment=uci_ntn_sweep model=lmpo2 dataset=popularity
[2026-04-29 14:28:35,000][__main__][INFO] - ⏭ SKIP LMPO2/popularity/NTN L=4 bd=4_rf0.3 seed=42 -> /zhome/6b/e/212868/GTN/outputs/ntn/popularity/LMPO2_rg5_init0.1/L4_bd4_seed42_rf0.3_bondmpo1 | completed val=-0.0078
[2026-04-29 14:28:35,002][HYDRA] 	#16 : model.reduction_factor=0.3 model.L=4 model.bond_dim=4 seed=10090 trainer.ridge=5 trainer.ridge_decay=0.25 trainer.ridge_min=0.0001 +experiment=uci_ntn_sweep model=lmpo2 dataset=popularity
[2026-04-29 14:28:35,242][__main__][INFO] - ⏭ SKIP LMPO2/popularity/NTN L=4 bd=4_rf0.3 seed=10090 -> /zhome/6b/e/212868/GTN/outputs/ntn/popularity/LMPO2_rg5_init0.1/L4_bd4_seed10090_rf0.3_bondmpo1 | completed val=-0.0213
[2026-04-29 14:28:35,245][HYDRA] 	#17 : model.reduction_factor=0.3 model.L=4 model.bond_dim=4 seed=32874 trainer.ridge=5 trainer.ridge_decay=0.25 trainer.ridge_min=0.0001 +experiment=uci_ntn_sweep model=lmpo2 dataset=popularity
[2026-04-29 14:28:35,413][__main__][INFO] - ⏭ SKIP LMPO2/popularity/NTN L=4 bd=4_rf0.3 seed=32874 -> /zhome/6b/e/212868/GTN/outputs/ntn/popularity/LMPO2_rg5_init0.1/L4_bd4_seed32874_rf0.3_bondmpo1 | completed val=-0.0261
[2026-04-29 14:28:35,416][HYDRA] 	#18 : model.reduction_factor=0.3 model.L=4 model.bond_dim=4 seed=47311 trainer.ridge=5 trainer.ridge_decay=0.25 trainer.ridge_min=0.0001 +experiment=uci_ntn_sweep model=lmpo2 dataset=popularity
[2026-04-29 14:28:35,581][__main__][INFO] - ⏭ SKIP LMPO2/popularity/NTN L=4 bd=4_rf0.3 seed=47311 -> /zhome/6b/e/212868/GTN/outputs/ntn/popularity/LMPO2_rg5_init0.1/L4_bd4_seed47311_rf0.3_bondmpo1 | completed val=-0.0214
[2026-04-29 14:28:35,583][HYDRA] 	#19 : model.reduction_factor=0.3 model.L=4 model.bond_dim=4 seed=47303 trainer.ridge=5 trainer.ridge_decay=0.25 trainer.ridge_min=0.0001 +experiment=uci_ntn_sweep model=lmpo2 dataset=popularity
[2026-04-29 14:28:35,746][__main__][INFO] - ⏭ SKIP LMPO2/popularity/NTN L=4 bd=4_rf0.3 seed=47303 -> /zhome/6b/e/212868/GTN/outputs/ntn/popularity/LMPO2_rg5_init0.1/L4_bd4_seed47303_rf0.3_bondmpo1 | completed val=-0.0190
[2026-04-29 14:28:35,749][HYDRA] 	#20 : model.reduction_factor=0.3 model.L=4 model.bond_dim=8 seed=42 trainer.ridge=5 trainer.ridge_decay=0.25 trainer.ridge_min=0.0001 +experiment=uci_ntn_sweep model=lmpo2 dataset=popularity
[2026-04-29 14:28:35,934][__main__][INFO] - ⏭ SKIP LMPO2/popularity/NTN L=4 bd=8_rf0.3 seed=42 -> /zhome/6b/e/212868/GTN/outputs/ntn/popularity/LMPO2_rg5_init0.1/L4_bd8_seed42_rf0.3_bondmpo1 | completed val=-0.0405
[2026-04-29 14:28:35,937][HYDRA] 	#21 : model.reduction_factor=0.3 model.L=4 model.bond_dim=8 seed=10090 trainer.ridge=5 trainer.ridge_decay=0.25 trainer.ridge_min=0.0001 +experiment=uci_ntn_sweep model=lmpo2 dataset=popularity
[2026-04-29 14:28:36,096][__main__][INFO] - ⏭ SKIP LMPO2/popularity/NTN L=4 bd=8_rf0.3 seed=10090 -> /zhome/6b/e/212868/GTN/outputs/ntn/popularity/LMPO2_rg5_init0.1/L4_bd8_seed10090_rf0.3_bondmpo1 | completed val=-0.0388
[2026-04-29 14:28:36,098][HYDRA] 	#22 : model.reduction_factor=0.3 model.L=4 model.bond_dim=8 seed=32874 trainer.ridge=5 trainer.ridge_decay=0.25 trainer.ridge_min=0.0001 +experiment=uci_ntn_sweep model=lmpo2 dataset=popularity
[2026-04-29 14:28:36,260][__main__][INFO] - ⏭ SKIP LMPO2/popularity/NTN L=4 bd=8_rf0.3 seed=32874 -> /zhome/6b/e/212868/GTN/outputs/ntn/popularity/LMPO2_rg5_init0.1/L4_bd8_seed32874_rf0.3_bondmpo1 | completed val=-0.0044
[2026-04-29 14:28:36,263][HYDRA] 	#23 : model.reduction_factor=0.3 model.L=4 model.bond_dim=8 seed=47311 trainer.ridge=5 trainer.ridge_decay=0.25 trainer.ridge_min=0.0001 +experiment=uci_ntn_sweep model=lmpo2 dataset=popularity
[2026-04-29 14:28:36,463][__main__][INFO] - ⏭ SKIP LMPO2/popularity/NTN L=4 bd=8_rf0.3 seed=47311 -> /zhome/6b/e/212868/GTN/outputs/ntn/popularity/LMPO2_rg5_init0.1/L4_bd8_seed47311_rf0.3_bondmpo1 | completed val=-0.0003
[2026-04-29 14:28:36,465][HYDRA] 	#24 : model.reduction_factor=0.3 model.L=4 model.bond_dim=8 seed=47303 trainer.ridge=5 trainer.ridge_decay=0.25 trainer.ridge_min=0.0001 +experiment=uci_ntn_sweep model=lmpo2 dataset=popularity
[2026-04-29 14:28:36,669][__main__][INFO] - ⏭ SKIP LMPO2/popularity/NTN L=4 bd=8_rf0.3 seed=47303 -> /zhome/6b/e/212868/GTN/outputs/ntn/popularity/LMPO2_rg5_init0.1/L4_bd8_seed47303_rf0.3_bondmpo1 | completed val=-0.0319
[2026-04-29 14:28:36,672][HYDRA] 	#25 : model.reduction_factor=0.3 model.L=4 model.bond_dim=12 seed=42 trainer.ridge=5 trainer.ridge_decay=0.25 trainer.ridge_min=0.0001 +experiment=uci_ntn_sweep model=lmpo2 dataset=popularity
[2026-04-29 14:28:36,907][__main__][INFO] - ⏭ SKIP LMPO2/popularity/NTN L=4 bd=12_rf0.3 seed=42 -> /zhome/6b/e/212868/GTN/outputs/ntn/popularity/LMPO2_rg5_init0.1/L4_bd12_seed42_rf0.3_bondmpo1 | completed val=-0.0396
[2026-04-29 14:28:36,910][HYDRA] 	#26 : model.reduction_factor=0.3 model.L=4 model.bond_dim=12 seed=10090 trainer.ridge=5 trainer.ridge_decay=0.25 trainer.ridge_min=0.0001 +experiment=uci_ntn_sweep model=lmpo2 dataset=popularity
[2026-04-29 14:28:37,069][__main__][INFO] - ⏭ SKIP LMPO2/popularity/NTN L=4 bd=12_rf0.3 seed=10090 -> /zhome/6b/e/212868/GTN/outputs/ntn/popularity/LMPO2_rg5_init0.1/L4_bd12_seed10090_rf0.3_bondmpo1 | completed val=-0.0397
[2026-04-29 14:28:37,072][HYDRA] 	#27 : model.reduction_factor=0.3 model.L=4 model.bond_dim=12 seed=32874 trainer.ridge=5 trainer.ridge_decay=0.25 trainer.ridge_min=0.0001 +experiment=uci_ntn_sweep model=lmpo2 dataset=popularity
[2026-04-29 14:28:37,232][__main__][INFO] - ⏭ SKIP LMPO2/popularity/NTN L=4 bd=12_rf0.3 seed=32874 -> /zhome/6b/e/212868/GTN/outputs/ntn/popularity/LMPO2_rg5_init0.1/L4_bd12_seed32874_rf0.3_bondmpo1 | completed val=-0.0382
[2026-04-29 14:28:37,234][HYDRA] 	#28 : model.reduction_factor=0.3 model.L=4 model.bond_dim=12 seed=47311 trainer.ridge=5 trainer.ridge_decay=0.25 trainer.ridge_min=0.0001 +experiment=uci_ntn_sweep model=lmpo2 dataset=popularity
[2026-04-29 14:28:37,595][__main__][INFO] - ⏭ SKIP LMPO2/popularity/NTN L=4 bd=12_rf0.3 seed=47311 -> /zhome/6b/e/212868/GTN/outputs/ntn/popularity/LMPO2_rg5_init0.1/L4_bd12_seed47311_rf0.3_bondmpo1 | completed val=-0.0377
[2026-04-29 14:28:37,597][HYDRA] 	#29 : model.reduction_factor=0.3 model.L=4 model.bond_dim=12 seed=47303 trainer.ridge=5 trainer.ridge_decay=0.25 trainer.ridge_min=0.0001 +experiment=uci_ntn_sweep model=lmpo2 dataset=popularity
[2026-04-29 14:28:37,757][__main__][INFO] - ⏭ SKIP LMPO2/popularity/NTN L=4 bd=12_rf0.3 seed=47303 -> /zhome/6b/e/212868/GTN/outputs/ntn/popularity/LMPO2_rg5_init0.1/L4_bd12_seed47303_rf0.3_bondmpo1 | completed val=-0.0214
[2026-04-29 14:28:37,760][HYDRA] 	#30 : model.reduction_factor=0.5 model.L=3 model.bond_dim=4 seed=42 trainer.ridge=5 trainer.ridge_decay=0.25 trainer.ridge_min=0.0001 +experiment=uci_ntn_sweep model=lmpo2 dataset=popularity
[2026-04-29 14:28:37,927][__main__][INFO] - ⏭ SKIP LMPO2/popularity/NTN L=3 bd=4_rf0.5 seed=42 -> /zhome/6b/e/212868/GTN/outputs/ntn/popularity/LMPO2_rg5_init0.1/L3_bd4_seed42_rf0.5_bondmpo1 | completed val=-0.0211
[2026-04-29 14:28:37,929][HYDRA] 	#31 : model.reduction_factor=0.5 model.L=3 model.bond_dim=4 seed=10090 trainer.ridge=5 trainer.ridge_decay=0.25 trainer.ridge_min=0.0001 +experiment=uci_ntn_sweep model=lmpo2 dataset=popularity
[2026-04-29 14:28:38,105][__main__][INFO] - ⏭ SKIP LMPO2/popularity/NTN L=3 bd=4_rf0.5 seed=10090 -> /zhome/6b/e/212868/GTN/outputs/ntn/popularity/LMPO2_rg5_init0.1/L3_bd4_seed10090_rf0.5_bondmpo1 | completed val=-0.0194
[2026-04-29 14:28:38,107][HYDRA] 	#32 : model.reduction_factor=0.5 model.L=3 model.bond_dim=4 seed=32874 trainer.ridge=5 trainer.ridge_decay=0.25 trainer.ridge_min=0.0001 +experiment=uci_ntn_sweep model=lmpo2 dataset=popularity
[2026-04-29 14:28:38,271][__main__][INFO] - ⏭ SKIP LMPO2/popularity/NTN L=3 bd=4_rf0.5 seed=32874 -> /zhome/6b/e/212868/GTN/outputs/ntn/popularity/LMPO2_rg5_init0.1/L3_bd4_seed32874_rf0.5_bondmpo1 | completed val=-0.0216
[2026-04-29 14:28:38,274][HYDRA] 	#33 : model.reduction_factor=0.5 model.L=3 model.bond_dim=4 seed=47311 trainer.ridge=5 trainer.ridge_decay=0.25 trainer.ridge_min=0.0001 +experiment=uci_ntn_sweep model=lmpo2 dataset=popularity
[2026-04-29 14:28:38,432][__main__][INFO] - ⏭ SKIP LMPO2/popularity/NTN L=3 bd=4_rf0.5 seed=47311 -> /zhome/6b/e/212868/GTN/outputs/ntn/popularity/LMPO2_rg5_init0.1/L3_bd4_seed47311_rf0.5_bondmpo1 | completed val=-0.0351
[2026-04-29 14:28:38,435][HYDRA] 	#34 : model.reduction_factor=0.5 model.L=3 model.bond_dim=4 seed=47303 trainer.ridge=5 trainer.ridge_decay=0.25 trainer.ridge_min=0.0001 +experiment=uci_ntn_sweep model=lmpo2 dataset=popularity
[2026-04-29 14:28:38,596][__main__][INFO] - ⏭ SKIP LMPO2/popularity/NTN L=3 bd=4_rf0.5 seed=47303 -> /zhome/6b/e/212868/GTN/outputs/ntn/popularity/LMPO2_rg5_init0.1/L3_bd4_seed47303_rf0.5_bondmpo1 | completed val=-0.0183
[2026-04-29 14:28:38,599][HYDRA] 	#35 : model.reduction_factor=0.5 model.L=3 model.bond_dim=8 seed=42 trainer.ridge=5 trainer.ridge_decay=0.25 trainer.ridge_min=0.0001 +experiment=uci_ntn_sweep model=lmpo2 dataset=popularity
[2026-04-29 14:28:38,767][__main__][INFO] - ⏭ SKIP LMPO2/popularity/NTN L=3 bd=8_rf0.5 seed=42 -> /zhome/6b/e/212868/GTN/outputs/ntn/popularity/LMPO2_rg5_init0.1/L3_bd8_seed42_rf0.5_bondmpo1 | completed val=-0.0241
[2026-04-29 14:28:38,769][HYDRA] 	#36 : model.reduction_factor=0.5 model.L=3 model.bond_dim=8 seed=10090 trainer.ridge=5 trainer.ridge_decay=0.25 trainer.ridge_min=0.0001 +experiment=uci_ntn_sweep model=lmpo2 dataset=popularity
[2026-04-29 14:28:38,929][__main__][INFO] - ⏭ SKIP LMPO2/popularity/NTN L=3 bd=8_rf0.5 seed=10090 -> /zhome/6b/e/212868/GTN/outputs/ntn/popularity/LMPO2_rg5_init0.1/L3_bd8_seed10090_rf0.5_bondmpo1 | completed val=0.0054
[2026-04-29 14:28:38,931][HYDRA] 	#37 : model.reduction_factor=0.5 model.L=3 model.bond_dim=8 seed=32874 trainer.ridge=5 trainer.ridge_decay=0.25 trainer.ridge_min=0.0001 +experiment=uci_ntn_sweep model=lmpo2 dataset=popularity
[2026-04-29 14:28:39,090][__main__][INFO] - ⏭ SKIP LMPO2/popularity/NTN L=3 bd=8_rf0.5 seed=32874 -> /zhome/6b/e/212868/GTN/outputs/ntn/popularity/LMPO2_rg5_init0.1/L3_bd8_seed32874_rf0.5_bondmpo1 | completed val=-0.0226
[2026-04-29 14:28:39,092][HYDRA] 	#38 : model.reduction_factor=0.5 model.L=3 model.bond_dim=8 seed=47311 trainer.ridge=5 trainer.ridge_decay=0.25 trainer.ridge_min=0.0001 +experiment=uci_ntn_sweep model=lmpo2 dataset=popularity
[2026-04-29 14:28:39,288][__main__][INFO] - ⏭ SKIP LMPO2/popularity/NTN L=3 bd=8_rf0.5 seed=47311 -> /zhome/6b/e/212868/GTN/outputs/ntn/popularity/LMPO2_rg5_init0.1/L3_bd8_seed47311_rf0.5_bondmpo1 | completed val=-0.0331
[2026-04-29 14:28:39,292][HYDRA] 	#39 : model.reduction_factor=0.5 model.L=3 model.bond_dim=8 seed=47303 trainer.ridge=5 trainer.ridge_decay=0.25 trainer.ridge_min=0.0001 +experiment=uci_ntn_sweep model=lmpo2 dataset=popularity
[2026-04-29 14:28:39,456][__main__][INFO] - ⏭ SKIP LMPO2/popularity/NTN L=3 bd=8_rf0.5 seed=47303 -> /zhome/6b/e/212868/GTN/outputs/ntn/popularity/LMPO2_rg5_init0.1/L3_bd8_seed47303_rf0.5_bondmpo1 | completed val=-0.0409
[2026-04-29 14:28:39,458][HYDRA] 	#40 : model.reduction_factor=0.5 model.L=3 model.bond_dim=12 seed=42 trainer.ridge=5 trainer.ridge_decay=0.25 trainer.ridge_min=0.0001 +experiment=uci_ntn_sweep model=lmpo2 dataset=popularity
[2026-04-29 14:28:39,624][__main__][INFO] - ⏭ SKIP LMPO2/popularity/NTN L=3 bd=12_rf0.5 seed=42 -> /zhome/6b/e/212868/GTN/outputs/ntn/popularity/LMPO2_rg5_init0.1/L3_bd12_seed42_rf0.5_bondmpo1 | completed val=-0.0222
[2026-04-29 14:28:39,627][HYDRA] 	#41 : model.reduction_factor=0.5 model.L=3 model.bond_dim=12 seed=10090 trainer.ridge=5 trainer.ridge_decay=0.25 trainer.ridge_min=0.0001 +experiment=uci_ntn_sweep model=lmpo2 dataset=popularity
[2026-04-29 14:28:39,787][__main__][INFO] - ⏭ SKIP LMPO2/popularity/NTN L=3 bd=12_rf0.5 seed=10090 -> /zhome/6b/e/212868/GTN/outputs/ntn/popularity/LMPO2_rg5_init0.1/L3_bd12_seed10090_rf0.5_bondmpo1 | completed val=-0.0235
[2026-04-29 14:28:39,789][HYDRA] 	#42 : model.reduction_factor=0.5 model.L=3 model.bond_dim=12 seed=32874 trainer.ridge=5 trainer.ridge_decay=0.25 trainer.ridge_min=0.0001 +experiment=uci_ntn_sweep model=lmpo2 dataset=popularity
[2026-04-29 14:28:39,953][__main__][INFO] - ⏭ SKIP LMPO2/popularity/NTN L=3 bd=12_rf0.5 seed=32874 -> /zhome/6b/e/212868/GTN/outputs/ntn/popularity/LMPO2_rg5_init0.1/L3_bd12_seed32874_rf0.5_bondmpo1 | completed val=-0.0006
[2026-04-29 14:28:39,956][HYDRA] 	#43 : model.reduction_factor=0.5 model.L=3 model.bond_dim=12 seed=47311 trainer.ridge=5 trainer.ridge_decay=0.25 trainer.ridge_min=0.0001 +experiment=uci_ntn_sweep model=lmpo2 dataset=popularity
[2026-04-29 14:28:40,121][__main__][INFO] - ⏭ SKIP LMPO2/popularity/NTN L=3 bd=12_rf0.5 seed=47311 -> /zhome/6b/e/212868/GTN/outputs/ntn/popularity/LMPO2_rg5_init0.1/L3_bd12_seed47311_rf0.5_bondmpo1 | completed val=-0.0345
[2026-04-29 14:28:40,124][HYDRA] 	#44 : model.reduction_factor=0.5 model.L=3 model.bond_dim=12 seed=47303 trainer.ridge=5 trainer.ridge_decay=0.25 trainer.ridge_min=0.0001 +experiment=uci_ntn_sweep model=lmpo2 dataset=popularity
[2026-04-29 14:28:40,295][__main__][INFO] - ⏭ SKIP LMPO2/popularity/NTN L=3 bd=12_rf0.5 seed=47303 -> /zhome/6b/e/212868/GTN/outputs/ntn/popularity/LMPO2_rg5_init0.1/L3_bd12_seed47303_rf0.5_bondmpo1 | completed val=-0.0182
[2026-04-29 14:28:40,298][HYDRA] 	#45 : model.reduction_factor=0.5 model.L=4 model.bond_dim=4 seed=42 trainer.ridge=5 trainer.ridge_decay=0.25 trainer.ridge_min=0.0001 +experiment=uci_ntn_sweep model=lmpo2 dataset=popularity
[2026-04-29 14:28:40,462][__main__][INFO] - ⏭ SKIP LMPO2/popularity/NTN L=4 bd=4_rf0.5 seed=42 -> /zhome/6b/e/212868/GTN/outputs/ntn/popularity/LMPO2_rg5_init0.1/L4_bd4_seed42_rf0.5_bondmpo1 | completed val=-0.0090
[2026-04-29 14:28:40,465][HYDRA] 	#46 : model.reduction_factor=0.5 model.L=4 model.bond_dim=4 seed=10090 trainer.ridge=5 trainer.ridge_decay=0.25 trainer.ridge_min=0.0001 +experiment=uci_ntn_sweep model=lmpo2 dataset=popularity
[2026-04-29 14:28:40,631][__main__][INFO] - ⏭ SKIP LMPO2/popularity/NTN L=4 bd=4_rf0.5 seed=10090 -> /zhome/6b/e/212868/GTN/outputs/ntn/popularity/LMPO2_rg5_init0.1/L4_bd4_seed10090_rf0.5_bondmpo1 | completed val=-0.0683
[2026-04-29 14:28:40,634][HYDRA] 	#47 : model.reduction_factor=0.5 model.L=4 model.bond_dim=4 seed=32874 trainer.ridge=5 trainer.ridge_decay=0.25 trainer.ridge_min=0.0001 +experiment=uci_ntn_sweep model=lmpo2 dataset=popularity
[2026-04-29 14:28:40,796][__main__][INFO] - ⏭ SKIP LMPO2/popularity/NTN L=4 bd=4_rf0.5 seed=32874 -> /zhome/6b/e/212868/GTN/outputs/ntn/popularity/LMPO2_rg5_init0.1/L4_bd4_seed32874_rf0.5_bondmpo1 | completed val=-0.0321
[2026-04-29 14:28:40,798][HYDRA] 	#48 : model.reduction_factor=0.5 model.L=4 model.bond_dim=4 seed=47311 trainer.ridge=5 trainer.ridge_decay=0.25 trainer.ridge_min=0.0001 +experiment=uci_ntn_sweep model=lmpo2 dataset=popularity
[2026-04-29 14:28:40,960][__main__][INFO] - ⏭ SKIP LMPO2/popularity/NTN L=4 bd=4_rf0.5 seed=47311 -> /zhome/6b/e/212868/GTN/outputs/ntn/popularity/LMPO2_rg5_init0.1/L4_bd4_seed47311_rf0.5_bondmpo1 | completed val=-0.0500
[2026-04-29 14:28:40,963][HYDRA] 	#49 : model.reduction_factor=0.5 model.L=4 model.bond_dim=4 seed=47303 trainer.ridge=5 trainer.ridge_decay=0.25 trainer.ridge_min=0.0001 +experiment=uci_ntn_sweep model=lmpo2 dataset=popularity
[2026-04-29 14:28:41,133][__main__][INFO] - ⏭ SKIP LMPO2/popularity/NTN L=4 bd=4_rf0.5 seed=47303 -> /zhome/6b/e/212868/GTN/outputs/ntn/popularity/LMPO2_rg5_init0.1/L4_bd4_seed47303_rf0.5_bondmpo1 | completed val=-0.0258
[2026-04-29 14:28:41,136][HYDRA] 	#50 : model.reduction_factor=0.5 model.L=4 model.bond_dim=8 seed=42 trainer.ridge=5 trainer.ridge_decay=0.25 trainer.ridge_min=0.0001 +experiment=uci_ntn_sweep model=lmpo2 dataset=popularity
[2026-04-29 14:28:41,297][__main__][INFO] - ⏭ SKIP LMPO2/popularity/NTN L=4 bd=8_rf0.5 seed=42 -> /zhome/6b/e/212868/GTN/outputs/ntn/popularity/LMPO2_rg5_init0.1/L4_bd8_seed42_rf0.5_bondmpo1 | completed val=-0.0386
[2026-04-29 14:28:41,299][HYDRA] 	#51 : model.reduction_factor=0.5 model.L=4 model.bond_dim=8 seed=10090 trainer.ridge=5 trainer.ridge_decay=0.25 trainer.ridge_min=0.0001 +experiment=uci_ntn_sweep model=lmpo2 dataset=popularity
[2026-04-29 14:28:41,459][__main__][INFO] - ⏭ SKIP LMPO2/popularity/NTN L=4 bd=8_rf0.5 seed=10090 -> /zhome/6b/e/212868/GTN/outputs/ntn/popularity/LMPO2_rg5_init0.1/L4_bd8_seed10090_rf0.5_bondmpo1 | completed val=-0.0494
[2026-04-29 14:28:41,462][HYDRA] 	#52 : model.reduction_factor=0.5 model.L=4 model.bond_dim=8 seed=32874 trainer.ridge=5 trainer.ridge_decay=0.25 trainer.ridge_min=0.0001 +experiment=uci_ntn_sweep model=lmpo2 dataset=popularity
[2026-04-29 14:28:41,626][__main__][INFO] - ⏭ SKIP LMPO2/popularity/NTN L=4 bd=8_rf0.5 seed=32874 -> /zhome/6b/e/212868/GTN/outputs/ntn/popularity/LMPO2_rg5_init0.1/L4_bd8_seed32874_rf0.5_bondmpo1 | completed val=-0.1023
[2026-04-29 14:28:41,628][HYDRA] 	#53 : model.reduction_factor=0.5 model.L=4 model.bond_dim=8 seed=47311 trainer.ridge=5 trainer.ridge_decay=0.25 trainer.ridge_min=0.0001 +experiment=uci_ntn_sweep model=lmpo2 dataset=popularity
[2026-04-29 14:28:41,799][__main__][INFO] - ⏭ SKIP LMPO2/popularity/NTN L=4 bd=8_rf0.5 seed=47311 -> /zhome/6b/e/212868/GTN/outputs/ntn/popularity/LMPO2_rg5_init0.1/L4_bd8_seed47311_rf0.5_bondmpo1 | completed val=-0.0321
[2026-04-29 14:28:41,801][HYDRA] 	#54 : model.reduction_factor=0.5 model.L=4 model.bond_dim=8 seed=47303 trainer.ridge=5 trainer.ridge_decay=0.25 trainer.ridge_min=0.0001 +experiment=uci_ntn_sweep model=lmpo2 dataset=popularity
[2026-04-29 14:28:41,967][__main__][INFO] - ⏭ SKIP LMPO2/popularity/NTN L=4 bd=8_rf0.5 seed=47303 -> /zhome/6b/e/212868/GTN/outputs/ntn/popularity/LMPO2_rg5_init0.1/L4_bd8_seed47303_rf0.5_bondmpo1 | completed val=-0.0219
[2026-04-29 14:28:41,969][HYDRA] 	#55 : model.reduction_factor=0.5 model.L=4 model.bond_dim=12 seed=42 trainer.ridge=5 trainer.ridge_decay=0.25 trainer.ridge_min=0.0001 +experiment=uci_ntn_sweep model=lmpo2 dataset=popularity
[2026-04-29 14:28:42,134][__main__][INFO] - ⏭ SKIP LMPO2/popularity/NTN L=4 bd=12_rf0.5 seed=42 -> /zhome/6b/e/212868/GTN/outputs/ntn/popularity/LMPO2_rg5_init0.1/L4_bd12_seed42_rf0.5_bondmpo1 | completed val=-0.0863
[2026-04-29 14:28:42,136][HYDRA] 	#56 : model.reduction_factor=0.5 model.L=4 model.bond_dim=12 seed=10090 trainer.ridge=5 trainer.ridge_decay=0.25 trainer.ridge_min=0.0001 +experiment=uci_ntn_sweep model=lmpo2 dataset=popularity
[2026-04-29 14:28:42,495][__main__][INFO] - ⏭ SKIP LMPO2/popularity/NTN L=4 bd=12_rf0.5 seed=10090 -> /zhome/6b/e/212868/GTN/outputs/ntn/popularity/LMPO2_rg5_init0.1/L4_bd12_seed10090_rf0.5_bondmpo1 | completed val=-0.0501
[2026-04-29 14:28:42,499][HYDRA] 	#57 : model.reduction_factor=0.5 model.L=4 model.bond_dim=12 seed=32874 trainer.ridge=5 trainer.ridge_decay=0.25 trainer.ridge_min=0.0001 +experiment=uci_ntn_sweep model=lmpo2 dataset=popularity
[2026-04-29 14:28:42,657][__main__][INFO] - ⏭ SKIP LMPO2/popularity/NTN L=4 bd=12_rf0.5 seed=32874 -> /zhome/6b/e/212868/GTN/outputs/ntn/popularity/LMPO2_rg5_init0.1/L4_bd12_seed32874_rf0.5_bondmpo1 | completed val=-0.0516
[2026-04-29 14:28:42,659][HYDRA] 	#58 : model.reduction_factor=0.5 model.L=4 model.bond_dim=12 seed=47311 trainer.ridge=5 trainer.ridge_decay=0.25 trainer.ridge_min=0.0001 +experiment=uci_ntn_sweep model=lmpo2 dataset=popularity
[2026-04-29 14:28:42,831][__main__][INFO] - ⏭ SKIP LMPO2/popularity/NTN L=4 bd=12_rf0.5 seed=47311 -> /zhome/6b/e/212868/GTN/outputs/ntn/popularity/LMPO2_rg5_init0.1/L4_bd12_seed47311_rf0.5_bondmpo1 | completed val=-0.0312
[2026-04-29 14:28:42,833][HYDRA] 	#59 : model.reduction_factor=0.5 model.L=4 model.bond_dim=12 seed=47303 trainer.ridge=5 trainer.ridge_decay=0.25 trainer.ridge_min=0.0001 +experiment=uci_ntn_sweep model=lmpo2 dataset=popularity
[2026-04-29 14:28:42,999][__main__][INFO] - ⏭ SKIP LMPO2/popularity/NTN L=4 bd=12_rf0.5 seed=47303 -> /zhome/6b/e/212868/GTN/outputs/ntn/popularity/LMPO2_rg5_init0.1/L4_bd12_seed47303_rf0.5_bondmpo1 | completed val=-0.0322
[2026-04-29 14:28:43,002][HYDRA] 	#60 : model.reduction_factor=0.9 model.L=3 model.bond_dim=4 seed=42 trainer.ridge=5 trainer.ridge_decay=0.25 trainer.ridge_min=0.0001 +experiment=uci_ntn_sweep model=lmpo2 dataset=popularity
[2026-04-29 14:28:43,166][__main__][INFO] - ⏭ SKIP LMPO2/popularity/NTN L=3 bd=4_rf0.9 seed=42 -> /zhome/6b/e/212868/GTN/outputs/ntn/popularity/LMPO2_rg5_init0.1/L3_bd4_seed42_rf0.9_bondmpo1 | completed val=-0.0167
[2026-04-29 14:28:43,168][HYDRA] 	#61 : model.reduction_factor=0.9 model.L=3 model.bond_dim=4 seed=10090 trainer.ridge=5 trainer.ridge_decay=0.25 trainer.ridge_min=0.0001 +experiment=uci_ntn_sweep model=lmpo2 dataset=popularity
[2026-04-29 14:28:43,331][__main__][INFO] - ⏭ SKIP LMPO2/popularity/NTN L=3 bd=4_rf0.9 seed=10090 -> /zhome/6b/e/212868/GTN/outputs/ntn/popularity/LMPO2_rg5_init0.1/L3_bd4_seed10090_rf0.9_bondmpo1 | completed val=-0.0026
[2026-04-29 14:28:43,334][HYDRA] 	#62 : model.reduction_factor=0.9 model.L=3 model.bond_dim=4 seed=32874 trainer.ridge=5 trainer.ridge_decay=0.25 trainer.ridge_min=0.0001 +experiment=uci_ntn_sweep model=lmpo2 dataset=popularity
[2026-04-29 14:28:43,496][__main__][INFO] - ⏭ SKIP LMPO2/popularity/NTN L=3 bd=4_rf0.9 seed=32874 -> /zhome/6b/e/212868/GTN/outputs/ntn/popularity/LMPO2_rg5_init0.1/L3_bd4_seed32874_rf0.9_bondmpo1 | completed val=-0.0149
[2026-04-29 14:28:43,498][HYDRA] 	#63 : model.reduction_factor=0.9 model.L=3 model.bond_dim=4 seed=47311 trainer.ridge=5 trainer.ridge_decay=0.25 trainer.ridge_min=0.0001 +experiment=uci_ntn_sweep model=lmpo2 dataset=popularity
[2026-04-29 14:28:43,662][__main__][INFO] - ⏭ SKIP LMPO2/popularity/NTN L=3 bd=4_rf0.9 seed=47311 -> /zhome/6b/e/212868/GTN/outputs/ntn/popularity/LMPO2_rg5_init0.1/L3_bd4_seed47311_rf0.9_bondmpo1 | completed val=-0.0049
[2026-04-29 14:28:43,665][HYDRA] 	#64 : model.reduction_factor=0.9 model.L=3 model.bond_dim=4 seed=47303 trainer.ridge=5 trainer.ridge_decay=0.25 trainer.ridge_min=0.0001 +experiment=uci_ntn_sweep model=lmpo2 dataset=popularity
[2026-04-29 14:28:43,847][__main__][INFO] - ⏭ SKIP LMPO2/popularity/NTN L=3 bd=4_rf0.9 seed=47303 -> /zhome/6b/e/212868/GTN/outputs/ntn/popularity/LMPO2_rg5_init0.1/L3_bd4_seed47303_rf0.9_bondmpo1 | completed val=0.0036
[2026-04-29 14:28:43,850][HYDRA] 	#65 : model.reduction_factor=0.9 model.L=3 model.bond_dim=8 seed=42 trainer.ridge=5 trainer.ridge_decay=0.25 trainer.ridge_min=0.0001 +experiment=uci_ntn_sweep model=lmpo2 dataset=popularity
[2026-04-29 14:28:44,080][__main__][INFO] - ⏭ SKIP LMPO2/popularity/NTN L=3 bd=8_rf0.9 seed=42 -> /zhome/6b/e/212868/GTN/outputs/ntn/popularity/LMPO2_rg5_init0.1/L3_bd8_seed42_rf0.9_bondmpo1 | completed val=-0.0282
[2026-04-29 14:28:44,083][HYDRA] 	#66 : model.reduction_factor=0.9 model.L=3 model.bond_dim=8 seed=10090 trainer.ridge=5 trainer.ridge_decay=0.25 trainer.ridge_min=0.0001 +experiment=uci_ntn_sweep model=lmpo2 dataset=popularity
[2026-04-29 14:28:44,245][__main__][INFO] - ⏭ SKIP LMPO2/popularity/NTN L=3 bd=8_rf0.9 seed=10090 -> /zhome/6b/e/212868/GTN/outputs/ntn/popularity/LMPO2_rg5_init0.1/L3_bd8_seed10090_rf0.9_bondmpo1 | completed val=-0.0279
[2026-04-29 14:28:44,248][HYDRA] 	#67 : model.reduction_factor=0.9 model.L=3 model.bond_dim=8 seed=32874 trainer.ridge=5 trainer.ridge_decay=0.25 trainer.ridge_min=0.0001 +experiment=uci_ntn_sweep model=lmpo2 dataset=popularity
[2026-04-29 14:28:44,436][__main__][INFO] - ⏭ SKIP LMPO2/popularity/NTN L=3 bd=8_rf0.9 seed=32874 -> /zhome/6b/e/212868/GTN/outputs/ntn/popularity/LMPO2_rg5_init0.1/L3_bd8_seed32874_rf0.9_bondmpo1 | completed val=-0.0067
[2026-04-29 14:28:44,439][HYDRA] 	#68 : model.reduction_factor=0.9 model.L=3 model.bond_dim=8 seed=47311 trainer.ridge=5 trainer.ridge_decay=0.25 trainer.ridge_min=0.0001 +experiment=uci_ntn_sweep model=lmpo2 dataset=popularity
[2026-04-29 14:28:44,609][__main__][INFO] - ⏭ SKIP LMPO2/popularity/NTN L=3 bd=8_rf0.9 seed=47311 -> /zhome/6b/e/212868/GTN/outputs/ntn/popularity/LMPO2_rg5_init0.1/L3_bd8_seed47311_rf0.9_bondmpo1 | completed val=-0.0155
[2026-04-29 14:28:44,611][HYDRA] 	#69 : model.reduction_factor=0.9 model.L=3 model.bond_dim=8 seed=47303 trainer.ridge=5 trainer.ridge_decay=0.25 trainer.ridge_min=0.0001 +experiment=uci_ntn_sweep model=lmpo2 dataset=popularity
[2026-04-29 14:28:44,777][__main__][INFO] - ⏭ SKIP LMPO2/popularity/NTN L=3 bd=8_rf0.9 seed=47303 -> /zhome/6b/e/212868/GTN/outputs/ntn/popularity/LMPO2_rg5_init0.1/L3_bd8_seed47303_rf0.9_bondmpo1 | completed val=-0.0418
[2026-04-29 14:28:44,780][HYDRA] 	#70 : model.reduction_factor=0.9 model.L=3 model.bond_dim=12 seed=42 trainer.ridge=5 trainer.ridge_decay=0.25 trainer.ridge_min=0.0001 +experiment=uci_ntn_sweep model=lmpo2 dataset=popularity
[2026-04-29 14:28:44,949][__main__][INFO] - ⏭ SKIP LMPO2/popularity/NTN L=3 bd=12_rf0.9 seed=42 -> /zhome/6b/e/212868/GTN/outputs/ntn/popularity/LMPO2_rg5_init0.1/L3_bd12_seed42_rf0.9_bondmpo1 | completed val=-0.0516
[2026-04-29 14:28:44,952][HYDRA] 	#71 : model.reduction_factor=0.9 model.L=3 model.bond_dim=12 seed=10090 trainer.ridge=5 trainer.ridge_decay=0.25 trainer.ridge_min=0.0001 +experiment=uci_ntn_sweep model=lmpo2 dataset=popularity
[2026-04-29 14:28:45,116][__main__][INFO] - ⏭ SKIP LMPO2/popularity/NTN L=3 bd=12_rf0.9 seed=10090 -> /zhome/6b/e/212868/GTN/outputs/ntn/popularity/LMPO2_rg5_init0.1/L3_bd12_seed10090_rf0.9_bondmpo1 | completed val=-0.0332
[2026-04-29 14:28:45,118][HYDRA] 	#72 : model.reduction_factor=0.9 model.L=3 model.bond_dim=12 seed=32874 trainer.ridge=5 trainer.ridge_decay=0.25 trainer.ridge_min=0.0001 +experiment=uci_ntn_sweep model=lmpo2 dataset=popularity
[2026-04-29 14:28:45,278][__main__][INFO] - ⏭ SKIP LMPO2/popularity/NTN L=3 bd=12_rf0.9 seed=32874 -> /zhome/6b/e/212868/GTN/outputs/ntn/popularity/LMPO2_rg5_init0.1/L3_bd12_seed32874_rf0.9_bondmpo1 | completed val=-0.0200
[2026-04-29 14:28:45,281][HYDRA] 	#73 : model.reduction_factor=0.9 model.L=3 model.bond_dim=12 seed=47311 trainer.ridge=5 trainer.ridge_decay=0.25 trainer.ridge_min=0.0001 +experiment=uci_ntn_sweep model=lmpo2 dataset=popularity
[2026-04-29 14:28:45,443][__main__][INFO] - ⏭ SKIP LMPO2/popularity/NTN L=3 bd=12_rf0.9 seed=47311 -> /zhome/6b/e/212868/GTN/outputs/ntn/popularity/LMPO2_rg5_init0.1/L3_bd12_seed47311_rf0.9_bondmpo1 | completed val=-0.0118
[2026-04-29 14:28:45,445][HYDRA] 	#74 : model.reduction_factor=0.9 model.L=3 model.bond_dim=12 seed=47303 trainer.ridge=5 trainer.ridge_decay=0.25 trainer.ridge_min=0.0001 +experiment=uci_ntn_sweep model=lmpo2 dataset=popularity
[2026-04-29 14:28:45,610][__main__][INFO] - ⏭ SKIP LMPO2/popularity/NTN L=3 bd=12_rf0.9 seed=47303 -> /zhome/6b/e/212868/GTN/outputs/ntn/popularity/LMPO2_rg5_init0.1/L3_bd12_seed47303_rf0.9_bondmpo1 | completed val=-0.0539
[2026-04-29 14:28:45,613][HYDRA] 	#75 : model.reduction_factor=0.9 model.L=4 model.bond_dim=4 seed=42 trainer.ridge=5 trainer.ridge_decay=0.25 trainer.ridge_min=0.0001 +experiment=uci_ntn_sweep model=lmpo2 dataset=popularity
[2026-04-29 14:28:45,778][__main__][INFO] - ⏭ SKIP LMPO2/popularity/NTN L=4 bd=4_rf0.9 seed=42 -> /zhome/6b/e/212868/GTN/outputs/ntn/popularity/LMPO2_rg5_init0.1/L4_bd4_seed42_rf0.9_bondmpo1 | completed val=-0.0162
[2026-04-29 14:28:45,781][HYDRA] 	#76 : model.reduction_factor=0.9 model.L=4 model.bond_dim=4 seed=10090 trainer.ridge=5 trainer.ridge_decay=0.25 trainer.ridge_min=0.0001 +experiment=uci_ntn_sweep model=lmpo2 dataset=popularity
[2026-04-29 14:28:45,942][__main__][INFO] - ⏭ SKIP LMPO2/popularity/NTN L=4 bd=4_rf0.9 seed=10090 -> /zhome/6b/e/212868/GTN/outputs/ntn/popularity/LMPO2_rg5_init0.1/L4_bd4_seed10090_rf0.9_bondmpo1 | completed val=-0.0006
[2026-04-29 14:28:45,945][HYDRA] 	#77 : model.reduction_factor=0.9 model.L=4 model.bond_dim=4 seed=32874 trainer.ridge=5 trainer.ridge_decay=0.25 trainer.ridge_min=0.0001 +experiment=uci_ntn_sweep model=lmpo2 dataset=popularity
[2026-04-29 14:28:46,108][__main__][INFO] - ⏭ SKIP LMPO2/popularity/NTN L=4 bd=4_rf0.9 seed=32874 -> /zhome/6b/e/212868/GTN/outputs/ntn/popularity/LMPO2_rg5_init0.1/L4_bd4_seed32874_rf0.9_bondmpo1 | completed val=-0.0268
[2026-04-29 14:28:46,111][HYDRA] 	#78 : model.reduction_factor=0.9 model.L=4 model.bond_dim=4 seed=47311 trainer.ridge=5 trainer.ridge_decay=0.25 trainer.ridge_min=0.0001 +experiment=uci_ntn_sweep model=lmpo2 dataset=popularity
[2026-04-29 14:28:46,272][__main__][INFO] - ⏭ SKIP LMPO2/popularity/NTN L=4 bd=4_rf0.9 seed=47311 -> /zhome/6b/e/212868/GTN/outputs/ntn/popularity/LMPO2_rg5_init0.1/L4_bd4_seed47311_rf0.9_bondmpo1 | completed val=-0.0118
[2026-04-29 14:28:46,275][HYDRA] 	#79 : model.reduction_factor=0.9 model.L=4 model.bond_dim=4 seed=47303 trainer.ridge=5 trainer.ridge_decay=0.25 trainer.ridge_min=0.0001 +experiment=uci_ntn_sweep model=lmpo2 dataset=popularity
[2026-04-29 14:28:46,440][__main__][INFO] - ⏭ SKIP LMPO2/popularity/NTN L=4 bd=4_rf0.9 seed=47303 -> /zhome/6b/e/212868/GTN/outputs/ntn/popularity/LMPO2_rg5_init0.1/L4_bd4_seed47303_rf0.9_bondmpo1 | completed val=-0.0583
[2026-04-29 14:28:46,443][HYDRA] 	#80 : model.reduction_factor=0.9 model.L=4 model.bond_dim=8 seed=42 trainer.ridge=5 trainer.ridge_decay=0.25 trainer.ridge_min=0.0001 +experiment=uci_ntn_sweep model=lmpo2 dataset=popularity
[2026-04-29 14:28:46,611][__main__][INFO] - ⏭ SKIP LMPO2/popularity/NTN L=4 bd=8_rf0.9 seed=42 -> /zhome/6b/e/212868/GTN/outputs/ntn/popularity/LMPO2_rg5_init0.1/L4_bd8_seed42_rf0.9_bondmpo1 | completed val=-0.0545
[2026-04-29 14:28:46,614][HYDRA] 	#81 : model.reduction_factor=0.9 model.L=4 model.bond_dim=8 seed=10090 trainer.ridge=5 trainer.ridge_decay=0.25 trainer.ridge_min=0.0001 +experiment=uci_ntn_sweep model=lmpo2 dataset=popularity
[2026-04-29 14:28:46,780][__main__][INFO] - ⏭ SKIP LMPO2/popularity/NTN L=4 bd=8_rf0.9 seed=10090 -> /zhome/6b/e/212868/GTN/outputs/ntn/popularity/LMPO2_rg5_init0.1/L4_bd8_seed10090_rf0.9_bondmpo1 | completed val=-0.0347
[2026-04-29 14:28:46,783][HYDRA] 	#82 : model.reduction_factor=0.9 model.L=4 model.bond_dim=8 seed=32874 trainer.ridge=5 trainer.ridge_decay=0.25 trainer.ridge_min=0.0001 +experiment=uci_ntn_sweep model=lmpo2 dataset=popularity
[2026-04-29 14:28:46,943][__main__][INFO] - ▶ RUN LMPO2/popularity/NTN L=4 bd=8_rf0.9 seed=32874 -> /zhome/6b/e/212868/GTN/outputs/ntn/popularity/LMPO2_rg5_init0.1/L4_bd8_seed32874_rf0.9_bondmpo1
Starting Fit: 20 epochs.
Sweep Order: ['0_MPO', '1_MPO', '2_MPO', '3_MPO', '0_MPS', '1_MPS', '2_MPS', '3_MPS', '2_MPS', '1_MPS', '0_MPS', '3_MPO', '2_MPO', '1_MPO']
Validation: Using separate validation set for best model selection
Early stopping: patience=10, min_delta=0.001
Init    | Train: loss: 460536516649045248.00000 | quality: -3860634284.69763
        | Val:   loss: 57041643362996.67969 | quality: -246494.89459
Epoch 1 | Train: loss: 129630271.57863 | quality: -0.08668
        | Val:   loss: 289065514.20626 | quality: -0.24915
 *
Epoch 2 | Train: loss: 123527836.27817 | quality: -0.03552
        | Val:   loss: 238584906.83106 | quality: -0.03100
 *
Epoch 3 | Train: loss: 118545877.68731 | quality: 0.00624
        | Val:   loss: 239564808.01052 | quality: -0.03524

Epoch 4 | Train: loss: 115834712.91530 | quality: 0.02897
        | Val:   loss: 233342265.36458 | quality: -0.00835
 *
Epoch 5 | Train: loss: 115359114.53207 | quality: 0.03296
        | Val:   loss: 234376628.72919 | quality: -0.01282

Epoch 6 | Train: loss: 114941037.50786 | quality: 0.03646
        | Val:   loss: 234523444.53716 | quality: -0.01345

Epoch 7 | Train: loss: 114628049.17300 | quality: 0.03908
        | Val:   loss: 235418745.64159 | quality: -0.01732

Epoch 8 | Train: loss: 114349167.79442 | quality: 0.04142
        | Val:   loss: 239206530.86260 | quality: -0.03369

Epoch 9 | Train: loss: 114067947.34367 | quality: 0.04378
        | Val:   loss: 248055024.39836 | quality: -0.07193

Epoch 10 | Train: loss: 113635128.03011 | quality: 0.04741
        | Val:   loss: 269174499.20679 | quality: -0.16319

Epoch 11 | Train: loss: 112846265.78436 | quality: 0.05402
        | Val:   loss: 328122494.37553 | quality: -0.41793

Epoch 12 | Train: loss: 110653558.51071 | quality: 0.07240
        | Val:   loss: 390232426.33048 | quality: -0.68632

Epoch 13 | Train: loss: 108433366.73274 | quality: 0.09101
        | Val:   loss: 341846860.39577 | quality: -0.47723

Epoch 14 | Train: loss: 106736593.70612 | quality: 0.10524
        | Val:   loss: 311455321.03462 | quality: -0.34590


⏸ Early stopping at epoch 14 (best was epoch 4)
[2026-04-29 14:50:39,107][__main__][INFO] - ✓ DONE LMPO2/popularity/NTN L=4 bd=8_rf0.9 seed=32874 -> /zhome/6b/e/212868/GTN/outputs/ntn/popularity/LMPO2_rg5_init0.1/L4_bd8_seed32874_rf0.9_bondmpo1 | val=-0.0083
[2026-04-29 14:50:39,113][HYDRA] 	#83 : model.reduction_factor=0.9 model.L=4 model.bond_dim=8 seed=47311 trainer.ridge=5 trainer.ridge_decay=0.25 trainer.ridge_min=0.0001 +experiment=uci_ntn_sweep model=lmpo2 dataset=popularity
[2026-04-29 14:50:39,283][__main__][INFO] - ▶ RUN LMPO2/popularity/NTN L=4 bd=8_rf0.9 seed=47311 -> /zhome/6b/e/212868/GTN/outputs/ntn/popularity/LMPO2_rg5_init0.1/L4_bd8_seed47311_rf0.9_bondmpo1
