Task 32: Dataset=breast, Model=cpda_typei, Experiment=cpda_ntn_sweep
[2026-04-30 08:25:31,575][HYDRA] Launching 40 jobs locally
[2026-04-30 08:25:31,576][HYDRA] 	#0 : model.L=3 model.bond_dim=8 seed=42 trainer.ridge=5 trainer.ridge_decay=0.25 trainer.ridge_min=0.0001 +experiment=cpda_ntn_sweep model=cpda_typei dataset=breast
[2026-04-30 08:25:31,833][utils.tracking][INFO] - Loaded 16976 tracked runs from runs_tracking.csv
[2026-04-30 08:25:31,837][__main__][INFO] - ⏭ SKIP CPDATypeI/breast/NTN L=3 bd=8 seed=42 -> /zhome/6b/e/212868/GTN/outputs/ntn/breast/CPDATypeI_rg5_init0.1/L3_bd8_seed42 | completed val=0.7882
[2026-04-30 08:25:31,840][HYDRA] 	#1 : model.L=3 model.bond_dim=8 seed=10090 trainer.ridge=5 trainer.ridge_decay=0.25 trainer.ridge_min=0.0001 +experiment=cpda_ntn_sweep model=cpda_typei dataset=breast
[2026-04-30 08:25:32,006][__main__][INFO] - ⏭ SKIP CPDATypeI/breast/NTN L=3 bd=8 seed=10090 -> /zhome/6b/e/212868/GTN/outputs/ntn/breast/CPDATypeI_rg5_init0.1/L3_bd8_seed10090 | completed val=0.9529
[2026-04-30 08:25:32,010][HYDRA] 	#2 : model.L=3 model.bond_dim=8 seed=32874 trainer.ridge=5 trainer.ridge_decay=0.25 trainer.ridge_min=0.0001 +experiment=cpda_ntn_sweep model=cpda_typei dataset=breast
[2026-04-30 08:25:32,170][__main__][INFO] - ⏭ SKIP CPDATypeI/breast/NTN L=3 bd=8 seed=32874 -> /zhome/6b/e/212868/GTN/outputs/ntn/breast/CPDATypeI_rg5_init0.1/L3_bd8_seed32874 | completed val=0.9647
[2026-04-30 08:25:32,172][HYDRA] 	#3 : model.L=3 model.bond_dim=8 seed=47311 trainer.ridge=5 trainer.ridge_decay=0.25 trainer.ridge_min=0.0001 +experiment=cpda_ntn_sweep model=cpda_typei dataset=breast
[2026-04-30 08:25:32,337][__main__][INFO] - ⏭ SKIP CPDATypeI/breast/NTN L=3 bd=8 seed=47311 -> /zhome/6b/e/212868/GTN/outputs/ntn/breast/CPDATypeI_rg5_init0.1/L3_bd8_seed47311 | completed val=0.9176
[2026-04-30 08:25:32,340][HYDRA] 	#4 : model.L=3 model.bond_dim=8 seed=47303 trainer.ridge=5 trainer.ridge_decay=0.25 trainer.ridge_min=0.0001 +experiment=cpda_ntn_sweep model=cpda_typei dataset=breast
[2026-04-30 08:25:32,503][__main__][INFO] - ⏭ SKIP CPDATypeI/breast/NTN L=3 bd=8 seed=47303 -> /zhome/6b/e/212868/GTN/outputs/ntn/breast/CPDATypeI_rg5_init0.1/L3_bd8_seed47303 | completed val=0.9647
[2026-04-30 08:25:32,506][HYDRA] 	#5 : model.L=3 model.bond_dim=16 seed=42 trainer.ridge=5 trainer.ridge_decay=0.25 trainer.ridge_min=0.0001 +experiment=cpda_ntn_sweep model=cpda_typei dataset=breast
[2026-04-30 08:25:32,666][__main__][INFO] - ⏭ SKIP CPDATypeI/breast/NTN L=3 bd=16 seed=42 -> /zhome/6b/e/212868/GTN/outputs/ntn/breast/CPDATypeI_rg5_init0.1/L3_bd16_seed42 | completed val=0.9529
[2026-04-30 08:25:32,669][HYDRA] 	#6 : model.L=3 model.bond_dim=16 seed=10090 trainer.ridge=5 trainer.ridge_decay=0.25 trainer.ridge_min=0.0001 +experiment=cpda_ntn_sweep model=cpda_typei dataset=breast
[2026-04-30 08:25:32,837][__main__][INFO] - ⏭ SKIP CPDATypeI/breast/NTN L=3 bd=16 seed=10090 -> /zhome/6b/e/212868/GTN/outputs/ntn/breast/CPDATypeI_rg5_init0.1/L3_bd16_seed10090 | completed val=0.9529
[2026-04-30 08:25:32,839][HYDRA] 	#7 : model.L=3 model.bond_dim=16 seed=32874 trainer.ridge=5 trainer.ridge_decay=0.25 trainer.ridge_min=0.0001 +experiment=cpda_ntn_sweep model=cpda_typei dataset=breast
[2026-04-30 08:25:33,006][__main__][INFO] - ⏭ SKIP CPDATypeI/breast/NTN L=3 bd=16 seed=32874 -> /zhome/6b/e/212868/GTN/outputs/ntn/breast/CPDATypeI_rg5_init0.1/L3_bd16_seed32874 | completed val=0.9529
[2026-04-30 08:25:33,009][HYDRA] 	#8 : model.L=3 model.bond_dim=16 seed=47311 trainer.ridge=5 trainer.ridge_decay=0.25 trainer.ridge_min=0.0001 +experiment=cpda_ntn_sweep model=cpda_typei dataset=breast
[2026-04-30 08:25:33,177][__main__][INFO] - ⏭ SKIP CPDATypeI/breast/NTN L=3 bd=16 seed=47311 -> /zhome/6b/e/212868/GTN/outputs/ntn/breast/CPDATypeI_rg5_init0.1/L3_bd16_seed47311 | completed val=0.9529
[2026-04-30 08:25:33,181][HYDRA] 	#9 : model.L=3 model.bond_dim=16 seed=47303 trainer.ridge=5 trainer.ridge_decay=0.25 trainer.ridge_min=0.0001 +experiment=cpda_ntn_sweep model=cpda_typei dataset=breast
[2026-04-30 08:25:33,388][__main__][INFO] - ⏭ SKIP CPDATypeI/breast/NTN L=3 bd=16 seed=47303 -> /zhome/6b/e/212868/GTN/outputs/ntn/breast/CPDATypeI_rg5_init0.1/L3_bd16_seed47303 | completed val=0.9529
[2026-04-30 08:25:33,391][HYDRA] 	#10 : model.L=3 model.bond_dim=32 seed=42 trainer.ridge=5 trainer.ridge_decay=0.25 trainer.ridge_min=0.0001 +experiment=cpda_ntn_sweep model=cpda_typei dataset=breast
[2026-04-30 08:25:33,560][__main__][INFO] - ⏭ SKIP CPDATypeI/breast/NTN L=3 bd=32 seed=42 -> /zhome/6b/e/212868/GTN/outputs/ntn/breast/CPDATypeI_rg5_init0.1/L3_bd32_seed42 | completed val=0.6471
[2026-04-30 08:25:33,563][HYDRA] 	#11 : model.L=3 model.bond_dim=32 seed=10090 trainer.ridge=5 trainer.ridge_decay=0.25 trainer.ridge_min=0.0001 +experiment=cpda_ntn_sweep model=cpda_typei dataset=breast
[2026-04-30 08:25:33,732][__main__][INFO] - ⏭ SKIP CPDATypeI/breast/NTN L=3 bd=32 seed=10090 -> /zhome/6b/e/212868/GTN/outputs/ntn/breast/CPDATypeI_rg5_init0.1/L3_bd32_seed10090 | completed val=0.9412
[2026-04-30 08:25:33,735][HYDRA] 	#12 : model.L=3 model.bond_dim=32 seed=32874 trainer.ridge=5 trainer.ridge_decay=0.25 trainer.ridge_min=0.0001 +experiment=cpda_ntn_sweep model=cpda_typei dataset=breast
[2026-04-30 08:25:33,907][__main__][INFO] - ▶ RUN CPDATypeI/breast/NTN L=3 bd=32 seed=32874 -> /zhome/6b/e/212868/GTN/outputs/ntn/breast/CPDATypeI_rg5_init0.1/L3_bd32_seed32874
Starting Ensemble Fit: 20 epochs
Models: [(1, 1), (2, 2), (3, 3)]
Total nodes: 6
Validation: Using separate validation set
Early stopping: patience=10, min_delta=0.001
Init    | Train: loss: 2.27512 | quality: 0.39196
        | Val:   loss: 1.76559 | quality: 0.36471

Epoch 1 | Train: loss: 32.66216 | quality: 0.42211
        | Val:   loss: 52.81839 | quality: 0.44706
 *
Epoch 2 | Train: loss: 36735389621713480473116672.00000 | quality: 0.76884
        | Val:   loss: 6486936612704185223217152.00000 | quality: 0.71765
 *
Epoch 3 | Train: loss: 3952848352598273371126482608326180430074020460952984401945852879169086774699627035090345126863925145919900186836992.00000 | quality: 0.16332
        | Val:   loss: 5249428204567538616804098650464989620341490224956738003066312324006543426787608988168367595045589194498590193483776.00000 | quality: 0.18824

Epoch 4 | Train: loss: nan | quality: 0.62563
        | Val:   loss: nan | quality: 0.56471

Epoch 5 | Train: loss: nan | quality: 0.62563
        | Val:   loss: nan | quality: 0.56471

Epoch 6 | Train: loss: nan | quality: 0.62563
        | Val:   loss: nan | quality: 0.56471

Epoch 7 | Train: loss: nan | quality: 0.62563
        | Val:   loss: nan | quality: 0.56471

Epoch 8 | Train: loss: nan | quality: 0.62563
        | Val:   loss: nan | quality: 0.56471

Epoch 9 | Train: loss: nan | quality: 0.62563
        | Val:   loss: nan | quality: 0.56471

Epoch 10 | Train: loss: nan | quality: 0.62563
        | Val:   loss: nan | quality: 0.56471

Epoch 11 | Train: loss: nan | quality: 0.62563
        | Val:   loss: nan | quality: 0.56471

Epoch 12 | Train: loss: nan | quality: 0.62563
        | Val:   loss: nan | quality: 0.56471


Early stopping at epoch 12 (best was epoch 2)

Best epoch: 2 (val_quality=0.717647)
[2026-04-30 08:25:38,620][__main__][INFO] - ✓ DONE CPDATypeI/breast/NTN L=3 bd=32 seed=32874 -> /zhome/6b/e/212868/GTN/outputs/ntn/breast/CPDATypeI_rg5_init0.1/L3_bd32_seed32874 | val=0.7176
[2026-04-30 08:25:38,623][HYDRA] 	#13 : model.L=3 model.bond_dim=32 seed=47311 trainer.ridge=5 trainer.ridge_decay=0.25 trainer.ridge_min=0.0001 +experiment=cpda_ntn_sweep model=cpda_typei dataset=breast
[2026-04-30 08:25:38,791][__main__][INFO] - ▶ RUN CPDATypeI/breast/NTN L=3 bd=32 seed=47311 -> /zhome/6b/e/212868/GTN/outputs/ntn/breast/CPDATypeI_rg5_init0.1/L3_bd32_seed47311
Starting Ensemble Fit: 20 epochs
Models: [(1, 1), (2, 2), (3, 3)]
Total nodes: 6
Validation: Using separate validation set
Early stopping: patience=10, min_delta=0.001
Init    | Train: loss: 1.82676 | quality: 0.40955
        | Val:   loss: 2.23869 | quality: 0.34118

Epoch 1 | Train: loss: 505.08378 | quality: 0.38191
        | Val:   loss: 202.11834 | quality: 0.41176
 *
Epoch 2 | Train: loss: 217734662736595679926991581778348961117692098497441704051223262243930626099209340169629761445713935002279940252007415484301993609855735181715550647716309828566142210241900059245915668480.00000 | quality: 0.75879
        | Val:   loss: 59211335215023298169335237362324624578901152327170010636197636559892643791099799840313317143174642251256790872244679782189313685544708030930196038733124066183980608315834796221728292864.00000 | quality: 0.74118
 *
Epoch 3 | Train: loss: nan | quality: 0.62563
        | Val:   loss: nan | quality: 0.56471

Epoch 4 | Train: loss: nan | quality: 0.62563
        | Val:   loss: nan | quality: 0.56471

Epoch 5 | Train: loss: nan | quality: 0.62563
        | Val:   loss: nan | quality: 0.56471

Epoch 6 | Train: loss: nan | quality: 0.62563
        | Val:   loss: nan | quality: 0.56471

Epoch 7 | Train: loss: nan | quality: 0.62563
        | Val:   loss: nan | quality: 0.56471

Epoch 8 | Train: loss: nan | quality: 0.62563
        | Val:   loss: nan | quality: 0.56471

Epoch 9 | Train: loss: nan | quality: 0.62563
        | Val:   loss: nan | quality: 0.56471

Epoch 10 | Train: loss: nan | quality: 0.62563
        | Val:   loss: nan | quality: 0.56471

Epoch 11 | Train: loss: nan | quality: 0.62563
        | Val:   loss: nan | quality: 0.56471

Epoch 12 | Train: loss: nan | quality: 0.62563
        | Val:   loss: nan | quality: 0.56471


Early stopping at epoch 12 (best was epoch 2)

Best epoch: 2 (val_quality=0.741176)
[2026-04-30 08:25:43,034][__main__][INFO] - ✓ DONE CPDATypeI/breast/NTN L=3 bd=32 seed=47311 -> /zhome/6b/e/212868/GTN/outputs/ntn/breast/CPDATypeI_rg5_init0.1/L3_bd32_seed47311 | val=0.7412
[2026-04-30 08:25:43,036][HYDRA] 	#14 : model.L=3 model.bond_dim=32 seed=47303 trainer.ridge=5 trainer.ridge_decay=0.25 trainer.ridge_min=0.0001 +experiment=cpda_ntn_sweep model=cpda_typei dataset=breast
[2026-04-30 08:25:43,220][__main__][INFO] - ▶ RUN CPDATypeI/breast/NTN L=3 bd=32 seed=47303 -> /zhome/6b/e/212868/GTN/outputs/ntn/breast/CPDATypeI_rg5_init0.1/L3_bd32_seed47303
Starting Ensemble Fit: 20 epochs
Models: [(1, 1), (2, 2), (3, 3)]
Total nodes: 6
Validation: Using separate validation set
Early stopping: patience=10, min_delta=0.001
Init    | Train: loss: 1.21620 | quality: 0.45729
        | Val:   loss: 1.29679 | quality: 0.47059

Epoch 1 | Train: loss: 343.27182 | quality: 0.59045
        | Val:   loss: 123.67735 | quality: 0.57647
 *
Epoch 2 | Train: loss: 73191027461.12143 | quality: 0.87940
        | Val:   loss: 17520031840.66058 | quality: 0.89412
 *
Epoch 3 | Train: loss: 50775045407674557895343220880115771863723804310110208.00000 | quality: 0.83920
        | Val:   loss: 24038078462938396611054259056587860639097880018157568.00000 | quality: 0.80000

Epoch 4 | Train: loss: 282145167111736948364309316997538435472351067768559743874469306108397081564176608999068786087775480131637117702719006941513996914800772065477460327828860153108276968674221160621961093262889209288986803822668480047721068815681625594620018688.00000 | quality: 0.15578
        | Val:   loss: 373407873682616029916061847521518676113963000521528306288176851936878350455057849976178021116511373006130850297786435528569852121107973374327500035823199327597351417576747288485839642025456551748561256888418664797509634901982569946696122368.00000 | quality: 0.17647

Epoch 5 | Train: loss: nan | quality: 0.62563
        | Val:   loss: nan | quality: 0.56471

Epoch 6 | Train: loss: nan | quality: 0.62563
        | Val:   loss: nan | quality: 0.56471

Epoch 7 | Train: loss: nan | quality: 0.62563
        | Val:   loss: nan | quality: 0.56471

Epoch 8 | Train: loss: nan | quality: 0.62563
        | Val:   loss: nan | quality: 0.56471

Epoch 9 | Train: loss: nan | quality: 0.62563
        | Val:   loss: nan | quality: 0.56471

Epoch 10 | Train: loss: nan | quality: 0.62563
        | Val:   loss: nan | quality: 0.56471

Epoch 11 | Train: loss: nan | quality: 0.62563
        | Val:   loss: nan | quality: 0.56471

Epoch 12 | Train: loss: nan | quality: 0.62563
        | Val:   loss: nan | quality: 0.56471


Early stopping at epoch 12 (best was epoch 2)

Best epoch: 2 (val_quality=0.894118)
[2026-04-30 08:25:47,170][__main__][INFO] - ✓ DONE CPDATypeI/breast/NTN L=3 bd=32 seed=47303 -> /zhome/6b/e/212868/GTN/outputs/ntn/breast/CPDATypeI_rg5_init0.1/L3_bd32_seed47303 | val=0.8941
[2026-04-30 08:25:47,172][HYDRA] 	#15 : model.L=3 model.bond_dim=64 seed=42 trainer.ridge=5 trainer.ridge_decay=0.25 trainer.ridge_min=0.0001 +experiment=cpda_ntn_sweep model=cpda_typei dataset=breast
[2026-04-30 08:25:47,340][__main__][INFO] - ▶ RUN CPDATypeI/breast/NTN L=3 bd=64 seed=42 -> /zhome/6b/e/212868/GTN/outputs/ntn/breast/CPDATypeI_rg5_init0.1/L3_bd64_seed42

------------------------------------------------------------
Sender: LSF System <lsfadmin@hpc.dtu.dk>
Subject: Job 28328192[32]: <ntn_grid_full[1-110]%10> in cluster <dcc> Exited

Job <ntn_grid_full[1-110]%10> was submitted from host <hpclogin1> by user <nicci> in cluster <dcc> at Thu Apr 30 08:23:23 2026
Job was executed on host(s) <6*n-62-31-13>, in queue <hpc>, as user <nicci> in cluster <dcc> at Thu Apr 30 08:25:18 2026
</zhome/6b/e/212868> was used as the home directory.
</zhome/6b/e/212868/GTN> was used as the working directory.
Started at Thu Apr 30 08:25:18 2026
Terminated at Thu Apr 30 08:25:50 2026
Results reported at Thu Apr 30 08:25:50 2026

Your job looked like:

------------------------------------------------------------
# LSBATCH: User input
#!/bin/bash
#BSUB -q hpc
#BSUB -J "ntn_grid_full[1-110]%10"
#BSUB -W 8:00
#BSUB -n 6
#BSUB -R "rusage[mem=2GB]"
#BSUB -R "span[hosts=1]"
#BSUB -o logs/%J_%I.out
#BSUB -e logs/%J_%I.err

MODELS=("cpda" "cpda_typei" "lmpo2" "lmpo2_typei" "mpo2" "mpo2_typei" "mmpo2" "mmpo2_typei" "tnml_f" "tnml_p")

DATASETS=(
    "abalone" "adult" "ai4i" "appliances" "bank" "bike" "breast"
    "car_evaluation" "concrete" "energy_efficiency" "hearth"
    "iris" "mushrooms" "obesity" "popularity" "realstate"
    "seoulBike" "student_dropout" "student_perf" "wine"
    "winequalityc"
)

COMPLETED_DATASETS=(
    "abalone" "ai4i"  "bike" "concrete" "energy_efficiency"
    "iris" "obesity" "realstate" "seoulBike" "student_perf"
)

# Filter datasets
FILTERED_DATASETS=()
for ds in "${DATASETS[@]}"; do
    skip=false
    for completed in "${COMPLETED_DATASETS[@]}"; do
        if [[ "$ds" == "$completed" ]]; then
            skip=true
            break
        fi
    done

    if ! $skip; then
        FILTERED_DATASETS+=("$ds")
    fi
done

DATASETS=("${FILTERED_DATASETS[@]}")

NUM_MODELS=${#MODELS[@]}
NUM_DATASETS=${#DATASETS[@]}
NUM_EXPERIMENTS=$((NUM_DATASETS * NUM_MODELS))

if [ "$1" == "test" ]; then
    echo "SIMULATING ARRAY:"
    echo "-----------------"

(... more ...)
------------------------------------------------------------

TERM_MEMLIMIT: job killed after reaching LSF memory usage limit.
Exited with exit code 137.

Resource usage summary:

    CPU time :                                   69.34 sec.
    Max Memory :                                 12288 MB
    Average Memory :                             8192.33 MB
    Total Requested Memory :                     12288.00 MB
    Delta Memory :                               0.00 MB
    Max Swap :                                   -
    Max Processes :                              4
    Max Threads :                                15
    Run time :                                   32 sec.
    Turnaround time :                            147 sec.

The output (if any) is above this job summary.



PS:

Read file <logs/28328192_32.err> for stderr output of this job.

