Task 82: Dataset=student_dropout, Model=cpda_typei, Experiment=cpda_ntn_sweep
[2026-04-30 10:29:42,757][HYDRA] Launching 40 jobs locally
[2026-04-30 10:29:42,757][HYDRA] 	#0 : model.L=3 model.bond_dim=8 seed=42 trainer.ridge=5 trainer.ridge_decay=0.25 trainer.ridge_min=0.0001 +experiment=cpda_ntn_sweep model=cpda_typei dataset=student_dropout
[2026-04-30 10:29:43,026][utils.tracking][INFO] - Loaded 17061 tracked runs from runs_tracking.csv
[2026-04-30 10:29:43,030][__main__][INFO] - ⏭ SKIP CPDATypeI/student_dropout/NTN L=3 bd=8 seed=42 -> /zhome/6b/e/212868/GTN/outputs/ntn/student_dropout/CPDATypeI_rg5_init0.1/L3_bd8_seed42 | completed val=0.6822
[2026-04-30 10:29:43,033][HYDRA] 	#1 : model.L=3 model.bond_dim=8 seed=10090 trainer.ridge=5 trainer.ridge_decay=0.25 trainer.ridge_min=0.0001 +experiment=cpda_ntn_sweep model=cpda_typei dataset=student_dropout
[2026-04-30 10:29:43,188][__main__][INFO] - ⏭ SKIP CPDATypeI/student_dropout/NTN L=3 bd=8 seed=10090 -> /zhome/6b/e/212868/GTN/outputs/ntn/student_dropout/CPDATypeI_rg5_init0.1/L3_bd8_seed10090 | completed val=0.7620
[2026-04-30 10:29:43,191][HYDRA] 	#2 : model.L=3 model.bond_dim=8 seed=32874 trainer.ridge=5 trainer.ridge_decay=0.25 trainer.ridge_min=0.0001 +experiment=cpda_ntn_sweep model=cpda_typei dataset=student_dropout
[2026-04-30 10:29:43,349][__main__][INFO] - ⏭ SKIP CPDATypeI/student_dropout/NTN L=3 bd=8 seed=32874 -> /zhome/6b/e/212868/GTN/outputs/ntn/student_dropout/CPDATypeI_rg5_init0.1/L3_bd8_seed32874 | completed val=0.6913
[2026-04-30 10:29:43,352][HYDRA] 	#3 : model.L=3 model.bond_dim=8 seed=47311 trainer.ridge=5 trainer.ridge_decay=0.25 trainer.ridge_min=0.0001 +experiment=cpda_ntn_sweep model=cpda_typei dataset=student_dropout
[2026-04-30 10:29:43,506][__main__][INFO] - ▶ RUN CPDATypeI/student_dropout/NTN L=3 bd=8 seed=47311 -> /zhome/6b/e/212868/GTN/outputs/ntn/student_dropout/CPDATypeI_rg5_init0.1/L3_bd8_seed47311
Starting Ensemble Fit: 20 epochs
Models: [(1, 1), (2, 2), (3, 3)]
Total nodes: 6
Validation: Using separate validation set
Early stopping: patience=10, min_delta=0.001
Init    | Train: loss: 1.70577 | quality: 0.31298
        | Val:   loss: 1.57138 | quality: 0.34337

Epoch 1 | Train: loss: 0.77891 | quality: 0.72578
        | Val:   loss: 0.83777 | quality: 0.69880
 *
Epoch 2 | Train: loss: 0.65535 | quality: 0.75775
        | Val:   loss: 0.70500 | quality: 0.73494
 *
Epoch 3 | Train: loss: 513.39085 | quality: 0.37500
        | Val:   loss: 924.10009 | quality: 0.36898

Epoch 4 | Train: loss: 1368096277436679936.00000 | quality: 0.35271
        | Val:   loss: 2823728899554045952.00000 | quality: 0.37199

Epoch 5 | Train: loss: 2210035885987194122412255907492496417905808860020860397215711849697268313169714763002933845950464.00000 | quality: 0.40762
        | Val:   loss: 1606323869588864732838406781982377309631799466451601678350280199729255024824811030104283482685440.00000 | quality: 0.37952

Epoch 6 | Train: loss: nan | quality: 0.21350
        | Val:   loss: nan | quality: 0.21988

Epoch 7 | Train: loss: nan | quality: 0.31654
        | Val:   loss: nan | quality: 0.34789

Epoch 8 | Train: loss: nan | quality: 0.31654
        | Val:   loss: nan | quality: 0.34789

Epoch 9 | Train: loss: nan | quality: 0.31654
        | Val:   loss: nan | quality: 0.34789

Epoch 10 | Train: loss: nan | quality: 0.31654
        | Val:   loss: nan | quality: 0.34789

Epoch 11 | Train: loss: nan | quality: 0.31654
        | Val:   loss: nan | quality: 0.34789

Epoch 12 | Train: loss: nan | quality: 0.31654
        | Val:   loss: nan | quality: 0.34789


Early stopping at epoch 12 (best was epoch 2)

Best epoch: 2 (val_quality=0.734940)
[2026-04-30 10:29:56,075][__main__][INFO] - ✓ DONE CPDATypeI/student_dropout/NTN L=3 bd=8 seed=47311 -> /zhome/6b/e/212868/GTN/outputs/ntn/student_dropout/CPDATypeI_rg5_init0.1/L3_bd8_seed47311 | val=0.7349
[2026-04-30 10:29:56,078][HYDRA] 	#4 : model.L=3 model.bond_dim=8 seed=47303 trainer.ridge=5 trainer.ridge_decay=0.25 trainer.ridge_min=0.0001 +experiment=cpda_ntn_sweep model=cpda_typei dataset=student_dropout
[2026-04-30 10:29:56,239][__main__][INFO] - ▶ RUN CPDATypeI/student_dropout/NTN L=3 bd=8 seed=47303 -> /zhome/6b/e/212868/GTN/outputs/ntn/student_dropout/CPDATypeI_rg5_init0.1/L3_bd8_seed47303
Starting Ensemble Fit: 20 epochs
Models: [(1, 1), (2, 2), (3, 3)]
Total nodes: 6
Validation: Using separate validation set
Early stopping: patience=10, min_delta=0.001
Init    | Train: loss: 2.22792 | quality: 0.26163
        | Val:   loss: 2.40308 | quality: 0.26355

Epoch 1 | Train: loss: 18.19410 | quality: 0.69509
        | Val:   loss: 5.68265 | quality: 0.65663
 *
Epoch 2 | Train: loss: 79818024.22915 | quality: 0.39050
        | Val:   loss: 189487964.15051 | quality: 0.37651

Epoch 3 | Train: loss: 62593475080238971996618774353930248534527836160.00000 | quality: 0.38889
        | Val:   loss: 74417324075413691406323559495981381229729546240.00000 | quality: 0.39157

Epoch 4 | Train: loss: 17513604877865923651233385795395768632674729756514109639821607905764894376843863961975898065690329091034666751680493788286600229304599598895762222328299028892489967701878848188501839860074268327936.00000 | quality: 0.46996
        | Val:   loss: 16382714051917020451868647172173051656977547228778478743119566324088780841728861580876852224758137488985224209966949135168197345443342225664065821036971522346993974491717944839137934357433233178624.00000 | quality: 0.44578

Epoch 5 | Train: loss: nan | quality: 0.31654
        | Val:   loss: nan | quality: 0.34789

Epoch 6 | Train: loss: nan | quality: 0.31654
        | Val:   loss: nan | quality: 0.34789

Epoch 7 | Train: loss: nan | quality: 0.31654
        | Val:   loss: nan | quality: 0.34789

Epoch 8 | Train: loss: nan | quality: 0.31654
        | Val:   loss: nan | quality: 0.34789

Epoch 9 | Train: loss: nan | quality: 0.31654
        | Val:   loss: nan | quality: 0.34789

Epoch 10 | Train: loss: nan | quality: 0.31654
        | Val:   loss: nan | quality: 0.34789

Epoch 11 | Train: loss: nan | quality: 0.31654
        | Val:   loss: nan | quality: 0.34789


Early stopping at epoch 11 (best was epoch 1)

Best epoch: 1 (val_quality=0.656627)
[2026-04-30 10:30:05,441][__main__][INFO] - ✓ DONE CPDATypeI/student_dropout/NTN L=3 bd=8 seed=47303 -> /zhome/6b/e/212868/GTN/outputs/ntn/student_dropout/CPDATypeI_rg5_init0.1/L3_bd8_seed47303 | val=0.6566
[2026-04-30 10:30:05,443][HYDRA] 	#5 : model.L=3 model.bond_dim=16 seed=42 trainer.ridge=5 trainer.ridge_decay=0.25 trainer.ridge_min=0.0001 +experiment=cpda_ntn_sweep model=cpda_typei dataset=student_dropout
[2026-04-30 10:30:05,605][__main__][INFO] - ▶ RUN CPDATypeI/student_dropout/NTN L=3 bd=16 seed=42 -> /zhome/6b/e/212868/GTN/outputs/ntn/student_dropout/CPDATypeI_rg5_init0.1/L3_bd16_seed42

------------------------------------------------------------
Sender: LSF System <lsfadmin@hpc.dtu.dk>
Subject: Job 28328569[82]: <ntn_grid_full[1-110]%10> in cluster <dcc> Exited

Job <ntn_grid_full[1-110]%10> was submitted from host <hpclogin1> by user <nicci> in cluster <dcc> at Thu Apr 30 10:21:07 2026
Job was executed on host(s) <6*n-62-11-67>, in queue <hpc>, as user <nicci> in cluster <dcc> at Thu Apr 30 10:29:30 2026
</zhome/6b/e/212868> was used as the home directory.
</zhome/6b/e/212868/GTN> was used as the working directory.
Started at Thu Apr 30 10:29:30 2026
Terminated at Thu Apr 30 10:30:11 2026
Results reported at Thu Apr 30 10:30:11 2026

Your job looked like:

------------------------------------------------------------
# LSBATCH: User input
#!/bin/bash
#BSUB -q hpc
#BSUB -J "ntn_grid_full[1-110]%10"
#BSUB -W 8:00
#BSUB -n 6
#BSUB -R "rusage[mem=4GB]"
#BSUB -R "span[hosts=1]"
#BSUB -o logs/%J_%I.out
#BSUB -e logs/%J_%I.err

MODELS=("cpda" "cpda_typei" "lmpo2" "lmpo2_typei" "mpo2" "mpo2_typei" "mmpo2" "mmpo2_typei" "tnml_f" "tnml_p")

DATASETS=(
    "abalone" "adult" "ai4i" "appliances" "bank" "bike" "breast"
    "car_evaluation" "concrete" "energy_efficiency" "hearth"
    "iris" "mushrooms" "obesity" "popularity" "realstate"
    "seoulBike" "student_dropout" "student_perf" "wine"
    "winequalityc"
)

COMPLETED_DATASETS=(
    "abalone" "ai4i"  "bike" "concrete" "energy_efficiency"
    "iris" "obesity" "realstate" "seoulBike" "student_perf"
)

# Filter datasets
FILTERED_DATASETS=()
for ds in "${DATASETS[@]}"; do
    skip=false
    for completed in "${COMPLETED_DATASETS[@]}"; do
        if [[ "$ds" == "$completed" ]]; then
            skip=true
            break
        fi
    done

    if ! $skip; then
        FILTERED_DATASETS+=("$ds")
    fi
done

DATASETS=("${FILTERED_DATASETS[@]}")

NUM_MODELS=${#MODELS[@]}
NUM_DATASETS=${#DATASETS[@]}
NUM_EXPERIMENTS=$((NUM_DATASETS * NUM_MODELS))

if [ "$1" == "test" ]; then
    echo "SIMULATING ARRAY:"
    echo "-----------------"

(... more ...)
------------------------------------------------------------

TERM_MEMLIMIT: job killed after reaching LSF memory usage limit.
Exited with exit code 137.

Resource usage summary:

    CPU time :                                   113.79 sec.
    Max Memory :                                 24576 MB
    Average Memory :                             16514.00 MB
    Total Requested Memory :                     24576.00 MB
    Delta Memory :                               0.00 MB
    Max Swap :                                   -
    Max Processes :                              4
    Max Threads :                                15
    Run time :                                   41 sec.
    Turnaround time :                            544 sec.

The output (if any) is above this job summary.



PS:

Read file <logs/28328569_82.err> for stderr output of this job.

