Task 32: Dataset=appliances, Model=cpda_typei, Experiment=cpda_ntn_sweep
[2026-04-29 21:17:54,500][HYDRA] Launching 40 jobs locally
[2026-04-29 21:17:54,500][HYDRA] 	#0 : model.L=3 model.bond_dim=8 seed=42 trainer.ridge=5 trainer.ridge_decay=0.25 trainer.ridge_min=0.0001 +experiment=cpda_ntn_sweep model=cpda_typei dataset=appliances
[2026-04-29 21:17:54,750][utils.tracking][INFO] - Loaded 16811 tracked runs from runs_tracking.csv
[2026-04-29 21:17:54,754][__main__][INFO] - ⏭ SKIP CPDATypeI/appliances/NTN L=3 bd=8 seed=42 -> /zhome/6b/e/212868/GTN/outputs/ntn/appliances/CPDATypeI_rg5_init0.1/L3_bd8_seed42 | completed val=0.2737
[2026-04-29 21:17:54,757][HYDRA] 	#1 : model.L=3 model.bond_dim=8 seed=10090 trainer.ridge=5 trainer.ridge_decay=0.25 trainer.ridge_min=0.0001 +experiment=cpda_ntn_sweep model=cpda_typei dataset=appliances
[2026-04-29 21:17:54,926][__main__][INFO] - ⏭ SKIP CPDATypeI/appliances/NTN L=3 bd=8 seed=10090 -> /zhome/6b/e/212868/GTN/outputs/ntn/appliances/CPDATypeI_rg5_init0.1/L3_bd8_seed10090 | completed val=0.2650
[2026-04-29 21:17:54,928][HYDRA] 	#2 : model.L=3 model.bond_dim=8 seed=32874 trainer.ridge=5 trainer.ridge_decay=0.25 trainer.ridge_min=0.0001 +experiment=cpda_ntn_sweep model=cpda_typei dataset=appliances
[2026-04-29 21:17:55,098][__main__][INFO] - ⏭ SKIP CPDATypeI/appliances/NTN L=3 bd=8 seed=32874 -> /zhome/6b/e/212868/GTN/outputs/ntn/appliances/CPDATypeI_rg5_init0.1/L3_bd8_seed32874 | completed val=0.2690
[2026-04-29 21:17:55,101][HYDRA] 	#3 : model.L=3 model.bond_dim=8 seed=47311 trainer.ridge=5 trainer.ridge_decay=0.25 trainer.ridge_min=0.0001 +experiment=cpda_ntn_sweep model=cpda_typei dataset=appliances
[2026-04-29 21:17:55,270][__main__][INFO] - ⏭ SKIP CPDATypeI/appliances/NTN L=3 bd=8 seed=47311 -> /zhome/6b/e/212868/GTN/outputs/ntn/appliances/CPDATypeI_rg5_init0.1/L3_bd8_seed47311 | completed val=0.2679
[2026-04-29 21:17:55,273][HYDRA] 	#4 : model.L=3 model.bond_dim=8 seed=47303 trainer.ridge=5 trainer.ridge_decay=0.25 trainer.ridge_min=0.0001 +experiment=cpda_ntn_sweep model=cpda_typei dataset=appliances
[2026-04-29 21:17:55,443][__main__][INFO] - ⏭ SKIP CPDATypeI/appliances/NTN L=3 bd=8 seed=47303 -> /zhome/6b/e/212868/GTN/outputs/ntn/appliances/CPDATypeI_rg5_init0.1/L3_bd8_seed47303 | completed val=0.2756
[2026-04-29 21:17:55,445][HYDRA] 	#5 : model.L=3 model.bond_dim=16 seed=42 trainer.ridge=5 trainer.ridge_decay=0.25 trainer.ridge_min=0.0001 +experiment=cpda_ntn_sweep model=cpda_typei dataset=appliances
[2026-04-29 21:17:55,615][__main__][INFO] - ⏭ SKIP CPDATypeI/appliances/NTN L=3 bd=16 seed=42 -> /zhome/6b/e/212868/GTN/outputs/ntn/appliances/CPDATypeI_rg5_init0.1/L3_bd16_seed42 | completed val=0.2841
[2026-04-29 21:17:55,617][HYDRA] 	#6 : model.L=3 model.bond_dim=16 seed=10090 trainer.ridge=5 trainer.ridge_decay=0.25 trainer.ridge_min=0.0001 +experiment=cpda_ntn_sweep model=cpda_typei dataset=appliances
[2026-04-29 21:17:55,789][__main__][INFO] - ⏭ SKIP CPDATypeI/appliances/NTN L=3 bd=16 seed=10090 -> /zhome/6b/e/212868/GTN/outputs/ntn/appliances/CPDATypeI_rg5_init0.1/L3_bd16_seed10090 | completed val=0.2747
[2026-04-29 21:17:55,792][HYDRA] 	#7 : model.L=3 model.bond_dim=16 seed=32874 trainer.ridge=5 trainer.ridge_decay=0.25 trainer.ridge_min=0.0001 +experiment=cpda_ntn_sweep model=cpda_typei dataset=appliances
[2026-04-29 21:17:55,980][__main__][INFO] - ⏭ SKIP CPDATypeI/appliances/NTN L=3 bd=16 seed=32874 -> /zhome/6b/e/212868/GTN/outputs/ntn/appliances/CPDATypeI_rg5_init0.1/L3_bd16_seed32874 | completed val=0.2813
[2026-04-29 21:17:55,982][HYDRA] 	#8 : model.L=3 model.bond_dim=16 seed=47311 trainer.ridge=5 trainer.ridge_decay=0.25 trainer.ridge_min=0.0001 +experiment=cpda_ntn_sweep model=cpda_typei dataset=appliances
[2026-04-29 21:17:56,169][__main__][INFO] - ⏭ SKIP CPDATypeI/appliances/NTN L=3 bd=16 seed=47311 -> /zhome/6b/e/212868/GTN/outputs/ntn/appliances/CPDATypeI_rg5_init0.1/L3_bd16_seed47311 | completed val=0.2661
[2026-04-29 21:17:56,171][HYDRA] 	#9 : model.L=3 model.bond_dim=16 seed=47303 trainer.ridge=5 trainer.ridge_decay=0.25 trainer.ridge_min=0.0001 +experiment=cpda_ntn_sweep model=cpda_typei dataset=appliances
[2026-04-29 21:17:56,356][__main__][INFO] - ⏭ SKIP CPDATypeI/appliances/NTN L=3 bd=16 seed=47303 -> /zhome/6b/e/212868/GTN/outputs/ntn/appliances/CPDATypeI_rg5_init0.1/L3_bd16_seed47303 | completed val=0.2787
[2026-04-29 21:17:56,358][HYDRA] 	#10 : model.L=3 model.bond_dim=32 seed=42 trainer.ridge=5 trainer.ridge_decay=0.25 trainer.ridge_min=0.0001 +experiment=cpda_ntn_sweep model=cpda_typei dataset=appliances
[2026-04-29 21:17:56,527][__main__][INFO] - ⏭ SKIP CPDATypeI/appliances/NTN L=3 bd=32 seed=42 -> /zhome/6b/e/212868/GTN/outputs/ntn/appliances/CPDATypeI_rg5_init0.1/L3_bd32_seed42 | completed val=0.2902
[2026-04-29 21:17:56,529][HYDRA] 	#11 : model.L=3 model.bond_dim=32 seed=10090 trainer.ridge=5 trainer.ridge_decay=0.25 trainer.ridge_min=0.0001 +experiment=cpda_ntn_sweep model=cpda_typei dataset=appliances
[2026-04-29 21:17:56,696][__main__][INFO] - ⏭ SKIP CPDATypeI/appliances/NTN L=3 bd=32 seed=10090 -> /zhome/6b/e/212868/GTN/outputs/ntn/appliances/CPDATypeI_rg5_init0.1/L3_bd32_seed10090 | completed val=0.2804
[2026-04-29 21:17:56,699][HYDRA] 	#12 : model.L=3 model.bond_dim=32 seed=32874 trainer.ridge=5 trainer.ridge_decay=0.25 trainer.ridge_min=0.0001 +experiment=cpda_ntn_sweep model=cpda_typei dataset=appliances
[2026-04-29 21:17:56,870][__main__][INFO] - ⏭ SKIP CPDATypeI/appliances/NTN L=3 bd=32 seed=32874 -> /zhome/6b/e/212868/GTN/outputs/ntn/appliances/CPDATypeI_rg5_init0.1/L3_bd32_seed32874 | completed val=0.2753
[2026-04-29 21:17:56,872][HYDRA] 	#13 : model.L=3 model.bond_dim=32 seed=47311 trainer.ridge=5 trainer.ridge_decay=0.25 trainer.ridge_min=0.0001 +experiment=cpda_ntn_sweep model=cpda_typei dataset=appliances
[2026-04-29 21:17:57,039][__main__][INFO] - ⏭ SKIP CPDATypeI/appliances/NTN L=3 bd=32 seed=47311 -> /zhome/6b/e/212868/GTN/outputs/ntn/appliances/CPDATypeI_rg5_init0.1/L3_bd32_seed47311 | completed val=0.2676
[2026-04-29 21:17:57,042][HYDRA] 	#14 : model.L=3 model.bond_dim=32 seed=47303 trainer.ridge=5 trainer.ridge_decay=0.25 trainer.ridge_min=0.0001 +experiment=cpda_ntn_sweep model=cpda_typei dataset=appliances
[2026-04-29 21:17:57,255][__main__][INFO] - ⏭ SKIP CPDATypeI/appliances/NTN L=3 bd=32 seed=47303 -> /zhome/6b/e/212868/GTN/outputs/ntn/appliances/CPDATypeI_rg5_init0.1/L3_bd32_seed47303 | completed val=0.2660
[2026-04-29 21:17:57,257][HYDRA] 	#15 : model.L=3 model.bond_dim=64 seed=42 trainer.ridge=5 trainer.ridge_decay=0.25 trainer.ridge_min=0.0001 +experiment=cpda_ntn_sweep model=cpda_typei dataset=appliances
[2026-04-29 21:17:57,445][__main__][INFO] - ⏭ SKIP CPDATypeI/appliances/NTN L=3 bd=64 seed=42 -> /zhome/6b/e/212868/GTN/outputs/ntn/appliances/CPDATypeI_rg5_init0.1/L3_bd64_seed42 | completed val=0.2700
[2026-04-29 21:17:57,448][HYDRA] 	#16 : model.L=3 model.bond_dim=64 seed=10090 trainer.ridge=5 trainer.ridge_decay=0.25 trainer.ridge_min=0.0001 +experiment=cpda_ntn_sweep model=cpda_typei dataset=appliances
[2026-04-29 21:17:57,624][__main__][INFO] - ⏭ SKIP CPDATypeI/appliances/NTN L=3 bd=64 seed=10090 -> /zhome/6b/e/212868/GTN/outputs/ntn/appliances/CPDATypeI_rg5_init0.1/L3_bd64_seed10090 | completed val=0.2917
[2026-04-29 21:17:57,626][HYDRA] 	#17 : model.L=3 model.bond_dim=64 seed=32874 trainer.ridge=5 trainer.ridge_decay=0.25 trainer.ridge_min=0.0001 +experiment=cpda_ntn_sweep model=cpda_typei dataset=appliances
[2026-04-29 21:17:57,798][__main__][INFO] - ⏭ SKIP CPDATypeI/appliances/NTN L=3 bd=64 seed=32874 -> /zhome/6b/e/212868/GTN/outputs/ntn/appliances/CPDATypeI_rg5_init0.1/L3_bd64_seed32874 | completed val=0.3067
[2026-04-29 21:17:57,800][HYDRA] 	#18 : model.L=3 model.bond_dim=64 seed=47311 trainer.ridge=5 trainer.ridge_decay=0.25 trainer.ridge_min=0.0001 +experiment=cpda_ntn_sweep model=cpda_typei dataset=appliances
[2026-04-29 21:17:57,974][__main__][INFO] - ⏭ SKIP CPDATypeI/appliances/NTN L=3 bd=64 seed=47311 -> /zhome/6b/e/212868/GTN/outputs/ntn/appliances/CPDATypeI_rg5_init0.1/L3_bd64_seed47311 | completed val=0.2687
[2026-04-29 21:17:57,977][HYDRA] 	#19 : model.L=3 model.bond_dim=64 seed=47303 trainer.ridge=5 trainer.ridge_decay=0.25 trainer.ridge_min=0.0001 +experiment=cpda_ntn_sweep model=cpda_typei dataset=appliances
[2026-04-29 21:17:58,145][__main__][INFO] - ⏭ SKIP CPDATypeI/appliances/NTN L=3 bd=64 seed=47303 -> /zhome/6b/e/212868/GTN/outputs/ntn/appliances/CPDATypeI_rg5_init0.1/L3_bd64_seed47303 | completed val=0.3088
[2026-04-29 21:17:58,147][HYDRA] 	#20 : model.L=4 model.bond_dim=8 seed=42 trainer.ridge=5 trainer.ridge_decay=0.25 trainer.ridge_min=0.0001 +experiment=cpda_ntn_sweep model=cpda_typei dataset=appliances
[2026-04-29 21:17:58,321][__main__][INFO] - ⏭ SKIP CPDATypeI/appliances/NTN L=4 bd=8 seed=42 -> /zhome/6b/e/212868/GTN/outputs/ntn/appliances/CPDATypeI_rg5_init0.1/L4_bd8_seed42 | completed val=0.2557
[2026-04-29 21:17:58,323][HYDRA] 	#21 : model.L=4 model.bond_dim=8 seed=10090 trainer.ridge=5 trainer.ridge_decay=0.25 trainer.ridge_min=0.0001 +experiment=cpda_ntn_sweep model=cpda_typei dataset=appliances
[2026-04-29 21:17:58,496][__main__][INFO] - ⏭ SKIP CPDATypeI/appliances/NTN L=4 bd=8 seed=10090 -> /zhome/6b/e/212868/GTN/outputs/ntn/appliances/CPDATypeI_rg5_init0.1/L4_bd8_seed10090 | completed val=0.2681
[2026-04-29 21:17:58,498][HYDRA] 	#22 : model.L=4 model.bond_dim=8 seed=32874 trainer.ridge=5 trainer.ridge_decay=0.25 trainer.ridge_min=0.0001 +experiment=cpda_ntn_sweep model=cpda_typei dataset=appliances
[2026-04-29 21:17:58,668][__main__][INFO] - ⏭ SKIP CPDATypeI/appliances/NTN L=4 bd=8 seed=32874 -> /zhome/6b/e/212868/GTN/outputs/ntn/appliances/CPDATypeI_rg5_init0.1/L4_bd8_seed32874 | completed val=0.2759
[2026-04-29 21:17:58,671][HYDRA] 	#23 : model.L=4 model.bond_dim=8 seed=47311 trainer.ridge=5 trainer.ridge_decay=0.25 trainer.ridge_min=0.0001 +experiment=cpda_ntn_sweep model=cpda_typei dataset=appliances
[2026-04-29 21:17:58,849][__main__][INFO] - ⏭ SKIP CPDATypeI/appliances/NTN L=4 bd=8 seed=47311 -> /zhome/6b/e/212868/GTN/outputs/ntn/appliances/CPDATypeI_rg5_init0.1/L4_bd8_seed47311 | completed val=0.2692
[2026-04-29 21:17:58,852][HYDRA] 	#24 : model.L=4 model.bond_dim=8 seed=47303 trainer.ridge=5 trainer.ridge_decay=0.25 trainer.ridge_min=0.0001 +experiment=cpda_ntn_sweep model=cpda_typei dataset=appliances
[2026-04-29 21:17:59,248][__main__][INFO] - ⏭ SKIP CPDATypeI/appliances/NTN L=4 bd=8 seed=47303 -> /zhome/6b/e/212868/GTN/outputs/ntn/appliances/CPDATypeI_rg5_init0.1/L4_bd8_seed47303 | completed val=0.2522
[2026-04-29 21:17:59,251][HYDRA] 	#25 : model.L=4 model.bond_dim=16 seed=42 trainer.ridge=5 trainer.ridge_decay=0.25 trainer.ridge_min=0.0001 +experiment=cpda_ntn_sweep model=cpda_typei dataset=appliances
[2026-04-29 21:17:59,417][__main__][INFO] - ⏭ SKIP CPDATypeI/appliances/NTN L=4 bd=16 seed=42 -> /zhome/6b/e/212868/GTN/outputs/ntn/appliances/CPDATypeI_rg5_init0.1/L4_bd16_seed42 | completed val=0.2987
[2026-04-29 21:17:59,420][HYDRA] 	#26 : model.L=4 model.bond_dim=16 seed=10090 trainer.ridge=5 trainer.ridge_decay=0.25 trainer.ridge_min=0.0001 +experiment=cpda_ntn_sweep model=cpda_typei dataset=appliances
[2026-04-29 21:17:59,588][__main__][INFO] - ⏭ SKIP CPDATypeI/appliances/NTN L=4 bd=16 seed=10090 -> /zhome/6b/e/212868/GTN/outputs/ntn/appliances/CPDATypeI_rg5_init0.1/L4_bd16_seed10090 | completed val=0.2844
[2026-04-29 21:17:59,590][HYDRA] 	#27 : model.L=4 model.bond_dim=16 seed=32874 trainer.ridge=5 trainer.ridge_decay=0.25 trainer.ridge_min=0.0001 +experiment=cpda_ntn_sweep model=cpda_typei dataset=appliances
[2026-04-29 21:17:59,758][__main__][INFO] - ⏭ SKIP CPDATypeI/appliances/NTN L=4 bd=16 seed=32874 -> /zhome/6b/e/212868/GTN/outputs/ntn/appliances/CPDATypeI_rg5_init0.1/L4_bd16_seed32874 | completed val=0.2600
[2026-04-29 21:17:59,760][HYDRA] 	#28 : model.L=4 model.bond_dim=16 seed=47311 trainer.ridge=5 trainer.ridge_decay=0.25 trainer.ridge_min=0.0001 +experiment=cpda_ntn_sweep model=cpda_typei dataset=appliances
[2026-04-29 21:17:59,931][__main__][INFO] - ⏭ SKIP CPDATypeI/appliances/NTN L=4 bd=16 seed=47311 -> /zhome/6b/e/212868/GTN/outputs/ntn/appliances/CPDATypeI_rg5_init0.1/L4_bd16_seed47311 | completed val=0.2904
[2026-04-29 21:17:59,934][HYDRA] 	#29 : model.L=4 model.bond_dim=16 seed=47303 trainer.ridge=5 trainer.ridge_decay=0.25 trainer.ridge_min=0.0001 +experiment=cpda_ntn_sweep model=cpda_typei dataset=appliances
[2026-04-29 21:18:00,104][__main__][INFO] - ⏭ SKIP CPDATypeI/appliances/NTN L=4 bd=16 seed=47303 -> /zhome/6b/e/212868/GTN/outputs/ntn/appliances/CPDATypeI_rg5_init0.1/L4_bd16_seed47303 | completed val=0.3005
[2026-04-29 21:18:00,107][HYDRA] 	#30 : model.L=4 model.bond_dim=32 seed=42 trainer.ridge=5 trainer.ridge_decay=0.25 trainer.ridge_min=0.0001 +experiment=cpda_ntn_sweep model=cpda_typei dataset=appliances
[2026-04-29 21:18:00,314][__main__][INFO] - ⏭ SKIP CPDATypeI/appliances/NTN L=4 bd=32 seed=42 -> /zhome/6b/e/212868/GTN/outputs/ntn/appliances/CPDATypeI_rg5_init0.1/L4_bd32_seed42 | completed val=0.2983
[2026-04-29 21:18:00,317][HYDRA] 	#31 : model.L=4 model.bond_dim=32 seed=10090 trainer.ridge=5 trainer.ridge_decay=0.25 trainer.ridge_min=0.0001 +experiment=cpda_ntn_sweep model=cpda_typei dataset=appliances
[2026-04-29 21:18:00,505][__main__][INFO] - ⏭ SKIP CPDATypeI/appliances/NTN L=4 bd=32 seed=10090 -> /zhome/6b/e/212868/GTN/outputs/ntn/appliances/CPDATypeI_rg5_init0.1/L4_bd32_seed10090 | completed val=0.3031
[2026-04-29 21:18:00,507][HYDRA] 	#32 : model.L=4 model.bond_dim=32 seed=32874 trainer.ridge=5 trainer.ridge_decay=0.25 trainer.ridge_min=0.0001 +experiment=cpda_ntn_sweep model=cpda_typei dataset=appliances
[2026-04-29 21:18:00,677][__main__][INFO] - ⏭ SKIP CPDATypeI/appliances/NTN L=4 bd=32 seed=32874 -> /zhome/6b/e/212868/GTN/outputs/ntn/appliances/CPDATypeI_rg5_init0.1/L4_bd32_seed32874 | completed val=0.2723
[2026-04-29 21:18:00,679][HYDRA] 	#33 : model.L=4 model.bond_dim=32 seed=47311 trainer.ridge=5 trainer.ridge_decay=0.25 trainer.ridge_min=0.0001 +experiment=cpda_ntn_sweep model=cpda_typei dataset=appliances
[2026-04-29 21:18:00,848][__main__][INFO] - ⏭ SKIP CPDATypeI/appliances/NTN L=4 bd=32 seed=47311 -> /zhome/6b/e/212868/GTN/outputs/ntn/appliances/CPDATypeI_rg5_init0.1/L4_bd32_seed47311 | completed val=0.2743
[2026-04-29 21:18:00,851][HYDRA] 	#34 : model.L=4 model.bond_dim=32 seed=47303 trainer.ridge=5 trainer.ridge_decay=0.25 trainer.ridge_min=0.0001 +experiment=cpda_ntn_sweep model=cpda_typei dataset=appliances
[2026-04-29 21:18:01,023][__main__][INFO] - ⏭ SKIP CPDATypeI/appliances/NTN L=4 bd=32 seed=47303 -> /zhome/6b/e/212868/GTN/outputs/ntn/appliances/CPDATypeI_rg5_init0.1/L4_bd32_seed47303 | completed val=0.2928
[2026-04-29 21:18:01,026][HYDRA] 	#35 : model.L=4 model.bond_dim=64 seed=42 trainer.ridge=5 trainer.ridge_decay=0.25 trainer.ridge_min=0.0001 +experiment=cpda_ntn_sweep model=cpda_typei dataset=appliances
[2026-04-29 21:18:01,196][__main__][INFO] - ⏭ SKIP CPDATypeI/appliances/NTN L=4 bd=64 seed=42 -> /zhome/6b/e/212868/GTN/outputs/ntn/appliances/CPDATypeI_rg5_init0.1/L4_bd64_seed42 | completed val=0.3175
[2026-04-29 21:18:01,199][HYDRA] 	#36 : model.L=4 model.bond_dim=64 seed=10090 trainer.ridge=5 trainer.ridge_decay=0.25 trainer.ridge_min=0.0001 +experiment=cpda_ntn_sweep model=cpda_typei dataset=appliances
[2026-04-29 21:18:01,373][__main__][INFO] - ⏭ SKIP CPDATypeI/appliances/NTN L=4 bd=64 seed=10090 -> /zhome/6b/e/212868/GTN/outputs/ntn/appliances/CPDATypeI_rg5_init0.1/L4_bd64_seed10090 | completed val=0.2909
[2026-04-29 21:18:01,375][HYDRA] 	#37 : model.L=4 model.bond_dim=64 seed=32874 trainer.ridge=5 trainer.ridge_decay=0.25 trainer.ridge_min=0.0001 +experiment=cpda_ntn_sweep model=cpda_typei dataset=appliances
[2026-04-29 21:18:01,546][__main__][INFO] - ⏭ SKIP CPDATypeI/appliances/NTN L=4 bd=64 seed=32874 -> /zhome/6b/e/212868/GTN/outputs/ntn/appliances/CPDATypeI_rg5_init0.1/L4_bd64_seed32874 | completed val=0.2707
[2026-04-29 21:18:01,548][HYDRA] 	#38 : model.L=4 model.bond_dim=64 seed=47311 trainer.ridge=5 trainer.ridge_decay=0.25 trainer.ridge_min=0.0001 +experiment=cpda_ntn_sweep model=cpda_typei dataset=appliances
[2026-04-29 21:18:01,716][__main__][INFO] - ⏭ SKIP CPDATypeI/appliances/NTN L=4 bd=64 seed=47311 -> /zhome/6b/e/212868/GTN/outputs/ntn/appliances/CPDATypeI_rg5_init0.1/L4_bd64_seed47311 | completed val=0.2685
[2026-04-29 21:18:01,719][HYDRA] 	#39 : model.L=4 model.bond_dim=64 seed=47303 trainer.ridge=5 trainer.ridge_decay=0.25 trainer.ridge_min=0.0001 +experiment=cpda_ntn_sweep model=cpda_typei dataset=appliances
[2026-04-29 21:18:01,888][__main__][INFO] - ⏭ SKIP CPDATypeI/appliances/NTN L=4 bd=64 seed=47303 -> /zhome/6b/e/212868/GTN/outputs/ntn/appliances/CPDATypeI_rg5_init0.1/L4_bd64_seed47303 | completed val=0.2917

------------------------------------------------------------
Sender: LSF System <lsfadmin@hpc.dtu.dk>
Subject: Job 28327591[32]: <ntn_grid_full[1-130]%15> in cluster <dcc> Done

Job <ntn_grid_full[1-130]%15> was submitted from host <hpclogin1> by user <nicci> in cluster <dcc> at Wed Apr 29 21:16:35 2026
Job was executed on host(s) <6*n-62-21-22>, in queue <hpc>, as user <nicci> in cluster <dcc> at Wed Apr 29 21:17:42 2026
</zhome/6b/e/212868> was used as the home directory.
</zhome/6b/e/212868/GTN> was used as the working directory.
Started at Wed Apr 29 21:17:42 2026
Terminated at Wed Apr 29 21:18:02 2026
Results reported at Wed Apr 29 21:18:02 2026

Your job looked like:

------------------------------------------------------------
# LSBATCH: User input
#!/bin/bash
#BSUB -q hpc
#BSUB -J "ntn_grid_full[1-130]%15"
#BSUB -W 8:00
#BSUB -n 6
#BSUB -R "rusage[mem=2GB]"
#BSUB -R "span[hosts=1]"
#BSUB -o logs/%J_%I.out
#BSUB -e logs/%J_%I.err

MODELS=("cpda" "cpda_typei" "lmpo2" "lmpo2_typei" "mpo2" "mpo2_typei" "mmpo2" "mmpo2_typei" "tnml_f" "tnml_p")

DATASETS=(
    "abalone" "adult" "ai4i" "appliances" "bank" "bike" "breast"
    "car_evaluation" "concrete" "energy_efficiency" "hearth"
    "iris" "mushrooms" "obesity" "popularity" "realstate"
    "seoulBike" "student_dropout" "student_perf" "wine"
    "winequalityc"
)

COMPLETED_DATASETS=(
    "bike" "concrete" "energy_efficiency"
    "iris" "obesity" "realstate" "seoulBike" "student_perf"
)

# Filter datasets
FILTERED_DATASETS=()
for ds in "${DATASETS[@]}"; do
    skip=false
    for completed in "${COMPLETED_DATASETS[@]}"; do
        if [[ "$ds" == "$completed" ]]; then
            skip=true
            break
        fi
    done

    if ! $skip; then
        FILTERED_DATASETS+=("$ds")
    fi
done

DATASETS=("${FILTERED_DATASETS[@]}")

NUM_MODELS=${#MODELS[@]}
NUM_DATASETS=${#DATASETS[@]}
NUM_EXPERIMENTS=$((NUM_DATASETS * NUM_MODELS))

if [ "$1" == "test" ]; then
    echo "SIMULATING ARRAY:"
    echo "-----------------"

(... more ...)
------------------------------------------------------------

Successfully completed.

Resource usage summary:

    CPU time :                                   16.96 sec.
    Max Memory :                                 393 MB
    Average Memory :                             393.00 MB
    Total Requested Memory :                     12288.00 MB
    Delta Memory :                               11895.00 MB
    Max Swap :                                   -
    Max Processes :                              4
    Max Threads :                                15
    Run time :                                   20 sec.
    Turnaround time :                            87 sec.

The output (if any) is above this job summary.



PS:

Read file <logs/28327591_32.err> for stderr output of this job.

