Task 98: Dataset=winequalityc, Model=mmpo2_typei, Experiment=uci_ntn_sweep
[2026-04-30 08:53:03,142][HYDRA] Launching 30 jobs locally
[2026-04-30 08:53:03,142][HYDRA] 	#0 : model.L=3 model.bond_dim=4 seed=42 trainer.ridge=5 trainer.ridge_decay=0.25 trainer.ridge_min=0.0001 +experiment=uci_ntn_sweep model=mmpo2_typei dataset=winequalityc
[2026-04-30 08:53:03,368][utils.tracking][INFO] - Loaded 16976 tracked runs from runs_tracking.csv
[2026-04-30 08:53:03,371][__main__][INFO] - ⏭ SKIP MMPO2TypeI/winequalityc/NTN L=3 bd=4 seed=42 -> /zhome/6b/e/212868/GTN/outputs/ntn/winequalityc/MMPO2TypeI_rg5_init0.1/L3_bd4_seed42 | completed val=0.5590
[2026-04-30 08:53:03,373][HYDRA] 	#1 : model.L=3 model.bond_dim=4 seed=10090 trainer.ridge=5 trainer.ridge_decay=0.25 trainer.ridge_min=0.0001 +experiment=uci_ntn_sweep model=mmpo2_typei dataset=winequalityc
[2026-04-30 08:53:03,741][__main__][INFO] - ⏭ SKIP MMPO2TypeI/winequalityc/NTN L=3 bd=4 seed=10090 -> /zhome/6b/e/212868/GTN/outputs/ntn/winequalityc/MMPO2TypeI_rg5_init0.1/L3_bd4_seed10090 | completed val=0.5682
[2026-04-30 08:53:03,742][HYDRA] 	#2 : model.L=3 model.bond_dim=4 seed=32874 trainer.ridge=5 trainer.ridge_decay=0.25 trainer.ridge_min=0.0001 +experiment=uci_ntn_sweep model=mmpo2_typei dataset=winequalityc
[2026-04-30 08:53:03,877][__main__][INFO] - ▶ RUN MMPO2TypeI/winequalityc/NTN L=3 bd=4 seed=32874 -> /zhome/6b/e/212868/GTN/outputs/ntn/winequalityc/MMPO2TypeI_rg5_init0.1/L3_bd4_seed32874
Starting Ensemble Fit: 20 epochs
Models: [(1, 1), (2, 2), (3, 3)]
Total nodes: 6
Validation: Using separate validation set
Early stopping: patience=10, min_delta=0.001
Init    | Train: loss: 2.11197 | quality: 0.13064
        | Val:   loss: 2.13066 | quality: 0.14154

Epoch 1 | Train: loss: 1.52491 | quality: 0.49967
        | Val:   loss: 1.52754 | quality: 0.50769
 *
Epoch 2 | Train: loss: 1.26177 | quality: 0.54981
        | Val:   loss: 1.27069 | quality: 0.53231
 *
Epoch 3 | Train: loss: 1.11377 | quality: 0.56345
        | Val:   loss: 1.13828 | quality: 0.53436
 *
Epoch 4 | Train: loss: 1.03056 | quality: 0.58764
        | Val:   loss: 1.08662 | quality: 0.55077
 *
Epoch 5 | Train: loss: 0.98141 | quality: 0.59402
        | Val:   loss: 1.14243 | quality: 0.55897
 *
Epoch 6 | Train: loss: 210.79093 | quality: 0.12910
        | Val:   loss: 236.14618 | quality: 0.13436

Epoch 7 | Train: loss: 26217015422148546343130835148714339729408.00000 | quality: 0.18342
        | Val:   loss: 32531636197738634707992948265010480545792.00000 | quality: 0.18051

Epoch 8 | Train: loss: 6809350762233732429289833949687768565981589109512807539925729064315927123491135749413810287637155666081760365115083783010986269441552333381915106603763790263162095264603093168664569257011258861813760.00000 | quality: 0.39565
        | Val:   loss: 5176297548538567789080821666165052513150508072253584800440305905287552809637318536187943681309919574665856706203782988272788957609704155018864460819939938018579187596081873351293716266413827244949504.00000 | quality: 0.41231

Epoch 9 | Train: loss: nan | quality: 0.00462
        | Val:   loss: nan | quality: 0.00513

Epoch 10 | Train: loss: nan | quality: 0.00462
        | Val:   loss: nan | quality: 0.00513

Epoch 11 | Train: loss: nan | quality: 0.00462
        | Val:   loss: nan | quality: 0.00513

Epoch 12 | Train: loss: nan | quality: 0.00462
        | Val:   loss: nan | quality: 0.00513

Epoch 13 | Train: loss: nan | quality: 0.00462
        | Val:   loss: nan | quality: 0.00513

Epoch 14 | Train: loss: nan | quality: 0.00462
        | Val:   loss: nan | quality: 0.00513

Epoch 15 | Train: loss: nan | quality: 0.00462
        | Val:   loss: nan | quality: 0.00513


Early stopping at epoch 15 (best was epoch 5)

Best epoch: 5 (val_quality=0.558974)
[2026-04-30 08:53:17,390][__main__][INFO] - ✓ DONE MMPO2TypeI/winequalityc/NTN L=3 bd=4 seed=32874 -> /zhome/6b/e/212868/GTN/outputs/ntn/winequalityc/MMPO2TypeI_rg5_init0.1/L3_bd4_seed32874 | val=0.5590
[2026-04-30 08:53:17,392][HYDRA] 	#3 : model.L=3 model.bond_dim=4 seed=47311 trainer.ridge=5 trainer.ridge_decay=0.25 trainer.ridge_min=0.0001 +experiment=uci_ntn_sweep model=mmpo2_typei dataset=winequalityc
[2026-04-30 08:53:17,536][__main__][INFO] - ▶ RUN MMPO2TypeI/winequalityc/NTN L=3 bd=4 seed=47311 -> /zhome/6b/e/212868/GTN/outputs/ntn/winequalityc/MMPO2TypeI_rg5_init0.1/L3_bd4_seed47311
Starting Ensemble Fit: 20 epochs
Models: [(1, 1), (2, 2), (3, 3)]
Total nodes: 6
Validation: Using separate validation set
Early stopping: patience=10, min_delta=0.001
Init    | Train: loss: 2.03611 | quality: 0.13591
        | Val:   loss: 2.06919 | quality: 0.12821

Epoch 1 | Train: loss: 1.83741 | quality: 0.50429
        | Val:   loss: 2.82983 | quality: 0.49436
 *
Epoch 2 | Train: loss: 3950.24571 | quality: 0.36750
        | Val:   loss: 6912.01584 | quality: 0.36513

Epoch 3 | Train: loss: 36567380744271630614659072.00000 | quality: 0.39169
        | Val:   loss: 113688534956233625301942272.00000 | quality: 0.40718

Epoch 4 | Train: loss: 33987265461476674731127624763183220219076261358753075964475468053387117063004062735859974913054203754506825269115147508280486314514558156720308224.00000 | quality: 0.31713
        | Val:   loss: 60569298310665153433859504582995987396197623317311741887668779424456475802256363567094933661950401026182488482160385082302568550959455286574710784.00000 | quality: 0.30256

Epoch 5 | Train: loss: nan | quality: 0.00462
        | Val:   loss: nan | quality: 0.00513

Epoch 6 | Train: loss: nan | quality: 0.00462
        | Val:   loss: nan | quality: 0.00513

Epoch 7 | Train: loss: nan | quality: 0.00462
        | Val:   loss: nan | quality: 0.00513

Epoch 8 | Train: loss: nan | quality: 0.00462
        | Val:   loss: nan | quality: 0.00513

Epoch 9 | Train: loss: nan | quality: 0.00462
        | Val:   loss: nan | quality: 0.00513

Epoch 10 | Train: loss: nan | quality: 0.00462
        | Val:   loss: nan | quality: 0.00513

Epoch 11 | Train: loss: nan | quality: 0.00462
        | Val:   loss: nan | quality: 0.00513


Early stopping at epoch 11 (best was epoch 1)

Best epoch: 1 (val_quality=0.494359)
[2026-04-30 08:53:27,571][__main__][INFO] - ✓ DONE MMPO2TypeI/winequalityc/NTN L=3 bd=4 seed=47311 -> /zhome/6b/e/212868/GTN/outputs/ntn/winequalityc/MMPO2TypeI_rg5_init0.1/L3_bd4_seed47311 | val=0.4944
[2026-04-30 08:53:27,573][HYDRA] 	#4 : model.L=3 model.bond_dim=4 seed=47303 trainer.ridge=5 trainer.ridge_decay=0.25 trainer.ridge_min=0.0001 +experiment=uci_ntn_sweep model=mmpo2_typei dataset=winequalityc
[2026-04-30 08:53:27,718][__main__][INFO] - ▶ RUN MMPO2TypeI/winequalityc/NTN L=3 bd=4 seed=47303 -> /zhome/6b/e/212868/GTN/outputs/ntn/winequalityc/MMPO2TypeI_rg5_init0.1/L3_bd4_seed47303

------------------------------------------------------------
Sender: LSF System <lsfadmin@hpc.dtu.dk>
Subject: Job 28328221[98]: <ntn_grid_full[1-100]%10> in cluster <dcc> Exited

Job <ntn_grid_full[1-100]%10> was submitted from host <hpclogin1> by user <nicci> in cluster <dcc> at Thu Apr 30 08:44:51 2026
Job was executed on host(s) <6*n-62-30-23>, in queue <hpc>, as user <nicci> in cluster <dcc> at Thu Apr 30 08:52:53 2026
</zhome/6b/e/212868> was used as the home directory.
</zhome/6b/e/212868/GTN> was used as the working directory.
Started at Thu Apr 30 08:52:53 2026
Terminated at Thu Apr 30 08:53:38 2026
Results reported at Thu Apr 30 08:53:38 2026

Your job looked like:

------------------------------------------------------------
# LSBATCH: User input
#!/bin/bash
#BSUB -q hpc
#BSUB -J "ntn_grid_full[1-100]%10"
#BSUB -W 8:00
#BSUB -n 6
#BSUB -R "rusage[mem=3GB]"
#BSUB -R "span[hosts=1]"
#BSUB -o logs/%J_%I.out
#BSUB -e logs/%J_%I.err

MODELS=("cpda" "cpda_typei" "lmpo2" "lmpo2_typei" "mpo2" "mpo2_typei" "mmpo2" "mmpo2_typei" "tnml_f" "tnml_p")

DATASETS=(
    "abalone" "adult" "ai4i" "appliances" "bank" "bike" "breast"
    "car_evaluation" "concrete" "energy_efficiency" "hearth"
    "iris" "mushrooms" "obesity" "popularity" "realstate"
    "seoulBike" "student_dropout" "student_perf" "wine"
    "winequalityc"
)

COMPLETED_DATASETS=(
    "popularity" #NOT DONE JUST REMOVED A SEC...
    "abalone" "ai4i"  "bike" "concrete" "energy_efficiency"
    "iris" "obesity" "realstate" "seoulBike" "student_perf"
)

# Filter datasets
FILTERED_DATASETS=()
for ds in "${DATASETS[@]}"; do
    skip=false
    for completed in "${COMPLETED_DATASETS[@]}"; do
        if [[ "$ds" == "$completed" ]]; then
            skip=true
            break
        fi
    done

    if ! $skip; then
        FILTERED_DATASETS+=("$ds")
    fi
done

DATASETS=("${FILTERED_DATASETS[@]}")

NUM_MODELS=${#MODELS[@]}
NUM_DATASETS=${#DATASETS[@]}
NUM_EXPERIMENTS=$((NUM_DATASETS * NUM_MODELS))

if [ "$1" == "test" ]; then
    echo "SIMULATING ARRAY:"

(... more ...)
------------------------------------------------------------

TERM_MEMLIMIT: job killed after reaching LSF memory usage limit.
Exited with exit code 137.

Resource usage summary:

    CPU time :                                   177.03 sec.
    Max Memory :                                 18432 MB
    Average Memory :                             12416.33 MB
    Total Requested Memory :                     18432.00 MB
    Delta Memory :                               0.00 MB
    Max Swap :                                   -
    Max Processes :                              4
    Max Threads :                                15
    Run time :                                   45 sec.
    Turnaround time :                            527 sec.

The output (if any) is above this job summary.



PS:

Read file <logs/28328221_98.err> for stderr output of this job.

