Task 130: Dataset=wine, Model=tnml_p, Experiment=uci_ntn_sweep
[2026-04-29 14:39:49,361][HYDRA] Launching 30 jobs locally
[2026-04-29 14:39:49,361][HYDRA] 	#0 : model.L=3 model.bond_dim=4 seed=42 trainer.ridge=5 trainer.ridge_decay=0.25 trainer.ridge_min=0.0001 +experiment=uci_ntn_sweep model=tnml_p dataset=wine
[2026-04-29 14:39:49,588][utils.tracking][INFO] - Loaded 16372 tracked runs from runs_tracking.csv
[2026-04-29 14:39:49,591][__main__][INFO] - ⏭ SKIP TNML_P/wine/NTN L=3 bd=4 seed=42 -> /zhome/6b/e/212868/GTN/outputs/ntn/wine/TNML_P_rg5_init0.1/L3_bd4_seed42 | completed val=0.3704
[2026-04-29 14:39:49,593][HYDRA] 	#1 : model.L=3 model.bond_dim=4 seed=10090 trainer.ridge=5 trainer.ridge_decay=0.25 trainer.ridge_min=0.0001 +experiment=uci_ntn_sweep model=tnml_p dataset=wine
[2026-04-29 14:39:49,886][__main__][INFO] - ⏭ SKIP TNML_P/wine/NTN L=3 bd=4 seed=10090 -> /zhome/6b/e/212868/GTN/outputs/ntn/wine/TNML_P_rg5_init0.1/L3_bd4_seed10090 | completed val=0.3704
[2026-04-29 14:39:49,889][HYDRA] 	#2 : model.L=3 model.bond_dim=4 seed=32874 trainer.ridge=5 trainer.ridge_decay=0.25 trainer.ridge_min=0.0001 +experiment=uci_ntn_sweep model=tnml_p dataset=wine
[2026-04-29 14:39:50,044][__main__][INFO] - ⏭ SKIP TNML_P/wine/NTN L=3 bd=4 seed=32874 -> /zhome/6b/e/212868/GTN/outputs/ntn/wine/TNML_P_rg5_init0.1/L3_bd4_seed32874 | completed val=0.3704
[2026-04-29 14:39:50,046][HYDRA] 	#3 : model.L=3 model.bond_dim=4 seed=47311 trainer.ridge=5 trainer.ridge_decay=0.25 trainer.ridge_min=0.0001 +experiment=uci_ntn_sweep model=tnml_p dataset=wine
[2026-04-29 14:39:50,197][__main__][INFO] - ⏭ SKIP TNML_P/wine/NTN L=3 bd=4 seed=47311 -> /zhome/6b/e/212868/GTN/outputs/ntn/wine/TNML_P_rg5_init0.1/L3_bd4_seed47311 | completed val=0.4074
[2026-04-29 14:39:50,199][HYDRA] 	#4 : model.L=3 model.bond_dim=4 seed=47303 trainer.ridge=5 trainer.ridge_decay=0.25 trainer.ridge_min=0.0001 +experiment=uci_ntn_sweep model=tnml_p dataset=wine
[2026-04-29 14:39:50,384][__main__][INFO] - ⏭ SKIP TNML_P/wine/NTN L=3 bd=4 seed=47303 -> /zhome/6b/e/212868/GTN/outputs/ntn/wine/TNML_P_rg5_init0.1/L3_bd4_seed47303 | completed val=0.3704
[2026-04-29 14:39:50,386][HYDRA] 	#5 : model.L=3 model.bond_dim=8 seed=42 trainer.ridge=5 trainer.ridge_decay=0.25 trainer.ridge_min=0.0001 +experiment=uci_ntn_sweep model=tnml_p dataset=wine
[2026-04-29 14:39:50,583][__main__][INFO] - ⏭ SKIP TNML_P/wine/NTN L=3 bd=8 seed=42 -> /zhome/6b/e/212868/GTN/outputs/ntn/wine/TNML_P_rg5_init0.1/L3_bd8_seed42 | completed val=0.3704
[2026-04-29 14:39:50,585][HYDRA] 	#6 : model.L=3 model.bond_dim=8 seed=10090 trainer.ridge=5 trainer.ridge_decay=0.25 trainer.ridge_min=0.0001 +experiment=uci_ntn_sweep model=tnml_p dataset=wine
[2026-04-29 14:39:50,735][__main__][INFO] - ⏭ SKIP TNML_P/wine/NTN L=3 bd=8 seed=10090 -> /zhome/6b/e/212868/GTN/outputs/ntn/wine/TNML_P_rg5_init0.1/L3_bd8_seed10090 | completed val=0.4074
[2026-04-29 14:39:50,738][HYDRA] 	#7 : model.L=3 model.bond_dim=8 seed=32874 trainer.ridge=5 trainer.ridge_decay=0.25 trainer.ridge_min=0.0001 +experiment=uci_ntn_sweep model=tnml_p dataset=wine
[2026-04-29 14:39:50,956][__main__][INFO] - ⏭ SKIP TNML_P/wine/NTN L=3 bd=8 seed=32874 -> /zhome/6b/e/212868/GTN/outputs/ntn/wine/TNML_P_rg5_init0.1/L3_bd8_seed32874 | completed val=0.3704
[2026-04-29 14:39:50,959][HYDRA] 	#8 : model.L=3 model.bond_dim=8 seed=47311 trainer.ridge=5 trainer.ridge_decay=0.25 trainer.ridge_min=0.0001 +experiment=uci_ntn_sweep model=tnml_p dataset=wine
[2026-04-29 14:39:51,107][__main__][INFO] - ⏭ SKIP TNML_P/wine/NTN L=3 bd=8 seed=47311 -> /zhome/6b/e/212868/GTN/outputs/ntn/wine/TNML_P_rg5_init0.1/L3_bd8_seed47311 | completed val=0.3704
[2026-04-29 14:39:51,113][HYDRA] 	#9 : model.L=3 model.bond_dim=8 seed=47303 trainer.ridge=5 trainer.ridge_decay=0.25 trainer.ridge_min=0.0001 +experiment=uci_ntn_sweep model=tnml_p dataset=wine
[2026-04-29 14:39:51,267][__main__][INFO] - ⏭ SKIP TNML_P/wine/NTN L=3 bd=8 seed=47303 -> /zhome/6b/e/212868/GTN/outputs/ntn/wine/TNML_P_rg5_init0.1/L3_bd8_seed47303 | completed val=0.3704
[2026-04-29 14:39:51,270][HYDRA] 	#10 : model.L=3 model.bond_dim=12 seed=42 trainer.ridge=5 trainer.ridge_decay=0.25 trainer.ridge_min=0.0001 +experiment=uci_ntn_sweep model=tnml_p dataset=wine
[2026-04-29 14:39:51,422][__main__][INFO] - ▶ RUN TNML_P/wine/NTN L=3 bd=12 seed=42 -> /zhome/6b/e/212868/GTN/outputs/ntn/wine/TNML_P_rg5_init0.1/L3_bd12_seed42
Starting Fit: 20 epochs.
Sweep Order: ['Node0', 'Node1', 'Node2', 'Node3', 'Node4', 'Node5', 'Node6', 'Node7', 'Node8', 'Node9', 'Node10', 'Node11', 'Node12', 'Node11', 'Node10', 'Node9', 'Node8', 'Node7', 'Node6', 'Node5', 'Node4', 'Node3', 'Node2', 'Node1']
Validation: Using separate validation set for best model selection
Early stopping: patience=10, min_delta=0.001
Init    | Train: loss: 28437.10898 | quality: 0.37097
        | Val:   loss: 5451.46978 | quality: 0.37037
Epoch 1 | Train: loss: nan | quality: 0.32258
        | Val:   loss: nan | quality: 0.37037

Epoch 2 | Train: loss: nan | quality: 0.32258
        | Val:   loss: nan | quality: 0.37037

Epoch 3 | Train: loss: nan | quality: 0.32258
        | Val:   loss: nan | quality: 0.37037

Epoch 4 | Train: loss: nan | quality: 0.32258
        | Val:   loss: nan | quality: 0.37037

Epoch 5 | Train: loss: nan | quality: 0.32258
        | Val:   loss: nan | quality: 0.37037

Epoch 6 | Train: loss: nan | quality: 0.32258
        | Val:   loss: nan | quality: 0.37037

Epoch 7 | Train: loss: nan | quality: 0.32258
        | Val:   loss: nan | quality: 0.37037

Epoch 8 | Train: loss: nan | quality: 0.32258
        | Val:   loss: nan | quality: 0.37037

Epoch 9 | Train: loss: nan | quality: 0.32258
        | Val:   loss: nan | quality: 0.37037

Epoch 10 | Train: loss: nan | quality: 0.32258
        | Val:   loss: nan | quality: 0.37037


⏸ Early stopping at epoch 10 (best was epoch 0)
[2026-04-29 14:39:57,452][__main__][INFO] - ✓ DONE TNML_P/wine/NTN L=3 bd=12 seed=42 -> /zhome/6b/e/212868/GTN/outputs/ntn/wine/TNML_P_rg5_init0.1/L3_bd12_seed42 | val=0.3704
[2026-04-29 14:39:57,512][HYDRA] 	#11 : model.L=3 model.bond_dim=12 seed=10090 trainer.ridge=5 trainer.ridge_decay=0.25 trainer.ridge_min=0.0001 +experiment=uci_ntn_sweep model=tnml_p dataset=wine
[2026-04-29 14:39:57,669][__main__][INFO] - ▶ RUN TNML_P/wine/NTN L=3 bd=12 seed=10090 -> /zhome/6b/e/212868/GTN/outputs/ntn/wine/TNML_P_rg5_init0.1/L3_bd12_seed10090
Starting Fit: 20 epochs.
Sweep Order: ['Node0', 'Node1', 'Node2', 'Node3', 'Node4', 'Node5', 'Node6', 'Node7', 'Node8', 'Node9', 'Node10', 'Node11', 'Node12', 'Node11', 'Node10', 'Node9', 'Node8', 'Node7', 'Node6', 'Node5', 'Node4', 'Node3', 'Node2', 'Node1']
Validation: Using separate validation set for best model selection
Early stopping: patience=10, min_delta=0.001
Init    | Train: loss: 245472.60679 | quality: 0.33065
        | Val:   loss: 7859.07310 | quality: 0.33333
Epoch 1 | Train: loss: nan | quality: 0.32258
        | Val:   loss: nan | quality: 0.37037
 *
Epoch 2 | Train: loss: nan | quality: 0.32258
        | Val:   loss: nan | quality: 0.37037

Epoch 3 | Train: loss: nan | quality: 0.32258
        | Val:   loss: nan | quality: 0.37037

Epoch 4 | Train: loss: nan | quality: 0.32258
        | Val:   loss: nan | quality: 0.37037

Epoch 5 | Train: loss: nan | quality: 0.32258
        | Val:   loss: nan | quality: 0.37037

Epoch 6 | Train: loss: nan | quality: 0.32258
        | Val:   loss: nan | quality: 0.37037

Epoch 7 | Train: loss: nan | quality: 0.32258
        | Val:   loss: nan | quality: 0.37037

Epoch 8 | Train: loss: nan | quality: 0.32258
        | Val:   loss: nan | quality: 0.37037

Epoch 9 | Train: loss: nan | quality: 0.32258
        | Val:   loss: nan | quality: 0.37037

Epoch 10 | Train: loss: nan | quality: 0.32258
        | Val:   loss: nan | quality: 0.37037

Epoch 11 | Train: loss: nan | quality: 0.32258
        | Val:   loss: nan | quality: 0.37037


⏸ Early stopping at epoch 11 (best was epoch 1)
[2026-04-29 14:40:03,726][__main__][INFO] - ✓ DONE TNML_P/wine/NTN L=3 bd=12 seed=10090 -> /zhome/6b/e/212868/GTN/outputs/ntn/wine/TNML_P_rg5_init0.1/L3_bd12_seed10090 | val=0.3704
[2026-04-29 14:40:03,779][HYDRA] 	#12 : model.L=3 model.bond_dim=12 seed=32874 trainer.ridge=5 trainer.ridge_decay=0.25 trainer.ridge_min=0.0001 +experiment=uci_ntn_sweep model=tnml_p dataset=wine
[2026-04-29 14:40:03,932][__main__][INFO] - ▶ RUN TNML_P/wine/NTN L=3 bd=12 seed=32874 -> /zhome/6b/e/212868/GTN/outputs/ntn/wine/TNML_P_rg5_init0.1/L3_bd12_seed32874
Starting Fit: 20 epochs.
Sweep Order: ['Node0', 'Node1', 'Node2', 'Node3', 'Node4', 'Node5', 'Node6', 'Node7', 'Node8', 'Node9', 'Node10', 'Node11', 'Node12', 'Node11', 'Node10', 'Node9', 'Node8', 'Node7', 'Node6', 'Node5', 'Node4', 'Node3', 'Node2', 'Node1']
Validation: Using separate validation set for best model selection
Early stopping: patience=10, min_delta=0.001
Init    | Train: loss: 77723.41090 | quality: 0.28226
        | Val:   loss: 4290.03916 | quality: 0.37037
Epoch 1 | Train: loss: nan | quality: 0.32258
        | Val:   loss: nan | quality: 0.37037
 *
Epoch 2 | Train: loss: nan | quality: 0.32258
        | Val:   loss: nan | quality: 0.37037

Epoch 3 | Train: loss: nan | quality: 0.32258
        | Val:   loss: nan | quality: 0.37037

Epoch 4 | Train: loss: nan | quality: 0.32258
        | Val:   loss: nan | quality: 0.37037

Epoch 5 | Train: loss: nan | quality: 0.32258
        | Val:   loss: nan | quality: 0.37037

Epoch 6 | Train: loss: nan | quality: 0.32258
        | Val:   loss: nan | quality: 0.37037

Epoch 7 | Train: loss: nan | quality: 0.32258
        | Val:   loss: nan | quality: 0.37037

Epoch 8 | Train: loss: nan | quality: 0.32258
        | Val:   loss: nan | quality: 0.37037

Epoch 9 | Train: loss: nan | quality: 0.32258
        | Val:   loss: nan | quality: 0.37037

Epoch 10 | Train: loss: nan | quality: 0.32258
        | Val:   loss: nan | quality: 0.37037

Epoch 11 | Train: loss: nan | quality: 0.32258
        | Val:   loss: nan | quality: 0.37037


⏸ Early stopping at epoch 11 (best was epoch 1)
[2026-04-29 14:40:09,160][__main__][INFO] - ✓ DONE TNML_P/wine/NTN L=3 bd=12 seed=32874 -> /zhome/6b/e/212868/GTN/outputs/ntn/wine/TNML_P_rg5_init0.1/L3_bd12_seed32874 | val=0.3704
[2026-04-29 14:40:09,203][HYDRA] 	#13 : model.L=3 model.bond_dim=12 seed=47311 trainer.ridge=5 trainer.ridge_decay=0.25 trainer.ridge_min=0.0001 +experiment=uci_ntn_sweep model=tnml_p dataset=wine
[2026-04-29 14:40:09,357][__main__][INFO] - ▶ RUN TNML_P/wine/NTN L=3 bd=12 seed=47311 -> /zhome/6b/e/212868/GTN/outputs/ntn/wine/TNML_P_rg5_init0.1/L3_bd12_seed47311
Starting Fit: 20 epochs.
Sweep Order: ['Node0', 'Node1', 'Node2', 'Node3', 'Node4', 'Node5', 'Node6', 'Node7', 'Node8', 'Node9', 'Node10', 'Node11', 'Node12', 'Node11', 'Node10', 'Node9', 'Node8', 'Node7', 'Node6', 'Node5', 'Node4', 'Node3', 'Node2', 'Node1']
Validation: Using separate validation set for best model selection
Early stopping: patience=10, min_delta=0.001
Init    | Train: loss: 156763.46393 | quality: 0.27419
        | Val:   loss: 14511.11806 | quality: 0.18519
Epoch 1 | Train: loss: nan | quality: 0.32258
        | Val:   loss: nan | quality: 0.37037
 *
Epoch 2 | Train: loss: nan | quality: 0.32258
        | Val:   loss: nan | quality: 0.37037

Epoch 3 | Train: loss: nan | quality: 0.32258
        | Val:   loss: nan | quality: 0.37037

Epoch 4 | Train: loss: nan | quality: 0.32258
        | Val:   loss: nan | quality: 0.37037

Epoch 5 | Train: loss: nan | quality: 0.32258
        | Val:   loss: nan | quality: 0.37037

Epoch 6 | Train: loss: nan | quality: 0.32258
        | Val:   loss: nan | quality: 0.37037

Epoch 7 | Train: loss: nan | quality: 0.32258
        | Val:   loss: nan | quality: 0.37037

Epoch 8 | Train: loss: nan | quality: 0.32258
        | Val:   loss: nan | quality: 0.37037

Epoch 9 | Train: loss: nan | quality: 0.32258
        | Val:   loss: nan | quality: 0.37037

Epoch 10 | Train: loss: nan | quality: 0.32258
        | Val:   loss: nan | quality: 0.37037

Epoch 11 | Train: loss: nan | quality: 0.32258
        | Val:   loss: nan | quality: 0.37037


⏸ Early stopping at epoch 11 (best was epoch 1)
[2026-04-29 14:40:14,991][__main__][INFO] - ✓ DONE TNML_P/wine/NTN L=3 bd=12 seed=47311 -> /zhome/6b/e/212868/GTN/outputs/ntn/wine/TNML_P_rg5_init0.1/L3_bd12_seed47311 | val=0.3704
[2026-04-29 14:40:15,035][HYDRA] 	#14 : model.L=3 model.bond_dim=12 seed=47303 trainer.ridge=5 trainer.ridge_decay=0.25 trainer.ridge_min=0.0001 +experiment=uci_ntn_sweep model=tnml_p dataset=wine
[2026-04-29 14:40:15,191][__main__][INFO] - ▶ RUN TNML_P/wine/NTN L=3 bd=12 seed=47303 -> /zhome/6b/e/212868/GTN/outputs/ntn/wine/TNML_P_rg5_init0.1/L3_bd12_seed47303
Starting Fit: 20 epochs.
Sweep Order: ['Node0', 'Node1', 'Node2', 'Node3', 'Node4', 'Node5', 'Node6', 'Node7', 'Node8', 'Node9', 'Node10', 'Node11', 'Node12', 'Node11', 'Node10', 'Node9', 'Node8', 'Node7', 'Node6', 'Node5', 'Node4', 'Node3', 'Node2', 'Node1']
Validation: Using separate validation set for best model selection
Early stopping: patience=10, min_delta=0.001
Init    | Train: loss: 119778.91325 | quality: 0.39516
        | Val:   loss: 9625.13428 | quality: 0.07407
Epoch 1 | Train: loss: nan | quality: 0.32258
        | Val:   loss: nan | quality: 0.37037
 *
Epoch 2 | Train: loss: nan | quality: 0.32258
        | Val:   loss: nan | quality: 0.37037

Epoch 3 | Train: loss: nan | quality: 0.32258
        | Val:   loss: nan | quality: 0.37037

Epoch 4 | Train: loss: nan | quality: 0.32258
        | Val:   loss: nan | quality: 0.37037

Epoch 5 | Train: loss: nan | quality: 0.32258
        | Val:   loss: nan | quality: 0.37037

Epoch 6 | Train: loss: nan | quality: 0.32258
        | Val:   loss: nan | quality: 0.37037

Epoch 7 | Train: loss: nan | quality: 0.32258
        | Val:   loss: nan | quality: 0.37037

Epoch 8 | Train: loss: nan | quality: 0.32258
        | Val:   loss: nan | quality: 0.37037

Epoch 9 | Train: loss: nan | quality: 0.32258
        | Val:   loss: nan | quality: 0.37037

Epoch 10 | Train: loss: nan | quality: 0.32258
        | Val:   loss: nan | quality: 0.37037

Epoch 11 | Train: loss: nan | quality: 0.32258
        | Val:   loss: nan | quality: 0.37037


⏸ Early stopping at epoch 11 (best was epoch 1)
[2026-04-29 14:40:20,265][__main__][INFO] - ✓ DONE TNML_P/wine/NTN L=3 bd=12 seed=47303 -> /zhome/6b/e/212868/GTN/outputs/ntn/wine/TNML_P_rg5_init0.1/L3_bd12_seed47303 | val=0.3704
[2026-04-29 14:40:20,303][HYDRA] 	#15 : model.L=4 model.bond_dim=4 seed=42 trainer.ridge=5 trainer.ridge_decay=0.25 trainer.ridge_min=0.0001 +experiment=uci_ntn_sweep model=tnml_p dataset=wine
[2026-04-29 14:40:20,458][__main__][INFO] - ▶ RUN TNML_P/wine/NTN L=4 bd=4 seed=42 -> /zhome/6b/e/212868/GTN/outputs/ntn/wine/TNML_P_rg5_init0.1/L4_bd4_seed42
Starting Fit: 20 epochs.
Sweep Order: ['Node0', 'Node1', 'Node2', 'Node3', 'Node4', 'Node5', 'Node6', 'Node7', 'Node8', 'Node9', 'Node10', 'Node11', 'Node12', 'Node11', 'Node10', 'Node9', 'Node8', 'Node7', 'Node6', 'Node5', 'Node4', 'Node3', 'Node2', 'Node1']
Validation: Using separate validation set for best model selection
Early stopping: patience=10, min_delta=0.001
Init    | Train: loss: 27391955.69797 | quality: 0.27419
        | Val:   loss: 48562.71341 | quality: 0.25926
Epoch 1 | Train: loss: nan | quality: 0.32258
        | Val:   loss: nan | quality: 0.37037
 *
Epoch 2 | Train: loss: nan | quality: 0.32258
        | Val:   loss: nan | quality: 0.37037

Epoch 3 | Train: loss: nan | quality: 0.32258
        | Val:   loss: nan | quality: 0.37037

Epoch 4 | Train: loss: nan | quality: 0.32258
        | Val:   loss: nan | quality: 0.37037

Epoch 5 | Train: loss: nan | quality: 0.32258
        | Val:   loss: nan | quality: 0.37037

Epoch 6 | Train: loss: nan | quality: 0.32258
        | Val:   loss: nan | quality: 0.37037

Epoch 7 | Train: loss: nan | quality: 0.32258
        | Val:   loss: nan | quality: 0.37037

Epoch 8 | Train: loss: nan | quality: 0.32258
        | Val:   loss: nan | quality: 0.37037

Epoch 9 | Train: loss: nan | quality: 0.32258
        | Val:   loss: nan | quality: 0.37037

Epoch 10 | Train: loss: nan | quality: 0.32258
        | Val:   loss: nan | quality: 0.37037

Epoch 11 | Train: loss: nan | quality: 0.32258
        | Val:   loss: nan | quality: 0.37037


⏸ Early stopping at epoch 11 (best was epoch 1)
[2026-04-29 14:40:23,130][__main__][INFO] - ✓ DONE TNML_P/wine/NTN L=4 bd=4 seed=42 -> /zhome/6b/e/212868/GTN/outputs/ntn/wine/TNML_P_rg5_init0.1/L4_bd4_seed42 | val=0.3704
[2026-04-29 14:40:23,170][HYDRA] 	#16 : model.L=4 model.bond_dim=4 seed=10090 trainer.ridge=5 trainer.ridge_decay=0.25 trainer.ridge_min=0.0001 +experiment=uci_ntn_sweep model=tnml_p dataset=wine
[2026-04-29 14:40:23,325][__main__][INFO] - ▶ RUN TNML_P/wine/NTN L=4 bd=4 seed=10090 -> /zhome/6b/e/212868/GTN/outputs/ntn/wine/TNML_P_rg5_init0.1/L4_bd4_seed10090
Starting Fit: 20 epochs.
Sweep Order: ['Node0', 'Node1', 'Node2', 'Node3', 'Node4', 'Node5', 'Node6', 'Node7', 'Node8', 'Node9', 'Node10', 'Node11', 'Node12', 'Node11', 'Node10', 'Node9', 'Node8', 'Node7', 'Node6', 'Node5', 'Node4', 'Node3', 'Node2', 'Node1']
Validation: Using separate validation set for best model selection
Early stopping: patience=10, min_delta=0.001
Init    | Train: loss: 6645675.41287 | quality: 0.28226
        | Val:   loss: 212487.39431 | quality: 0.14815
Epoch 1 | Train: loss: nan | quality: 0.32258
        | Val:   loss: nan | quality: 0.37037
 *
Epoch 2 | Train: loss: nan | quality: 0.32258
        | Val:   loss: nan | quality: 0.37037

Epoch 3 | Train: loss: nan | quality: 0.32258
        | Val:   loss: nan | quality: 0.37037

Epoch 4 | Train: loss: nan | quality: 0.32258
        | Val:   loss: nan | quality: 0.37037

Epoch 5 | Train: loss: nan | quality: 0.32258
        | Val:   loss: nan | quality: 0.37037

Epoch 6 | Train: loss: nan | quality: 0.32258
        | Val:   loss: nan | quality: 0.37037

Epoch 7 | Train: loss: nan | quality: 0.32258
        | Val:   loss: nan | quality: 0.37037

Epoch 8 | Train: loss: nan | quality: 0.32258
        | Val:   loss: nan | quality: 0.37037

Epoch 9 | Train: loss: nan | quality: 0.32258
        | Val:   loss: nan | quality: 0.37037

Epoch 10 | Train: loss: nan | quality: 0.32258
        | Val:   loss: nan | quality: 0.37037

Epoch 11 | Train: loss: nan | quality: 0.32258
        | Val:   loss: nan | quality: 0.37037


⏸ Early stopping at epoch 11 (best was epoch 1)
[2026-04-29 14:40:25,883][__main__][INFO] - ✓ DONE TNML_P/wine/NTN L=4 bd=4 seed=10090 -> /zhome/6b/e/212868/GTN/outputs/ntn/wine/TNML_P_rg5_init0.1/L4_bd4_seed10090 | val=0.3704
[2026-04-29 14:40:25,916][HYDRA] 	#17 : model.L=4 model.bond_dim=4 seed=32874 trainer.ridge=5 trainer.ridge_decay=0.25 trainer.ridge_min=0.0001 +experiment=uci_ntn_sweep model=tnml_p dataset=wine
[2026-04-29 14:40:26,068][__main__][INFO] - ▶ RUN TNML_P/wine/NTN L=4 bd=4 seed=32874 -> /zhome/6b/e/212868/GTN/outputs/ntn/wine/TNML_P_rg5_init0.1/L4_bd4_seed32874
Starting Fit: 20 epochs.
Sweep Order: ['Node0', 'Node1', 'Node2', 'Node3', 'Node4', 'Node5', 'Node6', 'Node7', 'Node8', 'Node9', 'Node10', 'Node11', 'Node12', 'Node11', 'Node10', 'Node9', 'Node8', 'Node7', 'Node6', 'Node5', 'Node4', 'Node3', 'Node2', 'Node1']
Validation: Using separate validation set for best model selection
Early stopping: patience=10, min_delta=0.001
Init    | Train: loss: 29836830.73628 | quality: 0.41129
        | Val:   loss: 103108.32335 | quality: 0.40741
Epoch 1 | Train: loss: nan | quality: 0.32258
        | Val:   loss: nan | quality: 0.37037

Epoch 2 | Train: loss: nan | quality: 0.32258
        | Val:   loss: nan | quality: 0.37037

Epoch 3 | Train: loss: nan | quality: 0.32258
        | Val:   loss: nan | quality: 0.37037

Epoch 4 | Train: loss: nan | quality: 0.32258
        | Val:   loss: nan | quality: 0.37037

Epoch 5 | Train: loss: nan | quality: 0.32258
        | Val:   loss: nan | quality: 0.37037

Epoch 6 | Train: loss: nan | quality: 0.32258
        | Val:   loss: nan | quality: 0.37037

Epoch 7 | Train: loss: nan | quality: 0.32258
        | Val:   loss: nan | quality: 0.37037

Epoch 8 | Train: loss: nan | quality: 0.32258
        | Val:   loss: nan | quality: 0.37037

Epoch 9 | Train: loss: nan | quality: 0.32258
        | Val:   loss: nan | quality: 0.37037

Epoch 10 | Train: loss: nan | quality: 0.32258
        | Val:   loss: nan | quality: 0.37037


⏸ Early stopping at epoch 10 (best was epoch 0)
[2026-04-29 14:40:28,417][__main__][INFO] - ✓ DONE TNML_P/wine/NTN L=4 bd=4 seed=32874 -> /zhome/6b/e/212868/GTN/outputs/ntn/wine/TNML_P_rg5_init0.1/L4_bd4_seed32874 | val=0.4074
[2026-04-29 14:40:28,447][HYDRA] 	#18 : model.L=4 model.bond_dim=4 seed=47311 trainer.ridge=5 trainer.ridge_decay=0.25 trainer.ridge_min=0.0001 +experiment=uci_ntn_sweep model=tnml_p dataset=wine
[2026-04-29 14:40:28,609][__main__][INFO] - ▶ RUN TNML_P/wine/NTN L=4 bd=4 seed=47311 -> /zhome/6b/e/212868/GTN/outputs/ntn/wine/TNML_P_rg5_init0.1/L4_bd4_seed47311
Starting Fit: 20 epochs.
Sweep Order: ['Node0', 'Node1', 'Node2', 'Node3', 'Node4', 'Node5', 'Node6', 'Node7', 'Node8', 'Node9', 'Node10', 'Node11', 'Node12', 'Node11', 'Node10', 'Node9', 'Node8', 'Node7', 'Node6', 'Node5', 'Node4', 'Node3', 'Node2', 'Node1']
Validation: Using separate validation set for best model selection
Early stopping: patience=10, min_delta=0.001
Init    | Train: loss: 5652059.47989 | quality: 0.35484
        | Val:   loss: 103258.28073 | quality: 0.25926
Epoch 1 | Train: loss: nan | quality: 0.32258
        | Val:   loss: nan | quality: 0.37037
 *
Epoch 2 | Train: loss: nan | quality: 0.32258
        | Val:   loss: nan | quality: 0.37037

Epoch 3 | Train: loss: nan | quality: 0.32258
        | Val:   loss: nan | quality: 0.37037

Epoch 4 | Train: loss: nan | quality: 0.32258
        | Val:   loss: nan | quality: 0.37037

Epoch 5 | Train: loss: nan | quality: 0.32258
        | Val:   loss: nan | quality: 0.37037

Epoch 6 | Train: loss: nan | quality: 0.32258
        | Val:   loss: nan | quality: 0.37037

Epoch 7 | Train: loss: nan | quality: 0.32258
        | Val:   loss: nan | quality: 0.37037

Epoch 8 | Train: loss: nan | quality: 0.32258
        | Val:   loss: nan | quality: 0.37037

Epoch 9 | Train: loss: nan | quality: 0.32258
        | Val:   loss: nan | quality: 0.37037

Epoch 10 | Train: loss: nan | quality: 0.32258
        | Val:   loss: nan | quality: 0.37037

Epoch 11 | Train: loss: nan | quality: 0.32258
        | Val:   loss: nan | quality: 0.37037


⏸ Early stopping at epoch 11 (best was epoch 1)
[2026-04-29 14:40:31,319][__main__][INFO] - ✓ DONE TNML_P/wine/NTN L=4 bd=4 seed=47311 -> /zhome/6b/e/212868/GTN/outputs/ntn/wine/TNML_P_rg5_init0.1/L4_bd4_seed47311 | val=0.3704
[2026-04-29 14:40:31,353][HYDRA] 	#19 : model.L=4 model.bond_dim=4 seed=47303 trainer.ridge=5 trainer.ridge_decay=0.25 trainer.ridge_min=0.0001 +experiment=uci_ntn_sweep model=tnml_p dataset=wine
[2026-04-29 14:40:31,506][__main__][INFO] - ▶ RUN TNML_P/wine/NTN L=4 bd=4 seed=47303 -> /zhome/6b/e/212868/GTN/outputs/ntn/wine/TNML_P_rg5_init0.1/L4_bd4_seed47303
Starting Fit: 20 epochs.
Sweep Order: ['Node0', 'Node1', 'Node2', 'Node3', 'Node4', 'Node5', 'Node6', 'Node7', 'Node8', 'Node9', 'Node10', 'Node11', 'Node12', 'Node11', 'Node10', 'Node9', 'Node8', 'Node7', 'Node6', 'Node5', 'Node4', 'Node3', 'Node2', 'Node1']
Validation: Using separate validation set for best model selection
Early stopping: patience=10, min_delta=0.001
Init    | Train: loss: 5483300.97044 | quality: 0.33871
        | Val:   loss: 145292.17106 | quality: 0.44444
Epoch 1 | Train: loss: nan | quality: 0.32258
        | Val:   loss: nan | quality: 0.37037

Epoch 2 | Train: loss: nan | quality: 0.32258
        | Val:   loss: nan | quality: 0.37037

Epoch 3 | Train: loss: nan | quality: 0.32258
        | Val:   loss: nan | quality: 0.37037

Epoch 4 | Train: loss: nan | quality: 0.32258
        | Val:   loss: nan | quality: 0.37037

Epoch 5 | Train: loss: nan | quality: 0.32258
        | Val:   loss: nan | quality: 0.37037

Epoch 6 | Train: loss: nan | quality: 0.32258
        | Val:   loss: nan | quality: 0.37037

Epoch 7 | Train: loss: nan | quality: 0.32258
        | Val:   loss: nan | quality: 0.37037

Epoch 8 | Train: loss: nan | quality: 0.32258
        | Val:   loss: nan | quality: 0.37037

Epoch 9 | Train: loss: nan | quality: 0.32258
        | Val:   loss: nan | quality: 0.37037

Epoch 10 | Train: loss: nan | quality: 0.32258
        | Val:   loss: nan | quality: 0.37037


⏸ Early stopping at epoch 10 (best was epoch 0)
[2026-04-29 14:40:34,098][__main__][INFO] - ✓ DONE TNML_P/wine/NTN L=4 bd=4 seed=47303 -> /zhome/6b/e/212868/GTN/outputs/ntn/wine/TNML_P_rg5_init0.1/L4_bd4_seed47303 | val=0.4444
[2026-04-29 14:40:34,137][HYDRA] 	#20 : model.L=4 model.bond_dim=8 seed=42 trainer.ridge=5 trainer.ridge_decay=0.25 trainer.ridge_min=0.0001 +experiment=uci_ntn_sweep model=tnml_p dataset=wine
[2026-04-29 14:40:34,516][__main__][INFO] - ▶ RUN TNML_P/wine/NTN L=4 bd=8 seed=42 -> /zhome/6b/e/212868/GTN/outputs/ntn/wine/TNML_P_rg5_init0.1/L4_bd8_seed42
Starting Fit: 20 epochs.
Sweep Order: ['Node0', 'Node1', 'Node2', 'Node3', 'Node4', 'Node5', 'Node6', 'Node7', 'Node8', 'Node9', 'Node10', 'Node11', 'Node12', 'Node11', 'Node10', 'Node9', 'Node8', 'Node7', 'Node6', 'Node5', 'Node4', 'Node3', 'Node2', 'Node1']
Validation: Using separate validation set for best model selection
Early stopping: patience=10, min_delta=0.001
Init    | Train: loss: 19810559.53581 | quality: 0.30645
        | Val:   loss: 334993.98617 | quality: 0.33333
Epoch 1 | Train: loss: nan | quality: 0.32258
        | Val:   loss: nan | quality: 0.37037
 *
Epoch 2 | Train: loss: nan | quality: 0.32258
        | Val:   loss: nan | quality: 0.37037

Epoch 3 | Train: loss: nan | quality: 0.32258
        | Val:   loss: nan | quality: 0.37037

Epoch 4 | Train: loss: nan | quality: 0.32258
        | Val:   loss: nan | quality: 0.37037

Epoch 5 | Train: loss: nan | quality: 0.32258
        | Val:   loss: nan | quality: 0.37037

Epoch 6 | Train: loss: nan | quality: 0.32258
        | Val:   loss: nan | quality: 0.37037

Epoch 7 | Train: loss: nan | quality: 0.32258
        | Val:   loss: nan | quality: 0.37037

Epoch 8 | Train: loss: nan | quality: 0.32258
        | Val:   loss: nan | quality: 0.37037

Epoch 9 | Train: loss: nan | quality: 0.32258
        | Val:   loss: nan | quality: 0.37037

Epoch 10 | Train: loss: nan | quality: 0.32258
        | Val:   loss: nan | quality: 0.37037

Epoch 11 | Train: loss: nan | quality: 0.32258
        | Val:   loss: nan | quality: 0.37037


⏸ Early stopping at epoch 11 (best was epoch 1)
[2026-04-29 14:40:38,329][__main__][INFO] - ✓ DONE TNML_P/wine/NTN L=4 bd=8 seed=42 -> /zhome/6b/e/212868/GTN/outputs/ntn/wine/TNML_P_rg5_init0.1/L4_bd8_seed42 | val=0.3704
[2026-04-29 14:40:38,374][HYDRA] 	#21 : model.L=4 model.bond_dim=8 seed=10090 trainer.ridge=5 trainer.ridge_decay=0.25 trainer.ridge_min=0.0001 +experiment=uci_ntn_sweep model=tnml_p dataset=wine
[2026-04-29 14:40:38,527][__main__][INFO] - ▶ RUN TNML_P/wine/NTN L=4 bd=8 seed=10090 -> /zhome/6b/e/212868/GTN/outputs/ntn/wine/TNML_P_rg5_init0.1/L4_bd8_seed10090
Starting Fit: 20 epochs.
Sweep Order: ['Node0', 'Node1', 'Node2', 'Node3', 'Node4', 'Node5', 'Node6', 'Node7', 'Node8', 'Node9', 'Node10', 'Node11', 'Node12', 'Node11', 'Node10', 'Node9', 'Node8', 'Node7', 'Node6', 'Node5', 'Node4', 'Node3', 'Node2', 'Node1']
Validation: Using separate validation set for best model selection
Early stopping: patience=10, min_delta=0.001
Init    | Train: loss: 97316251.39096 | quality: 0.35484
        | Val:   loss: 89449.79606 | quality: 0.37037
Epoch 1 | Train: loss: nan | quality: 0.32258
        | Val:   loss: nan | quality: 0.37037

Epoch 2 | Train: loss: nan | quality: 0.32258
        | Val:   loss: nan | quality: 0.37037

Epoch 3 | Train: loss: nan | quality: 0.32258
        | Val:   loss: nan | quality: 0.37037

Epoch 4 | Train: loss: nan | quality: 0.32258
        | Val:   loss: nan | quality: 0.37037

Epoch 5 | Train: loss: nan | quality: 0.32258
        | Val:   loss: nan | quality: 0.37037

Epoch 6 | Train: loss: nan | quality: 0.32258
        | Val:   loss: nan | quality: 0.37037

Epoch 7 | Train: loss: nan | quality: 0.32258
        | Val:   loss: nan | quality: 0.37037

Epoch 8 | Train: loss: nan | quality: 0.32258
        | Val:   loss: nan | quality: 0.37037

Epoch 9 | Train: loss: nan | quality: 0.32258
        | Val:   loss: nan | quality: 0.37037

Epoch 10 | Train: loss: nan | quality: 0.32258
        | Val:   loss: nan | quality: 0.37037


⏸ Early stopping at epoch 10 (best was epoch 0)
[2026-04-29 14:40:41,889][__main__][INFO] - ✓ DONE TNML_P/wine/NTN L=4 bd=8 seed=10090 -> /zhome/6b/e/212868/GTN/outputs/ntn/wine/TNML_P_rg5_init0.1/L4_bd8_seed10090 | val=0.3704
[2026-04-29 14:40:41,925][HYDRA] 	#22 : model.L=4 model.bond_dim=8 seed=32874 trainer.ridge=5 trainer.ridge_decay=0.25 trainer.ridge_min=0.0001 +experiment=uci_ntn_sweep model=tnml_p dataset=wine
[2026-04-29 14:40:42,080][__main__][INFO] - ▶ RUN TNML_P/wine/NTN L=4 bd=8 seed=32874 -> /zhome/6b/e/212868/GTN/outputs/ntn/wine/TNML_P_rg5_init0.1/L4_bd8_seed32874
Starting Fit: 20 epochs.
Sweep Order: ['Node0', 'Node1', 'Node2', 'Node3', 'Node4', 'Node5', 'Node6', 'Node7', 'Node8', 'Node9', 'Node10', 'Node11', 'Node12', 'Node11', 'Node10', 'Node9', 'Node8', 'Node7', 'Node6', 'Node5', 'Node4', 'Node3', 'Node2', 'Node1']
Validation: Using separate validation set for best model selection
Early stopping: patience=10, min_delta=0.001
Init    | Train: loss: 4272638.60951 | quality: 0.29839
        | Val:   loss: 52988.89187 | quality: 0.51852
Epoch 1 | Train: loss: nan | quality: 0.32258
        | Val:   loss: nan | quality: 0.37037

Epoch 2 | Train: loss: nan | quality: 0.32258
        | Val:   loss: nan | quality: 0.37037

Epoch 3 | Train: loss: nan | quality: 0.32258
        | Val:   loss: nan | quality: 0.37037

Epoch 4 | Train: loss: nan | quality: 0.32258
        | Val:   loss: nan | quality: 0.37037

Epoch 5 | Train: loss: nan | quality: 0.32258
        | Val:   loss: nan | quality: 0.37037

Epoch 6 | Train: loss: nan | quality: 0.32258
        | Val:   loss: nan | quality: 0.37037

Epoch 7 | Train: loss: nan | quality: 0.32258
        | Val:   loss: nan | quality: 0.37037

Epoch 8 | Train: loss: nan | quality: 0.32258
        | Val:   loss: nan | quality: 0.37037

Epoch 9 | Train: loss: nan | quality: 0.32258
        | Val:   loss: nan | quality: 0.37037

Epoch 10 | Train: loss: nan | quality: 0.32258
        | Val:   loss: nan | quality: 0.37037


⏸ Early stopping at epoch 10 (best was epoch 0)
[2026-04-29 14:40:45,339][__main__][INFO] - ✓ DONE TNML_P/wine/NTN L=4 bd=8 seed=32874 -> /zhome/6b/e/212868/GTN/outputs/ntn/wine/TNML_P_rg5_init0.1/L4_bd8_seed32874 | val=0.5185
[2026-04-29 14:40:45,383][HYDRA] 	#23 : model.L=4 model.bond_dim=8 seed=47311 trainer.ridge=5 trainer.ridge_decay=0.25 trainer.ridge_min=0.0001 +experiment=uci_ntn_sweep model=tnml_p dataset=wine
[2026-04-29 14:40:45,537][__main__][INFO] - ▶ RUN TNML_P/wine/NTN L=4 bd=8 seed=47311 -> /zhome/6b/e/212868/GTN/outputs/ntn/wine/TNML_P_rg5_init0.1/L4_bd8_seed47311
Starting Fit: 20 epochs.
Sweep Order: ['Node0', 'Node1', 'Node2', 'Node3', 'Node4', 'Node5', 'Node6', 'Node7', 'Node8', 'Node9', 'Node10', 'Node11', 'Node12', 'Node11', 'Node10', 'Node9', 'Node8', 'Node7', 'Node6', 'Node5', 'Node4', 'Node3', 'Node2', 'Node1']
Validation: Using separate validation set for best model selection
Early stopping: patience=10, min_delta=0.001
Init    | Train: loss: 6944262.79853 | quality: 0.37097
        | Val:   loss: 84092.52338 | quality: 0.22222
Epoch 1 | Train: loss: nan | quality: 0.32258
        | Val:   loss: nan | quality: 0.37037
 *
Epoch 2 | Train: loss: nan | quality: 0.32258
        | Val:   loss: nan | quality: 0.37037

Epoch 3 | Train: loss: nan | quality: 0.32258
        | Val:   loss: nan | quality: 0.37037

Epoch 4 | Train: loss: nan | quality: 0.32258
        | Val:   loss: nan | quality: 0.37037

Epoch 5 | Train: loss: nan | quality: 0.32258
        | Val:   loss: nan | quality: 0.37037

Epoch 6 | Train: loss: nan | quality: 0.32258
        | Val:   loss: nan | quality: 0.37037

Epoch 7 | Train: loss: nan | quality: 0.32258
        | Val:   loss: nan | quality: 0.37037

Epoch 8 | Train: loss: nan | quality: 0.32258
        | Val:   loss: nan | quality: 0.37037

Epoch 9 | Train: loss: nan | quality: 0.32258
        | Val:   loss: nan | quality: 0.37037

Epoch 10 | Train: loss: nan | quality: 0.32258
        | Val:   loss: nan | quality: 0.37037

Epoch 11 | Train: loss: nan | quality: 0.32258
        | Val:   loss: nan | quality: 0.37037


⏸ Early stopping at epoch 11 (best was epoch 1)
[2026-04-29 14:40:49,561][__main__][INFO] - ✓ DONE TNML_P/wine/NTN L=4 bd=8 seed=47311 -> /zhome/6b/e/212868/GTN/outputs/ntn/wine/TNML_P_rg5_init0.1/L4_bd8_seed47311 | val=0.3704
[2026-04-29 14:40:49,598][HYDRA] 	#24 : model.L=4 model.bond_dim=8 seed=47303 trainer.ridge=5 trainer.ridge_decay=0.25 trainer.ridge_min=0.0001 +experiment=uci_ntn_sweep model=tnml_p dataset=wine
[2026-04-29 14:40:49,750][__main__][INFO] - ▶ RUN TNML_P/wine/NTN L=4 bd=8 seed=47303 -> /zhome/6b/e/212868/GTN/outputs/ntn/wine/TNML_P_rg5_init0.1/L4_bd8_seed47303
Starting Fit: 20 epochs.
Sweep Order: ['Node0', 'Node1', 'Node2', 'Node3', 'Node4', 'Node5', 'Node6', 'Node7', 'Node8', 'Node9', 'Node10', 'Node11', 'Node12', 'Node11', 'Node10', 'Node9', 'Node8', 'Node7', 'Node6', 'Node5', 'Node4', 'Node3', 'Node2', 'Node1']
Validation: Using separate validation set for best model selection
Early stopping: patience=10, min_delta=0.001
Init    | Train: loss: 5248640.97356 | quality: 0.33871
        | Val:   loss: 455139.72846 | quality: 0.33333
Epoch 1 | Train: loss: nan | quality: 0.32258
        | Val:   loss: nan | quality: 0.37037
 *
Epoch 2 | Train: loss: nan | quality: 0.32258
        | Val:   loss: nan | quality: 0.37037

Epoch 3 | Train: loss: nan | quality: 0.32258
        | Val:   loss: nan | quality: 0.37037

Epoch 4 | Train: loss: nan | quality: 0.32258
        | Val:   loss: nan | quality: 0.37037

Epoch 5 | Train: loss: nan | quality: 0.32258
        | Val:   loss: nan | quality: 0.37037

Epoch 6 | Train: loss: nan | quality: 0.32258
        | Val:   loss: nan | quality: 0.37037

Epoch 7 | Train: loss: nan | quality: 0.32258
        | Val:   loss: nan | quality: 0.37037

Epoch 8 | Train: loss: nan | quality: 0.32258
        | Val:   loss: nan | quality: 0.37037

Epoch 9 | Train: loss: nan | quality: 0.32258
        | Val:   loss: nan | quality: 0.37037

Epoch 10 | Train: loss: nan | quality: 0.32258
        | Val:   loss: nan | quality: 0.37037

Epoch 11 | Train: loss: nan | quality: 0.32258
        | Val:   loss: nan | quality: 0.37037


⏸ Early stopping at epoch 11 (best was epoch 1)
[2026-04-29 14:40:53,210][__main__][INFO] - ✓ DONE TNML_P/wine/NTN L=4 bd=8 seed=47303 -> /zhome/6b/e/212868/GTN/outputs/ntn/wine/TNML_P_rg5_init0.1/L4_bd8_seed47303 | val=0.3704
[2026-04-29 14:40:53,248][HYDRA] 	#25 : model.L=4 model.bond_dim=12 seed=42 trainer.ridge=5 trainer.ridge_decay=0.25 trainer.ridge_min=0.0001 +experiment=uci_ntn_sweep model=tnml_p dataset=wine
[2026-04-29 14:40:53,402][__main__][INFO] - ▶ RUN TNML_P/wine/NTN L=4 bd=12 seed=42 -> /zhome/6b/e/212868/GTN/outputs/ntn/wine/TNML_P_rg5_init0.1/L4_bd12_seed42
Starting Fit: 20 epochs.
Sweep Order: ['Node0', 'Node1', 'Node2', 'Node3', 'Node4', 'Node5', 'Node6', 'Node7', 'Node8', 'Node9', 'Node10', 'Node11', 'Node12', 'Node11', 'Node10', 'Node9', 'Node8', 'Node7', 'Node6', 'Node5', 'Node4', 'Node3', 'Node2', 'Node1']
Validation: Using separate validation set for best model selection
Early stopping: patience=10, min_delta=0.001
Init    | Train: loss: 5189954.19450 | quality: 0.23387
        | Val:   loss: 1935197.78218 | quality: 0.37037
Epoch 1 | Train: loss: nan | quality: 0.32258
        | Val:   loss: nan | quality: 0.37037
 *
Epoch 2 | Train: loss: nan | quality: 0.32258
        | Val:   loss: nan | quality: 0.37037

Epoch 3 | Train: loss: nan | quality: 0.32258
        | Val:   loss: nan | quality: 0.37037

Epoch 4 | Train: loss: nan | quality: 0.32258
        | Val:   loss: nan | quality: 0.37037

Epoch 5 | Train: loss: nan | quality: 0.32258
        | Val:   loss: nan | quality: 0.37037

Epoch 6 | Train: loss: nan | quality: 0.32258
        | Val:   loss: nan | quality: 0.37037

Epoch 7 | Train: loss: nan | quality: 0.32258
        | Val:   loss: nan | quality: 0.37037

Epoch 8 | Train: loss: nan | quality: 0.32258
        | Val:   loss: nan | quality: 0.37037

Epoch 9 | Train: loss: nan | quality: 0.32258
        | Val:   loss: nan | quality: 0.37037

Epoch 10 | Train: loss: nan | quality: 0.32258
        | Val:   loss: nan | quality: 0.37037

Epoch 11 | Train: loss: nan | quality: 0.32258
        | Val:   loss: nan | quality: 0.37037


⏸ Early stopping at epoch 11 (best was epoch 1)
[2026-04-29 14:41:00,462][__main__][INFO] - ✓ DONE TNML_P/wine/NTN L=4 bd=12 seed=42 -> /zhome/6b/e/212868/GTN/outputs/ntn/wine/TNML_P_rg5_init0.1/L4_bd12_seed42 | val=0.3704
[2026-04-29 14:41:00,507][HYDRA] 	#26 : model.L=4 model.bond_dim=12 seed=10090 trainer.ridge=5 trainer.ridge_decay=0.25 trainer.ridge_min=0.0001 +experiment=uci_ntn_sweep model=tnml_p dataset=wine
[2026-04-29 14:41:00,709][__main__][INFO] - ▶ RUN TNML_P/wine/NTN L=4 bd=12 seed=10090 -> /zhome/6b/e/212868/GTN/outputs/ntn/wine/TNML_P_rg5_init0.1/L4_bd12_seed10090
Starting Fit: 20 epochs.
Sweep Order: ['Node0', 'Node1', 'Node2', 'Node3', 'Node4', 'Node5', 'Node6', 'Node7', 'Node8', 'Node9', 'Node10', 'Node11', 'Node12', 'Node11', 'Node10', 'Node9', 'Node8', 'Node7', 'Node6', 'Node5', 'Node4', 'Node3', 'Node2', 'Node1']
Validation: Using separate validation set for best model selection
Early stopping: patience=10, min_delta=0.001
Init    | Train: loss: 19782364.36972 | quality: 0.40323
        | Val:   loss: 266405.32462 | quality: 0.37037
Epoch 1 | Train: loss: nan | quality: 0.32258
        | Val:   loss: nan | quality: 0.37037

Epoch 2 | Train: loss: nan | quality: 0.32258
        | Val:   loss: nan | quality: 0.37037

Epoch 3 | Train: loss: nan | quality: 0.32258
        | Val:   loss: nan | quality: 0.37037

Epoch 4 | Train: loss: nan | quality: 0.32258
        | Val:   loss: nan | quality: 0.37037

Epoch 5 | Train: loss: nan | quality: 0.32258
        | Val:   loss: nan | quality: 0.37037

Epoch 6 | Train: loss: nan | quality: 0.32258
        | Val:   loss: nan | quality: 0.37037

Epoch 7 | Train: loss: nan | quality: 0.32258
        | Val:   loss: nan | quality: 0.37037

Epoch 8 | Train: loss: nan | quality: 0.32258
        | Val:   loss: nan | quality: 0.37037

Epoch 9 | Train: loss: nan | quality: 0.32258
        | Val:   loss: nan | quality: 0.37037

Epoch 10 | Train: loss: nan | quality: 0.32258
        | Val:   loss: nan | quality: 0.37037


⏸ Early stopping at epoch 10 (best was epoch 0)
[2026-04-29 14:41:06,360][__main__][INFO] - ✓ DONE TNML_P/wine/NTN L=4 bd=12 seed=10090 -> /zhome/6b/e/212868/GTN/outputs/ntn/wine/TNML_P_rg5_init0.1/L4_bd12_seed10090 | val=0.3704
[2026-04-29 14:41:06,398][HYDRA] 	#27 : model.L=4 model.bond_dim=12 seed=32874 trainer.ridge=5 trainer.ridge_decay=0.25 trainer.ridge_min=0.0001 +experiment=uci_ntn_sweep model=tnml_p dataset=wine
[2026-04-29 14:41:06,558][__main__][INFO] - ▶ RUN TNML_P/wine/NTN L=4 bd=12 seed=32874 -> /zhome/6b/e/212868/GTN/outputs/ntn/wine/TNML_P_rg5_init0.1/L4_bd12_seed32874
Starting Fit: 20 epochs.
Sweep Order: ['Node0', 'Node1', 'Node2', 'Node3', 'Node4', 'Node5', 'Node6', 'Node7', 'Node8', 'Node9', 'Node10', 'Node11', 'Node12', 'Node11', 'Node10', 'Node9', 'Node8', 'Node7', 'Node6', 'Node5', 'Node4', 'Node3', 'Node2', 'Node1']
Validation: Using separate validation set for best model selection
Early stopping: patience=10, min_delta=0.001
Init    | Train: loss: 23413153.22526 | quality: 0.30645
        | Val:   loss: 589293.73735 | quality: 0.40741
Epoch 1 | Train: loss: nan | quality: 0.32258
        | Val:   loss: nan | quality: 0.37037

Epoch 2 | Train: loss: nan | quality: 0.32258
        | Val:   loss: nan | quality: 0.37037

Epoch 3 | Train: loss: nan | quality: 0.32258
        | Val:   loss: nan | quality: 0.37037

Epoch 4 | Train: loss: nan | quality: 0.32258
        | Val:   loss: nan | quality: 0.37037

Epoch 5 | Train: loss: nan | quality: 0.32258
        | Val:   loss: nan | quality: 0.37037

Epoch 6 | Train: loss: nan | quality: 0.32258
        | Val:   loss: nan | quality: 0.37037

Epoch 7 | Train: loss: nan | quality: 0.32258
        | Val:   loss: nan | quality: 0.37037

Epoch 8 | Train: loss: nan | quality: 0.32258
        | Val:   loss: nan | quality: 0.37037

Epoch 9 | Train: loss: nan | quality: 0.32258
        | Val:   loss: nan | quality: 0.37037

Epoch 10 | Train: loss: nan | quality: 0.32258
        | Val:   loss: nan | quality: 0.37037


⏸ Early stopping at epoch 10 (best was epoch 0)
[2026-04-29 14:41:12,246][__main__][INFO] - ✓ DONE TNML_P/wine/NTN L=4 bd=12 seed=32874 -> /zhome/6b/e/212868/GTN/outputs/ntn/wine/TNML_P_rg5_init0.1/L4_bd12_seed32874 | val=0.4074
[2026-04-29 14:41:12,280][HYDRA] 	#28 : model.L=4 model.bond_dim=12 seed=47311 trainer.ridge=5 trainer.ridge_decay=0.25 trainer.ridge_min=0.0001 +experiment=uci_ntn_sweep model=tnml_p dataset=wine
[2026-04-29 14:41:12,434][__main__][INFO] - ▶ RUN TNML_P/wine/NTN L=4 bd=12 seed=47311 -> /zhome/6b/e/212868/GTN/outputs/ntn/wine/TNML_P_rg5_init0.1/L4_bd12_seed47311
Starting Fit: 20 epochs.
Sweep Order: ['Node0', 'Node1', 'Node2', 'Node3', 'Node4', 'Node5', 'Node6', 'Node7', 'Node8', 'Node9', 'Node10', 'Node11', 'Node12', 'Node11', 'Node10', 'Node9', 'Node8', 'Node7', 'Node6', 'Node5', 'Node4', 'Node3', 'Node2', 'Node1']
Validation: Using separate validation set for best model selection
Early stopping: patience=10, min_delta=0.001
Init    | Train: loss: 1517021.50554 | quality: 0.29032
        | Val:   loss: 173103.80157 | quality: 0.29630
Epoch 1 | Train: loss: nan | quality: 0.32258
        | Val:   loss: nan | quality: 0.37037
 *
Epoch 2 | Train: loss: nan | quality: 0.32258
        | Val:   loss: nan | quality: 0.37037

Epoch 3 | Train: loss: nan | quality: 0.32258
        | Val:   loss: nan | quality: 0.37037

Epoch 4 | Train: loss: nan | quality: 0.32258
        | Val:   loss: nan | quality: 0.37037

Epoch 5 | Train: loss: nan | quality: 0.32258
        | Val:   loss: nan | quality: 0.37037

Epoch 6 | Train: loss: nan | quality: 0.32258
        | Val:   loss: nan | quality: 0.37037

Epoch 7 | Train: loss: nan | quality: 0.32258
        | Val:   loss: nan | quality: 0.37037

Epoch 8 | Train: loss: nan | quality: 0.32258
        | Val:   loss: nan | quality: 0.37037

Epoch 9 | Train: loss: nan | quality: 0.32258
        | Val:   loss: nan | quality: 0.37037

Epoch 10 | Train: loss: nan | quality: 0.32258
        | Val:   loss: nan | quality: 0.37037

Epoch 11 | Train: loss: nan | quality: 0.32258
        | Val:   loss: nan | quality: 0.37037


⏸ Early stopping at epoch 11 (best was epoch 1)
[2026-04-29 14:41:18,688][__main__][INFO] - ✓ DONE TNML_P/wine/NTN L=4 bd=12 seed=47311 -> /zhome/6b/e/212868/GTN/outputs/ntn/wine/TNML_P_rg5_init0.1/L4_bd12_seed47311 | val=0.3704
[2026-04-29 14:41:18,724][HYDRA] 	#29 : model.L=4 model.bond_dim=12 seed=47303 trainer.ridge=5 trainer.ridge_decay=0.25 trainer.ridge_min=0.0001 +experiment=uci_ntn_sweep model=tnml_p dataset=wine
[2026-04-29 14:41:18,880][__main__][INFO] - ▶ RUN TNML_P/wine/NTN L=4 bd=12 seed=47303 -> /zhome/6b/e/212868/GTN/outputs/ntn/wine/TNML_P_rg5_init0.1/L4_bd12_seed47303
Starting Fit: 20 epochs.
Sweep Order: ['Node0', 'Node1', 'Node2', 'Node3', 'Node4', 'Node5', 'Node6', 'Node7', 'Node8', 'Node9', 'Node10', 'Node11', 'Node12', 'Node11', 'Node10', 'Node9', 'Node8', 'Node7', 'Node6', 'Node5', 'Node4', 'Node3', 'Node2', 'Node1']
Validation: Using separate validation set for best model selection
Early stopping: patience=10, min_delta=0.001
Init    | Train: loss: 2788343.05282 | quality: 0.37903
        | Val:   loss: 199899.26496 | quality: 0.22222
Epoch 1 | Train: loss: nan | quality: 0.32258
        | Val:   loss: nan | quality: 0.37037
 *
Epoch 2 | Train: loss: nan | quality: 0.32258
        | Val:   loss: nan | quality: 0.37037

Epoch 3 | Train: loss: nan | quality: 0.32258
        | Val:   loss: nan | quality: 0.37037

Epoch 4 | Train: loss: nan | quality: 0.32258
        | Val:   loss: nan | quality: 0.37037

Epoch 5 | Train: loss: nan | quality: 0.32258
        | Val:   loss: nan | quality: 0.37037

Epoch 6 | Train: loss: nan | quality: 0.32258
        | Val:   loss: nan | quality: 0.37037

Epoch 7 | Train: loss: nan | quality: 0.32258
        | Val:   loss: nan | quality: 0.37037

Epoch 8 | Train: loss: nan | quality: 0.32258
        | Val:   loss: nan | quality: 0.37037

Epoch 9 | Train: loss: nan | quality: 0.32258
        | Val:   loss: nan | quality: 0.37037

Epoch 10 | Train: loss: nan | quality: 0.32258
        | Val:   loss: nan | quality: 0.37037

Epoch 11 | Train: loss: nan | quality: 0.32258
        | Val:   loss: nan | quality: 0.37037


⏸ Early stopping at epoch 11 (best was epoch 1)
[2026-04-29 14:41:25,051][__main__][INFO] - ✓ DONE TNML_P/wine/NTN L=4 bd=12 seed=47303 -> /zhome/6b/e/212868/GTN/outputs/ntn/wine/TNML_P_rg5_init0.1/L4_bd12_seed47303 | val=0.3704

------------------------------------------------------------
Sender: LSF System <lsfadmin@hpc.dtu.dk>
Subject: Job 28326036[130]: <ntn_grid_full[1-140]%20> in cluster <dcc> Done

Job <ntn_grid_full[1-140]%20> was submitted from host <hpclogin1> by user <nicci> in cluster <dcc> at Wed Apr 29 14:15:19 2026
Job was executed on host(s) <4*n-62-29-29>, in queue <hpc>, as user <nicci> in cluster <dcc> at Wed Apr 29 14:39:40 2026
</zhome/6b/e/212868> was used as the home directory.
</zhome/6b/e/212868/GTN> was used as the working directory.
Started at Wed Apr 29 14:39:40 2026
Terminated at Wed Apr 29 14:41:26 2026
Results reported at Wed Apr 29 14:41:26 2026

Your job looked like:

------------------------------------------------------------
# LSBATCH: User input
#!/bin/bash
#BSUB -q hpc
#BSUB -J "ntn_grid_full[1-140]%20"
#BSUB -W 12:00
#BSUB -n 4
#BSUB -R "rusage[mem=2GB]"
#BSUB -R "span[hosts=1]"
#BSUB -o logs/%J_%I.out
#BSUB -e logs/%J_%I.err

MODELS=("cpda" "cpda_typei" "lmpo2" "lmpo2_typei" "mpo2" "mpo2_typei" "mmpo2" "mmpo2_typei" "tnml_f" "tnml_p")

DATASETS=(
    "abalone" "adult" "ai4i" "appliances" "bank" "bike" "breast"
    "car_evaluation" "concrete" "energy_efficiency" "hearth"
    "iris" "mushrooms" "obesity" "popularity" "realstate"
    "seoulBike" "student_dropout" "student_perf" "wine"
    "winequalityc"
)

COMPLETED_DATASETS=(
    "bike" "concrete" "energy_efficiency"
    "iris" "obesity" "realstate" "seoulBike"
)

# Filter datasets
FILTERED_DATASETS=()
for ds in "${DATASETS[@]}"; do
    skip=false
    for completed in "${COMPLETED_DATASETS[@]}"; do
        if [[ "$ds" == "$completed" ]]; then
            skip=true
            break
        fi
    done

    if ! $skip; then
        FILTERED_DATASETS+=("$ds")
    fi
done

DATASETS=("${FILTERED_DATASETS[@]}")

NUM_MODELS=${#MODELS[@]}
NUM_DATASETS=${#DATASETS[@]}
NUM_EXPERIMENTS=$((NUM_DATASETS * NUM_MODELS))

if [ "$1" == "test" ]; then
    echo "SIMULATING ARRAY:"
    echo "-----------------"

(... more ...)
------------------------------------------------------------

Successfully completed.

Resource usage summary:

    CPU time :                                   279.00 sec.
    Max Memory :                                 400 MB
    Average Memory :                             400.00 MB
    Total Requested Memory :                     8192.00 MB
    Delta Memory :                               7792.00 MB
    Max Swap :                                   -
    Max Processes :                              4
    Max Threads :                                5
    Run time :                                   106 sec.
    Turnaround time :                            1567 sec.

The output (if any) is above this job summary.



PS:

Read file <logs/28326036_130.err> for stderr output of this job.

