Task 11: Dataset=appliances, Model=cpda, Experiment=cpda_ntn_sweep
[2026-04-30 08:24:08,400][HYDRA] Launching 40 jobs locally
[2026-04-30 08:24:08,400][HYDRA] 	#0 : model.L=3 model.bond_dim=8 seed=42 trainer.ridge=5 trainer.ridge_decay=0.25 trainer.ridge_min=0.0001 +experiment=cpda_ntn_sweep model=cpda dataset=appliances
[2026-04-30 08:24:08,699][utils.tracking][INFO] - Loaded 16976 tracked runs from runs_tracking.csv
[2026-04-30 08:24:08,702][__main__][INFO] - ⏭ SKIP CPDA/appliances/NTN L=3 bd=8 seed=42 -> /zhome/6b/e/212868/GTN/outputs/ntn/appliances/CPDA_rg5_init0.1/L3_bd8_seed42 | completed val=0.2532
[2026-04-30 08:24:08,705][HYDRA] 	#1 : model.L=3 model.bond_dim=8 seed=10090 trainer.ridge=5 trainer.ridge_decay=0.25 trainer.ridge_min=0.0001 +experiment=cpda_ntn_sweep model=cpda dataset=appliances
[2026-04-30 08:24:08,860][__main__][INFO] - ⏭ SKIP CPDA/appliances/NTN L=3 bd=8 seed=10090 -> /zhome/6b/e/212868/GTN/outputs/ntn/appliances/CPDA_rg5_init0.1/L3_bd8_seed10090 | completed val=0.2291
[2026-04-30 08:24:08,863][HYDRA] 	#2 : model.L=3 model.bond_dim=8 seed=32874 trainer.ridge=5 trainer.ridge_decay=0.25 trainer.ridge_min=0.0001 +experiment=cpda_ntn_sweep model=cpda dataset=appliances
[2026-04-30 08:24:09,017][__main__][INFO] - ⏭ SKIP CPDA/appliances/NTN L=3 bd=8 seed=32874 -> /zhome/6b/e/212868/GTN/outputs/ntn/appliances/CPDA_rg5_init0.1/L3_bd8_seed32874 | completed val=0.2534
[2026-04-30 08:24:09,019][HYDRA] 	#3 : model.L=3 model.bond_dim=8 seed=47311 trainer.ridge=5 trainer.ridge_decay=0.25 trainer.ridge_min=0.0001 +experiment=cpda_ntn_sweep model=cpda dataset=appliances
[2026-04-30 08:24:09,175][__main__][INFO] - ⏭ SKIP CPDA/appliances/NTN L=3 bd=8 seed=47311 -> /zhome/6b/e/212868/GTN/outputs/ntn/appliances/CPDA_rg5_init0.1/L3_bd8_seed47311 | completed val=0.2384
[2026-04-30 08:24:09,177][HYDRA] 	#4 : model.L=3 model.bond_dim=8 seed=47303 trainer.ridge=5 trainer.ridge_decay=0.25 trainer.ridge_min=0.0001 +experiment=cpda_ntn_sweep model=cpda dataset=appliances
[2026-04-30 08:24:09,336][__main__][INFO] - ⏭ SKIP CPDA/appliances/NTN L=3 bd=8 seed=47303 -> /zhome/6b/e/212868/GTN/outputs/ntn/appliances/CPDA_rg5_init0.1/L3_bd8_seed47303 | completed val=0.2392
[2026-04-30 08:24:09,340][HYDRA] 	#5 : model.L=3 model.bond_dim=16 seed=42 trainer.ridge=5 trainer.ridge_decay=0.25 trainer.ridge_min=0.0001 +experiment=cpda_ntn_sweep model=cpda dataset=appliances
[2026-04-30 08:24:09,497][__main__][INFO] - ⏭ SKIP CPDA/appliances/NTN L=3 bd=16 seed=42 -> /zhome/6b/e/212868/GTN/outputs/ntn/appliances/CPDA_rg5_init0.1/L3_bd16_seed42 | completed val=0.2329
[2026-04-30 08:24:09,499][HYDRA] 	#6 : model.L=3 model.bond_dim=16 seed=10090 trainer.ridge=5 trainer.ridge_decay=0.25 trainer.ridge_min=0.0001 +experiment=cpda_ntn_sweep model=cpda dataset=appliances
[2026-04-30 08:24:09,655][__main__][INFO] - ⏭ SKIP CPDA/appliances/NTN L=3 bd=16 seed=10090 -> /zhome/6b/e/212868/GTN/outputs/ntn/appliances/CPDA_rg5_init0.1/L3_bd16_seed10090 | completed val=0.2549
[2026-04-30 08:24:09,659][HYDRA] 	#7 : model.L=3 model.bond_dim=16 seed=32874 trainer.ridge=5 trainer.ridge_decay=0.25 trainer.ridge_min=0.0001 +experiment=cpda_ntn_sweep model=cpda dataset=appliances
[2026-04-30 08:24:09,812][__main__][INFO] - ⏭ SKIP CPDA/appliances/NTN L=3 bd=16 seed=32874 -> /zhome/6b/e/212868/GTN/outputs/ntn/appliances/CPDA_rg5_init0.1/L3_bd16_seed32874 | completed val=0.2449
[2026-04-30 08:24:09,815][HYDRA] 	#8 : model.L=3 model.bond_dim=16 seed=47311 trainer.ridge=5 trainer.ridge_decay=0.25 trainer.ridge_min=0.0001 +experiment=cpda_ntn_sweep model=cpda dataset=appliances
[2026-04-30 08:24:09,968][__main__][INFO] - ⏭ SKIP CPDA/appliances/NTN L=3 bd=16 seed=47311 -> /zhome/6b/e/212868/GTN/outputs/ntn/appliances/CPDA_rg5_init0.1/L3_bd16_seed47311 | completed val=0.2219
[2026-04-30 08:24:09,970][HYDRA] 	#9 : model.L=3 model.bond_dim=16 seed=47303 trainer.ridge=5 trainer.ridge_decay=0.25 trainer.ridge_min=0.0001 +experiment=cpda_ntn_sweep model=cpda dataset=appliances
[2026-04-30 08:24:10,126][__main__][INFO] - ⏭ SKIP CPDA/appliances/NTN L=3 bd=16 seed=47303 -> /zhome/6b/e/212868/GTN/outputs/ntn/appliances/CPDA_rg5_init0.1/L3_bd16_seed47303 | completed val=0.2598
[2026-04-30 08:24:10,129][HYDRA] 	#10 : model.L=3 model.bond_dim=32 seed=42 trainer.ridge=5 trainer.ridge_decay=0.25 trainer.ridge_min=0.0001 +experiment=cpda_ntn_sweep model=cpda dataset=appliances
[2026-04-30 08:24:10,283][__main__][INFO] - ⏭ SKIP CPDA/appliances/NTN L=3 bd=32 seed=42 -> /zhome/6b/e/212868/GTN/outputs/ntn/appliances/CPDA_rg5_init0.1/L3_bd32_seed42 | completed val=0.2469
[2026-04-30 08:24:10,285][HYDRA] 	#11 : model.L=3 model.bond_dim=32 seed=10090 trainer.ridge=5 trainer.ridge_decay=0.25 trainer.ridge_min=0.0001 +experiment=cpda_ntn_sweep model=cpda dataset=appliances
[2026-04-30 08:24:10,453][__main__][INFO] - ⏭ SKIP CPDA/appliances/NTN L=3 bd=32 seed=10090 -> /zhome/6b/e/212868/GTN/outputs/ntn/appliances/CPDA_rg5_init0.1/L3_bd32_seed10090 | completed val=0.2641
[2026-04-30 08:24:10,455][HYDRA] 	#12 : model.L=3 model.bond_dim=32 seed=32874 trainer.ridge=5 trainer.ridge_decay=0.25 trainer.ridge_min=0.0001 +experiment=cpda_ntn_sweep model=cpda dataset=appliances
[2026-04-30 08:24:10,610][__main__][INFO] - ⏭ SKIP CPDA/appliances/NTN L=3 bd=32 seed=32874 -> /zhome/6b/e/212868/GTN/outputs/ntn/appliances/CPDA_rg5_init0.1/L3_bd32_seed32874 | completed val=0.2314
[2026-04-30 08:24:10,613][HYDRA] 	#13 : model.L=3 model.bond_dim=32 seed=47311 trainer.ridge=5 trainer.ridge_decay=0.25 trainer.ridge_min=0.0001 +experiment=cpda_ntn_sweep model=cpda dataset=appliances
[2026-04-30 08:24:10,769][__main__][INFO] - ⏭ SKIP CPDA/appliances/NTN L=3 bd=32 seed=47311 -> /zhome/6b/e/212868/GTN/outputs/ntn/appliances/CPDA_rg5_init0.1/L3_bd32_seed47311 | completed val=0.2564
[2026-04-30 08:24:10,772][HYDRA] 	#14 : model.L=3 model.bond_dim=32 seed=47303 trainer.ridge=5 trainer.ridge_decay=0.25 trainer.ridge_min=0.0001 +experiment=cpda_ntn_sweep model=cpda dataset=appliances
[2026-04-30 08:24:10,925][__main__][INFO] - ⏭ SKIP CPDA/appliances/NTN L=3 bd=32 seed=47303 -> /zhome/6b/e/212868/GTN/outputs/ntn/appliances/CPDA_rg5_init0.1/L3_bd32_seed47303 | completed val=0.2575
[2026-04-30 08:24:10,927][HYDRA] 	#15 : model.L=3 model.bond_dim=64 seed=42 trainer.ridge=5 trainer.ridge_decay=0.25 trainer.ridge_min=0.0001 +experiment=cpda_ntn_sweep model=cpda dataset=appliances
[2026-04-30 08:24:11,082][__main__][INFO] - ⏭ SKIP CPDA/appliances/NTN L=3 bd=64 seed=42 -> /zhome/6b/e/212868/GTN/outputs/ntn/appliances/CPDA_rg5_init0.1/L3_bd64_seed42 | completed val=0.2767
[2026-04-30 08:24:11,085][HYDRA] 	#16 : model.L=3 model.bond_dim=64 seed=10090 trainer.ridge=5 trainer.ridge_decay=0.25 trainer.ridge_min=0.0001 +experiment=cpda_ntn_sweep model=cpda dataset=appliances
[2026-04-30 08:24:11,240][__main__][INFO] - ⏭ SKIP CPDA/appliances/NTN L=3 bd=64 seed=10090 -> /zhome/6b/e/212868/GTN/outputs/ntn/appliances/CPDA_rg5_init0.1/L3_bd64_seed10090 | completed val=0.2573
[2026-04-30 08:24:11,242][HYDRA] 	#17 : model.L=3 model.bond_dim=64 seed=32874 trainer.ridge=5 trainer.ridge_decay=0.25 trainer.ridge_min=0.0001 +experiment=cpda_ntn_sweep model=cpda dataset=appliances
[2026-04-30 08:24:11,403][__main__][INFO] - ⏭ SKIP CPDA/appliances/NTN L=3 bd=64 seed=32874 -> /zhome/6b/e/212868/GTN/outputs/ntn/appliances/CPDA_rg5_init0.1/L3_bd64_seed32874 | completed val=0.2731
[2026-04-30 08:24:11,406][HYDRA] 	#18 : model.L=3 model.bond_dim=64 seed=47311 trainer.ridge=5 trainer.ridge_decay=0.25 trainer.ridge_min=0.0001 +experiment=cpda_ntn_sweep model=cpda dataset=appliances
[2026-04-30 08:24:11,559][__main__][INFO] - ⏭ SKIP CPDA/appliances/NTN L=3 bd=64 seed=47311 -> /zhome/6b/e/212868/GTN/outputs/ntn/appliances/CPDA_rg5_init0.1/L3_bd64_seed47311 | completed val=0.2689
[2026-04-30 08:24:11,562][HYDRA] 	#19 : model.L=3 model.bond_dim=64 seed=47303 trainer.ridge=5 trainer.ridge_decay=0.25 trainer.ridge_min=0.0001 +experiment=cpda_ntn_sweep model=cpda dataset=appliances
[2026-04-30 08:24:11,716][__main__][INFO] - ⏭ SKIP CPDA/appliances/NTN L=3 bd=64 seed=47303 -> /zhome/6b/e/212868/GTN/outputs/ntn/appliances/CPDA_rg5_init0.1/L3_bd64_seed47303 | completed val=0.2539
[2026-04-30 08:24:11,719][HYDRA] 	#20 : model.L=4 model.bond_dim=8 seed=42 trainer.ridge=5 trainer.ridge_decay=0.25 trainer.ridge_min=0.0001 +experiment=cpda_ntn_sweep model=cpda dataset=appliances
[2026-04-30 08:24:11,877][__main__][INFO] - ⏭ SKIP CPDA/appliances/NTN L=4 bd=8 seed=42 -> /zhome/6b/e/212868/GTN/outputs/ntn/appliances/CPDA_rg5_init0.1/L4_bd8_seed42 | completed val=0.2470
[2026-04-30 08:24:11,880][HYDRA] 	#21 : model.L=4 model.bond_dim=8 seed=10090 trainer.ridge=5 trainer.ridge_decay=0.25 trainer.ridge_min=0.0001 +experiment=cpda_ntn_sweep model=cpda dataset=appliances
[2026-04-30 08:24:12,037][__main__][INFO] - ⏭ SKIP CPDA/appliances/NTN L=4 bd=8 seed=10090 -> /zhome/6b/e/212868/GTN/outputs/ntn/appliances/CPDA_rg5_init0.1/L4_bd8_seed10090 | completed val=0.2324
[2026-04-30 08:24:12,040][HYDRA] 	#22 : model.L=4 model.bond_dim=8 seed=32874 trainer.ridge=5 trainer.ridge_decay=0.25 trainer.ridge_min=0.0001 +experiment=cpda_ntn_sweep model=cpda dataset=appliances
[2026-04-30 08:24:12,193][__main__][INFO] - ⏭ SKIP CPDA/appliances/NTN L=4 bd=8 seed=32874 -> /zhome/6b/e/212868/GTN/outputs/ntn/appliances/CPDA_rg5_init0.1/L4_bd8_seed32874 | completed val=0.2178
[2026-04-30 08:24:12,196][HYDRA] 	#23 : model.L=4 model.bond_dim=8 seed=47311 trainer.ridge=5 trainer.ridge_decay=0.25 trainer.ridge_min=0.0001 +experiment=cpda_ntn_sweep model=cpda dataset=appliances
[2026-04-30 08:24:12,352][__main__][INFO] - ⏭ SKIP CPDA/appliances/NTN L=4 bd=8 seed=47311 -> /zhome/6b/e/212868/GTN/outputs/ntn/appliances/CPDA_rg5_init0.1/L4_bd8_seed47311 | completed val=0.1974
[2026-04-30 08:24:12,355][HYDRA] 	#24 : model.L=4 model.bond_dim=8 seed=47303 trainer.ridge=5 trainer.ridge_decay=0.25 trainer.ridge_min=0.0001 +experiment=cpda_ntn_sweep model=cpda dataset=appliances
[2026-04-30 08:24:12,723][__main__][INFO] - ⏭ SKIP CPDA/appliances/NTN L=4 bd=8 seed=47303 -> /zhome/6b/e/212868/GTN/outputs/ntn/appliances/CPDA_rg5_init0.1/L4_bd8_seed47303 | completed val=0.2337
[2026-04-30 08:24:12,725][HYDRA] 	#25 : model.L=4 model.bond_dim=16 seed=42 trainer.ridge=5 trainer.ridge_decay=0.25 trainer.ridge_min=0.0001 +experiment=cpda_ntn_sweep model=cpda dataset=appliances
[2026-04-30 08:24:12,882][__main__][INFO] - ⏭ SKIP CPDA/appliances/NTN L=4 bd=16 seed=42 -> /zhome/6b/e/212868/GTN/outputs/ntn/appliances/CPDA_rg5_init0.1/L4_bd16_seed42 | completed val=0.2361
[2026-04-30 08:24:12,885][HYDRA] 	#26 : model.L=4 model.bond_dim=16 seed=10090 trainer.ridge=5 trainer.ridge_decay=0.25 trainer.ridge_min=0.0001 +experiment=cpda_ntn_sweep model=cpda dataset=appliances
[2026-04-30 08:24:13,040][__main__][INFO] - ⏭ SKIP CPDA/appliances/NTN L=4 bd=16 seed=10090 -> /zhome/6b/e/212868/GTN/outputs/ntn/appliances/CPDA_rg5_init0.1/L4_bd16_seed10090 | completed val=0.2240
[2026-04-30 08:24:13,042][HYDRA] 	#27 : model.L=4 model.bond_dim=16 seed=32874 trainer.ridge=5 trainer.ridge_decay=0.25 trainer.ridge_min=0.0001 +experiment=cpda_ntn_sweep model=cpda dataset=appliances
[2026-04-30 08:24:13,193][__main__][INFO] - ⏭ SKIP CPDA/appliances/NTN L=4 bd=16 seed=32874 -> /zhome/6b/e/212868/GTN/outputs/ntn/appliances/CPDA_rg5_init0.1/L4_bd16_seed32874 | completed val=0.2499
[2026-04-30 08:24:13,196][HYDRA] 	#28 : model.L=4 model.bond_dim=16 seed=47311 trainer.ridge=5 trainer.ridge_decay=0.25 trainer.ridge_min=0.0001 +experiment=cpda_ntn_sweep model=cpda dataset=appliances
[2026-04-30 08:24:13,349][__main__][INFO] - ⏭ SKIP CPDA/appliances/NTN L=4 bd=16 seed=47311 -> /zhome/6b/e/212868/GTN/outputs/ntn/appliances/CPDA_rg5_init0.1/L4_bd16_seed47311 | completed val=0.2564
[2026-04-30 08:24:13,351][HYDRA] 	#29 : model.L=4 model.bond_dim=16 seed=47303 trainer.ridge=5 trainer.ridge_decay=0.25 trainer.ridge_min=0.0001 +experiment=cpda_ntn_sweep model=cpda dataset=appliances
[2026-04-30 08:24:13,504][__main__][INFO] - ⏭ SKIP CPDA/appliances/NTN L=4 bd=16 seed=47303 -> /zhome/6b/e/212868/GTN/outputs/ntn/appliances/CPDA_rg5_init0.1/L4_bd16_seed47303 | completed val=0.2445
[2026-04-30 08:24:13,506][HYDRA] 	#30 : model.L=4 model.bond_dim=32 seed=42 trainer.ridge=5 trainer.ridge_decay=0.25 trainer.ridge_min=0.0001 +experiment=cpda_ntn_sweep model=cpda dataset=appliances
[2026-04-30 08:24:13,668][__main__][INFO] - ⏭ SKIP CPDA/appliances/NTN L=4 bd=32 seed=42 -> /zhome/6b/e/212868/GTN/outputs/ntn/appliances/CPDA_rg5_init0.1/L4_bd32_seed42 | completed val=0.2496
[2026-04-30 08:24:13,676][HYDRA] 	#31 : model.L=4 model.bond_dim=32 seed=10090 trainer.ridge=5 trainer.ridge_decay=0.25 trainer.ridge_min=0.0001 +experiment=cpda_ntn_sweep model=cpda dataset=appliances
[2026-04-30 08:24:13,832][__main__][INFO] - ⏭ SKIP CPDA/appliances/NTN L=4 bd=32 seed=10090 -> /zhome/6b/e/212868/GTN/outputs/ntn/appliances/CPDA_rg5_init0.1/L4_bd32_seed10090 | completed val=0.2404
[2026-04-30 08:24:13,835][HYDRA] 	#32 : model.L=4 model.bond_dim=32 seed=32874 trainer.ridge=5 trainer.ridge_decay=0.25 trainer.ridge_min=0.0001 +experiment=cpda_ntn_sweep model=cpda dataset=appliances
[2026-04-30 08:24:13,992][__main__][INFO] - ⏭ SKIP CPDA/appliances/NTN L=4 bd=32 seed=32874 -> /zhome/6b/e/212868/GTN/outputs/ntn/appliances/CPDA_rg5_init0.1/L4_bd32_seed32874 | completed val=0.2753
[2026-04-30 08:24:13,994][HYDRA] 	#33 : model.L=4 model.bond_dim=32 seed=47311 trainer.ridge=5 trainer.ridge_decay=0.25 trainer.ridge_min=0.0001 +experiment=cpda_ntn_sweep model=cpda dataset=appliances
[2026-04-30 08:24:14,149][__main__][INFO] - ⏭ SKIP CPDA/appliances/NTN L=4 bd=32 seed=47311 -> /zhome/6b/e/212868/GTN/outputs/ntn/appliances/CPDA_rg5_init0.1/L4_bd32_seed47311 | completed val=0.2698
[2026-04-30 08:24:14,151][HYDRA] 	#34 : model.L=4 model.bond_dim=32 seed=47303 trainer.ridge=5 trainer.ridge_decay=0.25 trainer.ridge_min=0.0001 +experiment=cpda_ntn_sweep model=cpda dataset=appliances
[2026-04-30 08:24:14,303][__main__][INFO] - ⏭ SKIP CPDA/appliances/NTN L=4 bd=32 seed=47303 -> /zhome/6b/e/212868/GTN/outputs/ntn/appliances/CPDA_rg5_init0.1/L4_bd32_seed47303 | completed val=0.2547
[2026-04-30 08:24:14,306][HYDRA] 	#35 : model.L=4 model.bond_dim=64 seed=42 trainer.ridge=5 trainer.ridge_decay=0.25 trainer.ridge_min=0.0001 +experiment=cpda_ntn_sweep model=cpda dataset=appliances
[2026-04-30 08:24:14,458][__main__][INFO] - ⏭ SKIP CPDA/appliances/NTN L=4 bd=64 seed=42 -> /zhome/6b/e/212868/GTN/outputs/ntn/appliances/CPDA_rg5_init0.1/L4_bd64_seed42 | completed val=0.2352
[2026-04-30 08:24:14,461][HYDRA] 	#36 : model.L=4 model.bond_dim=64 seed=10090 trainer.ridge=5 trainer.ridge_decay=0.25 trainer.ridge_min=0.0001 +experiment=cpda_ntn_sweep model=cpda dataset=appliances
[2026-04-30 08:24:14,617][__main__][INFO] - ⏭ SKIP CPDA/appliances/NTN L=4 bd=64 seed=10090 -> /zhome/6b/e/212868/GTN/outputs/ntn/appliances/CPDA_rg5_init0.1/L4_bd64_seed10090 | completed val=0.2825
[2026-04-30 08:24:14,620][HYDRA] 	#37 : model.L=4 model.bond_dim=64 seed=32874 trainer.ridge=5 trainer.ridge_decay=0.25 trainer.ridge_min=0.0001 +experiment=cpda_ntn_sweep model=cpda dataset=appliances
[2026-04-30 08:24:14,776][__main__][INFO] - ⏭ SKIP CPDA/appliances/NTN L=4 bd=64 seed=32874 -> /zhome/6b/e/212868/GTN/outputs/ntn/appliances/CPDA_rg5_init0.1/L4_bd64_seed32874 | completed val=0.2852
[2026-04-30 08:24:14,779][HYDRA] 	#38 : model.L=4 model.bond_dim=64 seed=47311 trainer.ridge=5 trainer.ridge_decay=0.25 trainer.ridge_min=0.0001 +experiment=cpda_ntn_sweep model=cpda dataset=appliances
[2026-04-30 08:24:14,934][__main__][INFO] - ⏭ SKIP CPDA/appliances/NTN L=4 bd=64 seed=47311 -> /zhome/6b/e/212868/GTN/outputs/ntn/appliances/CPDA_rg5_init0.1/L4_bd64_seed47311 | completed val=0.2653
[2026-04-30 08:24:14,937][HYDRA] 	#39 : model.L=4 model.bond_dim=64 seed=47303 trainer.ridge=5 trainer.ridge_decay=0.25 trainer.ridge_min=0.0001 +experiment=cpda_ntn_sweep model=cpda dataset=appliances
[2026-04-30 08:24:15,122][__main__][INFO] - ⏭ SKIP CPDA/appliances/NTN L=4 bd=64 seed=47303 -> /zhome/6b/e/212868/GTN/outputs/ntn/appliances/CPDA_rg5_init0.1/L4_bd64_seed47303 | completed val=0.2622

------------------------------------------------------------
Sender: LSF System <lsfadmin@hpc.dtu.dk>
Subject: Job 28328192[11]: <ntn_grid_full[1-110]%10> in cluster <dcc> Done

Job <ntn_grid_full[1-110]%10> was submitted from host <hpclogin1> by user <nicci> in cluster <dcc> at Thu Apr 30 08:23:23 2026
Job was executed on host(s) <6*n-62-29-24>, in queue <hpc>, as user <nicci> in cluster <dcc> at Thu Apr 30 08:23:50 2026
</zhome/6b/e/212868> was used as the home directory.
</zhome/6b/e/212868/GTN> was used as the working directory.
Started at Thu Apr 30 08:23:50 2026
Terminated at Thu Apr 30 08:24:18 2026
Results reported at Thu Apr 30 08:24:18 2026

Your job looked like:

------------------------------------------------------------
# LSBATCH: User input
#!/bin/bash
#BSUB -q hpc
#BSUB -J "ntn_grid_full[1-110]%10"
#BSUB -W 8:00
#BSUB -n 6
#BSUB -R "rusage[mem=2GB]"
#BSUB -R "span[hosts=1]"
#BSUB -o logs/%J_%I.out
#BSUB -e logs/%J_%I.err

MODELS=("cpda" "cpda_typei" "lmpo2" "lmpo2_typei" "mpo2" "mpo2_typei" "mmpo2" "mmpo2_typei" "tnml_f" "tnml_p")

DATASETS=(
    "abalone" "adult" "ai4i" "appliances" "bank" "bike" "breast"
    "car_evaluation" "concrete" "energy_efficiency" "hearth"
    "iris" "mushrooms" "obesity" "popularity" "realstate"
    "seoulBike" "student_dropout" "student_perf" "wine"
    "winequalityc"
)

COMPLETED_DATASETS=(
    "abalone" "ai4i"  "bike" "concrete" "energy_efficiency"
    "iris" "obesity" "realstate" "seoulBike" "student_perf"
)

# Filter datasets
FILTERED_DATASETS=()
for ds in "${DATASETS[@]}"; do
    skip=false
    for completed in "${COMPLETED_DATASETS[@]}"; do
        if [[ "$ds" == "$completed" ]]; then
            skip=true
            break
        fi
    done

    if ! $skip; then
        FILTERED_DATASETS+=("$ds")
    fi
done

DATASETS=("${FILTERED_DATASETS[@]}")

NUM_MODELS=${#MODELS[@]}
NUM_DATASETS=${#DATASETS[@]}
NUM_EXPERIMENTS=$((NUM_DATASETS * NUM_MODELS))

if [ "$1" == "test" ]; then
    echo "SIMULATING ARRAY:"
    echo "-----------------"

(... more ...)
------------------------------------------------------------

Successfully completed.

Resource usage summary:

    CPU time :                                   16.16 sec.
    Max Memory :                                 381 MB
    Average Memory :                             381.00 MB
    Total Requested Memory :                     12288.00 MB
    Delta Memory :                               11907.00 MB
    Max Swap :                                   -
    Max Processes :                              4
    Max Threads :                                15
    Run time :                                   28 sec.
    Turnaround time :                            55 sec.

The output (if any) is above this job summary.



PS:

Read file <logs/28328192_11.err> for stderr output of this job.

