Task 32: Dataset=breast, Model=cpda_typei, Experiment=cpda_ntn_sweep
[2026-04-30 08:46:58,978][HYDRA] Launching 40 jobs locally
[2026-04-30 08:46:58,979][HYDRA] 	#0 : model.L=3 model.bond_dim=8 seed=42 trainer.ridge=5 trainer.ridge_decay=0.25 trainer.ridge_min=0.0001 +experiment=cpda_ntn_sweep model=cpda_typei dataset=breast
[2026-04-30 08:46:59,197][utils.tracking][INFO] - Loaded 16976 tracked runs from runs_tracking.csv
[2026-04-30 08:46:59,200][__main__][INFO] - ⏭ SKIP CPDATypeI/breast/NTN L=3 bd=8 seed=42 -> /zhome/6b/e/212868/GTN/outputs/ntn/breast/CPDATypeI_rg5_init0.1/L3_bd8_seed42 | completed val=0.7882
[2026-04-30 08:46:59,203][HYDRA] 	#1 : model.L=3 model.bond_dim=8 seed=10090 trainer.ridge=5 trainer.ridge_decay=0.25 trainer.ridge_min=0.0001 +experiment=cpda_ntn_sweep model=cpda_typei dataset=breast
[2026-04-30 08:46:59,354][__main__][INFO] - ⏭ SKIP CPDATypeI/breast/NTN L=3 bd=8 seed=10090 -> /zhome/6b/e/212868/GTN/outputs/ntn/breast/CPDATypeI_rg5_init0.1/L3_bd8_seed10090 | completed val=0.9529
[2026-04-30 08:46:59,357][HYDRA] 	#2 : model.L=3 model.bond_dim=8 seed=32874 trainer.ridge=5 trainer.ridge_decay=0.25 trainer.ridge_min=0.0001 +experiment=cpda_ntn_sweep model=cpda_typei dataset=breast
[2026-04-30 08:46:59,506][__main__][INFO] - ⏭ SKIP CPDATypeI/breast/NTN L=3 bd=8 seed=32874 -> /zhome/6b/e/212868/GTN/outputs/ntn/breast/CPDATypeI_rg5_init0.1/L3_bd8_seed32874 | completed val=0.9647
[2026-04-30 08:46:59,508][HYDRA] 	#3 : model.L=3 model.bond_dim=8 seed=47311 trainer.ridge=5 trainer.ridge_decay=0.25 trainer.ridge_min=0.0001 +experiment=cpda_ntn_sweep model=cpda_typei dataset=breast
[2026-04-30 08:46:59,655][__main__][INFO] - ⏭ SKIP CPDATypeI/breast/NTN L=3 bd=8 seed=47311 -> /zhome/6b/e/212868/GTN/outputs/ntn/breast/CPDATypeI_rg5_init0.1/L3_bd8_seed47311 | completed val=0.9176
[2026-04-30 08:46:59,658][HYDRA] 	#4 : model.L=3 model.bond_dim=8 seed=47303 trainer.ridge=5 trainer.ridge_decay=0.25 trainer.ridge_min=0.0001 +experiment=cpda_ntn_sweep model=cpda_typei dataset=breast
[2026-04-30 08:46:59,808][__main__][INFO] - ⏭ SKIP CPDATypeI/breast/NTN L=3 bd=8 seed=47303 -> /zhome/6b/e/212868/GTN/outputs/ntn/breast/CPDATypeI_rg5_init0.1/L3_bd8_seed47303 | completed val=0.9647
[2026-04-30 08:46:59,810][HYDRA] 	#5 : model.L=3 model.bond_dim=16 seed=42 trainer.ridge=5 trainer.ridge_decay=0.25 trainer.ridge_min=0.0001 +experiment=cpda_ntn_sweep model=cpda_typei dataset=breast
[2026-04-30 08:46:59,963][__main__][INFO] - ⏭ SKIP CPDATypeI/breast/NTN L=3 bd=16 seed=42 -> /zhome/6b/e/212868/GTN/outputs/ntn/breast/CPDATypeI_rg5_init0.1/L3_bd16_seed42 | completed val=0.9529
[2026-04-30 08:46:59,966][HYDRA] 	#6 : model.L=3 model.bond_dim=16 seed=10090 trainer.ridge=5 trainer.ridge_decay=0.25 trainer.ridge_min=0.0001 +experiment=cpda_ntn_sweep model=cpda_typei dataset=breast
[2026-04-30 08:47:00,117][__main__][INFO] - ⏭ SKIP CPDATypeI/breast/NTN L=3 bd=16 seed=10090 -> /zhome/6b/e/212868/GTN/outputs/ntn/breast/CPDATypeI_rg5_init0.1/L3_bd16_seed10090 | completed val=0.9529
[2026-04-30 08:47:00,120][HYDRA] 	#7 : model.L=3 model.bond_dim=16 seed=32874 trainer.ridge=5 trainer.ridge_decay=0.25 trainer.ridge_min=0.0001 +experiment=cpda_ntn_sweep model=cpda_typei dataset=breast
[2026-04-30 08:47:00,275][__main__][INFO] - ⏭ SKIP CPDATypeI/breast/NTN L=3 bd=16 seed=32874 -> /zhome/6b/e/212868/GTN/outputs/ntn/breast/CPDATypeI_rg5_init0.1/L3_bd16_seed32874 | completed val=0.9529
[2026-04-30 08:47:00,277][HYDRA] 	#8 : model.L=3 model.bond_dim=16 seed=47311 trainer.ridge=5 trainer.ridge_decay=0.25 trainer.ridge_min=0.0001 +experiment=cpda_ntn_sweep model=cpda_typei dataset=breast
[2026-04-30 08:47:00,426][__main__][INFO] - ⏭ SKIP CPDATypeI/breast/NTN L=3 bd=16 seed=47311 -> /zhome/6b/e/212868/GTN/outputs/ntn/breast/CPDATypeI_rg5_init0.1/L3_bd16_seed47311 | completed val=0.9529
[2026-04-30 08:47:00,428][HYDRA] 	#9 : model.L=3 model.bond_dim=16 seed=47303 trainer.ridge=5 trainer.ridge_decay=0.25 trainer.ridge_min=0.0001 +experiment=cpda_ntn_sweep model=cpda_typei dataset=breast
[2026-04-30 08:47:00,577][__main__][INFO] - ⏭ SKIP CPDATypeI/breast/NTN L=3 bd=16 seed=47303 -> /zhome/6b/e/212868/GTN/outputs/ntn/breast/CPDATypeI_rg5_init0.1/L3_bd16_seed47303 | completed val=0.9529
[2026-04-30 08:47:00,579][HYDRA] 	#10 : model.L=3 model.bond_dim=32 seed=42 trainer.ridge=5 trainer.ridge_decay=0.25 trainer.ridge_min=0.0001 +experiment=cpda_ntn_sweep model=cpda_typei dataset=breast
[2026-04-30 08:47:00,735][__main__][INFO] - ⏭ SKIP CPDATypeI/breast/NTN L=3 bd=32 seed=42 -> /zhome/6b/e/212868/GTN/outputs/ntn/breast/CPDATypeI_rg5_init0.1/L3_bd32_seed42 | completed val=0.6471
[2026-04-30 08:47:00,737][HYDRA] 	#11 : model.L=3 model.bond_dim=32 seed=10090 trainer.ridge=5 trainer.ridge_decay=0.25 trainer.ridge_min=0.0001 +experiment=cpda_ntn_sweep model=cpda_typei dataset=breast
[2026-04-30 08:47:00,900][__main__][INFO] - ⏭ SKIP CPDATypeI/breast/NTN L=3 bd=32 seed=10090 -> /zhome/6b/e/212868/GTN/outputs/ntn/breast/CPDATypeI_rg5_init0.1/L3_bd32_seed10090 | completed val=0.9412
[2026-04-30 08:47:00,902][HYDRA] 	#12 : model.L=3 model.bond_dim=32 seed=32874 trainer.ridge=5 trainer.ridge_decay=0.25 trainer.ridge_min=0.0001 +experiment=cpda_ntn_sweep model=cpda_typei dataset=breast
[2026-04-30 08:47:01,051][__main__][INFO] - ⏭ SKIP CPDATypeI/breast/NTN L=3 bd=32 seed=32874 -> /zhome/6b/e/212868/GTN/outputs/ntn/breast/CPDATypeI_rg5_init0.1/L3_bd32_seed32874 | completed val=0.7176
[2026-04-30 08:47:01,054][HYDRA] 	#13 : model.L=3 model.bond_dim=32 seed=47311 trainer.ridge=5 trainer.ridge_decay=0.25 trainer.ridge_min=0.0001 +experiment=cpda_ntn_sweep model=cpda_typei dataset=breast
[2026-04-30 08:47:01,204][__main__][INFO] - ⏭ SKIP CPDATypeI/breast/NTN L=3 bd=32 seed=47311 -> /zhome/6b/e/212868/GTN/outputs/ntn/breast/CPDATypeI_rg5_init0.1/L3_bd32_seed47311 | completed val=0.7412
[2026-04-30 08:47:01,206][HYDRA] 	#14 : model.L=3 model.bond_dim=32 seed=47303 trainer.ridge=5 trainer.ridge_decay=0.25 trainer.ridge_min=0.0001 +experiment=cpda_ntn_sweep model=cpda_typei dataset=breast
[2026-04-30 08:47:01,358][__main__][INFO] - ⏭ SKIP CPDATypeI/breast/NTN L=3 bd=32 seed=47303 -> /zhome/6b/e/212868/GTN/outputs/ntn/breast/CPDATypeI_rg5_init0.1/L3_bd32_seed47303 | completed val=0.8941
[2026-04-30 08:47:01,360][HYDRA] 	#15 : model.L=3 model.bond_dim=64 seed=42 trainer.ridge=5 trainer.ridge_decay=0.25 trainer.ridge_min=0.0001 +experiment=cpda_ntn_sweep model=cpda_typei dataset=breast
[2026-04-30 08:47:01,514][__main__][INFO] - ▶ RUN CPDATypeI/breast/NTN L=3 bd=64 seed=42 -> /zhome/6b/e/212868/GTN/outputs/ntn/breast/CPDATypeI_rg5_init0.1/L3_bd64_seed42
Starting Ensemble Fit: 20 epochs
Models: [(1, 1), (2, 2), (3, 3)]
Total nodes: 6
Validation: Using separate validation set
Early stopping: patience=10, min_delta=0.001
Init    | Train: loss: 1.03851 | quality: 0.63568
        | Val:   loss: 0.96766 | quality: 0.65882

Epoch 1 | Train: loss: 0.14103 | quality: 0.96482
        | Val:   loss: 0.18917 | quality: 0.91765
 *
Epoch 2 | Train: loss: 0.04164 | quality: 0.99246
        | Val:   loss: 0.10417 | quality: 0.95294
 *
Epoch 3 | Train: loss: 28455239.48506 | quality: 0.62060
        | Val:   loss: 15672226.64026 | quality: 0.65882

Epoch 4 | Train: loss: 7316175243227232690388880333334251503318204416.00000 | quality: 0.68844
        | Val:   loss: 1841732343628529049299869575666478407579860992.00000 | quality: 0.63529

Epoch 5 | Train: loss: 34955758695514659075900000903642156540536354097146157733697418057674251197730124501092981675126042001519327629782542261401369959707872754305137667232076240996436468299507591511274128790960838885328787312928732246704128.00000 | quality: 0.14322
        | Val:   loss: 46138752016033249160484506797058110460468390814073245836337019916925888254180040910269370430317939359551950054731280496833427206204044323071958046006084826878200042392999231282097296678466192365687235564125004310249472.00000 | quality: 0.15294

Epoch 6 | Train: loss: nan | quality: 0.62563
        | Val:   loss: nan | quality: 0.56471

Epoch 7 | Train: loss: nan | quality: 0.62563
        | Val:   loss: nan | quality: 0.56471

Epoch 8 | Train: loss: nan | quality: 0.62563
        | Val:   loss: nan | quality: 0.56471

Epoch 9 | Train: loss: nan | quality: 0.62563
        | Val:   loss: nan | quality: 0.56471

Epoch 10 | Train: loss: nan | quality: 0.62563
        | Val:   loss: nan | quality: 0.56471

Epoch 11 | Train: loss: nan | quality: 0.62563
        | Val:   loss: nan | quality: 0.56471

Epoch 12 | Train: loss: nan | quality: 0.62563
        | Val:   loss: nan | quality: 0.56471


Early stopping at epoch 12 (best was epoch 2)

Best epoch: 2 (val_quality=0.952941)
[2026-04-30 08:47:14,637][__main__][INFO] - ✓ DONE CPDATypeI/breast/NTN L=3 bd=64 seed=42 -> /zhome/6b/e/212868/GTN/outputs/ntn/breast/CPDATypeI_rg5_init0.1/L3_bd64_seed42 | val=0.9529
[2026-04-30 08:47:14,639][HYDRA] 	#16 : model.L=3 model.bond_dim=64 seed=10090 trainer.ridge=5 trainer.ridge_decay=0.25 trainer.ridge_min=0.0001 +experiment=cpda_ntn_sweep model=cpda_typei dataset=breast
[2026-04-30 08:47:14,821][__main__][INFO] - ▶ RUN CPDATypeI/breast/NTN L=3 bd=64 seed=10090 -> /zhome/6b/e/212868/GTN/outputs/ntn/breast/CPDATypeI_rg5_init0.1/L3_bd64_seed10090
Starting Ensemble Fit: 20 epochs
Models: [(1, 1), (2, 2), (3, 3)]
Total nodes: 6
Validation: Using separate validation set
Early stopping: patience=10, min_delta=0.001
Init    | Train: loss: 2.18767 | quality: 0.41206
        | Val:   loss: 1.90263 | quality: 0.49412

Epoch 1 | Train: loss: 8475.91711 | quality: 0.59296
        | Val:   loss: 4895.02590 | quality: 0.58824
 *
Epoch 2 | Train: loss: 286302444106593589002240.00000 | quality: 0.62814
        | Val:   loss: 442782313271325794238464.00000 | quality: 0.56471

Epoch 3 | Train: loss: 1412217008642393978324747353156247448242164229324994941771446036541124948550354055305625600.00000 | quality: 0.68844
        | Val:   loss: 374673094621825353394355622281488114235891295666825454877615592245548382248797724492169216.00000 | quality: 0.64706
 *
Epoch 4 | Train: loss: nan | quality: 0.62814
        | Val:   loss: nan | quality: 0.56471

Epoch 5 | Train: loss: nan | quality: 0.62563
        | Val:   loss: nan | quality: 0.56471

Epoch 6 | Train: loss: nan | quality: 0.62563
        | Val:   loss: nan | quality: 0.56471

Epoch 7 | Train: loss: nan | quality: 0.62563
        | Val:   loss: nan | quality: 0.56471

Epoch 8 | Train: loss: nan | quality: 0.62563
        | Val:   loss: nan | quality: 0.56471

Epoch 9 | Train: loss: nan | quality: 0.62563
        | Val:   loss: nan | quality: 0.56471

Epoch 10 | Train: loss: nan | quality: 0.62563
        | Val:   loss: nan | quality: 0.56471

Epoch 11 | Train: loss: nan | quality: 0.62563
        | Val:   loss: nan | quality: 0.56471

Epoch 12 | Train: loss: nan | quality: 0.62563
        | Val:   loss: nan | quality: 0.56471

Epoch 13 | Train: loss: nan | quality: 0.62563
        | Val:   loss: nan | quality: 0.56471


Early stopping at epoch 13 (best was epoch 3)

Best epoch: 3 (val_quality=0.647059)
[2026-04-30 08:47:28,816][__main__][INFO] - ✓ DONE CPDATypeI/breast/NTN L=3 bd=64 seed=10090 -> /zhome/6b/e/212868/GTN/outputs/ntn/breast/CPDATypeI_rg5_init0.1/L3_bd64_seed10090 | val=0.6471
[2026-04-30 08:47:28,818][HYDRA] 	#17 : model.L=3 model.bond_dim=64 seed=32874 trainer.ridge=5 trainer.ridge_decay=0.25 trainer.ridge_min=0.0001 +experiment=cpda_ntn_sweep model=cpda_typei dataset=breast
[2026-04-30 08:47:29,006][__main__][INFO] - ▶ RUN CPDATypeI/breast/NTN L=3 bd=64 seed=32874 -> /zhome/6b/e/212868/GTN/outputs/ntn/breast/CPDATypeI_rg5_init0.1/L3_bd64_seed32874
Starting Ensemble Fit: 20 epochs
Models: [(1, 1), (2, 2), (3, 3)]
Total nodes: 6
Validation: Using separate validation set
Early stopping: patience=10, min_delta=0.001
Init    | Train: loss: 2.86048 | quality: 0.50503
        | Val:   loss: 3.73684 | quality: 0.45882

Epoch 1 | Train: loss: 263.26273 | quality: 0.54271
        | Val:   loss: 110.54633 | quality: 0.51765
 *
Epoch 2 | Train: loss: 59796916816677.43750 | quality: 0.52010
        | Val:   loss: 48502919517633.14062 | quality: 0.58824
 *
Epoch 3 | Train: loss: 26363210831900830785443030256379870440577250192918267250314089332736.00000 | quality: 0.85427
        | Val:   loss: 4712869025640774789714029201362285185146152123677926428114549735424.00000 | quality: 0.83529
 *
Epoch 4 | Train: loss: 33669776083989568736071676556896606044866448620991150483914058513768094201203954903597353808105161295988480382810825580255810883070623348354596108992030439046672212505790779497702183493966800757781928431590556461703828507342012870506069761509420678453352571550513742701000685596093538406815019049156608.00000 | quality: 0.15578
        | Val:   loss: 43542415442898380780802939752869893679131768114241267952088272112805398255960908117525485425566477356032746908205837738814069373360842237154968285593372308787372732634267419620012431567578154644268300348925790534605078349809112650679006878391841324726807751389283579966825551839247631720552912327278592.00000 | quality: 0.15294

Epoch 5 | Train: loss: nan | quality: 0.62563
        | Val:   loss: nan | quality: 0.56471

Epoch 6 | Train: loss: nan | quality: 0.62563
        | Val:   loss: nan | quality: 0.56471

Epoch 7 | Train: loss: nan | quality: 0.62563
        | Val:   loss: nan | quality: 0.56471

Epoch 8 | Train: loss: nan | quality: 0.62563
        | Val:   loss: nan | quality: 0.56471

Epoch 9 | Train: loss: nan | quality: 0.62563
        | Val:   loss: nan | quality: 0.56471

Epoch 10 | Train: loss: nan | quality: 0.62563
        | Val:   loss: nan | quality: 0.56471

Epoch 11 | Train: loss: nan | quality: 0.62563
        | Val:   loss: nan | quality: 0.56471

Epoch 12 | Train: loss: nan | quality: 0.62563
        | Val:   loss: nan | quality: 0.56471

Epoch 13 | Train: loss: nan | quality: 0.62563
        | Val:   loss: nan | quality: 0.56471


Early stopping at epoch 13 (best was epoch 3)

Best epoch: 3 (val_quality=0.835294)
[2026-04-30 08:47:44,221][__main__][INFO] - ✓ DONE CPDATypeI/breast/NTN L=3 bd=64 seed=32874 -> /zhome/6b/e/212868/GTN/outputs/ntn/breast/CPDATypeI_rg5_init0.1/L3_bd64_seed32874 | val=0.8353
[2026-04-30 08:47:44,223][HYDRA] 	#18 : model.L=3 model.bond_dim=64 seed=47311 trainer.ridge=5 trainer.ridge_decay=0.25 trainer.ridge_min=0.0001 +experiment=cpda_ntn_sweep model=cpda_typei dataset=breast
[2026-04-30 08:47:44,408][__main__][INFO] - ▶ RUN CPDATypeI/breast/NTN L=3 bd=64 seed=47311 -> /zhome/6b/e/212868/GTN/outputs/ntn/breast/CPDATypeI_rg5_init0.1/L3_bd64_seed47311
Starting Ensemble Fit: 20 epochs
Models: [(1, 1), (2, 2), (3, 3)]
Total nodes: 6
Validation: Using separate validation set
Early stopping: patience=10, min_delta=0.001
Init    | Train: loss: 2.35109 | quality: 0.60804
        | Val:   loss: 1.24467 | quality: 0.60000

Epoch 1 | Train: loss: 7089.88409 | quality: 0.50251
        | Val:   loss: 9202.80982 | quality: 0.45882

Epoch 2 | Train: loss: 1381763689009767.50000 | quality: 0.78643
        | Val:   loss: 423857564127298.18750 | quality: 0.77647
 *
Epoch 3 | Train: loss: 30856465266090777931546297697368107326214455796374752503218815620689690624.00000 | quality: 0.15075
        | Val:   loss: 38757890383616252738511507349973893363610852606650555748882654881933950976.00000 | quality: 0.15294

Epoch 4 | Train: loss: nan | quality: 0.63065
        | Val:   loss: nan | quality: 0.56471

Epoch 5 | Train: loss: nan | quality: 0.62563
        | Val:   loss: nan | quality: 0.56471

Epoch 6 | Train: loss: nan | quality: 0.62563
        | Val:   loss: nan | quality: 0.56471

Epoch 7 | Train: loss: nan | quality: 0.62563
        | Val:   loss: nan | quality: 0.56471

Epoch 8 | Train: loss: nan | quality: 0.62563
        | Val:   loss: nan | quality: 0.56471

Epoch 9 | Train: loss: nan | quality: 0.62563
        | Val:   loss: nan | quality: 0.56471

Epoch 10 | Train: loss: nan | quality: 0.62563
        | Val:   loss: nan | quality: 0.56471

Epoch 11 | Train: loss: nan | quality: 0.62563
        | Val:   loss: nan | quality: 0.56471

Epoch 12 | Train: loss: nan | quality: 0.62563
        | Val:   loss: nan | quality: 0.56471


Early stopping at epoch 12 (best was epoch 2)

Best epoch: 2 (val_quality=0.776471)
[2026-04-30 08:47:57,362][__main__][INFO] - ✓ DONE CPDATypeI/breast/NTN L=3 bd=64 seed=47311 -> /zhome/6b/e/212868/GTN/outputs/ntn/breast/CPDATypeI_rg5_init0.1/L3_bd64_seed47311 | val=0.7765
[2026-04-30 08:47:57,365][HYDRA] 	#19 : model.L=3 model.bond_dim=64 seed=47303 trainer.ridge=5 trainer.ridge_decay=0.25 trainer.ridge_min=0.0001 +experiment=cpda_ntn_sweep model=cpda_typei dataset=breast
[2026-04-30 08:47:57,521][__main__][INFO] - ▶ RUN CPDATypeI/breast/NTN L=3 bd=64 seed=47303 -> /zhome/6b/e/212868/GTN/outputs/ntn/breast/CPDATypeI_rg5_init0.1/L3_bd64_seed47303

------------------------------------------------------------
Sender: LSF System <lsfadmin@hpc.dtu.dk>
Subject: Job 28328221[32]: <ntn_grid_full[1-100]%10> in cluster <dcc> Exited

Job <ntn_grid_full[1-100]%10> was submitted from host <hpclogin1> by user <nicci> in cluster <dcc> at Thu Apr 30 08:44:51 2026
Job was executed on host(s) <6*n-62-28-28>, in queue <hpc>, as user <nicci> in cluster <dcc> at Thu Apr 30 08:46:48 2026
</zhome/6b/e/212868> was used as the home directory.
</zhome/6b/e/212868/GTN> was used as the working directory.
Started at Thu Apr 30 08:46:48 2026
Terminated at Thu Apr 30 08:48:02 2026
Results reported at Thu Apr 30 08:48:02 2026

Your job looked like:

------------------------------------------------------------
# LSBATCH: User input
#!/bin/bash
#BSUB -q hpc
#BSUB -J "ntn_grid_full[1-100]%10"
#BSUB -W 8:00
#BSUB -n 6
#BSUB -R "rusage[mem=3GB]"
#BSUB -R "span[hosts=1]"
#BSUB -o logs/%J_%I.out
#BSUB -e logs/%J_%I.err

MODELS=("cpda" "cpda_typei" "lmpo2" "lmpo2_typei" "mpo2" "mpo2_typei" "mmpo2" "mmpo2_typei" "tnml_f" "tnml_p")

DATASETS=(
    "abalone" "adult" "ai4i" "appliances" "bank" "bike" "breast"
    "car_evaluation" "concrete" "energy_efficiency" "hearth"
    "iris" "mushrooms" "obesity" "popularity" "realstate"
    "seoulBike" "student_dropout" "student_perf" "wine"
    "winequalityc"
)

COMPLETED_DATASETS=(
    "popularity" #NOT DONE JUST REMOVED A SEC...
    "abalone" "ai4i"  "bike" "concrete" "energy_efficiency"
    "iris" "obesity" "realstate" "seoulBike" "student_perf"
)

# Filter datasets
FILTERED_DATASETS=()
for ds in "${DATASETS[@]}"; do
    skip=false
    for completed in "${COMPLETED_DATASETS[@]}"; do
        if [[ "$ds" == "$completed" ]]; then
            skip=true
            break
        fi
    done

    if ! $skip; then
        FILTERED_DATASETS+=("$ds")
    fi
done

DATASETS=("${FILTERED_DATASETS[@]}")

NUM_MODELS=${#MODELS[@]}
NUM_DATASETS=${#DATASETS[@]}
NUM_EXPERIMENTS=$((NUM_DATASETS * NUM_MODELS))

if [ "$1" == "test" ]; then
    echo "SIMULATING ARRAY:"

(... more ...)
------------------------------------------------------------

TERM_MEMLIMIT: job killed after reaching LSF memory usage limit.
Exited with exit code 137.

Resource usage summary:

    CPU time :                                   283.14 sec.
    Max Memory :                                 18432 MB
    Average Memory :                             12420.33 MB
    Total Requested Memory :                     18432.00 MB
    Delta Memory :                               0.00 MB
    Max Swap :                                   -
    Max Processes :                              4
    Max Threads :                                15
    Run time :                                   74 sec.
    Turnaround time :                            191 sec.

The output (if any) is above this job summary.



PS:

Read file <logs/28328221_32.err> for stderr output of this job.

