Task 40: Dataset=appliances, Model=tnml_p, Experiment=uci_ntn_sweep
[2026-04-29 14:21:44,615][HYDRA] Launching 30 jobs locally
[2026-04-29 14:21:44,615][HYDRA] 	#0 : model.L=3 model.bond_dim=4 seed=42 trainer.ridge=5 trainer.ridge_decay=0.25 trainer.ridge_min=0.0001 +experiment=uci_ntn_sweep model=tnml_p dataset=appliances
[2026-04-29 14:21:44,833][utils.tracking][INFO] - Loaded 16372 tracked runs from runs_tracking.csv
[2026-04-29 14:21:44,837][__main__][INFO] - ⏭ SKIP TNML_P/appliances/NTN L=3 bd=4 seed=42 -> /zhome/6b/e/212868/GTN/outputs/ntn/appliances/TNML_P_rg5_init0.1/L3_bd4_seed42 | completed val=-0.8936
[2026-04-29 14:21:44,839][HYDRA] 	#1 : model.L=3 model.bond_dim=4 seed=10090 trainer.ridge=5 trainer.ridge_decay=0.25 trainer.ridge_min=0.0001 +experiment=uci_ntn_sweep model=tnml_p dataset=appliances
[2026-04-29 14:21:44,990][__main__][INFO] - ⏭ SKIP TNML_P/appliances/NTN L=3 bd=4 seed=10090 -> /zhome/6b/e/212868/GTN/outputs/ntn/appliances/TNML_P_rg5_init0.1/L3_bd4_seed10090 | completed val=-0.7443
[2026-04-29 14:21:44,992][HYDRA] 	#2 : model.L=3 model.bond_dim=4 seed=32874 trainer.ridge=5 trainer.ridge_decay=0.25 trainer.ridge_min=0.0001 +experiment=uci_ntn_sweep model=tnml_p dataset=appliances
[2026-04-29 14:21:45,145][__main__][INFO] - ⏭ SKIP TNML_P/appliances/NTN L=3 bd=4 seed=32874 -> /zhome/6b/e/212868/GTN/outputs/ntn/appliances/TNML_P_rg5_init0.1/L3_bd4_seed32874 | completed val=-0.3195
[2026-04-29 14:21:45,147][HYDRA] 	#3 : model.L=3 model.bond_dim=4 seed=47311 trainer.ridge=5 trainer.ridge_decay=0.25 trainer.ridge_min=0.0001 +experiment=uci_ntn_sweep model=tnml_p dataset=appliances
[2026-04-29 14:21:45,456][__main__][INFO] - ⏭ SKIP TNML_P/appliances/NTN L=3 bd=4 seed=47311 -> /zhome/6b/e/212868/GTN/outputs/ntn/appliances/TNML_P_rg5_init0.1/L3_bd4_seed47311 | completed val=0.0893
[2026-04-29 14:21:45,459][HYDRA] 	#4 : model.L=3 model.bond_dim=4 seed=47303 trainer.ridge=5 trainer.ridge_decay=0.25 trainer.ridge_min=0.0001 +experiment=uci_ntn_sweep model=tnml_p dataset=appliances
[2026-04-29 14:21:45,612][__main__][INFO] - ⏭ SKIP TNML_P/appliances/NTN L=3 bd=4 seed=47303 -> /zhome/6b/e/212868/GTN/outputs/ntn/appliances/TNML_P_rg5_init0.1/L3_bd4_seed47303 | completed val=-0.8590
[2026-04-29 14:21:45,614][HYDRA] 	#5 : model.L=3 model.bond_dim=8 seed=42 trainer.ridge=5 trainer.ridge_decay=0.25 trainer.ridge_min=0.0001 +experiment=uci_ntn_sweep model=tnml_p dataset=appliances
[2026-04-29 14:21:45,763][__main__][INFO] - ⏭ SKIP TNML_P/appliances/NTN L=3 bd=8 seed=42 -> /zhome/6b/e/212868/GTN/outputs/ntn/appliances/TNML_P_rg5_init0.1/L3_bd8_seed42 | completed val=-0.8631
[2026-04-29 14:21:45,766][HYDRA] 	#6 : model.L=3 model.bond_dim=8 seed=10090 trainer.ridge=5 trainer.ridge_decay=0.25 trainer.ridge_min=0.0001 +experiment=uci_ntn_sweep model=tnml_p dataset=appliances
[2026-04-29 14:21:45,918][__main__][INFO] - ⏭ SKIP TNML_P/appliances/NTN L=3 bd=8 seed=10090 -> /zhome/6b/e/212868/GTN/outputs/ntn/appliances/TNML_P_rg5_init0.1/L3_bd8_seed10090 | completed val=-0.8995
[2026-04-29 14:21:45,920][HYDRA] 	#7 : model.L=3 model.bond_dim=8 seed=32874 trainer.ridge=5 trainer.ridge_decay=0.25 trainer.ridge_min=0.0001 +experiment=uci_ntn_sweep model=tnml_p dataset=appliances
[2026-04-29 14:21:46,068][__main__][INFO] - ⏭ SKIP TNML_P/appliances/NTN L=3 bd=8 seed=32874 -> /zhome/6b/e/212868/GTN/outputs/ntn/appliances/TNML_P_rg5_init0.1/L3_bd8_seed32874 | completed val=-0.9732
[2026-04-29 14:21:46,071][HYDRA] 	#8 : model.L=3 model.bond_dim=8 seed=47311 trainer.ridge=5 trainer.ridge_decay=0.25 trainer.ridge_min=0.0001 +experiment=uci_ntn_sweep model=tnml_p dataset=appliances
[2026-04-29 14:21:46,222][__main__][INFO] - ⏭ SKIP TNML_P/appliances/NTN L=3 bd=8 seed=47311 -> /zhome/6b/e/212868/GTN/outputs/ntn/appliances/TNML_P_rg5_init0.1/L3_bd8_seed47311 | completed val=-0.9376
[2026-04-29 14:21:46,224][HYDRA] 	#9 : model.L=3 model.bond_dim=8 seed=47303 trainer.ridge=5 trainer.ridge_decay=0.25 trainer.ridge_min=0.0001 +experiment=uci_ntn_sweep model=tnml_p dataset=appliances
[2026-04-29 14:21:46,372][__main__][INFO] - ⏭ SKIP TNML_P/appliances/NTN L=3 bd=8 seed=47303 -> /zhome/6b/e/212868/GTN/outputs/ntn/appliances/TNML_P_rg5_init0.1/L3_bd8_seed47303 | completed val=-1.0208
[2026-04-29 14:21:46,375][HYDRA] 	#10 : model.L=3 model.bond_dim=12 seed=42 trainer.ridge=5 trainer.ridge_decay=0.25 trainer.ridge_min=0.0001 +experiment=uci_ntn_sweep model=tnml_p dataset=appliances
[2026-04-29 14:21:46,532][__main__][INFO] - ⏭ SKIP TNML_P/appliances/NTN L=3 bd=12 seed=42 -> /zhome/6b/e/212868/GTN/outputs/ntn/appliances/TNML_P_rg5_init0.1/L3_bd12_seed42 | completed val=-0.9279
[2026-04-29 14:21:46,534][HYDRA] 	#11 : model.L=3 model.bond_dim=12 seed=10090 trainer.ridge=5 trainer.ridge_decay=0.25 trainer.ridge_min=0.0001 +experiment=uci_ntn_sweep model=tnml_p dataset=appliances
[2026-04-29 14:21:46,686][__main__][INFO] - ⏭ SKIP TNML_P/appliances/NTN L=3 bd=12 seed=10090 -> /zhome/6b/e/212868/GTN/outputs/ntn/appliances/TNML_P_rg5_init0.1/L3_bd12_seed10090 | completed val=-0.9602
[2026-04-29 14:21:46,688][HYDRA] 	#12 : model.L=3 model.bond_dim=12 seed=32874 trainer.ridge=5 trainer.ridge_decay=0.25 trainer.ridge_min=0.0001 +experiment=uci_ntn_sweep model=tnml_p dataset=appliances
[2026-04-29 14:21:46,840][__main__][INFO] - ⏭ SKIP TNML_P/appliances/NTN L=3 bd=12 seed=32874 -> /zhome/6b/e/212868/GTN/outputs/ntn/appliances/TNML_P_rg5_init0.1/L3_bd12_seed32874 | completed val=-0.8841
[2026-04-29 14:21:46,843][HYDRA] 	#13 : model.L=3 model.bond_dim=12 seed=47311 trainer.ridge=5 trainer.ridge_decay=0.25 trainer.ridge_min=0.0001 +experiment=uci_ntn_sweep model=tnml_p dataset=appliances
[2026-04-29 14:21:47,002][__main__][INFO] - ⏭ SKIP TNML_P/appliances/NTN L=3 bd=12 seed=47311 -> /zhome/6b/e/212868/GTN/outputs/ntn/appliances/TNML_P_rg5_init0.1/L3_bd12_seed47311 | completed val=-0.8480
[2026-04-29 14:21:47,005][HYDRA] 	#14 : model.L=3 model.bond_dim=12 seed=47303 trainer.ridge=5 trainer.ridge_decay=0.25 trainer.ridge_min=0.0001 +experiment=uci_ntn_sweep model=tnml_p dataset=appliances
[2026-04-29 14:21:47,158][__main__][INFO] - ⏭ SKIP TNML_P/appliances/NTN L=3 bd=12 seed=47303 -> /zhome/6b/e/212868/GTN/outputs/ntn/appliances/TNML_P_rg5_init0.1/L3_bd12_seed47303 | completed val=-1.0487
[2026-04-29 14:21:47,161][HYDRA] 	#15 : model.L=4 model.bond_dim=4 seed=42 trainer.ridge=5 trainer.ridge_decay=0.25 trainer.ridge_min=0.0001 +experiment=uci_ntn_sweep model=tnml_p dataset=appliances
[2026-04-29 14:21:47,319][__main__][INFO] - ⏭ SKIP TNML_P/appliances/NTN L=4 bd=4 seed=42 -> /zhome/6b/e/212868/GTN/outputs/ntn/appliances/TNML_P_rg5_init0.1/L4_bd4_seed42 | completed val=-1.0013
[2026-04-29 14:21:47,322][HYDRA] 	#16 : model.L=4 model.bond_dim=4 seed=10090 trainer.ridge=5 trainer.ridge_decay=0.25 trainer.ridge_min=0.0001 +experiment=uci_ntn_sweep model=tnml_p dataset=appliances
[2026-04-29 14:21:47,477][__main__][INFO] - ⏭ SKIP TNML_P/appliances/NTN L=4 bd=4 seed=10090 -> /zhome/6b/e/212868/GTN/outputs/ntn/appliances/TNML_P_rg5_init0.1/L4_bd4_seed10090 | completed val=-1.0022
[2026-04-29 14:21:47,479][HYDRA] 	#17 : model.L=4 model.bond_dim=4 seed=32874 trainer.ridge=5 trainer.ridge_decay=0.25 trainer.ridge_min=0.0001 +experiment=uci_ntn_sweep model=tnml_p dataset=appliances
[2026-04-29 14:21:47,638][__main__][INFO] - ⏭ SKIP TNML_P/appliances/NTN L=4 bd=4 seed=32874 -> /zhome/6b/e/212868/GTN/outputs/ntn/appliances/TNML_P_rg5_init0.1/L4_bd4_seed32874 | completed val=-1.0191
[2026-04-29 14:21:47,640][HYDRA] 	#18 : model.L=4 model.bond_dim=4 seed=47311 trainer.ridge=5 trainer.ridge_decay=0.25 trainer.ridge_min=0.0001 +experiment=uci_ntn_sweep model=tnml_p dataset=appliances
[2026-04-29 14:21:47,796][__main__][INFO] - ⏭ SKIP TNML_P/appliances/NTN L=4 bd=4 seed=47311 -> /zhome/6b/e/212868/GTN/outputs/ntn/appliances/TNML_P_rg5_init0.1/L4_bd4_seed47311 | completed val=-1.0165
[2026-04-29 14:21:47,798][HYDRA] 	#19 : model.L=4 model.bond_dim=4 seed=47303 trainer.ridge=5 trainer.ridge_decay=0.25 trainer.ridge_min=0.0001 +experiment=uci_ntn_sweep model=tnml_p dataset=appliances
[2026-04-29 14:21:47,951][__main__][INFO] - ⏭ SKIP TNML_P/appliances/NTN L=4 bd=4 seed=47303 -> /zhome/6b/e/212868/GTN/outputs/ntn/appliances/TNML_P_rg5_init0.1/L4_bd4_seed47303 | completed val=-0.9541
[2026-04-29 14:21:47,954][HYDRA] 	#20 : model.L=4 model.bond_dim=8 seed=42 trainer.ridge=5 trainer.ridge_decay=0.25 trainer.ridge_min=0.0001 +experiment=uci_ntn_sweep model=tnml_p dataset=appliances
[2026-04-29 14:21:48,112][__main__][INFO] - ⏭ SKIP TNML_P/appliances/NTN L=4 bd=8 seed=42 -> /zhome/6b/e/212868/GTN/outputs/ntn/appliances/TNML_P_rg5_init0.1/L4_bd8_seed42 | completed val=-1.0197
[2026-04-29 14:21:48,115][HYDRA] 	#21 : model.L=4 model.bond_dim=8 seed=10090 trainer.ridge=5 trainer.ridge_decay=0.25 trainer.ridge_min=0.0001 +experiment=uci_ntn_sweep model=tnml_p dataset=appliances
[2026-04-29 14:21:48,268][__main__][INFO] - ⏭ SKIP TNML_P/appliances/NTN L=4 bd=8 seed=10090 -> /zhome/6b/e/212868/GTN/outputs/ntn/appliances/TNML_P_rg5_init0.1/L4_bd8_seed10090 | completed val=-0.9506
[2026-04-29 14:21:48,270][HYDRA] 	#22 : model.L=4 model.bond_dim=8 seed=32874 trainer.ridge=5 trainer.ridge_decay=0.25 trainer.ridge_min=0.0001 +experiment=uci_ntn_sweep model=tnml_p dataset=appliances
[2026-04-29 14:21:48,420][__main__][INFO] - ⏭ SKIP TNML_P/appliances/NTN L=4 bd=8 seed=32874 -> /zhome/6b/e/212868/GTN/outputs/ntn/appliances/TNML_P_rg5_init0.1/L4_bd8_seed32874 | completed val=-1.0184
[2026-04-29 14:21:48,423][HYDRA] 	#23 : model.L=4 model.bond_dim=8 seed=47311 trainer.ridge=5 trainer.ridge_decay=0.25 trainer.ridge_min=0.0001 +experiment=uci_ntn_sweep model=tnml_p dataset=appliances
[2026-04-29 14:21:48,572][__main__][INFO] - ⏭ SKIP TNML_P/appliances/NTN L=4 bd=8 seed=47311 -> /zhome/6b/e/212868/GTN/outputs/ntn/appliances/TNML_P_rg5_init0.1/L4_bd8_seed47311 | completed val=-0.9673
[2026-04-29 14:21:48,574][HYDRA] 	#24 : model.L=4 model.bond_dim=8 seed=47303 trainer.ridge=5 trainer.ridge_decay=0.25 trainer.ridge_min=0.0001 +experiment=uci_ntn_sweep model=tnml_p dataset=appliances
[2026-04-29 14:21:48,870][__main__][INFO] - ⏭ SKIP TNML_P/appliances/NTN L=4 bd=8 seed=47303 -> /zhome/6b/e/212868/GTN/outputs/ntn/appliances/TNML_P_rg5_init0.1/L4_bd8_seed47303 | completed val=-0.9745
[2026-04-29 14:21:48,873][HYDRA] 	#25 : model.L=4 model.bond_dim=12 seed=42 trainer.ridge=5 trainer.ridge_decay=0.25 trainer.ridge_min=0.0001 +experiment=uci_ntn_sweep model=tnml_p dataset=appliances
[2026-04-29 14:21:49,036][__main__][INFO] - ⏭ SKIP TNML_P/appliances/NTN L=4 bd=12 seed=42 -> /zhome/6b/e/212868/GTN/outputs/ntn/appliances/TNML_P_rg5_init0.1/L4_bd12_seed42 | completed val=-1.0054
[2026-04-29 14:21:49,039][HYDRA] 	#26 : model.L=4 model.bond_dim=12 seed=10090 trainer.ridge=5 trainer.ridge_decay=0.25 trainer.ridge_min=0.0001 +experiment=uci_ntn_sweep model=tnml_p dataset=appliances
[2026-04-29 14:21:49,197][__main__][INFO] - ⏭ SKIP TNML_P/appliances/NTN L=4 bd=12 seed=10090 -> /zhome/6b/e/212868/GTN/outputs/ntn/appliances/TNML_P_rg5_init0.1/L4_bd12_seed10090 | completed val=-1.0246
[2026-04-29 14:21:49,200][HYDRA] 	#27 : model.L=4 model.bond_dim=12 seed=32874 trainer.ridge=5 trainer.ridge_decay=0.25 trainer.ridge_min=0.0001 +experiment=uci_ntn_sweep model=tnml_p dataset=appliances
[2026-04-29 14:21:49,352][__main__][INFO] - ⏭ SKIP TNML_P/appliances/NTN L=4 bd=12 seed=32874 -> /zhome/6b/e/212868/GTN/outputs/ntn/appliances/TNML_P_rg5_init0.1/L4_bd12_seed32874 | completed val=-0.9768
[2026-04-29 14:21:49,355][HYDRA] 	#28 : model.L=4 model.bond_dim=12 seed=47311 trainer.ridge=5 trainer.ridge_decay=0.25 trainer.ridge_min=0.0001 +experiment=uci_ntn_sweep model=tnml_p dataset=appliances
[2026-04-29 14:21:49,542][__main__][INFO] - ⏭ SKIP TNML_P/appliances/NTN L=4 bd=12 seed=47311 -> /zhome/6b/e/212868/GTN/outputs/ntn/appliances/TNML_P_rg5_init0.1/L4_bd12_seed47311 | completed val=-1.0187
[2026-04-29 14:21:49,544][HYDRA] 	#29 : model.L=4 model.bond_dim=12 seed=47303 trainer.ridge=5 trainer.ridge_decay=0.25 trainer.ridge_min=0.0001 +experiment=uci_ntn_sweep model=tnml_p dataset=appliances
[2026-04-29 14:21:49,703][__main__][INFO] - ⏭ SKIP TNML_P/appliances/NTN L=4 bd=12 seed=47303 -> /zhome/6b/e/212868/GTN/outputs/ntn/appliances/TNML_P_rg5_init0.1/L4_bd12_seed47303 | completed val=-1.0211

------------------------------------------------------------
Sender: LSF System <lsfadmin@hpc.dtu.dk>
Subject: Job 28326036[40]: <ntn_grid_full[1-140]%20> in cluster <dcc> Done

Job <ntn_grid_full[1-140]%20> was submitted from host <hpclogin1> by user <nicci> in cluster <dcc> at Wed Apr 29 14:15:19 2026
Job was executed on host(s) <4*n-62-28-30>, in queue <hpc>, as user <nicci> in cluster <dcc> at Wed Apr 29 14:21:35 2026
</zhome/6b/e/212868> was used as the home directory.
</zhome/6b/e/212868/GTN> was used as the working directory.
Started at Wed Apr 29 14:21:35 2026
Terminated at Wed Apr 29 14:21:50 2026
Results reported at Wed Apr 29 14:21:50 2026

Your job looked like:

------------------------------------------------------------
# LSBATCH: User input
#!/bin/bash
#BSUB -q hpc
#BSUB -J "ntn_grid_full[1-140]%20"
#BSUB -W 12:00
#BSUB -n 4
#BSUB -R "rusage[mem=2GB]"
#BSUB -R "span[hosts=1]"
#BSUB -o logs/%J_%I.out
#BSUB -e logs/%J_%I.err

MODELS=("cpda" "cpda_typei" "lmpo2" "lmpo2_typei" "mpo2" "mpo2_typei" "mmpo2" "mmpo2_typei" "tnml_f" "tnml_p")

DATASETS=(
    "abalone" "adult" "ai4i" "appliances" "bank" "bike" "breast"
    "car_evaluation" "concrete" "energy_efficiency" "hearth"
    "iris" "mushrooms" "obesity" "popularity" "realstate"
    "seoulBike" "student_dropout" "student_perf" "wine"
    "winequalityc"
)

COMPLETED_DATASETS=(
    "bike" "concrete" "energy_efficiency"
    "iris" "obesity" "realstate" "seoulBike"
)

# Filter datasets
FILTERED_DATASETS=()
for ds in "${DATASETS[@]}"; do
    skip=false
    for completed in "${COMPLETED_DATASETS[@]}"; do
        if [[ "$ds" == "$completed" ]]; then
            skip=true
            break
        fi
    done

    if ! $skip; then
        FILTERED_DATASETS+=("$ds")
    fi
done

DATASETS=("${FILTERED_DATASETS[@]}")

NUM_MODELS=${#MODELS[@]}
NUM_DATASETS=${#DATASETS[@]}
NUM_EXPERIMENTS=$((NUM_DATASETS * NUM_MODELS))

if [ "$1" == "test" ]; then
    echo "SIMULATING ARRAY:"
    echo "-----------------"

(... more ...)
------------------------------------------------------------

Successfully completed.

Resource usage summary:

    CPU time :                                   11.95 sec.
    Max Memory :                                 399 MB
    Average Memory :                             399.00 MB
    Total Requested Memory :                     8192.00 MB
    Delta Memory :                               7793.00 MB
    Max Swap :                                   -
    Max Processes :                              4
    Max Threads :                                5
    Run time :                                   15 sec.
    Turnaround time :                            391 sec.

The output (if any) is above this job summary.



PS:

Read file <logs/28326036_40.err> for stderr output of this job.

