Task 79: Dataset=popularity, Model=tnml_f, Experiment=uci_ntn_sweep
[2026-04-30 10:29:34,542][HYDRA] Launching 30 jobs locally
[2026-04-30 10:29:34,543][HYDRA] 	#0 : model.L=3 model.bond_dim=4 seed=42 trainer.ridge=5 trainer.ridge_decay=0.25 trainer.ridge_min=0.0001 +experiment=uci_ntn_sweep model=tnml_f dataset=popularity
[2026-04-30 10:29:35,027][utils.tracking][INFO] - Loaded 17061 tracked runs from runs_tracking.csv
[2026-04-30 10:29:35,030][__main__][INFO] - ⏭ SKIP TNML_F/popularity/NTN L=3 bd=4 seed=42 -> /zhome/6b/e/212868/GTN/outputs/ntn/popularity/TNML_F_rg5_init0.1/L3_bd4_seed42 | completed val=-0.0597
[2026-04-30 10:29:35,033][HYDRA] 	#1 : model.L=3 model.bond_dim=4 seed=10090 trainer.ridge=5 trainer.ridge_decay=0.25 trainer.ridge_min=0.0001 +experiment=uci_ntn_sweep model=tnml_f dataset=popularity
[2026-04-30 10:29:35,193][__main__][INFO] - ⏭ SKIP TNML_F/popularity/NTN L=3 bd=4 seed=10090 -> /zhome/6b/e/212868/GTN/outputs/ntn/popularity/TNML_F_rg5_init0.1/L3_bd4_seed10090 | completed val=-0.0612
[2026-04-30 10:29:35,196][HYDRA] 	#2 : model.L=3 model.bond_dim=4 seed=32874 trainer.ridge=5 trainer.ridge_decay=0.25 trainer.ridge_min=0.0001 +experiment=uci_ntn_sweep model=tnml_f dataset=popularity
[2026-04-30 10:29:35,353][__main__][INFO] - ⏭ SKIP TNML_F/popularity/NTN L=3 bd=4 seed=32874 -> /zhome/6b/e/212868/GTN/outputs/ntn/popularity/TNML_F_rg5_init0.1/L3_bd4_seed32874 | completed val=-0.0594
[2026-04-30 10:29:35,356][HYDRA] 	#3 : model.L=3 model.bond_dim=4 seed=47311 trainer.ridge=5 trainer.ridge_decay=0.25 trainer.ridge_min=0.0001 +experiment=uci_ntn_sweep model=tnml_f dataset=popularity
[2026-04-30 10:29:35,526][__main__][INFO] - ⏭ SKIP TNML_F/popularity/NTN L=3 bd=4 seed=47311 -> /zhome/6b/e/212868/GTN/outputs/ntn/popularity/TNML_F_rg5_init0.1/L3_bd4_seed47311 | completed val=-0.0595
[2026-04-30 10:29:35,529][HYDRA] 	#4 : model.L=3 model.bond_dim=4 seed=47303 trainer.ridge=5 trainer.ridge_decay=0.25 trainer.ridge_min=0.0001 +experiment=uci_ntn_sweep model=tnml_f dataset=popularity
[2026-04-30 10:29:35,687][__main__][INFO] - ⏭ SKIP TNML_F/popularity/NTN L=3 bd=4 seed=47303 -> /zhome/6b/e/212868/GTN/outputs/ntn/popularity/TNML_F_rg5_init0.1/L3_bd4_seed47303 | completed val=-0.0605
[2026-04-30 10:29:35,690][HYDRA] 	#5 : model.L=3 model.bond_dim=8 seed=42 trainer.ridge=5 trainer.ridge_decay=0.25 trainer.ridge_min=0.0001 +experiment=uci_ntn_sweep model=tnml_f dataset=popularity
[2026-04-30 10:29:35,851][__main__][INFO] - ⏭ SKIP TNML_F/popularity/NTN L=3 bd=8 seed=42 -> /zhome/6b/e/212868/GTN/outputs/ntn/popularity/TNML_F_rg5_init0.1/L3_bd8_seed42 | completed val=-0.0580
[2026-04-30 10:29:35,854][HYDRA] 	#6 : model.L=3 model.bond_dim=8 seed=10090 trainer.ridge=5 trainer.ridge_decay=0.25 trainer.ridge_min=0.0001 +experiment=uci_ntn_sweep model=tnml_f dataset=popularity
[2026-04-30 10:29:36,019][__main__][INFO] - ⏭ SKIP TNML_F/popularity/NTN L=3 bd=8 seed=10090 -> /zhome/6b/e/212868/GTN/outputs/ntn/popularity/TNML_F_rg5_init0.1/L3_bd8_seed10090 | completed val=-0.0599
[2026-04-30 10:29:36,022][HYDRA] 	#7 : model.L=3 model.bond_dim=8 seed=32874 trainer.ridge=5 trainer.ridge_decay=0.25 trainer.ridge_min=0.0001 +experiment=uci_ntn_sweep model=tnml_f dataset=popularity
[2026-04-30 10:29:36,182][__main__][INFO] - ⏭ SKIP TNML_F/popularity/NTN L=3 bd=8 seed=32874 -> /zhome/6b/e/212868/GTN/outputs/ntn/popularity/TNML_F_rg5_init0.1/L3_bd8_seed32874 | completed val=-0.0594
[2026-04-30 10:29:36,186][HYDRA] 	#8 : model.L=3 model.bond_dim=8 seed=47311 trainer.ridge=5 trainer.ridge_decay=0.25 trainer.ridge_min=0.0001 +experiment=uci_ntn_sweep model=tnml_f dataset=popularity
[2026-04-30 10:29:36,344][__main__][INFO] - ⏭ SKIP TNML_F/popularity/NTN L=3 bd=8 seed=47311 -> /zhome/6b/e/212868/GTN/outputs/ntn/popularity/TNML_F_rg5_init0.1/L3_bd8_seed47311 | completed val=-0.0597
[2026-04-30 10:29:36,346][HYDRA] 	#9 : model.L=3 model.bond_dim=8 seed=47303 trainer.ridge=5 trainer.ridge_decay=0.25 trainer.ridge_min=0.0001 +experiment=uci_ntn_sweep model=tnml_f dataset=popularity
[2026-04-30 10:29:36,504][__main__][INFO] - ⏭ SKIP TNML_F/popularity/NTN L=3 bd=8 seed=47303 -> /zhome/6b/e/212868/GTN/outputs/ntn/popularity/TNML_F_rg5_init0.1/L3_bd8_seed47303 | completed val=-0.0609
[2026-04-30 10:29:36,507][HYDRA] 	#10 : model.L=3 model.bond_dim=12 seed=42 trainer.ridge=5 trainer.ridge_decay=0.25 trainer.ridge_min=0.0001 +experiment=uci_ntn_sweep model=tnml_f dataset=popularity
[2026-04-30 10:29:36,666][__main__][INFO] - ⏭ SKIP TNML_F/popularity/NTN L=3 bd=12 seed=42 -> /zhome/6b/e/212868/GTN/outputs/ntn/popularity/TNML_F_rg5_init0.1/L3_bd12_seed42 | completed val=-0.0595
[2026-04-30 10:29:36,669][HYDRA] 	#11 : model.L=3 model.bond_dim=12 seed=10090 trainer.ridge=5 trainer.ridge_decay=0.25 trainer.ridge_min=0.0001 +experiment=uci_ntn_sweep model=tnml_f dataset=popularity
[2026-04-30 10:29:36,839][__main__][INFO] - ⏭ SKIP TNML_F/popularity/NTN L=3 bd=12 seed=10090 -> /zhome/6b/e/212868/GTN/outputs/ntn/popularity/TNML_F_rg5_init0.1/L3_bd12_seed10090 | completed val=-0.0594
[2026-04-30 10:29:36,842][HYDRA] 	#12 : model.L=3 model.bond_dim=12 seed=32874 trainer.ridge=5 trainer.ridge_decay=0.25 trainer.ridge_min=0.0001 +experiment=uci_ntn_sweep model=tnml_f dataset=popularity
[2026-04-30 10:29:37,034][__main__][INFO] - ⏭ SKIP TNML_F/popularity/NTN L=3 bd=12 seed=32874 -> /zhome/6b/e/212868/GTN/outputs/ntn/popularity/TNML_F_rg5_init0.1/L3_bd12_seed32874 | completed val=-0.0594
[2026-04-30 10:29:37,037][HYDRA] 	#13 : model.L=3 model.bond_dim=12 seed=47311 trainer.ridge=5 trainer.ridge_decay=0.25 trainer.ridge_min=0.0001 +experiment=uci_ntn_sweep model=tnml_f dataset=popularity
[2026-04-30 10:29:37,199][__main__][INFO] - ⏭ SKIP TNML_F/popularity/NTN L=3 bd=12 seed=47311 -> /zhome/6b/e/212868/GTN/outputs/ntn/popularity/TNML_F_rg5_init0.1/L3_bd12_seed47311 | completed val=-0.0595
[2026-04-30 10:29:37,202][HYDRA] 	#14 : model.L=3 model.bond_dim=12 seed=47303 trainer.ridge=5 trainer.ridge_decay=0.25 trainer.ridge_min=0.0001 +experiment=uci_ntn_sweep model=tnml_f dataset=popularity
[2026-04-30 10:29:37,396][__main__][INFO] - ⏭ SKIP TNML_F/popularity/NTN L=3 bd=12 seed=47303 -> /zhome/6b/e/212868/GTN/outputs/ntn/popularity/TNML_F_rg5_init0.1/L3_bd12_seed47303 | completed val=-0.0594
[2026-04-30 10:29:37,399][HYDRA] 	#15 : model.L=4 model.bond_dim=4 seed=42 trainer.ridge=5 trainer.ridge_decay=0.25 trainer.ridge_min=0.0001 +experiment=uci_ntn_sweep model=tnml_f dataset=popularity
[2026-04-30 10:29:37,592][__main__][INFO] - ⏭ SKIP TNML_F/popularity/NTN L=4 bd=4 seed=42 -> /zhome/6b/e/212868/GTN/outputs/ntn/popularity/TNML_F_rg5_init0.1/L4_bd4_seed42 | completed val=-0.0597
[2026-04-30 10:29:37,595][HYDRA] 	#16 : model.L=4 model.bond_dim=4 seed=10090 trainer.ridge=5 trainer.ridge_decay=0.25 trainer.ridge_min=0.0001 +experiment=uci_ntn_sweep model=tnml_f dataset=popularity
[2026-04-30 10:29:37,752][__main__][INFO] - ⏭ SKIP TNML_F/popularity/NTN L=4 bd=4 seed=10090 -> /zhome/6b/e/212868/GTN/outputs/ntn/popularity/TNML_F_rg5_init0.1/L4_bd4_seed10090 | completed val=-0.0612
[2026-04-30 10:29:37,755][HYDRA] 	#17 : model.L=4 model.bond_dim=4 seed=32874 trainer.ridge=5 trainer.ridge_decay=0.25 trainer.ridge_min=0.0001 +experiment=uci_ntn_sweep model=tnml_f dataset=popularity
[2026-04-30 10:29:37,931][__main__][INFO] - ⏭ SKIP TNML_F/popularity/NTN L=4 bd=4 seed=32874 -> /zhome/6b/e/212868/GTN/outputs/ntn/popularity/TNML_F_rg5_init0.1/L4_bd4_seed32874 | completed val=-0.0594
[2026-04-30 10:29:37,934][HYDRA] 	#18 : model.L=4 model.bond_dim=4 seed=47311 trainer.ridge=5 trainer.ridge_decay=0.25 trainer.ridge_min=0.0001 +experiment=uci_ntn_sweep model=tnml_f dataset=popularity
[2026-04-30 10:29:38,102][__main__][INFO] - ⏭ SKIP TNML_F/popularity/NTN L=4 bd=4 seed=47311 -> /zhome/6b/e/212868/GTN/outputs/ntn/popularity/TNML_F_rg5_init0.1/L4_bd4_seed47311 | completed val=-0.0595
[2026-04-30 10:29:38,105][HYDRA] 	#19 : model.L=4 model.bond_dim=4 seed=47303 trainer.ridge=5 trainer.ridge_decay=0.25 trainer.ridge_min=0.0001 +experiment=uci_ntn_sweep model=tnml_f dataset=popularity
[2026-04-30 10:29:38,266][__main__][INFO] - ⏭ SKIP TNML_F/popularity/NTN L=4 bd=4 seed=47303 -> /zhome/6b/e/212868/GTN/outputs/ntn/popularity/TNML_F_rg5_init0.1/L4_bd4_seed47303 | completed val=-0.0605
[2026-04-30 10:29:38,269][HYDRA] 	#20 : model.L=4 model.bond_dim=8 seed=42 trainer.ridge=5 trainer.ridge_decay=0.25 trainer.ridge_min=0.0001 +experiment=uci_ntn_sweep model=tnml_f dataset=popularity
[2026-04-30 10:29:38,428][__main__][INFO] - ⏭ SKIP TNML_F/popularity/NTN L=4 bd=8 seed=42 -> /zhome/6b/e/212868/GTN/outputs/ntn/popularity/TNML_F_rg5_init0.1/L4_bd8_seed42 | completed val=-0.0580
[2026-04-30 10:29:38,431][HYDRA] 	#21 : model.L=4 model.bond_dim=8 seed=10090 trainer.ridge=5 trainer.ridge_decay=0.25 trainer.ridge_min=0.0001 +experiment=uci_ntn_sweep model=tnml_f dataset=popularity
[2026-04-30 10:29:38,587][__main__][INFO] - ⏭ SKIP TNML_F/popularity/NTN L=4 bd=8 seed=10090 -> /zhome/6b/e/212868/GTN/outputs/ntn/popularity/TNML_F_rg5_init0.1/L4_bd8_seed10090 | completed val=-0.0599
[2026-04-30 10:29:38,590][HYDRA] 	#22 : model.L=4 model.bond_dim=8 seed=32874 trainer.ridge=5 trainer.ridge_decay=0.25 trainer.ridge_min=0.0001 +experiment=uci_ntn_sweep model=tnml_f dataset=popularity
[2026-04-30 10:29:38,763][__main__][INFO] - ⏭ SKIP TNML_F/popularity/NTN L=4 bd=8 seed=32874 -> /zhome/6b/e/212868/GTN/outputs/ntn/popularity/TNML_F_rg5_init0.1/L4_bd8_seed32874 | completed val=-0.0594
[2026-04-30 10:29:38,766][HYDRA] 	#23 : model.L=4 model.bond_dim=8 seed=47311 trainer.ridge=5 trainer.ridge_decay=0.25 trainer.ridge_min=0.0001 +experiment=uci_ntn_sweep model=tnml_f dataset=popularity
[2026-04-30 10:29:38,925][__main__][INFO] - ⏭ SKIP TNML_F/popularity/NTN L=4 bd=8 seed=47311 -> /zhome/6b/e/212868/GTN/outputs/ntn/popularity/TNML_F_rg5_init0.1/L4_bd8_seed47311 | completed val=-0.0597
[2026-04-30 10:29:38,927][HYDRA] 	#24 : model.L=4 model.bond_dim=8 seed=47303 trainer.ridge=5 trainer.ridge_decay=0.25 trainer.ridge_min=0.0001 +experiment=uci_ntn_sweep model=tnml_f dataset=popularity
[2026-04-30 10:29:39,084][__main__][INFO] - ⏭ SKIP TNML_F/popularity/NTN L=4 bd=8 seed=47303 -> /zhome/6b/e/212868/GTN/outputs/ntn/popularity/TNML_F_rg5_init0.1/L4_bd8_seed47303 | completed val=-0.0600
[2026-04-30 10:29:39,086][HYDRA] 	#25 : model.L=4 model.bond_dim=12 seed=42 trainer.ridge=5 trainer.ridge_decay=0.25 trainer.ridge_min=0.0001 +experiment=uci_ntn_sweep model=tnml_f dataset=popularity
[2026-04-30 10:29:39,256][__main__][INFO] - ⏭ SKIP TNML_F/popularity/NTN L=4 bd=12 seed=42 -> /zhome/6b/e/212868/GTN/outputs/ntn/popularity/TNML_F_rg5_init0.1/L4_bd12_seed42 | completed val=-0.0595
[2026-04-30 10:29:39,259][HYDRA] 	#26 : model.L=4 model.bond_dim=12 seed=10090 trainer.ridge=5 trainer.ridge_decay=0.25 trainer.ridge_min=0.0001 +experiment=uci_ntn_sweep model=tnml_f dataset=popularity
[2026-04-30 10:29:39,423][__main__][INFO] - ⏭ SKIP TNML_F/popularity/NTN L=4 bd=12 seed=10090 -> /zhome/6b/e/212868/GTN/outputs/ntn/popularity/TNML_F_rg5_init0.1/L4_bd12_seed10090 | completed val=-0.0594
[2026-04-30 10:29:39,432][HYDRA] 	#27 : model.L=4 model.bond_dim=12 seed=32874 trainer.ridge=5 trainer.ridge_decay=0.25 trainer.ridge_min=0.0001 +experiment=uci_ntn_sweep model=tnml_f dataset=popularity
[2026-04-30 10:29:39,843][__main__][INFO] - ⏭ SKIP TNML_F/popularity/NTN L=4 bd=12 seed=32874 -> /zhome/6b/e/212868/GTN/outputs/ntn/popularity/TNML_F_rg5_init0.1/L4_bd12_seed32874 | completed val=-0.0594
[2026-04-30 10:29:39,846][HYDRA] 	#28 : model.L=4 model.bond_dim=12 seed=47311 trainer.ridge=5 trainer.ridge_decay=0.25 trainer.ridge_min=0.0001 +experiment=uci_ntn_sweep model=tnml_f dataset=popularity
[2026-04-30 10:29:40,003][__main__][INFO] - ⏭ SKIP TNML_F/popularity/NTN L=4 bd=12 seed=47311 -> /zhome/6b/e/212868/GTN/outputs/ntn/popularity/TNML_F_rg5_init0.1/L4_bd12_seed47311 | completed val=-0.0595
[2026-04-30 10:29:40,027][HYDRA] 	#29 : model.L=4 model.bond_dim=12 seed=47303 trainer.ridge=5 trainer.ridge_decay=0.25 trainer.ridge_min=0.0001 +experiment=uci_ntn_sweep model=tnml_f dataset=popularity
[2026-04-30 10:29:40,191][__main__][INFO] - ⏭ SKIP TNML_F/popularity/NTN L=4 bd=12 seed=47303 -> /zhome/6b/e/212868/GTN/outputs/ntn/popularity/TNML_F_rg5_init0.1/L4_bd12_seed47303 | completed val=-0.0594

------------------------------------------------------------
Sender: LSF System <lsfadmin@hpc.dtu.dk>
Subject: Job 28328569[79]: <ntn_grid_full[1-110]%10> in cluster <dcc> Done

Job <ntn_grid_full[1-110]%10> was submitted from host <hpclogin1> by user <nicci> in cluster <dcc> at Thu Apr 30 10:21:07 2026
Job was executed on host(s) <6*n-62-31-17>, in queue <hpc>, as user <nicci> in cluster <dcc> at Thu Apr 30 10:29:24 2026
</zhome/6b/e/212868> was used as the home directory.
</zhome/6b/e/212868/GTN> was used as the working directory.
Started at Thu Apr 30 10:29:24 2026
Terminated at Thu Apr 30 10:29:41 2026
Results reported at Thu Apr 30 10:29:41 2026

Your job looked like:

------------------------------------------------------------
# LSBATCH: User input
#!/bin/bash
#BSUB -q hpc
#BSUB -J "ntn_grid_full[1-110]%10"
#BSUB -W 8:00
#BSUB -n 6
#BSUB -R "rusage[mem=4GB]"
#BSUB -R "span[hosts=1]"
#BSUB -o logs/%J_%I.out
#BSUB -e logs/%J_%I.err

MODELS=("cpda" "cpda_typei" "lmpo2" "lmpo2_typei" "mpo2" "mpo2_typei" "mmpo2" "mmpo2_typei" "tnml_f" "tnml_p")

DATASETS=(
    "abalone" "adult" "ai4i" "appliances" "bank" "bike" "breast"
    "car_evaluation" "concrete" "energy_efficiency" "hearth"
    "iris" "mushrooms" "obesity" "popularity" "realstate"
    "seoulBike" "student_dropout" "student_perf" "wine"
    "winequalityc"
)

COMPLETED_DATASETS=(
    "abalone" "ai4i"  "bike" "concrete" "energy_efficiency"
    "iris" "obesity" "realstate" "seoulBike" "student_perf"
)

# Filter datasets
FILTERED_DATASETS=()
for ds in "${DATASETS[@]}"; do
    skip=false
    for completed in "${COMPLETED_DATASETS[@]}"; do
        if [[ "$ds" == "$completed" ]]; then
            skip=true
            break
        fi
    done

    if ! $skip; then
        FILTERED_DATASETS+=("$ds")
    fi
done

DATASETS=("${FILTERED_DATASETS[@]}")

NUM_MODELS=${#MODELS[@]}
NUM_DATASETS=${#DATASETS[@]}
NUM_EXPERIMENTS=$((NUM_DATASETS * NUM_MODELS))

if [ "$1" == "test" ]; then
    echo "SIMULATING ARRAY:"
    echo "-----------------"

(... more ...)
------------------------------------------------------------

Successfully completed.

Resource usage summary:

    CPU time :                                   13.66 sec.
    Max Memory :                                 394 MB
    Average Memory :                             394.00 MB
    Total Requested Memory :                     24576.00 MB
    Delta Memory :                               24182.00 MB
    Max Swap :                                   -
    Max Processes :                              4
    Max Threads :                                15
    Run time :                                   17 sec.
    Turnaround time :                            514 sec.

The output (if any) is above this job summary.



PS:

Read file <logs/28328569_79.err> for stderr output of this job.

