Task 95: Dataset=wine, Model=mpo2, Experiment=uci_ntn_sweep
[2026-04-30 10:31:42,621][HYDRA] Launching 30 jobs locally
[2026-04-30 10:31:42,621][HYDRA] 	#0 : model.L=3 model.bond_dim=4 seed=42 trainer.ridge=5 trainer.ridge_decay=0.25 trainer.ridge_min=0.0001 +experiment=uci_ntn_sweep model=mpo2 dataset=wine
[2026-04-30 10:31:42,895][utils.tracking][INFO] - Loaded 17061 tracked runs from runs_tracking.csv
[2026-04-30 10:31:42,899][__main__][INFO] - ⏭ SKIP MPO2/wine/NTN L=3 bd=4 seed=42 -> /zhome/6b/e/212868/GTN/outputs/ntn/wine/MPO2_rg5_init0.1/L3_bd4_seed42 | completed val=0.3704
[2026-04-30 10:31:42,912][HYDRA] 	#1 : model.L=3 model.bond_dim=4 seed=10090 trainer.ridge=5 trainer.ridge_decay=0.25 trainer.ridge_min=0.0001 +experiment=uci_ntn_sweep model=mpo2 dataset=wine
[2026-04-30 10:31:43,301][__main__][INFO] - ⏭ SKIP MPO2/wine/NTN L=3 bd=4 seed=10090 -> /zhome/6b/e/212868/GTN/outputs/ntn/wine/MPO2_rg5_init0.1/L3_bd4_seed10090 | completed val=0.9630
[2026-04-30 10:31:43,304][HYDRA] 	#2 : model.L=3 model.bond_dim=4 seed=32874 trainer.ridge=5 trainer.ridge_decay=0.25 trainer.ridge_min=0.0001 +experiment=uci_ntn_sweep model=mpo2 dataset=wine
[2026-04-30 10:31:43,473][__main__][INFO] - ⏭ SKIP MPO2/wine/NTN L=3 bd=4 seed=32874 -> /zhome/6b/e/212868/GTN/outputs/ntn/wine/MPO2_rg5_init0.1/L3_bd4_seed32874 | completed val=0.4444
[2026-04-30 10:31:43,476][HYDRA] 	#3 : model.L=3 model.bond_dim=4 seed=47311 trainer.ridge=5 trainer.ridge_decay=0.25 trainer.ridge_min=0.0001 +experiment=uci_ntn_sweep model=mpo2 dataset=wine
[2026-04-30 10:31:43,663][__main__][INFO] - ⏭ SKIP MPO2/wine/NTN L=3 bd=4 seed=47311 -> /zhome/6b/e/212868/GTN/outputs/ntn/wine/MPO2_rg5_init0.1/L3_bd4_seed47311 | completed val=0.3704
[2026-04-30 10:31:43,667][HYDRA] 	#4 : model.L=3 model.bond_dim=4 seed=47303 trainer.ridge=5 trainer.ridge_decay=0.25 trainer.ridge_min=0.0001 +experiment=uci_ntn_sweep model=mpo2 dataset=wine
[2026-04-30 10:31:43,834][__main__][INFO] - ⏭ SKIP MPO2/wine/NTN L=3 bd=4 seed=47303 -> /zhome/6b/e/212868/GTN/outputs/ntn/wine/MPO2_rg5_init0.1/L3_bd4_seed47303 | completed val=0.3704
[2026-04-30 10:31:43,838][HYDRA] 	#5 : model.L=3 model.bond_dim=8 seed=42 trainer.ridge=5 trainer.ridge_decay=0.25 trainer.ridge_min=0.0001 +experiment=uci_ntn_sweep model=mpo2 dataset=wine
[2026-04-30 10:31:43,998][__main__][INFO] - ⏭ SKIP MPO2/wine/NTN L=3 bd=8 seed=42 -> /zhome/6b/e/212868/GTN/outputs/ntn/wine/MPO2_rg5_init0.1/L3_bd8_seed42 | completed val=0.4074
[2026-04-30 10:31:44,001][HYDRA] 	#6 : model.L=3 model.bond_dim=8 seed=10090 trainer.ridge=5 trainer.ridge_decay=0.25 trainer.ridge_min=0.0001 +experiment=uci_ntn_sweep model=mpo2 dataset=wine
[2026-04-30 10:31:44,182][__main__][INFO] - ⏭ SKIP MPO2/wine/NTN L=3 bd=8 seed=10090 -> /zhome/6b/e/212868/GTN/outputs/ntn/wine/MPO2_rg5_init0.1/L3_bd8_seed10090 | completed val=0.3704
[2026-04-30 10:31:44,186][HYDRA] 	#7 : model.L=3 model.bond_dim=8 seed=32874 trainer.ridge=5 trainer.ridge_decay=0.25 trainer.ridge_min=0.0001 +experiment=uci_ntn_sweep model=mpo2 dataset=wine
[2026-04-30 10:31:44,347][__main__][INFO] - ⏭ SKIP MPO2/wine/NTN L=3 bd=8 seed=32874 -> /zhome/6b/e/212868/GTN/outputs/ntn/wine/MPO2_rg5_init0.1/L3_bd8_seed32874 | completed val=0.7037
[2026-04-30 10:31:44,350][HYDRA] 	#8 : model.L=3 model.bond_dim=8 seed=47311 trainer.ridge=5 trainer.ridge_decay=0.25 trainer.ridge_min=0.0001 +experiment=uci_ntn_sweep model=mpo2 dataset=wine
[2026-04-30 10:31:44,512][__main__][INFO] - ⏭ SKIP MPO2/wine/NTN L=3 bd=8 seed=47311 -> /zhome/6b/e/212868/GTN/outputs/ntn/wine/MPO2_rg5_init0.1/L3_bd8_seed47311 | completed val=0.4074
[2026-04-30 10:31:44,515][HYDRA] 	#9 : model.L=3 model.bond_dim=8 seed=47303 trainer.ridge=5 trainer.ridge_decay=0.25 trainer.ridge_min=0.0001 +experiment=uci_ntn_sweep model=mpo2 dataset=wine
[2026-04-30 10:31:44,688][__main__][INFO] - ⏭ SKIP MPO2/wine/NTN L=3 bd=8 seed=47303 -> /zhome/6b/e/212868/GTN/outputs/ntn/wine/MPO2_rg5_init0.1/L3_bd8_seed47303 | completed val=0.4444
[2026-04-30 10:31:44,692][HYDRA] 	#10 : model.L=3 model.bond_dim=12 seed=42 trainer.ridge=5 trainer.ridge_decay=0.25 trainer.ridge_min=0.0001 +experiment=uci_ntn_sweep model=mpo2 dataset=wine
[2026-04-30 10:31:44,856][__main__][INFO] - ⏭ SKIP MPO2/wine/NTN L=3 bd=12 seed=42 -> /zhome/6b/e/212868/GTN/outputs/ntn/wine/MPO2_rg5_init0.1/L3_bd12_seed42 | completed val=0.4815
[2026-04-30 10:31:44,859][HYDRA] 	#11 : model.L=3 model.bond_dim=12 seed=10090 trainer.ridge=5 trainer.ridge_decay=0.25 trainer.ridge_min=0.0001 +experiment=uci_ntn_sweep model=mpo2 dataset=wine
[2026-04-30 10:31:45,027][__main__][INFO] - ⏭ SKIP MPO2/wine/NTN L=3 bd=12 seed=10090 -> /zhome/6b/e/212868/GTN/outputs/ntn/wine/MPO2_rg5_init0.1/L3_bd12_seed10090 | completed val=0.4074
[2026-04-30 10:31:45,029][HYDRA] 	#12 : model.L=3 model.bond_dim=12 seed=32874 trainer.ridge=5 trainer.ridge_decay=0.25 trainer.ridge_min=0.0001 +experiment=uci_ntn_sweep model=mpo2 dataset=wine
[2026-04-30 10:31:45,195][__main__][INFO] - ⏭ SKIP MPO2/wine/NTN L=3 bd=12 seed=32874 -> /zhome/6b/e/212868/GTN/outputs/ntn/wine/MPO2_rg5_init0.1/L3_bd12_seed32874 | completed val=0.3704
[2026-04-30 10:31:45,198][HYDRA] 	#13 : model.L=3 model.bond_dim=12 seed=47311 trainer.ridge=5 trainer.ridge_decay=0.25 trainer.ridge_min=0.0001 +experiment=uci_ntn_sweep model=mpo2 dataset=wine
[2026-04-30 10:31:45,374][__main__][INFO] - ⏭ SKIP MPO2/wine/NTN L=3 bd=12 seed=47311 -> /zhome/6b/e/212868/GTN/outputs/ntn/wine/MPO2_rg5_init0.1/L3_bd12_seed47311 | completed val=0.5185
[2026-04-30 10:31:45,377][HYDRA] 	#14 : model.L=3 model.bond_dim=12 seed=47303 trainer.ridge=5 trainer.ridge_decay=0.25 trainer.ridge_min=0.0001 +experiment=uci_ntn_sweep model=mpo2 dataset=wine
[2026-04-30 10:31:45,537][__main__][INFO] - ⏭ SKIP MPO2/wine/NTN L=3 bd=12 seed=47303 -> /zhome/6b/e/212868/GTN/outputs/ntn/wine/MPO2_rg5_init0.1/L3_bd12_seed47303 | completed val=0.7778
[2026-04-30 10:31:45,540][HYDRA] 	#15 : model.L=4 model.bond_dim=4 seed=42 trainer.ridge=5 trainer.ridge_decay=0.25 trainer.ridge_min=0.0001 +experiment=uci_ntn_sweep model=mpo2 dataset=wine
[2026-04-30 10:31:45,698][__main__][INFO] - ⏭ SKIP MPO2/wine/NTN L=4 bd=4 seed=42 -> /zhome/6b/e/212868/GTN/outputs/ntn/wine/MPO2_rg5_init0.1/L4_bd4_seed42 | completed val=0.4444
[2026-04-30 10:31:45,702][HYDRA] 	#16 : model.L=4 model.bond_dim=4 seed=10090 trainer.ridge=5 trainer.ridge_decay=0.25 trainer.ridge_min=0.0001 +experiment=uci_ntn_sweep model=mpo2 dataset=wine
[2026-04-30 10:31:45,865][__main__][INFO] - ⏭ SKIP MPO2/wine/NTN L=4 bd=4 seed=10090 -> /zhome/6b/e/212868/GTN/outputs/ntn/wine/MPO2_rg5_init0.1/L4_bd4_seed10090 | completed val=0.4815
[2026-04-30 10:31:45,869][HYDRA] 	#17 : model.L=4 model.bond_dim=4 seed=32874 trainer.ridge=5 trainer.ridge_decay=0.25 trainer.ridge_min=0.0001 +experiment=uci_ntn_sweep model=mpo2 dataset=wine
[2026-04-30 10:31:46,029][__main__][INFO] - ⏭ SKIP MPO2/wine/NTN L=4 bd=4 seed=32874 -> /zhome/6b/e/212868/GTN/outputs/ntn/wine/MPO2_rg5_init0.1/L4_bd4_seed32874 | completed val=0.5926
[2026-04-30 10:31:46,033][HYDRA] 	#18 : model.L=4 model.bond_dim=4 seed=47311 trainer.ridge=5 trainer.ridge_decay=0.25 trainer.ridge_min=0.0001 +experiment=uci_ntn_sweep model=mpo2 dataset=wine
[2026-04-30 10:31:46,190][__main__][INFO] - ⏭ SKIP MPO2/wine/NTN L=4 bd=4 seed=47311 -> /zhome/6b/e/212868/GTN/outputs/ntn/wine/MPO2_rg5_init0.1/L4_bd4_seed47311 | completed val=0.3704
[2026-04-30 10:31:46,193][HYDRA] 	#19 : model.L=4 model.bond_dim=4 seed=47303 trainer.ridge=5 trainer.ridge_decay=0.25 trainer.ridge_min=0.0001 +experiment=uci_ntn_sweep model=mpo2 dataset=wine
[2026-04-30 10:31:46,349][__main__][INFO] - ⏭ SKIP MPO2/wine/NTN L=4 bd=4 seed=47303 -> /zhome/6b/e/212868/GTN/outputs/ntn/wine/MPO2_rg5_init0.1/L4_bd4_seed47303 | completed val=0.5185
[2026-04-30 10:31:46,352][HYDRA] 	#20 : model.L=4 model.bond_dim=8 seed=42 trainer.ridge=5 trainer.ridge_decay=0.25 trainer.ridge_min=0.0001 +experiment=uci_ntn_sweep model=mpo2 dataset=wine
[2026-04-30 10:31:46,509][__main__][INFO] - ⏭ SKIP MPO2/wine/NTN L=4 bd=8 seed=42 -> /zhome/6b/e/212868/GTN/outputs/ntn/wine/MPO2_rg5_init0.1/L4_bd8_seed42 | completed val=0.5556
[2026-04-30 10:31:46,512][HYDRA] 	#21 : model.L=4 model.bond_dim=8 seed=10090 trainer.ridge=5 trainer.ridge_decay=0.25 trainer.ridge_min=0.0001 +experiment=uci_ntn_sweep model=mpo2 dataset=wine
[2026-04-30 10:31:46,680][__main__][INFO] - ⏭ SKIP MPO2/wine/NTN L=4 bd=8 seed=10090 -> /zhome/6b/e/212868/GTN/outputs/ntn/wine/MPO2_rg5_init0.1/L4_bd8_seed10090 | completed val=0.3704
[2026-04-30 10:31:46,684][HYDRA] 	#22 : model.L=4 model.bond_dim=8 seed=32874 trainer.ridge=5 trainer.ridge_decay=0.25 trainer.ridge_min=0.0001 +experiment=uci_ntn_sweep model=mpo2 dataset=wine
[2026-04-30 10:31:46,844][__main__][INFO] - ⏭ SKIP MPO2/wine/NTN L=4 bd=8 seed=32874 -> /zhome/6b/e/212868/GTN/outputs/ntn/wine/MPO2_rg5_init0.1/L4_bd8_seed32874 | completed val=0.3704
[2026-04-30 10:31:46,847][HYDRA] 	#23 : model.L=4 model.bond_dim=8 seed=47311 trainer.ridge=5 trainer.ridge_decay=0.25 trainer.ridge_min=0.0001 +experiment=uci_ntn_sweep model=mpo2 dataset=wine
[2026-04-30 10:31:47,010][__main__][INFO] - ⏭ SKIP MPO2/wine/NTN L=4 bd=8 seed=47311 -> /zhome/6b/e/212868/GTN/outputs/ntn/wine/MPO2_rg5_init0.1/L4_bd8_seed47311 | completed val=0.5556
[2026-04-30 10:31:47,013][HYDRA] 	#24 : model.L=4 model.bond_dim=8 seed=47303 trainer.ridge=5 trainer.ridge_decay=0.25 trainer.ridge_min=0.0001 +experiment=uci_ntn_sweep model=mpo2 dataset=wine
[2026-04-30 10:31:47,173][__main__][INFO] - ⏭ SKIP MPO2/wine/NTN L=4 bd=8 seed=47303 -> /zhome/6b/e/212868/GTN/outputs/ntn/wine/MPO2_rg5_init0.1/L4_bd8_seed47303 | completed val=0.4815
[2026-04-30 10:31:47,176][HYDRA] 	#25 : model.L=4 model.bond_dim=12 seed=42 trainer.ridge=5 trainer.ridge_decay=0.25 trainer.ridge_min=0.0001 +experiment=uci_ntn_sweep model=mpo2 dataset=wine
[2026-04-30 10:31:47,339][__main__][INFO] - ⏭ SKIP MPO2/wine/NTN L=4 bd=12 seed=42 -> /zhome/6b/e/212868/GTN/outputs/ntn/wine/MPO2_rg5_init0.1/L4_bd12_seed42 | completed val=0.4444
[2026-04-30 10:31:47,342][HYDRA] 	#26 : model.L=4 model.bond_dim=12 seed=10090 trainer.ridge=5 trainer.ridge_decay=0.25 trainer.ridge_min=0.0001 +experiment=uci_ntn_sweep model=mpo2 dataset=wine
[2026-04-30 10:31:47,499][__main__][INFO] - ⏭ SKIP MPO2/wine/NTN L=4 bd=12 seed=10090 -> /zhome/6b/e/212868/GTN/outputs/ntn/wine/MPO2_rg5_init0.1/L4_bd12_seed10090 | completed val=0.5556
[2026-04-30 10:31:47,502][HYDRA] 	#27 : model.L=4 model.bond_dim=12 seed=32874 trainer.ridge=5 trainer.ridge_decay=0.25 trainer.ridge_min=0.0001 +experiment=uci_ntn_sweep model=mpo2 dataset=wine
[2026-04-30 10:31:47,928][__main__][INFO] - ⏭ SKIP MPO2/wine/NTN L=4 bd=12 seed=32874 -> /zhome/6b/e/212868/GTN/outputs/ntn/wine/MPO2_rg5_init0.1/L4_bd12_seed32874 | completed val=0.4074
[2026-04-30 10:31:47,932][HYDRA] 	#28 : model.L=4 model.bond_dim=12 seed=47311 trainer.ridge=5 trainer.ridge_decay=0.25 trainer.ridge_min=0.0001 +experiment=uci_ntn_sweep model=mpo2 dataset=wine
[2026-04-30 10:31:48,095][__main__][INFO] - ⏭ SKIP MPO2/wine/NTN L=4 bd=12 seed=47311 -> /zhome/6b/e/212868/GTN/outputs/ntn/wine/MPO2_rg5_init0.1/L4_bd12_seed47311 | completed val=0.4074
[2026-04-30 10:31:48,098][HYDRA] 	#29 : model.L=4 model.bond_dim=12 seed=47303 trainer.ridge=5 trainer.ridge_decay=0.25 trainer.ridge_min=0.0001 +experiment=uci_ntn_sweep model=mpo2 dataset=wine
[2026-04-30 10:31:48,271][__main__][INFO] - ⏭ SKIP MPO2/wine/NTN L=4 bd=12 seed=47303 -> /zhome/6b/e/212868/GTN/outputs/ntn/wine/MPO2_rg5_init0.1/L4_bd12_seed47303 | completed val=0.3704

------------------------------------------------------------
Sender: LSF System <lsfadmin@hpc.dtu.dk>
Subject: Job 28328569[95]: <ntn_grid_full[1-110]%10> in cluster <dcc> Done

Job <ntn_grid_full[1-110]%10> was submitted from host <hpclogin1> by user <nicci> in cluster <dcc> at Thu Apr 30 10:21:07 2026
Job was executed on host(s) <6*n-62-31-17>, in queue <hpc>, as user <nicci> in cluster <dcc> at Thu Apr 30 10:31:32 2026
</zhome/6b/e/212868> was used as the home directory.
</zhome/6b/e/212868/GTN> was used as the working directory.
Started at Thu Apr 30 10:31:32 2026
Terminated at Thu Apr 30 10:31:49 2026
Results reported at Thu Apr 30 10:31:49 2026

Your job looked like:

------------------------------------------------------------
# LSBATCH: User input
#!/bin/bash
#BSUB -q hpc
#BSUB -J "ntn_grid_full[1-110]%10"
#BSUB -W 8:00
#BSUB -n 6
#BSUB -R "rusage[mem=4GB]"
#BSUB -R "span[hosts=1]"
#BSUB -o logs/%J_%I.out
#BSUB -e logs/%J_%I.err

MODELS=("cpda" "cpda_typei" "lmpo2" "lmpo2_typei" "mpo2" "mpo2_typei" "mmpo2" "mmpo2_typei" "tnml_f" "tnml_p")

DATASETS=(
    "abalone" "adult" "ai4i" "appliances" "bank" "bike" "breast"
    "car_evaluation" "concrete" "energy_efficiency" "hearth"
    "iris" "mushrooms" "obesity" "popularity" "realstate"
    "seoulBike" "student_dropout" "student_perf" "wine"
    "winequalityc"
)

COMPLETED_DATASETS=(
    "abalone" "ai4i"  "bike" "concrete" "energy_efficiency"
    "iris" "obesity" "realstate" "seoulBike" "student_perf"
)

# Filter datasets
FILTERED_DATASETS=()
for ds in "${DATASETS[@]}"; do
    skip=false
    for completed in "${COMPLETED_DATASETS[@]}"; do
        if [[ "$ds" == "$completed" ]]; then
            skip=true
            break
        fi
    done

    if ! $skip; then
        FILTERED_DATASETS+=("$ds")
    fi
done

DATASETS=("${FILTERED_DATASETS[@]}")

NUM_MODELS=${#MODELS[@]}
NUM_DATASETS=${#DATASETS[@]}
NUM_EXPERIMENTS=$((NUM_DATASETS * NUM_MODELS))

if [ "$1" == "test" ]; then
    echo "SIMULATING ARRAY:"
    echo "-----------------"

(... more ...)
------------------------------------------------------------

Successfully completed.

Resource usage summary:

    CPU time :                                   14.54 sec.
    Max Memory :                                 395 MB
    Average Memory :                             395.00 MB
    Total Requested Memory :                     24576.00 MB
    Delta Memory :                               24181.00 MB
    Max Swap :                                   -
    Max Processes :                              4
    Max Threads :                                15
    Run time :                                   17 sec.
    Turnaround time :                            642 sec.

The output (if any) is above this job summary.



PS:

Read file <logs/28328569_95.err> for stderr output of this job.

