Task 38: Dataset=breast, Model=mmpo2_typei, Experiment=uci_ntn_sweep
[2026-04-30 10:24:20,598][HYDRA] Launching 30 jobs locally
[2026-04-30 10:24:20,598][HYDRA] 	#0 : model.L=3 model.bond_dim=4 seed=42 trainer.ridge=5 trainer.ridge_decay=0.25 trainer.ridge_min=0.0001 +experiment=uci_ntn_sweep model=mmpo2_typei dataset=breast
[2026-04-30 10:24:20,861][utils.tracking][INFO] - Loaded 17061 tracked runs from runs_tracking.csv
[2026-04-30 10:24:20,865][__main__][INFO] - ⏭ SKIP MMPO2TypeI/breast/NTN L=3 bd=4 seed=42 -> /zhome/6b/e/212868/GTN/outputs/ntn/breast/MMPO2TypeI_rg5_init0.1/L3_bd4_seed42 | completed val=0.9529
[2026-04-30 10:24:20,868][HYDRA] 	#1 : model.L=3 model.bond_dim=4 seed=10090 trainer.ridge=5 trainer.ridge_decay=0.25 trainer.ridge_min=0.0001 +experiment=uci_ntn_sweep model=mmpo2_typei dataset=breast
[2026-04-30 10:24:21,255][__main__][INFO] - ⏭ SKIP MMPO2TypeI/breast/NTN L=3 bd=4 seed=10090 -> /zhome/6b/e/212868/GTN/outputs/ntn/breast/MMPO2TypeI_rg5_init0.1/L3_bd4_seed10090 | completed val=0.9647
[2026-04-30 10:24:21,258][HYDRA] 	#2 : model.L=3 model.bond_dim=4 seed=32874 trainer.ridge=5 trainer.ridge_decay=0.25 trainer.ridge_min=0.0001 +experiment=uci_ntn_sweep model=mmpo2_typei dataset=breast
[2026-04-30 10:24:21,412][__main__][INFO] - ⏭ SKIP MMPO2TypeI/breast/NTN L=3 bd=4 seed=32874 -> /zhome/6b/e/212868/GTN/outputs/ntn/breast/MMPO2TypeI_rg5_init0.1/L3_bd4_seed32874 | completed val=0.9647
[2026-04-30 10:24:21,414][HYDRA] 	#3 : model.L=3 model.bond_dim=4 seed=47311 trainer.ridge=5 trainer.ridge_decay=0.25 trainer.ridge_min=0.0001 +experiment=uci_ntn_sweep model=mmpo2_typei dataset=breast
[2026-04-30 10:24:21,800][__main__][INFO] - ⏭ SKIP MMPO2TypeI/breast/NTN L=3 bd=4 seed=47311 -> /zhome/6b/e/212868/GTN/outputs/ntn/breast/MMPO2TypeI_rg5_init0.1/L3_bd4_seed47311 | completed val=0.9529
[2026-04-30 10:24:21,803][HYDRA] 	#4 : model.L=3 model.bond_dim=4 seed=47303 trainer.ridge=5 trainer.ridge_decay=0.25 trainer.ridge_min=0.0001 +experiment=uci_ntn_sweep model=mmpo2_typei dataset=breast
[2026-04-30 10:24:21,987][__main__][INFO] - ⏭ SKIP MMPO2TypeI/breast/NTN L=3 bd=4 seed=47303 -> /zhome/6b/e/212868/GTN/outputs/ntn/breast/MMPO2TypeI_rg5_init0.1/L3_bd4_seed47303 | completed val=0.9529
[2026-04-30 10:24:21,990][HYDRA] 	#5 : model.L=3 model.bond_dim=8 seed=42 trainer.ridge=5 trainer.ridge_decay=0.25 trainer.ridge_min=0.0001 +experiment=uci_ntn_sweep model=mmpo2_typei dataset=breast
[2026-04-30 10:24:22,160][__main__][INFO] - ⏭ SKIP MMPO2TypeI/breast/NTN L=3 bd=8 seed=42 -> /zhome/6b/e/212868/GTN/outputs/ntn/breast/MMPO2TypeI_rg5_init0.1/L3_bd8_seed42 | completed val=0.9647
[2026-04-30 10:24:22,163][HYDRA] 	#6 : model.L=3 model.bond_dim=8 seed=10090 trainer.ridge=5 trainer.ridge_decay=0.25 trainer.ridge_min=0.0001 +experiment=uci_ntn_sweep model=mmpo2_typei dataset=breast
[2026-04-30 10:24:22,337][__main__][INFO] - ⏭ SKIP MMPO2TypeI/breast/NTN L=3 bd=8 seed=10090 -> /zhome/6b/e/212868/GTN/outputs/ntn/breast/MMPO2TypeI_rg5_init0.1/L3_bd8_seed10090 | completed val=0.9529
[2026-04-30 10:24:22,340][HYDRA] 	#7 : model.L=3 model.bond_dim=8 seed=32874 trainer.ridge=5 trainer.ridge_decay=0.25 trainer.ridge_min=0.0001 +experiment=uci_ntn_sweep model=mmpo2_typei dataset=breast
[2026-04-30 10:24:22,495][__main__][INFO] - ⏭ SKIP MMPO2TypeI/breast/NTN L=3 bd=8 seed=32874 -> /zhome/6b/e/212868/GTN/outputs/ntn/breast/MMPO2TypeI_rg5_init0.1/L3_bd8_seed32874 | completed val=0.9529
[2026-04-30 10:24:22,498][HYDRA] 	#8 : model.L=3 model.bond_dim=8 seed=47311 trainer.ridge=5 trainer.ridge_decay=0.25 trainer.ridge_min=0.0001 +experiment=uci_ntn_sweep model=mmpo2_typei dataset=breast
[2026-04-30 10:24:22,649][__main__][INFO] - ⏭ SKIP MMPO2TypeI/breast/NTN L=3 bd=8 seed=47311 -> /zhome/6b/e/212868/GTN/outputs/ntn/breast/MMPO2TypeI_rg5_init0.1/L3_bd8_seed47311 | completed val=0.9647
[2026-04-30 10:24:22,652][HYDRA] 	#9 : model.L=3 model.bond_dim=8 seed=47303 trainer.ridge=5 trainer.ridge_decay=0.25 trainer.ridge_min=0.0001 +experiment=uci_ntn_sweep model=mmpo2_typei dataset=breast
[2026-04-30 10:24:22,814][__main__][INFO] - ⏭ SKIP MMPO2TypeI/breast/NTN L=3 bd=8 seed=47303 -> /zhome/6b/e/212868/GTN/outputs/ntn/breast/MMPO2TypeI_rg5_init0.1/L3_bd8_seed47303 | completed val=0.9529
[2026-04-30 10:24:22,818][HYDRA] 	#10 : model.L=3 model.bond_dim=12 seed=42 trainer.ridge=5 trainer.ridge_decay=0.25 trainer.ridge_min=0.0001 +experiment=uci_ntn_sweep model=mmpo2_typei dataset=breast
[2026-04-30 10:24:22,990][__main__][INFO] - ⏭ SKIP MMPO2TypeI/breast/NTN L=3 bd=12 seed=42 -> /zhome/6b/e/212868/GTN/outputs/ntn/breast/MMPO2TypeI_rg5_init0.1/L3_bd12_seed42 | completed val=0.9529
[2026-04-30 10:24:22,993][HYDRA] 	#11 : model.L=3 model.bond_dim=12 seed=10090 trainer.ridge=5 trainer.ridge_decay=0.25 trainer.ridge_min=0.0001 +experiment=uci_ntn_sweep model=mmpo2_typei dataset=breast
[2026-04-30 10:24:23,180][__main__][INFO] - ⏭ SKIP MMPO2TypeI/breast/NTN L=3 bd=12 seed=10090 -> /zhome/6b/e/212868/GTN/outputs/ntn/breast/MMPO2TypeI_rg5_init0.1/L3_bd12_seed10090 | completed val=0.6588
[2026-04-30 10:24:23,183][HYDRA] 	#12 : model.L=3 model.bond_dim=12 seed=32874 trainer.ridge=5 trainer.ridge_decay=0.25 trainer.ridge_min=0.0001 +experiment=uci_ntn_sweep model=mmpo2_typei dataset=breast
[2026-04-30 10:24:23,340][__main__][INFO] - ⏭ SKIP MMPO2TypeI/breast/NTN L=3 bd=12 seed=32874 -> /zhome/6b/e/212868/GTN/outputs/ntn/breast/MMPO2TypeI_rg5_init0.1/L3_bd12_seed32874 | completed val=0.9294
[2026-04-30 10:24:23,344][HYDRA] 	#13 : model.L=3 model.bond_dim=12 seed=47311 trainer.ridge=5 trainer.ridge_decay=0.25 trainer.ridge_min=0.0001 +experiment=uci_ntn_sweep model=mmpo2_typei dataset=breast
[2026-04-30 10:24:23,744][__main__][INFO] - ⏭ SKIP MMPO2TypeI/breast/NTN L=3 bd=12 seed=47311 -> /zhome/6b/e/212868/GTN/outputs/ntn/breast/MMPO2TypeI_rg5_init0.1/L3_bd12_seed47311 | completed val=0.9176
[2026-04-30 10:24:23,747][HYDRA] 	#14 : model.L=3 model.bond_dim=12 seed=47303 trainer.ridge=5 trainer.ridge_decay=0.25 trainer.ridge_min=0.0001 +experiment=uci_ntn_sweep model=mmpo2_typei dataset=breast
[2026-04-30 10:24:23,990][__main__][INFO] - ▶ RUN MMPO2TypeI/breast/NTN L=3 bd=12 seed=47303 -> /zhome/6b/e/212868/GTN/outputs/ntn/breast/MMPO2TypeI_rg5_init0.1/L3_bd12_seed47303
Starting Ensemble Fit: 20 epochs
Models: [(1, 1), (2, 2), (3, 3)]
Total nodes: 6
Validation: Using separate validation set
Early stopping: patience=10, min_delta=0.001
Init    | Train: loss: 0.68382 | quality: 0.65075
        | Val:   loss: 0.55159 | quality: 0.65882

Epoch 1 | Train: loss: 0.15225 | quality: 0.97236
        | Val:   loss: 0.16887 | quality: 0.92941
 *
Epoch 2 | Train: loss: 0.05118 | quality: 0.99497
        | Val:   loss: 0.09283 | quality: 0.95294
 *
Epoch 3 | Train: loss: 0.00456 | quality: 1.00000
        | Val:   loss: 0.09671 | quality: 0.95294
 *
Epoch 4 | Train: loss: 0.00015 | quality: 1.00000
        | Val:   loss: 0.14392 | quality: 0.96471
 *
Epoch 5 | Train: loss: 0.00001 | quality: 1.00000
        | Val:   loss: 0.20117 | quality: 0.96471

Epoch 6 | Train: loss: 0.00000 | quality: 1.00000
        | Val:   loss: 0.26064 | quality: 0.96471

Epoch 7 | Train: loss: 0.00000 | quality: 1.00000
        | Val:   loss: 0.35772 | quality: 0.96471

Epoch 8 | Train: loss: 0.00000 | quality: 1.00000
        | Val:   loss: 0.45157 | quality: 0.96471

Epoch 9 | Train: loss: 0.00000 | quality: 1.00000
        | Val:   loss: 0.51781 | quality: 0.95294

Epoch 10 | Train: loss: 0.00000 | quality: 1.00000
        | Val:   loss: 0.59333 | quality: 0.95294

Epoch 11 | Train: loss: 1475904890654968674820006949742162359820279236617063769289194365889689222290230453518608184986992193645213487634812535007151802454407713023648352587486587431031362540240961280255867155864428647193310845123715661824.00000 | quality: 0.78141
        | Val:   loss: 235444700412676147236778376898360453820373783363052989112601407931797812241815151305153848200105081736881490509882247074076954116253476149556000927812211304518920658526740226319378375181046029774027899896992890880.00000 | quality: 0.74118

Epoch 12 | Train: loss: nan | quality: 0.62563
        | Val:   loss: nan | quality: 0.56471

Epoch 13 | Train: loss: nan | quality: 0.62563
        | Val:   loss: nan | quality: 0.56471

Epoch 14 | Train: loss: nan | quality: 0.62563
        | Val:   loss: nan | quality: 0.56471


Early stopping at epoch 14 (best was epoch 4)

Best epoch: 4 (val_quality=0.964706)
[2026-04-30 10:24:35,347][__main__][INFO] - ✓ DONE MMPO2TypeI/breast/NTN L=3 bd=12 seed=47303 -> /zhome/6b/e/212868/GTN/outputs/ntn/breast/MMPO2TypeI_rg5_init0.1/L3_bd12_seed47303 | val=0.9647
[2026-04-30 10:24:35,349][HYDRA] 	#15 : model.L=4 model.bond_dim=4 seed=42 trainer.ridge=5 trainer.ridge_decay=0.25 trainer.ridge_min=0.0001 +experiment=uci_ntn_sweep model=mmpo2_typei dataset=breast
[2026-04-30 10:24:35,734][__main__][INFO] - ▶ RUN MMPO2TypeI/breast/NTN L=4 bd=4 seed=42 -> /zhome/6b/e/212868/GTN/outputs/ntn/breast/MMPO2TypeI_rg5_init0.1/L4_bd4_seed42
Starting Ensemble Fit: 20 epochs
Models: [(1, 1), (2, 2), (3, 3), (4, 4)]
Total nodes: 10
Validation: Using separate validation set
Early stopping: patience=10, min_delta=0.001
Init    | Train: loss: 0.67157 | quality: 0.75879
        | Val:   loss: 0.65240 | quality: 0.75294

Epoch 1 | Train: loss: 0.20067 | quality: 0.96231
        | Val:   loss: 0.21271 | quality: 0.92941
 *
Epoch 2 | Train: loss: 0.05684 | quality: 0.99246
        | Val:   loss: 0.10664 | quality: 0.95294
 *
Epoch 3 | Train: loss: 5312854936805813666193604608.00000 | quality: 0.61809
        | Val:   loss: 833511603896503729842552832.00000 | quality: 0.57647

Epoch 4 | Train: loss: nan | quality: 0.62563
        | Val:   loss: nan | quality: 0.56471

Epoch 5 | Train: loss: nan | quality: 0.62563
        | Val:   loss: nan | quality: 0.56471

Epoch 6 | Train: loss: nan | quality: 0.62563
        | Val:   loss: nan | quality: 0.56471

Epoch 7 | Train: loss: nan | quality: 0.62563
        | Val:   loss: nan | quality: 0.56471

Epoch 8 | Train: loss: nan | quality: 0.62563
        | Val:   loss: nan | quality: 0.56471

Epoch 9 | Train: loss: nan | quality: 0.62563
        | Val:   loss: nan | quality: 0.56471

Epoch 10 | Train: loss: nan | quality: 0.62563
        | Val:   loss: nan | quality: 0.56471

Epoch 11 | Train: loss: nan | quality: 0.62563
        | Val:   loss: nan | quality: 0.56471

Epoch 12 | Train: loss: nan | quality: 0.62563
        | Val:   loss: nan | quality: 0.56471


Early stopping at epoch 12 (best was epoch 2)

Best epoch: 2 (val_quality=0.952941)
[2026-04-30 10:24:49,946][__main__][INFO] - ✓ DONE MMPO2TypeI/breast/NTN L=4 bd=4 seed=42 -> /zhome/6b/e/212868/GTN/outputs/ntn/breast/MMPO2TypeI_rg5_init0.1/L4_bd4_seed42 | val=0.9529
[2026-04-30 10:24:49,948][HYDRA] 	#16 : model.L=4 model.bond_dim=4 seed=10090 trainer.ridge=5 trainer.ridge_decay=0.25 trainer.ridge_min=0.0001 +experiment=uci_ntn_sweep model=mmpo2_typei dataset=breast
[2026-04-30 10:24:50,313][__main__][INFO] - ▶ RUN MMPO2TypeI/breast/NTN L=4 bd=4 seed=10090 -> /zhome/6b/e/212868/GTN/outputs/ntn/breast/MMPO2TypeI_rg5_init0.1/L4_bd4_seed10090

------------------------------------------------------------
Sender: LSF System <lsfadmin@hpc.dtu.dk>
Subject: Job 28328569[38]: <ntn_grid_full[1-110]%10> in cluster <dcc> Exited

Job <ntn_grid_full[1-110]%10> was submitted from host <hpclogin1> by user <nicci> in cluster <dcc> at Thu Apr 30 10:21:07 2026
Job was executed on host(s) <6*n-62-11-67>, in queue <hpc>, as user <nicci> in cluster <dcc> at Thu Apr 30 10:24:04 2026
</zhome/6b/e/212868> was used as the home directory.
</zhome/6b/e/212868/GTN> was used as the working directory.
Started at Thu Apr 30 10:24:04 2026
Terminated at Thu Apr 30 10:24:57 2026
Results reported at Thu Apr 30 10:24:57 2026

Your job looked like:

------------------------------------------------------------
# LSBATCH: User input
#!/bin/bash
#BSUB -q hpc
#BSUB -J "ntn_grid_full[1-110]%10"
#BSUB -W 8:00
#BSUB -n 6
#BSUB -R "rusage[mem=4GB]"
#BSUB -R "span[hosts=1]"
#BSUB -o logs/%J_%I.out
#BSUB -e logs/%J_%I.err

MODELS=("cpda" "cpda_typei" "lmpo2" "lmpo2_typei" "mpo2" "mpo2_typei" "mmpo2" "mmpo2_typei" "tnml_f" "tnml_p")

DATASETS=(
    "abalone" "adult" "ai4i" "appliances" "bank" "bike" "breast"
    "car_evaluation" "concrete" "energy_efficiency" "hearth"
    "iris" "mushrooms" "obesity" "popularity" "realstate"
    "seoulBike" "student_dropout" "student_perf" "wine"
    "winequalityc"
)

COMPLETED_DATASETS=(
    "abalone" "ai4i"  "bike" "concrete" "energy_efficiency"
    "iris" "obesity" "realstate" "seoulBike" "student_perf"
)

# Filter datasets
FILTERED_DATASETS=()
for ds in "${DATASETS[@]}"; do
    skip=false
    for completed in "${COMPLETED_DATASETS[@]}"; do
        if [[ "$ds" == "$completed" ]]; then
            skip=true
            break
        fi
    done

    if ! $skip; then
        FILTERED_DATASETS+=("$ds")
    fi
done

DATASETS=("${FILTERED_DATASETS[@]}")

NUM_MODELS=${#MODELS[@]}
NUM_DATASETS=${#DATASETS[@]}
NUM_EXPERIMENTS=$((NUM_DATASETS * NUM_MODELS))

if [ "$1" == "test" ]; then
    echo "SIMULATING ARRAY:"
    echo "-----------------"

(... more ...)
------------------------------------------------------------

TERM_MEMLIMIT: job killed after reaching LSF memory usage limit.
Exited with exit code 137.

Resource usage summary:

    CPU time :                                   158.56 sec.
    Max Memory :                                 24576 MB
    Average Memory :                             16515.00 MB
    Total Requested Memory :                     24576.00 MB
    Delta Memory :                               0.00 MB
    Max Swap :                                   -
    Max Processes :                              4
    Max Threads :                                15
    Run time :                                   53 sec.
    Turnaround time :                            230 sec.

The output (if any) is above this job summary.



PS:

Read file <logs/28328569_38.err> for stderr output of this job.

