Task 36: Dataset=breast, Model=mpo2_typei, Experiment=uci_ntn_sweep
[2026-04-30 08:47:14,935][HYDRA] Launching 30 jobs locally
[2026-04-30 08:47:14,935][HYDRA] 	#0 : model.L=3 model.bond_dim=4 seed=42 trainer.ridge=5 trainer.ridge_decay=0.25 trainer.ridge_min=0.0001 +experiment=uci_ntn_sweep model=mpo2_typei dataset=breast
[2026-04-30 08:47:15,170][utils.tracking][INFO] - Loaded 16976 tracked runs from runs_tracking.csv
[2026-04-30 08:47:15,173][__main__][INFO] - ⏭ SKIP MPO2TypeI/breast/NTN L=3 bd=4 seed=42 -> /zhome/6b/e/212868/GTN/outputs/ntn/breast/MPO2TypeI_rg5_init0.1/L3_bd4_seed42 | completed val=0.9647
[2026-04-30 08:47:15,175][HYDRA] 	#1 : model.L=3 model.bond_dim=4 seed=10090 trainer.ridge=5 trainer.ridge_decay=0.25 trainer.ridge_min=0.0001 +experiment=uci_ntn_sweep model=mpo2_typei dataset=breast
[2026-04-30 08:47:15,722][__main__][INFO] - ⏭ SKIP MPO2TypeI/breast/NTN L=3 bd=4 seed=10090 -> /zhome/6b/e/212868/GTN/outputs/ntn/breast/MPO2TypeI_rg5_init0.1/L3_bd4_seed10090 | completed val=0.9529
[2026-04-30 08:47:15,724][HYDRA] 	#2 : model.L=3 model.bond_dim=4 seed=32874 trainer.ridge=5 trainer.ridge_decay=0.25 trainer.ridge_min=0.0001 +experiment=uci_ntn_sweep model=mpo2_typei dataset=breast
[2026-04-30 08:47:15,867][__main__][INFO] - ⏭ SKIP MPO2TypeI/breast/NTN L=3 bd=4 seed=32874 -> /zhome/6b/e/212868/GTN/outputs/ntn/breast/MPO2TypeI_rg5_init0.1/L3_bd4_seed32874 | completed val=0.9647
[2026-04-30 08:47:15,869][HYDRA] 	#3 : model.L=3 model.bond_dim=4 seed=47311 trainer.ridge=5 trainer.ridge_decay=0.25 trainer.ridge_min=0.0001 +experiment=uci_ntn_sweep model=mpo2_typei dataset=breast
[2026-04-30 08:47:16,013][__main__][INFO] - ⏭ SKIP MPO2TypeI/breast/NTN L=3 bd=4 seed=47311 -> /zhome/6b/e/212868/GTN/outputs/ntn/breast/MPO2TypeI_rg5_init0.1/L3_bd4_seed47311 | completed val=0.9647
[2026-04-30 08:47:16,015][HYDRA] 	#4 : model.L=3 model.bond_dim=4 seed=47303 trainer.ridge=5 trainer.ridge_decay=0.25 trainer.ridge_min=0.0001 +experiment=uci_ntn_sweep model=mpo2_typei dataset=breast
[2026-04-30 08:47:16,164][__main__][INFO] - ⏭ SKIP MPO2TypeI/breast/NTN L=3 bd=4 seed=47303 -> /zhome/6b/e/212868/GTN/outputs/ntn/breast/MPO2TypeI_rg5_init0.1/L3_bd4_seed47303 | completed val=0.9647
[2026-04-30 08:47:16,166][HYDRA] 	#5 : model.L=3 model.bond_dim=8 seed=42 trainer.ridge=5 trainer.ridge_decay=0.25 trainer.ridge_min=0.0001 +experiment=uci_ntn_sweep model=mpo2_typei dataset=breast
[2026-04-30 08:47:16,309][__main__][INFO] - ⏭ SKIP MPO2TypeI/breast/NTN L=3 bd=8 seed=42 -> /zhome/6b/e/212868/GTN/outputs/ntn/breast/MPO2TypeI_rg5_init0.1/L3_bd8_seed42 | completed val=0.9294
[2026-04-30 08:47:16,311][HYDRA] 	#6 : model.L=3 model.bond_dim=8 seed=10090 trainer.ridge=5 trainer.ridge_decay=0.25 trainer.ridge_min=0.0001 +experiment=uci_ntn_sweep model=mpo2_typei dataset=breast
[2026-04-30 08:47:16,455][__main__][INFO] - ⏭ SKIP MPO2TypeI/breast/NTN L=3 bd=8 seed=10090 -> /zhome/6b/e/212868/GTN/outputs/ntn/breast/MPO2TypeI_rg5_init0.1/L3_bd8_seed10090 | completed val=0.9529
[2026-04-30 08:47:16,457][HYDRA] 	#7 : model.L=3 model.bond_dim=8 seed=32874 trainer.ridge=5 trainer.ridge_decay=0.25 trainer.ridge_min=0.0001 +experiment=uci_ntn_sweep model=mpo2_typei dataset=breast
[2026-04-30 08:47:16,601][__main__][INFO] - ⏭ SKIP MPO2TypeI/breast/NTN L=3 bd=8 seed=32874 -> /zhome/6b/e/212868/GTN/outputs/ntn/breast/MPO2TypeI_rg5_init0.1/L3_bd8_seed32874 | completed val=0.7647
[2026-04-30 08:47:16,603][HYDRA] 	#8 : model.L=3 model.bond_dim=8 seed=47311 trainer.ridge=5 trainer.ridge_decay=0.25 trainer.ridge_min=0.0001 +experiment=uci_ntn_sweep model=mpo2_typei dataset=breast
[2026-04-30 08:47:16,747][__main__][INFO] - ⏭ SKIP MPO2TypeI/breast/NTN L=3 bd=8 seed=47311 -> /zhome/6b/e/212868/GTN/outputs/ntn/breast/MPO2TypeI_rg5_init0.1/L3_bd8_seed47311 | completed val=0.9647
[2026-04-30 08:47:16,749][HYDRA] 	#9 : model.L=3 model.bond_dim=8 seed=47303 trainer.ridge=5 trainer.ridge_decay=0.25 trainer.ridge_min=0.0001 +experiment=uci_ntn_sweep model=mpo2_typei dataset=breast
[2026-04-30 08:47:16,891][__main__][INFO] - ⏭ SKIP MPO2TypeI/breast/NTN L=3 bd=8 seed=47303 -> /zhome/6b/e/212868/GTN/outputs/ntn/breast/MPO2TypeI_rg5_init0.1/L3_bd8_seed47303 | completed val=0.9647
[2026-04-30 08:47:16,893][HYDRA] 	#10 : model.L=3 model.bond_dim=12 seed=42 trainer.ridge=5 trainer.ridge_decay=0.25 trainer.ridge_min=0.0001 +experiment=uci_ntn_sweep model=mpo2_typei dataset=breast
[2026-04-30 08:47:17,037][__main__][INFO] - ⏭ SKIP MPO2TypeI/breast/NTN L=3 bd=12 seed=42 -> /zhome/6b/e/212868/GTN/outputs/ntn/breast/MPO2TypeI_rg5_init0.1/L3_bd12_seed42 | completed val=0.8471
[2026-04-30 08:47:17,038][HYDRA] 	#11 : model.L=3 model.bond_dim=12 seed=10090 trainer.ridge=5 trainer.ridge_decay=0.25 trainer.ridge_min=0.0001 +experiment=uci_ntn_sweep model=mpo2_typei dataset=breast
[2026-04-30 08:47:17,184][__main__][INFO] - ⏭ SKIP MPO2TypeI/breast/NTN L=3 bd=12 seed=10090 -> /zhome/6b/e/212868/GTN/outputs/ntn/breast/MPO2TypeI_rg5_init0.1/L3_bd12_seed10090 | completed val=0.9647
[2026-04-30 08:47:17,186][HYDRA] 	#12 : model.L=3 model.bond_dim=12 seed=32874 trainer.ridge=5 trainer.ridge_decay=0.25 trainer.ridge_min=0.0001 +experiment=uci_ntn_sweep model=mpo2_typei dataset=breast
[2026-04-30 08:47:17,344][__main__][INFO] - ⏭ SKIP MPO2TypeI/breast/NTN L=3 bd=12 seed=32874 -> /zhome/6b/e/212868/GTN/outputs/ntn/breast/MPO2TypeI_rg5_init0.1/L3_bd12_seed32874 | completed val=0.9412
[2026-04-30 08:47:17,345][HYDRA] 	#13 : model.L=3 model.bond_dim=12 seed=47311 trainer.ridge=5 trainer.ridge_decay=0.25 trainer.ridge_min=0.0001 +experiment=uci_ntn_sweep model=mpo2_typei dataset=breast
[2026-04-30 08:47:17,490][__main__][INFO] - ⏭ SKIP MPO2TypeI/breast/NTN L=3 bd=12 seed=47311 -> /zhome/6b/e/212868/GTN/outputs/ntn/breast/MPO2TypeI_rg5_init0.1/L3_bd12_seed47311 | completed val=0.9765
[2026-04-30 08:47:17,491][HYDRA] 	#14 : model.L=3 model.bond_dim=12 seed=47303 trainer.ridge=5 trainer.ridge_decay=0.25 trainer.ridge_min=0.0001 +experiment=uci_ntn_sweep model=mpo2_typei dataset=breast
[2026-04-30 08:47:17,635][__main__][INFO] - ⏭ SKIP MPO2TypeI/breast/NTN L=3 bd=12 seed=47303 -> /zhome/6b/e/212868/GTN/outputs/ntn/breast/MPO2TypeI_rg5_init0.1/L3_bd12_seed47303 | completed val=0.9059
[2026-04-30 08:47:17,637][HYDRA] 	#15 : model.L=4 model.bond_dim=4 seed=42 trainer.ridge=5 trainer.ridge_decay=0.25 trainer.ridge_min=0.0001 +experiment=uci_ntn_sweep model=mpo2_typei dataset=breast
[2026-04-30 08:47:17,778][__main__][INFO] - ▶ RUN MPO2TypeI/breast/NTN L=4 bd=4 seed=42 -> /zhome/6b/e/212868/GTN/outputs/ntn/breast/MPO2TypeI_rg5_init0.1/L4_bd4_seed42
Starting Ensemble Fit: 20 epochs
Models: [(1, 1), (2, 2), (3, 3), (4, 4)]
Total nodes: 10
Validation: Using separate validation set
Early stopping: patience=10, min_delta=0.001
Init    | Train: loss: 0.75003 | quality: 0.71608
        | Val:   loss: 0.66505 | quality: 0.70588

Epoch 1 | Train: loss: 0.21238 | quality: 0.96734
        | Val:   loss: 0.21343 | quality: 0.95294
 *
Epoch 2 | Train: loss: 52460541.88220 | quality: 0.56784
        | Val:   loss: 15765683.63064 | quality: 0.61176

Epoch 3 | Train: loss: 352268481421321239674913150268793672641353124736123571600160877777127733566354558173886999683648127588509394307641153756856320.00000 | quality: 0.62563
        | Val:   loss: 314479627050843646435728342013502656940776567811756745920524119482632582115384457372881740063022293793306526890604647008960512.00000 | quality: 0.56471

Epoch 4 | Train: loss: nan | quality: 0.62563
        | Val:   loss: nan | quality: 0.56471

Epoch 5 | Train: loss: nan | quality: 0.62563
        | Val:   loss: nan | quality: 0.56471

Epoch 6 | Train: loss: nan | quality: 0.62563
        | Val:   loss: nan | quality: 0.56471

Epoch 7 | Train: loss: nan | quality: 0.62563
        | Val:   loss: nan | quality: 0.56471

Epoch 8 | Train: loss: nan | quality: 0.62563
        | Val:   loss: nan | quality: 0.56471

Epoch 9 | Train: loss: nan | quality: 0.62563
        | Val:   loss: nan | quality: 0.56471

Epoch 10 | Train: loss: nan | quality: 0.62563
        | Val:   loss: nan | quality: 0.56471

Epoch 11 | Train: loss: nan | quality: 0.62563
        | Val:   loss: nan | quality: 0.56471


Early stopping at epoch 11 (best was epoch 1)

Best epoch: 1 (val_quality=0.952941)
[2026-04-30 08:47:21,810][__main__][INFO] - ✓ DONE MPO2TypeI/breast/NTN L=4 bd=4 seed=42 -> /zhome/6b/e/212868/GTN/outputs/ntn/breast/MPO2TypeI_rg5_init0.1/L4_bd4_seed42 | val=0.9529
[2026-04-30 08:47:21,814][HYDRA] 	#16 : model.L=4 model.bond_dim=4 seed=10090 trainer.ridge=5 trainer.ridge_decay=0.25 trainer.ridge_min=0.0001 +experiment=uci_ntn_sweep model=mpo2_typei dataset=breast
[2026-04-30 08:47:21,964][__main__][INFO] - ▶ RUN MPO2TypeI/breast/NTN L=4 bd=4 seed=10090 -> /zhome/6b/e/212868/GTN/outputs/ntn/breast/MPO2TypeI_rg5_init0.1/L4_bd4_seed10090
Starting Ensemble Fit: 20 epochs
Models: [(1, 1), (2, 2), (3, 3), (4, 4)]
Total nodes: 10
Validation: Using separate validation set
Early stopping: patience=10, min_delta=0.001
Init    | Train: loss: 1.70533 | quality: 0.50000
        | Val:   loss: 1.61136 | quality: 0.47059

Epoch 1 | Train: loss: 1410725897.90565 | quality: 0.36683
        | Val:   loss: 214898397.08870 | quality: 0.36471

Epoch 2 | Train: loss: 4360246235551087010377876756195082432810597795771698846646163437576956694700407531837257331958268360863289473956967750111858638416549202218029477187143894965639086923283580587909468761826403709652011042130169309409782455103043274182666790550652669121367829739244030867068046685503488.00000 | quality: 0.93216
        | Val:   loss: 2230437496112201474068263193415410172320862130511934882816747147078814567551756450424655354077447615683654763878176269512027250261203346440546775113164428542652030560942026626880420506016017352360611821088188671270817814108785135468339118355865231990158964209575975834298208456015872.00000 | quality: 0.94118
 *
Epoch 3 | Train: loss: nan | quality: 0.62563
        | Val:   loss: nan | quality: 0.56471

Epoch 4 | Train: loss: nan | quality: 0.62563
        | Val:   loss: nan | quality: 0.56471

Epoch 5 | Train: loss: nan | quality: 0.62563
        | Val:   loss: nan | quality: 0.56471

Epoch 6 | Train: loss: nan | quality: 0.62563
        | Val:   loss: nan | quality: 0.56471

Epoch 7 | Train: loss: nan | quality: 0.62563
        | Val:   loss: nan | quality: 0.56471

Epoch 8 | Train: loss: nan | quality: 0.62563
        | Val:   loss: nan | quality: 0.56471

Epoch 9 | Train: loss: nan | quality: 0.62563
        | Val:   loss: nan | quality: 0.56471

Epoch 10 | Train: loss: nan | quality: 0.62563
        | Val:   loss: nan | quality: 0.56471

Epoch 11 | Train: loss: nan | quality: 0.62563
        | Val:   loss: nan | quality: 0.56471

Epoch 12 | Train: loss: nan | quality: 0.62563
        | Val:   loss: nan | quality: 0.56471


Early stopping at epoch 12 (best was epoch 2)

Best epoch: 2 (val_quality=0.941176)
[2026-04-30 08:47:25,062][__main__][INFO] - ✓ DONE MPO2TypeI/breast/NTN L=4 bd=4 seed=10090 -> /zhome/6b/e/212868/GTN/outputs/ntn/breast/MPO2TypeI_rg5_init0.1/L4_bd4_seed10090 | val=0.9412
[2026-04-30 08:47:25,065][HYDRA] 	#17 : model.L=4 model.bond_dim=4 seed=32874 trainer.ridge=5 trainer.ridge_decay=0.25 trainer.ridge_min=0.0001 +experiment=uci_ntn_sweep model=mpo2_typei dataset=breast
[2026-04-30 08:47:25,213][__main__][INFO] - ▶ RUN MPO2TypeI/breast/NTN L=4 bd=4 seed=32874 -> /zhome/6b/e/212868/GTN/outputs/ntn/breast/MPO2TypeI_rg5_init0.1/L4_bd4_seed32874
Starting Ensemble Fit: 20 epochs
Models: [(1, 1), (2, 2), (3, 3), (4, 4)]
Total nodes: 10
Validation: Using separate validation set
Early stopping: patience=10, min_delta=0.001
Init    | Train: loss: 1.27354 | quality: 0.41709
        | Val:   loss: 1.19817 | quality: 0.38824

Epoch 1 | Train: loss: 12.67348 | quality: 0.89196
        | Val:   loss: 10.50030 | quality: 0.80000
 *
Epoch 2 | Train: loss: 61235079232978252091170138155108079052923127915752332460032.00000 | quality: 0.69347
        | Val:   loss: 18031123431849000992091703799491754418387218599797409710080.00000 | quality: 0.65882

Epoch 3 | Train: loss: nan | quality: 0.38945
        | Val:   loss: nan | quality: 0.47059

Epoch 4 | Train: loss: nan | quality: 0.62563
        | Val:   loss: nan | quality: 0.56471

Epoch 5 | Train: loss: nan | quality: 0.62563
        | Val:   loss: nan | quality: 0.56471

Epoch 6 | Train: loss: nan | quality: 0.62563
        | Val:   loss: nan | quality: 0.56471

Epoch 7 | Train: loss: nan | quality: 0.62563
        | Val:   loss: nan | quality: 0.56471

Epoch 8 | Train: loss: nan | quality: 0.62563
        | Val:   loss: nan | quality: 0.56471

Epoch 9 | Train: loss: nan | quality: 0.62563
        | Val:   loss: nan | quality: 0.56471

Epoch 10 | Train: loss: nan | quality: 0.62563
        | Val:   loss: nan | quality: 0.56471

Epoch 11 | Train: loss: nan | quality: 0.62563
        | Val:   loss: nan | quality: 0.56471


Early stopping at epoch 11 (best was epoch 1)

Best epoch: 1 (val_quality=0.800000)
[2026-04-30 08:47:30,307][__main__][INFO] - ✓ DONE MPO2TypeI/breast/NTN L=4 bd=4 seed=32874 -> /zhome/6b/e/212868/GTN/outputs/ntn/breast/MPO2TypeI_rg5_init0.1/L4_bd4_seed32874 | val=0.8000
[2026-04-30 08:47:30,309][HYDRA] 	#18 : model.L=4 model.bond_dim=4 seed=47311 trainer.ridge=5 trainer.ridge_decay=0.25 trainer.ridge_min=0.0001 +experiment=uci_ntn_sweep model=mpo2_typei dataset=breast
[2026-04-30 08:47:30,470][__main__][INFO] - ▶ RUN MPO2TypeI/breast/NTN L=4 bd=4 seed=47311 -> /zhome/6b/e/212868/GTN/outputs/ntn/breast/MPO2TypeI_rg5_init0.1/L4_bd4_seed47311
Starting Ensemble Fit: 20 epochs
Models: [(1, 1), (2, 2), (3, 3), (4, 4)]
Total nodes: 10
Validation: Using separate validation set
Early stopping: patience=10, min_delta=0.001
Init    | Train: loss: 1.73825 | quality: 0.52010
        | Val:   loss: 1.48660 | quality: 0.54118

Epoch 1 | Train: loss: 0.17899 | quality: 0.95729
        | Val:   loss: 0.17966 | quality: 0.95294
 *
Epoch 2 | Train: loss: 182518.44924 | quality: 0.49497
        | Val:   loss: 55257.22275 | quality: 0.41176

Epoch 3 | Train: loss: 6620418037718801423512350738587093837846551875420776332577315585932417124194490242037710848.00000 | quality: 0.63819
        | Val:   loss: 7354181250546485242756914270376857258506311686589476041209248186805371137856632764594388992.00000 | quality: 0.60000

Epoch 4 | Train: loss: nan | quality: 0.62563
        | Val:   loss: nan | quality: 0.56471

Epoch 5 | Train: loss: nan | quality: 0.62563
        | Val:   loss: nan | quality: 0.56471

Epoch 6 | Train: loss: nan | quality: 0.62563
        | Val:   loss: nan | quality: 0.56471

Epoch 7 | Train: loss: nan | quality: 0.62563
        | Val:   loss: nan | quality: 0.56471

Epoch 8 | Train: loss: nan | quality: 0.62563
        | Val:   loss: nan | quality: 0.56471

Epoch 9 | Train: loss: nan | quality: 0.62563
        | Val:   loss: nan | quality: 0.56471

Epoch 10 | Train: loss: nan | quality: 0.62563
        | Val:   loss: nan | quality: 0.56471

Epoch 11 | Train: loss: nan | quality: 0.62563
        | Val:   loss: nan | quality: 0.56471


Early stopping at epoch 11 (best was epoch 1)

Best epoch: 1 (val_quality=0.952941)
[2026-04-30 08:47:33,664][__main__][INFO] - ✓ DONE MPO2TypeI/breast/NTN L=4 bd=4 seed=47311 -> /zhome/6b/e/212868/GTN/outputs/ntn/breast/MPO2TypeI_rg5_init0.1/L4_bd4_seed47311 | val=0.9529
[2026-04-30 08:47:33,666][HYDRA] 	#19 : model.L=4 model.bond_dim=4 seed=47303 trainer.ridge=5 trainer.ridge_decay=0.25 trainer.ridge_min=0.0001 +experiment=uci_ntn_sweep model=mpo2_typei dataset=breast
[2026-04-30 08:47:33,847][__main__][INFO] - ▶ RUN MPO2TypeI/breast/NTN L=4 bd=4 seed=47303 -> /zhome/6b/e/212868/GTN/outputs/ntn/breast/MPO2TypeI_rg5_init0.1/L4_bd4_seed47303
Starting Ensemble Fit: 20 epochs
Models: [(1, 1), (2, 2), (3, 3), (4, 4)]
Total nodes: 10
Validation: Using separate validation set
Early stopping: patience=10, min_delta=0.001
Init    | Train: loss: 1.37594 | quality: 0.34171
        | Val:   loss: 2.43368 | quality: 0.31765

Epoch 1 | Train: loss: 24.29002 | quality: 0.86432
        | Val:   loss: 28.97655 | quality: 0.85882
 *
Epoch 2 | Train: loss: 3053301558857728680894678286756478976.00000 | quality: 0.36935
        | Val:   loss: 399766489159535235597603405004013568.00000 | quality: 0.36471

Epoch 3 | Train: loss: nan | quality: 0.34422
        | Val:   loss: nan | quality: 0.30588

Epoch 4 | Train: loss: nan | quality: 0.62563
        | Val:   loss: nan | quality: 0.56471

Epoch 5 | Train: loss: nan | quality: 0.62563
        | Val:   loss: nan | quality: 0.56471

Epoch 6 | Train: loss: nan | quality: 0.62563
        | Val:   loss: nan | quality: 0.56471

Epoch 7 | Train: loss: nan | quality: 0.62563
        | Val:   loss: nan | quality: 0.56471

Epoch 8 | Train: loss: nan | quality: 0.62563
        | Val:   loss: nan | quality: 0.56471

Epoch 9 | Train: loss: nan | quality: 0.62563
        | Val:   loss: nan | quality: 0.56471

Epoch 10 | Train: loss: nan | quality: 0.62563
        | Val:   loss: nan | quality: 0.56471

Epoch 11 | Train: loss: nan | quality: 0.62563
        | Val:   loss: nan | quality: 0.56471


Early stopping at epoch 11 (best was epoch 1)

Best epoch: 1 (val_quality=0.858824)
[2026-04-30 08:47:36,873][__main__][INFO] - ✓ DONE MPO2TypeI/breast/NTN L=4 bd=4 seed=47303 -> /zhome/6b/e/212868/GTN/outputs/ntn/breast/MPO2TypeI_rg5_init0.1/L4_bd4_seed47303 | val=0.8588
[2026-04-30 08:47:36,875][HYDRA] 	#20 : model.L=4 model.bond_dim=8 seed=42 trainer.ridge=5 trainer.ridge_decay=0.25 trainer.ridge_min=0.0001 +experiment=uci_ntn_sweep model=mpo2_typei dataset=breast
[2026-04-30 08:47:37,023][__main__][INFO] - ▶ RUN MPO2TypeI/breast/NTN L=4 bd=8 seed=42 -> /zhome/6b/e/212868/GTN/outputs/ntn/breast/MPO2TypeI_rg5_init0.1/L4_bd8_seed42
Starting Ensemble Fit: 20 epochs
Models: [(1, 1), (2, 2), (3, 3), (4, 4)]
Total nodes: 10
Validation: Using separate validation set
Early stopping: patience=10, min_delta=0.001
Init    | Train: loss: 1.62427 | quality: 0.63317
        | Val:   loss: 1.06394 | quality: 0.67059

Epoch 1 | Train: loss: 767411773372.05591 | quality: 0.64070
        | Val:   loss: 904136130182.55334 | quality: 0.55294

Epoch 2 | Train: loss: 832714356041857744305997296437327810955072474299226194676296071766795121889887175991051938454356610789551995092992.00000 | quality: 0.38442
        | Val:   loss: 135150998972583704703850538055420833434689919976945111492503052126122118497228217998765097263424978240650317135872.00000 | quality: 0.37647

Epoch 3 | Train: loss: nan | quality: 0.62563
        | Val:   loss: nan | quality: 0.56471

Epoch 4 | Train: loss: nan | quality: 0.62563
        | Val:   loss: nan | quality: 0.56471

Epoch 5 | Train: loss: nan | quality: 0.62563
        | Val:   loss: nan | quality: 0.56471

Epoch 6 | Train: loss: nan | quality: 0.62563
        | Val:   loss: nan | quality: 0.56471

Epoch 7 | Train: loss: nan | quality: 0.62563
        | Val:   loss: nan | quality: 0.56471

Epoch 8 | Train: loss: nan | quality: 0.62563
        | Val:   loss: nan | quality: 0.56471

Epoch 9 | Train: loss: nan | quality: 0.62563
        | Val:   loss: nan | quality: 0.56471

Epoch 10 | Train: loss: nan | quality: 0.62563
        | Val:   loss: nan | quality: 0.56471


Early stopping at epoch 10 (best was epoch 0)
[2026-04-30 08:47:42,231][__main__][INFO] - ✓ DONE MPO2TypeI/breast/NTN L=4 bd=8 seed=42 -> /zhome/6b/e/212868/GTN/outputs/ntn/breast/MPO2TypeI_rg5_init0.1/L4_bd8_seed42 | val=0.6706
[2026-04-30 08:47:42,233][HYDRA] 	#21 : model.L=4 model.bond_dim=8 seed=10090 trainer.ridge=5 trainer.ridge_decay=0.25 trainer.ridge_min=0.0001 +experiment=uci_ntn_sweep model=mpo2_typei dataset=breast
[2026-04-30 08:47:42,379][__main__][INFO] - ▶ RUN MPO2TypeI/breast/NTN L=4 bd=8 seed=10090 -> /zhome/6b/e/212868/GTN/outputs/ntn/breast/MPO2TypeI_rg5_init0.1/L4_bd8_seed10090
Starting Ensemble Fit: 20 epochs
Models: [(1, 1), (2, 2), (3, 3), (4, 4)]
Total nodes: 10
Validation: Using separate validation set
Early stopping: patience=10, min_delta=0.001
Init    | Train: loss: 4.34149 | quality: 0.47487
        | Val:   loss: 2.03633 | quality: 0.55294

Epoch 1 | Train: loss: 338380749593300435262767104.00000 | quality: 0.37688
        | Val:   loss: 53108551384617226755637248.00000 | quality: 0.37647

Epoch 2 | Train: loss: 10914991211900022348138656737693065129740191675064140224288500367312656649699597239243781136705672577998653322167746333869241568648477495083748636076513577383261625728199748991274465832210995563813782113408950650547892916935564206639726133321966471885281309392567831601991655730981781642794705455700508672.00000 | quality: 0.37186
        | Val:   loss: 1848034273924127672768814975227850641619697072387569213639459449605568312078569218280073587925242222456745729021463135079719456659644101969989238382070932742736162451562577330852689339031224214988352549114551422007981276299453292344277829299565564141757567831409845835774347098018802989193812666965032960.00000 | quality: 0.40000

Epoch 3 | Train: loss: nan | quality: 0.62563
        | Val:   loss: nan | quality: 0.56471
 *
Epoch 4 | Train: loss: nan | quality: 0.62563
        | Val:   loss: nan | quality: 0.56471

Epoch 5 | Train: loss: nan | quality: 0.62563
        | Val:   loss: nan | quality: 0.56471

Epoch 6 | Train: loss: nan | quality: 0.62563
        | Val:   loss: nan | quality: 0.56471

Epoch 7 | Train: loss: nan | quality: 0.62563
        | Val:   loss: nan | quality: 0.56471

Epoch 8 | Train: loss: nan | quality: 0.62563
        | Val:   loss: nan | quality: 0.56471

Epoch 9 | Train: loss: nan | quality: 0.62563
        | Val:   loss: nan | quality: 0.56471

Epoch 10 | Train: loss: nan | quality: 0.62563
        | Val:   loss: nan | quality: 0.56471

Epoch 11 | Train: loss: nan | quality: 0.62563
        | Val:   loss: nan | quality: 0.56471

Epoch 12 | Train: loss: nan | quality: 0.62563
        | Val:   loss: nan | quality: 0.56471

Epoch 13 | Train: loss: nan | quality: 0.62563
        | Val:   loss: nan | quality: 0.56471


Early stopping at epoch 13 (best was epoch 3)

Best epoch: 3 (val_quality=0.564706)
[2026-04-30 08:47:48,840][__main__][INFO] - ✓ DONE MPO2TypeI/breast/NTN L=4 bd=8 seed=10090 -> /zhome/6b/e/212868/GTN/outputs/ntn/breast/MPO2TypeI_rg5_init0.1/L4_bd8_seed10090 | val=0.5647
[2026-04-30 08:47:48,842][HYDRA] 	#22 : model.L=4 model.bond_dim=8 seed=32874 trainer.ridge=5 trainer.ridge_decay=0.25 trainer.ridge_min=0.0001 +experiment=uci_ntn_sweep model=mpo2_typei dataset=breast
[2026-04-30 08:47:49,015][__main__][INFO] - ▶ RUN MPO2TypeI/breast/NTN L=4 bd=8 seed=32874 -> /zhome/6b/e/212868/GTN/outputs/ntn/breast/MPO2TypeI_rg5_init0.1/L4_bd8_seed32874
Starting Ensemble Fit: 20 epochs
Models: [(1, 1), (2, 2), (3, 3), (4, 4)]
Total nodes: 10
Validation: Using separate validation set
Early stopping: patience=10, min_delta=0.001
Init    | Train: loss: 1.66655 | quality: 0.71357
        | Val:   loss: 1.18752 | quality: 0.69412

Epoch 1 | Train: loss: 1344430873.88088 | quality: 0.61055
        | Val:   loss: 3642752138.49425 | quality: 0.55294

Epoch 2 | Train: loss: 20290067804361357471742315679771829690789502626042122924216099506868946547019802279411712.00000 | quality: 0.61809
        | Val:   loss: 42095666635305909829642884079337019980868233237938792766794196704775007287425527564992512.00000 | quality: 0.52941

Epoch 3 | Train: loss: nan | quality: 0.62563
        | Val:   loss: nan | quality: 0.56471

Epoch 4 | Train: loss: nan | quality: 0.62563
        | Val:   loss: nan | quality: 0.56471

Epoch 5 | Train: loss: nan | quality: 0.62563
        | Val:   loss: nan | quality: 0.56471

Epoch 6 | Train: loss: nan | quality: 0.62563
        | Val:   loss: nan | quality: 0.56471

Epoch 7 | Train: loss: nan | quality: 0.62563
        | Val:   loss: nan | quality: 0.56471

Epoch 8 | Train: loss: nan | quality: 0.62563
        | Val:   loss: nan | quality: 0.56471

Epoch 9 | Train: loss: nan | quality: 0.62563
        | Val:   loss: nan | quality: 0.56471

Epoch 10 | Train: loss: nan | quality: 0.62563
        | Val:   loss: nan | quality: 0.56471


Early stopping at epoch 10 (best was epoch 0)
[2026-04-30 08:47:54,825][__main__][INFO] - ✓ DONE MPO2TypeI/breast/NTN L=4 bd=8 seed=32874 -> /zhome/6b/e/212868/GTN/outputs/ntn/breast/MPO2TypeI_rg5_init0.1/L4_bd8_seed32874 | val=0.6941
[2026-04-30 08:47:54,828][HYDRA] 	#23 : model.L=4 model.bond_dim=8 seed=47311 trainer.ridge=5 trainer.ridge_decay=0.25 trainer.ridge_min=0.0001 +experiment=uci_ntn_sweep model=mpo2_typei dataset=breast
[2026-04-30 08:47:54,975][__main__][INFO] - ▶ RUN MPO2TypeI/breast/NTN L=4 bd=8 seed=47311 -> /zhome/6b/e/212868/GTN/outputs/ntn/breast/MPO2TypeI_rg5_init0.1/L4_bd8_seed47311
Starting Ensemble Fit: 20 epochs
Models: [(1, 1), (2, 2), (3, 3), (4, 4)]
Total nodes: 10
Validation: Using separate validation set
Early stopping: patience=10, min_delta=0.001
Init    | Train: loss: 3.51276 | quality: 0.57789
        | Val:   loss: 6.97570 | quality: 0.54118

Epoch 1 | Train: loss: 63689920.48288 | quality: 0.60050
        | Val:   loss: 69245660.10092 | quality: 0.61176
 *
Epoch 2 | Train: loss: 2396321423232057749262810534868991984797824506565498185906506238873693801133351301562761216.00000 | quality: 0.36432
        | Val:   loss: 417520771021895478759396016336460326412027526173445250426102122929229108540399794228559872.00000 | quality: 0.43529

Epoch 3 | Train: loss: nan | quality: 0.62563
        | Val:   loss: nan | quality: 0.56471

Epoch 4 | Train: loss: nan | quality: 0.62563
        | Val:   loss: nan | quality: 0.56471

Epoch 5 | Train: loss: nan | quality: 0.62563
        | Val:   loss: nan | quality: 0.56471

Epoch 6 | Train: loss: nan | quality: 0.62563
        | Val:   loss: nan | quality: 0.56471

Epoch 7 | Train: loss: nan | quality: 0.62563
        | Val:   loss: nan | quality: 0.56471

Epoch 8 | Train: loss: nan | quality: 0.62563
        | Val:   loss: nan | quality: 0.56471

Epoch 9 | Train: loss: nan | quality: 0.62563
        | Val:   loss: nan | quality: 0.56471

Epoch 10 | Train: loss: nan | quality: 0.62563
        | Val:   loss: nan | quality: 0.56471

Epoch 11 | Train: loss: nan | quality: 0.62563
        | Val:   loss: nan | quality: 0.56471


Early stopping at epoch 11 (best was epoch 1)

Best epoch: 1 (val_quality=0.611765)
[2026-04-30 08:48:00,616][__main__][INFO] - ✓ DONE MPO2TypeI/breast/NTN L=4 bd=8 seed=47311 -> /zhome/6b/e/212868/GTN/outputs/ntn/breast/MPO2TypeI_rg5_init0.1/L4_bd8_seed47311 | val=0.6118
[2026-04-30 08:48:00,618][HYDRA] 	#24 : model.L=4 model.bond_dim=8 seed=47303 trainer.ridge=5 trainer.ridge_decay=0.25 trainer.ridge_min=0.0001 +experiment=uci_ntn_sweep model=mpo2_typei dataset=breast
[2026-04-30 08:48:00,781][__main__][INFO] - ▶ RUN MPO2TypeI/breast/NTN L=4 bd=8 seed=47303 -> /zhome/6b/e/212868/GTN/outputs/ntn/breast/MPO2TypeI_rg5_init0.1/L4_bd8_seed47303

------------------------------------------------------------
Sender: LSF System <lsfadmin@hpc.dtu.dk>
Subject: Job 28328221[36]: <ntn_grid_full[1-100]%10> in cluster <dcc> Exited

Job <ntn_grid_full[1-100]%10> was submitted from host <hpclogin1> by user <nicci> in cluster <dcc> at Thu Apr 30 08:44:51 2026
Job was executed on host(s) <6*n-62-30-23>, in queue <hpc>, as user <nicci> in cluster <dcc> at Thu Apr 30 08:47:04 2026
</zhome/6b/e/212868> was used as the home directory.
</zhome/6b/e/212868/GTN> was used as the working directory.
Started at Thu Apr 30 08:47:04 2026
Terminated at Thu Apr 30 08:48:06 2026
Results reported at Thu Apr 30 08:48:06 2026

Your job looked like:

------------------------------------------------------------
# LSBATCH: User input
#!/bin/bash
#BSUB -q hpc
#BSUB -J "ntn_grid_full[1-100]%10"
#BSUB -W 8:00
#BSUB -n 6
#BSUB -R "rusage[mem=3GB]"
#BSUB -R "span[hosts=1]"
#BSUB -o logs/%J_%I.out
#BSUB -e logs/%J_%I.err

MODELS=("cpda" "cpda_typei" "lmpo2" "lmpo2_typei" "mpo2" "mpo2_typei" "mmpo2" "mmpo2_typei" "tnml_f" "tnml_p")

DATASETS=(
    "abalone" "adult" "ai4i" "appliances" "bank" "bike" "breast"
    "car_evaluation" "concrete" "energy_efficiency" "hearth"
    "iris" "mushrooms" "obesity" "popularity" "realstate"
    "seoulBike" "student_dropout" "student_perf" "wine"
    "winequalityc"
)

COMPLETED_DATASETS=(
    "popularity" #NOT DONE JUST REMOVED A SEC...
    "abalone" "ai4i"  "bike" "concrete" "energy_efficiency"
    "iris" "obesity" "realstate" "seoulBike" "student_perf"
)

# Filter datasets
FILTERED_DATASETS=()
for ds in "${DATASETS[@]}"; do
    skip=false
    for completed in "${COMPLETED_DATASETS[@]}"; do
        if [[ "$ds" == "$completed" ]]; then
            skip=true
            break
        fi
    done

    if ! $skip; then
        FILTERED_DATASETS+=("$ds")
    fi
done

DATASETS=("${FILTERED_DATASETS[@]}")

NUM_MODELS=${#MODELS[@]}
NUM_DATASETS=${#DATASETS[@]}
NUM_EXPERIMENTS=$((NUM_DATASETS * NUM_MODELS))

if [ "$1" == "test" ]; then
    echo "SIMULATING ARRAY:"

(... more ...)
------------------------------------------------------------

TERM_MEMLIMIT: job killed after reaching LSF memory usage limit.
Exited with exit code 137.

Resource usage summary:

    CPU time :                                   175.51 sec.
    Max Memory :                                 18432 MB
    Average Memory :                             12420.33 MB
    Total Requested Memory :                     18432.00 MB
    Delta Memory :                               0.00 MB
    Max Swap :                                   -
    Max Processes :                              4
    Max Threads :                                15
    Run time :                                   62 sec.
    Turnaround time :                            195 sec.

The output (if any) is above this job summary.



PS:

Read file <logs/28328221_36.err> for stderr output of this job.

