Task 101: Dataset=student_dropout, Model=cpda, Experiment=cpda_ntn_sweep
[2026-04-29 14:29:52,704][HYDRA] Launching 40 jobs locally
[2026-04-29 14:29:52,704][HYDRA] 	#0 : model.L=3 model.bond_dim=8 seed=42 trainer.ridge=5 trainer.ridge_decay=0.25 trainer.ridge_min=0.0001 +experiment=cpda_ntn_sweep model=cpda dataset=student_dropout
[2026-04-29 14:29:52,916][utils.tracking][INFO] - Loaded 16372 tracked runs from runs_tracking.csv
[2026-04-29 14:29:52,917][__main__][INFO] - ▶ RUN CPDA/student_dropout/NTN L=3 bd=8 seed=42 -> /zhome/6b/e/212868/GTN/outputs/ntn/student_dropout/CPDA_rg5_init0.1/L3_bd8_seed42
Starting Fit: 20 epochs.
Sweep Order: ['Node0', 'Node1', 'Node2', 'Node1']
Validation: Using separate validation set for best model selection
Early stopping: patience=10, min_delta=0.001
Init    | Train: loss: 315.27469 | quality: 0.33301
        | Val:   loss: 360.55519 | quality: 0.35241
Epoch 1 | Train: loss: 26723.86974 | quality: 0.38824
        | Val:   loss: 28514.39731 | quality: 0.37651
 *
Epoch 2 | Train: loss: 291390296735742968201216.00000 | quality: 0.27939
        | Val:   loss: 310744853778643046891520.00000 | quality: 0.26807

Epoch 3 | Train: loss: 2059805878850496528698631898976509958187323920878377845103421256691574773780141693394483231776029895302694075441718930707006914859595346172715960656461824.00000 | quality: 0.25646
        | Val:   loss: 2283130346750223636043804942694786906185067105658202813543278513841022515236010693612017401834198951859092791227072088327971972001625304184040239631695872.00000 | quality: 0.24699

Epoch 4 | Train: loss: nan | quality: 0.31654
        | Val:   loss: nan | quality: 0.34789

Epoch 5 | Train: loss: nan | quality: 0.31654
        | Val:   loss: nan | quality: 0.34789

Epoch 6 | Train: loss: nan | quality: 0.31654
        | Val:   loss: nan | quality: 0.34789

Epoch 7 | Train: loss: nan | quality: 0.31654
        | Val:   loss: nan | quality: 0.34789

Epoch 8 | Train: loss: nan | quality: 0.31654
        | Val:   loss: nan | quality: 0.34789

Epoch 9 | Train: loss: nan | quality: 0.31654
        | Val:   loss: nan | quality: 0.34789

Epoch 10 | Train: loss: nan | quality: 0.31654
        | Val:   loss: nan | quality: 0.34789

Epoch 11 | Train: loss: nan | quality: 0.31654
        | Val:   loss: nan | quality: 0.34789


⏸ Early stopping at epoch 11 (best was epoch 1)
[2026-04-29 14:30:00,618][__main__][INFO] - ✓ DONE CPDA/student_dropout/NTN L=3 bd=8 seed=42 -> /zhome/6b/e/212868/GTN/outputs/ntn/student_dropout/CPDA_rg5_init0.1/L3_bd8_seed42 | val=0.3765
[2026-04-29 14:30:00,666][HYDRA] 	#1 : model.L=3 model.bond_dim=8 seed=10090 trainer.ridge=5 trainer.ridge_decay=0.25 trainer.ridge_min=0.0001 +experiment=cpda_ntn_sweep model=cpda dataset=student_dropout
[2026-04-29 14:30:00,823][__main__][INFO] - ▶ RUN CPDA/student_dropout/NTN L=3 bd=8 seed=10090 -> /zhome/6b/e/212868/GTN/outputs/ntn/student_dropout/CPDA_rg5_init0.1/L3_bd8_seed10090
Starting Fit: 20 epochs.
Sweep Order: ['Node0', 'Node1', 'Node2', 'Node1']
Validation: Using separate validation set for best model selection
Early stopping: patience=10, min_delta=0.001
Init    | Train: loss: 380.98475 | quality: 0.25032
        | Val:   loss: 264.87273 | quality: 0.28916
Epoch 1 | Train: loss: 5731591457.40044 | quality: 0.37274
        | Val:   loss: 3978558566.44594 | quality: 0.39157
 *
Epoch 2 | Train: loss: 1455253151083679173045268385381146137592912044513851412683088775567730231381434207449930921273382798042036090125606352786307608778357536752270096788339746051981312.00000 | quality: 0.34302
        | Val:   loss: 1537135149675572448266036555553817170473947536463098414355420775767650640265530293809902891069960451947005003586582233497112522555390631967643935263687021609091072.00000 | quality: 0.34488

Epoch 3 | Train: loss: nan | quality: 0.31654
        | Val:   loss: nan | quality: 0.34789

Epoch 4 | Train: loss: nan | quality: 0.31654
        | Val:   loss: nan | quality: 0.34789

Epoch 5 | Train: loss: nan | quality: 0.31654
        | Val:   loss: nan | quality: 0.34789

Epoch 6 | Train: loss: nan | quality: 0.31654
        | Val:   loss: nan | quality: 0.34789

Epoch 7 | Train: loss: nan | quality: 0.31654
        | Val:   loss: nan | quality: 0.34789

Epoch 8 | Train: loss: nan | quality: 0.31654
        | Val:   loss: nan | quality: 0.34789

Epoch 9 | Train: loss: nan | quality: 0.31654
        | Val:   loss: nan | quality: 0.34789

Epoch 10 | Train: loss: nan | quality: 0.31654
        | Val:   loss: nan | quality: 0.34789

Epoch 11 | Train: loss: nan | quality: 0.31654
        | Val:   loss: nan | quality: 0.34789


⏸ Early stopping at epoch 11 (best was epoch 1)
[2026-04-29 14:30:07,653][__main__][INFO] - ✓ DONE CPDA/student_dropout/NTN L=3 bd=8 seed=10090 -> /zhome/6b/e/212868/GTN/outputs/ntn/student_dropout/CPDA_rg5_init0.1/L3_bd8_seed10090 | val=0.3916
[2026-04-29 14:30:07,700][HYDRA] 	#2 : model.L=3 model.bond_dim=8 seed=32874 trainer.ridge=5 trainer.ridge_decay=0.25 trainer.ridge_min=0.0001 +experiment=cpda_ntn_sweep model=cpda dataset=student_dropout
[2026-04-29 14:30:07,855][__main__][INFO] - ▶ RUN CPDA/student_dropout/NTN L=3 bd=8 seed=32874 -> /zhome/6b/e/212868/GTN/outputs/ntn/student_dropout/CPDA_rg5_init0.1/L3_bd8_seed32874

------------------------------------------------------------
Sender: LSF System <lsfadmin@hpc.dtu.dk>
Subject: Job 28326036[101]: <ntn_grid_full[1-140]%20> in cluster <dcc> Exited

Job <ntn_grid_full[1-140]%20> was submitted from host <hpclogin1> by user <nicci> in cluster <dcc> at Wed Apr 29 14:15:19 2026
Job was executed on host(s) <4*n-62-29-31>, in queue <hpc>, as user <nicci> in cluster <dcc> at Wed Apr 29 14:29:42 2026
</zhome/6b/e/212868> was used as the home directory.
</zhome/6b/e/212868/GTN> was used as the working directory.
Started at Wed Apr 29 14:29:42 2026
Terminated at Wed Apr 29 14:30:15 2026
Results reported at Wed Apr 29 14:30:15 2026

Your job looked like:

------------------------------------------------------------
# LSBATCH: User input
#!/bin/bash
#BSUB -q hpc
#BSUB -J "ntn_grid_full[1-140]%20"
#BSUB -W 12:00
#BSUB -n 4
#BSUB -R "rusage[mem=2GB]"
#BSUB -R "span[hosts=1]"
#BSUB -o logs/%J_%I.out
#BSUB -e logs/%J_%I.err

MODELS=("cpda" "cpda_typei" "lmpo2" "lmpo2_typei" "mpo2" "mpo2_typei" "mmpo2" "mmpo2_typei" "tnml_f" "tnml_p")

DATASETS=(
    "abalone" "adult" "ai4i" "appliances" "bank" "bike" "breast"
    "car_evaluation" "concrete" "energy_efficiency" "hearth"
    "iris" "mushrooms" "obesity" "popularity" "realstate"
    "seoulBike" "student_dropout" "student_perf" "wine"
    "winequalityc"
)

COMPLETED_DATASETS=(
    "bike" "concrete" "energy_efficiency"
    "iris" "obesity" "realstate" "seoulBike"
)

# Filter datasets
FILTERED_DATASETS=()
for ds in "${DATASETS[@]}"; do
    skip=false
    for completed in "${COMPLETED_DATASETS[@]}"; do
        if [[ "$ds" == "$completed" ]]; then
            skip=true
            break
        fi
    done

    if ! $skip; then
        FILTERED_DATASETS+=("$ds")
    fi
done

DATASETS=("${FILTERED_DATASETS[@]}")

NUM_MODELS=${#MODELS[@]}
NUM_DATASETS=${#DATASETS[@]}
NUM_EXPERIMENTS=$((NUM_DATASETS * NUM_MODELS))

if [ "$1" == "test" ]; then
    echo "SIMULATING ARRAY:"
    echo "-----------------"

(... more ...)
------------------------------------------------------------

TERM_MEMLIMIT: job killed after reaching LSF memory usage limit.
Exited with exit code 137.

Resource usage summary:

    CPU time :                                   66.26 sec.
    Max Memory :                                 8192 MB
    Average Memory :                             7755.33 MB
    Total Requested Memory :                     8192.00 MB
    Delta Memory :                               0.00 MB
    Max Swap :                                   -
    Max Processes :                              4
    Max Threads :                                8
    Run time :                                   33 sec.
    Turnaround time :                            896 sec.

The output (if any) is above this job summary.



PS:

Read file <logs/28326036_101.err> for stderr output of this job.

