Task 92: Dataset=wine, Model=cpda_typei, Experiment=cpda_ntn_sweep
[2026-04-30 12:20:11,969][HYDRA] Launching 40 jobs locally
[2026-04-30 12:20:11,969][HYDRA] 	#0 : model.L=3 model.bond_dim=8 seed=42 trainer.ridge=5 trainer.ridge_decay=0.25 trainer.ridge_min=0.0001 +experiment=cpda_ntn_sweep model=cpda_typei dataset=wine
[2026-04-30 12:20:12,197][utils.tracking][INFO] - Loaded 17126 tracked runs from runs_tracking.csv
[2026-04-30 12:20:12,201][__main__][INFO] - ⏭ SKIP CPDATypeI/wine/NTN L=3 bd=8 seed=42 -> /zhome/6b/e/212868/GTN/outputs/ntn/wine/CPDATypeI_rg5_init0.1/L3_bd8_seed42 | completed val=1.0000
[2026-04-30 12:20:12,204][HYDRA] 	#1 : model.L=3 model.bond_dim=8 seed=10090 trainer.ridge=5 trainer.ridge_decay=0.25 trainer.ridge_min=0.0001 +experiment=cpda_ntn_sweep model=cpda_typei dataset=wine
[2026-04-30 12:20:12,359][__main__][INFO] - ⏭ SKIP CPDATypeI/wine/NTN L=3 bd=8 seed=10090 -> /zhome/6b/e/212868/GTN/outputs/ntn/wine/CPDATypeI_rg5_init0.1/L3_bd8_seed10090 | completed val=1.0000
[2026-04-30 12:20:12,361][HYDRA] 	#2 : model.L=3 model.bond_dim=8 seed=32874 trainer.ridge=5 trainer.ridge_decay=0.25 trainer.ridge_min=0.0001 +experiment=cpda_ntn_sweep model=cpda_typei dataset=wine
[2026-04-30 12:20:12,516][__main__][INFO] - ⏭ SKIP CPDATypeI/wine/NTN L=3 bd=8 seed=32874 -> /zhome/6b/e/212868/GTN/outputs/ntn/wine/CPDATypeI_rg5_init0.1/L3_bd8_seed32874 | completed val=1.0000
[2026-04-30 12:20:12,519][HYDRA] 	#3 : model.L=3 model.bond_dim=8 seed=47311 trainer.ridge=5 trainer.ridge_decay=0.25 trainer.ridge_min=0.0001 +experiment=cpda_ntn_sweep model=cpda_typei dataset=wine
[2026-04-30 12:20:12,679][__main__][INFO] - ⏭ SKIP CPDATypeI/wine/NTN L=3 bd=8 seed=47311 -> /zhome/6b/e/212868/GTN/outputs/ntn/wine/CPDATypeI_rg5_init0.1/L3_bd8_seed47311 | completed val=1.0000
[2026-04-30 12:20:12,682][HYDRA] 	#4 : model.L=3 model.bond_dim=8 seed=47303 trainer.ridge=5 trainer.ridge_decay=0.25 trainer.ridge_min=0.0001 +experiment=cpda_ntn_sweep model=cpda_typei dataset=wine
[2026-04-30 12:20:12,837][__main__][INFO] - ⏭ SKIP CPDATypeI/wine/NTN L=3 bd=8 seed=47303 -> /zhome/6b/e/212868/GTN/outputs/ntn/wine/CPDATypeI_rg5_init0.1/L3_bd8_seed47303 | completed val=1.0000
[2026-04-30 12:20:12,839][HYDRA] 	#5 : model.L=3 model.bond_dim=16 seed=42 trainer.ridge=5 trainer.ridge_decay=0.25 trainer.ridge_min=0.0001 +experiment=cpda_ntn_sweep model=cpda_typei dataset=wine
[2026-04-30 12:20:12,994][__main__][INFO] - ⏭ SKIP CPDATypeI/wine/NTN L=3 bd=16 seed=42 -> /zhome/6b/e/212868/GTN/outputs/ntn/wine/CPDATypeI_rg5_init0.1/L3_bd16_seed42 | completed val=1.0000
[2026-04-30 12:20:12,997][HYDRA] 	#6 : model.L=3 model.bond_dim=16 seed=10090 trainer.ridge=5 trainer.ridge_decay=0.25 trainer.ridge_min=0.0001 +experiment=cpda_ntn_sweep model=cpda_typei dataset=wine
[2026-04-30 12:20:13,173][__main__][INFO] - ⏭ SKIP CPDATypeI/wine/NTN L=3 bd=16 seed=10090 -> /zhome/6b/e/212868/GTN/outputs/ntn/wine/CPDATypeI_rg5_init0.1/L3_bd16_seed10090 | completed val=1.0000
[2026-04-30 12:20:13,176][HYDRA] 	#7 : model.L=3 model.bond_dim=16 seed=32874 trainer.ridge=5 trainer.ridge_decay=0.25 trainer.ridge_min=0.0001 +experiment=cpda_ntn_sweep model=cpda_typei dataset=wine
[2026-04-30 12:20:13,331][__main__][INFO] - ⏭ SKIP CPDATypeI/wine/NTN L=3 bd=16 seed=32874 -> /zhome/6b/e/212868/GTN/outputs/ntn/wine/CPDATypeI_rg5_init0.1/L3_bd16_seed32874 | completed val=0.9630
[2026-04-30 12:20:13,333][HYDRA] 	#8 : model.L=3 model.bond_dim=16 seed=47311 trainer.ridge=5 trainer.ridge_decay=0.25 trainer.ridge_min=0.0001 +experiment=cpda_ntn_sweep model=cpda_typei dataset=wine
[2026-04-30 12:20:13,486][__main__][INFO] - ⏭ SKIP CPDATypeI/wine/NTN L=3 bd=16 seed=47311 -> /zhome/6b/e/212868/GTN/outputs/ntn/wine/CPDATypeI_rg5_init0.1/L3_bd16_seed47311 | completed val=1.0000
[2026-04-30 12:20:13,488][HYDRA] 	#9 : model.L=3 model.bond_dim=16 seed=47303 trainer.ridge=5 trainer.ridge_decay=0.25 trainer.ridge_min=0.0001 +experiment=cpda_ntn_sweep model=cpda_typei dataset=wine
[2026-04-30 12:20:13,644][__main__][INFO] - ⏭ SKIP CPDATypeI/wine/NTN L=3 bd=16 seed=47303 -> /zhome/6b/e/212868/GTN/outputs/ntn/wine/CPDATypeI_rg5_init0.1/L3_bd16_seed47303 | completed val=1.0000
[2026-04-30 12:20:13,647][HYDRA] 	#10 : model.L=3 model.bond_dim=32 seed=42 trainer.ridge=5 trainer.ridge_decay=0.25 trainer.ridge_min=0.0001 +experiment=cpda_ntn_sweep model=cpda_typei dataset=wine
[2026-04-30 12:20:13,805][__main__][INFO] - ⏭ SKIP CPDATypeI/wine/NTN L=3 bd=32 seed=42 -> /zhome/6b/e/212868/GTN/outputs/ntn/wine/CPDATypeI_rg5_init0.1/L3_bd32_seed42 | completed val=1.0000
[2026-04-30 12:20:13,808][HYDRA] 	#11 : model.L=3 model.bond_dim=32 seed=10090 trainer.ridge=5 trainer.ridge_decay=0.25 trainer.ridge_min=0.0001 +experiment=cpda_ntn_sweep model=cpda_typei dataset=wine
[2026-04-30 12:20:13,967][__main__][INFO] - ⏭ SKIP CPDATypeI/wine/NTN L=3 bd=32 seed=10090 -> /zhome/6b/e/212868/GTN/outputs/ntn/wine/CPDATypeI_rg5_init0.1/L3_bd32_seed10090 | completed val=1.0000
[2026-04-30 12:20:13,970][HYDRA] 	#12 : model.L=3 model.bond_dim=32 seed=32874 trainer.ridge=5 trainer.ridge_decay=0.25 trainer.ridge_min=0.0001 +experiment=cpda_ntn_sweep model=cpda_typei dataset=wine
[2026-04-30 12:20:14,122][__main__][INFO] - ⏭ SKIP CPDATypeI/wine/NTN L=3 bd=32 seed=32874 -> /zhome/6b/e/212868/GTN/outputs/ntn/wine/CPDATypeI_rg5_init0.1/L3_bd32_seed32874 | completed val=1.0000
[2026-04-30 12:20:14,125][HYDRA] 	#13 : model.L=3 model.bond_dim=32 seed=47311 trainer.ridge=5 trainer.ridge_decay=0.25 trainer.ridge_min=0.0001 +experiment=cpda_ntn_sweep model=cpda_typei dataset=wine
[2026-04-30 12:20:14,279][__main__][INFO] - ⏭ SKIP CPDATypeI/wine/NTN L=3 bd=32 seed=47311 -> /zhome/6b/e/212868/GTN/outputs/ntn/wine/CPDATypeI_rg5_init0.1/L3_bd32_seed47311 | completed val=1.0000
[2026-04-30 12:20:14,282][HYDRA] 	#14 : model.L=3 model.bond_dim=32 seed=47303 trainer.ridge=5 trainer.ridge_decay=0.25 trainer.ridge_min=0.0001 +experiment=cpda_ntn_sweep model=cpda_typei dataset=wine
[2026-04-30 12:20:14,434][__main__][INFO] - ⏭ SKIP CPDATypeI/wine/NTN L=3 bd=32 seed=47303 -> /zhome/6b/e/212868/GTN/outputs/ntn/wine/CPDATypeI_rg5_init0.1/L3_bd32_seed47303 | completed val=1.0000
[2026-04-30 12:20:14,437][HYDRA] 	#15 : model.L=3 model.bond_dim=64 seed=42 trainer.ridge=5 trainer.ridge_decay=0.25 trainer.ridge_min=0.0001 +experiment=cpda_ntn_sweep model=cpda_typei dataset=wine
[2026-04-30 12:20:14,588][__main__][INFO] - ⏭ SKIP CPDATypeI/wine/NTN L=3 bd=64 seed=42 -> /zhome/6b/e/212868/GTN/outputs/ntn/wine/CPDATypeI_rg5_init0.1/L3_bd64_seed42 | completed val=1.0000
[2026-04-30 12:20:14,591][HYDRA] 	#16 : model.L=3 model.bond_dim=64 seed=10090 trainer.ridge=5 trainer.ridge_decay=0.25 trainer.ridge_min=0.0001 +experiment=cpda_ntn_sweep model=cpda_typei dataset=wine
[2026-04-30 12:20:14,750][__main__][INFO] - ⏭ SKIP CPDATypeI/wine/NTN L=3 bd=64 seed=10090 -> /zhome/6b/e/212868/GTN/outputs/ntn/wine/CPDATypeI_rg5_init0.1/L3_bd64_seed10090 | completed val=1.0000
[2026-04-30 12:20:14,752][HYDRA] 	#17 : model.L=3 model.bond_dim=64 seed=32874 trainer.ridge=5 trainer.ridge_decay=0.25 trainer.ridge_min=0.0001 +experiment=cpda_ntn_sweep model=cpda_typei dataset=wine
[2026-04-30 12:20:14,911][__main__][INFO] - ⏭ SKIP CPDATypeI/wine/NTN L=3 bd=64 seed=32874 -> /zhome/6b/e/212868/GTN/outputs/ntn/wine/CPDATypeI_rg5_init0.1/L3_bd64_seed32874 | completed val=1.0000
[2026-04-30 12:20:14,914][HYDRA] 	#18 : model.L=3 model.bond_dim=64 seed=47311 trainer.ridge=5 trainer.ridge_decay=0.25 trainer.ridge_min=0.0001 +experiment=cpda_ntn_sweep model=cpda_typei dataset=wine
[2026-04-30 12:20:15,073][__main__][INFO] - ⏭ SKIP CPDATypeI/wine/NTN L=3 bd=64 seed=47311 -> /zhome/6b/e/212868/GTN/outputs/ntn/wine/CPDATypeI_rg5_init0.1/L3_bd64_seed47311 | completed val=1.0000
[2026-04-30 12:20:15,076][HYDRA] 	#19 : model.L=3 model.bond_dim=64 seed=47303 trainer.ridge=5 trainer.ridge_decay=0.25 trainer.ridge_min=0.0001 +experiment=cpda_ntn_sweep model=cpda_typei dataset=wine
[2026-04-30 12:20:15,231][__main__][INFO] - ⏭ SKIP CPDATypeI/wine/NTN L=3 bd=64 seed=47303 -> /zhome/6b/e/212868/GTN/outputs/ntn/wine/CPDATypeI_rg5_init0.1/L3_bd64_seed47303 | completed val=1.0000
[2026-04-30 12:20:15,233][HYDRA] 	#20 : model.L=4 model.bond_dim=8 seed=42 trainer.ridge=5 trainer.ridge_decay=0.25 trainer.ridge_min=0.0001 +experiment=cpda_ntn_sweep model=cpda_typei dataset=wine
[2026-04-30 12:20:15,458][__main__][INFO] - ⏭ SKIP CPDATypeI/wine/NTN L=4 bd=8 seed=42 -> /zhome/6b/e/212868/GTN/outputs/ntn/wine/CPDATypeI_rg5_init0.1/L4_bd8_seed42 | completed val=1.0000
[2026-04-30 12:20:15,461][HYDRA] 	#21 : model.L=4 model.bond_dim=8 seed=10090 trainer.ridge=5 trainer.ridge_decay=0.25 trainer.ridge_min=0.0001 +experiment=cpda_ntn_sweep model=cpda_typei dataset=wine
[2026-04-30 12:20:15,635][__main__][INFO] - ⏭ SKIP CPDATypeI/wine/NTN L=4 bd=8 seed=10090 -> /zhome/6b/e/212868/GTN/outputs/ntn/wine/CPDATypeI_rg5_init0.1/L4_bd8_seed10090 | completed val=1.0000
[2026-04-30 12:20:15,637][HYDRA] 	#22 : model.L=4 model.bond_dim=8 seed=32874 trainer.ridge=5 trainer.ridge_decay=0.25 trainer.ridge_min=0.0001 +experiment=cpda_ntn_sweep model=cpda_typei dataset=wine
[2026-04-30 12:20:16,008][__main__][INFO] - ⏭ SKIP CPDATypeI/wine/NTN L=4 bd=8 seed=32874 -> /zhome/6b/e/212868/GTN/outputs/ntn/wine/CPDATypeI_rg5_init0.1/L4_bd8_seed32874 | completed val=1.0000
[2026-04-30 12:20:16,011][HYDRA] 	#23 : model.L=4 model.bond_dim=8 seed=47311 trainer.ridge=5 trainer.ridge_decay=0.25 trainer.ridge_min=0.0001 +experiment=cpda_ntn_sweep model=cpda_typei dataset=wine
[2026-04-30 12:20:16,166][__main__][INFO] - ⏭ SKIP CPDATypeI/wine/NTN L=4 bd=8 seed=47311 -> /zhome/6b/e/212868/GTN/outputs/ntn/wine/CPDATypeI_rg5_init0.1/L4_bd8_seed47311 | completed val=1.0000
[2026-04-30 12:20:16,169][HYDRA] 	#24 : model.L=4 model.bond_dim=8 seed=47303 trainer.ridge=5 trainer.ridge_decay=0.25 trainer.ridge_min=0.0001 +experiment=cpda_ntn_sweep model=cpda_typei dataset=wine
[2026-04-30 12:20:16,380][__main__][INFO] - ⏭ SKIP CPDATypeI/wine/NTN L=4 bd=8 seed=47303 -> /zhome/6b/e/212868/GTN/outputs/ntn/wine/CPDATypeI_rg5_init0.1/L4_bd8_seed47303 | completed val=1.0000
[2026-04-30 12:20:16,454][HYDRA] 	#25 : model.L=4 model.bond_dim=16 seed=42 trainer.ridge=5 trainer.ridge_decay=0.25 trainer.ridge_min=0.0001 +experiment=cpda_ntn_sweep model=cpda_typei dataset=wine
[2026-04-30 12:20:16,639][__main__][INFO] - ⏭ SKIP CPDATypeI/wine/NTN L=4 bd=16 seed=42 -> /zhome/6b/e/212868/GTN/outputs/ntn/wine/CPDATypeI_rg5_init0.1/L4_bd16_seed42 | completed val=1.0000
[2026-04-30 12:20:16,642][HYDRA] 	#26 : model.L=4 model.bond_dim=16 seed=10090 trainer.ridge=5 trainer.ridge_decay=0.25 trainer.ridge_min=0.0001 +experiment=cpda_ntn_sweep model=cpda_typei dataset=wine
[2026-04-30 12:20:16,803][__main__][INFO] - ⏭ SKIP CPDATypeI/wine/NTN L=4 bd=16 seed=10090 -> /zhome/6b/e/212868/GTN/outputs/ntn/wine/CPDATypeI_rg5_init0.1/L4_bd16_seed10090 | completed val=1.0000
[2026-04-30 12:20:16,806][HYDRA] 	#27 : model.L=4 model.bond_dim=16 seed=32874 trainer.ridge=5 trainer.ridge_decay=0.25 trainer.ridge_min=0.0001 +experiment=cpda_ntn_sweep model=cpda_typei dataset=wine
[2026-04-30 12:20:16,963][__main__][INFO] - ⏭ SKIP CPDATypeI/wine/NTN L=4 bd=16 seed=32874 -> /zhome/6b/e/212868/GTN/outputs/ntn/wine/CPDATypeI_rg5_init0.1/L4_bd16_seed32874 | completed val=1.0000
[2026-04-30 12:20:16,966][HYDRA] 	#28 : model.L=4 model.bond_dim=16 seed=47311 trainer.ridge=5 trainer.ridge_decay=0.25 trainer.ridge_min=0.0001 +experiment=cpda_ntn_sweep model=cpda_typei dataset=wine
[2026-04-30 12:20:17,119][__main__][INFO] - ⏭ SKIP CPDATypeI/wine/NTN L=4 bd=16 seed=47311 -> /zhome/6b/e/212868/GTN/outputs/ntn/wine/CPDATypeI_rg5_init0.1/L4_bd16_seed47311 | completed val=1.0000
[2026-04-30 12:20:17,121][HYDRA] 	#29 : model.L=4 model.bond_dim=16 seed=47303 trainer.ridge=5 trainer.ridge_decay=0.25 trainer.ridge_min=0.0001 +experiment=cpda_ntn_sweep model=cpda_typei dataset=wine
[2026-04-30 12:20:17,275][__main__][INFO] - ⏭ SKIP CPDATypeI/wine/NTN L=4 bd=16 seed=47303 -> /zhome/6b/e/212868/GTN/outputs/ntn/wine/CPDATypeI_rg5_init0.1/L4_bd16_seed47303 | completed val=1.0000
[2026-04-30 12:20:17,278][HYDRA] 	#30 : model.L=4 model.bond_dim=32 seed=42 trainer.ridge=5 trainer.ridge_decay=0.25 trainer.ridge_min=0.0001 +experiment=cpda_ntn_sweep model=cpda_typei dataset=wine
[2026-04-30 12:20:17,432][__main__][INFO] - ⏭ SKIP CPDATypeI/wine/NTN L=4 bd=32 seed=42 -> /zhome/6b/e/212868/GTN/outputs/ntn/wine/CPDATypeI_rg5_init0.1/L4_bd32_seed42 | completed val=1.0000
[2026-04-30 12:20:17,435][HYDRA] 	#31 : model.L=4 model.bond_dim=32 seed=10090 trainer.ridge=5 trainer.ridge_decay=0.25 trainer.ridge_min=0.0001 +experiment=cpda_ntn_sweep model=cpda_typei dataset=wine
[2026-04-30 12:20:17,595][__main__][INFO] - ⏭ SKIP CPDATypeI/wine/NTN L=4 bd=32 seed=10090 -> /zhome/6b/e/212868/GTN/outputs/ntn/wine/CPDATypeI_rg5_init0.1/L4_bd32_seed10090 | completed val=1.0000
[2026-04-30 12:20:17,597][HYDRA] 	#32 : model.L=4 model.bond_dim=32 seed=32874 trainer.ridge=5 trainer.ridge_decay=0.25 trainer.ridge_min=0.0001 +experiment=cpda_ntn_sweep model=cpda_typei dataset=wine
[2026-04-30 12:20:17,753][__main__][INFO] - ⏭ SKIP CPDATypeI/wine/NTN L=4 bd=32 seed=32874 -> /zhome/6b/e/212868/GTN/outputs/ntn/wine/CPDATypeI_rg5_init0.1/L4_bd32_seed32874 | completed val=1.0000
[2026-04-30 12:20:17,756][HYDRA] 	#33 : model.L=4 model.bond_dim=32 seed=47311 trainer.ridge=5 trainer.ridge_decay=0.25 trainer.ridge_min=0.0001 +experiment=cpda_ntn_sweep model=cpda_typei dataset=wine
[2026-04-30 12:20:17,911][__main__][INFO] - ⏭ SKIP CPDATypeI/wine/NTN L=4 bd=32 seed=47311 -> /zhome/6b/e/212868/GTN/outputs/ntn/wine/CPDATypeI_rg5_init0.1/L4_bd32_seed47311 | completed val=1.0000
[2026-04-30 12:20:17,914][HYDRA] 	#34 : model.L=4 model.bond_dim=32 seed=47303 trainer.ridge=5 trainer.ridge_decay=0.25 trainer.ridge_min=0.0001 +experiment=cpda_ntn_sweep model=cpda_typei dataset=wine
[2026-04-30 12:20:18,068][__main__][INFO] - ⏭ SKIP CPDATypeI/wine/NTN L=4 bd=32 seed=47303 -> /zhome/6b/e/212868/GTN/outputs/ntn/wine/CPDATypeI_rg5_init0.1/L4_bd32_seed47303 | completed val=1.0000
[2026-04-30 12:20:18,071][HYDRA] 	#35 : model.L=4 model.bond_dim=64 seed=42 trainer.ridge=5 trainer.ridge_decay=0.25 trainer.ridge_min=0.0001 +experiment=cpda_ntn_sweep model=cpda_typei dataset=wine
[2026-04-30 12:20:18,237][__main__][INFO] - ⏭ SKIP CPDATypeI/wine/NTN L=4 bd=64 seed=42 -> /zhome/6b/e/212868/GTN/outputs/ntn/wine/CPDATypeI_rg5_init0.1/L4_bd64_seed42 | completed val=1.0000
[2026-04-30 12:20:18,239][HYDRA] 	#36 : model.L=4 model.bond_dim=64 seed=10090 trainer.ridge=5 trainer.ridge_decay=0.25 trainer.ridge_min=0.0001 +experiment=cpda_ntn_sweep model=cpda_typei dataset=wine
[2026-04-30 12:20:18,393][__main__][INFO] - ⏭ SKIP CPDATypeI/wine/NTN L=4 bd=64 seed=10090 -> /zhome/6b/e/212868/GTN/outputs/ntn/wine/CPDATypeI_rg5_init0.1/L4_bd64_seed10090 | completed val=1.0000
[2026-04-30 12:20:18,396][HYDRA] 	#37 : model.L=4 model.bond_dim=64 seed=32874 trainer.ridge=5 trainer.ridge_decay=0.25 trainer.ridge_min=0.0001 +experiment=cpda_ntn_sweep model=cpda_typei dataset=wine
[2026-04-30 12:20:18,559][__main__][INFO] - ⏭ SKIP CPDATypeI/wine/NTN L=4 bd=64 seed=32874 -> /zhome/6b/e/212868/GTN/outputs/ntn/wine/CPDATypeI_rg5_init0.1/L4_bd64_seed32874 | completed val=1.0000
[2026-04-30 12:20:18,562][HYDRA] 	#38 : model.L=4 model.bond_dim=64 seed=47311 trainer.ridge=5 trainer.ridge_decay=0.25 trainer.ridge_min=0.0001 +experiment=cpda_ntn_sweep model=cpda_typei dataset=wine
[2026-04-30 12:20:18,720][__main__][INFO] - ⏭ SKIP CPDATypeI/wine/NTN L=4 bd=64 seed=47311 -> /zhome/6b/e/212868/GTN/outputs/ntn/wine/CPDATypeI_rg5_init0.1/L4_bd64_seed47311 | completed val=1.0000
[2026-04-30 12:20:18,723][HYDRA] 	#39 : model.L=4 model.bond_dim=64 seed=47303 trainer.ridge=5 trainer.ridge_decay=0.25 trainer.ridge_min=0.0001 +experiment=cpda_ntn_sweep model=cpda_typei dataset=wine
[2026-04-30 12:20:18,901][__main__][INFO] - ⏭ SKIP CPDATypeI/wine/NTN L=4 bd=64 seed=47303 -> /zhome/6b/e/212868/GTN/outputs/ntn/wine/CPDATypeI_rg5_init0.1/L4_bd64_seed47303 | completed val=1.0000

------------------------------------------------------------
Sender: LSF System <lsfadmin@hpc.dtu.dk>
Subject: Job 28329351[92]: <ntn_grid_full[1-110]%5> in cluster <dcc> Done

Job <ntn_grid_full[1-110]%5> was submitted from host <hpclogin1> by user <nicci> in cluster <dcc> at Thu Apr 30 11:35:44 2026
Job was executed on host(s) <6*n-62-28-34>, in queue <hpc>, as user <nicci> in cluster <dcc> at Thu Apr 30 12:20:01 2026
</zhome/6b/e/212868> was used as the home directory.
</zhome/6b/e/212868/GTN> was used as the working directory.
Started at Thu Apr 30 12:20:01 2026
Terminated at Thu Apr 30 12:20:19 2026
Results reported at Thu Apr 30 12:20:19 2026

Your job looked like:

------------------------------------------------------------
# LSBATCH: User input
#!/bin/bash
#BSUB -q hpc
#BSUB -J "ntn_grid_full[1-110]%5"
#BSUB -W 8:00
#BSUB -n 6
#BSUB -R "rusage[mem=6GB]"
#BSUB -R "span[hosts=1]"
#BSUB -o logs/%J_%I.out
#BSUB -e logs/%J_%I.err

MODELS=("cpda" "cpda_typei" "lmpo2" "lmpo2_typei" "mpo2" "mpo2_typei" "mmpo2" "mmpo2_typei" "tnml_f" "tnml_p")

DATASETS=(
    "abalone" "adult" "ai4i" "appliances" "bank" "bike" "breast"
    "car_evaluation" "concrete" "energy_efficiency" "hearth"
    "iris" "mushrooms" "obesity" "popularity" "realstate"
    "seoulBike" "student_dropout" "student_perf" "wine"
    "winequalityc"
)

COMPLETED_DATASETS=(
    "abalone" "ai4i"  "bike" "concrete" "energy_efficiency"
    "iris" "obesity" "realstate" "seoulBike" "student_perf"
)

# Filter datasets
FILTERED_DATASETS=()
for ds in "${DATASETS[@]}"; do
    skip=false
    for completed in "${COMPLETED_DATASETS[@]}"; do
        if [[ "$ds" == "$completed" ]]; then
            skip=true
            break
        fi
    done

    if ! $skip; then
        FILTERED_DATASETS+=("$ds")
    fi
done

DATASETS=("${FILTERED_DATASETS[@]}")

NUM_MODELS=${#MODELS[@]}
NUM_DATASETS=${#DATASETS[@]}
NUM_EXPERIMENTS=$((NUM_DATASETS * NUM_MODELS))

if [ "$1" == "test" ]; then
    echo "SIMULATING ARRAY:"
    echo "-----------------"

(... more ...)
------------------------------------------------------------

Successfully completed.

Resource usage summary:

    CPU time :                                   15.67 sec.
    Max Memory :                                 398 MB
    Average Memory :                             398.00 MB
    Total Requested Memory :                     36864.00 MB
    Delta Memory :                               36466.00 MB
    Max Swap :                                   -
    Max Processes :                              4
    Max Threads :                                15
    Run time :                                   18 sec.
    Turnaround time :                            2675 sec.

The output (if any) is above this job summary.



PS:

Read file <logs/28329351_92.err> for stderr output of this job.

