Task 71: Dataset=popularity, Model=cpda, Experiment=cpda_ntn_sweep
[2026-04-30 12:00:20,939][HYDRA] Launching 40 jobs locally
[2026-04-30 12:00:20,939][HYDRA] 	#0 : model.L=3 model.bond_dim=8 seed=42 trainer.ridge=5 trainer.ridge_decay=0.25 trainer.ridge_min=0.0001 +experiment=cpda_ntn_sweep model=cpda dataset=popularity
[2026-04-30 12:00:21,166][utils.tracking][INFO] - Loaded 17126 tracked runs from runs_tracking.csv
[2026-04-30 12:00:21,171][__main__][INFO] - ⏭ SKIP CPDA/popularity/NTN L=3 bd=8 seed=42 -> /zhome/6b/e/212868/GTN/outputs/ntn/popularity/CPDA_rg5_init0.1/L3_bd8_seed42 | completed val=-0.0389
[2026-04-30 12:00:21,173][HYDRA] 	#1 : model.L=3 model.bond_dim=8 seed=10090 trainer.ridge=5 trainer.ridge_decay=0.25 trainer.ridge_min=0.0001 +experiment=cpda_ntn_sweep model=cpda dataset=popularity
[2026-04-30 12:00:21,328][__main__][INFO] - ⏭ SKIP CPDA/popularity/NTN L=3 bd=8 seed=10090 -> /zhome/6b/e/212868/GTN/outputs/ntn/popularity/CPDA_rg5_init0.1/L3_bd8_seed10090 | completed val=-0.0248
[2026-04-30 12:00:21,331][HYDRA] 	#2 : model.L=3 model.bond_dim=8 seed=32874 trainer.ridge=5 trainer.ridge_decay=0.25 trainer.ridge_min=0.0001 +experiment=cpda_ntn_sweep model=cpda dataset=popularity
[2026-04-30 12:00:21,481][__main__][INFO] - ⏭ SKIP CPDA/popularity/NTN L=3 bd=8 seed=32874 -> /zhome/6b/e/212868/GTN/outputs/ntn/popularity/CPDA_rg5_init0.1/L3_bd8_seed32874 | completed val=-0.0171
[2026-04-30 12:00:21,484][HYDRA] 	#3 : model.L=3 model.bond_dim=8 seed=47311 trainer.ridge=5 trainer.ridge_decay=0.25 trainer.ridge_min=0.0001 +experiment=cpda_ntn_sweep model=cpda dataset=popularity
[2026-04-30 12:00:21,634][__main__][INFO] - ⏭ SKIP CPDA/popularity/NTN L=3 bd=8 seed=47311 -> /zhome/6b/e/212868/GTN/outputs/ntn/popularity/CPDA_rg5_init0.1/L3_bd8_seed47311 | completed val=-0.0181
[2026-04-30 12:00:21,637][HYDRA] 	#4 : model.L=3 model.bond_dim=8 seed=47303 trainer.ridge=5 trainer.ridge_decay=0.25 trainer.ridge_min=0.0001 +experiment=cpda_ntn_sweep model=cpda dataset=popularity
[2026-04-30 12:00:21,795][__main__][INFO] - ⏭ SKIP CPDA/popularity/NTN L=3 bd=8 seed=47303 -> /zhome/6b/e/212868/GTN/outputs/ntn/popularity/CPDA_rg5_init0.1/L3_bd8_seed47303 | completed val=-0.0204
[2026-04-30 12:00:21,797][HYDRA] 	#5 : model.L=3 model.bond_dim=16 seed=42 trainer.ridge=5 trainer.ridge_decay=0.25 trainer.ridge_min=0.0001 +experiment=cpda_ntn_sweep model=cpda dataset=popularity
[2026-04-30 12:00:21,947][__main__][INFO] - ⏭ SKIP CPDA/popularity/NTN L=3 bd=16 seed=42 -> /zhome/6b/e/212868/GTN/outputs/ntn/popularity/CPDA_rg5_init0.1/L3_bd16_seed42 | completed val=-0.0320
[2026-04-30 12:00:21,950][HYDRA] 	#6 : model.L=3 model.bond_dim=16 seed=10090 trainer.ridge=5 trainer.ridge_decay=0.25 trainer.ridge_min=0.0001 +experiment=cpda_ntn_sweep model=cpda dataset=popularity
[2026-04-30 12:00:22,112][__main__][INFO] - ⏭ SKIP CPDA/popularity/NTN L=3 bd=16 seed=10090 -> /zhome/6b/e/212868/GTN/outputs/ntn/popularity/CPDA_rg5_init0.1/L3_bd16_seed10090 | completed val=-0.0033
[2026-04-30 12:00:22,115][HYDRA] 	#7 : model.L=3 model.bond_dim=16 seed=32874 trainer.ridge=5 trainer.ridge_decay=0.25 trainer.ridge_min=0.0001 +experiment=cpda_ntn_sweep model=cpda dataset=popularity
[2026-04-30 12:00:22,264][__main__][INFO] - ⏭ SKIP CPDA/popularity/NTN L=3 bd=16 seed=32874 -> /zhome/6b/e/212868/GTN/outputs/ntn/popularity/CPDA_rg5_init0.1/L3_bd16_seed32874 | completed val=-0.0058
[2026-04-30 12:00:22,266][HYDRA] 	#8 : model.L=3 model.bond_dim=16 seed=47311 trainer.ridge=5 trainer.ridge_decay=0.25 trainer.ridge_min=0.0001 +experiment=cpda_ntn_sweep model=cpda dataset=popularity
[2026-04-30 12:00:22,415][__main__][INFO] - ⏭ SKIP CPDA/popularity/NTN L=3 bd=16 seed=47311 -> /zhome/6b/e/212868/GTN/outputs/ntn/popularity/CPDA_rg5_init0.1/L3_bd16_seed47311 | completed val=-0.0029
[2026-04-30 12:00:22,417][HYDRA] 	#9 : model.L=3 model.bond_dim=16 seed=47303 trainer.ridge=5 trainer.ridge_decay=0.25 trainer.ridge_min=0.0001 +experiment=cpda_ntn_sweep model=cpda dataset=popularity
[2026-04-30 12:00:22,566][__main__][INFO] - ⏭ SKIP CPDA/popularity/NTN L=3 bd=16 seed=47303 -> /zhome/6b/e/212868/GTN/outputs/ntn/popularity/CPDA_rg5_init0.1/L3_bd16_seed47303 | completed val=-0.0501
[2026-04-30 12:00:22,569][HYDRA] 	#10 : model.L=3 model.bond_dim=32 seed=42 trainer.ridge=5 trainer.ridge_decay=0.25 trainer.ridge_min=0.0001 +experiment=cpda_ntn_sweep model=cpda dataset=popularity
[2026-04-30 12:00:22,719][__main__][INFO] - ⏭ SKIP CPDA/popularity/NTN L=3 bd=32 seed=42 -> /zhome/6b/e/212868/GTN/outputs/ntn/popularity/CPDA_rg5_init0.1/L3_bd32_seed42 | completed val=-0.0243
[2026-04-30 12:00:22,721][HYDRA] 	#11 : model.L=3 model.bond_dim=32 seed=10090 trainer.ridge=5 trainer.ridge_decay=0.25 trainer.ridge_min=0.0001 +experiment=cpda_ntn_sweep model=cpda dataset=popularity
[2026-04-30 12:00:22,873][__main__][INFO] - ⏭ SKIP CPDA/popularity/NTN L=3 bd=32 seed=10090 -> /zhome/6b/e/212868/GTN/outputs/ntn/popularity/CPDA_rg5_init0.1/L3_bd32_seed10090 | completed val=-0.0160
[2026-04-30 12:00:22,875][HYDRA] 	#12 : model.L=3 model.bond_dim=32 seed=32874 trainer.ridge=5 trainer.ridge_decay=0.25 trainer.ridge_min=0.0001 +experiment=cpda_ntn_sweep model=cpda dataset=popularity
[2026-04-30 12:00:23,026][__main__][INFO] - ⏭ SKIP CPDA/popularity/NTN L=3 bd=32 seed=32874 -> /zhome/6b/e/212868/GTN/outputs/ntn/popularity/CPDA_rg5_init0.1/L3_bd32_seed32874 | completed val=-0.0232
[2026-04-30 12:00:23,029][HYDRA] 	#13 : model.L=3 model.bond_dim=32 seed=47311 trainer.ridge=5 trainer.ridge_decay=0.25 trainer.ridge_min=0.0001 +experiment=cpda_ntn_sweep model=cpda dataset=popularity
[2026-04-30 12:00:23,182][__main__][INFO] - ⏭ SKIP CPDA/popularity/NTN L=3 bd=32 seed=47311 -> /zhome/6b/e/212868/GTN/outputs/ntn/popularity/CPDA_rg5_init0.1/L3_bd32_seed47311 | completed val=-0.0285
[2026-04-30 12:00:23,185][HYDRA] 	#14 : model.L=3 model.bond_dim=32 seed=47303 trainer.ridge=5 trainer.ridge_decay=0.25 trainer.ridge_min=0.0001 +experiment=cpda_ntn_sweep model=cpda dataset=popularity
[2026-04-30 12:00:23,337][__main__][INFO] - ⏭ SKIP CPDA/popularity/NTN L=3 bd=32 seed=47303 -> /zhome/6b/e/212868/GTN/outputs/ntn/popularity/CPDA_rg5_init0.1/L3_bd32_seed47303 | completed val=-0.0418
[2026-04-30 12:00:23,340][HYDRA] 	#15 : model.L=3 model.bond_dim=64 seed=42 trainer.ridge=5 trainer.ridge_decay=0.25 trainer.ridge_min=0.0001 +experiment=cpda_ntn_sweep model=cpda dataset=popularity
[2026-04-30 12:00:23,491][__main__][INFO] - ⏭ SKIP CPDA/popularity/NTN L=3 bd=64 seed=42 -> /zhome/6b/e/212868/GTN/outputs/ntn/popularity/CPDA_rg5_init0.1/L3_bd64_seed42 | completed val=-0.0175
[2026-04-30 12:00:23,493][HYDRA] 	#16 : model.L=3 model.bond_dim=64 seed=10090 trainer.ridge=5 trainer.ridge_decay=0.25 trainer.ridge_min=0.0001 +experiment=cpda_ntn_sweep model=cpda dataset=popularity
[2026-04-30 12:00:23,645][__main__][INFO] - ⏭ SKIP CPDA/popularity/NTN L=3 bd=64 seed=10090 -> /zhome/6b/e/212868/GTN/outputs/ntn/popularity/CPDA_rg5_init0.1/L3_bd64_seed10090 | completed val=-0.0508
[2026-04-30 12:00:23,648][HYDRA] 	#17 : model.L=3 model.bond_dim=64 seed=32874 trainer.ridge=5 trainer.ridge_decay=0.25 trainer.ridge_min=0.0001 +experiment=cpda_ntn_sweep model=cpda dataset=popularity
[2026-04-30 12:00:23,797][__main__][INFO] - ⏭ SKIP CPDA/popularity/NTN L=3 bd=64 seed=32874 -> /zhome/6b/e/212868/GTN/outputs/ntn/popularity/CPDA_rg5_init0.1/L3_bd64_seed32874 | completed val=-0.0155
[2026-04-30 12:00:23,800][HYDRA] 	#18 : model.L=3 model.bond_dim=64 seed=47311 trainer.ridge=5 trainer.ridge_decay=0.25 trainer.ridge_min=0.0001 +experiment=cpda_ntn_sweep model=cpda dataset=popularity
[2026-04-30 12:00:23,950][__main__][INFO] - ⏭ SKIP CPDA/popularity/NTN L=3 bd=64 seed=47311 -> /zhome/6b/e/212868/GTN/outputs/ntn/popularity/CPDA_rg5_init0.1/L3_bd64_seed47311 | completed val=-0.0601
[2026-04-30 12:00:23,953][HYDRA] 	#19 : model.L=3 model.bond_dim=64 seed=47303 trainer.ridge=5 trainer.ridge_decay=0.25 trainer.ridge_min=0.0001 +experiment=cpda_ntn_sweep model=cpda dataset=popularity
[2026-04-30 12:00:24,174][__main__][INFO] - ⏭ SKIP CPDA/popularity/NTN L=3 bd=64 seed=47303 -> /zhome/6b/e/212868/GTN/outputs/ntn/popularity/CPDA_rg5_init0.1/L3_bd64_seed47303 | completed val=-0.0076
[2026-04-30 12:00:24,176][HYDRA] 	#20 : model.L=4 model.bond_dim=8 seed=42 trainer.ridge=5 trainer.ridge_decay=0.25 trainer.ridge_min=0.0001 +experiment=cpda_ntn_sweep model=cpda dataset=popularity
[2026-04-30 12:00:24,330][__main__][INFO] - ⏭ SKIP CPDA/popularity/NTN L=4 bd=8 seed=42 -> /zhome/6b/e/212868/GTN/outputs/ntn/popularity/CPDA_rg5_init0.1/L4_bd8_seed42 | completed val=-0.0576
[2026-04-30 12:00:24,333][HYDRA] 	#21 : model.L=4 model.bond_dim=8 seed=10090 trainer.ridge=5 trainer.ridge_decay=0.25 trainer.ridge_min=0.0001 +experiment=cpda_ntn_sweep model=cpda dataset=popularity
[2026-04-30 12:00:24,486][__main__][INFO] - ⏭ SKIP CPDA/popularity/NTN L=4 bd=8 seed=10090 -> /zhome/6b/e/212868/GTN/outputs/ntn/popularity/CPDA_rg5_init0.1/L4_bd8_seed10090 | completed val=-0.0582
[2026-04-30 12:00:24,489][HYDRA] 	#22 : model.L=4 model.bond_dim=8 seed=32874 trainer.ridge=5 trainer.ridge_decay=0.25 trainer.ridge_min=0.0001 +experiment=cpda_ntn_sweep model=cpda dataset=popularity
[2026-04-30 12:00:24,665][__main__][INFO] - ⏭ SKIP CPDA/popularity/NTN L=4 bd=8 seed=32874 -> /zhome/6b/e/212868/GTN/outputs/ntn/popularity/CPDA_rg5_init0.1/L4_bd8_seed32874 | completed val=-0.0502
[2026-04-30 12:00:24,667][HYDRA] 	#23 : model.L=4 model.bond_dim=8 seed=47311 trainer.ridge=5 trainer.ridge_decay=0.25 trainer.ridge_min=0.0001 +experiment=cpda_ntn_sweep model=cpda dataset=popularity
[2026-04-30 12:00:24,816][__main__][INFO] - ⏭ SKIP CPDA/popularity/NTN L=4 bd=8 seed=47311 -> /zhome/6b/e/212868/GTN/outputs/ntn/popularity/CPDA_rg5_init0.1/L4_bd8_seed47311 | completed val=-0.0606
[2026-04-30 12:00:24,818][HYDRA] 	#24 : model.L=4 model.bond_dim=8 seed=47303 trainer.ridge=5 trainer.ridge_decay=0.25 trainer.ridge_min=0.0001 +experiment=cpda_ntn_sweep model=cpda dataset=popularity
[2026-04-30 12:00:25,168][__main__][INFO] - ⏭ SKIP CPDA/popularity/NTN L=4 bd=8 seed=47303 -> /zhome/6b/e/212868/GTN/outputs/ntn/popularity/CPDA_rg5_init0.1/L4_bd8_seed47303 | completed val=-0.0594
[2026-04-30 12:00:25,170][HYDRA] 	#25 : model.L=4 model.bond_dim=16 seed=42 trainer.ridge=5 trainer.ridge_decay=0.25 trainer.ridge_min=0.0001 +experiment=cpda_ntn_sweep model=cpda dataset=popularity
[2026-04-30 12:00:25,322][__main__][INFO] - ⏭ SKIP CPDA/popularity/NTN L=4 bd=16 seed=42 -> /zhome/6b/e/212868/GTN/outputs/ntn/popularity/CPDA_rg5_init0.1/L4_bd16_seed42 | completed val=-0.0610
[2026-04-30 12:00:25,324][HYDRA] 	#26 : model.L=4 model.bond_dim=16 seed=10090 trainer.ridge=5 trainer.ridge_decay=0.25 trainer.ridge_min=0.0001 +experiment=cpda_ntn_sweep model=cpda dataset=popularity
[2026-04-30 12:00:25,484][__main__][INFO] - ⏭ SKIP CPDA/popularity/NTN L=4 bd=16 seed=10090 -> /zhome/6b/e/212868/GTN/outputs/ntn/popularity/CPDA_rg5_init0.1/L4_bd16_seed10090 | completed val=-0.0662
[2026-04-30 12:00:25,507][HYDRA] 	#27 : model.L=4 model.bond_dim=16 seed=32874 trainer.ridge=5 trainer.ridge_decay=0.25 trainer.ridge_min=0.0001 +experiment=cpda_ntn_sweep model=cpda dataset=popularity
[2026-04-30 12:00:25,656][__main__][INFO] - ⏭ SKIP CPDA/popularity/NTN L=4 bd=16 seed=32874 -> /zhome/6b/e/212868/GTN/outputs/ntn/popularity/CPDA_rg5_init0.1/L4_bd16_seed32874 | completed val=-0.0481
[2026-04-30 12:00:25,659][HYDRA] 	#28 : model.L=4 model.bond_dim=16 seed=47311 trainer.ridge=5 trainer.ridge_decay=0.25 trainer.ridge_min=0.0001 +experiment=cpda_ntn_sweep model=cpda dataset=popularity
[2026-04-30 12:00:25,807][__main__][INFO] - ⏭ SKIP CPDA/popularity/NTN L=4 bd=16 seed=47311 -> /zhome/6b/e/212868/GTN/outputs/ntn/popularity/CPDA_rg5_init0.1/L4_bd16_seed47311 | completed val=-0.0579
[2026-04-30 12:00:25,810][HYDRA] 	#29 : model.L=4 model.bond_dim=16 seed=47303 trainer.ridge=5 trainer.ridge_decay=0.25 trainer.ridge_min=0.0001 +experiment=cpda_ntn_sweep model=cpda dataset=popularity
[2026-04-30 12:00:25,960][__main__][INFO] - ⏭ SKIP CPDA/popularity/NTN L=4 bd=16 seed=47303 -> /zhome/6b/e/212868/GTN/outputs/ntn/popularity/CPDA_rg5_init0.1/L4_bd16_seed47303 | completed val=-0.0684
[2026-04-30 12:00:25,962][HYDRA] 	#30 : model.L=4 model.bond_dim=32 seed=42 trainer.ridge=5 trainer.ridge_decay=0.25 trainer.ridge_min=0.0001 +experiment=cpda_ntn_sweep model=cpda dataset=popularity
[2026-04-30 12:00:26,114][__main__][INFO] - ⏭ SKIP CPDA/popularity/NTN L=4 bd=32 seed=42 -> /zhome/6b/e/212868/GTN/outputs/ntn/popularity/CPDA_rg5_init0.1/L4_bd32_seed42 | completed val=-0.0558
[2026-04-30 12:00:26,116][HYDRA] 	#31 : model.L=4 model.bond_dim=32 seed=10090 trainer.ridge=5 trainer.ridge_decay=0.25 trainer.ridge_min=0.0001 +experiment=cpda_ntn_sweep model=cpda dataset=popularity
[2026-04-30 12:00:26,268][__main__][INFO] - ⏭ SKIP CPDA/popularity/NTN L=4 bd=32 seed=10090 -> /zhome/6b/e/212868/GTN/outputs/ntn/popularity/CPDA_rg5_init0.1/L4_bd32_seed10090 | completed val=-0.0653
[2026-04-30 12:00:26,270][HYDRA] 	#32 : model.L=4 model.bond_dim=32 seed=32874 trainer.ridge=5 trainer.ridge_decay=0.25 trainer.ridge_min=0.0001 +experiment=cpda_ntn_sweep model=cpda dataset=popularity
[2026-04-30 12:00:26,427][__main__][INFO] - ⏭ SKIP CPDA/popularity/NTN L=4 bd=32 seed=32874 -> /zhome/6b/e/212868/GTN/outputs/ntn/popularity/CPDA_rg5_init0.1/L4_bd32_seed32874 | completed val=-0.0444
[2026-04-30 12:00:26,430][HYDRA] 	#33 : model.L=4 model.bond_dim=32 seed=47311 trainer.ridge=5 trainer.ridge_decay=0.25 trainer.ridge_min=0.0001 +experiment=cpda_ntn_sweep model=cpda dataset=popularity
[2026-04-30 12:00:26,581][__main__][INFO] - ⏭ SKIP CPDA/popularity/NTN L=4 bd=32 seed=47311 -> /zhome/6b/e/212868/GTN/outputs/ntn/popularity/CPDA_rg5_init0.1/L4_bd32_seed47311 | completed val=-0.0595
[2026-04-30 12:00:26,585][HYDRA] 	#34 : model.L=4 model.bond_dim=32 seed=47303 trainer.ridge=5 trainer.ridge_decay=0.25 trainer.ridge_min=0.0001 +experiment=cpda_ntn_sweep model=cpda dataset=popularity
[2026-04-30 12:00:26,752][__main__][INFO] - ⏭ SKIP CPDA/popularity/NTN L=4 bd=32 seed=47303 -> /zhome/6b/e/212868/GTN/outputs/ntn/popularity/CPDA_rg5_init0.1/L4_bd32_seed47303 | completed val=-0.0373
[2026-04-30 12:00:26,767][HYDRA] 	#35 : model.L=4 model.bond_dim=64 seed=42 trainer.ridge=5 trainer.ridge_decay=0.25 trainer.ridge_min=0.0001 +experiment=cpda_ntn_sweep model=cpda dataset=popularity
[2026-04-30 12:00:26,915][__main__][INFO] - ⏭ SKIP CPDA/popularity/NTN L=4 bd=64 seed=42 -> /zhome/6b/e/212868/GTN/outputs/ntn/popularity/CPDA_rg5_init0.1/L4_bd64_seed42 | completed val=-0.0427
[2026-04-30 12:00:26,917][HYDRA] 	#36 : model.L=4 model.bond_dim=64 seed=10090 trainer.ridge=5 trainer.ridge_decay=0.25 trainer.ridge_min=0.0001 +experiment=cpda_ntn_sweep model=cpda dataset=popularity
[2026-04-30 12:00:27,065][__main__][INFO] - ⏭ SKIP CPDA/popularity/NTN L=4 bd=64 seed=10090 -> /zhome/6b/e/212868/GTN/outputs/ntn/popularity/CPDA_rg5_init0.1/L4_bd64_seed10090 | completed val=-0.0479
[2026-04-30 12:00:27,067][HYDRA] 	#37 : model.L=4 model.bond_dim=64 seed=32874 trainer.ridge=5 trainer.ridge_decay=0.25 trainer.ridge_min=0.0001 +experiment=cpda_ntn_sweep model=cpda dataset=popularity
[2026-04-30 12:00:27,222][__main__][INFO] - ⏭ SKIP CPDA/popularity/NTN L=4 bd=64 seed=32874 -> /zhome/6b/e/212868/GTN/outputs/ntn/popularity/CPDA_rg5_init0.1/L4_bd64_seed32874 | completed val=-0.0513
[2026-04-30 12:00:27,224][HYDRA] 	#38 : model.L=4 model.bond_dim=64 seed=47311 trainer.ridge=5 trainer.ridge_decay=0.25 trainer.ridge_min=0.0001 +experiment=cpda_ntn_sweep model=cpda dataset=popularity
[2026-04-30 12:00:27,374][__main__][INFO] - ⏭ SKIP CPDA/popularity/NTN L=4 bd=64 seed=47311 -> /zhome/6b/e/212868/GTN/outputs/ntn/popularity/CPDA_rg5_init0.1/L4_bd64_seed47311 | completed val=-0.0622
[2026-04-30 12:00:27,376][HYDRA] 	#39 : model.L=4 model.bond_dim=64 seed=47303 trainer.ridge=5 trainer.ridge_decay=0.25 trainer.ridge_min=0.0001 +experiment=cpda_ntn_sweep model=cpda dataset=popularity
[2026-04-30 12:00:27,527][__main__][INFO] - ⏭ SKIP CPDA/popularity/NTN L=4 bd=64 seed=47303 -> /zhome/6b/e/212868/GTN/outputs/ntn/popularity/CPDA_rg5_init0.1/L4_bd64_seed47303 | completed val=-0.0623

------------------------------------------------------------
Sender: LSF System <lsfadmin@hpc.dtu.dk>
Subject: Job 28329351[71]: <ntn_grid_full[1-110]%5> in cluster <dcc> Done

Job <ntn_grid_full[1-110]%5> was submitted from host <hpclogin1> by user <nicci> in cluster <dcc> at Thu Apr 30 11:35:44 2026
Job was executed on host(s) <6*n-62-29-5>, in queue <hpc>, as user <nicci> in cluster <dcc> at Thu Apr 30 12:00:10 2026
</zhome/6b/e/212868> was used as the home directory.
</zhome/6b/e/212868/GTN> was used as the working directory.
Started at Thu Apr 30 12:00:10 2026
Terminated at Thu Apr 30 12:00:28 2026
Results reported at Thu Apr 30 12:00:28 2026

Your job looked like:

------------------------------------------------------------
# LSBATCH: User input
#!/bin/bash
#BSUB -q hpc
#BSUB -J "ntn_grid_full[1-110]%5"
#BSUB -W 8:00
#BSUB -n 6
#BSUB -R "rusage[mem=6GB]"
#BSUB -R "span[hosts=1]"
#BSUB -o logs/%J_%I.out
#BSUB -e logs/%J_%I.err

MODELS=("cpda" "cpda_typei" "lmpo2" "lmpo2_typei" "mpo2" "mpo2_typei" "mmpo2" "mmpo2_typei" "tnml_f" "tnml_p")

DATASETS=(
    "abalone" "adult" "ai4i" "appliances" "bank" "bike" "breast"
    "car_evaluation" "concrete" "energy_efficiency" "hearth"
    "iris" "mushrooms" "obesity" "popularity" "realstate"
    "seoulBike" "student_dropout" "student_perf" "wine"
    "winequalityc"
)

COMPLETED_DATASETS=(
    "abalone" "ai4i"  "bike" "concrete" "energy_efficiency"
    "iris" "obesity" "realstate" "seoulBike" "student_perf"
)

# Filter datasets
FILTERED_DATASETS=()
for ds in "${DATASETS[@]}"; do
    skip=false
    for completed in "${COMPLETED_DATASETS[@]}"; do
        if [[ "$ds" == "$completed" ]]; then
            skip=true
            break
        fi
    done

    if ! $skip; then
        FILTERED_DATASETS+=("$ds")
    fi
done

DATASETS=("${FILTERED_DATASETS[@]}")

NUM_MODELS=${#MODELS[@]}
NUM_DATASETS=${#DATASETS[@]}
NUM_EXPERIMENTS=$((NUM_DATASETS * NUM_MODELS))

if [ "$1" == "test" ]; then
    echo "SIMULATING ARRAY:"
    echo "-----------------"

(... more ...)
------------------------------------------------------------

Successfully completed.

Resource usage summary:

    CPU time :                                   15.05 sec.
    Max Memory :                                 397 MB
    Average Memory :                             397.00 MB
    Total Requested Memory :                     36864.00 MB
    Delta Memory :                               36467.00 MB
    Max Swap :                                   -
    Max Processes :                              4
    Max Threads :                                15
    Run time :                                   18 sec.
    Turnaround time :                            1484 sec.

The output (if any) is above this job summary.



PS:

Read file <logs/28329351_71.err> for stderr output of this job.

