Task 66: Dataset=mushrooms, Model=mpo2_typei, Experiment=uci_ntn_sweep
[2026-04-30 08:27:39,482][HYDRA] Launching 30 jobs locally
[2026-04-30 08:27:39,482][HYDRA] 	#0 : model.L=3 model.bond_dim=4 seed=42 trainer.ridge=5 trainer.ridge_decay=0.25 trainer.ridge_min=0.0001 +experiment=uci_ntn_sweep model=mpo2_typei dataset=mushrooms
[2026-04-30 08:27:39,707][utils.tracking][INFO] - Loaded 16976 tracked runs from runs_tracking.csv
[2026-04-30 08:27:39,711][__main__][INFO] - ⏭ SKIP MPO2TypeI/mushrooms/NTN L=3 bd=4 seed=42 -> /zhome/6b/e/212868/GTN/outputs/ntn/mushrooms/MPO2TypeI_rg5_init0.1/L3_bd4_seed42 | completed val=0.9910
[2026-04-30 08:27:39,714][HYDRA] 	#1 : model.L=3 model.bond_dim=4 seed=10090 trainer.ridge=5 trainer.ridge_decay=0.25 trainer.ridge_min=0.0001 +experiment=uci_ntn_sweep model=mpo2_typei dataset=mushrooms
[2026-04-30 08:27:40,058][__main__][INFO] - ▶ RUN MPO2TypeI/mushrooms/NTN L=3 bd=4 seed=10090 -> /zhome/6b/e/212868/GTN/outputs/ntn/mushrooms/MPO2TypeI_rg5_init0.1/L3_bd4_seed10090
Starting Ensemble Fit: 20 epochs
Models: [(1, 1), (2, 2), (3, 3)]
Total nodes: 6
Validation: Using separate validation set
Early stopping: patience=10, min_delta=0.001
Init    | Train: loss: 0.55328 | quality: 0.78966
        | Val:   loss: 0.56261 | quality: 0.77441

Epoch 1 | Train: loss: 0.13609 | quality: 0.95128
        | Val:   loss: 0.14783 | quality: 0.94340
 *
Epoch 2 | Train: loss: 0.05965 | quality: 0.98593
        | Val:   loss: 0.07022 | quality: 0.97949
 *
Epoch 3 | Train: loss: 0.02034 | quality: 0.99349
        | Val:   loss: 0.02707 | quality: 0.98769
 *
Epoch 4 | Train: loss: 0.01087 | quality: 0.99455
        | Val:   loss: 0.01662 | quality: 0.99016
 *
Epoch 5 | Train: loss: 0.01001 | quality: 0.99455
        | Val:   loss: 0.01511 | quality: 0.99098

Epoch 6 | Train: loss: 0.00985 | quality: 0.99455
        | Val:   loss: 0.01483 | quality: 0.99098

Epoch 7 | Train: loss: 0.00980 | quality: 0.99455
        | Val:   loss: 0.01475 | quality: 0.99098

Epoch 8 | Train: loss: 0.00979 | quality: 0.99455
        | Val:   loss: 0.01472 | quality: 0.99098

Epoch 9 | Train: loss: 0.00979 | quality: 0.99455
        | Val:   loss: 0.01471 | quality: 0.99098

Epoch 10 | Train: loss: 0.00979 | quality: 0.99455
        | Val:   loss: 0.01471 | quality: 0.99098

Epoch 11 | Train: loss: 0.00979 | quality: 0.99455
        | Val:   loss: 0.01471 | quality: 0.99098

Epoch 12 | Train: loss: 0.00979 | quality: 0.99455
        | Val:   loss: 0.01471 | quality: 0.99098

Epoch 13 | Train: loss: 0.00979 | quality: 0.99455
        | Val:   loss: 0.01471 | quality: 0.99098

Epoch 14 | Train: loss: 0.00979 | quality: 0.99455
        | Val:   loss: 0.01471 | quality: 0.99098


Early stopping at epoch 14 (best was epoch 4)

Best epoch: 4 (val_quality=0.990156)
[2026-04-30 08:27:59,593][__main__][INFO] - ✓ DONE MPO2TypeI/mushrooms/NTN L=3 bd=4 seed=10090 -> /zhome/6b/e/212868/GTN/outputs/ntn/mushrooms/MPO2TypeI_rg5_init0.1/L3_bd4_seed10090 | val=0.9902
[2026-04-30 08:27:59,596][HYDRA] 	#2 : model.L=3 model.bond_dim=4 seed=32874 trainer.ridge=5 trainer.ridge_decay=0.25 trainer.ridge_min=0.0001 +experiment=uci_ntn_sweep model=mpo2_typei dataset=mushrooms
[2026-04-30 08:27:59,751][__main__][INFO] - ▶ RUN MPO2TypeI/mushrooms/NTN L=3 bd=4 seed=32874 -> /zhome/6b/e/212868/GTN/outputs/ntn/mushrooms/MPO2TypeI_rg5_init0.1/L3_bd4_seed32874

------------------------------------------------------------
Sender: LSF System <lsfadmin@hpc.dtu.dk>
Subject: Job 28328192[66]: <ntn_grid_full[1-110]%10> in cluster <dcc> Exited

Job <ntn_grid_full[1-110]%10> was submitted from host <hpclogin1> by user <nicci> in cluster <dcc> at Thu Apr 30 08:23:23 2026
Job was executed on host(s) <6*n-62-29-24>, in queue <hpc>, as user <nicci> in cluster <dcc> at Thu Apr 30 08:27:30 2026
</zhome/6b/e/212868> was used as the home directory.
</zhome/6b/e/212868/GTN> was used as the working directory.
Started at Thu Apr 30 08:27:30 2026
Terminated at Thu Apr 30 08:28:07 2026
Results reported at Thu Apr 30 08:28:07 2026

Your job looked like:

------------------------------------------------------------
# LSBATCH: User input
#!/bin/bash
#BSUB -q hpc
#BSUB -J "ntn_grid_full[1-110]%10"
#BSUB -W 8:00
#BSUB -n 6
#BSUB -R "rusage[mem=2GB]"
#BSUB -R "span[hosts=1]"
#BSUB -o logs/%J_%I.out
#BSUB -e logs/%J_%I.err

MODELS=("cpda" "cpda_typei" "lmpo2" "lmpo2_typei" "mpo2" "mpo2_typei" "mmpo2" "mmpo2_typei" "tnml_f" "tnml_p")

DATASETS=(
    "abalone" "adult" "ai4i" "appliances" "bank" "bike" "breast"
    "car_evaluation" "concrete" "energy_efficiency" "hearth"
    "iris" "mushrooms" "obesity" "popularity" "realstate"
    "seoulBike" "student_dropout" "student_perf" "wine"
    "winequalityc"
)

COMPLETED_DATASETS=(
    "abalone" "ai4i"  "bike" "concrete" "energy_efficiency"
    "iris" "obesity" "realstate" "seoulBike" "student_perf"
)

# Filter datasets
FILTERED_DATASETS=()
for ds in "${DATASETS[@]}"; do
    skip=false
    for completed in "${COMPLETED_DATASETS[@]}"; do
        if [[ "$ds" == "$completed" ]]; then
            skip=true
            break
        fi
    done

    if ! $skip; then
        FILTERED_DATASETS+=("$ds")
    fi
done

DATASETS=("${FILTERED_DATASETS[@]}")

NUM_MODELS=${#MODELS[@]}
NUM_DATASETS=${#DATASETS[@]}
NUM_EXPERIMENTS=$((NUM_DATASETS * NUM_MODELS))

if [ "$1" == "test" ]; then
    echo "SIMULATING ARRAY:"
    echo "-----------------"

(... more ...)
------------------------------------------------------------

TERM_MEMLIMIT: job killed after reaching LSF memory usage limit.
Exited with exit code 137.

Resource usage summary:

    CPU time :                                   130.82 sec.
    Max Memory :                                 12288 MB
    Average Memory :                             8324.67 MB
    Total Requested Memory :                     12288.00 MB
    Delta Memory :                               0.00 MB
    Max Swap :                                   -
    Max Processes :                              4
    Max Threads :                                15
    Run time :                                   37 sec.
    Turnaround time :                            284 sec.

The output (if any) is above this job summary.



PS:

Read file <logs/28328192_66.err> for stderr output of this job.

