Task 58: Dataset=breast, Model=mmpo2_typei, Experiment=uci_ntn_sweep
[2026-04-29 14:24:52,643][HYDRA] Launching 30 jobs locally
[2026-04-29 14:24:52,643][HYDRA] 	#0 : model.L=3 model.bond_dim=4 seed=42 trainer.ridge=5 trainer.ridge_decay=0.25 trainer.ridge_min=0.0001 +experiment=uci_ntn_sweep model=mmpo2_typei dataset=breast
[2026-04-29 14:24:52,886][utils.tracking][INFO] - Loaded 16372 tracked runs from runs_tracking.csv
[2026-04-29 14:24:52,890][__main__][INFO] - ⏭ SKIP MMPO2TypeI/breast/NTN L=3 bd=4 seed=42 -> /zhome/6b/e/212868/GTN/outputs/ntn/breast/MMPO2TypeI_rg5_init0.1/L3_bd4_seed42 | completed val=0.9529
[2026-04-29 14:24:52,893][HYDRA] 	#1 : model.L=3 model.bond_dim=4 seed=10090 trainer.ridge=5 trainer.ridge_decay=0.25 trainer.ridge_min=0.0001 +experiment=uci_ntn_sweep model=mmpo2_typei dataset=breast
[2026-04-29 14:24:53,234][__main__][INFO] - ⏭ SKIP MMPO2TypeI/breast/NTN L=3 bd=4 seed=10090 -> /zhome/6b/e/212868/GTN/outputs/ntn/breast/MMPO2TypeI_rg5_init0.1/L3_bd4_seed10090 | completed val=0.9647
[2026-04-29 14:24:53,237][HYDRA] 	#2 : model.L=3 model.bond_dim=4 seed=32874 trainer.ridge=5 trainer.ridge_decay=0.25 trainer.ridge_min=0.0001 +experiment=uci_ntn_sweep model=mmpo2_typei dataset=breast
[2026-04-29 14:24:53,404][__main__][INFO] - ▶ RUN MMPO2TypeI/breast/NTN L=3 bd=4 seed=32874 -> /zhome/6b/e/212868/GTN/outputs/ntn/breast/MMPO2TypeI_rg5_init0.1/L3_bd4_seed32874
Starting Ensemble Fit: 20 epochs
Models: [(1, 1), (2, 2), (3, 3)]
Total nodes: 6
Validation: Using separate validation set
Early stopping: patience=10, min_delta=0.001
Init    | Train: loss: 1.04270 | quality: 0.28392
        | Val:   loss: 1.07074 | quality: 0.22353

Epoch 1 | Train: loss: 0.18822 | quality: 0.96985
        | Val:   loss: 0.19256 | quality: 0.95294
 *
Epoch 2 | Train: loss: 0.05870 | quality: 0.98995
        | Val:   loss: 0.09309 | quality: 0.95294
 *
Epoch 3 | Train: loss: 0.00764 | quality: 1.00000
        | Val:   loss: 0.09922 | quality: 0.96471
 *
Epoch 4 | Train: loss: 0.00040 | quality: 1.00000
        | Val:   loss: 0.17273 | quality: 0.95294

Epoch 5 | Train: loss: 0.00001 | quality: 1.00000
        | Val:   loss: 0.29995 | quality: 0.95294

Epoch 6 | Train: loss: 0.00000 | quality: 1.00000
        | Val:   loss: 0.42147 | quality: 0.96471

Epoch 7 | Train: loss: 0.00000 | quality: 1.00000
        | Val:   loss: 0.61966 | quality: 0.96471

Epoch 8 | Train: loss: 0.00000 | quality: 1.00000
        | Val:   loss: 0.84305 | quality: 0.96471

Epoch 9 | Train: loss: 0.00000 | quality: 1.00000
        | Val:   loss: 1.03047 | quality: 0.96471

Epoch 10 | Train: loss: 0.00000 | quality: 1.00000
        | Val:   loss: 1.22160 | quality: 0.95294

Epoch 11 | Train: loss: 1617787316522209969554499567616.00000 | quality: 0.59548
        | Val:   loss: 1525810605056161295481656311808.00000 | quality: 0.57647

Epoch 12 | Train: loss: 4333394658557110784434042213846642119440863364076388345296419173623573965214436741165296713570197803781887758097796814029738676407997272655760230788910359612953828559130246183387136.00000 | quality: 0.79648
        | Val:   loss: 10611159216428195432056336125352741736784864726214841067218350780378968993070663454419392680071735615498164753927378185545076448348136812115488374361516112397749460692784099037806592.00000 | quality: 0.77647

Epoch 13 | Train: loss: nan | quality: 0.62563
        | Val:   loss: nan | quality: 0.56471


Early stopping at epoch 13 (best was epoch 3)

Best epoch: 3 (val_quality=0.964706)
[2026-04-29 14:24:58,050][__main__][INFO] - ✓ DONE MMPO2TypeI/breast/NTN L=3 bd=4 seed=32874 -> /zhome/6b/e/212868/GTN/outputs/ntn/breast/MMPO2TypeI_rg5_init0.1/L3_bd4_seed32874 | val=0.9647
[2026-04-29 14:24:58,052][HYDRA] 	#3 : model.L=3 model.bond_dim=4 seed=47311 trainer.ridge=5 trainer.ridge_decay=0.25 trainer.ridge_min=0.0001 +experiment=uci_ntn_sweep model=mmpo2_typei dataset=breast
[2026-04-29 14:24:58,206][__main__][INFO] - ▶ RUN MMPO2TypeI/breast/NTN L=3 bd=4 seed=47311 -> /zhome/6b/e/212868/GTN/outputs/ntn/breast/MMPO2TypeI_rg5_init0.1/L3_bd4_seed47311
Starting Ensemble Fit: 20 epochs
Models: [(1, 1), (2, 2), (3, 3)]
Total nodes: 6
Validation: Using separate validation set
Early stopping: patience=10, min_delta=0.001
Init    | Train: loss: 0.97891 | quality: 0.48241
        | Val:   loss: 0.85304 | quality: 0.43529

Epoch 1 | Train: loss: 0.20603 | quality: 0.96231
        | Val:   loss: 0.19996 | quality: 0.94118
 *
Epoch 2 | Train: loss: 0.06130 | quality: 0.98995
        | Val:   loss: 0.09853 | quality: 0.95294
 *
Epoch 3 | Train: loss: 0.00666 | quality: 1.00000
        | Val:   loss: 0.10200 | quality: 0.95294
 *
Epoch 4 | Train: loss: 0.00057 | quality: 1.00000
        | Val:   loss: 0.14765 | quality: 0.95294

Epoch 5 | Train: loss: 0.00003 | quality: 1.00000
        | Val:   loss: 0.23868 | quality: 0.95294

Epoch 6 | Train: loss: 0.00000 | quality: 1.00000
        | Val:   loss: 0.36135 | quality: 0.95294

Epoch 7 | Train: loss: 0.00000 | quality: 1.00000
        | Val:   loss: 0.54467 | quality: 0.94118

Epoch 8 | Train: loss: 0.00000 | quality: 1.00000
        | Val:   loss: 0.74407 | quality: 0.95294

Epoch 9 | Train: loss: 0.00000 | quality: 1.00000
        | Val:   loss: 0.90695 | quality: 0.95294

Epoch 10 | Train: loss: 0.00000 | quality: 1.00000
        | Val:   loss: 1.01004 | quality: 0.95294

Epoch 11 | Train: loss: 8511090510256593993976111749965979100622356480.00000 | quality: 0.26633
        | Val:   loss: 16579971562147231204688389079171339082004430848.00000 | quality: 0.29412

Epoch 12 | Train: loss: 4702850273808348316350859014968031836925755432624934696265714714691411983044864592597679472960101869597130537370510462219282858197261025691385268664521344332192247897795925813464035683405548368198583789315863212841133453027410182144.00000 | quality: 0.77136
        | Val:   loss: 690200051675960565571847697622463725886191661079869706281370935575721717532534431236030486712659453811322267272406881871011970183737518740698268016280197546773542967903452753750990984364072592945782169628744953607327008120016732160.00000 | quality: 0.74118

Epoch 13 | Train: loss: nan | quality: 0.62563
        | Val:   loss: nan | quality: 0.56471


Early stopping at epoch 13 (best was epoch 3)

Best epoch: 3 (val_quality=0.952941)
[2026-04-29 14:25:02,225][__main__][INFO] - ✓ DONE MMPO2TypeI/breast/NTN L=3 bd=4 seed=47311 -> /zhome/6b/e/212868/GTN/outputs/ntn/breast/MMPO2TypeI_rg5_init0.1/L3_bd4_seed47311 | val=0.9529
[2026-04-29 14:25:02,227][HYDRA] 	#4 : model.L=3 model.bond_dim=4 seed=47303 trainer.ridge=5 trainer.ridge_decay=0.25 trainer.ridge_min=0.0001 +experiment=uci_ntn_sweep model=mmpo2_typei dataset=breast
[2026-04-29 14:25:02,381][__main__][INFO] - ▶ RUN MMPO2TypeI/breast/NTN L=3 bd=4 seed=47303 -> /zhome/6b/e/212868/GTN/outputs/ntn/breast/MMPO2TypeI_rg5_init0.1/L3_bd4_seed47303
Starting Ensemble Fit: 20 epochs
Models: [(1, 1), (2, 2), (3, 3)]
Total nodes: 6
Validation: Using separate validation set
Early stopping: patience=10, min_delta=0.001
Init    | Train: loss: 0.77472 | quality: 0.45729
        | Val:   loss: 0.78385 | quality: 0.37647

Epoch 1 | Train: loss: 0.19429 | quality: 0.96231
        | Val:   loss: 0.19473 | quality: 0.95294
 *
Epoch 2 | Train: loss: 0.06178 | quality: 0.98995
        | Val:   loss: 0.10981 | quality: 0.95294
 *
Epoch 3 | Train: loss: 0.01484 | quality: 1.00000
        | Val:   loss: 0.11431 | quality: 0.94118

Epoch 4 | Train: loss: 3286.72847 | quality: 0.63819
        | Val:   loss: 2500.81155 | quality: 0.64706

Epoch 5 | Train: loss: 129602379260452145035587233460841344626463172727738082676178944.00000 | quality: 0.37688
        | Val:   loss: 88424185608135063960185261600084951514753319647636136365391872.00000 | quality: 0.38824

Epoch 6 | Train: loss: 33214243312781981683839243787242125037538564841413812870853967137102534061606630456289608843173238290103879380266492854385732060640280223820892492582626009611373939422920704.00000 | quality: 0.76131
        | Val:   loss: 7050053485221677592420073126298071523762896962973000911432183523279114384520610417293454813304457523955762112245982598454033271721893838413934010247752485356305637900812288.00000 | quality: 0.78824

Epoch 7 | Train: loss: nan | quality: 0.62563
        | Val:   loss: nan | quality: 0.56471

Epoch 8 | Train: loss: nan | quality: 0.62563
        | Val:   loss: nan | quality: 0.56471

Epoch 9 | Train: loss: nan | quality: 0.62563
        | Val:   loss: nan | quality: 0.56471

Epoch 10 | Train: loss: nan | quality: 0.62563
        | Val:   loss: nan | quality: 0.56471

Epoch 11 | Train: loss: nan | quality: 0.62563
        | Val:   loss: nan | quality: 0.56471

Epoch 12 | Train: loss: nan | quality: 0.62563
        | Val:   loss: nan | quality: 0.56471


Early stopping at epoch 12 (best was epoch 2)

Best epoch: 2 (val_quality=0.952941)
[2026-04-29 14:25:06,365][__main__][INFO] - ✓ DONE MMPO2TypeI/breast/NTN L=3 bd=4 seed=47303 -> /zhome/6b/e/212868/GTN/outputs/ntn/breast/MMPO2TypeI_rg5_init0.1/L3_bd4_seed47303 | val=0.9529
[2026-04-29 14:25:06,368][HYDRA] 	#5 : model.L=3 model.bond_dim=8 seed=42 trainer.ridge=5 trainer.ridge_decay=0.25 trainer.ridge_min=0.0001 +experiment=uci_ntn_sweep model=mmpo2_typei dataset=breast
[2026-04-29 14:25:06,527][__main__][INFO] - ▶ RUN MMPO2TypeI/breast/NTN L=3 bd=8 seed=42 -> /zhome/6b/e/212868/GTN/outputs/ntn/breast/MMPO2TypeI_rg5_init0.1/L3_bd8_seed42
Starting Ensemble Fit: 20 epochs
Models: [(1, 1), (2, 2), (3, 3)]
Total nodes: 6
Validation: Using separate validation set
Early stopping: patience=10, min_delta=0.001
Init    | Train: loss: 0.53823 | quality: 0.81407
        | Val:   loss: 0.47544 | quality: 0.80000

Epoch 1 | Train: loss: 0.14500 | quality: 0.97487
        | Val:   loss: 0.15885 | quality: 0.95294
 *
Epoch 2 | Train: loss: 0.02739 | quality: 0.99749
        | Val:   loss: 0.10041 | quality: 0.95294
 *
Epoch 3 | Train: loss: 0.00213 | quality: 1.00000
        | Val:   loss: 0.12567 | quality: 0.96471
 *
Epoch 4 | Train: loss: 0.00005 | quality: 1.00000
        | Val:   loss: 0.20074 | quality: 0.96471

Epoch 5 | Train: loss: 8946.65526 | quality: 0.74372
        | Val:   loss: 4898.23350 | quality: 0.71765

Epoch 6 | Train: loss: 868731930116525532993097740236881920.00000 | quality: 0.61055
        | Val:   loss: 918012575347367468836109506274394112.00000 | quality: 0.65882

Epoch 7 | Train: loss: 629026009675909477752503464507727764160801890729644488047590128156116155011470823925453529402018284336890614948562116904376726567222779041698002573207063682043610665502188870041600.00000 | quality: 0.75879
        | Val:   loss: 134840328681535664353186333614497164278592271614881277285396781708136115956438678360622291992612041611903268857111434951718918486354900368823514017270461717497082667533008245882880.00000 | quality: 0.71765

Epoch 8 | Train: loss: nan | quality: 0.62563
        | Val:   loss: nan | quality: 0.56471

Epoch 9 | Train: loss: nan | quality: 0.62563
        | Val:   loss: nan | quality: 0.56471

Epoch 10 | Train: loss: nan | quality: 0.62563
        | Val:   loss: nan | quality: 0.56471

Epoch 11 | Train: loss: nan | quality: 0.62563
        | Val:   loss: nan | quality: 0.56471

Epoch 12 | Train: loss: nan | quality: 0.62563
        | Val:   loss: nan | quality: 0.56471

Epoch 13 | Train: loss: nan | quality: 0.62563
        | Val:   loss: nan | quality: 0.56471


Early stopping at epoch 13 (best was epoch 3)

Best epoch: 3 (val_quality=0.964706)
[2026-04-29 14:25:16,698][__main__][INFO] - ✓ DONE MMPO2TypeI/breast/NTN L=3 bd=8 seed=42 -> /zhome/6b/e/212868/GTN/outputs/ntn/breast/MMPO2TypeI_rg5_init0.1/L3_bd8_seed42 | val=0.9647
[2026-04-29 14:25:16,700][HYDRA] 	#6 : model.L=3 model.bond_dim=8 seed=10090 trainer.ridge=5 trainer.ridge_decay=0.25 trainer.ridge_min=0.0001 +experiment=uci_ntn_sweep model=mmpo2_typei dataset=breast
[2026-04-29 14:25:16,852][__main__][INFO] - ▶ RUN MMPO2TypeI/breast/NTN L=3 bd=8 seed=10090 -> /zhome/6b/e/212868/GTN/outputs/ntn/breast/MMPO2TypeI_rg5_init0.1/L3_bd8_seed10090

------------------------------------------------------------
Sender: LSF System <lsfadmin@hpc.dtu.dk>
Subject: Job 28326036[58]: <ntn_grid_full[1-140]%20> in cluster <dcc> Exited

Job <ntn_grid_full[1-140]%20> was submitted from host <hpclogin1> by user <nicci> in cluster <dcc> at Wed Apr 29 14:15:19 2026
Job was executed on host(s) <4*n-62-28-30>, in queue <hpc>, as user <nicci> in cluster <dcc> at Wed Apr 29 14:24:42 2026
</zhome/6b/e/212868> was used as the home directory.
</zhome/6b/e/212868/GTN> was used as the working directory.
Started at Wed Apr 29 14:24:42 2026
Terminated at Wed Apr 29 14:25:22 2026
Results reported at Wed Apr 29 14:25:22 2026

Your job looked like:

------------------------------------------------------------
# LSBATCH: User input
#!/bin/bash
#BSUB -q hpc
#BSUB -J "ntn_grid_full[1-140]%20"
#BSUB -W 12:00
#BSUB -n 4
#BSUB -R "rusage[mem=2GB]"
#BSUB -R "span[hosts=1]"
#BSUB -o logs/%J_%I.out
#BSUB -e logs/%J_%I.err

MODELS=("cpda" "cpda_typei" "lmpo2" "lmpo2_typei" "mpo2" "mpo2_typei" "mmpo2" "mmpo2_typei" "tnml_f" "tnml_p")

DATASETS=(
    "abalone" "adult" "ai4i" "appliances" "bank" "bike" "breast"
    "car_evaluation" "concrete" "energy_efficiency" "hearth"
    "iris" "mushrooms" "obesity" "popularity" "realstate"
    "seoulBike" "student_dropout" "student_perf" "wine"
    "winequalityc"
)

COMPLETED_DATASETS=(
    "bike" "concrete" "energy_efficiency"
    "iris" "obesity" "realstate" "seoulBike"
)

# Filter datasets
FILTERED_DATASETS=()
for ds in "${DATASETS[@]}"; do
    skip=false
    for completed in "${COMPLETED_DATASETS[@]}"; do
        if [[ "$ds" == "$completed" ]]; then
            skip=true
            break
        fi
    done

    if ! $skip; then
        FILTERED_DATASETS+=("$ds")
    fi
done

DATASETS=("${FILTERED_DATASETS[@]}")

NUM_MODELS=${#MODELS[@]}
NUM_DATASETS=${#DATASETS[@]}
NUM_EXPERIMENTS=$((NUM_DATASETS * NUM_MODELS))

if [ "$1" == "test" ]; then
    echo "SIMULATING ARRAY:"
    echo "-----------------"

(... more ...)
------------------------------------------------------------

TERM_MEMLIMIT: job killed after reaching LSF memory usage limit.
Exited with exit code 137.

Resource usage summary:

    CPU time :                                   58.24 sec.
    Max Memory :                                 8192 MB
    Average Memory :                             5594.67 MB
    Total Requested Memory :                     8192.00 MB
    Delta Memory :                               0.00 MB
    Max Swap :                                   -
    Max Processes :                              4
    Max Threads :                                8
    Run time :                                   40 sec.
    Turnaround time :                            603 sec.

The output (if any) is above this job summary.



PS:

Read file <logs/28326036_58.err> for stderr output of this job.

