Task 135: Dataset=wine, Model=mpo2, Experiment=uci_ntn_sweep
[2026-05-02 00:22:01,486][HYDRA] Launching 30 jobs locally
[2026-05-02 00:22:01,486][HYDRA] 	#0 : model.L=4 model.bond_dim=12 seed=42 trainer.ridge=5 trainer.ridge_decay=0.25 trainer.ridge_min=0.0001 +experiment=uci_ntn_sweep model=mpo2 dataset=wine
[2026-05-02 00:22:01,915][utils.tracking][INFO] - Loaded 17971 tracked runs from runs_tracking.csv
[2026-05-02 00:22:01,918][__main__][INFO] - ▶ RUN MPO2/wine/NTN L=4 bd=12 seed=42 -> /zhome/6b/e/212868/GTN/outputs/ntn/wine/MPO2_rg5_init0.1/L4_bd12_seed42
Starting Fit: 20 epochs.
Sweep Order: ['Node0', 'Node1', 'Node2', 'Node3', 'Node2', 'Node1']
Validation: Using separate validation set for best model selection
Early stopping: patience=10, min_delta=0.001
Init    | Train: loss: 173.60573 | quality: 0.43548
        | Val:   loss: 151.21435 | quality: 0.37037
Epoch 1 | Train: loss: 28142977756659193601106741368860576942111899100265840640.00000 | quality: 0.43548
        | Val:   loss: 21095280025590052353594801304182648636883159996388343808.00000 | quality: 0.44444
 *

✗ NaN loss at epoch 2 - stopping training

✗ Exception at epoch 2: NaN loss encountered during NTN optimization at epoch 2
[2026-05-02 00:22:08,063][__main__][WARNING] - ✗ SINGULAR MPO2/wine/NTN L=4 bd=12 seed=42 -> /zhome/6b/e/212868/GTN/outputs/ntn/wine/MPO2_rg5_init0.1/L4_bd12_seed42 | val=0.4444
[2026-05-02 00:22:08,065][HYDRA] 	#1 : model.L=4 model.bond_dim=12 seed=10090 trainer.ridge=5 trainer.ridge_decay=0.25 trainer.ridge_min=0.0001 +experiment=uci_ntn_sweep model=mpo2 dataset=wine
[2026-05-02 00:22:08,246][__main__][INFO] - ▶ RUN MPO2/wine/NTN L=4 bd=12 seed=10090 -> /zhome/6b/e/212868/GTN/outputs/ntn/wine/MPO2_rg5_init0.1/L4_bd12_seed10090
Starting Fit: 20 epochs.
Sweep Order: ['Node0', 'Node1', 'Node2', 'Node3', 'Node2', 'Node1']
Validation: Using separate validation set for best model selection
Early stopping: patience=10, min_delta=0.001
Init    | Train: loss: 160.82751 | quality: 0.39516
        | Val:   loss: 64.02537 | quality: 0.55556
Epoch 1 | Train: loss: 1772765214786824858946423179290470313523660368979297378868629235137944090418959759677158575324416279897440256.00000 | quality: 0.35484
        | Val:   loss: 1618698450180200952830377741923779748021037079780268153283824598289048305521365372510460744032598348118622208.00000 | quality: 0.29630


✗ NaN loss at epoch 2 - stopping training

✗ Exception at epoch 2: NaN loss encountered during NTN optimization at epoch 2
[2026-05-02 00:22:10,242][__main__][WARNING] - ✗ SINGULAR MPO2/wine/NTN L=4 bd=12 seed=10090 -> /zhome/6b/e/212868/GTN/outputs/ntn/wine/MPO2_rg5_init0.1/L4_bd12_seed10090 | val=0.2963
[2026-05-02 00:22:10,244][HYDRA] 	#2 : model.L=4 model.bond_dim=12 seed=32874 trainer.ridge=5 trainer.ridge_decay=0.25 trainer.ridge_min=0.0001 +experiment=uci_ntn_sweep model=mpo2 dataset=wine
[2026-05-02 00:22:10,401][__main__][INFO] - ▶ RUN MPO2/wine/NTN L=4 bd=12 seed=32874 -> /zhome/6b/e/212868/GTN/outputs/ntn/wine/MPO2_rg5_init0.1/L4_bd12_seed32874
Starting Fit: 20 epochs.
Sweep Order: ['Node0', 'Node1', 'Node2', 'Node3', 'Node2', 'Node1']
Validation: Using separate validation set for best model selection
Early stopping: patience=10, min_delta=0.001
Init    | Train: loss: 153.47230 | quality: 0.33871
        | Val:   loss: 95.64822 | quality: 0.29630

✗ NaN loss at epoch 1 - stopping training

✗ Exception at epoch 1: NaN loss encountered during NTN optimization at epoch 1
[2026-05-02 00:22:11,916][__main__][WARNING] - ✗ SINGULAR MPO2/wine/NTN L=4 bd=12 seed=32874 -> /zhome/6b/e/212868/GTN/outputs/ntn/wine/MPO2_rg5_init0.1/L4_bd12_seed32874 | val=None
[2026-05-02 00:22:11,918][HYDRA] 	#3 : model.L=4 model.bond_dim=12 seed=47311 trainer.ridge=5 trainer.ridge_decay=0.25 trainer.ridge_min=0.0001 +experiment=uci_ntn_sweep model=mpo2 dataset=wine
[2026-05-02 00:22:12,074][__main__][INFO] - ▶ RUN MPO2/wine/NTN L=4 bd=12 seed=47311 -> /zhome/6b/e/212868/GTN/outputs/ntn/wine/MPO2_rg5_init0.1/L4_bd12_seed47311
Starting Fit: 20 epochs.
Sweep Order: ['Node0', 'Node1', 'Node2', 'Node3', 'Node2', 'Node1']
Validation: Using separate validation set for best model selection
Early stopping: patience=10, min_delta=0.001
Init    | Train: loss: 194.74537 | quality: 0.29839
        | Val:   loss: 105.72436 | quality: 0.25926
Epoch 1 | Train: loss: 11337012492224356258370594757672960.00000 | quality: 0.35484
        | Val:   loss: 6215038395053990033580863113920512.00000 | quality: 0.40741
 *

✗ NaN loss at epoch 2 - stopping training

✗ Exception at epoch 2: NaN loss encountered during NTN optimization at epoch 2
[2026-05-02 00:22:14,035][__main__][WARNING] - ✗ SINGULAR MPO2/wine/NTN L=4 bd=12 seed=47311 -> /zhome/6b/e/212868/GTN/outputs/ntn/wine/MPO2_rg5_init0.1/L4_bd12_seed47311 | val=0.4074
[2026-05-02 00:22:14,039][HYDRA] 	#4 : model.L=4 model.bond_dim=12 seed=47303 trainer.ridge=5 trainer.ridge_decay=0.25 trainer.ridge_min=0.0001 +experiment=uci_ntn_sweep model=mpo2 dataset=wine
[2026-05-02 00:22:14,200][__main__][INFO] - ▶ RUN MPO2/wine/NTN L=4 bd=12 seed=47303 -> /zhome/6b/e/212868/GTN/outputs/ntn/wine/MPO2_rg5_init0.1/L4_bd12_seed47303
Starting Fit: 20 epochs.
Sweep Order: ['Node0', 'Node1', 'Node2', 'Node3', 'Node2', 'Node1']
Validation: Using separate validation set for best model selection
Early stopping: patience=10, min_delta=0.001
Init    | Train: loss: 164.82084 | quality: 0.27419
        | Val:   loss: 95.64870 | quality: 0.37037
Epoch 1 | Train: loss: 4508832447092417436806529864636738254086480573804093215248755715501081950760931560608755796868586350480877822628981146883726196801073250828288.00000 | quality: 0.33065
        | Val:   loss: 4118039121414900225338542241033573539372222271634016202122408552817800000288150877445323701443967807062358392183839011395741434873032082456576.00000 | quality: 0.25926


✗ NaN loss at epoch 2 - stopping training

✗ Exception at epoch 2: NaN loss encountered during NTN optimization at epoch 2
[2026-05-02 00:22:16,120][__main__][WARNING] - ✗ SINGULAR MPO2/wine/NTN L=4 bd=12 seed=47303 -> /zhome/6b/e/212868/GTN/outputs/ntn/wine/MPO2_rg5_init0.1/L4_bd12_seed47303 | val=0.2593
[2026-05-02 00:22:16,122][HYDRA] 	#5 : model.L=4 model.bond_dim=8 seed=42 trainer.ridge=5 trainer.ridge_decay=0.25 trainer.ridge_min=0.0001 +experiment=uci_ntn_sweep model=mpo2 dataset=wine
[2026-05-02 00:22:16,284][__main__][INFO] - ▶ RUN MPO2/wine/NTN L=4 bd=8 seed=42 -> /zhome/6b/e/212868/GTN/outputs/ntn/wine/MPO2_rg5_init0.1/L4_bd8_seed42
Starting Fit: 20 epochs.
Sweep Order: ['Node0', 'Node1', 'Node2', 'Node3', 'Node2', 'Node1']
Validation: Using separate validation set for best model selection
Early stopping: patience=10, min_delta=0.001
Init    | Train: loss: 147.77234 | quality: 0.30645
        | Val:   loss: 156.68059 | quality: 0.25926
Epoch 1 | Train: loss: 178178820803368096151392819672078576796041216.00000 | quality: 0.58871
        | Val:   loss: 315162176689567068965534027294168442002735104.00000 | quality: 0.55556
 *

✗ NaN loss at epoch 2 - stopping training

✗ Exception at epoch 2: NaN loss encountered during NTN optimization at epoch 2
[2026-05-02 00:22:21,649][__main__][WARNING] - ✗ SINGULAR MPO2/wine/NTN L=4 bd=8 seed=42 -> /zhome/6b/e/212868/GTN/outputs/ntn/wine/MPO2_rg5_init0.1/L4_bd8_seed42 | val=0.5556
[2026-05-02 00:22:21,652][HYDRA] 	#6 : model.L=4 model.bond_dim=8 seed=10090 trainer.ridge=5 trainer.ridge_decay=0.25 trainer.ridge_min=0.0001 +experiment=uci_ntn_sweep model=mpo2 dataset=wine
[2026-05-02 00:22:21,813][__main__][INFO] - ▶ RUN MPO2/wine/NTN L=4 bd=8 seed=10090 -> /zhome/6b/e/212868/GTN/outputs/ntn/wine/MPO2_rg5_init0.1/L4_bd8_seed10090
Starting Fit: 20 epochs.
Sweep Order: ['Node0', 'Node1', 'Node2', 'Node3', 'Node2', 'Node1']
Validation: Using separate validation set for best model selection
Early stopping: patience=10, min_delta=0.001
Init    | Train: loss: 187.83986 | quality: 0.35484
        | Val:   loss: 220.99597 | quality: 0.33333
Epoch 1 | Train: loss: 27951824177561996893524908285322855562521178533622451459552444416.00000 | quality: 0.28226
        | Val:   loss: 20912416701049368644158208530519906559247473714174583365536055296.00000 | quality: 0.25926


✗ NaN loss at epoch 2 - stopping training

✗ Exception at epoch 2: NaN loss encountered during NTN optimization at epoch 2
[2026-05-02 00:22:23,055][__main__][WARNING] - ✗ SINGULAR MPO2/wine/NTN L=4 bd=8 seed=10090 -> /zhome/6b/e/212868/GTN/outputs/ntn/wine/MPO2_rg5_init0.1/L4_bd8_seed10090 | val=0.2593
[2026-05-02 00:22:23,057][HYDRA] 	#7 : model.L=4 model.bond_dim=8 seed=32874 trainer.ridge=5 trainer.ridge_decay=0.25 trainer.ridge_min=0.0001 +experiment=uci_ntn_sweep model=mpo2 dataset=wine
[2026-05-02 00:22:23,215][__main__][INFO] - ▶ RUN MPO2/wine/NTN L=4 bd=8 seed=32874 -> /zhome/6b/e/212868/GTN/outputs/ntn/wine/MPO2_rg5_init0.1/L4_bd8_seed32874
Starting Fit: 20 epochs.
Sweep Order: ['Node0', 'Node1', 'Node2', 'Node3', 'Node2', 'Node1']
Validation: Using separate validation set for best model selection
Early stopping: patience=10, min_delta=0.001
Init    | Train: loss: 191.47765 | quality: 0.29032
        | Val:   loss: 209.67545 | quality: 0.25926
Epoch 1 | Train: loss: 135631896311174217589895988604240631169024.00000 | quality: 0.35484
        | Val:   loss: 67834916752877972087987388909017618186240.00000 | quality: 0.29630
 *

✗ NaN loss at epoch 2 - stopping training

✗ Exception at epoch 2: NaN loss encountered during NTN optimization at epoch 2
[2026-05-02 00:22:24,452][__main__][WARNING] - ✗ SINGULAR MPO2/wine/NTN L=4 bd=8 seed=32874 -> /zhome/6b/e/212868/GTN/outputs/ntn/wine/MPO2_rg5_init0.1/L4_bd8_seed32874 | val=0.2963
[2026-05-02 00:22:24,454][HYDRA] 	#8 : model.L=4 model.bond_dim=8 seed=47311 trainer.ridge=5 trainer.ridge_decay=0.25 trainer.ridge_min=0.0001 +experiment=uci_ntn_sweep model=mpo2 dataset=wine
[2026-05-02 00:22:24,632][__main__][INFO] - ▶ RUN MPO2/wine/NTN L=4 bd=8 seed=47311 -> /zhome/6b/e/212868/GTN/outputs/ntn/wine/MPO2_rg5_init0.1/L4_bd8_seed47311
Starting Fit: 20 epochs.
Sweep Order: ['Node0', 'Node1', 'Node2', 'Node3', 'Node2', 'Node1']
Validation: Using separate validation set for best model selection
Early stopping: patience=10, min_delta=0.001
Init    | Train: loss: 138.96203 | quality: 0.40323
        | Val:   loss: 98.19082 | quality: 0.55556
Epoch 1 | Train: loss: 554486991861920324627988480.00000 | quality: 0.47581
        | Val:   loss: 254725711335324266816077824.00000 | quality: 0.51852


✗ NaN loss at epoch 2 - stopping training

✗ Exception at epoch 2: NaN loss encountered during NTN optimization at epoch 2
[2026-05-02 00:22:25,867][__main__][WARNING] - ✗ SINGULAR MPO2/wine/NTN L=4 bd=8 seed=47311 -> /zhome/6b/e/212868/GTN/outputs/ntn/wine/MPO2_rg5_init0.1/L4_bd8_seed47311 | val=0.5185
[2026-05-02 00:22:25,869][HYDRA] 	#9 : model.L=4 model.bond_dim=8 seed=47303 trainer.ridge=5 trainer.ridge_decay=0.25 trainer.ridge_min=0.0001 +experiment=uci_ntn_sweep model=mpo2 dataset=wine
[2026-05-02 00:22:26,031][__main__][INFO] - ▶ RUN MPO2/wine/NTN L=4 bd=8 seed=47303 -> /zhome/6b/e/212868/GTN/outputs/ntn/wine/MPO2_rg5_init0.1/L4_bd8_seed47303
Starting Fit: 20 epochs.
Sweep Order: ['Node0', 'Node1', 'Node2', 'Node3', 'Node2', 'Node1']
Validation: Using separate validation set for best model selection
Early stopping: patience=10, min_delta=0.001
Init    | Train: loss: 165.78155 | quality: 0.35484
        | Val:   loss: 61.02303 | quality: 0.48148
Epoch 1 | Train: loss: 57181700997066355652904480942044002024131164873958112602181322753374087256689775158614404787386139547059186006332039580935086826681536766046741677196993025917199266965324872522820553005605250412134895993225216.00000 | quality: 0.33871
        | Val:   loss: 22919803195503512738517971106406986834756444206893067676043097937122284086306234691761076562555658466228517997181784753239610875771082466828742166749080310750979068619738386899906686008212282537926537775153152.00000 | quality: 0.37037


✗ NaN loss at epoch 2 - stopping training

✗ Exception at epoch 2: NaN loss encountered during NTN optimization at epoch 2
[2026-05-02 00:22:27,288][__main__][WARNING] - ✗ SINGULAR MPO2/wine/NTN L=4 bd=8 seed=47303 -> /zhome/6b/e/212868/GTN/outputs/ntn/wine/MPO2_rg5_init0.1/L4_bd8_seed47303 | val=0.3704
[2026-05-02 00:22:27,291][HYDRA] 	#10 : model.L=4 model.bond_dim=4 seed=42 trainer.ridge=5 trainer.ridge_decay=0.25 trainer.ridge_min=0.0001 +experiment=uci_ntn_sweep model=mpo2 dataset=wine
[2026-05-02 00:22:27,546][__main__][INFO] - ▶ RUN MPO2/wine/NTN L=4 bd=4 seed=42 -> /zhome/6b/e/212868/GTN/outputs/ntn/wine/MPO2_rg5_init0.1/L4_bd4_seed42
Starting Fit: 20 epochs.
Sweep Order: ['Node0', 'Node1', 'Node2', 'Node3', 'Node2', 'Node1']
Validation: Using separate validation set for best model selection
Early stopping: patience=10, min_delta=0.001
Init    | Train: loss: 148.78920 | quality: 0.35484
        | Val:   loss: 110.20232 | quality: 0.44444

✗ NaN loss at epoch 1 - stopping training

✗ Exception at epoch 1: NaN loss encountered during NTN optimization at epoch 1
[2026-05-02 00:22:32,673][__main__][WARNING] - ✗ SINGULAR MPO2/wine/NTN L=4 bd=4 seed=42 -> /zhome/6b/e/212868/GTN/outputs/ntn/wine/MPO2_rg5_init0.1/L4_bd4_seed42 | val=None
[2026-05-02 00:22:32,675][HYDRA] 	#11 : model.L=4 model.bond_dim=4 seed=10090 trainer.ridge=5 trainer.ridge_decay=0.25 trainer.ridge_min=0.0001 +experiment=uci_ntn_sweep model=mpo2 dataset=wine
[2026-05-02 00:22:32,866][__main__][INFO] - ▶ RUN MPO2/wine/NTN L=4 bd=4 seed=10090 -> /zhome/6b/e/212868/GTN/outputs/ntn/wine/MPO2_rg5_init0.1/L4_bd4_seed10090
Starting Fit: 20 epochs.
Sweep Order: ['Node0', 'Node1', 'Node2', 'Node3', 'Node2', 'Node1']
Validation: Using separate validation set for best model selection
Early stopping: patience=10, min_delta=0.001
Init    | Train: loss: 152.69518 | quality: 0.23387
        | Val:   loss: 92.33601 | quality: 0.29630
Epoch 1 | Train: loss: 24974944823932609594484021938935162187455514187661312.00000 | quality: 0.44355
        | Val:   loss: 15224042240258878313661606246333083957553574113705984.00000 | quality: 0.48148
 *

✗ NaN loss at epoch 2 - stopping training

✗ Exception at epoch 2: NaN loss encountered during NTN optimization at epoch 2
[2026-05-02 00:22:33,974][__main__][WARNING] - ✗ SINGULAR MPO2/wine/NTN L=4 bd=4 seed=10090 -> /zhome/6b/e/212868/GTN/outputs/ntn/wine/MPO2_rg5_init0.1/L4_bd4_seed10090 | val=0.4815
[2026-05-02 00:22:33,976][HYDRA] 	#12 : model.L=4 model.bond_dim=4 seed=32874 trainer.ridge=5 trainer.ridge_decay=0.25 trainer.ridge_min=0.0001 +experiment=uci_ntn_sweep model=mpo2 dataset=wine
[2026-05-02 00:22:34,149][__main__][INFO] - ▶ RUN MPO2/wine/NTN L=4 bd=4 seed=32874 -> /zhome/6b/e/212868/GTN/outputs/ntn/wine/MPO2_rg5_init0.1/L4_bd4_seed32874
Starting Fit: 20 epochs.
Sweep Order: ['Node0', 'Node1', 'Node2', 'Node3', 'Node2', 'Node1']
Validation: Using separate validation set for best model selection
Early stopping: patience=10, min_delta=0.001
Init    | Train: loss: 125.43543 | quality: 0.44355
        | Val:   loss: 80.13203 | quality: 0.59259
Epoch 1 | Train: loss: 3959494495171225040353478769528249576849408.00000 | quality: 0.34677
        | Val:   loss: 1677364321726913712096418668091004128591872.00000 | quality: 0.33333


✗ NaN loss at epoch 2 - stopping training

✗ Exception at epoch 2: NaN loss encountered during NTN optimization at epoch 2
[2026-05-02 00:22:35,252][__main__][WARNING] - ✗ SINGULAR MPO2/wine/NTN L=4 bd=4 seed=32874 -> /zhome/6b/e/212868/GTN/outputs/ntn/wine/MPO2_rg5_init0.1/L4_bd4_seed32874 | val=0.3333
[2026-05-02 00:22:35,254][HYDRA] 	#13 : model.L=4 model.bond_dim=4 seed=47311 trainer.ridge=5 trainer.ridge_decay=0.25 trainer.ridge_min=0.0001 +experiment=uci_ntn_sweep model=mpo2 dataset=wine
[2026-05-02 00:22:35,430][__main__][INFO] - ▶ RUN MPO2/wine/NTN L=4 bd=4 seed=47311 -> /zhome/6b/e/212868/GTN/outputs/ntn/wine/MPO2_rg5_init0.1/L4_bd4_seed47311
Starting Fit: 20 epochs.
Sweep Order: ['Node0', 'Node1', 'Node2', 'Node3', 'Node2', 'Node1']
Validation: Using separate validation set for best model selection
Early stopping: patience=10, min_delta=0.001
Init    | Train: loss: 166.08452 | quality: 0.37097
        | Val:   loss: 131.67889 | quality: 0.33333
Epoch 1 | Train: loss: 8732182919872286341807714325482942466927070177239690816449067978947713390088767400261680666255036246901548031417304220239276145351166614222746116868932556988503272451298744972920325075877580428800489125528851216632543723653319201571734284124927810348412567552.00000 | quality: 0.29839
        | Val:   loss: 7628657092095623733668627605642212234418099451627920694270998941288689336687077273061645514190521489375820434744757071658153416969447221119521770276380501702408596849348538068274107078283953658501588270927510838078240743080826292583027164427635262478912323584.00000 | quality: 0.25926


✗ NaN loss at epoch 2 - stopping training

✗ Exception at epoch 2: NaN loss encountered during NTN optimization at epoch 2
[2026-05-02 00:22:36,537][__main__][WARNING] - ✗ SINGULAR MPO2/wine/NTN L=4 bd=4 seed=47311 -> /zhome/6b/e/212868/GTN/outputs/ntn/wine/MPO2_rg5_init0.1/L4_bd4_seed47311 | val=0.2593
[2026-05-02 00:22:36,539][HYDRA] 	#14 : model.L=4 model.bond_dim=4 seed=47303 trainer.ridge=5 trainer.ridge_decay=0.25 trainer.ridge_min=0.0001 +experiment=uci_ntn_sweep model=mpo2 dataset=wine
[2026-05-02 00:22:36,695][__main__][INFO] - ▶ RUN MPO2/wine/NTN L=4 bd=4 seed=47303 -> /zhome/6b/e/212868/GTN/outputs/ntn/wine/MPO2_rg5_init0.1/L4_bd4_seed47303
Starting Fit: 20 epochs.
Sweep Order: ['Node0', 'Node1', 'Node2', 'Node3', 'Node2', 'Node1']
Validation: Using separate validation set for best model selection
Early stopping: patience=10, min_delta=0.001
Init    | Train: loss: 139.66035 | quality: 0.33871
        | Val:   loss: 93.64785 | quality: 0.44444
Epoch 1 | Train: loss: 262381585796615959864584175616.00000 | quality: 0.54839
        | Val:   loss: 105146152410250176591187410944.00000 | quality: 0.51852
 *

✗ NaN loss at epoch 2 - stopping training

✗ Exception at epoch 2: NaN loss encountered during NTN optimization at epoch 2
[2026-05-02 00:22:37,801][__main__][WARNING] - ✗ SINGULAR MPO2/wine/NTN L=4 bd=4 seed=47303 -> /zhome/6b/e/212868/GTN/outputs/ntn/wine/MPO2_rg5_init0.1/L4_bd4_seed47303 | val=0.5185
[2026-05-02 00:22:37,803][HYDRA] 	#15 : model.L=3 model.bond_dim=12 seed=42 trainer.ridge=5 trainer.ridge_decay=0.25 trainer.ridge_min=0.0001 +experiment=uci_ntn_sweep model=mpo2 dataset=wine
[2026-05-02 00:22:37,962][__main__][INFO] - ▶ RUN MPO2/wine/NTN L=3 bd=12 seed=42 -> /zhome/6b/e/212868/GTN/outputs/ntn/wine/MPO2_rg5_init0.1/L3_bd12_seed42
Starting Fit: 20 epochs.
Sweep Order: ['Node0', 'Node1', 'Node2', 'Node1']
Validation: Using separate validation set for best model selection
Early stopping: patience=10, min_delta=0.001
Init    | Train: loss: 57.37213 | quality: 0.21774
        | Val:   loss: 51.29539 | quality: 0.14815
Epoch 1 | Train: loss: 126047.75430 | quality: 0.35484
        | Val:   loss: 90954.86839 | quality: 0.40741
 *
Epoch 2 | Train: loss: 55285070597648862418691763009744974685400943316442248566844424192.00000 | quality: 0.59677
        | Val:   loss: 91758789515413185813708606721462771159710011183008067767108632576.00000 | quality: 0.48148
 *

✗ NaN loss at epoch 3 - stopping training

✗ Exception at epoch 3: NaN loss encountered during NTN optimization at epoch 3
[2026-05-02 00:22:40,634][__main__][WARNING] - ✗ SINGULAR MPO2/wine/NTN L=3 bd=12 seed=42 -> /zhome/6b/e/212868/GTN/outputs/ntn/wine/MPO2_rg5_init0.1/L3_bd12_seed42 | val=0.4815
[2026-05-02 00:22:40,636][HYDRA] 	#16 : model.L=3 model.bond_dim=12 seed=10090 trainer.ridge=5 trainer.ridge_decay=0.25 trainer.ridge_min=0.0001 +experiment=uci_ntn_sweep model=mpo2 dataset=wine
[2026-05-02 00:22:40,800][__main__][INFO] - ▶ RUN MPO2/wine/NTN L=3 bd=12 seed=10090 -> /zhome/6b/e/212868/GTN/outputs/ntn/wine/MPO2_rg5_init0.1/L3_bd12_seed10090
Starting Fit: 20 epochs.
Sweep Order: ['Node0', 'Node1', 'Node2', 'Node1']
Validation: Using separate validation set for best model selection
Early stopping: patience=10, min_delta=0.001
Init    | Train: loss: 40.29692 | quality: 0.41935
        | Val:   loss: 27.84374 | quality: 0.40741
Epoch 1 | Train: loss: 5191024249653276864144178980518883251035985225138975169781114246234831561736431318597632.00000 | quality: 0.25000
        | Val:   loss: 4698438610515367767840036909168840010978253865736920576817461220262040514145869002440704.00000 | quality: 0.29630


✗ NaN loss at epoch 2 - stopping training

✗ Exception at epoch 2: NaN loss encountered during NTN optimization at epoch 2
[2026-05-02 00:22:42,322][__main__][WARNING] - ✗ SINGULAR MPO2/wine/NTN L=3 bd=12 seed=10090 -> /zhome/6b/e/212868/GTN/outputs/ntn/wine/MPO2_rg5_init0.1/L3_bd12_seed10090 | val=0.2963
[2026-05-02 00:22:42,325][HYDRA] 	#17 : model.L=3 model.bond_dim=12 seed=32874 trainer.ridge=5 trainer.ridge_decay=0.25 trainer.ridge_min=0.0001 +experiment=uci_ntn_sweep model=mpo2 dataset=wine
[2026-05-02 00:22:42,716][__main__][INFO] - ▶ RUN MPO2/wine/NTN L=3 bd=12 seed=32874 -> /zhome/6b/e/212868/GTN/outputs/ntn/wine/MPO2_rg5_init0.1/L3_bd12_seed32874
Starting Fit: 20 epochs.
Sweep Order: ['Node0', 'Node1', 'Node2', 'Node1']
Validation: Using separate validation set for best model selection
Early stopping: patience=10, min_delta=0.001
Init    | Train: loss: 82.44153 | quality: 0.23387
        | Val:   loss: 78.57864 | quality: 0.03704
Epoch 1 | Train: loss: 1664389068040933027899049942369695241150883753668591313817356882307700690137149592075837208518110560124928.00000 | quality: 0.04839
        | Val:   loss: 1232022918798415628261246716681779013213173771064540704306734668227700793723325535233385307299201547239424.00000 | quality: 0.14815
 *

✗ NaN loss at epoch 2 - stopping training

✗ Exception at epoch 2: NaN loss encountered during NTN optimization at epoch 2
[2026-05-02 00:22:44,218][__main__][WARNING] - ✗ SINGULAR MPO2/wine/NTN L=3 bd=12 seed=32874 -> /zhome/6b/e/212868/GTN/outputs/ntn/wine/MPO2_rg5_init0.1/L3_bd12_seed32874 | val=0.1481
[2026-05-02 00:22:44,220][HYDRA] 	#18 : model.L=3 model.bond_dim=12 seed=47311 trainer.ridge=5 trainer.ridge_decay=0.25 trainer.ridge_min=0.0001 +experiment=uci_ntn_sweep model=mpo2 dataset=wine
[2026-05-02 00:22:44,378][__main__][INFO] - ▶ RUN MPO2/wine/NTN L=3 bd=12 seed=47311 -> /zhome/6b/e/212868/GTN/outputs/ntn/wine/MPO2_rg5_init0.1/L3_bd12_seed47311
Starting Fit: 20 epochs.
Sweep Order: ['Node0', 'Node1', 'Node2', 'Node1']
Validation: Using separate validation set for best model selection
Early stopping: patience=10, min_delta=0.001
Init    | Train: loss: 38.12031 | quality: 0.29839
        | Val:   loss: 36.83959 | quality: 0.25926
Epoch 1 | Train: loss: 13.73200 | quality: 0.36290
        | Val:   loss: 8.41129 | quality: 0.48148
 *
Epoch 2 | Train: loss: 21260847621080668775716569809638903173402326701839370384264070805425838445720290757767637529003497931429216970661076093920301967871031585128993525897818065028255985460059769570618359178069561835520.00000 | quality: 0.58065
        | Val:   loss: 6809866551640077205597152447380389884035425082459780585922119510399202430832994724336733291781170480388555721773168930429097566723532569607673142230467983030239668972239426588135456805342324719616.00000 | quality: 0.51852
 *

✗ NaN loss at epoch 3 - stopping training

✗ Exception at epoch 3: NaN loss encountered during NTN optimization at epoch 3
[2026-05-02 00:22:46,103][__main__][WARNING] - ✗ SINGULAR MPO2/wine/NTN L=3 bd=12 seed=47311 -> /zhome/6b/e/212868/GTN/outputs/ntn/wine/MPO2_rg5_init0.1/L3_bd12_seed47311 | val=0.5185
[2026-05-02 00:22:46,106][HYDRA] 	#19 : model.L=3 model.bond_dim=12 seed=47303 trainer.ridge=5 trainer.ridge_decay=0.25 trainer.ridge_min=0.0001 +experiment=uci_ntn_sweep model=mpo2 dataset=wine
[2026-05-02 00:22:46,266][__main__][INFO] - ▶ RUN MPO2/wine/NTN L=3 bd=12 seed=47303 -> /zhome/6b/e/212868/GTN/outputs/ntn/wine/MPO2_rg5_init0.1/L3_bd12_seed47303
Starting Fit: 20 epochs.
Sweep Order: ['Node0', 'Node1', 'Node2', 'Node1']
Validation: Using separate validation set for best model selection
Early stopping: patience=10, min_delta=0.001
Init    | Train: loss: 47.51882 | quality: 0.32258
        | Val:   loss: 25.05095 | quality: 0.33333
Epoch 1 | Train: loss: 7307.71593 | quality: 0.19355
        | Val:   loss: 4333.55041 | quality: 0.25926

Epoch 2 | Train: loss: 334130303990787342336.00000 | quality: 0.36290
        | Val:   loss: 192239288139732779008.00000 | quality: 0.51852
 *
Epoch 3 | Train: loss: 482838291783080311490638042664797104557662707779457415623390510865169660321282767808417725246263318429477174274170103529472.00000 | quality: 0.70968
        | Val:   loss: 234808415584225481121975421464324582432194358380625602744903154842881513532819677418226164727115310262551393981335557111808.00000 | quality: 0.77778
 *

✗ NaN loss at epoch 4 - stopping training

✗ Exception at epoch 4: NaN loss encountered during NTN optimization at epoch 4
[2026-05-02 00:22:48,355][__main__][WARNING] - ✗ SINGULAR MPO2/wine/NTN L=3 bd=12 seed=47303 -> /zhome/6b/e/212868/GTN/outputs/ntn/wine/MPO2_rg5_init0.1/L3_bd12_seed47303 | val=0.7778
[2026-05-02 00:22:48,356][HYDRA] 	#20 : model.L=3 model.bond_dim=8 seed=42 trainer.ridge=5 trainer.ridge_decay=0.25 trainer.ridge_min=0.0001 +experiment=uci_ntn_sweep model=mpo2 dataset=wine
[2026-05-02 00:22:48,512][__main__][INFO] - ▶ RUN MPO2/wine/NTN L=3 bd=8 seed=42 -> /zhome/6b/e/212868/GTN/outputs/ntn/wine/MPO2_rg5_init0.1/L3_bd8_seed42
Starting Fit: 20 epochs.
Sweep Order: ['Node0', 'Node1', 'Node2', 'Node1']
Validation: Using separate validation set for best model selection
Early stopping: patience=10, min_delta=0.001
Init    | Train: loss: 60.22694 | quality: 0.22581
        | Val:   loss: 48.37710 | quality: 0.11111
Epoch 1 | Train: loss: 24331618299.26590 | quality: 0.22581
        | Val:   loss: 14004192512.64059 | quality: 0.11111

Epoch 2 | Train: loss: 541232582044508180529780196586575908393125203683162651099136.00000 | quality: 0.15323
        | Val:   loss: 426738652085231644826618856260835434904325629000596250951680.00000 | quality: 0.25926
 *

✗ NaN loss at epoch 3 - stopping training

✗ Exception at epoch 3: NaN loss encountered during NTN optimization at epoch 3
[2026-05-02 00:22:50,726][__main__][WARNING] - ✗ SINGULAR MPO2/wine/NTN L=3 bd=8 seed=42 -> /zhome/6b/e/212868/GTN/outputs/ntn/wine/MPO2_rg5_init0.1/L3_bd8_seed42 | val=0.2593
[2026-05-02 00:22:50,728][HYDRA] 	#21 : model.L=3 model.bond_dim=8 seed=10090 trainer.ridge=5 trainer.ridge_decay=0.25 trainer.ridge_min=0.0001 +experiment=uci_ntn_sweep model=mpo2 dataset=wine
[2026-05-02 00:22:50,887][__main__][INFO] - ▶ RUN MPO2/wine/NTN L=3 bd=8 seed=10090 -> /zhome/6b/e/212868/GTN/outputs/ntn/wine/MPO2_rg5_init0.1/L3_bd8_seed10090
Starting Fit: 20 epochs.
Sweep Order: ['Node0', 'Node1', 'Node2', 'Node1']
Validation: Using separate validation set for best model selection
Early stopping: patience=10, min_delta=0.001
Init    | Train: loss: 48.18832 | quality: 0.18548
        | Val:   loss: 47.50383 | quality: 0.14815
Epoch 1 | Train: loss: 21337.05117 | quality: 0.08065
        | Val:   loss: 12864.18475 | quality: 0.14815

Epoch 2 | Train: loss: 391215235209245780633884597637138630486248213100397456148378729799247716065070324685326563212017884628526516378278975639980617533812226706433582009443409534728467310939405652134280520479683848066173820633027504772535952171585960651158064078368220147745816576.00000 | quality: 0.04032
        | Val:   loss: 258435817928946096672954051419167559674508766460016056201903777089640159153230878952468523451986532304705256730072006084635700926287845596039525446736685753952216364582619816262684916021786618966883302515360865637247378839639870218844592829799042451383517184.00000 | quality: 0.00000


✗ NaN loss at epoch 3 - stopping training

✗ Exception at epoch 3: NaN loss encountered during NTN optimization at epoch 3
[2026-05-02 00:22:52,105][__main__][WARNING] - ✗ SINGULAR MPO2/wine/NTN L=3 bd=8 seed=10090 -> /zhome/6b/e/212868/GTN/outputs/ntn/wine/MPO2_rg5_init0.1/L3_bd8_seed10090 | val=0.1481
[2026-05-02 00:22:52,107][HYDRA] 	#22 : model.L=3 model.bond_dim=8 seed=32874 trainer.ridge=5 trainer.ridge_decay=0.25 trainer.ridge_min=0.0001 +experiment=uci_ntn_sweep model=mpo2 dataset=wine
[2026-05-02 00:22:52,297][__main__][INFO] - ▶ RUN MPO2/wine/NTN L=3 bd=8 seed=32874 -> /zhome/6b/e/212868/GTN/outputs/ntn/wine/MPO2_rg5_init0.1/L3_bd8_seed32874
Starting Fit: 20 epochs.
Sweep Order: ['Node0', 'Node1', 'Node2', 'Node1']
Validation: Using separate validation set for best model selection
Early stopping: patience=10, min_delta=0.001
Init    | Train: loss: 66.67484 | quality: 0.16129
        | Val:   loss: 100.00155 | quality: 0.03704
Epoch 1 | Train: loss: 603523993.44200 | quality: 0.27419
        | Val:   loss: 409723148.31876 | quality: 0.29630
 *
Epoch 2 | Train: loss: 611157745249436648234888417404135567023811392627015680.00000 | quality: 0.16935
        | Val:   loss: 542722903269944033633679367807176838048992451991961600.00000 | quality: 0.25926


✗ NaN loss at epoch 3 - stopping training

✗ Exception at epoch 3: NaN loss encountered during NTN optimization at epoch 3
[2026-05-02 00:22:53,497][__main__][WARNING] - ✗ SINGULAR MPO2/wine/NTN L=3 bd=8 seed=32874 -> /zhome/6b/e/212868/GTN/outputs/ntn/wine/MPO2_rg5_init0.1/L3_bd8_seed32874 | val=0.2963
[2026-05-02 00:22:53,498][HYDRA] 	#23 : model.L=3 model.bond_dim=8 seed=47311 trainer.ridge=5 trainer.ridge_decay=0.25 trainer.ridge_min=0.0001 +experiment=uci_ntn_sweep model=mpo2 dataset=wine
[2026-05-02 00:22:53,657][__main__][INFO] - ▶ RUN MPO2/wine/NTN L=3 bd=8 seed=47311 -> /zhome/6b/e/212868/GTN/outputs/ntn/wine/MPO2_rg5_init0.1/L3_bd8_seed47311
Starting Fit: 20 epochs.
Sweep Order: ['Node0', 'Node1', 'Node2', 'Node1']
Validation: Using separate validation set for best model selection
Early stopping: patience=10, min_delta=0.001
Init    | Train: loss: 50.25736 | quality: 0.23387
        | Val:   loss: 67.36693 | quality: 0.18519
Epoch 1 | Train: loss: 129574920016440453649872517299655671808.00000 | quality: 0.11290
        | Val:   loss: 108038430226505669278281693326544470016.00000 | quality: 0.18519

Epoch 2 | Train: loss: 242312932945368123039911256329547461252475502441484603687029444321384455785254645228706665254630338263395364529093623724802810630115665510584836341296915955129209473429046807878301594805559979613018421895186914737183817457467392.00000 | quality: 0.44355
        | Val:   loss: 316406789945717442481490370016847376295207225655672955829828429582532153930134705189408500770739172667900296264995382412548159322311962240858983752702384800635325159724410703920330279904104883299045607907842228621547128236277760.00000 | quality: 0.40741
 *

✗ NaN loss at epoch 3 - stopping training

✗ Exception at epoch 3: NaN loss encountered during NTN optimization at epoch 3
[2026-05-02 00:22:54,877][__main__][WARNING] - ✗ SINGULAR MPO2/wine/NTN L=3 bd=8 seed=47311 -> /zhome/6b/e/212868/GTN/outputs/ntn/wine/MPO2_rg5_init0.1/L3_bd8_seed47311 | val=0.4074
[2026-05-02 00:22:54,881][HYDRA] 	#24 : model.L=3 model.bond_dim=8 seed=47303 trainer.ridge=5 trainer.ridge_decay=0.25 trainer.ridge_min=0.0001 +experiment=uci_ntn_sweep model=mpo2 dataset=wine
[2026-05-02 00:22:55,112][__main__][INFO] - ▶ RUN MPO2/wine/NTN L=3 bd=8 seed=47303 -> /zhome/6b/e/212868/GTN/outputs/ntn/wine/MPO2_rg5_init0.1/L3_bd8_seed47303
Starting Fit: 20 epochs.
Sweep Order: ['Node0', 'Node1', 'Node2', 'Node1']
Validation: Using separate validation set for best model selection
Early stopping: patience=10, min_delta=0.001
Init    | Train: loss: 61.35411 | quality: 0.22581
        | Val:   loss: 72.60055 | quality: 0.11111
Epoch 1 | Train: loss: 52109.96910 | quality: 0.26613
        | Val:   loss: 38045.97609 | quality: 0.29630
 *
Epoch 2 | Train: loss: 296237465142017348114854909928500474039458222183221133574144.00000 | quality: 0.45968
        | Val:   loss: 197433261193007095272437112109052102395157181996702197874688.00000 | quality: 0.44444
 *

✗ NaN loss at epoch 3 - stopping training

✗ Exception at epoch 3: NaN loss encountered during NTN optimization at epoch 3
[2026-05-02 00:22:56,330][__main__][WARNING] - ✗ SINGULAR MPO2/wine/NTN L=3 bd=8 seed=47303 -> /zhome/6b/e/212868/GTN/outputs/ntn/wine/MPO2_rg5_init0.1/L3_bd8_seed47303 | val=0.4444
[2026-05-02 00:22:56,333][HYDRA] 	#25 : model.L=3 model.bond_dim=4 seed=42 trainer.ridge=5 trainer.ridge_decay=0.25 trainer.ridge_min=0.0001 +experiment=uci_ntn_sweep model=mpo2 dataset=wine
[2026-05-02 00:22:56,538][__main__][INFO] - ▶ RUN MPO2/wine/NTN L=3 bd=4 seed=42 -> /zhome/6b/e/212868/GTN/outputs/ntn/wine/MPO2_rg5_init0.1/L3_bd4_seed42
Starting Fit: 20 epochs.
Sweep Order: ['Node0', 'Node1', 'Node2', 'Node1']
Validation: Using separate validation set for best model selection
Early stopping: patience=10, min_delta=0.001
Init    | Train: loss: 38.36229 | quality: 0.34677
        | Val:   loss: 52.00247 | quality: 0.37037
Epoch 1 | Train: loss: 115.61339 | quality: 0.10484
        | Val:   loss: 114.74155 | quality: 0.03704

Epoch 2 | Train: loss: 3403070561431341226466983469225675783722137288704.00000 | quality: 0.03226
        | Val:   loss: 2749726527987505578896646445259154341380178837504.00000 | quality: 0.07407


✗ NaN loss at epoch 3 - stopping training

✗ Exception at epoch 3: NaN loss encountered during NTN optimization at epoch 3
[2026-05-02 00:22:58,679][__main__][WARNING] - ✗ SINGULAR MPO2/wine/NTN L=3 bd=4 seed=42 -> /zhome/6b/e/212868/GTN/outputs/ntn/wine/MPO2_rg5_init0.1/L3_bd4_seed42 | val=0.0741
[2026-05-02 00:22:58,683][HYDRA] 	#26 : model.L=3 model.bond_dim=4 seed=10090 trainer.ridge=5 trainer.ridge_decay=0.25 trainer.ridge_min=0.0001 +experiment=uci_ntn_sweep model=mpo2 dataset=wine
[2026-05-02 00:22:58,891][__main__][INFO] - ▶ RUN MPO2/wine/NTN L=3 bd=4 seed=10090 -> /zhome/6b/e/212868/GTN/outputs/ntn/wine/MPO2_rg5_init0.1/L3_bd4_seed10090
Starting Fit: 20 epochs.
Sweep Order: ['Node0', 'Node1', 'Node2', 'Node1']
Validation: Using separate validation set for best model selection
Early stopping: patience=10, min_delta=0.001
Init    | Train: loss: 16.71069 | quality: 0.50806
        | Val:   loss: 14.86062 | quality: 0.51852
Epoch 1 | Train: loss: 0.55230 | quality: 0.96774
        | Val:   loss: 0.52517 | quality: 0.92593
 *
Epoch 2 | Train: loss: 0.12518 | quality: 1.00000
        | Val:   loss: 0.15389 | quality: 0.96296
 *
Epoch 3 | Train: loss: 0.00779 | quality: 1.00000
        | Val:   loss: 0.06733 | quality: 0.96296

Epoch 4 | Train: loss: 0.00025 | quality: 1.00000
        | Val:   loss: 0.06418 | quality: 0.96296

Epoch 5 | Train: loss: 0.00001 | quality: 1.00000
        | Val:   loss: 0.07632 | quality: 0.96296

Epoch 6 | Train: loss: 0.00000 | quality: 1.00000
        | Val:   loss: 0.10077 | quality: 0.96296

Epoch 7 | Train: loss: 0.00000 | quality: 1.00000
        | Val:   loss: 0.13473 | quality: 0.96296

Epoch 8 | Train: loss: 0.00000 | quality: 1.00000
        | Val:   loss: 0.17555 | quality: 0.96296

Epoch 9 | Train: loss: 0.00000 | quality: 1.00000
        | Val:   loss: 0.22156 | quality: 0.96296

Epoch 10 | Train: loss: 0.00000 | quality: 1.00000
        | Val:   loss: 0.27895 | quality: 0.96296

Epoch 11 | Train: loss: 171697901864819.34375 | quality: 0.66935
        | Val:   loss: 198954256452740.87500 | quality: 0.66667

Epoch 12 | Train: loss: 9796332337227860901742008843891326907323716691150502881385994183215879526680196144835215603754623653421223599814623284697187207803061128988196864.00000 | quality: 0.50806
        | Val:   loss: 5573284694282050279695399675898643892287190151434809719216624051455424355276991742255319401357802129681842979852739984393022862726387385776472064.00000 | quality: 0.37037


⏸ Early stopping at epoch 12 (best was epoch 2)
[2026-05-02 00:23:00,159][__main__][INFO] - ✓ DONE MPO2/wine/NTN L=3 bd=4 seed=10090 -> /zhome/6b/e/212868/GTN/outputs/ntn/wine/MPO2_rg5_init0.1/L3_bd4_seed10090 | val=0.9630
[2026-05-02 00:23:00,162][HYDRA] 	#27 : model.L=3 model.bond_dim=4 seed=32874 trainer.ridge=5 trainer.ridge_decay=0.25 trainer.ridge_min=0.0001 +experiment=uci_ntn_sweep model=mpo2 dataset=wine
[2026-05-02 00:23:00,396][__main__][INFO] - ▶ RUN MPO2/wine/NTN L=3 bd=4 seed=32874 -> /zhome/6b/e/212868/GTN/outputs/ntn/wine/MPO2_rg5_init0.1/L3_bd4_seed32874
Starting Fit: 20 epochs.
Sweep Order: ['Node0', 'Node1', 'Node2', 'Node1']
Validation: Using separate validation set for best model selection
Early stopping: patience=10, min_delta=0.001
Init    | Train: loss: 36.38049 | quality: 0.33065
        | Val:   loss: 32.58905 | quality: 0.33333
Epoch 1 | Train: loss: 83.03608 | quality: 0.16935
        | Val:   loss: 52.89719 | quality: 0.14815

Epoch 2 | Train: loss: 3507054842251640832.00000 | quality: 0.57258
        | Val:   loss: 7873837289171318784.00000 | quality: 0.44444
 *
Epoch 3 | Train: loss: 1360264411903718181368034604318048082897945499656544525717181340586485329600145403335821029680839568191887631691284480.00000 | quality: 0.50000
        | Val:   loss: 1271863129285191893949870918806015908680235282941394624579525669581370544134889943881892215981415853653191054088732672.00000 | quality: 0.33333


✗ NaN loss at epoch 4 - stopping training

✗ Exception at epoch 4: NaN loss encountered during NTN optimization at epoch 4
[2026-05-02 00:23:01,650][__main__][WARNING] - ✗ SINGULAR MPO2/wine/NTN L=3 bd=4 seed=32874 -> /zhome/6b/e/212868/GTN/outputs/ntn/wine/MPO2_rg5_init0.1/L3_bd4_seed32874 | val=0.4444
[2026-05-02 00:23:01,652][HYDRA] 	#28 : model.L=3 model.bond_dim=4 seed=47311 trainer.ridge=5 trainer.ridge_decay=0.25 trainer.ridge_min=0.0001 +experiment=uci_ntn_sweep model=mpo2 dataset=wine
[2026-05-02 00:23:01,812][__main__][INFO] - ▶ RUN MPO2/wine/NTN L=3 bd=4 seed=47311 -> /zhome/6b/e/212868/GTN/outputs/ntn/wine/MPO2_rg5_init0.1/L3_bd4_seed47311
Starting Fit: 20 epochs.
Sweep Order: ['Node0', 'Node1', 'Node2', 'Node1']
Validation: Using separate validation set for best model selection
Early stopping: patience=10, min_delta=0.001
Init    | Train: loss: 52.33408 | quality: 0.20968
        | Val:   loss: 49.72956 | quality: 0.18519
Epoch 1 | Train: loss: 87796281483016864744878668742971160897850085268778781129500815893757899036841829191454144587835131640003192825775649494581799118866015383160683193066337726682526182952286717870050455540549197490028544.00000 | quality: 0.14516
        | Val:   loss: 62238750090938708747316270186057067168743229609917775852614704532838529534996100636476551687829882646904790890363575906347119783818048228577014042866921905722492915267492016579878965862211823557672960.00000 | quality: 0.22222
 *

✗ NaN loss at epoch 2 - stopping training

✗ Exception at epoch 2: NaN loss encountered during NTN optimization at epoch 2
[2026-05-02 00:23:02,900][__main__][WARNING] - ✗ SINGULAR MPO2/wine/NTN L=3 bd=4 seed=47311 -> /zhome/6b/e/212868/GTN/outputs/ntn/wine/MPO2_rg5_init0.1/L3_bd4_seed47311 | val=0.2222
[2026-05-02 00:23:02,902][HYDRA] 	#29 : model.L=3 model.bond_dim=4 seed=47303 trainer.ridge=5 trainer.ridge_decay=0.25 trainer.ridge_min=0.0001 +experiment=uci_ntn_sweep model=mpo2 dataset=wine
[2026-05-02 00:23:03,062][__main__][INFO] - ▶ RUN MPO2/wine/NTN L=3 bd=4 seed=47303 -> /zhome/6b/e/212868/GTN/outputs/ntn/wine/MPO2_rg5_init0.1/L3_bd4_seed47303
Starting Fit: 20 epochs.
Sweep Order: ['Node0', 'Node1', 'Node2', 'Node1']
Validation: Using separate validation set for best model selection
Early stopping: patience=10, min_delta=0.001
Init    | Train: loss: 59.36144 | quality: 0.19355
        | Val:   loss: 49.38676 | quality: 0.14815
Epoch 1 | Train: loss: 1350.62244 | quality: 0.17742
        | Val:   loss: 1088.31886 | quality: 0.29630
 *
Epoch 2 | Train: loss: 575201866230717047020235238566068669507458192402715683334887812170664318623665291033028056507575552299517986989046935051590802793015355925179148616402743831800609505280.00000 | quality: 0.16935
        | Val:   loss: 371793271099371552114826523040465137224654068702715135907793647940871576745424829203202069127434118792470558747078057163240193688586821820508065607877026758983868743680.00000 | quality: 0.11111


✗ NaN loss at epoch 3 - stopping training

✗ Exception at epoch 3: NaN loss encountered during NTN optimization at epoch 3
[2026-05-02 00:23:04,164][__main__][WARNING] - ✗ SINGULAR MPO2/wine/NTN L=3 bd=4 seed=47303 -> /zhome/6b/e/212868/GTN/outputs/ntn/wine/MPO2_rg5_init0.1/L3_bd4_seed47303 | val=0.2963

------------------------------------------------------------
Sender: LSF System <lsfadmin@hpc.dtu.dk>
Subject: Job 28335042[135]: <ntn_grid_full[1-150]%20> in cluster <dcc> Done

Job <ntn_grid_full[1-150]%20> was submitted from host <hpclogin1> by user <nicci> in cluster <dcc> at Fri May  1 15:11:22 2026
Job was executed on host(s) <4*n-62-29-11>, in queue <hpc>, as user <nicci> in cluster <dcc> at Sat May  2 00:21:51 2026
</zhome/6b/e/212868> was used as the home directory.
</zhome/6b/e/212868/GTN> was used as the working directory.
Started at Sat May  2 00:21:51 2026
Terminated at Sat May  2 00:23:17 2026
Results reported at Sat May  2 00:23:17 2026

Your job looked like:

------------------------------------------------------------
# LSBATCH: User input
#!/bin/bash
#BSUB -q hpc
#BSUB -J "ntn_grid_full[1-150]%20"
#BSUB -W 8:00
#BSUB -n 4
#BSUB -R "rusage[mem=750MB]"
#BSUB -R "span[hosts=1]"
#BSUB -o logs/%J_%I.out
#BSUB -e logs/%J_%I.err

MODELS=("cpda" "cpda_typei" "lmpo2" "lmpo2_typei" "mpo2" "mpo2_typei" "mmpo2" "mmpo2_typei" "tnml_f" "tnml_p")

DATASETS=(
    "abalone" "adult" "ai4i" "appliances" "bank" "bike" "breast"
    "car_evaluation" "concrete" "energy_efficiency" "hearth"
    "iris" "mushrooms" "obesity" "popularity" "realstate"
    "seoulBike" "student_dropout" "student_perf" "wine"
    "winequalityc"
)

COMPLETED_DATASETS=(
    "abalone" "bike" "concrete" "energy_efficiency"
    "iris" "realstate" )

# Filter datasets
FILTERED_DATASETS=()
for ds in "${DATASETS[@]}"; do
    skip=false
    for completed in "${COMPLETED_DATASETS[@]}"; do
        if [[ "$ds" == "$completed" ]]; then
            skip=true
            break
        fi
    done

    if ! $skip; then
        FILTERED_DATASETS+=("$ds")
    fi
done

DATASETS=("${FILTERED_DATASETS[@]}")

NUM_MODELS=${#MODELS[@]}
NUM_DATASETS=${#DATASETS[@]}
NUM_EXPERIMENTS=$((NUM_DATASETS * NUM_MODELS))

if [ "$1" == "test" ]; then
    echo "SIMULATING ARRAY:"
    echo "-----------------"


(... more ...)
------------------------------------------------------------

Successfully completed.

Resource usage summary:

    CPU time :                                   71.32 sec.
    Max Memory :                                 546 MB
    Average Memory :                             198.67 MB
    Total Requested Memory :                     3000.00 MB
    Delta Memory :                               2454.00 MB
    Max Swap :                                   -
    Max Processes :                              10
    Max Threads :                                37
    Run time :                                   86 sec.
    Turnaround time :                            33115 sec.

The output (if any) is above this job summary.



PS:

Read file <logs/28335042_135.err> for stderr output of this job.

