Task 62: Dataset=hearth, Model=cpda_typei, Experiment=cpda_ntn_sweep
[2026-05-02 09:56:33,734][HYDRA] Launching 40 jobs locally
[2026-05-02 09:56:33,734][HYDRA] 	#0 : model.L=4 model.bond_dim=64 seed=42 trainer.ridge=5 trainer.ridge_decay=0.25 trainer.ridge_min=0.0001 +experiment=cpda_ntn_sweep model=cpda_typei dataset=hearth
[2026-05-02 09:56:34,001][utils.tracking][INFO] - Loaded 17971 tracked runs from runs_tracking.csv
[2026-05-02 09:56:34,006][__main__][INFO] - ⏭ SKIP CPDATypeI/hearth/NTN L=4 bd=64 seed=42 -> /zhome/6b/e/212868/GTN/outputs/ntn/hearth/CPDATypeI_rg5_init0.1/L4_bd64_seed42 | singular val=0.5111
[2026-05-02 09:56:34,009][HYDRA] 	#1 : model.L=4 model.bond_dim=64 seed=10090 trainer.ridge=5 trainer.ridge_decay=0.25 trainer.ridge_min=0.0001 +experiment=cpda_ntn_sweep model=cpda_typei dataset=hearth
[2026-05-02 09:56:34,176][__main__][INFO] - ⏭ SKIP CPDATypeI/hearth/NTN L=4 bd=64 seed=10090 -> /zhome/6b/e/212868/GTN/outputs/ntn/hearth/CPDATypeI_rg5_init0.1/L4_bd64_seed10090 | singular val=0.4222
[2026-05-02 09:56:34,178][HYDRA] 	#2 : model.L=4 model.bond_dim=64 seed=32874 trainer.ridge=5 trainer.ridge_decay=0.25 trainer.ridge_min=0.0001 +experiment=cpda_ntn_sweep model=cpda_typei dataset=hearth
[2026-05-02 09:56:34,356][__main__][INFO] - ⏭ SKIP CPDATypeI/hearth/NTN L=4 bd=64 seed=32874 -> /zhome/6b/e/212868/GTN/outputs/ntn/hearth/CPDATypeI_rg5_init0.1/L4_bd64_seed32874 | singular val=0.4444
[2026-05-02 09:56:34,359][HYDRA] 	#3 : model.L=4 model.bond_dim=64 seed=47311 trainer.ridge=5 trainer.ridge_decay=0.25 trainer.ridge_min=0.0001 +experiment=cpda_ntn_sweep model=cpda_typei dataset=hearth
[2026-05-02 09:56:34,525][__main__][INFO] - ⏭ SKIP CPDATypeI/hearth/NTN L=4 bd=64 seed=47311 -> /zhome/6b/e/212868/GTN/outputs/ntn/hearth/CPDATypeI_rg5_init0.1/L4_bd64_seed47311 | singular val=0.4000
[2026-05-02 09:56:34,528][HYDRA] 	#4 : model.L=4 model.bond_dim=64 seed=47303 trainer.ridge=5 trainer.ridge_decay=0.25 trainer.ridge_min=0.0001 +experiment=cpda_ntn_sweep model=cpda_typei dataset=hearth
[2026-05-02 09:56:34,695][__main__][INFO] - ⏭ SKIP CPDATypeI/hearth/NTN L=4 bd=64 seed=47303 -> /zhome/6b/e/212868/GTN/outputs/ntn/hearth/CPDATypeI_rg5_init0.1/L4_bd64_seed47303 | singular val=0.4000
[2026-05-02 09:56:34,700][HYDRA] 	#5 : model.L=4 model.bond_dim=32 seed=42 trainer.ridge=5 trainer.ridge_decay=0.25 trainer.ridge_min=0.0001 +experiment=cpda_ntn_sweep model=cpda_typei dataset=hearth
[2026-05-02 09:56:34,866][__main__][INFO] - ⏭ SKIP CPDATypeI/hearth/NTN L=4 bd=32 seed=42 -> /zhome/6b/e/212868/GTN/outputs/ntn/hearth/CPDATypeI_rg5_init0.1/L4_bd32_seed42 | singular val=0.4667
[2026-05-02 09:56:34,869][HYDRA] 	#6 : model.L=4 model.bond_dim=32 seed=10090 trainer.ridge=5 trainer.ridge_decay=0.25 trainer.ridge_min=0.0001 +experiment=cpda_ntn_sweep model=cpda_typei dataset=hearth
[2026-05-02 09:56:35,039][__main__][INFO] - ⏭ SKIP CPDATypeI/hearth/NTN L=4 bd=32 seed=10090 -> /zhome/6b/e/212868/GTN/outputs/ntn/hearth/CPDATypeI_rg5_init0.1/L4_bd32_seed10090 | singular val=0.4667
[2026-05-02 09:56:35,042][HYDRA] 	#7 : model.L=4 model.bond_dim=32 seed=32874 trainer.ridge=5 trainer.ridge_decay=0.25 trainer.ridge_min=0.0001 +experiment=cpda_ntn_sweep model=cpda_typei dataset=hearth
[2026-05-02 09:56:35,209][__main__][INFO] - ⏭ SKIP CPDATypeI/hearth/NTN L=4 bd=32 seed=32874 -> /zhome/6b/e/212868/GTN/outputs/ntn/hearth/CPDATypeI_rg5_init0.1/L4_bd32_seed32874 | singular val=0.4444
[2026-05-02 09:56:35,212][HYDRA] 	#8 : model.L=4 model.bond_dim=32 seed=47311 trainer.ridge=5 trainer.ridge_decay=0.25 trainer.ridge_min=0.0001 +experiment=cpda_ntn_sweep model=cpda_typei dataset=hearth
[2026-05-02 09:56:35,390][__main__][INFO] - ⏭ SKIP CPDATypeI/hearth/NTN L=4 bd=32 seed=47311 -> /zhome/6b/e/212868/GTN/outputs/ntn/hearth/CPDATypeI_rg5_init0.1/L4_bd32_seed47311 | singular val=0.4222
[2026-05-02 09:56:35,392][HYDRA] 	#9 : model.L=4 model.bond_dim=32 seed=47303 trainer.ridge=5 trainer.ridge_decay=0.25 trainer.ridge_min=0.0001 +experiment=cpda_ntn_sweep model=cpda_typei dataset=hearth
[2026-05-02 09:56:35,558][__main__][INFO] - ⏭ SKIP CPDATypeI/hearth/NTN L=4 bd=32 seed=47303 -> /zhome/6b/e/212868/GTN/outputs/ntn/hearth/CPDATypeI_rg5_init0.1/L4_bd32_seed47303 | singular val=0.4667
[2026-05-02 09:56:35,561][HYDRA] 	#10 : model.L=4 model.bond_dim=16 seed=42 trainer.ridge=5 trainer.ridge_decay=0.25 trainer.ridge_min=0.0001 +experiment=cpda_ntn_sweep model=cpda_typei dataset=hearth
[2026-05-02 09:56:35,727][__main__][INFO] - ⏭ SKIP CPDATypeI/hearth/NTN L=4 bd=16 seed=42 -> /zhome/6b/e/212868/GTN/outputs/ntn/hearth/CPDATypeI_rg5_init0.1/L4_bd16_seed42 | singular val=0.4889
[2026-05-02 09:56:35,730][HYDRA] 	#11 : model.L=4 model.bond_dim=16 seed=10090 trainer.ridge=5 trainer.ridge_decay=0.25 trainer.ridge_min=0.0001 +experiment=cpda_ntn_sweep model=cpda_typei dataset=hearth
[2026-05-02 09:56:35,902][__main__][INFO] - ⏭ SKIP CPDATypeI/hearth/NTN L=4 bd=16 seed=10090 -> /zhome/6b/e/212868/GTN/outputs/ntn/hearth/CPDATypeI_rg5_init0.1/L4_bd16_seed10090 | singular val=0.4889
[2026-05-02 09:56:35,905][HYDRA] 	#12 : model.L=4 model.bond_dim=16 seed=32874 trainer.ridge=5 trainer.ridge_decay=0.25 trainer.ridge_min=0.0001 +experiment=cpda_ntn_sweep model=cpda_typei dataset=hearth
[2026-05-02 09:56:36,074][__main__][INFO] - ⏭ SKIP CPDATypeI/hearth/NTN L=4 bd=16 seed=32874 -> /zhome/6b/e/212868/GTN/outputs/ntn/hearth/CPDATypeI_rg5_init0.1/L4_bd16_seed32874 | singular val=0.4889
[2026-05-02 09:56:36,077][HYDRA] 	#13 : model.L=4 model.bond_dim=16 seed=47311 trainer.ridge=5 trainer.ridge_decay=0.25 trainer.ridge_min=0.0001 +experiment=cpda_ntn_sweep model=cpda_typei dataset=hearth
[2026-05-02 09:56:36,244][__main__][INFO] - ⏭ SKIP CPDATypeI/hearth/NTN L=4 bd=16 seed=47311 -> /zhome/6b/e/212868/GTN/outputs/ntn/hearth/CPDATypeI_rg5_init0.1/L4_bd16_seed47311 | singular val=0.4444
[2026-05-02 09:56:36,246][HYDRA] 	#14 : model.L=4 model.bond_dim=16 seed=47303 trainer.ridge=5 trainer.ridge_decay=0.25 trainer.ridge_min=0.0001 +experiment=cpda_ntn_sweep model=cpda_typei dataset=hearth
[2026-05-02 09:56:36,414][__main__][INFO] - ⏭ SKIP CPDATypeI/hearth/NTN L=4 bd=16 seed=47303 -> /zhome/6b/e/212868/GTN/outputs/ntn/hearth/CPDATypeI_rg5_init0.1/L4_bd16_seed47303 | singular val=0.4222
[2026-05-02 09:56:36,416][HYDRA] 	#15 : model.L=4 model.bond_dim=8 seed=42 trainer.ridge=5 trainer.ridge_decay=0.25 trainer.ridge_min=0.0001 +experiment=cpda_ntn_sweep model=cpda_typei dataset=hearth
[2026-05-02 09:56:36,585][__main__][INFO] - ⏭ SKIP CPDATypeI/hearth/NTN L=4 bd=8 seed=42 -> /zhome/6b/e/212868/GTN/outputs/ntn/hearth/CPDATypeI_rg5_init0.1/L4_bd8_seed42 | singular val=0.5111
[2026-05-02 09:56:36,587][HYDRA] 	#16 : model.L=4 model.bond_dim=8 seed=10090 trainer.ridge=5 trainer.ridge_decay=0.25 trainer.ridge_min=0.0001 +experiment=cpda_ntn_sweep model=cpda_typei dataset=hearth
[2026-05-02 09:56:36,756][__main__][INFO] - ⏭ SKIP CPDATypeI/hearth/NTN L=4 bd=8 seed=10090 -> /zhome/6b/e/212868/GTN/outputs/ntn/hearth/CPDATypeI_rg5_init0.1/L4_bd8_seed10090 | singular val=0.5111
[2026-05-02 09:56:36,759][HYDRA] 	#17 : model.L=4 model.bond_dim=8 seed=32874 trainer.ridge=5 trainer.ridge_decay=0.25 trainer.ridge_min=0.0001 +experiment=cpda_ntn_sweep model=cpda_typei dataset=hearth
[2026-05-02 09:56:36,924][__main__][INFO] - ⏭ SKIP CPDATypeI/hearth/NTN L=4 bd=8 seed=32874 -> /zhome/6b/e/212868/GTN/outputs/ntn/hearth/CPDATypeI_rg5_init0.1/L4_bd8_seed32874 | singular val=0.5111
[2026-05-02 09:56:36,927][HYDRA] 	#18 : model.L=4 model.bond_dim=8 seed=47311 trainer.ridge=5 trainer.ridge_decay=0.25 trainer.ridge_min=0.0001 +experiment=cpda_ntn_sweep model=cpda_typei dataset=hearth
[2026-05-02 09:56:37,097][__main__][INFO] - ⏭ SKIP CPDATypeI/hearth/NTN L=4 bd=8 seed=47311 -> /zhome/6b/e/212868/GTN/outputs/ntn/hearth/CPDATypeI_rg5_init0.1/L4_bd8_seed47311 | singular val=0.4889
[2026-05-02 09:56:37,100][HYDRA] 	#19 : model.L=4 model.bond_dim=8 seed=47303 trainer.ridge=5 trainer.ridge_decay=0.25 trainer.ridge_min=0.0001 +experiment=cpda_ntn_sweep model=cpda_typei dataset=hearth
[2026-05-02 09:56:37,292][__main__][INFO] - ⏭ SKIP CPDATypeI/hearth/NTN L=4 bd=8 seed=47303 -> /zhome/6b/e/212868/GTN/outputs/ntn/hearth/CPDATypeI_rg5_init0.1/L4_bd8_seed47303 | singular val=0.4444
[2026-05-02 09:56:37,294][HYDRA] 	#20 : model.L=3 model.bond_dim=64 seed=42 trainer.ridge=5 trainer.ridge_decay=0.25 trainer.ridge_min=0.0001 +experiment=cpda_ntn_sweep model=cpda_typei dataset=hearth
[2026-05-02 09:56:37,462][__main__][INFO] - ⏭ SKIP CPDATypeI/hearth/NTN L=3 bd=64 seed=42 -> /zhome/6b/e/212868/GTN/outputs/ntn/hearth/CPDATypeI_rg5_init0.1/L3_bd64_seed42 | singular val=0.4444
[2026-05-02 09:56:37,464][HYDRA] 	#21 : model.L=3 model.bond_dim=64 seed=10090 trainer.ridge=5 trainer.ridge_decay=0.25 trainer.ridge_min=0.0001 +experiment=cpda_ntn_sweep model=cpda_typei dataset=hearth
[2026-05-02 09:56:37,629][__main__][INFO] - ⏭ SKIP CPDATypeI/hearth/NTN L=3 bd=64 seed=10090 -> /zhome/6b/e/212868/GTN/outputs/ntn/hearth/CPDATypeI_rg5_init0.1/L3_bd64_seed10090 | singular val=0.4667
[2026-05-02 09:56:37,632][HYDRA] 	#22 : model.L=3 model.bond_dim=64 seed=32874 trainer.ridge=5 trainer.ridge_decay=0.25 trainer.ridge_min=0.0001 +experiment=cpda_ntn_sweep model=cpda_typei dataset=hearth
[2026-05-02 09:56:38,022][__main__][INFO] - ⏭ SKIP CPDATypeI/hearth/NTN L=3 bd=64 seed=32874 -> /zhome/6b/e/212868/GTN/outputs/ntn/hearth/CPDATypeI_rg5_init0.1/L3_bd64_seed32874 | singular val=0.5111
[2026-05-02 09:56:38,025][HYDRA] 	#23 : model.L=3 model.bond_dim=64 seed=47311 trainer.ridge=5 trainer.ridge_decay=0.25 trainer.ridge_min=0.0001 +experiment=cpda_ntn_sweep model=cpda_typei dataset=hearth
[2026-05-02 09:56:38,184][__main__][INFO] - ⏭ SKIP CPDATypeI/hearth/NTN L=3 bd=64 seed=47311 -> /zhome/6b/e/212868/GTN/outputs/ntn/hearth/CPDATypeI_rg5_init0.1/L3_bd64_seed47311 | singular val=0.4667
[2026-05-02 09:56:38,187][HYDRA] 	#24 : model.L=3 model.bond_dim=64 seed=47303 trainer.ridge=5 trainer.ridge_decay=0.25 trainer.ridge_min=0.0001 +experiment=cpda_ntn_sweep model=cpda_typei dataset=hearth
[2026-05-02 09:56:38,345][__main__][INFO] - ⏭ SKIP CPDATypeI/hearth/NTN L=3 bd=64 seed=47303 -> /zhome/6b/e/212868/GTN/outputs/ntn/hearth/CPDATypeI_rg5_init0.1/L3_bd64_seed47303 | singular val=0.4667
[2026-05-02 09:56:38,348][HYDRA] 	#25 : model.L=3 model.bond_dim=32 seed=42 trainer.ridge=5 trainer.ridge_decay=0.25 trainer.ridge_min=0.0001 +experiment=cpda_ntn_sweep model=cpda_typei dataset=hearth
[2026-05-02 09:56:38,502][__main__][INFO] - ⏭ SKIP CPDATypeI/hearth/NTN L=3 bd=32 seed=42 -> /zhome/6b/e/212868/GTN/outputs/ntn/hearth/CPDATypeI_rg5_init0.1/L3_bd32_seed42 | singular val=0.4667
[2026-05-02 09:56:38,505][HYDRA] 	#26 : model.L=3 model.bond_dim=32 seed=10090 trainer.ridge=5 trainer.ridge_decay=0.25 trainer.ridge_min=0.0001 +experiment=cpda_ntn_sweep model=cpda_typei dataset=hearth
[2026-05-02 09:56:38,657][__main__][INFO] - ⏭ SKIP CPDATypeI/hearth/NTN L=3 bd=32 seed=10090 -> /zhome/6b/e/212868/GTN/outputs/ntn/hearth/CPDATypeI_rg5_init0.1/L3_bd32_seed10090 | singular val=0.4667
[2026-05-02 09:56:38,660][HYDRA] 	#27 : model.L=3 model.bond_dim=32 seed=32874 trainer.ridge=5 trainer.ridge_decay=0.25 trainer.ridge_min=0.0001 +experiment=cpda_ntn_sweep model=cpda_typei dataset=hearth
[2026-05-02 09:56:38,823][__main__][INFO] - ⏭ SKIP CPDATypeI/hearth/NTN L=3 bd=32 seed=32874 -> /zhome/6b/e/212868/GTN/outputs/ntn/hearth/CPDATypeI_rg5_init0.1/L3_bd32_seed32874 | singular val=0.4667
[2026-05-02 09:56:38,826][HYDRA] 	#28 : model.L=3 model.bond_dim=32 seed=47311 trainer.ridge=5 trainer.ridge_decay=0.25 trainer.ridge_min=0.0001 +experiment=cpda_ntn_sweep model=cpda_typei dataset=hearth
[2026-05-02 09:56:38,989][__main__][INFO] - ⏭ SKIP CPDATypeI/hearth/NTN L=3 bd=32 seed=47311 -> /zhome/6b/e/212868/GTN/outputs/ntn/hearth/CPDATypeI_rg5_init0.1/L3_bd32_seed47311 | singular val=0.5111
[2026-05-02 09:56:38,992][HYDRA] 	#29 : model.L=3 model.bond_dim=32 seed=47303 trainer.ridge=5 trainer.ridge_decay=0.25 trainer.ridge_min=0.0001 +experiment=cpda_ntn_sweep model=cpda_typei dataset=hearth
[2026-05-02 09:56:39,149][__main__][INFO] - ⏭ SKIP CPDATypeI/hearth/NTN L=3 bd=32 seed=47303 -> /zhome/6b/e/212868/GTN/outputs/ntn/hearth/CPDATypeI_rg5_init0.1/L3_bd32_seed47303 | singular val=0.4667
[2026-05-02 09:56:39,152][HYDRA] 	#30 : model.L=3 model.bond_dim=16 seed=42 trainer.ridge=5 trainer.ridge_decay=0.25 trainer.ridge_min=0.0001 +experiment=cpda_ntn_sweep model=cpda_typei dataset=hearth
[2026-05-02 09:56:39,319][__main__][INFO] - ⏭ SKIP CPDATypeI/hearth/NTN L=3 bd=16 seed=42 -> /zhome/6b/e/212868/GTN/outputs/ntn/hearth/CPDATypeI_rg5_init0.1/L3_bd16_seed42 | completed val=0.5111
[2026-05-02 09:56:39,322][HYDRA] 	#31 : model.L=3 model.bond_dim=16 seed=10090 trainer.ridge=5 trainer.ridge_decay=0.25 trainer.ridge_min=0.0001 +experiment=cpda_ntn_sweep model=cpda_typei dataset=hearth
[2026-05-02 09:56:39,483][__main__][INFO] - ⏭ SKIP CPDATypeI/hearth/NTN L=3 bd=16 seed=10090 -> /zhome/6b/e/212868/GTN/outputs/ntn/hearth/CPDATypeI_rg5_init0.1/L3_bd16_seed10090 | singular val=0.4444
[2026-05-02 09:56:39,486][HYDRA] 	#32 : model.L=3 model.bond_dim=16 seed=32874 trainer.ridge=5 trainer.ridge_decay=0.25 trainer.ridge_min=0.0001 +experiment=cpda_ntn_sweep model=cpda_typei dataset=hearth
[2026-05-02 09:56:39,638][__main__][INFO] - ⏭ SKIP CPDATypeI/hearth/NTN L=3 bd=16 seed=32874 -> /zhome/6b/e/212868/GTN/outputs/ntn/hearth/CPDATypeI_rg5_init0.1/L3_bd16_seed32874 | singular val=0.4889
[2026-05-02 09:56:39,641][HYDRA] 	#33 : model.L=3 model.bond_dim=16 seed=47311 trainer.ridge=5 trainer.ridge_decay=0.25 trainer.ridge_min=0.0001 +experiment=cpda_ntn_sweep model=cpda_typei dataset=hearth
[2026-05-02 09:56:39,794][__main__][INFO] - ⏭ SKIP CPDATypeI/hearth/NTN L=3 bd=16 seed=47311 -> /zhome/6b/e/212868/GTN/outputs/ntn/hearth/CPDATypeI_rg5_init0.1/L3_bd16_seed47311 | singular val=0.5111
[2026-05-02 09:56:39,797][HYDRA] 	#34 : model.L=3 model.bond_dim=16 seed=47303 trainer.ridge=5 trainer.ridge_decay=0.25 trainer.ridge_min=0.0001 +experiment=cpda_ntn_sweep model=cpda_typei dataset=hearth
[2026-05-02 09:56:39,960][__main__][INFO] - ⏭ SKIP CPDATypeI/hearth/NTN L=3 bd=16 seed=47303 -> /zhome/6b/e/212868/GTN/outputs/ntn/hearth/CPDATypeI_rg5_init0.1/L3_bd16_seed47303 | completed val=0.4889
[2026-05-02 09:56:39,963][HYDRA] 	#35 : model.L=3 model.bond_dim=8 seed=42 trainer.ridge=5 trainer.ridge_decay=0.25 trainer.ridge_min=0.0001 +experiment=cpda_ntn_sweep model=cpda_typei dataset=hearth
[2026-05-02 09:56:40,130][__main__][INFO] - ⏭ SKIP CPDATypeI/hearth/NTN L=3 bd=8 seed=42 -> /zhome/6b/e/212868/GTN/outputs/ntn/hearth/CPDATypeI_rg5_init0.1/L3_bd8_seed42 | completed val=0.5556
[2026-05-02 09:56:40,133][HYDRA] 	#36 : model.L=3 model.bond_dim=8 seed=10090 trainer.ridge=5 trainer.ridge_decay=0.25 trainer.ridge_min=0.0001 +experiment=cpda_ntn_sweep model=cpda_typei dataset=hearth
[2026-05-02 09:56:40,300][__main__][INFO] - ⏭ SKIP CPDATypeI/hearth/NTN L=3 bd=8 seed=10090 -> /zhome/6b/e/212868/GTN/outputs/ntn/hearth/CPDATypeI_rg5_init0.1/L3_bd8_seed10090 | singular val=0.5111
[2026-05-02 09:56:40,303][HYDRA] 	#37 : model.L=3 model.bond_dim=8 seed=32874 trainer.ridge=5 trainer.ridge_decay=0.25 trainer.ridge_min=0.0001 +experiment=cpda_ntn_sweep model=cpda_typei dataset=hearth
[2026-05-02 09:56:40,474][__main__][INFO] - ⏭ SKIP CPDATypeI/hearth/NTN L=3 bd=8 seed=32874 -> /zhome/6b/e/212868/GTN/outputs/ntn/hearth/CPDATypeI_rg5_init0.1/L3_bd8_seed32874 | singular val=0.5556
[2026-05-02 09:56:40,477][HYDRA] 	#38 : model.L=3 model.bond_dim=8 seed=47311 trainer.ridge=5 trainer.ridge_decay=0.25 trainer.ridge_min=0.0001 +experiment=cpda_ntn_sweep model=cpda_typei dataset=hearth
[2026-05-02 09:56:40,655][__main__][INFO] - ⏭ SKIP CPDATypeI/hearth/NTN L=3 bd=8 seed=47311 -> /zhome/6b/e/212868/GTN/outputs/ntn/hearth/CPDATypeI_rg5_init0.1/L3_bd8_seed47311 | singular val=0.5111
[2026-05-02 09:56:40,658][HYDRA] 	#39 : model.L=3 model.bond_dim=8 seed=47303 trainer.ridge=5 trainer.ridge_decay=0.25 trainer.ridge_min=0.0001 +experiment=cpda_ntn_sweep model=cpda_typei dataset=hearth
[2026-05-02 09:56:40,828][__main__][INFO] - ⏭ SKIP CPDATypeI/hearth/NTN L=3 bd=8 seed=47303 -> /zhome/6b/e/212868/GTN/outputs/ntn/hearth/CPDATypeI_rg5_init0.1/L3_bd8_seed47303 | singular val=0.4889

------------------------------------------------------------
Sender: LSF System <lsfadmin@hpc.dtu.dk>
Subject: Job 28336787[62]: <ntn_grid_full[1-150]%20> in cluster <dcc> Done

Job <ntn_grid_full[1-150]%20> was submitted from host <hpclogin1> by user <nicci> in cluster <dcc> at Sat May  2 09:53:08 2026
Job was executed on host(s) <6*n-62-31-17>, in queue <hpc>, as user <nicci> in cluster <dcc> at Sat May  2 09:56:21 2026
</zhome/6b/e/212868> was used as the home directory.
</zhome/6b/e/212868/GTN> was used as the working directory.
Started at Sat May  2 09:56:21 2026
Terminated at Sat May  2 09:56:42 2026
Results reported at Sat May  2 09:56:42 2026

Your job looked like:

------------------------------------------------------------
# LSBATCH: User input
#!/bin/bash
#BSUB -q hpc
#BSUB -J "ntn_grid_full[1-150]%20"
#BSUB -W 8:00
#BSUB -n 6
#BSUB -R "rusage[mem=500MB]"
#BSUB -R "span[hosts=1]"
#BSUB -o logs/%J_%I.out
#BSUB -e logs/%J_%I.err

MODELS=("cpda" "cpda_typei" "lmpo2" "lmpo2_typei" "mpo2" "mpo2_typei" "mmpo2" "mmpo2_typei" "tnml_f" "tnml_p")

DATASETS=(
    "abalone" "adult" "ai4i" "appliances" "bank" "bike" "breast"
    "car_evaluation" "concrete" "energy_efficiency" "hearth"
    "iris" "mushrooms" "obesity" "popularity" "realstate"
    "seoulBike" "student_dropout" "student_perf" "wine"
    "winequalityc"
)

COMPLETED_DATASETS=(
    "abalone" "bike" "concrete" "energy_efficiency"
    "iris" "realstate" )

# Filter datasets
FILTERED_DATASETS=()
for ds in "${DATASETS[@]}"; do
    skip=false
    for completed in "${COMPLETED_DATASETS[@]}"; do
        if [[ "$ds" == "$completed" ]]; then
            skip=true
            break
        fi
    done

    if ! $skip; then
        FILTERED_DATASETS+=("$ds")
    fi
done

DATASETS=("${FILTERED_DATASETS[@]}")

NUM_MODELS=${#MODELS[@]}
NUM_DATASETS=${#DATASETS[@]}
NUM_EXPERIMENTS=$((NUM_DATASETS * NUM_MODELS))

if [ "$1" == "test" ]; then
    echo "SIMULATING ARRAY:"
    echo "-----------------"


(... more ...)
------------------------------------------------------------

Successfully completed.

Resource usage summary:

    CPU time :                                   18.06 sec.
    Max Memory :                                 390 MB
    Average Memory :                             390.00 MB
    Total Requested Memory :                     3000.00 MB
    Delta Memory :                               2610.00 MB
    Max Swap :                                   -
    Max Processes :                              4
    Max Threads :                                15
    Run time :                                   21 sec.
    Turnaround time :                            214 sec.

The output (if any) is above this job summary.



PS:

Read file <logs/28336787_62.err> for stderr output of this job.

