Task 59: Dataset=car_evaluation, Model=tnml_f, Experiment=uci_ntn_sweep
[2026-05-01 18:48:33,088][HYDRA] Launching 30 jobs locally
[2026-05-01 18:48:33,088][HYDRA] 	#0 : model.L=4 model.bond_dim=12 seed=42 trainer.ridge=5 trainer.ridge_decay=0.25 trainer.ridge_min=0.0001 +experiment=uci_ntn_sweep model=tnml_f dataset=car_evaluation
[2026-05-01 18:48:33,514][utils.tracking][INFO] - Loaded 17971 tracked runs from runs_tracking.csv
[2026-05-01 18:48:33,517][__main__][INFO] - ▶ RUN TNML_F/car_evaluation/NTN L=4 bd=12 seed=42 -> /zhome/6b/e/212868/GTN/outputs/ntn/car_evaluation/TNML_F_rg5_init0.1/L4_bd12_seed42
Starting Fit: 20 epochs.
Sweep Order: ['Node0', 'Node1', 'Node2', 'Node3', 'Node4', 'Node5', 'Node6', 'Node7', 'Node8', 'Node9', 'Node10', 'Node11', 'Node12', 'Node13', 'Node14', 'Node15', 'Node16', 'Node17', 'Node18', 'Node19', 'Node20', 'Node21', 'Node22', 'Node23', 'Node24', 'Node25', 'Node26', 'Node25', 'Node24', 'Node23', 'Node22', 'Node21', 'Node20', 'Node19', 'Node18', 'Node17', 'Node16', 'Node15', 'Node14', 'Node13', 'Node12', 'Node11', 'Node10', 'Node9', 'Node8', 'Node7', 'Node6', 'Node5', 'Node4', 'Node3', 'Node2', 'Node1']
Validation: Using separate validation set for best model selection
Early stopping: patience=10, min_delta=0.001
Init    | Train: loss: 1.40272 | quality: 0.36476
        | Val:   loss: 1.38723 | quality: 0.34749
Epoch 1 | Train: loss: 0.52949 | quality: 0.70471
        | Val:   loss: 0.54289 | quality: 0.68726
 *
Epoch 2 | Train: loss: 0.45266 | quality: 0.70471
        | Val:   loss: 0.46787 | quality: 0.68726

Epoch 3 | Train: loss: 0.41463 | quality: 0.70471
        | Val:   loss: 0.43618 | quality: 0.68726

Epoch 4 | Train: loss: 0.39565 | quality: 0.70471
        | Val:   loss: 0.41647 | quality: 0.68726

Epoch 5 | Train: loss: 0.38182 | quality: 0.70471
        | Val:   loss: 0.40722 | quality: 0.68726

Epoch 6 | Train: loss: 0.36266 | quality: 0.70471
        | Val:   loss: 0.39147 | quality: 0.68726

Epoch 7 | Train: loss: 0.35155 | quality: 0.70471
        | Val:   loss: 0.38104 | quality: 0.68726

Epoch 8 | Train: loss: 0.34139 | quality: 0.70471
        | Val:   loss: 0.37237 | quality: 0.68726

Epoch 9 | Train: loss: 0.33494 | quality: 0.70471
        | Val:   loss: 0.36654 | quality: 0.68726

Epoch 10 | Train: loss: 0.33216 | quality: 0.70471
        | Val:   loss: 0.36421 | quality: 0.68726

Epoch 11 | Train: loss: 0.33032 | quality: 0.70471
        | Val:   loss: 0.36217 | quality: 0.68726


⏸ Early stopping at epoch 11 (best was epoch 1)
[2026-05-01 18:49:36,959][__main__][INFO] - ✓ DONE TNML_F/car_evaluation/NTN L=4 bd=12 seed=42 -> /zhome/6b/e/212868/GTN/outputs/ntn/car_evaluation/TNML_F_rg5_init0.1/L4_bd12_seed42 | val=0.6873
[2026-05-01 18:49:36,962][HYDRA] 	#1 : model.L=4 model.bond_dim=12 seed=10090 trainer.ridge=5 trainer.ridge_decay=0.25 trainer.ridge_min=0.0001 +experiment=uci_ntn_sweep model=tnml_f dataset=car_evaluation
[2026-05-01 18:49:37,118][__main__][INFO] - ▶ RUN TNML_F/car_evaluation/NTN L=4 bd=12 seed=10090 -> /zhome/6b/e/212868/GTN/outputs/ntn/car_evaluation/TNML_F_rg5_init0.1/L4_bd12_seed10090
Starting Fit: 20 epochs.
Sweep Order: ['Node0', 'Node1', 'Node2', 'Node3', 'Node4', 'Node5', 'Node6', 'Node7', 'Node8', 'Node9', 'Node10', 'Node11', 'Node12', 'Node13', 'Node14', 'Node15', 'Node16', 'Node17', 'Node18', 'Node19', 'Node20', 'Node21', 'Node22', 'Node23', 'Node24', 'Node25', 'Node26', 'Node25', 'Node24', 'Node23', 'Node22', 'Node21', 'Node20', 'Node19', 'Node18', 'Node17', 'Node16', 'Node15', 'Node14', 'Node13', 'Node12', 'Node11', 'Node10', 'Node9', 'Node8', 'Node7', 'Node6', 'Node5', 'Node4', 'Node3', 'Node2', 'Node1']
Validation: Using separate validation set for best model selection
Early stopping: patience=10, min_delta=0.001
Init    | Train: loss: 1.62379 | quality: 0.20513
        | Val:   loss: 1.60113 | quality: 0.18533

✗ NaN loss at epoch 1 - stopping training

✗ Exception at epoch 1: NaN loss encountered during NTN optimization at epoch 1
[2026-05-01 18:49:41,773][__main__][WARNING] - ✗ SINGULAR TNML_F/car_evaluation/NTN L=4 bd=12 seed=10090 -> /zhome/6b/e/212868/GTN/outputs/ntn/car_evaluation/TNML_F_rg5_init0.1/L4_bd12_seed10090 | val=None
[2026-05-01 18:49:41,775][HYDRA] 	#2 : model.L=4 model.bond_dim=12 seed=32874 trainer.ridge=5 trainer.ridge_decay=0.25 trainer.ridge_min=0.0001 +experiment=uci_ntn_sweep model=tnml_f dataset=car_evaluation
[2026-05-01 18:49:41,926][__main__][INFO] - ▶ RUN TNML_F/car_evaluation/NTN L=4 bd=12 seed=32874 -> /zhome/6b/e/212868/GTN/outputs/ntn/car_evaluation/TNML_F_rg5_init0.1/L4_bd12_seed32874
Starting Fit: 20 epochs.
Sweep Order: ['Node0', 'Node1', 'Node2', 'Node3', 'Node4', 'Node5', 'Node6', 'Node7', 'Node8', 'Node9', 'Node10', 'Node11', 'Node12', 'Node13', 'Node14', 'Node15', 'Node16', 'Node17', 'Node18', 'Node19', 'Node20', 'Node21', 'Node22', 'Node23', 'Node24', 'Node25', 'Node26', 'Node25', 'Node24', 'Node23', 'Node22', 'Node21', 'Node20', 'Node19', 'Node18', 'Node17', 'Node16', 'Node15', 'Node14', 'Node13', 'Node12', 'Node11', 'Node10', 'Node9', 'Node8', 'Node7', 'Node6', 'Node5', 'Node4', 'Node3', 'Node2', 'Node1']
Validation: Using separate validation set for best model selection
Early stopping: patience=10, min_delta=0.001
Init    | Train: loss: 1.49743 | quality: 0.30521
        | Val:   loss: 1.53201 | quality: 0.26255
Epoch 1 | Train: loss: 1.11710 | quality: 0.55666
        | Val:   loss: 1.14625 | quality: 0.54440
 *
Epoch 2 | Train: loss: 0.63730 | quality: 0.66005
        | Val:   loss: 0.67499 | quality: 0.64865
 *
Epoch 3 | Train: loss: 0.46593 | quality: 0.70471
        | Val:   loss: 0.50718 | quality: 0.68726
 *
Epoch 4 | Train: loss: 0.38365 | quality: 0.70471
        | Val:   loss: 0.40295 | quality: 0.68726

Epoch 5 | Train: loss: 0.35693 | quality: 0.70471
        | Val:   loss: 0.37575 | quality: 0.68726

Epoch 6 | Train: loss: 0.34312 | quality: 0.70471
        | Val:   loss: 0.36169 | quality: 0.68726

Epoch 7 | Train: loss: 0.33062 | quality: 0.70471
        | Val:   loss: 0.35004 | quality: 0.68726

Epoch 8 | Train: loss: 0.32014 | quality: 0.70471
        | Val:   loss: 0.34003 | quality: 0.68726

Epoch 9 | Train: loss: 0.31319 | quality: 0.70471
        | Val:   loss: 0.33392 | quality: 0.68726

Epoch 10 | Train: loss: 0.32175 | quality: 0.70471
        | Val:   loss: 0.33925 | quality: 0.68726


✗ NaN loss at epoch 11 - stopping training

✗ Exception at epoch 11: NaN loss encountered during NTN optimization at epoch 11
[2026-05-01 18:50:14,733][__main__][WARNING] - ✗ SINGULAR TNML_F/car_evaluation/NTN L=4 bd=12 seed=32874 -> /zhome/6b/e/212868/GTN/outputs/ntn/car_evaluation/TNML_F_rg5_init0.1/L4_bd12_seed32874 | val=0.6873
[2026-05-01 18:50:14,736][HYDRA] 	#3 : model.L=4 model.bond_dim=12 seed=47311 trainer.ridge=5 trainer.ridge_decay=0.25 trainer.ridge_min=0.0001 +experiment=uci_ntn_sweep model=tnml_f dataset=car_evaluation
[2026-05-01 18:50:14,900][__main__][INFO] - ▶ RUN TNML_F/car_evaluation/NTN L=4 bd=12 seed=47311 -> /zhome/6b/e/212868/GTN/outputs/ntn/car_evaluation/TNML_F_rg5_init0.1/L4_bd12_seed47311
Starting Fit: 20 epochs.
Sweep Order: ['Node0', 'Node1', 'Node2', 'Node3', 'Node4', 'Node5', 'Node6', 'Node7', 'Node8', 'Node9', 'Node10', 'Node11', 'Node12', 'Node13', 'Node14', 'Node15', 'Node16', 'Node17', 'Node18', 'Node19', 'Node20', 'Node21', 'Node22', 'Node23', 'Node24', 'Node25', 'Node26', 'Node25', 'Node24', 'Node23', 'Node22', 'Node21', 'Node20', 'Node19', 'Node18', 'Node17', 'Node16', 'Node15', 'Node14', 'Node13', 'Node12', 'Node11', 'Node10', 'Node9', 'Node8', 'Node7', 'Node6', 'Node5', 'Node4', 'Node3', 'Node2', 'Node1']
Validation: Using separate validation set for best model selection
Early stopping: patience=10, min_delta=0.001
Init    | Train: loss: 1.59829 | quality: 0.30687
        | Val:   loss: 1.57222 | quality: 0.28958
Epoch 1 | Train: loss: 1.22012 | quality: 0.41191
        | Val:   loss: 1.31200 | quality: 0.35907
 *
Epoch 2 | Train: loss: 1.07356 | quality: 0.45988
        | Val:   loss: 1.15896 | quality: 0.39382
 *
Epoch 3 | Train: loss: 1.03835 | quality: 0.46071
        | Val:   loss: 1.11404 | quality: 0.38996

Epoch 4 | Train: loss: 1.02576 | quality: 0.44913
        | Val:   loss: 1.10269 | quality: 0.37452

Epoch 5 | Train: loss: 1.01811 | quality: 0.46071
        | Val:   loss: 1.09306 | quality: 0.38996

Epoch 6 | Train: loss: 1.01314 | quality: 0.46071
        | Val:   loss: 1.08599 | quality: 0.38996

Epoch 7 | Train: loss: 1.00928 | quality: 0.46071
        | Val:   loss: 1.08085 | quality: 0.38996

Epoch 8 | Train: loss: 1.00625 | quality: 0.46071
        | Val:   loss: 1.07497 | quality: 0.38996

Epoch 9 | Train: loss: 1.00387 | quality: 0.46071
        | Val:   loss: 1.07084 | quality: 0.38996

Epoch 10 | Train: loss: 1.00270 | quality: 0.46071
        | Val:   loss: 1.06726 | quality: 0.38996

Epoch 11 | Train: loss: 1.00227 | quality: 0.46071
        | Val:   loss: 1.06386 | quality: 0.38996

Epoch 12 | Train: loss: 1.00434 | quality: 0.48139
        | Val:   loss: 1.06187 | quality: 0.41699
 *
Epoch 13 | Train: loss: 1.00556 | quality: 0.48139
        | Val:   loss: 1.05876 | quality: 0.41699

Epoch 14 | Train: loss: 1.01852 | quality: 0.46071
        | Val:   loss: 1.06942 | quality: 0.38996

Epoch 15 | Train: loss: 1.00416 | quality: 0.48139
        | Val:   loss: 1.06911 | quality: 0.41699

Epoch 16 | Train: loss: 1.00846 | quality: 0.48139
        | Val:   loss: 1.07332 | quality: 0.41699

Epoch 17 | Train: loss: 1.00572 | quality: 0.48139
        | Val:   loss: 1.07082 | quality: 0.41699

Epoch 18 | Train: loss: 1.01516 | quality: 0.48139
        | Val:   loss: 1.08218 | quality: 0.41699

Epoch 19 | Train: loss: 1.01634 | quality: 0.46071
        | Val:   loss: 1.07047 | quality: 0.38996

Epoch 20 | Train: loss: 1.01691 | quality: 0.46237
        | Val:   loss: 1.07464 | quality: 0.39382


Best epoch: 12 (val_quality=0.416988)
[2026-05-01 18:51:11,622][__main__][INFO] - ✓ DONE TNML_F/car_evaluation/NTN L=4 bd=12 seed=47311 -> /zhome/6b/e/212868/GTN/outputs/ntn/car_evaluation/TNML_F_rg5_init0.1/L4_bd12_seed47311 | val=0.4170
[2026-05-01 18:51:11,625][HYDRA] 	#4 : model.L=4 model.bond_dim=12 seed=47303 trainer.ridge=5 trainer.ridge_decay=0.25 trainer.ridge_min=0.0001 +experiment=uci_ntn_sweep model=tnml_f dataset=car_evaluation
[2026-05-01 18:51:11,778][__main__][INFO] - ▶ RUN TNML_F/car_evaluation/NTN L=4 bd=12 seed=47303 -> /zhome/6b/e/212868/GTN/outputs/ntn/car_evaluation/TNML_F_rg5_init0.1/L4_bd12_seed47303
Starting Fit: 20 epochs.
Sweep Order: ['Node0', 'Node1', 'Node2', 'Node3', 'Node4', 'Node5', 'Node6', 'Node7', 'Node8', 'Node9', 'Node10', 'Node11', 'Node12', 'Node13', 'Node14', 'Node15', 'Node16', 'Node17', 'Node18', 'Node19', 'Node20', 'Node21', 'Node22', 'Node23', 'Node24', 'Node25', 'Node26', 'Node25', 'Node24', 'Node23', 'Node22', 'Node21', 'Node20', 'Node19', 'Node18', 'Node17', 'Node16', 'Node15', 'Node14', 'Node13', 'Node12', 'Node11', 'Node10', 'Node9', 'Node8', 'Node7', 'Node6', 'Node5', 'Node4', 'Node3', 'Node2', 'Node1']
Validation: Using separate validation set for best model selection
Early stopping: patience=10, min_delta=0.001
Init    | Train: loss: 1.42753 | quality: 0.27295
        | Val:   loss: 1.43066 | quality: 0.29730
Epoch 1 | Train: loss: 0.85847 | quality: 0.55666
        | Val:   loss: 0.87470 | quality: 0.54440
 *
Epoch 2 | Train: loss: 0.66398 | quality: 0.55666
        | Val:   loss: 0.69130 | quality: 0.54440

Epoch 3 | Train: loss: 0.57115 | quality: 0.66005
        | Val:   loss: 0.60549 | quality: 0.64865
 *
Epoch 4 | Train: loss: 0.42465 | quality: 0.70471
        | Val:   loss: 0.45926 | quality: 0.68726
 *
Epoch 5 | Train: loss: 0.37054 | quality: 0.70471
        | Val:   loss: 0.38964 | quality: 0.68726

Epoch 6 | Train: loss: 0.35068 | quality: 0.70471
        | Val:   loss: 0.36961 | quality: 0.68726

Epoch 7 | Train: loss: 0.34426 | quality: 0.70471
        | Val:   loss: 0.35591 | quality: 0.68726


✗ NaN loss at epoch 8 - stopping training

✗ Exception at epoch 8: NaN loss encountered during NTN optimization at epoch 8
[2026-05-01 18:51:35,869][__main__][WARNING] - ✗ SINGULAR TNML_F/car_evaluation/NTN L=4 bd=12 seed=47303 -> /zhome/6b/e/212868/GTN/outputs/ntn/car_evaluation/TNML_F_rg5_init0.1/L4_bd12_seed47303 | val=0.6873
[2026-05-01 18:51:35,872][HYDRA] 	#5 : model.L=4 model.bond_dim=8 seed=42 trainer.ridge=5 trainer.ridge_decay=0.25 trainer.ridge_min=0.0001 +experiment=uci_ntn_sweep model=tnml_f dataset=car_evaluation
[2026-05-01 18:51:36,024][__main__][INFO] - ▶ RUN TNML_F/car_evaluation/NTN L=4 bd=8 seed=42 -> /zhome/6b/e/212868/GTN/outputs/ntn/car_evaluation/TNML_F_rg5_init0.1/L4_bd8_seed42
Starting Fit: 20 epochs.
Sweep Order: ['Node0', 'Node1', 'Node2', 'Node3', 'Node4', 'Node5', 'Node6', 'Node7', 'Node8', 'Node9', 'Node10', 'Node11', 'Node12', 'Node13', 'Node14', 'Node15', 'Node16', 'Node17', 'Node18', 'Node19', 'Node20', 'Node21', 'Node22', 'Node23', 'Node24', 'Node25', 'Node26', 'Node25', 'Node24', 'Node23', 'Node22', 'Node21', 'Node20', 'Node19', 'Node18', 'Node17', 'Node16', 'Node15', 'Node14', 'Node13', 'Node12', 'Node11', 'Node10', 'Node9', 'Node8', 'Node7', 'Node6', 'Node5', 'Node4', 'Node3', 'Node2', 'Node1']
Validation: Using separate validation set for best model selection
Early stopping: patience=10, min_delta=0.001
Init    | Train: loss: 1.39036 | quality: 0.22415
        | Val:   loss: 1.39597 | quality: 0.17375
Epoch 1 | Train: loss: 1.00904 | quality: 0.36642
        | Val:   loss: 0.95166 | quality: 0.41313
 *
Epoch 2 | Train: loss: 0.97636 | quality: 0.54508
        | Val:   loss: 0.91893 | quality: 0.59459
 *
Epoch 3 | Train: loss: 0.90265 | quality: 0.54508
        | Val:   loss: 0.82694 | quality: 0.59459

Epoch 4 | Train: loss: 0.88020 | quality: 0.54508
        | Val:   loss: 0.80486 | quality: 0.59459

Epoch 5 | Train: loss: 0.86896 | quality: 0.54508
        | Val:   loss: 0.79699 | quality: 0.59459


✗ NaN loss at epoch 6 - stopping training

✗ Exception at epoch 6: NaN loss encountered during NTN optimization at epoch 6
[2026-05-01 18:52:19,501][__main__][WARNING] - ✗ SINGULAR TNML_F/car_evaluation/NTN L=4 bd=8 seed=42 -> /zhome/6b/e/212868/GTN/outputs/ntn/car_evaluation/TNML_F_rg5_init0.1/L4_bd8_seed42 | val=0.5946
[2026-05-01 18:52:19,503][HYDRA] 	#6 : model.L=4 model.bond_dim=8 seed=10090 trainer.ridge=5 trainer.ridge_decay=0.25 trainer.ridge_min=0.0001 +experiment=uci_ntn_sweep model=tnml_f dataset=car_evaluation
[2026-05-01 18:52:19,648][__main__][INFO] - ▶ RUN TNML_F/car_evaluation/NTN L=4 bd=8 seed=10090 -> /zhome/6b/e/212868/GTN/outputs/ntn/car_evaluation/TNML_F_rg5_init0.1/L4_bd8_seed10090
Starting Fit: 20 epochs.
Sweep Order: ['Node0', 'Node1', 'Node2', 'Node3', 'Node4', 'Node5', 'Node6', 'Node7', 'Node8', 'Node9', 'Node10', 'Node11', 'Node12', 'Node13', 'Node14', 'Node15', 'Node16', 'Node17', 'Node18', 'Node19', 'Node20', 'Node21', 'Node22', 'Node23', 'Node24', 'Node25', 'Node26', 'Node25', 'Node24', 'Node23', 'Node22', 'Node21', 'Node20', 'Node19', 'Node18', 'Node17', 'Node16', 'Node15', 'Node14', 'Node13', 'Node12', 'Node11', 'Node10', 'Node9', 'Node8', 'Node7', 'Node6', 'Node5', 'Node4', 'Node3', 'Node2', 'Node1']
Validation: Using separate validation set for best model selection
Early stopping: patience=10, min_delta=0.001
Init    | Train: loss: 1.40055 | quality: 0.32506
        | Val:   loss: 1.41541 | quality: 0.31274
Epoch 1 | Train: loss: 1.10083 | quality: 0.55666
        | Val:   loss: 1.11869 | quality: 0.54440
 *
Epoch 2 | Train: loss: 0.52661 | quality: 0.66005
        | Val:   loss: 0.54467 | quality: 0.64865
 *
Epoch 3 | Train: loss: 0.46147 | quality: 0.70471
        | Val:   loss: 0.48888 | quality: 0.68726
 *
Epoch 4 | Train: loss: 0.40477 | quality: 0.70471
        | Val:   loss: 0.42671 | quality: 0.68726

Epoch 5 | Train: loss: 0.37958 | quality: 0.70471
        | Val:   loss: 0.40501 | quality: 0.68726

Epoch 6 | Train: loss: 0.36116 | quality: 0.70471
        | Val:   loss: 0.39174 | quality: 0.68726

Epoch 7 | Train: loss: 0.35071 | quality: 0.70471
        | Val:   loss: 0.38178 | quality: 0.68726

Epoch 8 | Train: loss: 0.34295 | quality: 0.70471
        | Val:   loss: 0.37424 | quality: 0.68726

Epoch 9 | Train: loss: 0.33702 | quality: 0.70471
        | Val:   loss: 0.36858 | quality: 0.68726

Epoch 10 | Train: loss: 0.33530 | quality: 0.70471
        | Val:   loss: 0.36675 | quality: 0.68726

Epoch 11 | Train: loss: 0.33356 | quality: 0.70471
        | Val:   loss: 0.36494 | quality: 0.68726

Epoch 12 | Train: loss: 0.33568 | quality: 0.70471
        | Val:   loss: 0.36634 | quality: 0.68726


✗ NaN loss at epoch 13 - stopping training

✗ Exception at epoch 13: NaN loss encountered during NTN optimization at epoch 13
[2026-05-01 18:52:48,776][__main__][WARNING] - ✗ SINGULAR TNML_F/car_evaluation/NTN L=4 bd=8 seed=10090 -> /zhome/6b/e/212868/GTN/outputs/ntn/car_evaluation/TNML_F_rg5_init0.1/L4_bd8_seed10090 | val=0.6873
[2026-05-01 18:52:48,780][HYDRA] 	#7 : model.L=4 model.bond_dim=8 seed=32874 trainer.ridge=5 trainer.ridge_decay=0.25 trainer.ridge_min=0.0001 +experiment=uci_ntn_sweep model=tnml_f dataset=car_evaluation
[2026-05-01 18:52:48,949][__main__][INFO] - ▶ RUN TNML_F/car_evaluation/NTN L=4 bd=8 seed=32874 -> /zhome/6b/e/212868/GTN/outputs/ntn/car_evaluation/TNML_F_rg5_init0.1/L4_bd8_seed32874
Starting Fit: 20 epochs.
Sweep Order: ['Node0', 'Node1', 'Node2', 'Node3', 'Node4', 'Node5', 'Node6', 'Node7', 'Node8', 'Node9', 'Node10', 'Node11', 'Node12', 'Node13', 'Node14', 'Node15', 'Node16', 'Node17', 'Node18', 'Node19', 'Node20', 'Node21', 'Node22', 'Node23', 'Node24', 'Node25', 'Node26', 'Node25', 'Node24', 'Node23', 'Node22', 'Node21', 'Node20', 'Node19', 'Node18', 'Node17', 'Node16', 'Node15', 'Node14', 'Node13', 'Node12', 'Node11', 'Node10', 'Node9', 'Node8', 'Node7', 'Node6', 'Node5', 'Node4', 'Node3', 'Node2', 'Node1']
Validation: Using separate validation set for best model selection
Early stopping: patience=10, min_delta=0.001
Init    | Train: loss: 1.41754 | quality: 0.25889
        | Val:   loss: 1.43147 | quality: 0.23166
Epoch 1 | Train: loss: 0.66686 | quality: 0.70471
        | Val:   loss: 0.66402 | quality: 0.68726
 *
Epoch 2 | Train: loss: 0.48691 | quality: 0.70471
        | Val:   loss: 0.50828 | quality: 0.68726

Epoch 3 | Train: loss: 0.43707 | quality: 0.70471
        | Val:   loss: 0.45447 | quality: 0.68726

Epoch 4 | Train: loss: 0.39877 | quality: 0.70471
        | Val:   loss: 0.42130 | quality: 0.68726

Epoch 5 | Train: loss: 0.37720 | quality: 0.70471
        | Val:   loss: 0.40242 | quality: 0.68726

Epoch 6 | Train: loss: 0.36421 | quality: 0.70471
        | Val:   loss: 0.39137 | quality: 0.68726

Epoch 7 | Train: loss: 0.35588 | quality: 0.70471
        | Val:   loss: 0.38565 | quality: 0.68726

Epoch 8 | Train: loss: 0.34760 | quality: 0.70471
        | Val:   loss: 0.37730 | quality: 0.68726

Epoch 9 | Train: loss: 0.34150 | quality: 0.70471
        | Val:   loss: 0.37110 | quality: 0.68726

Epoch 10 | Train: loss: 0.33995 | quality: 0.70471
        | Val:   loss: 0.36800 | quality: 0.68726

Epoch 11 | Train: loss: 0.34007 | quality: 0.70471
        | Val:   loss: 0.36613 | quality: 0.68726


⏸ Early stopping at epoch 11 (best was epoch 1)
[2026-05-01 18:53:13,161][__main__][INFO] - ✓ DONE TNML_F/car_evaluation/NTN L=4 bd=8 seed=32874 -> /zhome/6b/e/212868/GTN/outputs/ntn/car_evaluation/TNML_F_rg5_init0.1/L4_bd8_seed32874 | val=0.6873
[2026-05-01 18:53:13,164][HYDRA] 	#8 : model.L=4 model.bond_dim=8 seed=47311 trainer.ridge=5 trainer.ridge_decay=0.25 trainer.ridge_min=0.0001 +experiment=uci_ntn_sweep model=tnml_f dataset=car_evaluation
[2026-05-01 18:53:13,318][__main__][INFO] - ▶ RUN TNML_F/car_evaluation/NTN L=4 bd=8 seed=47311 -> /zhome/6b/e/212868/GTN/outputs/ntn/car_evaluation/TNML_F_rg5_init0.1/L4_bd8_seed47311
Starting Fit: 20 epochs.
Sweep Order: ['Node0', 'Node1', 'Node2', 'Node3', 'Node4', 'Node5', 'Node6', 'Node7', 'Node8', 'Node9', 'Node10', 'Node11', 'Node12', 'Node13', 'Node14', 'Node15', 'Node16', 'Node17', 'Node18', 'Node19', 'Node20', 'Node21', 'Node22', 'Node23', 'Node24', 'Node25', 'Node26', 'Node25', 'Node24', 'Node23', 'Node22', 'Node21', 'Node20', 'Node19', 'Node18', 'Node17', 'Node16', 'Node15', 'Node14', 'Node13', 'Node12', 'Node11', 'Node10', 'Node9', 'Node8', 'Node7', 'Node6', 'Node5', 'Node4', 'Node3', 'Node2', 'Node1']
Validation: Using separate validation set for best model selection
Early stopping: patience=10, min_delta=0.001
Init    | Train: loss: 1.44664 | quality: 0.32010
        | Val:   loss: 1.47428 | quality: 0.30502
Epoch 1 | Train: loss: 0.55257 | quality: 0.70471
        | Val:   loss: 0.55098 | quality: 0.68726
 *
Epoch 2 | Train: loss: 0.48363 | quality: 0.70471
        | Val:   loss: 0.49836 | quality: 0.68726

Epoch 3 | Train: loss: 0.42839 | quality: 0.70471
        | Val:   loss: 0.44729 | quality: 0.68726

Epoch 4 | Train: loss: 0.40377 | quality: 0.70471
        | Val:   loss: 0.42716 | quality: 0.68726

Epoch 5 | Train: loss: 0.38224 | quality: 0.70471
        | Val:   loss: 0.40794 | quality: 0.68726

Epoch 6 | Train: loss: 0.37490 | quality: 0.70471
        | Val:   loss: 0.39985 | quality: 0.68726

Epoch 7 | Train: loss: 0.36514 | quality: 0.70471
        | Val:   loss: 0.39282 | quality: 0.68726

Epoch 8 | Train: loss: 0.35379 | quality: 0.70471
        | Val:   loss: 0.38208 | quality: 0.68726

Epoch 9 | Train: loss: 0.34526 | quality: 0.70471
        | Val:   loss: 0.37444 | quality: 0.68726

Epoch 10 | Train: loss: 0.34157 | quality: 0.70471
        | Val:   loss: 0.37188 | quality: 0.68726

Epoch 11 | Train: loss: 0.33934 | quality: 0.70471
        | Val:   loss: 0.37014 | quality: 0.68726


⏸ Early stopping at epoch 11 (best was epoch 1)
[2026-05-01 18:53:37,213][__main__][INFO] - ✓ DONE TNML_F/car_evaluation/NTN L=4 bd=8 seed=47311 -> /zhome/6b/e/212868/GTN/outputs/ntn/car_evaluation/TNML_F_rg5_init0.1/L4_bd8_seed47311 | val=0.6873
[2026-05-01 18:53:37,217][HYDRA] 	#9 : model.L=4 model.bond_dim=8 seed=47303 trainer.ridge=5 trainer.ridge_decay=0.25 trainer.ridge_min=0.0001 +experiment=uci_ntn_sweep model=tnml_f dataset=car_evaluation
[2026-05-01 18:53:37,373][__main__][INFO] - ▶ RUN TNML_F/car_evaluation/NTN L=4 bd=8 seed=47303 -> /zhome/6b/e/212868/GTN/outputs/ntn/car_evaluation/TNML_F_rg5_init0.1/L4_bd8_seed47303
Starting Fit: 20 epochs.
Sweep Order: ['Node0', 'Node1', 'Node2', 'Node3', 'Node4', 'Node5', 'Node6', 'Node7', 'Node8', 'Node9', 'Node10', 'Node11', 'Node12', 'Node13', 'Node14', 'Node15', 'Node16', 'Node17', 'Node18', 'Node19', 'Node20', 'Node21', 'Node22', 'Node23', 'Node24', 'Node25', 'Node26', 'Node25', 'Node24', 'Node23', 'Node22', 'Node21', 'Node20', 'Node19', 'Node18', 'Node17', 'Node16', 'Node15', 'Node14', 'Node13', 'Node12', 'Node11', 'Node10', 'Node9', 'Node8', 'Node7', 'Node6', 'Node5', 'Node4', 'Node3', 'Node2', 'Node1']
Validation: Using separate validation set for best model selection
Early stopping: patience=10, min_delta=0.001
Init    | Train: loss: 1.55908 | quality: 0.33912
        | Val:   loss: 1.49435 | quality: 0.32819
Epoch 1 | Train: loss: 0.59264 | quality: 0.70471
        | Val:   loss: 0.59200 | quality: 0.68726
 *
Epoch 2 | Train: loss: 0.47661 | quality: 0.70471
        | Val:   loss: 0.49389 | quality: 0.68726

Epoch 3 | Train: loss: 0.42848 | quality: 0.70471
        | Val:   loss: 0.44860 | quality: 0.68726

Epoch 4 | Train: loss: 0.40699 | quality: 0.70471
        | Val:   loss: 0.42971 | quality: 0.68726

Epoch 5 | Train: loss: 0.37856 | quality: 0.70471
        | Val:   loss: 0.40470 | quality: 0.68726

Epoch 6 | Train: loss: 0.36405 | quality: 0.70471
        | Val:   loss: 0.39155 | quality: 0.68726

Epoch 7 | Train: loss: 0.36284 | quality: 0.70471
        | Val:   loss: 0.39148 | quality: 0.68726

Epoch 8 | Train: loss: 0.34613 | quality: 0.70471
        | Val:   loss: 0.37571 | quality: 0.68726

Epoch 9 | Train: loss: 0.34030 | quality: 0.70471
        | Val:   loss: 0.37090 | quality: 0.68726

Epoch 10 | Train: loss: 0.33696 | quality: 0.70471
        | Val:   loss: 0.36803 | quality: 0.68726

Epoch 11 | Train: loss: 0.33604 | quality: 0.70471
        | Val:   loss: 0.36695 | quality: 0.68726


⏸ Early stopping at epoch 11 (best was epoch 1)
[2026-05-01 18:54:00,909][__main__][INFO] - ✓ DONE TNML_F/car_evaluation/NTN L=4 bd=8 seed=47303 -> /zhome/6b/e/212868/GTN/outputs/ntn/car_evaluation/TNML_F_rg5_init0.1/L4_bd8_seed47303 | val=0.6873
[2026-05-01 18:54:00,912][HYDRA] 	#10 : model.L=4 model.bond_dim=4 seed=42 trainer.ridge=5 trainer.ridge_decay=0.25 trainer.ridge_min=0.0001 +experiment=uci_ntn_sweep model=tnml_f dataset=car_evaluation
[2026-05-01 18:54:01,064][__main__][INFO] - ▶ RUN TNML_F/car_evaluation/NTN L=4 bd=4 seed=42 -> /zhome/6b/e/212868/GTN/outputs/ntn/car_evaluation/TNML_F_rg5_init0.1/L4_bd4_seed42
Starting Fit: 20 epochs.
Sweep Order: ['Node0', 'Node1', 'Node2', 'Node3', 'Node4', 'Node5', 'Node6', 'Node7', 'Node8', 'Node9', 'Node10', 'Node11', 'Node12', 'Node13', 'Node14', 'Node15', 'Node16', 'Node17', 'Node18', 'Node19', 'Node20', 'Node21', 'Node22', 'Node23', 'Node24', 'Node25', 'Node26', 'Node25', 'Node24', 'Node23', 'Node22', 'Node21', 'Node20', 'Node19', 'Node18', 'Node17', 'Node16', 'Node15', 'Node14', 'Node13', 'Node12', 'Node11', 'Node10', 'Node9', 'Node8', 'Node7', 'Node6', 'Node5', 'Node4', 'Node3', 'Node2', 'Node1']
Validation: Using separate validation set for best model selection
Early stopping: patience=10, min_delta=0.001
Init    | Train: loss: 1.38723 | quality: 0.12076
        | Val:   loss: 1.38646 | quality: 0.09653
Epoch 1 | Train: loss: 1.33589 | quality: 0.19686
        | Val:   loss: 1.34931 | quality: 0.19305
 *
Epoch 2 | Train: loss: 1.30274 | quality: 0.19686
        | Val:   loss: 1.32264 | quality: 0.19305

Epoch 3 | Train: loss: 1.19630 | quality: 0.55997
        | Val:   loss: 1.18995 | quality: 0.52896
 *
Epoch 4 | Train: loss: 1.05112 | quality: 0.55666
        | Val:   loss: 1.06614 | quality: 0.54440
 *
Epoch 5 | Train: loss: 0.80355 | quality: 0.55666
        | Val:   loss: 0.80798 | quality: 0.54440

Epoch 6 | Train: loss: 0.73491 | quality: 0.55666
        | Val:   loss: 0.75229 | quality: 0.54440

Epoch 7 | Train: loss: 0.58798 | quality: 0.66005
        | Val:   loss: 0.61033 | quality: 0.64865
 *
Epoch 8 | Train: loss: 0.52759 | quality: 0.70471
        | Val:   loss: 0.57576 | quality: 0.68726
 *
Epoch 9 | Train: loss: 0.41503 | quality: 0.70471
        | Val:   loss: 0.44543 | quality: 0.68726

Epoch 10 | Train: loss: 0.39395 | quality: 0.70471
        | Val:   loss: 0.42282 | quality: 0.68726

Epoch 11 | Train: loss: 0.37521 | quality: 0.70471
        | Val:   loss: 0.40378 | quality: 0.68726

Epoch 12 | Train: loss: 0.36047 | quality: 0.70471
        | Val:   loss: 0.39140 | quality: 0.68726

Epoch 13 | Train: loss: 0.35119 | quality: 0.70471
        | Val:   loss: 0.37893 | quality: 0.68726

Epoch 14 | Train: loss: 0.34542 | quality: 0.70471
        | Val:   loss: 0.37357 | quality: 0.68726

Epoch 15 | Train: loss: 0.34275 | quality: 0.70471
        | Val:   loss: 0.37039 | quality: 0.68726

Epoch 16 | Train: loss: 0.34412 | quality: 0.70471
        | Val:   loss: 0.37104 | quality: 0.68726

Epoch 17 | Train: loss: 0.34731 | quality: 0.70471
        | Val:   loss: 0.37387 | quality: 0.68726

Epoch 18 | Train: loss: 0.34902 | quality: 0.70471
        | Val:   loss: 0.37494 | quality: 0.68726


⏸ Early stopping at epoch 18 (best was epoch 8)
[2026-05-01 18:55:03,686][__main__][INFO] - ✓ DONE TNML_F/car_evaluation/NTN L=4 bd=4 seed=42 -> /zhome/6b/e/212868/GTN/outputs/ntn/car_evaluation/TNML_F_rg5_init0.1/L4_bd4_seed42 | val=0.6873
[2026-05-01 18:55:03,688][HYDRA] 	#11 : model.L=4 model.bond_dim=4 seed=10090 trainer.ridge=5 trainer.ridge_decay=0.25 trainer.ridge_min=0.0001 +experiment=uci_ntn_sweep model=tnml_f dataset=car_evaluation
[2026-05-01 18:55:03,836][__main__][INFO] - ▶ RUN TNML_F/car_evaluation/NTN L=4 bd=4 seed=10090 -> /zhome/6b/e/212868/GTN/outputs/ntn/car_evaluation/TNML_F_rg5_init0.1/L4_bd4_seed10090
Starting Fit: 20 epochs.
Sweep Order: ['Node0', 'Node1', 'Node2', 'Node3', 'Node4', 'Node5', 'Node6', 'Node7', 'Node8', 'Node9', 'Node10', 'Node11', 'Node12', 'Node13', 'Node14', 'Node15', 'Node16', 'Node17', 'Node18', 'Node19', 'Node20', 'Node21', 'Node22', 'Node23', 'Node24', 'Node25', 'Node26', 'Node25', 'Node24', 'Node23', 'Node22', 'Node21', 'Node20', 'Node19', 'Node18', 'Node17', 'Node16', 'Node15', 'Node14', 'Node13', 'Node12', 'Node11', 'Node10', 'Node9', 'Node8', 'Node7', 'Node6', 'Node5', 'Node4', 'Node3', 'Node2', 'Node1']
Validation: Using separate validation set for best model selection
Early stopping: patience=10, min_delta=0.001
Init    | Train: loss: 1.39190 | quality: 0.14557
        | Val:   loss: 1.39456 | quality: 0.10039
Epoch 1 | Train: loss: 0.96894 | quality: 0.70471
        | Val:   loss: 0.98663 | quality: 0.68726
 *
Epoch 2 | Train: loss: 0.58454 | quality: 0.70471
        | Val:   loss: 0.60482 | quality: 0.68726

Epoch 3 | Train: loss: 0.47839 | quality: 0.70471
        | Val:   loss: 0.50119 | quality: 0.68726

Epoch 4 | Train: loss: 0.43046 | quality: 0.70471
        | Val:   loss: 0.45279 | quality: 0.68726

Epoch 5 | Train: loss: 0.39820 | quality: 0.70471
        | Val:   loss: 0.42225 | quality: 0.68726

Epoch 6 | Train: loss: 0.38095 | quality: 0.70471
        | Val:   loss: 0.40746 | quality: 0.68726

Epoch 7 | Train: loss: 0.36636 | quality: 0.70471
        | Val:   loss: 0.39435 | quality: 0.68726

Epoch 8 | Train: loss: 0.35769 | quality: 0.70471
        | Val:   loss: 0.38583 | quality: 0.68726

Epoch 9 | Train: loss: 0.35225 | quality: 0.70471
        | Val:   loss: 0.38298 | quality: 0.68726

Epoch 10 | Train: loss: 0.34789 | quality: 0.70471
        | Val:   loss: 0.37679 | quality: 0.68726

Epoch 11 | Train: loss: 0.34696 | quality: 0.70471
        | Val:   loss: 0.37421 | quality: 0.68726


⏸ Early stopping at epoch 11 (best was epoch 1)
[2026-05-01 18:55:24,125][__main__][INFO] - ✓ DONE TNML_F/car_evaluation/NTN L=4 bd=4 seed=10090 -> /zhome/6b/e/212868/GTN/outputs/ntn/car_evaluation/TNML_F_rg5_init0.1/L4_bd4_seed10090 | val=0.6873
[2026-05-01 18:55:24,128][HYDRA] 	#12 : model.L=4 model.bond_dim=4 seed=32874 trainer.ridge=5 trainer.ridge_decay=0.25 trainer.ridge_min=0.0001 +experiment=uci_ntn_sweep model=tnml_f dataset=car_evaluation
[2026-05-01 18:55:24,280][__main__][INFO] - ▶ RUN TNML_F/car_evaluation/NTN L=4 bd=4 seed=32874 -> /zhome/6b/e/212868/GTN/outputs/ntn/car_evaluation/TNML_F_rg5_init0.1/L4_bd4_seed32874
Starting Fit: 20 epochs.
Sweep Order: ['Node0', 'Node1', 'Node2', 'Node3', 'Node4', 'Node5', 'Node6', 'Node7', 'Node8', 'Node9', 'Node10', 'Node11', 'Node12', 'Node13', 'Node14', 'Node15', 'Node16', 'Node17', 'Node18', 'Node19', 'Node20', 'Node21', 'Node22', 'Node23', 'Node24', 'Node25', 'Node26', 'Node25', 'Node24', 'Node23', 'Node22', 'Node21', 'Node20', 'Node19', 'Node18', 'Node17', 'Node16', 'Node15', 'Node14', 'Node13', 'Node12', 'Node11', 'Node10', 'Node9', 'Node8', 'Node7', 'Node6', 'Node5', 'Node4', 'Node3', 'Node2', 'Node1']
Validation: Using separate validation set for best model selection
Early stopping: patience=10, min_delta=0.001
Init    | Train: loss: 1.48530 | quality: 0.41108
        | Val:   loss: 1.46332 | quality: 0.40541
Epoch 1 | Train: loss: 1.18516 | quality: 0.51613
        | Val:   loss: 1.23812 | quality: 0.48263
 *
Epoch 2 | Train: loss: 0.53309 | quality: 0.70471
        | Val:   loss: 0.55288 | quality: 0.68726
 *
Epoch 3 | Train: loss: 0.47735 | quality: 0.70471
        | Val:   loss: 0.49594 | quality: 0.68726

Epoch 4 | Train: loss: 0.42599 | quality: 0.70471
        | Val:   loss: 0.44643 | quality: 0.68726

Epoch 5 | Train: loss: 0.40473 | quality: 0.70471
        | Val:   loss: 0.42798 | quality: 0.68726

Epoch 6 | Train: loss: 0.37749 | quality: 0.70471
        | Val:   loss: 0.40328 | quality: 0.68726

Epoch 7 | Train: loss: 0.36303 | quality: 0.70471
        | Val:   loss: 0.39092 | quality: 0.68726

Epoch 8 | Train: loss: 0.35282 | quality: 0.70471
        | Val:   loss: 0.38200 | quality: 0.68726

Epoch 9 | Train: loss: 0.34382 | quality: 0.70471
        | Val:   loss: 0.37510 | quality: 0.68726

Epoch 10 | Train: loss: 0.34093 | quality: 0.70471
        | Val:   loss: 0.37193 | quality: 0.68726

Epoch 11 | Train: loss: 0.33924 | quality: 0.70471
        | Val:   loss: 0.37004 | quality: 0.68726

Epoch 12 | Train: loss: 0.33816 | quality: 0.70471
        | Val:   loss: 0.36906 | quality: 0.68726


⏸ Early stopping at epoch 12 (best was epoch 2)
[2026-05-01 18:55:45,482][__main__][INFO] - ✓ DONE TNML_F/car_evaluation/NTN L=4 bd=4 seed=32874 -> /zhome/6b/e/212868/GTN/outputs/ntn/car_evaluation/TNML_F_rg5_init0.1/L4_bd4_seed32874 | val=0.6873
[2026-05-01 18:55:45,486][HYDRA] 	#13 : model.L=4 model.bond_dim=4 seed=47311 trainer.ridge=5 trainer.ridge_decay=0.25 trainer.ridge_min=0.0001 +experiment=uci_ntn_sweep model=tnml_f dataset=car_evaluation
[2026-05-01 18:55:45,643][__main__][INFO] - ▶ RUN TNML_F/car_evaluation/NTN L=4 bd=4 seed=47311 -> /zhome/6b/e/212868/GTN/outputs/ntn/car_evaluation/TNML_F_rg5_init0.1/L4_bd4_seed47311
Starting Fit: 20 epochs.
Sweep Order: ['Node0', 'Node1', 'Node2', 'Node3', 'Node4', 'Node5', 'Node6', 'Node7', 'Node8', 'Node9', 'Node10', 'Node11', 'Node12', 'Node13', 'Node14', 'Node15', 'Node16', 'Node17', 'Node18', 'Node19', 'Node20', 'Node21', 'Node22', 'Node23', 'Node24', 'Node25', 'Node26', 'Node25', 'Node24', 'Node23', 'Node22', 'Node21', 'Node20', 'Node19', 'Node18', 'Node17', 'Node16', 'Node15', 'Node14', 'Node13', 'Node12', 'Node11', 'Node10', 'Node9', 'Node8', 'Node7', 'Node6', 'Node5', 'Node4', 'Node3', 'Node2', 'Node1']
Validation: Using separate validation set for best model selection
Early stopping: patience=10, min_delta=0.001
Init    | Train: loss: 1.38846 | quality: 0.29363
        | Val:   loss: 1.39214 | quality: 0.25097
Epoch 1 | Train: loss: 1.29093 | quality: 0.36807
        | Val:   loss: 1.34470 | quality: 0.31274
 *
Epoch 2 | Train: loss: 1.17829 | quality: 0.55666
        | Val:   loss: 1.25401 | quality: 0.49807
 *
Epoch 3 | Train: loss: 1.14738 | quality: 0.55666
        | Val:   loss: 1.24123 | quality: 0.49807

Epoch 4 | Train: loss: 1.13540 | quality: 0.55666
        | Val:   loss: 1.22898 | quality: 0.49807

Epoch 5 | Train: loss: 1.12650 | quality: 0.55666
        | Val:   loss: 1.21670 | quality: 0.49807

Epoch 6 | Train: loss: 1.11482 | quality: 0.55666
        | Val:   loss: 1.19802 | quality: 0.49807

Epoch 7 | Train: loss: 1.10892 | quality: 0.55666
        | Val:   loss: 1.18628 | quality: 0.49807

Epoch 8 | Train: loss: 1.10346 | quality: 0.55666
        | Val:   loss: 1.17490 | quality: 0.49807

Epoch 9 | Train: loss: 1.09850 | quality: 0.55666
        | Val:   loss: 1.16572 | quality: 0.49807

Epoch 10 | Train: loss: 1.09457 | quality: 0.55666
        | Val:   loss: 1.15895 | quality: 0.49807

Epoch 11 | Train: loss: 1.09192 | quality: 0.55666
        | Val:   loss: 1.15390 | quality: 0.49807

Epoch 12 | Train: loss: 1.08996 | quality: 0.55666
        | Val:   loss: 1.14914 | quality: 0.49807


⏸ Early stopping at epoch 12 (best was epoch 2)
[2026-05-01 18:56:06,291][__main__][INFO] - ✓ DONE TNML_F/car_evaluation/NTN L=4 bd=4 seed=47311 -> /zhome/6b/e/212868/GTN/outputs/ntn/car_evaluation/TNML_F_rg5_init0.1/L4_bd4_seed47311 | val=0.4981
[2026-05-01 18:56:06,293][HYDRA] 	#14 : model.L=4 model.bond_dim=4 seed=47303 trainer.ridge=5 trainer.ridge_decay=0.25 trainer.ridge_min=0.0001 +experiment=uci_ntn_sweep model=tnml_f dataset=car_evaluation
[2026-05-01 18:56:06,442][__main__][INFO] - ▶ RUN TNML_F/car_evaluation/NTN L=4 bd=4 seed=47303 -> /zhome/6b/e/212868/GTN/outputs/ntn/car_evaluation/TNML_F_rg5_init0.1/L4_bd4_seed47303
Starting Fit: 20 epochs.
Sweep Order: ['Node0', 'Node1', 'Node2', 'Node3', 'Node4', 'Node5', 'Node6', 'Node7', 'Node8', 'Node9', 'Node10', 'Node11', 'Node12', 'Node13', 'Node14', 'Node15', 'Node16', 'Node17', 'Node18', 'Node19', 'Node20', 'Node21', 'Node22', 'Node23', 'Node24', 'Node25', 'Node26', 'Node25', 'Node24', 'Node23', 'Node22', 'Node21', 'Node20', 'Node19', 'Node18', 'Node17', 'Node16', 'Node15', 'Node14', 'Node13', 'Node12', 'Node11', 'Node10', 'Node9', 'Node8', 'Node7', 'Node6', 'Node5', 'Node4', 'Node3', 'Node2', 'Node1']
Validation: Using separate validation set for best model selection
Early stopping: patience=10, min_delta=0.001
Init    | Train: loss: 1.38801 | quality: 0.16625
        | Val:   loss: 1.38762 | quality: 0.21236
Epoch 1 | Train: loss: 1.00725 | quality: 0.70471
        | Val:   loss: 0.99414 | quality: 0.68726
 *
Epoch 2 | Train: loss: 0.58780 | quality: 0.70471
        | Val:   loss: 0.60656 | quality: 0.68726

Epoch 3 | Train: loss: 0.48178 | quality: 0.70471
        | Val:   loss: 0.50531 | quality: 0.68726

Epoch 4 | Train: loss: 0.43006 | quality: 0.70471
        | Val:   loss: 0.45211 | quality: 0.68726

Epoch 5 | Train: loss: 0.40942 | quality: 0.70471
        | Val:   loss: 0.43051 | quality: 0.68726

Epoch 6 | Train: loss: 0.38718 | quality: 0.70471
        | Val:   loss: 0.41019 | quality: 0.68726

Epoch 7 | Train: loss: 0.37412 | quality: 0.70471
        | Val:   loss: 0.39952 | quality: 0.68726

Epoch 8 | Train: loss: 0.36437 | quality: 0.70471
        | Val:   loss: 0.39217 | quality: 0.68726

Epoch 9 | Train: loss: 0.35805 | quality: 0.70471
        | Val:   loss: 0.38549 | quality: 0.68726

Epoch 10 | Train: loss: 0.35423 | quality: 0.70471
        | Val:   loss: 0.38083 | quality: 0.68726

Epoch 11 | Train: loss: 0.35125 | quality: 0.70471
        | Val:   loss: 0.37766 | quality: 0.68726


⏸ Early stopping at epoch 11 (best was epoch 1)
[2026-05-01 18:56:26,329][__main__][INFO] - ✓ DONE TNML_F/car_evaluation/NTN L=4 bd=4 seed=47303 -> /zhome/6b/e/212868/GTN/outputs/ntn/car_evaluation/TNML_F_rg5_init0.1/L4_bd4_seed47303 | val=0.6873
[2026-05-01 18:56:26,332][HYDRA] 	#15 : model.L=3 model.bond_dim=12 seed=42 trainer.ridge=5 trainer.ridge_decay=0.25 trainer.ridge_min=0.0001 +experiment=uci_ntn_sweep model=tnml_f dataset=car_evaluation
[2026-05-01 18:56:26,480][__main__][INFO] - ▶ RUN TNML_F/car_evaluation/NTN L=3 bd=12 seed=42 -> /zhome/6b/e/212868/GTN/outputs/ntn/car_evaluation/TNML_F_rg5_init0.1/L3_bd12_seed42
Starting Fit: 20 epochs.
Sweep Order: ['Node0', 'Node1', 'Node2', 'Node3', 'Node4', 'Node5', 'Node6', 'Node7', 'Node8', 'Node9', 'Node10', 'Node11', 'Node12', 'Node13', 'Node14', 'Node15', 'Node16', 'Node17', 'Node18', 'Node19', 'Node20', 'Node21', 'Node22', 'Node23', 'Node24', 'Node25', 'Node26', 'Node25', 'Node24', 'Node23', 'Node22', 'Node21', 'Node20', 'Node19', 'Node18', 'Node17', 'Node16', 'Node15', 'Node14', 'Node13', 'Node12', 'Node11', 'Node10', 'Node9', 'Node8', 'Node7', 'Node6', 'Node5', 'Node4', 'Node3', 'Node2', 'Node1']
Validation: Using separate validation set for best model selection
Early stopping: patience=10, min_delta=0.001
Init    | Train: loss: 1.40272 | quality: 0.36476
        | Val:   loss: 1.38723 | quality: 0.34749
Epoch 1 | Train: loss: 0.52949 | quality: 0.70471
        | Val:   loss: 0.54289 | quality: 0.68726
 *
Epoch 2 | Train: loss: 0.45266 | quality: 0.70471
        | Val:   loss: 0.46787 | quality: 0.68726

Epoch 3 | Train: loss: 0.41463 | quality: 0.70471
        | Val:   loss: 0.43618 | quality: 0.68726

Epoch 4 | Train: loss: 0.39565 | quality: 0.70471
        | Val:   loss: 0.41647 | quality: 0.68726

Epoch 5 | Train: loss: 0.38182 | quality: 0.70471
        | Val:   loss: 0.40722 | quality: 0.68726

Epoch 6 | Train: loss: 0.36266 | quality: 0.70471
        | Val:   loss: 0.39147 | quality: 0.68726

Epoch 7 | Train: loss: 0.35155 | quality: 0.70471
        | Val:   loss: 0.38104 | quality: 0.68726

Epoch 8 | Train: loss: 0.34139 | quality: 0.70471
        | Val:   loss: 0.37237 | quality: 0.68726

Epoch 9 | Train: loss: 0.33494 | quality: 0.70471
        | Val:   loss: 0.36654 | quality: 0.68726

Epoch 10 | Train: loss: 0.33216 | quality: 0.70471
        | Val:   loss: 0.36421 | quality: 0.68726

Epoch 11 | Train: loss: 0.33032 | quality: 0.70471
        | Val:   loss: 0.36217 | quality: 0.68726


⏸ Early stopping at epoch 11 (best was epoch 1)
[2026-05-01 18:56:56,284][__main__][INFO] - ✓ DONE TNML_F/car_evaluation/NTN L=3 bd=12 seed=42 -> /zhome/6b/e/212868/GTN/outputs/ntn/car_evaluation/TNML_F_rg5_init0.1/L3_bd12_seed42 | val=0.6873
[2026-05-01 18:56:56,287][HYDRA] 	#16 : model.L=3 model.bond_dim=12 seed=10090 trainer.ridge=5 trainer.ridge_decay=0.25 trainer.ridge_min=0.0001 +experiment=uci_ntn_sweep model=tnml_f dataset=car_evaluation
[2026-05-01 18:56:56,646][__main__][INFO] - ▶ RUN TNML_F/car_evaluation/NTN L=3 bd=12 seed=10090 -> /zhome/6b/e/212868/GTN/outputs/ntn/car_evaluation/TNML_F_rg5_init0.1/L3_bd12_seed10090
Starting Fit: 20 epochs.
Sweep Order: ['Node0', 'Node1', 'Node2', 'Node3', 'Node4', 'Node5', 'Node6', 'Node7', 'Node8', 'Node9', 'Node10', 'Node11', 'Node12', 'Node13', 'Node14', 'Node15', 'Node16', 'Node17', 'Node18', 'Node19', 'Node20', 'Node21', 'Node22', 'Node23', 'Node24', 'Node25', 'Node26', 'Node25', 'Node24', 'Node23', 'Node22', 'Node21', 'Node20', 'Node19', 'Node18', 'Node17', 'Node16', 'Node15', 'Node14', 'Node13', 'Node12', 'Node11', 'Node10', 'Node9', 'Node8', 'Node7', 'Node6', 'Node5', 'Node4', 'Node3', 'Node2', 'Node1']
Validation: Using separate validation set for best model selection
Early stopping: patience=10, min_delta=0.001
Init    | Train: loss: 1.62379 | quality: 0.20513
        | Val:   loss: 1.60113 | quality: 0.18533

✗ NaN loss at epoch 1 - stopping training

✗ Exception at epoch 1: NaN loss encountered during NTN optimization at epoch 1
[2026-05-01 18:57:00,470][__main__][WARNING] - ✗ SINGULAR TNML_F/car_evaluation/NTN L=3 bd=12 seed=10090 -> /zhome/6b/e/212868/GTN/outputs/ntn/car_evaluation/TNML_F_rg5_init0.1/L3_bd12_seed10090 | val=None
[2026-05-01 18:57:00,472][HYDRA] 	#17 : model.L=3 model.bond_dim=12 seed=32874 trainer.ridge=5 trainer.ridge_decay=0.25 trainer.ridge_min=0.0001 +experiment=uci_ntn_sweep model=tnml_f dataset=car_evaluation
[2026-05-01 18:57:00,619][__main__][INFO] - ▶ RUN TNML_F/car_evaluation/NTN L=3 bd=12 seed=32874 -> /zhome/6b/e/212868/GTN/outputs/ntn/car_evaluation/TNML_F_rg5_init0.1/L3_bd12_seed32874
Starting Fit: 20 epochs.
Sweep Order: ['Node0', 'Node1', 'Node2', 'Node3', 'Node4', 'Node5', 'Node6', 'Node7', 'Node8', 'Node9', 'Node10', 'Node11', 'Node12', 'Node13', 'Node14', 'Node15', 'Node16', 'Node17', 'Node18', 'Node19', 'Node20', 'Node21', 'Node22', 'Node23', 'Node24', 'Node25', 'Node26', 'Node25', 'Node24', 'Node23', 'Node22', 'Node21', 'Node20', 'Node19', 'Node18', 'Node17', 'Node16', 'Node15', 'Node14', 'Node13', 'Node12', 'Node11', 'Node10', 'Node9', 'Node8', 'Node7', 'Node6', 'Node5', 'Node4', 'Node3', 'Node2', 'Node1']
Validation: Using separate validation set for best model selection
Early stopping: patience=10, min_delta=0.001
Init    | Train: loss: 1.49743 | quality: 0.30521
        | Val:   loss: 1.53201 | quality: 0.26255
Epoch 1 | Train: loss: 1.11710 | quality: 0.55666
        | Val:   loss: 1.14625 | quality: 0.54440
 *
Epoch 2 | Train: loss: 0.63730 | quality: 0.66005
        | Val:   loss: 0.67499 | quality: 0.64865
 *
Epoch 3 | Train: loss: 0.46593 | quality: 0.70471
        | Val:   loss: 0.50718 | quality: 0.68726
 *
Epoch 4 | Train: loss: 0.38365 | quality: 0.70471
        | Val:   loss: 0.40295 | quality: 0.68726

Epoch 5 | Train: loss: 0.35693 | quality: 0.70471
        | Val:   loss: 0.37575 | quality: 0.68726

Epoch 6 | Train: loss: 0.34312 | quality: 0.70471
        | Val:   loss: 0.36169 | quality: 0.68726

Epoch 7 | Train: loss: 0.33062 | quality: 0.70471
        | Val:   loss: 0.35004 | quality: 0.68726

Epoch 8 | Train: loss: 0.32014 | quality: 0.70471
        | Val:   loss: 0.34003 | quality: 0.68726

Epoch 9 | Train: loss: 0.31319 | quality: 0.70471
        | Val:   loss: 0.33392 | quality: 0.68726

Epoch 10 | Train: loss: 0.32175 | quality: 0.70471
        | Val:   loss: 0.33925 | quality: 0.68726


✗ NaN loss at epoch 11 - stopping training

✗ Exception at epoch 11: NaN loss encountered during NTN optimization at epoch 11
[2026-05-01 18:57:30,869][__main__][WARNING] - ✗ SINGULAR TNML_F/car_evaluation/NTN L=3 bd=12 seed=32874 -> /zhome/6b/e/212868/GTN/outputs/ntn/car_evaluation/TNML_F_rg5_init0.1/L3_bd12_seed32874 | val=0.6873
[2026-05-01 18:57:30,872][HYDRA] 	#18 : model.L=3 model.bond_dim=12 seed=47311 trainer.ridge=5 trainer.ridge_decay=0.25 trainer.ridge_min=0.0001 +experiment=uci_ntn_sweep model=tnml_f dataset=car_evaluation
[2026-05-01 18:57:31,023][__main__][INFO] - ▶ RUN TNML_F/car_evaluation/NTN L=3 bd=12 seed=47311 -> /zhome/6b/e/212868/GTN/outputs/ntn/car_evaluation/TNML_F_rg5_init0.1/L3_bd12_seed47311
Starting Fit: 20 epochs.
Sweep Order: ['Node0', 'Node1', 'Node2', 'Node3', 'Node4', 'Node5', 'Node6', 'Node7', 'Node8', 'Node9', 'Node10', 'Node11', 'Node12', 'Node13', 'Node14', 'Node15', 'Node16', 'Node17', 'Node18', 'Node19', 'Node20', 'Node21', 'Node22', 'Node23', 'Node24', 'Node25', 'Node26', 'Node25', 'Node24', 'Node23', 'Node22', 'Node21', 'Node20', 'Node19', 'Node18', 'Node17', 'Node16', 'Node15', 'Node14', 'Node13', 'Node12', 'Node11', 'Node10', 'Node9', 'Node8', 'Node7', 'Node6', 'Node5', 'Node4', 'Node3', 'Node2', 'Node1']
Validation: Using separate validation set for best model selection
Early stopping: patience=10, min_delta=0.001
Init    | Train: loss: 1.59829 | quality: 0.30687
        | Val:   loss: 1.57222 | quality: 0.28958
Epoch 1 | Train: loss: 1.22012 | quality: 0.41191
        | Val:   loss: 1.31200 | quality: 0.35907
 *
Epoch 2 | Train: loss: 1.07356 | quality: 0.45988
        | Val:   loss: 1.15896 | quality: 0.39382
 *
Epoch 3 | Train: loss: 1.03835 | quality: 0.46071
        | Val:   loss: 1.11404 | quality: 0.38996

Epoch 4 | Train: loss: 1.02576 | quality: 0.44913
        | Val:   loss: 1.10269 | quality: 0.37452

Epoch 5 | Train: loss: 1.01811 | quality: 0.46071
        | Val:   loss: 1.09306 | quality: 0.38996

Epoch 6 | Train: loss: 1.01314 | quality: 0.46071
        | Val:   loss: 1.08599 | quality: 0.38996

Epoch 7 | Train: loss: 1.00928 | quality: 0.46071
        | Val:   loss: 1.08085 | quality: 0.38996

Epoch 8 | Train: loss: 1.00625 | quality: 0.46071
        | Val:   loss: 1.07497 | quality: 0.38996

Epoch 9 | Train: loss: 1.00387 | quality: 0.46071
        | Val:   loss: 1.07084 | quality: 0.38996

Epoch 10 | Train: loss: 1.00270 | quality: 0.46071
        | Val:   loss: 1.06726 | quality: 0.38996

Epoch 11 | Train: loss: 1.00227 | quality: 0.46071
        | Val:   loss: 1.06386 | quality: 0.38996

Epoch 12 | Train: loss: 1.00434 | quality: 0.48139
        | Val:   loss: 1.06187 | quality: 0.41699
 *
Epoch 13 | Train: loss: 1.00556 | quality: 0.48139
        | Val:   loss: 1.05876 | quality: 0.41699

Epoch 14 | Train: loss: 1.01852 | quality: 0.46071
        | Val:   loss: 1.06942 | quality: 0.38996

Epoch 15 | Train: loss: 1.00416 | quality: 0.48139
        | Val:   loss: 1.06911 | quality: 0.41699

Epoch 16 | Train: loss: 1.00846 | quality: 0.48139
        | Val:   loss: 1.07332 | quality: 0.41699

Epoch 17 | Train: loss: 1.00572 | quality: 0.48139
        | Val:   loss: 1.07082 | quality: 0.41699

Epoch 18 | Train: loss: 1.01516 | quality: 0.48139
        | Val:   loss: 1.08218 | quality: 0.41699

Epoch 19 | Train: loss: 1.01634 | quality: 0.46071
        | Val:   loss: 1.07047 | quality: 0.38996

Epoch 20 | Train: loss: 1.01691 | quality: 0.46237
        | Val:   loss: 1.07464 | quality: 0.39382


Best epoch: 12 (val_quality=0.416988)
[2026-05-01 18:58:22,028][__main__][INFO] - ✓ DONE TNML_F/car_evaluation/NTN L=3 bd=12 seed=47311 -> /zhome/6b/e/212868/GTN/outputs/ntn/car_evaluation/TNML_F_rg5_init0.1/L3_bd12_seed47311 | val=0.4170
[2026-05-01 18:58:22,032][HYDRA] 	#19 : model.L=3 model.bond_dim=12 seed=47303 trainer.ridge=5 trainer.ridge_decay=0.25 trainer.ridge_min=0.0001 +experiment=uci_ntn_sweep model=tnml_f dataset=car_evaluation
[2026-05-01 18:58:22,192][__main__][INFO] - ▶ RUN TNML_F/car_evaluation/NTN L=3 bd=12 seed=47303 -> /zhome/6b/e/212868/GTN/outputs/ntn/car_evaluation/TNML_F_rg5_init0.1/L3_bd12_seed47303
Starting Fit: 20 epochs.
Sweep Order: ['Node0', 'Node1', 'Node2', 'Node3', 'Node4', 'Node5', 'Node6', 'Node7', 'Node8', 'Node9', 'Node10', 'Node11', 'Node12', 'Node13', 'Node14', 'Node15', 'Node16', 'Node17', 'Node18', 'Node19', 'Node20', 'Node21', 'Node22', 'Node23', 'Node24', 'Node25', 'Node26', 'Node25', 'Node24', 'Node23', 'Node22', 'Node21', 'Node20', 'Node19', 'Node18', 'Node17', 'Node16', 'Node15', 'Node14', 'Node13', 'Node12', 'Node11', 'Node10', 'Node9', 'Node8', 'Node7', 'Node6', 'Node5', 'Node4', 'Node3', 'Node2', 'Node1']
Validation: Using separate validation set for best model selection
Early stopping: patience=10, min_delta=0.001
Init    | Train: loss: 1.42753 | quality: 0.27295
        | Val:   loss: 1.43066 | quality: 0.29730
Epoch 1 | Train: loss: 0.85847 | quality: 0.55666
        | Val:   loss: 0.87470 | quality: 0.54440
 *
Epoch 2 | Train: loss: 0.66398 | quality: 0.55666
        | Val:   loss: 0.69130 | quality: 0.54440

Epoch 3 | Train: loss: 0.57115 | quality: 0.66005
        | Val:   loss: 0.60549 | quality: 0.64865
 *
Epoch 4 | Train: loss: 0.42465 | quality: 0.70471
        | Val:   loss: 0.45926 | quality: 0.68726
 *
Epoch 5 | Train: loss: 0.37054 | quality: 0.70471
        | Val:   loss: 0.38964 | quality: 0.68726

Epoch 6 | Train: loss: 0.35068 | quality: 0.70471
        | Val:   loss: 0.36961 | quality: 0.68726

Epoch 7 | Train: loss: 0.34426 | quality: 0.70471
        | Val:   loss: 0.35591 | quality: 0.68726


✗ NaN loss at epoch 8 - stopping training

✗ Exception at epoch 8: NaN loss encountered during NTN optimization at epoch 8
[2026-05-01 18:58:43,553][__main__][WARNING] - ✗ SINGULAR TNML_F/car_evaluation/NTN L=3 bd=12 seed=47303 -> /zhome/6b/e/212868/GTN/outputs/ntn/car_evaluation/TNML_F_rg5_init0.1/L3_bd12_seed47303 | val=0.6873
[2026-05-01 18:58:43,558][HYDRA] 	#20 : model.L=3 model.bond_dim=8 seed=42 trainer.ridge=5 trainer.ridge_decay=0.25 trainer.ridge_min=0.0001 +experiment=uci_ntn_sweep model=tnml_f dataset=car_evaluation
[2026-05-01 18:58:43,766][__main__][INFO] - ▶ RUN TNML_F/car_evaluation/NTN L=3 bd=8 seed=42 -> /zhome/6b/e/212868/GTN/outputs/ntn/car_evaluation/TNML_F_rg5_init0.1/L3_bd8_seed42
Starting Fit: 20 epochs.
Sweep Order: ['Node0', 'Node1', 'Node2', 'Node3', 'Node4', 'Node5', 'Node6', 'Node7', 'Node8', 'Node9', 'Node10', 'Node11', 'Node12', 'Node13', 'Node14', 'Node15', 'Node16', 'Node17', 'Node18', 'Node19', 'Node20', 'Node21', 'Node22', 'Node23', 'Node24', 'Node25', 'Node26', 'Node25', 'Node24', 'Node23', 'Node22', 'Node21', 'Node20', 'Node19', 'Node18', 'Node17', 'Node16', 'Node15', 'Node14', 'Node13', 'Node12', 'Node11', 'Node10', 'Node9', 'Node8', 'Node7', 'Node6', 'Node5', 'Node4', 'Node3', 'Node2', 'Node1']
Validation: Using separate validation set for best model selection
Early stopping: patience=10, min_delta=0.001
Init    | Train: loss: 1.39036 | quality: 0.22415
        | Val:   loss: 1.39597 | quality: 0.17375
Epoch 1 | Train: loss: 1.00904 | quality: 0.36642
        | Val:   loss: 0.95166 | quality: 0.41313
 *
Epoch 2 | Train: loss: 0.97636 | quality: 0.54508
        | Val:   loss: 0.91893 | quality: 0.59459
 *
Epoch 3 | Train: loss: 0.90265 | quality: 0.54508
        | Val:   loss: 0.82694 | quality: 0.59459

Epoch 4 | Train: loss: 0.88020 | quality: 0.54508
        | Val:   loss: 0.80486 | quality: 0.59459

Epoch 5 | Train: loss: 0.86896 | quality: 0.54508
        | Val:   loss: 0.79699 | quality: 0.59459


✗ NaN loss at epoch 6 - stopping training

✗ Exception at epoch 6: NaN loss encountered during NTN optimization at epoch 6
[2026-05-01 18:58:55,903][__main__][WARNING] - ✗ SINGULAR TNML_F/car_evaluation/NTN L=3 bd=8 seed=42 -> /zhome/6b/e/212868/GTN/outputs/ntn/car_evaluation/TNML_F_rg5_init0.1/L3_bd8_seed42 | val=0.5946
[2026-05-01 18:58:55,906][HYDRA] 	#21 : model.L=3 model.bond_dim=8 seed=10090 trainer.ridge=5 trainer.ridge_decay=0.25 trainer.ridge_min=0.0001 +experiment=uci_ntn_sweep model=tnml_f dataset=car_evaluation
[2026-05-01 18:58:56,087][__main__][INFO] - ▶ RUN TNML_F/car_evaluation/NTN L=3 bd=8 seed=10090 -> /zhome/6b/e/212868/GTN/outputs/ntn/car_evaluation/TNML_F_rg5_init0.1/L3_bd8_seed10090
Starting Fit: 20 epochs.
Sweep Order: ['Node0', 'Node1', 'Node2', 'Node3', 'Node4', 'Node5', 'Node6', 'Node7', 'Node8', 'Node9', 'Node10', 'Node11', 'Node12', 'Node13', 'Node14', 'Node15', 'Node16', 'Node17', 'Node18', 'Node19', 'Node20', 'Node21', 'Node22', 'Node23', 'Node24', 'Node25', 'Node26', 'Node25', 'Node24', 'Node23', 'Node22', 'Node21', 'Node20', 'Node19', 'Node18', 'Node17', 'Node16', 'Node15', 'Node14', 'Node13', 'Node12', 'Node11', 'Node10', 'Node9', 'Node8', 'Node7', 'Node6', 'Node5', 'Node4', 'Node3', 'Node2', 'Node1']
Validation: Using separate validation set for best model selection
Early stopping: patience=10, min_delta=0.001
Init    | Train: loss: 1.40055 | quality: 0.32506
        | Val:   loss: 1.41541 | quality: 0.31274
Epoch 1 | Train: loss: 1.10083 | quality: 0.55666
        | Val:   loss: 1.11869 | quality: 0.54440
 *
Epoch 2 | Train: loss: 0.52661 | quality: 0.66005
        | Val:   loss: 0.54467 | quality: 0.64865
 *
Epoch 3 | Train: loss: 0.46147 | quality: 0.70471
        | Val:   loss: 0.48888 | quality: 0.68726
 *
Epoch 4 | Train: loss: 0.40477 | quality: 0.70471
        | Val:   loss: 0.42671 | quality: 0.68726

Epoch 5 | Train: loss: 0.37958 | quality: 0.70471
        | Val:   loss: 0.40501 | quality: 0.68726

Epoch 6 | Train: loss: 0.36116 | quality: 0.70471
        | Val:   loss: 0.39174 | quality: 0.68726

Epoch 7 | Train: loss: 0.35071 | quality: 0.70471
        | Val:   loss: 0.38178 | quality: 0.68726

Epoch 8 | Train: loss: 0.34295 | quality: 0.70471
        | Val:   loss: 0.37424 | quality: 0.68726

Epoch 9 | Train: loss: 0.33702 | quality: 0.70471
        | Val:   loss: 0.36858 | quality: 0.68726

Epoch 10 | Train: loss: 0.33530 | quality: 0.70471
        | Val:   loss: 0.36675 | quality: 0.68726

Epoch 11 | Train: loss: 0.33356 | quality: 0.70471
        | Val:   loss: 0.36494 | quality: 0.68726

Epoch 12 | Train: loss: 0.33568 | quality: 0.70471
        | Val:   loss: 0.36634 | quality: 0.68726


✗ NaN loss at epoch 13 - stopping training

✗ Exception at epoch 13: NaN loss encountered during NTN optimization at epoch 13
[2026-05-01 18:59:22,431][__main__][WARNING] - ✗ SINGULAR TNML_F/car_evaluation/NTN L=3 bd=8 seed=10090 -> /zhome/6b/e/212868/GTN/outputs/ntn/car_evaluation/TNML_F_rg5_init0.1/L3_bd8_seed10090 | val=0.6873
[2026-05-01 18:59:22,433][HYDRA] 	#22 : model.L=3 model.bond_dim=8 seed=32874 trainer.ridge=5 trainer.ridge_decay=0.25 trainer.ridge_min=0.0001 +experiment=uci_ntn_sweep model=tnml_f dataset=car_evaluation
[2026-05-01 18:59:22,585][__main__][INFO] - ▶ RUN TNML_F/car_evaluation/NTN L=3 bd=8 seed=32874 -> /zhome/6b/e/212868/GTN/outputs/ntn/car_evaluation/TNML_F_rg5_init0.1/L3_bd8_seed32874
Starting Fit: 20 epochs.
Sweep Order: ['Node0', 'Node1', 'Node2', 'Node3', 'Node4', 'Node5', 'Node6', 'Node7', 'Node8', 'Node9', 'Node10', 'Node11', 'Node12', 'Node13', 'Node14', 'Node15', 'Node16', 'Node17', 'Node18', 'Node19', 'Node20', 'Node21', 'Node22', 'Node23', 'Node24', 'Node25', 'Node26', 'Node25', 'Node24', 'Node23', 'Node22', 'Node21', 'Node20', 'Node19', 'Node18', 'Node17', 'Node16', 'Node15', 'Node14', 'Node13', 'Node12', 'Node11', 'Node10', 'Node9', 'Node8', 'Node7', 'Node6', 'Node5', 'Node4', 'Node3', 'Node2', 'Node1']
Validation: Using separate validation set for best model selection
Early stopping: patience=10, min_delta=0.001
Init    | Train: loss: 1.41754 | quality: 0.25889
        | Val:   loss: 1.43147 | quality: 0.23166
Epoch 1 | Train: loss: 0.66686 | quality: 0.70471
        | Val:   loss: 0.66402 | quality: 0.68726
 *
Epoch 2 | Train: loss: 0.48691 | quality: 0.70471
        | Val:   loss: 0.50828 | quality: 0.68726

Epoch 3 | Train: loss: 0.43707 | quality: 0.70471
        | Val:   loss: 0.45447 | quality: 0.68726

Epoch 4 | Train: loss: 0.39877 | quality: 0.70471
        | Val:   loss: 0.42130 | quality: 0.68726

Epoch 5 | Train: loss: 0.37720 | quality: 0.70471
        | Val:   loss: 0.40242 | quality: 0.68726

Epoch 6 | Train: loss: 0.36421 | quality: 0.70471
        | Val:   loss: 0.39137 | quality: 0.68726

Epoch 7 | Train: loss: 0.35588 | quality: 0.70471
        | Val:   loss: 0.38565 | quality: 0.68726

Epoch 8 | Train: loss: 0.34760 | quality: 0.70471
        | Val:   loss: 0.37730 | quality: 0.68726

Epoch 9 | Train: loss: 0.34150 | quality: 0.70471
        | Val:   loss: 0.37110 | quality: 0.68726

Epoch 10 | Train: loss: 0.33995 | quality: 0.70471
        | Val:   loss: 0.36800 | quality: 0.68726

Epoch 11 | Train: loss: 0.34007 | quality: 0.70471
        | Val:   loss: 0.36613 | quality: 0.68726


⏸ Early stopping at epoch 11 (best was epoch 1)
[2026-05-01 18:59:46,658][__main__][INFO] - ✓ DONE TNML_F/car_evaluation/NTN L=3 bd=8 seed=32874 -> /zhome/6b/e/212868/GTN/outputs/ntn/car_evaluation/TNML_F_rg5_init0.1/L3_bd8_seed32874 | val=0.6873
[2026-05-01 18:59:46,661][HYDRA] 	#23 : model.L=3 model.bond_dim=8 seed=47311 trainer.ridge=5 trainer.ridge_decay=0.25 trainer.ridge_min=0.0001 +experiment=uci_ntn_sweep model=tnml_f dataset=car_evaluation
[2026-05-01 18:59:46,850][__main__][INFO] - ▶ RUN TNML_F/car_evaluation/NTN L=3 bd=8 seed=47311 -> /zhome/6b/e/212868/GTN/outputs/ntn/car_evaluation/TNML_F_rg5_init0.1/L3_bd8_seed47311
Starting Fit: 20 epochs.
Sweep Order: ['Node0', 'Node1', 'Node2', 'Node3', 'Node4', 'Node5', 'Node6', 'Node7', 'Node8', 'Node9', 'Node10', 'Node11', 'Node12', 'Node13', 'Node14', 'Node15', 'Node16', 'Node17', 'Node18', 'Node19', 'Node20', 'Node21', 'Node22', 'Node23', 'Node24', 'Node25', 'Node26', 'Node25', 'Node24', 'Node23', 'Node22', 'Node21', 'Node20', 'Node19', 'Node18', 'Node17', 'Node16', 'Node15', 'Node14', 'Node13', 'Node12', 'Node11', 'Node10', 'Node9', 'Node8', 'Node7', 'Node6', 'Node5', 'Node4', 'Node3', 'Node2', 'Node1']
Validation: Using separate validation set for best model selection
Early stopping: patience=10, min_delta=0.001
Init    | Train: loss: 1.44664 | quality: 0.32010
        | Val:   loss: 1.47428 | quality: 0.30502
Epoch 1 | Train: loss: 0.55257 | quality: 0.70471
        | Val:   loss: 0.55098 | quality: 0.68726
 *
Epoch 2 | Train: loss: 0.48363 | quality: 0.70471
        | Val:   loss: 0.49836 | quality: 0.68726

Epoch 3 | Train: loss: 0.42839 | quality: 0.70471
        | Val:   loss: 0.44729 | quality: 0.68726

Epoch 4 | Train: loss: 0.40377 | quality: 0.70471
        | Val:   loss: 0.42716 | quality: 0.68726

Epoch 5 | Train: loss: 0.38224 | quality: 0.70471
        | Val:   loss: 0.40794 | quality: 0.68726

Epoch 6 | Train: loss: 0.37490 | quality: 0.70471
        | Val:   loss: 0.39985 | quality: 0.68726

Epoch 7 | Train: loss: 0.36514 | quality: 0.70471
        | Val:   loss: 0.39282 | quality: 0.68726

Epoch 8 | Train: loss: 0.35379 | quality: 0.70471
        | Val:   loss: 0.38208 | quality: 0.68726

Epoch 9 | Train: loss: 0.34526 | quality: 0.70471
        | Val:   loss: 0.37444 | quality: 0.68726

Epoch 10 | Train: loss: 0.34157 | quality: 0.70471
        | Val:   loss: 0.37188 | quality: 0.68726

Epoch 11 | Train: loss: 0.33934 | quality: 0.70471
        | Val:   loss: 0.37014 | quality: 0.68726


⏸ Early stopping at epoch 11 (best was epoch 1)
[2026-05-01 19:00:11,389][__main__][INFO] - ✓ DONE TNML_F/car_evaluation/NTN L=3 bd=8 seed=47311 -> /zhome/6b/e/212868/GTN/outputs/ntn/car_evaluation/TNML_F_rg5_init0.1/L3_bd8_seed47311 | val=0.6873
[2026-05-01 19:00:11,394][HYDRA] 	#24 : model.L=3 model.bond_dim=8 seed=47303 trainer.ridge=5 trainer.ridge_decay=0.25 trainer.ridge_min=0.0001 +experiment=uci_ntn_sweep model=tnml_f dataset=car_evaluation
[2026-05-01 19:00:11,555][__main__][INFO] - ▶ RUN TNML_F/car_evaluation/NTN L=3 bd=8 seed=47303 -> /zhome/6b/e/212868/GTN/outputs/ntn/car_evaluation/TNML_F_rg5_init0.1/L3_bd8_seed47303
Starting Fit: 20 epochs.
Sweep Order: ['Node0', 'Node1', 'Node2', 'Node3', 'Node4', 'Node5', 'Node6', 'Node7', 'Node8', 'Node9', 'Node10', 'Node11', 'Node12', 'Node13', 'Node14', 'Node15', 'Node16', 'Node17', 'Node18', 'Node19', 'Node20', 'Node21', 'Node22', 'Node23', 'Node24', 'Node25', 'Node26', 'Node25', 'Node24', 'Node23', 'Node22', 'Node21', 'Node20', 'Node19', 'Node18', 'Node17', 'Node16', 'Node15', 'Node14', 'Node13', 'Node12', 'Node11', 'Node10', 'Node9', 'Node8', 'Node7', 'Node6', 'Node5', 'Node4', 'Node3', 'Node2', 'Node1']
Validation: Using separate validation set for best model selection
Early stopping: patience=10, min_delta=0.001
Init    | Train: loss: 1.55908 | quality: 0.33912
        | Val:   loss: 1.49435 | quality: 0.32819
Epoch 1 | Train: loss: 0.59264 | quality: 0.70471
        | Val:   loss: 0.59200 | quality: 0.68726
 *
Epoch 2 | Train: loss: 0.47661 | quality: 0.70471
        | Val:   loss: 0.49389 | quality: 0.68726

Epoch 3 | Train: loss: 0.42848 | quality: 0.70471
        | Val:   loss: 0.44860 | quality: 0.68726

Epoch 4 | Train: loss: 0.40699 | quality: 0.70471
        | Val:   loss: 0.42971 | quality: 0.68726

Epoch 5 | Train: loss: 0.37856 | quality: 0.70471
        | Val:   loss: 0.40470 | quality: 0.68726

Epoch 6 | Train: loss: 0.36405 | quality: 0.70471
        | Val:   loss: 0.39155 | quality: 0.68726

Epoch 7 | Train: loss: 0.36284 | quality: 0.70471
        | Val:   loss: 0.39148 | quality: 0.68726

Epoch 8 | Train: loss: 0.34613 | quality: 0.70471
        | Val:   loss: 0.37571 | quality: 0.68726

Epoch 9 | Train: loss: 0.34030 | quality: 0.70471
        | Val:   loss: 0.37090 | quality: 0.68726

Epoch 10 | Train: loss: 0.33696 | quality: 0.70471
        | Val:   loss: 0.36803 | quality: 0.68726

Epoch 11 | Train: loss: 0.33604 | quality: 0.70471
        | Val:   loss: 0.36695 | quality: 0.68726


⏸ Early stopping at epoch 11 (best was epoch 1)
[2026-05-01 19:00:35,932][__main__][INFO] - ✓ DONE TNML_F/car_evaluation/NTN L=3 bd=8 seed=47303 -> /zhome/6b/e/212868/GTN/outputs/ntn/car_evaluation/TNML_F_rg5_init0.1/L3_bd8_seed47303 | val=0.6873
[2026-05-01 19:00:35,935][HYDRA] 	#25 : model.L=3 model.bond_dim=4 seed=42 trainer.ridge=5 trainer.ridge_decay=0.25 trainer.ridge_min=0.0001 +experiment=uci_ntn_sweep model=tnml_f dataset=car_evaluation
[2026-05-01 19:00:36,087][__main__][INFO] - ▶ RUN TNML_F/car_evaluation/NTN L=3 bd=4 seed=42 -> /zhome/6b/e/212868/GTN/outputs/ntn/car_evaluation/TNML_F_rg5_init0.1/L3_bd4_seed42
Starting Fit: 20 epochs.
Sweep Order: ['Node0', 'Node1', 'Node2', 'Node3', 'Node4', 'Node5', 'Node6', 'Node7', 'Node8', 'Node9', 'Node10', 'Node11', 'Node12', 'Node13', 'Node14', 'Node15', 'Node16', 'Node17', 'Node18', 'Node19', 'Node20', 'Node21', 'Node22', 'Node23', 'Node24', 'Node25', 'Node26', 'Node25', 'Node24', 'Node23', 'Node22', 'Node21', 'Node20', 'Node19', 'Node18', 'Node17', 'Node16', 'Node15', 'Node14', 'Node13', 'Node12', 'Node11', 'Node10', 'Node9', 'Node8', 'Node7', 'Node6', 'Node5', 'Node4', 'Node3', 'Node2', 'Node1']
Validation: Using separate validation set for best model selection
Early stopping: patience=10, min_delta=0.001
Init    | Train: loss: 1.38723 | quality: 0.12076
        | Val:   loss: 1.38646 | quality: 0.09653
Epoch 1 | Train: loss: 1.33589 | quality: 0.19686
        | Val:   loss: 1.34931 | quality: 0.19305
 *
Epoch 2 | Train: loss: 1.30274 | quality: 0.19686
        | Val:   loss: 1.32264 | quality: 0.19305

Epoch 3 | Train: loss: 1.19630 | quality: 0.55997
        | Val:   loss: 1.18995 | quality: 0.52896
 *
Epoch 4 | Train: loss: 1.05112 | quality: 0.55666
        | Val:   loss: 1.06614 | quality: 0.54440
 *
Epoch 5 | Train: loss: 0.80355 | quality: 0.55666
        | Val:   loss: 0.80798 | quality: 0.54440

Epoch 6 | Train: loss: 0.73491 | quality: 0.55666
        | Val:   loss: 0.75229 | quality: 0.54440

Epoch 7 | Train: loss: 0.58798 | quality: 0.66005
        | Val:   loss: 0.61033 | quality: 0.64865
 *
Epoch 8 | Train: loss: 0.52759 | quality: 0.70471
        | Val:   loss: 0.57576 | quality: 0.68726
 *
Epoch 9 | Train: loss: 0.41503 | quality: 0.70471
        | Val:   loss: 0.44543 | quality: 0.68726

Epoch 10 | Train: loss: 0.39395 | quality: 0.70471
        | Val:   loss: 0.42282 | quality: 0.68726

Epoch 11 | Train: loss: 0.37521 | quality: 0.70471
        | Val:   loss: 0.40378 | quality: 0.68726

Epoch 12 | Train: loss: 0.36047 | quality: 0.70471
        | Val:   loss: 0.39140 | quality: 0.68726

Epoch 13 | Train: loss: 0.35119 | quality: 0.70471
        | Val:   loss: 0.37893 | quality: 0.68726

Epoch 14 | Train: loss: 0.34542 | quality: 0.70471
        | Val:   loss: 0.37357 | quality: 0.68726

Epoch 15 | Train: loss: 0.34275 | quality: 0.70471
        | Val:   loss: 0.37039 | quality: 0.68726

Epoch 16 | Train: loss: 0.34412 | quality: 0.70471
        | Val:   loss: 0.37104 | quality: 0.68726

Epoch 17 | Train: loss: 0.34731 | quality: 0.70471
        | Val:   loss: 0.37387 | quality: 0.68726

Epoch 18 | Train: loss: 0.34902 | quality: 0.70471
        | Val:   loss: 0.37494 | quality: 0.68726


⏸ Early stopping at epoch 18 (best was epoch 8)
[2026-05-01 19:01:10,176][__main__][INFO] - ✓ DONE TNML_F/car_evaluation/NTN L=3 bd=4 seed=42 -> /zhome/6b/e/212868/GTN/outputs/ntn/car_evaluation/TNML_F_rg5_init0.1/L3_bd4_seed42 | val=0.6873
[2026-05-01 19:01:10,179][HYDRA] 	#26 : model.L=3 model.bond_dim=4 seed=10090 trainer.ridge=5 trainer.ridge_decay=0.25 trainer.ridge_min=0.0001 +experiment=uci_ntn_sweep model=tnml_f dataset=car_evaluation
[2026-05-01 19:01:10,355][__main__][INFO] - ▶ RUN TNML_F/car_evaluation/NTN L=3 bd=4 seed=10090 -> /zhome/6b/e/212868/GTN/outputs/ntn/car_evaluation/TNML_F_rg5_init0.1/L3_bd4_seed10090
Starting Fit: 20 epochs.
Sweep Order: ['Node0', 'Node1', 'Node2', 'Node3', 'Node4', 'Node5', 'Node6', 'Node7', 'Node8', 'Node9', 'Node10', 'Node11', 'Node12', 'Node13', 'Node14', 'Node15', 'Node16', 'Node17', 'Node18', 'Node19', 'Node20', 'Node21', 'Node22', 'Node23', 'Node24', 'Node25', 'Node26', 'Node25', 'Node24', 'Node23', 'Node22', 'Node21', 'Node20', 'Node19', 'Node18', 'Node17', 'Node16', 'Node15', 'Node14', 'Node13', 'Node12', 'Node11', 'Node10', 'Node9', 'Node8', 'Node7', 'Node6', 'Node5', 'Node4', 'Node3', 'Node2', 'Node1']
Validation: Using separate validation set for best model selection
Early stopping: patience=10, min_delta=0.001
Init    | Train: loss: 1.39190 | quality: 0.14557
        | Val:   loss: 1.39456 | quality: 0.10039
Epoch 1 | Train: loss: 0.96894 | quality: 0.70471
        | Val:   loss: 0.98663 | quality: 0.68726
 *
Epoch 2 | Train: loss: 0.58454 | quality: 0.70471
        | Val:   loss: 0.60482 | quality: 0.68726

Epoch 3 | Train: loss: 0.47839 | quality: 0.70471
        | Val:   loss: 0.50119 | quality: 0.68726

Epoch 4 | Train: loss: 0.43046 | quality: 0.70471
        | Val:   loss: 0.45279 | quality: 0.68726

Epoch 5 | Train: loss: 0.39820 | quality: 0.70471
        | Val:   loss: 0.42225 | quality: 0.68726

Epoch 6 | Train: loss: 0.38095 | quality: 0.70471
        | Val:   loss: 0.40746 | quality: 0.68726

Epoch 7 | Train: loss: 0.36636 | quality: 0.70471
        | Val:   loss: 0.39435 | quality: 0.68726

Epoch 8 | Train: loss: 0.35769 | quality: 0.70471
        | Val:   loss: 0.38583 | quality: 0.68726

Epoch 9 | Train: loss: 0.35225 | quality: 0.70471
        | Val:   loss: 0.38298 | quality: 0.68726

Epoch 10 | Train: loss: 0.34789 | quality: 0.70471
        | Val:   loss: 0.37679 | quality: 0.68726

Epoch 11 | Train: loss: 0.34696 | quality: 0.70471
        | Val:   loss: 0.37421 | quality: 0.68726


⏸ Early stopping at epoch 11 (best was epoch 1)
[2026-05-01 19:01:31,572][__main__][INFO] - ✓ DONE TNML_F/car_evaluation/NTN L=3 bd=4 seed=10090 -> /zhome/6b/e/212868/GTN/outputs/ntn/car_evaluation/TNML_F_rg5_init0.1/L3_bd4_seed10090 | val=0.6873
[2026-05-01 19:01:31,574][HYDRA] 	#27 : model.L=3 model.bond_dim=4 seed=32874 trainer.ridge=5 trainer.ridge_decay=0.25 trainer.ridge_min=0.0001 +experiment=uci_ntn_sweep model=tnml_f dataset=car_evaluation
[2026-05-01 19:01:31,727][__main__][INFO] - ▶ RUN TNML_F/car_evaluation/NTN L=3 bd=4 seed=32874 -> /zhome/6b/e/212868/GTN/outputs/ntn/car_evaluation/TNML_F_rg5_init0.1/L3_bd4_seed32874
Starting Fit: 20 epochs.
Sweep Order: ['Node0', 'Node1', 'Node2', 'Node3', 'Node4', 'Node5', 'Node6', 'Node7', 'Node8', 'Node9', 'Node10', 'Node11', 'Node12', 'Node13', 'Node14', 'Node15', 'Node16', 'Node17', 'Node18', 'Node19', 'Node20', 'Node21', 'Node22', 'Node23', 'Node24', 'Node25', 'Node26', 'Node25', 'Node24', 'Node23', 'Node22', 'Node21', 'Node20', 'Node19', 'Node18', 'Node17', 'Node16', 'Node15', 'Node14', 'Node13', 'Node12', 'Node11', 'Node10', 'Node9', 'Node8', 'Node7', 'Node6', 'Node5', 'Node4', 'Node3', 'Node2', 'Node1']
Validation: Using separate validation set for best model selection
Early stopping: patience=10, min_delta=0.001
Init    | Train: loss: 1.48530 | quality: 0.41108
        | Val:   loss: 1.46332 | quality: 0.40541
Epoch 1 | Train: loss: 1.18516 | quality: 0.51613
        | Val:   loss: 1.23812 | quality: 0.48263
 *
Epoch 2 | Train: loss: 0.53309 | quality: 0.70471
        | Val:   loss: 0.55288 | quality: 0.68726
 *
Epoch 3 | Train: loss: 0.47735 | quality: 0.70471
        | Val:   loss: 0.49594 | quality: 0.68726

Epoch 4 | Train: loss: 0.42599 | quality: 0.70471
        | Val:   loss: 0.44643 | quality: 0.68726

Epoch 5 | Train: loss: 0.40473 | quality: 0.70471
        | Val:   loss: 0.42798 | quality: 0.68726

Epoch 6 | Train: loss: 0.37749 | quality: 0.70471
        | Val:   loss: 0.40328 | quality: 0.68726

Epoch 7 | Train: loss: 0.36303 | quality: 0.70471
        | Val:   loss: 0.39092 | quality: 0.68726

Epoch 8 | Train: loss: 0.35282 | quality: 0.70471
        | Val:   loss: 0.38200 | quality: 0.68726

Epoch 9 | Train: loss: 0.34382 | quality: 0.70471
        | Val:   loss: 0.37510 | quality: 0.68726

Epoch 10 | Train: loss: 0.34093 | quality: 0.70471
        | Val:   loss: 0.37193 | quality: 0.68726

Epoch 11 | Train: loss: 0.33924 | quality: 0.70471
        | Val:   loss: 0.37004 | quality: 0.68726

Epoch 12 | Train: loss: 0.33816 | quality: 0.70471
        | Val:   loss: 0.36906 | quality: 0.68726


⏸ Early stopping at epoch 12 (best was epoch 2)
[2026-05-01 19:01:54,869][__main__][INFO] - ✓ DONE TNML_F/car_evaluation/NTN L=3 bd=4 seed=32874 -> /zhome/6b/e/212868/GTN/outputs/ntn/car_evaluation/TNML_F_rg5_init0.1/L3_bd4_seed32874 | val=0.6873
[2026-05-01 19:01:54,872][HYDRA] 	#28 : model.L=3 model.bond_dim=4 seed=47311 trainer.ridge=5 trainer.ridge_decay=0.25 trainer.ridge_min=0.0001 +experiment=uci_ntn_sweep model=tnml_f dataset=car_evaluation
[2026-05-01 19:01:55,033][__main__][INFO] - ▶ RUN TNML_F/car_evaluation/NTN L=3 bd=4 seed=47311 -> /zhome/6b/e/212868/GTN/outputs/ntn/car_evaluation/TNML_F_rg5_init0.1/L3_bd4_seed47311
Starting Fit: 20 epochs.
Sweep Order: ['Node0', 'Node1', 'Node2', 'Node3', 'Node4', 'Node5', 'Node6', 'Node7', 'Node8', 'Node9', 'Node10', 'Node11', 'Node12', 'Node13', 'Node14', 'Node15', 'Node16', 'Node17', 'Node18', 'Node19', 'Node20', 'Node21', 'Node22', 'Node23', 'Node24', 'Node25', 'Node26', 'Node25', 'Node24', 'Node23', 'Node22', 'Node21', 'Node20', 'Node19', 'Node18', 'Node17', 'Node16', 'Node15', 'Node14', 'Node13', 'Node12', 'Node11', 'Node10', 'Node9', 'Node8', 'Node7', 'Node6', 'Node5', 'Node4', 'Node3', 'Node2', 'Node1']
Validation: Using separate validation set for best model selection
Early stopping: patience=10, min_delta=0.001
Init    | Train: loss: 1.38846 | quality: 0.29363
        | Val:   loss: 1.39214 | quality: 0.25097
Epoch 1 | Train: loss: 1.29093 | quality: 0.36807
        | Val:   loss: 1.34470 | quality: 0.31274
 *
Epoch 2 | Train: loss: 1.17829 | quality: 0.55666
        | Val:   loss: 1.25401 | quality: 0.49807
 *
Epoch 3 | Train: loss: 1.14738 | quality: 0.55666
        | Val:   loss: 1.24123 | quality: 0.49807

Epoch 4 | Train: loss: 1.13540 | quality: 0.55666
        | Val:   loss: 1.22898 | quality: 0.49807

Epoch 5 | Train: loss: 1.12650 | quality: 0.55666
        | Val:   loss: 1.21670 | quality: 0.49807

Epoch 6 | Train: loss: 1.11482 | quality: 0.55666
        | Val:   loss: 1.19802 | quality: 0.49807

Epoch 7 | Train: loss: 1.10892 | quality: 0.55666
        | Val:   loss: 1.18628 | quality: 0.49807

Epoch 8 | Train: loss: 1.10346 | quality: 0.55666
        | Val:   loss: 1.17490 | quality: 0.49807

Epoch 9 | Train: loss: 1.09850 | quality: 0.55666
        | Val:   loss: 1.16572 | quality: 0.49807

Epoch 10 | Train: loss: 1.09457 | quality: 0.55666
        | Val:   loss: 1.15895 | quality: 0.49807

Epoch 11 | Train: loss: 1.09192 | quality: 0.55666
        | Val:   loss: 1.15390 | quality: 0.49807

Epoch 12 | Train: loss: 1.08996 | quality: 0.55666
        | Val:   loss: 1.14914 | quality: 0.49807


⏸ Early stopping at epoch 12 (best was epoch 2)
[2026-05-01 19:02:19,038][__main__][INFO] - ✓ DONE TNML_F/car_evaluation/NTN L=3 bd=4 seed=47311 -> /zhome/6b/e/212868/GTN/outputs/ntn/car_evaluation/TNML_F_rg5_init0.1/L3_bd4_seed47311 | val=0.4981
[2026-05-01 19:02:19,041][HYDRA] 	#29 : model.L=3 model.bond_dim=4 seed=47303 trainer.ridge=5 trainer.ridge_decay=0.25 trainer.ridge_min=0.0001 +experiment=uci_ntn_sweep model=tnml_f dataset=car_evaluation
[2026-05-01 19:02:19,231][__main__][INFO] - ▶ RUN TNML_F/car_evaluation/NTN L=3 bd=4 seed=47303 -> /zhome/6b/e/212868/GTN/outputs/ntn/car_evaluation/TNML_F_rg5_init0.1/L3_bd4_seed47303
Starting Fit: 20 epochs.
Sweep Order: ['Node0', 'Node1', 'Node2', 'Node3', 'Node4', 'Node5', 'Node6', 'Node7', 'Node8', 'Node9', 'Node10', 'Node11', 'Node12', 'Node13', 'Node14', 'Node15', 'Node16', 'Node17', 'Node18', 'Node19', 'Node20', 'Node21', 'Node22', 'Node23', 'Node24', 'Node25', 'Node26', 'Node25', 'Node24', 'Node23', 'Node22', 'Node21', 'Node20', 'Node19', 'Node18', 'Node17', 'Node16', 'Node15', 'Node14', 'Node13', 'Node12', 'Node11', 'Node10', 'Node9', 'Node8', 'Node7', 'Node6', 'Node5', 'Node4', 'Node3', 'Node2', 'Node1']
Validation: Using separate validation set for best model selection
Early stopping: patience=10, min_delta=0.001
Init    | Train: loss: 1.38801 | quality: 0.16625
        | Val:   loss: 1.38762 | quality: 0.21236
Epoch 1 | Train: loss: 1.00725 | quality: 0.70471
        | Val:   loss: 0.99414 | quality: 0.68726
 *
Epoch 2 | Train: loss: 0.58780 | quality: 0.70471
        | Val:   loss: 0.60656 | quality: 0.68726

Epoch 3 | Train: loss: 0.48178 | quality: 0.70471
        | Val:   loss: 0.50531 | quality: 0.68726

Epoch 4 | Train: loss: 0.43006 | quality: 0.70471
        | Val:   loss: 0.45211 | quality: 0.68726

Epoch 5 | Train: loss: 0.40942 | quality: 0.70471
        | Val:   loss: 0.43051 | quality: 0.68726

Epoch 6 | Train: loss: 0.38718 | quality: 0.70471
        | Val:   loss: 0.41019 | quality: 0.68726

Epoch 7 | Train: loss: 0.37412 | quality: 0.70471
        | Val:   loss: 0.39952 | quality: 0.68726

Epoch 8 | Train: loss: 0.36437 | quality: 0.70471
        | Val:   loss: 0.39217 | quality: 0.68726

Epoch 9 | Train: loss: 0.35805 | quality: 0.70471
        | Val:   loss: 0.38549 | quality: 0.68726

Epoch 10 | Train: loss: 0.35423 | quality: 0.70471
        | Val:   loss: 0.38083 | quality: 0.68726

Epoch 11 | Train: loss: 0.35125 | quality: 0.70471
        | Val:   loss: 0.37766 | quality: 0.68726


⏸ Early stopping at epoch 11 (best was epoch 1)
[2026-05-01 19:02:41,407][__main__][INFO] - ✓ DONE TNML_F/car_evaluation/NTN L=3 bd=4 seed=47303 -> /zhome/6b/e/212868/GTN/outputs/ntn/car_evaluation/TNML_F_rg5_init0.1/L3_bd4_seed47303 | val=0.6873

------------------------------------------------------------
Sender: LSF System <lsfadmin@hpc.dtu.dk>
Subject: Job 28335042[59]: <ntn_grid_full[1-150]%20> in cluster <dcc> Done

Job <ntn_grid_full[1-150]%20> was submitted from host <hpclogin1> by user <nicci> in cluster <dcc> at Fri May  1 15:11:22 2026
Job was executed on host(s) <4*n-62-12-8>, in queue <hpc>, as user <nicci> in cluster <dcc> at Fri May  1 18:48:23 2026
</zhome/6b/e/212868> was used as the home directory.
</zhome/6b/e/212868/GTN> was used as the working directory.
Started at Fri May  1 18:48:23 2026
Terminated at Fri May  1 19:02:54 2026
Results reported at Fri May  1 19:02:54 2026

Your job looked like:

------------------------------------------------------------
# LSBATCH: User input
#!/bin/bash
#BSUB -q hpc
#BSUB -J "ntn_grid_full[1-150]%20"
#BSUB -W 8:00
#BSUB -n 4
#BSUB -R "rusage[mem=750MB]"
#BSUB -R "span[hosts=1]"
#BSUB -o logs/%J_%I.out
#BSUB -e logs/%J_%I.err

MODELS=("cpda" "cpda_typei" "lmpo2" "lmpo2_typei" "mpo2" "mpo2_typei" "mmpo2" "mmpo2_typei" "tnml_f" "tnml_p")

DATASETS=(
    "abalone" "adult" "ai4i" "appliances" "bank" "bike" "breast"
    "car_evaluation" "concrete" "energy_efficiency" "hearth"
    "iris" "mushrooms" "obesity" "popularity" "realstate"
    "seoulBike" "student_dropout" "student_perf" "wine"
    "winequalityc"
)

COMPLETED_DATASETS=(
    "abalone" "bike" "concrete" "energy_efficiency"
    "iris" "realstate" )

# Filter datasets
FILTERED_DATASETS=()
for ds in "${DATASETS[@]}"; do
    skip=false
    for completed in "${COMPLETED_DATASETS[@]}"; do
        if [[ "$ds" == "$completed" ]]; then
            skip=true
            break
        fi
    done

    if ! $skip; then
        FILTERED_DATASETS+=("$ds")
    fi
done

DATASETS=("${FILTERED_DATASETS[@]}")

NUM_MODELS=${#MODELS[@]}
NUM_DATASETS=${#DATASETS[@]}
NUM_EXPERIMENTS=$((NUM_DATASETS * NUM_MODELS))

if [ "$1" == "test" ]; then
    echo "SIMULATING ARRAY:"
    echo "-----------------"


(... more ...)
------------------------------------------------------------

Successfully completed.

Resource usage summary:

    CPU time :                                   2981.00 sec.
    Max Memory :                                 617 MB
    Average Memory :                             414.50 MB
    Total Requested Memory :                     3000.00 MB
    Delta Memory :                               2383.00 MB
    Max Swap :                                   -
    Max Processes :                              10
    Max Threads :                                37
    Run time :                                   871 sec.
    Turnaround time :                            13892 sec.

The output (if any) is above this job summary.



PS:

Read file <logs/28335042_59.err> for stderr output of this job.

