Task 95: Dataset=popularity, Model=mpo2, Experiment=uci_ntn_sweep
[2026-05-03 07:24:07,226][HYDRA] Launching 30 jobs locally
[2026-05-03 07:24:07,226][HYDRA] 	#0 : model.L=4 model.bond_dim=12 seed=42 trainer.ridge=5 trainer.ridge_decay=0.25 trainer.ridge_min=0.0001 +experiment=uci_ntn_sweep model=mpo2 dataset=popularity
[2026-05-03 07:24:07,714][utils.tracking][INFO] - Loaded 17971 tracked runs from runs_tracking.csv
[2026-05-03 07:24:07,716][__main__][INFO] - ⏭ SKIP MPO2/popularity/NTN L=4 bd=12 seed=42 -> /zhome/6b/e/212868/GTN/outputs/ntn/popularity/MPO2_rg5_init0.1/L4_bd12_seed42 | already completed successfully (val_quality=-0.1470231150236092) val=-0.1470
[2026-05-03 07:24:07,718][HYDRA] 	#1 : model.L=4 model.bond_dim=12 seed=10090 trainer.ridge=5 trainer.ridge_decay=0.25 trainer.ridge_min=0.0001 +experiment=uci_ntn_sweep model=mpo2 dataset=popularity
[2026-05-03 07:24:07,875][__main__][INFO] - ⏭ SKIP MPO2/popularity/NTN L=4 bd=12 seed=10090 -> /zhome/6b/e/212868/GTN/outputs/ntn/popularity/MPO2_rg5_init0.1/L4_bd12_seed10090 | already completed successfully (val_quality=-0.0828488968388367) val=-0.0828
[2026-05-03 07:24:07,877][HYDRA] 	#2 : model.L=4 model.bond_dim=12 seed=32874 trainer.ridge=5 trainer.ridge_decay=0.25 trainer.ridge_min=0.0001 +experiment=uci_ntn_sweep model=mpo2 dataset=popularity
[2026-05-03 07:24:08,038][__main__][INFO] - ⏭ SKIP MPO2/popularity/NTN L=4 bd=12 seed=32874 -> /zhome/6b/e/212868/GTN/outputs/ntn/popularity/MPO2_rg5_init0.1/L4_bd12_seed32874 | already completed successfully (val_quality=-0.0753984254204422) val=-0.0754
[2026-05-03 07:24:08,040][HYDRA] 	#3 : model.L=4 model.bond_dim=12 seed=47311 trainer.ridge=5 trainer.ridge_decay=0.25 trainer.ridge_min=0.0001 +experiment=uci_ntn_sweep model=mpo2 dataset=popularity
[2026-05-03 07:24:08,193][__main__][INFO] - ⏭ SKIP MPO2/popularity/NTN L=4 bd=12 seed=47311 -> /zhome/6b/e/212868/GTN/outputs/ntn/popularity/MPO2_rg5_init0.1/L4_bd12_seed47311 | already completed successfully (val_quality=-0.1844870126334787) val=-0.1845
[2026-05-03 07:24:08,195][HYDRA] 	#4 : model.L=4 model.bond_dim=12 seed=47303 trainer.ridge=5 trainer.ridge_decay=0.25 trainer.ridge_min=0.0001 +experiment=uci_ntn_sweep model=mpo2 dataset=popularity
[2026-05-03 07:24:08,348][__main__][INFO] - ⏭ SKIP MPO2/popularity/NTN L=4 bd=12 seed=47303 -> /zhome/6b/e/212868/GTN/outputs/ntn/popularity/MPO2_rg5_init0.1/L4_bd12_seed47303 | already completed successfully (val_quality=-0.1545154232618115) val=-0.1545
[2026-05-03 07:24:08,350][HYDRA] 	#5 : model.L=4 model.bond_dim=8 seed=42 trainer.ridge=5 trainer.ridge_decay=0.25 trainer.ridge_min=0.0001 +experiment=uci_ntn_sweep model=mpo2 dataset=popularity
[2026-05-03 07:24:08,504][__main__][INFO] - ⏭ SKIP MPO2/popularity/NTN L=4 bd=8 seed=42 -> /zhome/6b/e/212868/GTN/outputs/ntn/popularity/MPO2_rg5_init0.1/L4_bd8_seed42 | already completed successfully (val_quality=-0.0932823085340956) val=-0.0933
[2026-05-03 07:24:08,505][HYDRA] 	#6 : model.L=4 model.bond_dim=8 seed=10090 trainer.ridge=5 trainer.ridge_decay=0.25 trainer.ridge_min=0.0001 +experiment=uci_ntn_sweep model=mpo2 dataset=popularity
[2026-05-03 07:24:08,662][__main__][INFO] - ⏭ SKIP MPO2/popularity/NTN L=4 bd=8 seed=10090 -> /zhome/6b/e/212868/GTN/outputs/ntn/popularity/MPO2_rg5_init0.1/L4_bd8_seed10090 | already completed successfully (val_quality=-0.074509194892399) val=-0.0745
[2026-05-03 07:24:08,664][HYDRA] 	#7 : model.L=4 model.bond_dim=8 seed=32874 trainer.ridge=5 trainer.ridge_decay=0.25 trainer.ridge_min=0.0001 +experiment=uci_ntn_sweep model=mpo2 dataset=popularity
[2026-05-03 07:24:08,818][__main__][INFO] - ⏭ SKIP MPO2/popularity/NTN L=4 bd=8 seed=32874 -> /zhome/6b/e/212868/GTN/outputs/ntn/popularity/MPO2_rg5_init0.1/L4_bd8_seed32874 | already completed successfully (val_quality=-0.2148544908178566) val=-0.2149
[2026-05-03 07:24:08,820][HYDRA] 	#8 : model.L=4 model.bond_dim=8 seed=47311 trainer.ridge=5 trainer.ridge_decay=0.25 trainer.ridge_min=0.0001 +experiment=uci_ntn_sweep model=mpo2 dataset=popularity
[2026-05-03 07:24:08,987][__main__][INFO] - ⏭ SKIP MPO2/popularity/NTN L=4 bd=8 seed=47311 -> /zhome/6b/e/212868/GTN/outputs/ntn/popularity/MPO2_rg5_init0.1/L4_bd8_seed47311 | already completed successfully (val_quality=-0.0864306149291422) val=-0.0864
[2026-05-03 07:24:08,989][HYDRA] 	#9 : model.L=4 model.bond_dim=8 seed=47303 trainer.ridge=5 trainer.ridge_decay=0.25 trainer.ridge_min=0.0001 +experiment=uci_ntn_sweep model=mpo2 dataset=popularity
[2026-05-03 07:24:09,146][__main__][INFO] - ⏭ SKIP MPO2/popularity/NTN L=4 bd=8 seed=47303 -> /zhome/6b/e/212868/GTN/outputs/ntn/popularity/MPO2_rg5_init0.1/L4_bd8_seed47303 | already completed successfully (val_quality=-0.0920872134069743) val=-0.0921
[2026-05-03 07:24:09,150][HYDRA] 	#10 : model.L=4 model.bond_dim=4 seed=42 trainer.ridge=5 trainer.ridge_decay=0.25 trainer.ridge_min=0.0001 +experiment=uci_ntn_sweep model=mpo2 dataset=popularity
[2026-05-03 07:24:09,325][__main__][INFO] - ⏭ SKIP MPO2/popularity/NTN L=4 bd=4 seed=42 -> /zhome/6b/e/212868/GTN/outputs/ntn/popularity/MPO2_rg5_init0.1/L4_bd4_seed42 | already completed successfully (val_quality=-0.0285134615518563) val=-0.0285
[2026-05-03 07:24:09,327][HYDRA] 	#11 : model.L=4 model.bond_dim=4 seed=10090 trainer.ridge=5 trainer.ridge_decay=0.25 trainer.ridge_min=0.0001 +experiment=uci_ntn_sweep model=mpo2 dataset=popularity
[2026-05-03 07:24:09,482][__main__][INFO] - ⏭ SKIP MPO2/popularity/NTN L=4 bd=4 seed=10090 -> /zhome/6b/e/212868/GTN/outputs/ntn/popularity/MPO2_rg5_init0.1/L4_bd4_seed10090 | already completed successfully (val_quality=-0.0593597812601291) val=-0.0594
[2026-05-03 07:24:09,485][HYDRA] 	#12 : model.L=4 model.bond_dim=4 seed=32874 trainer.ridge=5 trainer.ridge_decay=0.25 trainer.ridge_min=0.0001 +experiment=uci_ntn_sweep model=mpo2 dataset=popularity
[2026-05-03 07:24:09,642][__main__][INFO] - ⏭ SKIP MPO2/popularity/NTN L=4 bd=4 seed=32874 -> /zhome/6b/e/212868/GTN/outputs/ntn/popularity/MPO2_rg5_init0.1/L4_bd4_seed32874 | already completed successfully (val_quality=-0.0637536604656423) val=-0.0638
[2026-05-03 07:24:09,644][HYDRA] 	#13 : model.L=4 model.bond_dim=4 seed=47311 trainer.ridge=5 trainer.ridge_decay=0.25 trainer.ridge_min=0.0001 +experiment=uci_ntn_sweep model=mpo2 dataset=popularity
[2026-05-03 07:24:09,802][__main__][INFO] - ⏭ SKIP MPO2/popularity/NTN L=4 bd=4 seed=47311 -> /zhome/6b/e/212868/GTN/outputs/ntn/popularity/MPO2_rg5_init0.1/L4_bd4_seed47311 | already completed successfully (val_quality=-0.0605413102937382) val=-0.0605
[2026-05-03 07:24:09,804][HYDRA] 	#14 : model.L=4 model.bond_dim=4 seed=47303 trainer.ridge=5 trainer.ridge_decay=0.25 trainer.ridge_min=0.0001 +experiment=uci_ntn_sweep model=mpo2 dataset=popularity
[2026-05-03 07:24:09,956][__main__][INFO] - ⏭ SKIP MPO2/popularity/NTN L=4 bd=4 seed=47303 -> /zhome/6b/e/212868/GTN/outputs/ntn/popularity/MPO2_rg5_init0.1/L4_bd4_seed47303 | already completed successfully (val_quality=-0.0601362137526335) val=-0.0601
[2026-05-03 07:24:09,958][HYDRA] 	#15 : model.L=3 model.bond_dim=12 seed=42 trainer.ridge=5 trainer.ridge_decay=0.25 trainer.ridge_min=0.0001 +experiment=uci_ntn_sweep model=mpo2 dataset=popularity
[2026-05-03 07:24:10,111][__main__][INFO] - ⏭ SKIP MPO2/popularity/NTN L=3 bd=12 seed=42 -> /zhome/6b/e/212868/GTN/outputs/ntn/popularity/MPO2_rg5_init0.1/L3_bd12_seed42 | already completed successfully (val_quality=-0.0616181325795164) val=-0.0616
[2026-05-03 07:24:10,113][HYDRA] 	#16 : model.L=3 model.bond_dim=12 seed=10090 trainer.ridge=5 trainer.ridge_decay=0.25 trainer.ridge_min=0.0001 +experiment=uci_ntn_sweep model=mpo2 dataset=popularity
[2026-05-03 07:24:10,266][__main__][INFO] - ⏭ SKIP MPO2/popularity/NTN L=3 bd=12 seed=10090 -> /zhome/6b/e/212868/GTN/outputs/ntn/popularity/MPO2_rg5_init0.1/L3_bd12_seed10090 | already completed successfully (val_quality=-0.0533338001087047) val=-0.0533
[2026-05-03 07:24:10,268][HYDRA] 	#17 : model.L=3 model.bond_dim=12 seed=32874 trainer.ridge=5 trainer.ridge_decay=0.25 trainer.ridge_min=0.0001 +experiment=uci_ntn_sweep model=mpo2 dataset=popularity
[2026-05-03 07:24:10,434][__main__][INFO] - ⏭ SKIP MPO2/popularity/NTN L=3 bd=12 seed=32874 -> /zhome/6b/e/212868/GTN/outputs/ntn/popularity/MPO2_rg5_init0.1/L3_bd12_seed32874 | already completed successfully (val_quality=-0.0583053419089272) val=-0.0583
[2026-05-03 07:24:10,436][HYDRA] 	#18 : model.L=3 model.bond_dim=12 seed=47311 trainer.ridge=5 trainer.ridge_decay=0.25 trainer.ridge_min=0.0001 +experiment=uci_ntn_sweep model=mpo2 dataset=popularity
[2026-05-03 07:24:10,591][__main__][INFO] - ⏭ SKIP MPO2/popularity/NTN L=3 bd=12 seed=47311 -> /zhome/6b/e/212868/GTN/outputs/ntn/popularity/MPO2_rg5_init0.1/L3_bd12_seed47311 | already completed successfully (val_quality=-0.0558561915755144) val=-0.0559
[2026-05-03 07:24:10,593][HYDRA] 	#19 : model.L=3 model.bond_dim=12 seed=47303 trainer.ridge=5 trainer.ridge_decay=0.25 trainer.ridge_min=0.0001 +experiment=uci_ntn_sweep model=mpo2 dataset=popularity
[2026-05-03 07:24:10,750][__main__][INFO] - ⏭ SKIP MPO2/popularity/NTN L=3 bd=12 seed=47303 -> /zhome/6b/e/212868/GTN/outputs/ntn/popularity/MPO2_rg5_init0.1/L3_bd12_seed47303 | already completed successfully (val_quality=-0.0610708765070058) val=-0.0611
[2026-05-03 07:24:10,752][HYDRA] 	#20 : model.L=3 model.bond_dim=8 seed=42 trainer.ridge=5 trainer.ridge_decay=0.25 trainer.ridge_min=0.0001 +experiment=uci_ntn_sweep model=mpo2 dataset=popularity
[2026-05-03 07:24:10,916][__main__][INFO] - ⏭ SKIP MPO2/popularity/NTN L=3 bd=8 seed=42 -> /zhome/6b/e/212868/GTN/outputs/ntn/popularity/MPO2_rg5_init0.1/L3_bd8_seed42 | already completed successfully (val_quality=-0.0602514859283633) val=-0.0603
[2026-05-03 07:24:10,918][HYDRA] 	#21 : model.L=3 model.bond_dim=8 seed=10090 trainer.ridge=5 trainer.ridge_decay=0.25 trainer.ridge_min=0.0001 +experiment=uci_ntn_sweep model=mpo2 dataset=popularity
[2026-05-03 07:24:11,071][__main__][INFO] - ⏭ SKIP MPO2/popularity/NTN L=3 bd=8 seed=10090 -> /zhome/6b/e/212868/GTN/outputs/ntn/popularity/MPO2_rg5_init0.1/L3_bd8_seed10090 | already completed successfully (val_quality=-0.0462001088892352) val=-0.0462
[2026-05-03 07:24:11,073][HYDRA] 	#22 : model.L=3 model.bond_dim=8 seed=32874 trainer.ridge=5 trainer.ridge_decay=0.25 trainer.ridge_min=0.0001 +experiment=uci_ntn_sweep model=mpo2 dataset=popularity
[2026-05-03 07:24:11,227][__main__][INFO] - ⏭ SKIP MPO2/popularity/NTN L=3 bd=8 seed=32874 -> /zhome/6b/e/212868/GTN/outputs/ntn/popularity/MPO2_rg5_init0.1/L3_bd8_seed32874 | already completed successfully (val_quality=-0.053257051085833) val=-0.0533
[2026-05-03 07:24:11,229][HYDRA] 	#23 : model.L=3 model.bond_dim=8 seed=47311 trainer.ridge=5 trainer.ridge_decay=0.25 trainer.ridge_min=0.0001 +experiment=uci_ntn_sweep model=mpo2 dataset=popularity
[2026-05-03 07:24:11,383][__main__][INFO] - ⏭ SKIP MPO2/popularity/NTN L=3 bd=8 seed=47311 -> /zhome/6b/e/212868/GTN/outputs/ntn/popularity/MPO2_rg5_init0.1/L3_bd8_seed47311 | already completed successfully (val_quality=-0.0591996253495448) val=-0.0592
[2026-05-03 07:24:11,385][HYDRA] 	#24 : model.L=3 model.bond_dim=8 seed=47303 trainer.ridge=5 trainer.ridge_decay=0.25 trainer.ridge_min=0.0001 +experiment=uci_ntn_sweep model=mpo2 dataset=popularity
[2026-05-03 07:24:11,539][__main__][INFO] - ⏭ SKIP MPO2/popularity/NTN L=3 bd=8 seed=47303 -> /zhome/6b/e/212868/GTN/outputs/ntn/popularity/MPO2_rg5_init0.1/L3_bd8_seed47303 | already completed successfully (val_quality=-0.0510243134666019) val=-0.0510
[2026-05-03 07:24:11,540][HYDRA] 	#25 : model.L=3 model.bond_dim=4 seed=42 trainer.ridge=5 trainer.ridge_decay=0.25 trainer.ridge_min=0.0001 +experiment=uci_ntn_sweep model=mpo2 dataset=popularity
[2026-05-03 07:24:11,696][__main__][INFO] - ⏭ SKIP MPO2/popularity/NTN L=3 bd=4 seed=42 -> /zhome/6b/e/212868/GTN/outputs/ntn/popularity/MPO2_rg5_init0.1/L3_bd4_seed42 | already completed successfully (val_quality=-0.0210002399406741) val=-0.0210
[2026-05-03 07:24:11,698][HYDRA] 	#26 : model.L=3 model.bond_dim=4 seed=10090 trainer.ridge=5 trainer.ridge_decay=0.25 trainer.ridge_min=0.0001 +experiment=uci_ntn_sweep model=mpo2 dataset=popularity
[2026-05-03 07:24:11,852][__main__][INFO] - ⏭ SKIP MPO2/popularity/NTN L=3 bd=4 seed=10090 -> /zhome/6b/e/212868/GTN/outputs/ntn/popularity/MPO2_rg5_init0.1/L3_bd4_seed10090 | already completed successfully (val_quality=-0.0563415747354294) val=-0.0563
[2026-05-03 07:24:11,853][HYDRA] 	#27 : model.L=3 model.bond_dim=4 seed=32874 trainer.ridge=5 trainer.ridge_decay=0.25 trainer.ridge_min=0.0001 +experiment=uci_ntn_sweep model=mpo2 dataset=popularity
[2026-05-03 07:24:12,270][__main__][INFO] - ⏭ SKIP MPO2/popularity/NTN L=3 bd=4 seed=32874 -> /zhome/6b/e/212868/GTN/outputs/ntn/popularity/MPO2_rg5_init0.1/L3_bd4_seed32874 | already completed successfully (val_quality=-0.0600175171123582) val=-0.0600
[2026-05-03 07:24:12,272][HYDRA] 	#28 : model.L=3 model.bond_dim=4 seed=47311 trainer.ridge=5 trainer.ridge_decay=0.25 trainer.ridge_min=0.0001 +experiment=uci_ntn_sweep model=mpo2 dataset=popularity
[2026-05-03 07:24:12,423][__main__][INFO] - ⏭ SKIP MPO2/popularity/NTN L=3 bd=4 seed=47311 -> /zhome/6b/e/212868/GTN/outputs/ntn/popularity/MPO2_rg5_init0.1/L3_bd4_seed47311 | already completed successfully (val_quality=-0.0363487545968974) val=-0.0363
[2026-05-03 07:24:12,425][HYDRA] 	#29 : model.L=3 model.bond_dim=4 seed=47303 trainer.ridge=5 trainer.ridge_decay=0.25 trainer.ridge_min=0.0001 +experiment=uci_ntn_sweep model=mpo2 dataset=popularity
[2026-05-03 07:24:12,576][__main__][INFO] - ⏭ SKIP MPO2/popularity/NTN L=3 bd=4 seed=47303 -> /zhome/6b/e/212868/GTN/outputs/ntn/popularity/MPO2_rg5_init0.1/L3_bd4_seed47303 | already completed successfully (val_quality=-0.0295418256270421) val=-0.0295

------------------------------------------------------------
Sender: LSF System <lsfadmin@hpc.dtu.dk>
Subject: Job 28339356[95]: <ntn_grid_full[1-150]%20> in cluster <dcc> Done

Job <ntn_grid_full[1-150]%20> was submitted from host <hpclogin1> by user <nicci> in cluster <dcc> at Sun May  3 07:01:17 2026
Job was executed on host(s) <6*n-62-31-8>, in queue <hpc>, as user <nicci> in cluster <dcc> at Sun May  3 07:23:56 2026
</zhome/6b/e/212868> was used as the home directory.
</zhome/6b/e/212868/GTN> was used as the working directory.
Started at Sun May  3 07:23:56 2026
Terminated at Sun May  3 07:24:13 2026
Results reported at Sun May  3 07:24:13 2026

Your job looked like:

------------------------------------------------------------
# LSBATCH: User input
#!/bin/bash
#BSUB -q hpc
#BSUB -J "ntn_grid_full[1-150]%20"
#BSUB -W 8:00
#BSUB -n 6
#BSUB -R "rusage[mem=750MB]"
#BSUB -R "span[hosts=1]"
#BSUB -o logs/%J_%I.out
#BSUB -e logs/%J_%I.err

MODELS=("cpda" "cpda_typei" "lmpo2" "lmpo2_typei" "mpo2" "mpo2_typei" "mmpo2" "mmpo2_typei" "tnml_f" "tnml_p")

DATASETS=(
    "abalone" "adult" "ai4i" "appliances" "bank" "bike" "breast"
    "car_evaluation" "concrete" "energy_efficiency" "hearth"
    "iris" "mushrooms" "obesity" "popularity" "realstate"
    "seoulBike" "student_dropout" "student_perf" "wine"
    "winequalityc"
)

COMPLETED_DATASETS=(
    "abalone" "bike" "concrete" "energy_efficiency"
    "iris" "realstate" )

# Filter datasets
FILTERED_DATASETS=()
for ds in "${DATASETS[@]}"; do
    skip=false
    for completed in "${COMPLETED_DATASETS[@]}"; do
        if [[ "$ds" == "$completed" ]]; then
            skip=true
            break
        fi
    done

    if ! $skip; then
        FILTERED_DATASETS+=("$ds")
    fi
done

DATASETS=("${FILTERED_DATASETS[@]}")

NUM_MODELS=${#MODELS[@]}
NUM_DATASETS=${#DATASETS[@]}
NUM_EXPERIMENTS=$((NUM_DATASETS * NUM_MODELS))

if [ "$1" == "test" ]; then
    echo "SIMULATING ARRAY:"
    echo "-----------------"


(... more ...)
------------------------------------------------------------

Successfully completed.

Resource usage summary:

    CPU time :                                   15.22 sec.
    Max Memory :                                 394 MB
    Average Memory :                             394.00 MB
    Total Requested Memory :                     4500.00 MB
    Delta Memory :                               4106.00 MB
    Max Swap :                                   -
    Max Processes :                              4
    Max Threads :                                15
    Run time :                                   17 sec.
    Turnaround time :                            1376 sec.

The output (if any) is above this job summary.



PS:

Read file <logs/28339356_95.err> for stderr output of this job.

