Task 132: Dataset=wine, Model=cpda_typei, Experiment=cpda_ntn_sweep
[2026-05-02 23:26:29,979][HYDRA] Launching 40 jobs locally
[2026-05-02 23:26:29,979][HYDRA] 	#0 : model.L=4 model.bond_dim=64 seed=42 trainer.ridge=5 trainer.ridge_decay=0.25 trainer.ridge_min=0.0001 +experiment=cpda_ntn_sweep model=cpda_typei dataset=wine
[2026-05-02 23:26:30,241][utils.tracking][INFO] - Loaded 17971 tracked runs from runs_tracking.csv
[2026-05-02 23:26:30,243][__main__][INFO] - ▶ RUN CPDATypeI/wine/NTN L=4 bd=64 seed=42 -> /zhome/6b/e/212868/GTN/outputs/ntn/wine/CPDATypeI_rg5_init0.1/L4_bd64_seed42
Starting Ensemble Fit: 20 epochs
Models: [(1, 1), (2, 2), (3, 3), (4, 4)]
Total nodes: 10
Validation: Using separate validation set
Early stopping: patience=10, min_delta=0.001
Init    | Train: loss: 1.75752 | quality: 0.14516
        | Val:   loss: 1.49054 | quality: 0.18519

Epoch 1 | Train: loss: 0.01149 | quality: 1.00000
        | Val:   loss: 0.05615 | quality: 1.00000
 *
Epoch 2 | Train: loss: 0.00002 | quality: 1.00000
        | Val:   loss: 0.03079 | quality: 1.00000

Epoch 3 | Train: loss: 0.00000 | quality: 1.00000
        | Val:   loss: 0.01831 | quality: 1.00000

Epoch 4 | Train: loss: 0.00000 | quality: 1.00000
        | Val:   loss: 0.00934 | quality: 1.00000

Epoch 5 | Train: loss: 0.00000 | quality: 1.00000
        | Val:   loss: 0.16270 | quality: 0.96296

Epoch 6 | Train: loss: 0.00001 | quality: 1.00000
        | Val:   loss: 0.67781 | quality: 0.85185

Epoch 7 | Train: loss: 0.00000 | quality: 1.00000
        | Val:   loss: 0.27791 | quality: 0.92593

Epoch 8 | Train: loss: 0.00000 | quality: 1.00000
        | Val:   loss: 0.52096 | quality: 0.88889

Epoch 9 | Train: loss: 487212242.86802 | quality: 0.47581
        | Val:   loss: 818410191.26155 | quality: 0.48148

Epoch 10 | Train: loss: 6108700589985102319968749727855962096814153223673199321447793523568967090223943385014828906434846219975170423717007000567813875802986205082033163060881630441988142277881539946590152687616.00000 | quality: 0.32258
        | Val:   loss: 1327466472037996184544459402450397843676330526144661290191450295281071829445504696534297396027483042380713791035199918524366945015829485584366762039583484692251630503224168207096005787648.00000 | quality: 0.37037


✗ NaN loss at epoch 11 - stopping training
[2026-05-02 23:26:44,179][__main__][WARNING] - ✗ SINGULAR CPDATypeI/wine/NTN L=4 bd=64 seed=42 -> /zhome/6b/e/212868/GTN/outputs/ntn/wine/CPDATypeI_rg5_init0.1/L4_bd64_seed42 | val=1.0000
[2026-05-02 23:26:44,182][HYDRA] 	#1 : model.L=4 model.bond_dim=64 seed=10090 trainer.ridge=5 trainer.ridge_decay=0.25 trainer.ridge_min=0.0001 +experiment=cpda_ntn_sweep model=cpda_typei dataset=wine
[2026-05-02 23:26:44,351][__main__][INFO] - ▶ RUN CPDATypeI/wine/NTN L=4 bd=64 seed=10090 -> /zhome/6b/e/212868/GTN/outputs/ntn/wine/CPDATypeI_rg5_init0.1/L4_bd64_seed10090
Starting Ensemble Fit: 20 epochs
Models: [(1, 1), (2, 2), (3, 3), (4, 4)]
Total nodes: 10
Validation: Using separate validation set
Early stopping: patience=10, min_delta=0.001
Init    | Train: loss: 1.69257 | quality: 0.25000
        | Val:   loss: 1.93748 | quality: 0.22222

Epoch 1 | Train: loss: 0.01283 | quality: 1.00000
        | Val:   loss: 0.05314 | quality: 1.00000
 *
Epoch 2 | Train: loss: 0.00002 | quality: 1.00000
        | Val:   loss: 0.02835 | quality: 1.00000

Epoch 3 | Train: loss: 0.00000 | quality: 1.00000
        | Val:   loss: 0.02666 | quality: 1.00000

Epoch 4 | Train: loss: 0.00000 | quality: 1.00000
        | Val:   loss: 0.15312 | quality: 0.96296

Epoch 5 | Train: loss: 0.00000 | quality: 1.00000
        | Val:   loss: 0.21220 | quality: 0.96296

Epoch 6 | Train: loss: 612841182793747476799165351588699059216858345236895580182273893211968331175758623932416.00000 | quality: 0.33065
        | Val:   loss: 195130595149846129928215112484361970723633593671246784110608719011285738768770717974528.00000 | quality: 0.40741


✗ NaN loss at epoch 7 - stopping training
[2026-05-02 23:26:48,568][__main__][WARNING] - ✗ SINGULAR CPDATypeI/wine/NTN L=4 bd=64 seed=10090 -> /zhome/6b/e/212868/GTN/outputs/ntn/wine/CPDATypeI_rg5_init0.1/L4_bd64_seed10090 | val=1.0000
[2026-05-02 23:26:48,571][HYDRA] 	#2 : model.L=4 model.bond_dim=64 seed=32874 trainer.ridge=5 trainer.ridge_decay=0.25 trainer.ridge_min=0.0001 +experiment=cpda_ntn_sweep model=cpda_typei dataset=wine
[2026-05-02 23:26:48,762][__main__][INFO] - ▶ RUN CPDATypeI/wine/NTN L=4 bd=64 seed=32874 -> /zhome/6b/e/212868/GTN/outputs/ntn/wine/CPDATypeI_rg5_init0.1/L4_bd64_seed32874
Starting Ensemble Fit: 20 epochs
Models: [(1, 1), (2, 2), (3, 3), (4, 4)]
Total nodes: 10
Validation: Using separate validation set
Early stopping: patience=10, min_delta=0.001
Init    | Train: loss: 1.20053 | quality: 0.60484
        | Val:   loss: 1.47763 | quality: 0.59259

Epoch 1 | Train: loss: 0.01003 | quality: 1.00000
        | Val:   loss: 0.04619 | quality: 1.00000
 *
Epoch 2 | Train: loss: 0.00002 | quality: 1.00000
        | Val:   loss: 0.02522 | quality: 1.00000

Epoch 3 | Train: loss: 0.00000 | quality: 1.00000
        | Val:   loss: 0.01806 | quality: 1.00000

Epoch 4 | Train: loss: 0.00000 | quality: 1.00000
        | Val:   loss: 0.01064 | quality: 1.00000

Epoch 5 | Train: loss: 0.00000 | quality: 1.00000
        | Val:   loss: 0.09653 | quality: 0.96296

Epoch 6 | Train: loss: 10183684959.53642 | quality: 0.40323
        | Val:   loss: 8295875371.55444 | quality: 0.44444

Epoch 7 | Train: loss: 13879166476463518086507503760408711341359516758089190776641296983680319269489789726198659078468304107874176463115296124566763033820783984806485169570306518371937718108160.00000 | quality: 0.49194
        | Val:   loss: 10197645238524367459279920795701718146236227509885462499373140424376031140074314726438400739218823827922624144510042227356968963669131526398760566950036864578798319828992.00000 | quality: 0.40741


✗ NaN loss at epoch 8 - stopping training
[2026-05-02 23:26:54,434][__main__][WARNING] - ✗ SINGULAR CPDATypeI/wine/NTN L=4 bd=64 seed=32874 -> /zhome/6b/e/212868/GTN/outputs/ntn/wine/CPDATypeI_rg5_init0.1/L4_bd64_seed32874 | val=1.0000
[2026-05-02 23:26:54,437][HYDRA] 	#3 : model.L=4 model.bond_dim=64 seed=47311 trainer.ridge=5 trainer.ridge_decay=0.25 trainer.ridge_min=0.0001 +experiment=cpda_ntn_sweep model=cpda_typei dataset=wine
[2026-05-02 23:26:54,614][__main__][INFO] - ▶ RUN CPDATypeI/wine/NTN L=4 bd=64 seed=47311 -> /zhome/6b/e/212868/GTN/outputs/ntn/wine/CPDATypeI_rg5_init0.1/L4_bd64_seed47311
Starting Ensemble Fit: 20 epochs
Models: [(1, 1), (2, 2), (3, 3), (4, 4)]
Total nodes: 10
Validation: Using separate validation set
Early stopping: patience=10, min_delta=0.001
Init    | Train: loss: 1.62191 | quality: 0.33065
        | Val:   loss: 1.19937 | quality: 0.33333

Epoch 1 | Train: loss: 0.01456 | quality: 1.00000
        | Val:   loss: 0.05188 | quality: 1.00000
 *
Epoch 2 | Train: loss: 0.00003 | quality: 1.00000
        | Val:   loss: 0.03799 | quality: 1.00000

Epoch 3 | Train: loss: 0.00000 | quality: 1.00000
        | Val:   loss: 0.03202 | quality: 1.00000

Epoch 4 | Train: loss: 0.00000 | quality: 1.00000
        | Val:   loss: 0.03058 | quality: 1.00000

Epoch 5 | Train: loss: 0.00000 | quality: 1.00000
        | Val:   loss: 0.08226 | quality: 0.92593

Epoch 6 | Train: loss: 2396171185185861.50000 | quality: 0.33065
        | Val:   loss: 1852002131278041.75000 | quality: 0.29630

Epoch 7 | Train: loss: 294143966744846699570878618783676482219960729771328549268480802868833986198273275034241557396872979009473326782728690493335078587192899140321738340948855369344464723737968927721035077639665318685459508032024286923944685314117688092524544.00000 | quality: 0.37903
        | Val:   loss: 304058064186680746231032510588047430925175552366870375676738491083252568454622796704716879201550798574878284057151444392934958450482657673605441388125773395378945285499358320568150885918908212189343812506364996954251874927398534191775744.00000 | quality: 0.33333


✗ NaN loss at epoch 8 - stopping training
[2026-05-02 23:26:59,772][__main__][WARNING] - ✗ SINGULAR CPDATypeI/wine/NTN L=4 bd=64 seed=47311 -> /zhome/6b/e/212868/GTN/outputs/ntn/wine/CPDATypeI_rg5_init0.1/L4_bd64_seed47311 | val=1.0000
[2026-05-02 23:26:59,774][HYDRA] 	#4 : model.L=4 model.bond_dim=64 seed=47303 trainer.ridge=5 trainer.ridge_decay=0.25 trainer.ridge_min=0.0001 +experiment=cpda_ntn_sweep model=cpda_typei dataset=wine
[2026-05-02 23:26:59,939][__main__][INFO] - ▶ RUN CPDATypeI/wine/NTN L=4 bd=64 seed=47303 -> /zhome/6b/e/212868/GTN/outputs/ntn/wine/CPDATypeI_rg5_init0.1/L4_bd64_seed47303
Starting Ensemble Fit: 20 epochs
Models: [(1, 1), (2, 2), (3, 3), (4, 4)]
Total nodes: 10
Validation: Using separate validation set
Early stopping: patience=10, min_delta=0.001
Init    | Train: loss: 1.41478 | quality: 0.37097
        | Val:   loss: 1.40559 | quality: 0.33333

Epoch 1 | Train: loss: 0.01279 | quality: 1.00000
        | Val:   loss: 0.04865 | quality: 1.00000
 *
Epoch 2 | Train: loss: 0.00002 | quality: 1.00000
        | Val:   loss: 0.04804 | quality: 1.00000

Epoch 3 | Train: loss: 0.00000 | quality: 1.00000
        | Val:   loss: 0.09689 | quality: 0.96296

Epoch 4 | Train: loss: 0.00000 | quality: 1.00000
        | Val:   loss: 0.21167 | quality: 0.96296

Epoch 5 | Train: loss: 0.00000 | quality: 1.00000
        | Val:   loss: 0.30659 | quality: 0.96296

Epoch 6 | Train: loss: 4274514802.54354 | quality: 0.40323
        | Val:   loss: 4471130745.71983 | quality: 0.18519

Epoch 7 | Train: loss: 378395753405360917085211714649056197224472150043996261299417741069579039586304168109915853379872747871113129656513865872472738641582742956582247726084683464704.00000 | quality: 0.50000
        | Val:   loss: 209157879175199130097814221278426473266692343025705735545648535217859652552479370017665504571683020058830298665915698144165799275320971315612974860469046083584.00000 | quality: 0.55556


✗ NaN loss at epoch 8 - stopping training
[2026-05-02 23:27:05,422][__main__][WARNING] - ✗ SINGULAR CPDATypeI/wine/NTN L=4 bd=64 seed=47303 -> /zhome/6b/e/212868/GTN/outputs/ntn/wine/CPDATypeI_rg5_init0.1/L4_bd64_seed47303 | val=1.0000
[2026-05-02 23:27:05,424][HYDRA] 	#5 : model.L=4 model.bond_dim=32 seed=42 trainer.ridge=5 trainer.ridge_decay=0.25 trainer.ridge_min=0.0001 +experiment=cpda_ntn_sweep model=cpda_typei dataset=wine
[2026-05-02 23:27:05,602][__main__][INFO] - ▶ RUN CPDATypeI/wine/NTN L=4 bd=32 seed=42 -> /zhome/6b/e/212868/GTN/outputs/ntn/wine/CPDATypeI_rg5_init0.1/L4_bd32_seed42
Starting Ensemble Fit: 20 epochs
Models: [(1, 1), (2, 2), (3, 3), (4, 4)]
Total nodes: 10
Validation: Using separate validation set
Early stopping: patience=10, min_delta=0.001
Init    | Train: loss: 1.36732 | quality: 0.25000
        | Val:   loss: 1.10674 | quality: 0.40741

Epoch 1 | Train: loss: 0.04053 | quality: 1.00000
        | Val:   loss: 0.08686 | quality: 1.00000
 *
Epoch 2 | Train: loss: 0.00028 | quality: 1.00000
        | Val:   loss: 0.05173 | quality: 1.00000

Epoch 3 | Train: loss: 0.00000 | quality: 1.00000
        | Val:   loss: 0.04549 | quality: 0.96296

Epoch 4 | Train: loss: 0.00000 | quality: 1.00000
        | Val:   loss: 0.03168 | quality: 1.00000

Epoch 5 | Train: loss: 0.00000 | quality: 1.00000
        | Val:   loss: 0.01270 | quality: 1.00000

Epoch 6 | Train: loss: 14032592527156555865660591591255628163335379487139123590941640653599560693236076288294035005899153127282215895787365581455360.00000 | quality: 0.54032
        | Val:   loss: 15359163869935575004681946089408665238312827796892797881223648722965969713436263368374005406549678739456780581920222593679360.00000 | quality: 0.48148


✗ NaN loss at epoch 7 - stopping training
[2026-05-02 23:27:11,656][__main__][WARNING] - ✗ SINGULAR CPDATypeI/wine/NTN L=4 bd=32 seed=42 -> /zhome/6b/e/212868/GTN/outputs/ntn/wine/CPDATypeI_rg5_init0.1/L4_bd32_seed42 | val=1.0000
[2026-05-02 23:27:11,658][HYDRA] 	#6 : model.L=4 model.bond_dim=32 seed=10090 trainer.ridge=5 trainer.ridge_decay=0.25 trainer.ridge_min=0.0001 +experiment=cpda_ntn_sweep model=cpda_typei dataset=wine
[2026-05-02 23:27:11,922][__main__][INFO] - ▶ RUN CPDATypeI/wine/NTN L=4 bd=32 seed=10090 -> /zhome/6b/e/212868/GTN/outputs/ntn/wine/CPDATypeI_rg5_init0.1/L4_bd32_seed10090
Starting Ensemble Fit: 20 epochs
Models: [(1, 1), (2, 2), (3, 3), (4, 4)]
Total nodes: 10
Validation: Using separate validation set
Early stopping: patience=10, min_delta=0.001
Init    | Train: loss: 1.43792 | quality: 0.30645
        | Val:   loss: 1.40605 | quality: 0.25926

Epoch 1 | Train: loss: 0.04229 | quality: 1.00000
        | Val:   loss: 0.08059 | quality: 1.00000
 *
Epoch 2 | Train: loss: 0.00018 | quality: 1.00000
        | Val:   loss: 0.04514 | quality: 1.00000

Epoch 3 | Train: loss: 0.00000 | quality: 1.00000
        | Val:   loss: 0.03705 | quality: 1.00000

Epoch 4 | Train: loss: 0.00000 | quality: 1.00000
        | Val:   loss: 0.02190 | quality: 1.00000

Epoch 5 | Train: loss: 0.00000 | quality: 1.00000
        | Val:   loss: 0.16912 | quality: 0.92593

Epoch 6 | Train: loss: 0.00000 | quality: 1.00000
        | Val:   loss: 0.10874 | quality: 0.92593

Epoch 7 | Train: loss: 0.02888 | quality: 0.99194
        | Val:   loss: 0.38052 | quality: 0.88889

Epoch 8 | Train: loss: 0.00000 | quality: 1.00000
        | Val:   loss: 0.02957 | quality: 1.00000

Epoch 9 | Train: loss: 0.00000 | quality: 1.00000
        | Val:   loss: 0.00828 | quality: 1.00000

Epoch 10 | Train: loss: 0.00000 | quality: 1.00000
        | Val:   loss: 0.03581 | quality: 1.00000

Epoch 11 | Train: loss: 1238839408015761483290339903543383954205382447820620865557620024694787801088.00000 | quality: 0.32258
        | Val:   loss: 1227840171914833163321703906939774428810407370610209734149363336793578012672.00000 | quality: 0.25926


Early stopping at epoch 11 (best was epoch 1)

Best epoch: 1 (val_quality=1.000000)
[2026-05-02 23:27:14,596][__main__][INFO] - ✓ DONE CPDATypeI/wine/NTN L=4 bd=32 seed=10090 -> /zhome/6b/e/212868/GTN/outputs/ntn/wine/CPDATypeI_rg5_init0.1/L4_bd32_seed10090 | val=1.0000
[2026-05-02 23:27:14,599][HYDRA] 	#7 : model.L=4 model.bond_dim=32 seed=32874 trainer.ridge=5 trainer.ridge_decay=0.25 trainer.ridge_min=0.0001 +experiment=cpda_ntn_sweep model=cpda_typei dataset=wine
[2026-05-02 23:27:14,766][__main__][INFO] - ▶ RUN CPDATypeI/wine/NTN L=4 bd=32 seed=32874 -> /zhome/6b/e/212868/GTN/outputs/ntn/wine/CPDATypeI_rg5_init0.1/L4_bd32_seed32874
Starting Ensemble Fit: 20 epochs
Models: [(1, 1), (2, 2), (3, 3), (4, 4)]
Total nodes: 10
Validation: Using separate validation set
Early stopping: patience=10, min_delta=0.001
Init    | Train: loss: 1.39313 | quality: 0.37097
        | Val:   loss: 1.30608 | quality: 0.33333

Epoch 1 | Train: loss: 0.03493 | quality: 1.00000
        | Val:   loss: 0.09688 | quality: 1.00000
 *
Epoch 2 | Train: loss: 0.00016 | quality: 1.00000
        | Val:   loss: 0.03690 | quality: 1.00000

Epoch 3 | Train: loss: 0.00000 | quality: 1.00000
        | Val:   loss: 0.05405 | quality: 0.96296

Epoch 4 | Train: loss: 0.00000 | quality: 1.00000
        | Val:   loss: 0.12570 | quality: 0.96296

Epoch 5 | Train: loss: 0.00000 | quality: 1.00000
        | Val:   loss: 0.20971 | quality: 0.96296


✗ NaN loss at epoch 6 - stopping training
[2026-05-02 23:27:16,959][__main__][WARNING] - ✗ SINGULAR CPDATypeI/wine/NTN L=4 bd=32 seed=32874 -> /zhome/6b/e/212868/GTN/outputs/ntn/wine/CPDATypeI_rg5_init0.1/L4_bd32_seed32874 | val=1.0000
[2026-05-02 23:27:16,961][HYDRA] 	#8 : model.L=4 model.bond_dim=32 seed=47311 trainer.ridge=5 trainer.ridge_decay=0.25 trainer.ridge_min=0.0001 +experiment=cpda_ntn_sweep model=cpda_typei dataset=wine
[2026-05-02 23:27:17,130][__main__][INFO] - ▶ RUN CPDATypeI/wine/NTN L=4 bd=32 seed=47311 -> /zhome/6b/e/212868/GTN/outputs/ntn/wine/CPDATypeI_rg5_init0.1/L4_bd32_seed47311
Starting Ensemble Fit: 20 epochs
Models: [(1, 1), (2, 2), (3, 3), (4, 4)]
Total nodes: 10
Validation: Using separate validation set
Early stopping: patience=10, min_delta=0.001
Init    | Train: loss: 1.18549 | quality: 0.45968
        | Val:   loss: 1.09186 | quality: 0.29630

Epoch 1 | Train: loss: 0.04364 | quality: 1.00000
        | Val:   loss: 0.07568 | quality: 1.00000
 *
Epoch 2 | Train: loss: 0.00022 | quality: 1.00000
        | Val:   loss: 0.03598 | quality: 1.00000

Epoch 3 | Train: loss: 0.00000 | quality: 1.00000
        | Val:   loss: 0.03595 | quality: 0.96296

Epoch 4 | Train: loss: 0.00000 | quality: 1.00000
        | Val:   loss: 0.23418 | quality: 0.96296

Epoch 5 | Train: loss: 0.00000 | quality: 1.00000
        | Val:   loss: 0.55185 | quality: 0.96296

Epoch 6 | Train: loss: 29401151453100737438864251063827865229031229175728439296.00000 | quality: 0.28226
        | Val:   loss: 32561970762455453917910915350409423456616545101493043200.00000 | quality: 0.22222


✗ NaN loss at epoch 7 - stopping training
[2026-05-02 23:27:19,303][__main__][WARNING] - ✗ SINGULAR CPDATypeI/wine/NTN L=4 bd=32 seed=47311 -> /zhome/6b/e/212868/GTN/outputs/ntn/wine/CPDATypeI_rg5_init0.1/L4_bd32_seed47311 | val=1.0000
[2026-05-02 23:27:19,306][HYDRA] 	#9 : model.L=4 model.bond_dim=32 seed=47303 trainer.ridge=5 trainer.ridge_decay=0.25 trainer.ridge_min=0.0001 +experiment=cpda_ntn_sweep model=cpda_typei dataset=wine
[2026-05-02 23:27:19,475][__main__][INFO] - ▶ RUN CPDATypeI/wine/NTN L=4 bd=32 seed=47303 -> /zhome/6b/e/212868/GTN/outputs/ntn/wine/CPDATypeI_rg5_init0.1/L4_bd32_seed47303
Starting Ensemble Fit: 20 epochs
Models: [(1, 1), (2, 2), (3, 3), (4, 4)]
Total nodes: 10
Validation: Using separate validation set
Early stopping: patience=10, min_delta=0.001
Init    | Train: loss: 1.24940 | quality: 0.41129
        | Val:   loss: 1.27153 | quality: 0.40741

Epoch 1 | Train: loss: 0.03245 | quality: 1.00000
        | Val:   loss: 0.09760 | quality: 1.00000
 *
Epoch 2 | Train: loss: 0.00013 | quality: 1.00000
        | Val:   loss: 0.03344 | quality: 1.00000

Epoch 3 | Train: loss: 0.00000 | quality: 1.00000
        | Val:   loss: 0.03176 | quality: 1.00000

Epoch 4 | Train: loss: 0.00000 | quality: 1.00000
        | Val:   loss: 0.02872 | quality: 1.00000

Epoch 5 | Train: loss: 0.00000 | quality: 1.00000
        | Val:   loss: 0.09192 | quality: 0.96296

Epoch 6 | Train: loss: 4733359841414088198204852297012955339963760640.00000 | quality: 0.55645
        | Val:   loss: 1193064963441747767252151236874708036058349568.00000 | quality: 0.51852


✗ NaN loss at epoch 7 - stopping training
[2026-05-02 23:27:21,769][__main__][WARNING] - ✗ SINGULAR CPDATypeI/wine/NTN L=4 bd=32 seed=47303 -> /zhome/6b/e/212868/GTN/outputs/ntn/wine/CPDATypeI_rg5_init0.1/L4_bd32_seed47303 | val=1.0000
[2026-05-02 23:27:21,772][HYDRA] 	#10 : model.L=4 model.bond_dim=16 seed=42 trainer.ridge=5 trainer.ridge_decay=0.25 trainer.ridge_min=0.0001 +experiment=cpda_ntn_sweep model=cpda_typei dataset=wine
[2026-05-02 23:27:21,989][__main__][INFO] - ▶ RUN CPDATypeI/wine/NTN L=4 bd=16 seed=42 -> /zhome/6b/e/212868/GTN/outputs/ntn/wine/CPDATypeI_rg5_init0.1/L4_bd16_seed42
Starting Ensemble Fit: 20 epochs
Models: [(1, 1), (2, 2), (3, 3), (4, 4)]
Total nodes: 10
Validation: Using separate validation set
Early stopping: patience=10, min_delta=0.001
Init    | Train: loss: 1.56374 | quality: 0.20968
        | Val:   loss: 1.36870 | quality: 0.25926

Epoch 1 | Train: loss: 0.07708 | quality: 1.00000
        | Val:   loss: 0.14228 | quality: 1.00000
 *
Epoch 2 | Train: loss: 0.00155 | quality: 1.00000
        | Val:   loss: 0.06903 | quality: 0.96296

Epoch 3 | Train: loss: 0.00000 | quality: 1.00000
        | Val:   loss: 0.12880 | quality: 0.96296

Epoch 4 | Train: loss: 0.00000 | quality: 1.00000
        | Val:   loss: 0.32439 | quality: 0.96296

Epoch 5 | Train: loss: 0.00000 | quality: 1.00000
        | Val:   loss: 0.49507 | quality: 0.96296

Epoch 6 | Train: loss: 0.19674 | quality: 0.99194
        | Val:   loss: 0.94419 | quality: 0.92593

Epoch 7 | Train: loss: 47437832093138169110873505040918593659002217359615107162465182792331520892999433275515185753097594726582182739968.00000 | quality: 0.49194
        | Val:   loss: 58052413775041711543641860693720415217409386332760923017067915219937761474764341415978292514818012230007174201344.00000 | quality: 0.48148


✗ NaN loss at epoch 8 - stopping training
[2026-05-02 23:27:27,730][__main__][WARNING] - ✗ SINGULAR CPDATypeI/wine/NTN L=4 bd=16 seed=42 -> /zhome/6b/e/212868/GTN/outputs/ntn/wine/CPDATypeI_rg5_init0.1/L4_bd16_seed42 | val=1.0000
[2026-05-02 23:27:27,732][HYDRA] 	#11 : model.L=4 model.bond_dim=16 seed=10090 trainer.ridge=5 trainer.ridge_decay=0.25 trainer.ridge_min=0.0001 +experiment=cpda_ntn_sweep model=cpda_typei dataset=wine
[2026-05-02 23:27:27,909][__main__][INFO] - ▶ RUN CPDATypeI/wine/NTN L=4 bd=16 seed=10090 -> /zhome/6b/e/212868/GTN/outputs/ntn/wine/CPDATypeI_rg5_init0.1/L4_bd16_seed10090
Starting Ensemble Fit: 20 epochs
Models: [(1, 1), (2, 2), (3, 3), (4, 4)]
Total nodes: 10
Validation: Using separate validation set
Early stopping: patience=10, min_delta=0.001
Init    | Train: loss: 1.35129 | quality: 0.22581
        | Val:   loss: 1.17731 | quality: 0.29630

Epoch 1 | Train: loss: 0.09885 | quality: 1.00000
        | Val:   loss: 0.13400 | quality: 1.00000
 *
Epoch 2 | Train: loss: 0.00172 | quality: 1.00000
        | Val:   loss: 0.03041 | quality: 1.00000

Epoch 3 | Train: loss: 0.00000 | quality: 1.00000
        | Val:   loss: 1.52580 | quality: 0.92593

Epoch 4 | Train: loss: 0.00000 | quality: 1.00000
        | Val:   loss: 1.90110 | quality: 0.88889

Epoch 5 | Train: loss: 0.00000 | quality: 1.00000
        | Val:   loss: 1.66585 | quality: 0.88889

Epoch 6 | Train: loss: 260508.32054 | quality: 0.51613
        | Val:   loss: 291932.34653 | quality: 0.37037

Epoch 7 | Train: loss: 8464890978182952509643967259078195987688226198595699568263025886347228471812892970254809767032127631637483671252893696.00000 | quality: 0.44355
        | Val:   loss: 2331372464387168763681264856065309194998174226122737314454655344374289992422518071877877674276267340551024971796709376.00000 | quality: 0.44444


✗ NaN loss at epoch 8 - stopping training
[2026-05-02 23:27:29,490][__main__][WARNING] - ✗ SINGULAR CPDATypeI/wine/NTN L=4 bd=16 seed=10090 -> /zhome/6b/e/212868/GTN/outputs/ntn/wine/CPDATypeI_rg5_init0.1/L4_bd16_seed10090 | val=1.0000
[2026-05-02 23:27:29,492][HYDRA] 	#12 : model.L=4 model.bond_dim=16 seed=32874 trainer.ridge=5 trainer.ridge_decay=0.25 trainer.ridge_min=0.0001 +experiment=cpda_ntn_sweep model=cpda_typei dataset=wine
[2026-05-02 23:27:29,659][__main__][INFO] - ▶ RUN CPDATypeI/wine/NTN L=4 bd=16 seed=32874 -> /zhome/6b/e/212868/GTN/outputs/ntn/wine/CPDATypeI_rg5_init0.1/L4_bd16_seed32874
Starting Ensemble Fit: 20 epochs
Models: [(1, 1), (2, 2), (3, 3), (4, 4)]
Total nodes: 10
Validation: Using separate validation set
Early stopping: patience=10, min_delta=0.001
Init    | Train: loss: 1.02722 | quality: 0.45161
        | Val:   loss: 0.94559 | quality: 0.44444

Epoch 1 | Train: loss: 0.11775 | quality: 1.00000
        | Val:   loss: 0.16822 | quality: 1.00000
 *
Epoch 2 | Train: loss: 0.00286 | quality: 1.00000
        | Val:   loss: 0.04802 | quality: 1.00000

Epoch 3 | Train: loss: 0.00001 | quality: 1.00000
        | Val:   loss: 0.03889 | quality: 1.00000

Epoch 4 | Train: loss: 0.00000 | quality: 1.00000
        | Val:   loss: 0.08956 | quality: 0.96296

Epoch 5 | Train: loss: 0.00000 | quality: 1.00000
        | Val:   loss: 0.02733 | quality: 1.00000

Epoch 6 | Train: loss: 46870028957776292961477205004648448.00000 | quality: 0.39516
        | Val:   loss: 38705249745639634845821100787499008.00000 | quality: 0.37037


✗ NaN loss at epoch 7 - stopping training
[2026-05-02 23:27:31,148][__main__][WARNING] - ✗ SINGULAR CPDATypeI/wine/NTN L=4 bd=16 seed=32874 -> /zhome/6b/e/212868/GTN/outputs/ntn/wine/CPDATypeI_rg5_init0.1/L4_bd16_seed32874 | val=1.0000
[2026-05-02 23:27:31,150][HYDRA] 	#13 : model.L=4 model.bond_dim=16 seed=47311 trainer.ridge=5 trainer.ridge_decay=0.25 trainer.ridge_min=0.0001 +experiment=cpda_ntn_sweep model=cpda_typei dataset=wine
[2026-05-02 23:27:31,603][__main__][INFO] - ▶ RUN CPDATypeI/wine/NTN L=4 bd=16 seed=47311 -> /zhome/6b/e/212868/GTN/outputs/ntn/wine/CPDATypeI_rg5_init0.1/L4_bd16_seed47311
Starting Ensemble Fit: 20 epochs
Models: [(1, 1), (2, 2), (3, 3), (4, 4)]
Total nodes: 10
Validation: Using separate validation set
Early stopping: patience=10, min_delta=0.001
Init    | Train: loss: 1.17564 | quality: 0.38710
        | Val:   loss: 1.06649 | quality: 0.40741

Epoch 1 | Train: loss: 0.09480 | quality: 1.00000
        | Val:   loss: 0.16411 | quality: 1.00000
 *
Epoch 2 | Train: loss: 0.00170 | quality: 1.00000
        | Val:   loss: 0.06557 | quality: 0.96296

Epoch 3 | Train: loss: 0.00000 | quality: 1.00000
        | Val:   loss: 0.09927 | quality: 0.96296

Epoch 4 | Train: loss: 0.00000 | quality: 1.00000
        | Val:   loss: 0.19752 | quality: 0.96296

Epoch 5 | Train: loss: 0.00000 | quality: 1.00000
        | Val:   loss: 0.39140 | quality: 0.96296

Epoch 6 | Train: loss: 0.00000 | quality: 1.00000
        | Val:   loss: 0.68561 | quality: 0.96296

Epoch 7 | Train: loss: 0.17292 | quality: 0.95968
        | Val:   loss: 0.88949 | quality: 0.88889

Epoch 8 | Train: loss: 949705319172643671320652031900621070953086976.00000 | quality: 0.36290
        | Val:   loss: 590903696540134182087779794687400282551222272.00000 | quality: 0.37037


✗ NaN loss at epoch 9 - stopping training
[2026-05-02 23:27:33,224][__main__][WARNING] - ✗ SINGULAR CPDATypeI/wine/NTN L=4 bd=16 seed=47311 -> /zhome/6b/e/212868/GTN/outputs/ntn/wine/CPDATypeI_rg5_init0.1/L4_bd16_seed47311 | val=1.0000
[2026-05-02 23:27:33,227][HYDRA] 	#14 : model.L=4 model.bond_dim=16 seed=47303 trainer.ridge=5 trainer.ridge_decay=0.25 trainer.ridge_min=0.0001 +experiment=cpda_ntn_sweep model=cpda_typei dataset=wine
[2026-05-02 23:27:33,416][__main__][INFO] - ▶ RUN CPDATypeI/wine/NTN L=4 bd=16 seed=47303 -> /zhome/6b/e/212868/GTN/outputs/ntn/wine/CPDATypeI_rg5_init0.1/L4_bd16_seed47303
Starting Ensemble Fit: 20 epochs
Models: [(1, 1), (2, 2), (3, 3), (4, 4)]
Total nodes: 10
Validation: Using separate validation set
Early stopping: patience=10, min_delta=0.001
Init    | Train: loss: 1.12719 | quality: 0.37097
        | Val:   loss: 1.13605 | quality: 0.37037

Epoch 1 | Train: loss: 0.10678 | quality: 1.00000
        | Val:   loss: 0.16160 | quality: 1.00000
 *
Epoch 2 | Train: loss: 0.00270 | quality: 1.00000
        | Val:   loss: 0.03507 | quality: 1.00000

Epoch 3 | Train: loss: 0.00000 | quality: 1.00000
        | Val:   loss: 0.01408 | quality: 1.00000

Epoch 4 | Train: loss: 0.00000 | quality: 1.00000
        | Val:   loss: 0.01028 | quality: 1.00000

Epoch 5 | Train: loss: 0.00000 | quality: 1.00000
        | Val:   loss: 0.34547 | quality: 0.96296

Epoch 6 | Train: loss: 0.00000 | quality: 1.00000
        | Val:   loss: 1.08050 | quality: 0.96296

Epoch 7 | Train: loss: 0.00002 | quality: 1.00000
        | Val:   loss: 0.00384 | quality: 1.00000

Epoch 8 | Train: loss: 0.00000 | quality: 1.00000
        | Val:   loss: 0.04914 | quality: 1.00000

Epoch 9 | Train: loss: 0.00000 | quality: 1.00000
        | Val:   loss: 0.33971 | quality: 0.88889

Epoch 10 | Train: loss: 154454132283301350484366613397823815680.00000 | quality: 0.44355
        | Val:   loss: 158032272144690989936035704391566622720.00000 | quality: 0.44444


✗ NaN loss at epoch 11 - stopping training
[2026-05-02 23:27:35,160][__main__][WARNING] - ✗ SINGULAR CPDATypeI/wine/NTN L=4 bd=16 seed=47303 -> /zhome/6b/e/212868/GTN/outputs/ntn/wine/CPDATypeI_rg5_init0.1/L4_bd16_seed47303 | val=1.0000
[2026-05-02 23:27:35,162][HYDRA] 	#15 : model.L=4 model.bond_dim=8 seed=42 trainer.ridge=5 trainer.ridge_decay=0.25 trainer.ridge_min=0.0001 +experiment=cpda_ntn_sweep model=cpda_typei dataset=wine
[2026-05-02 23:27:35,324][__main__][INFO] - ▶ RUN CPDATypeI/wine/NTN L=4 bd=8 seed=42 -> /zhome/6b/e/212868/GTN/outputs/ntn/wine/CPDATypeI_rg5_init0.1/L4_bd8_seed42
Starting Ensemble Fit: 20 epochs
Models: [(1, 1), (2, 2), (3, 3), (4, 4)]
Total nodes: 10
Validation: Using separate validation set
Early stopping: patience=10, min_delta=0.001
Init    | Train: loss: 1.20458 | quality: 0.26613
        | Val:   loss: 1.13430 | quality: 0.25926

Epoch 1 | Train: loss: 0.18548 | quality: 0.99194
        | Val:   loss: 0.20545 | quality: 1.00000
 *
Epoch 2 | Train: loss: 0.00870 | quality: 1.00000
        | Val:   loss: 0.05246 | quality: 1.00000
 *
Epoch 3 | Train: loss: 0.00006 | quality: 1.00000
        | Val:   loss: 0.07304 | quality: 0.96296

Epoch 4 | Train: loss: 0.00000 | quality: 1.00000
        | Val:   loss: 0.02775 | quality: 1.00000

Epoch 5 | Train: loss: 0.00000 | quality: 1.00000
        | Val:   loss: 0.00668 | quality: 1.00000

Epoch 6 | Train: loss: 0.00000 | quality: 1.00000
        | Val:   loss: 0.00163 | quality: 1.00000

Epoch 7 | Train: loss: 127.11406 | quality: 0.58871
        | Val:   loss: 165.36004 | quality: 0.40741

Epoch 8 | Train: loss: 3158649065811841278565173586938258067987111979956396111633507151505260544.00000 | quality: 0.40323
        | Val:   loss: 230108688415325554311512023102546533279647738664819140456703651234185216.00000 | quality: 0.33333


✗ NaN loss at epoch 9 - stopping training
[2026-05-02 23:27:41,003][__main__][WARNING] - ✗ SINGULAR CPDATypeI/wine/NTN L=4 bd=8 seed=42 -> /zhome/6b/e/212868/GTN/outputs/ntn/wine/CPDATypeI_rg5_init0.1/L4_bd8_seed42 | val=1.0000
[2026-05-02 23:27:41,006][HYDRA] 	#16 : model.L=4 model.bond_dim=8 seed=10090 trainer.ridge=5 trainer.ridge_decay=0.25 trainer.ridge_min=0.0001 +experiment=cpda_ntn_sweep model=cpda_typei dataset=wine
[2026-05-02 23:27:41,182][__main__][INFO] - ▶ RUN CPDATypeI/wine/NTN L=4 bd=8 seed=10090 -> /zhome/6b/e/212868/GTN/outputs/ntn/wine/CPDATypeI_rg5_init0.1/L4_bd8_seed10090
Starting Ensemble Fit: 20 epochs
Models: [(1, 1), (2, 2), (3, 3), (4, 4)]
Total nodes: 10
Validation: Using separate validation set
Early stopping: patience=10, min_delta=0.001
Init    | Train: loss: 1.40422 | quality: 0.16935
        | Val:   loss: 1.27299 | quality: 0.29630

Epoch 1 | Train: loss: 0.18486 | quality: 0.99194
        | Val:   loss: 0.22463 | quality: 1.00000
 *
Epoch 2 | Train: loss: 0.01659 | quality: 1.00000
        | Val:   loss: 0.15414 | quality: 0.92593

Epoch 3 | Train: loss: 0.00028 | quality: 1.00000
        | Val:   loss: 0.17119 | quality: 0.96296

Epoch 4 | Train: loss: 0.00000 | quality: 1.00000
        | Val:   loss: 0.68018 | quality: 0.96296

Epoch 5 | Train: loss: 0.00000 | quality: 1.00000
        | Val:   loss: 0.82821 | quality: 0.96296

Epoch 6 | Train: loss: 0.00000 | quality: 1.00000
        | Val:   loss: 1.10402 | quality: 0.92593

Epoch 7 | Train: loss: 0.00000 | quality: 1.00000
        | Val:   loss: 0.58964 | quality: 0.96296

Epoch 8 | Train: loss: 0.00002 | quality: 1.00000
        | Val:   loss: 0.76464 | quality: 0.96296

Epoch 9 | Train: loss: 0.00000 | quality: 1.00000
        | Val:   loss: 0.67944 | quality: 0.92593

Epoch 10 | Train: loss: 0.00000 | quality: 1.00000
        | Val:   loss: 0.61259 | quality: 0.92593

Epoch 11 | Train: loss: 0.00000 | quality: 1.00000
        | Val:   loss: 0.41313 | quality: 0.92593


Early stopping at epoch 11 (best was epoch 1)

Best epoch: 1 (val_quality=1.000000)
[2026-05-02 23:27:42,840][__main__][INFO] - ✓ DONE CPDATypeI/wine/NTN L=4 bd=8 seed=10090 -> /zhome/6b/e/212868/GTN/outputs/ntn/wine/CPDATypeI_rg5_init0.1/L4_bd8_seed10090 | val=1.0000
[2026-05-02 23:27:42,842][HYDRA] 	#17 : model.L=4 model.bond_dim=8 seed=32874 trainer.ridge=5 trainer.ridge_decay=0.25 trainer.ridge_min=0.0001 +experiment=cpda_ntn_sweep model=cpda_typei dataset=wine
[2026-05-02 23:27:43,017][__main__][INFO] - ▶ RUN CPDATypeI/wine/NTN L=4 bd=8 seed=32874 -> /zhome/6b/e/212868/GTN/outputs/ntn/wine/CPDATypeI_rg5_init0.1/L4_bd8_seed32874
Starting Ensemble Fit: 20 epochs
Models: [(1, 1), (2, 2), (3, 3), (4, 4)]
Total nodes: 10
Validation: Using separate validation set
Early stopping: patience=10, min_delta=0.001
Init    | Train: loss: 1.22014 | quality: 0.32258
        | Val:   loss: 1.17079 | quality: 0.18519

Epoch 1 | Train: loss: 0.18905 | quality: 1.00000
        | Val:   loss: 0.22270 | quality: 1.00000
 *
Epoch 2 | Train: loss: 0.01578 | quality: 1.00000
        | Val:   loss: 0.05973 | quality: 1.00000

Epoch 3 | Train: loss: 0.00019 | quality: 1.00000
        | Val:   loss: 0.02903 | quality: 1.00000

Epoch 4 | Train: loss: 0.00000 | quality: 1.00000
        | Val:   loss: 0.06016 | quality: 0.96296

Epoch 5 | Train: loss: 0.00000 | quality: 1.00000
        | Val:   loss: 0.32057 | quality: 0.96296

Epoch 6 | Train: loss: 0.00000 | quality: 1.00000
        | Val:   loss: 0.51165 | quality: 0.96296

Epoch 7 | Train: loss: 0.00000 | quality: 1.00000
        | Val:   loss: 0.38480 | quality: 0.96296

Epoch 8 | Train: loss: 0.91134 | quality: 0.99194
        | Val:   loss: 0.05521 | quality: 0.96296

Epoch 9 | Train: loss: 701342237913977112991175353874684750188856388425106985150578688.00000 | quality: 0.34677
        | Val:   loss: 397359908518759708290392680261231514507801712890746528031834112.00000 | quality: 0.44444


✗ NaN loss at epoch 10 - stopping training
[2026-05-02 23:27:44,632][__main__][WARNING] - ✗ SINGULAR CPDATypeI/wine/NTN L=4 bd=8 seed=32874 -> /zhome/6b/e/212868/GTN/outputs/ntn/wine/CPDATypeI_rg5_init0.1/L4_bd8_seed32874 | val=1.0000
[2026-05-02 23:27:44,634][HYDRA] 	#18 : model.L=4 model.bond_dim=8 seed=47311 trainer.ridge=5 trainer.ridge_decay=0.25 trainer.ridge_min=0.0001 +experiment=cpda_ntn_sweep model=cpda_typei dataset=wine
[2026-05-02 23:27:44,847][__main__][INFO] - ▶ RUN CPDATypeI/wine/NTN L=4 bd=8 seed=47311 -> /zhome/6b/e/212868/GTN/outputs/ntn/wine/CPDATypeI_rg5_init0.1/L4_bd8_seed47311
Starting Ensemble Fit: 20 epochs
Models: [(1, 1), (2, 2), (3, 3), (4, 4)]
Total nodes: 10
Validation: Using separate validation set
Early stopping: patience=10, min_delta=0.001
Init    | Train: loss: 1.14029 | quality: 0.32258
        | Val:   loss: 1.07040 | quality: 0.44444

Epoch 1 | Train: loss: 0.20041 | quality: 0.98387
        | Val:   loss: 0.25991 | quality: 1.00000
 *
Epoch 2 | Train: loss: 0.01167 | quality: 1.00000
        | Val:   loss: 0.06055 | quality: 1.00000
 *
Epoch 3 | Train: loss: 0.00008 | quality: 1.00000
        | Val:   loss: 0.03286 | quality: 1.00000

Epoch 4 | Train: loss: 0.00000 | quality: 1.00000
        | Val:   loss: 0.00525 | quality: 1.00000

Epoch 5 | Train: loss: 0.00000 | quality: 1.00000
        | Val:   loss: 0.00273 | quality: 1.00000

Epoch 6 | Train: loss: 0.00000 | quality: 1.00000
        | Val:   loss: 0.00144 | quality: 1.00000

Epoch 7 | Train: loss: 523105383.78619 | quality: 0.27419
        | Val:   loss: 582759748.95630 | quality: 0.29630

Epoch 8 | Train: loss: 258683451755779982953894666647532206782965717155781530333798637820647699664741757650995939160034319412173030300652146462365861471410551430464411564338441093120.00000 | quality: 0.48387
        | Val:   loss: 264802895996647649030337826969482277635414846065534015437521131013316480436811010464906741352364717867710346641024375837744389670655774258310917848637598859264.00000 | quality: 0.55556


✗ NaN loss at epoch 9 - stopping training
[2026-05-02 23:27:46,316][__main__][WARNING] - ✗ SINGULAR CPDATypeI/wine/NTN L=4 bd=8 seed=47311 -> /zhome/6b/e/212868/GTN/outputs/ntn/wine/CPDATypeI_rg5_init0.1/L4_bd8_seed47311 | val=1.0000
[2026-05-02 23:27:46,318][HYDRA] 	#19 : model.L=4 model.bond_dim=8 seed=47303 trainer.ridge=5 trainer.ridge_decay=0.25 trainer.ridge_min=0.0001 +experiment=cpda_ntn_sweep model=cpda_typei dataset=wine
[2026-05-02 23:27:46,482][__main__][INFO] - ▶ RUN CPDATypeI/wine/NTN L=4 bd=8 seed=47303 -> /zhome/6b/e/212868/GTN/outputs/ntn/wine/CPDATypeI_rg5_init0.1/L4_bd8_seed47303
Starting Ensemble Fit: 20 epochs
Models: [(1, 1), (2, 2), (3, 3), (4, 4)]
Total nodes: 10
Validation: Using separate validation set
Early stopping: patience=10, min_delta=0.001
Init    | Train: loss: 1.03972 | quality: 0.45968
        | Val:   loss: 1.04279 | quality: 0.37037

Epoch 1 | Train: loss: 0.19554 | quality: 0.99194
        | Val:   loss: 0.25739 | quality: 1.00000
 *
Epoch 2 | Train: loss: 0.01214 | quality: 1.00000
        | Val:   loss: 0.04622 | quality: 1.00000
 *
Epoch 3 | Train: loss: 0.00004 | quality: 1.00000
        | Val:   loss: 0.02506 | quality: 1.00000

Epoch 4 | Train: loss: 0.00000 | quality: 1.00000
        | Val:   loss: 0.02198 | quality: 1.00000

Epoch 5 | Train: loss: 0.00000 | quality: 1.00000
        | Val:   loss: 0.21381 | quality: 0.96296

Epoch 6 | Train: loss: 0.00000 | quality: 1.00000
        | Val:   loss: 0.58559 | quality: 0.96296

Epoch 7 | Train: loss: 1068534277268968597025372387562648295771259583443753806235435008.00000 | quality: 0.39516
        | Val:   loss: 1083068751830202246208623491416782141457996496819709376926318592.00000 | quality: 0.29630


✗ NaN loss at epoch 8 - stopping training
[2026-05-02 23:27:47,906][__main__][WARNING] - ✗ SINGULAR CPDATypeI/wine/NTN L=4 bd=8 seed=47303 -> /zhome/6b/e/212868/GTN/outputs/ntn/wine/CPDATypeI_rg5_init0.1/L4_bd8_seed47303 | val=1.0000
[2026-05-02 23:27:47,908][HYDRA] 	#20 : model.L=3 model.bond_dim=64 seed=42 trainer.ridge=5 trainer.ridge_decay=0.25 trainer.ridge_min=0.0001 +experiment=cpda_ntn_sweep model=cpda_typei dataset=wine
[2026-05-02 23:27:48,112][__main__][INFO] - ▶ RUN CPDATypeI/wine/NTN L=3 bd=64 seed=42 -> /zhome/6b/e/212868/GTN/outputs/ntn/wine/CPDATypeI_rg5_init0.1/L3_bd64_seed42
Starting Ensemble Fit: 20 epochs
Models: [(1, 1), (2, 2), (3, 3)]
Total nodes: 6
Validation: Using separate validation set
Early stopping: patience=10, min_delta=0.001
Init    | Train: loss: 1.76732 | quality: 0.13710
        | Val:   loss: 1.49834 | quality: 0.14815

Epoch 1 | Train: loss: 0.03963 | quality: 1.00000
        | Val:   loss: 0.08460 | quality: 1.00000
 *
Epoch 2 | Train: loss: 0.00066 | quality: 1.00000
        | Val:   loss: 0.06521 | quality: 0.96296

Epoch 3 | Train: loss: 0.00000 | quality: 1.00000
        | Val:   loss: 0.07678 | quality: 0.96296

Epoch 4 | Train: loss: 0.00000 | quality: 1.00000
        | Val:   loss: 0.07175 | quality: 0.96296

Epoch 5 | Train: loss: 0.00000 | quality: 1.00000
        | Val:   loss: 0.06399 | quality: 0.96296

Epoch 6 | Train: loss: 0.00000 | quality: 1.00000
        | Val:   loss: 0.09739 | quality: 0.96296

Epoch 7 | Train: loss: 0.00000 | quality: 1.00000
        | Val:   loss: 0.22867 | quality: 0.96296

Epoch 8 | Train: loss: 421113.49620 | quality: 0.37903
        | Val:   loss: 287450.04850 | quality: 0.33333


✗ NaN loss at epoch 9 - stopping training
[2026-05-02 23:27:51,595][__main__][WARNING] - ✗ SINGULAR CPDATypeI/wine/NTN L=3 bd=64 seed=42 -> /zhome/6b/e/212868/GTN/outputs/ntn/wine/CPDATypeI_rg5_init0.1/L3_bd64_seed42 | val=1.0000
[2026-05-02 23:27:51,596][HYDRA] 	#21 : model.L=3 model.bond_dim=64 seed=10090 trainer.ridge=5 trainer.ridge_decay=0.25 trainer.ridge_min=0.0001 +experiment=cpda_ntn_sweep model=cpda_typei dataset=wine
[2026-05-02 23:27:51,786][__main__][INFO] - ▶ RUN CPDATypeI/wine/NTN L=3 bd=64 seed=10090 -> /zhome/6b/e/212868/GTN/outputs/ntn/wine/CPDATypeI_rg5_init0.1/L3_bd64_seed10090
Starting Ensemble Fit: 20 epochs
Models: [(1, 1), (2, 2), (3, 3)]
Total nodes: 6
Validation: Using separate validation set
Early stopping: patience=10, min_delta=0.001
Init    | Train: loss: 1.65507 | quality: 0.25000
        | Val:   loss: 1.90428 | quality: 0.22222

Epoch 1 | Train: loss: 0.04052 | quality: 1.00000
        | Val:   loss: 0.08146 | quality: 1.00000
 *
Epoch 2 | Train: loss: 0.00064 | quality: 1.00000
        | Val:   loss: 0.03656 | quality: 1.00000

Epoch 3 | Train: loss: 0.00000 | quality: 1.00000
        | Val:   loss: 0.03080 | quality: 1.00000

Epoch 4 | Train: loss: 0.00000 | quality: 1.00000
        | Val:   loss: 0.02821 | quality: 1.00000

Epoch 5 | Train: loss: 0.00000 | quality: 1.00000
        | Val:   loss: 0.01555 | quality: 1.00000

Epoch 6 | Train: loss: 0.00000 | quality: 1.00000
        | Val:   loss: 0.00640 | quality: 1.00000

Epoch 7 | Train: loss: 0.00000 | quality: 1.00000
        | Val:   loss: 0.00236 | quality: 1.00000

Epoch 8 | Train: loss: 1854637282481712719276489061050102054912.00000 | quality: 0.29032
        | Val:   loss: 1297317524587665874605087534350470217728.00000 | quality: 0.22222

Epoch 9 | Train: loss: 1432985892077638808026776644082389868613715292718158713108752858456497736084366040137595602360698204486750069818672367766822009077923663451845936690303789347821211810405219272625496485882255900672.00000 | quality: 0.47581
        | Val:   loss: 820844675672645626430913607026785185054501269128095245220380858674134077408144063310633101324527492112273488527232685592347402544531099774039546504542493206494592908788304168069787250555151712256.00000 | quality: 0.44444


✗ NaN loss at epoch 10 - stopping training
[2026-05-02 23:27:55,967][__main__][WARNING] - ✗ SINGULAR CPDATypeI/wine/NTN L=3 bd=64 seed=10090 -> /zhome/6b/e/212868/GTN/outputs/ntn/wine/CPDATypeI_rg5_init0.1/L3_bd64_seed10090 | val=1.0000
[2026-05-02 23:27:55,970][HYDRA] 	#22 : model.L=3 model.bond_dim=64 seed=32874 trainer.ridge=5 trainer.ridge_decay=0.25 trainer.ridge_min=0.0001 +experiment=cpda_ntn_sweep model=cpda_typei dataset=wine
[2026-05-02 23:27:56,141][__main__][INFO] - ▶ RUN CPDATypeI/wine/NTN L=3 bd=64 seed=32874 -> /zhome/6b/e/212868/GTN/outputs/ntn/wine/CPDATypeI_rg5_init0.1/L3_bd64_seed32874
Starting Ensemble Fit: 20 epochs
Models: [(1, 1), (2, 2), (3, 3)]
Total nodes: 6
Validation: Using separate validation set
Early stopping: patience=10, min_delta=0.001
Init    | Train: loss: 1.21374 | quality: 0.60484
        | Val:   loss: 1.50798 | quality: 0.55556

Epoch 1 | Train: loss: 0.03907 | quality: 1.00000
        | Val:   loss: 0.07130 | quality: 1.00000
 *
Epoch 2 | Train: loss: 0.00059 | quality: 1.00000
        | Val:   loss: 0.03374 | quality: 1.00000

Epoch 3 | Train: loss: 0.00000 | quality: 1.00000
        | Val:   loss: 0.01910 | quality: 1.00000

Epoch 4 | Train: loss: 0.00000 | quality: 1.00000
        | Val:   loss: 0.00809 | quality: 1.00000

Epoch 5 | Train: loss: 0.00000 | quality: 1.00000
        | Val:   loss: 0.00238 | quality: 1.00000

Epoch 6 | Train: loss: 0.00000 | quality: 1.00000
        | Val:   loss: 0.00073 | quality: 1.00000

Epoch 7 | Train: loss: 0.00000 | quality: 1.00000
        | Val:   loss: 0.02362 | quality: 1.00000

Epoch 8 | Train: loss: 178272781449789144185072256608988038143410176.00000 | quality: 0.44355
        | Val:   loss: 164518403784954459025994521575223710374166528.00000 | quality: 0.48148

Epoch 9 | Train: loss: 15021810508140758143962175610543539011327693231175162180733018149286014015114573240073843421947172110789966375221419148795858969069316121122624569605409141188222372864431856506172784686395492629013336926997623441954177024.00000 | quality: 0.62097
        | Val:   loss: 12141397958660312023380110902052036101872724822707895486827377447956418077777648986077046612120304992192812038851496559744219772251876855763548625132927446467862104138391370946074231460013539559368600541347184027967160320.00000 | quality: 0.62963


✗ NaN loss at epoch 10 - stopping training
[2026-05-02 23:28:01,347][__main__][WARNING] - ✗ SINGULAR CPDATypeI/wine/NTN L=3 bd=64 seed=32874 -> /zhome/6b/e/212868/GTN/outputs/ntn/wine/CPDATypeI_rg5_init0.1/L3_bd64_seed32874 | val=1.0000
[2026-05-02 23:28:01,348][HYDRA] 	#23 : model.L=3 model.bond_dim=64 seed=47311 trainer.ridge=5 trainer.ridge_decay=0.25 trainer.ridge_min=0.0001 +experiment=cpda_ntn_sweep model=cpda_typei dataset=wine
[2026-05-02 23:28:01,598][__main__][INFO] - ▶ RUN CPDATypeI/wine/NTN L=3 bd=64 seed=47311 -> /zhome/6b/e/212868/GTN/outputs/ntn/wine/CPDATypeI_rg5_init0.1/L3_bd64_seed47311
Starting Ensemble Fit: 20 epochs
Models: [(1, 1), (2, 2), (3, 3)]
Total nodes: 6
Validation: Using separate validation set
Early stopping: patience=10, min_delta=0.001
Init    | Train: loss: 1.58553 | quality: 0.31452
        | Val:   loss: 1.21838 | quality: 0.29630

Epoch 1 | Train: loss: 0.04205 | quality: 1.00000
        | Val:   loss: 0.08709 | quality: 1.00000
 *
Epoch 2 | Train: loss: 0.00066 | quality: 1.00000
        | Val:   loss: 0.05114 | quality: 1.00000

Epoch 3 | Train: loss: 0.00000 | quality: 1.00000
        | Val:   loss: 0.06408 | quality: 0.96296

Epoch 4 | Train: loss: 0.00000 | quality: 1.00000
        | Val:   loss: 0.11334 | quality: 0.96296

Epoch 5 | Train: loss: 0.00000 | quality: 1.00000
        | Val:   loss: 0.17981 | quality: 0.96296

Epoch 6 | Train: loss: 0.00000 | quality: 1.00000
        | Val:   loss: 0.22165 | quality: 0.96296

Epoch 7 | Train: loss: 0.00000 | quality: 1.00000
        | Val:   loss: 0.33363 | quality: 0.96296

Epoch 8 | Train: loss: 5961794642680257632187124235913658368.00000 | quality: 0.59677
        | Val:   loss: 2306836982427509780435185773959970816.00000 | quality: 0.59259

Epoch 9 | Train: loss: 173116353980482693946972107952595057446554430605858522302448212154294011743079796209816227524425669657549809320005991186224987877113850846867152990136381525616665167046819497671223290972455493649851553733826218329057335332155949056.00000 | quality: 0.44355
        | Val:   loss: 66154439006321583448735103952659359305813599021969457303199730599572129506279745243767981382026728907400343131216178967624541811829497967431001002127963741786183431164778561617166899490107362705573495170234554202362426516729495552.00000 | quality: 0.29630


✗ NaN loss at epoch 10 - stopping training
[2026-05-02 23:28:05,273][__main__][WARNING] - ✗ SINGULAR CPDATypeI/wine/NTN L=3 bd=64 seed=47311 -> /zhome/6b/e/212868/GTN/outputs/ntn/wine/CPDATypeI_rg5_init0.1/L3_bd64_seed47311 | val=1.0000
[2026-05-02 23:28:05,275][HYDRA] 	#24 : model.L=3 model.bond_dim=64 seed=47303 trainer.ridge=5 trainer.ridge_decay=0.25 trainer.ridge_min=0.0001 +experiment=cpda_ntn_sweep model=cpda_typei dataset=wine
[2026-05-02 23:28:05,438][__main__][INFO] - ▶ RUN CPDATypeI/wine/NTN L=3 bd=64 seed=47303 -> /zhome/6b/e/212868/GTN/outputs/ntn/wine/CPDATypeI_rg5_init0.1/L3_bd64_seed47303
Starting Ensemble Fit: 20 epochs
Models: [(1, 1), (2, 2), (3, 3)]
Total nodes: 6
Validation: Using separate validation set
Early stopping: patience=10, min_delta=0.001
Init    | Train: loss: 1.38414 | quality: 0.37097
        | Val:   loss: 1.41256 | quality: 0.33333

Epoch 1 | Train: loss: 0.04228 | quality: 1.00000
        | Val:   loss: 0.07418 | quality: 1.00000
 *
Epoch 2 | Train: loss: 0.00063 | quality: 1.00000
        | Val:   loss: 0.02692 | quality: 1.00000

Epoch 3 | Train: loss: 0.00000 | quality: 1.00000
        | Val:   loss: 0.01630 | quality: 1.00000

Epoch 4 | Train: loss: 0.00000 | quality: 1.00000
        | Val:   loss: 0.00975 | quality: 1.00000

Epoch 5 | Train: loss: 0.00000 | quality: 1.00000
        | Val:   loss: 0.00567 | quality: 1.00000

Epoch 6 | Train: loss: 0.00000 | quality: 1.00000
        | Val:   loss: 0.00370 | quality: 1.00000

Epoch 7 | Train: loss: 0.00000 | quality: 1.00000
        | Val:   loss: 0.00773 | quality: 1.00000

Epoch 8 | Train: loss: 1552656780277845.75000 | quality: 0.55645
        | Val:   loss: 2788016213018742.50000 | quality: 0.51852

Epoch 9 | Train: loss: 264956040946227416390650752243738743293025166391484114332755213182006985228859120723060810666436026433536.00000 | quality: 0.36290
        | Val:   loss: 202112864535871627523682165485597952190876591112175548662961304078184601448987533087416208526042340524032.00000 | quality: 0.40741


✗ NaN loss at epoch 10 - stopping training
[2026-05-02 23:28:09,440][__main__][WARNING] - ✗ SINGULAR CPDATypeI/wine/NTN L=3 bd=64 seed=47303 -> /zhome/6b/e/212868/GTN/outputs/ntn/wine/CPDATypeI_rg5_init0.1/L3_bd64_seed47303 | val=1.0000
[2026-05-02 23:28:09,442][HYDRA] 	#25 : model.L=3 model.bond_dim=32 seed=42 trainer.ridge=5 trainer.ridge_decay=0.25 trainer.ridge_min=0.0001 +experiment=cpda_ntn_sweep model=cpda_typei dataset=wine
[2026-05-02 23:28:09,647][__main__][INFO] - ▶ RUN CPDATypeI/wine/NTN L=3 bd=32 seed=42 -> /zhome/6b/e/212868/GTN/outputs/ntn/wine/CPDATypeI_rg5_init0.1/L3_bd32_seed42
Starting Ensemble Fit: 20 epochs
Models: [(1, 1), (2, 2), (3, 3)]
Total nodes: 6
Validation: Using separate validation set
Early stopping: patience=10, min_delta=0.001
Init    | Train: loss: 1.33084 | quality: 0.25806
        | Val:   loss: 1.09130 | quality: 0.44444

Epoch 1 | Train: loss: 0.07675 | quality: 1.00000
        | Val:   loss: 0.11867 | quality: 1.00000
 *
Epoch 2 | Train: loss: 0.00216 | quality: 1.00000
        | Val:   loss: 0.06966 | quality: 0.96296

Epoch 3 | Train: loss: 0.00002 | quality: 1.00000
        | Val:   loss: 0.09605 | quality: 0.96296

Epoch 4 | Train: loss: 0.00000 | quality: 1.00000
        | Val:   loss: 0.14864 | quality: 0.96296

Epoch 5 | Train: loss: 0.00000 | quality: 1.00000
        | Val:   loss: 0.20972 | quality: 0.96296

Epoch 6 | Train: loss: 0.00000 | quality: 1.00000
        | Val:   loss: 0.24930 | quality: 0.96296

Epoch 7 | Train: loss: 0.00000 | quality: 1.00000
        | Val:   loss: 0.32747 | quality: 0.96296

Epoch 8 | Train: loss: 0.00000 | quality: 1.00000
        | Val:   loss: 0.18808 | quality: 0.96296

Epoch 9 | Train: loss: 0.00000 | quality: 1.00000
        | Val:   loss: 0.30388 | quality: 0.96296

Epoch 10 | Train: loss: 0.00000 | quality: 1.00000
        | Val:   loss: 0.35092 | quality: 0.96296

Epoch 11 | Train: loss: 0.00000 | quality: 1.00000
        | Val:   loss: 0.37532 | quality: 0.96296


Early stopping at epoch 11 (best was epoch 1)

Best epoch: 1 (val_quality=1.000000)
[2026-05-02 23:28:11,826][__main__][INFO] - ✓ DONE CPDATypeI/wine/NTN L=3 bd=32 seed=42 -> /zhome/6b/e/212868/GTN/outputs/ntn/wine/CPDATypeI_rg5_init0.1/L3_bd32_seed42 | val=1.0000
[2026-05-02 23:28:11,828][HYDRA] 	#26 : model.L=3 model.bond_dim=32 seed=10090 trainer.ridge=5 trainer.ridge_decay=0.25 trainer.ridge_min=0.0001 +experiment=cpda_ntn_sweep model=cpda_typei dataset=wine
[2026-05-02 23:28:12,005][__main__][INFO] - ▶ RUN CPDATypeI/wine/NTN L=3 bd=32 seed=10090 -> /zhome/6b/e/212868/GTN/outputs/ntn/wine/CPDATypeI_rg5_init0.1/L3_bd32_seed10090
Starting Ensemble Fit: 20 epochs
Models: [(1, 1), (2, 2), (3, 3)]
Total nodes: 6
Validation: Using separate validation set
Early stopping: patience=10, min_delta=0.001
Init    | Train: loss: 1.40217 | quality: 0.29839
        | Val:   loss: 1.46914 | quality: 0.22222

Epoch 1 | Train: loss: 0.07458 | quality: 1.00000
        | Val:   loss: 0.11273 | quality: 1.00000
 *
Epoch 2 | Train: loss: 0.00205 | quality: 1.00000
        | Val:   loss: 0.05525 | quality: 1.00000

Epoch 3 | Train: loss: 0.00002 | quality: 1.00000
        | Val:   loss: 0.05377 | quality: 0.96296

Epoch 4 | Train: loss: 0.00000 | quality: 1.00000
        | Val:   loss: 0.05991 | quality: 0.96296

Epoch 5 | Train: loss: 0.00000 | quality: 1.00000
        | Val:   loss: 0.06613 | quality: 0.96296

Epoch 6 | Train: loss: 0.00000 | quality: 1.00000
        | Val:   loss: 0.05557 | quality: 0.96296

Epoch 7 | Train: loss: 0.00000 | quality: 1.00000
        | Val:   loss: 0.04543 | quality: 0.96296

Epoch 8 | Train: loss: 202043896692051716941959257667387440121064381692406635696360098820594077022394994602229622469081755810141206569167216053852128374251793040043565759156704273414306977453357227828705935202542247439499408369186397725894115328.00000 | quality: 0.66129
        | Val:   loss: 192556205918972274102276106774806516503087729071061887019806161631714881521525894808030434797551957195429909425479103134809891945673302772480823576567330244756042830735894163967342960222800959493804152433871786721599815680.00000 | quality: 0.59259


✗ NaN loss at epoch 9 - stopping training
[2026-05-02 23:28:13,992][__main__][WARNING] - ✗ SINGULAR CPDATypeI/wine/NTN L=3 bd=32 seed=10090 -> /zhome/6b/e/212868/GTN/outputs/ntn/wine/CPDATypeI_rg5_init0.1/L3_bd32_seed10090 | val=1.0000
[2026-05-02 23:28:13,994][HYDRA] 	#27 : model.L=3 model.bond_dim=32 seed=32874 trainer.ridge=5 trainer.ridge_decay=0.25 trainer.ridge_min=0.0001 +experiment=cpda_ntn_sweep model=cpda_typei dataset=wine
[2026-05-02 23:28:14,207][__main__][INFO] - ▶ RUN CPDATypeI/wine/NTN L=3 bd=32 seed=32874 -> /zhome/6b/e/212868/GTN/outputs/ntn/wine/CPDATypeI_rg5_init0.1/L3_bd32_seed32874
Starting Ensemble Fit: 20 epochs
Models: [(1, 1), (2, 2), (3, 3)]
Total nodes: 6
Validation: Using separate validation set
Early stopping: patience=10, min_delta=0.001
Init    | Train: loss: 1.39122 | quality: 0.39516
        | Val:   loss: 1.31954 | quality: 0.29630

Epoch 1 | Train: loss: 0.07212 | quality: 1.00000
        | Val:   loss: 0.12164 | quality: 1.00000
 *
Epoch 2 | Train: loss: 0.00208 | quality: 1.00000
        | Val:   loss: 0.05202 | quality: 0.96296

Epoch 3 | Train: loss: 0.00002 | quality: 1.00000
        | Val:   loss: 0.05637 | quality: 0.96296

Epoch 4 | Train: loss: 0.00000 | quality: 1.00000
        | Val:   loss: 0.07311 | quality: 0.96296

Epoch 5 | Train: loss: 0.00000 | quality: 1.00000
        | Val:   loss: 0.11048 | quality: 0.96296

Epoch 6 | Train: loss: 0.00000 | quality: 1.00000
        | Val:   loss: 0.17002 | quality: 0.96296

Epoch 7 | Train: loss: 0.00000 | quality: 1.00000
        | Val:   loss: 0.22162 | quality: 0.96296

Epoch 8 | Train: loss: 6092012004438118101858385920.00000 | quality: 0.38710
        | Val:   loss: 1642850768132352208866902016.00000 | quality: 0.51852

Epoch 9 | Train: loss: 5380902960529844735415654705336193378562099780383950942693099626572403831132084719122011271484968782982769238715582768773772500735736002596294454485224179769587816695183767834198016.00000 | quality: 0.24194
        | Val:   loss: 2230749735334508716939229789904864884140294114835967523780223672947787092304381393767645110313725394894332945150330159644766787519422325749470116974807427872661570393257197195755520.00000 | quality: 0.14815


✗ NaN loss at epoch 10 - stopping training
[2026-05-02 23:28:16,123][__main__][WARNING] - ✗ SINGULAR CPDATypeI/wine/NTN L=3 bd=32 seed=32874 -> /zhome/6b/e/212868/GTN/outputs/ntn/wine/CPDATypeI_rg5_init0.1/L3_bd32_seed32874 | val=1.0000
[2026-05-02 23:28:16,125][HYDRA] 	#28 : model.L=3 model.bond_dim=32 seed=47311 trainer.ridge=5 trainer.ridge_decay=0.25 trainer.ridge_min=0.0001 +experiment=cpda_ntn_sweep model=cpda_typei dataset=wine
[2026-05-02 23:28:16,363][__main__][INFO] - ▶ RUN CPDATypeI/wine/NTN L=3 bd=32 seed=47311 -> /zhome/6b/e/212868/GTN/outputs/ntn/wine/CPDATypeI_rg5_init0.1/L3_bd32_seed47311
Starting Ensemble Fit: 20 epochs
Models: [(1, 1), (2, 2), (3, 3)]
Total nodes: 6
Validation: Using separate validation set
Early stopping: patience=10, min_delta=0.001
Init    | Train: loss: 1.10513 | quality: 0.48387
        | Val:   loss: 1.06760 | quality: 0.37037

Epoch 1 | Train: loss: 0.07897 | quality: 1.00000
        | Val:   loss: 0.12117 | quality: 1.00000
 *
Epoch 2 | Train: loss: 0.00217 | quality: 1.00000
        | Val:   loss: 0.05014 | quality: 1.00000

Epoch 3 | Train: loss: 0.00002 | quality: 1.00000
        | Val:   loss: 0.06653 | quality: 0.96296

Epoch 4 | Train: loss: 0.00000 | quality: 1.00000
        | Val:   loss: 0.11720 | quality: 0.96296

Epoch 5 | Train: loss: 0.00000 | quality: 1.00000
        | Val:   loss: 0.17159 | quality: 0.96296

Epoch 6 | Train: loss: 0.00000 | quality: 1.00000
        | Val:   loss: 0.22943 | quality: 0.96296

Epoch 7 | Train: loss: 0.00000 | quality: 1.00000
        | Val:   loss: 0.44443 | quality: 0.96296

Epoch 8 | Train: loss: 0.00000 | quality: 1.00000
        | Val:   loss: 0.97388 | quality: 0.96296

Epoch 9 | Train: loss: 196543500606773275298183259381066789564239465048241916726766908370302349289604250513756279695715835202455317568395673600.00000 | quality: 0.64516
        | Val:   loss: 107379441208373884837164827979569163476758201283005398243216925964599672567882812565668184622995282013885615448118001664.00000 | quality: 0.62963


✗ NaN loss at epoch 10 - stopping training
[2026-05-02 23:28:18,288][__main__][WARNING] - ✗ SINGULAR CPDATypeI/wine/NTN L=3 bd=32 seed=47311 -> /zhome/6b/e/212868/GTN/outputs/ntn/wine/CPDATypeI_rg5_init0.1/L3_bd32_seed47311 | val=1.0000
[2026-05-02 23:28:18,292][HYDRA] 	#29 : model.L=3 model.bond_dim=32 seed=47303 trainer.ridge=5 trainer.ridge_decay=0.25 trainer.ridge_min=0.0001 +experiment=cpda_ntn_sweep model=cpda_typei dataset=wine
[2026-05-02 23:28:18,492][__main__][INFO] - ▶ RUN CPDATypeI/wine/NTN L=3 bd=32 seed=47303 -> /zhome/6b/e/212868/GTN/outputs/ntn/wine/CPDATypeI_rg5_init0.1/L3_bd32_seed47303
Starting Ensemble Fit: 20 epochs
Models: [(1, 1), (2, 2), (3, 3)]
Total nodes: 6
Validation: Using separate validation set
Early stopping: patience=10, min_delta=0.001
Init    | Train: loss: 1.25680 | quality: 0.39516
        | Val:   loss: 1.25939 | quality: 0.40741

Epoch 1 | Train: loss: 0.06810 | quality: 1.00000
        | Val:   loss: 0.10805 | quality: 1.00000
 *
Epoch 2 | Train: loss: 0.00197 | quality: 1.00000
        | Val:   loss: 0.04738 | quality: 1.00000

Epoch 3 | Train: loss: 0.00002 | quality: 1.00000
        | Val:   loss: 0.06045 | quality: 0.96296

Epoch 4 | Train: loss: 0.00000 | quality: 1.00000
        | Val:   loss: 0.12218 | quality: 0.96296

Epoch 5 | Train: loss: 0.00000 | quality: 1.00000
        | Val:   loss: 0.26406 | quality: 0.96296

Epoch 6 | Train: loss: 0.00000 | quality: 1.00000
        | Val:   loss: 0.43029 | quality: 0.96296

Epoch 7 | Train: loss: 0.00000 | quality: 1.00000
        | Val:   loss: 0.71667 | quality: 0.96296

Epoch 8 | Train: loss: 5245126809641544.00000 | quality: 0.61290
        | Val:   loss: 12981503645411874.00000 | quality: 0.55556

Epoch 9 | Train: loss: 1881690990882573352531018429714171235667870935150416394706264276470596882960681371106166317999123803385364480.00000 | quality: 0.25000
        | Val:   loss: 1775866477754089751236778595809958949863455971343853067430893689666442016541174324359353020537127317429813248.00000 | quality: 0.14815


✗ NaN loss at epoch 10 - stopping training
[2026-05-02 23:28:20,258][__main__][WARNING] - ✗ SINGULAR CPDATypeI/wine/NTN L=3 bd=32 seed=47303 -> /zhome/6b/e/212868/GTN/outputs/ntn/wine/CPDATypeI_rg5_init0.1/L3_bd32_seed47303 | val=1.0000
[2026-05-02 23:28:20,260][HYDRA] 	#30 : model.L=3 model.bond_dim=16 seed=42 trainer.ridge=5 trainer.ridge_decay=0.25 trainer.ridge_min=0.0001 +experiment=cpda_ntn_sweep model=cpda_typei dataset=wine
[2026-05-02 23:28:20,468][__main__][INFO] - ▶ RUN CPDATypeI/wine/NTN L=3 bd=16 seed=42 -> /zhome/6b/e/212868/GTN/outputs/ntn/wine/CPDATypeI_rg5_init0.1/L3_bd16_seed42
Starting Ensemble Fit: 20 epochs
Models: [(1, 1), (2, 2), (3, 3)]
Total nodes: 6
Validation: Using separate validation set
Early stopping: patience=10, min_delta=0.001
Init    | Train: loss: 1.55771 | quality: 0.22581
        | Val:   loss: 1.36551 | quality: 0.25926

Epoch 1 | Train: loss: 0.12400 | quality: 1.00000
        | Val:   loss: 0.17768 | quality: 1.00000
 *
Epoch 2 | Train: loss: 0.00621 | quality: 1.00000
        | Val:   loss: 0.05816 | quality: 1.00000

Epoch 3 | Train: loss: 0.00007 | quality: 1.00000
        | Val:   loss: 0.09126 | quality: 0.96296

Epoch 4 | Train: loss: 0.00000 | quality: 1.00000
        | Val:   loss: 0.13550 | quality: 0.96296

Epoch 5 | Train: loss: 0.00000 | quality: 1.00000
        | Val:   loss: 0.17016 | quality: 0.96296

Epoch 6 | Train: loss: 0.00000 | quality: 1.00000
        | Val:   loss: 0.17053 | quality: 0.96296

Epoch 7 | Train: loss: 0.00000 | quality: 1.00000
        | Val:   loss: 0.25749 | quality: 0.96296

Epoch 8 | Train: loss: 0.00000 | quality: 1.00000
        | Val:   loss: 0.57679 | quality: 0.96296

Epoch 9 | Train: loss: 10985885930517835289209123103276032405274624.00000 | quality: 0.73387
        | Val:   loss: 25950114273917073211634083844293659948220416.00000 | quality: 0.74074

Epoch 10 | Train: loss: 17765379334620689914684833165899454237671894798204660382271413915154864256970530193704326016960760984818334564322506157195330640901304426354306651264059560693853119192740857631106927654192993865084454196102430795497472.00000 | quality: 0.28226
        | Val:   loss: 11933880645079933873476683694238250782091434991447433105608694469642404553608365944885932696695757547303345547303827216131972961304765199076996189695625432541932072324347423077089190761029169185930273414464232329576448.00000 | quality: 0.25926


✗ NaN loss at epoch 11 - stopping training
[2026-05-02 23:28:21,910][__main__][WARNING] - ✗ SINGULAR CPDATypeI/wine/NTN L=3 bd=16 seed=42 -> /zhome/6b/e/212868/GTN/outputs/ntn/wine/CPDATypeI_rg5_init0.1/L3_bd16_seed42 | val=1.0000
[2026-05-02 23:28:21,912][HYDRA] 	#31 : model.L=3 model.bond_dim=16 seed=10090 trainer.ridge=5 trainer.ridge_decay=0.25 trainer.ridge_min=0.0001 +experiment=cpda_ntn_sweep model=cpda_typei dataset=wine
[2026-05-02 23:28:22,075][__main__][INFO] - ▶ RUN CPDATypeI/wine/NTN L=3 bd=16 seed=10090 -> /zhome/6b/e/212868/GTN/outputs/ntn/wine/CPDATypeI_rg5_init0.1/L3_bd16_seed10090
Starting Ensemble Fit: 20 epochs
Models: [(1, 1), (2, 2), (3, 3)]
Total nodes: 6
Validation: Using separate validation set
Early stopping: patience=10, min_delta=0.001
Init    | Train: loss: 1.35694 | quality: 0.23387
        | Val:   loss: 1.19007 | quality: 0.29630

Epoch 1 | Train: loss: 0.13737 | quality: 0.99194
        | Val:   loss: 0.16850 | quality: 1.00000
 *
Epoch 2 | Train: loss: 0.00709 | quality: 1.00000
        | Val:   loss: 0.04817 | quality: 1.00000
 *
Epoch 3 | Train: loss: 0.00008 | quality: 1.00000
        | Val:   loss: 0.04044 | quality: 1.00000

Epoch 4 | Train: loss: 0.00000 | quality: 1.00000
        | Val:   loss: 0.05181 | quality: 0.96296

Epoch 5 | Train: loss: 0.00000 | quality: 1.00000
        | Val:   loss: 0.06543 | quality: 0.96296

Epoch 6 | Train: loss: 0.00000 | quality: 1.00000
        | Val:   loss: 0.05060 | quality: 0.96296

Epoch 7 | Train: loss: 0.00000 | quality: 1.00000
        | Val:   loss: 0.01174 | quality: 1.00000

Epoch 8 | Train: loss: 0.00000 | quality: 1.00000
        | Val:   loss: 0.01520 | quality: 1.00000

Epoch 9 | Train: loss: 23807322538609504944128.00000 | quality: 0.62097
        | Val:   loss: 9346238445018612236288.00000 | quality: 0.55556

Epoch 10 | Train: loss: 58893738485127845816533528338206769043254318644645976441265100591148626298302587521561577193506843716717095516289341974907281473536.00000 | quality: 0.24194
        | Val:   loss: 36158335155820106405844133517301107618208029137069578815041977742690929583969058932619058919022209803715312855912147636478004953088.00000 | quality: 0.29630


✗ NaN loss at epoch 11 - stopping training
[2026-05-02 23:28:23,618][__main__][WARNING] - ✗ SINGULAR CPDATypeI/wine/NTN L=3 bd=16 seed=10090 -> /zhome/6b/e/212868/GTN/outputs/ntn/wine/CPDATypeI_rg5_init0.1/L3_bd16_seed10090 | val=1.0000
[2026-05-02 23:28:23,620][HYDRA] 	#32 : model.L=3 model.bond_dim=16 seed=32874 trainer.ridge=5 trainer.ridge_decay=0.25 trainer.ridge_min=0.0001 +experiment=cpda_ntn_sweep model=cpda_typei dataset=wine
[2026-05-02 23:28:23,783][__main__][INFO] - ▶ RUN CPDATypeI/wine/NTN L=3 bd=16 seed=32874 -> /zhome/6b/e/212868/GTN/outputs/ntn/wine/CPDATypeI_rg5_init0.1/L3_bd16_seed32874
Starting Ensemble Fit: 20 epochs
Models: [(1, 1), (2, 2), (3, 3)]
Total nodes: 6
Validation: Using separate validation set
Early stopping: patience=10, min_delta=0.001
Init    | Train: loss: 1.04061 | quality: 0.44355
        | Val:   loss: 0.93981 | quality: 0.44444

Epoch 1 | Train: loss: 0.14327 | quality: 0.99194
        | Val:   loss: 0.17725 | quality: 0.96296
 *
Epoch 2 | Train: loss: 0.00668 | quality: 1.00000
        | Val:   loss: 0.06029 | quality: 0.96296
 *
Epoch 3 | Train: loss: 0.00008 | quality: 1.00000
        | Val:   loss: 0.07632 | quality: 0.96296

Epoch 4 | Train: loss: 0.00000 | quality: 1.00000
        | Val:   loss: 0.13204 | quality: 0.96296

Epoch 5 | Train: loss: 0.00000 | quality: 1.00000
        | Val:   loss: 0.21399 | quality: 0.96296

Epoch 6 | Train: loss: 0.00000 | quality: 1.00000
        | Val:   loss: 0.29185 | quality: 0.96296

Epoch 7 | Train: loss: 0.00000 | quality: 1.00000
        | Val:   loss: 0.38403 | quality: 0.96296

Epoch 8 | Train: loss: 738.87244 | quality: 0.47581
        | Val:   loss: 965.43979 | quality: 0.33333

Epoch 9 | Train: loss: 343829487871840694943479255598628864.00000 | quality: 0.68548
        | Val:   loss: 220846111568171875605085892621893632.00000 | quality: 0.55556

Epoch 10 | Train: loss: 13047175054975267395577424872089685406455861335922665501680403787703091312947012687641104353987872890025856805724614510618798955228491810074260254006806934027994091146646823878915485885005824.00000 | quality: 0.37903
        | Val:   loss: 6361167421264094592240162798300945485004748448990863384882381109532922951268365552775399595070925768796481454892070401356182269552937274959327698421455236631128329167928455967127242172006400.00000 | quality: 0.44444


✗ NaN loss at epoch 11 - stopping training
[2026-05-02 23:28:25,246][__main__][WARNING] - ✗ SINGULAR CPDATypeI/wine/NTN L=3 bd=16 seed=32874 -> /zhome/6b/e/212868/GTN/outputs/ntn/wine/CPDATypeI_rg5_init0.1/L3_bd16_seed32874 | val=0.9630
[2026-05-02 23:28:25,248][HYDRA] 	#33 : model.L=3 model.bond_dim=16 seed=47311 trainer.ridge=5 trainer.ridge_decay=0.25 trainer.ridge_min=0.0001 +experiment=cpda_ntn_sweep model=cpda_typei dataset=wine
[2026-05-02 23:28:25,435][__main__][INFO] - ▶ RUN CPDATypeI/wine/NTN L=3 bd=16 seed=47311 -> /zhome/6b/e/212868/GTN/outputs/ntn/wine/CPDATypeI_rg5_init0.1/L3_bd16_seed47311
Starting Ensemble Fit: 20 epochs
Models: [(1, 1), (2, 2), (3, 3)]
Total nodes: 6
Validation: Using separate validation set
Early stopping: patience=10, min_delta=0.001
Init    | Train: loss: 1.16699 | quality: 0.37097
        | Val:   loss: 1.06543 | quality: 0.37037

Epoch 1 | Train: loss: 0.14200 | quality: 1.00000
        | Val:   loss: 0.19746 | quality: 1.00000
 *
Epoch 2 | Train: loss: 0.00827 | quality: 1.00000
        | Val:   loss: 0.05904 | quality: 1.00000

Epoch 3 | Train: loss: 0.00011 | quality: 1.00000
        | Val:   loss: 0.05821 | quality: 0.96296

Epoch 4 | Train: loss: 0.00000 | quality: 1.00000
        | Val:   loss: 0.07611 | quality: 0.96296

Epoch 5 | Train: loss: 0.00000 | quality: 1.00000
        | Val:   loss: 0.08244 | quality: 0.96296

Epoch 6 | Train: loss: 0.00000 | quality: 1.00000
        | Val:   loss: 0.09742 | quality: 0.96296

Epoch 7 | Train: loss: 0.00000 | quality: 1.00000
        | Val:   loss: 0.12064 | quality: 0.96296

Epoch 8 | Train: loss: 0.00000 | quality: 1.00000
        | Val:   loss: 0.10057 | quality: 0.96296

Epoch 9 | Train: loss: 15.34031 | quality: 0.71774
        | Val:   loss: 8.46618 | quality: 0.74074

Epoch 10 | Train: loss: 216498855796722426740490920441937920.00000 | quality: 0.66935
        | Val:   loss: 47431702407181672911084451623075840.00000 | quality: 0.70370

Epoch 11 | Train: loss: 117876914539329075087111143994260224147801166517971299962624981924862322423946108896989230536185073505282696104407999223913031368752091330439683380535823024036754227964052568206158459830272.00000 | quality: 0.23387
        | Val:   loss: 78758052687616348255385132717338836667287204534766357661605942756079670889823167880762542386530894447796206134067001449251261684048814886674203996598665157644734034666446425363741115678720.00000 | quality: 0.29630


Early stopping at epoch 11 (best was epoch 1)

Best epoch: 1 (val_quality=1.000000)
[2026-05-02 23:28:26,856][__main__][INFO] - ✓ DONE CPDATypeI/wine/NTN L=3 bd=16 seed=47311 -> /zhome/6b/e/212868/GTN/outputs/ntn/wine/CPDATypeI_rg5_init0.1/L3_bd16_seed47311 | val=1.0000
[2026-05-02 23:28:26,858][HYDRA] 	#34 : model.L=3 model.bond_dim=16 seed=47303 trainer.ridge=5 trainer.ridge_decay=0.25 trainer.ridge_min=0.0001 +experiment=cpda_ntn_sweep model=cpda_typei dataset=wine
[2026-05-02 23:28:27,022][__main__][INFO] - ▶ RUN CPDATypeI/wine/NTN L=3 bd=16 seed=47303 -> /zhome/6b/e/212868/GTN/outputs/ntn/wine/CPDATypeI_rg5_init0.1/L3_bd16_seed47303
Starting Ensemble Fit: 20 epochs
Models: [(1, 1), (2, 2), (3, 3)]
Total nodes: 6
Validation: Using separate validation set
Early stopping: patience=10, min_delta=0.001
Init    | Train: loss: 1.12372 | quality: 0.37903
        | Val:   loss: 1.12447 | quality: 0.37037

Epoch 1 | Train: loss: 0.14582 | quality: 1.00000
        | Val:   loss: 0.18225 | quality: 1.00000
 *
Epoch 2 | Train: loss: 0.00704 | quality: 1.00000
        | Val:   loss: 0.04943 | quality: 1.00000

Epoch 3 | Train: loss: 0.00008 | quality: 1.00000
        | Val:   loss: 0.04957 | quality: 0.96296

Epoch 4 | Train: loss: 0.00000 | quality: 1.00000
        | Val:   loss: 0.05037 | quality: 0.96296

Epoch 5 | Train: loss: 0.00000 | quality: 1.00000
        | Val:   loss: 0.04087 | quality: 0.96296

Epoch 6 | Train: loss: 0.00000 | quality: 1.00000
        | Val:   loss: 0.02073 | quality: 1.00000

Epoch 7 | Train: loss: 0.00000 | quality: 1.00000
        | Val:   loss: 0.01056 | quality: 1.00000

Epoch 8 | Train: loss: 0.00000 | quality: 1.00000
        | Val:   loss: 0.01316 | quality: 1.00000

Epoch 9 | Train: loss: 0.00000 | quality: 1.00000
        | Val:   loss: 0.32659 | quality: 0.96296

Epoch 10 | Train: loss: 1671346144507583044818267275264.00000 | quality: 0.49194
        | Val:   loss: 1310099592732527841628443901952.00000 | quality: 0.59259

Epoch 11 | Train: loss: 5049031904258382238053821247936458220453235662752732756183179562386207602651386013475507961406954261262083551016699535154985101414776057186365038026502568599879680.00000 | quality: 0.54839
        | Val:   loss: 3130803518208524997114878164151084725722295121953731516042250211137918401182998038656216240116728691822922231767925484303707059849672385781295850465762658584887296.00000 | quality: 0.55556


Early stopping at epoch 11 (best was epoch 1)

Best epoch: 1 (val_quality=1.000000)
[2026-05-02 23:28:28,454][__main__][INFO] - ✓ DONE CPDATypeI/wine/NTN L=3 bd=16 seed=47303 -> /zhome/6b/e/212868/GTN/outputs/ntn/wine/CPDATypeI_rg5_init0.1/L3_bd16_seed47303 | val=1.0000
[2026-05-02 23:28:28,457][HYDRA] 	#35 : model.L=3 model.bond_dim=8 seed=42 trainer.ridge=5 trainer.ridge_decay=0.25 trainer.ridge_min=0.0001 +experiment=cpda_ntn_sweep model=cpda_typei dataset=wine
[2026-05-02 23:28:28,612][__main__][INFO] - ▶ RUN CPDATypeI/wine/NTN L=3 bd=8 seed=42 -> /zhome/6b/e/212868/GTN/outputs/ntn/wine/CPDATypeI_rg5_init0.1/L3_bd8_seed42
Starting Ensemble Fit: 20 epochs
Models: [(1, 1), (2, 2), (3, 3)]
Total nodes: 6
Validation: Using separate validation set
Early stopping: patience=10, min_delta=0.001
Init    | Train: loss: 1.22645 | quality: 0.26613
        | Val:   loss: 1.13989 | quality: 0.25926

Epoch 1 | Train: loss: 0.22033 | quality: 0.99194
        | Val:   loss: 0.25133 | quality: 1.00000
 *
Epoch 2 | Train: loss: 0.02115 | quality: 1.00000
        | Val:   loss: 0.06546 | quality: 1.00000
 *
Epoch 3 | Train: loss: 0.00042 | quality: 1.00000
        | Val:   loss: 0.07289 | quality: 0.96296

Epoch 4 | Train: loss: 0.00000 | quality: 1.00000
        | Val:   loss: 0.12869 | quality: 0.96296

Epoch 5 | Train: loss: 0.00000 | quality: 1.00000
        | Val:   loss: 0.16770 | quality: 0.96296

Epoch 6 | Train: loss: 0.00000 | quality: 1.00000
        | Val:   loss: 0.18164 | quality: 0.96296

Epoch 7 | Train: loss: 0.00000 | quality: 1.00000
        | Val:   loss: 0.17587 | quality: 0.96296

Epoch 8 | Train: loss: 0.00000 | quality: 1.00000
        | Val:   loss: 0.26372 | quality: 0.96296

Epoch 9 | Train: loss: 0.00000 | quality: 1.00000
        | Val:   loss: 0.20778 | quality: 0.96296

Epoch 10 | Train: loss: 1062830366458556927581516370666774739875263680134037505800755709508800746863636002373783045234746053844520939680938013504503394911387648.00000 | quality: 0.45161
        | Val:   loss: 674235787630165829261668766289379196613945070861098533190844282455075945698727979109497019546715177247580327738035799055689669714903040.00000 | quality: 0.48148


✗ NaN loss at epoch 11 - stopping training
[2026-05-02 23:28:29,993][__main__][WARNING] - ✗ SINGULAR CPDATypeI/wine/NTN L=3 bd=8 seed=42 -> /zhome/6b/e/212868/GTN/outputs/ntn/wine/CPDATypeI_rg5_init0.1/L3_bd8_seed42 | val=1.0000
[2026-05-02 23:28:29,995][HYDRA] 	#36 : model.L=3 model.bond_dim=8 seed=10090 trainer.ridge=5 trainer.ridge_decay=0.25 trainer.ridge_min=0.0001 +experiment=cpda_ntn_sweep model=cpda_typei dataset=wine
[2026-05-02 23:28:30,231][__main__][INFO] - ▶ RUN CPDATypeI/wine/NTN L=3 bd=8 seed=10090 -> /zhome/6b/e/212868/GTN/outputs/ntn/wine/CPDATypeI_rg5_init0.1/L3_bd8_seed10090
Starting Ensemble Fit: 20 epochs
Models: [(1, 1), (2, 2), (3, 3)]
Total nodes: 6
Validation: Using separate validation set
Early stopping: patience=10, min_delta=0.001
Init    | Train: loss: 1.36494 | quality: 0.16129
        | Val:   loss: 1.23670 | quality: 0.37037

Epoch 1 | Train: loss: 0.21929 | quality: 0.99194
        | Val:   loss: 0.25605 | quality: 1.00000
 *
Epoch 2 | Train: loss: 0.02305 | quality: 1.00000
        | Val:   loss: 0.06676 | quality: 1.00000
 *
Epoch 3 | Train: loss: 0.00051 | quality: 1.00000
        | Val:   loss: 0.06346 | quality: 0.96296

Epoch 4 | Train: loss: 0.00000 | quality: 1.00000
        | Val:   loss: 0.07605 | quality: 0.96296

Epoch 5 | Train: loss: 0.00000 | quality: 1.00000
        | Val:   loss: 0.09456 | quality: 0.96296

Epoch 6 | Train: loss: 0.00000 | quality: 1.00000
        | Val:   loss: 0.11226 | quality: 0.96296

Epoch 7 | Train: loss: 0.00000 | quality: 1.00000
        | Val:   loss: 0.13775 | quality: 0.96296

Epoch 8 | Train: loss: 0.00000 | quality: 1.00000
        | Val:   loss: 0.16535 | quality: 0.96296

Epoch 9 | Train: loss: 5605219.88957 | quality: 0.28226
        | Val:   loss: 7278930.91996 | quality: 0.29630


✗ NaN loss at epoch 10 - stopping training
[2026-05-02 23:28:31,554][__main__][WARNING] - ✗ SINGULAR CPDATypeI/wine/NTN L=3 bd=8 seed=10090 -> /zhome/6b/e/212868/GTN/outputs/ntn/wine/CPDATypeI_rg5_init0.1/L3_bd8_seed10090 | val=1.0000
[2026-05-02 23:28:31,557][HYDRA] 	#37 : model.L=3 model.bond_dim=8 seed=32874 trainer.ridge=5 trainer.ridge_decay=0.25 trainer.ridge_min=0.0001 +experiment=cpda_ntn_sweep model=cpda_typei dataset=wine
[2026-05-02 23:28:31,993][__main__][INFO] - ▶ RUN CPDATypeI/wine/NTN L=3 bd=8 seed=32874 -> /zhome/6b/e/212868/GTN/outputs/ntn/wine/CPDATypeI_rg5_init0.1/L3_bd8_seed32874
Starting Ensemble Fit: 20 epochs
Models: [(1, 1), (2, 2), (3, 3)]
Total nodes: 6
Validation: Using separate validation set
Early stopping: patience=10, min_delta=0.001
Init    | Train: loss: 1.21887 | quality: 0.29032
        | Val:   loss: 1.20600 | quality: 0.18519

Epoch 1 | Train: loss: 0.21718 | quality: 0.99194
        | Val:   loss: 0.25274 | quality: 1.00000
 *
Epoch 2 | Train: loss: 0.02546 | quality: 1.00000
        | Val:   loss: 0.06624 | quality: 1.00000
 *
Epoch 3 | Train: loss: 0.00057 | quality: 1.00000
        | Val:   loss: 0.03710 | quality: 1.00000

Epoch 4 | Train: loss: 0.00000 | quality: 1.00000
        | Val:   loss: 0.03553 | quality: 0.96296

Epoch 5 | Train: loss: 0.00000 | quality: 1.00000
        | Val:   loss: 0.03634 | quality: 0.96296

Epoch 6 | Train: loss: 0.00000 | quality: 1.00000
        | Val:   loss: 0.03105 | quality: 0.96296

Epoch 7 | Train: loss: 0.00000 | quality: 1.00000
        | Val:   loss: 0.01872 | quality: 1.00000

Epoch 8 | Train: loss: 0.00000 | quality: 1.00000
        | Val:   loss: 0.00002 | quality: 1.00000

Epoch 9 | Train: loss: 2663533972516370614883639193243746304.00000 | quality: 0.82258
        | Val:   loss: 1494378716018752734325394261745336320.00000 | quality: 0.70370

Epoch 10 | Train: loss: 243213569072623247495388473029287986168532044688607250342448250233358805589284466816642243902755927350702175586286583784650499831404035733395474982542156120836217970068071751858989984304345829242528420886785602912066779443879840055296.00000 | quality: 0.50000
        | Val:   loss: 130678047553509803879868355017905033601907595104597493696637157491103240891607208834392082820867598103251111821312201849889789142099902649956230810362730892330372191974687402296516501677485634701112132116292463966190861537694294474752.00000 | quality: 0.55556


✗ NaN loss at epoch 11 - stopping training
[2026-05-02 23:28:33,378][__main__][WARNING] - ✗ SINGULAR CPDATypeI/wine/NTN L=3 bd=8 seed=32874 -> /zhome/6b/e/212868/GTN/outputs/ntn/wine/CPDATypeI_rg5_init0.1/L3_bd8_seed32874 | val=1.0000
[2026-05-02 23:28:33,380][HYDRA] 	#38 : model.L=3 model.bond_dim=8 seed=47311 trainer.ridge=5 trainer.ridge_decay=0.25 trainer.ridge_min=0.0001 +experiment=cpda_ntn_sweep model=cpda_typei dataset=wine
[2026-05-02 23:28:33,543][__main__][INFO] - ▶ RUN CPDATypeI/wine/NTN L=3 bd=8 seed=47311 -> /zhome/6b/e/212868/GTN/outputs/ntn/wine/CPDATypeI_rg5_init0.1/L3_bd8_seed47311
Starting Ensemble Fit: 20 epochs
Models: [(1, 1), (2, 2), (3, 3)]
Total nodes: 6
Validation: Using separate validation set
Early stopping: patience=10, min_delta=0.001
Init    | Train: loss: 1.13044 | quality: 0.34677
        | Val:   loss: 1.08746 | quality: 0.44444

Epoch 1 | Train: loss: 0.21943 | quality: 0.98387
        | Val:   loss: 0.26487 | quality: 1.00000
 *
Epoch 2 | Train: loss: 0.02119 | quality: 1.00000
        | Val:   loss: 0.07924 | quality: 1.00000
 *
Epoch 3 | Train: loss: 0.00042 | quality: 1.00000
        | Val:   loss: 0.09309 | quality: 0.96296

Epoch 4 | Train: loss: 0.00000 | quality: 1.00000
        | Val:   loss: 0.16485 | quality: 0.96296

Epoch 5 | Train: loss: 0.00000 | quality: 1.00000
        | Val:   loss: 0.24594 | quality: 0.96296

Epoch 6 | Train: loss: 0.00000 | quality: 1.00000
        | Val:   loss: 0.34846 | quality: 0.96296

Epoch 7 | Train: loss: 0.00000 | quality: 1.00000
        | Val:   loss: 0.48033 | quality: 0.96296

Epoch 8 | Train: loss: 35.31079 | quality: 0.74194
        | Val:   loss: 27.86214 | quality: 0.66667

Epoch 9 | Train: loss: 873109302738134380114007286637133824.00000 | quality: 0.78226
        | Val:   loss: 664180424171169303914608394219028480.00000 | quality: 0.81481

Epoch 10 | Train: loss: 453795698057922666640520361244298580338606925476146568200437423218769844413689564073399482277509544907058812002109111936441663864275444273507519745636656202548839458593050717175419347570255724544.00000 | quality: 0.61290
        | Val:   loss: 399026176095192541876068129589189318577783606854232432378043860320927452741352359095009699790458025304866348357995437319295173809624069062738972846718556391705893606289731908101886020602623426560.00000 | quality: 0.48148


✗ NaN loss at epoch 11 - stopping training
[2026-05-02 23:28:34,921][__main__][WARNING] - ✗ SINGULAR CPDATypeI/wine/NTN L=3 bd=8 seed=47311 -> /zhome/6b/e/212868/GTN/outputs/ntn/wine/CPDATypeI_rg5_init0.1/L3_bd8_seed47311 | val=1.0000
[2026-05-02 23:28:34,923][HYDRA] 	#39 : model.L=3 model.bond_dim=8 seed=47303 trainer.ridge=5 trainer.ridge_decay=0.25 trainer.ridge_min=0.0001 +experiment=cpda_ntn_sweep model=cpda_typei dataset=wine
[2026-05-02 23:28:35,091][__main__][INFO] - ▶ RUN CPDATypeI/wine/NTN L=3 bd=8 seed=47303 -> /zhome/6b/e/212868/GTN/outputs/ntn/wine/CPDATypeI_rg5_init0.1/L3_bd8_seed47303
Starting Ensemble Fit: 20 epochs
Models: [(1, 1), (2, 2), (3, 3)]
Total nodes: 6
Validation: Using separate validation set
Early stopping: patience=10, min_delta=0.001
Init    | Train: loss: 1.03910 | quality: 0.45968
        | Val:   loss: 1.04808 | quality: 0.37037

Epoch 1 | Train: loss: 0.23192 | quality: 0.98387
        | Val:   loss: 0.28095 | quality: 1.00000
 *
Epoch 2 | Train: loss: 0.02438 | quality: 1.00000
        | Val:   loss: 0.06118 | quality: 1.00000
 *
Epoch 3 | Train: loss: 0.00051 | quality: 1.00000
        | Val:   loss: 0.03537 | quality: 1.00000

Epoch 4 | Train: loss: 0.00000 | quality: 1.00000
        | Val:   loss: 0.04544 | quality: 0.96296

Epoch 5 | Train: loss: 0.00000 | quality: 1.00000
        | Val:   loss: 0.06563 | quality: 0.96296

Epoch 6 | Train: loss: 0.00000 | quality: 1.00000
        | Val:   loss: 0.08446 | quality: 0.96296

Epoch 7 | Train: loss: 0.00000 | quality: 1.00000
        | Val:   loss: 0.06311 | quality: 0.96296

Epoch 8 | Train: loss: 0.00000 | quality: 1.00000
        | Val:   loss: 0.03427 | quality: 0.96296

Epoch 9 | Train: loss: 0.00000 | quality: 1.00000
        | Val:   loss: 0.27440 | quality: 0.96296

Epoch 10 | Train: loss: 0.00000 | quality: 1.00000
        | Val:   loss: 0.28950 | quality: 0.96296

Epoch 11 | Train: loss: 56569301357975397890102956590992898302043039180259328.00000 | quality: 0.67742
        | Val:   loss: 21164696185726105652080639183174996267387390550605824.00000 | quality: 0.66667

Epoch 12 | Train: loss: 35962010724051328632153024224487611751622171992729661980682361643897202672525320822731872011649961493377360832933199280187140690274138129419100795768578223362662105505318788027416046793359353182186375763883604452633115909536140832863961342496338064026107904.00000 | quality: 0.24194
        | Val:   loss: 21705369585962542225562833538961597864464143387752888801804058312834693035419004070294638658749167765796641332508047684673789187710335253309468751812557482290561513774200648443527898597884439111367708444823313760319611822229069989913495706036309405181411328.00000 | quality: 0.22222


Early stopping at epoch 12 (best was epoch 2)

Best epoch: 2 (val_quality=1.000000)
[2026-05-02 23:28:36,469][__main__][INFO] - ✓ DONE CPDATypeI/wine/NTN L=3 bd=8 seed=47303 -> /zhome/6b/e/212868/GTN/outputs/ntn/wine/CPDATypeI_rg5_init0.1/L3_bd8_seed47303 | val=1.0000

------------------------------------------------------------
Sender: LSF System <lsfadmin@hpc.dtu.dk>
Subject: Job 28338018[132]: <ntn_grid_full[1-150]%20> in cluster <dcc> Done

Job <ntn_grid_full[1-150]%20> was submitted from host <hpclogin1> by user <nicci> in cluster <dcc> at Sat May  2 18:52:02 2026
Job was executed on host(s) <6*n-62-30-24>, in queue <hpc>, as user <nicci> in cluster <dcc> at Sat May  2 23:26:17 2026
</zhome/6b/e/212868> was used as the home directory.
</zhome/6b/e/212868/GTN> was used as the working directory.
Started at Sat May  2 23:26:17 2026
Terminated at Sat May  2 23:28:49 2026
Results reported at Sat May  2 23:28:49 2026

Your job looked like:

------------------------------------------------------------
# LSBATCH: User input
#!/bin/bash
#BSUB -q hpc
#BSUB -J "ntn_grid_full[1-150]%20"
#BSUB -W 8:00
#BSUB -n 6
#BSUB -R "rusage[mem=750MB]"
#BSUB -R "span[hosts=1]"
#BSUB -o logs/%J_%I.out
#BSUB -e logs/%J_%I.err

MODELS=("cpda" "cpda_typei" "lmpo2" "lmpo2_typei" "mpo2" "mpo2_typei" "mmpo2" "mmpo2_typei" "tnml_f" "tnml_p")

DATASETS=(
    "abalone" "adult" "ai4i" "appliances" "bank" "bike" "breast"
    "car_evaluation" "concrete" "energy_efficiency" "hearth"
    "iris" "mushrooms" "obesity" "popularity" "realstate"
    "seoulBike" "student_dropout" "student_perf" "wine"
    "winequalityc"
)

COMPLETED_DATASETS=(
    "abalone" "bike" "concrete" "energy_efficiency"
    "iris" "realstate" )

# Filter datasets
FILTERED_DATASETS=()
for ds in "${DATASETS[@]}"; do
    skip=false
    for completed in "${COMPLETED_DATASETS[@]}"; do
        if [[ "$ds" == "$completed" ]]; then
            skip=true
            break
        fi
    done

    if ! $skip; then
        FILTERED_DATASETS+=("$ds")
    fi
done

DATASETS=("${FILTERED_DATASETS[@]}")

NUM_MODELS=${#MODELS[@]}
NUM_DATASETS=${#DATASETS[@]}
NUM_EXPERIMENTS=$((NUM_DATASETS * NUM_MODELS))

if [ "$1" == "test" ]; then
    echo "SIMULATING ARRAY:"
    echo "-----------------"


(... more ...)
------------------------------------------------------------

Successfully completed.

Resource usage summary:

    CPU time :                                   399.00 sec.
    Max Memory :                                 520 MB
    Average Memory :                             239.00 MB
    Total Requested Memory :                     4500.00 MB
    Delta Memory :                               3980.00 MB
    Max Swap :                                   -
    Max Processes :                              6
    Max Threads :                                29
    Run time :                                   152 sec.
    Turnaround time :                            16607 sec.

The output (if any) is above this job summary.



PS:

Read file <logs/28338018_132.err> for stderr output of this job.

