Task 26: Dataset=appliances, Model=mpo2_typei, Experiment=uci_ntn_sweep
[2026-05-03 10:31:02,331][HYDRA] Launching 30 jobs locally
[2026-05-03 10:31:02,331][HYDRA] 	#0 : model.L=4 model.bond_dim=12 seed=42 trainer.ridge=5 trainer.ridge_decay=0.25 trainer.ridge_min=0.0001 +experiment=uci_ntn_sweep model=mpo2_typei dataset=appliances
[2026-05-03 10:31:02,863][utils.tracking][INFO] - Loaded 18722 tracked runs from runs_tracking.csv
[2026-05-03 10:31:02,866][__main__][INFO] - ⏭ SKIP MPO2TypeI/appliances/NTN L=4 bd=12 seed=42 -> /zhome/6b/e/212868/GTN/outputs/ntn/appliances/MPO2TypeI_rg5_init0.1/L4_bd12_seed42 | already completed successfully (val_quality=0.3000386968302806) val=0.3000
[2026-05-03 10:31:02,870][HYDRA] 	#1 : model.L=4 model.bond_dim=12 seed=10090 trainer.ridge=5 trainer.ridge_decay=0.25 trainer.ridge_min=0.0001 +experiment=uci_ntn_sweep model=mpo2_typei dataset=appliances
[2026-05-03 10:31:03,024][__main__][INFO] - ⏭ SKIP MPO2TypeI/appliances/NTN L=4 bd=12 seed=10090 -> /zhome/6b/e/212868/GTN/outputs/ntn/appliances/MPO2TypeI_rg5_init0.1/L4_bd12_seed10090 | already completed successfully (val_quality=0.3155330312016563) val=0.3155
[2026-05-03 10:31:03,032][HYDRA] 	#2 : model.L=4 model.bond_dim=12 seed=32874 trainer.ridge=5 trainer.ridge_decay=0.25 trainer.ridge_min=0.0001 +experiment=uci_ntn_sweep model=mpo2_typei dataset=appliances
[2026-05-03 10:31:03,199][__main__][INFO] - ⏭ SKIP MPO2TypeI/appliances/NTN L=4 bd=12 seed=32874 -> /zhome/6b/e/212868/GTN/outputs/ntn/appliances/MPO2TypeI_rg5_init0.1/L4_bd12_seed32874 | already completed successfully (val_quality=0.2901507689612859) val=0.2902
[2026-05-03 10:31:03,202][HYDRA] 	#3 : model.L=4 model.bond_dim=12 seed=47311 trainer.ridge=5 trainer.ridge_decay=0.25 trainer.ridge_min=0.0001 +experiment=uci_ntn_sweep model=mpo2_typei dataset=appliances
[2026-05-03 10:31:03,371][__main__][INFO] - ⏭ SKIP MPO2TypeI/appliances/NTN L=4 bd=12 seed=47311 -> /zhome/6b/e/212868/GTN/outputs/ntn/appliances/MPO2TypeI_rg5_init0.1/L4_bd12_seed47311 | already completed successfully (val_quality=0.2915267258526729) val=0.2915
[2026-05-03 10:31:03,375][HYDRA] 	#4 : model.L=4 model.bond_dim=12 seed=47303 trainer.ridge=5 trainer.ridge_decay=0.25 trainer.ridge_min=0.0001 +experiment=uci_ntn_sweep model=mpo2_typei dataset=appliances
[2026-05-03 10:31:03,543][__main__][INFO] - ⏭ SKIP MPO2TypeI/appliances/NTN L=4 bd=12 seed=47303 -> /zhome/6b/e/212868/GTN/outputs/ntn/appliances/MPO2TypeI_rg5_init0.1/L4_bd12_seed47303 | already completed successfully (val_quality=0.292783694563661) val=0.2928
[2026-05-03 10:31:03,546][HYDRA] 	#5 : model.L=4 model.bond_dim=8 seed=42 trainer.ridge=5 trainer.ridge_decay=0.25 trainer.ridge_min=0.0001 +experiment=uci_ntn_sweep model=mpo2_typei dataset=appliances
[2026-05-03 10:31:03,711][__main__][INFO] - ⏭ SKIP MPO2TypeI/appliances/NTN L=4 bd=8 seed=42 -> /zhome/6b/e/212868/GTN/outputs/ntn/appliances/MPO2TypeI_rg5_init0.1/L4_bd8_seed42 | already completed successfully (val_quality=0.3085939236233298) val=0.3086
[2026-05-03 10:31:03,714][HYDRA] 	#6 : model.L=4 model.bond_dim=8 seed=10090 trainer.ridge=5 trainer.ridge_decay=0.25 trainer.ridge_min=0.0001 +experiment=uci_ntn_sweep model=mpo2_typei dataset=appliances
[2026-05-03 10:31:03,887][__main__][INFO] - ⏭ SKIP MPO2TypeI/appliances/NTN L=4 bd=8 seed=10090 -> /zhome/6b/e/212868/GTN/outputs/ntn/appliances/MPO2TypeI_rg5_init0.1/L4_bd8_seed10090 | already completed successfully (val_quality=0.3057879941183418) val=0.3058
[2026-05-03 10:31:03,890][HYDRA] 	#7 : model.L=4 model.bond_dim=8 seed=32874 trainer.ridge=5 trainer.ridge_decay=0.25 trainer.ridge_min=0.0001 +experiment=uci_ntn_sweep model=mpo2_typei dataset=appliances
[2026-05-03 10:31:04,052][__main__][INFO] - ⏭ SKIP MPO2TypeI/appliances/NTN L=4 bd=8 seed=32874 -> /zhome/6b/e/212868/GTN/outputs/ntn/appliances/MPO2TypeI_rg5_init0.1/L4_bd8_seed32874 | already completed successfully (val_quality=0.3104085470563128) val=0.3104
[2026-05-03 10:31:04,055][HYDRA] 	#8 : model.L=4 model.bond_dim=8 seed=47311 trainer.ridge=5 trainer.ridge_decay=0.25 trainer.ridge_min=0.0001 +experiment=uci_ntn_sweep model=mpo2_typei dataset=appliances
[2026-05-03 10:31:04,224][__main__][INFO] - ⏭ SKIP MPO2TypeI/appliances/NTN L=4 bd=8 seed=47311 -> /zhome/6b/e/212868/GTN/outputs/ntn/appliances/MPO2TypeI_rg5_init0.1/L4_bd8_seed47311 | already completed successfully (val_quality=0.2965522452997761) val=0.2966
[2026-05-03 10:31:04,228][HYDRA] 	#9 : model.L=4 model.bond_dim=8 seed=47303 trainer.ridge=5 trainer.ridge_decay=0.25 trainer.ridge_min=0.0001 +experiment=uci_ntn_sweep model=mpo2_typei dataset=appliances
[2026-05-03 10:31:04,397][__main__][INFO] - ⏭ SKIP MPO2TypeI/appliances/NTN L=4 bd=8 seed=47303 -> /zhome/6b/e/212868/GTN/outputs/ntn/appliances/MPO2TypeI_rg5_init0.1/L4_bd8_seed47303 | already completed successfully (val_quality=0.3012354155702715) val=0.3012
[2026-05-03 10:31:04,401][HYDRA] 	#10 : model.L=4 model.bond_dim=4 seed=42 trainer.ridge=5 trainer.ridge_decay=0.25 trainer.ridge_min=0.0001 +experiment=uci_ntn_sweep model=mpo2_typei dataset=appliances
[2026-05-03 10:31:04,563][__main__][INFO] - ⏭ SKIP MPO2TypeI/appliances/NTN L=4 bd=4 seed=42 -> /zhome/6b/e/212868/GTN/outputs/ntn/appliances/MPO2TypeI_rg5_init0.1/L4_bd4_seed42 | already completed successfully (val_quality=0.2859898708877347) val=0.2860
[2026-05-03 10:31:04,566][HYDRA] 	#11 : model.L=4 model.bond_dim=4 seed=10090 trainer.ridge=5 trainer.ridge_decay=0.25 trainer.ridge_min=0.0001 +experiment=uci_ntn_sweep model=mpo2_typei dataset=appliances
[2026-05-03 10:31:04,728][__main__][INFO] - ⏭ SKIP MPO2TypeI/appliances/NTN L=4 bd=4 seed=10090 -> /zhome/6b/e/212868/GTN/outputs/ntn/appliances/MPO2TypeI_rg5_init0.1/L4_bd4_seed10090 | already completed successfully (val_quality=0.2699229147476665) val=0.2699
[2026-05-03 10:31:04,731][HYDRA] 	#12 : model.L=4 model.bond_dim=4 seed=32874 trainer.ridge=5 trainer.ridge_decay=0.25 trainer.ridge_min=0.0001 +experiment=uci_ntn_sweep model=mpo2_typei dataset=appliances
[2026-05-03 10:31:04,902][__main__][INFO] - ⏭ SKIP MPO2TypeI/appliances/NTN L=4 bd=4 seed=32874 -> /zhome/6b/e/212868/GTN/outputs/ntn/appliances/MPO2TypeI_rg5_init0.1/L4_bd4_seed32874 | already completed successfully (val_quality=0.3007348041416283) val=0.3007
[2026-05-03 10:31:04,905][HYDRA] 	#13 : model.L=4 model.bond_dim=4 seed=47311 trainer.ridge=5 trainer.ridge_decay=0.25 trainer.ridge_min=0.0001 +experiment=uci_ntn_sweep model=mpo2_typei dataset=appliances
[2026-05-03 10:31:05,072][__main__][INFO] - ⏭ SKIP MPO2TypeI/appliances/NTN L=4 bd=4 seed=47311 -> /zhome/6b/e/212868/GTN/outputs/ntn/appliances/MPO2TypeI_rg5_init0.1/L4_bd4_seed47311 | already completed successfully (val_quality=0.3117978079438994) val=0.3118
[2026-05-03 10:31:05,075][HYDRA] 	#14 : model.L=4 model.bond_dim=4 seed=47303 trainer.ridge=5 trainer.ridge_decay=0.25 trainer.ridge_min=0.0001 +experiment=uci_ntn_sweep model=mpo2_typei dataset=appliances
[2026-05-03 10:31:05,240][__main__][INFO] - ⏭ SKIP MPO2TypeI/appliances/NTN L=4 bd=4 seed=47303 -> /zhome/6b/e/212868/GTN/outputs/ntn/appliances/MPO2TypeI_rg5_init0.1/L4_bd4_seed47303 | already completed successfully (val_quality=0.2855519015971413) val=0.2856
[2026-05-03 10:31:05,243][HYDRA] 	#15 : model.L=3 model.bond_dim=12 seed=42 trainer.ridge=5 trainer.ridge_decay=0.25 trainer.ridge_min=0.0001 +experiment=uci_ntn_sweep model=mpo2_typei dataset=appliances
[2026-05-03 10:31:05,407][__main__][INFO] - ⏭ SKIP MPO2TypeI/appliances/NTN L=3 bd=12 seed=42 -> /zhome/6b/e/212868/GTN/outputs/ntn/appliances/MPO2TypeI_rg5_init0.1/L3_bd12_seed42 | already completed successfully (val_quality=0.3078904030393831) val=0.3079
[2026-05-03 10:31:05,410][HYDRA] 	#16 : model.L=3 model.bond_dim=12 seed=10090 trainer.ridge=5 trainer.ridge_decay=0.25 trainer.ridge_min=0.0001 +experiment=uci_ntn_sweep model=mpo2_typei dataset=appliances
[2026-05-03 10:31:05,625][__main__][INFO] - ⏭ SKIP MPO2TypeI/appliances/NTN L=3 bd=12 seed=10090 -> /zhome/6b/e/212868/GTN/outputs/ntn/appliances/MPO2TypeI_rg5_init0.1/L3_bd12_seed10090 | already completed successfully (val_quality=0.2960264215891487) val=0.2960
[2026-05-03 10:31:05,629][HYDRA] 	#17 : model.L=3 model.bond_dim=12 seed=32874 trainer.ridge=5 trainer.ridge_decay=0.25 trainer.ridge_min=0.0001 +experiment=uci_ntn_sweep model=mpo2_typei dataset=appliances
[2026-05-03 10:31:05,806][__main__][INFO] - ⏭ SKIP MPO2TypeI/appliances/NTN L=3 bd=12 seed=32874 -> /zhome/6b/e/212868/GTN/outputs/ntn/appliances/MPO2TypeI_rg5_init0.1/L3_bd12_seed32874 | already completed successfully (val_quality=0.3044287894556134) val=0.3044
[2026-05-03 10:31:05,810][HYDRA] 	#18 : model.L=3 model.bond_dim=12 seed=47311 trainer.ridge=5 trainer.ridge_decay=0.25 trainer.ridge_min=0.0001 +experiment=uci_ntn_sweep model=mpo2_typei dataset=appliances
[2026-05-03 10:31:05,980][__main__][INFO] - ⏭ SKIP MPO2TypeI/appliances/NTN L=3 bd=12 seed=47311 -> /zhome/6b/e/212868/GTN/outputs/ntn/appliances/MPO2TypeI_rg5_init0.1/L3_bd12_seed47311 | already completed successfully (val_quality=0.305021157398182) val=0.3050
[2026-05-03 10:31:05,983][HYDRA] 	#19 : model.L=3 model.bond_dim=12 seed=47303 trainer.ridge=5 trainer.ridge_decay=0.25 trainer.ridge_min=0.0001 +experiment=uci_ntn_sweep model=mpo2_typei dataset=appliances
[2026-05-03 10:31:06,232][__main__][INFO] - ⏭ SKIP MPO2TypeI/appliances/NTN L=3 bd=12 seed=47303 -> /zhome/6b/e/212868/GTN/outputs/ntn/appliances/MPO2TypeI_rg5_init0.1/L3_bd12_seed47303 | already completed successfully (val_quality=0.2901797900192959) val=0.2902
[2026-05-03 10:31:06,238][HYDRA] 	#20 : model.L=3 model.bond_dim=8 seed=42 trainer.ridge=5 trainer.ridge_decay=0.25 trainer.ridge_min=0.0001 +experiment=uci_ntn_sweep model=mpo2_typei dataset=appliances
[2026-05-03 10:31:06,429][__main__][INFO] - ⏭ SKIP MPO2TypeI/appliances/NTN L=3 bd=8 seed=42 -> /zhome/6b/e/212868/GTN/outputs/ntn/appliances/MPO2TypeI_rg5_init0.1/L3_bd8_seed42 | already completed successfully (val_quality=0.281286805815119) val=0.2813
[2026-05-03 10:31:06,432][HYDRA] 	#21 : model.L=3 model.bond_dim=8 seed=10090 trainer.ridge=5 trainer.ridge_decay=0.25 trainer.ridge_min=0.0001 +experiment=uci_ntn_sweep model=mpo2_typei dataset=appliances
[2026-05-03 10:31:06,609][__main__][INFO] - ⏭ SKIP MPO2TypeI/appliances/NTN L=3 bd=8 seed=10090 -> /zhome/6b/e/212868/GTN/outputs/ntn/appliances/MPO2TypeI_rg5_init0.1/L3_bd8_seed10090 | already completed successfully (val_quality=0.315982146873218) val=0.3160
[2026-05-03 10:31:06,622][HYDRA] 	#22 : model.L=3 model.bond_dim=8 seed=32874 trainer.ridge=5 trainer.ridge_decay=0.25 trainer.ridge_min=0.0001 +experiment=uci_ntn_sweep model=mpo2_typei dataset=appliances
[2026-05-03 10:31:06,809][__main__][INFO] - ⏭ SKIP MPO2TypeI/appliances/NTN L=3 bd=8 seed=32874 -> /zhome/6b/e/212868/GTN/outputs/ntn/appliances/MPO2TypeI_rg5_init0.1/L3_bd8_seed32874 | already completed successfully (val_quality=0.2947958339529661) val=0.2948
[2026-05-03 10:31:06,812][HYDRA] 	#23 : model.L=3 model.bond_dim=8 seed=47311 trainer.ridge=5 trainer.ridge_decay=0.25 trainer.ridge_min=0.0001 +experiment=uci_ntn_sweep model=mpo2_typei dataset=appliances
[2026-05-03 10:31:06,975][__main__][INFO] - ⏭ SKIP MPO2TypeI/appliances/NTN L=3 bd=8 seed=47311 -> /zhome/6b/e/212868/GTN/outputs/ntn/appliances/MPO2TypeI_rg5_init0.1/L3_bd8_seed47311 | already completed successfully (val_quality=0.2904553289194403) val=0.2905
[2026-05-03 10:31:06,978][HYDRA] 	#24 : model.L=3 model.bond_dim=8 seed=47303 trainer.ridge=5 trainer.ridge_decay=0.25 trainer.ridge_min=0.0001 +experiment=uci_ntn_sweep model=mpo2_typei dataset=appliances
[2026-05-03 10:31:07,136][__main__][INFO] - ⏭ SKIP MPO2TypeI/appliances/NTN L=3 bd=8 seed=47303 -> /zhome/6b/e/212868/GTN/outputs/ntn/appliances/MPO2TypeI_rg5_init0.1/L3_bd8_seed47303 | already completed successfully (val_quality=0.2927607911263103) val=0.2928
[2026-05-03 10:31:07,139][HYDRA] 	#25 : model.L=3 model.bond_dim=4 seed=42 trainer.ridge=5 trainer.ridge_decay=0.25 trainer.ridge_min=0.0001 +experiment=uci_ntn_sweep model=mpo2_typei dataset=appliances
[2026-05-03 10:31:07,308][__main__][INFO] - ⏭ SKIP MPO2TypeI/appliances/NTN L=3 bd=4 seed=42 -> /zhome/6b/e/212868/GTN/outputs/ntn/appliances/MPO2TypeI_rg5_init0.1/L3_bd4_seed42 | already completed successfully (val_quality=0.3090695084838359) val=0.3091
[2026-05-03 10:31:07,311][HYDRA] 	#26 : model.L=3 model.bond_dim=4 seed=10090 trainer.ridge=5 trainer.ridge_decay=0.25 trainer.ridge_min=0.0001 +experiment=uci_ntn_sweep model=mpo2_typei dataset=appliances
[2026-05-03 10:31:07,481][__main__][INFO] - ⏭ SKIP MPO2TypeI/appliances/NTN L=3 bd=4 seed=10090 -> /zhome/6b/e/212868/GTN/outputs/ntn/appliances/MPO2TypeI_rg5_init0.1/L3_bd4_seed10090 | already completed successfully (val_quality=0.2802523192288492) val=0.2803
[2026-05-03 10:31:07,484][HYDRA] 	#27 : model.L=3 model.bond_dim=4 seed=32874 trainer.ridge=5 trainer.ridge_decay=0.25 trainer.ridge_min=0.0001 +experiment=uci_ntn_sweep model=mpo2_typei dataset=appliances
[2026-05-03 10:31:07,886][__main__][INFO] - ⏭ SKIP MPO2TypeI/appliances/NTN L=3 bd=4 seed=32874 -> /zhome/6b/e/212868/GTN/outputs/ntn/appliances/MPO2TypeI_rg5_init0.1/L3_bd4_seed32874 | already completed successfully (val_quality=0.2875047605302107) val=0.2875
[2026-05-03 10:31:07,889][HYDRA] 	#28 : model.L=3 model.bond_dim=4 seed=47311 trainer.ridge=5 trainer.ridge_decay=0.25 trainer.ridge_min=0.0001 +experiment=uci_ntn_sweep model=mpo2_typei dataset=appliances
[2026-05-03 10:31:08,058][__main__][INFO] - ⏭ SKIP MPO2TypeI/appliances/NTN L=3 bd=4 seed=47311 -> /zhome/6b/e/212868/GTN/outputs/ntn/appliances/MPO2TypeI_rg5_init0.1/L3_bd4_seed47311 | already completed successfully (val_quality=0.2807805951919029) val=0.2808
[2026-05-03 10:31:08,061][HYDRA] 	#29 : model.L=3 model.bond_dim=4 seed=47303 trainer.ridge=5 trainer.ridge_decay=0.25 trainer.ridge_min=0.0001 +experiment=uci_ntn_sweep model=mpo2_typei dataset=appliances
[2026-05-03 10:31:08,219][__main__][INFO] - ⏭ SKIP MPO2TypeI/appliances/NTN L=3 bd=4 seed=47303 -> /zhome/6b/e/212868/GTN/outputs/ntn/appliances/MPO2TypeI_rg5_init0.1/L3_bd4_seed47303 | already completed successfully (val_quality=0.2932150243782039) val=0.2932

------------------------------------------------------------
Sender: LSF System <lsfadmin@hpc.dtu.dk>
Subject: Job 28339558[26]: <ntn_grid_full[1-150]%20> in cluster <dcc> Done

Job <ntn_grid_full[1-150]%20> was submitted from host <hpclogin1> by user <nicci> in cluster <dcc> at Sun May  3 10:30:18 2026
Job was executed on host(s) <6*n-62-13-8>, in queue <hpc>, as user <nicci> in cluster <dcc> at Sun May  3 10:30:38 2026
</zhome/6b/e/212868> was used as the home directory.
</zhome/6b/e/212868/GTN> was used as the working directory.
Started at Sun May  3 10:30:38 2026
Terminated at Sun May  3 10:31:10 2026
Results reported at Sun May  3 10:31:10 2026

Your job looked like:

------------------------------------------------------------
# LSBATCH: User input
#!/bin/bash
#BSUB -q hpc
#BSUB -J "ntn_grid_full[1-150]%20"
#BSUB -W 8:00
#BSUB -n 6
#BSUB -R "rusage[mem=1500MB]"
#BSUB -R "span[hosts=1]"
#BSUB -o logs/%J_%I.out
#BSUB -e logs/%J_%I.err

MODELS=("cpda" "cpda_typei" "lmpo2" "lmpo2_typei" "mpo2" "mpo2_typei" "mmpo2" "mmpo2_typei" "tnml_f" "tnml_p")

DATASETS=(
    "abalone" "adult" "ai4i" "appliances" "bank" "bike" "breast"
    "car_evaluation" "concrete" "energy_efficiency" "hearth"
    "iris" "mushrooms" "obesity" "popularity" "realstate"
    "seoulBike" "student_dropout" "student_perf" "wine"
    "winequalityc"
)

COMPLETED_DATASETS=(
    "abalone" "bike" "concrete" "energy_efficiency"
    "iris" "realstate" )

# Filter datasets
FILTERED_DATASETS=()
for ds in "${DATASETS[@]}"; do
    skip=false
    for completed in "${COMPLETED_DATASETS[@]}"; do
        if [[ "$ds" == "$completed" ]]; then
            skip=true
            break
        fi
    done

    if ! $skip; then
        FILTERED_DATASETS+=("$ds")
    fi
done

DATASETS=("${FILTERED_DATASETS[@]}")

NUM_MODELS=${#MODELS[@]}
NUM_DATASETS=${#DATASETS[@]}
NUM_EXPERIMENTS=$((NUM_DATASETS * NUM_MODELS))

if [ "$1" == "test" ]; then
    echo "SIMULATING ARRAY:"
    echo "-----------------"


(... more ...)
------------------------------------------------------------

Successfully completed.

Resource usage summary:

    CPU time :                                   16.38 sec.
    Max Memory :                                 305 MB
    Average Memory :                             305.00 MB
    Total Requested Memory :                     9000.00 MB
    Delta Memory :                               8695.00 MB
    Max Swap :                                   -
    Max Processes :                              4
    Max Threads :                                15
    Run time :                                   32 sec.
    Turnaround time :                            52 sec.

The output (if any) is above this job summary.



PS:

Read file <logs/28339558_26.err> for stderr output of this job.

