Task 33: Dataset=breast, Model=lmpo2, Experiment=uci_ntn_sweep
[2026-04-30 21:38:29,892][HYDRA] Launching 90 jobs locally
[2026-04-30 21:38:29,892][HYDRA] 	#0 : model.reduction_factor=0.3 model.L=3 model.bond_dim=4 seed=42 trainer.ridge=5 trainer.ridge_decay=0.25 trainer.ridge_min=0.0001 +experiment=uci_ntn_sweep model=lmpo2 dataset=breast
[2026-04-30 21:38:30,194][utils.tracking][INFO] - Loaded 17785 tracked runs from runs_tracking.csv
[2026-04-30 21:38:30,198][__main__][INFO] - ⏭ SKIP LMPO2/breast/NTN L=3 bd=4_rf0.3 seed=42 -> /zhome/6b/e/212868/GTN/outputs/ntn/breast/LMPO2_rg5_init0.1/L3_bd4_seed42_rf0.3_bondmpo1 | completed val=0.6118
[2026-04-30 21:38:30,201][HYDRA] 	#1 : model.reduction_factor=0.3 model.L=3 model.bond_dim=4 seed=10090 trainer.ridge=5 trainer.ridge_decay=0.25 trainer.ridge_min=0.0001 +experiment=uci_ntn_sweep model=lmpo2 dataset=breast
[2026-04-30 21:38:30,599][__main__][INFO] - ⏭ SKIP LMPO2/breast/NTN L=3 bd=4_rf0.3 seed=10090 -> /zhome/6b/e/212868/GTN/outputs/ntn/breast/LMPO2_rg5_init0.1/L3_bd4_seed10090_rf0.3_bondmpo1 | completed val=0.5647
[2026-04-30 21:38:30,601][HYDRA] 	#2 : model.reduction_factor=0.3 model.L=3 model.bond_dim=4 seed=32874 trainer.ridge=5 trainer.ridge_decay=0.25 trainer.ridge_min=0.0001 +experiment=uci_ntn_sweep model=lmpo2 dataset=breast
[2026-04-30 21:38:30,782][__main__][INFO] - ⏭ SKIP LMPO2/breast/NTN L=3 bd=4_rf0.3 seed=32874 -> /zhome/6b/e/212868/GTN/outputs/ntn/breast/LMPO2_rg5_init0.1/L3_bd4_seed32874_rf0.3_bondmpo1 | completed val=0.5647
[2026-04-30 21:38:30,784][HYDRA] 	#3 : model.reduction_factor=0.3 model.L=3 model.bond_dim=4 seed=47311 trainer.ridge=5 trainer.ridge_decay=0.25 trainer.ridge_min=0.0001 +experiment=uci_ntn_sweep model=lmpo2 dataset=breast
[2026-04-30 21:38:30,959][__main__][INFO] - ⏭ SKIP LMPO2/breast/NTN L=3 bd=4_rf0.3 seed=47311 -> /zhome/6b/e/212868/GTN/outputs/ntn/breast/LMPO2_rg5_init0.1/L3_bd4_seed47311_rf0.3_bondmpo1 | completed val=0.5765
[2026-04-30 21:38:30,961][HYDRA] 	#4 : model.reduction_factor=0.3 model.L=3 model.bond_dim=4 seed=47303 trainer.ridge=5 trainer.ridge_decay=0.25 trainer.ridge_min=0.0001 +experiment=uci_ntn_sweep model=lmpo2 dataset=breast
[2026-04-30 21:38:31,134][__main__][INFO] - ⏭ SKIP LMPO2/breast/NTN L=3 bd=4_rf0.3 seed=47303 -> /zhome/6b/e/212868/GTN/outputs/ntn/breast/LMPO2_rg5_init0.1/L3_bd4_seed47303_rf0.3_bondmpo1 | completed val=0.5647
[2026-04-30 21:38:31,136][HYDRA] 	#5 : model.reduction_factor=0.3 model.L=3 model.bond_dim=8 seed=42 trainer.ridge=5 trainer.ridge_decay=0.25 trainer.ridge_min=0.0001 +experiment=uci_ntn_sweep model=lmpo2 dataset=breast
[2026-04-30 21:38:31,305][__main__][INFO] - ⏭ SKIP LMPO2/breast/NTN L=3 bd=8_rf0.3 seed=42 -> /zhome/6b/e/212868/GTN/outputs/ntn/breast/LMPO2_rg5_init0.1/L3_bd8_seed42_rf0.3_bondmpo1 | completed val=0.5647
[2026-04-30 21:38:31,308][HYDRA] 	#6 : model.reduction_factor=0.3 model.L=3 model.bond_dim=8 seed=10090 trainer.ridge=5 trainer.ridge_decay=0.25 trainer.ridge_min=0.0001 +experiment=uci_ntn_sweep model=lmpo2 dataset=breast
[2026-04-30 21:38:31,477][__main__][INFO] - ⏭ SKIP LMPO2/breast/NTN L=3 bd=8_rf0.3 seed=10090 -> /zhome/6b/e/212868/GTN/outputs/ntn/breast/LMPO2_rg5_init0.1/L3_bd8_seed10090_rf0.3_bondmpo1 | completed val=0.5647
[2026-04-30 21:38:31,480][HYDRA] 	#7 : model.reduction_factor=0.3 model.L=3 model.bond_dim=8 seed=32874 trainer.ridge=5 trainer.ridge_decay=0.25 trainer.ridge_min=0.0001 +experiment=uci_ntn_sweep model=lmpo2 dataset=breast
[2026-04-30 21:38:31,650][__main__][INFO] - ⏭ SKIP LMPO2/breast/NTN L=3 bd=8_rf0.3 seed=32874 -> /zhome/6b/e/212868/GTN/outputs/ntn/breast/LMPO2_rg5_init0.1/L3_bd8_seed32874_rf0.3_bondmpo1 | completed val=0.5647
[2026-04-30 21:38:31,668][HYDRA] 	#8 : model.reduction_factor=0.3 model.L=3 model.bond_dim=8 seed=47311 trainer.ridge=5 trainer.ridge_decay=0.25 trainer.ridge_min=0.0001 +experiment=uci_ntn_sweep model=lmpo2 dataset=breast
[2026-04-30 21:38:31,845][__main__][INFO] - ⏭ SKIP LMPO2/breast/NTN L=3 bd=8_rf0.3 seed=47311 -> /zhome/6b/e/212868/GTN/outputs/ntn/breast/LMPO2_rg5_init0.1/L3_bd8_seed47311_rf0.3_bondmpo1 | completed val=0.5647
[2026-04-30 21:38:31,848][HYDRA] 	#9 : model.reduction_factor=0.3 model.L=3 model.bond_dim=8 seed=47303 trainer.ridge=5 trainer.ridge_decay=0.25 trainer.ridge_min=0.0001 +experiment=uci_ntn_sweep model=lmpo2 dataset=breast
[2026-04-30 21:38:32,022][__main__][INFO] - ⏭ SKIP LMPO2/breast/NTN L=3 bd=8_rf0.3 seed=47303 -> /zhome/6b/e/212868/GTN/outputs/ntn/breast/LMPO2_rg5_init0.1/L3_bd8_seed47303_rf0.3_bondmpo1 | completed val=0.5647
[2026-04-30 21:38:32,025][HYDRA] 	#10 : model.reduction_factor=0.3 model.L=3 model.bond_dim=12 seed=42 trainer.ridge=5 trainer.ridge_decay=0.25 trainer.ridge_min=0.0001 +experiment=uci_ntn_sweep model=lmpo2 dataset=breast
[2026-04-30 21:38:32,204][__main__][INFO] - ⏭ SKIP LMPO2/breast/NTN L=3 bd=12_rf0.3 seed=42 -> /zhome/6b/e/212868/GTN/outputs/ntn/breast/LMPO2_rg5_init0.1/L3_bd12_seed42_rf0.3_bondmpo1 | completed val=0.5647
[2026-04-30 21:38:32,207][HYDRA] 	#11 : model.reduction_factor=0.3 model.L=3 model.bond_dim=12 seed=10090 trainer.ridge=5 trainer.ridge_decay=0.25 trainer.ridge_min=0.0001 +experiment=uci_ntn_sweep model=lmpo2 dataset=breast
[2026-04-30 21:38:32,386][__main__][INFO] - ⏭ SKIP LMPO2/breast/NTN L=3 bd=12_rf0.3 seed=10090 -> /zhome/6b/e/212868/GTN/outputs/ntn/breast/LMPO2_rg5_init0.1/L3_bd12_seed10090_rf0.3_bondmpo1 | completed val=0.6941
[2026-04-30 21:38:32,388][HYDRA] 	#12 : model.reduction_factor=0.3 model.L=3 model.bond_dim=12 seed=32874 trainer.ridge=5 trainer.ridge_decay=0.25 trainer.ridge_min=0.0001 +experiment=uci_ntn_sweep model=lmpo2 dataset=breast
[2026-04-30 21:38:32,563][__main__][INFO] - ⏭ SKIP LMPO2/breast/NTN L=3 bd=12_rf0.3 seed=32874 -> /zhome/6b/e/212868/GTN/outputs/ntn/breast/LMPO2_rg5_init0.1/L3_bd12_seed32874_rf0.3_bondmpo1 | completed val=0.5647
[2026-04-30 21:38:32,565][HYDRA] 	#13 : model.reduction_factor=0.3 model.L=3 model.bond_dim=12 seed=47311 trainer.ridge=5 trainer.ridge_decay=0.25 trainer.ridge_min=0.0001 +experiment=uci_ntn_sweep model=lmpo2 dataset=breast
[2026-04-30 21:38:32,743][__main__][INFO] - ⏭ SKIP LMPO2/breast/NTN L=3 bd=12_rf0.3 seed=47311 -> /zhome/6b/e/212868/GTN/outputs/ntn/breast/LMPO2_rg5_init0.1/L3_bd12_seed47311_rf0.3_bondmpo1 | completed val=0.5647
[2026-04-30 21:38:32,746][HYDRA] 	#14 : model.reduction_factor=0.3 model.L=3 model.bond_dim=12 seed=47303 trainer.ridge=5 trainer.ridge_decay=0.25 trainer.ridge_min=0.0001 +experiment=uci_ntn_sweep model=lmpo2 dataset=breast
[2026-04-30 21:38:32,921][__main__][INFO] - ⏭ SKIP LMPO2/breast/NTN L=3 bd=12_rf0.3 seed=47303 -> /zhome/6b/e/212868/GTN/outputs/ntn/breast/LMPO2_rg5_init0.1/L3_bd12_seed47303_rf0.3_bondmpo1 | completed val=0.5647
[2026-04-30 21:38:32,923][HYDRA] 	#15 : model.reduction_factor=0.3 model.L=4 model.bond_dim=4 seed=42 trainer.ridge=5 trainer.ridge_decay=0.25 trainer.ridge_min=0.0001 +experiment=uci_ntn_sweep model=lmpo2 dataset=breast
[2026-04-30 21:38:33,099][__main__][INFO] - ⏭ SKIP LMPO2/breast/NTN L=4 bd=4_rf0.3 seed=42 -> /zhome/6b/e/212868/GTN/outputs/ntn/breast/LMPO2_rg5_init0.1/L4_bd4_seed42_rf0.3_bondmpo1 | completed val=0.5647
[2026-04-30 21:38:33,101][HYDRA] 	#16 : model.reduction_factor=0.3 model.L=4 model.bond_dim=4 seed=10090 trainer.ridge=5 trainer.ridge_decay=0.25 trainer.ridge_min=0.0001 +experiment=uci_ntn_sweep model=lmpo2 dataset=breast
[2026-04-30 21:38:33,281][__main__][INFO] - ⏭ SKIP LMPO2/breast/NTN L=4 bd=4_rf0.3 seed=10090 -> /zhome/6b/e/212868/GTN/outputs/ntn/breast/LMPO2_rg5_init0.1/L4_bd4_seed10090_rf0.3_bondmpo1 | completed val=0.6824
[2026-04-30 21:38:33,283][HYDRA] 	#17 : model.reduction_factor=0.3 model.L=4 model.bond_dim=4 seed=32874 trainer.ridge=5 trainer.ridge_decay=0.25 trainer.ridge_min=0.0001 +experiment=uci_ntn_sweep model=lmpo2 dataset=breast
[2026-04-30 21:38:33,453][__main__][INFO] - ⏭ SKIP LMPO2/breast/NTN L=4 bd=4_rf0.3 seed=32874 -> /zhome/6b/e/212868/GTN/outputs/ntn/breast/LMPO2_rg5_init0.1/L4_bd4_seed32874_rf0.3_bondmpo1 | completed val=0.5647
[2026-04-30 21:38:33,456][HYDRA] 	#18 : model.reduction_factor=0.3 model.L=4 model.bond_dim=4 seed=47311 trainer.ridge=5 trainer.ridge_decay=0.25 trainer.ridge_min=0.0001 +experiment=uci_ntn_sweep model=lmpo2 dataset=breast
[2026-04-30 21:38:33,644][__main__][INFO] - ⏭ SKIP LMPO2/breast/NTN L=4 bd=4_rf0.3 seed=47311 -> /zhome/6b/e/212868/GTN/outputs/ntn/breast/LMPO2_rg5_init0.1/L4_bd4_seed47311_rf0.3_bondmpo1 | completed val=0.5647
[2026-04-30 21:38:33,650][HYDRA] 	#19 : model.reduction_factor=0.3 model.L=4 model.bond_dim=4 seed=47303 trainer.ridge=5 trainer.ridge_decay=0.25 trainer.ridge_min=0.0001 +experiment=uci_ntn_sweep model=lmpo2 dataset=breast
[2026-04-30 21:38:33,823][__main__][INFO] - ⏭ SKIP LMPO2/breast/NTN L=4 bd=4_rf0.3 seed=47303 -> /zhome/6b/e/212868/GTN/outputs/ntn/breast/LMPO2_rg5_init0.1/L4_bd4_seed47303_rf0.3_bondmpo1 | completed val=0.5647
[2026-04-30 21:38:33,826][HYDRA] 	#20 : model.reduction_factor=0.3 model.L=4 model.bond_dim=8 seed=42 trainer.ridge=5 trainer.ridge_decay=0.25 trainer.ridge_min=0.0001 +experiment=uci_ntn_sweep model=lmpo2 dataset=breast
[2026-04-30 21:38:33,999][__main__][INFO] - ⏭ SKIP LMPO2/breast/NTN L=4 bd=8_rf0.3 seed=42 -> /zhome/6b/e/212868/GTN/outputs/ntn/breast/LMPO2_rg5_init0.1/L4_bd8_seed42_rf0.3_bondmpo1 | completed val=0.5647
[2026-04-30 21:38:34,001][HYDRA] 	#21 : model.reduction_factor=0.3 model.L=4 model.bond_dim=8 seed=10090 trainer.ridge=5 trainer.ridge_decay=0.25 trainer.ridge_min=0.0001 +experiment=uci_ntn_sweep model=lmpo2 dataset=breast
[2026-04-30 21:38:34,171][__main__][INFO] - ⏭ SKIP LMPO2/breast/NTN L=4 bd=8_rf0.3 seed=10090 -> /zhome/6b/e/212868/GTN/outputs/ntn/breast/LMPO2_rg5_init0.1/L4_bd8_seed10090_rf0.3_bondmpo1 | completed val=0.5647
[2026-04-30 21:38:34,173][HYDRA] 	#22 : model.reduction_factor=0.3 model.L=4 model.bond_dim=8 seed=32874 trainer.ridge=5 trainer.ridge_decay=0.25 trainer.ridge_min=0.0001 +experiment=uci_ntn_sweep model=lmpo2 dataset=breast
[2026-04-30 21:38:34,345][__main__][INFO] - ⏭ SKIP LMPO2/breast/NTN L=4 bd=8_rf0.3 seed=32874 -> /zhome/6b/e/212868/GTN/outputs/ntn/breast/LMPO2_rg5_init0.1/L4_bd8_seed32874_rf0.3_bondmpo1 | completed val=0.5647
[2026-04-30 21:38:34,348][HYDRA] 	#23 : model.reduction_factor=0.3 model.L=4 model.bond_dim=8 seed=47311 trainer.ridge=5 trainer.ridge_decay=0.25 trainer.ridge_min=0.0001 +experiment=uci_ntn_sweep model=lmpo2 dataset=breast
[2026-04-30 21:38:34,518][__main__][INFO] - ⏭ SKIP LMPO2/breast/NTN L=4 bd=8_rf0.3 seed=47311 -> /zhome/6b/e/212868/GTN/outputs/ntn/breast/LMPO2_rg5_init0.1/L4_bd8_seed47311_rf0.3_bondmpo1 | completed val=0.5647
[2026-04-30 21:38:34,521][HYDRA] 	#24 : model.reduction_factor=0.3 model.L=4 model.bond_dim=8 seed=47303 trainer.ridge=5 trainer.ridge_decay=0.25 trainer.ridge_min=0.0001 +experiment=uci_ntn_sweep model=lmpo2 dataset=breast
[2026-04-30 21:38:34,695][__main__][INFO] - ⏭ SKIP LMPO2/breast/NTN L=4 bd=8_rf0.3 seed=47303 -> /zhome/6b/e/212868/GTN/outputs/ntn/breast/LMPO2_rg5_init0.1/L4_bd8_seed47303_rf0.3_bondmpo1 | completed val=0.5882
[2026-04-30 21:38:34,698][HYDRA] 	#25 : model.reduction_factor=0.3 model.L=4 model.bond_dim=12 seed=42 trainer.ridge=5 trainer.ridge_decay=0.25 trainer.ridge_min=0.0001 +experiment=uci_ntn_sweep model=lmpo2 dataset=breast
[2026-04-30 21:38:34,973][__main__][INFO] - ⏭ SKIP LMPO2/breast/NTN L=4 bd=12_rf0.3 seed=42 -> /zhome/6b/e/212868/GTN/outputs/ntn/breast/LMPO2_rg5_init0.1/L4_bd12_seed42_rf0.3_bondmpo1 | completed val=0.5647
[2026-04-30 21:38:34,975][HYDRA] 	#26 : model.reduction_factor=0.3 model.L=4 model.bond_dim=12 seed=10090 trainer.ridge=5 trainer.ridge_decay=0.25 trainer.ridge_min=0.0001 +experiment=uci_ntn_sweep model=lmpo2 dataset=breast
[2026-04-30 21:38:35,158][__main__][INFO] - ⏭ SKIP LMPO2/breast/NTN L=4 bd=12_rf0.3 seed=10090 -> /zhome/6b/e/212868/GTN/outputs/ntn/breast/LMPO2_rg5_init0.1/L4_bd12_seed10090_rf0.3_bondmpo1 | completed val=0.5647
[2026-04-30 21:38:35,161][HYDRA] 	#27 : model.reduction_factor=0.3 model.L=4 model.bond_dim=12 seed=32874 trainer.ridge=5 trainer.ridge_decay=0.25 trainer.ridge_min=0.0001 +experiment=uci_ntn_sweep model=lmpo2 dataset=breast
[2026-04-30 21:38:35,559][__main__][INFO] - ⏭ SKIP LMPO2/breast/NTN L=4 bd=12_rf0.3 seed=32874 -> /zhome/6b/e/212868/GTN/outputs/ntn/breast/LMPO2_rg5_init0.1/L4_bd12_seed32874_rf0.3_bondmpo1 | completed val=0.5647
[2026-04-30 21:38:35,563][HYDRA] 	#28 : model.reduction_factor=0.3 model.L=4 model.bond_dim=12 seed=47311 trainer.ridge=5 trainer.ridge_decay=0.25 trainer.ridge_min=0.0001 +experiment=uci_ntn_sweep model=lmpo2 dataset=breast
[2026-04-30 21:38:35,732][__main__][INFO] - ⏭ SKIP LMPO2/breast/NTN L=4 bd=12_rf0.3 seed=47311 -> /zhome/6b/e/212868/GTN/outputs/ntn/breast/LMPO2_rg5_init0.1/L4_bd12_seed47311_rf0.3_bondmpo1 | completed val=0.6353
[2026-04-30 21:38:35,734][HYDRA] 	#29 : model.reduction_factor=0.3 model.L=4 model.bond_dim=12 seed=47303 trainer.ridge=5 trainer.ridge_decay=0.25 trainer.ridge_min=0.0001 +experiment=uci_ntn_sweep model=lmpo2 dataset=breast
[2026-04-30 21:38:35,902][__main__][INFO] - ⏭ SKIP LMPO2/breast/NTN L=4 bd=12_rf0.3 seed=47303 -> /zhome/6b/e/212868/GTN/outputs/ntn/breast/LMPO2_rg5_init0.1/L4_bd12_seed47303_rf0.3_bondmpo1 | completed val=0.5647
[2026-04-30 21:38:35,904][HYDRA] 	#30 : model.reduction_factor=0.5 model.L=3 model.bond_dim=4 seed=42 trainer.ridge=5 trainer.ridge_decay=0.25 trainer.ridge_min=0.0001 +experiment=uci_ntn_sweep model=lmpo2 dataset=breast
[2026-04-30 21:38:36,074][__main__][INFO] - ⏭ SKIP LMPO2/breast/NTN L=3 bd=4_rf0.5 seed=42 -> /zhome/6b/e/212868/GTN/outputs/ntn/breast/LMPO2_rg5_init0.1/L3_bd4_seed42_rf0.5_bondmpo1 | completed val=0.5647
[2026-04-30 21:38:36,076][HYDRA] 	#31 : model.reduction_factor=0.5 model.L=3 model.bond_dim=4 seed=10090 trainer.ridge=5 trainer.ridge_decay=0.25 trainer.ridge_min=0.0001 +experiment=uci_ntn_sweep model=lmpo2 dataset=breast
[2026-04-30 21:38:36,269][__main__][INFO] - ⏭ SKIP LMPO2/breast/NTN L=3 bd=4_rf0.5 seed=10090 -> /zhome/6b/e/212868/GTN/outputs/ntn/breast/LMPO2_rg5_init0.1/L3_bd4_seed10090_rf0.5_bondmpo1 | completed val=0.5882
[2026-04-30 21:38:36,271][HYDRA] 	#32 : model.reduction_factor=0.5 model.L=3 model.bond_dim=4 seed=32874 trainer.ridge=5 trainer.ridge_decay=0.25 trainer.ridge_min=0.0001 +experiment=uci_ntn_sweep model=lmpo2 dataset=breast
[2026-04-30 21:38:36,442][__main__][INFO] - ⏭ SKIP LMPO2/breast/NTN L=3 bd=4_rf0.5 seed=32874 -> /zhome/6b/e/212868/GTN/outputs/ntn/breast/LMPO2_rg5_init0.1/L3_bd4_seed32874_rf0.5_bondmpo1 | completed val=0.5647
[2026-04-30 21:38:36,444][HYDRA] 	#33 : model.reduction_factor=0.5 model.L=3 model.bond_dim=4 seed=47311 trainer.ridge=5 trainer.ridge_decay=0.25 trainer.ridge_min=0.0001 +experiment=uci_ntn_sweep model=lmpo2 dataset=breast
[2026-04-30 21:38:36,616][__main__][INFO] - ⏭ SKIP LMPO2/breast/NTN L=3 bd=4_rf0.5 seed=47311 -> /zhome/6b/e/212868/GTN/outputs/ntn/breast/LMPO2_rg5_init0.1/L3_bd4_seed47311_rf0.5_bondmpo1 | completed val=0.5647
[2026-04-30 21:38:36,634][HYDRA] 	#34 : model.reduction_factor=0.5 model.L=3 model.bond_dim=4 seed=47303 trainer.ridge=5 trainer.ridge_decay=0.25 trainer.ridge_min=0.0001 +experiment=uci_ntn_sweep model=lmpo2 dataset=breast
[2026-04-30 21:38:36,801][__main__][INFO] - ⏭ SKIP LMPO2/breast/NTN L=3 bd=4_rf0.5 seed=47303 -> /zhome/6b/e/212868/GTN/outputs/ntn/breast/LMPO2_rg5_init0.1/L3_bd4_seed47303_rf0.5_bondmpo1 | completed val=0.5647
[2026-04-30 21:38:36,804][HYDRA] 	#35 : model.reduction_factor=0.5 model.L=3 model.bond_dim=8 seed=42 trainer.ridge=5 trainer.ridge_decay=0.25 trainer.ridge_min=0.0001 +experiment=uci_ntn_sweep model=lmpo2 dataset=breast
[2026-04-30 21:38:36,974][__main__][INFO] - ⏭ SKIP LMPO2/breast/NTN L=3 bd=8_rf0.5 seed=42 -> /zhome/6b/e/212868/GTN/outputs/ntn/breast/LMPO2_rg5_init0.1/L3_bd8_seed42_rf0.5_bondmpo1 | completed val=0.8471
[2026-04-30 21:38:36,976][HYDRA] 	#36 : model.reduction_factor=0.5 model.L=3 model.bond_dim=8 seed=10090 trainer.ridge=5 trainer.ridge_decay=0.25 trainer.ridge_min=0.0001 +experiment=uci_ntn_sweep model=lmpo2 dataset=breast
[2026-04-30 21:38:37,154][__main__][INFO] - ⏭ SKIP LMPO2/breast/NTN L=3 bd=8_rf0.5 seed=10090 -> /zhome/6b/e/212868/GTN/outputs/ntn/breast/LMPO2_rg5_init0.1/L3_bd8_seed10090_rf0.5_bondmpo1 | completed val=0.5647
[2026-04-30 21:38:37,157][HYDRA] 	#37 : model.reduction_factor=0.5 model.L=3 model.bond_dim=8 seed=32874 trainer.ridge=5 trainer.ridge_decay=0.25 trainer.ridge_min=0.0001 +experiment=uci_ntn_sweep model=lmpo2 dataset=breast
[2026-04-30 21:38:37,331][__main__][INFO] - ⏭ SKIP LMPO2/breast/NTN L=3 bd=8_rf0.5 seed=32874 -> /zhome/6b/e/212868/GTN/outputs/ntn/breast/LMPO2_rg5_init0.1/L3_bd8_seed32874_rf0.5_bondmpo1 | completed val=0.6000
[2026-04-30 21:38:37,334][HYDRA] 	#38 : model.reduction_factor=0.5 model.L=3 model.bond_dim=8 seed=47311 trainer.ridge=5 trainer.ridge_decay=0.25 trainer.ridge_min=0.0001 +experiment=uci_ntn_sweep model=lmpo2 dataset=breast
[2026-04-30 21:38:37,504][__main__][INFO] - ⏭ SKIP LMPO2/breast/NTN L=3 bd=8_rf0.5 seed=47311 -> /zhome/6b/e/212868/GTN/outputs/ntn/breast/LMPO2_rg5_init0.1/L3_bd8_seed47311_rf0.5_bondmpo1 | completed val=0.6706
[2026-04-30 21:38:37,506][HYDRA] 	#39 : model.reduction_factor=0.5 model.L=3 model.bond_dim=8 seed=47303 trainer.ridge=5 trainer.ridge_decay=0.25 trainer.ridge_min=0.0001 +experiment=uci_ntn_sweep model=lmpo2 dataset=breast
[2026-04-30 21:38:37,685][__main__][INFO] - ⏭ SKIP LMPO2/breast/NTN L=3 bd=8_rf0.5 seed=47303 -> /zhome/6b/e/212868/GTN/outputs/ntn/breast/LMPO2_rg5_init0.1/L3_bd8_seed47303_rf0.5_bondmpo1 | completed val=0.5647
[2026-04-30 21:38:37,687][HYDRA] 	#40 : model.reduction_factor=0.5 model.L=3 model.bond_dim=12 seed=42 trainer.ridge=5 trainer.ridge_decay=0.25 trainer.ridge_min=0.0001 +experiment=uci_ntn_sweep model=lmpo2 dataset=breast
[2026-04-30 21:38:37,857][__main__][INFO] - ⏭ SKIP LMPO2/breast/NTN L=3 bd=12_rf0.5 seed=42 -> /zhome/6b/e/212868/GTN/outputs/ntn/breast/LMPO2_rg5_init0.1/L3_bd12_seed42_rf0.5_bondmpo1 | completed val=0.5647
[2026-04-30 21:38:37,860][HYDRA] 	#41 : model.reduction_factor=0.5 model.L=3 model.bond_dim=12 seed=10090 trainer.ridge=5 trainer.ridge_decay=0.25 trainer.ridge_min=0.0001 +experiment=uci_ntn_sweep model=lmpo2 dataset=breast
[2026-04-30 21:38:38,056][__main__][INFO] - ⏭ SKIP LMPO2/breast/NTN L=3 bd=12_rf0.5 seed=10090 -> /zhome/6b/e/212868/GTN/outputs/ntn/breast/LMPO2_rg5_init0.1/L3_bd12_seed10090_rf0.5_bondmpo1 | completed val=0.5647
[2026-04-30 21:38:38,058][HYDRA] 	#42 : model.reduction_factor=0.5 model.L=3 model.bond_dim=12 seed=32874 trainer.ridge=5 trainer.ridge_decay=0.25 trainer.ridge_min=0.0001 +experiment=uci_ntn_sweep model=lmpo2 dataset=breast
[2026-04-30 21:38:38,227][__main__][INFO] - ⏭ SKIP LMPO2/breast/NTN L=3 bd=12_rf0.5 seed=32874 -> /zhome/6b/e/212868/GTN/outputs/ntn/breast/LMPO2_rg5_init0.1/L3_bd12_seed32874_rf0.5_bondmpo1 | completed val=0.8471
[2026-04-30 21:38:38,229][HYDRA] 	#43 : model.reduction_factor=0.5 model.L=3 model.bond_dim=12 seed=47311 trainer.ridge=5 trainer.ridge_decay=0.25 trainer.ridge_min=0.0001 +experiment=uci_ntn_sweep model=lmpo2 dataset=breast
[2026-04-30 21:38:38,403][__main__][INFO] - ⏭ SKIP LMPO2/breast/NTN L=3 bd=12_rf0.5 seed=47311 -> /zhome/6b/e/212868/GTN/outputs/ntn/breast/LMPO2_rg5_init0.1/L3_bd12_seed47311_rf0.5_bondmpo1 | completed val=0.5647
[2026-04-30 21:38:38,406][HYDRA] 	#44 : model.reduction_factor=0.5 model.L=3 model.bond_dim=12 seed=47303 trainer.ridge=5 trainer.ridge_decay=0.25 trainer.ridge_min=0.0001 +experiment=uci_ntn_sweep model=lmpo2 dataset=breast
[2026-04-30 21:38:38,574][__main__][INFO] - ⏭ SKIP LMPO2/breast/NTN L=3 bd=12_rf0.5 seed=47303 -> /zhome/6b/e/212868/GTN/outputs/ntn/breast/LMPO2_rg5_init0.1/L3_bd12_seed47303_rf0.5_bondmpo1 | completed val=0.7412
[2026-04-30 21:38:38,576][HYDRA] 	#45 : model.reduction_factor=0.5 model.L=4 model.bond_dim=4 seed=42 trainer.ridge=5 trainer.ridge_decay=0.25 trainer.ridge_min=0.0001 +experiment=uci_ntn_sweep model=lmpo2 dataset=breast
[2026-04-30 21:38:38,745][__main__][INFO] - ⏭ SKIP LMPO2/breast/NTN L=4 bd=4_rf0.5 seed=42 -> /zhome/6b/e/212868/GTN/outputs/ntn/breast/LMPO2_rg5_init0.1/L4_bd4_seed42_rf0.5_bondmpo1 | completed val=0.5647
[2026-04-30 21:38:38,748][HYDRA] 	#46 : model.reduction_factor=0.5 model.L=4 model.bond_dim=4 seed=10090 trainer.ridge=5 trainer.ridge_decay=0.25 trainer.ridge_min=0.0001 +experiment=uci_ntn_sweep model=lmpo2 dataset=breast
[2026-04-30 21:38:38,926][__main__][INFO] - ⏭ SKIP LMPO2/breast/NTN L=4 bd=4_rf0.5 seed=10090 -> /zhome/6b/e/212868/GTN/outputs/ntn/breast/LMPO2_rg5_init0.1/L4_bd4_seed10090_rf0.5_bondmpo1 | completed val=0.5647
[2026-04-30 21:38:38,928][HYDRA] 	#47 : model.reduction_factor=0.5 model.L=4 model.bond_dim=4 seed=32874 trainer.ridge=5 trainer.ridge_decay=0.25 trainer.ridge_min=0.0001 +experiment=uci_ntn_sweep model=lmpo2 dataset=breast
[2026-04-30 21:38:39,097][__main__][INFO] - ⏭ SKIP LMPO2/breast/NTN L=4 bd=4_rf0.5 seed=32874 -> /zhome/6b/e/212868/GTN/outputs/ntn/breast/LMPO2_rg5_init0.1/L4_bd4_seed32874_rf0.5_bondmpo1 | completed val=0.5647
[2026-04-30 21:38:39,099][HYDRA] 	#48 : model.reduction_factor=0.5 model.L=4 model.bond_dim=4 seed=47311 trainer.ridge=5 trainer.ridge_decay=0.25 trainer.ridge_min=0.0001 +experiment=uci_ntn_sweep model=lmpo2 dataset=breast
[2026-04-30 21:38:39,267][__main__][INFO] - ⏭ SKIP LMPO2/breast/NTN L=4 bd=4_rf0.5 seed=47311 -> /zhome/6b/e/212868/GTN/outputs/ntn/breast/LMPO2_rg5_init0.1/L4_bd4_seed47311_rf0.5_bondmpo1 | completed val=0.5647
[2026-04-30 21:38:39,269][HYDRA] 	#49 : model.reduction_factor=0.5 model.L=4 model.bond_dim=4 seed=47303 trainer.ridge=5 trainer.ridge_decay=0.25 trainer.ridge_min=0.0001 +experiment=uci_ntn_sweep model=lmpo2 dataset=breast
[2026-04-30 21:38:39,438][__main__][INFO] - ⏭ SKIP LMPO2/breast/NTN L=4 bd=4_rf0.5 seed=47303 -> /zhome/6b/e/212868/GTN/outputs/ntn/breast/LMPO2_rg5_init0.1/L4_bd4_seed47303_rf0.5_bondmpo1 | completed val=0.5647
[2026-04-30 21:38:39,440][HYDRA] 	#50 : model.reduction_factor=0.5 model.L=4 model.bond_dim=8 seed=42 trainer.ridge=5 trainer.ridge_decay=0.25 trainer.ridge_min=0.0001 +experiment=uci_ntn_sweep model=lmpo2 dataset=breast
[2026-04-30 21:38:39,607][__main__][INFO] - ⏭ SKIP LMPO2/breast/NTN L=4 bd=8_rf0.5 seed=42 -> /zhome/6b/e/212868/GTN/outputs/ntn/breast/LMPO2_rg5_init0.1/L4_bd8_seed42_rf0.5_bondmpo1 | completed val=0.5647
[2026-04-30 21:38:39,610][HYDRA] 	#51 : model.reduction_factor=0.5 model.L=4 model.bond_dim=8 seed=10090 trainer.ridge=5 trainer.ridge_decay=0.25 trainer.ridge_min=0.0001 +experiment=uci_ntn_sweep model=lmpo2 dataset=breast
[2026-04-30 21:38:39,779][__main__][INFO] - ⏭ SKIP LMPO2/breast/NTN L=4 bd=8_rf0.5 seed=10090 -> /zhome/6b/e/212868/GTN/outputs/ntn/breast/LMPO2_rg5_init0.1/L4_bd8_seed10090_rf0.5_bondmpo1 | completed val=0.5647
[2026-04-30 21:38:39,781][HYDRA] 	#52 : model.reduction_factor=0.5 model.L=4 model.bond_dim=8 seed=32874 trainer.ridge=5 trainer.ridge_decay=0.25 trainer.ridge_min=0.0001 +experiment=uci_ntn_sweep model=lmpo2 dataset=breast
[2026-04-30 21:38:39,949][__main__][INFO] - ⏭ SKIP LMPO2/breast/NTN L=4 bd=8_rf0.5 seed=32874 -> /zhome/6b/e/212868/GTN/outputs/ntn/breast/LMPO2_rg5_init0.1/L4_bd8_seed32874_rf0.5_bondmpo1 | completed val=0.5647
[2026-04-30 21:38:39,952][HYDRA] 	#53 : model.reduction_factor=0.5 model.L=4 model.bond_dim=8 seed=47311 trainer.ridge=5 trainer.ridge_decay=0.25 trainer.ridge_min=0.0001 +experiment=uci_ntn_sweep model=lmpo2 dataset=breast
[2026-04-30 21:38:40,122][__main__][INFO] - ⏭ SKIP LMPO2/breast/NTN L=4 bd=8_rf0.5 seed=47311 -> /zhome/6b/e/212868/GTN/outputs/ntn/breast/LMPO2_rg5_init0.1/L4_bd8_seed47311_rf0.5_bondmpo1 | completed val=0.5647
[2026-04-30 21:38:40,124][HYDRA] 	#54 : model.reduction_factor=0.5 model.L=4 model.bond_dim=8 seed=47303 trainer.ridge=5 trainer.ridge_decay=0.25 trainer.ridge_min=0.0001 +experiment=uci_ntn_sweep model=lmpo2 dataset=breast
[2026-04-30 21:38:40,526][__main__][INFO] - ⏭ SKIP LMPO2/breast/NTN L=4 bd=8_rf0.5 seed=47303 -> /zhome/6b/e/212868/GTN/outputs/ntn/breast/LMPO2_rg5_init0.1/L4_bd8_seed47303_rf0.5_bondmpo1 | completed val=0.7529
[2026-04-30 21:38:40,528][HYDRA] 	#55 : model.reduction_factor=0.5 model.L=4 model.bond_dim=12 seed=42 trainer.ridge=5 trainer.ridge_decay=0.25 trainer.ridge_min=0.0001 +experiment=uci_ntn_sweep model=lmpo2 dataset=breast
[2026-04-30 21:38:40,694][__main__][INFO] - ⏭ SKIP LMPO2/breast/NTN L=4 bd=12_rf0.5 seed=42 -> /zhome/6b/e/212868/GTN/outputs/ntn/breast/LMPO2_rg5_init0.1/L4_bd12_seed42_rf0.5_bondmpo1 | completed val=0.6353
[2026-04-30 21:38:40,696][HYDRA] 	#56 : model.reduction_factor=0.5 model.L=4 model.bond_dim=12 seed=10090 trainer.ridge=5 trainer.ridge_decay=0.25 trainer.ridge_min=0.0001 +experiment=uci_ntn_sweep model=lmpo2 dataset=breast
[2026-04-30 21:38:40,867][__main__][INFO] - ⏭ SKIP LMPO2/breast/NTN L=4 bd=12_rf0.5 seed=10090 -> /zhome/6b/e/212868/GTN/outputs/ntn/breast/LMPO2_rg5_init0.1/L4_bd12_seed10090_rf0.5_bondmpo1 | completed val=0.5647
[2026-04-30 21:38:40,869][HYDRA] 	#57 : model.reduction_factor=0.5 model.L=4 model.bond_dim=12 seed=32874 trainer.ridge=5 trainer.ridge_decay=0.25 trainer.ridge_min=0.0001 +experiment=uci_ntn_sweep model=lmpo2 dataset=breast
[2026-04-30 21:38:41,039][__main__][INFO] - ⏭ SKIP LMPO2/breast/NTN L=4 bd=12_rf0.5 seed=32874 -> /zhome/6b/e/212868/GTN/outputs/ntn/breast/LMPO2_rg5_init0.1/L4_bd12_seed32874_rf0.5_bondmpo1 | completed val=0.6353
[2026-04-30 21:38:41,042][HYDRA] 	#58 : model.reduction_factor=0.5 model.L=4 model.bond_dim=12 seed=47311 trainer.ridge=5 trainer.ridge_decay=0.25 trainer.ridge_min=0.0001 +experiment=uci_ntn_sweep model=lmpo2 dataset=breast
[2026-04-30 21:38:41,211][__main__][INFO] - ⏭ SKIP LMPO2/breast/NTN L=4 bd=12_rf0.5 seed=47311 -> /zhome/6b/e/212868/GTN/outputs/ntn/breast/LMPO2_rg5_init0.1/L4_bd12_seed47311_rf0.5_bondmpo1 | completed val=0.5647
[2026-04-30 21:38:41,214][HYDRA] 	#59 : model.reduction_factor=0.5 model.L=4 model.bond_dim=12 seed=47303 trainer.ridge=5 trainer.ridge_decay=0.25 trainer.ridge_min=0.0001 +experiment=uci_ntn_sweep model=lmpo2 dataset=breast
[2026-04-30 21:38:41,418][__main__][INFO] - ⏭ SKIP LMPO2/breast/NTN L=4 bd=12_rf0.5 seed=47303 -> /zhome/6b/e/212868/GTN/outputs/ntn/breast/LMPO2_rg5_init0.1/L4_bd12_seed47303_rf0.5_bondmpo1 | completed val=0.5647
[2026-04-30 21:38:41,420][HYDRA] 	#60 : model.reduction_factor=0.9 model.L=3 model.bond_dim=4 seed=42 trainer.ridge=5 trainer.ridge_decay=0.25 trainer.ridge_min=0.0001 +experiment=uci_ntn_sweep model=lmpo2 dataset=breast
[2026-04-30 21:38:41,606][__main__][INFO] - ⏭ SKIP LMPO2/breast/NTN L=3 bd=4_rf0.9 seed=42 -> /zhome/6b/e/212868/GTN/outputs/ntn/breast/LMPO2_rg5_init0.1/L3_bd4_seed42_rf0.9_bondmpo1 | completed val=0.6824
[2026-04-30 21:38:41,609][HYDRA] 	#61 : model.reduction_factor=0.9 model.L=3 model.bond_dim=4 seed=10090 trainer.ridge=5 trainer.ridge_decay=0.25 trainer.ridge_min=0.0001 +experiment=uci_ntn_sweep model=lmpo2 dataset=breast
[2026-04-30 21:38:41,779][__main__][INFO] - ⏭ SKIP LMPO2/breast/NTN L=3 bd=4_rf0.9 seed=10090 -> /zhome/6b/e/212868/GTN/outputs/ntn/breast/LMPO2_rg5_init0.1/L3_bd4_seed10090_rf0.9_bondmpo1 | completed val=0.5647
[2026-04-30 21:38:41,781][HYDRA] 	#62 : model.reduction_factor=0.9 model.L=3 model.bond_dim=4 seed=32874 trainer.ridge=5 trainer.ridge_decay=0.25 trainer.ridge_min=0.0001 +experiment=uci_ntn_sweep model=lmpo2 dataset=breast
[2026-04-30 21:38:41,953][__main__][INFO] - ⏭ SKIP LMPO2/breast/NTN L=3 bd=4_rf0.9 seed=32874 -> /zhome/6b/e/212868/GTN/outputs/ntn/breast/LMPO2_rg5_init0.1/L3_bd4_seed32874_rf0.9_bondmpo1 | completed val=0.5647
[2026-04-30 21:38:41,956][HYDRA] 	#63 : model.reduction_factor=0.9 model.L=3 model.bond_dim=4 seed=47311 trainer.ridge=5 trainer.ridge_decay=0.25 trainer.ridge_min=0.0001 +experiment=uci_ntn_sweep model=lmpo2 dataset=breast
[2026-04-30 21:38:42,125][__main__][INFO] - ⏭ SKIP LMPO2/breast/NTN L=3 bd=4_rf0.9 seed=47311 -> /zhome/6b/e/212868/GTN/outputs/ntn/breast/LMPO2_rg5_init0.1/L3_bd4_seed47311_rf0.9_bondmpo1 | completed val=0.7529
[2026-04-30 21:38:42,128][HYDRA] 	#64 : model.reduction_factor=0.9 model.L=3 model.bond_dim=4 seed=47303 trainer.ridge=5 trainer.ridge_decay=0.25 trainer.ridge_min=0.0001 +experiment=uci_ntn_sweep model=lmpo2 dataset=breast
[2026-04-30 21:38:42,340][__main__][INFO] - ⏭ SKIP LMPO2/breast/NTN L=3 bd=4_rf0.9 seed=47303 -> /zhome/6b/e/212868/GTN/outputs/ntn/breast/LMPO2_rg5_init0.1/L3_bd4_seed47303_rf0.9_bondmpo1 | completed val=0.6706
[2026-04-30 21:38:42,342][HYDRA] 	#65 : model.reduction_factor=0.9 model.L=3 model.bond_dim=8 seed=42 trainer.ridge=5 trainer.ridge_decay=0.25 trainer.ridge_min=0.0001 +experiment=uci_ntn_sweep model=lmpo2 dataset=breast
[2026-04-30 21:38:42,511][__main__][INFO] - ⏭ SKIP LMPO2/breast/NTN L=3 bd=8_rf0.9 seed=42 -> /zhome/6b/e/212868/GTN/outputs/ntn/breast/LMPO2_rg5_init0.1/L3_bd8_seed42_rf0.9_bondmpo1 | completed val=0.5647
[2026-04-30 21:38:42,513][HYDRA] 	#66 : model.reduction_factor=0.9 model.L=3 model.bond_dim=8 seed=10090 trainer.ridge=5 trainer.ridge_decay=0.25 trainer.ridge_min=0.0001 +experiment=uci_ntn_sweep model=lmpo2 dataset=breast
[2026-04-30 21:38:42,681][__main__][INFO] - ⏭ SKIP LMPO2/breast/NTN L=3 bd=8_rf0.9 seed=10090 -> /zhome/6b/e/212868/GTN/outputs/ntn/breast/LMPO2_rg5_init0.1/L3_bd8_seed10090_rf0.9_bondmpo1 | completed val=0.5647
[2026-04-30 21:38:42,684][HYDRA] 	#67 : model.reduction_factor=0.9 model.L=3 model.bond_dim=8 seed=32874 trainer.ridge=5 trainer.ridge_decay=0.25 trainer.ridge_min=0.0001 +experiment=uci_ntn_sweep model=lmpo2 dataset=breast
[2026-04-30 21:38:42,855][__main__][INFO] - ⏭ SKIP LMPO2/breast/NTN L=3 bd=8_rf0.9 seed=32874 -> /zhome/6b/e/212868/GTN/outputs/ntn/breast/LMPO2_rg5_init0.1/L3_bd8_seed32874_rf0.9_bondmpo1 | completed val=0.5647
[2026-04-30 21:38:42,858][HYDRA] 	#68 : model.reduction_factor=0.9 model.L=3 model.bond_dim=8 seed=47311 trainer.ridge=5 trainer.ridge_decay=0.25 trainer.ridge_min=0.0001 +experiment=uci_ntn_sweep model=lmpo2 dataset=breast
[2026-04-30 21:38:43,032][__main__][INFO] - ⏭ SKIP LMPO2/breast/NTN L=3 bd=8_rf0.9 seed=47311 -> /zhome/6b/e/212868/GTN/outputs/ntn/breast/LMPO2_rg5_init0.1/L3_bd8_seed47311_rf0.9_bondmpo1 | completed val=0.5647
[2026-04-30 21:38:43,035][HYDRA] 	#69 : model.reduction_factor=0.9 model.L=3 model.bond_dim=8 seed=47303 trainer.ridge=5 trainer.ridge_decay=0.25 trainer.ridge_min=0.0001 +experiment=uci_ntn_sweep model=lmpo2 dataset=breast
[2026-04-30 21:38:43,204][__main__][INFO] - ⏭ SKIP LMPO2/breast/NTN L=3 bd=8_rf0.9 seed=47303 -> /zhome/6b/e/212868/GTN/outputs/ntn/breast/LMPO2_rg5_init0.1/L3_bd8_seed47303_rf0.9_bondmpo1 | completed val=0.5647
[2026-04-30 21:38:43,207][HYDRA] 	#70 : model.reduction_factor=0.9 model.L=3 model.bond_dim=12 seed=42 trainer.ridge=5 trainer.ridge_decay=0.25 trainer.ridge_min=0.0001 +experiment=uci_ntn_sweep model=lmpo2 dataset=breast
[2026-04-30 21:38:43,376][__main__][INFO] - ⏭ SKIP LMPO2/breast/NTN L=3 bd=12_rf0.9 seed=42 -> /zhome/6b/e/212868/GTN/outputs/ntn/breast/LMPO2_rg5_init0.1/L3_bd12_seed42_rf0.9_bondmpo1 | completed val=0.6000
[2026-04-30 21:38:43,379][HYDRA] 	#71 : model.reduction_factor=0.9 model.L=3 model.bond_dim=12 seed=10090 trainer.ridge=5 trainer.ridge_decay=0.25 trainer.ridge_min=0.0001 +experiment=uci_ntn_sweep model=lmpo2 dataset=breast
[2026-04-30 21:38:43,548][__main__][INFO] - ⏭ SKIP LMPO2/breast/NTN L=3 bd=12_rf0.9 seed=10090 -> /zhome/6b/e/212868/GTN/outputs/ntn/breast/LMPO2_rg5_init0.1/L3_bd12_seed10090_rf0.9_bondmpo1 | completed val=0.5647
[2026-04-30 21:38:43,550][HYDRA] 	#72 : model.reduction_factor=0.9 model.L=3 model.bond_dim=12 seed=32874 trainer.ridge=5 trainer.ridge_decay=0.25 trainer.ridge_min=0.0001 +experiment=uci_ntn_sweep model=lmpo2 dataset=breast
[2026-04-30 21:38:43,720][__main__][INFO] - ⏭ SKIP LMPO2/breast/NTN L=3 bd=12_rf0.9 seed=32874 -> /zhome/6b/e/212868/GTN/outputs/ntn/breast/LMPO2_rg5_init0.1/L3_bd12_seed32874_rf0.9_bondmpo1 | completed val=0.5647
[2026-04-30 21:38:43,722][HYDRA] 	#73 : model.reduction_factor=0.9 model.L=3 model.bond_dim=12 seed=47311 trainer.ridge=5 trainer.ridge_decay=0.25 trainer.ridge_min=0.0001 +experiment=uci_ntn_sweep model=lmpo2 dataset=breast
[2026-04-30 21:38:43,897][__main__][INFO] - ⏭ SKIP LMPO2/breast/NTN L=3 bd=12_rf0.9 seed=47311 -> /zhome/6b/e/212868/GTN/outputs/ntn/breast/LMPO2_rg5_init0.1/L3_bd12_seed47311_rf0.9_bondmpo1 | completed val=0.7647
[2026-04-30 21:38:43,899][HYDRA] 	#74 : model.reduction_factor=0.9 model.L=3 model.bond_dim=12 seed=47303 trainer.ridge=5 trainer.ridge_decay=0.25 trainer.ridge_min=0.0001 +experiment=uci_ntn_sweep model=lmpo2 dataset=breast
[2026-04-30 21:38:44,073][__main__][INFO] - ⏭ SKIP LMPO2/breast/NTN L=3 bd=12_rf0.9 seed=47303 -> /zhome/6b/e/212868/GTN/outputs/ntn/breast/LMPO2_rg5_init0.1/L3_bd12_seed47303_rf0.9_bondmpo1 | completed val=0.5647
[2026-04-30 21:38:44,075][HYDRA] 	#75 : model.reduction_factor=0.9 model.L=4 model.bond_dim=4 seed=42 trainer.ridge=5 trainer.ridge_decay=0.25 trainer.ridge_min=0.0001 +experiment=uci_ntn_sweep model=lmpo2 dataset=breast
[2026-04-30 21:38:44,245][__main__][INFO] - ⏭ SKIP LMPO2/breast/NTN L=4 bd=4_rf0.9 seed=42 -> /zhome/6b/e/212868/GTN/outputs/ntn/breast/LMPO2_rg5_init0.1/L4_bd4_seed42_rf0.9_bondmpo1 | completed val=0.5647
[2026-04-30 21:38:44,247][HYDRA] 	#76 : model.reduction_factor=0.9 model.L=4 model.bond_dim=4 seed=10090 trainer.ridge=5 trainer.ridge_decay=0.25 trainer.ridge_min=0.0001 +experiment=uci_ntn_sweep model=lmpo2 dataset=breast
[2026-04-30 21:38:44,416][__main__][INFO] - ⏭ SKIP LMPO2/breast/NTN L=4 bd=4_rf0.9 seed=10090 -> /zhome/6b/e/212868/GTN/outputs/ntn/breast/LMPO2_rg5_init0.1/L4_bd4_seed10090_rf0.9_bondmpo1 | completed val=0.6353
[2026-04-30 21:38:44,418][HYDRA] 	#77 : model.reduction_factor=0.9 model.L=4 model.bond_dim=4 seed=32874 trainer.ridge=5 trainer.ridge_decay=0.25 trainer.ridge_min=0.0001 +experiment=uci_ntn_sweep model=lmpo2 dataset=breast
[2026-04-30 21:38:44,586][__main__][INFO] - ⏭ SKIP LMPO2/breast/NTN L=4 bd=4_rf0.9 seed=32874 -> /zhome/6b/e/212868/GTN/outputs/ntn/breast/LMPO2_rg5_init0.1/L4_bd4_seed32874_rf0.9_bondmpo1 | completed val=0.5647
[2026-04-30 21:38:44,588][HYDRA] 	#78 : model.reduction_factor=0.9 model.L=4 model.bond_dim=4 seed=47311 trainer.ridge=5 trainer.ridge_decay=0.25 trainer.ridge_min=0.0001 +experiment=uci_ntn_sweep model=lmpo2 dataset=breast
[2026-04-30 21:38:44,758][__main__][INFO] - ⏭ SKIP LMPO2/breast/NTN L=4 bd=4_rf0.9 seed=47311 -> /zhome/6b/e/212868/GTN/outputs/ntn/breast/LMPO2_rg5_init0.1/L4_bd4_seed47311_rf0.9_bondmpo1 | completed val=0.5647
[2026-04-30 21:38:44,760][HYDRA] 	#79 : model.reduction_factor=0.9 model.L=4 model.bond_dim=4 seed=47303 trainer.ridge=5 trainer.ridge_decay=0.25 trainer.ridge_min=0.0001 +experiment=uci_ntn_sweep model=lmpo2 dataset=breast
[2026-04-30 21:38:44,936][__main__][INFO] - ⏭ SKIP LMPO2/breast/NTN L=4 bd=4_rf0.9 seed=47303 -> /zhome/6b/e/212868/GTN/outputs/ntn/breast/LMPO2_rg5_init0.1/L4_bd4_seed47303_rf0.9_bondmpo1 | completed val=0.5647
[2026-04-30 21:38:44,938][HYDRA] 	#80 : model.reduction_factor=0.9 model.L=4 model.bond_dim=8 seed=42 trainer.ridge=5 trainer.ridge_decay=0.25 trainer.ridge_min=0.0001 +experiment=uci_ntn_sweep model=lmpo2 dataset=breast
[2026-04-30 21:38:45,109][__main__][INFO] - ⏭ SKIP LMPO2/breast/NTN L=4 bd=8_rf0.9 seed=42 -> /zhome/6b/e/212868/GTN/outputs/ntn/breast/LMPO2_rg5_init0.1/L4_bd8_seed42_rf0.9_bondmpo1 | completed val=0.5647
[2026-04-30 21:38:45,112][HYDRA] 	#81 : model.reduction_factor=0.9 model.L=4 model.bond_dim=8 seed=10090 trainer.ridge=5 trainer.ridge_decay=0.25 trainer.ridge_min=0.0001 +experiment=uci_ntn_sweep model=lmpo2 dataset=breast
[2026-04-30 21:38:45,281][__main__][INFO] - ⏭ SKIP LMPO2/breast/NTN L=4 bd=8_rf0.9 seed=10090 -> /zhome/6b/e/212868/GTN/outputs/ntn/breast/LMPO2_rg5_init0.1/L4_bd8_seed10090_rf0.9_bondmpo1 | completed val=0.5647
[2026-04-30 21:38:45,283][HYDRA] 	#82 : model.reduction_factor=0.9 model.L=4 model.bond_dim=8 seed=32874 trainer.ridge=5 trainer.ridge_decay=0.25 trainer.ridge_min=0.0001 +experiment=uci_ntn_sweep model=lmpo2 dataset=breast
[2026-04-30 21:38:45,453][__main__][INFO] - ⏭ SKIP LMPO2/breast/NTN L=4 bd=8_rf0.9 seed=32874 -> /zhome/6b/e/212868/GTN/outputs/ntn/breast/LMPO2_rg5_init0.1/L4_bd8_seed32874_rf0.9_bondmpo1 | completed val=0.5647
[2026-04-30 21:38:45,456][HYDRA] 	#83 : model.reduction_factor=0.9 model.L=4 model.bond_dim=8 seed=47311 trainer.ridge=5 trainer.ridge_decay=0.25 trainer.ridge_min=0.0001 +experiment=uci_ntn_sweep model=lmpo2 dataset=breast
[2026-04-30 21:38:45,631][__main__][INFO] - ⏭ SKIP LMPO2/breast/NTN L=4 bd=8_rf0.9 seed=47311 -> /zhome/6b/e/212868/GTN/outputs/ntn/breast/LMPO2_rg5_init0.1/L4_bd8_seed47311_rf0.9_bondmpo1 | completed val=0.5647
[2026-04-30 21:38:45,635][HYDRA] 	#84 : model.reduction_factor=0.9 model.L=4 model.bond_dim=8 seed=47303 trainer.ridge=5 trainer.ridge_decay=0.25 trainer.ridge_min=0.0001 +experiment=uci_ntn_sweep model=lmpo2 dataset=breast
[2026-04-30 21:38:45,812][__main__][INFO] - ⏭ SKIP LMPO2/breast/NTN L=4 bd=8_rf0.9 seed=47303 -> /zhome/6b/e/212868/GTN/outputs/ntn/breast/LMPO2_rg5_init0.1/L4_bd8_seed47303_rf0.9_bondmpo1 | completed val=0.5647
[2026-04-30 21:38:45,814][HYDRA] 	#85 : model.reduction_factor=0.9 model.L=4 model.bond_dim=12 seed=42 trainer.ridge=5 trainer.ridge_decay=0.25 trainer.ridge_min=0.0001 +experiment=uci_ntn_sweep model=lmpo2 dataset=breast
[2026-04-30 21:38:46,212][__main__][INFO] - ⏭ SKIP LMPO2/breast/NTN L=4 bd=12_rf0.9 seed=42 -> /zhome/6b/e/212868/GTN/outputs/ntn/breast/LMPO2_rg5_init0.1/L4_bd12_seed42_rf0.9_bondmpo1 | completed val=0.5647
[2026-04-30 21:38:46,215][HYDRA] 	#86 : model.reduction_factor=0.9 model.L=4 model.bond_dim=12 seed=10090 trainer.ridge=5 trainer.ridge_decay=0.25 trainer.ridge_min=0.0001 +experiment=uci_ntn_sweep model=lmpo2 dataset=breast
[2026-04-30 21:38:46,383][__main__][INFO] - ⏭ SKIP LMPO2/breast/NTN L=4 bd=12_rf0.9 seed=10090 -> /zhome/6b/e/212868/GTN/outputs/ntn/breast/LMPO2_rg5_init0.1/L4_bd12_seed10090_rf0.9_bondmpo1 | completed val=0.5647
[2026-04-30 21:38:46,385][HYDRA] 	#87 : model.reduction_factor=0.9 model.L=4 model.bond_dim=12 seed=32874 trainer.ridge=5 trainer.ridge_decay=0.25 trainer.ridge_min=0.0001 +experiment=uci_ntn_sweep model=lmpo2 dataset=breast
[2026-04-30 21:38:46,563][__main__][INFO] - ⏭ SKIP LMPO2/breast/NTN L=4 bd=12_rf0.9 seed=32874 -> /zhome/6b/e/212868/GTN/outputs/ntn/breast/LMPO2_rg5_init0.1/L4_bd12_seed32874_rf0.9_bondmpo1 | completed val=0.5647
[2026-04-30 21:38:46,565][HYDRA] 	#88 : model.reduction_factor=0.9 model.L=4 model.bond_dim=12 seed=47311 trainer.ridge=5 trainer.ridge_decay=0.25 trainer.ridge_min=0.0001 +experiment=uci_ntn_sweep model=lmpo2 dataset=breast
[2026-04-30 21:38:46,739][__main__][INFO] - ⏭ SKIP LMPO2/breast/NTN L=4 bd=12_rf0.9 seed=47311 -> /zhome/6b/e/212868/GTN/outputs/ntn/breast/LMPO2_rg5_init0.1/L4_bd12_seed47311_rf0.9_bondmpo1 | completed val=0.5765
[2026-04-30 21:38:46,741][HYDRA] 	#89 : model.reduction_factor=0.9 model.L=4 model.bond_dim=12 seed=47303 trainer.ridge=5 trainer.ridge_decay=0.25 trainer.ridge_min=0.0001 +experiment=uci_ntn_sweep model=lmpo2 dataset=breast
[2026-04-30 21:38:46,913][__main__][INFO] - ⏭ SKIP LMPO2/breast/NTN L=4 bd=12_rf0.9 seed=47303 -> /zhome/6b/e/212868/GTN/outputs/ntn/breast/LMPO2_rg5_init0.1/L4_bd12_seed47303_rf0.9_bondmpo1 | completed val=0.5647

------------------------------------------------------------
Sender: LSF System <lsfadmin@hpc.dtu.dk>
Subject: Job 28331276[33]: <ntn_grid_full[1-110]%5> in cluster <dcc> Done

Job <ntn_grid_full[1-110]%5> was submitted from host <hpclogin1> by user <nicci> in cluster <dcc> at Thu Apr 30 21:09:39 2026
Job was executed on host(s) <6*n-62-21-58>, in queue <hpc>, as user <nicci> in cluster <dcc> at Thu Apr 30 21:38:05 2026
</zhome/6b/e/212868> was used as the home directory.
</zhome/6b/e/212868/GTN> was used as the working directory.
Started at Thu Apr 30 21:38:05 2026
Terminated at Thu Apr 30 21:38:48 2026
Results reported at Thu Apr 30 21:38:48 2026

Your job looked like:

------------------------------------------------------------
# LSBATCH: User input
#!/bin/bash
#BSUB -q hpc
#BSUB -J "ntn_grid_full[1-110]%5"
#BSUB -W 8:00
#BSUB -n 6
#BSUB -R "rusage[mem=8GB]"
#BSUB -R "span[hosts=1]"
#BSUB -o logs/%J_%I.out
#BSUB -e logs/%J_%I.err

MODELS=("cpda" "cpda_typei" "lmpo2" "lmpo2_typei" "mpo2" "mpo2_typei" "mmpo2" "mmpo2_typei" "tnml_f" "tnml_p")

DATASETS=(
    "abalone" "adult" "ai4i" "appliances" "bank" "bike" "breast"
    "car_evaluation" "concrete" "energy_efficiency" "hearth"
    "iris" "mushrooms" "obesity" "popularity" "realstate"
    "seoulBike" "student_dropout" "student_perf" "wine"
    "winequalityc"
)

COMPLETED_DATASETS=(
    "abalone" "ai4i"  "bike" "concrete" "energy_efficiency"
    "iris" "obesity" "realstate" "seoulBike" "student_perf"
)

# Filter datasets
FILTERED_DATASETS=()
for ds in "${DATASETS[@]}"; do
    skip=false
    for completed in "${COMPLETED_DATASETS[@]}"; do
        if [[ "$ds" == "$completed" ]]; then
            skip=true
            break
        fi
    done

    if ! $skip; then
        FILTERED_DATASETS+=("$ds")
    fi
done

DATASETS=("${FILTERED_DATASETS[@]}")

NUM_MODELS=${#MODELS[@]}
NUM_DATASETS=${#DATASETS[@]}
NUM_EXPERIMENTS=$((NUM_DATASETS * NUM_MODELS))

if [ "$1" == "test" ]; then
    echo "SIMULATING ARRAY:"
    echo "-----------------"

(... more ...)
------------------------------------------------------------

Successfully completed.

Resource usage summary:

    CPU time :                                   31.06 sec.
    Max Memory :                                 380 MB
    Average Memory :                             380.00 MB
    Total Requested Memory :                     49152.00 MB
    Delta Memory :                               48772.00 MB
    Max Swap :                                   -
    Max Processes :                              4
    Max Threads :                                15
    Run time :                                   43 sec.
    Turnaround time :                            1749 sec.

The output (if any) is above this job summary.



PS:

Read file <logs/28331276_33.err> for stderr output of this job.

