Task 10: Dataset=energy_efficiency, Model=bosonmps, Experiment=uci_gtn_sweep
[2026-04-30 14:50:35,931][HYDRA] Launching 30 jobs locally
[2026-04-30 14:50:35,932][HYDRA] 	#0 : model.L=3 model.bond_dim=4 seed=42 trainer.lr=0.005 trainer.ridge=0.005 trainer.optimizer=adamw +experiment=uci_gtn_sweep model=bosonmps dataset=energy_efficiency
[2026-04-30 14:50:36,196][utils.tracking][INFO] - Loaded 17126 tracked runs from runs_tracking.csv
[2026-04-30 14:50:36,197][__main__][INFO] - ▶ RUN BosonMPS/energy_efficiency/GTN L=3 bd=4 seed=42 -> /zhome/6b/e/212868/GTN/outputs/gtn/energy_efficiency/BosonMPS_rg0.005_init0.1/L3_bd4_seed42
[2026-04-30 14:51:52,433][__main__][INFO] - ✓ DONE BosonMPS/energy_efficiency/GTN L=3 bd=4 seed=42 -> /zhome/6b/e/212868/GTN/outputs/gtn/energy_efficiency/BosonMPS_rg0.005_init0.1/L3_bd4_seed42 | val=0.9853
[2026-04-30 14:51:52,435][HYDRA] 	#1 : model.L=3 model.bond_dim=4 seed=10090 trainer.lr=0.005 trainer.ridge=0.005 trainer.optimizer=adamw +experiment=uci_gtn_sweep model=bosonmps dataset=energy_efficiency
[2026-04-30 14:51:52,592][__main__][INFO] - ▶ RUN BosonMPS/energy_efficiency/GTN L=3 bd=4 seed=10090 -> /zhome/6b/e/212868/GTN/outputs/gtn/energy_efficiency/BosonMPS_rg0.005_init0.1/L3_bd4_seed10090
[2026-04-30 14:52:09,363][__main__][INFO] - ✓ DONE BosonMPS/energy_efficiency/GTN L=3 bd=4 seed=10090 -> /zhome/6b/e/212868/GTN/outputs/gtn/energy_efficiency/BosonMPS_rg0.005_init0.1/L3_bd4_seed10090 | val=0.9818
[2026-04-30 14:52:09,365][HYDRA] 	#2 : model.L=3 model.bond_dim=4 seed=32874 trainer.lr=0.005 trainer.ridge=0.005 trainer.optimizer=adamw +experiment=uci_gtn_sweep model=bosonmps dataset=energy_efficiency
[2026-04-30 14:52:09,518][__main__][INFO] - ▶ RUN BosonMPS/energy_efficiency/GTN L=3 bd=4 seed=32874 -> /zhome/6b/e/212868/GTN/outputs/gtn/energy_efficiency/BosonMPS_rg0.005_init0.1/L3_bd4_seed32874
[2026-04-30 14:52:26,731][__main__][INFO] - ✓ DONE BosonMPS/energy_efficiency/GTN L=3 bd=4 seed=32874 -> /zhome/6b/e/212868/GTN/outputs/gtn/energy_efficiency/BosonMPS_rg0.005_init0.1/L3_bd4_seed32874 | val=0.9881
[2026-04-30 14:52:26,733][HYDRA] 	#3 : model.L=3 model.bond_dim=4 seed=47311 trainer.lr=0.005 trainer.ridge=0.005 trainer.optimizer=adamw +experiment=uci_gtn_sweep model=bosonmps dataset=energy_efficiency
[2026-04-30 14:52:26,886][__main__][INFO] - ▶ RUN BosonMPS/energy_efficiency/GTN L=3 bd=4 seed=47311 -> /zhome/6b/e/212868/GTN/outputs/gtn/energy_efficiency/BosonMPS_rg0.005_init0.1/L3_bd4_seed47311
[2026-04-30 14:52:43,779][__main__][INFO] - ✓ DONE BosonMPS/energy_efficiency/GTN L=3 bd=4 seed=47311 -> /zhome/6b/e/212868/GTN/outputs/gtn/energy_efficiency/BosonMPS_rg0.005_init0.1/L3_bd4_seed47311 | val=0.9909
[2026-04-30 14:52:43,781][HYDRA] 	#4 : model.L=3 model.bond_dim=4 seed=47303 trainer.lr=0.005 trainer.ridge=0.005 trainer.optimizer=adamw +experiment=uci_gtn_sweep model=bosonmps dataset=energy_efficiency
[2026-04-30 14:52:43,935][__main__][INFO] - ▶ RUN BosonMPS/energy_efficiency/GTN L=3 bd=4 seed=47303 -> /zhome/6b/e/212868/GTN/outputs/gtn/energy_efficiency/BosonMPS_rg0.005_init0.1/L3_bd4_seed47303
[2026-04-30 14:53:04,254][__main__][INFO] - ✓ DONE BosonMPS/energy_efficiency/GTN L=3 bd=4 seed=47303 -> /zhome/6b/e/212868/GTN/outputs/gtn/energy_efficiency/BosonMPS_rg0.005_init0.1/L3_bd4_seed47303 | val=0.9838
[2026-04-30 14:53:04,258][HYDRA] 	#5 : model.L=3 model.bond_dim=8 seed=42 trainer.lr=0.005 trainer.ridge=0.005 trainer.optimizer=adamw +experiment=uci_gtn_sweep model=bosonmps dataset=energy_efficiency
[2026-04-30 14:53:04,413][__main__][INFO] - ▶ RUN BosonMPS/energy_efficiency/GTN L=3 bd=8 seed=42 -> /zhome/6b/e/212868/GTN/outputs/gtn/energy_efficiency/BosonMPS_rg0.005_init0.1/L3_bd8_seed42
[2026-04-30 14:53:20,580][__main__][INFO] - Early stopping at epoch 884 (no improvement for 100 epochs)
[2026-04-30 14:53:20,601][__main__][INFO] - ✓ DONE BosonMPS/energy_efficiency/GTN L=3 bd=8 seed=42 -> /zhome/6b/e/212868/GTN/outputs/gtn/energy_efficiency/BosonMPS_rg0.005_init0.1/L3_bd8_seed42 | val=0.9931
[2026-04-30 14:53:20,607][HYDRA] 	#6 : model.L=3 model.bond_dim=8 seed=10090 trainer.lr=0.005 trainer.ridge=0.005 trainer.optimizer=adamw +experiment=uci_gtn_sweep model=bosonmps dataset=energy_efficiency
[2026-04-30 14:53:20,769][__main__][INFO] - ▶ RUN BosonMPS/energy_efficiency/GTN L=3 bd=8 seed=10090 -> /zhome/6b/e/212868/GTN/outputs/gtn/energy_efficiency/BosonMPS_rg0.005_init0.1/L3_bd8_seed10090
[2026-04-30 14:53:35,487][__main__][INFO] - Early stopping at epoch 853 (no improvement for 100 epochs)
[2026-04-30 14:53:35,503][__main__][INFO] - ✓ DONE BosonMPS/energy_efficiency/GTN L=3 bd=8 seed=10090 -> /zhome/6b/e/212868/GTN/outputs/gtn/energy_efficiency/BosonMPS_rg0.005_init0.1/L3_bd8_seed10090 | val=0.9894
[2026-04-30 14:53:35,505][HYDRA] 	#7 : model.L=3 model.bond_dim=8 seed=32874 trainer.lr=0.005 trainer.ridge=0.005 trainer.optimizer=adamw +experiment=uci_gtn_sweep model=bosonmps dataset=energy_efficiency
[2026-04-30 14:53:35,656][__main__][INFO] - ▶ RUN BosonMPS/energy_efficiency/GTN L=3 bd=8 seed=32874 -> /zhome/6b/e/212868/GTN/outputs/gtn/energy_efficiency/BosonMPS_rg0.005_init0.1/L3_bd8_seed32874
[2026-04-30 14:53:52,677][__main__][INFO] - ✓ DONE BosonMPS/energy_efficiency/GTN L=3 bd=8 seed=32874 -> /zhome/6b/e/212868/GTN/outputs/gtn/energy_efficiency/BosonMPS_rg0.005_init0.1/L3_bd8_seed32874 | val=0.9924
[2026-04-30 14:53:52,680][HYDRA] 	#8 : model.L=3 model.bond_dim=8 seed=47311 trainer.lr=0.005 trainer.ridge=0.005 trainer.optimizer=adamw +experiment=uci_gtn_sweep model=bosonmps dataset=energy_efficiency
[2026-04-30 14:53:52,830][__main__][INFO] - ▶ RUN BosonMPS/energy_efficiency/GTN L=3 bd=8 seed=47311 -> /zhome/6b/e/212868/GTN/outputs/gtn/energy_efficiency/BosonMPS_rg0.005_init0.1/L3_bd8_seed47311
[2026-04-30 14:54:09,104][__main__][INFO] - Early stopping at epoch 927 (no improvement for 100 epochs)
[2026-04-30 14:54:09,122][__main__][INFO] - ✓ DONE BosonMPS/energy_efficiency/GTN L=3 bd=8 seed=47311 -> /zhome/6b/e/212868/GTN/outputs/gtn/energy_efficiency/BosonMPS_rg0.005_init0.1/L3_bd8_seed47311 | val=0.9930
[2026-04-30 14:54:09,123][HYDRA] 	#9 : model.L=3 model.bond_dim=8 seed=47303 trainer.lr=0.005 trainer.ridge=0.005 trainer.optimizer=adamw +experiment=uci_gtn_sweep model=bosonmps dataset=energy_efficiency
[2026-04-30 14:54:09,275][__main__][INFO] - ▶ RUN BosonMPS/energy_efficiency/GTN L=3 bd=8 seed=47303 -> /zhome/6b/e/212868/GTN/outputs/gtn/energy_efficiency/BosonMPS_rg0.005_init0.1/L3_bd8_seed47303
[2026-04-30 14:54:23,241][__main__][INFO] - Early stopping at epoch 803 (no improvement for 100 epochs)
[2026-04-30 14:54:23,309][__main__][INFO] - ✓ DONE BosonMPS/energy_efficiency/GTN L=3 bd=8 seed=47303 -> /zhome/6b/e/212868/GTN/outputs/gtn/energy_efficiency/BosonMPS_rg0.005_init0.1/L3_bd8_seed47303 | val=0.9904
[2026-04-30 14:54:23,311][HYDRA] 	#10 : model.L=3 model.bond_dim=12 seed=42 trainer.lr=0.005 trainer.ridge=0.005 trainer.optimizer=adamw +experiment=uci_gtn_sweep model=bosonmps dataset=energy_efficiency
[2026-04-30 14:54:23,461][__main__][INFO] - ▶ RUN BosonMPS/energy_efficiency/GTN L=3 bd=12 seed=42 -> /zhome/6b/e/212868/GTN/outputs/gtn/energy_efficiency/BosonMPS_rg0.005_init0.1/L3_bd12_seed42
[2026-04-30 14:54:35,288][__main__][INFO] - Early stopping at epoch 638 (no improvement for 100 epochs)
[2026-04-30 14:54:35,301][__main__][INFO] - ✓ DONE BosonMPS/energy_efficiency/GTN L=3 bd=12 seed=42 -> /zhome/6b/e/212868/GTN/outputs/gtn/energy_efficiency/BosonMPS_rg0.005_init0.1/L3_bd12_seed42 | val=0.9906
[2026-04-30 14:54:35,303][HYDRA] 	#11 : model.L=3 model.bond_dim=12 seed=10090 trainer.lr=0.005 trainer.ridge=0.005 trainer.optimizer=adamw +experiment=uci_gtn_sweep model=bosonmps dataset=energy_efficiency
[2026-04-30 14:54:35,453][__main__][INFO] - ▶ RUN BosonMPS/energy_efficiency/GTN L=3 bd=12 seed=10090 -> /zhome/6b/e/212868/GTN/outputs/gtn/energy_efficiency/BosonMPS_rg0.005_init0.1/L3_bd12_seed10090
[2026-04-30 14:54:48,958][__main__][INFO] - Early stopping at epoch 732 (no improvement for 100 epochs)
[2026-04-30 14:54:48,975][__main__][INFO] - ✓ DONE BosonMPS/energy_efficiency/GTN L=3 bd=12 seed=10090 -> /zhome/6b/e/212868/GTN/outputs/gtn/energy_efficiency/BosonMPS_rg0.005_init0.1/L3_bd12_seed10090 | val=0.9920
[2026-04-30 14:54:48,978][HYDRA] 	#12 : model.L=3 model.bond_dim=12 seed=32874 trainer.lr=0.005 trainer.ridge=0.005 trainer.optimizer=adamw +experiment=uci_gtn_sweep model=bosonmps dataset=energy_efficiency
[2026-04-30 14:54:49,133][__main__][INFO] - ▶ RUN BosonMPS/energy_efficiency/GTN L=3 bd=12 seed=32874 -> /zhome/6b/e/212868/GTN/outputs/gtn/energy_efficiency/BosonMPS_rg0.005_init0.1/L3_bd12_seed32874
[2026-04-30 14:55:01,388][__main__][INFO] - Early stopping at epoch 688 (no improvement for 100 epochs)
[2026-04-30 14:55:01,406][__main__][INFO] - ✓ DONE BosonMPS/energy_efficiency/GTN L=3 bd=12 seed=32874 -> /zhome/6b/e/212868/GTN/outputs/gtn/energy_efficiency/BosonMPS_rg0.005_init0.1/L3_bd12_seed32874 | val=0.9917
[2026-04-30 14:55:01,408][HYDRA] 	#13 : model.L=3 model.bond_dim=12 seed=47311 trainer.lr=0.005 trainer.ridge=0.005 trainer.optimizer=adamw +experiment=uci_gtn_sweep model=bosonmps dataset=energy_efficiency
[2026-04-30 14:55:01,559][__main__][INFO] - ▶ RUN BosonMPS/energy_efficiency/GTN L=3 bd=12 seed=47311 -> /zhome/6b/e/212868/GTN/outputs/gtn/energy_efficiency/BosonMPS_rg0.005_init0.1/L3_bd12_seed47311
[2026-04-30 14:55:13,141][__main__][INFO] - Early stopping at epoch 631 (no improvement for 100 epochs)
[2026-04-30 14:55:13,155][__main__][INFO] - ✓ DONE BosonMPS/energy_efficiency/GTN L=3 bd=12 seed=47311 -> /zhome/6b/e/212868/GTN/outputs/gtn/energy_efficiency/BosonMPS_rg0.005_init0.1/L3_bd12_seed47311 | val=0.9882
[2026-04-30 14:55:13,158][HYDRA] 	#14 : model.L=3 model.bond_dim=12 seed=47303 trainer.lr=0.005 trainer.ridge=0.005 trainer.optimizer=adamw +experiment=uci_gtn_sweep model=bosonmps dataset=energy_efficiency
[2026-04-30 14:55:13,323][__main__][INFO] - ▶ RUN BosonMPS/energy_efficiency/GTN L=3 bd=12 seed=47303 -> /zhome/6b/e/212868/GTN/outputs/gtn/energy_efficiency/BosonMPS_rg0.005_init0.1/L3_bd12_seed47303
[2026-04-30 14:55:27,211][__main__][INFO] - Early stopping at epoch 714 (no improvement for 100 epochs)
[2026-04-30 14:55:27,227][__main__][INFO] - ✓ DONE BosonMPS/energy_efficiency/GTN L=3 bd=12 seed=47303 -> /zhome/6b/e/212868/GTN/outputs/gtn/energy_efficiency/BosonMPS_rg0.005_init0.1/L3_bd12_seed47303 | val=0.9923
[2026-04-30 14:55:27,230][HYDRA] 	#15 : model.L=4 model.bond_dim=4 seed=42 trainer.lr=0.005 trainer.ridge=0.005 trainer.optimizer=adamw +experiment=uci_gtn_sweep model=bosonmps dataset=energy_efficiency
[2026-04-30 14:55:27,391][__main__][INFO] - ▶ RUN BosonMPS/energy_efficiency/GTN L=4 bd=4 seed=42 -> /zhome/6b/e/212868/GTN/outputs/gtn/energy_efficiency/BosonMPS_rg0.005_init0.1/L4_bd4_seed42
[2026-04-30 14:55:44,699][__main__][INFO] - ✓ DONE BosonMPS/energy_efficiency/GTN L=4 bd=4 seed=42 -> /zhome/6b/e/212868/GTN/outputs/gtn/energy_efficiency/BosonMPS_rg0.005_init0.1/L4_bd4_seed42 | val=0.9930
[2026-04-30 14:55:44,701][HYDRA] 	#16 : model.L=4 model.bond_dim=4 seed=10090 trainer.lr=0.005 trainer.ridge=0.005 trainer.optimizer=adamw +experiment=uci_gtn_sweep model=bosonmps dataset=energy_efficiency
[2026-04-30 14:55:44,853][__main__][INFO] - ▶ RUN BosonMPS/energy_efficiency/GTN L=4 bd=4 seed=10090 -> /zhome/6b/e/212868/GTN/outputs/gtn/energy_efficiency/BosonMPS_rg0.005_init0.1/L4_bd4_seed10090
[2026-04-30 14:56:02,035][__main__][INFO] - ✓ DONE BosonMPS/energy_efficiency/GTN L=4 bd=4 seed=10090 -> /zhome/6b/e/212868/GTN/outputs/gtn/energy_efficiency/BosonMPS_rg0.005_init0.1/L4_bd4_seed10090 | val=0.9825
[2026-04-30 14:56:02,037][HYDRA] 	#17 : model.L=4 model.bond_dim=4 seed=32874 trainer.lr=0.005 trainer.ridge=0.005 trainer.optimizer=adamw +experiment=uci_gtn_sweep model=bosonmps dataset=energy_efficiency
[2026-04-30 14:56:02,189][__main__][INFO] - ▶ RUN BosonMPS/energy_efficiency/GTN L=4 bd=4 seed=32874 -> /zhome/6b/e/212868/GTN/outputs/gtn/energy_efficiency/BosonMPS_rg0.005_init0.1/L4_bd4_seed32874
[2026-04-30 14:56:19,317][__main__][INFO] - ✓ DONE BosonMPS/energy_efficiency/GTN L=4 bd=4 seed=32874 -> /zhome/6b/e/212868/GTN/outputs/gtn/energy_efficiency/BosonMPS_rg0.005_init0.1/L4_bd4_seed32874 | val=0.9913
[2026-04-30 14:56:19,319][HYDRA] 	#18 : model.L=4 model.bond_dim=4 seed=47311 trainer.lr=0.005 trainer.ridge=0.005 trainer.optimizer=adamw +experiment=uci_gtn_sweep model=bosonmps dataset=energy_efficiency
[2026-04-30 14:56:19,470][__main__][INFO] - ▶ RUN BosonMPS/energy_efficiency/GTN L=4 bd=4 seed=47311 -> /zhome/6b/e/212868/GTN/outputs/gtn/energy_efficiency/BosonMPS_rg0.005_init0.1/L4_bd4_seed47311
[2026-04-30 14:56:36,417][__main__][INFO] - ✓ DONE BosonMPS/energy_efficiency/GTN L=4 bd=4 seed=47311 -> /zhome/6b/e/212868/GTN/outputs/gtn/energy_efficiency/BosonMPS_rg0.005_init0.1/L4_bd4_seed47311 | val=0.9940
[2026-04-30 14:56:36,419][HYDRA] 	#19 : model.L=4 model.bond_dim=4 seed=47303 trainer.lr=0.005 trainer.ridge=0.005 trainer.optimizer=adamw +experiment=uci_gtn_sweep model=bosonmps dataset=energy_efficiency
[2026-04-30 14:56:36,569][__main__][INFO] - ▶ RUN BosonMPS/energy_efficiency/GTN L=4 bd=4 seed=47303 -> /zhome/6b/e/212868/GTN/outputs/gtn/energy_efficiency/BosonMPS_rg0.005_init0.1/L4_bd4_seed47303
[2026-04-30 14:56:53,651][__main__][INFO] - ✓ DONE BosonMPS/energy_efficiency/GTN L=4 bd=4 seed=47303 -> /zhome/6b/e/212868/GTN/outputs/gtn/energy_efficiency/BosonMPS_rg0.005_init0.1/L4_bd4_seed47303 | val=0.9896
[2026-04-30 14:56:53,654][HYDRA] 	#20 : model.L=4 model.bond_dim=8 seed=42 trainer.lr=0.005 trainer.ridge=0.005 trainer.optimizer=adamw +experiment=uci_gtn_sweep model=bosonmps dataset=energy_efficiency
[2026-04-30 14:56:53,803][__main__][INFO] - ▶ RUN BosonMPS/energy_efficiency/GTN L=4 bd=8 seed=42 -> /zhome/6b/e/212868/GTN/outputs/gtn/energy_efficiency/BosonMPS_rg0.005_init0.1/L4_bd8_seed42
[2026-04-30 14:57:05,245][__main__][INFO] - Early stopping at epoch 657 (no improvement for 100 epochs)
[2026-04-30 14:57:05,259][__main__][INFO] - ✓ DONE BosonMPS/energy_efficiency/GTN L=4 bd=8 seed=42 -> /zhome/6b/e/212868/GTN/outputs/gtn/energy_efficiency/BosonMPS_rg0.005_init0.1/L4_bd8_seed42 | val=0.9957
[2026-04-30 14:57:05,260][HYDRA] 	#21 : model.L=4 model.bond_dim=8 seed=10090 trainer.lr=0.005 trainer.ridge=0.005 trainer.optimizer=adamw +experiment=uci_gtn_sweep model=bosonmps dataset=energy_efficiency
[2026-04-30 14:57:05,409][__main__][INFO] - ▶ RUN BosonMPS/energy_efficiency/GTN L=4 bd=8 seed=10090 -> /zhome/6b/e/212868/GTN/outputs/gtn/energy_efficiency/BosonMPS_rg0.005_init0.1/L4_bd8_seed10090
[2026-04-30 14:57:14,213][__main__][INFO] - Early stopping at epoch 473 (no improvement for 100 epochs)
[2026-04-30 14:57:14,224][__main__][INFO] - ✓ DONE BosonMPS/energy_efficiency/GTN L=4 bd=8 seed=10090 -> /zhome/6b/e/212868/GTN/outputs/gtn/energy_efficiency/BosonMPS_rg0.005_init0.1/L4_bd8_seed10090 | val=0.9905
[2026-04-30 14:57:14,226][HYDRA] 	#22 : model.L=4 model.bond_dim=8 seed=32874 trainer.lr=0.005 trainer.ridge=0.005 trainer.optimizer=adamw +experiment=uci_gtn_sweep model=bosonmps dataset=energy_efficiency
[2026-04-30 14:57:14,377][__main__][INFO] - ▶ RUN BosonMPS/energy_efficiency/GTN L=4 bd=8 seed=32874 -> /zhome/6b/e/212868/GTN/outputs/gtn/energy_efficiency/BosonMPS_rg0.005_init0.1/L4_bd8_seed32874
[2026-04-30 14:57:24,306][__main__][INFO] - Early stopping at epoch 547 (no improvement for 100 epochs)
[2026-04-30 14:57:24,328][__main__][INFO] - ✓ DONE BosonMPS/energy_efficiency/GTN L=4 bd=8 seed=32874 -> /zhome/6b/e/212868/GTN/outputs/gtn/energy_efficiency/BosonMPS_rg0.005_init0.1/L4_bd8_seed32874 | val=0.9936
[2026-04-30 14:57:24,330][HYDRA] 	#23 : model.L=4 model.bond_dim=8 seed=47311 trainer.lr=0.005 trainer.ridge=0.005 trainer.optimizer=adamw +experiment=uci_gtn_sweep model=bosonmps dataset=energy_efficiency
[2026-04-30 14:57:24,510][__main__][INFO] - ▶ RUN BosonMPS/energy_efficiency/GTN L=4 bd=8 seed=47311 -> /zhome/6b/e/212868/GTN/outputs/gtn/energy_efficiency/BosonMPS_rg0.005_init0.1/L4_bd8_seed47311
[2026-04-30 14:57:34,975][__main__][INFO] - Early stopping at epoch 581 (no improvement for 100 epochs)
[2026-04-30 14:57:35,064][__main__][INFO] - ✓ DONE BosonMPS/energy_efficiency/GTN L=4 bd=8 seed=47311 -> /zhome/6b/e/212868/GTN/outputs/gtn/energy_efficiency/BosonMPS_rg0.005_init0.1/L4_bd8_seed47311 | val=0.9947
[2026-04-30 14:57:35,066][HYDRA] 	#24 : model.L=4 model.bond_dim=8 seed=47303 trainer.lr=0.005 trainer.ridge=0.005 trainer.optimizer=adamw +experiment=uci_gtn_sweep model=bosonmps dataset=energy_efficiency
[2026-04-30 14:57:35,216][__main__][INFO] - ▶ RUN BosonMPS/energy_efficiency/GTN L=4 bd=8 seed=47303 -> /zhome/6b/e/212868/GTN/outputs/gtn/energy_efficiency/BosonMPS_rg0.005_init0.1/L4_bd8_seed47303
[2026-04-30 14:57:45,604][__main__][INFO] - Early stopping at epoch 589 (no improvement for 100 epochs)
[2026-04-30 14:57:45,617][__main__][INFO] - ✓ DONE BosonMPS/energy_efficiency/GTN L=4 bd=8 seed=47303 -> /zhome/6b/e/212868/GTN/outputs/gtn/energy_efficiency/BosonMPS_rg0.005_init0.1/L4_bd8_seed47303 | val=0.9959
[2026-04-30 14:57:45,619][HYDRA] 	#25 : model.L=4 model.bond_dim=12 seed=42 trainer.lr=0.005 trainer.ridge=0.005 trainer.optimizer=adamw +experiment=uci_gtn_sweep model=bosonmps dataset=energy_efficiency
[2026-04-30 14:57:45,767][__main__][INFO] - ▶ RUN BosonMPS/energy_efficiency/GTN L=4 bd=12 seed=42 -> /zhome/6b/e/212868/GTN/outputs/gtn/energy_efficiency/BosonMPS_rg0.005_init0.1/L4_bd12_seed42
[2026-04-30 14:57:54,633][__main__][INFO] - Early stopping at epoch 465 (no improvement for 100 epochs)
[2026-04-30 14:57:54,644][__main__][INFO] - ✓ DONE BosonMPS/energy_efficiency/GTN L=4 bd=12 seed=42 -> /zhome/6b/e/212868/GTN/outputs/gtn/energy_efficiency/BosonMPS_rg0.005_init0.1/L4_bd12_seed42 | val=0.9945
[2026-04-30 14:57:54,646][HYDRA] 	#26 : model.L=4 model.bond_dim=12 seed=10090 trainer.lr=0.005 trainer.ridge=0.005 trainer.optimizer=adamw +experiment=uci_gtn_sweep model=bosonmps dataset=energy_efficiency
[2026-04-30 14:57:54,797][__main__][INFO] - ▶ RUN BosonMPS/energy_efficiency/GTN L=4 bd=12 seed=10090 -> /zhome/6b/e/212868/GTN/outputs/gtn/energy_efficiency/BosonMPS_rg0.005_init0.1/L4_bd12_seed10090
[2026-04-30 14:58:03,620][__main__][INFO] - Early stopping at epoch 463 (no improvement for 100 epochs)
[2026-04-30 14:58:03,632][__main__][INFO] - ✓ DONE BosonMPS/energy_efficiency/GTN L=4 bd=12 seed=10090 -> /zhome/6b/e/212868/GTN/outputs/gtn/energy_efficiency/BosonMPS_rg0.005_init0.1/L4_bd12_seed10090 | val=0.9958
[2026-04-30 14:58:03,634][HYDRA] 	#27 : model.L=4 model.bond_dim=12 seed=32874 trainer.lr=0.005 trainer.ridge=0.005 trainer.optimizer=adamw +experiment=uci_gtn_sweep model=bosonmps dataset=energy_efficiency
[2026-04-30 14:58:03,784][__main__][INFO] - ▶ RUN BosonMPS/energy_efficiency/GTN L=4 bd=12 seed=32874 -> /zhome/6b/e/212868/GTN/outputs/gtn/energy_efficiency/BosonMPS_rg0.005_init0.1/L4_bd12_seed32874
[2026-04-30 14:58:14,300][__main__][INFO] - Early stopping at epoch 544 (no improvement for 100 epochs)
[2026-04-30 14:58:14,313][__main__][INFO] - ✓ DONE BosonMPS/energy_efficiency/GTN L=4 bd=12 seed=32874 -> /zhome/6b/e/212868/GTN/outputs/gtn/energy_efficiency/BosonMPS_rg0.005_init0.1/L4_bd12_seed32874 | val=0.9950
[2026-04-30 14:58:14,315][HYDRA] 	#28 : model.L=4 model.bond_dim=12 seed=47311 trainer.lr=0.005 trainer.ridge=0.005 trainer.optimizer=adamw +experiment=uci_gtn_sweep model=bosonmps dataset=energy_efficiency
[2026-04-30 14:58:14,467][__main__][INFO] - ▶ RUN BosonMPS/energy_efficiency/GTN L=4 bd=12 seed=47311 -> /zhome/6b/e/212868/GTN/outputs/gtn/energy_efficiency/BosonMPS_rg0.005_init0.1/L4_bd12_seed47311
[2026-04-30 14:58:25,229][__main__][INFO] - Early stopping at epoch 569 (no improvement for 100 epochs)
[2026-04-30 14:58:25,241][__main__][INFO] - ✓ DONE BosonMPS/energy_efficiency/GTN L=4 bd=12 seed=47311 -> /zhome/6b/e/212868/GTN/outputs/gtn/energy_efficiency/BosonMPS_rg0.005_init0.1/L4_bd12_seed47311 | val=0.9950
[2026-04-30 14:58:25,243][HYDRA] 	#29 : model.L=4 model.bond_dim=12 seed=47303 trainer.lr=0.005 trainer.ridge=0.005 trainer.optimizer=adamw +experiment=uci_gtn_sweep model=bosonmps dataset=energy_efficiency
[2026-04-30 14:58:25,397][__main__][INFO] - ▶ RUN BosonMPS/energy_efficiency/GTN L=4 bd=12 seed=47303 -> /zhome/6b/e/212868/GTN/outputs/gtn/energy_efficiency/BosonMPS_rg0.005_init0.1/L4_bd12_seed47303
[2026-04-30 14:58:34,797][__main__][INFO] - Early stopping at epoch 497 (no improvement for 100 epochs)
[2026-04-30 14:58:34,809][__main__][INFO] - ✓ DONE BosonMPS/energy_efficiency/GTN L=4 bd=12 seed=47303 -> /zhome/6b/e/212868/GTN/outputs/gtn/energy_efficiency/BosonMPS_rg0.005_init0.1/L4_bd12_seed47303 | val=0.9958

------------------------------------------------------------
Sender: LSF System <lsfadmin@hpc.dtu.dk>
Subject: Job 28330112[10]: <gtn_boson[1-21]%20> in cluster <dcc> Done

Job <gtn_boson[1-21]%20> was submitted from host <hpclogin1> by user <nicci> in cluster <dcc> at Thu Apr 30 14:50:17 2026
Job was executed on host(s) <4*n-62-29-10>, in queue <hpc>, as user <nicci> in cluster <dcc> at Thu Apr 30 14:50:18 2026
</zhome/6b/e/212868> was used as the home directory.
</zhome/6b/e/212868/GTN> was used as the working directory.
Started at Thu Apr 30 14:50:18 2026
Terminated at Thu Apr 30 14:58:35 2026
Results reported at Thu Apr 30 14:58:35 2026

Your job looked like:

------------------------------------------------------------
# LSBATCH: User input
#!/bin/bash
#BSUB -q hpc
#BSUB -J "gtn_boson[1-21]%20"
#BSUB -W 1:00
#BSUB -n 4
#BSUB -R "rusage[mem=500MB]"
#BSUB -R "span[hosts=1]"
#BSUB -o logs/%J_%I.out
#BSUB -e logs/%J_%I.err

MODELS=("bosonmps")

DATASETS=(
    "abalone" "adult" "ai4i" "appliances" "bank" "bike" "breast"
    "car_evaluation" "concrete" "energy_efficiency" "hearth"
    "iris" "mushrooms" "obesity" "popularity" "realstate"
    "seoulBike" "student_dropout" "student_perf" "wine"
    "winequalityc"
)

NUM_MODELS=${#MODELS[@]}
NUM_DATASETS=${#DATASETS[@]}
NUM_EXPERIMENTS=$((NUM_DATASETS * NUM_MODELS))

if [ "$1" == "test" ]; then
    echo "SIMULATING ARRAY:"
    echo "-----------------"

    for ((i=1; i<=NUM_EXPERIMENTS; i++)); do
        IDV=$((i - 1))
        MODEL_IDX=$((IDV % NUM_MODELS))
        DATASET_IDX=$((IDV / NUM_MODELS))

        echo "Index $i: Dataset=${DATASETS[$DATASET_IDX]}, Model=${MODELS[$MODEL_IDX]}"
    done
    exit 0
fi

export HOME=/zhome/6b/e/212868
cd "$HOME/GTN"
source .venv/bin/activate

mkdir -p logs

IDV=$((LSB_JOBINDEX - 1))
MODEL_IDX=$((IDV % NUM_MODELS))
DATASET_IDX=$((IDV / NUM_MODELS))

CURRENT_DATASET=${DATASETS[$DATASET_IDX]}
CURRENT_MODEL=${MODELS[$MODEL_IDX]}

(... more ...)
------------------------------------------------------------

Successfully completed.

Resource usage summary:

    CPU time :                                   1188.37 sec.
    Max Memory :                                 529 MB
    Average Memory :                             488.83 MB
    Total Requested Memory :                     2000.00 MB
    Delta Memory :                               1471.00 MB
    Max Swap :                                   -
    Max Processes :                              4
    Max Threads :                                14
    Run time :                                   497 sec.
    Turnaround time :                            498 sec.

The output (if any) is above this job summary.



PS:

Read file <logs/28330112_10.err> for stderr output of this job.

