Traceback (most recent call last):
  File "/zhome/6b/e/212868/GTN/run.py", line 792, in <module>
    main()
  File "/zhome/6b/e/212868/GTN/.venv/lib/python3.12/site-packages/hydra/main.py", line 94, in decorated_main
    _run_hydra(
  File "/zhome/6b/e/212868/GTN/.venv/lib/python3.12/site-packages/hydra/_internal/utils.py", line 394, in _run_hydra
    _run_app(
  File "/zhome/6b/e/212868/GTN/.venv/lib/python3.12/site-packages/hydra/_internal/utils.py", line 465, in _run_app
    run_and_report(
  File "/zhome/6b/e/212868/GTN/.venv/lib/python3.12/site-packages/hydra/_internal/utils.py", line 220, in run_and_report
    return func()
           ^^^^^^
  File "/zhome/6b/e/212868/GTN/.venv/lib/python3.12/site-packages/hydra/_internal/utils.py", line 466, in <lambda>
    lambda: hydra.multirun(
            ^^^^^^^^^^^^^^^
  File "/zhome/6b/e/212868/GTN/.venv/lib/python3.12/site-packages/hydra/_internal/hydra.py", line 162, in multirun
    ret = sweeper.sweep(arguments=task_overrides)
          ^^^^^^^^^^^^^^^^^^^^^^^^^^^^^^^^^^^^^^^
  File "/zhome/6b/e/212868/GTN/.venv/lib/python3.12/site-packages/hydra/_internal/core_plugins/basic_sweeper.py", line 177, in sweep
    results = self.launcher.launch(batch, initial_job_idx=initial_job_idx)
              ^^^^^^^^^^^^^^^^^^^^^^^^^^^^^^^^^^^^^^^^^^^^^^^^^^^^^^^^^^^^
  File "/zhome/6b/e/212868/GTN/.venv/lib/python3.12/site-packages/hydra/_internal/core_plugins/basic_launcher.py", line 74, in launch
    ret = run_job(
          ^^^^^^^^
  File "/zhome/6b/e/212868/GTN/.venv/lib/python3.12/site-packages/hydra/core/utils.py", line 186, in run_job
    ret.return_value = task_function(task_cfg)
                       ^^^^^^^^^^^^^^^^^^^^^^^
  File "/zhome/6b/e/212868/GTN/run.py", line 788, in main
    return _main_impl(cfg)
           ^^^^^^^^^^^^^^^
  File "/zhome/6b/e/212868/GTN/run.py", line 737, in _main_impl
    result = run_ntn(cfg, model, data, output_dir)
             ^^^^^^^^^^^^^^^^^^^^^^^^^^^^^^^^^^^^^
  File "/zhome/6b/e/212868/GTN/run.py", line 352, in run_ntn
    scores_train, scores_val = ntn.fit(
                               ^^^^^^^^
  File "/zhome/6b/e/212868/GTN/model/base/NTN_Ensemble.py", line 453, in fit
    ntn.update_tn_node(
  File "/zhome/6b/e/212868/GTN/model/base/NTN.py", line 816, in update_tn_node
    delta_tensor = self._get_node_update(
                   ^^^^^^^^^^^^^^^^^^^^^^
  File "/zhome/6b/e/212868/GTN/model/base/NTN.py", line 635, in _get_node_update
    b, H = self._compute_H_b(node_tag)
           ^^^^^^^^^^^^^^^^^^^^^^^^^^^
  File "/zhome/6b/e/212868/GTN/model/base/NTN.py", line 203, in _compute_H_b
    J, H = self.compute_node_derivatives(
           ^^^^^^^^^^^^^^^^^^^^^^^^^^^^^^
  File "/zhome/6b/e/212868/GTN/model/base/NTN.py", line 144, in compute_node_derivatives
    return self._sum_over_batches(
           ^^^^^^^^^^^^^^^^^^^^^^^
  File "/zhome/6b/e/212868/GTN/model/base/NTN.py", line 119, in _sum_over_batches
    result = tuple(r + b for r, b in zip(result, batch_result))
             ^^^^^^^^^^^^^^^^^^^^^^^^^^^^^^^^^^^^^^^^^^^^^^^^^^
  File "/zhome/6b/e/212868/GTN/model/base/NTN.py", line 119, in <genexpr>
    result = tuple(r + b for r, b in zip(result, batch_result))
                   ~~^~~
  File "/zhome/6b/e/212868/GTN/.venv/lib/python3.12/site-packages/quimb/tensor/tensor_core.py", line 3610, in _promote_array_func
    data=op(self.data, otherT.data),
         ^^^^^^^^^^^^^^^^^^^^^^^^^^
KeyboardInterrupt
