Running: model=cpda, dataset=bank, L=4, bd=8, seed=32874
[2026-05-01 12:12:25,289][utils.tracking][INFO] - Loaded 17965 tracked runs from runs_tracking.csv
[2026-05-01 12:12:25,291][__main__][INFO] - ▶ RUN CPDA/bank/NTN L=4 bd=8 seed=32874 -> /zhome/6b/e/212868/GTN/outputs/ntn/bank/CPDA_rg5_init0.1/L4_bd8_seed32874
Starting Fit: 20 epochs.
Sweep Order: ['Node0', 'Node1', 'Node2', 'Node3', 'Node2', 'Node1']
Validation: Using separate validation set for best model selection
Early stopping: patience=10, min_delta=0.001
Init    | Train: loss: 152.60554 | quality: 0.44633
        | Val:   loss: 178.29497 | quality: 0.44426
Epoch 1 | Train: loss: 10931687722911109715635047771724499124224.00000 | quality: 0.62240
        | Val:   loss: 39072941266668501341647988637152023937024.00000 | quality: 0.62459
 *

------------------------------------------------------------
Sender: LSF System <lsfadmin@hpc.dtu.dk>
Subject: Job 28334034[13]: <ntn_cpda_bank[1-25]%10> in cluster <dcc> Exited

Job <ntn_cpda_bank[1-25]%10> was submitted from host <hpclogin1> by user <nicci> in cluster <dcc> at Fri May  1 12:11:05 2026
Job was executed on host(s) <6*n-62-13-6>, in queue <hpc>, as user <nicci> in cluster <dcc> at Fri May  1 12:12:19 2026
</zhome/6b/e/212868> was used as the home directory.
</zhome/6b/e/212868/GTN> was used as the working directory.
Started at Fri May  1 12:12:19 2026
Terminated at Fri May  1 12:12:49 2026
Results reported at Fri May  1 12:12:49 2026

Your job looked like:

------------------------------------------------------------
# LSBATCH: User input
#!/bin/bash
#BSUB -q hpc
#BSUB -J "ntn_cpda_bank[1-25]%10"
#BSUB -W 1:00
#BSUB -n 6
#BSUB -R "rusage[mem=6GB]"
#BSUB -R "span[hosts=1]"
#BSUB -o logs/%J_%I.out
#BSUB -e logs/%J_%I.err

export HOME=/zhome/6b/e/212868
cd "$HOME/GTN"
source .venv/bin/activate
mkdir -p logs

export OMP_NUM_THREADS=6
export MKL_NUM_THREADS=6

# List of missing configs: "L bond_dim seed"
CONFIGS=(
    "3 16 42"
    "3 16 10090"
    "3 16 32874"
    "3 16 47311"
    "3 16 47303"
    "3 32 42"
    "3 32 10090"
    "3 32 32874"
    "3 32 47311"
    "3 32 47303"
    "4 8 42"
    "4 8 10090"
    "4 8 32874"
    "4 8 47311"
    "4 8 47303"
    "4 16 42"
    "4 16 10090"
    "4 16 32874"
    "4 16 47311"
    "4 16 47303"
    "4 32 42"
    "4 32 10090"
    "4 32 32874"
    "4 32 47311"
    "4 32 47303"
)

IDV=$((LSB_JOBINDEX - 1))
CONF=(${CONFIGS[$IDV]})


(... more ...)
------------------------------------------------------------

TERM_OWNER: job killed by owner.
Exited with exit code 130.

Resource usage summary:

    CPU time :                                   64.04 sec.
    Max Memory :                                 9717 MB
    Average Memory :                             432.00 MB
    Total Requested Memory :                     36864.00 MB
    Delta Memory :                               27147.00 MB
    Max Swap :                                   -
    Max Processes :                              12
    Max Threads :                                20
    Run time :                                   30 sec.
    Turnaround time :                            104 sec.

The output (if any) is above this job summary.



PS:

Read file <logs/28334034_13.err> for stderr output of this job.

