Task 150: Dataset=winequalityc, Model=tnml_p, Experiment=uci_ntn_sweep
[2026-05-03 07:43:08,689][HYDRA] Launching 30 jobs locally
[2026-05-03 07:43:08,689][HYDRA] 	#0 : model.L=4 model.bond_dim=12 seed=42 trainer.ridge=5 trainer.ridge_decay=0.25 trainer.ridge_min=0.0001 +experiment=uci_ntn_sweep model=tnml_p dataset=winequalityc
[2026-05-03 07:43:09,160][utils.tracking][INFO] - Loaded 17971 tracked runs from runs_tracking.csv
[2026-05-03 07:43:09,162][__main__][INFO] - ⏭ SKIP TNML_P/winequalityc/NTN L=4 bd=12 seed=42 -> /zhome/6b/e/212868/GTN/outputs/ntn/winequalityc/TNML_P_rg5_init0.1/L4_bd12_seed42 | previous run failed with singular matrix (permanent) 
[2026-05-03 07:43:09,164][HYDRA] 	#1 : model.L=4 model.bond_dim=12 seed=10090 trainer.ridge=5 trainer.ridge_decay=0.25 trainer.ridge_min=0.0001 +experiment=uci_ntn_sweep model=tnml_p dataset=winequalityc
[2026-05-03 07:43:09,299][__main__][INFO] - ⏭ SKIP TNML_P/winequalityc/NTN L=4 bd=12 seed=10090 -> /zhome/6b/e/212868/GTN/outputs/ntn/winequalityc/TNML_P_rg5_init0.1/L4_bd12_seed10090 | previous run failed with singular matrix (permanent) 
[2026-05-03 07:43:09,301][HYDRA] 	#2 : model.L=4 model.bond_dim=12 seed=32874 trainer.ridge=5 trainer.ridge_decay=0.25 trainer.ridge_min=0.0001 +experiment=uci_ntn_sweep model=tnml_p dataset=winequalityc
[2026-05-03 07:43:09,432][__main__][INFO] - ⏭ SKIP TNML_P/winequalityc/NTN L=4 bd=12 seed=32874 -> /zhome/6b/e/212868/GTN/outputs/ntn/winequalityc/TNML_P_rg5_init0.1/L4_bd12_seed32874 | previous run failed with singular matrix (permanent) 
[2026-05-03 07:43:09,434][HYDRA] 	#3 : model.L=4 model.bond_dim=12 seed=47311 trainer.ridge=5 trainer.ridge_decay=0.25 trainer.ridge_min=0.0001 +experiment=uci_ntn_sweep model=tnml_p dataset=winequalityc
[2026-05-03 07:43:09,565][__main__][INFO] - ⏭ SKIP TNML_P/winequalityc/NTN L=4 bd=12 seed=47311 -> /zhome/6b/e/212868/GTN/outputs/ntn/winequalityc/TNML_P_rg5_init0.1/L4_bd12_seed47311 | previous run failed with singular matrix (permanent) 
[2026-05-03 07:43:09,566][HYDRA] 	#4 : model.L=4 model.bond_dim=12 seed=47303 trainer.ridge=5 trainer.ridge_decay=0.25 trainer.ridge_min=0.0001 +experiment=uci_ntn_sweep model=tnml_p dataset=winequalityc
[2026-05-03 07:43:09,698][__main__][INFO] - ⏭ SKIP TNML_P/winequalityc/NTN L=4 bd=12 seed=47303 -> /zhome/6b/e/212868/GTN/outputs/ntn/winequalityc/TNML_P_rg5_init0.1/L4_bd12_seed47303 | previous run failed with singular matrix (permanent) 
[2026-05-03 07:43:09,700][HYDRA] 	#5 : model.L=4 model.bond_dim=8 seed=42 trainer.ridge=5 trainer.ridge_decay=0.25 trainer.ridge_min=0.0001 +experiment=uci_ntn_sweep model=tnml_p dataset=winequalityc
[2026-05-03 07:43:09,831][__main__][INFO] - ⏭ SKIP TNML_P/winequalityc/NTN L=4 bd=8 seed=42 -> /zhome/6b/e/212868/GTN/outputs/ntn/winequalityc/TNML_P_rg5_init0.1/L4_bd8_seed42 | previous run failed with singular matrix (permanent) 
[2026-05-03 07:43:09,833][HYDRA] 	#6 : model.L=4 model.bond_dim=8 seed=10090 trainer.ridge=5 trainer.ridge_decay=0.25 trainer.ridge_min=0.0001 +experiment=uci_ntn_sweep model=tnml_p dataset=winequalityc
[2026-05-03 07:43:09,973][__main__][INFO] - ⏭ SKIP TNML_P/winequalityc/NTN L=4 bd=8 seed=10090 -> /zhome/6b/e/212868/GTN/outputs/ntn/winequalityc/TNML_P_rg5_init0.1/L4_bd8_seed10090 | previous run failed with singular matrix (permanent) 
[2026-05-03 07:43:09,974][HYDRA] 	#7 : model.L=4 model.bond_dim=8 seed=32874 trainer.ridge=5 trainer.ridge_decay=0.25 trainer.ridge_min=0.0001 +experiment=uci_ntn_sweep model=tnml_p dataset=winequalityc
[2026-05-03 07:43:10,113][__main__][INFO] - ⏭ SKIP TNML_P/winequalityc/NTN L=4 bd=8 seed=32874 -> /zhome/6b/e/212868/GTN/outputs/ntn/winequalityc/TNML_P_rg5_init0.1/L4_bd8_seed32874 | previous run failed with singular matrix (permanent) 
[2026-05-03 07:43:10,115][HYDRA] 	#8 : model.L=4 model.bond_dim=8 seed=47311 trainer.ridge=5 trainer.ridge_decay=0.25 trainer.ridge_min=0.0001 +experiment=uci_ntn_sweep model=tnml_p dataset=winequalityc
[2026-05-03 07:43:10,264][__main__][INFO] - ⏭ SKIP TNML_P/winequalityc/NTN L=4 bd=8 seed=47311 -> /zhome/6b/e/212868/GTN/outputs/ntn/winequalityc/TNML_P_rg5_init0.1/L4_bd8_seed47311 | previous run failed with singular matrix (permanent) 
[2026-05-03 07:43:10,266][HYDRA] 	#9 : model.L=4 model.bond_dim=8 seed=47303 trainer.ridge=5 trainer.ridge_decay=0.25 trainer.ridge_min=0.0001 +experiment=uci_ntn_sweep model=tnml_p dataset=winequalityc
[2026-05-03 07:43:10,397][__main__][INFO] - ⏭ SKIP TNML_P/winequalityc/NTN L=4 bd=8 seed=47303 -> /zhome/6b/e/212868/GTN/outputs/ntn/winequalityc/TNML_P_rg5_init0.1/L4_bd8_seed47303 | previous run failed with singular matrix (permanent) 
[2026-05-03 07:43:10,399][HYDRA] 	#10 : model.L=4 model.bond_dim=4 seed=42 trainer.ridge=5 trainer.ridge_decay=0.25 trainer.ridge_min=0.0001 +experiment=uci_ntn_sweep model=tnml_p dataset=winequalityc
[2026-05-03 07:43:10,530][__main__][INFO] - ⏭ SKIP TNML_P/winequalityc/NTN L=4 bd=4 seed=42 -> /zhome/6b/e/212868/GTN/outputs/ntn/winequalityc/TNML_P_rg5_init0.1/L4_bd4_seed42 | previous run failed with singular matrix (permanent) 
[2026-05-03 07:43:10,532][HYDRA] 	#11 : model.L=4 model.bond_dim=4 seed=10090 trainer.ridge=5 trainer.ridge_decay=0.25 trainer.ridge_min=0.0001 +experiment=uci_ntn_sweep model=tnml_p dataset=winequalityc
[2026-05-03 07:43:10,654][__main__][INFO] - ⏭ SKIP TNML_P/winequalityc/NTN L=4 bd=4 seed=10090 -> /zhome/6b/e/212868/GTN/outputs/ntn/winequalityc/TNML_P_rg5_init0.1/L4_bd4_seed10090 | previous run failed with singular matrix (permanent) 
[2026-05-03 07:43:10,655][HYDRA] 	#12 : model.L=4 model.bond_dim=4 seed=32874 trainer.ridge=5 trainer.ridge_decay=0.25 trainer.ridge_min=0.0001 +experiment=uci_ntn_sweep model=tnml_p dataset=winequalityc
[2026-05-03 07:43:10,798][__main__][INFO] - ⏭ SKIP TNML_P/winequalityc/NTN L=4 bd=4 seed=32874 -> /zhome/6b/e/212868/GTN/outputs/ntn/winequalityc/TNML_P_rg5_init0.1/L4_bd4_seed32874 | previous run failed with singular matrix (permanent) 
[2026-05-03 07:43:10,801][HYDRA] 	#13 : model.L=4 model.bond_dim=4 seed=47311 trainer.ridge=5 trainer.ridge_decay=0.25 trainer.ridge_min=0.0001 +experiment=uci_ntn_sweep model=tnml_p dataset=winequalityc
[2026-05-03 07:43:10,959][__main__][INFO] - ⏭ SKIP TNML_P/winequalityc/NTN L=4 bd=4 seed=47311 -> /zhome/6b/e/212868/GTN/outputs/ntn/winequalityc/TNML_P_rg5_init0.1/L4_bd4_seed47311 | previous run failed with singular matrix (permanent) 
[2026-05-03 07:43:10,961][HYDRA] 	#14 : model.L=4 model.bond_dim=4 seed=47303 trainer.ridge=5 trainer.ridge_decay=0.25 trainer.ridge_min=0.0001 +experiment=uci_ntn_sweep model=tnml_p dataset=winequalityc
[2026-05-03 07:43:11,085][__main__][INFO] - ⏭ SKIP TNML_P/winequalityc/NTN L=4 bd=4 seed=47303 -> /zhome/6b/e/212868/GTN/outputs/ntn/winequalityc/TNML_P_rg5_init0.1/L4_bd4_seed47303 | previous run failed with singular matrix (permanent) 
[2026-05-03 07:43:11,086][HYDRA] 	#15 : model.L=3 model.bond_dim=12 seed=42 trainer.ridge=5 trainer.ridge_decay=0.25 trainer.ridge_min=0.0001 +experiment=uci_ntn_sweep model=tnml_p dataset=winequalityc
[2026-05-03 07:43:11,216][__main__][INFO] - ⏭ SKIP TNML_P/winequalityc/NTN L=3 bd=12 seed=42 -> /zhome/6b/e/212868/GTN/outputs/ntn/winequalityc/TNML_P_rg5_init0.1/L3_bd12_seed42 | previous run failed with singular matrix (permanent) 
[2026-05-03 07:43:11,218][HYDRA] 	#16 : model.L=3 model.bond_dim=12 seed=10090 trainer.ridge=5 trainer.ridge_decay=0.25 trainer.ridge_min=0.0001 +experiment=uci_ntn_sweep model=tnml_p dataset=winequalityc
[2026-05-03 07:43:11,348][__main__][INFO] - ⏭ SKIP TNML_P/winequalityc/NTN L=3 bd=12 seed=10090 -> /zhome/6b/e/212868/GTN/outputs/ntn/winequalityc/TNML_P_rg5_init0.1/L3_bd12_seed10090 | previous run failed with singular matrix (permanent) 
[2026-05-03 07:43:11,350][HYDRA] 	#17 : model.L=3 model.bond_dim=12 seed=32874 trainer.ridge=5 trainer.ridge_decay=0.25 trainer.ridge_min=0.0001 +experiment=uci_ntn_sweep model=tnml_p dataset=winequalityc
[2026-05-03 07:43:11,493][__main__][INFO] - ⏭ SKIP TNML_P/winequalityc/NTN L=3 bd=12 seed=32874 -> /zhome/6b/e/212868/GTN/outputs/ntn/winequalityc/TNML_P_rg5_init0.1/L3_bd12_seed32874 | previous run failed with singular matrix (permanent) 
[2026-05-03 07:43:11,495][HYDRA] 	#18 : model.L=3 model.bond_dim=12 seed=47311 trainer.ridge=5 trainer.ridge_decay=0.25 trainer.ridge_min=0.0001 +experiment=uci_ntn_sweep model=tnml_p dataset=winequalityc
[2026-05-03 07:43:11,635][__main__][INFO] - ⏭ SKIP TNML_P/winequalityc/NTN L=3 bd=12 seed=47311 -> /zhome/6b/e/212868/GTN/outputs/ntn/winequalityc/TNML_P_rg5_init0.1/L3_bd12_seed47311 | previous run failed with singular matrix (permanent) 
[2026-05-03 07:43:11,637][HYDRA] 	#19 : model.L=3 model.bond_dim=12 seed=47303 trainer.ridge=5 trainer.ridge_decay=0.25 trainer.ridge_min=0.0001 +experiment=uci_ntn_sweep model=tnml_p dataset=winequalityc
[2026-05-03 07:43:11,780][__main__][INFO] - ⏭ SKIP TNML_P/winequalityc/NTN L=3 bd=12 seed=47303 -> /zhome/6b/e/212868/GTN/outputs/ntn/winequalityc/TNML_P_rg5_init0.1/L3_bd12_seed47303 | previous run failed with singular matrix (permanent) 
[2026-05-03 07:43:11,781][HYDRA] 	#20 : model.L=3 model.bond_dim=8 seed=42 trainer.ridge=5 trainer.ridge_decay=0.25 trainer.ridge_min=0.0001 +experiment=uci_ntn_sweep model=tnml_p dataset=winequalityc
[2026-05-03 07:43:11,925][__main__][INFO] - ⏭ SKIP TNML_P/winequalityc/NTN L=3 bd=8 seed=42 -> /zhome/6b/e/212868/GTN/outputs/ntn/winequalityc/TNML_P_rg5_init0.1/L3_bd8_seed42 | previous run failed with singular matrix (permanent) 
[2026-05-03 07:43:11,927][HYDRA] 	#21 : model.L=3 model.bond_dim=8 seed=10090 trainer.ridge=5 trainer.ridge_decay=0.25 trainer.ridge_min=0.0001 +experiment=uci_ntn_sweep model=tnml_p dataset=winequalityc
[2026-05-03 07:43:12,060][__main__][INFO] - ⏭ SKIP TNML_P/winequalityc/NTN L=3 bd=8 seed=10090 -> /zhome/6b/e/212868/GTN/outputs/ntn/winequalityc/TNML_P_rg5_init0.1/L3_bd8_seed10090 | previous run failed with singular matrix (permanent) 
[2026-05-03 07:43:12,061][HYDRA] 	#22 : model.L=3 model.bond_dim=8 seed=32874 trainer.ridge=5 trainer.ridge_decay=0.25 trainer.ridge_min=0.0001 +experiment=uci_ntn_sweep model=tnml_p dataset=winequalityc
[2026-05-03 07:43:12,193][__main__][INFO] - ⏭ SKIP TNML_P/winequalityc/NTN L=3 bd=8 seed=32874 -> /zhome/6b/e/212868/GTN/outputs/ntn/winequalityc/TNML_P_rg5_init0.1/L3_bd8_seed32874 | previous run failed with singular matrix (permanent) 
[2026-05-03 07:43:12,195][HYDRA] 	#23 : model.L=3 model.bond_dim=8 seed=47311 trainer.ridge=5 trainer.ridge_decay=0.25 trainer.ridge_min=0.0001 +experiment=uci_ntn_sweep model=tnml_p dataset=winequalityc
[2026-05-03 07:43:12,331][__main__][INFO] - ⏭ SKIP TNML_P/winequalityc/NTN L=3 bd=8 seed=47311 -> /zhome/6b/e/212868/GTN/outputs/ntn/winequalityc/TNML_P_rg5_init0.1/L3_bd8_seed47311 | previous run failed with singular matrix (permanent) 
[2026-05-03 07:43:12,332][HYDRA] 	#24 : model.L=3 model.bond_dim=8 seed=47303 trainer.ridge=5 trainer.ridge_decay=0.25 trainer.ridge_min=0.0001 +experiment=uci_ntn_sweep model=tnml_p dataset=winequalityc
[2026-05-03 07:43:12,466][__main__][INFO] - ⏭ SKIP TNML_P/winequalityc/NTN L=3 bd=8 seed=47303 -> /zhome/6b/e/212868/GTN/outputs/ntn/winequalityc/TNML_P_rg5_init0.1/L3_bd8_seed47303 | previous run failed with singular matrix (permanent) 
[2026-05-03 07:43:12,467][HYDRA] 	#25 : model.L=3 model.bond_dim=4 seed=42 trainer.ridge=5 trainer.ridge_decay=0.25 trainer.ridge_min=0.0001 +experiment=uci_ntn_sweep model=tnml_p dataset=winequalityc
[2026-05-03 07:43:12,602][__main__][INFO] - ⏭ SKIP TNML_P/winequalityc/NTN L=3 bd=4 seed=42 -> /zhome/6b/e/212868/GTN/outputs/ntn/winequalityc/TNML_P_rg5_init0.1/L3_bd4_seed42 | already completed successfully (val_quality=0.2041025641025641) val=0.2041
[2026-05-03 07:43:12,604][HYDRA] 	#26 : model.L=3 model.bond_dim=4 seed=10090 trainer.ridge=5 trainer.ridge_decay=0.25 trainer.ridge_min=0.0001 +experiment=uci_ntn_sweep model=tnml_p dataset=winequalityc
[2026-05-03 07:43:12,738][__main__][INFO] - ⏭ SKIP TNML_P/winequalityc/NTN L=3 bd=4 seed=10090 -> /zhome/6b/e/212868/GTN/outputs/ntn/winequalityc/TNML_P_rg5_init0.1/L3_bd4_seed10090 | already completed successfully (val_quality=0.1138461538461538) val=0.1138
[2026-05-03 07:43:12,740][HYDRA] 	#27 : model.L=3 model.bond_dim=4 seed=32874 trainer.ridge=5 trainer.ridge_decay=0.25 trainer.ridge_min=0.0001 +experiment=uci_ntn_sweep model=tnml_p dataset=winequalityc
[2026-05-03 07:43:13,099][__main__][INFO] - ⏭ SKIP TNML_P/winequalityc/NTN L=3 bd=4 seed=32874 -> /zhome/6b/e/212868/GTN/outputs/ntn/winequalityc/TNML_P_rg5_init0.1/L3_bd4_seed32874 | already completed successfully (val_quality=0.1476923076923077) val=0.1477
[2026-05-03 07:43:13,101][HYDRA] 	#28 : model.L=3 model.bond_dim=4 seed=47311 trainer.ridge=5 trainer.ridge_decay=0.25 trainer.ridge_min=0.0001 +experiment=uci_ntn_sweep model=tnml_p dataset=winequalityc
[2026-05-03 07:43:13,224][__main__][INFO] - ⏭ SKIP TNML_P/winequalityc/NTN L=3 bd=4 seed=47311 -> /zhome/6b/e/212868/GTN/outputs/ntn/winequalityc/TNML_P_rg5_init0.1/L3_bd4_seed47311 | already completed successfully (val_quality=0.1887179487179487) val=0.1887
[2026-05-03 07:43:13,225][HYDRA] 	#29 : model.L=3 model.bond_dim=4 seed=47303 trainer.ridge=5 trainer.ridge_decay=0.25 trainer.ridge_min=0.0001 +experiment=uci_ntn_sweep model=tnml_p dataset=winequalityc
[2026-05-03 07:43:13,362][__main__][INFO] - ⏭ SKIP TNML_P/winequalityc/NTN L=3 bd=4 seed=47303 -> /zhome/6b/e/212868/GTN/outputs/ntn/winequalityc/TNML_P_rg5_init0.1/L3_bd4_seed47303 | already completed successfully (val_quality=0.1097435897435897) val=0.1097

------------------------------------------------------------
Sender: LSF System <lsfadmin@hpc.dtu.dk>
Subject: Job 28339356[150]: <ntn_grid_full[1-150]%20> in cluster <dcc> Done

Job <ntn_grid_full[1-150]%20> was submitted from host <hpclogin1> by user <nicci> in cluster <dcc> at Sun May  3 07:01:17 2026
Job was executed on host(s) <6*n-62-31-7>, in queue <hpc>, as user <nicci> in cluster <dcc> at Sun May  3 07:42:59 2026
</zhome/6b/e/212868> was used as the home directory.
</zhome/6b/e/212868/GTN> was used as the working directory.
Started at Sun May  3 07:42:59 2026
Terminated at Sun May  3 07:43:14 2026
Results reported at Sun May  3 07:43:14 2026

Your job looked like:

------------------------------------------------------------
# LSBATCH: User input
#!/bin/bash
#BSUB -q hpc
#BSUB -J "ntn_grid_full[1-150]%20"
#BSUB -W 8:00
#BSUB -n 6
#BSUB -R "rusage[mem=750MB]"
#BSUB -R "span[hosts=1]"
#BSUB -o logs/%J_%I.out
#BSUB -e logs/%J_%I.err

MODELS=("cpda" "cpda_typei" "lmpo2" "lmpo2_typei" "mpo2" "mpo2_typei" "mmpo2" "mmpo2_typei" "tnml_f" "tnml_p")

DATASETS=(
    "abalone" "adult" "ai4i" "appliances" "bank" "bike" "breast"
    "car_evaluation" "concrete" "energy_efficiency" "hearth"
    "iris" "mushrooms" "obesity" "popularity" "realstate"
    "seoulBike" "student_dropout" "student_perf" "wine"
    "winequalityc"
)

COMPLETED_DATASETS=(
    "abalone" "bike" "concrete" "energy_efficiency"
    "iris" "realstate" )

# Filter datasets
FILTERED_DATASETS=()
for ds in "${DATASETS[@]}"; do
    skip=false
    for completed in "${COMPLETED_DATASETS[@]}"; do
        if [[ "$ds" == "$completed" ]]; then
            skip=true
            break
        fi
    done

    if ! $skip; then
        FILTERED_DATASETS+=("$ds")
    fi
done

DATASETS=("${FILTERED_DATASETS[@]}")

NUM_MODELS=${#MODELS[@]}
NUM_DATASETS=${#DATASETS[@]}
NUM_EXPERIMENTS=$((NUM_DATASETS * NUM_MODELS))

if [ "$1" == "test" ]; then
    echo "SIMULATING ARRAY:"
    echo "-----------------"


(... more ...)
------------------------------------------------------------

Successfully completed.

Resource usage summary:

    CPU time :                                   13.10 sec.
    Max Memory :                                 397 MB
    Average Memory :                             397.00 MB
    Total Requested Memory :                     4500.00 MB
    Delta Memory :                               4103.00 MB
    Max Swap :                                   -
    Max Processes :                              4
    Max Threads :                                15
    Run time :                                   15 sec.
    Turnaround time :                            2517 sec.

The output (if any) is above this job summary.



PS:

Read file <logs/28339356_150.err> for stderr output of this job.

