Task 46: Dataset=breast, Model=mpo2_typei, Experiment=uci_ntn_sweep
[2026-05-03 10:31:25,800][HYDRA] Launching 30 jobs locally
[2026-05-03 10:31:25,800][HYDRA] 	#0 : model.L=4 model.bond_dim=12 seed=42 trainer.ridge=5 trainer.ridge_decay=0.25 trainer.ridge_min=0.0001 +experiment=uci_ntn_sweep model=mpo2_typei dataset=breast
[2026-05-03 10:31:26,251][utils.tracking][INFO] - Loaded 18722 tracked runs from runs_tracking.csv
[2026-05-03 10:31:26,253][__main__][INFO] - ⏭ SKIP MPO2TypeI/breast/NTN L=4 bd=12 seed=42 -> /zhome/6b/e/212868/GTN/outputs/ntn/breast/MPO2TypeI_rg5_init0.1/L4_bd12_seed42 | already completed successfully (val_quality=0.6941176470588235) val=0.6941
[2026-05-03 10:31:26,256][HYDRA] 	#1 : model.L=4 model.bond_dim=12 seed=10090 trainer.ridge=5 trainer.ridge_decay=0.25 trainer.ridge_min=0.0001 +experiment=uci_ntn_sweep model=mpo2_typei dataset=breast
[2026-05-03 10:31:26,399][__main__][INFO] - ⏭ SKIP MPO2TypeI/breast/NTN L=4 bd=12 seed=10090 -> /zhome/6b/e/212868/GTN/outputs/ntn/breast/MPO2TypeI_rg5_init0.1/L4_bd12_seed10090 | already completed successfully (val_quality=0.8823529411764706) val=0.8824
[2026-05-03 10:31:26,402][HYDRA] 	#2 : model.L=4 model.bond_dim=12 seed=32874 trainer.ridge=5 trainer.ridge_decay=0.25 trainer.ridge_min=0.0001 +experiment=uci_ntn_sweep model=mpo2_typei dataset=breast
[2026-05-03 10:31:26,543][__main__][INFO] - ⏭ SKIP MPO2TypeI/breast/NTN L=4 bd=12 seed=32874 -> /zhome/6b/e/212868/GTN/outputs/ntn/breast/MPO2TypeI_rg5_init0.1/L4_bd12_seed32874 | already completed successfully (val_quality=0.6235294117647059) val=0.6235
[2026-05-03 10:31:26,545][HYDRA] 	#3 : model.L=4 model.bond_dim=12 seed=47311 trainer.ridge=5 trainer.ridge_decay=0.25 trainer.ridge_min=0.0001 +experiment=uci_ntn_sweep model=mpo2_typei dataset=breast
[2026-05-03 10:31:26,685][__main__][INFO] - ⏭ SKIP MPO2TypeI/breast/NTN L=4 bd=12 seed=47311 -> /zhome/6b/e/212868/GTN/outputs/ntn/breast/MPO2TypeI_rg5_init0.1/L4_bd12_seed47311 | already completed successfully (val_quality=0.6) val=0.6000
[2026-05-03 10:31:26,688][HYDRA] 	#4 : model.L=4 model.bond_dim=12 seed=47303 trainer.ridge=5 trainer.ridge_decay=0.25 trainer.ridge_min=0.0001 +experiment=uci_ntn_sweep model=mpo2_typei dataset=breast
[2026-05-03 10:31:26,827][__main__][INFO] - ⏭ SKIP MPO2TypeI/breast/NTN L=4 bd=12 seed=47303 -> /zhome/6b/e/212868/GTN/outputs/ntn/breast/MPO2TypeI_rg5_init0.1/L4_bd12_seed47303 | already completed successfully (val_quality=0.5647058823529412) val=0.5647
[2026-05-03 10:31:26,830][HYDRA] 	#5 : model.L=4 model.bond_dim=8 seed=42 trainer.ridge=5 trainer.ridge_decay=0.25 trainer.ridge_min=0.0001 +experiment=uci_ntn_sweep model=mpo2_typei dataset=breast
[2026-05-03 10:31:26,969][__main__][INFO] - ⏭ SKIP MPO2TypeI/breast/NTN L=4 bd=8 seed=42 -> /zhome/6b/e/212868/GTN/outputs/ntn/breast/MPO2TypeI_rg5_init0.1/L4_bd8_seed42 | already completed successfully (val_quality=0.6705882352941176) val=0.6706
[2026-05-03 10:31:26,972][HYDRA] 	#6 : model.L=4 model.bond_dim=8 seed=10090 trainer.ridge=5 trainer.ridge_decay=0.25 trainer.ridge_min=0.0001 +experiment=uci_ntn_sweep model=mpo2_typei dataset=breast
[2026-05-03 10:31:27,112][__main__][INFO] - ⏭ SKIP MPO2TypeI/breast/NTN L=4 bd=8 seed=10090 -> /zhome/6b/e/212868/GTN/outputs/ntn/breast/MPO2TypeI_rg5_init0.1/L4_bd8_seed10090 | already completed successfully (val_quality=0.5647058823529412) val=0.5647
[2026-05-03 10:31:27,115][HYDRA] 	#7 : model.L=4 model.bond_dim=8 seed=32874 trainer.ridge=5 trainer.ridge_decay=0.25 trainer.ridge_min=0.0001 +experiment=uci_ntn_sweep model=mpo2_typei dataset=breast
[2026-05-03 10:31:27,260][__main__][INFO] - ⏭ SKIP MPO2TypeI/breast/NTN L=4 bd=8 seed=32874 -> /zhome/6b/e/212868/GTN/outputs/ntn/breast/MPO2TypeI_rg5_init0.1/L4_bd8_seed32874 | already completed successfully (val_quality=0.6941176470588235) val=0.6941
[2026-05-03 10:31:27,263][HYDRA] 	#8 : model.L=4 model.bond_dim=8 seed=47311 trainer.ridge=5 trainer.ridge_decay=0.25 trainer.ridge_min=0.0001 +experiment=uci_ntn_sweep model=mpo2_typei dataset=breast
[2026-05-03 10:31:27,406][__main__][INFO] - ⏭ SKIP MPO2TypeI/breast/NTN L=4 bd=8 seed=47311 -> /zhome/6b/e/212868/GTN/outputs/ntn/breast/MPO2TypeI_rg5_init0.1/L4_bd8_seed47311 | already completed successfully (val_quality=0.611764705882353) val=0.6118
[2026-05-03 10:31:27,408][HYDRA] 	#9 : model.L=4 model.bond_dim=8 seed=47303 trainer.ridge=5 trainer.ridge_decay=0.25 trainer.ridge_min=0.0001 +experiment=uci_ntn_sweep model=mpo2_typei dataset=breast
[2026-05-03 10:31:27,550][__main__][INFO] - ⏭ SKIP MPO2TypeI/breast/NTN L=4 bd=8 seed=47303 -> /zhome/6b/e/212868/GTN/outputs/ntn/breast/MPO2TypeI_rg5_init0.1/L4_bd8_seed47303 | already completed successfully (val_quality=0.7294117647058823) val=0.7294
[2026-05-03 10:31:27,554][HYDRA] 	#10 : model.L=4 model.bond_dim=4 seed=42 trainer.ridge=5 trainer.ridge_decay=0.25 trainer.ridge_min=0.0001 +experiment=uci_ntn_sweep model=mpo2_typei dataset=breast
[2026-05-03 10:31:27,700][__main__][INFO] - ⏭ SKIP MPO2TypeI/breast/NTN L=4 bd=4 seed=42 -> /zhome/6b/e/212868/GTN/outputs/ntn/breast/MPO2TypeI_rg5_init0.1/L4_bd4_seed42 | already completed successfully (val_quality=0.9529411764705882) val=0.9529
[2026-05-03 10:31:27,703][HYDRA] 	#11 : model.L=4 model.bond_dim=4 seed=10090 trainer.ridge=5 trainer.ridge_decay=0.25 trainer.ridge_min=0.0001 +experiment=uci_ntn_sweep model=mpo2_typei dataset=breast
[2026-05-03 10:31:27,906][__main__][INFO] - ⏭ SKIP MPO2TypeI/breast/NTN L=4 bd=4 seed=10090 -> /zhome/6b/e/212868/GTN/outputs/ntn/breast/MPO2TypeI_rg5_init0.1/L4_bd4_seed10090 | already completed successfully (val_quality=0.9411764705882352) val=0.9412
[2026-05-03 10:31:27,912][HYDRA] 	#12 : model.L=4 model.bond_dim=4 seed=32874 trainer.ridge=5 trainer.ridge_decay=0.25 trainer.ridge_min=0.0001 +experiment=uci_ntn_sweep model=mpo2_typei dataset=breast
[2026-05-03 10:31:28,060][__main__][INFO] - ⏭ SKIP MPO2TypeI/breast/NTN L=4 bd=4 seed=32874 -> /zhome/6b/e/212868/GTN/outputs/ntn/breast/MPO2TypeI_rg5_init0.1/L4_bd4_seed32874 | already completed successfully (val_quality=0.8) val=0.8000
[2026-05-03 10:31:28,062][HYDRA] 	#13 : model.L=4 model.bond_dim=4 seed=47311 trainer.ridge=5 trainer.ridge_decay=0.25 trainer.ridge_min=0.0001 +experiment=uci_ntn_sweep model=mpo2_typei dataset=breast
[2026-05-03 10:31:28,204][__main__][INFO] - ⏭ SKIP MPO2TypeI/breast/NTN L=4 bd=4 seed=47311 -> /zhome/6b/e/212868/GTN/outputs/ntn/breast/MPO2TypeI_rg5_init0.1/L4_bd4_seed47311 | already completed successfully (val_quality=0.9529411764705882) val=0.9529
[2026-05-03 10:31:28,207][HYDRA] 	#14 : model.L=4 model.bond_dim=4 seed=47303 trainer.ridge=5 trainer.ridge_decay=0.25 trainer.ridge_min=0.0001 +experiment=uci_ntn_sweep model=mpo2_typei dataset=breast
[2026-05-03 10:31:28,350][__main__][INFO] - ⏭ SKIP MPO2TypeI/breast/NTN L=4 bd=4 seed=47303 -> /zhome/6b/e/212868/GTN/outputs/ntn/breast/MPO2TypeI_rg5_init0.1/L4_bd4_seed47303 | already completed successfully (val_quality=0.8588235294117647) val=0.8588
[2026-05-03 10:31:28,368][HYDRA] 	#15 : model.L=3 model.bond_dim=12 seed=42 trainer.ridge=5 trainer.ridge_decay=0.25 trainer.ridge_min=0.0001 +experiment=uci_ntn_sweep model=mpo2_typei dataset=breast
[2026-05-03 10:31:28,514][__main__][INFO] - ⏭ SKIP MPO2TypeI/breast/NTN L=3 bd=12 seed=42 -> /zhome/6b/e/212868/GTN/outputs/ntn/breast/MPO2TypeI_rg5_init0.1/L3_bd12_seed42 | already completed successfully (val_quality=0.8470588235294118) val=0.8471
[2026-05-03 10:31:28,517][HYDRA] 	#16 : model.L=3 model.bond_dim=12 seed=10090 trainer.ridge=5 trainer.ridge_decay=0.25 trainer.ridge_min=0.0001 +experiment=uci_ntn_sweep model=mpo2_typei dataset=breast
[2026-05-03 10:31:28,659][__main__][INFO] - ⏭ SKIP MPO2TypeI/breast/NTN L=3 bd=12 seed=10090 -> /zhome/6b/e/212868/GTN/outputs/ntn/breast/MPO2TypeI_rg5_init0.1/L3_bd12_seed10090 | already completed successfully (val_quality=0.9647058823529412) val=0.9647
[2026-05-03 10:31:28,662][HYDRA] 	#17 : model.L=3 model.bond_dim=12 seed=32874 trainer.ridge=5 trainer.ridge_decay=0.25 trainer.ridge_min=0.0001 +experiment=uci_ntn_sweep model=mpo2_typei dataset=breast
[2026-05-03 10:31:28,803][__main__][INFO] - ⏭ SKIP MPO2TypeI/breast/NTN L=3 bd=12 seed=32874 -> /zhome/6b/e/212868/GTN/outputs/ntn/breast/MPO2TypeI_rg5_init0.1/L3_bd12_seed32874 | already completed successfully (val_quality=0.9411764705882352) val=0.9412
[2026-05-03 10:31:28,806][HYDRA] 	#18 : model.L=3 model.bond_dim=12 seed=47311 trainer.ridge=5 trainer.ridge_decay=0.25 trainer.ridge_min=0.0001 +experiment=uci_ntn_sweep model=mpo2_typei dataset=breast
[2026-05-03 10:31:28,952][__main__][INFO] - ⏭ SKIP MPO2TypeI/breast/NTN L=3 bd=12 seed=47311 -> /zhome/6b/e/212868/GTN/outputs/ntn/breast/MPO2TypeI_rg5_init0.1/L3_bd12_seed47311 | already completed successfully (val_quality=0.976470588235294) val=0.9765
[2026-05-03 10:31:28,955][HYDRA] 	#19 : model.L=3 model.bond_dim=12 seed=47303 trainer.ridge=5 trainer.ridge_decay=0.25 trainer.ridge_min=0.0001 +experiment=uci_ntn_sweep model=mpo2_typei dataset=breast
[2026-05-03 10:31:29,099][__main__][INFO] - ⏭ SKIP MPO2TypeI/breast/NTN L=3 bd=12 seed=47303 -> /zhome/6b/e/212868/GTN/outputs/ntn/breast/MPO2TypeI_rg5_init0.1/L3_bd12_seed47303 | already completed successfully (val_quality=0.9058823529411764) val=0.9059
[2026-05-03 10:31:29,101][HYDRA] 	#20 : model.L=3 model.bond_dim=8 seed=42 trainer.ridge=5 trainer.ridge_decay=0.25 trainer.ridge_min=0.0001 +experiment=uci_ntn_sweep model=mpo2_typei dataset=breast
[2026-05-03 10:31:29,244][__main__][INFO] - ⏭ SKIP MPO2TypeI/breast/NTN L=3 bd=8 seed=42 -> /zhome/6b/e/212868/GTN/outputs/ntn/breast/MPO2TypeI_rg5_init0.1/L3_bd8_seed42 | already completed successfully (val_quality=0.9294117647058824) val=0.9294
[2026-05-03 10:31:29,247][HYDRA] 	#21 : model.L=3 model.bond_dim=8 seed=10090 trainer.ridge=5 trainer.ridge_decay=0.25 trainer.ridge_min=0.0001 +experiment=uci_ntn_sweep model=mpo2_typei dataset=breast
[2026-05-03 10:31:29,391][__main__][INFO] - ⏭ SKIP MPO2TypeI/breast/NTN L=3 bd=8 seed=10090 -> /zhome/6b/e/212868/GTN/outputs/ntn/breast/MPO2TypeI_rg5_init0.1/L3_bd8_seed10090 | already completed successfully (val_quality=0.9529411764705882) val=0.9529
[2026-05-03 10:31:29,394][HYDRA] 	#22 : model.L=3 model.bond_dim=8 seed=32874 trainer.ridge=5 trainer.ridge_decay=0.25 trainer.ridge_min=0.0001 +experiment=uci_ntn_sweep model=mpo2_typei dataset=breast
[2026-05-03 10:31:29,535][__main__][INFO] - ⏭ SKIP MPO2TypeI/breast/NTN L=3 bd=8 seed=32874 -> /zhome/6b/e/212868/GTN/outputs/ntn/breast/MPO2TypeI_rg5_init0.1/L3_bd8_seed32874 | already completed successfully (val_quality=0.7647058823529411) val=0.7647
[2026-05-03 10:31:29,538][HYDRA] 	#23 : model.L=3 model.bond_dim=8 seed=47311 trainer.ridge=5 trainer.ridge_decay=0.25 trainer.ridge_min=0.0001 +experiment=uci_ntn_sweep model=mpo2_typei dataset=breast
[2026-05-03 10:31:29,678][__main__][INFO] - ⏭ SKIP MPO2TypeI/breast/NTN L=3 bd=8 seed=47311 -> /zhome/6b/e/212868/GTN/outputs/ntn/breast/MPO2TypeI_rg5_init0.1/L3_bd8_seed47311 | already completed successfully (val_quality=0.9647058823529412) val=0.9647
[2026-05-03 10:31:29,680][HYDRA] 	#24 : model.L=3 model.bond_dim=8 seed=47303 trainer.ridge=5 trainer.ridge_decay=0.25 trainer.ridge_min=0.0001 +experiment=uci_ntn_sweep model=mpo2_typei dataset=breast
[2026-05-03 10:31:29,828][__main__][INFO] - ⏭ SKIP MPO2TypeI/breast/NTN L=3 bd=8 seed=47303 -> /zhome/6b/e/212868/GTN/outputs/ntn/breast/MPO2TypeI_rg5_init0.1/L3_bd8_seed47303 | already completed successfully (val_quality=0.9647058823529412) val=0.9647
[2026-05-03 10:31:29,831][HYDRA] 	#25 : model.L=3 model.bond_dim=4 seed=42 trainer.ridge=5 trainer.ridge_decay=0.25 trainer.ridge_min=0.0001 +experiment=uci_ntn_sweep model=mpo2_typei dataset=breast
[2026-05-03 10:31:29,974][__main__][INFO] - ⏭ SKIP MPO2TypeI/breast/NTN L=3 bd=4 seed=42 -> /zhome/6b/e/212868/GTN/outputs/ntn/breast/MPO2TypeI_rg5_init0.1/L3_bd4_seed42 | already completed successfully (val_quality=0.9647058823529412) val=0.9647
[2026-05-03 10:31:29,977][HYDRA] 	#26 : model.L=3 model.bond_dim=4 seed=10090 trainer.ridge=5 trainer.ridge_decay=0.25 trainer.ridge_min=0.0001 +experiment=uci_ntn_sweep model=mpo2_typei dataset=breast
[2026-05-03 10:31:30,348][__main__][INFO] - ⏭ SKIP MPO2TypeI/breast/NTN L=3 bd=4 seed=10090 -> /zhome/6b/e/212868/GTN/outputs/ntn/breast/MPO2TypeI_rg5_init0.1/L3_bd4_seed10090 | already completed successfully (val_quality=0.9529411764705882) val=0.9529
[2026-05-03 10:31:30,351][HYDRA] 	#27 : model.L=3 model.bond_dim=4 seed=32874 trainer.ridge=5 trainer.ridge_decay=0.25 trainer.ridge_min=0.0001 +experiment=uci_ntn_sweep model=mpo2_typei dataset=breast
[2026-05-03 10:31:30,494][__main__][INFO] - ⏭ SKIP MPO2TypeI/breast/NTN L=3 bd=4 seed=32874 -> /zhome/6b/e/212868/GTN/outputs/ntn/breast/MPO2TypeI_rg5_init0.1/L3_bd4_seed32874 | already completed successfully (val_quality=0.9647058823529412) val=0.9647
[2026-05-03 10:31:30,497][HYDRA] 	#28 : model.L=3 model.bond_dim=4 seed=47311 trainer.ridge=5 trainer.ridge_decay=0.25 trainer.ridge_min=0.0001 +experiment=uci_ntn_sweep model=mpo2_typei dataset=breast
[2026-05-03 10:31:30,638][__main__][INFO] - ⏭ SKIP MPO2TypeI/breast/NTN L=3 bd=4 seed=47311 -> /zhome/6b/e/212868/GTN/outputs/ntn/breast/MPO2TypeI_rg5_init0.1/L3_bd4_seed47311 | already completed successfully (val_quality=0.9647058823529412) val=0.9647
[2026-05-03 10:31:30,640][HYDRA] 	#29 : model.L=3 model.bond_dim=4 seed=47303 trainer.ridge=5 trainer.ridge_decay=0.25 trainer.ridge_min=0.0001 +experiment=uci_ntn_sweep model=mpo2_typei dataset=breast
[2026-05-03 10:31:30,785][__main__][INFO] - ⏭ SKIP MPO2TypeI/breast/NTN L=3 bd=4 seed=47303 -> /zhome/6b/e/212868/GTN/outputs/ntn/breast/MPO2TypeI_rg5_init0.1/L3_bd4_seed47303 | already completed successfully (val_quality=0.9647058823529412) val=0.9647

------------------------------------------------------------
Sender: LSF System <lsfadmin@hpc.dtu.dk>
Subject: Job 28339558[46]: <ntn_grid_full[1-150]%20> in cluster <dcc> Done

Job <ntn_grid_full[1-150]%20> was submitted from host <hpclogin1> by user <nicci> in cluster <dcc> at Sun May  3 10:30:18 2026
Job was executed on host(s) <6*n-62-11-66>, in queue <hpc>, as user <nicci> in cluster <dcc> at Sun May  3 10:31:16 2026
</zhome/6b/e/212868> was used as the home directory.
</zhome/6b/e/212868/GTN> was used as the working directory.
Started at Sun May  3 10:31:16 2026
Terminated at Sun May  3 10:31:31 2026
Results reported at Sun May  3 10:31:31 2026

Your job looked like:

------------------------------------------------------------
# LSBATCH: User input
#!/bin/bash
#BSUB -q hpc
#BSUB -J "ntn_grid_full[1-150]%20"
#BSUB -W 8:00
#BSUB -n 6
#BSUB -R "rusage[mem=1500MB]"
#BSUB -R "span[hosts=1]"
#BSUB -o logs/%J_%I.out
#BSUB -e logs/%J_%I.err

MODELS=("cpda" "cpda_typei" "lmpo2" "lmpo2_typei" "mpo2" "mpo2_typei" "mmpo2" "mmpo2_typei" "tnml_f" "tnml_p")

DATASETS=(
    "abalone" "adult" "ai4i" "appliances" "bank" "bike" "breast"
    "car_evaluation" "concrete" "energy_efficiency" "hearth"
    "iris" "mushrooms" "obesity" "popularity" "realstate"
    "seoulBike" "student_dropout" "student_perf" "wine"
    "winequalityc"
)

COMPLETED_DATASETS=(
    "abalone" "bike" "concrete" "energy_efficiency"
    "iris" "realstate" )

# Filter datasets
FILTERED_DATASETS=()
for ds in "${DATASETS[@]}"; do
    skip=false
    for completed in "${COMPLETED_DATASETS[@]}"; do
        if [[ "$ds" == "$completed" ]]; then
            skip=true
            break
        fi
    done

    if ! $skip; then
        FILTERED_DATASETS+=("$ds")
    fi
done

DATASETS=("${FILTERED_DATASETS[@]}")

NUM_MODELS=${#MODELS[@]}
NUM_DATASETS=${#DATASETS[@]}
NUM_EXPERIMENTS=$((NUM_DATASETS * NUM_MODELS))

if [ "$1" == "test" ]; then
    echo "SIMULATING ARRAY:"
    echo "-----------------"


(... more ...)
------------------------------------------------------------

Successfully completed.

Resource usage summary:

    CPU time :                                   13.12 sec.
    Max Memory :                                 398 MB
    Average Memory :                             398.00 MB
    Total Requested Memory :                     9000.00 MB
    Delta Memory :                               8602.00 MB
    Max Swap :                                   -
    Max Processes :                              4
    Max Threads :                                15
    Run time :                                   15 sec.
    Turnaround time :                            73 sec.

The output (if any) is above this job summary.



PS:

Read file <logs/28339558_46.err> for stderr output of this job.

