Task 147: Dataset=winequalityc, Model=mmpo2, Experiment=uci_ntn_sweep
[2026-05-03 07:41:20,104][HYDRA] Launching 30 jobs locally
[2026-05-03 07:41:20,104][HYDRA] 	#0 : model.L=4 model.bond_dim=12 seed=42 trainer.ridge=5 trainer.ridge_decay=0.25 trainer.ridge_min=0.0001 +experiment=uci_ntn_sweep model=mmpo2 dataset=winequalityc
[2026-05-03 07:41:20,580][utils.tracking][INFO] - Loaded 17971 tracked runs from runs_tracking.csv
[2026-05-03 07:41:20,582][__main__][INFO] - ▶ RUN MMPO2/winequalityc/NTN L=4 bd=12 seed=42 -> /zhome/6b/e/212868/GTN/outputs/ntn/winequalityc/MMPO2_rg5_init0.1/L4_bd12_seed42
Starting Fit: 20 epochs.
Sweep Order: ['0_MPS', '1_MPS', '2_MPS', '3_MPS', '2_MPS', '1_MPS']
Validation: Using separate validation set for best model selection
Early stopping: patience=10, min_delta=0.001
Init    | Train: loss: 111.71952 | quality: 0.18892
        | Val:   loss: 189.40221 | quality: 0.19282
Epoch 1 | Train: loss: 438062815674056217604087416137552232448.00000 | quality: 0.42094
        | Val:   loss: 809784189996280168204341481908465565696.00000 | quality: 0.44103
 *

✗ NaN loss at epoch 2 - stopping training

✗ Exception at epoch 2: NaN loss encountered during NTN optimization at epoch 2
[2026-05-03 07:41:42,374][__main__][WARNING] - ✗ SINGULAR MMPO2/winequalityc/NTN L=4 bd=12 seed=42 -> /zhome/6b/e/212868/GTN/outputs/ntn/winequalityc/MMPO2_rg5_init0.1/L4_bd12_seed42 | val=0.4410
[2026-05-03 07:41:42,378][HYDRA] 	#1 : model.L=4 model.bond_dim=12 seed=10090 trainer.ridge=5 trainer.ridge_decay=0.25 trainer.ridge_min=0.0001 +experiment=uci_ntn_sweep model=mmpo2 dataset=winequalityc
[2026-05-03 07:41:42,548][__main__][INFO] - ▶ RUN MMPO2/winequalityc/NTN L=4 bd=12 seed=10090 -> /zhome/6b/e/212868/GTN/outputs/ntn/winequalityc/MMPO2_rg5_init0.1/L4_bd12_seed10090
Starting Fit: 20 epochs.
Sweep Order: ['0_MPS', '1_MPS', '2_MPS', '3_MPS', '2_MPS', '1_MPS']
Validation: Using separate validation set for best model selection
Early stopping: patience=10, min_delta=0.001
Init    | Train: loss: 111.73651 | quality: 0.17638
        | Val:   loss: 134.54437 | quality: 0.16103
Epoch 1 | Train: loss: 39979967125233463061146641629184.00000 | quality: 0.33649
        | Val:   loss: 215569890862159234781923134930944.00000 | quality: 0.33128
 *

✗ NaN loss at epoch 2 - stopping training

✗ Exception at epoch 2: NaN loss encountered during NTN optimization at epoch 2
[2026-05-03 07:41:54,904][__main__][WARNING] - ✗ SINGULAR MMPO2/winequalityc/NTN L=4 bd=12 seed=10090 -> /zhome/6b/e/212868/GTN/outputs/ntn/winequalityc/MMPO2_rg5_init0.1/L4_bd12_seed10090 | val=0.3313
[2026-05-03 07:41:54,907][HYDRA] 	#2 : model.L=4 model.bond_dim=12 seed=32874 trainer.ridge=5 trainer.ridge_decay=0.25 trainer.ridge_min=0.0001 +experiment=uci_ntn_sweep model=mmpo2 dataset=winequalityc
[2026-05-03 07:41:55,086][__main__][INFO] - ▶ RUN MMPO2/winequalityc/NTN L=4 bd=12 seed=32874 -> /zhome/6b/e/212868/GTN/outputs/ntn/winequalityc/MMPO2_rg5_init0.1/L4_bd12_seed32874
Starting Fit: 20 epochs.
Sweep Order: ['0_MPS', '1_MPS', '2_MPS', '3_MPS', '2_MPS', '1_MPS']
Validation: Using separate validation set for best model selection
Early stopping: patience=10, min_delta=0.001
Init    | Train: loss: 115.56790 | quality: 0.19969
        | Val:   loss: 290.59827 | quality: 0.21538
Epoch 1 | Train: loss: 526503284914556262026538072185130769711104.00000 | quality: 0.41368
        | Val:   loss: 979189970897363865120702946447868490153984.00000 | quality: 0.42872
 *

✗ NaN loss at epoch 2 - stopping training

✗ Exception at epoch 2: NaN loss encountered during NTN optimization at epoch 2
[2026-05-03 07:42:08,071][__main__][WARNING] - ✗ SINGULAR MMPO2/winequalityc/NTN L=4 bd=12 seed=32874 -> /zhome/6b/e/212868/GTN/outputs/ntn/winequalityc/MMPO2_rg5_init0.1/L4_bd12_seed32874 | val=0.4287
[2026-05-03 07:42:08,074][HYDRA] 	#3 : model.L=4 model.bond_dim=12 seed=47311 trainer.ridge=5 trainer.ridge_decay=0.25 trainer.ridge_min=0.0001 +experiment=uci_ntn_sweep model=mmpo2 dataset=winequalityc
[2026-05-03 07:42:08,244][__main__][INFO] - ▶ RUN MMPO2/winequalityc/NTN L=4 bd=12 seed=47311 -> /zhome/6b/e/212868/GTN/outputs/ntn/winequalityc/MMPO2_rg5_init0.1/L4_bd12_seed47311
Starting Fit: 20 epochs.
Sweep Order: ['0_MPS', '1_MPS', '2_MPS', '3_MPS', '2_MPS', '1_MPS']
Validation: Using separate validation set for best model selection
Early stopping: patience=10, min_delta=0.001
Init    | Train: loss: 239.65981 | quality: 0.21949
        | Val:   loss: 281.62376 | quality: 0.20923
Epoch 1 | Train: loss: 448179648133750259211193398254998218782522575327068160.00000 | quality: 0.41434
        | Val:   loss: 806564997977095745120854824575945899241864758938304512.00000 | quality: 0.41744
 *

✗ NaN loss at epoch 2 - stopping training

✗ Exception at epoch 2: NaN loss encountered during NTN optimization at epoch 2
[2026-05-03 07:42:21,296][__main__][WARNING] - ✗ SINGULAR MMPO2/winequalityc/NTN L=4 bd=12 seed=47311 -> /zhome/6b/e/212868/GTN/outputs/ntn/winequalityc/MMPO2_rg5_init0.1/L4_bd12_seed47311 | val=0.4174
[2026-05-03 07:42:21,299][HYDRA] 	#4 : model.L=4 model.bond_dim=12 seed=47303 trainer.ridge=5 trainer.ridge_decay=0.25 trainer.ridge_min=0.0001 +experiment=uci_ntn_sweep model=mmpo2 dataset=winequalityc
[2026-05-03 07:42:21,465][__main__][INFO] - ▶ RUN MMPO2/winequalityc/NTN L=4 bd=12 seed=47303 -> /zhome/6b/e/212868/GTN/outputs/ntn/winequalityc/MMPO2_rg5_init0.1/L4_bd12_seed47303
Starting Fit: 20 epochs.
Sweep Order: ['0_MPS', '1_MPS', '2_MPS', '3_MPS', '2_MPS', '1_MPS']
Validation: Using separate validation set for best model selection
Early stopping: patience=10, min_delta=0.001
Init    | Train: loss: 135.18563 | quality: 0.15109
        | Val:   loss: 264.89155 | quality: 0.13846
Epoch 1 | Train: loss: 348697378095189810218906157056.00000 | quality: 0.41192
        | Val:   loss: 658964769606594677432744148992.00000 | quality: 0.42667
 *

✗ NaN loss at epoch 2 - stopping training

✗ Exception at epoch 2: NaN loss encountered during NTN optimization at epoch 2
[2026-05-03 07:42:33,618][__main__][WARNING] - ✗ SINGULAR MMPO2/winequalityc/NTN L=4 bd=12 seed=47303 -> /zhome/6b/e/212868/GTN/outputs/ntn/winequalityc/MMPO2_rg5_init0.1/L4_bd12_seed47303 | val=0.4267
[2026-05-03 07:42:33,621][HYDRA] 	#5 : model.L=4 model.bond_dim=8 seed=42 trainer.ridge=5 trainer.ridge_decay=0.25 trainer.ridge_min=0.0001 +experiment=uci_ntn_sweep model=mmpo2 dataset=winequalityc
[2026-05-03 07:42:33,786][__main__][INFO] - ▶ RUN MMPO2/winequalityc/NTN L=4 bd=8 seed=42 -> /zhome/6b/e/212868/GTN/outputs/ntn/winequalityc/MMPO2_rg5_init0.1/L4_bd8_seed42
Starting Fit: 20 epochs.
Sweep Order: ['0_MPS', '1_MPS', '2_MPS', '3_MPS', '2_MPS', '1_MPS']
Validation: Using separate validation set for best model selection
Early stopping: patience=10, min_delta=0.001
Init    | Train: loss: 204.14632 | quality: 0.19243
        | Val:   loss: 220.38610 | quality: 0.18769
Epoch 1 | Train: loss: 46419575825340118945172393664250921310571746666790987215375300147242089304853026853167102587186918152245456149760453937889966012154553890658635725530133633776271404292574307604691837964516893371038066620159336968803512723243145556587712451964749999518802910049767209001059218692848498185552789504.00000 | quality: 0.27425
        | Val:   loss: 386689678562558711896264981331994845103466139062344673706685439625996810967757681907819142697380949621875353927625714083109605227616031528950382559053224018312247260193591198339342120400093463341801442765472561225896202449158582111714066961573055616487114228813859684071732796249732168522078879744.00000 | quality: 0.26974
 *

✗ NaN loss at epoch 2 - stopping training

✗ Exception at epoch 2: NaN loss encountered during NTN optimization at epoch 2
[2026-05-03 07:42:54,071][__main__][WARNING] - ✗ SINGULAR MMPO2/winequalityc/NTN L=4 bd=8 seed=42 -> /zhome/6b/e/212868/GTN/outputs/ntn/winequalityc/MMPO2_rg5_init0.1/L4_bd8_seed42 | val=0.2697
[2026-05-03 07:42:54,074][HYDRA] 	#6 : model.L=4 model.bond_dim=8 seed=10090 trainer.ridge=5 trainer.ridge_decay=0.25 trainer.ridge_min=0.0001 +experiment=uci_ntn_sweep model=mmpo2 dataset=winequalityc
[2026-05-03 07:42:54,259][__main__][INFO] - ▶ RUN MMPO2/winequalityc/NTN L=4 bd=8 seed=10090 -> /zhome/6b/e/212868/GTN/outputs/ntn/winequalityc/MMPO2_rg5_init0.1/L4_bd8_seed10090
Starting Fit: 20 epochs.
Sweep Order: ['0_MPS', '1_MPS', '2_MPS', '3_MPS', '2_MPS', '1_MPS']
Validation: Using separate validation set for best model selection
Early stopping: patience=10, min_delta=0.001
Init    | Train: loss: 137.08719 | quality: 0.11238
        | Val:   loss: 205.67460 | quality: 0.10256
Epoch 1 | Train: loss: 90936334413766354593700181051209022439424.00000 | quality: 0.32109
        | Val:   loss: 639342243606611337707666161545851288158208.00000 | quality: 0.30154
 *

✗ NaN loss at epoch 2 - stopping training

✗ Exception at epoch 2: NaN loss encountered during NTN optimization at epoch 2
[2026-05-03 07:43:07,441][__main__][WARNING] - ✗ SINGULAR MMPO2/winequalityc/NTN L=4 bd=8 seed=10090 -> /zhome/6b/e/212868/GTN/outputs/ntn/winequalityc/MMPO2_rg5_init0.1/L4_bd8_seed10090 | val=0.3015
[2026-05-03 07:43:07,444][HYDRA] 	#7 : model.L=4 model.bond_dim=8 seed=32874 trainer.ridge=5 trainer.ridge_decay=0.25 trainer.ridge_min=0.0001 +experiment=uci_ntn_sweep model=mmpo2 dataset=winequalityc
[2026-05-03 07:43:07,619][__main__][INFO] - ▶ RUN MMPO2/winequalityc/NTN L=4 bd=8 seed=32874 -> /zhome/6b/e/212868/GTN/outputs/ntn/winequalityc/MMPO2_rg5_init0.1/L4_bd8_seed32874
Starting Fit: 20 epochs.
Sweep Order: ['0_MPS', '1_MPS', '2_MPS', '3_MPS', '2_MPS', '1_MPS']
Validation: Using separate validation set for best model selection
Early stopping: patience=10, min_delta=0.001
Init    | Train: loss: 115.85403 | quality: 0.17132
        | Val:   loss: 335.05980 | quality: 0.16410
Epoch 1 | Train: loss: 6468581002681341717665284096.00000 | quality: 0.41082
        | Val:   loss: 11549392776402694172867297280.00000 | quality: 0.42974
 *

✗ NaN loss at epoch 2 - stopping training

✗ Exception at epoch 2: NaN loss encountered during NTN optimization at epoch 2
[2026-05-03 07:43:20,027][__main__][WARNING] - ✗ SINGULAR MMPO2/winequalityc/NTN L=4 bd=8 seed=32874 -> /zhome/6b/e/212868/GTN/outputs/ntn/winequalityc/MMPO2_rg5_init0.1/L4_bd8_seed32874 | val=0.4297
[2026-05-03 07:43:20,029][HYDRA] 	#8 : model.L=4 model.bond_dim=8 seed=47311 trainer.ridge=5 trainer.ridge_decay=0.25 trainer.ridge_min=0.0001 +experiment=uci_ntn_sweep model=mmpo2 dataset=winequalityc
[2026-05-03 07:43:20,196][__main__][INFO] - ▶ RUN MMPO2/winequalityc/NTN L=4 bd=8 seed=47311 -> /zhome/6b/e/212868/GTN/outputs/ntn/winequalityc/MMPO2_rg5_init0.1/L4_bd8_seed47311
Starting Fit: 20 epochs.
Sweep Order: ['0_MPS', '1_MPS', '2_MPS', '3_MPS', '2_MPS', '1_MPS']
Validation: Using separate validation set for best model selection
Early stopping: patience=10, min_delta=0.001
Init    | Train: loss: 90.73125 | quality: 0.10622
        | Val:   loss: 179.71239 | quality: 0.09641
Epoch 1 | Train: loss: 12823789029161930063872.00000 | quality: 0.29404
        | Val:   loss: 75869757636895980912640.00000 | quality: 0.30359
 *

✗ NaN loss at epoch 2 - stopping training

✗ Exception at epoch 2: NaN loss encountered during NTN optimization at epoch 2
[2026-05-03 07:43:32,496][__main__][WARNING] - ✗ SINGULAR MMPO2/winequalityc/NTN L=4 bd=8 seed=47311 -> /zhome/6b/e/212868/GTN/outputs/ntn/winequalityc/MMPO2_rg5_init0.1/L4_bd8_seed47311 | val=0.3036
[2026-05-03 07:43:32,498][HYDRA] 	#9 : model.L=4 model.bond_dim=8 seed=47303 trainer.ridge=5 trainer.ridge_decay=0.25 trainer.ridge_min=0.0001 +experiment=uci_ntn_sweep model=mmpo2 dataset=winequalityc
[2026-05-03 07:43:32,660][__main__][INFO] - ▶ RUN MMPO2/winequalityc/NTN L=4 bd=8 seed=47303 -> /zhome/6b/e/212868/GTN/outputs/ntn/winequalityc/MMPO2_rg5_init0.1/L4_bd8_seed47303
Starting Fit: 20 epochs.
Sweep Order: ['0_MPS', '1_MPS', '2_MPS', '3_MPS', '2_MPS', '1_MPS']
Validation: Using separate validation set for best model selection
Early stopping: patience=10, min_delta=0.001
Init    | Train: loss: 118.70580 | quality: 0.14031
        | Val:   loss: 191.67907 | quality: 0.13949
Epoch 1 | Train: loss: 941521043966515299360411880334461937649084775241543919518740029207698850779013625826007635930327675830272.00000 | quality: 0.29624
        | Val:   loss: 18410983296124776757360217849233206659747541580683414941890196968669127393695413031216388544521021553639424.00000 | quality: 0.29231
 *

✗ NaN loss at epoch 2 - stopping training

✗ Exception at epoch 2: NaN loss encountered during NTN optimization at epoch 2
[2026-05-03 07:43:44,522][__main__][WARNING] - ✗ SINGULAR MMPO2/winequalityc/NTN L=4 bd=8 seed=47303 -> /zhome/6b/e/212868/GTN/outputs/ntn/winequalityc/MMPO2_rg5_init0.1/L4_bd8_seed47303 | val=0.2923
[2026-05-03 07:43:44,526][HYDRA] 	#10 : model.L=4 model.bond_dim=4 seed=42 trainer.ridge=5 trainer.ridge_decay=0.25 trainer.ridge_min=0.0001 +experiment=uci_ntn_sweep model=mmpo2 dataset=winequalityc
[2026-05-03 07:43:44,698][__main__][INFO] - ▶ RUN MMPO2/winequalityc/NTN L=4 bd=4 seed=42 -> /zhome/6b/e/212868/GTN/outputs/ntn/winequalityc/MMPO2_rg5_init0.1/L4_bd4_seed42
Starting Fit: 20 epochs.
Sweep Order: ['0_MPS', '1_MPS', '2_MPS', '3_MPS', '2_MPS', '1_MPS']
Validation: Using separate validation set for best model selection
Early stopping: patience=10, min_delta=0.001
Init    | Train: loss: 76.02367 | quality: 0.13218
        | Val:   loss: 205.20216 | quality: 0.12205
Epoch 1 | Train: loss: 2717711010670615606813210108725409602269010279729253809356651027440207347102679662969908293051109663472967949412728832.00000 | quality: 0.26765
        | Val:   loss: 58348154705446323570332677320679195149337917810856300486323927813487427936709295662745630970066995111685603276116459520.00000 | quality: 0.25128
 *

✗ NaN loss at epoch 2 - stopping training

✗ Exception at epoch 2: NaN loss encountered during NTN optimization at epoch 2
[2026-05-03 07:43:59,621][__main__][WARNING] - ✗ SINGULAR MMPO2/winequalityc/NTN L=4 bd=4 seed=42 -> /zhome/6b/e/212868/GTN/outputs/ntn/winequalityc/MMPO2_rg5_init0.1/L4_bd4_seed42 | val=0.2513
[2026-05-03 07:43:59,623][HYDRA] 	#11 : model.L=4 model.bond_dim=4 seed=10090 trainer.ridge=5 trainer.ridge_decay=0.25 trainer.ridge_min=0.0001 +experiment=uci_ntn_sweep model=mmpo2 dataset=winequalityc
[2026-05-03 07:44:00,007][__main__][INFO] - ▶ RUN MMPO2/winequalityc/NTN L=4 bd=4 seed=10090 -> /zhome/6b/e/212868/GTN/outputs/ntn/winequalityc/MMPO2_rg5_init0.1/L4_bd4_seed10090
Starting Fit: 20 epochs.
Sweep Order: ['0_MPS', '1_MPS', '2_MPS', '3_MPS', '2_MPS', '1_MPS']
Validation: Using separate validation set for best model selection
Early stopping: patience=10, min_delta=0.001
Init    | Train: loss: 94.90707 | quality: 0.16648
        | Val:   loss: 300.12251 | quality: 0.15692
Epoch 1 | Train: loss: 370245297733459136.00000 | quality: 0.33803
        | Val:   loss: 3064039253462270976.00000 | quality: 0.34769
 *

✗ NaN loss at epoch 2 - stopping training

✗ Exception at epoch 2: NaN loss encountered during NTN optimization at epoch 2
[2026-05-03 07:44:07,154][__main__][WARNING] - ✗ SINGULAR MMPO2/winequalityc/NTN L=4 bd=4 seed=10090 -> /zhome/6b/e/212868/GTN/outputs/ntn/winequalityc/MMPO2_rg5_init0.1/L4_bd4_seed10090 | val=0.3477
[2026-05-03 07:44:07,157][HYDRA] 	#12 : model.L=4 model.bond_dim=4 seed=32874 trainer.ridge=5 trainer.ridge_decay=0.25 trainer.ridge_min=0.0001 +experiment=uci_ntn_sweep model=mmpo2 dataset=winequalityc
[2026-05-03 07:44:07,351][__main__][INFO] - ▶ RUN MMPO2/winequalityc/NTN L=4 bd=4 seed=32874 -> /zhome/6b/e/212868/GTN/outputs/ntn/winequalityc/MMPO2_rg5_init0.1/L4_bd4_seed32874
Starting Fit: 20 epochs.
Sweep Order: ['0_MPS', '1_MPS', '2_MPS', '3_MPS', '2_MPS', '1_MPS']
Validation: Using separate validation set for best model selection
Early stopping: patience=10, min_delta=0.001
Init    | Train: loss: 65.02965 | quality: 0.08511
        | Val:   loss: 69.09335 | quality: 0.09333
Epoch 1 | Train: loss: 41275430169467.46094 | quality: 0.33759
        | Val:   loss: 94658982692154.68750 | quality: 0.35077
 *

✗ NaN loss at epoch 2 - stopping training

✗ Exception at epoch 2: NaN loss encountered during NTN optimization at epoch 2
[2026-05-03 07:44:14,215][__main__][WARNING] - ✗ SINGULAR MMPO2/winequalityc/NTN L=4 bd=4 seed=32874 -> /zhome/6b/e/212868/GTN/outputs/ntn/winequalityc/MMPO2_rg5_init0.1/L4_bd4_seed32874 | val=0.3508
[2026-05-03 07:44:14,217][HYDRA] 	#13 : model.L=4 model.bond_dim=4 seed=47311 trainer.ridge=5 trainer.ridge_decay=0.25 trainer.ridge_min=0.0001 +experiment=uci_ntn_sweep model=mmpo2 dataset=winequalityc
[2026-05-03 07:44:14,383][__main__][INFO] - ▶ RUN MMPO2/winequalityc/NTN L=4 bd=4 seed=47311 -> /zhome/6b/e/212868/GTN/outputs/ntn/winequalityc/MMPO2_rg5_init0.1/L4_bd4_seed47311
Starting Fit: 20 epochs.
Sweep Order: ['0_MPS', '1_MPS', '2_MPS', '3_MPS', '2_MPS', '1_MPS']
Validation: Using separate validation set for best model selection
Early stopping: patience=10, min_delta=0.001
Init    | Train: loss: 78.52800 | quality: 0.20695
        | Val:   loss: 98.89215 | quality: 0.16103
Epoch 1 | Train: loss: 705332477577013092523944754282496.00000 | quality: 0.27161
        | Val:   loss: 6540020116628482215288287843581952.00000 | quality: 0.26462
 *

✗ NaN loss at epoch 2 - stopping training

✗ Exception at epoch 2: NaN loss encountered during NTN optimization at epoch 2
[2026-05-03 07:44:21,276][__main__][WARNING] - ✗ SINGULAR MMPO2/winequalityc/NTN L=4 bd=4 seed=47311 -> /zhome/6b/e/212868/GTN/outputs/ntn/winequalityc/MMPO2_rg5_init0.1/L4_bd4_seed47311 | val=0.2646
[2026-05-03 07:44:21,278][HYDRA] 	#14 : model.L=4 model.bond_dim=4 seed=47303 trainer.ridge=5 trainer.ridge_decay=0.25 trainer.ridge_min=0.0001 +experiment=uci_ntn_sweep model=mmpo2 dataset=winequalityc
[2026-05-03 07:44:21,452][__main__][INFO] - ▶ RUN MMPO2/winequalityc/NTN L=4 bd=4 seed=47303 -> /zhome/6b/e/212868/GTN/outputs/ntn/winequalityc/MMPO2_rg5_init0.1/L4_bd4_seed47303
Starting Fit: 20 epochs.
Sweep Order: ['0_MPS', '1_MPS', '2_MPS', '3_MPS', '2_MPS', '1_MPS']
Validation: Using separate validation set for best model selection
Early stopping: patience=10, min_delta=0.001
Init    | Train: loss: 87.67565 | quality: 0.18540
        | Val:   loss: 265.39281 | quality: 0.21744
Epoch 1 | Train: loss: 623529054864333056.00000 | quality: 0.31625
        | Val:   loss: 3769118417828187648.00000 | quality: 0.31897
 *

✗ NaN loss at epoch 2 - stopping training

✗ Exception at epoch 2: NaN loss encountered during NTN optimization at epoch 2
[2026-05-03 07:44:28,336][__main__][WARNING] - ✗ SINGULAR MMPO2/winequalityc/NTN L=4 bd=4 seed=47303 -> /zhome/6b/e/212868/GTN/outputs/ntn/winequalityc/MMPO2_rg5_init0.1/L4_bd4_seed47303 | val=0.3190
[2026-05-03 07:44:28,338][HYDRA] 	#15 : model.L=3 model.bond_dim=12 seed=42 trainer.ridge=5 trainer.ridge_decay=0.25 trainer.ridge_min=0.0001 +experiment=uci_ntn_sweep model=mmpo2 dataset=winequalityc
[2026-05-03 07:44:28,516][__main__][INFO] - ⏭ SKIP MMPO2/winequalityc/NTN L=3 bd=12 seed=42 -> /zhome/6b/e/212868/GTN/outputs/ntn/winequalityc/MMPO2_rg5_init0.1/L3_bd12_seed42 | previous run failed with singular matrix (permanent) val=0.4544
[2026-05-03 07:44:28,518][HYDRA] 	#16 : model.L=3 model.bond_dim=12 seed=10090 trainer.ridge=5 trainer.ridge_decay=0.25 trainer.ridge_min=0.0001 +experiment=uci_ntn_sweep model=mmpo2 dataset=winequalityc
[2026-05-03 07:44:28,675][__main__][INFO] - ♻ RETRY MMPO2/winequalityc/NTN L=3 bd=12 seed=10090 -> /zhome/6b/e/212868/GTN/outputs/ntn/winequalityc/MMPO2_rg5_init0.1/L3_bd12_seed10090 | previous OOM error, retrying (best val_quality=0.1907692307692307)
[2026-05-03 07:44:28,675][__main__][INFO] - ▶ RUN MMPO2/winequalityc/NTN L=3 bd=12 seed=10090 -> /zhome/6b/e/212868/GTN/outputs/ntn/winequalityc/MMPO2_rg5_init0.1/L3_bd12_seed10090
Starting Fit: 20 epochs.
Sweep Order: ['0_MPS', '1_MPS', '2_MPS', '1_MPS']
Validation: Using separate validation set for best model selection
Early stopping: patience=10, min_delta=0.001
Init    | Train: loss: 40.31638 | quality: 0.10446
        | Val:   loss: 56.84667 | quality: 0.09333
Epoch 1 | Train: loss: 525501.23229 | quality: 0.20783
        | Val:   loss: 1014738.62725 | quality: 0.19077
 *
Epoch 2 | Train: loss: 8762410878995896104635686405887664062464.00000 | quality: 0.19507
        | Val:   loss: 17076707274806470296421923124836208476160.00000 | quality: 0.16205

Epoch 3 | Train: loss: 11663860541575055635562590649567301878868605493680187169289424379929879505440429566270841807823573741064351554458961399137845597368713311221606583737699687212856527337259671131962543528524084929763534001072335990619128284366810084359239841561377243136.00000 | quality: 0.18606
        | Val:   loss: 22710715524833340974250854089159878705323765094492620312450155185880287489798533402879859660068692008544214596702230571487001493393960086983533263397073399606165511902058071272455310197021226721070378835252490418416699662301409371653150733878222127104.00000 | quality: 0.16821


✗ NaN loss at epoch 4 - stopping training

✗ Exception at epoch 4: NaN loss encountered during NTN optimization at epoch 4
[2026-05-03 07:44:40,299][__main__][WARNING] - ✗ SINGULAR MMPO2/winequalityc/NTN L=3 bd=12 seed=10090 -> /zhome/6b/e/212868/GTN/outputs/ntn/winequalityc/MMPO2_rg5_init0.1/L3_bd12_seed10090 | val=0.1908
[2026-05-03 07:44:40,302][HYDRA] 	#17 : model.L=3 model.bond_dim=12 seed=32874 trainer.ridge=5 trainer.ridge_decay=0.25 trainer.ridge_min=0.0001 +experiment=uci_ntn_sweep model=mmpo2 dataset=winequalityc
[2026-05-03 07:44:40,477][__main__][INFO] - ▶ RUN MMPO2/winequalityc/NTN L=3 bd=12 seed=32874 -> /zhome/6b/e/212868/GTN/outputs/ntn/winequalityc/MMPO2_rg5_init0.1/L3_bd12_seed32874
Starting Fit: 20 epochs.
Sweep Order: ['0_MPS', '1_MPS', '2_MPS', '1_MPS']
Validation: Using separate validation set for best model selection
Early stopping: patience=10, min_delta=0.001
Init    | Train: loss: 20.48914 | quality: 0.20519
        | Val:   loss: 20.01245 | quality: 0.21641
Epoch 1 | Train: loss: 465139.26662 | quality: 0.20761
        | Val:   loss: 671307.27372 | quality: 0.19692

Epoch 2 | Train: loss: 2150987404784606239917115730307317760.00000 | quality: 0.29910
        | Val:   loss: 3982812577409305793059350830710259712.00000 | quality: 0.28923
 *
Epoch 3 | Train: loss: 12241309006166706360823678790477106532633886923702640342577332044617019899210317811899687694856641271435879005740761962807613785598507581102286234603431794123187016962962909302204211812352624088165197508632061948997159240039183216017408.00000 | quality: 0.29910
        | Val:   loss: 23313544301829712951184298714153016902334208409756384732940925387591571583088193177930821625558609815809436111076787735612383092266732459599445998937900978989360590793221772701574528222870190933887735670113922244915893898193501664837632.00000 | quality: 0.29026
 *

✗ NaN loss at epoch 4 - stopping training

✗ Exception at epoch 4: NaN loss encountered during NTN optimization at epoch 4
[2026-05-03 07:44:51,902][__main__][WARNING] - ✗ SINGULAR MMPO2/winequalityc/NTN L=3 bd=12 seed=32874 -> /zhome/6b/e/212868/GTN/outputs/ntn/winequalityc/MMPO2_rg5_init0.1/L3_bd12_seed32874 | val=0.2903
[2026-05-03 07:44:51,906][HYDRA] 	#18 : model.L=3 model.bond_dim=12 seed=47311 trainer.ridge=5 trainer.ridge_decay=0.25 trainer.ridge_min=0.0001 +experiment=uci_ntn_sweep model=mmpo2 dataset=winequalityc
[2026-05-03 07:44:52,091][__main__][INFO] - ▶ RUN MMPO2/winequalityc/NTN L=3 bd=12 seed=47311 -> /zhome/6b/e/212868/GTN/outputs/ntn/winequalityc/MMPO2_rg5_init0.1/L3_bd12_seed47311
Starting Fit: 20 epochs.
Sweep Order: ['0_MPS', '1_MPS', '2_MPS', '1_MPS']
Validation: Using separate validation set for best model selection
Early stopping: patience=10, min_delta=0.001
Init    | Train: loss: 26.49948 | quality: 0.18958
        | Val:   loss: 48.80306 | quality: 0.18256
Epoch 1 | Train: loss: 109325.97325 | quality: 0.20299
        | Val:   loss: 208859.55887 | quality: 0.21026
 *
Epoch 2 | Train: loss: 27326166328312826248422586500404305604437495922032640.00000 | quality: 0.18540
        | Val:   loss: 53069123091477756165329611664911834614893768412758016.00000 | quality: 0.16923


✗ NaN loss at epoch 3 - stopping training

✗ Exception at epoch 3: NaN loss encountered during NTN optimization at epoch 3
[2026-05-03 07:45:00,713][__main__][WARNING] - ✗ SINGULAR MMPO2/winequalityc/NTN L=3 bd=12 seed=47311 -> /zhome/6b/e/212868/GTN/outputs/ntn/winequalityc/MMPO2_rg5_init0.1/L3_bd12_seed47311 | val=0.2103
[2026-05-03 07:45:00,715][HYDRA] 	#19 : model.L=3 model.bond_dim=12 seed=47303 trainer.ridge=5 trainer.ridge_decay=0.25 trainer.ridge_min=0.0001 +experiment=uci_ntn_sweep model=mmpo2 dataset=winequalityc
[2026-05-03 07:45:00,887][__main__][INFO] - ▶ RUN MMPO2/winequalityc/NTN L=3 bd=12 seed=47303 -> /zhome/6b/e/212868/GTN/outputs/ntn/winequalityc/MMPO2_rg5_init0.1/L3_bd12_seed47303
Starting Fit: 20 epochs.
Sweep Order: ['0_MPS', '1_MPS', '2_MPS', '1_MPS']
Validation: Using separate validation set for best model selection
Early stopping: patience=10, min_delta=0.001
Init    | Train: loss: 28.77973 | quality: 0.08995
        | Val:   loss: 27.99171 | quality: 0.12000
Epoch 1 | Train: loss: 11588.08563 | quality: 0.16692
        | Val:   loss: 13843.44416 | quality: 0.13641
 *
Epoch 2 | Train: loss: 33981654017143363076096.00000 | quality: 0.17704
        | Val:   loss: 44696298264307070664704.00000 | quality: 0.13846
 *
Epoch 3 | Train: loss: 4446046959428126992600709764485129943871544738340496482344901508106983665686727404679131036847259907497483877231585361771283024876315414102016.00000 | quality: 0.19375
        | Val:   loss: 6045025177127247501860268681469538464368458642387312328484547357457346439462484928882007298831040480899249334478462483463762730099502781300736.00000 | quality: 0.17026
 *

✗ NaN loss at epoch 4 - stopping training

✗ Exception at epoch 4: NaN loss encountered during NTN optimization at epoch 4
[2026-05-03 07:45:11,732][__main__][WARNING] - ✗ SINGULAR MMPO2/winequalityc/NTN L=3 bd=12 seed=47303 -> /zhome/6b/e/212868/GTN/outputs/ntn/winequalityc/MMPO2_rg5_init0.1/L3_bd12_seed47303 | val=0.1703
[2026-05-03 07:45:11,735][HYDRA] 	#20 : model.L=3 model.bond_dim=8 seed=42 trainer.ridge=5 trainer.ridge_decay=0.25 trainer.ridge_min=0.0001 +experiment=uci_ntn_sweep model=mmpo2 dataset=winequalityc
[2026-05-03 07:45:11,925][__main__][INFO] - ⏭ SKIP MMPO2/winequalityc/NTN L=3 bd=8 seed=42 -> /zhome/6b/e/212868/GTN/outputs/ntn/winequalityc/MMPO2_rg5_init0.1/L3_bd8_seed42 | already completed successfully (val_quality=0.4574358974358974) val=0.4574
[2026-05-03 07:45:11,928][HYDRA] 	#21 : model.L=3 model.bond_dim=8 seed=10090 trainer.ridge=5 trainer.ridge_decay=0.25 trainer.ridge_min=0.0001 +experiment=uci_ntn_sweep model=mmpo2 dataset=winequalityc
[2026-05-03 07:45:12,086][__main__][INFO] - ⏭ SKIP MMPO2/winequalityc/NTN L=3 bd=8 seed=10090 -> /zhome/6b/e/212868/GTN/outputs/ntn/winequalityc/MMPO2_rg5_init0.1/L3_bd8_seed10090 | already completed successfully (val_quality=0.1825641025641025) val=0.1826
[2026-05-03 07:45:12,088][HYDRA] 	#22 : model.L=3 model.bond_dim=8 seed=32874 trainer.ridge=5 trainer.ridge_decay=0.25 trainer.ridge_min=0.0001 +experiment=uci_ntn_sweep model=mmpo2 dataset=winequalityc
[2026-05-03 07:45:12,246][__main__][INFO] - ⏭ SKIP MMPO2/winequalityc/NTN L=3 bd=8 seed=32874 -> /zhome/6b/e/212868/GTN/outputs/ntn/winequalityc/MMPO2_rg5_init0.1/L3_bd8_seed32874 | previous run failed with singular matrix (permanent) val=0.4533
[2026-05-03 07:45:12,248][HYDRA] 	#23 : model.L=3 model.bond_dim=8 seed=47311 trainer.ridge=5 trainer.ridge_decay=0.25 trainer.ridge_min=0.0001 +experiment=uci_ntn_sweep model=mmpo2 dataset=winequalityc
[2026-05-03 07:45:12,654][__main__][INFO] - ⏭ SKIP MMPO2/winequalityc/NTN L=3 bd=8 seed=47311 -> /zhome/6b/e/212868/GTN/outputs/ntn/winequalityc/MMPO2_rg5_init0.1/L3_bd8_seed47311 | previous run failed with singular matrix (permanent) val=0.1990
[2026-05-03 07:45:12,656][HYDRA] 	#24 : model.L=3 model.bond_dim=8 seed=47303 trainer.ridge=5 trainer.ridge_decay=0.25 trainer.ridge_min=0.0001 +experiment=uci_ntn_sweep model=mmpo2 dataset=winequalityc
[2026-05-03 07:45:12,819][__main__][INFO] - ⏭ SKIP MMPO2/winequalityc/NTN L=3 bd=8 seed=47303 -> /zhome/6b/e/212868/GTN/outputs/ntn/winequalityc/MMPO2_rg5_init0.1/L3_bd8_seed47303 | previous run failed with singular matrix (permanent) val=0.4308
[2026-05-03 07:45:12,821][HYDRA] 	#25 : model.L=3 model.bond_dim=4 seed=42 trainer.ridge=5 trainer.ridge_decay=0.25 trainer.ridge_min=0.0001 +experiment=uci_ntn_sweep model=mmpo2 dataset=winequalityc
[2026-05-03 07:45:12,983][__main__][INFO] - ⏭ SKIP MMPO2/winequalityc/NTN L=3 bd=4 seed=42 -> /zhome/6b/e/212868/GTN/outputs/ntn/winequalityc/MMPO2_rg5_init0.1/L3_bd4_seed42 | already completed successfully (val_quality=0.442051282051282) val=0.4421
[2026-05-03 07:45:12,985][HYDRA] 	#26 : model.L=3 model.bond_dim=4 seed=10090 trainer.ridge=5 trainer.ridge_decay=0.25 trainer.ridge_min=0.0001 +experiment=uci_ntn_sweep model=mmpo2 dataset=winequalityc
[2026-05-03 07:45:13,142][__main__][INFO] - ⏭ SKIP MMPO2/winequalityc/NTN L=3 bd=4 seed=10090 -> /zhome/6b/e/212868/GTN/outputs/ntn/winequalityc/MMPO2_rg5_init0.1/L3_bd4_seed10090 | already completed successfully (val_quality=0.1723076923076923) val=0.1723
[2026-05-03 07:45:13,144][HYDRA] 	#27 : model.L=3 model.bond_dim=4 seed=32874 trainer.ridge=5 trainer.ridge_decay=0.25 trainer.ridge_min=0.0001 +experiment=uci_ntn_sweep model=mmpo2 dataset=winequalityc
[2026-05-03 07:45:13,303][__main__][INFO] - ⏭ SKIP MMPO2/winequalityc/NTN L=3 bd=4 seed=32874 -> /zhome/6b/e/212868/GTN/outputs/ntn/winequalityc/MMPO2_rg5_init0.1/L3_bd4_seed32874 | already completed successfully (val_quality=0.2892307692307692) val=0.2892
[2026-05-03 07:45:13,305][HYDRA] 	#28 : model.L=3 model.bond_dim=4 seed=47311 trainer.ridge=5 trainer.ridge_decay=0.25 trainer.ridge_min=0.0001 +experiment=uci_ntn_sweep model=mmpo2 dataset=winequalityc
[2026-05-03 07:45:13,501][__main__][INFO] - ⏭ SKIP MMPO2/winequalityc/NTN L=3 bd=4 seed=47311 -> /zhome/6b/e/212868/GTN/outputs/ntn/winequalityc/MMPO2_rg5_init0.1/L3_bd4_seed47311 | already completed successfully (val_quality=0.3035897435897436) val=0.3036
[2026-05-03 07:45:13,503][HYDRA] 	#29 : model.L=3 model.bond_dim=4 seed=47303 trainer.ridge=5 trainer.ridge_decay=0.25 trainer.ridge_min=0.0001 +experiment=uci_ntn_sweep model=mmpo2 dataset=winequalityc
[2026-05-03 07:45:13,660][__main__][INFO] - ⏭ SKIP MMPO2/winequalityc/NTN L=3 bd=4 seed=47303 -> /zhome/6b/e/212868/GTN/outputs/ntn/winequalityc/MMPO2_rg5_init0.1/L3_bd4_seed47303 | already completed successfully (val_quality=0.2215384615384615) val=0.2215

------------------------------------------------------------
Sender: LSF System <lsfadmin@hpc.dtu.dk>
Subject: Job 28339356[147]: <ntn_grid_full[1-150]%20> in cluster <dcc> Done

Job <ntn_grid_full[1-150]%20> was submitted from host <hpclogin1> by user <nicci> in cluster <dcc> at Sun May  3 07:01:17 2026
Job was executed on host(s) <6*n-62-31-15>, in queue <hpc>, as user <nicci> in cluster <dcc> at Sun May  3 07:41:09 2026
</zhome/6b/e/212868> was used as the home directory.
</zhome/6b/e/212868/GTN> was used as the working directory.
Started at Sun May  3 07:41:09 2026
Terminated at Sun May  3 07:45:26 2026
Results reported at Sun May  3 07:45:26 2026

Your job looked like:

------------------------------------------------------------
# LSBATCH: User input
#!/bin/bash
#BSUB -q hpc
#BSUB -J "ntn_grid_full[1-150]%20"
#BSUB -W 8:00
#BSUB -n 6
#BSUB -R "rusage[mem=750MB]"
#BSUB -R "span[hosts=1]"
#BSUB -o logs/%J_%I.out
#BSUB -e logs/%J_%I.err

MODELS=("cpda" "cpda_typei" "lmpo2" "lmpo2_typei" "mpo2" "mpo2_typei" "mmpo2" "mmpo2_typei" "tnml_f" "tnml_p")

DATASETS=(
    "abalone" "adult" "ai4i" "appliances" "bank" "bike" "breast"
    "car_evaluation" "concrete" "energy_efficiency" "hearth"
    "iris" "mushrooms" "obesity" "popularity" "realstate"
    "seoulBike" "student_dropout" "student_perf" "wine"
    "winequalityc"
)

COMPLETED_DATASETS=(
    "abalone" "bike" "concrete" "energy_efficiency"
    "iris" "realstate" )

# Filter datasets
FILTERED_DATASETS=()
for ds in "${DATASETS[@]}"; do
    skip=false
    for completed in "${COMPLETED_DATASETS[@]}"; do
        if [[ "$ds" == "$completed" ]]; then
            skip=true
            break
        fi
    done

    if ! $skip; then
        FILTERED_DATASETS+=("$ds")
    fi
done

DATASETS=("${FILTERED_DATASETS[@]}")

NUM_MODELS=${#MODELS[@]}
NUM_DATASETS=${#DATASETS[@]}
NUM_EXPERIMENTS=$((NUM_DATASETS * NUM_MODELS))

if [ "$1" == "test" ]; then
    echo "SIMULATING ARRAY:"
    echo "-----------------"


(... more ...)
------------------------------------------------------------

Successfully completed.

Resource usage summary:

    CPU time :                                   1065.00 sec.
    Max Memory :                                 928 MB
    Average Memory :                             302.00 MB
    Total Requested Memory :                     4500.00 MB
    Delta Memory :                               3572.00 MB
    Max Swap :                                   -
    Max Processes :                              12
    Max Threads :                                65
    Run time :                                   257 sec.
    Turnaround time :                            2649 sec.

The output (if any) is above this job summary.



PS:

Read file <logs/28339356_147.err> for stderr output of this job.

