Task 18: Dataset=ai4i, Model=mmpo2_typei, Experiment=uci_ntn_sweep
[2026-05-03 10:30:03,550][HYDRA] Launching 30 jobs locally
[2026-05-03 10:30:03,551][HYDRA] 	#0 : model.L=4 model.bond_dim=12 seed=42 trainer.ridge=5 trainer.ridge_decay=0.25 trainer.ridge_min=0.0001 +experiment=uci_ntn_sweep model=mmpo2_typei dataset=ai4i
[2026-05-03 10:30:04,064][utils.tracking][INFO] - Loaded 18703 tracked runs from runs_tracking.csv
[2026-05-03 10:30:04,067][__main__][INFO] - ⏭ SKIP MMPO2TypeI/ai4i/NTN L=4 bd=12 seed=42 -> /zhome/6b/e/212868/GTN/outputs/ntn/ai4i/MMPO2TypeI_rg5_init0.1/L4_bd12_seed42 | already completed successfully (val_quality=0.362083935643421) val=0.3621
[2026-05-03 10:30:04,069][HYDRA] 	#1 : model.L=4 model.bond_dim=12 seed=10090 trainer.ridge=5 trainer.ridge_decay=0.25 trainer.ridge_min=0.0001 +experiment=uci_ntn_sweep model=mmpo2_typei dataset=ai4i
[2026-05-03 10:30:04,242][__main__][INFO] - ⏭ SKIP MMPO2TypeI/ai4i/NTN L=4 bd=12 seed=10090 -> /zhome/6b/e/212868/GTN/outputs/ntn/ai4i/MMPO2TypeI_rg5_init0.1/L4_bd12_seed10090 | already completed successfully (val_quality=0.3625265506941834) val=0.3625
[2026-05-03 10:30:04,245][HYDRA] 	#2 : model.L=4 model.bond_dim=12 seed=32874 trainer.ridge=5 trainer.ridge_decay=0.25 trainer.ridge_min=0.0001 +experiment=uci_ntn_sweep model=mmpo2_typei dataset=ai4i
[2026-05-03 10:30:04,433][__main__][INFO] - ⏭ SKIP MMPO2TypeI/ai4i/NTN L=4 bd=12 seed=32874 -> /zhome/6b/e/212868/GTN/outputs/ntn/ai4i/MMPO2TypeI_rg5_init0.1/L4_bd12_seed32874 | already completed successfully (val_quality=0.3817763419357231) val=0.3818
[2026-05-03 10:30:04,436][HYDRA] 	#3 : model.L=4 model.bond_dim=12 seed=47311 trainer.ridge=5 trainer.ridge_decay=0.25 trainer.ridge_min=0.0001 +experiment=uci_ntn_sweep model=mmpo2_typei dataset=ai4i
[2026-05-03 10:30:04,606][__main__][INFO] - ⏭ SKIP MMPO2TypeI/ai4i/NTN L=4 bd=12 seed=47311 -> /zhome/6b/e/212868/GTN/outputs/ntn/ai4i/MMPO2TypeI_rg5_init0.1/L4_bd12_seed47311 | already completed successfully (val_quality=0.3580306228595128) val=0.3580
[2026-05-03 10:30:04,609][HYDRA] 	#4 : model.L=4 model.bond_dim=12 seed=47303 trainer.ridge=5 trainer.ridge_decay=0.25 trainer.ridge_min=0.0001 +experiment=uci_ntn_sweep model=mmpo2_typei dataset=ai4i
[2026-05-03 10:30:04,776][__main__][INFO] - ⏭ SKIP MMPO2TypeI/ai4i/NTN L=4 bd=12 seed=47303 -> /zhome/6b/e/212868/GTN/outputs/ntn/ai4i/MMPO2TypeI_rg5_init0.1/L4_bd12_seed47303 | already completed successfully (val_quality=0.3616453420362728) val=0.3616
[2026-05-03 10:30:04,780][HYDRA] 	#5 : model.L=4 model.bond_dim=8 seed=42 trainer.ridge=5 trainer.ridge_decay=0.25 trainer.ridge_min=0.0001 +experiment=uci_ntn_sweep model=mmpo2_typei dataset=ai4i
[2026-05-03 10:30:04,961][__main__][INFO] - ⏭ SKIP MMPO2TypeI/ai4i/NTN L=4 bd=8 seed=42 -> /zhome/6b/e/212868/GTN/outputs/ntn/ai4i/MMPO2TypeI_rg5_init0.1/L4_bd8_seed42 | already completed successfully (val_quality=0.3558251556557) val=0.3558
[2026-05-03 10:30:04,964][HYDRA] 	#6 : model.L=4 model.bond_dim=8 seed=10090 trainer.ridge=5 trainer.ridge_decay=0.25 trainer.ridge_min=0.0001 +experiment=uci_ntn_sweep model=mmpo2_typei dataset=ai4i
[2026-05-03 10:30:05,137][__main__][INFO] - ⏭ SKIP MMPO2TypeI/ai4i/NTN L=4 bd=8 seed=10090 -> /zhome/6b/e/212868/GTN/outputs/ntn/ai4i/MMPO2TypeI_rg5_init0.1/L4_bd8_seed10090 | already completed successfully (val_quality=0.3869284055525105) val=0.3869
[2026-05-03 10:30:05,140][HYDRA] 	#7 : model.L=4 model.bond_dim=8 seed=32874 trainer.ridge=5 trainer.ridge_decay=0.25 trainer.ridge_min=0.0001 +experiment=uci_ntn_sweep model=mmpo2_typei dataset=ai4i
[2026-05-03 10:30:05,315][__main__][INFO] - ⏭ SKIP MMPO2TypeI/ai4i/NTN L=4 bd=8 seed=32874 -> /zhome/6b/e/212868/GTN/outputs/ntn/ai4i/MMPO2TypeI_rg5_init0.1/L4_bd8_seed32874 | already completed successfully (val_quality=0.3639315951764607) val=0.3639
[2026-05-03 10:30:05,319][HYDRA] 	#8 : model.L=4 model.bond_dim=8 seed=47311 trainer.ridge=5 trainer.ridge_decay=0.25 trainer.ridge_min=0.0001 +experiment=uci_ntn_sweep model=mmpo2_typei dataset=ai4i
[2026-05-03 10:30:05,488][__main__][INFO] - ⏭ SKIP MMPO2TypeI/ai4i/NTN L=4 bd=8 seed=47311 -> /zhome/6b/e/212868/GTN/outputs/ntn/ai4i/MMPO2TypeI_rg5_init0.1/L4_bd8_seed47311 | already completed successfully (val_quality=0.3594393240060379) val=0.3594
[2026-05-03 10:30:05,490][HYDRA] 	#9 : model.L=4 model.bond_dim=8 seed=47303 trainer.ridge=5 trainer.ridge_decay=0.25 trainer.ridge_min=0.0001 +experiment=uci_ntn_sweep model=mmpo2_typei dataset=ai4i
[2026-05-03 10:30:05,660][__main__][INFO] - ⏭ SKIP MMPO2TypeI/ai4i/NTN L=4 bd=8 seed=47303 -> /zhome/6b/e/212868/GTN/outputs/ntn/ai4i/MMPO2TypeI_rg5_init0.1/L4_bd8_seed47303 | already completed successfully (val_quality=0.375489140575763) val=0.3755
[2026-05-03 10:30:05,663][HYDRA] 	#10 : model.L=4 model.bond_dim=4 seed=42 trainer.ridge=5 trainer.ridge_decay=0.25 trainer.ridge_min=0.0001 +experiment=uci_ntn_sweep model=mmpo2_typei dataset=ai4i
[2026-05-03 10:30:05,840][__main__][INFO] - ⏭ SKIP MMPO2TypeI/ai4i/NTN L=4 bd=4 seed=42 -> /zhome/6b/e/212868/GTN/outputs/ntn/ai4i/MMPO2TypeI_rg5_init0.1/L4_bd4_seed42 | already completed successfully (val_quality=0.3392107628951727) val=0.3392
[2026-05-03 10:30:05,843][HYDRA] 	#11 : model.L=4 model.bond_dim=4 seed=10090 trainer.ridge=5 trainer.ridge_decay=0.25 trainer.ridge_min=0.0001 +experiment=uci_ntn_sweep model=mmpo2_typei dataset=ai4i
[2026-05-03 10:30:06,014][__main__][INFO] - ⏭ SKIP MMPO2TypeI/ai4i/NTN L=4 bd=4 seed=10090 -> /zhome/6b/e/212868/GTN/outputs/ntn/ai4i/MMPO2TypeI_rg5_init0.1/L4_bd4_seed10090 | already completed successfully (val_quality=0.3936322260878863) val=0.3936
[2026-05-03 10:30:06,016][HYDRA] 	#12 : model.L=4 model.bond_dim=4 seed=32874 trainer.ridge=5 trainer.ridge_decay=0.25 trainer.ridge_min=0.0001 +experiment=uci_ntn_sweep model=mmpo2_typei dataset=ai4i
[2026-05-03 10:30:06,184][__main__][INFO] - ⏭ SKIP MMPO2TypeI/ai4i/NTN L=4 bd=4 seed=32874 -> /zhome/6b/e/212868/GTN/outputs/ntn/ai4i/MMPO2TypeI_rg5_init0.1/L4_bd4_seed32874 | already completed successfully (val_quality=0.3673955614359329) val=0.3674
[2026-05-03 10:30:06,187][HYDRA] 	#13 : model.L=4 model.bond_dim=4 seed=47311 trainer.ridge=5 trainer.ridge_decay=0.25 trainer.ridge_min=0.0001 +experiment=uci_ntn_sweep model=mmpo2_typei dataset=ai4i
[2026-05-03 10:30:06,360][__main__][INFO] - ⏭ SKIP MMPO2TypeI/ai4i/NTN L=4 bd=4 seed=47311 -> /zhome/6b/e/212868/GTN/outputs/ntn/ai4i/MMPO2TypeI_rg5_init0.1/L4_bd4_seed47311 | already completed successfully (val_quality=0.3599619936734443) val=0.3600
[2026-05-03 10:30:06,363][HYDRA] 	#14 : model.L=4 model.bond_dim=4 seed=47303 trainer.ridge=5 trainer.ridge_decay=0.25 trainer.ridge_min=0.0001 +experiment=uci_ntn_sweep model=mmpo2_typei dataset=ai4i
[2026-05-03 10:30:06,535][__main__][INFO] - ⏭ SKIP MMPO2TypeI/ai4i/NTN L=4 bd=4 seed=47303 -> /zhome/6b/e/212868/GTN/outputs/ntn/ai4i/MMPO2TypeI_rg5_init0.1/L4_bd4_seed47303 | already completed successfully (val_quality=0.3993986308057662) val=0.3994
[2026-05-03 10:30:06,538][HYDRA] 	#15 : model.L=3 model.bond_dim=12 seed=42 trainer.ridge=5 trainer.ridge_decay=0.25 trainer.ridge_min=0.0001 +experiment=uci_ntn_sweep model=mmpo2_typei dataset=ai4i
[2026-05-03 10:30:06,713][__main__][INFO] - ⏭ SKIP MMPO2TypeI/ai4i/NTN L=3 bd=12 seed=42 -> /zhome/6b/e/212868/GTN/outputs/ntn/ai4i/MMPO2TypeI_rg5_init0.1/L3_bd12_seed42 | already completed successfully (val_quality=0.3791018745890945) val=0.3791
[2026-05-03 10:30:06,716][HYDRA] 	#16 : model.L=3 model.bond_dim=12 seed=10090 trainer.ridge=5 trainer.ridge_decay=0.25 trainer.ridge_min=0.0001 +experiment=uci_ntn_sweep model=mmpo2_typei dataset=ai4i
[2026-05-03 10:30:06,927][__main__][INFO] - ⏭ SKIP MMPO2TypeI/ai4i/NTN L=3 bd=12 seed=10090 -> /zhome/6b/e/212868/GTN/outputs/ntn/ai4i/MMPO2TypeI_rg5_init0.1/L3_bd12_seed10090 | already completed successfully (val_quality=0.3755614107826727) val=0.3756
[2026-05-03 10:30:06,931][HYDRA] 	#17 : model.L=3 model.bond_dim=12 seed=32874 trainer.ridge=5 trainer.ridge_decay=0.25 trainer.ridge_min=0.0001 +experiment=uci_ntn_sweep model=mmpo2_typei dataset=ai4i
[2026-05-03 10:30:07,106][__main__][INFO] - ⏭ SKIP MMPO2TypeI/ai4i/NTN L=3 bd=12 seed=32874 -> /zhome/6b/e/212868/GTN/outputs/ntn/ai4i/MMPO2TypeI_rg5_init0.1/L3_bd12_seed32874 | already completed successfully (val_quality=0.3705296366979657) val=0.3705
[2026-05-03 10:30:07,109][HYDRA] 	#18 : model.L=3 model.bond_dim=12 seed=47311 trainer.ridge=5 trainer.ridge_decay=0.25 trainer.ridge_min=0.0001 +experiment=uci_ntn_sweep model=mmpo2_typei dataset=ai4i
[2026-05-03 10:30:07,280][__main__][INFO] - ⏭ SKIP MMPO2TypeI/ai4i/NTN L=3 bd=12 seed=47311 -> /zhome/6b/e/212868/GTN/outputs/ntn/ai4i/MMPO2TypeI_rg5_init0.1/L3_bd12_seed47311 | already completed successfully (val_quality=0.375597475931972) val=0.3756
[2026-05-03 10:30:07,283][HYDRA] 	#19 : model.L=3 model.bond_dim=12 seed=47303 trainer.ridge=5 trainer.ridge_decay=0.25 trainer.ridge_min=0.0001 +experiment=uci_ntn_sweep model=mmpo2_typei dataset=ai4i
[2026-05-03 10:30:07,457][__main__][INFO] - ⏭ SKIP MMPO2TypeI/ai4i/NTN L=3 bd=12 seed=47303 -> /zhome/6b/e/212868/GTN/outputs/ntn/ai4i/MMPO2TypeI_rg5_init0.1/L3_bd12_seed47303 | already completed successfully (val_quality=0.3757316799384786) val=0.3757
[2026-05-03 10:30:07,461][HYDRA] 	#20 : model.L=3 model.bond_dim=8 seed=42 trainer.ridge=5 trainer.ridge_decay=0.25 trainer.ridge_min=0.0001 +experiment=uci_ntn_sweep model=mmpo2_typei dataset=ai4i
[2026-05-03 10:30:07,630][__main__][INFO] - ⏭ SKIP MMPO2TypeI/ai4i/NTN L=3 bd=8 seed=42 -> /zhome/6b/e/212868/GTN/outputs/ntn/ai4i/MMPO2TypeI_rg5_init0.1/L3_bd8_seed42 | already completed successfully (val_quality=0.3633161131466392) val=0.3633
[2026-05-03 10:30:07,633][HYDRA] 	#21 : model.L=3 model.bond_dim=8 seed=10090 trainer.ridge=5 trainer.ridge_decay=0.25 trainer.ridge_min=0.0001 +experiment=uci_ntn_sweep model=mmpo2_typei dataset=ai4i
[2026-05-03 10:30:07,804][__main__][INFO] - ⏭ SKIP MMPO2TypeI/ai4i/NTN L=3 bd=8 seed=10090 -> /zhome/6b/e/212868/GTN/outputs/ntn/ai4i/MMPO2TypeI_rg5_init0.1/L3_bd8_seed10090 | already completed successfully (val_quality=0.3621476130026679) val=0.3621
[2026-05-03 10:30:07,806][HYDRA] 	#22 : model.L=3 model.bond_dim=8 seed=32874 trainer.ridge=5 trainer.ridge_decay=0.25 trainer.ridge_min=0.0001 +experiment=uci_ntn_sweep model=mmpo2_typei dataset=ai4i
[2026-05-03 10:30:07,975][__main__][INFO] - ⏭ SKIP MMPO2TypeI/ai4i/NTN L=3 bd=8 seed=32874 -> /zhome/6b/e/212868/GTN/outputs/ntn/ai4i/MMPO2TypeI_rg5_init0.1/L3_bd8_seed32874 | already completed successfully (val_quality=0.3764354475686995) val=0.3764
[2026-05-03 10:30:07,978][HYDRA] 	#23 : model.L=3 model.bond_dim=8 seed=47311 trainer.ridge=5 trainer.ridge_decay=0.25 trainer.ridge_min=0.0001 +experiment=uci_ntn_sweep model=mmpo2_typei dataset=ai4i
[2026-05-03 10:30:08,151][__main__][INFO] - ⏭ SKIP MMPO2TypeI/ai4i/NTN L=3 bd=8 seed=47311 -> /zhome/6b/e/212868/GTN/outputs/ntn/ai4i/MMPO2TypeI_rg5_init0.1/L3_bd8_seed47311 | already completed successfully (val_quality=0.3772861600068549) val=0.3773
[2026-05-03 10:30:08,154][HYDRA] 	#24 : model.L=3 model.bond_dim=8 seed=47303 trainer.ridge=5 trainer.ridge_decay=0.25 trainer.ridge_min=0.0001 +experiment=uci_ntn_sweep model=mmpo2_typei dataset=ai4i
[2026-05-03 10:30:08,323][__main__][INFO] - ⏭ SKIP MMPO2TypeI/ai4i/NTN L=3 bd=8 seed=47303 -> /zhome/6b/e/212868/GTN/outputs/ntn/ai4i/MMPO2TypeI_rg5_init0.1/L3_bd8_seed47303 | already completed successfully (val_quality=0.3760257804108612) val=0.3760
[2026-05-03 10:30:08,326][HYDRA] 	#25 : model.L=3 model.bond_dim=4 seed=42 trainer.ridge=5 trainer.ridge_decay=0.25 trainer.ridge_min=0.0001 +experiment=uci_ntn_sweep model=mmpo2_typei dataset=ai4i
[2026-05-03 10:30:08,513][__main__][INFO] - ⏭ SKIP MMPO2TypeI/ai4i/NTN L=3 bd=4 seed=42 -> /zhome/6b/e/212868/GTN/outputs/ntn/ai4i/MMPO2TypeI_rg5_init0.1/L3_bd4_seed42 | already completed successfully (val_quality=0.3543506633688235) val=0.3544
[2026-05-03 10:30:08,516][HYDRA] 	#26 : model.L=3 model.bond_dim=4 seed=10090 trainer.ridge=5 trainer.ridge_decay=0.25 trainer.ridge_min=0.0001 +experiment=uci_ntn_sweep model=mmpo2_typei dataset=ai4i

------------------------------------------------------------
Sender: LSF System <lsfadmin@hpc.dtu.dk>
Subject: Job 28339557[18]: <ntn_grid_full[1-150]%20> in cluster <dcc> Exited

Job <ntn_grid_full[1-150]%20> was submitted from host <hpclogin1> by user <nicci> in cluster <dcc> at Sun May  3 10:29:49 2026
Job was executed on host(s) <6*n-62-21-92>, in queue <hpc>, as user <nicci> in cluster <dcc> at Sun May  3 10:29:49 2026
</zhome/6b/e/212868> was used as the home directory.
</zhome/6b/e/212868/GTN> was used as the working directory.
Started at Sun May  3 10:29:49 2026
Terminated at Sun May  3 10:30:09 2026
Results reported at Sun May  3 10:30:09 2026

Your job looked like:

------------------------------------------------------------
# LSBATCH: User input
#!/bin/bash
#BSUB -q hpc
#BSUB -J "ntn_grid_full[1-150]%20"
#BSUB -W 8:00
#BSUB -n 6
#BSUB -R "rusage[mem=750MB]"
#BSUB -R "span[hosts=1]"
#BSUB -o logs/%J_%I.out
#BSUB -e logs/%J_%I.err

MODELS=("cpda" "cpda_typei" "lmpo2" "lmpo2_typei" "mpo2" "mpo2_typei" "mmpo2" "mmpo2_typei" "tnml_f" "tnml_p")

DATASETS=(
    "abalone" "adult" "ai4i" "appliances" "bank" "bike" "breast"
    "car_evaluation" "concrete" "energy_efficiency" "hearth"
    "iris" "mushrooms" "obesity" "popularity" "realstate"
    "seoulBike" "student_dropout" "student_perf" "wine"
    "winequalityc"
)

COMPLETED_DATASETS=(
    "abalone" "bike" "concrete" "energy_efficiency"
    "iris" "realstate" )

# Filter datasets
FILTERED_DATASETS=()
for ds in "${DATASETS[@]}"; do
    skip=false
    for completed in "${COMPLETED_DATASETS[@]}"; do
        if [[ "$ds" == "$completed" ]]; then
            skip=true
            break
        fi
    done

    if ! $skip; then
        FILTERED_DATASETS+=("$ds")
    fi
done

DATASETS=("${FILTERED_DATASETS[@]}")

NUM_MODELS=${#MODELS[@]}
NUM_DATASETS=${#DATASETS[@]}
NUM_EXPERIMENTS=$((NUM_DATASETS * NUM_MODELS))

if [ "$1" == "test" ]; then
    echo "SIMULATING ARRAY:"
    echo "-----------------"


(... more ...)
------------------------------------------------------------

TERM_OWNER: job killed by owner.
Exited with exit code 130.

Resource usage summary:

    CPU time :                                   14.78 sec.
    Max Memory :                                 403 MB
    Average Memory :                             397.67 MB
    Total Requested Memory :                     4500.00 MB
    Delta Memory :                               4097.00 MB
    Max Swap :                                   -
    Max Processes :                              4
    Max Threads :                                15
    Run time :                                   20 sec.
    Turnaround time :                            20 sec.

The output (if any) is above this job summary.



PS:

Read file <logs/28339557_18.err> for stderr output of this job.

