Task 64: Dataset=hearth, Model=lmpo2_typei, Experiment=uci_ntn_sweep
[2026-05-02 09:56:43,680][HYDRA] Launching 90 jobs locally
[2026-05-02 09:56:43,680][HYDRA] 	#0 : model.reduction_factor=0.3 model.L=4 model.bond_dim=12 seed=42 trainer.ridge=5 trainer.ridge_decay=0.25 trainer.ridge_min=0.0001 +experiment=uci_ntn_sweep model=lmpo2_typei dataset=hearth
[2026-05-02 09:56:44,113][utils.tracking][INFO] - Loaded 17971 tracked runs from runs_tracking.csv
[2026-05-02 09:56:44,117][__main__][INFO] - ⏭ SKIP LMPO2TypeI/hearth/NTN L=4 bd=12_rf0.3 seed=42 -> /zhome/6b/e/212868/GTN/outputs/ntn/hearth/LMPO2TypeI_rg5_init0.1/L4_bd12_seed42_rf0.3_bondmpo1 | singular val=0.4667
[2026-05-02 09:56:44,120][HYDRA] 	#1 : model.reduction_factor=0.3 model.L=4 model.bond_dim=12 seed=10090 trainer.ridge=5 trainer.ridge_decay=0.25 trainer.ridge_min=0.0001 +experiment=uci_ntn_sweep model=lmpo2_typei dataset=hearth
[2026-05-02 09:56:44,267][__main__][INFO] - ⏭ SKIP LMPO2TypeI/hearth/NTN L=4 bd=12_rf0.3 seed=10090 -> /zhome/6b/e/212868/GTN/outputs/ntn/hearth/LMPO2TypeI_rg5_init0.1/L4_bd12_seed10090_rf0.3_bondmpo1 | singular val=0.4444
[2026-05-02 09:56:44,270][HYDRA] 	#2 : model.reduction_factor=0.3 model.L=4 model.bond_dim=12 seed=32874 trainer.ridge=5 trainer.ridge_decay=0.25 trainer.ridge_min=0.0001 +experiment=uci_ntn_sweep model=lmpo2_typei dataset=hearth
[2026-05-02 09:56:44,570][__main__][INFO] - ⏭ SKIP LMPO2TypeI/hearth/NTN L=4 bd=12_rf0.3 seed=32874 -> /zhome/6b/e/212868/GTN/outputs/ntn/hearth/LMPO2TypeI_rg5_init0.1/L4_bd12_seed32874_rf0.3_bondmpo1 | singular val=0.4889
[2026-05-02 09:56:44,574][HYDRA] 	#3 : model.reduction_factor=0.3 model.L=4 model.bond_dim=12 seed=47311 trainer.ridge=5 trainer.ridge_decay=0.25 trainer.ridge_min=0.0001 +experiment=uci_ntn_sweep model=lmpo2_typei dataset=hearth
[2026-05-02 09:56:44,724][__main__][INFO] - ⏭ SKIP LMPO2TypeI/hearth/NTN L=4 bd=12_rf0.3 seed=47311 -> /zhome/6b/e/212868/GTN/outputs/ntn/hearth/LMPO2TypeI_rg5_init0.1/L4_bd12_seed47311_rf0.3_bondmpo1 | singular val=0.4889
[2026-05-02 09:56:44,727][HYDRA] 	#4 : model.reduction_factor=0.3 model.L=4 model.bond_dim=12 seed=47303 trainer.ridge=5 trainer.ridge_decay=0.25 trainer.ridge_min=0.0001 +experiment=uci_ntn_sweep model=lmpo2_typei dataset=hearth
[2026-05-02 09:56:44,881][__main__][INFO] - ⏭ SKIP LMPO2TypeI/hearth/NTN L=4 bd=12_rf0.3 seed=47303 -> /zhome/6b/e/212868/GTN/outputs/ntn/hearth/LMPO2TypeI_rg5_init0.1/L4_bd12_seed47303_rf0.3_bondmpo1 | singular val=0.4889
[2026-05-02 09:56:44,884][HYDRA] 	#5 : model.reduction_factor=0.3 model.L=4 model.bond_dim=8 seed=42 trainer.ridge=5 trainer.ridge_decay=0.25 trainer.ridge_min=0.0001 +experiment=uci_ntn_sweep model=lmpo2_typei dataset=hearth
[2026-05-02 09:56:45,037][__main__][INFO] - ⏭ SKIP LMPO2TypeI/hearth/NTN L=4 bd=8_rf0.3 seed=42 -> /zhome/6b/e/212868/GTN/outputs/ntn/hearth/LMPO2TypeI_rg5_init0.1/L4_bd8_seed42_rf0.3_bondmpo1 | singular val=0.4222
[2026-05-02 09:56:45,040][HYDRA] 	#6 : model.reduction_factor=0.3 model.L=4 model.bond_dim=8 seed=10090 trainer.ridge=5 trainer.ridge_decay=0.25 trainer.ridge_min=0.0001 +experiment=uci_ntn_sweep model=lmpo2_typei dataset=hearth
[2026-05-02 09:56:45,187][__main__][INFO] - ⏭ SKIP LMPO2TypeI/hearth/NTN L=4 bd=8_rf0.3 seed=10090 -> /zhome/6b/e/212868/GTN/outputs/ntn/hearth/LMPO2TypeI_rg5_init0.1/L4_bd8_seed10090_rf0.3_bondmpo1 | singular val=0.4889
[2026-05-02 09:56:45,190][HYDRA] 	#7 : model.reduction_factor=0.3 model.L=4 model.bond_dim=8 seed=32874 trainer.ridge=5 trainer.ridge_decay=0.25 trainer.ridge_min=0.0001 +experiment=uci_ntn_sweep model=lmpo2_typei dataset=hearth
[2026-05-02 09:56:45,338][__main__][INFO] - ⏭ SKIP LMPO2TypeI/hearth/NTN L=4 bd=8_rf0.3 seed=32874 -> /zhome/6b/e/212868/GTN/outputs/ntn/hearth/LMPO2TypeI_rg5_init0.1/L4_bd8_seed32874_rf0.3_bondmpo1 | singular val=0.5111
[2026-05-02 09:56:45,341][HYDRA] 	#8 : model.reduction_factor=0.3 model.L=4 model.bond_dim=8 seed=47311 trainer.ridge=5 trainer.ridge_decay=0.25 trainer.ridge_min=0.0001 +experiment=uci_ntn_sweep model=lmpo2_typei dataset=hearth
[2026-05-02 09:56:45,490][__main__][INFO] - ⏭ SKIP LMPO2TypeI/hearth/NTN L=4 bd=8_rf0.3 seed=47311 -> /zhome/6b/e/212868/GTN/outputs/ntn/hearth/LMPO2TypeI_rg5_init0.1/L4_bd8_seed47311_rf0.3_bondmpo1 | singular val=0.5111
[2026-05-02 09:56:45,493][HYDRA] 	#9 : model.reduction_factor=0.3 model.L=4 model.bond_dim=8 seed=47303 trainer.ridge=5 trainer.ridge_decay=0.25 trainer.ridge_min=0.0001 +experiment=uci_ntn_sweep model=lmpo2_typei dataset=hearth
[2026-05-02 09:56:45,643][__main__][INFO] - ⏭ SKIP LMPO2TypeI/hearth/NTN L=4 bd=8_rf0.3 seed=47303 -> /zhome/6b/e/212868/GTN/outputs/ntn/hearth/LMPO2TypeI_rg5_init0.1/L4_bd8_seed47303_rf0.3_bondmpo1 | singular val=0.5111
[2026-05-02 09:56:45,646][HYDRA] 	#10 : model.reduction_factor=0.3 model.L=4 model.bond_dim=4 seed=42 trainer.ridge=5 trainer.ridge_decay=0.25 trainer.ridge_min=0.0001 +experiment=uci_ntn_sweep model=lmpo2_typei dataset=hearth
[2026-05-02 09:56:45,798][__main__][INFO] - ⏭ SKIP LMPO2TypeI/hearth/NTN L=4 bd=4_rf0.3 seed=42 -> /zhome/6b/e/212868/GTN/outputs/ntn/hearth/LMPO2TypeI_rg5_init0.1/L4_bd4_seed42_rf0.3_bondmpo1 | singular val=0.4667
[2026-05-02 09:56:45,801][HYDRA] 	#11 : model.reduction_factor=0.3 model.L=4 model.bond_dim=4 seed=10090 trainer.ridge=5 trainer.ridge_decay=0.25 trainer.ridge_min=0.0001 +experiment=uci_ntn_sweep model=lmpo2_typei dataset=hearth
[2026-05-02 09:56:45,947][__main__][INFO] - ⏭ SKIP LMPO2TypeI/hearth/NTN L=4 bd=4_rf0.3 seed=10090 -> /zhome/6b/e/212868/GTN/outputs/ntn/hearth/LMPO2TypeI_rg5_init0.1/L4_bd4_seed10090_rf0.3_bondmpo1 | singular val=0.5333
[2026-05-02 09:56:45,950][HYDRA] 	#12 : model.reduction_factor=0.3 model.L=4 model.bond_dim=4 seed=32874 trainer.ridge=5 trainer.ridge_decay=0.25 trainer.ridge_min=0.0001 +experiment=uci_ntn_sweep model=lmpo2_typei dataset=hearth
[2026-05-02 09:56:46,098][__main__][INFO] - ⏭ SKIP LMPO2TypeI/hearth/NTN L=4 bd=4_rf0.3 seed=32874 -> /zhome/6b/e/212868/GTN/outputs/ntn/hearth/LMPO2TypeI_rg5_init0.1/L4_bd4_seed32874_rf0.3_bondmpo1 | singular val=0.5111
[2026-05-02 09:56:46,101][HYDRA] 	#13 : model.reduction_factor=0.3 model.L=4 model.bond_dim=4 seed=47311 trainer.ridge=5 trainer.ridge_decay=0.25 trainer.ridge_min=0.0001 +experiment=uci_ntn_sweep model=lmpo2_typei dataset=hearth
[2026-05-02 09:56:46,251][__main__][INFO] - ⏭ SKIP LMPO2TypeI/hearth/NTN L=4 bd=4_rf0.3 seed=47311 -> /zhome/6b/e/212868/GTN/outputs/ntn/hearth/LMPO2TypeI_rg5_init0.1/L4_bd4_seed47311_rf0.3_bondmpo1 | singular val=0.5778
[2026-05-02 09:56:46,254][HYDRA] 	#14 : model.reduction_factor=0.3 model.L=4 model.bond_dim=4 seed=47303 trainer.ridge=5 trainer.ridge_decay=0.25 trainer.ridge_min=0.0001 +experiment=uci_ntn_sweep model=lmpo2_typei dataset=hearth
[2026-05-02 09:56:46,405][__main__][INFO] - ⏭ SKIP LMPO2TypeI/hearth/NTN L=4 bd=4_rf0.3 seed=47303 -> /zhome/6b/e/212868/GTN/outputs/ntn/hearth/LMPO2TypeI_rg5_init0.1/L4_bd4_seed47303_rf0.3_bondmpo1 | singular val=0.5333
[2026-05-02 09:56:46,408][HYDRA] 	#15 : model.reduction_factor=0.3 model.L=3 model.bond_dim=12 seed=42 trainer.ridge=5 trainer.ridge_decay=0.25 trainer.ridge_min=0.0001 +experiment=uci_ntn_sweep model=lmpo2_typei dataset=hearth
[2026-05-02 09:56:46,580][__main__][INFO] - ⏭ SKIP LMPO2TypeI/hearth/NTN L=3 bd=12_rf0.3 seed=42 -> /zhome/6b/e/212868/GTN/outputs/ntn/hearth/LMPO2TypeI_rg5_init0.1/L3_bd12_seed42_rf0.3_bondmpo1 | singular val=0.5111
[2026-05-02 09:56:46,582][HYDRA] 	#16 : model.reduction_factor=0.3 model.L=3 model.bond_dim=12 seed=10090 trainer.ridge=5 trainer.ridge_decay=0.25 trainer.ridge_min=0.0001 +experiment=uci_ntn_sweep model=lmpo2_typei dataset=hearth
[2026-05-02 09:56:46,729][__main__][INFO] - ⏭ SKIP LMPO2TypeI/hearth/NTN L=3 bd=12_rf0.3 seed=10090 -> /zhome/6b/e/212868/GTN/outputs/ntn/hearth/LMPO2TypeI_rg5_init0.1/L3_bd12_seed10090_rf0.3_bondmpo1 | singular val=0.5556
[2026-05-02 09:56:46,732][HYDRA] 	#17 : model.reduction_factor=0.3 model.L=3 model.bond_dim=12 seed=32874 trainer.ridge=5 trainer.ridge_decay=0.25 trainer.ridge_min=0.0001 +experiment=uci_ntn_sweep model=lmpo2_typei dataset=hearth
[2026-05-02 09:56:46,884][__main__][INFO] - ⏭ SKIP LMPO2TypeI/hearth/NTN L=3 bd=12_rf0.3 seed=32874 -> /zhome/6b/e/212868/GTN/outputs/ntn/hearth/LMPO2TypeI_rg5_init0.1/L3_bd12_seed32874_rf0.3_bondmpo1 | singular val=0.4889
[2026-05-02 09:56:46,887][HYDRA] 	#18 : model.reduction_factor=0.3 model.L=3 model.bond_dim=12 seed=47311 trainer.ridge=5 trainer.ridge_decay=0.25 trainer.ridge_min=0.0001 +experiment=uci_ntn_sweep model=lmpo2_typei dataset=hearth
[2026-05-02 09:56:47,041][__main__][INFO] - ⏭ SKIP LMPO2TypeI/hearth/NTN L=3 bd=12_rf0.3 seed=47311 -> /zhome/6b/e/212868/GTN/outputs/ntn/hearth/LMPO2TypeI_rg5_init0.1/L3_bd12_seed47311_rf0.3_bondmpo1 | singular val=0.5333
[2026-05-02 09:56:47,044][HYDRA] 	#19 : model.reduction_factor=0.3 model.L=3 model.bond_dim=12 seed=47303 trainer.ridge=5 trainer.ridge_decay=0.25 trainer.ridge_min=0.0001 +experiment=uci_ntn_sweep model=lmpo2_typei dataset=hearth
[2026-05-02 09:56:47,196][__main__][INFO] - ⏭ SKIP LMPO2TypeI/hearth/NTN L=3 bd=12_rf0.3 seed=47303 -> /zhome/6b/e/212868/GTN/outputs/ntn/hearth/LMPO2TypeI_rg5_init0.1/L3_bd12_seed47303_rf0.3_bondmpo1 | singular val=0.5333
[2026-05-02 09:56:47,199][HYDRA] 	#20 : model.reduction_factor=0.3 model.L=3 model.bond_dim=8 seed=42 trainer.ridge=5 trainer.ridge_decay=0.25 trainer.ridge_min=0.0001 +experiment=uci_ntn_sweep model=lmpo2_typei dataset=hearth
[2026-05-02 09:56:47,358][__main__][INFO] - ⏭ SKIP LMPO2TypeI/hearth/NTN L=3 bd=8_rf0.3 seed=42 -> /zhome/6b/e/212868/GTN/outputs/ntn/hearth/LMPO2TypeI_rg5_init0.1/L3_bd8_seed42_rf0.3_bondmpo1 | singular val=0.5111
[2026-05-02 09:56:47,361][HYDRA] 	#21 : model.reduction_factor=0.3 model.L=3 model.bond_dim=8 seed=10090 trainer.ridge=5 trainer.ridge_decay=0.25 trainer.ridge_min=0.0001 +experiment=uci_ntn_sweep model=lmpo2_typei dataset=hearth
[2026-05-02 09:56:47,510][__main__][INFO] - ⏭ SKIP LMPO2TypeI/hearth/NTN L=3 bd=8_rf0.3 seed=10090 -> /zhome/6b/e/212868/GTN/outputs/ntn/hearth/LMPO2TypeI_rg5_init0.1/L3_bd8_seed10090_rf0.3_bondmpo1 | singular val=0.4667
[2026-05-02 09:56:47,512][HYDRA] 	#22 : model.reduction_factor=0.3 model.L=3 model.bond_dim=8 seed=32874 trainer.ridge=5 trainer.ridge_decay=0.25 trainer.ridge_min=0.0001 +experiment=uci_ntn_sweep model=lmpo2_typei dataset=hearth
[2026-05-02 09:56:47,660][__main__][INFO] - ⏭ SKIP LMPO2TypeI/hearth/NTN L=3 bd=8_rf0.3 seed=32874 -> /zhome/6b/e/212868/GTN/outputs/ntn/hearth/LMPO2TypeI_rg5_init0.1/L3_bd8_seed32874_rf0.3_bondmpo1 | singular val=0.5111
[2026-05-02 09:56:47,662][HYDRA] 	#23 : model.reduction_factor=0.3 model.L=3 model.bond_dim=8 seed=47311 trainer.ridge=5 trainer.ridge_decay=0.25 trainer.ridge_min=0.0001 +experiment=uci_ntn_sweep model=lmpo2_typei dataset=hearth
[2026-05-02 09:56:47,811][__main__][INFO] - ⏭ SKIP LMPO2TypeI/hearth/NTN L=3 bd=8_rf0.3 seed=47311 -> /zhome/6b/e/212868/GTN/outputs/ntn/hearth/LMPO2TypeI_rg5_init0.1/L3_bd8_seed47311_rf0.3_bondmpo1 | singular val=0.5333
[2026-05-02 09:56:47,814][HYDRA] 	#24 : model.reduction_factor=0.3 model.L=3 model.bond_dim=8 seed=47303 trainer.ridge=5 trainer.ridge_decay=0.25 trainer.ridge_min=0.0001 +experiment=uci_ntn_sweep model=lmpo2_typei dataset=hearth
[2026-05-02 09:56:47,967][__main__][INFO] - ⏭ SKIP LMPO2TypeI/hearth/NTN L=3 bd=8_rf0.3 seed=47303 -> /zhome/6b/e/212868/GTN/outputs/ntn/hearth/LMPO2TypeI_rg5_init0.1/L3_bd8_seed47303_rf0.3_bondmpo1 | singular val=0.6000
[2026-05-02 09:56:47,970][HYDRA] 	#25 : model.reduction_factor=0.3 model.L=3 model.bond_dim=4 seed=42 trainer.ridge=5 trainer.ridge_decay=0.25 trainer.ridge_min=0.0001 +experiment=uci_ntn_sweep model=lmpo2_typei dataset=hearth
[2026-05-02 09:56:48,316][__main__][INFO] - ⏭ SKIP LMPO2TypeI/hearth/NTN L=3 bd=4_rf0.3 seed=42 -> /zhome/6b/e/212868/GTN/outputs/ntn/hearth/LMPO2TypeI_rg5_init0.1/L3_bd4_seed42_rf0.3_bondmpo1 | singular val=0.4889
[2026-05-02 09:56:48,319][HYDRA] 	#26 : model.reduction_factor=0.3 model.L=3 model.bond_dim=4 seed=10090 trainer.ridge=5 trainer.ridge_decay=0.25 trainer.ridge_min=0.0001 +experiment=uci_ntn_sweep model=lmpo2_typei dataset=hearth
[2026-05-02 09:56:48,469][__main__][INFO] - ⏭ SKIP LMPO2TypeI/hearth/NTN L=3 bd=4_rf0.3 seed=10090 -> /zhome/6b/e/212868/GTN/outputs/ntn/hearth/LMPO2TypeI_rg5_init0.1/L3_bd4_seed10090_rf0.3_bondmpo1 | singular val=0.5778
[2026-05-02 09:56:48,472][HYDRA] 	#27 : model.reduction_factor=0.3 model.L=3 model.bond_dim=4 seed=32874 trainer.ridge=5 trainer.ridge_decay=0.25 trainer.ridge_min=0.0001 +experiment=uci_ntn_sweep model=lmpo2_typei dataset=hearth
[2026-05-02 09:56:48,648][__main__][INFO] - ⏭ SKIP LMPO2TypeI/hearth/NTN L=3 bd=4_rf0.3 seed=32874 -> /zhome/6b/e/212868/GTN/outputs/ntn/hearth/LMPO2TypeI_rg5_init0.1/L3_bd4_seed32874_rf0.3_bondmpo1 | singular val=0.5556
[2026-05-02 09:56:48,651][HYDRA] 	#28 : model.reduction_factor=0.3 model.L=3 model.bond_dim=4 seed=47311 trainer.ridge=5 trainer.ridge_decay=0.25 trainer.ridge_min=0.0001 +experiment=uci_ntn_sweep model=lmpo2_typei dataset=hearth
[2026-05-02 09:56:48,798][__main__][INFO] - ⏭ SKIP LMPO2TypeI/hearth/NTN L=3 bd=4_rf0.3 seed=47311 -> /zhome/6b/e/212868/GTN/outputs/ntn/hearth/LMPO2TypeI_rg5_init0.1/L3_bd4_seed47311_rf0.3_bondmpo1 | singular val=0.5556
[2026-05-02 09:56:48,802][HYDRA] 	#29 : model.reduction_factor=0.3 model.L=3 model.bond_dim=4 seed=47303 trainer.ridge=5 trainer.ridge_decay=0.25 trainer.ridge_min=0.0001 +experiment=uci_ntn_sweep model=lmpo2_typei dataset=hearth
[2026-05-02 09:56:48,948][__main__][INFO] - ⏭ SKIP LMPO2TypeI/hearth/NTN L=3 bd=4_rf0.3 seed=47303 -> /zhome/6b/e/212868/GTN/outputs/ntn/hearth/LMPO2TypeI_rg5_init0.1/L3_bd4_seed47303_rf0.3_bondmpo1 | singular val=0.5333
[2026-05-02 09:56:48,950][HYDRA] 	#30 : model.reduction_factor=0.5 model.L=4 model.bond_dim=12 seed=42 trainer.ridge=5 trainer.ridge_decay=0.25 trainer.ridge_min=0.0001 +experiment=uci_ntn_sweep model=lmpo2_typei dataset=hearth
[2026-05-02 09:56:49,101][__main__][INFO] - ⏭ SKIP LMPO2TypeI/hearth/NTN L=4 bd=12_rf0.5 seed=42 -> /zhome/6b/e/212868/GTN/outputs/ntn/hearth/LMPO2TypeI_rg5_init0.1/L4_bd12_seed42_rf0.5_bondmpo1 | singular val=0.4667
[2026-05-02 09:56:49,104][HYDRA] 	#31 : model.reduction_factor=0.5 model.L=4 model.bond_dim=12 seed=10090 trainer.ridge=5 trainer.ridge_decay=0.25 trainer.ridge_min=0.0001 +experiment=uci_ntn_sweep model=lmpo2_typei dataset=hearth
[2026-05-02 09:56:49,253][__main__][INFO] - ⏭ SKIP LMPO2TypeI/hearth/NTN L=4 bd=12_rf0.5 seed=10090 -> /zhome/6b/e/212868/GTN/outputs/ntn/hearth/LMPO2TypeI_rg5_init0.1/L4_bd12_seed10090_rf0.5_bondmpo1 | singular val=0.4444
[2026-05-02 09:56:49,256][HYDRA] 	#32 : model.reduction_factor=0.5 model.L=4 model.bond_dim=12 seed=32874 trainer.ridge=5 trainer.ridge_decay=0.25 trainer.ridge_min=0.0001 +experiment=uci_ntn_sweep model=lmpo2_typei dataset=hearth
[2026-05-02 09:56:49,405][__main__][INFO] - ⏭ SKIP LMPO2TypeI/hearth/NTN L=4 bd=12_rf0.5 seed=32874 -> /zhome/6b/e/212868/GTN/outputs/ntn/hearth/LMPO2TypeI_rg5_init0.1/L4_bd12_seed32874_rf0.5_bondmpo1 | singular val=0.4889
[2026-05-02 09:56:49,408][HYDRA] 	#33 : model.reduction_factor=0.5 model.L=4 model.bond_dim=12 seed=47311 trainer.ridge=5 trainer.ridge_decay=0.25 trainer.ridge_min=0.0001 +experiment=uci_ntn_sweep model=lmpo2_typei dataset=hearth
[2026-05-02 09:56:49,557][__main__][INFO] - ⏭ SKIP LMPO2TypeI/hearth/NTN L=4 bd=12_rf0.5 seed=47311 -> /zhome/6b/e/212868/GTN/outputs/ntn/hearth/LMPO2TypeI_rg5_init0.1/L4_bd12_seed47311_rf0.5_bondmpo1 | singular val=0.4222
[2026-05-02 09:56:49,560][HYDRA] 	#34 : model.reduction_factor=0.5 model.L=4 model.bond_dim=12 seed=47303 trainer.ridge=5 trainer.ridge_decay=0.25 trainer.ridge_min=0.0001 +experiment=uci_ntn_sweep model=lmpo2_typei dataset=hearth
[2026-05-02 09:56:49,707][__main__][INFO] - ⏭ SKIP LMPO2TypeI/hearth/NTN L=4 bd=12_rf0.5 seed=47303 -> /zhome/6b/e/212868/GTN/outputs/ntn/hearth/LMPO2TypeI_rg5_init0.1/L4_bd12_seed47303_rf0.5_bondmpo1 | singular val=0.4889
[2026-05-02 09:56:49,709][HYDRA] 	#35 : model.reduction_factor=0.5 model.L=4 model.bond_dim=8 seed=42 trainer.ridge=5 trainer.ridge_decay=0.25 trainer.ridge_min=0.0001 +experiment=uci_ntn_sweep model=lmpo2_typei dataset=hearth
[2026-05-02 09:56:49,857][__main__][INFO] - ⏭ SKIP LMPO2TypeI/hearth/NTN L=4 bd=8_rf0.5 seed=42 -> /zhome/6b/e/212868/GTN/outputs/ntn/hearth/LMPO2TypeI_rg5_init0.1/L4_bd8_seed42_rf0.5_bondmpo1 | singular val=0.5333
[2026-05-02 09:56:49,860][HYDRA] 	#36 : model.reduction_factor=0.5 model.L=4 model.bond_dim=8 seed=10090 trainer.ridge=5 trainer.ridge_decay=0.25 trainer.ridge_min=0.0001 +experiment=uci_ntn_sweep model=lmpo2_typei dataset=hearth
[2026-05-02 09:56:50,023][__main__][INFO] - ⏭ SKIP LMPO2TypeI/hearth/NTN L=4 bd=8_rf0.5 seed=10090 -> /zhome/6b/e/212868/GTN/outputs/ntn/hearth/LMPO2TypeI_rg5_init0.1/L4_bd8_seed10090_rf0.5_bondmpo1 | singular val=0.4444
[2026-05-02 09:56:50,026][HYDRA] 	#37 : model.reduction_factor=0.5 model.L=4 model.bond_dim=8 seed=32874 trainer.ridge=5 trainer.ridge_decay=0.25 trainer.ridge_min=0.0001 +experiment=uci_ntn_sweep model=lmpo2_typei dataset=hearth
[2026-05-02 09:56:50,187][__main__][INFO] - ⏭ SKIP LMPO2TypeI/hearth/NTN L=4 bd=8_rf0.5 seed=32874 -> /zhome/6b/e/212868/GTN/outputs/ntn/hearth/LMPO2TypeI_rg5_init0.1/L4_bd8_seed32874_rf0.5_bondmpo1 | singular val=0.4889
[2026-05-02 09:56:50,189][HYDRA] 	#38 : model.reduction_factor=0.5 model.L=4 model.bond_dim=8 seed=47311 trainer.ridge=5 trainer.ridge_decay=0.25 trainer.ridge_min=0.0001 +experiment=uci_ntn_sweep model=lmpo2_typei dataset=hearth
[2026-05-02 09:56:50,341][__main__][INFO] - ⏭ SKIP LMPO2TypeI/hearth/NTN L=4 bd=8_rf0.5 seed=47311 -> /zhome/6b/e/212868/GTN/outputs/ntn/hearth/LMPO2TypeI_rg5_init0.1/L4_bd8_seed47311_rf0.5_bondmpo1 | singular val=0.4667
[2026-05-02 09:56:50,343][HYDRA] 	#39 : model.reduction_factor=0.5 model.L=4 model.bond_dim=8 seed=47303 trainer.ridge=5 trainer.ridge_decay=0.25 trainer.ridge_min=0.0001 +experiment=uci_ntn_sweep model=lmpo2_typei dataset=hearth
[2026-05-02 09:56:50,495][__main__][INFO] - ⏭ SKIP LMPO2TypeI/hearth/NTN L=4 bd=8_rf0.5 seed=47303 -> /zhome/6b/e/212868/GTN/outputs/ntn/hearth/LMPO2TypeI_rg5_init0.1/L4_bd8_seed47303_rf0.5_bondmpo1 | singular val=0.4889
[2026-05-02 09:56:50,497][HYDRA] 	#40 : model.reduction_factor=0.5 model.L=4 model.bond_dim=4 seed=42 trainer.ridge=5 trainer.ridge_decay=0.25 trainer.ridge_min=0.0001 +experiment=uci_ntn_sweep model=lmpo2_typei dataset=hearth
[2026-05-02 09:56:50,648][__main__][INFO] - ⏭ SKIP LMPO2TypeI/hearth/NTN L=4 bd=4_rf0.5 seed=42 -> /zhome/6b/e/212868/GTN/outputs/ntn/hearth/LMPO2TypeI_rg5_init0.1/L4_bd4_seed42_rf0.5_bondmpo1 | singular val=0.4889
[2026-05-02 09:56:50,650][HYDRA] 	#41 : model.reduction_factor=0.5 model.L=4 model.bond_dim=4 seed=10090 trainer.ridge=5 trainer.ridge_decay=0.25 trainer.ridge_min=0.0001 +experiment=uci_ntn_sweep model=lmpo2_typei dataset=hearth
[2026-05-02 09:56:50,817][__main__][INFO] - ⏭ SKIP LMPO2TypeI/hearth/NTN L=4 bd=4_rf0.5 seed=10090 -> /zhome/6b/e/212868/GTN/outputs/ntn/hearth/LMPO2TypeI_rg5_init0.1/L4_bd4_seed10090_rf0.5_bondmpo1 | singular val=0.5111
[2026-05-02 09:56:50,820][HYDRA] 	#42 : model.reduction_factor=0.5 model.L=4 model.bond_dim=4 seed=32874 trainer.ridge=5 trainer.ridge_decay=0.25 trainer.ridge_min=0.0001 +experiment=uci_ntn_sweep model=lmpo2_typei dataset=hearth
[2026-05-02 09:56:50,968][__main__][INFO] - ⏭ SKIP LMPO2TypeI/hearth/NTN L=4 bd=4_rf0.5 seed=32874 -> /zhome/6b/e/212868/GTN/outputs/ntn/hearth/LMPO2TypeI_rg5_init0.1/L4_bd4_seed32874_rf0.5_bondmpo1 | singular val=0.5333
[2026-05-02 09:56:50,971][HYDRA] 	#43 : model.reduction_factor=0.5 model.L=4 model.bond_dim=4 seed=47311 trainer.ridge=5 trainer.ridge_decay=0.25 trainer.ridge_min=0.0001 +experiment=uci_ntn_sweep model=lmpo2_typei dataset=hearth
[2026-05-02 09:56:51,121][__main__][INFO] - ⏭ SKIP LMPO2TypeI/hearth/NTN L=4 bd=4_rf0.5 seed=47311 -> /zhome/6b/e/212868/GTN/outputs/ntn/hearth/LMPO2TypeI_rg5_init0.1/L4_bd4_seed47311_rf0.5_bondmpo1 | singular val=0.5333
[2026-05-02 09:56:51,123][HYDRA] 	#44 : model.reduction_factor=0.5 model.L=4 model.bond_dim=4 seed=47303 trainer.ridge=5 trainer.ridge_decay=0.25 trainer.ridge_min=0.0001 +experiment=uci_ntn_sweep model=lmpo2_typei dataset=hearth
[2026-05-02 09:56:51,276][__main__][INFO] - ⏭ SKIP LMPO2TypeI/hearth/NTN L=4 bd=4_rf0.5 seed=47303 -> /zhome/6b/e/212868/GTN/outputs/ntn/hearth/LMPO2TypeI_rg5_init0.1/L4_bd4_seed47303_rf0.5_bondmpo1 | singular val=0.6000
[2026-05-02 09:56:51,279][HYDRA] 	#45 : model.reduction_factor=0.5 model.L=3 model.bond_dim=12 seed=42 trainer.ridge=5 trainer.ridge_decay=0.25 trainer.ridge_min=0.0001 +experiment=uci_ntn_sweep model=lmpo2_typei dataset=hearth
[2026-05-02 09:56:51,429][__main__][INFO] - ⏭ SKIP LMPO2TypeI/hearth/NTN L=3 bd=12_rf0.5 seed=42 -> /zhome/6b/e/212868/GTN/outputs/ntn/hearth/LMPO2TypeI_rg5_init0.1/L3_bd12_seed42_rf0.5_bondmpo1 | singular val=0.4889
[2026-05-02 09:56:51,432][HYDRA] 	#46 : model.reduction_factor=0.5 model.L=3 model.bond_dim=12 seed=10090 trainer.ridge=5 trainer.ridge_decay=0.25 trainer.ridge_min=0.0001 +experiment=uci_ntn_sweep model=lmpo2_typei dataset=hearth
[2026-05-02 09:56:51,583][__main__][INFO] - ⏭ SKIP LMPO2TypeI/hearth/NTN L=3 bd=12_rf0.5 seed=10090 -> /zhome/6b/e/212868/GTN/outputs/ntn/hearth/LMPO2TypeI_rg5_init0.1/L3_bd12_seed10090_rf0.5_bondmpo1 | singular val=0.4889
[2026-05-02 09:56:51,586][HYDRA] 	#47 : model.reduction_factor=0.5 model.L=3 model.bond_dim=12 seed=32874 trainer.ridge=5 trainer.ridge_decay=0.25 trainer.ridge_min=0.0001 +experiment=uci_ntn_sweep model=lmpo2_typei dataset=hearth
[2026-05-02 09:56:51,735][__main__][INFO] - ⏭ SKIP LMPO2TypeI/hearth/NTN L=3 bd=12_rf0.5 seed=32874 -> /zhome/6b/e/212868/GTN/outputs/ntn/hearth/LMPO2TypeI_rg5_init0.1/L3_bd12_seed32874_rf0.5_bondmpo1 | singular val=0.4667
[2026-05-02 09:56:51,738][HYDRA] 	#48 : model.reduction_factor=0.5 model.L=3 model.bond_dim=12 seed=47311 trainer.ridge=5 trainer.ridge_decay=0.25 trainer.ridge_min=0.0001 +experiment=uci_ntn_sweep model=lmpo2_typei dataset=hearth
[2026-05-02 09:56:51,886][__main__][INFO] - ⏭ SKIP LMPO2TypeI/hearth/NTN L=3 bd=12_rf0.5 seed=47311 -> /zhome/6b/e/212868/GTN/outputs/ntn/hearth/LMPO2TypeI_rg5_init0.1/L3_bd12_seed47311_rf0.5_bondmpo1 | singular val=0.5111
[2026-05-02 09:56:51,889][HYDRA] 	#49 : model.reduction_factor=0.5 model.L=3 model.bond_dim=12 seed=47303 trainer.ridge=5 trainer.ridge_decay=0.25 trainer.ridge_min=0.0001 +experiment=uci_ntn_sweep model=lmpo2_typei dataset=hearth
[2026-05-02 09:56:52,036][__main__][INFO] - ⏭ SKIP LMPO2TypeI/hearth/NTN L=3 bd=12_rf0.5 seed=47303 -> /zhome/6b/e/212868/GTN/outputs/ntn/hearth/LMPO2TypeI_rg5_init0.1/L3_bd12_seed47303_rf0.5_bondmpo1 | singular val=0.5111
[2026-05-02 09:56:52,038][HYDRA] 	#50 : model.reduction_factor=0.5 model.L=3 model.bond_dim=8 seed=42 trainer.ridge=5 trainer.ridge_decay=0.25 trainer.ridge_min=0.0001 +experiment=uci_ntn_sweep model=lmpo2_typei dataset=hearth
[2026-05-02 09:56:52,208][__main__][INFO] - ⏭ SKIP LMPO2TypeI/hearth/NTN L=3 bd=8_rf0.5 seed=42 -> /zhome/6b/e/212868/GTN/outputs/ntn/hearth/LMPO2TypeI_rg5_init0.1/L3_bd8_seed42_rf0.5_bondmpo1 | singular val=0.5556
[2026-05-02 09:56:52,210][HYDRA] 	#51 : model.reduction_factor=0.5 model.L=3 model.bond_dim=8 seed=10090 trainer.ridge=5 trainer.ridge_decay=0.25 trainer.ridge_min=0.0001 +experiment=uci_ntn_sweep model=lmpo2_typei dataset=hearth
[2026-05-02 09:56:52,361][__main__][INFO] - ⏭ SKIP LMPO2TypeI/hearth/NTN L=3 bd=8_rf0.5 seed=10090 -> /zhome/6b/e/212868/GTN/outputs/ntn/hearth/LMPO2TypeI_rg5_init0.1/L3_bd8_seed10090_rf0.5_bondmpo1 | singular val=0.4889
[2026-05-02 09:56:52,363][HYDRA] 	#52 : model.reduction_factor=0.5 model.L=3 model.bond_dim=8 seed=32874 trainer.ridge=5 trainer.ridge_decay=0.25 trainer.ridge_min=0.0001 +experiment=uci_ntn_sweep model=lmpo2_typei dataset=hearth
[2026-05-02 09:56:52,511][__main__][INFO] - ⏭ SKIP LMPO2TypeI/hearth/NTN L=3 bd=8_rf0.5 seed=32874 -> /zhome/6b/e/212868/GTN/outputs/ntn/hearth/LMPO2TypeI_rg5_init0.1/L3_bd8_seed32874_rf0.5_bondmpo1 | singular val=0.4889
[2026-05-02 09:56:52,514][HYDRA] 	#53 : model.reduction_factor=0.5 model.L=3 model.bond_dim=8 seed=47311 trainer.ridge=5 trainer.ridge_decay=0.25 trainer.ridge_min=0.0001 +experiment=uci_ntn_sweep model=lmpo2_typei dataset=hearth
[2026-05-02 09:56:52,874][__main__][INFO] - ⏭ SKIP LMPO2TypeI/hearth/NTN L=3 bd=8_rf0.5 seed=47311 -> /zhome/6b/e/212868/GTN/outputs/ntn/hearth/LMPO2TypeI_rg5_init0.1/L3_bd8_seed47311_rf0.5_bondmpo1 | singular val=0.5333
[2026-05-02 09:56:52,877][HYDRA] 	#54 : model.reduction_factor=0.5 model.L=3 model.bond_dim=8 seed=47303 trainer.ridge=5 trainer.ridge_decay=0.25 trainer.ridge_min=0.0001 +experiment=uci_ntn_sweep model=lmpo2_typei dataset=hearth
[2026-05-02 09:56:53,026][__main__][INFO] - ⏭ SKIP LMPO2TypeI/hearth/NTN L=3 bd=8_rf0.5 seed=47303 -> /zhome/6b/e/212868/GTN/outputs/ntn/hearth/LMPO2TypeI_rg5_init0.1/L3_bd8_seed47303_rf0.5_bondmpo1 | singular val=0.4889
[2026-05-02 09:56:53,028][HYDRA] 	#55 : model.reduction_factor=0.5 model.L=3 model.bond_dim=4 seed=42 trainer.ridge=5 trainer.ridge_decay=0.25 trainer.ridge_min=0.0001 +experiment=uci_ntn_sweep model=lmpo2_typei dataset=hearth
[2026-05-02 09:56:53,176][__main__][INFO] - ⏭ SKIP LMPO2TypeI/hearth/NTN L=3 bd=4_rf0.5 seed=42 -> /zhome/6b/e/212868/GTN/outputs/ntn/hearth/LMPO2TypeI_rg5_init0.1/L3_bd4_seed42_rf0.5_bondmpo1 | singular val=0.5333
[2026-05-02 09:56:53,179][HYDRA] 	#56 : model.reduction_factor=0.5 model.L=3 model.bond_dim=4 seed=10090 trainer.ridge=5 trainer.ridge_decay=0.25 trainer.ridge_min=0.0001 +experiment=uci_ntn_sweep model=lmpo2_typei dataset=hearth
[2026-05-02 09:56:53,330][__main__][INFO] - ⏭ SKIP LMPO2TypeI/hearth/NTN L=3 bd=4_rf0.5 seed=10090 -> /zhome/6b/e/212868/GTN/outputs/ntn/hearth/LMPO2TypeI_rg5_init0.1/L3_bd4_seed10090_rf0.5_bondmpo1 | singular val=0.5556
[2026-05-02 09:56:53,333][HYDRA] 	#57 : model.reduction_factor=0.5 model.L=3 model.bond_dim=4 seed=32874 trainer.ridge=5 trainer.ridge_decay=0.25 trainer.ridge_min=0.0001 +experiment=uci_ntn_sweep model=lmpo2_typei dataset=hearth
[2026-05-02 09:56:53,486][__main__][INFO] - ⏭ SKIP LMPO2TypeI/hearth/NTN L=3 bd=4_rf0.5 seed=32874 -> /zhome/6b/e/212868/GTN/outputs/ntn/hearth/LMPO2TypeI_rg5_init0.1/L3_bd4_seed32874_rf0.5_bondmpo1 | singular val=0.6222
[2026-05-02 09:56:53,489][HYDRA] 	#58 : model.reduction_factor=0.5 model.L=3 model.bond_dim=4 seed=47311 trainer.ridge=5 trainer.ridge_decay=0.25 trainer.ridge_min=0.0001 +experiment=uci_ntn_sweep model=lmpo2_typei dataset=hearth
[2026-05-02 09:56:53,651][__main__][INFO] - ⏭ SKIP LMPO2TypeI/hearth/NTN L=3 bd=4_rf0.5 seed=47311 -> /zhome/6b/e/212868/GTN/outputs/ntn/hearth/LMPO2TypeI_rg5_init0.1/L3_bd4_seed47311_rf0.5_bondmpo1 | singular val=0.5111
[2026-05-02 09:56:53,654][HYDRA] 	#59 : model.reduction_factor=0.5 model.L=3 model.bond_dim=4 seed=47303 trainer.ridge=5 trainer.ridge_decay=0.25 trainer.ridge_min=0.0001 +experiment=uci_ntn_sweep model=lmpo2_typei dataset=hearth
[2026-05-02 09:56:53,802][__main__][INFO] - ⏭ SKIP LMPO2TypeI/hearth/NTN L=3 bd=4_rf0.5 seed=47303 -> /zhome/6b/e/212868/GTN/outputs/ntn/hearth/LMPO2TypeI_rg5_init0.1/L3_bd4_seed47303_rf0.5_bondmpo1 | singular val=0.5778
[2026-05-02 09:56:53,805][HYDRA] 	#60 : model.reduction_factor=0.9 model.L=4 model.bond_dim=12 seed=42 trainer.ridge=5 trainer.ridge_decay=0.25 trainer.ridge_min=0.0001 +experiment=uci_ntn_sweep model=lmpo2_typei dataset=hearth
[2026-05-02 09:56:53,958][__main__][INFO] - ▶ RUN LMPO2TypeI/hearth/NTN L=4 bd=12_rf0.9 seed=42 -> /zhome/6b/e/212868/GTN/outputs/ntn/hearth/LMPO2TypeI_rg5_init0.1/L4_bd12_seed42_rf0.9_bondmpo1
Starting Ensemble Fit: 20 epochs
Models: [(1, 2), (2, 4), (3, 6), (4, 8)]
Total nodes: 20
Validation: Using separate validation set
Early stopping: patience=10, min_delta=0.001
Init    | Train: loss: 1.69322 | quality: 0.16038
        | Val:   loss: 2.04999 | quality: 0.26667


------------------------------------------------------------
Sender: LSF System <lsfadmin@hpc.dtu.dk>
Subject: Job 28336787[64]: <ntn_grid_full[1-150]%20> in cluster <dcc> Exited

Job <ntn_grid_full[1-150]%20> was submitted from host <hpclogin1> by user <nicci> in cluster <dcc> at Sat May  2 09:53:08 2026
Job was executed on host(s) <6*n-62-12-7>, in queue <hpc>, as user <nicci> in cluster <dcc> at Sat May  2 09:56:27 2026
</zhome/6b/e/212868> was used as the home directory.
</zhome/6b/e/212868/GTN> was used as the working directory.
Started at Sat May  2 09:56:27 2026
Terminated at Sat May  2 09:57:12 2026
Results reported at Sat May  2 09:57:12 2026

Your job looked like:

------------------------------------------------------------
# LSBATCH: User input
#!/bin/bash
#BSUB -q hpc
#BSUB -J "ntn_grid_full[1-150]%20"
#BSUB -W 8:00
#BSUB -n 6
#BSUB -R "rusage[mem=500MB]"
#BSUB -R "span[hosts=1]"
#BSUB -o logs/%J_%I.out
#BSUB -e logs/%J_%I.err

MODELS=("cpda" "cpda_typei" "lmpo2" "lmpo2_typei" "mpo2" "mpo2_typei" "mmpo2" "mmpo2_typei" "tnml_f" "tnml_p")

DATASETS=(
    "abalone" "adult" "ai4i" "appliances" "bank" "bike" "breast"
    "car_evaluation" "concrete" "energy_efficiency" "hearth"
    "iris" "mushrooms" "obesity" "popularity" "realstate"
    "seoulBike" "student_dropout" "student_perf" "wine"
    "winequalityc"
)

COMPLETED_DATASETS=(
    "abalone" "bike" "concrete" "energy_efficiency"
    "iris" "realstate" )

# Filter datasets
FILTERED_DATASETS=()
for ds in "${DATASETS[@]}"; do
    skip=false
    for completed in "${COMPLETED_DATASETS[@]}"; do
        if [[ "$ds" == "$completed" ]]; then
            skip=true
            break
        fi
    done

    if ! $skip; then
        FILTERED_DATASETS+=("$ds")
    fi
done

DATASETS=("${FILTERED_DATASETS[@]}")

NUM_MODELS=${#MODELS[@]}
NUM_DATASETS=${#DATASETS[@]}
NUM_EXPERIMENTS=$((NUM_DATASETS * NUM_MODELS))

if [ "$1" == "test" ]; then
    echo "SIMULATING ARRAY:"
    echo "-----------------"


(... more ...)
------------------------------------------------------------

TERM_MEMLIMIT: job killed after reaching LSF memory usage limit.
Exited with exit code 137.

Resource usage summary:

    CPU time :                                   39.00 sec.
    Max Memory :                                 3000 MB
    Average Memory :                             254.00 MB
    Total Requested Memory :                     3000.00 MB
    Delta Memory :                               0.00 MB
    Max Swap :                                   -
    Max Processes :                              8
    Max Threads :                                43
    Run time :                                   45 sec.
    Turnaround time :                            244 sec.

The output (if any) is above this job summary.



PS:

Read file <logs/28336787_64.err> for stderr output of this job.

