Task 125: Dataset=student_perf, Model=mpo2, Experiment=uci_ntn_sweep
[2026-05-02 23:13:33,188][HYDRA] Launching 30 jobs locally
[2026-05-02 23:13:33,188][HYDRA] 	#0 : model.L=4 model.bond_dim=12 seed=42 trainer.ridge=5 trainer.ridge_decay=0.25 trainer.ridge_min=0.0001 +experiment=uci_ntn_sweep model=mpo2 dataset=student_perf
[2026-05-02 23:13:33,666][utils.tracking][INFO] - Loaded 17971 tracked runs from runs_tracking.csv
[2026-05-02 23:13:33,668][__main__][INFO] - ▶ RUN MPO2/student_perf/NTN L=4 bd=12 seed=42 -> /zhome/6b/e/212868/GTN/outputs/ntn/student_perf/MPO2_rg5_init0.1/L4_bd12_seed42
Starting Fit: 20 epochs.
Sweep Order: ['Node0', 'Node1', 'Node2', 'Node3', 'Node2', 'Node1']
Validation: Using separate validation set for best model selection
Early stopping: patience=10, min_delta=0.001
Init    | Train: loss: 898536.67636 | quality: -126634.07601
        | Val:   loss: 448083.00570 | quality: -70303.37901
Epoch 1 | Train: loss: 3.59127 | quality: 0.49386
        | Val:   loss: 5.91055 | quality: 0.07263
 *
Epoch 2 | Train: loss: 2.48195 | quality: 0.65021
        | Val:   loss: 6.29654 | quality: 0.01207

Epoch 3 | Train: loss: 1.14351 | quality: 0.83884
        | Val:   loss: 7.70531 | quality: -0.20897

Epoch 4 | Train: loss: 0.21319 | quality: 0.96995
        | Val:   loss: 10.02439 | quality: -0.57283

Epoch 5 | Train: loss: 0.02386 | quality: 0.99664
        | Val:   loss: 10.92559 | quality: -0.71423

Epoch 6 | Train: loss: 0.00181 | quality: 0.99974
        | Val:   loss: 11.07119 | quality: -0.73707

Epoch 7 | Train: loss: 0.00012 | quality: 0.99998
        | Val:   loss: 10.93103 | quality: -0.71508

Epoch 8 | Train: loss: 0.00001 | quality: 1.00000
        | Val:   loss: 10.85157 | quality: -0.70262

Epoch 9 | Train: loss: 0.00000 | quality: 1.00000
        | Val:   loss: 10.81667 | quality: -0.69714

Epoch 10 | Train: loss: 0.00000 | quality: 1.00000
        | Val:   loss: 10.79957 | quality: -0.69446

Epoch 11 | Train: loss: 0.00000 | quality: 1.00000
        | Val:   loss: 10.79129 | quality: -0.69316


⏸ Early stopping at epoch 11 (best was epoch 1)
[2026-05-02 23:14:19,755][__main__][INFO] - ✓ DONE MPO2/student_perf/NTN L=4 bd=12 seed=42 -> /zhome/6b/e/212868/GTN/outputs/ntn/student_perf/MPO2_rg5_init0.1/L4_bd12_seed42 | val=0.0726
[2026-05-02 23:14:19,759][HYDRA] 	#1 : model.L=4 model.bond_dim=12 seed=10090 trainer.ridge=5 trainer.ridge_decay=0.25 trainer.ridge_min=0.0001 +experiment=uci_ntn_sweep model=mpo2 dataset=student_perf
[2026-05-02 23:14:19,926][__main__][INFO] - ▶ RUN MPO2/student_perf/NTN L=4 bd=12 seed=10090 -> /zhome/6b/e/212868/GTN/outputs/ntn/student_perf/MPO2_rg5_init0.1/L4_bd12_seed10090
Starting Fit: 20 epochs.
Sweep Order: ['Node0', 'Node1', 'Node2', 'Node3', 'Node2', 'Node1']
Validation: Using separate validation set for best model selection
Early stopping: patience=10, min_delta=0.001
Init    | Train: loss: 744123.38456 | quality: -104871.87146
        | Val:   loss: 311273.46729 | quality: -48837.91498
Epoch 1 | Train: loss: 3.53699 | quality: 0.50152
        | Val:   loss: 5.77819 | quality: 0.09340
 *
Epoch 2 | Train: loss: 2.59805 | quality: 0.63384
        | Val:   loss: 6.05805 | quality: 0.04949

Epoch 3 | Train: loss: 1.19498 | quality: 0.83159
        | Val:   loss: 7.98625 | quality: -0.25305

Epoch 4 | Train: loss: 0.26491 | quality: 0.96266
        | Val:   loss: 11.68252 | quality: -0.83299

Epoch 5 | Train: loss: 0.03134 | quality: 0.99558
        | Val:   loss: 14.48335 | quality: -1.27244

Epoch 6 | Train: loss: 0.00233 | quality: 0.99967
        | Val:   loss: 15.31983 | quality: -1.40369

Epoch 7 | Train: loss: 0.00015 | quality: 0.99998
        | Val:   loss: 15.41573 | quality: -1.41873

Epoch 8 | Train: loss: 0.00001 | quality: 1.00000
        | Val:   loss: 15.36530 | quality: -1.41082

Epoch 9 | Train: loss: 0.00000 | quality: 1.00000
        | Val:   loss: 15.29847 | quality: -1.40034

Epoch 10 | Train: loss: 0.00000 | quality: 1.00000
        | Val:   loss: 15.21456 | quality: -1.38717

Epoch 11 | Train: loss: 0.00000 | quality: 1.00000
        | Val:   loss: 15.12820 | quality: -1.37362


⏸ Early stopping at epoch 11 (best was epoch 1)
[2026-05-02 23:14:57,382][__main__][INFO] - ✓ DONE MPO2/student_perf/NTN L=4 bd=12 seed=10090 -> /zhome/6b/e/212868/GTN/outputs/ntn/student_perf/MPO2_rg5_init0.1/L4_bd12_seed10090 | val=0.0934
[2026-05-02 23:14:57,385][HYDRA] 	#2 : model.L=4 model.bond_dim=12 seed=32874 trainer.ridge=5 trainer.ridge_decay=0.25 trainer.ridge_min=0.0001 +experiment=uci_ntn_sweep model=mpo2 dataset=student_perf
[2026-05-02 23:14:57,551][__main__][INFO] - ▶ RUN MPO2/student_perf/NTN L=4 bd=12 seed=32874 -> /zhome/6b/e/212868/GTN/outputs/ntn/student_perf/MPO2_rg5_init0.1/L4_bd12_seed32874
Starting Fit: 20 epochs.
Sweep Order: ['Node0', 'Node1', 'Node2', 'Node3', 'Node2', 'Node1']
Validation: Using separate validation set for best model selection
Early stopping: patience=10, min_delta=0.001
Init    | Train: loss: 716078.73992 | quality: -100919.40542
        | Val:   loss: 336386.13391 | quality: -52778.10109
Epoch 1 | Train: loss: 3.60383 | quality: 0.49210
        | Val:   loss: 5.86626 | quality: 0.07958
 *
Epoch 2 | Train: loss: 2.49201 | quality: 0.64879
        | Val:   loss: 6.24240 | quality: 0.02057

Epoch 3 | Train: loss: 1.19500 | quality: 0.83158
        | Val:   loss: 7.56317 | quality: -0.18666

Epoch 4 | Train: loss: 0.22755 | quality: 0.96793
        | Val:   loss: 10.39275 | quality: -0.63063

Epoch 5 | Train: loss: 0.02429 | quality: 0.99658
        | Val:   loss: 11.56757 | quality: -0.81496

Epoch 6 | Train: loss: 0.00195 | quality: 0.99973
        | Val:   loss: 11.91464 | quality: -0.86941

Epoch 7 | Train: loss: 0.00013 | quality: 0.99998
        | Val:   loss: 11.88638 | quality: -0.86498

Epoch 8 | Train: loss: 0.00001 | quality: 1.00000
        | Val:   loss: 11.84839 | quality: -0.85902

Epoch 9 | Train: loss: 0.00000 | quality: 1.00000
        | Val:   loss: 11.83257 | quality: -0.85653

Epoch 10 | Train: loss: 0.00000 | quality: 1.00000
        | Val:   loss: 11.81417 | quality: -0.85365

Epoch 11 | Train: loss: 0.00000 | quality: 1.00000
        | Val:   loss: 11.77838 | quality: -0.84803


⏸ Early stopping at epoch 11 (best was epoch 1)
[2026-05-02 23:15:34,531][__main__][INFO] - ✓ DONE MPO2/student_perf/NTN L=4 bd=12 seed=32874 -> /zhome/6b/e/212868/GTN/outputs/ntn/student_perf/MPO2_rg5_init0.1/L4_bd12_seed32874 | val=0.0796
[2026-05-02 23:15:34,535][HYDRA] 	#3 : model.L=4 model.bond_dim=12 seed=47311 trainer.ridge=5 trainer.ridge_decay=0.25 trainer.ridge_min=0.0001 +experiment=uci_ntn_sweep model=mpo2 dataset=student_perf
[2026-05-02 23:15:34,733][__main__][INFO] - ▶ RUN MPO2/student_perf/NTN L=4 bd=12 seed=47311 -> /zhome/6b/e/212868/GTN/outputs/ntn/student_perf/MPO2_rg5_init0.1/L4_bd12_seed47311
Starting Fit: 20 epochs.
Sweep Order: ['Node0', 'Node1', 'Node2', 'Node3', 'Node2', 'Node1']
Validation: Using separate validation set for best model selection
Early stopping: patience=10, min_delta=0.001
Init    | Train: loss: 982440.47040 | quality: -138459.03944
        | Val:   loss: 462515.89631 | quality: -72567.90456
Epoch 1 | Train: loss: 3.61782 | quality: 0.49012
        | Val:   loss: 5.76531 | quality: 0.09542
 *
Epoch 2 | Train: loss: 2.43660 | quality: 0.65660
        | Val:   loss: 6.11620 | quality: 0.04037

Epoch 3 | Train: loss: 1.17517 | quality: 0.83438
        | Val:   loss: 7.16960 | quality: -0.12491

Epoch 4 | Train: loss: 0.23232 | quality: 0.96726
        | Val:   loss: 9.49642 | quality: -0.48999

Epoch 5 | Train: loss: 0.02696 | quality: 0.99620
        | Val:   loss: 10.72417 | quality: -0.68263

Epoch 6 | Train: loss: 0.00217 | quality: 0.99969
        | Val:   loss: 11.20004 | quality: -0.75729

Epoch 7 | Train: loss: 0.00014 | quality: 0.99998
        | Val:   loss: 11.29443 | quality: -0.77210

Epoch 8 | Train: loss: 0.00001 | quality: 1.00000
        | Val:   loss: 11.30968 | quality: -0.77449

Epoch 9 | Train: loss: 0.00000 | quality: 1.00000
        | Val:   loss: 11.30700 | quality: -0.77407

Epoch 10 | Train: loss: 0.00000 | quality: 1.00000
        | Val:   loss: 11.29574 | quality: -0.77230

Epoch 11 | Train: loss: 0.00000 | quality: 1.00000
        | Val:   loss: 11.28399 | quality: -0.77046


⏸ Early stopping at epoch 11 (best was epoch 1)
[2026-05-02 23:16:11,491][__main__][INFO] - ✓ DONE MPO2/student_perf/NTN L=4 bd=12 seed=47311 -> /zhome/6b/e/212868/GTN/outputs/ntn/student_perf/MPO2_rg5_init0.1/L4_bd12_seed47311 | val=0.0954
[2026-05-02 23:16:11,495][HYDRA] 	#4 : model.L=4 model.bond_dim=12 seed=47303 trainer.ridge=5 trainer.ridge_decay=0.25 trainer.ridge_min=0.0001 +experiment=uci_ntn_sweep model=mpo2 dataset=student_perf
[2026-05-02 23:16:11,659][__main__][INFO] - ▶ RUN MPO2/student_perf/NTN L=4 bd=12 seed=47303 -> /zhome/6b/e/212868/GTN/outputs/ntn/student_perf/MPO2_rg5_init0.1/L4_bd12_seed47303
Starting Fit: 20 epochs.
Sweep Order: ['Node0', 'Node1', 'Node2', 'Node3', 'Node2', 'Node1']
Validation: Using separate validation set for best model selection
Early stopping: patience=10, min_delta=0.001
Init    | Train: loss: 463862.41048 | quality: -65373.35049
        | Val:   loss: 400366.38129 | quality: -62816.62409
Epoch 1 | Train: loss: 3.72262 | quality: 0.47535
        | Val:   loss: 5.57172 | quality: 0.12580
 *
Epoch 2 | Train: loss: 2.49667 | quality: 0.64813
        | Val:   loss: 6.33050 | quality: 0.00674

Epoch 3 | Train: loss: 1.10078 | quality: 0.84486
        | Val:   loss: 8.56541 | quality: -0.34392

Epoch 4 | Train: loss: 0.22821 | quality: 0.96784
        | Val:   loss: 11.28132 | quality: -0.77004

Epoch 5 | Train: loss: 0.02392 | quality: 0.99663
        | Val:   loss: 12.60488 | quality: -0.97771

Epoch 6 | Train: loss: 0.00180 | quality: 0.99975
        | Val:   loss: 13.24883 | quality: -1.07875

Epoch 7 | Train: loss: 0.00012 | quality: 0.99998
        | Val:   loss: 13.37525 | quality: -1.09858

Epoch 8 | Train: loss: 0.00001 | quality: 1.00000
        | Val:   loss: 13.34484 | quality: -1.09381

Epoch 9 | Train: loss: 0.00000 | quality: 1.00000
        | Val:   loss: 13.28849 | quality: -1.08497

Epoch 10 | Train: loss: 0.00000 | quality: 1.00000
        | Val:   loss: 13.23189 | quality: -1.07609

Epoch 11 | Train: loss: 0.00000 | quality: 1.00000
        | Val:   loss: 13.18176 | quality: -1.06822


⏸ Early stopping at epoch 11 (best was epoch 1)
[2026-05-02 23:16:48,992][__main__][INFO] - ✓ DONE MPO2/student_perf/NTN L=4 bd=12 seed=47303 -> /zhome/6b/e/212868/GTN/outputs/ntn/student_perf/MPO2_rg5_init0.1/L4_bd12_seed47303 | val=0.1258
[2026-05-02 23:16:48,995][HYDRA] 	#5 : model.L=4 model.bond_dim=8 seed=42 trainer.ridge=5 trainer.ridge_decay=0.25 trainer.ridge_min=0.0001 +experiment=uci_ntn_sweep model=mpo2 dataset=student_perf
[2026-05-02 23:16:49,158][__main__][INFO] - ▶ RUN MPO2/student_perf/NTN L=4 bd=8 seed=42 -> /zhome/6b/e/212868/GTN/outputs/ntn/student_perf/MPO2_rg5_init0.1/L4_bd8_seed42
Starting Fit: 20 epochs.
Sweep Order: ['Node0', 'Node1', 'Node2', 'Node3', 'Node2', 'Node1']
Validation: Using separate validation set for best model selection
Early stopping: patience=10, min_delta=0.001
Init    | Train: loss: 810386.72564 | quality: -114210.68139
        | Val:   loss: 445667.39752 | quality: -69924.36925
Epoch 1 | Train: loss: 4.63941 | quality: 0.34615
        | Val:   loss: 7.19950 | quality: -0.12960
 *
Epoch 2 | Train: loss: 3.39576 | quality: 0.52142
        | Val:   loss: 5.90860 | quality: 0.07294
 *
Epoch 3 | Train: loss: 2.04221 | quality: 0.71218
        | Val:   loss: 7.13178 | quality: -0.11898

Epoch 4 | Train: loss: 0.71147 | quality: 0.89973
        | Val:   loss: 9.85315 | quality: -0.54596

Epoch 5 | Train: loss: 0.12612 | quality: 0.98222
        | Val:   loss: 11.68087 | quality: -0.83273

Epoch 6 | Train: loss: 0.01238 | quality: 0.99826
        | Val:   loss: 11.76666 | quality: -0.84619

Epoch 7 | Train: loss: 0.00100 | quality: 0.99986
        | Val:   loss: 11.98382 | quality: -0.88026

Epoch 8 | Train: loss: 0.00007 | quality: 0.99999
        | Val:   loss: 12.09228 | quality: -0.89728

Epoch 9 | Train: loss: 0.00001 | quality: 1.00000
        | Val:   loss: 12.12144 | quality: -0.90186

Epoch 10 | Train: loss: 0.00001 | quality: 1.00000
        | Val:   loss: 12.10992 | quality: -0.90005

Epoch 11 | Train: loss: 0.00001 | quality: 1.00000
        | Val:   loss: 12.09986 | quality: -0.89847

Epoch 12 | Train: loss: 0.00001 | quality: 1.00000
        | Val:   loss: 12.09069 | quality: -0.89703


⏸ Early stopping at epoch 12 (best was epoch 2)
[2026-05-02 23:17:06,423][__main__][INFO] - ✓ DONE MPO2/student_perf/NTN L=4 bd=8 seed=42 -> /zhome/6b/e/212868/GTN/outputs/ntn/student_perf/MPO2_rg5_init0.1/L4_bd8_seed42 | val=0.0729
[2026-05-02 23:17:06,427][HYDRA] 	#6 : model.L=4 model.bond_dim=8 seed=10090 trainer.ridge=5 trainer.ridge_decay=0.25 trainer.ridge_min=0.0001 +experiment=uci_ntn_sweep model=mpo2 dataset=student_perf
[2026-05-02 23:17:06,591][__main__][INFO] - ▶ RUN MPO2/student_perf/NTN L=4 bd=8 seed=10090 -> /zhome/6b/e/212868/GTN/outputs/ntn/student_perf/MPO2_rg5_init0.1/L4_bd8_seed10090
Starting Fit: 20 epochs.
Sweep Order: ['Node0', 'Node1', 'Node2', 'Node3', 'Node2', 'Node1']
Validation: Using separate validation set for best model selection
Early stopping: patience=10, min_delta=0.001
Init    | Train: loss: 667627.48476 | quality: -94090.93804
        | Val:   loss: 411990.07656 | quality: -64640.38591
Epoch 1 | Train: loss: 4.50662 | quality: 0.36486
        | Val:   loss: 6.25441 | quality: 0.01868
 *
Epoch 2 | Train: loss: 3.48029 | quality: 0.50951
        | Val:   loss: 5.94713 | quality: 0.06689
 *
Epoch 3 | Train: loss: 2.01070 | quality: 0.71662
        | Val:   loss: 7.07178 | quality: -0.10957

Epoch 4 | Train: loss: 0.66479 | quality: 0.90631
        | Val:   loss: 9.78691 | quality: -0.53557

Epoch 5 | Train: loss: 0.10794 | quality: 0.98479
        | Val:   loss: 11.56671 | quality: -0.81482

Epoch 6 | Train: loss: 0.01093 | quality: 0.99846
        | Val:   loss: 12.10864 | quality: -0.89985

Epoch 7 | Train: loss: 0.00091 | quality: 0.99987
        | Val:   loss: 12.41692 | quality: -0.94822

Epoch 8 | Train: loss: 0.00006 | quality: 0.99999
        | Val:   loss: 12.50269 | quality: -0.96168

Epoch 9 | Train: loss: 0.00001 | quality: 1.00000
        | Val:   loss: 12.50471 | quality: -0.96199

Epoch 10 | Train: loss: 0.00001 | quality: 1.00000
        | Val:   loss: 12.47837 | quality: -0.95786

Epoch 11 | Train: loss: 0.00001 | quality: 1.00000
        | Val:   loss: 12.45700 | quality: -0.95451

Epoch 12 | Train: loss: 0.00001 | quality: 1.00000
        | Val:   loss: 12.43863 | quality: -0.95163


⏸ Early stopping at epoch 12 (best was epoch 2)
[2026-05-02 23:17:15,378][__main__][INFO] - ✓ DONE MPO2/student_perf/NTN L=4 bd=8 seed=10090 -> /zhome/6b/e/212868/GTN/outputs/ntn/student_perf/MPO2_rg5_init0.1/L4_bd8_seed10090 | val=0.0669
[2026-05-02 23:17:15,380][HYDRA] 	#7 : model.L=4 model.bond_dim=8 seed=32874 trainer.ridge=5 trainer.ridge_decay=0.25 trainer.ridge_min=0.0001 +experiment=uci_ntn_sweep model=mpo2 dataset=student_perf
[2026-05-02 23:17:15,542][__main__][INFO] - ▶ RUN MPO2/student_perf/NTN L=4 bd=8 seed=32874 -> /zhome/6b/e/212868/GTN/outputs/ntn/student_perf/MPO2_rg5_init0.1/L4_bd8_seed32874
Starting Fit: 20 epochs.
Sweep Order: ['Node0', 'Node1', 'Node2', 'Node3', 'Node2', 'Node1']
Validation: Using separate validation set for best model selection
Early stopping: patience=10, min_delta=0.001
Init    | Train: loss: 994272.55931 | quality: -140126.59238
        | Val:   loss: 492936.55036 | quality: -77340.91573
Epoch 1 | Train: loss: 4.46778 | quality: 0.37033
        | Val:   loss: 5.72105 | quality: 0.10236
 *
Epoch 2 | Train: loss: 3.45367 | quality: 0.51326
        | Val:   loss: 5.58929 | quality: 0.12304
 *
Epoch 3 | Train: loss: 2.14814 | quality: 0.69725
        | Val:   loss: 6.57628 | quality: -0.03182

Epoch 4 | Train: loss: 0.73651 | quality: 0.89620
        | Val:   loss: 8.52491 | quality: -0.33756

Epoch 5 | Train: loss: 0.10620 | quality: 0.98503
        | Val:   loss: 11.66923 | quality: -0.83091

Epoch 6 | Train: loss: 0.01071 | quality: 0.99849
        | Val:   loss: 13.63170 | quality: -1.13882

Epoch 7 | Train: loss: 0.00085 | quality: 0.99988
        | Val:   loss: 14.47755 | quality: -1.27153

Epoch 8 | Train: loss: 0.00006 | quality: 0.99999
        | Val:   loss: 14.76603 | quality: -1.31680

Epoch 9 | Train: loss: 0.00001 | quality: 1.00000
        | Val:   loss: 14.83591 | quality: -1.32776

Epoch 10 | Train: loss: 0.00001 | quality: 1.00000
        | Val:   loss: 14.81953 | quality: -1.32519

Epoch 11 | Train: loss: 0.00001 | quality: 1.00000
        | Val:   loss: 14.79976 | quality: -1.32209

Epoch 12 | Train: loss: 0.00001 | quality: 1.00000
        | Val:   loss: 14.77985 | quality: -1.31896


⏸ Early stopping at epoch 12 (best was epoch 2)
[2026-05-02 23:17:24,179][__main__][INFO] - ✓ DONE MPO2/student_perf/NTN L=4 bd=8 seed=32874 -> /zhome/6b/e/212868/GTN/outputs/ntn/student_perf/MPO2_rg5_init0.1/L4_bd8_seed32874 | val=0.1230
[2026-05-02 23:17:24,181][HYDRA] 	#8 : model.L=4 model.bond_dim=8 seed=47311 trainer.ridge=5 trainer.ridge_decay=0.25 trainer.ridge_min=0.0001 +experiment=uci_ntn_sweep model=mpo2 dataset=student_perf
[2026-05-02 23:17:24,341][__main__][INFO] - ▶ RUN MPO2/student_perf/NTN L=4 bd=8 seed=47311 -> /zhome/6b/e/212868/GTN/outputs/ntn/student_perf/MPO2_rg5_init0.1/L4_bd8_seed47311
Starting Fit: 20 epochs.
Sweep Order: ['Node0', 'Node1', 'Node2', 'Node3', 'Node2', 'Node1']
Validation: Using separate validation set for best model selection
Early stopping: patience=10, min_delta=0.001
Init    | Train: loss: 755482.53544 | quality: -106472.77098
        | Val:   loss: 852472.10173 | quality: -133752.16844
Epoch 1 | Train: loss: 4.61327 | quality: 0.34983
        | Val:   loss: 6.37266 | quality: 0.00013
 *
Epoch 2 | Train: loss: 3.50520 | quality: 0.50599
        | Val:   loss: 5.88069 | quality: 0.07732
 *
Epoch 3 | Train: loss: 2.06324 | quality: 0.70922
        | Val:   loss: 6.64972 | quality: -0.04334

Epoch 4 | Train: loss: 0.77213 | quality: 0.89118
        | Val:   loss: 9.12149 | quality: -0.43117

Epoch 5 | Train: loss: 0.08445 | quality: 0.98810
        | Val:   loss: 11.20461 | quality: -0.75801

Epoch 6 | Train: loss: 0.00739 | quality: 0.99896
        | Val:   loss: 11.93358 | quality: -0.87238

Epoch 7 | Train: loss: 0.00054 | quality: 0.99992
        | Val:   loss: 12.27257 | quality: -0.92557

Epoch 8 | Train: loss: 0.00004 | quality: 0.99999
        | Val:   loss: 12.37824 | quality: -0.94215

Epoch 9 | Train: loss: 0.00000 | quality: 1.00000
        | Val:   loss: 12.40581 | quality: -0.94648

Epoch 10 | Train: loss: 0.00000 | quality: 1.00000
        | Val:   loss: 12.40614 | quality: -0.94653

Epoch 11 | Train: loss: 0.00000 | quality: 1.00000
        | Val:   loss: 12.40516 | quality: -0.94637

Epoch 12 | Train: loss: 0.00000 | quality: 1.00000
        | Val:   loss: 12.40273 | quality: -0.94599


⏸ Early stopping at epoch 12 (best was epoch 2)
[2026-05-02 23:17:33,014][__main__][INFO] - ✓ DONE MPO2/student_perf/NTN L=4 bd=8 seed=47311 -> /zhome/6b/e/212868/GTN/outputs/ntn/student_perf/MPO2_rg5_init0.1/L4_bd8_seed47311 | val=0.0773
[2026-05-02 23:17:33,016][HYDRA] 	#9 : model.L=4 model.bond_dim=8 seed=47303 trainer.ridge=5 trainer.ridge_decay=0.25 trainer.ridge_min=0.0001 +experiment=uci_ntn_sweep model=mpo2 dataset=student_perf
[2026-05-02 23:17:33,180][__main__][INFO] - ▶ RUN MPO2/student_perf/NTN L=4 bd=8 seed=47303 -> /zhome/6b/e/212868/GTN/outputs/ntn/student_perf/MPO2_rg5_init0.1/L4_bd8_seed47303
Starting Fit: 20 epochs.
Sweep Order: ['Node0', 'Node1', 'Node2', 'Node3', 'Node2', 'Node1']
Validation: Using separate validation set for best model selection
Early stopping: patience=10, min_delta=0.001
Init    | Train: loss: 1062745.45854 | quality: -149776.80592
        | Val:   loss: 1119314.34979 | quality: -175619.80972
Epoch 1 | Train: loss: 4.47314 | quality: 0.36958
        | Val:   loss: 6.33563 | quality: 0.00594
 *
Epoch 2 | Train: loss: 3.38920 | quality: 0.52234
        | Val:   loss: 5.83067 | quality: 0.08517
 *
Epoch 3 | Train: loss: 2.10077 | quality: 0.70393
        | Val:   loss: 6.93489 | quality: -0.08809

Epoch 4 | Train: loss: 0.76033 | quality: 0.89284
        | Val:   loss: 9.29156 | quality: -0.45785

Epoch 5 | Train: loss: 0.09470 | quality: 0.98665
        | Val:   loss: 10.83489 | quality: -0.70000

Epoch 6 | Train: loss: 0.00867 | quality: 0.99878
        | Val:   loss: 11.26855 | quality: -0.76804

Epoch 7 | Train: loss: 0.00068 | quality: 0.99990
        | Val:   loss: 11.44422 | quality: -0.79560

Epoch 8 | Train: loss: 0.00005 | quality: 0.99999
        | Val:   loss: 11.50128 | quality: -0.80456

Epoch 9 | Train: loss: 0.00000 | quality: 1.00000
        | Val:   loss: 11.52368 | quality: -0.80807

Epoch 10 | Train: loss: 0.00000 | quality: 1.00000
        | Val:   loss: 11.53162 | quality: -0.80932

Epoch 11 | Train: loss: 0.00000 | quality: 1.00000
        | Val:   loss: 11.53758 | quality: -0.81025

Epoch 12 | Train: loss: 0.00000 | quality: 1.00000
        | Val:   loss: 11.54103 | quality: -0.81079


⏸ Early stopping at epoch 12 (best was epoch 2)
[2026-05-02 23:17:41,891][__main__][INFO] - ✓ DONE MPO2/student_perf/NTN L=4 bd=8 seed=47303 -> /zhome/6b/e/212868/GTN/outputs/ntn/student_perf/MPO2_rg5_init0.1/L4_bd8_seed47303 | val=0.0852
[2026-05-02 23:17:41,893][HYDRA] 	#10 : model.L=4 model.bond_dim=4 seed=42 trainer.ridge=5 trainer.ridge_decay=0.25 trainer.ridge_min=0.0001 +experiment=uci_ntn_sweep model=mpo2 dataset=student_perf
[2026-05-02 23:17:42,060][__main__][INFO] - ▶ RUN MPO2/student_perf/NTN L=4 bd=4 seed=42 -> /zhome/6b/e/212868/GTN/outputs/ntn/student_perf/MPO2_rg5_init0.1/L4_bd4_seed42
Starting Fit: 20 epochs.
Sweep Order: ['Node0', 'Node1', 'Node2', 'Node3', 'Node2', 'Node1']
Validation: Using separate validation set for best model selection
Early stopping: patience=10, min_delta=0.001
Init    | Train: loss: 935784.76073 | quality: -131883.62688
        | Val:   loss: 641623.67416 | quality: -100669.97702
Epoch 1 | Train: loss: 6.96245 | quality: 0.01875
        | Val:   loss: 9.24058 | quality: -0.44985
 *
Epoch 2 | Train: loss: 4.52004 | quality: 0.36297
        | Val:   loss: 5.84949 | quality: 0.08221
 *
Epoch 3 | Train: loss: 3.74517 | quality: 0.47218
        | Val:   loss: 6.04556 | quality: 0.05145

Epoch 4 | Train: loss: 2.79484 | quality: 0.60611
        | Val:   loss: 6.43913 | quality: -0.01030

Epoch 5 | Train: loss: 0.95999 | quality: 0.86470
        | Val:   loss: 7.07971 | quality: -0.11081

Epoch 6 | Train: loss: 0.27658 | quality: 0.96102
        | Val:   loss: 8.99001 | quality: -0.41054

Epoch 7 | Train: loss: 0.06878 | quality: 0.99031
        | Val:   loss: 11.12482 | quality: -0.74549

Epoch 8 | Train: loss: 0.01589 | quality: 0.99776
        | Val:   loss: 13.35547 | quality: -1.09548

Epoch 9 | Train: loss: 0.00408 | quality: 0.99943
        | Val:   loss: 14.51093 | quality: -1.27677

Epoch 10 | Train: loss: 0.00279 | quality: 0.99961
        | Val:   loss: 14.40972 | quality: -1.26089

Epoch 11 | Train: loss: 0.00214 | quality: 0.99970
        | Val:   loss: 14.43114 | quality: -1.26425

Epoch 12 | Train: loss: 0.00174 | quality: 0.99976
        | Val:   loss: 14.48748 | quality: -1.27309


⏸ Early stopping at epoch 12 (best was epoch 2)
[2026-05-02 23:17:52,586][__main__][INFO] - ✓ DONE MPO2/student_perf/NTN L=4 bd=4 seed=42 -> /zhome/6b/e/212868/GTN/outputs/ntn/student_perf/MPO2_rg5_init0.1/L4_bd4_seed42 | val=0.0822
[2026-05-02 23:17:52,588][HYDRA] 	#11 : model.L=4 model.bond_dim=4 seed=10090 trainer.ridge=5 trainer.ridge_decay=0.25 trainer.ridge_min=0.0001 +experiment=uci_ntn_sweep model=mpo2 dataset=student_perf
[2026-05-02 23:17:52,746][__main__][INFO] - ▶ RUN MPO2/student_perf/NTN L=4 bd=4 seed=10090 -> /zhome/6b/e/212868/GTN/outputs/ntn/student_perf/MPO2_rg5_init0.1/L4_bd4_seed10090
Starting Fit: 20 epochs.
Sweep Order: ['Node0', 'Node1', 'Node2', 'Node3', 'Node2', 'Node1']
Validation: Using separate validation set for best model selection
Early stopping: patience=10, min_delta=0.001
Init    | Train: loss: 1103104.62889 | quality: -155464.81704
        | Val:   loss: 843918.40025 | quality: -132410.08971
Epoch 1 | Train: loss: 7.48631 | quality: -0.05508
        | Val:   loss: 9.62838 | quality: -0.51070
 *
Epoch 2 | Train: loss: 4.63299 | quality: 0.34705
        | Val:   loss: 5.65863 | quality: 0.11216
 *
Epoch 3 | Train: loss: 3.63475 | quality: 0.48774
        | Val:   loss: 5.81068 | quality: 0.08830

Epoch 4 | Train: loss: 2.39426 | quality: 0.66257
        | Val:   loss: 6.71347 | quality: -0.05335

Epoch 5 | Train: loss: 1.05822 | quality: 0.85086
        | Val:   loss: 7.25930 | quality: -0.13899

Epoch 6 | Train: loss: 0.24943 | quality: 0.96485
        | Val:   loss: 10.32430 | quality: -0.61989

Epoch 7 | Train: loss: 0.06002 | quality: 0.99154
        | Val:   loss: 13.62164 | quality: -1.13724

Epoch 8 | Train: loss: 0.01282 | quality: 0.99819
        | Val:   loss: 16.00227 | quality: -1.51076

Epoch 9 | Train: loss: 0.00292 | quality: 0.99959
        | Val:   loss: 17.24688 | quality: -1.70604

Epoch 10 | Train: loss: 0.00202 | quality: 0.99972
        | Val:   loss: 17.26826 | quality: -1.70940

Epoch 11 | Train: loss: 0.00160 | quality: 0.99977
        | Val:   loss: 17.23806 | quality: -1.70466

Epoch 12 | Train: loss: 0.00134 | quality: 0.99981
        | Val:   loss: 17.19571 | quality: -1.69801


⏸ Early stopping at epoch 12 (best was epoch 2)
[2026-05-02 23:17:54,988][__main__][INFO] - ✓ DONE MPO2/student_perf/NTN L=4 bd=4 seed=10090 -> /zhome/6b/e/212868/GTN/outputs/ntn/student_perf/MPO2_rg5_init0.1/L4_bd4_seed10090 | val=0.1122
[2026-05-02 23:17:54,990][HYDRA] 	#12 : model.L=4 model.bond_dim=4 seed=32874 trainer.ridge=5 trainer.ridge_decay=0.25 trainer.ridge_min=0.0001 +experiment=uci_ntn_sweep model=mpo2 dataset=student_perf
[2026-05-02 23:17:55,147][__main__][INFO] - ▶ RUN MPO2/student_perf/NTN L=4 bd=4 seed=32874 -> /zhome/6b/e/212868/GTN/outputs/ntn/student_perf/MPO2_rg5_init0.1/L4_bd4_seed32874
Starting Fit: 20 epochs.
Sweep Order: ['Node0', 'Node1', 'Node2', 'Node3', 'Node2', 'Node1']
Validation: Using separate validation set for best model selection
Early stopping: patience=10, min_delta=0.001
Init    | Train: loss: 982580.56423 | quality: -138478.78353
        | Val:   loss: 666658.84825 | quality: -104598.00452
Epoch 1 | Train: loss: 7.86285 | quality: -0.10815
        | Val:   loss: 10.73292 | quality: -0.68400
 *
Epoch 2 | Train: loss: 4.59760 | quality: 0.35204
        | Val:   loss: 5.64656 | quality: 0.11405
 *
Epoch 3 | Train: loss: 3.63553 | quality: 0.48763
        | Val:   loss: 5.78221 | quality: 0.09277

Epoch 4 | Train: loss: 2.43596 | quality: 0.65669
        | Val:   loss: 6.54453 | quality: -0.02684

Epoch 5 | Train: loss: 1.01070 | quality: 0.85756
        | Val:   loss: 7.24857 | quality: -0.13730

Epoch 6 | Train: loss: 0.26877 | quality: 0.96212
        | Val:   loss: 8.96111 | quality: -0.40600

Epoch 7 | Train: loss: 0.05886 | quality: 0.99171
        | Val:   loss: 11.09217 | quality: -0.74036

Epoch 8 | Train: loss: 0.01071 | quality: 0.99849
        | Val:   loss: 12.70954 | quality: -0.99413

Epoch 9 | Train: loss: 0.00208 | quality: 0.99971
        | Val:   loss: 13.67699 | quality: -1.14592

Epoch 10 | Train: loss: 0.00147 | quality: 0.99979
        | Val:   loss: 14.00667 | quality: -1.19765

Epoch 11 | Train: loss: 0.00117 | quality: 0.99983
        | Val:   loss: 14.18083 | quality: -1.22498

Epoch 12 | Train: loss: 0.00100 | quality: 0.99986
        | Val:   loss: 14.27239 | quality: -1.23934


⏸ Early stopping at epoch 12 (best was epoch 2)
[2026-05-02 23:18:02,838][__main__][INFO] - ✓ DONE MPO2/student_perf/NTN L=4 bd=4 seed=32874 -> /zhome/6b/e/212868/GTN/outputs/ntn/student_perf/MPO2_rg5_init0.1/L4_bd4_seed32874 | val=0.1141
[2026-05-02 23:18:02,840][HYDRA] 	#13 : model.L=4 model.bond_dim=4 seed=47311 trainer.ridge=5 trainer.ridge_decay=0.25 trainer.ridge_min=0.0001 +experiment=uci_ntn_sweep model=mpo2 dataset=student_perf
[2026-05-02 23:18:03,003][__main__][INFO] - ▶ RUN MPO2/student_perf/NTN L=4 bd=4 seed=47311 -> /zhome/6b/e/212868/GTN/outputs/ntn/student_perf/MPO2_rg5_init0.1/L4_bd4_seed47311
Starting Fit: 20 epochs.
Sweep Order: ['Node0', 'Node1', 'Node2', 'Node3', 'Node2', 'Node1']
Validation: Using separate validation set for best model selection
Early stopping: patience=10, min_delta=0.001
Init    | Train: loss: 1380470.81402 | quality: -194555.36154
        | Val:   loss: 748821.53218 | quality: -117489.35813
Epoch 1 | Train: loss: 8.66920 | quality: -0.22179
        | Val:   loss: 11.26065 | quality: -0.76680
 *
Epoch 2 | Train: loss: 4.64821 | quality: 0.34491
        | Val:   loss: 5.80619 | quality: 0.08901
 *
Epoch 3 | Train: loss: 3.80351 | quality: 0.46395
        | Val:   loss: 5.93308 | quality: 0.06910

Epoch 4 | Train: loss: 2.71363 | quality: 0.61755
        | Val:   loss: 6.63827 | quality: -0.04155

Epoch 5 | Train: loss: 1.01543 | quality: 0.85689
        | Val:   loss: 8.12994 | quality: -0.27559

Epoch 6 | Train: loss: 0.28937 | quality: 0.95922
        | Val:   loss: 11.53993 | quality: -0.81062

Epoch 7 | Train: loss: 0.07446 | quality: 0.98951
        | Val:   loss: 15.31244 | quality: -1.40253

Epoch 8 | Train: loss: 0.01667 | quality: 0.99765
        | Val:   loss: 17.58340 | quality: -1.75884

Epoch 9 | Train: loss: 0.00396 | quality: 0.99944
        | Val:   loss: 18.27222 | quality: -1.86692

Epoch 10 | Train: loss: 0.00286 | quality: 0.99960
        | Val:   loss: 18.30431 | quality: -1.87195

Epoch 11 | Train: loss: 0.00230 | quality: 0.99968
        | Val:   loss: 18.30486 | quality: -1.87204

Epoch 12 | Train: loss: 0.00194 | quality: 0.99973
        | Val:   loss: 18.27753 | quality: -1.86775


⏸ Early stopping at epoch 12 (best was epoch 2)
[2026-05-02 23:18:05,232][__main__][INFO] - ✓ DONE MPO2/student_perf/NTN L=4 bd=4 seed=47311 -> /zhome/6b/e/212868/GTN/outputs/ntn/student_perf/MPO2_rg5_init0.1/L4_bd4_seed47311 | val=0.0890
[2026-05-02 23:18:05,235][HYDRA] 	#14 : model.L=4 model.bond_dim=4 seed=47303 trainer.ridge=5 trainer.ridge_decay=0.25 trainer.ridge_min=0.0001 +experiment=uci_ntn_sweep model=mpo2 dataset=student_perf
[2026-05-02 23:18:05,451][__main__][INFO] - ▶ RUN MPO2/student_perf/NTN L=4 bd=4 seed=47303 -> /zhome/6b/e/212868/GTN/outputs/ntn/student_perf/MPO2_rg5_init0.1/L4_bd4_seed47303
Starting Fit: 20 epochs.
Sweep Order: ['Node0', 'Node1', 'Node2', 'Node3', 'Node2', 'Node1']
Validation: Using separate validation set for best model selection
Early stopping: patience=10, min_delta=0.001
Init    | Train: loss: 1532620.05926 | quality: -215998.48317
        | Val:   loss: 1616750.15825 | quality: -253667.66060
Epoch 1 | Train: loss: 10.33241 | quality: -0.45620
        | Val:   loss: 13.81809 | quality: -1.16806
 *
Epoch 2 | Train: loss: 4.53336 | quality: 0.36109
        | Val:   loss: 5.86552 | quality: 0.07970
 *
Epoch 3 | Train: loss: 3.64266 | quality: 0.48662
        | Val:   loss: 5.86903 | quality: 0.07915
 *
Epoch 4 | Train: loss: 2.47204 | quality: 0.65160
        | Val:   loss: 6.87023 | quality: -0.07794

Epoch 5 | Train: loss: 1.09522 | quality: 0.84565
        | Val:   loss: 7.92272 | quality: -0.24308

Epoch 6 | Train: loss: 0.26605 | quality: 0.96250
        | Val:   loss: 10.09783 | quality: -0.58435

Epoch 7 | Train: loss: 0.07096 | quality: 0.99000
        | Val:   loss: 12.02639 | quality: -0.88694

Epoch 8 | Train: loss: 0.01792 | quality: 0.99747
        | Val:   loss: 14.13511 | quality: -1.21780

Epoch 9 | Train: loss: 0.00439 | quality: 0.99938
        | Val:   loss: 15.30418 | quality: -1.40123

Epoch 10 | Train: loss: 0.00294 | quality: 0.99959
        | Val:   loss: 15.43578 | quality: -1.42188

Epoch 11 | Train: loss: 0.00227 | quality: 0.99968
        | Val:   loss: 15.45906 | quality: -1.42553

Epoch 12 | Train: loss: 0.00187 | quality: 0.99974
        | Val:   loss: 15.44087 | quality: -1.42268

Epoch 13 | Train: loss: 0.00162 | quality: 0.99977
        | Val:   loss: 15.40634 | quality: -1.41726


⏸ Early stopping at epoch 13 (best was epoch 3)
[2026-05-02 23:18:07,746][__main__][INFO] - ✓ DONE MPO2/student_perf/NTN L=4 bd=4 seed=47303 -> /zhome/6b/e/212868/GTN/outputs/ntn/student_perf/MPO2_rg5_init0.1/L4_bd4_seed47303 | val=0.0791
[2026-05-02 23:18:07,748][HYDRA] 	#15 : model.L=3 model.bond_dim=12 seed=42 trainer.ridge=5 trainer.ridge_decay=0.25 trainer.ridge_min=0.0001 +experiment=uci_ntn_sweep model=mpo2 dataset=student_perf
[2026-05-02 23:18:07,904][__main__][INFO] - ▶ RUN MPO2/student_perf/NTN L=3 bd=12 seed=42 -> /zhome/6b/e/212868/GTN/outputs/ntn/student_perf/MPO2_rg5_init0.1/L3_bd12_seed42
Starting Fit: 20 epochs.
Sweep Order: ['Node0', 'Node1', 'Node2', 'Node1']
Validation: Using separate validation set for best model selection
Early stopping: patience=10, min_delta=0.001
Init    | Train: loss: 35476.97949 | quality: -4998.94058
        | Val:   loss: 16092.97843 | quality: -2523.99390
Epoch 1 | Train: loss: 4.15353 | quality: 0.41462
        | Val:   loss: 5.81104 | quality: 0.08825
 *
Epoch 2 | Train: loss: 3.76477 | quality: 0.46941
        | Val:   loss: 5.75272 | quality: 0.09740
 *
Epoch 3 | Train: loss: 2.43710 | quality: 0.65653
        | Val:   loss: 6.42001 | quality: -0.00730

Epoch 4 | Train: loss: 0.78399 | quality: 0.88951
        | Val:   loss: 7.97002 | quality: -0.25050

Epoch 5 | Train: loss: 0.11741 | quality: 0.98345
        | Val:   loss: 11.14401 | quality: -0.74850

Epoch 6 | Train: loss: 0.01111 | quality: 0.99843
        | Val:   loss: 13.17759 | quality: -1.06757

Epoch 7 | Train: loss: 0.00077 | quality: 0.99989
        | Val:   loss: 13.83572 | quality: -1.17083

Epoch 8 | Train: loss: 0.00005 | quality: 0.99999
        | Val:   loss: 13.94963 | quality: -1.18870

Epoch 9 | Train: loss: 0.00001 | quality: 1.00000
        | Val:   loss: 13.96090 | quality: -1.19047

Epoch 10 | Train: loss: 0.00001 | quality: 1.00000
        | Val:   loss: 13.93197 | quality: -1.18593

Epoch 11 | Train: loss: 0.00001 | quality: 1.00000
        | Val:   loss: 13.90352 | quality: -1.18147

Epoch 12 | Train: loss: 0.00001 | quality: 1.00000
        | Val:   loss: 13.87555 | quality: -1.17708


⏸ Early stopping at epoch 12 (best was epoch 2)
[2026-05-02 23:18:31,853][__main__][INFO] - ✓ DONE MPO2/student_perf/NTN L=3 bd=12 seed=42 -> /zhome/6b/e/212868/GTN/outputs/ntn/student_perf/MPO2_rg5_init0.1/L3_bd12_seed42 | val=0.0974
[2026-05-02 23:18:31,857][HYDRA] 	#16 : model.L=3 model.bond_dim=12 seed=10090 trainer.ridge=5 trainer.ridge_decay=0.25 trainer.ridge_min=0.0001 +experiment=uci_ntn_sweep model=mpo2 dataset=student_perf
[2026-05-02 23:18:32,022][__main__][INFO] - ▶ RUN MPO2/student_perf/NTN L=3 bd=12 seed=10090 -> /zhome/6b/e/212868/GTN/outputs/ntn/student_perf/MPO2_rg5_init0.1/L3_bd12_seed10090
Starting Fit: 20 epochs.
Sweep Order: ['Node0', 'Node1', 'Node2', 'Node1']
Validation: Using separate validation set for best model selection
Early stopping: patience=10, min_delta=0.001
Init    | Train: loss: 27795.35936 | quality: -3916.33308
        | Val:   loss: 17447.20282 | quality: -2736.47217
Epoch 1 | Train: loss: 4.01433 | quality: 0.43424
        | Val:   loss: 5.69429 | quality: 0.10656
 *
Epoch 2 | Train: loss: 3.70259 | quality: 0.47818
        | Val:   loss: 5.76718 | quality: 0.09513

Epoch 3 | Train: loss: 2.33081 | quality: 0.67151
        | Val:   loss: 6.21291 | quality: 0.02519

Epoch 4 | Train: loss: 0.81720 | quality: 0.88483
        | Val:   loss: 7.68365 | quality: -0.20557

Epoch 5 | Train: loss: 0.12888 | quality: 0.98184
        | Val:   loss: 10.33273 | quality: -0.62121

Epoch 6 | Train: loss: 0.01077 | quality: 0.99848
        | Val:   loss: 12.45245 | quality: -0.95379

Epoch 7 | Train: loss: 0.00073 | quality: 0.99990
        | Val:   loss: 13.51050 | quality: -1.11980

Epoch 8 | Train: loss: 0.00005 | quality: 0.99999
        | Val:   loss: 13.78134 | quality: -1.16230

Epoch 9 | Train: loss: 0.00001 | quality: 1.00000
        | Val:   loss: 13.83660 | quality: -1.17097

Epoch 10 | Train: loss: 0.00001 | quality: 1.00000
        | Val:   loss: 13.82313 | quality: -1.16885

Epoch 11 | Train: loss: 0.00001 | quality: 1.00000
        | Val:   loss: 13.80897 | quality: -1.16663


⏸ Early stopping at epoch 11 (best was epoch 1)
[2026-05-02 23:18:52,021][__main__][INFO] - ✓ DONE MPO2/student_perf/NTN L=3 bd=12 seed=10090 -> /zhome/6b/e/212868/GTN/outputs/ntn/student_perf/MPO2_rg5_init0.1/L3_bd12_seed10090 | val=0.1066
[2026-05-02 23:18:52,024][HYDRA] 	#17 : model.L=3 model.bond_dim=12 seed=32874 trainer.ridge=5 trainer.ridge_decay=0.25 trainer.ridge_min=0.0001 +experiment=uci_ntn_sweep model=mpo2 dataset=student_perf
[2026-05-02 23:18:52,192][__main__][INFO] - ▶ RUN MPO2/student_perf/NTN L=3 bd=12 seed=32874 -> /zhome/6b/e/212868/GTN/outputs/ntn/student_perf/MPO2_rg5_init0.1/L3_bd12_seed32874
Starting Fit: 20 epochs.
Sweep Order: ['Node0', 'Node1', 'Node2', 'Node1']
Validation: Using separate validation set for best model selection
Early stopping: patience=10, min_delta=0.001
Init    | Train: loss: 21489.29661 | quality: -3027.58946
        | Val:   loss: 18622.84103 | quality: -2920.93022
Epoch 1 | Train: loss: 4.00417 | quality: 0.43567
        | Val:   loss: 6.27666 | quality: 0.01519
 *
Epoch 2 | Train: loss: 3.70221 | quality: 0.47823
        | Val:   loss: 5.92487 | quality: 0.07039
 *
Epoch 3 | Train: loss: 2.36110 | quality: 0.66724
        | Val:   loss: 6.29922 | quality: 0.01165

Epoch 4 | Train: loss: 0.75828 | quality: 0.89313
        | Val:   loss: 7.91452 | quality: -0.24179

Epoch 5 | Train: loss: 0.11803 | quality: 0.98337
        | Val:   loss: 10.09847 | quality: -0.58445

Epoch 6 | Train: loss: 0.01105 | quality: 0.99844
        | Val:   loss: 12.09299 | quality: -0.89739

Epoch 7 | Train: loss: 0.00076 | quality: 0.99989
        | Val:   loss: 12.91515 | quality: -1.02639

Epoch 8 | Train: loss: 0.00005 | quality: 0.99999
        | Val:   loss: 13.11426 | quality: -1.05763

Epoch 9 | Train: loss: 0.00001 | quality: 1.00000
        | Val:   loss: 13.15836 | quality: -1.06455

Epoch 10 | Train: loss: 0.00001 | quality: 1.00000
        | Val:   loss: 13.15709 | quality: -1.06435

Epoch 11 | Train: loss: 0.00001 | quality: 1.00000
        | Val:   loss: 13.15475 | quality: -1.06398

Epoch 12 | Train: loss: 0.00001 | quality: 1.00000
        | Val:   loss: 13.15140 | quality: -1.06346


⏸ Early stopping at epoch 12 (best was epoch 2)
[2026-05-02 23:19:13,842][__main__][INFO] - ✓ DONE MPO2/student_perf/NTN L=3 bd=12 seed=32874 -> /zhome/6b/e/212868/GTN/outputs/ntn/student_perf/MPO2_rg5_init0.1/L3_bd12_seed32874 | val=0.0704
[2026-05-02 23:19:13,846][HYDRA] 	#18 : model.L=3 model.bond_dim=12 seed=47311 trainer.ridge=5 trainer.ridge_decay=0.25 trainer.ridge_min=0.0001 +experiment=uci_ntn_sweep model=mpo2 dataset=student_perf
[2026-05-02 23:19:14,009][__main__][INFO] - ▶ RUN MPO2/student_perf/NTN L=3 bd=12 seed=47311 -> /zhome/6b/e/212868/GTN/outputs/ntn/student_perf/MPO2_rg5_init0.1/L3_bd12_seed47311
Starting Fit: 20 epochs.
Sweep Order: ['Node0', 'Node1', 'Node2', 'Node1']
Validation: Using separate validation set for best model selection
Early stopping: patience=10, min_delta=0.001
Init    | Train: loss: 36855.20318 | quality: -5193.18025
        | Val:   loss: 20593.64570 | quality: -3230.15015
Epoch 1 | Train: loss: 3.99102 | quality: 0.43753
        | Val:   loss: 5.64878 | quality: 0.11370
 *
Epoch 2 | Train: loss: 3.66381 | quality: 0.48364
        | Val:   loss: 5.65497 | quality: 0.11273
 *
Epoch 3 | Train: loss: 2.34356 | quality: 0.66971
        | Val:   loss: 6.21056 | quality: 0.02556

Epoch 4 | Train: loss: 0.78962 | quality: 0.88871
        | Val:   loss: 7.79764 | quality: -0.22345

Epoch 5 | Train: loss: 0.12903 | quality: 0.98182
        | Val:   loss: 9.29974 | quality: -0.45913

Epoch 6 | Train: loss: 0.01166 | quality: 0.99836
        | Val:   loss: 10.03018 | quality: -0.57374

Epoch 7 | Train: loss: 0.00077 | quality: 0.99989
        | Val:   loss: 10.45819 | quality: -0.64089

Epoch 8 | Train: loss: 0.00005 | quality: 0.99999
        | Val:   loss: 10.61185 | quality: -0.66500

Epoch 9 | Train: loss: 0.00001 | quality: 1.00000
        | Val:   loss: 10.64248 | quality: -0.66981

Epoch 10 | Train: loss: 0.00001 | quality: 1.00000
        | Val:   loss: 10.63210 | quality: -0.66818

Epoch 11 | Train: loss: 0.00001 | quality: 1.00000
        | Val:   loss: 10.62232 | quality: -0.66665

Epoch 12 | Train: loss: 0.00001 | quality: 1.00000
        | Val:   loss: 10.61305 | quality: -0.66519


⏸ Early stopping at epoch 12 (best was epoch 2)
[2026-05-02 23:19:35,671][__main__][INFO] - ✓ DONE MPO2/student_perf/NTN L=3 bd=12 seed=47311 -> /zhome/6b/e/212868/GTN/outputs/ntn/student_perf/MPO2_rg5_init0.1/L3_bd12_seed47311 | val=0.1127
[2026-05-02 23:19:35,673][HYDRA] 	#19 : model.L=3 model.bond_dim=12 seed=47303 trainer.ridge=5 trainer.ridge_decay=0.25 trainer.ridge_min=0.0001 +experiment=uci_ntn_sweep model=mpo2 dataset=student_perf
[2026-05-02 23:19:35,833][__main__][INFO] - ▶ RUN MPO2/student_perf/NTN L=3 bd=12 seed=47303 -> /zhome/6b/e/212868/GTN/outputs/ntn/student_perf/MPO2_rg5_init0.1/L3_bd12_seed47303
Starting Fit: 20 epochs.
Sweep Order: ['Node0', 'Node1', 'Node2', 'Node1']
Validation: Using separate validation set for best model selection
Early stopping: patience=10, min_delta=0.001
Init    | Train: loss: 39574.87147 | quality: -5576.47612
        | Val:   loss: 29441.57151 | quality: -4618.39278
Epoch 1 | Train: loss: 3.92116 | quality: 0.44737
        | Val:   loss: 5.87167 | quality: 0.07873
 *
Epoch 2 | Train: loss: 3.67506 | quality: 0.48206
        | Val:   loss: 5.81485 | quality: 0.08765
 *
Epoch 3 | Train: loss: 2.33167 | quality: 0.67139
        | Val:   loss: 6.42250 | quality: -0.00769

Epoch 4 | Train: loss: 0.77123 | quality: 0.89131
        | Val:   loss: 7.75258 | quality: -0.21638

Epoch 5 | Train: loss: 0.12773 | quality: 0.98200
        | Val:   loss: 10.50282 | quality: -0.64790

Epoch 6 | Train: loss: 0.01191 | quality: 0.99832
        | Val:   loss: 11.81957 | quality: -0.85449

Epoch 7 | Train: loss: 0.00081 | quality: 0.99989
        | Val:   loss: 12.54375 | quality: -0.96812

Epoch 8 | Train: loss: 0.00005 | quality: 0.99999
        | Val:   loss: 12.75158 | quality: -1.00073

Epoch 9 | Train: loss: 0.00001 | quality: 1.00000
        | Val:   loss: 12.78845 | quality: -1.00651

Epoch 10 | Train: loss: 0.00001 | quality: 1.00000
        | Val:   loss: 12.77818 | quality: -1.00490

Epoch 11 | Train: loss: 0.00001 | quality: 1.00000
        | Val:   loss: 12.76882 | quality: -1.00343

Epoch 12 | Train: loss: 0.00001 | quality: 1.00000
        | Val:   loss: 12.76014 | quality: -1.00207


⏸ Early stopping at epoch 12 (best was epoch 2)
[2026-05-02 23:19:57,234][__main__][INFO] - ✓ DONE MPO2/student_perf/NTN L=3 bd=12 seed=47303 -> /zhome/6b/e/212868/GTN/outputs/ntn/student_perf/MPO2_rg5_init0.1/L3_bd12_seed47303 | val=0.0876
[2026-05-02 23:19:57,236][HYDRA] 	#20 : model.L=3 model.bond_dim=8 seed=42 trainer.ridge=5 trainer.ridge_decay=0.25 trainer.ridge_min=0.0001 +experiment=uci_ntn_sweep model=mpo2 dataset=student_perf
[2026-05-02 23:19:57,397][__main__][INFO] - ▶ RUN MPO2/student_perf/NTN L=3 bd=8 seed=42 -> /zhome/6b/e/212868/GTN/outputs/ntn/student_perf/MPO2_rg5_init0.1/L3_bd8_seed42
Starting Fit: 20 epochs.
Sweep Order: ['Node0', 'Node1', 'Node2', 'Node1']
Validation: Using separate validation set for best model selection
Early stopping: patience=10, min_delta=0.001
Init    | Train: loss: 65560.10853 | quality: -9238.70000
        | Val:   loss: 30540.19166 | quality: -4790.76667
Epoch 1 | Train: loss: 4.68861 | quality: 0.33921
        | Val:   loss: 5.98804 | quality: 0.06047
 *
Epoch 2 | Train: loss: 4.09876 | quality: 0.42234
        | Val:   loss: 5.54572 | quality: 0.12987
 *
Epoch 3 | Train: loss: 3.26690 | quality: 0.53958
        | Val:   loss: 6.09276 | quality: 0.04404

Epoch 4 | Train: loss: 1.63231 | quality: 0.76995
        | Val:   loss: 6.66326 | quality: -0.04547

Epoch 5 | Train: loss: 0.38139 | quality: 0.94625
        | Val:   loss: 9.50208 | quality: -0.49088

Epoch 6 | Train: loss: 0.05306 | quality: 0.99252
        | Val:   loss: 10.95932 | quality: -0.71952

Epoch 7 | Train: loss: 0.00582 | quality: 0.99918
        | Val:   loss: 12.08007 | quality: -0.89537

Epoch 8 | Train: loss: 0.00046 | quality: 0.99994
        | Val:   loss: 12.62618 | quality: -0.98105

Epoch 9 | Train: loss: 0.00005 | quality: 0.99999
        | Val:   loss: 12.77975 | quality: -1.00515

Epoch 10 | Train: loss: 0.00005 | quality: 0.99999
        | Val:   loss: 12.77352 | quality: -1.00417

Epoch 11 | Train: loss: 0.00005 | quality: 0.99999
        | Val:   loss: 12.76756 | quality: -1.00324

Epoch 12 | Train: loss: 0.00005 | quality: 0.99999
        | Val:   loss: 12.76187 | quality: -1.00234


⏸ Early stopping at epoch 12 (best was epoch 2)
[2026-05-02 23:20:04,646][__main__][INFO] - ✓ DONE MPO2/student_perf/NTN L=3 bd=8 seed=42 -> /zhome/6b/e/212868/GTN/outputs/ntn/student_perf/MPO2_rg5_init0.1/L3_bd8_seed42 | val=0.1299
[2026-05-02 23:20:04,648][HYDRA] 	#21 : model.L=3 model.bond_dim=8 seed=10090 trainer.ridge=5 trainer.ridge_decay=0.25 trainer.ridge_min=0.0001 +experiment=uci_ntn_sweep model=mpo2 dataset=student_perf
[2026-05-02 23:20:04,810][__main__][INFO] - ▶ RUN MPO2/student_perf/NTN L=3 bd=8 seed=10090 -> /zhome/6b/e/212868/GTN/outputs/ntn/student_perf/MPO2_rg5_init0.1/L3_bd8_seed10090
Starting Fit: 20 epochs.
Sweep Order: ['Node0', 'Node1', 'Node2', 'Node1']
Validation: Using separate validation set for best model selection
Early stopping: patience=10, min_delta=0.001
Init    | Train: loss: 14924.21447 | quality: -2102.34100
        | Val:   loss: 15905.78797 | quality: -2494.62365
Epoch 1 | Train: loss: 4.66678 | quality: 0.34229
        | Val:   loss: 6.02805 | quality: 0.05420
 *
Epoch 2 | Train: loss: 4.11241 | quality: 0.42042
        | Val:   loss: 5.53332 | quality: 0.13182
 *
Epoch 3 | Train: loss: 3.26665 | quality: 0.53962
        | Val:   loss: 6.07750 | quality: 0.04644

Epoch 4 | Train: loss: 1.73099 | quality: 0.75604
        | Val:   loss: 6.79476 | quality: -0.06610

Epoch 5 | Train: loss: 0.35996 | quality: 0.94927
        | Val:   loss: 9.31011 | quality: -0.46076

Epoch 6 | Train: loss: 0.04564 | quality: 0.99357
        | Val:   loss: 12.19181 | quality: -0.91290

Epoch 7 | Train: loss: 0.00425 | quality: 0.99940
        | Val:   loss: 13.64807 | quality: -1.14139

Epoch 8 | Train: loss: 0.00030 | quality: 0.99996
        | Val:   loss: 14.18223 | quality: -1.22520

Epoch 9 | Train: loss: 0.00003 | quality: 1.00000
        | Val:   loss: 14.31381 | quality: -1.24584

Epoch 10 | Train: loss: 0.00003 | quality: 1.00000
        | Val:   loss: 14.30296 | quality: -1.24414

Epoch 11 | Train: loss: 0.00003 | quality: 1.00000
        | Val:   loss: 14.29205 | quality: -1.24243

Epoch 12 | Train: loss: 0.00003 | quality: 1.00000
        | Val:   loss: 14.28109 | quality: -1.24071


⏸ Early stopping at epoch 12 (best was epoch 2)
[2026-05-02 23:20:10,017][__main__][INFO] - ✓ DONE MPO2/student_perf/NTN L=3 bd=8 seed=10090 -> /zhome/6b/e/212868/GTN/outputs/ntn/student_perf/MPO2_rg5_init0.1/L3_bd8_seed10090 | val=0.1318
[2026-05-02 23:20:10,020][HYDRA] 	#22 : model.L=3 model.bond_dim=8 seed=32874 trainer.ridge=5 trainer.ridge_decay=0.25 trainer.ridge_min=0.0001 +experiment=uci_ntn_sweep model=mpo2 dataset=student_perf
[2026-05-02 23:20:10,182][__main__][INFO] - ▶ RUN MPO2/student_perf/NTN L=3 bd=8 seed=32874 -> /zhome/6b/e/212868/GTN/outputs/ntn/student_perf/MPO2_rg5_init0.1/L3_bd8_seed32874
Starting Fit: 20 epochs.
Sweep Order: ['Node0', 'Node1', 'Node2', 'Node1']
Validation: Using separate validation set for best model selection
Early stopping: patience=10, min_delta=0.001
Init    | Train: loss: 24990.79549 | quality: -3521.07246
        | Val:   loss: 22661.83966 | quality: -3554.65050
Epoch 1 | Train: loss: 4.77246 | quality: 0.32739
        | Val:   loss: 6.39532 | quality: -0.00343
 *
Epoch 2 | Train: loss: 4.11807 | quality: 0.41962
        | Val:   loss: 5.62942 | quality: 0.11674
 *
Epoch 3 | Train: loss: 3.18901 | quality: 0.55056
        | Val:   loss: 6.07168 | quality: 0.04735

Epoch 4 | Train: loss: 1.63318 | quality: 0.76983
        | Val:   loss: 6.64326 | quality: -0.04233

Epoch 5 | Train: loss: 0.37051 | quality: 0.94778
        | Val:   loss: 8.96337 | quality: -0.40636

Epoch 6 | Train: loss: 0.05109 | quality: 0.99280
        | Val:   loss: 11.05954 | quality: -0.73525

Epoch 7 | Train: loss: 0.00489 | quality: 0.99931
        | Val:   loss: 11.71539 | quality: -0.83815

Epoch 8 | Train: loss: 0.00037 | quality: 0.99995
        | Val:   loss: 11.87023 | quality: -0.86244

Epoch 9 | Train: loss: 0.00004 | quality: 0.99999
        | Val:   loss: 11.90431 | quality: -0.86779

Epoch 10 | Train: loss: 0.00004 | quality: 0.99999
        | Val:   loss: 11.89555 | quality: -0.86642

Epoch 11 | Train: loss: 0.00004 | quality: 0.99999
        | Val:   loss: 11.88688 | quality: -0.86506

Epoch 12 | Train: loss: 0.00004 | quality: 0.99999
        | Val:   loss: 11.87829 | quality: -0.86371


⏸ Early stopping at epoch 12 (best was epoch 2)
[2026-05-02 23:20:15,446][__main__][INFO] - ✓ DONE MPO2/student_perf/NTN L=3 bd=8 seed=32874 -> /zhome/6b/e/212868/GTN/outputs/ntn/student_perf/MPO2_rg5_init0.1/L3_bd8_seed32874 | val=0.1167
[2026-05-02 23:20:15,448][HYDRA] 	#23 : model.L=3 model.bond_dim=8 seed=47311 trainer.ridge=5 trainer.ridge_decay=0.25 trainer.ridge_min=0.0001 +experiment=uci_ntn_sweep model=mpo2 dataset=student_perf
[2026-05-02 23:20:15,610][__main__][INFO] - ▶ RUN MPO2/student_perf/NTN L=3 bd=8 seed=47311 -> /zhome/6b/e/212868/GTN/outputs/ntn/student_perf/MPO2_rg5_init0.1/L3_bd8_seed47311
Starting Fit: 20 epochs.
Sweep Order: ['Node0', 'Node1', 'Node2', 'Node1']
Validation: Using separate validation set for best model selection
Early stopping: patience=10, min_delta=0.001
Init    | Train: loss: 34617.67282 | quality: -4877.83438
        | Val:   loss: 16732.49734 | quality: -2624.33464
Epoch 1 | Train: loss: 4.59594 | quality: 0.35227
        | Val:   loss: 6.02630 | quality: 0.05447
 *
Epoch 2 | Train: loss: 4.07684 | quality: 0.42543
        | Val:   loss: 5.48720 | quality: 0.13906
 *
Epoch 3 | Train: loss: 3.27102 | quality: 0.53900
        | Val:   loss: 6.09634 | quality: 0.04348

Epoch 4 | Train: loss: 1.54274 | quality: 0.78257
        | Val:   loss: 6.91156 | quality: -0.08443

Epoch 5 | Train: loss: 0.34927 | quality: 0.95078
        | Val:   loss: 8.93820 | quality: -0.40241

Epoch 6 | Train: loss: 0.05365 | quality: 0.99244
        | Val:   loss: 10.96207 | quality: -0.71995

Epoch 7 | Train: loss: 0.00564 | quality: 0.99921
        | Val:   loss: 12.36885 | quality: -0.94068

Epoch 8 | Train: loss: 0.00043 | quality: 0.99994
        | Val:   loss: 12.99227 | quality: -1.03849

Epoch 9 | Train: loss: 0.00005 | quality: 0.99999
        | Val:   loss: 13.15748 | quality: -1.06441

Epoch 10 | Train: loss: 0.00005 | quality: 0.99999
        | Val:   loss: 13.14026 | quality: -1.06171

Epoch 11 | Train: loss: 0.00005 | quality: 0.99999
        | Val:   loss: 13.12318 | quality: -1.05903

Epoch 12 | Train: loss: 0.00005 | quality: 0.99999
        | Val:   loss: 13.10623 | quality: -1.05637


⏸ Early stopping at epoch 12 (best was epoch 2)
[2026-05-02 23:20:21,093][__main__][INFO] - ✓ DONE MPO2/student_perf/NTN L=3 bd=8 seed=47311 -> /zhome/6b/e/212868/GTN/outputs/ntn/student_perf/MPO2_rg5_init0.1/L3_bd8_seed47311 | val=0.1391
[2026-05-02 23:20:21,095][HYDRA] 	#24 : model.L=3 model.bond_dim=8 seed=47303 trainer.ridge=5 trainer.ridge_decay=0.25 trainer.ridge_min=0.0001 +experiment=uci_ntn_sweep model=mpo2 dataset=student_perf
[2026-05-02 23:20:21,257][__main__][INFO] - ▶ RUN MPO2/student_perf/NTN L=3 bd=8 seed=47303 -> /zhome/6b/e/212868/GTN/outputs/ntn/student_perf/MPO2_rg5_init0.1/L3_bd8_seed47303
Starting Fit: 20 epochs.
Sweep Order: ['Node0', 'Node1', 'Node2', 'Node1']
Validation: Using separate validation set for best model selection
Early stopping: patience=10, min_delta=0.001
Init    | Train: loss: 32745.16294 | quality: -4613.93260
        | Val:   loss: 23531.81813 | quality: -3691.15043
Epoch 1 | Train: loss: 4.67455 | quality: 0.34119
        | Val:   loss: 6.19616 | quality: 0.02782
 *
Epoch 2 | Train: loss: 4.08432 | quality: 0.42438
        | Val:   loss: 5.48936 | quality: 0.13872
 *
Epoch 3 | Train: loss: 3.12079 | quality: 0.56017
        | Val:   loss: 6.00033 | quality: 0.05855

Epoch 4 | Train: loss: 1.62284 | quality: 0.77128
        | Val:   loss: 6.66166 | quality: -0.04522

Epoch 5 | Train: loss: 0.35697 | quality: 0.94969
        | Val:   loss: 8.92159 | quality: -0.39980

Epoch 6 | Train: loss: 0.04799 | quality: 0.99324
        | Val:   loss: 10.85638 | quality: -0.70337

Epoch 7 | Train: loss: 0.00460 | quality: 0.99935
        | Val:   loss: 11.59496 | quality: -0.81925

Epoch 8 | Train: loss: 0.00034 | quality: 0.99995
        | Val:   loss: 11.83592 | quality: -0.85706

Epoch 9 | Train: loss: 0.00004 | quality: 0.99999
        | Val:   loss: 11.88849 | quality: -0.86531

Epoch 10 | Train: loss: 0.00004 | quality: 0.99999
        | Val:   loss: 11.87407 | quality: -0.86305

Epoch 11 | Train: loss: 0.00004 | quality: 0.99999
        | Val:   loss: 11.85982 | quality: -0.86081

Epoch 12 | Train: loss: 0.00004 | quality: 0.99999
        | Val:   loss: 11.84576 | quality: -0.85860


⏸ Early stopping at epoch 12 (best was epoch 2)
[2026-05-02 23:20:26,601][__main__][INFO] - ✓ DONE MPO2/student_perf/NTN L=3 bd=8 seed=47303 -> /zhome/6b/e/212868/GTN/outputs/ntn/student_perf/MPO2_rg5_init0.1/L3_bd8_seed47303 | val=0.1387
[2026-05-02 23:20:26,603][HYDRA] 	#25 : model.L=3 model.bond_dim=4 seed=42 trainer.ridge=5 trainer.ridge_decay=0.25 trainer.ridge_min=0.0001 +experiment=uci_ntn_sweep model=mpo2 dataset=student_perf
[2026-05-02 23:20:26,767][__main__][INFO] - ▶ RUN MPO2/student_perf/NTN L=3 bd=4 seed=42 -> /zhome/6b/e/212868/GTN/outputs/ntn/student_perf/MPO2_rg5_init0.1/L3_bd4_seed42
Starting Fit: 20 epochs.
Sweep Order: ['Node0', 'Node1', 'Node2', 'Node1']
Validation: Using separate validation set for best model selection
Early stopping: patience=10, min_delta=0.001
Init    | Train: loss: 25235.38787 | quality: -3555.54404
        | Val:   loss: 16022.99681 | quality: -2513.01376
Epoch 1 | Train: loss: 9.03648 | quality: -0.27356
        | Val:   loss: 10.66535 | quality: -0.67340
 *
Epoch 2 | Train: loss: 4.69726 | quality: 0.33799
        | Val:   loss: 5.58800 | quality: 0.12324
 *
Epoch 3 | Train: loss: 4.04747 | quality: 0.42957
        | Val:   loss: 5.57456 | quality: 0.12535
 *
Epoch 4 | Train: loss: 3.00557 | quality: 0.57641
        | Val:   loss: 6.28312 | quality: 0.01418

Epoch 5 | Train: loss: 1.61048 | quality: 0.77303
        | Val:   loss: 6.46008 | quality: -0.01359

Epoch 6 | Train: loss: 0.84128 | quality: 0.88143
        | Val:   loss: 8.52316 | quality: -0.33729

Epoch 7 | Train: loss: 0.40938 | quality: 0.94230
        | Val:   loss: 12.65880 | quality: -0.98617

Epoch 8 | Train: loss: 0.19311 | quality: 0.97278
        | Val:   loss: 18.72312 | quality: -1.93766

Epoch 9 | Train: loss: 0.10489 | quality: 0.98522
        | Val:   loss: 26.46798 | quality: -3.15284

Epoch 10 | Train: loss: 0.08212 | quality: 0.98843
        | Val:   loss: 27.15585 | quality: -3.26076

Epoch 11 | Train: loss: 0.06763 | quality: 0.99047
        | Val:   loss: 27.60719 | quality: -3.33158

Epoch 12 | Train: loss: 0.05778 | quality: 0.99186
        | Val:   loss: 27.94954 | quality: -3.38529

Epoch 13 | Train: loss: 0.05062 | quality: 0.99287
        | Val:   loss: 28.24134 | quality: -3.43108


⏸ Early stopping at epoch 13 (best was epoch 3)
[2026-05-02 23:20:30,884][__main__][INFO] - ✓ DONE MPO2/student_perf/NTN L=3 bd=4 seed=42 -> /zhome/6b/e/212868/GTN/outputs/ntn/student_perf/MPO2_rg5_init0.1/L3_bd4_seed42 | val=0.1253
[2026-05-02 23:20:30,886][HYDRA] 	#26 : model.L=3 model.bond_dim=4 seed=10090 trainer.ridge=5 trainer.ridge_decay=0.25 trainer.ridge_min=0.0001 +experiment=uci_ntn_sweep model=mpo2 dataset=student_perf
[2026-05-02 23:20:31,054][__main__][INFO] - ▶ RUN MPO2/student_perf/NTN L=3 bd=4 seed=10090 -> /zhome/6b/e/212868/GTN/outputs/ntn/student_perf/MPO2_rg5_init0.1/L3_bd4_seed10090
Starting Fit: 20 epochs.
Sweep Order: ['Node0', 'Node1', 'Node2', 'Node1']
Validation: Using separate validation set for best model selection
Early stopping: patience=10, min_delta=0.001
Init    | Train: loss: 44069.87657 | quality: -6209.97871
        | Val:   loss: 34416.86515 | quality: -5399.01808
Epoch 1 | Train: loss: 6.44618 | quality: 0.09151
        | Val:   loss: 7.50516 | quality: -0.17756
 *
Epoch 2 | Train: loss: 4.72337 | quality: 0.33431
        | Val:   loss: 5.55639 | quality: 0.12820
 *
Epoch 3 | Train: loss: 4.09597 | quality: 0.42274
        | Val:   loss: 5.56705 | quality: 0.12653

Epoch 4 | Train: loss: 3.20683 | quality: 0.54805
        | Val:   loss: 6.28486 | quality: 0.01390

Epoch 5 | Train: loss: 1.91197 | quality: 0.73054
        | Val:   loss: 7.07176 | quality: -0.10956

Epoch 6 | Train: loss: 0.88870 | quality: 0.87475
        | Val:   loss: 9.64356 | quality: -0.51308

Epoch 7 | Train: loss: 0.40852 | quality: 0.94243
        | Val:   loss: 14.07012 | quality: -1.20761

Epoch 8 | Train: loss: 0.19913 | quality: 0.97194
        | Val:   loss: 18.19834 | quality: -1.85533

Epoch 9 | Train: loss: 0.11400 | quality: 0.98393
        | Val:   loss: 21.12040 | quality: -2.31380

Epoch 10 | Train: loss: 0.09086 | quality: 0.98720
        | Val:   loss: 20.59673 | quality: -2.23163

Epoch 11 | Train: loss: 0.07468 | quality: 0.98947
        | Val:   loss: 20.19088 | quality: -2.16796

Epoch 12 | Train: loss: 0.06304 | quality: 0.99112
        | Val:   loss: 19.91187 | quality: -2.12418


⏸ Early stopping at epoch 12 (best was epoch 2)
[2026-05-02 23:20:33,029][__main__][INFO] - ✓ DONE MPO2/student_perf/NTN L=3 bd=4 seed=10090 -> /zhome/6b/e/212868/GTN/outputs/ntn/student_perf/MPO2_rg5_init0.1/L3_bd4_seed10090 | val=0.1282
[2026-05-02 23:20:33,032][HYDRA] 	#27 : model.L=3 model.bond_dim=4 seed=32874 trainer.ridge=5 trainer.ridge_decay=0.25 trainer.ridge_min=0.0001 +experiment=uci_ntn_sweep model=mpo2 dataset=student_perf
[2026-05-02 23:20:33,193][__main__][INFO] - ▶ RUN MPO2/student_perf/NTN L=3 bd=4 seed=32874 -> /zhome/6b/e/212868/GTN/outputs/ntn/student_perf/MPO2_rg5_init0.1/L3_bd4_seed32874
Starting Fit: 20 epochs.
Sweep Order: ['Node0', 'Node1', 'Node2', 'Node1']
Validation: Using separate validation set for best model selection
Early stopping: patience=10, min_delta=0.001
Init    | Train: loss: 53492.35169 | quality: -7537.93325
        | Val:   loss: 54314.59361 | quality: -8520.97858
Epoch 1 | Train: loss: 6.60204 | quality: 0.06954
        | Val:   loss: 8.09663 | quality: -0.27036
 *
Epoch 2 | Train: loss: 4.72105 | quality: 0.33464
        | Val:   loss: 5.60192 | quality: 0.12106
 *
Epoch 3 | Train: loss: 4.12902 | quality: 0.41808
        | Val:   loss: 5.60642 | quality: 0.12035
 *
Epoch 4 | Train: loss: 3.19521 | quality: 0.54968
        | Val:   loss: 6.32300 | quality: 0.00792

Epoch 5 | Train: loss: 1.83086 | quality: 0.74197
        | Val:   loss: 7.04770 | quality: -0.10579

Epoch 6 | Train: loss: 0.86581 | quality: 0.87798
        | Val:   loss: 9.63446 | quality: -0.51165

Epoch 7 | Train: loss: 0.38287 | quality: 0.94604
        | Val:   loss: 14.05509 | quality: -1.20525

Epoch 8 | Train: loss: 0.17805 | quality: 0.97491
        | Val:   loss: 21.21650 | quality: -2.32888

Epoch 9 | Train: loss: 0.09561 | quality: 0.98653
        | Val:   loss: 29.90128 | quality: -3.69152

Epoch 10 | Train: loss: 0.08077 | quality: 0.98862
        | Val:   loss: 30.07867 | quality: -3.71935

Epoch 11 | Train: loss: 0.06995 | quality: 0.99014
        | Val:   loss: 30.20981 | quality: -3.73993

Epoch 12 | Train: loss: 0.06162 | quality: 0.99132
        | Val:   loss: 30.35701 | quality: -3.76303

Epoch 13 | Train: loss: 0.05494 | quality: 0.99226
        | Val:   loss: 30.52956 | quality: -3.79010


⏸ Early stopping at epoch 13 (best was epoch 3)
[2026-05-02 23:20:35,208][__main__][INFO] - ✓ DONE MPO2/student_perf/NTN L=3 bd=4 seed=32874 -> /zhome/6b/e/212868/GTN/outputs/ntn/student_perf/MPO2_rg5_init0.1/L3_bd4_seed32874 | val=0.1204
[2026-05-02 23:20:35,210][HYDRA] 	#28 : model.L=3 model.bond_dim=4 seed=47311 trainer.ridge=5 trainer.ridge_decay=0.25 trainer.ridge_min=0.0001 +experiment=uci_ntn_sweep model=mpo2 dataset=student_perf
[2026-05-02 23:20:35,371][__main__][INFO] - ▶ RUN MPO2/student_perf/NTN L=3 bd=4 seed=47311 -> /zhome/6b/e/212868/GTN/outputs/ntn/student_perf/MPO2_rg5_init0.1/L3_bd4_seed47311
Starting Fit: 20 epochs.
Sweep Order: ['Node0', 'Node1', 'Node2', 'Node1']
Validation: Using separate validation set for best model selection
Early stopping: patience=10, min_delta=0.001
Init    | Train: loss: 33638.75270 | quality: -4739.87048
        | Val:   loss: 44547.39875 | quality: -6988.50232
Epoch 1 | Train: loss: 7.44749 | quality: -0.04961
        | Val:   loss: 8.67653 | quality: -0.36135
 *
Epoch 2 | Train: loss: 4.76022 | quality: 0.32912
        | Val:   loss: 5.59357 | quality: 0.12237
 *
Epoch 3 | Train: loss: 4.13648 | quality: 0.41703
        | Val:   loss: 5.47896 | quality: 0.14035
 *
Epoch 4 | Train: loss: 3.06890 | quality: 0.56749
        | Val:   loss: 6.25409 | quality: 0.01873

Epoch 5 | Train: loss: 1.78712 | quality: 0.74813
        | Val:   loss: 6.87753 | quality: -0.07909

Epoch 6 | Train: loss: 0.86294 | quality: 0.87838
        | Val:   loss: 8.49992 | quality: -0.33364

Epoch 7 | Train: loss: 0.41726 | quality: 0.94119
        | Val:   loss: 12.55236 | quality: -0.96947

Epoch 8 | Train: loss: 0.21416 | quality: 0.96982
        | Val:   loss: 18.27241 | quality: -1.86695

Epoch 9 | Train: loss: 0.12639 | quality: 0.98219
        | Val:   loss: 23.87030 | quality: -2.74526

Epoch 10 | Train: loss: 0.10448 | quality: 0.98528
        | Val:   loss: 24.00057 | quality: -2.76570

Epoch 11 | Train: loss: 0.08786 | quality: 0.98762
        | Val:   loss: 24.07913 | quality: -2.77802

Epoch 12 | Train: loss: 0.07519 | quality: 0.98940
        | Val:   loss: 24.12260 | quality: -2.78484

Epoch 13 | Train: loss: 0.06557 | quality: 0.99076
        | Val:   loss: 24.13654 | quality: -2.78703


⏸ Early stopping at epoch 13 (best was epoch 3)
[2026-05-02 23:20:37,439][__main__][INFO] - ✓ DONE MPO2/student_perf/NTN L=3 bd=4 seed=47311 -> /zhome/6b/e/212868/GTN/outputs/ntn/student_perf/MPO2_rg5_init0.1/L3_bd4_seed47311 | val=0.1403
[2026-05-02 23:20:37,441][HYDRA] 	#29 : model.L=3 model.bond_dim=4 seed=47303 trainer.ridge=5 trainer.ridge_decay=0.25 trainer.ridge_min=0.0001 +experiment=uci_ntn_sweep model=mpo2 dataset=student_perf
[2026-05-02 23:20:37,598][__main__][INFO] - ▶ RUN MPO2/student_perf/NTN L=3 bd=4 seed=47303 -> /zhome/6b/e/212868/GTN/outputs/ntn/student_perf/MPO2_rg5_init0.1/L3_bd4_seed47303
Starting Fit: 20 epochs.
Sweep Order: ['Node0', 'Node1', 'Node2', 'Node1']
Validation: Using separate validation set for best model selection
Early stopping: patience=10, min_delta=0.001
Init    | Train: loss: 42177.85094 | quality: -5943.32648
        | Val:   loss: 39019.87217 | quality: -6121.23148
Epoch 1 | Train: loss: 6.50516 | quality: 0.08320
        | Val:   loss: 7.96566 | quality: -0.24982
 *
Epoch 2 | Train: loss: 4.72922 | quality: 0.33349
        | Val:   loss: 5.57557 | quality: 0.12519
 *
Epoch 3 | Train: loss: 4.12031 | quality: 0.41931
        | Val:   loss: 5.54358 | quality: 0.13021
 *
Epoch 4 | Train: loss: 3.16688 | quality: 0.55368
        | Val:   loss: 6.33824 | quality: 0.00553

Epoch 5 | Train: loss: 1.97452 | quality: 0.72172
        | Val:   loss: 6.85958 | quality: -0.07627

Epoch 6 | Train: loss: 0.94864 | quality: 0.86630
        | Val:   loss: 8.52960 | quality: -0.33830

Epoch 7 | Train: loss: 0.46882 | quality: 0.93393
        | Val:   loss: 10.81601 | quality: -0.69704

Epoch 8 | Train: loss: 0.21697 | quality: 0.96942
        | Val:   loss: 15.58042 | quality: -1.44457

Epoch 9 | Train: loss: 0.11209 | quality: 0.98420
        | Val:   loss: 22.99826 | quality: -2.60843

Epoch 10 | Train: loss: 0.08722 | quality: 0.98771
        | Val:   loss: 24.38980 | quality: -2.82677

Epoch 11 | Train: loss: 0.07174 | quality: 0.98989
        | Val:   loss: 25.17976 | quality: -2.95071

Epoch 12 | Train: loss: 0.06147 | quality: 0.99134
        | Val:   loss: 25.65227 | quality: -3.02485

Epoch 13 | Train: loss: 0.05412 | quality: 0.99237
        | Val:   loss: 25.98034 | quality: -3.07632


⏸ Early stopping at epoch 13 (best was epoch 3)
[2026-05-02 23:20:43,778][__main__][INFO] - ✓ DONE MPO2/student_perf/NTN L=3 bd=4 seed=47303 -> /zhome/6b/e/212868/GTN/outputs/ntn/student_perf/MPO2_rg5_init0.1/L3_bd4_seed47303 | val=0.1302

------------------------------------------------------------
Sender: LSF System <lsfadmin@hpc.dtu.dk>
Subject: Job 28338018[125]: <ntn_grid_full[1-150]%20> in cluster <dcc> Done

Job <ntn_grid_full[1-150]%20> was submitted from host <hpclogin1> by user <nicci> in cluster <dcc> at Sat May  2 18:52:02 2026
Job was executed on host(s) <6*n-62-31-14>, in queue <hpc>, as user <nicci> in cluster <dcc> at Sat May  2 23:13:22 2026
</zhome/6b/e/212868> was used as the home directory.
</zhome/6b/e/212868/GTN> was used as the working directory.
Started at Sat May  2 23:13:22 2026
Terminated at Sat May  2 23:21:44 2026
Results reported at Sat May  2 23:21:44 2026

Your job looked like:

------------------------------------------------------------
# LSBATCH: User input
#!/bin/bash
#BSUB -q hpc
#BSUB -J "ntn_grid_full[1-150]%20"
#BSUB -W 8:00
#BSUB -n 6
#BSUB -R "rusage[mem=750MB]"
#BSUB -R "span[hosts=1]"
#BSUB -o logs/%J_%I.out
#BSUB -e logs/%J_%I.err

MODELS=("cpda" "cpda_typei" "lmpo2" "lmpo2_typei" "mpo2" "mpo2_typei" "mmpo2" "mmpo2_typei" "tnml_f" "tnml_p")

DATASETS=(
    "abalone" "adult" "ai4i" "appliances" "bank" "bike" "breast"
    "car_evaluation" "concrete" "energy_efficiency" "hearth"
    "iris" "mushrooms" "obesity" "popularity" "realstate"
    "seoulBike" "student_dropout" "student_perf" "wine"
    "winequalityc"
)

COMPLETED_DATASETS=(
    "abalone" "bike" "concrete" "energy_efficiency"
    "iris" "realstate" )

# Filter datasets
FILTERED_DATASETS=()
for ds in "${DATASETS[@]}"; do
    skip=false
    for completed in "${COMPLETED_DATASETS[@]}"; do
        if [[ "$ds" == "$completed" ]]; then
            skip=true
            break
        fi
    done

    if ! $skip; then
        FILTERED_DATASETS+=("$ds")
    fi
done

DATASETS=("${FILTERED_DATASETS[@]}")

NUM_MODELS=${#MODELS[@]}
NUM_DATASETS=${#DATASETS[@]}
NUM_EXPERIMENTS=$((NUM_DATASETS * NUM_MODELS))

if [ "$1" == "test" ]; then
    echo "SIMULATING ARRAY:"
    echo "-----------------"


(... more ...)
------------------------------------------------------------

Successfully completed.

Resource usage summary:

    CPU time :                                   2084.00 sec.
    Max Memory :                                 1740 MB
    Average Memory :                             681.80 MB
    Total Requested Memory :                     4500.00 MB
    Delta Memory :                               2760.00 MB
    Max Swap :                                   -
    Max Processes :                              12
    Max Threads :                                65
    Run time :                                   502 sec.
    Turnaround time :                            16182 sec.

The output (if any) is above this job summary.



PS:

Read file <logs/28338018_125.err> for stderr output of this job.

