Task 66: Dataset=hearth, Model=mpo2_typei, Experiment=uci_ntn_sweep
[2026-05-03 07:09:25,450][HYDRA] Launching 30 jobs locally
[2026-05-03 07:09:25,450][HYDRA] 	#0 : model.L=4 model.bond_dim=12 seed=42 trainer.ridge=5 trainer.ridge_decay=0.25 trainer.ridge_min=0.0001 +experiment=uci_ntn_sweep model=mpo2_typei dataset=hearth
[2026-05-03 07:09:25,930][utils.tracking][INFO] - Loaded 17971 tracked runs from runs_tracking.csv
[2026-05-03 07:09:25,932][__main__][INFO] - ⏭ SKIP MPO2TypeI/hearth/NTN L=4 bd=12 seed=42 -> /zhome/6b/e/212868/GTN/outputs/ntn/hearth/MPO2TypeI_rg5_init0.1/L4_bd12_seed42 | already completed successfully (val_quality=0.5111111111111111) val=0.5111
[2026-05-03 07:09:25,934][HYDRA] 	#1 : model.L=4 model.bond_dim=12 seed=10090 trainer.ridge=5 trainer.ridge_decay=0.25 trainer.ridge_min=0.0001 +experiment=uci_ntn_sweep model=mpo2_typei dataset=hearth
[2026-05-03 07:09:26,082][__main__][INFO] - ⏭ SKIP MPO2TypeI/hearth/NTN L=4 bd=12 seed=10090 -> /zhome/6b/e/212868/GTN/outputs/ntn/hearth/MPO2TypeI_rg5_init0.1/L4_bd12_seed10090 | already completed successfully (val_quality=0.5111111111111111) val=0.5111
[2026-05-03 07:09:26,084][HYDRA] 	#2 : model.L=4 model.bond_dim=12 seed=32874 trainer.ridge=5 trainer.ridge_decay=0.25 trainer.ridge_min=0.0001 +experiment=uci_ntn_sweep model=mpo2_typei dataset=hearth
[2026-05-03 07:09:26,233][__main__][INFO] - ⏭ SKIP MPO2TypeI/hearth/NTN L=4 bd=12 seed=32874 -> /zhome/6b/e/212868/GTN/outputs/ntn/hearth/MPO2TypeI_rg5_init0.1/L4_bd12_seed32874 | already completed successfully (val_quality=0.5111111111111111) val=0.5111
[2026-05-03 07:09:26,234][HYDRA] 	#3 : model.L=4 model.bond_dim=12 seed=47311 trainer.ridge=5 trainer.ridge_decay=0.25 trainer.ridge_min=0.0001 +experiment=uci_ntn_sweep model=mpo2_typei dataset=hearth
[2026-05-03 07:09:26,385][__main__][INFO] - ⏭ SKIP MPO2TypeI/hearth/NTN L=4 bd=12 seed=47311 -> /zhome/6b/e/212868/GTN/outputs/ntn/hearth/MPO2TypeI_rg5_init0.1/L4_bd12_seed47311 | already completed successfully (val_quality=0.5111111111111111) val=0.5111
[2026-05-03 07:09:26,386][HYDRA] 	#4 : model.L=4 model.bond_dim=12 seed=47303 trainer.ridge=5 trainer.ridge_decay=0.25 trainer.ridge_min=0.0001 +experiment=uci_ntn_sweep model=mpo2_typei dataset=hearth
[2026-05-03 07:09:26,534][__main__][INFO] - ⏭ SKIP MPO2TypeI/hearth/NTN L=4 bd=12 seed=47303 -> /zhome/6b/e/212868/GTN/outputs/ntn/hearth/MPO2TypeI_rg5_init0.1/L4_bd12_seed47303 | already completed successfully (val_quality=0.5111111111111111) val=0.5111
[2026-05-03 07:09:26,536][HYDRA] 	#5 : model.L=4 model.bond_dim=8 seed=42 trainer.ridge=5 trainer.ridge_decay=0.25 trainer.ridge_min=0.0001 +experiment=uci_ntn_sweep model=mpo2_typei dataset=hearth
[2026-05-03 07:09:26,685][__main__][INFO] - ⏭ SKIP MPO2TypeI/hearth/NTN L=4 bd=8 seed=42 -> /zhome/6b/e/212868/GTN/outputs/ntn/hearth/MPO2TypeI_rg5_init0.1/L4_bd8_seed42 | already completed successfully (val_quality=0.5111111111111111) val=0.5111
[2026-05-03 07:09:26,687][HYDRA] 	#6 : model.L=4 model.bond_dim=8 seed=10090 trainer.ridge=5 trainer.ridge_decay=0.25 trainer.ridge_min=0.0001 +experiment=uci_ntn_sweep model=mpo2_typei dataset=hearth
[2026-05-03 07:09:26,836][__main__][INFO] - ⏭ SKIP MPO2TypeI/hearth/NTN L=4 bd=8 seed=10090 -> /zhome/6b/e/212868/GTN/outputs/ntn/hearth/MPO2TypeI_rg5_init0.1/L4_bd8_seed10090 | already completed successfully (val_quality=0.5111111111111111) val=0.5111
[2026-05-03 07:09:26,837][HYDRA] 	#7 : model.L=4 model.bond_dim=8 seed=32874 trainer.ridge=5 trainer.ridge_decay=0.25 trainer.ridge_min=0.0001 +experiment=uci_ntn_sweep model=mpo2_typei dataset=hearth
[2026-05-03 07:09:27,015][__main__][INFO] - ⏭ SKIP MPO2TypeI/hearth/NTN L=4 bd=8 seed=32874 -> /zhome/6b/e/212868/GTN/outputs/ntn/hearth/MPO2TypeI_rg5_init0.1/L4_bd8_seed32874 | already completed successfully (val_quality=0.5111111111111111) val=0.5111
[2026-05-03 07:09:27,016][HYDRA] 	#8 : model.L=4 model.bond_dim=8 seed=47311 trainer.ridge=5 trainer.ridge_decay=0.25 trainer.ridge_min=0.0001 +experiment=uci_ntn_sweep model=mpo2_typei dataset=hearth
[2026-05-03 07:09:27,165][__main__][INFO] - ⏭ SKIP MPO2TypeI/hearth/NTN L=4 bd=8 seed=47311 -> /zhome/6b/e/212868/GTN/outputs/ntn/hearth/MPO2TypeI_rg5_init0.1/L4_bd8_seed47311 | already completed successfully (val_quality=0.5111111111111111) val=0.5111
[2026-05-03 07:09:27,167][HYDRA] 	#9 : model.L=4 model.bond_dim=8 seed=47303 trainer.ridge=5 trainer.ridge_decay=0.25 trainer.ridge_min=0.0001 +experiment=uci_ntn_sweep model=mpo2_typei dataset=hearth
[2026-05-03 07:09:27,316][__main__][INFO] - ⏭ SKIP MPO2TypeI/hearth/NTN L=4 bd=8 seed=47303 -> /zhome/6b/e/212868/GTN/outputs/ntn/hearth/MPO2TypeI_rg5_init0.1/L4_bd8_seed47303 | already completed successfully (val_quality=0.5111111111111111) val=0.5111
[2026-05-03 07:09:27,317][HYDRA] 	#10 : model.L=4 model.bond_dim=4 seed=42 trainer.ridge=5 trainer.ridge_decay=0.25 trainer.ridge_min=0.0001 +experiment=uci_ntn_sweep model=mpo2_typei dataset=hearth
[2026-05-03 07:09:27,467][__main__][INFO] - ⏭ SKIP MPO2TypeI/hearth/NTN L=4 bd=4 seed=42 -> /zhome/6b/e/212868/GTN/outputs/ntn/hearth/MPO2TypeI_rg5_init0.1/L4_bd4_seed42 | already completed successfully (val_quality=0.4666666666666667) val=0.4667
[2026-05-03 07:09:27,469][HYDRA] 	#11 : model.L=4 model.bond_dim=4 seed=10090 trainer.ridge=5 trainer.ridge_decay=0.25 trainer.ridge_min=0.0001 +experiment=uci_ntn_sweep model=mpo2_typei dataset=hearth
[2026-05-03 07:09:27,627][__main__][INFO] - ⏭ SKIP MPO2TypeI/hearth/NTN L=4 bd=4 seed=10090 -> /zhome/6b/e/212868/GTN/outputs/ntn/hearth/MPO2TypeI_rg5_init0.1/L4_bd4_seed10090 | already completed successfully (val_quality=0.5111111111111111) val=0.5111
[2026-05-03 07:09:27,629][HYDRA] 	#12 : model.L=4 model.bond_dim=4 seed=32874 trainer.ridge=5 trainer.ridge_decay=0.25 trainer.ridge_min=0.0001 +experiment=uci_ntn_sweep model=mpo2_typei dataset=hearth
[2026-05-03 07:09:27,779][__main__][INFO] - ⏭ SKIP MPO2TypeI/hearth/NTN L=4 bd=4 seed=32874 -> /zhome/6b/e/212868/GTN/outputs/ntn/hearth/MPO2TypeI_rg5_init0.1/L4_bd4_seed32874 | already completed successfully (val_quality=0.5111111111111111) val=0.5111
[2026-05-03 07:09:27,781][HYDRA] 	#13 : model.L=4 model.bond_dim=4 seed=47311 trainer.ridge=5 trainer.ridge_decay=0.25 trainer.ridge_min=0.0001 +experiment=uci_ntn_sweep model=mpo2_typei dataset=hearth
[2026-05-03 07:09:27,930][__main__][INFO] - ⏭ SKIP MPO2TypeI/hearth/NTN L=4 bd=4 seed=47311 -> /zhome/6b/e/212868/GTN/outputs/ntn/hearth/MPO2TypeI_rg5_init0.1/L4_bd4_seed47311 | already completed successfully (val_quality=0.5111111111111111) val=0.5111
[2026-05-03 07:09:27,932][HYDRA] 	#14 : model.L=4 model.bond_dim=4 seed=47303 trainer.ridge=5 trainer.ridge_decay=0.25 trainer.ridge_min=0.0001 +experiment=uci_ntn_sweep model=mpo2_typei dataset=hearth
[2026-05-03 07:09:28,084][__main__][INFO] - ⏭ SKIP MPO2TypeI/hearth/NTN L=4 bd=4 seed=47303 -> /zhome/6b/e/212868/GTN/outputs/ntn/hearth/MPO2TypeI_rg5_init0.1/L4_bd4_seed47303 | already completed successfully (val_quality=0.5111111111111111) val=0.5111
[2026-05-03 07:09:28,085][HYDRA] 	#15 : model.L=3 model.bond_dim=12 seed=42 trainer.ridge=5 trainer.ridge_decay=0.25 trainer.ridge_min=0.0001 +experiment=uci_ntn_sweep model=mpo2_typei dataset=hearth
[2026-05-03 07:09:28,234][__main__][INFO] - ⏭ SKIP MPO2TypeI/hearth/NTN L=3 bd=12 seed=42 -> /zhome/6b/e/212868/GTN/outputs/ntn/hearth/MPO2TypeI_rg5_init0.1/L3_bd12_seed42 | already completed successfully (val_quality=0.5111111111111111) val=0.5111
[2026-05-03 07:09:28,236][HYDRA] 	#16 : model.L=3 model.bond_dim=12 seed=10090 trainer.ridge=5 trainer.ridge_decay=0.25 trainer.ridge_min=0.0001 +experiment=uci_ntn_sweep model=mpo2_typei dataset=hearth
[2026-05-03 07:09:28,385][__main__][INFO] - ⏭ SKIP MPO2TypeI/hearth/NTN L=3 bd=12 seed=10090 -> /zhome/6b/e/212868/GTN/outputs/ntn/hearth/MPO2TypeI_rg5_init0.1/L3_bd12_seed10090 | already completed successfully (val_quality=0.4888888888888889) val=0.4889
[2026-05-03 07:09:28,387][HYDRA] 	#17 : model.L=3 model.bond_dim=12 seed=32874 trainer.ridge=5 trainer.ridge_decay=0.25 trainer.ridge_min=0.0001 +experiment=uci_ntn_sweep model=mpo2_typei dataset=hearth
[2026-05-03 07:09:28,537][__main__][INFO] - ⏭ SKIP MPO2TypeI/hearth/NTN L=3 bd=12 seed=32874 -> /zhome/6b/e/212868/GTN/outputs/ntn/hearth/MPO2TypeI_rg5_init0.1/L3_bd12_seed32874 | already completed successfully (val_quality=0.5111111111111111) val=0.5111
[2026-05-03 07:09:28,539][HYDRA] 	#18 : model.L=3 model.bond_dim=12 seed=47311 trainer.ridge=5 trainer.ridge_decay=0.25 trainer.ridge_min=0.0001 +experiment=uci_ntn_sweep model=mpo2_typei dataset=hearth
[2026-05-03 07:09:28,687][__main__][INFO] - ⏭ SKIP MPO2TypeI/hearth/NTN L=3 bd=12 seed=47311 -> /zhome/6b/e/212868/GTN/outputs/ntn/hearth/MPO2TypeI_rg5_init0.1/L3_bd12_seed47311 | already completed successfully (val_quality=0.5111111111111111) val=0.5111
[2026-05-03 07:09:28,689][HYDRA] 	#19 : model.L=3 model.bond_dim=12 seed=47303 trainer.ridge=5 trainer.ridge_decay=0.25 trainer.ridge_min=0.0001 +experiment=uci_ntn_sweep model=mpo2_typei dataset=hearth
[2026-05-03 07:09:28,837][__main__][INFO] - ⏭ SKIP MPO2TypeI/hearth/NTN L=3 bd=12 seed=47303 -> /zhome/6b/e/212868/GTN/outputs/ntn/hearth/MPO2TypeI_rg5_init0.1/L3_bd12_seed47303 | already completed successfully (val_quality=0.5111111111111111) val=0.5111
[2026-05-03 07:09:28,839][HYDRA] 	#20 : model.L=3 model.bond_dim=8 seed=42 trainer.ridge=5 trainer.ridge_decay=0.25 trainer.ridge_min=0.0001 +experiment=uci_ntn_sweep model=mpo2_typei dataset=hearth
[2026-05-03 07:09:28,996][__main__][INFO] - ⏭ SKIP MPO2TypeI/hearth/NTN L=3 bd=8 seed=42 -> /zhome/6b/e/212868/GTN/outputs/ntn/hearth/MPO2TypeI_rg5_init0.1/L3_bd8_seed42 | already completed successfully (val_quality=0.5111111111111111) val=0.5111
[2026-05-03 07:09:28,998][HYDRA] 	#21 : model.L=3 model.bond_dim=8 seed=10090 trainer.ridge=5 trainer.ridge_decay=0.25 trainer.ridge_min=0.0001 +experiment=uci_ntn_sweep model=mpo2_typei dataset=hearth
[2026-05-03 07:09:29,150][__main__][INFO] - ⏭ SKIP MPO2TypeI/hearth/NTN L=3 bd=8 seed=10090 -> /zhome/6b/e/212868/GTN/outputs/ntn/hearth/MPO2TypeI_rg5_init0.1/L3_bd8_seed10090 | already completed successfully (val_quality=0.4888888888888889) val=0.4889
[2026-05-03 07:09:29,152][HYDRA] 	#22 : model.L=3 model.bond_dim=8 seed=32874 trainer.ridge=5 trainer.ridge_decay=0.25 trainer.ridge_min=0.0001 +experiment=uci_ntn_sweep model=mpo2_typei dataset=hearth
[2026-05-03 07:09:29,352][__main__][INFO] - ⏭ SKIP MPO2TypeI/hearth/NTN L=3 bd=8 seed=32874 -> /zhome/6b/e/212868/GTN/outputs/ntn/hearth/MPO2TypeI_rg5_init0.1/L3_bd8_seed32874 | already completed successfully (val_quality=0.5111111111111111) val=0.5111
[2026-05-03 07:09:29,353][HYDRA] 	#23 : model.L=3 model.bond_dim=8 seed=47311 trainer.ridge=5 trainer.ridge_decay=0.25 trainer.ridge_min=0.0001 +experiment=uci_ntn_sweep model=mpo2_typei dataset=hearth
[2026-05-03 07:09:29,506][__main__][INFO] - ⏭ SKIP MPO2TypeI/hearth/NTN L=3 bd=8 seed=47311 -> /zhome/6b/e/212868/GTN/outputs/ntn/hearth/MPO2TypeI_rg5_init0.1/L3_bd8_seed47311 | already completed successfully (val_quality=0.5111111111111111) val=0.5111
[2026-05-03 07:09:29,508][HYDRA] 	#24 : model.L=3 model.bond_dim=8 seed=47303 trainer.ridge=5 trainer.ridge_decay=0.25 trainer.ridge_min=0.0001 +experiment=uci_ntn_sweep model=mpo2_typei dataset=hearth
[2026-05-03 07:09:29,782][__main__][INFO] - ⏭ SKIP MPO2TypeI/hearth/NTN L=3 bd=8 seed=47303 -> /zhome/6b/e/212868/GTN/outputs/ntn/hearth/MPO2TypeI_rg5_init0.1/L3_bd8_seed47303 | already completed successfully (val_quality=0.4666666666666667) val=0.4667
[2026-05-03 07:09:29,784][HYDRA] 	#25 : model.L=3 model.bond_dim=4 seed=42 trainer.ridge=5 trainer.ridge_decay=0.25 trainer.ridge_min=0.0001 +experiment=uci_ntn_sweep model=mpo2_typei dataset=hearth
[2026-05-03 07:09:29,933][__main__][INFO] - ⏭ SKIP MPO2TypeI/hearth/NTN L=3 bd=4 seed=42 -> /zhome/6b/e/212868/GTN/outputs/ntn/hearth/MPO2TypeI_rg5_init0.1/L3_bd4_seed42 | already completed successfully (val_quality=0.4888888888888889) val=0.4889
[2026-05-03 07:09:29,934][HYDRA] 	#26 : model.L=3 model.bond_dim=4 seed=10090 trainer.ridge=5 trainer.ridge_decay=0.25 trainer.ridge_min=0.0001 +experiment=uci_ntn_sweep model=mpo2_typei dataset=hearth
[2026-05-03 07:09:30,348][__main__][INFO] - ⏭ SKIP MPO2TypeI/hearth/NTN L=3 bd=4 seed=10090 -> /zhome/6b/e/212868/GTN/outputs/ntn/hearth/MPO2TypeI_rg5_init0.1/L3_bd4_seed10090 | already completed successfully (val_quality=0.5555555555555556) val=0.5556
[2026-05-03 07:09:30,349][HYDRA] 	#27 : model.L=3 model.bond_dim=4 seed=32874 trainer.ridge=5 trainer.ridge_decay=0.25 trainer.ridge_min=0.0001 +experiment=uci_ntn_sweep model=mpo2_typei dataset=hearth
[2026-05-03 07:09:30,499][__main__][INFO] - ⏭ SKIP MPO2TypeI/hearth/NTN L=3 bd=4 seed=32874 -> /zhome/6b/e/212868/GTN/outputs/ntn/hearth/MPO2TypeI_rg5_init0.1/L3_bd4_seed32874 | already completed successfully (val_quality=0.5333333333333333) val=0.5333
[2026-05-03 07:09:30,500][HYDRA] 	#28 : model.L=3 model.bond_dim=4 seed=47311 trainer.ridge=5 trainer.ridge_decay=0.25 trainer.ridge_min=0.0001 +experiment=uci_ntn_sweep model=mpo2_typei dataset=hearth
[2026-05-03 07:09:30,649][__main__][INFO] - ⏭ SKIP MPO2TypeI/hearth/NTN L=3 bd=4 seed=47311 -> /zhome/6b/e/212868/GTN/outputs/ntn/hearth/MPO2TypeI_rg5_init0.1/L3_bd4_seed47311 | already completed successfully (val_quality=0.5333333333333333) val=0.5333
[2026-05-03 07:09:30,651][HYDRA] 	#29 : model.L=3 model.bond_dim=4 seed=47303 trainer.ridge=5 trainer.ridge_decay=0.25 trainer.ridge_min=0.0001 +experiment=uci_ntn_sweep model=mpo2_typei dataset=hearth
[2026-05-03 07:09:30,802][__main__][INFO] - ⏭ SKIP MPO2TypeI/hearth/NTN L=3 bd=4 seed=47303 -> /zhome/6b/e/212868/GTN/outputs/ntn/hearth/MPO2TypeI_rg5_init0.1/L3_bd4_seed47303 | already completed successfully (val_quality=0.5111111111111111) val=0.5111

------------------------------------------------------------
Sender: LSF System <lsfadmin@hpc.dtu.dk>
Subject: Job 28339356[66]: <ntn_grid_full[1-150]%20> in cluster <dcc> Done

Job <ntn_grid_full[1-150]%20> was submitted from host <hpclogin1> by user <nicci> in cluster <dcc> at Sun May  3 07:01:17 2026
Job was executed on host(s) <6*n-62-31-23>, in queue <hpc>, as user <nicci> in cluster <dcc> at Sun May  3 07:09:15 2026
</zhome/6b/e/212868> was used as the home directory.
</zhome/6b/e/212868/GTN> was used as the working directory.
Started at Sun May  3 07:09:15 2026
Terminated at Sun May  3 07:09:31 2026
Results reported at Sun May  3 07:09:31 2026

Your job looked like:

------------------------------------------------------------
# LSBATCH: User input
#!/bin/bash
#BSUB -q hpc
#BSUB -J "ntn_grid_full[1-150]%20"
#BSUB -W 8:00
#BSUB -n 6
#BSUB -R "rusage[mem=750MB]"
#BSUB -R "span[hosts=1]"
#BSUB -o logs/%J_%I.out
#BSUB -e logs/%J_%I.err

MODELS=("cpda" "cpda_typei" "lmpo2" "lmpo2_typei" "mpo2" "mpo2_typei" "mmpo2" "mmpo2_typei" "tnml_f" "tnml_p")

DATASETS=(
    "abalone" "adult" "ai4i" "appliances" "bank" "bike" "breast"
    "car_evaluation" "concrete" "energy_efficiency" "hearth"
    "iris" "mushrooms" "obesity" "popularity" "realstate"
    "seoulBike" "student_dropout" "student_perf" "wine"
    "winequalityc"
)

COMPLETED_DATASETS=(
    "abalone" "bike" "concrete" "energy_efficiency"
    "iris" "realstate" )

# Filter datasets
FILTERED_DATASETS=()
for ds in "${DATASETS[@]}"; do
    skip=false
    for completed in "${COMPLETED_DATASETS[@]}"; do
        if [[ "$ds" == "$completed" ]]; then
            skip=true
            break
        fi
    done

    if ! $skip; then
        FILTERED_DATASETS+=("$ds")
    fi
done

DATASETS=("${FILTERED_DATASETS[@]}")

NUM_MODELS=${#MODELS[@]}
NUM_DATASETS=${#DATASETS[@]}
NUM_EXPERIMENTS=$((NUM_DATASETS * NUM_MODELS))

if [ "$1" == "test" ]; then
    echo "SIMULATING ARRAY:"
    echo "-----------------"


(... more ...)
------------------------------------------------------------

Successfully completed.

Resource usage summary:

    CPU time :                                   14.56 sec.
    Max Memory :                                 395 MB
    Average Memory :                             395.00 MB
    Total Requested Memory :                     4500.00 MB
    Delta Memory :                               4105.00 MB
    Max Swap :                                   -
    Max Processes :                              4
    Max Threads :                                15
    Run time :                                   16 sec.
    Turnaround time :                            494 sec.

The output (if any) is above this job summary.



PS:

Read file <logs/28339356_66.err> for stderr output of this job.

