Task 31: Dataset=bank, Model=cpda, Experiment=cpda_ntn_sweep
[2026-05-02 19:12:36,018][HYDRA] Launching 40 jobs locally
[2026-05-02 19:12:36,019][HYDRA] 	#0 : model.L=4 model.bond_dim=64 seed=42 trainer.ridge=5 trainer.ridge_decay=0.25 trainer.ridge_min=0.0001 +experiment=cpda_ntn_sweep model=cpda dataset=bank
[2026-05-02 19:12:36,322][utils.tracking][INFO] - Loaded 17971 tracked runs from runs_tracking.csv
[2026-05-02 19:12:36,325][__main__][INFO] - ▶ RUN CPDA/bank/NTN L=4 bd=64 seed=42 -> /zhome/6b/e/212868/GTN/outputs/ntn/bank/CPDA_rg5_init0.1/L4_bd64_seed42
Starting Fit: 20 epochs.
Sweep Order: ['Node0', 'Node1', 'Node2', 'Node3', 'Node2', 'Node1']
Validation: Using separate validation set for best model selection
Early stopping: patience=10, min_delta=0.001
Init    | Train: loss: 42035.61093 | quality: 0.56539
        | Val:   loss: 853.63370 | quality: 0.56591
Epoch 1 | Train: loss: 3411949740392532087201070984234177767030994161444728377862262097304630271335227392868507929703306135795179521074385726237167628406392934089427902266274957711600236317877717668127938734363029612551087325184.00000 | quality: 0.17989
        | Val:   loss: 32711965511858155611139638886820819231630272381357189826882645178135158732194612142917611474741221026080687164501548411593636111608605068708489221023681011965838011663467158039468179388937978974914478080.00000 | quality: 0.18534


✗ NaN loss at epoch 2 - stopping training

✗ Exception at epoch 2: NaN loss encountered during NTN optimization at epoch 2
[2026-05-02 19:14:13,349][__main__][WARNING] - ✗ SINGULAR CPDA/bank/NTN L=4 bd=64 seed=42 -> /zhome/6b/e/212868/GTN/outputs/ntn/bank/CPDA_rg5_init0.1/L4_bd64_seed42 | val=0.1853
[2026-05-02 19:14:13,353][HYDRA] 	#1 : model.L=4 model.bond_dim=64 seed=10090 trainer.ridge=5 trainer.ridge_decay=0.25 trainer.ridge_min=0.0001 +experiment=cpda_ntn_sweep model=cpda dataset=bank
[2026-05-02 19:14:13,529][__main__][INFO] - ▶ RUN CPDA/bank/NTN L=4 bd=64 seed=10090 -> /zhome/6b/e/212868/GTN/outputs/ntn/bank/CPDA_rg5_init0.1/L4_bd64_seed10090
Starting Fit: 20 epochs.
Sweep Order: ['Node0', 'Node1', 'Node2', 'Node3', 'Node2', 'Node1']
Validation: Using separate validation set for best model selection
Early stopping: patience=10, min_delta=0.001
Init    | Train: loss: 1927.78802 | quality: 0.53664
        | Val:   loss: 8146.52386 | quality: 0.53362
Epoch 1 | Train: loss: 9629233857496027663342799565143699937149773487646094152268416502370111032884410259118297299550208.00000 | quality: 0.17079
        | Val:   loss: 53267329584024101019657033057646919589203155776026496593211195179867396176024777260060414769627136.00000 | quality: 0.17340


✗ NaN loss at epoch 2 - stopping training

✗ Exception at epoch 2: NaN loss encountered during NTN optimization at epoch 2
[2026-05-02 19:15:44,073][__main__][WARNING] - ✗ SINGULAR CPDA/bank/NTN L=4 bd=64 seed=10090 -> /zhome/6b/e/212868/GTN/outputs/ntn/bank/CPDA_rg5_init0.1/L4_bd64_seed10090 | val=0.1734
[2026-05-02 19:15:44,081][HYDRA] 	#2 : model.L=4 model.bond_dim=64 seed=32874 trainer.ridge=5 trainer.ridge_decay=0.25 trainer.ridge_min=0.0001 +experiment=cpda_ntn_sweep model=cpda dataset=bank
[2026-05-02 19:15:44,257][__main__][INFO] - ▶ RUN CPDA/bank/NTN L=4 bd=64 seed=32874 -> /zhome/6b/e/212868/GTN/outputs/ntn/bank/CPDA_rg5_init0.1/L4_bd64_seed32874
Starting Fit: 20 epochs.
Sweep Order: ['Node0', 'Node1', 'Node2', 'Node3', 'Node2', 'Node1']
Validation: Using separate validation set for best model selection
Early stopping: patience=10, min_delta=0.001
Init    | Train: loss: 919.00722 | quality: 0.53048
        | Val:   loss: 2346.94716 | quality: 0.52448
Epoch 1 | Train: loss: 330609186354335371715224801230633023974195056208543704530102217379382558720.00000 | quality: 0.61541
        | Val:   loss: 1248850061292661378477195814792115464134934456046768457277888017743392800768.00000 | quality: 0.60779
 *

✗ NaN loss at epoch 2 - stopping training

✗ Exception at epoch 2: NaN loss encountered during NTN optimization at epoch 2
[2026-05-02 19:17:13,108][__main__][WARNING] - ✗ SINGULAR CPDA/bank/NTN L=4 bd=64 seed=32874 -> /zhome/6b/e/212868/GTN/outputs/ntn/bank/CPDA_rg5_init0.1/L4_bd64_seed32874 | val=0.6078
[2026-05-02 19:17:13,116][HYDRA] 	#3 : model.L=4 model.bond_dim=64 seed=47311 trainer.ridge=5 trainer.ridge_decay=0.25 trainer.ridge_min=0.0001 +experiment=cpda_ntn_sweep model=cpda dataset=bank
[2026-05-02 19:17:13,300][__main__][INFO] - ▶ RUN CPDA/bank/NTN L=4 bd=64 seed=47311 -> /zhome/6b/e/212868/GTN/outputs/ntn/bank/CPDA_rg5_init0.1/L4_bd64_seed47311
Starting Fit: 20 epochs.
Sweep Order: ['Node0', 'Node1', 'Node2', 'Node3', 'Node2', 'Node1']
Validation: Using separate validation set for best model selection
Early stopping: patience=10, min_delta=0.001
Init    | Train: loss: 9475.38440 | quality: 0.60088
        | Val:   loss: 2186.36964 | quality: 0.61000
Epoch 1 | Train: loss: 6951794214187857446054700159508105786889816548798942032504136568243717033884071588765958042498564754505728.00000 | quality: 0.18229
        | Val:   loss: 67940696259655570083994304404168946919105025624233028461888347554861375238357830560339238108749142949888.00000 | quality: 0.18048


✗ NaN loss at epoch 2 - stopping training

✗ Exception at epoch 2: NaN loss encountered during NTN optimization at epoch 2
[2026-05-02 19:18:55,702][__main__][WARNING] - ✗ SINGULAR CPDA/bank/NTN L=4 bd=64 seed=47311 -> /zhome/6b/e/212868/GTN/outputs/ntn/bank/CPDA_rg5_init0.1/L4_bd64_seed47311 | val=0.1805
[2026-05-02 19:18:55,706][HYDRA] 	#4 : model.L=4 model.bond_dim=64 seed=47303 trainer.ridge=5 trainer.ridge_decay=0.25 trainer.ridge_min=0.0001 +experiment=cpda_ntn_sweep model=cpda dataset=bank
[2026-05-02 19:18:55,879][__main__][INFO] - ▶ RUN CPDA/bank/NTN L=4 bd=64 seed=47303 -> /zhome/6b/e/212868/GTN/outputs/ntn/bank/CPDA_rg5_init0.1/L4_bd64_seed47303
Starting Fit: 20 epochs.
Sweep Order: ['Node0', 'Node1', 'Node2', 'Node3', 'Node2', 'Node1']
Validation: Using separate validation set for best model selection
Early stopping: patience=10, min_delta=0.001
Init    | Train: loss: 41050.45053 | quality: 0.58258
        | Val:   loss: 2680.21396 | quality: 0.58596

✗ NaN loss at epoch 1 - stopping training

✗ Exception at epoch 1: NaN loss encountered during NTN optimization at epoch 1
[2026-05-02 19:19:57,309][__main__][WARNING] - ✗ SINGULAR CPDA/bank/NTN L=4 bd=64 seed=47303 -> /zhome/6b/e/212868/GTN/outputs/ntn/bank/CPDA_rg5_init0.1/L4_bd64_seed47303 | val=None
[2026-05-02 19:19:57,321][HYDRA] 	#5 : model.L=4 model.bond_dim=32 seed=42 trainer.ridge=5 trainer.ridge_decay=0.25 trainer.ridge_min=0.0001 +experiment=cpda_ntn_sweep model=cpda dataset=bank
[2026-05-02 19:19:57,500][__main__][INFO] - ▶ RUN CPDA/bank/NTN L=4 bd=32 seed=42 -> /zhome/6b/e/212868/GTN/outputs/ntn/bank/CPDA_rg5_init0.1/L4_bd32_seed42
Starting Fit: 20 epochs.
Sweep Order: ['Node0', 'Node1', 'Node2', 'Node3', 'Node2', 'Node1']
Validation: Using separate validation set for best model selection
Early stopping: patience=10, min_delta=0.001
Init    | Train: loss: 4754.09075 | quality: 0.37726
        | Val:   loss: 718.71798 | quality: 0.37083
Epoch 1 | Train: loss: 6784545853642128188156109427633077664110487587341659338527372941278104413008493889643069148772412813841322137535858564948293222226462947178396012399097866391098463844114639003051397160774926336.00000 | quality: 0.17897
        | Val:   loss: 61804218826831750112809510780444073339573014662279358661468556877393484212426125387460215285604861004202757499880743515438376748548555981536139356246398853234979250176392228577007080833024000.00000 | quality: 0.18180


✗ NaN loss at epoch 2 - stopping training

✗ Exception at epoch 2: NaN loss encountered during NTN optimization at epoch 2
[2026-05-02 19:20:49,850][__main__][WARNING] - ✗ SINGULAR CPDA/bank/NTN L=4 bd=32 seed=42 -> /zhome/6b/e/212868/GTN/outputs/ntn/bank/CPDA_rg5_init0.1/L4_bd32_seed42 | val=0.1818
[2026-05-02 19:20:49,857][HYDRA] 	#6 : model.L=4 model.bond_dim=32 seed=10090 trainer.ridge=5 trainer.ridge_decay=0.25 trainer.ridge_min=0.0001 +experiment=cpda_ntn_sweep model=cpda dataset=bank
[2026-05-02 19:20:50,288][__main__][INFO] - ▶ RUN CPDA/bank/NTN L=4 bd=32 seed=10090 -> /zhome/6b/e/212868/GTN/outputs/ntn/bank/CPDA_rg5_init0.1/L4_bd32_seed10090
Starting Fit: 20 epochs.
Sweep Order: ['Node0', 'Node1', 'Node2', 'Node3', 'Node2', 'Node1']
Validation: Using separate validation set for best model selection
Early stopping: patience=10, min_delta=0.001
Init    | Train: loss: 29235.42355 | quality: 0.47237
        | Val:   loss: 689.46491 | quality: 0.47434

✗ NaN loss at epoch 1 - stopping training

✗ Exception at epoch 1: NaN loss encountered during NTN optimization at epoch 1
[2026-05-02 19:21:09,434][__main__][WARNING] - ✗ SINGULAR CPDA/bank/NTN L=4 bd=32 seed=10090 -> /zhome/6b/e/212868/GTN/outputs/ntn/bank/CPDA_rg5_init0.1/L4_bd32_seed10090 | val=None
[2026-05-02 19:21:09,438][HYDRA] 	#7 : model.L=4 model.bond_dim=32 seed=32874 trainer.ridge=5 trainer.ridge_decay=0.25 trainer.ridge_min=0.0001 +experiment=cpda_ntn_sweep model=cpda dataset=bank
[2026-05-02 19:21:09,614][__main__][INFO] - ▶ RUN CPDA/bank/NTN L=4 bd=32 seed=32874 -> /zhome/6b/e/212868/GTN/outputs/ntn/bank/CPDA_rg5_init0.1/L4_bd32_seed32874
Starting Fit: 20 epochs.
Sweep Order: ['Node0', 'Node1', 'Node2', 'Node3', 'Node2', 'Node1']
Validation: Using separate validation set for best model selection
Early stopping: patience=10, min_delta=0.001
Init    | Train: loss: 658.77142 | quality: 0.43871
        | Val:   loss: 520.97966 | quality: 0.43512

✗ NaN loss at epoch 1 - stopping training

✗ Exception at epoch 1: NaN loss encountered during NTN optimization at epoch 1
[2026-05-02 19:21:29,222][__main__][WARNING] - ✗ SINGULAR CPDA/bank/NTN L=4 bd=32 seed=32874 -> /zhome/6b/e/212868/GTN/outputs/ntn/bank/CPDA_rg5_init0.1/L4_bd32_seed32874 | val=None
[2026-05-02 19:21:29,227][HYDRA] 	#8 : model.L=4 model.bond_dim=32 seed=47311 trainer.ridge=5 trainer.ridge_decay=0.25 trainer.ridge_min=0.0001 +experiment=cpda_ntn_sweep model=cpda dataset=bank
[2026-05-02 19:21:29,442][__main__][INFO] - ▶ RUN CPDA/bank/NTN L=4 bd=32 seed=47311 -> /zhome/6b/e/212868/GTN/outputs/ntn/bank/CPDA_rg5_init0.1/L4_bd32_seed47311
Starting Fit: 20 epochs.
Sweep Order: ['Node0', 'Node1', 'Node2', 'Node3', 'Node2', 'Node1']
Validation: Using separate validation set for best model selection
Early stopping: patience=10, min_delta=0.001
Init    | Train: loss: 628.53496 | quality: 0.48260
        | Val:   loss: 555.07773 | quality: 0.48732
Epoch 1 | Train: loss: 466842710415645586249689984789538828860091544797978820608.00000 | quality: 0.28989
        | Val:   loss: 2584467460672931854701782500613906499810596111409230118912.00000 | quality: 0.29667


✗ NaN loss at epoch 2 - stopping training

✗ Exception at epoch 2: NaN loss encountered during NTN optimization at epoch 2
[2026-05-02 19:22:05,142][__main__][WARNING] - ✗ SINGULAR CPDA/bank/NTN L=4 bd=32 seed=47311 -> /zhome/6b/e/212868/GTN/outputs/ntn/bank/CPDA_rg5_init0.1/L4_bd32_seed47311 | val=0.2967
[2026-05-02 19:22:05,145][HYDRA] 	#9 : model.L=4 model.bond_dim=32 seed=47303 trainer.ridge=5 trainer.ridge_decay=0.25 trainer.ridge_min=0.0001 +experiment=cpda_ntn_sweep model=cpda dataset=bank
[2026-05-02 19:22:05,318][__main__][INFO] - ▶ RUN CPDA/bank/NTN L=4 bd=32 seed=47303 -> /zhome/6b/e/212868/GTN/outputs/ntn/bank/CPDA_rg5_init0.1/L4_bd32_seed47303
Starting Fit: 20 epochs.
Sweep Order: ['Node0', 'Node1', 'Node2', 'Node3', 'Node2', 'Node1']
Validation: Using separate validation set for best model selection
Early stopping: patience=10, min_delta=0.001
Init    | Train: loss: 425.66306 | quality: 0.48390
        | Val:   loss: 440.59708 | quality: 0.48791
Epoch 1 | Train: loss: 177064743830836200825821905392191221656105278810674429952.00000 | quality: 0.50087
        | Val:   loss: 1867299931375704692071790084666802454627193770255319040.00000 | quality: 0.49985
 *

✗ NaN loss at epoch 2 - stopping training

✗ Exception at epoch 2: NaN loss encountered during NTN optimization at epoch 2
[2026-05-02 19:22:37,722][__main__][WARNING] - ✗ SINGULAR CPDA/bank/NTN L=4 bd=32 seed=47303 -> /zhome/6b/e/212868/GTN/outputs/ntn/bank/CPDA_rg5_init0.1/L4_bd32_seed47303 | val=0.4999
[2026-05-02 19:22:37,725][HYDRA] 	#10 : model.L=4 model.bond_dim=16 seed=42 trainer.ridge=5 trainer.ridge_decay=0.25 trainer.ridge_min=0.0001 +experiment=cpda_ntn_sweep model=cpda dataset=bank
[2026-05-02 19:22:37,902][__main__][INFO] - ▶ RUN CPDA/bank/NTN L=4 bd=16 seed=42 -> /zhome/6b/e/212868/GTN/outputs/ntn/bank/CPDA_rg5_init0.1/L4_bd16_seed42
Starting Fit: 20 epochs.
Sweep Order: ['Node0', 'Node1', 'Node2', 'Node3', 'Node2', 'Node1']
Validation: Using separate validation set for best model selection
Early stopping: patience=10, min_delta=0.001
Init    | Train: loss: 992.18528 | quality: 0.57734
        | Val:   loss: 1034.67389 | quality: 0.58803
Epoch 1 | Train: loss: 19884503574825367589964613089488442143933642556655969686320578560.00000 | quality: 0.65924
        | Val:   loss: 77726264740277554884425166612084819709603569116600874793047162880.00000 | quality: 0.66072
 *

✗ NaN loss at epoch 2 - stopping training

✗ Exception at epoch 2: NaN loss encountered during NTN optimization at epoch 2
[2026-05-02 19:23:05,099][__main__][WARNING] - ✗ SINGULAR CPDA/bank/NTN L=4 bd=16 seed=42 -> /zhome/6b/e/212868/GTN/outputs/ntn/bank/CPDA_rg5_init0.1/L4_bd16_seed42 | val=0.6607
[2026-05-02 19:23:05,106][HYDRA] 	#11 : model.L=4 model.bond_dim=16 seed=10090 trainer.ridge=5 trainer.ridge_decay=0.25 trainer.ridge_min=0.0001 +experiment=cpda_ntn_sweep model=cpda dataset=bank
[2026-05-02 19:23:05,285][__main__][INFO] - ▶ RUN CPDA/bank/NTN L=4 bd=16 seed=10090 -> /zhome/6b/e/212868/GTN/outputs/ntn/bank/CPDA_rg5_init0.1/L4_bd16_seed10090
Starting Fit: 20 epochs.
Sweep Order: ['Node0', 'Node1', 'Node2', 'Node3', 'Node2', 'Node1']
Validation: Using separate validation set for best model selection
Early stopping: patience=10, min_delta=0.001
Init    | Train: loss: 17490.18714 | quality: 0.41464
        | Val:   loss: 515.77159 | quality: 0.41065
Epoch 1 | Train: loss: 1851339059699907684592241308567491015946064681501829852793028224448503363024577363968.00000 | quality: 0.12232
        | Val:   loss: 18167396662156279184256833157814337042453549948568939994120807176449156766721114112.00000 | quality: 0.12695


✗ NaN loss at epoch 2 - stopping training

✗ Exception at epoch 2: NaN loss encountered during NTN optimization at epoch 2
[2026-05-02 19:23:25,449][__main__][WARNING] - ✗ SINGULAR CPDA/bank/NTN L=4 bd=16 seed=10090 -> /zhome/6b/e/212868/GTN/outputs/ntn/bank/CPDA_rg5_init0.1/L4_bd16_seed10090 | val=0.1270
[2026-05-02 19:23:25,454][HYDRA] 	#12 : model.L=4 model.bond_dim=16 seed=32874 trainer.ridge=5 trainer.ridge_decay=0.25 trainer.ridge_min=0.0001 +experiment=cpda_ntn_sweep model=cpda dataset=bank
[2026-05-02 19:23:25,634][__main__][INFO] - ▶ RUN CPDA/bank/NTN L=4 bd=16 seed=32874 -> /zhome/6b/e/212868/GTN/outputs/ntn/bank/CPDA_rg5_init0.1/L4_bd16_seed32874
Starting Fit: 20 epochs.
Sweep Order: ['Node0', 'Node1', 'Node2', 'Node3', 'Node2', 'Node1']
Validation: Using separate validation set for best model selection
Early stopping: patience=10, min_delta=0.001
Init    | Train: loss: 1824.64333 | quality: 0.47196
        | Val:   loss: 1449.67597 | quality: 0.46093
Epoch 1 | Train: loss: 206169841356456618214059617216754878049775776070781460283104721671336579053688804913545533187544951291904.00000 | quality: 0.19550
        | Val:   loss: 1917080160863257373909007324806141404304899117362108970951725903812313631902550929684178925660850356224.00000 | quality: 0.19876


✗ NaN loss at epoch 2 - stopping training

✗ Exception at epoch 2: NaN loss encountered during NTN optimization at epoch 2
[2026-05-02 19:23:45,167][__main__][WARNING] - ✗ SINGULAR CPDA/bank/NTN L=4 bd=16 seed=32874 -> /zhome/6b/e/212868/GTN/outputs/ntn/bank/CPDA_rg5_init0.1/L4_bd16_seed32874 | val=0.1988
[2026-05-02 19:23:45,174][HYDRA] 	#13 : model.L=4 model.bond_dim=16 seed=47311 trainer.ridge=5 trainer.ridge_decay=0.25 trainer.ridge_min=0.0001 +experiment=cpda_ntn_sweep model=cpda dataset=bank
[2026-05-02 19:23:45,352][__main__][INFO] - ▶ RUN CPDA/bank/NTN L=4 bd=16 seed=47311 -> /zhome/6b/e/212868/GTN/outputs/ntn/bank/CPDA_rg5_init0.1/L4_bd16_seed47311
Starting Fit: 20 epochs.
Sweep Order: ['Node0', 'Node1', 'Node2', 'Node3', 'Node2', 'Node1']
Validation: Using separate validation set for best model selection
Early stopping: patience=10, min_delta=0.001
Init    | Train: loss: 14956.61918 | quality: 0.47518
        | Val:   loss: 427.53070 | quality: 0.46240
Epoch 1 | Train: loss: 5545188108444675632566670609903343895032926416125487810739175424.00000 | quality: 0.14911
        | Val:   loss: 55911767431396250693931460849874558228234179898568142074413056.00000 | quality: 0.15615


✗ NaN loss at epoch 2 - stopping training

✗ Exception at epoch 2: NaN loss encountered during NTN optimization at epoch 2
[2026-05-02 19:24:05,079][__main__][WARNING] - ✗ SINGULAR CPDA/bank/NTN L=4 bd=16 seed=47311 -> /zhome/6b/e/212868/GTN/outputs/ntn/bank/CPDA_rg5_init0.1/L4_bd16_seed47311 | val=0.1561
[2026-05-02 19:24:05,081][HYDRA] 	#14 : model.L=4 model.bond_dim=16 seed=47303 trainer.ridge=5 trainer.ridge_decay=0.25 trainer.ridge_min=0.0001 +experiment=cpda_ntn_sweep model=cpda dataset=bank
[2026-05-02 19:24:05,262][__main__][INFO] - ▶ RUN CPDA/bank/NTN L=4 bd=16 seed=47303 -> /zhome/6b/e/212868/GTN/outputs/ntn/bank/CPDA_rg5_init0.1/L4_bd16_seed47303
Starting Fit: 20 epochs.
Sweep Order: ['Node0', 'Node1', 'Node2', 'Node3', 'Node2', 'Node1']
Validation: Using separate validation set for best model selection
Early stopping: patience=10, min_delta=0.001
Init    | Train: loss: 509.22982 | quality: 0.57746
        | Val:   loss: 1426.61183 | quality: 0.57815
Epoch 1 | Train: loss: 422926923517972300495993360740324229567308270799844834866328144822427299611468752398293068113152205589515475978949637141663735294786282098487564653360796562362940596992622418256184730848188839114047488.00000 | quality: 0.33450
        | Val:   loss: 2317931326327756944111966214186098744566785215760044769492111506620105411094953679320634937409569314955930777624758320802531554425006549558043667985712110289008041814844925087175093231559339281481728000.00000 | quality: 0.33073


✗ NaN loss at epoch 2 - stopping training

✗ Exception at epoch 2: NaN loss encountered during NTN optimization at epoch 2
[2026-05-02 19:24:24,957][__main__][WARNING] - ✗ SINGULAR CPDA/bank/NTN L=4 bd=16 seed=47303 -> /zhome/6b/e/212868/GTN/outputs/ntn/bank/CPDA_rg5_init0.1/L4_bd16_seed47303 | val=0.3307
[2026-05-02 19:24:24,962][HYDRA] 	#15 : model.L=4 model.bond_dim=8 seed=42 trainer.ridge=5 trainer.ridge_decay=0.25 trainer.ridge_min=0.0001 +experiment=cpda_ntn_sweep model=cpda dataset=bank
[2026-05-02 19:24:25,148][__main__][INFO] - ▶ RUN CPDA/bank/NTN L=4 bd=8 seed=42 -> /zhome/6b/e/212868/GTN/outputs/ntn/bank/CPDA_rg5_init0.1/L4_bd8_seed42
Starting Fit: 20 epochs.
Sweep Order: ['Node0', 'Node1', 'Node2', 'Node3', 'Node2', 'Node1']
Validation: Using separate validation set for best model selection
Early stopping: patience=10, min_delta=0.001
Init    | Train: loss: 12473.96841 | quality: 0.44349
        | Val:   loss: 246.48010 | quality: 0.43350
Epoch 1 | Train: loss: 19304237485862391845821918076489797225863677658726733528208877847688765243392.00000 | quality: 0.21323
        | Val:   loss: 186791235576193491524730464764757957278835444063277432220795470081865809920.00000 | quality: 0.21056


✗ NaN loss at epoch 2 - stopping training

✗ Exception at epoch 2: NaN loss encountered during NTN optimization at epoch 2
[2026-05-02 19:24:53,562][__main__][WARNING] - ✗ SINGULAR CPDA/bank/NTN L=4 bd=8 seed=42 -> /zhome/6b/e/212868/GTN/outputs/ntn/bank/CPDA_rg5_init0.1/L4_bd8_seed42 | val=0.2106
[2026-05-02 19:24:53,570][HYDRA] 	#16 : model.L=4 model.bond_dim=8 seed=10090 trainer.ridge=5 trainer.ridge_decay=0.25 trainer.ridge_min=0.0001 +experiment=cpda_ntn_sweep model=cpda dataset=bank
[2026-05-02 19:24:54,078][__main__][INFO] - ▶ RUN CPDA/bank/NTN L=4 bd=8 seed=10090 -> /zhome/6b/e/212868/GTN/outputs/ntn/bank/CPDA_rg5_init0.1/L4_bd8_seed10090
Starting Fit: 20 epochs.
Sweep Order: ['Node0', 'Node1', 'Node2', 'Node3', 'Node2', 'Node1']
Validation: Using separate validation set for best model selection
Early stopping: patience=10, min_delta=0.001
Init    | Train: loss: 366.24777 | quality: 0.38155
        | Val:   loss: 304.04749 | quality: 0.38248
Epoch 1 | Train: loss: 511519553248225755460370946129731256320.00000 | quality: 0.61902
        | Val:   loss: 1964440674982178125678537253321242050560.00000 | quality: 0.61457
 *

✗ NaN loss at epoch 2 - stopping training

✗ Exception at epoch 2: NaN loss encountered during NTN optimization at epoch 2
[2026-05-02 19:25:09,198][__main__][WARNING] - ✗ SINGULAR CPDA/bank/NTN L=4 bd=8 seed=10090 -> /zhome/6b/e/212868/GTN/outputs/ntn/bank/CPDA_rg5_init0.1/L4_bd8_seed10090 | val=0.6146
[2026-05-02 19:25:09,208][HYDRA] 	#17 : model.L=4 model.bond_dim=8 seed=32874 trainer.ridge=5 trainer.ridge_decay=0.25 trainer.ridge_min=0.0001 +experiment=cpda_ntn_sweep model=cpda dataset=bank
[2026-05-02 19:25:09,398][__main__][INFO] - ▶ RUN CPDA/bank/NTN L=4 bd=8 seed=32874 -> /zhome/6b/e/212868/GTN/outputs/ntn/bank/CPDA_rg5_init0.1/L4_bd8_seed32874
Starting Fit: 20 epochs.
Sweep Order: ['Node0', 'Node1', 'Node2', 'Node3', 'Node2', 'Node1']
Validation: Using separate validation set for best model selection
Early stopping: patience=10, min_delta=0.001
Init    | Train: loss: 152.60554 | quality: 0.44633
        | Val:   loss: 178.29497 | quality: 0.44426
Epoch 1 | Train: loss: 10931672060358584441777451123306064248832.00000 | quality: 0.62240
        | Val:   loss: 39072885283370419592499315146151610548224.00000 | quality: 0.62459
 *

✗ NaN loss at epoch 2 - stopping training

✗ Exception at epoch 2: NaN loss encountered during NTN optimization at epoch 2
[2026-05-02 19:25:24,380][__main__][WARNING] - ✗ SINGULAR CPDA/bank/NTN L=4 bd=8 seed=32874 -> /zhome/6b/e/212868/GTN/outputs/ntn/bank/CPDA_rg5_init0.1/L4_bd8_seed32874 | val=0.6246
[2026-05-02 19:25:24,388][HYDRA] 	#18 : model.L=4 model.bond_dim=8 seed=47311 trainer.ridge=5 trainer.ridge_decay=0.25 trainer.ridge_min=0.0001 +experiment=cpda_ntn_sweep model=cpda dataset=bank
[2026-05-02 19:25:24,578][__main__][INFO] - ▶ RUN CPDA/bank/NTN L=4 bd=8 seed=47311 -> /zhome/6b/e/212868/GTN/outputs/ntn/bank/CPDA_rg5_init0.1/L4_bd8_seed47311
Starting Fit: 20 epochs.
Sweep Order: ['Node0', 'Node1', 'Node2', 'Node3', 'Node2', 'Node1']
Validation: Using separate validation set for best model selection
Early stopping: patience=10, min_delta=0.001
Init    | Train: loss: 341.30498 | quality: 0.52618
        | Val:   loss: 767.83132 | quality: 0.51327
Epoch 1 | Train: loss: 2884776638221503119255900348808634423753775889697641165353053352271269593088.00000 | quality: 0.32098
        | Val:   loss: 15805990058806728964688843722146219099427341453908404960785614894227060162560.00000 | quality: 0.32719


✗ NaN loss at epoch 2 - stopping training

✗ Exception at epoch 2: NaN loss encountered during NTN optimization at epoch 2
[2026-05-02 19:25:40,562][__main__][WARNING] - ✗ SINGULAR CPDA/bank/NTN L=4 bd=8 seed=47311 -> /zhome/6b/e/212868/GTN/outputs/ntn/bank/CPDA_rg5_init0.1/L4_bd8_seed47311 | val=0.3272
[2026-05-02 19:25:40,569][HYDRA] 	#19 : model.L=4 model.bond_dim=8 seed=47303 trainer.ridge=5 trainer.ridge_decay=0.25 trainer.ridge_min=0.0001 +experiment=cpda_ntn_sweep model=cpda dataset=bank
[2026-05-02 19:25:40,743][__main__][INFO] - ▶ RUN CPDA/bank/NTN L=4 bd=8 seed=47303 -> /zhome/6b/e/212868/GTN/outputs/ntn/bank/CPDA_rg5_init0.1/L4_bd8_seed47303
Starting Fit: 20 epochs.
Sweep Order: ['Node0', 'Node1', 'Node2', 'Node3', 'Node2', 'Node1']
Validation: Using separate validation set for best model selection
Early stopping: patience=10, min_delta=0.001
Init    | Train: loss: 120.00798 | quality: 0.55114
        | Val:   loss: 272.05707 | quality: 0.54306
Epoch 1 | Train: loss: 6292241404204766874801376634888781824.00000 | quality: 0.66382
        | Val:   loss: 25782494983957320356220251419355119616.00000 | quality: 0.65880
 *

✗ NaN loss at epoch 2 - stopping training

✗ Exception at epoch 2: NaN loss encountered during NTN optimization at epoch 2
[2026-05-02 19:25:55,996][__main__][WARNING] - ✗ SINGULAR CPDA/bank/NTN L=4 bd=8 seed=47303 -> /zhome/6b/e/212868/GTN/outputs/ntn/bank/CPDA_rg5_init0.1/L4_bd8_seed47303 | val=0.6588
[2026-05-02 19:25:56,002][HYDRA] 	#20 : model.L=3 model.bond_dim=64 seed=42 trainer.ridge=5 trainer.ridge_decay=0.25 trainer.ridge_min=0.0001 +experiment=cpda_ntn_sweep model=cpda dataset=bank
[2026-05-02 19:25:56,186][__main__][INFO] - ▶ RUN CPDA/bank/NTN L=3 bd=64 seed=42 -> /zhome/6b/e/212868/GTN/outputs/ntn/bank/CPDA_rg5_init0.1/L3_bd64_seed42
Starting Fit: 20 epochs.
Sweep Order: ['Node0', 'Node1', 'Node2', 'Node1']
Validation: Using separate validation set for best model selection
Early stopping: patience=10, min_delta=0.001
Init    | Train: loss: 99.61315 | quality: 0.71520
        | Val:   loss: 158.47974 | quality: 0.71395
Epoch 1 | Train: loss: 36082941316.95071 | quality: 0.62006
        | Val:   loss: 98158378719.66658 | quality: 0.61663

Epoch 2 | Train: loss: 704486476758669666331605157796435897507196286218787777394245632.00000 | quality: 0.43767
        | Val:   loss: 1805666052973715653488838580320075329517677934879168090951647232.00000 | quality: 0.43704


✗ NaN loss at epoch 3 - stopping training

✗ Exception at epoch 3: NaN loss encountered during NTN optimization at epoch 3
[2026-05-02 19:27:33,717][__main__][WARNING] - ✗ SINGULAR CPDA/bank/NTN L=3 bd=64 seed=42 -> /zhome/6b/e/212868/GTN/outputs/ntn/bank/CPDA_rg5_init0.1/L3_bd64_seed42 | val=0.6166
[2026-05-02 19:27:33,724][HYDRA] 	#21 : model.L=3 model.bond_dim=64 seed=10090 trainer.ridge=5 trainer.ridge_decay=0.25 trainer.ridge_min=0.0001 +experiment=cpda_ntn_sweep model=cpda dataset=bank
[2026-05-02 19:27:33,903][__main__][INFO] - ▶ RUN CPDA/bank/NTN L=3 bd=64 seed=10090 -> /zhome/6b/e/212868/GTN/outputs/ntn/bank/CPDA_rg5_init0.1/L3_bd64_seed10090
Starting Fit: 20 epochs.
Sweep Order: ['Node0', 'Node1', 'Node2', 'Node1']
Validation: Using separate validation set for best model selection
Early stopping: patience=10, min_delta=0.001
Init    | Train: loss: 142.20903 | quality: 0.44870
        | Val:   loss: 185.26844 | quality: 0.45577
Epoch 1 | Train: loss: 16666002117288568367559776116146176.00000 | quality: 0.14671
        | Val:   loss: 19720813246300545805112236595740672.00000 | quality: 0.14892

Epoch 2 | Train: loss: 494364823815031728529792471608039363549744983127332557464787837206099923190615655596172064233489922287234159564934712404526810336163487407454140787519107960278229754695095439912530307480628202931855876644070341214208.00000 | quality: 0.17070
        | Val:   loss: 44917848076750393329089516907890627313868706369694827309037613242507884783954460129962118272186705072392508320816168412504584836420878231364692013535893936046653911404952310649226217840157244938221921818810790182912.00000 | quality: 0.17030


✗ NaN loss at epoch 3 - stopping training

✗ Exception at epoch 3: NaN loss encountered during NTN optimization at epoch 3
[2026-05-02 19:29:09,148][__main__][WARNING] - ✗ SINGULAR CPDA/bank/NTN L=3 bd=64 seed=10090 -> /zhome/6b/e/212868/GTN/outputs/ntn/bank/CPDA_rg5_init0.1/L3_bd64_seed10090 | val=0.1703
[2026-05-02 19:29:09,155][HYDRA] 	#22 : model.L=3 model.bond_dim=64 seed=32874 trainer.ridge=5 trainer.ridge_decay=0.25 trainer.ridge_min=0.0001 +experiment=cpda_ntn_sweep model=cpda dataset=bank
[2026-05-02 19:29:09,328][__main__][INFO] - ▶ RUN CPDA/bank/NTN L=3 bd=64 seed=32874 -> /zhome/6b/e/212868/GTN/outputs/ntn/bank/CPDA_rg5_init0.1/L3_bd64_seed32874
Starting Fit: 20 epochs.
Sweep Order: ['Node0', 'Node1', 'Node2', 'Node1']
Validation: Using separate validation set for best model selection
Early stopping: patience=10, min_delta=0.001
Init    | Train: loss: 140.93491 | quality: 0.44860
        | Val:   loss: 125.68290 | quality: 0.45178
Epoch 1 | Train: loss: 169846120295079.68750 | quality: 0.72140
        | Val:   loss: 386083766944109.81250 | quality: 0.72324
 *
Epoch 2 | Train: loss: 11505224436422155713173304984090756027216383207388710165763676610426323920878381666664448.00000 | quality: 0.23443
        | Val:   loss: 24314679774266847038833387053699280771016051370303178322946512952825470507201608711929856.00000 | quality: 0.23710


✗ NaN loss at epoch 3 - stopping training

✗ Exception at epoch 3: NaN loss encountered during NTN optimization at epoch 3
[2026-05-02 19:30:45,505][__main__][WARNING] - ✗ SINGULAR CPDA/bank/NTN L=3 bd=64 seed=32874 -> /zhome/6b/e/212868/GTN/outputs/ntn/bank/CPDA_rg5_init0.1/L3_bd64_seed32874 | val=0.7232
[2026-05-02 19:30:45,511][HYDRA] 	#23 : model.L=3 model.bond_dim=64 seed=47311 trainer.ridge=5 trainer.ridge_decay=0.25 trainer.ridge_min=0.0001 +experiment=cpda_ntn_sweep model=cpda dataset=bank
[2026-05-02 19:30:45,684][__main__][INFO] - ▶ RUN CPDA/bank/NTN L=3 bd=64 seed=47311 -> /zhome/6b/e/212868/GTN/outputs/ntn/bank/CPDA_rg5_init0.1/L3_bd64_seed47311
Starting Fit: 20 epochs.
Sweep Order: ['Node0', 'Node1', 'Node2', 'Node1']
Validation: Using separate validation set for best model selection
Early stopping: patience=10, min_delta=0.001
Init    | Train: loss: 295.46327 | quality: 0.32426
        | Val:   loss: 221.14985 | quality: 0.32468
Epoch 1 | Train: loss: 19556771116179303347172565418142701811207631427650835948263738522883809051168526660694837305861921141291663226394640384.00000 | quality: 0.39941
        | Val:   loss: 1635069801706721278084222119306452307077713627543957240395778734869443056762113545390831105562989719411966285656883200.00000 | quality: 0.40357
 *

✗ NaN loss at epoch 2 - stopping training

✗ Exception at epoch 2: NaN loss encountered during NTN optimization at epoch 2
[2026-05-02 19:31:54,538][__main__][WARNING] - ✗ SINGULAR CPDA/bank/NTN L=3 bd=64 seed=47311 -> /zhome/6b/e/212868/GTN/outputs/ntn/bank/CPDA_rg5_init0.1/L3_bd64_seed47311 | val=0.4036
[2026-05-02 19:31:54,541][HYDRA] 	#24 : model.L=3 model.bond_dim=64 seed=47303 trainer.ridge=5 trainer.ridge_decay=0.25 trainer.ridge_min=0.0001 +experiment=cpda_ntn_sweep model=cpda dataset=bank
[2026-05-02 19:31:54,712][__main__][INFO] - ▶ RUN CPDA/bank/NTN L=3 bd=64 seed=47303 -> /zhome/6b/e/212868/GTN/outputs/ntn/bank/CPDA_rg5_init0.1/L3_bd64_seed47303
Starting Fit: 20 epochs.
Sweep Order: ['Node0', 'Node1', 'Node2', 'Node1']
Validation: Using separate validation set for best model selection
Early stopping: patience=10, min_delta=0.001
Init    | Train: loss: 351.72870 | quality: 0.31305
        | Val:   loss: 199.52405 | quality: 0.31362
Epoch 1 | Train: loss: 385937551023.74969 | quality: 0.60932
        | Val:   loss: 29530284251.40930 | quality: 0.61442
 *
Epoch 2 | Train: loss: 3133852886484455419280502379284345568045742431179754915143295696896.00000 | quality: 0.18378
        | Val:   loss: 278847289311931518276949026781347262608364015005919200801516945408.00000 | quality: 0.18461


✗ NaN loss at epoch 3 - stopping training

✗ Exception at epoch 3: NaN loss encountered during NTN optimization at epoch 3
[2026-05-02 19:33:38,285][__main__][WARNING] - ✗ SINGULAR CPDA/bank/NTN L=3 bd=64 seed=47303 -> /zhome/6b/e/212868/GTN/outputs/ntn/bank/CPDA_rg5_init0.1/L3_bd64_seed47303 | val=0.6144
[2026-05-02 19:33:38,290][HYDRA] 	#25 : model.L=3 model.bond_dim=32 seed=42 trainer.ridge=5 trainer.ridge_decay=0.25 trainer.ridge_min=0.0001 +experiment=cpda_ntn_sweep model=cpda dataset=bank
[2026-05-02 19:33:38,465][__main__][INFO] - ▶ RUN CPDA/bank/NTN L=3 bd=32 seed=42 -> /zhome/6b/e/212868/GTN/outputs/ntn/bank/CPDA_rg5_init0.1/L3_bd32_seed42
Starting Fit: 20 epochs.
Sweep Order: ['Node0', 'Node1', 'Node2', 'Node1']
Validation: Using separate validation set for best model selection
Early stopping: patience=10, min_delta=0.001
Init    | Train: loss: 234.67579 | quality: 0.37792
        | Val:   loss: 109.88818 | quality: 0.37083
Epoch 1 | Train: loss: 6228955857049642598400.00000 | quality: 0.30805
        | Val:   loss: 516133824288153403392.00000 | quality: 0.30787

Epoch 2 | Train: loss: 14344748204379308860556528469285913437351178102311789290864055030807137262742166518001565328824178618243719090412307456592969728.00000 | quality: 0.17521
        | Val:   loss: 1281482932868324307996450271640028511278244993338444176800044683137211033775928424450331476002066406429760755392393938093473792.00000 | quality: 0.17561


✗ NaN loss at epoch 3 - stopping training

✗ Exception at epoch 3: NaN loss encountered during NTN optimization at epoch 3
[2026-05-02 19:34:17,039][__main__][WARNING] - ✗ SINGULAR CPDA/bank/NTN L=3 bd=32 seed=42 -> /zhome/6b/e/212868/GTN/outputs/ntn/bank/CPDA_rg5_init0.1/L3_bd32_seed42 | val=0.3079
[2026-05-02 19:34:17,042][HYDRA] 	#26 : model.L=3 model.bond_dim=32 seed=10090 trainer.ridge=5 trainer.ridge_decay=0.25 trainer.ridge_min=0.0001 +experiment=cpda_ntn_sweep model=cpda dataset=bank
[2026-05-02 19:34:17,223][__main__][INFO] - ▶ RUN CPDA/bank/NTN L=3 bd=32 seed=10090 -> /zhome/6b/e/212868/GTN/outputs/ntn/bank/CPDA_rg5_init0.1/L3_bd32_seed10090
Starting Fit: 20 epochs.
Sweep Order: ['Node0', 'Node1', 'Node2', 'Node1']
Validation: Using separate validation set for best model selection
Early stopping: patience=10, min_delta=0.001
Init    | Train: loss: 108.34173 | quality: 0.47202
        | Val:   loss: 186.20252 | quality: 0.47626
Epoch 1 | Train: loss: 10794381.67864 | quality: 0.70215
        | Val:   loss: 30894090.85615 | quality: 0.69817
 *
Epoch 2 | Train: loss: 229102650661736653754741505487034301588036386816.00000 | quality: 0.37011
        | Val:   loss: 593846738603322414822183219258638264461212778496.00000 | quality: 0.36523

Epoch 3 | Train: loss: 42621042540470724461097986125004135606658876546664313132367046051156265076350841528856502638337406704765669935847553070511640581758979672859611256150551468432756831373285170670408137027529178244295227030105966643664703400432627045805959084035466278264151395353458973997597533241606144.00000 | quality: 0.44443
        | Val:   loss: 108742273996226029354135052595592612541857298071288222812807872446692947536512203530049816423580217928329902307545082855285105877443833407533099364378074788880312259433945277917378893177361228044210097655215773373746410728975965573462659473108386140573984407153207682911393997161234432.00000 | quality: 0.44220


✗ NaN loss at epoch 4 - stopping training

✗ Exception at epoch 4: NaN loss encountered during NTN optimization at epoch 4
[2026-05-02 19:35:06,086][__main__][WARNING] - ✗ SINGULAR CPDA/bank/NTN L=3 bd=32 seed=10090 -> /zhome/6b/e/212868/GTN/outputs/ntn/bank/CPDA_rg5_init0.1/L3_bd32_seed10090 | val=0.6982
[2026-05-02 19:35:06,089][HYDRA] 	#27 : model.L=3 model.bond_dim=32 seed=32874 trainer.ridge=5 trainer.ridge_decay=0.25 trainer.ridge_min=0.0001 +experiment=cpda_ntn_sweep model=cpda dataset=bank
[2026-05-02 19:35:06,262][__main__][INFO] - ▶ RUN CPDA/bank/NTN L=3 bd=32 seed=32874 -> /zhome/6b/e/212868/GTN/outputs/ntn/bank/CPDA_rg5_init0.1/L3_bd32_seed32874
Starting Fit: 20 epochs.
Sweep Order: ['Node0', 'Node1', 'Node2', 'Node1']
Validation: Using separate validation set for best model selection
Early stopping: patience=10, min_delta=0.001
Init    | Train: loss: 211.20985 | quality: 0.53955
        | Val:   loss: 116.58824 | quality: 0.54556
Epoch 1 | Train: loss: 151552578480393498257081967312896.00000 | quality: 0.36342
        | Val:   loss: 12064183143998862432761599229952.00000 | quality: 0.36184

Epoch 2 | Train: loss: 168580755972190247513241624526103387928462966033134386319695554221094442138339461460544539335138542437880283176770354241785159276236901002501104832673973736414241187648584777683418107397275648.00000 | quality: 0.17705
        | Val:   loss: 14985142125440541848767530117664739780903501888359307503614271729682577360878028442117099711070781276747481624537021062259560415869128169533307351171558661301673344344749320709624212144259072.00000 | quality: 0.17738


✗ NaN loss at epoch 3 - stopping training

✗ Exception at epoch 3: NaN loss encountered during NTN optimization at epoch 3
[2026-05-02 19:35:43,866][__main__][WARNING] - ✗ SINGULAR CPDA/bank/NTN L=3 bd=32 seed=32874 -> /zhome/6b/e/212868/GTN/outputs/ntn/bank/CPDA_rg5_init0.1/L3_bd32_seed32874 | val=0.3618
[2026-05-02 19:35:43,874][HYDRA] 	#28 : model.L=3 model.bond_dim=32 seed=47311 trainer.ridge=5 trainer.ridge_decay=0.25 trainer.ridge_min=0.0001 +experiment=cpda_ntn_sweep model=cpda dataset=bank
[2026-05-02 19:35:44,051][__main__][INFO] - ▶ RUN CPDA/bank/NTN L=3 bd=32 seed=47311 -> /zhome/6b/e/212868/GTN/outputs/ntn/bank/CPDA_rg5_init0.1/L3_bd32_seed47311
Starting Fit: 20 epochs.
Sweep Order: ['Node0', 'Node1', 'Node2', 'Node1']
Validation: Using separate validation set for best model selection
Early stopping: patience=10, min_delta=0.001
Init    | Train: loss: 146.52332 | quality: 0.46184
        | Val:   loss: 241.70098 | quality: 0.46992
Epoch 1 | Train: loss: 113780672276635615232.00000 | quality: 0.72528
        | Val:   loss: 322825413425208688640.00000 | quality: 0.71881
 *
Epoch 2 | Train: loss: 2033946516787374728918587785288685036702122405399821148050591547782201841536229827453733122053514838286810687268192256.00000 | quality: 0.41445
        | Val:   loss: 5270020777301866997420189127674947500228959806654543441981206330109534240830455537551595646625011601743141059480780800.00000 | quality: 0.41669


✗ NaN loss at epoch 3 - stopping training

✗ Exception at epoch 3: NaN loss encountered during NTN optimization at epoch 3
[2026-05-02 19:36:21,911][__main__][WARNING] - ✗ SINGULAR CPDA/bank/NTN L=3 bd=32 seed=47311 -> /zhome/6b/e/212868/GTN/outputs/ntn/bank/CPDA_rg5_init0.1/L3_bd32_seed47311 | val=0.7188
[2026-05-02 19:36:21,915][HYDRA] 	#29 : model.L=3 model.bond_dim=32 seed=47303 trainer.ridge=5 trainer.ridge_decay=0.25 trainer.ridge_min=0.0001 +experiment=cpda_ntn_sweep model=cpda dataset=bank
[2026-05-02 19:36:22,086][__main__][INFO] - ▶ RUN CPDA/bank/NTN L=3 bd=32 seed=47303 -> /zhome/6b/e/212868/GTN/outputs/ntn/bank/CPDA_rg5_init0.1/L3_bd32_seed47303
Starting Fit: 20 epochs.
Sweep Order: ['Node0', 'Node1', 'Node2', 'Node1']
Validation: Using separate validation set for best model selection
Early stopping: patience=10, min_delta=0.001
Init    | Train: loss: 220.14249 | quality: 0.43657
        | Val:   loss: 91.31486 | quality: 0.44942
Epoch 1 | Train: loss: 107915968479943120240238395392.00000 | quality: 0.62508
        | Val:   loss: 9077273183016794985787817984.00000 | quality: 0.63197
 *
Epoch 2 | Train: loss: 2746082523164239566467863852637118769561135559985874455150725296479346198363993793510555233091218501981700148739988405802769028242432168846645029689487108146535861816655872.00000 | quality: 0.18052
        | Val:   loss: 244786488637100923340523518016831023642019364302179670949794790386113371750734867945533094714609140862922511644164106906237255227495910476959215278209885006062372723359744.00000 | quality: 0.18107


✗ NaN loss at epoch 3 - stopping training

✗ Exception at epoch 3: NaN loss encountered during NTN optimization at epoch 3
[2026-05-02 19:37:00,300][__main__][WARNING] - ✗ SINGULAR CPDA/bank/NTN L=3 bd=32 seed=47303 -> /zhome/6b/e/212868/GTN/outputs/ntn/bank/CPDA_rg5_init0.1/L3_bd32_seed47303 | val=0.6320
[2026-05-02 19:37:00,305][HYDRA] 	#30 : model.L=3 model.bond_dim=16 seed=42 trainer.ridge=5 trainer.ridge_decay=0.25 trainer.ridge_min=0.0001 +experiment=cpda_ntn_sweep model=cpda dataset=bank
[2026-05-02 19:37:00,475][__main__][INFO] - ▶ RUN CPDA/bank/NTN L=3 bd=16 seed=42 -> /zhome/6b/e/212868/GTN/outputs/ntn/bank/CPDA_rg5_init0.1/L3_bd16_seed42
Starting Fit: 20 epochs.
Sweep Order: ['Node0', 'Node1', 'Node2', 'Node1']
Validation: Using separate validation set for best model selection
Early stopping: patience=10, min_delta=0.001
Init    | Train: loss: 49.84517 | quality: 0.62957
        | Val:   loss: 57.72678 | quality: 0.62489
Epoch 1 | Train: loss: 4785823.74003 | quality: 0.49654
        | Val:   loss: 8101159.65485 | quality: 0.50044

Epoch 2 | Train: loss: 43066900701540790448115120148054016.00000 | quality: 0.25620
        | Val:   loss: 91234210321604526683878000844341248.00000 | quality: 0.25715

Epoch 3 | Train: loss: 585466267119994490215822984380412568122730918041769392285263600383835218569960451618838877352405302935255020400380971459094280039623597906790917496077468603437970997826189331612926878754947651378788860888067604480.00000 | quality: 0.21740
        | Val:   loss: 1193349752592736902405692196683494855938001597947032500927816722848223269910552109716630725859422042433089781500082743591594855198766985891044060705946414273054641523167699391569313102864536082154501272661403893760.00000 | quality: 0.22044


✗ NaN loss at epoch 4 - stopping training

✗ Exception at epoch 4: NaN loss encountered during NTN optimization at epoch 4
[2026-05-02 19:37:26,878][__main__][WARNING] - ✗ SINGULAR CPDA/bank/NTN L=3 bd=16 seed=42 -> /zhome/6b/e/212868/GTN/outputs/ntn/bank/CPDA_rg5_init0.1/L3_bd16_seed42 | val=0.5004
[2026-05-02 19:37:26,882][HYDRA] 	#31 : model.L=3 model.bond_dim=16 seed=10090 trainer.ridge=5 trainer.ridge_decay=0.25 trainer.ridge_min=0.0001 +experiment=cpda_ntn_sweep model=cpda dataset=bank
[2026-05-02 19:37:27,058][__main__][INFO] - ▶ RUN CPDA/bank/NTN L=3 bd=16 seed=10090 -> /zhome/6b/e/212868/GTN/outputs/ntn/bank/CPDA_rg5_init0.1/L3_bd16_seed10090
Starting Fit: 20 epochs.
Sweep Order: ['Node0', 'Node1', 'Node2', 'Node1']
Validation: Using separate validation set for best model selection
Early stopping: patience=10, min_delta=0.001
Init    | Train: loss: 83.61564 | quality: 0.47306
        | Val:   loss: 111.29073 | quality: 0.47243
Epoch 1 | Train: loss: 848400268.48820 | quality: 0.51269
        | Val:   loss: 2424639623.16847 | quality: 0.51180
 *
Epoch 2 | Train: loss: 89335027675579747234979783206051132533702730279155372993599955941443333673124618391257708576222218083984410257599477995577399854661558913418359179451620056049864727757255201054299029485532498114035807427142274244192462470405461785683427328.00000 | quality: 0.41302
        | Val:   loss: 231641398984399751492441290206819660855679472871626714736876142609743388952751319872477697902492429655939947491747237756559598552745530232072298313508835092468742967901455579925051829108680412787233386309254216910912643135782332572069003264.00000 | quality: 0.40888


✗ NaN loss at epoch 3 - stopping training

✗ Exception at epoch 3: NaN loss encountered during NTN optimization at epoch 3
[2026-05-02 19:37:48,091][__main__][WARNING] - ✗ SINGULAR CPDA/bank/NTN L=3 bd=16 seed=10090 -> /zhome/6b/e/212868/GTN/outputs/ntn/bank/CPDA_rg5_init0.1/L3_bd16_seed10090 | val=0.5118
[2026-05-02 19:37:48,094][HYDRA] 	#32 : model.L=3 model.bond_dim=16 seed=32874 trainer.ridge=5 trainer.ridge_decay=0.25 trainer.ridge_min=0.0001 +experiment=cpda_ntn_sweep model=cpda dataset=bank
[2026-05-02 19:37:48,276][__main__][INFO] - ▶ RUN CPDA/bank/NTN L=3 bd=16 seed=32874 -> /zhome/6b/e/212868/GTN/outputs/ntn/bank/CPDA_rg5_init0.1/L3_bd16_seed32874
Starting Fit: 20 epochs.
Sweep Order: ['Node0', 'Node1', 'Node2', 'Node1']
Validation: Using separate validation set for best model selection
Early stopping: patience=10, min_delta=0.001
Init    | Train: loss: 49.87529 | quality: 0.57525
        | Val:   loss: 55.98958 | quality: 0.58095
Epoch 1 | Train: loss: 5361604.11650 | quality: 0.49995
        | Val:   loss: 10476291.02101 | quality: 0.49838

Epoch 2 | Train: loss: 1221171864516517980864876904448.00000 | quality: 0.33795
        | Val:   loss: 2598688618299931387250123735040.00000 | quality: 0.33987

Epoch 3 | Train: loss: 9973562915747891116905568335063787336206908194226193892003421644236697451413144564879778045906723081915905552107194560237812834244702647909112963472548530928069174344276694425578529357824.00000 | quality: 0.22021
        | Val:   loss: 20414009250756370714042318280158207223799283742922147905113578965069632351426206980013033900610543680112429866330062329617426932651632606138112788548365986140073842783762155252876379684864.00000 | quality: 0.22368


✗ NaN loss at epoch 4 - stopping training

✗ Exception at epoch 4: NaN loss encountered during NTN optimization at epoch 4
[2026-05-02 19:38:14,744][__main__][WARNING] - ✗ SINGULAR CPDA/bank/NTN L=3 bd=16 seed=32874 -> /zhome/6b/e/212868/GTN/outputs/ntn/bank/CPDA_rg5_init0.1/L3_bd16_seed32874 | val=0.4984
[2026-05-02 19:38:14,750][HYDRA] 	#33 : model.L=3 model.bond_dim=16 seed=47311 trainer.ridge=5 trainer.ridge_decay=0.25 trainer.ridge_min=0.0001 +experiment=cpda_ntn_sweep model=cpda dataset=bank
[2026-05-02 19:38:14,922][__main__][INFO] - ▶ RUN CPDA/bank/NTN L=3 bd=16 seed=47311 -> /zhome/6b/e/212868/GTN/outputs/ntn/bank/CPDA_rg5_init0.1/L3_bd16_seed47311
Starting Fit: 20 epochs.
Sweep Order: ['Node0', 'Node1', 'Node2', 'Node1']
Validation: Using separate validation set for best model selection
Early stopping: patience=10, min_delta=0.001
Init    | Train: loss: 84.08280 | quality: 0.34923
        | Val:   loss: 110.22717 | quality: 0.34459
Epoch 1 | Train: loss: 5290933254.30607 | quality: 0.55617
        | Val:   loss: 405587094.09494 | quality: 0.55957
 *
Epoch 2 | Train: loss: 381715662731538729431991359699602350576190605159826444895879594843359982870470766198389184728662016.00000 | quality: 0.21288
        | Val:   loss: 33783157859165923035602804491112079538113441345228864085500462118343463577071688846827595702992896.00000 | quality: 0.21542


✗ NaN loss at epoch 3 - stopping training

✗ Exception at epoch 3: NaN loss encountered during NTN optimization at epoch 3
[2026-05-02 19:38:35,640][__main__][WARNING] - ✗ SINGULAR CPDA/bank/NTN L=3 bd=16 seed=47311 -> /zhome/6b/e/212868/GTN/outputs/ntn/bank/CPDA_rg5_init0.1/L3_bd16_seed47311 | val=0.5596
[2026-05-02 19:38:35,644][HYDRA] 	#34 : model.L=3 model.bond_dim=16 seed=47303 trainer.ridge=5 trainer.ridge_decay=0.25 trainer.ridge_min=0.0001 +experiment=cpda_ntn_sweep model=cpda dataset=bank
[2026-05-02 19:38:35,819][__main__][INFO] - ▶ RUN CPDA/bank/NTN L=3 bd=16 seed=47303 -> /zhome/6b/e/212868/GTN/outputs/ntn/bank/CPDA_rg5_init0.1/L3_bd16_seed47303
Starting Fit: 20 epochs.
Sweep Order: ['Node0', 'Node1', 'Node2', 'Node1']
Validation: Using separate validation set for best model selection
Early stopping: patience=10, min_delta=0.001
Init    | Train: loss: 111.67630 | quality: 0.45445
        | Val:   loss: 65.00045 | quality: 0.45945
Epoch 1 | Train: loss: 68406999684.85638 | quality: 0.78902
        | Val:   loss: 5143180773.68374 | quality: 0.78325
 *
Epoch 2 | Train: loss: 139257822913083080438958669230778834287899582944113070927720913786189303281744552642448354013344812891478470908308701411639701564994307998101975379437848564465130420615476577130807510257315784988048587901814809421845372505413289339972106620758175051480630820864.00000 | quality: 0.16697
        | Val:   loss: 12444500439884533507238718817851631352697730328423937632392952354787939093273841958752977218052402937885426709391162496719101781318150386808480296525663616700747535459330462366883046133211119203600783205406613049534098162359183331226737595654292920677464801280.00000 | quality: 0.16735


✗ NaN loss at epoch 3 - stopping training

✗ Exception at epoch 3: NaN loss encountered during NTN optimization at epoch 3
[2026-05-02 19:38:56,549][__main__][WARNING] - ✗ SINGULAR CPDA/bank/NTN L=3 bd=16 seed=47303 -> /zhome/6b/e/212868/GTN/outputs/ntn/bank/CPDA_rg5_init0.1/L3_bd16_seed47303 | val=0.7832
[2026-05-02 19:38:56,553][HYDRA] 	#35 : model.L=3 model.bond_dim=8 seed=42 trainer.ridge=5 trainer.ridge_decay=0.25 trainer.ridge_min=0.0001 +experiment=cpda_ntn_sweep model=cpda dataset=bank
[2026-05-02 19:38:56,728][__main__][INFO] - ▶ RUN CPDA/bank/NTN L=3 bd=8 seed=42 -> /zhome/6b/e/212868/GTN/outputs/ntn/bank/CPDA_rg5_init0.1/L3_bd8_seed42
Starting Fit: 20 epochs.
Sweep Order: ['Node0', 'Node1', 'Node2', 'Node1']
Validation: Using separate validation set for best model selection
Early stopping: patience=10, min_delta=0.001
Init    | Train: loss: 272.93285 | quality: 0.39966
        | Val:   loss: 48.63454 | quality: 0.40357
Epoch 1 | Train: loss: 2333172119.90293 | quality: 0.49126
        | Val:   loss: 171195192.90662 | quality: 0.49853
 *
Epoch 2 | Train: loss: 452563021301631599552445595307214528131631153152.00000 | quality: 0.17724
        | Val:   loss: 40416131011818675330755556452203086314406412288.00000 | quality: 0.17753

Epoch 3 | Train: loss: 1024150927163544223779342510769951252367907993515704053790604425110790807601812132015876227604164308870285526029609587624060708542629162412149027629514522739428740162189634541633755415536562000811393177892009182067596969336128507785406427140389985492975296615617749811374295083006860650872832.00000 | quality: 0.17597
        | Val:   loss: 91610905216244091264972101569572515030322513041648185417978859940571526976452012764357592688079042613373663617706161573972287794724735407776071370819657433908148122962061580441256839446324174287318009353798204684706667561101306778176333293626418833084722633692007563912881196368934534643712.00000 | quality: 0.17620


✗ NaN loss at epoch 4 - stopping training

✗ Exception at epoch 4: NaN loss encountered during NTN optimization at epoch 4
[2026-05-02 19:39:16,769][__main__][WARNING] - ✗ SINGULAR CPDA/bank/NTN L=3 bd=8 seed=42 -> /zhome/6b/e/212868/GTN/outputs/ntn/bank/CPDA_rg5_init0.1/L3_bd8_seed42 | val=0.4985
[2026-05-02 19:39:16,775][HYDRA] 	#36 : model.L=3 model.bond_dim=8 seed=10090 trainer.ridge=5 trainer.ridge_decay=0.25 trainer.ridge_min=0.0001 +experiment=cpda_ntn_sweep model=cpda dataset=bank
[2026-05-02 19:39:16,944][__main__][INFO] - ▶ RUN CPDA/bank/NTN L=3 bd=8 seed=10090 -> /zhome/6b/e/212868/GTN/outputs/ntn/bank/CPDA_rg5_init0.1/L3_bd8_seed10090
Starting Fit: 20 epochs.
Sweep Order: ['Node0', 'Node1', 'Node2', 'Node1']
Validation: Using separate validation set for best model selection
Early stopping: patience=10, min_delta=0.001
Init    | Train: loss: 103.13688 | quality: 0.27074
        | Val:   loss: 123.07361 | quality: 0.26674
Epoch 1 | Train: loss: 1430671860.08594 | quality: 0.27766
        | Val:   loss: 3644194423.86483 | quality: 0.28561
 *
Epoch 2 | Train: loss: 238068264450345248338429428035837777183122673913852956509067839074285387776.00000 | quality: 0.43676
        | Val:   loss: 609121590570128190388842617867351462101792328248054168379208627565566623744.00000 | quality: 0.43645
 *

✗ NaN loss at epoch 3 - stopping training

✗ Exception at epoch 3: NaN loss encountered during NTN optimization at epoch 3
[2026-05-02 19:39:32,629][__main__][WARNING] - ✗ SINGULAR CPDA/bank/NTN L=3 bd=8 seed=10090 -> /zhome/6b/e/212868/GTN/outputs/ntn/bank/CPDA_rg5_init0.1/L3_bd8_seed10090 | val=0.4364
[2026-05-02 19:39:32,634][HYDRA] 	#37 : model.L=3 model.bond_dim=8 seed=32874 trainer.ridge=5 trainer.ridge_decay=0.25 trainer.ridge_min=0.0001 +experiment=cpda_ntn_sweep model=cpda dataset=bank
[2026-05-02 19:39:32,873][__main__][INFO] - ▶ RUN CPDA/bank/NTN L=3 bd=8 seed=32874 -> /zhome/6b/e/212868/GTN/outputs/ntn/bank/CPDA_rg5_init0.1/L3_bd8_seed32874
Starting Fit: 20 epochs.
Sweep Order: ['Node0', 'Node1', 'Node2', 'Node1']
Validation: Using separate validation set for best model selection
Early stopping: patience=10, min_delta=0.001
Init    | Train: loss: 49.94858 | quality: 0.38929
        | Val:   loss: 47.83588 | quality: 0.37791
Epoch 1 | Train: loss: 62477912.59012 | quality: 0.55086
        | Val:   loss: 7116234.73822 | quality: 0.55677
 *

✗ NaN loss at epoch 2 - stopping training

✗ Exception at epoch 2: NaN loss encountered during NTN optimization at epoch 2
[2026-05-02 19:39:44,495][__main__][WARNING] - ✗ SINGULAR CPDA/bank/NTN L=3 bd=8 seed=32874 -> /zhome/6b/e/212868/GTN/outputs/ntn/bank/CPDA_rg5_init0.1/L3_bd8_seed32874 | val=0.5568
[2026-05-02 19:39:44,498][HYDRA] 	#38 : model.L=3 model.bond_dim=8 seed=47311 trainer.ridge=5 trainer.ridge_decay=0.25 trainer.ridge_min=0.0001 +experiment=cpda_ntn_sweep model=cpda dataset=bank
[2026-05-02 19:39:44,673][__main__][INFO] - ▶ RUN CPDA/bank/NTN L=3 bd=8 seed=47311 -> /zhome/6b/e/212868/GTN/outputs/ntn/bank/CPDA_rg5_init0.1/L3_bd8_seed47311
Starting Fit: 20 epochs.
Sweep Order: ['Node0', 'Node1', 'Node2', 'Node1']
Validation: Using separate validation set for best model selection
Early stopping: patience=10, min_delta=0.001
Init    | Train: loss: 63.54874 | quality: 0.39798
        | Val:   loss: 58.33857 | quality: 0.39664
Epoch 1 | Train: loss: 2333559.66513 | quality: 0.64240
        | Val:   loss: 1766060.76127 | quality: 0.64612
 *
Epoch 2 | Train: loss: 22807496813988067829160437605597649209589727017779404656900341366267093810854561171112927600574464.00000 | quality: 0.80071
        | Val:   loss: 18050785418791694446866061183921703874047172367244847561240590237709802891983407838904091603369984.00000 | quality: 0.80375
 *

✗ NaN loss at epoch 3 - stopping training

✗ Exception at epoch 3: NaN loss encountered during NTN optimization at epoch 3
[2026-05-02 19:40:00,230][__main__][WARNING] - ✗ SINGULAR CPDA/bank/NTN L=3 bd=8 seed=47311 -> /zhome/6b/e/212868/GTN/outputs/ntn/bank/CPDA_rg5_init0.1/L3_bd8_seed47311 | val=0.8037
[2026-05-02 19:40:00,236][HYDRA] 	#39 : model.L=3 model.bond_dim=8 seed=47303 trainer.ridge=5 trainer.ridge_decay=0.25 trainer.ridge_min=0.0001 +experiment=cpda_ntn_sweep model=cpda dataset=bank
[2026-05-02 19:40:00,450][__main__][INFO] - ▶ RUN CPDA/bank/NTN L=3 bd=8 seed=47303 -> /zhome/6b/e/212868/GTN/outputs/ntn/bank/CPDA_rg5_init0.1/L3_bd8_seed47303
Starting Fit: 20 epochs.
Sweep Order: ['Node0', 'Node1', 'Node2', 'Node1']
Validation: Using separate validation set for best model selection
Early stopping: patience=10, min_delta=0.001
Init    | Train: loss: 56.37272 | quality: 0.48390
        | Val:   loss: 46.27888 | quality: 0.47508
Epoch 1 | Train: loss: 6291970307.76400 | quality: 0.72828
        | Val:   loss: 461433724.31273 | quality: 0.72825
 *

✗ NaN loss at epoch 2 - stopping training

✗ Exception at epoch 2: NaN loss encountered during NTN optimization at epoch 2
[2026-05-02 19:40:12,130][__main__][WARNING] - ✗ SINGULAR CPDA/bank/NTN L=3 bd=8 seed=47303 -> /zhome/6b/e/212868/GTN/outputs/ntn/bank/CPDA_rg5_init0.1/L3_bd8_seed47303 | val=0.7283

------------------------------------------------------------
Sender: LSF System <lsfadmin@hpc.dtu.dk>
Subject: Job 28338018[31]: <ntn_grid_full[1-150]%20> in cluster <dcc> Done

Job <ntn_grid_full[1-150]%20> was submitted from host <hpclogin1> by user <nicci> in cluster <dcc> at Sat May  2 18:52:02 2026
Job was executed on host(s) <6*n-62-31-4>, in queue <hpc>, as user <nicci> in cluster <dcc> at Sat May  2 19:12:18 2026
</zhome/6b/e/212868> was used as the home directory.
</zhome/6b/e/212868/GTN> was used as the working directory.
Started at Sat May  2 19:12:18 2026
Terminated at Sat May  2 19:40:28 2026
Results reported at Sat May  2 19:40:28 2026

Your job looked like:

------------------------------------------------------------
# LSBATCH: User input
#!/bin/bash
#BSUB -q hpc
#BSUB -J "ntn_grid_full[1-150]%20"
#BSUB -W 8:00
#BSUB -n 6
#BSUB -R "rusage[mem=750MB]"
#BSUB -R "span[hosts=1]"
#BSUB -o logs/%J_%I.out
#BSUB -e logs/%J_%I.err

MODELS=("cpda" "cpda_typei" "lmpo2" "lmpo2_typei" "mpo2" "mpo2_typei" "mmpo2" "mmpo2_typei" "tnml_f" "tnml_p")

DATASETS=(
    "abalone" "adult" "ai4i" "appliances" "bank" "bike" "breast"
    "car_evaluation" "concrete" "energy_efficiency" "hearth"
    "iris" "mushrooms" "obesity" "popularity" "realstate"
    "seoulBike" "student_dropout" "student_perf" "wine"
    "winequalityc"
)

COMPLETED_DATASETS=(
    "abalone" "bike" "concrete" "energy_efficiency"
    "iris" "realstate" )

# Filter datasets
FILTERED_DATASETS=()
for ds in "${DATASETS[@]}"; do
    skip=false
    for completed in "${COMPLETED_DATASETS[@]}"; do
        if [[ "$ds" == "$completed" ]]; then
            skip=true
            break
        fi
    done

    if ! $skip; then
        FILTERED_DATASETS+=("$ds")
    fi
done

DATASETS=("${FILTERED_DATASETS[@]}")

NUM_MODELS=${#MODELS[@]}
NUM_DATASETS=${#DATASETS[@]}
NUM_EXPERIMENTS=$((NUM_DATASETS * NUM_MODELS))

if [ "$1" == "test" ]; then
    echo "SIMULATING ARRAY:"
    echo "-----------------"


(... more ...)
------------------------------------------------------------

Successfully completed.

Resource usage summary:

    CPU time :                                   8621.00 sec.
    Max Memory :                                 1294 MB
    Average Memory :                             682.64 MB
    Total Requested Memory :                     4500.00 MB
    Delta Memory :                               3206.00 MB
    Max Swap :                                   -
    Max Processes :                              6
    Max Threads :                                29
    Run time :                                   1689 sec.
    Turnaround time :                            2906 sec.

The output (if any) is above this job summary.



PS:

Read file <logs/28338018_31.err> for stderr output of this job.

