Task 76: Dataset=mushrooms, Model=mpo2_typei, Experiment=uci_ntn_sweep
[2026-05-02 20:38:50,912][HYDRA] Launching 30 jobs locally
[2026-05-02 20:38:50,912][HYDRA] 	#0 : model.L=4 model.bond_dim=12 seed=42 trainer.ridge=5 trainer.ridge_decay=0.25 trainer.ridge_min=0.0001 +experiment=uci_ntn_sweep model=mpo2_typei dataset=mushrooms
[2026-05-02 20:38:51,386][utils.tracking][INFO] - Loaded 17971 tracked runs from runs_tracking.csv
[2026-05-02 20:38:51,388][__main__][INFO] - ▶ RUN MPO2TypeI/mushrooms/NTN L=4 bd=12 seed=42 -> /zhome/6b/e/212868/GTN/outputs/ntn/mushrooms/MPO2TypeI_rg5_init0.1/L4_bd12_seed42
Starting Ensemble Fit: 20 epochs
Models: [(1, 1), (2, 2), (3, 3), (4, 4)]
Total nodes: 10
Validation: Using separate validation set
Early stopping: patience=10, min_delta=0.001
Init    | Train: loss: 0.75751 | quality: 0.46641
        | Val:   loss: 0.76005 | quality: 0.48154

Epoch 1 | Train: loss: 0.01885 | quality: 0.99455
        | Val:   loss: 0.02404 | quality: 0.99098
 *
Epoch 2 | Train: loss: 0.01058 | quality: 0.99455
        | Val:   loss: 0.01564 | quality: 0.99098

Epoch 3 | Train: loss: 0.00998 | quality: 0.99455
        | Val:   loss: 0.01494 | quality: 0.99098

Epoch 4 | Train: loss: 0.00984 | quality: 0.99455
        | Val:   loss: 0.01478 | quality: 0.99098

Epoch 5 | Train: loss: 0.00980 | quality: 0.99455
        | Val:   loss: 0.01473 | quality: 0.99098

Epoch 6 | Train: loss: 0.00979 | quality: 0.99455
        | Val:   loss: 0.01471 | quality: 0.99098

Epoch 7 | Train: loss: 0.00979 | quality: 0.99455
        | Val:   loss: 0.01471 | quality: 0.99098

Epoch 8 | Train: loss: 0.00979 | quality: 0.99455
        | Val:   loss: 0.01471 | quality: 0.99098

Epoch 9 | Train: loss: 0.00979 | quality: 0.99455
        | Val:   loss: 0.01471 | quality: 0.99098

Epoch 10 | Train: loss: 0.00979 | quality: 0.99455
        | Val:   loss: 0.01471 | quality: 0.99098

Epoch 11 | Train: loss: 0.00979 | quality: 0.99455
        | Val:   loss: 0.01471 | quality: 0.99098


Early stopping at epoch 11 (best was epoch 1)

Best epoch: 1 (val_quality=0.990976)
[2026-05-02 20:43:51,096][__main__][INFO] - ✓ DONE MPO2TypeI/mushrooms/NTN L=4 bd=12 seed=42 -> /zhome/6b/e/212868/GTN/outputs/ntn/mushrooms/MPO2TypeI_rg5_init0.1/L4_bd12_seed42 | val=0.9910
[2026-05-02 20:43:51,100][HYDRA] 	#1 : model.L=4 model.bond_dim=12 seed=10090 trainer.ridge=5 trainer.ridge_decay=0.25 trainer.ridge_min=0.0001 +experiment=uci_ntn_sweep model=mpo2_typei dataset=mushrooms
[2026-05-02 20:43:51,276][__main__][INFO] - ▶ RUN MPO2TypeI/mushrooms/NTN L=4 bd=12 seed=10090 -> /zhome/6b/e/212868/GTN/outputs/ntn/mushrooms/MPO2TypeI_rg5_init0.1/L4_bd12_seed10090
Starting Ensemble Fit: 20 epochs
Models: [(1, 1), (2, 2), (3, 3), (4, 4)]
Total nodes: 10
Validation: Using separate validation set
Early stopping: patience=10, min_delta=0.001
Init    | Train: loss: 0.51726 | quality: 0.70295
        | Val:   loss: 0.51471 | quality: 0.70550

Epoch 1 | Train: loss: 0.02307 | quality: 0.99367
        | Val:   loss: 0.03011 | quality: 0.98769
 *
Epoch 2 | Train: loss: 0.01143 | quality: 0.99455
        | Val:   loss: 0.01683 | quality: 0.99098
 *
Epoch 3 | Train: loss: 0.01010 | quality: 0.99455
        | Val:   loss: 0.01520 | quality: 0.99098

Epoch 4 | Train: loss: 0.00987 | quality: 0.99455
        | Val:   loss: 0.01485 | quality: 0.99098

Epoch 5 | Train: loss: 0.00981 | quality: 0.99455
        | Val:   loss: 0.01476 | quality: 0.99098

Epoch 6 | Train: loss: 0.00979 | quality: 0.99455
        | Val:   loss: 0.01472 | quality: 0.99098

Epoch 7 | Train: loss: 0.00979 | quality: 0.99455
        | Val:   loss: 0.01471 | quality: 0.99098

Epoch 8 | Train: loss: 0.00979 | quality: 0.99455
        | Val:   loss: 0.01471 | quality: 0.99098

Epoch 9 | Train: loss: 0.00979 | quality: 0.99455
        | Val:   loss: 0.01471 | quality: 0.99098

Epoch 10 | Train: loss: 0.00979 | quality: 0.99455
        | Val:   loss: 0.01471 | quality: 0.99098

Epoch 11 | Train: loss: 0.00979 | quality: 0.99455
        | Val:   loss: 0.01471 | quality: 0.99098

Epoch 12 | Train: loss: 0.00979 | quality: 0.99455
        | Val:   loss: 0.01471 | quality: 0.99098


Early stopping at epoch 12 (best was epoch 2)

Best epoch: 2 (val_quality=0.990976)
[2026-05-02 20:48:57,378][__main__][INFO] - ✓ DONE MPO2TypeI/mushrooms/NTN L=4 bd=12 seed=10090 -> /zhome/6b/e/212868/GTN/outputs/ntn/mushrooms/MPO2TypeI_rg5_init0.1/L4_bd12_seed10090 | val=0.9910
[2026-05-02 20:48:57,382][HYDRA] 	#2 : model.L=4 model.bond_dim=12 seed=32874 trainer.ridge=5 trainer.ridge_decay=0.25 trainer.ridge_min=0.0001 +experiment=uci_ntn_sweep model=mpo2_typei dataset=mushrooms
[2026-05-02 20:48:57,554][__main__][INFO] - ▶ RUN MPO2TypeI/mushrooms/NTN L=4 bd=12 seed=32874 -> /zhome/6b/e/212868/GTN/outputs/ntn/mushrooms/MPO2TypeI_rg5_init0.1/L4_bd12_seed32874
Starting Ensemble Fit: 20 epochs
Models: [(1, 1), (2, 2), (3, 3), (4, 4)]
Total nodes: 10
Validation: Using separate validation set
Early stopping: patience=10, min_delta=0.001
Init    | Train: loss: 0.70061 | quality: 0.53658
        | Val:   loss: 0.67659 | quality: 0.55947

Epoch 1 | Train: loss: 0.02275 | quality: 0.99455
        | Val:   loss: 0.02768 | quality: 0.99016
 *
Epoch 2 | Train: loss: 0.01107 | quality: 0.99455
        | Val:   loss: 0.01608 | quality: 0.99098

Epoch 3 | Train: loss: 0.01001 | quality: 0.99455
        | Val:   loss: 0.01497 | quality: 0.99098

Epoch 4 | Train: loss: 0.00984 | quality: 0.99455
        | Val:   loss: 0.01478 | quality: 0.99098

Epoch 5 | Train: loss: 0.00980 | quality: 0.99455
        | Val:   loss: 0.01473 | quality: 0.99098

Epoch 6 | Train: loss: 0.00979 | quality: 0.99455
        | Val:   loss: 0.01472 | quality: 0.99098

Epoch 7 | Train: loss: 0.00979 | quality: 0.99455
        | Val:   loss: 0.01471 | quality: 0.99098

Epoch 8 | Train: loss: 0.00979 | quality: 0.99455
        | Val:   loss: 0.01471 | quality: 0.99098

Epoch 9 | Train: loss: 0.00979 | quality: 0.99455
        | Val:   loss: 0.01471 | quality: 0.99098

Epoch 10 | Train: loss: 0.00979 | quality: 0.99455
        | Val:   loss: 0.01471 | quality: 0.99098

Epoch 11 | Train: loss: 0.00979 | quality: 0.99455
        | Val:   loss: 0.01471 | quality: 0.99098


Early stopping at epoch 11 (best was epoch 1)

Best epoch: 1 (val_quality=0.990156)
[2026-05-02 20:53:40,591][__main__][INFO] - ✓ DONE MPO2TypeI/mushrooms/NTN L=4 bd=12 seed=32874 -> /zhome/6b/e/212868/GTN/outputs/ntn/mushrooms/MPO2TypeI_rg5_init0.1/L4_bd12_seed32874 | val=0.9902
[2026-05-02 20:53:40,594][HYDRA] 	#3 : model.L=4 model.bond_dim=12 seed=47311 trainer.ridge=5 trainer.ridge_decay=0.25 trainer.ridge_min=0.0001 +experiment=uci_ntn_sweep model=mpo2_typei dataset=mushrooms
[2026-05-02 20:53:40,761][__main__][INFO] - ▶ RUN MPO2TypeI/mushrooms/NTN L=4 bd=12 seed=47311 -> /zhome/6b/e/212868/GTN/outputs/ntn/mushrooms/MPO2TypeI_rg5_init0.1/L4_bd12_seed47311
Starting Ensemble Fit: 20 epochs
Models: [(1, 1), (2, 2), (3, 3), (4, 4)]
Total nodes: 10
Validation: Using separate validation set
Early stopping: patience=10, min_delta=0.001
Init    | Train: loss: 1.11523 | quality: 0.34559
        | Val:   loss: 1.11461 | quality: 0.34701

Epoch 1 | Train: loss: 0.01772 | quality: 0.99455
        | Val:   loss: 0.02302 | quality: 0.99016
 *
Epoch 2 | Train: loss: 0.01071 | quality: 0.99455
        | Val:   loss: 0.01573 | quality: 0.99098

Epoch 3 | Train: loss: 0.00999 | quality: 0.99455
        | Val:   loss: 0.01495 | quality: 0.99098

Epoch 4 | Train: loss: 0.00985 | quality: 0.99455
        | Val:   loss: 0.01480 | quality: 0.99098

Epoch 5 | Train: loss: 0.00980 | quality: 0.99455
        | Val:   loss: 0.01474 | quality: 0.99098

Epoch 6 | Train: loss: 0.00979 | quality: 0.99455
        | Val:   loss: 0.01472 | quality: 0.99098

Epoch 7 | Train: loss: 0.00979 | quality: 0.99455
        | Val:   loss: 0.01471 | quality: 0.99098

Epoch 8 | Train: loss: 0.00979 | quality: 0.99455
        | Val:   loss: 0.01471 | quality: 0.99098

Epoch 9 | Train: loss: 0.00979 | quality: 0.99455
        | Val:   loss: 0.01471 | quality: 0.99098

Epoch 10 | Train: loss: 0.00979 | quality: 0.99455
        | Val:   loss: 0.01471 | quality: 0.99098

Epoch 11 | Train: loss: 0.00979 | quality: 0.99455
        | Val:   loss: 0.01471 | quality: 0.99098


Early stopping at epoch 11 (best was epoch 1)

Best epoch: 1 (val_quality=0.990156)
[2026-05-02 20:58:23,242][__main__][INFO] - ✓ DONE MPO2TypeI/mushrooms/NTN L=4 bd=12 seed=47311 -> /zhome/6b/e/212868/GTN/outputs/ntn/mushrooms/MPO2TypeI_rg5_init0.1/L4_bd12_seed47311 | val=0.9902
[2026-05-02 20:58:23,245][HYDRA] 	#4 : model.L=4 model.bond_dim=12 seed=47303 trainer.ridge=5 trainer.ridge_decay=0.25 trainer.ridge_min=0.0001 +experiment=uci_ntn_sweep model=mpo2_typei dataset=mushrooms
[2026-05-02 20:58:23,407][__main__][INFO] - ▶ RUN MPO2TypeI/mushrooms/NTN L=4 bd=12 seed=47303 -> /zhome/6b/e/212868/GTN/outputs/ntn/mushrooms/MPO2TypeI_rg5_init0.1/L4_bd12_seed47303
Starting Ensemble Fit: 20 epochs
Models: [(1, 1), (2, 2), (3, 3), (4, 4)]
Total nodes: 10
Validation: Using separate validation set
Early stopping: patience=10, min_delta=0.001
Init    | Train: loss: 1.41441 | quality: 0.26064
        | Val:   loss: 1.40810 | quality: 0.28220

Epoch 1 | Train: loss: 0.01865 | quality: 0.99349
        | Val:   loss: 0.02365 | quality: 0.98852
 *
Epoch 2 | Train: loss: 0.01065 | quality: 0.99455
        | Val:   loss: 0.01553 | quality: 0.99098
 *
Epoch 3 | Train: loss: 0.01000 | quality: 0.99455
        | Val:   loss: 0.01490 | quality: 0.99098

Epoch 4 | Train: loss: 0.00985 | quality: 0.99455
        | Val:   loss: 0.01476 | quality: 0.99098

Epoch 5 | Train: loss: 0.00981 | quality: 0.99455
        | Val:   loss: 0.01472 | quality: 0.99098

Epoch 6 | Train: loss: 0.00979 | quality: 0.99455
        | Val:   loss: 0.01471 | quality: 0.99098

Epoch 7 | Train: loss: 0.00979 | quality: 0.99455
        | Val:   loss: 0.01471 | quality: 0.99098

Epoch 8 | Train: loss: 0.00979 | quality: 0.99455
        | Val:   loss: 0.01471 | quality: 0.99098

Epoch 9 | Train: loss: 0.00979 | quality: 0.99455
        | Val:   loss: 0.01471 | quality: 0.99098

Epoch 10 | Train: loss: 0.00979 | quality: 0.99455
        | Val:   loss: 0.01471 | quality: 0.99098

Epoch 11 | Train: loss: 0.00979 | quality: 0.99455
        | Val:   loss: 0.01471 | quality: 0.99098

Epoch 12 | Train: loss: 0.00979 | quality: 0.99455
        | Val:   loss: 0.01471 | quality: 0.99098


Early stopping at epoch 12 (best was epoch 2)

Best epoch: 2 (val_quality=0.990976)
[2026-05-02 21:03:33,497][__main__][INFO] - ✓ DONE MPO2TypeI/mushrooms/NTN L=4 bd=12 seed=47303 -> /zhome/6b/e/212868/GTN/outputs/ntn/mushrooms/MPO2TypeI_rg5_init0.1/L4_bd12_seed47303 | val=0.9910
[2026-05-02 21:03:33,543][HYDRA] 	#5 : model.L=4 model.bond_dim=8 seed=42 trainer.ridge=5 trainer.ridge_decay=0.25 trainer.ridge_min=0.0001 +experiment=uci_ntn_sweep model=mpo2_typei dataset=mushrooms
[2026-05-02 21:03:33,714][__main__][INFO] - ▶ RUN MPO2TypeI/mushrooms/NTN L=4 bd=8 seed=42 -> /zhome/6b/e/212868/GTN/outputs/ntn/mushrooms/MPO2TypeI_rg5_init0.1/L4_bd8_seed42
Starting Ensemble Fit: 20 epochs
Models: [(1, 1), (2, 2), (3, 3), (4, 4)]
Total nodes: 10
Validation: Using separate validation set
Early stopping: patience=10, min_delta=0.001
Init    | Train: loss: 0.76417 | quality: 0.42490
        | Val:   loss: 0.75494 | quality: 0.44545

Epoch 1 | Train: loss: 0.03446 | quality: 0.99261
        | Val:   loss: 0.04220 | quality: 0.98769
 *
Epoch 2 | Train: loss: 0.01293 | quality: 0.99455
        | Val:   loss: 0.01841 | quality: 0.99098
 *
Epoch 3 | Train: loss: 0.01041 | quality: 0.99455
        | Val:   loss: 0.01549 | quality: 0.99098

Epoch 4 | Train: loss: 0.00996 | quality: 0.99455
        | Val:   loss: 0.01493 | quality: 0.99098

Epoch 5 | Train: loss: 0.00984 | quality: 0.99455
        | Val:   loss: 0.01476 | quality: 0.99098

Epoch 6 | Train: loss: 0.00980 | quality: 0.99455
        | Val:   loss: 0.01473 | quality: 0.99098

Epoch 7 | Train: loss: 0.00979 | quality: 0.99455
        | Val:   loss: 0.01471 | quality: 0.99098

Epoch 8 | Train: loss: 0.00979 | quality: 0.99455
        | Val:   loss: 0.01471 | quality: 0.99098

Epoch 9 | Train: loss: 0.00979 | quality: 0.99455
        | Val:   loss: 0.01471 | quality: 0.99098

Epoch 10 | Train: loss: 0.00979 | quality: 0.99455
        | Val:   loss: 0.01471 | quality: 0.99098

Epoch 11 | Train: loss: 0.00979 | quality: 0.99455
        | Val:   loss: 0.01471 | quality: 0.99098

Epoch 12 | Train: loss: 0.00979 | quality: 0.99455
        | Val:   loss: 0.01471 | quality: 0.99098


Early stopping at epoch 12 (best was epoch 2)

Best epoch: 2 (val_quality=0.990976)
[2026-05-02 21:05:12,414][__main__][INFO] - ✓ DONE MPO2TypeI/mushrooms/NTN L=4 bd=8 seed=42 -> /zhome/6b/e/212868/GTN/outputs/ntn/mushrooms/MPO2TypeI_rg5_init0.1/L4_bd8_seed42 | val=0.9910
[2026-05-02 21:05:12,418][HYDRA] 	#6 : model.L=4 model.bond_dim=8 seed=10090 trainer.ridge=5 trainer.ridge_decay=0.25 trainer.ridge_min=0.0001 +experiment=uci_ntn_sweep model=mpo2_typei dataset=mushrooms
[2026-05-02 21:05:12,626][__main__][INFO] - ▶ RUN MPO2TypeI/mushrooms/NTN L=4 bd=8 seed=10090 -> /zhome/6b/e/212868/GTN/outputs/ntn/mushrooms/MPO2TypeI_rg5_init0.1/L4_bd8_seed10090
Starting Ensemble Fit: 20 epochs
Models: [(1, 1), (2, 2), (3, 3), (4, 4)]
Total nodes: 10
Validation: Using separate validation set
Early stopping: patience=10, min_delta=0.001
Init    | Train: loss: 0.79596 | quality: 0.37355
        | Val:   loss: 0.79488 | quality: 0.37408

Epoch 1 | Train: loss: 0.03118 | quality: 0.99332
        | Val:   loss: 0.03530 | quality: 0.98769
 *
Epoch 2 | Train: loss: 0.01181 | quality: 0.99455
        | Val:   loss: 0.01674 | quality: 0.99098
 *
Epoch 3 | Train: loss: 0.01017 | quality: 0.99455
        | Val:   loss: 0.01512 | quality: 0.99098

Epoch 4 | Train: loss: 0.00989 | quality: 0.99455
        | Val:   loss: 0.01483 | quality: 0.99098

Epoch 5 | Train: loss: 0.00982 | quality: 0.99455
        | Val:   loss: 0.01475 | quality: 0.99098

Epoch 6 | Train: loss: 0.00979 | quality: 0.99455
        | Val:   loss: 0.01472 | quality: 0.99098

Epoch 7 | Train: loss: 0.00979 | quality: 0.99455
        | Val:   loss: 0.01471 | quality: 0.99098

Epoch 8 | Train: loss: 0.00979 | quality: 0.99455
        | Val:   loss: 0.01471 | quality: 0.99098

Epoch 9 | Train: loss: 0.00979 | quality: 0.99455
        | Val:   loss: 0.01471 | quality: 0.99098

Epoch 10 | Train: loss: 0.00979 | quality: 0.99455
        | Val:   loss: 0.01471 | quality: 0.99098

Epoch 11 | Train: loss: 0.00979 | quality: 0.99455
        | Val:   loss: 0.01471 | quality: 0.99098

Epoch 12 | Train: loss: 0.00979 | quality: 0.99455
        | Val:   loss: 0.01471 | quality: 0.99098


Early stopping at epoch 12 (best was epoch 2)

Best epoch: 2 (val_quality=0.990976)
[2026-05-02 21:06:40,880][__main__][INFO] - ✓ DONE MPO2TypeI/mushrooms/NTN L=4 bd=8 seed=10090 -> /zhome/6b/e/212868/GTN/outputs/ntn/mushrooms/MPO2TypeI_rg5_init0.1/L4_bd8_seed10090 | val=0.9910
[2026-05-02 21:06:40,883][HYDRA] 	#7 : model.L=4 model.bond_dim=8 seed=32874 trainer.ridge=5 trainer.ridge_decay=0.25 trainer.ridge_min=0.0001 +experiment=uci_ntn_sweep model=mpo2_typei dataset=mushrooms
[2026-05-02 21:06:41,086][__main__][INFO] - ▶ RUN MPO2TypeI/mushrooms/NTN L=4 bd=8 seed=32874 -> /zhome/6b/e/212868/GTN/outputs/ntn/mushrooms/MPO2TypeI_rg5_init0.1/L4_bd8_seed32874
Starting Ensemble Fit: 20 epochs
Models: [(1, 1), (2, 2), (3, 3), (4, 4)]
Total nodes: 10
Validation: Using separate validation set
Early stopping: patience=10, min_delta=0.001
Init    | Train: loss: 0.80055 | quality: 0.39571
        | Val:   loss: 0.79898 | quality: 0.39787

Epoch 1 | Train: loss: 0.03157 | quality: 0.99349
        | Val:   loss: 0.03927 | quality: 0.99016
 *
Epoch 2 | Train: loss: 0.01165 | quality: 0.99455
        | Val:   loss: 0.01714 | quality: 0.99098
 *
Epoch 3 | Train: loss: 0.01015 | quality: 0.99455
        | Val:   loss: 0.01528 | quality: 0.99098

Epoch 4 | Train: loss: 0.00989 | quality: 0.99455
        | Val:   loss: 0.01489 | quality: 0.99098

Epoch 5 | Train: loss: 0.00982 | quality: 0.99455
        | Val:   loss: 0.01478 | quality: 0.99098

Epoch 6 | Train: loss: 0.00980 | quality: 0.99455
        | Val:   loss: 0.01473 | quality: 0.99098

Epoch 7 | Train: loss: 0.00979 | quality: 0.99455
        | Val:   loss: 0.01471 | quality: 0.99098

Epoch 8 | Train: loss: 0.00979 | quality: 0.99455
        | Val:   loss: 0.01471 | quality: 0.99098

Epoch 9 | Train: loss: 0.00979 | quality: 0.99455
        | Val:   loss: 0.01471 | quality: 0.99098

Epoch 10 | Train: loss: 0.00979 | quality: 0.99455
        | Val:   loss: 0.01471 | quality: 0.99098

Epoch 11 | Train: loss: 0.00979 | quality: 0.99455
        | Val:   loss: 0.01471 | quality: 0.99098

Epoch 12 | Train: loss: 0.00979 | quality: 0.99455
        | Val:   loss: 0.01471 | quality: 0.99098


Early stopping at epoch 12 (best was epoch 2)

Best epoch: 2 (val_quality=0.990976)
[2026-05-02 21:08:06,839][__main__][INFO] - ✓ DONE MPO2TypeI/mushrooms/NTN L=4 bd=8 seed=32874 -> /zhome/6b/e/212868/GTN/outputs/ntn/mushrooms/MPO2TypeI_rg5_init0.1/L4_bd8_seed32874 | val=0.9910
[2026-05-02 21:08:06,843][HYDRA] 	#8 : model.L=4 model.bond_dim=8 seed=47311 trainer.ridge=5 trainer.ridge_decay=0.25 trainer.ridge_min=0.0001 +experiment=uci_ntn_sweep model=mpo2_typei dataset=mushrooms
[2026-05-02 21:08:07,014][__main__][INFO] - ▶ RUN MPO2TypeI/mushrooms/NTN L=4 bd=8 seed=47311 -> /zhome/6b/e/212868/GTN/outputs/ntn/mushrooms/MPO2TypeI_rg5_init0.1/L4_bd8_seed47311
Starting Ensemble Fit: 20 epochs
Models: [(1, 1), (2, 2), (3, 3), (4, 4)]
Total nodes: 10
Validation: Using separate validation set
Early stopping: patience=10, min_delta=0.001
Init    | Train: loss: 0.78791 | quality: 0.41716
        | Val:   loss: 0.78032 | quality: 0.42084

Epoch 1 | Train: loss: 0.03478 | quality: 0.99297
        | Val:   loss: 0.04141 | quality: 0.98687
 *
Epoch 2 | Train: loss: 0.01295 | quality: 0.99455
        | Val:   loss: 0.01815 | quality: 0.99098
 *
Epoch 3 | Train: loss: 0.01028 | quality: 0.99455
        | Val:   loss: 0.01533 | quality: 0.99098

Epoch 4 | Train: loss: 0.00990 | quality: 0.99455
        | Val:   loss: 0.01490 | quality: 0.99098

Epoch 5 | Train: loss: 0.00982 | quality: 0.99455
        | Val:   loss: 0.01479 | quality: 0.99098

Epoch 6 | Train: loss: 0.00980 | quality: 0.99455
        | Val:   loss: 0.01474 | quality: 0.99098

Epoch 7 | Train: loss: 0.00979 | quality: 0.99455
        | Val:   loss: 0.01472 | quality: 0.99098

Epoch 8 | Train: loss: 0.00979 | quality: 0.99455
        | Val:   loss: 0.01472 | quality: 0.99098

Epoch 9 | Train: loss: 0.00979 | quality: 0.99455
        | Val:   loss: 0.01471 | quality: 0.99098

Epoch 10 | Train: loss: 0.00979 | quality: 0.99455
        | Val:   loss: 0.01471 | quality: 0.99098

Epoch 11 | Train: loss: 0.00979 | quality: 0.99455
        | Val:   loss: 0.01471 | quality: 0.99098

Epoch 12 | Train: loss: 0.00979 | quality: 0.99455
        | Val:   loss: 0.01471 | quality: 0.99098


Early stopping at epoch 12 (best was epoch 2)

Best epoch: 2 (val_quality=0.990976)
[2026-05-02 21:09:32,928][__main__][INFO] - ✓ DONE MPO2TypeI/mushrooms/NTN L=4 bd=8 seed=47311 -> /zhome/6b/e/212868/GTN/outputs/ntn/mushrooms/MPO2TypeI_rg5_init0.1/L4_bd8_seed47311 | val=0.9910
[2026-05-02 21:09:32,931][HYDRA] 	#9 : model.L=4 model.bond_dim=8 seed=47303 trainer.ridge=5 trainer.ridge_decay=0.25 trainer.ridge_min=0.0001 +experiment=uci_ntn_sweep model=mpo2_typei dataset=mushrooms
[2026-05-02 21:09:33,104][__main__][INFO] - ▶ RUN MPO2TypeI/mushrooms/NTN L=4 bd=8 seed=47303 -> /zhome/6b/e/212868/GTN/outputs/ntn/mushrooms/MPO2TypeI_rg5_init0.1/L4_bd8_seed47303
Starting Ensemble Fit: 20 epochs
Models: [(1, 1), (2, 2), (3, 3), (4, 4)]
Total nodes: 10
Validation: Using separate validation set
Early stopping: patience=10, min_delta=0.001
Init    | Train: loss: 0.75620 | quality: 0.51389
        | Val:   loss: 0.75578 | quality: 0.51354

Epoch 1 | Train: loss: 0.03389 | quality: 0.99191
        | Val:   loss: 0.04013 | quality: 0.98687
 *
Epoch 2 | Train: loss: 0.01242 | quality: 0.99455
        | Val:   loss: 0.01810 | quality: 0.99016
 *
Epoch 3 | Train: loss: 0.01037 | quality: 0.99455
        | Val:   loss: 0.01564 | quality: 0.99098

Epoch 4 | Train: loss: 0.00994 | quality: 0.99455
        | Val:   loss: 0.01500 | quality: 0.99098

Epoch 5 | Train: loss: 0.00983 | quality: 0.99455
        | Val:   loss: 0.01480 | quality: 0.99098

Epoch 6 | Train: loss: 0.00980 | quality: 0.99455
        | Val:   loss: 0.01473 | quality: 0.99098

Epoch 7 | Train: loss: 0.00979 | quality: 0.99455
        | Val:   loss: 0.01471 | quality: 0.99098

Epoch 8 | Train: loss: 0.00979 | quality: 0.99455
        | Val:   loss: 0.01471 | quality: 0.99098

Epoch 9 | Train: loss: 0.00979 | quality: 0.99455
        | Val:   loss: 0.01471 | quality: 0.99098

Epoch 10 | Train: loss: 0.00979 | quality: 0.99455
        | Val:   loss: 0.01471 | quality: 0.99098

Epoch 11 | Train: loss: 0.00979 | quality: 0.99455
        | Val:   loss: 0.01471 | quality: 0.99098

Epoch 12 | Train: loss: 0.00979 | quality: 0.99455
        | Val:   loss: 0.01471 | quality: 0.99098


Early stopping at epoch 12 (best was epoch 2)

Best epoch: 2 (val_quality=0.990156)
[2026-05-02 21:10:58,589][__main__][INFO] - ✓ DONE MPO2TypeI/mushrooms/NTN L=4 bd=8 seed=47303 -> /zhome/6b/e/212868/GTN/outputs/ntn/mushrooms/MPO2TypeI_rg5_init0.1/L4_bd8_seed47303 | val=0.9902
[2026-05-02 21:10:58,592][HYDRA] 	#10 : model.L=4 model.bond_dim=4 seed=42 trainer.ridge=5 trainer.ridge_decay=0.25 trainer.ridge_min=0.0001 +experiment=uci_ntn_sweep model=mpo2_typei dataset=mushrooms
[2026-05-02 21:10:58,763][__main__][INFO] - ▶ RUN MPO2TypeI/mushrooms/NTN L=4 bd=4 seed=42 -> /zhome/6b/e/212868/GTN/outputs/ntn/mushrooms/MPO2TypeI_rg5_init0.1/L4_bd4_seed42
Starting Ensemble Fit: 20 epochs
Models: [(1, 1), (2, 2), (3, 3), (4, 4)]
Total nodes: 10
Validation: Using separate validation set
Early stopping: patience=10, min_delta=0.001
Init    | Train: loss: 0.84285 | quality: 0.21228
        | Val:   loss: 0.83952 | quality: 0.23052

Epoch 1 | Train: loss: 0.06597 | quality: 0.97977
        | Val:   loss: 0.07527 | quality: 0.96883
 *
Epoch 2 | Train: loss: 0.02365 | quality: 0.99420
        | Val:   loss: 0.02821 | quality: 0.99016
 *
Epoch 3 | Train: loss: 0.01123 | quality: 0.99455
        | Val:   loss: 0.01615 | quality: 0.99098

Epoch 4 | Train: loss: 0.01009 | quality: 0.99455
        | Val:   loss: 0.01505 | quality: 0.99098

Epoch 5 | Train: loss: 0.00988 | quality: 0.99455
        | Val:   loss: 0.01482 | quality: 0.99098

Epoch 6 | Train: loss: 0.00981 | quality: 0.99455
        | Val:   loss: 0.01475 | quality: 0.99098

Epoch 7 | Train: loss: 0.00979 | quality: 0.99455
        | Val:   loss: 0.01472 | quality: 0.99098

Epoch 8 | Train: loss: 0.00979 | quality: 0.99455
        | Val:   loss: 0.01471 | quality: 0.99098

Epoch 9 | Train: loss: 0.00979 | quality: 0.99455
        | Val:   loss: 0.01471 | quality: 0.99098

Epoch 10 | Train: loss: 0.00979 | quality: 0.99455
        | Val:   loss: 0.01471 | quality: 0.99098

Epoch 11 | Train: loss: 0.00979 | quality: 0.99455
        | Val:   loss: 0.01471 | quality: 0.99098

Epoch 12 | Train: loss: 0.00979 | quality: 0.99455
        | Val:   loss: 0.01471 | quality: 0.99098


Early stopping at epoch 12 (best was epoch 2)

Best epoch: 2 (val_quality=0.990156)
[2026-05-02 21:11:34,203][__main__][INFO] - ✓ DONE MPO2TypeI/mushrooms/NTN L=4 bd=4 seed=42 -> /zhome/6b/e/212868/GTN/outputs/ntn/mushrooms/MPO2TypeI_rg5_init0.1/L4_bd4_seed42 | val=0.9902
[2026-05-02 21:11:34,207][HYDRA] 	#11 : model.L=4 model.bond_dim=4 seed=10090 trainer.ridge=5 trainer.ridge_decay=0.25 trainer.ridge_min=0.0001 +experiment=uci_ntn_sweep model=mpo2_typei dataset=mushrooms
[2026-05-02 21:11:34,385][__main__][INFO] - ▶ RUN MPO2TypeI/mushrooms/NTN L=4 bd=4 seed=10090 -> /zhome/6b/e/212868/GTN/outputs/ntn/mushrooms/MPO2TypeI_rg5_init0.1/L4_bd4_seed10090
Starting Ensemble Fit: 20 epochs
Models: [(1, 1), (2, 2), (3, 3), (4, 4)]
Total nodes: 10
Validation: Using separate validation set
Early stopping: patience=10, min_delta=0.001
Init    | Train: loss: 0.55054 | quality: 0.78649
        | Val:   loss: 0.56122 | quality: 0.77358

Epoch 1 | Train: loss: 0.06690 | quality: 0.98646
        | Val:   loss: 0.07194 | quality: 0.97949
 *
Epoch 2 | Train: loss: 0.02242 | quality: 0.99402
        | Val:   loss: 0.02671 | quality: 0.98934
 *
Epoch 3 | Train: loss: 0.01135 | quality: 0.99455
        | Val:   loss: 0.01619 | quality: 0.99098
 *
Epoch 4 | Train: loss: 0.01005 | quality: 0.99455
        | Val:   loss: 0.01502 | quality: 0.99098

Epoch 5 | Train: loss: 0.00985 | quality: 0.99455
        | Val:   loss: 0.01481 | quality: 0.99098

Epoch 6 | Train: loss: 0.00980 | quality: 0.99455
        | Val:   loss: 0.01475 | quality: 0.99098

Epoch 7 | Train: loss: 0.00979 | quality: 0.99455
        | Val:   loss: 0.01473 | quality: 0.99098

Epoch 8 | Train: loss: 0.00979 | quality: 0.99455
        | Val:   loss: 0.01471 | quality: 0.99098

Epoch 9 | Train: loss: 0.00979 | quality: 0.99455
        | Val:   loss: 0.01471 | quality: 0.99098

Epoch 10 | Train: loss: 0.00979 | quality: 0.99455
        | Val:   loss: 0.01471 | quality: 0.99098

Epoch 11 | Train: loss: 0.00979 | quality: 0.99455
        | Val:   loss: 0.01471 | quality: 0.99098

Epoch 12 | Train: loss: 0.00979 | quality: 0.99455
        | Val:   loss: 0.01471 | quality: 0.99098

Epoch 13 | Train: loss: 0.00979 | quality: 0.99455
        | Val:   loss: 0.01471 | quality: 0.99098


Early stopping at epoch 13 (best was epoch 3)

Best epoch: 3 (val_quality=0.990976)
[2026-05-02 21:12:00,651][__main__][INFO] - ✓ DONE MPO2TypeI/mushrooms/NTN L=4 bd=4 seed=10090 -> /zhome/6b/e/212868/GTN/outputs/ntn/mushrooms/MPO2TypeI_rg5_init0.1/L4_bd4_seed10090 | val=0.9910
[2026-05-02 21:12:00,653][HYDRA] 	#12 : model.L=4 model.bond_dim=4 seed=32874 trainer.ridge=5 trainer.ridge_decay=0.25 trainer.ridge_min=0.0001 +experiment=uci_ntn_sweep model=mpo2_typei dataset=mushrooms
[2026-05-02 21:12:00,820][__main__][INFO] - ▶ RUN MPO2TypeI/mushrooms/NTN L=4 bd=4 seed=32874 -> /zhome/6b/e/212868/GTN/outputs/ntn/mushrooms/MPO2TypeI_rg5_init0.1/L4_bd4_seed32874
Starting Ensemble Fit: 20 epochs
Models: [(1, 1), (2, 2), (3, 3), (4, 4)]
Total nodes: 10
Validation: Using separate validation set
Early stopping: patience=10, min_delta=0.001
Init    | Train: loss: 0.71407 | quality: 0.51301
        | Val:   loss: 0.70970 | quality: 0.53651

Epoch 1 | Train: loss: 0.05660 | quality: 0.98224
        | Val:   loss: 0.06862 | quality: 0.97293
 *
Epoch 2 | Train: loss: 0.01869 | quality: 0.99455
        | Val:   loss: 0.02575 | quality: 0.99016
 *
Epoch 3 | Train: loss: 0.01106 | quality: 0.99455
        | Val:   loss: 0.01665 | quality: 0.99098

Epoch 4 | Train: loss: 0.01006 | quality: 0.99455
        | Val:   loss: 0.01531 | quality: 0.99098

Epoch 5 | Train: loss: 0.00986 | quality: 0.99455
        | Val:   loss: 0.01493 | quality: 0.99098

Epoch 6 | Train: loss: 0.00981 | quality: 0.99455
        | Val:   loss: 0.01479 | quality: 0.99098

Epoch 7 | Train: loss: 0.00979 | quality: 0.99455
        | Val:   loss: 0.01474 | quality: 0.99098

Epoch 8 | Train: loss: 0.00979 | quality: 0.99455
        | Val:   loss: 0.01472 | quality: 0.99098

Epoch 9 | Train: loss: 0.00979 | quality: 0.99455
        | Val:   loss: 0.01472 | quality: 0.99098

Epoch 10 | Train: loss: 0.00979 | quality: 0.99455
        | Val:   loss: 0.01471 | quality: 0.99098

Epoch 11 | Train: loss: 0.00979 | quality: 0.99455
        | Val:   loss: 0.01472 | quality: 0.99098

Epoch 12 | Train: loss: 0.00979 | quality: 0.99455
        | Val:   loss: 0.01472 | quality: 0.99098


Early stopping at epoch 12 (best was epoch 2)

Best epoch: 2 (val_quality=0.990156)
[2026-05-02 21:12:25,783][__main__][INFO] - ✓ DONE MPO2TypeI/mushrooms/NTN L=4 bd=4 seed=32874 -> /zhome/6b/e/212868/GTN/outputs/ntn/mushrooms/MPO2TypeI_rg5_init0.1/L4_bd4_seed32874 | val=0.9902
[2026-05-02 21:12:25,786][HYDRA] 	#13 : model.L=4 model.bond_dim=4 seed=47311 trainer.ridge=5 trainer.ridge_decay=0.25 trainer.ridge_min=0.0001 +experiment=uci_ntn_sweep model=mpo2_typei dataset=mushrooms
[2026-05-02 21:12:25,957][__main__][INFO] - ▶ RUN MPO2TypeI/mushrooms/NTN L=4 bd=4 seed=47311 -> /zhome/6b/e/212868/GTN/outputs/ntn/mushrooms/MPO2TypeI_rg5_init0.1/L4_bd4_seed47311
Starting Ensemble Fit: 20 epochs
Models: [(1, 1), (2, 2), (3, 3), (4, 4)]
Total nodes: 10
Validation: Using separate validation set
Early stopping: patience=10, min_delta=0.001
Init    | Train: loss: 0.67986 | quality: 0.49209
        | Val:   loss: 0.68366 | quality: 0.48400

Epoch 1 | Train: loss: 0.06107 | quality: 0.98681
        | Val:   loss: 0.07168 | quality: 0.97867
 *
Epoch 2 | Train: loss: 0.02399 | quality: 0.99332
        | Val:   loss: 0.03023 | quality: 0.98769
 *
Epoch 3 | Train: loss: 0.01197 | quality: 0.99455
        | Val:   loss: 0.01741 | quality: 0.99098
 *
Epoch 4 | Train: loss: 0.01021 | quality: 0.99455
        | Val:   loss: 0.01527 | quality: 0.99098

Epoch 5 | Train: loss: 0.00989 | quality: 0.99455
        | Val:   loss: 0.01486 | quality: 0.99098

Epoch 6 | Train: loss: 0.00981 | quality: 0.99455
        | Val:   loss: 0.01474 | quality: 0.99098

Epoch 7 | Train: loss: 0.00979 | quality: 0.99455
        | Val:   loss: 0.01472 | quality: 0.99098

Epoch 8 | Train: loss: 0.00979 | quality: 0.99455
        | Val:   loss: 0.01471 | quality: 0.99098

Epoch 9 | Train: loss: 0.00979 | quality: 0.99455
        | Val:   loss: 0.01471 | quality: 0.99098

Epoch 10 | Train: loss: 0.00979 | quality: 0.99455
        | Val:   loss: 0.01471 | quality: 0.99098

Epoch 11 | Train: loss: 0.00979 | quality: 0.99455
        | Val:   loss: 0.01471 | quality: 0.99098

Epoch 12 | Train: loss: 0.00979 | quality: 0.99455
        | Val:   loss: 0.01471 | quality: 0.99098

Epoch 13 | Train: loss: 0.00979 | quality: 0.99455
        | Val:   loss: 0.01471 | quality: 0.99098


Early stopping at epoch 13 (best was epoch 3)

Best epoch: 3 (val_quality=0.990976)
[2026-05-02 21:12:52,136][__main__][INFO] - ✓ DONE MPO2TypeI/mushrooms/NTN L=4 bd=4 seed=47311 -> /zhome/6b/e/212868/GTN/outputs/ntn/mushrooms/MPO2TypeI_rg5_init0.1/L4_bd4_seed47311 | val=0.9910
[2026-05-02 21:12:52,138][HYDRA] 	#14 : model.L=4 model.bond_dim=4 seed=47303 trainer.ridge=5 trainer.ridge_decay=0.25 trainer.ridge_min=0.0001 +experiment=uci_ntn_sweep model=mpo2_typei dataset=mushrooms
[2026-05-02 21:12:52,301][__main__][INFO] - ▶ RUN MPO2TypeI/mushrooms/NTN L=4 bd=4 seed=47303 -> /zhome/6b/e/212868/GTN/outputs/ntn/mushrooms/MPO2TypeI_rg5_init0.1/L4_bd4_seed47303
Starting Ensemble Fit: 20 epochs
Models: [(1, 1), (2, 2), (3, 3), (4, 4)]
Total nodes: 10
Validation: Using separate validation set
Early stopping: patience=10, min_delta=0.001
Init    | Train: loss: 0.74086 | quality: 0.49455
        | Val:   loss: 0.74035 | quality: 0.49959

Epoch 1 | Train: loss: 0.05537 | quality: 0.97942
        | Val:   loss: 0.05821 | quality: 0.97129
 *
Epoch 2 | Train: loss: 0.01907 | quality: 0.99332
        | Val:   loss: 0.02408 | quality: 0.98852
 *
Epoch 3 | Train: loss: 0.01110 | quality: 0.99455
        | Val:   loss: 0.01627 | quality: 0.99098
 *
Epoch 4 | Train: loss: 0.01010 | quality: 0.99455
        | Val:   loss: 0.01509 | quality: 0.99098

Epoch 5 | Train: loss: 0.00988 | quality: 0.99455
        | Val:   loss: 0.01483 | quality: 0.99098

Epoch 6 | Train: loss: 0.00981 | quality: 0.99455
        | Val:   loss: 0.01474 | quality: 0.99098

Epoch 7 | Train: loss: 0.00979 | quality: 0.99455
        | Val:   loss: 0.01472 | quality: 0.99098

Epoch 8 | Train: loss: 0.00979 | quality: 0.99455
        | Val:   loss: 0.01471 | quality: 0.99098

Epoch 9 | Train: loss: 0.00979 | quality: 0.99455
        | Val:   loss: 0.01471 | quality: 0.99098

Epoch 10 | Train: loss: 0.00979 | quality: 0.99455
        | Val:   loss: 0.01471 | quality: 0.99098

Epoch 11 | Train: loss: 0.00979 | quality: 0.99455
        | Val:   loss: 0.01471 | quality: 0.99098

Epoch 12 | Train: loss: 0.00979 | quality: 0.99455
        | Val:   loss: 0.01471 | quality: 0.99098

Epoch 13 | Train: loss: 0.00979 | quality: 0.99455
        | Val:   loss: 0.01471 | quality: 0.99098


Early stopping at epoch 13 (best was epoch 3)

Best epoch: 3 (val_quality=0.990976)
[2026-05-02 21:13:18,357][__main__][INFO] - ✓ DONE MPO2TypeI/mushrooms/NTN L=4 bd=4 seed=47303 -> /zhome/6b/e/212868/GTN/outputs/ntn/mushrooms/MPO2TypeI_rg5_init0.1/L4_bd4_seed47303 | val=0.9910
[2026-05-02 21:13:18,360][HYDRA] 	#15 : model.L=3 model.bond_dim=12 seed=42 trainer.ridge=5 trainer.ridge_decay=0.25 trainer.ridge_min=0.0001 +experiment=uci_ntn_sweep model=mpo2_typei dataset=mushrooms
[2026-05-02 21:13:18,532][__main__][INFO] - ▶ RUN MPO2TypeI/mushrooms/NTN L=3 bd=12 seed=42 -> /zhome/6b/e/212868/GTN/outputs/ntn/mushrooms/MPO2TypeI_rg5_init0.1/L3_bd12_seed42
Starting Ensemble Fit: 20 epochs
Models: [(1, 1), (2, 2), (3, 3)]
Total nodes: 6
Validation: Using separate validation set
Early stopping: patience=10, min_delta=0.001
Init    | Train: loss: 0.71995 | quality: 0.53904
        | Val:   loss: 0.72282 | quality: 0.54307

Epoch 1 | Train: loss: 0.06077 | quality: 0.98945
        | Val:   loss: 0.06964 | quality: 0.98523
 *
Epoch 2 | Train: loss: 0.01829 | quality: 0.99455
        | Val:   loss: 0.02343 | quality: 0.99098
 *
Epoch 3 | Train: loss: 0.01075 | quality: 0.99455
        | Val:   loss: 0.01571 | quality: 0.99098

Epoch 4 | Train: loss: 0.01001 | quality: 0.99455
        | Val:   loss: 0.01495 | quality: 0.99098

Epoch 5 | Train: loss: 0.00985 | quality: 0.99455
        | Val:   loss: 0.01478 | quality: 0.99098

Epoch 6 | Train: loss: 0.00980 | quality: 0.99455
        | Val:   loss: 0.01473 | quality: 0.99098

Epoch 7 | Train: loss: 0.00979 | quality: 0.99455
        | Val:   loss: 0.01471 | quality: 0.99098

Epoch 8 | Train: loss: 0.00979 | quality: 0.99455
        | Val:   loss: 0.01471 | quality: 0.99098

Epoch 9 | Train: loss: 0.00979 | quality: 0.99455
        | Val:   loss: 0.01471 | quality: 0.99098

Epoch 10 | Train: loss: 0.00979 | quality: 0.99455
        | Val:   loss: 0.01471 | quality: 0.99098

Epoch 11 | Train: loss: 0.00979 | quality: 0.99455
        | Val:   loss: 0.01471 | quality: 0.99098

Epoch 12 | Train: loss: 0.00979 | quality: 0.99455
        | Val:   loss: 0.01471 | quality: 0.99098


Early stopping at epoch 12 (best was epoch 2)

Best epoch: 2 (val_quality=0.990976)
[2026-05-02 21:15:06,811][__main__][INFO] - ✓ DONE MPO2TypeI/mushrooms/NTN L=3 bd=12 seed=42 -> /zhome/6b/e/212868/GTN/outputs/ntn/mushrooms/MPO2TypeI_rg5_init0.1/L3_bd12_seed42 | val=0.9910
[2026-05-02 21:15:06,814][HYDRA] 	#16 : model.L=3 model.bond_dim=12 seed=10090 trainer.ridge=5 trainer.ridge_decay=0.25 trainer.ridge_min=0.0001 +experiment=uci_ntn_sweep model=mpo2_typei dataset=mushrooms
[2026-05-02 21:15:07,034][__main__][INFO] - ▶ RUN MPO2TypeI/mushrooms/NTN L=3 bd=12 seed=10090 -> /zhome/6b/e/212868/GTN/outputs/ntn/mushrooms/MPO2TypeI_rg5_init0.1/L3_bd12_seed10090
Starting Ensemble Fit: 20 epochs
Models: [(1, 1), (2, 2), (3, 3)]
Total nodes: 6
Validation: Using separate validation set
Early stopping: patience=10, min_delta=0.001
Init    | Train: loss: 0.49992 | quality: 0.73778
        | Val:   loss: 0.50284 | quality: 0.73831

Epoch 1 | Train: loss: 0.04825 | quality: 0.99297
        | Val:   loss: 0.05563 | quality: 0.98769
 *
Epoch 2 | Train: loss: 0.01615 | quality: 0.99455
        | Val:   loss: 0.02132 | quality: 0.99098
 *
Epoch 3 | Train: loss: 0.01057 | quality: 0.99455
        | Val:   loss: 0.01554 | quality: 0.99098

Epoch 4 | Train: loss: 0.00997 | quality: 0.99455
        | Val:   loss: 0.01492 | quality: 0.99098

Epoch 5 | Train: loss: 0.00984 | quality: 0.99455
        | Val:   loss: 0.01477 | quality: 0.99098

Epoch 6 | Train: loss: 0.00980 | quality: 0.99455
        | Val:   loss: 0.01473 | quality: 0.99098

Epoch 7 | Train: loss: 0.00979 | quality: 0.99455
        | Val:   loss: 0.01471 | quality: 0.99098

Epoch 8 | Train: loss: 0.00979 | quality: 0.99455
        | Val:   loss: 0.01471 | quality: 0.99098

Epoch 9 | Train: loss: 0.00979 | quality: 0.99455
        | Val:   loss: 0.01471 | quality: 0.99098

Epoch 10 | Train: loss: 0.00979 | quality: 0.99455
        | Val:   loss: 0.01471 | quality: 0.99098

Epoch 11 | Train: loss: 0.00979 | quality: 0.99455
        | Val:   loss: 0.01471 | quality: 0.99098

Epoch 12 | Train: loss: 0.00979 | quality: 0.99455
        | Val:   loss: 0.01471 | quality: 0.99098


Early stopping at epoch 12 (best was epoch 2)

Best epoch: 2 (val_quality=0.990976)
[2026-05-02 21:16:51,538][__main__][INFO] - ✓ DONE MPO2TypeI/mushrooms/NTN L=3 bd=12 seed=10090 -> /zhome/6b/e/212868/GTN/outputs/ntn/mushrooms/MPO2TypeI_rg5_init0.1/L3_bd12_seed10090 | val=0.9910
[2026-05-02 21:16:51,541][HYDRA] 	#17 : model.L=3 model.bond_dim=12 seed=32874 trainer.ridge=5 trainer.ridge_decay=0.25 trainer.ridge_min=0.0001 +experiment=uci_ntn_sweep model=mpo2_typei dataset=mushrooms
[2026-05-02 21:16:51,715][__main__][INFO] - ▶ RUN MPO2TypeI/mushrooms/NTN L=3 bd=12 seed=32874 -> /zhome/6b/e/212868/GTN/outputs/ntn/mushrooms/MPO2TypeI_rg5_init0.1/L3_bd12_seed32874
Starting Ensemble Fit: 20 epochs
Models: [(1, 1), (2, 2), (3, 3)]
Total nodes: 6
Validation: Using separate validation set
Early stopping: patience=10, min_delta=0.001
Init    | Train: loss: 0.62407 | quality: 0.63173
        | Val:   loss: 0.61683 | quality: 0.63495

Epoch 1 | Train: loss: 0.06375 | quality: 0.98857
        | Val:   loss: 0.07318 | quality: 0.98359
 *
Epoch 2 | Train: loss: 0.01766 | quality: 0.99455
        | Val:   loss: 0.02319 | quality: 0.99016
 *
Epoch 3 | Train: loss: 0.01053 | quality: 0.99455
        | Val:   loss: 0.01557 | quality: 0.99098

Epoch 4 | Train: loss: 0.00994 | quality: 0.99455
        | Val:   loss: 0.01491 | quality: 0.99098

Epoch 5 | Train: loss: 0.00983 | quality: 0.99455
        | Val:   loss: 0.01477 | quality: 0.99098

Epoch 6 | Train: loss: 0.00980 | quality: 0.99455
        | Val:   loss: 0.01473 | quality: 0.99098

Epoch 7 | Train: loss: 0.00979 | quality: 0.99455
        | Val:   loss: 0.01472 | quality: 0.99098

Epoch 8 | Train: loss: 0.00979 | quality: 0.99455
        | Val:   loss: 0.01471 | quality: 0.99098

Epoch 9 | Train: loss: 0.00979 | quality: 0.99455
        | Val:   loss: 0.01471 | quality: 0.99098

Epoch 10 | Train: loss: 0.00979 | quality: 0.99455
        | Val:   loss: 0.01471 | quality: 0.99098

Epoch 11 | Train: loss: 0.00979 | quality: 0.99455
        | Val:   loss: 0.01471 | quality: 0.99098

Epoch 12 | Train: loss: 0.00979 | quality: 0.99455
        | Val:   loss: 0.01471 | quality: 0.99098


Early stopping at epoch 12 (best was epoch 2)

Best epoch: 2 (val_quality=0.990156)
[2026-05-02 21:18:36,218][__main__][INFO] - ✓ DONE MPO2TypeI/mushrooms/NTN L=3 bd=12 seed=32874 -> /zhome/6b/e/212868/GTN/outputs/ntn/mushrooms/MPO2TypeI_rg5_init0.1/L3_bd12_seed32874 | val=0.9902
[2026-05-02 21:18:36,221][HYDRA] 	#18 : model.L=3 model.bond_dim=12 seed=47311 trainer.ridge=5 trainer.ridge_decay=0.25 trainer.ridge_min=0.0001 +experiment=uci_ntn_sweep model=mpo2_typei dataset=mushrooms
[2026-05-02 21:18:36,382][__main__][INFO] - ▶ RUN MPO2TypeI/mushrooms/NTN L=3 bd=12 seed=47311 -> /zhome/6b/e/212868/GTN/outputs/ntn/mushrooms/MPO2TypeI_rg5_init0.1/L3_bd12_seed47311
Starting Ensemble Fit: 20 epochs
Models: [(1, 1), (2, 2), (3, 3)]
Total nodes: 6
Validation: Using separate validation set
Early stopping: patience=10, min_delta=0.001
Init    | Train: loss: 0.70221 | quality: 0.53218
        | Val:   loss: 0.70899 | quality: 0.50861

Epoch 1 | Train: loss: 0.05395 | quality: 0.98734
        | Val:   loss: 0.06259 | quality: 0.97785
 *
Epoch 2 | Train: loss: 0.01683 | quality: 0.99455
        | Val:   loss: 0.02253 | quality: 0.99016
 *
Epoch 3 | Train: loss: 0.01054 | quality: 0.99455
        | Val:   loss: 0.01564 | quality: 0.99098

Epoch 4 | Train: loss: 0.00996 | quality: 0.99455
        | Val:   loss: 0.01496 | quality: 0.99098

Epoch 5 | Train: loss: 0.00984 | quality: 0.99455
        | Val:   loss: 0.01479 | quality: 0.99098

Epoch 6 | Train: loss: 0.00980 | quality: 0.99455
        | Val:   loss: 0.01473 | quality: 0.99098

Epoch 7 | Train: loss: 0.00979 | quality: 0.99455
        | Val:   loss: 0.01472 | quality: 0.99098

Epoch 8 | Train: loss: 0.00979 | quality: 0.99455
        | Val:   loss: 0.01471 | quality: 0.99098

Epoch 9 | Train: loss: 0.00979 | quality: 0.99455
        | Val:   loss: 0.01471 | quality: 0.99098

Epoch 10 | Train: loss: 0.00979 | quality: 0.99455
        | Val:   loss: 0.01471 | quality: 0.99098

Epoch 11 | Train: loss: 0.00979 | quality: 0.99455
        | Val:   loss: 0.01471 | quality: 0.99098

Epoch 12 | Train: loss: 0.00979 | quality: 0.99455
        | Val:   loss: 0.01471 | quality: 0.99098


Early stopping at epoch 12 (best was epoch 2)

Best epoch: 2 (val_quality=0.990156)
[2026-05-02 21:20:18,910][__main__][INFO] - ✓ DONE MPO2TypeI/mushrooms/NTN L=3 bd=12 seed=47311 -> /zhome/6b/e/212868/GTN/outputs/ntn/mushrooms/MPO2TypeI_rg5_init0.1/L3_bd12_seed47311 | val=0.9902
[2026-05-02 21:20:18,913][HYDRA] 	#19 : model.L=3 model.bond_dim=12 seed=47303 trainer.ridge=5 trainer.ridge_decay=0.25 trainer.ridge_min=0.0001 +experiment=uci_ntn_sweep model=mpo2_typei dataset=mushrooms
[2026-05-02 21:20:19,075][__main__][INFO] - ▶ RUN MPO2TypeI/mushrooms/NTN L=3 bd=12 seed=47303 -> /zhome/6b/e/212868/GTN/outputs/ntn/mushrooms/MPO2TypeI_rg5_init0.1/L3_bd12_seed47303
Starting Ensemble Fit: 20 epochs
Models: [(1, 1), (2, 2), (3, 3)]
Total nodes: 6
Validation: Using separate validation set
Early stopping: patience=10, min_delta=0.001
Init    | Train: loss: 1.18845 | quality: 0.27506
        | Val:   loss: 1.18524 | quality: 0.27646

Epoch 1 | Train: loss: 0.05326 | quality: 0.99297
        | Val:   loss: 0.06206 | quality: 0.98769
 *
Epoch 2 | Train: loss: 0.01774 | quality: 0.99455
        | Val:   loss: 0.02314 | quality: 0.99098
 *
Epoch 3 | Train: loss: 0.01082 | quality: 0.99455
        | Val:   loss: 0.01588 | quality: 0.99098

Epoch 4 | Train: loss: 0.01005 | quality: 0.99455
        | Val:   loss: 0.01503 | quality: 0.99098

Epoch 5 | Train: loss: 0.00986 | quality: 0.99455
        | Val:   loss: 0.01481 | quality: 0.99098

Epoch 6 | Train: loss: 0.00981 | quality: 0.99455
        | Val:   loss: 0.01474 | quality: 0.99098

Epoch 7 | Train: loss: 0.00979 | quality: 0.99455
        | Val:   loss: 0.01472 | quality: 0.99098

Epoch 8 | Train: loss: 0.00979 | quality: 0.99455
        | Val:   loss: 0.01471 | quality: 0.99098

Epoch 9 | Train: loss: 0.00979 | quality: 0.99455
        | Val:   loss: 0.01471 | quality: 0.99098

Epoch 10 | Train: loss: 0.00979 | quality: 0.99455
        | Val:   loss: 0.01471 | quality: 0.99098

Epoch 11 | Train: loss: 0.00979 | quality: 0.99455
        | Val:   loss: 0.01471 | quality: 0.99098

Epoch 12 | Train: loss: 0.00979 | quality: 0.99455
        | Val:   loss: 0.01471 | quality: 0.99098


Early stopping at epoch 12 (best was epoch 2)

Best epoch: 2 (val_quality=0.990976)
[2026-05-02 21:22:01,988][__main__][INFO] - ✓ DONE MPO2TypeI/mushrooms/NTN L=3 bd=12 seed=47303 -> /zhome/6b/e/212868/GTN/outputs/ntn/mushrooms/MPO2TypeI_rg5_init0.1/L3_bd12_seed47303 | val=0.9910
[2026-05-02 21:22:01,991][HYDRA] 	#20 : model.L=3 model.bond_dim=8 seed=42 trainer.ridge=5 trainer.ridge_decay=0.25 trainer.ridge_min=0.0001 +experiment=uci_ntn_sweep model=mpo2_typei dataset=mushrooms
[2026-05-02 21:22:02,157][__main__][INFO] - ▶ RUN MPO2TypeI/mushrooms/NTN L=3 bd=8 seed=42 -> /zhome/6b/e/212868/GTN/outputs/ntn/mushrooms/MPO2TypeI_rg5_init0.1/L3_bd8_seed42
Starting Ensemble Fit: 20 epochs
Models: [(1, 1), (2, 2), (3, 3)]
Total nodes: 6
Validation: Using separate validation set
Early stopping: patience=10, min_delta=0.001
Init    | Train: loss: 0.76442 | quality: 0.49736
        | Val:   loss: 0.75229 | quality: 0.52256

Epoch 1 | Train: loss: 0.08385 | quality: 0.97573
        | Val:   loss: 0.09252 | quality: 0.96965
 *
Epoch 2 | Train: loss: 0.02780 | quality: 0.99297
        | Val:   loss: 0.03405 | quality: 0.98769
 *
Epoch 3 | Train: loss: 0.01177 | quality: 0.99455
        | Val:   loss: 0.01693 | quality: 0.99098
 *
Epoch 4 | Train: loss: 0.01013 | quality: 0.99455
        | Val:   loss: 0.01514 | quality: 0.99098

Epoch 5 | Train: loss: 0.00988 | quality: 0.99455
        | Val:   loss: 0.01484 | quality: 0.99098

Epoch 6 | Train: loss: 0.00981 | quality: 0.99455
        | Val:   loss: 0.01475 | quality: 0.99098

Epoch 7 | Train: loss: 0.00979 | quality: 0.99455
        | Val:   loss: 0.01472 | quality: 0.99098

Epoch 8 | Train: loss: 0.00979 | quality: 0.99455
        | Val:   loss: 0.01471 | quality: 0.99098

Epoch 9 | Train: loss: 0.00979 | quality: 0.99455
        | Val:   loss: 0.01471 | quality: 0.99098

Epoch 10 | Train: loss: 0.00979 | quality: 0.99455
        | Val:   loss: 0.01471 | quality: 0.99098

Epoch 11 | Train: loss: 0.00979 | quality: 0.99455
        | Val:   loss: 0.01471 | quality: 0.99098

Epoch 12 | Train: loss: 0.00979 | quality: 0.99455
        | Val:   loss: 0.01471 | quality: 0.99098

Epoch 13 | Train: loss: 0.00979 | quality: 0.99455
        | Val:   loss: 0.01471 | quality: 0.99098


Early stopping at epoch 13 (best was epoch 3)

Best epoch: 3 (val_quality=0.990976)
[2026-05-02 21:22:42,030][__main__][INFO] - ✓ DONE MPO2TypeI/mushrooms/NTN L=3 bd=8 seed=42 -> /zhome/6b/e/212868/GTN/outputs/ntn/mushrooms/MPO2TypeI_rg5_init0.1/L3_bd8_seed42 | val=0.9910
[2026-05-02 21:22:42,034][HYDRA] 	#21 : model.L=3 model.bond_dim=8 seed=10090 trainer.ridge=5 trainer.ridge_decay=0.25 trainer.ridge_min=0.0001 +experiment=uci_ntn_sweep model=mpo2_typei dataset=mushrooms
[2026-05-02 21:22:42,225][__main__][INFO] - ▶ RUN MPO2TypeI/mushrooms/NTN L=3 bd=8 seed=10090 -> /zhome/6b/e/212868/GTN/outputs/ntn/mushrooms/MPO2TypeI_rg5_init0.1/L3_bd8_seed10090
Starting Ensemble Fit: 20 epochs
Models: [(1, 1), (2, 2), (3, 3)]
Total nodes: 6
Validation: Using separate validation set
Early stopping: patience=10, min_delta=0.001
Init    | Train: loss: 0.89828 | quality: 0.38094
        | Val:   loss: 0.88913 | quality: 0.38310

Epoch 1 | Train: loss: 0.08939 | quality: 0.96658
        | Val:   loss: 0.10088 | quality: 0.95242
 *
Epoch 2 | Train: loss: 0.02622 | quality: 0.99349
        | Val:   loss: 0.03317 | quality: 0.98769
 *
Epoch 3 | Train: loss: 0.01164 | quality: 0.99455
        | Val:   loss: 0.01672 | quality: 0.99098
 *
Epoch 4 | Train: loss: 0.01013 | quality: 0.99455
        | Val:   loss: 0.01509 | quality: 0.99098

Epoch 5 | Train: loss: 0.00988 | quality: 0.99455
        | Val:   loss: 0.01482 | quality: 0.99098

Epoch 6 | Train: loss: 0.00981 | quality: 0.99455
        | Val:   loss: 0.01474 | quality: 0.99098

Epoch 7 | Train: loss: 0.00979 | quality: 0.99455
        | Val:   loss: 0.01472 | quality: 0.99098

Epoch 8 | Train: loss: 0.00979 | quality: 0.99455
        | Val:   loss: 0.01471 | quality: 0.99098

Epoch 9 | Train: loss: 0.00979 | quality: 0.99455
        | Val:   loss: 0.01471 | quality: 0.99098

Epoch 10 | Train: loss: 0.00979 | quality: 0.99455
        | Val:   loss: 0.01471 | quality: 0.99098

Epoch 11 | Train: loss: 0.00979 | quality: 0.99455
        | Val:   loss: 0.01471 | quality: 0.99098

Epoch 12 | Train: loss: 0.00979 | quality: 0.99455
        | Val:   loss: 0.01471 | quality: 0.99098

Epoch 13 | Train: loss: 0.00979 | quality: 0.99455
        | Val:   loss: 0.01471 | quality: 0.99098


Early stopping at epoch 13 (best was epoch 3)

Best epoch: 3 (val_quality=0.990976)
[2026-05-02 21:23:21,353][__main__][INFO] - ✓ DONE MPO2TypeI/mushrooms/NTN L=3 bd=8 seed=10090 -> /zhome/6b/e/212868/GTN/outputs/ntn/mushrooms/MPO2TypeI_rg5_init0.1/L3_bd8_seed10090 | val=0.9910
[2026-05-02 21:23:21,355][HYDRA] 	#22 : model.L=3 model.bond_dim=8 seed=32874 trainer.ridge=5 trainer.ridge_decay=0.25 trainer.ridge_min=0.0001 +experiment=uci_ntn_sweep model=mpo2_typei dataset=mushrooms
[2026-05-02 21:23:21,766][__main__][INFO] - ▶ RUN MPO2TypeI/mushrooms/NTN L=3 bd=8 seed=32874 -> /zhome/6b/e/212868/GTN/outputs/ntn/mushrooms/MPO2TypeI_rg5_init0.1/L3_bd8_seed32874
Starting Ensemble Fit: 20 epochs
Models: [(1, 1), (2, 2), (3, 3)]
Total nodes: 6
Validation: Using separate validation set
Early stopping: patience=10, min_delta=0.001
Init    | Train: loss: 0.74672 | quality: 0.53658
        | Val:   loss: 0.74825 | quality: 0.52830

Epoch 1 | Train: loss: 0.07835 | quality: 0.98312
        | Val:   loss: 0.08851 | quality: 0.97703
 *
Epoch 2 | Train: loss: 0.02356 | quality: 0.99349
        | Val:   loss: 0.03022 | quality: 0.98769
 *
Epoch 3 | Train: loss: 0.01141 | quality: 0.99455
        | Val:   loss: 0.01682 | quality: 0.99098
 *
Epoch 4 | Train: loss: 0.01008 | quality: 0.99455
        | Val:   loss: 0.01521 | quality: 0.99098

Epoch 5 | Train: loss: 0.00987 | quality: 0.99455
        | Val:   loss: 0.01489 | quality: 0.99098

Epoch 6 | Train: loss: 0.00981 | quality: 0.99455
        | Val:   loss: 0.01478 | quality: 0.99098

Epoch 7 | Train: loss: 0.00979 | quality: 0.99455
        | Val:   loss: 0.01474 | quality: 0.99098

Epoch 8 | Train: loss: 0.00979 | quality: 0.99455
        | Val:   loss: 0.01472 | quality: 0.99098

Epoch 9 | Train: loss: 0.00979 | quality: 0.99455
        | Val:   loss: 0.01471 | quality: 0.99098

Epoch 10 | Train: loss: 0.00979 | quality: 0.99455
        | Val:   loss: 0.01471 | quality: 0.99098

Epoch 11 | Train: loss: 0.00979 | quality: 0.99455
        | Val:   loss: 0.01471 | quality: 0.99098

Epoch 12 | Train: loss: 0.00979 | quality: 0.99455
        | Val:   loss: 0.01471 | quality: 0.99098

Epoch 13 | Train: loss: 0.00979 | quality: 0.99455
        | Val:   loss: 0.01471 | quality: 0.99098


Early stopping at epoch 13 (best was epoch 3)

Best epoch: 3 (val_quality=0.990976)
[2026-05-02 21:23:59,180][__main__][INFO] - ✓ DONE MPO2TypeI/mushrooms/NTN L=3 bd=8 seed=32874 -> /zhome/6b/e/212868/GTN/outputs/ntn/mushrooms/MPO2TypeI_rg5_init0.1/L3_bd8_seed32874 | val=0.9910
[2026-05-02 21:23:59,184][HYDRA] 	#23 : model.L=3 model.bond_dim=8 seed=47311 trainer.ridge=5 trainer.ridge_decay=0.25 trainer.ridge_min=0.0001 +experiment=uci_ntn_sweep model=mpo2_typei dataset=mushrooms
[2026-05-02 21:23:59,371][__main__][INFO] - ▶ RUN MPO2TypeI/mushrooms/NTN L=3 bd=8 seed=47311 -> /zhome/6b/e/212868/GTN/outputs/ntn/mushrooms/MPO2TypeI_rg5_init0.1/L3_bd8_seed47311
Starting Ensemble Fit: 20 epochs
Models: [(1, 1), (2, 2), (3, 3)]
Total nodes: 6
Validation: Using separate validation set
Early stopping: patience=10, min_delta=0.001
Init    | Train: loss: 0.73732 | quality: 0.44794
        | Val:   loss: 0.73398 | quality: 0.45119

Epoch 1 | Train: loss: 0.09890 | quality: 0.97643
        | Val:   loss: 0.10938 | quality: 0.96473
 *
Epoch 2 | Train: loss: 0.02641 | quality: 0.99349
        | Val:   loss: 0.03276 | quality: 0.98769
 *
Epoch 3 | Train: loss: 0.01151 | quality: 0.99455
        | Val:   loss: 0.01668 | quality: 0.99098
 *
Epoch 4 | Train: loss: 0.01007 | quality: 0.99455
        | Val:   loss: 0.01511 | quality: 0.99098

Epoch 5 | Train: loss: 0.00986 | quality: 0.99455
        | Val:   loss: 0.01484 | quality: 0.99098

Epoch 6 | Train: loss: 0.00981 | quality: 0.99455
        | Val:   loss: 0.01475 | quality: 0.99098

Epoch 7 | Train: loss: 0.00979 | quality: 0.99455
        | Val:   loss: 0.01472 | quality: 0.99098

Epoch 8 | Train: loss: 0.00979 | quality: 0.99455
        | Val:   loss: 0.01471 | quality: 0.99098

Epoch 9 | Train: loss: 0.00979 | quality: 0.99455
        | Val:   loss: 0.01471 | quality: 0.99098

Epoch 10 | Train: loss: 0.00979 | quality: 0.99455
        | Val:   loss: 0.01471 | quality: 0.99098

Epoch 11 | Train: loss: 0.00979 | quality: 0.99455
        | Val:   loss: 0.01471 | quality: 0.99098

Epoch 12 | Train: loss: 0.00979 | quality: 0.99455
        | Val:   loss: 0.01471 | quality: 0.99098

Epoch 13 | Train: loss: 0.00979 | quality: 0.99455
        | Val:   loss: 0.01471 | quality: 0.99098


Early stopping at epoch 13 (best was epoch 3)

Best epoch: 3 (val_quality=0.990976)
[2026-05-02 21:24:38,996][__main__][INFO] - ✓ DONE MPO2TypeI/mushrooms/NTN L=3 bd=8 seed=47311 -> /zhome/6b/e/212868/GTN/outputs/ntn/mushrooms/MPO2TypeI_rg5_init0.1/L3_bd8_seed47311 | val=0.9910
[2026-05-02 21:24:39,001][HYDRA] 	#24 : model.L=3 model.bond_dim=8 seed=47303 trainer.ridge=5 trainer.ridge_decay=0.25 trainer.ridge_min=0.0001 +experiment=uci_ntn_sweep model=mpo2_typei dataset=mushrooms
[2026-05-02 21:24:39,173][__main__][INFO] - ▶ RUN MPO2TypeI/mushrooms/NTN L=3 bd=8 seed=47303 -> /zhome/6b/e/212868/GTN/outputs/ntn/mushrooms/MPO2TypeI_rg5_init0.1/L3_bd8_seed47303
Starting Ensemble Fit: 20 epochs
Models: [(1, 1), (2, 2), (3, 3)]
Total nodes: 6
Validation: Using separate validation set
Early stopping: patience=10, min_delta=0.001
Init    | Train: loss: 0.79012 | quality: 0.41435
        | Val:   loss: 0.78534 | quality: 0.40853

Epoch 1 | Train: loss: 0.08069 | quality: 0.98083
        | Val:   loss: 0.08937 | quality: 0.96965
 *
Epoch 2 | Train: loss: 0.02850 | quality: 0.99349
        | Val:   loss: 0.03539 | quality: 0.98769
 *
Epoch 3 | Train: loss: 0.01222 | quality: 0.99455
        | Val:   loss: 0.01748 | quality: 0.99098
 *
Epoch 4 | Train: loss: 0.01018 | quality: 0.99455
        | Val:   loss: 0.01521 | quality: 0.99098

Epoch 5 | Train: loss: 0.00990 | quality: 0.99455
        | Val:   loss: 0.01485 | quality: 0.99098

Epoch 6 | Train: loss: 0.00982 | quality: 0.99455
        | Val:   loss: 0.01475 | quality: 0.99098

Epoch 7 | Train: loss: 0.00980 | quality: 0.99455
        | Val:   loss: 0.01472 | quality: 0.99098

Epoch 8 | Train: loss: 0.00979 | quality: 0.99455
        | Val:   loss: 0.01471 | quality: 0.99098

Epoch 9 | Train: loss: 0.00979 | quality: 0.99455
        | Val:   loss: 0.01471 | quality: 0.99098

Epoch 10 | Train: loss: 0.00979 | quality: 0.99455
        | Val:   loss: 0.01471 | quality: 0.99098

Epoch 11 | Train: loss: 0.00979 | quality: 0.99455
        | Val:   loss: 0.01471 | quality: 0.99098

Epoch 12 | Train: loss: 0.00979 | quality: 0.99455
        | Val:   loss: 0.01471 | quality: 0.99098

Epoch 13 | Train: loss: 0.00979 | quality: 0.99455
        | Val:   loss: 0.01471 | quality: 0.99098


Early stopping at epoch 13 (best was epoch 3)

Best epoch: 3 (val_quality=0.990976)
[2026-05-02 21:25:18,944][__main__][INFO] - ✓ DONE MPO2TypeI/mushrooms/NTN L=3 bd=8 seed=47303 -> /zhome/6b/e/212868/GTN/outputs/ntn/mushrooms/MPO2TypeI_rg5_init0.1/L3_bd8_seed47303 | val=0.9910
[2026-05-02 21:25:18,950][HYDRA] 	#25 : model.L=3 model.bond_dim=4 seed=42 trainer.ridge=5 trainer.ridge_decay=0.25 trainer.ridge_min=0.0001 +experiment=uci_ntn_sweep model=mpo2_typei dataset=mushrooms
[2026-05-02 21:25:19,219][__main__][INFO] - ▶ RUN MPO2TypeI/mushrooms/NTN L=3 bd=4 seed=42 -> /zhome/6b/e/212868/GTN/outputs/ntn/mushrooms/MPO2TypeI_rg5_init0.1/L3_bd4_seed42
Starting Ensemble Fit: 20 epochs
Models: [(1, 1), (2, 2), (3, 3)]
Total nodes: 6
Validation: Using separate validation set
Early stopping: patience=10, min_delta=0.001
Init    | Train: loss: 0.83000 | quality: 0.22934
        | Val:   loss: 0.82829 | quality: 0.24200

Epoch 1 | Train: loss: 0.15167 | quality: 0.95023
        | Val:   loss: 0.16621 | quality: 0.94011
 *
Epoch 2 | Train: loss: 0.06289 | quality: 0.97450
        | Val:   loss: 0.07354 | quality: 0.96801
 *
Epoch 3 | Train: loss: 0.01980 | quality: 0.99349
        | Val:   loss: 0.02504 | quality: 0.98769
 *
Epoch 4 | Train: loss: 0.01093 | quality: 0.99455
        | Val:   loss: 0.01576 | quality: 0.99098
 *
Epoch 5 | Train: loss: 0.01008 | quality: 0.99455
        | Val:   loss: 0.01497 | quality: 0.99098

Epoch 6 | Train: loss: 0.00987 | quality: 0.99455
        | Val:   loss: 0.01479 | quality: 0.99098

Epoch 7 | Train: loss: 0.00981 | quality: 0.99455
        | Val:   loss: 0.01473 | quality: 0.99098

Epoch 8 | Train: loss: 0.00979 | quality: 0.99455
        | Val:   loss: 0.01471 | quality: 0.99098

Epoch 9 | Train: loss: 0.00979 | quality: 0.99455
        | Val:   loss: 0.01471 | quality: 0.99098

Epoch 10 | Train: loss: 0.00979 | quality: 0.99455
        | Val:   loss: 0.01471 | quality: 0.99098

Epoch 11 | Train: loss: 0.00979 | quality: 0.99455
        | Val:   loss: 0.01471 | quality: 0.99098

Epoch 12 | Train: loss: 0.00979 | quality: 0.99455
        | Val:   loss: 0.01471 | quality: 0.99098

Epoch 13 | Train: loss: 0.00979 | quality: 0.99455
        | Val:   loss: 0.01471 | quality: 0.99098

Epoch 14 | Train: loss: 0.00979 | quality: 0.99455
        | Val:   loss: 0.01471 | quality: 0.99098


Early stopping at epoch 14 (best was epoch 4)

Best epoch: 4 (val_quality=0.990976)
[2026-05-02 21:25:35,026][__main__][INFO] - ✓ DONE MPO2TypeI/mushrooms/NTN L=3 bd=4 seed=42 -> /zhome/6b/e/212868/GTN/outputs/ntn/mushrooms/MPO2TypeI_rg5_init0.1/L3_bd4_seed42 | val=0.9910
[2026-05-02 21:25:35,028][HYDRA] 	#26 : model.L=3 model.bond_dim=4 seed=10090 trainer.ridge=5 trainer.ridge_decay=0.25 trainer.ridge_min=0.0001 +experiment=uci_ntn_sweep model=mpo2_typei dataset=mushrooms
[2026-05-02 21:25:35,191][__main__][INFO] - ▶ RUN MPO2TypeI/mushrooms/NTN L=3 bd=4 seed=10090 -> /zhome/6b/e/212868/GTN/outputs/ntn/mushrooms/MPO2TypeI_rg5_init0.1/L3_bd4_seed10090
Starting Ensemble Fit: 20 epochs
Models: [(1, 1), (2, 2), (3, 3)]
Total nodes: 6
Validation: Using separate validation set
Early stopping: patience=10, min_delta=0.001
Init    | Train: loss: 0.55328 | quality: 0.78966
        | Val:   loss: 0.56261 | quality: 0.77441

Epoch 1 | Train: loss: 0.13609 | quality: 0.95128
        | Val:   loss: 0.14783 | quality: 0.94340
 *
Epoch 2 | Train: loss: 0.05965 | quality: 0.98593
        | Val:   loss: 0.07022 | quality: 0.97949
 *
Epoch 3 | Train: loss: 0.02034 | quality: 0.99349
        | Val:   loss: 0.02707 | quality: 0.98769
 *
Epoch 4 | Train: loss: 0.01087 | quality: 0.99455
        | Val:   loss: 0.01662 | quality: 0.99016
 *
Epoch 5 | Train: loss: 0.01001 | quality: 0.99455
        | Val:   loss: 0.01511 | quality: 0.99098

Epoch 6 | Train: loss: 0.00985 | quality: 0.99455
        | Val:   loss: 0.01483 | quality: 0.99098

Epoch 7 | Train: loss: 0.00980 | quality: 0.99455
        | Val:   loss: 0.01475 | quality: 0.99098

Epoch 8 | Train: loss: 0.00979 | quality: 0.99455
        | Val:   loss: 0.01472 | quality: 0.99098

Epoch 9 | Train: loss: 0.00979 | quality: 0.99455
        | Val:   loss: 0.01471 | quality: 0.99098

Epoch 10 | Train: loss: 0.00979 | quality: 0.99455
        | Val:   loss: 0.01471 | quality: 0.99098

Epoch 11 | Train: loss: 0.00979 | quality: 0.99455
        | Val:   loss: 0.01471 | quality: 0.99098

Epoch 12 | Train: loss: 0.00979 | quality: 0.99455
        | Val:   loss: 0.01471 | quality: 0.99098

Epoch 13 | Train: loss: 0.00979 | quality: 0.99455
        | Val:   loss: 0.01471 | quality: 0.99098

Epoch 14 | Train: loss: 0.00979 | quality: 0.99455
        | Val:   loss: 0.01471 | quality: 0.99098


Early stopping at epoch 14 (best was epoch 4)

Best epoch: 4 (val_quality=0.990156)
[2026-05-02 21:25:52,215][__main__][INFO] - ✓ DONE MPO2TypeI/mushrooms/NTN L=3 bd=4 seed=10090 -> /zhome/6b/e/212868/GTN/outputs/ntn/mushrooms/MPO2TypeI_rg5_init0.1/L3_bd4_seed10090 | val=0.9902
[2026-05-02 21:25:52,217][HYDRA] 	#27 : model.L=3 model.bond_dim=4 seed=32874 trainer.ridge=5 trainer.ridge_decay=0.25 trainer.ridge_min=0.0001 +experiment=uci_ntn_sweep model=mpo2_typei dataset=mushrooms
[2026-05-02 21:25:52,390][__main__][INFO] - ▶ RUN MPO2TypeI/mushrooms/NTN L=3 bd=4 seed=32874 -> /zhome/6b/e/212868/GTN/outputs/ntn/mushrooms/MPO2TypeI_rg5_init0.1/L3_bd4_seed32874
Starting Ensemble Fit: 20 epochs
Models: [(1, 1), (2, 2), (3, 3)]
Total nodes: 6
Validation: Using separate validation set
Early stopping: patience=10, min_delta=0.001
Init    | Train: loss: 0.75600 | quality: 0.47098
        | Val:   loss: 0.75094 | quality: 0.47744

Epoch 1 | Train: loss: 0.13413 | quality: 0.95550
        | Val:   loss: 0.14655 | quality: 0.94176
 *
Epoch 2 | Train: loss: 0.04586 | quality: 0.98980
        | Val:   loss: 0.05344 | quality: 0.98523
 *
Epoch 3 | Train: loss: 0.01679 | quality: 0.99420
        | Val:   loss: 0.02123 | quality: 0.99098
 *
Epoch 4 | Train: loss: 0.01051 | quality: 0.99455
        | Val:   loss: 0.01549 | quality: 0.99098

Epoch 5 | Train: loss: 0.00994 | quality: 0.99455
        | Val:   loss: 0.01491 | quality: 0.99098

Epoch 6 | Train: loss: 0.00983 | quality: 0.99455
        | Val:   loss: 0.01477 | quality: 0.99098

Epoch 7 | Train: loss: 0.00980 | quality: 0.99455
        | Val:   loss: 0.01473 | quality: 0.99098

Epoch 8 | Train: loss: 0.00979 | quality: 0.99455
        | Val:   loss: 0.01471 | quality: 0.99098

Epoch 9 | Train: loss: 0.00979 | quality: 0.99455
        | Val:   loss: 0.01471 | quality: 0.99098

Epoch 10 | Train: loss: 0.00979 | quality: 0.99455
        | Val:   loss: 0.01471 | quality: 0.99098

Epoch 11 | Train: loss: 0.00979 | quality: 0.99455
        | Val:   loss: 0.01471 | quality: 0.99098

Epoch 12 | Train: loss: 0.00979 | quality: 0.99455
        | Val:   loss: 0.01471 | quality: 0.99098

Epoch 13 | Train: loss: 0.00979 | quality: 0.99455
        | Val:   loss: 0.01471 | quality: 0.99098


Early stopping at epoch 13 (best was epoch 3)

Best epoch: 3 (val_quality=0.990976)
[2026-05-02 21:26:10,233][__main__][INFO] - ✓ DONE MPO2TypeI/mushrooms/NTN L=3 bd=4 seed=32874 -> /zhome/6b/e/212868/GTN/outputs/ntn/mushrooms/MPO2TypeI_rg5_init0.1/L3_bd4_seed32874 | val=0.9910
[2026-05-02 21:26:10,236][HYDRA] 	#28 : model.L=3 model.bond_dim=4 seed=47311 trainer.ridge=5 trainer.ridge_decay=0.25 trainer.ridge_min=0.0001 +experiment=uci_ntn_sweep model=mpo2_typei dataset=mushrooms
[2026-05-02 21:26:10,408][__main__][INFO] - ▶ RUN MPO2TypeI/mushrooms/NTN L=3 bd=4 seed=47311 -> /zhome/6b/e/212868/GTN/outputs/ntn/mushrooms/MPO2TypeI_rg5_init0.1/L3_bd4_seed47311
Starting Ensemble Fit: 20 epochs
Models: [(1, 1), (2, 2), (3, 3)]
Total nodes: 6
Validation: Using separate validation set
Early stopping: patience=10, min_delta=0.001
Init    | Train: loss: 0.64382 | quality: 0.66567
        | Val:   loss: 0.64599 | quality: 0.65546

Epoch 1 | Train: loss: 0.12561 | quality: 0.95814
        | Val:   loss: 0.13589 | quality: 0.94586
 *
Epoch 2 | Train: loss: 0.06015 | quality: 0.98048
        | Val:   loss: 0.06864 | quality: 0.97539
 *
Epoch 3 | Train: loss: 0.02229 | quality: 0.99349
        | Val:   loss: 0.02699 | quality: 0.98769
 *
Epoch 4 | Train: loss: 0.01108 | quality: 0.99455
        | Val:   loss: 0.01621 | quality: 0.99098
 *
Epoch 5 | Train: loss: 0.01007 | quality: 0.99455
        | Val:   loss: 0.01509 | quality: 0.99098

Epoch 6 | Train: loss: 0.00987 | quality: 0.99455
        | Val:   loss: 0.01482 | quality: 0.99098

Epoch 7 | Train: loss: 0.00981 | quality: 0.99455
        | Val:   loss: 0.01474 | quality: 0.99098

Epoch 8 | Train: loss: 0.00979 | quality: 0.99455
        | Val:   loss: 0.01472 | quality: 0.99098

Epoch 9 | Train: loss: 0.00979 | quality: 0.99455
        | Val:   loss: 0.01471 | quality: 0.99098

Epoch 10 | Train: loss: 0.00979 | quality: 0.99455
        | Val:   loss: 0.01471 | quality: 0.99098

Epoch 11 | Train: loss: 0.00979 | quality: 0.99455
        | Val:   loss: 0.01471 | quality: 0.99098

Epoch 12 | Train: loss: 0.00979 | quality: 0.99455
        | Val:   loss: 0.01471 | quality: 0.99098

Epoch 13 | Train: loss: 0.00979 | quality: 0.99455
        | Val:   loss: 0.01471 | quality: 0.99098

Epoch 14 | Train: loss: 0.00979 | quality: 0.99455
        | Val:   loss: 0.01471 | quality: 0.99098


Early stopping at epoch 14 (best was epoch 4)

Best epoch: 4 (val_quality=0.990976)
[2026-05-02 21:26:26,997][__main__][INFO] - ✓ DONE MPO2TypeI/mushrooms/NTN L=3 bd=4 seed=47311 -> /zhome/6b/e/212868/GTN/outputs/ntn/mushrooms/MPO2TypeI_rg5_init0.1/L3_bd4_seed47311 | val=0.9910
[2026-05-02 21:26:27,001][HYDRA] 	#29 : model.L=3 model.bond_dim=4 seed=47303 trainer.ridge=5 trainer.ridge_decay=0.25 trainer.ridge_min=0.0001 +experiment=uci_ntn_sweep model=mpo2_typei dataset=mushrooms
[2026-05-02 21:26:27,256][__main__][INFO] - ▶ RUN MPO2TypeI/mushrooms/NTN L=3 bd=4 seed=47303 -> /zhome/6b/e/212868/GTN/outputs/ntn/mushrooms/MPO2TypeI_rg5_init0.1/L3_bd4_seed47303
Starting Ensemble Fit: 20 epochs
Models: [(1, 1), (2, 2), (3, 3)]
Total nodes: 6
Validation: Using separate validation set
Early stopping: patience=10, min_delta=0.001
Init    | Train: loss: 0.73641 | quality: 0.49191
        | Val:   loss: 0.73866 | quality: 0.49139

Epoch 1 | Train: loss: 0.12718 | quality: 0.95550
        | Val:   loss: 0.13909 | quality: 0.93929
 *
Epoch 2 | Train: loss: 0.05661 | quality: 0.98101
        | Val:   loss: 0.06633 | quality: 0.97211
 *
Epoch 3 | Train: loss: 0.01949 | quality: 0.99349
        | Val:   loss: 0.02503 | quality: 0.98852
 *
Epoch 4 | Train: loss: 0.01096 | quality: 0.99455
        | Val:   loss: 0.01607 | quality: 0.99098
 *
Epoch 5 | Train: loss: 0.01009 | quality: 0.99455
        | Val:   loss: 0.01509 | quality: 0.99098

Epoch 6 | Train: loss: 0.00987 | quality: 0.99455
        | Val:   loss: 0.01482 | quality: 0.99098

Epoch 7 | Train: loss: 0.00981 | quality: 0.99455
        | Val:   loss: 0.01474 | quality: 0.99098

Epoch 8 | Train: loss: 0.00979 | quality: 0.99455
        | Val:   loss: 0.01472 | quality: 0.99098

Epoch 9 | Train: loss: 0.00979 | quality: 0.99455
        | Val:   loss: 0.01471 | quality: 0.99098

Epoch 10 | Train: loss: 0.00979 | quality: 0.99455
        | Val:   loss: 0.01471 | quality: 0.99098

Epoch 11 | Train: loss: 0.00979 | quality: 0.99455
        | Val:   loss: 0.01471 | quality: 0.99098

Epoch 12 | Train: loss: 0.00979 | quality: 0.99455
        | Val:   loss: 0.01471 | quality: 0.99098

Epoch 13 | Train: loss: 0.00979 | quality: 0.99455
        | Val:   loss: 0.01471 | quality: 0.99098

Epoch 14 | Train: loss: 0.00979 | quality: 0.99455
        | Val:   loss: 0.01471 | quality: 0.99098


Early stopping at epoch 14 (best was epoch 4)

Best epoch: 4 (val_quality=0.990976)
[2026-05-02 21:26:43,742][__main__][INFO] - ✓ DONE MPO2TypeI/mushrooms/NTN L=3 bd=4 seed=47303 -> /zhome/6b/e/212868/GTN/outputs/ntn/mushrooms/MPO2TypeI_rg5_init0.1/L3_bd4_seed47303 | val=0.9910

------------------------------------------------------------
Sender: LSF System <lsfadmin@hpc.dtu.dk>
Subject: Job 28338018[76]: <ntn_grid_full[1-150]%20> in cluster <dcc> Done

Job <ntn_grid_full[1-150]%20> was submitted from host <hpclogin1> by user <nicci> in cluster <dcc> at Sat May  2 18:52:02 2026
Job was executed on host(s) <6*n-62-31-15>, in queue <hpc>, as user <nicci> in cluster <dcc> at Sat May  2 20:38:38 2026
</zhome/6b/e/212868> was used as the home directory.
</zhome/6b/e/212868/GTN> was used as the working directory.
Started at Sat May  2 20:38:38 2026
Terminated at Sat May  2 21:26:56 2026
Results reported at Sat May  2 21:26:56 2026

Your job looked like:

------------------------------------------------------------
# LSBATCH: User input
#!/bin/bash
#BSUB -q hpc
#BSUB -J "ntn_grid_full[1-150]%20"
#BSUB -W 8:00
#BSUB -n 6
#BSUB -R "rusage[mem=750MB]"
#BSUB -R "span[hosts=1]"
#BSUB -o logs/%J_%I.out
#BSUB -e logs/%J_%I.err

MODELS=("cpda" "cpda_typei" "lmpo2" "lmpo2_typei" "mpo2" "mpo2_typei" "mmpo2" "mmpo2_typei" "tnml_f" "tnml_p")

DATASETS=(
    "abalone" "adult" "ai4i" "appliances" "bank" "bike" "breast"
    "car_evaluation" "concrete" "energy_efficiency" "hearth"
    "iris" "mushrooms" "obesity" "popularity" "realstate"
    "seoulBike" "student_dropout" "student_perf" "wine"
    "winequalityc"
)

COMPLETED_DATASETS=(
    "abalone" "bike" "concrete" "energy_efficiency"
    "iris" "realstate" )

# Filter datasets
FILTERED_DATASETS=()
for ds in "${DATASETS[@]}"; do
    skip=false
    for completed in "${COMPLETED_DATASETS[@]}"; do
        if [[ "$ds" == "$completed" ]]; then
            skip=true
            break
        fi
    done

    if ! $skip; then
        FILTERED_DATASETS+=("$ds")
    fi
done

DATASETS=("${FILTERED_DATASETS[@]}")

NUM_MODELS=${#MODELS[@]}
NUM_DATASETS=${#DATASETS[@]}
NUM_EXPERIMENTS=$((NUM_DATASETS * NUM_MODELS))

if [ "$1" == "test" ]; then
    echo "SIMULATING ARRAY:"
    echo "-----------------"


(... more ...)
------------------------------------------------------------

Successfully completed.

Resource usage summary:

    CPU time :                                   16636.00 sec.
    Max Memory :                                 2302 MB
    Average Memory :                             1218.12 MB
    Total Requested Memory :                     4500.00 MB
    Delta Memory :                               2198.00 MB
    Max Swap :                                   -
    Max Processes :                              12
    Max Threads :                                65
    Run time :                                   2898 sec.
    Turnaround time :                            9294 sec.

The output (if any) is above this job summary.



PS:

Read file <logs/28338018_76.err> for stderr output of this job.

