Task 112: Dataset=student_dropout, Model=cpda_typei, Experiment=cpda_ntn_sweep
[2026-05-03 07:28:00,689][HYDRA] Launching 40 jobs locally
[2026-05-03 07:28:00,689][HYDRA] 	#0 : model.L=4 model.bond_dim=64 seed=42 trainer.ridge=5 trainer.ridge_decay=0.25 trainer.ridge_min=0.0001 +experiment=cpda_ntn_sweep model=cpda_typei dataset=student_dropout
[2026-05-03 07:28:00,939][utils.tracking][INFO] - Loaded 17971 tracked runs from runs_tracking.csv
[2026-05-03 07:28:00,942][__main__][INFO] - ▶ RUN CPDATypeI/student_dropout/NTN L=4 bd=64 seed=42 -> /zhome/6b/e/212868/GTN/outputs/ntn/student_dropout/CPDATypeI_rg5_init0.1/L4_bd64_seed42
Starting Ensemble Fit: 20 epochs
Models: [(1, 1), (2, 2), (3, 3), (4, 4)]
Total nodes: 10
Validation: Using separate validation set
Early stopping: patience=10, min_delta=0.001
Init    | Train: loss: 4.53945 | quality: 0.37952
        | Val:   loss: 4.92527 | quality: 0.34488

Epoch 1 | Train: loss: 69408174998308740608839208180201206356467013419165213109947080442084311732870383837756584968091825028088843486523148785660227383450295862845559277561173476883055930233359171584.00000 | quality: 0.33204
        | Val:   loss: 97066508579676345159489932621007202330208640213358122331971361782369749457967763333035382594573267753151108831007582350288720942091287821165441518559072854421471060045884030976.00000 | quality: 0.34940
 *

✗ NaN loss at epoch 2 - stopping training
[2026-05-03 07:28:48,203][__main__][WARNING] - ✗ SINGULAR CPDATypeI/student_dropout/NTN L=4 bd=64 seed=42 -> /zhome/6b/e/212868/GTN/outputs/ntn/student_dropout/CPDATypeI_rg5_init0.1/L4_bd64_seed42 | val=0.3494
[2026-05-03 07:28:48,207][HYDRA] 	#1 : model.L=4 model.bond_dim=64 seed=10090 trainer.ridge=5 trainer.ridge_decay=0.25 trainer.ridge_min=0.0001 +experiment=cpda_ntn_sweep model=cpda_typei dataset=student_dropout
[2026-05-03 07:28:48,397][__main__][INFO] - ▶ RUN CPDATypeI/student_dropout/NTN L=4 bd=64 seed=10090 -> /zhome/6b/e/212868/GTN/outputs/ntn/student_dropout/CPDATypeI_rg5_init0.1/L4_bd64_seed10090
Starting Ensemble Fit: 20 epochs
Models: [(1, 1), (2, 2), (3, 3), (4, 4)]
Total nodes: 10
Validation: Using separate validation set
Early stopping: patience=10, min_delta=0.001
Init    | Train: loss: 4.19823 | quality: 0.31751
        | Val:   loss: 4.17441 | quality: 0.32380

Epoch 1 | Train: loss: 109034749980447430672384.00000 | quality: 0.49483
        | Val:   loss: 279597215709878615539712.00000 | quality: 0.50452
 *
Epoch 2 | Train: loss: 394939705878484926756798590585643264934601791591689511963872092970613685167677855067196371275535276625149854690970463071752013828676821692043861639062981229537782708507898378798758736002666427698208772986931210818979914342768234296727668224529663486122640762349302054912.00000 | quality: 0.51001
        | Val:   loss: 1018875788682093405335509220991074660308073512511183329094459439993886146045652262837156813903371369196806273896780178856113949216572944393858496751020234179316455576846019322095860946814798464807627690557291739612004749100635875884564521590827104939839063728426009493504.00000 | quality: 0.46988


✗ NaN loss at epoch 3 - stopping training
[2026-05-03 07:29:36,447][__main__][WARNING] - ✗ SINGULAR CPDATypeI/student_dropout/NTN L=4 bd=64 seed=10090 -> /zhome/6b/e/212868/GTN/outputs/ntn/student_dropout/CPDATypeI_rg5_init0.1/L4_bd64_seed10090 | val=0.5045
[2026-05-03 07:29:36,451][HYDRA] 	#2 : model.L=4 model.bond_dim=64 seed=32874 trainer.ridge=5 trainer.ridge_decay=0.25 trainer.ridge_min=0.0001 +experiment=cpda_ntn_sweep model=cpda_typei dataset=student_dropout
[2026-05-03 07:29:36,623][__main__][INFO] - ▶ RUN CPDATypeI/student_dropout/NTN L=4 bd=64 seed=32874 -> /zhome/6b/e/212868/GTN/outputs/ntn/student_dropout/CPDATypeI_rg5_init0.1/L4_bd64_seed32874
Starting Ensemble Fit: 20 epochs
Models: [(1, 1), (2, 2), (3, 3), (4, 4)]
Total nodes: 10
Validation: Using separate validation set
Early stopping: patience=10, min_delta=0.001
Init    | Train: loss: 4.96659 | quality: 0.27842
        | Val:   loss: 3.74248 | quality: 0.29669

Epoch 1 | Train: loss: 192342136948452744214085632.00000 | quality: 0.34270
        | Val:   loss: 31184181782942113121435648.00000 | quality: 0.37048
 *

✗ NaN loss at epoch 2 - stopping training
[2026-05-03 07:30:09,252][__main__][WARNING] - ✗ SINGULAR CPDATypeI/student_dropout/NTN L=4 bd=64 seed=32874 -> /zhome/6b/e/212868/GTN/outputs/ntn/student_dropout/CPDATypeI_rg5_init0.1/L4_bd64_seed32874 | val=0.3705
[2026-05-03 07:30:09,255][HYDRA] 	#3 : model.L=4 model.bond_dim=64 seed=47311 trainer.ridge=5 trainer.ridge_decay=0.25 trainer.ridge_min=0.0001 +experiment=cpda_ntn_sweep model=cpda_typei dataset=student_dropout
[2026-05-03 07:30:09,429][__main__][INFO] - ▶ RUN CPDATypeI/student_dropout/NTN L=4 bd=64 seed=47311 -> /zhome/6b/e/212868/GTN/outputs/ntn/student_dropout/CPDATypeI_rg5_init0.1/L4_bd64_seed47311
Starting Ensemble Fit: 20 epochs
Models: [(1, 1), (2, 2), (3, 3), (4, 4)]
Total nodes: 10
Validation: Using separate validation set
Early stopping: patience=10, min_delta=0.001
Init    | Train: loss: 3.90853 | quality: 0.33656
        | Val:   loss: 4.33345 | quality: 0.34187

Epoch 1 | Train: loss: 176314878022353390790231086379949332234610161885416890039080732408169829472804173233066906194584365720936703371504943116783807331713431395124150598602063872.00000 | quality: 0.32784
        | Val:   loss: 188314236155267850472467790614592513205918648085312407571313266654492241765340062143519529002216052807437643793888086980526652361568849454724151167592431616.00000 | quality: 0.31175


✗ NaN loss at epoch 2 - stopping training
[2026-05-03 07:30:43,499][__main__][WARNING] - ✗ SINGULAR CPDATypeI/student_dropout/NTN L=4 bd=64 seed=47311 -> /zhome/6b/e/212868/GTN/outputs/ntn/student_dropout/CPDATypeI_rg5_init0.1/L4_bd64_seed47311 | val=0.3117
[2026-05-03 07:30:43,502][HYDRA] 	#4 : model.L=4 model.bond_dim=64 seed=47303 trainer.ridge=5 trainer.ridge_decay=0.25 trainer.ridge_min=0.0001 +experiment=cpda_ntn_sweep model=cpda_typei dataset=student_dropout
[2026-05-03 07:30:43,690][__main__][INFO] - ▶ RUN CPDATypeI/student_dropout/NTN L=4 bd=64 seed=47303 -> /zhome/6b/e/212868/GTN/outputs/ntn/student_dropout/CPDATypeI_rg5_init0.1/L4_bd64_seed47303
Starting Ensemble Fit: 20 epochs
Models: [(1, 1), (2, 2), (3, 3), (4, 4)]
Total nodes: 10
Validation: Using separate validation set
Early stopping: patience=10, min_delta=0.001
Init    | Train: loss: 3.48575 | quality: 0.36240
        | Val:   loss: 4.56768 | quality: 0.34940

Epoch 1 | Train: loss: 156633644295518062340479995871232.00000 | quality: 0.42022
        | Val:   loss: 127829024010772100132285104259072.00000 | quality: 0.38102
 *

✗ NaN loss at epoch 2 - stopping training
[2026-05-03 07:31:17,997][__main__][WARNING] - ✗ SINGULAR CPDATypeI/student_dropout/NTN L=4 bd=64 seed=47303 -> /zhome/6b/e/212868/GTN/outputs/ntn/student_dropout/CPDATypeI_rg5_init0.1/L4_bd64_seed47303 | val=0.3810
[2026-05-03 07:31:18,001][HYDRA] 	#5 : model.L=4 model.bond_dim=32 seed=42 trainer.ridge=5 trainer.ridge_decay=0.25 trainer.ridge_min=0.0001 +experiment=cpda_ntn_sweep model=cpda_typei dataset=student_dropout
[2026-05-03 07:31:18,178][__main__][INFO] - ▶ RUN CPDATypeI/student_dropout/NTN L=4 bd=32 seed=42 -> /zhome/6b/e/212868/GTN/outputs/ntn/student_dropout/CPDATypeI_rg5_init0.1/L4_bd32_seed42
Starting Ensemble Fit: 20 epochs
Models: [(1, 1), (2, 2), (3, 3), (4, 4)]
Total nodes: 10
Validation: Using separate validation set
Early stopping: patience=10, min_delta=0.001
Init    | Train: loss: 3.06723 | quality: 0.37726
        | Val:   loss: 3.46556 | quality: 0.36596

Epoch 1 | Train: loss: 20190577060593.03125 | quality: 0.28295
        | Val:   loss: 3345647926029.50732 | quality: 0.29669

Epoch 2 | Train: loss: 963524765822610226835190062107704602622345998507745851968499352099014251123526155009398236594512038106273839990167002456705056628494876710330277256232960.00000 | quality: 0.50646
        | Val:   loss: 2469145253756731048338237596216746875240312003476373596441110191567654403457276389973842564972464165018540288288546995984854007986054584615286102321790976.00000 | quality: 0.46687
 *

✗ NaN loss at epoch 3 - stopping training
[2026-05-03 07:31:45,779][__main__][WARNING] - ✗ SINGULAR CPDATypeI/student_dropout/NTN L=4 bd=32 seed=42 -> /zhome/6b/e/212868/GTN/outputs/ntn/student_dropout/CPDATypeI_rg5_init0.1/L4_bd32_seed42 | val=0.4669
[2026-05-03 07:31:45,782][HYDRA] 	#6 : model.L=4 model.bond_dim=32 seed=10090 trainer.ridge=5 trainer.ridge_decay=0.25 trainer.ridge_min=0.0001 +experiment=cpda_ntn_sweep model=cpda_typei dataset=student_dropout
[2026-05-03 07:31:45,960][__main__][INFO] - ▶ RUN CPDATypeI/student_dropout/NTN L=4 bd=32 seed=10090 -> /zhome/6b/e/212868/GTN/outputs/ntn/student_dropout/CPDATypeI_rg5_init0.1/L4_bd32_seed10090
Starting Ensemble Fit: 20 epochs
Models: [(1, 1), (2, 2), (3, 3), (4, 4)]
Total nodes: 10
Validation: Using separate validation set
Early stopping: patience=10, min_delta=0.001
Init    | Train: loss: 3.18927 | quality: 0.30297
        | Val:   loss: 3.45890 | quality: 0.28163

Epoch 1 | Train: loss: 4074575717.32002 | quality: 0.28004
        | Val:   loss: 539670302.48401 | quality: 0.27410

Epoch 2 | Train: loss: 15126092757883881060184359933135442944326616255195471845212489576064733150626687303421828281733427011224862720.00000 | quality: 0.31686
        | Val:   loss: 1995608139570854161212370275863816655068971935463763397450785753406680653910751519900654175736748930613903360.00000 | quality: 0.32078
 *

✗ NaN loss at epoch 3 - stopping training
[2026-05-03 07:32:03,053][__main__][WARNING] - ✗ SINGULAR CPDATypeI/student_dropout/NTN L=4 bd=32 seed=10090 -> /zhome/6b/e/212868/GTN/outputs/ntn/student_dropout/CPDATypeI_rg5_init0.1/L4_bd32_seed10090 | val=0.3208
[2026-05-03 07:32:03,055][HYDRA] 	#7 : model.L=4 model.bond_dim=32 seed=32874 trainer.ridge=5 trainer.ridge_decay=0.25 trainer.ridge_min=0.0001 +experiment=cpda_ntn_sweep model=cpda_typei dataset=student_dropout
[2026-05-03 07:32:03,476][__main__][INFO] - ▶ RUN CPDATypeI/student_dropout/NTN L=4 bd=32 seed=32874 -> /zhome/6b/e/212868/GTN/outputs/ntn/student_dropout/CPDATypeI_rg5_init0.1/L4_bd32_seed32874
Starting Ensemble Fit: 20 epochs
Models: [(1, 1), (2, 2), (3, 3), (4, 4)]
Total nodes: 10
Validation: Using separate validation set
Early stopping: patience=10, min_delta=0.001
Init    | Train: loss: 3.38106 | quality: 0.26130
        | Val:   loss: 3.14140 | quality: 0.25452

Epoch 1 | Train: loss: 33154620753609.85547 | quality: 0.52649
        | Val:   loss: 84991527204511.45312 | quality: 0.51054
 *
Epoch 2 | Train: loss: 4350163409876352495115535276064093102048772317879961989785125461586052039999955069920391675501098827585198544192374465152782200377424096551477669822183266844672.00000 | quality: 0.50840
        | Val:   loss: 11186070598890754086112743990288615835517201314561891335803658036430007318891572025028300059144280365454067055010535148074535874953537146771933152225652830633984.00000 | quality: 0.47590


✗ NaN loss at epoch 3 - stopping training
[2026-05-03 07:32:20,184][__main__][WARNING] - ✗ SINGULAR CPDATypeI/student_dropout/NTN L=4 bd=32 seed=32874 -> /zhome/6b/e/212868/GTN/outputs/ntn/student_dropout/CPDATypeI_rg5_init0.1/L4_bd32_seed32874 | val=0.5105
[2026-05-03 07:32:20,187][HYDRA] 	#8 : model.L=4 model.bond_dim=32 seed=47311 trainer.ridge=5 trainer.ridge_decay=0.25 trainer.ridge_min=0.0001 +experiment=cpda_ntn_sweep model=cpda_typei dataset=student_dropout
[2026-05-03 07:32:20,360][__main__][INFO] - ▶ RUN CPDATypeI/student_dropout/NTN L=4 bd=32 seed=47311 -> /zhome/6b/e/212868/GTN/outputs/ntn/student_dropout/CPDATypeI_rg5_init0.1/L4_bd32_seed47311
Starting Ensemble Fit: 20 epochs
Models: [(1, 1), (2, 2), (3, 3), (4, 4)]
Total nodes: 10
Validation: Using separate validation set
Early stopping: patience=10, min_delta=0.001
Init    | Train: loss: 3.20629 | quality: 0.26421
        | Val:   loss: 3.70056 | quality: 0.27711

Epoch 1 | Train: loss: 34917227.71992 | quality: 0.30233
        | Val:   loss: 8966425.59116 | quality: 0.28916
 *
Epoch 2 | Train: loss: 325729436950259589707362469914504372047681886614873355548389752668735216360100837242388020564328448.00000 | quality: 0.29296
        | Val:   loss: 157644046869994509456743097765382031296873707991849506768996998788712398881029042898725388035293184.00000 | quality: 0.30120
 *

✗ NaN loss at epoch 3 - stopping training
[2026-05-03 07:32:36,649][__main__][WARNING] - ✗ SINGULAR CPDATypeI/student_dropout/NTN L=4 bd=32 seed=47311 -> /zhome/6b/e/212868/GTN/outputs/ntn/student_dropout/CPDATypeI_rg5_init0.1/L4_bd32_seed47311 | val=0.3012
[2026-05-03 07:32:36,652][HYDRA] 	#9 : model.L=4 model.bond_dim=32 seed=47303 trainer.ridge=5 trainer.ridge_decay=0.25 trainer.ridge_min=0.0001 +experiment=cpda_ntn_sweep model=cpda_typei dataset=student_dropout
[2026-05-03 07:32:36,827][__main__][INFO] - ▶ RUN CPDATypeI/student_dropout/NTN L=4 bd=32 seed=47303 -> /zhome/6b/e/212868/GTN/outputs/ntn/student_dropout/CPDATypeI_rg5_init0.1/L4_bd32_seed47303
Starting Ensemble Fit: 20 epochs
Models: [(1, 1), (2, 2), (3, 3), (4, 4)]
Total nodes: 10
Validation: Using separate validation set
Early stopping: patience=10, min_delta=0.001
Init    | Train: loss: 3.32439 | quality: 0.32494
        | Val:   loss: 3.93857 | quality: 0.30873

Epoch 1 | Train: loss: 5531498080.80718 | quality: 0.40149
        | Val:   loss: 12064160132.55035 | quality: 0.42922
 *
Epoch 2 | Train: loss: 1443582941859785801941791263764984968757261476440499325224407879921988292484600825278017820574714614241034240.00000 | quality: 0.47093
        | Val:   loss: 1156685954626647312716160684966413422043769851142142652407195166067406877507723818851004948018010981396381696.00000 | quality: 0.42771


✗ NaN loss at epoch 3 - stopping training
[2026-05-03 07:32:53,534][__main__][WARNING] - ✗ SINGULAR CPDATypeI/student_dropout/NTN L=4 bd=32 seed=47303 -> /zhome/6b/e/212868/GTN/outputs/ntn/student_dropout/CPDATypeI_rg5_init0.1/L4_bd32_seed47303 | val=0.4292
[2026-05-03 07:32:53,536][HYDRA] 	#10 : model.L=4 model.bond_dim=16 seed=42 trainer.ridge=5 trainer.ridge_decay=0.25 trainer.ridge_min=0.0001 +experiment=cpda_ntn_sweep model=cpda_typei dataset=student_dropout
[2026-05-03 07:32:53,709][__main__][INFO] - ▶ RUN CPDATypeI/student_dropout/NTN L=4 bd=16 seed=42 -> /zhome/6b/e/212868/GTN/outputs/ntn/student_dropout/CPDATypeI_rg5_init0.1/L4_bd16_seed42
Starting Ensemble Fit: 20 epochs
Models: [(1, 1), (2, 2), (3, 3), (4, 4)]
Total nodes: 10
Validation: Using separate validation set
Early stopping: patience=10, min_delta=0.001
Init    | Train: loss: 2.99981 | quality: 0.34981
        | Val:   loss: 3.98423 | quality: 0.35542

Epoch 1 | Train: loss: 4992.35393 | quality: 0.63598
        | Val:   loss: 11803.97167 | quality: 0.60994
 *
Epoch 2 | Train: loss: 4266696961539633726252710247605188215814757483403727959729588150284120665269837455034865601760587393504829297861903327526151362811570645697167864315630401901754849694251852234752.00000 | quality: 0.34173
        | Val:   loss: 10570232304586481379894600798720287989566962743938193212461222896742213384467857521458514472207668032937227908517288602962926834383046193721132698769023997253916332629776350052352.00000 | quality: 0.31325


✗ NaN loss at epoch 3 - stopping training
[2026-05-03 07:33:12,470][__main__][WARNING] - ✗ SINGULAR CPDATypeI/student_dropout/NTN L=4 bd=16 seed=42 -> /zhome/6b/e/212868/GTN/outputs/ntn/student_dropout/CPDATypeI_rg5_init0.1/L4_bd16_seed42 | val=0.6099
[2026-05-03 07:33:12,473][HYDRA] 	#11 : model.L=4 model.bond_dim=16 seed=10090 trainer.ridge=5 trainer.ridge_decay=0.25 trainer.ridge_min=0.0001 +experiment=cpda_ntn_sweep model=cpda_typei dataset=student_dropout
[2026-05-03 07:33:12,649][__main__][INFO] - ▶ RUN CPDATypeI/student_dropout/NTN L=4 bd=16 seed=10090 -> /zhome/6b/e/212868/GTN/outputs/ntn/student_dropout/CPDATypeI_rg5_init0.1/L4_bd16_seed10090
Starting Ensemble Fit: 20 epochs
Models: [(1, 1), (2, 2), (3, 3), (4, 4)]
Total nodes: 10
Validation: Using separate validation set
Early stopping: patience=10, min_delta=0.001
Init    | Train: loss: 2.41483 | quality: 0.29070
        | Val:   loss: 2.63192 | quality: 0.28765

Epoch 1 | Train: loss: 4.47047 | quality: 0.67442
        | Val:   loss: 7.62025 | quality: 0.63705
 *

✗ NaN loss at epoch 2 - stopping training
[2026-05-03 07:33:19,589][__main__][WARNING] - ✗ SINGULAR CPDATypeI/student_dropout/NTN L=4 bd=16 seed=10090 -> /zhome/6b/e/212868/GTN/outputs/ntn/student_dropout/CPDATypeI_rg5_init0.1/L4_bd16_seed10090 | val=0.6370
[2026-05-03 07:33:19,592][HYDRA] 	#12 : model.L=4 model.bond_dim=16 seed=32874 trainer.ridge=5 trainer.ridge_decay=0.25 trainer.ridge_min=0.0001 +experiment=cpda_ntn_sweep model=cpda_typei dataset=student_dropout
[2026-05-03 07:33:19,764][__main__][INFO] - ▶ RUN CPDATypeI/student_dropout/NTN L=4 bd=16 seed=32874 -> /zhome/6b/e/212868/GTN/outputs/ntn/student_dropout/CPDATypeI_rg5_init0.1/L4_bd16_seed32874
Starting Ensemble Fit: 20 epochs
Models: [(1, 1), (2, 2), (3, 3), (4, 4)]
Total nodes: 10
Validation: Using separate validation set
Early stopping: patience=10, min_delta=0.001
Init    | Train: loss: 2.44439 | quality: 0.30685
        | Val:   loss: 2.36261 | quality: 0.30572

Epoch 1 | Train: loss: 171723.39045 | quality: 0.43056
        | Val:   loss: 97790.89855 | quality: 0.39458
 *

✗ NaN loss at epoch 2 - stopping training
[2026-05-03 07:33:26,398][__main__][WARNING] - ✗ SINGULAR CPDATypeI/student_dropout/NTN L=4 bd=16 seed=32874 -> /zhome/6b/e/212868/GTN/outputs/ntn/student_dropout/CPDATypeI_rg5_init0.1/L4_bd16_seed32874 | val=0.3946
[2026-05-03 07:33:26,400][HYDRA] 	#13 : model.L=4 model.bond_dim=16 seed=47311 trainer.ridge=5 trainer.ridge_decay=0.25 trainer.ridge_min=0.0001 +experiment=cpda_ntn_sweep model=cpda_typei dataset=student_dropout
[2026-05-03 07:33:26,570][__main__][INFO] - ▶ RUN CPDATypeI/student_dropout/NTN L=4 bd=16 seed=47311 -> /zhome/6b/e/212868/GTN/outputs/ntn/student_dropout/CPDATypeI_rg5_init0.1/L4_bd16_seed47311
Starting Ensemble Fit: 20 epochs
Models: [(1, 1), (2, 2), (3, 3), (4, 4)]
Total nodes: 10
Validation: Using separate validation set
Early stopping: patience=10, min_delta=0.001
Init    | Train: loss: 2.34648 | quality: 0.27164
        | Val:   loss: 2.20485 | quality: 0.29217

Epoch 1 | Train: loss: 256146.81501 | quality: 0.40310
        | Val:   loss: 25344.08816 | quality: 0.38102
 *
Epoch 2 | Train: loss: 48021694806053999724724069500987143142489657457273065608723086442496.00000 | quality: 0.31848
        | Val:   loss: 6330351478536157099717041171653852607882704333083800821624695947264.00000 | quality: 0.31627


✗ NaN loss at epoch 3 - stopping training
[2026-05-03 07:33:34,359][__main__][WARNING] - ✗ SINGULAR CPDATypeI/student_dropout/NTN L=4 bd=16 seed=47311 -> /zhome/6b/e/212868/GTN/outputs/ntn/student_dropout/CPDATypeI_rg5_init0.1/L4_bd16_seed47311 | val=0.3810
[2026-05-03 07:33:34,361][HYDRA] 	#14 : model.L=4 model.bond_dim=16 seed=47303 trainer.ridge=5 trainer.ridge_decay=0.25 trainer.ridge_min=0.0001 +experiment=cpda_ntn_sweep model=cpda_typei dataset=student_dropout
[2026-05-03 07:33:34,531][__main__][INFO] - ▶ RUN CPDATypeI/student_dropout/NTN L=4 bd=16 seed=47303 -> /zhome/6b/e/212868/GTN/outputs/ntn/student_dropout/CPDATypeI_rg5_init0.1/L4_bd16_seed47303
Starting Ensemble Fit: 20 epochs
Models: [(1, 1), (2, 2), (3, 3), (4, 4)]
Total nodes: 10
Validation: Using separate validation set
Early stopping: patience=10, min_delta=0.001
Init    | Train: loss: 2.22516 | quality: 0.33398
        | Val:   loss: 2.30499 | quality: 0.33283

Epoch 1 | Train: loss: 34034869.28085 | quality: 0.19897
        | Val:   loss: 4208153.72979 | quality: 0.19428


✗ NaN loss at epoch 2 - stopping training
[2026-05-03 07:33:40,802][__main__][WARNING] - ✗ SINGULAR CPDATypeI/student_dropout/NTN L=4 bd=16 seed=47303 -> /zhome/6b/e/212868/GTN/outputs/ntn/student_dropout/CPDATypeI_rg5_init0.1/L4_bd16_seed47303 | val=0.1943
[2026-05-03 07:33:40,805][HYDRA] 	#15 : model.L=4 model.bond_dim=8 seed=42 trainer.ridge=5 trainer.ridge_decay=0.25 trainer.ridge_min=0.0001 +experiment=cpda_ntn_sweep model=cpda_typei dataset=student_dropout
[2026-05-03 07:33:40,978][__main__][INFO] - ♻ RETRY CPDATypeI/student_dropout/NTN L=4 bd=8 seed=42 -> /zhome/6b/e/212868/GTN/outputs/ntn/student_dropout/CPDATypeI_rg5_init0.1/L4_bd8_seed42 | previous OOM error, retrying (best val_quality=0.4141566265060241)
[2026-05-03 07:33:40,979][__main__][INFO] - ▶ RUN CPDATypeI/student_dropout/NTN L=4 bd=8 seed=42 -> /zhome/6b/e/212868/GTN/outputs/ntn/student_dropout/CPDATypeI_rg5_init0.1/L4_bd8_seed42
Starting Ensemble Fit: 20 epochs
Models: [(1, 1), (2, 2), (3, 3), (4, 4)]
Total nodes: 10
Validation: Using separate validation set
Early stopping: patience=10, min_delta=0.001
Init    | Train: loss: 1.52231 | quality: 0.40084
        | Val:   loss: 1.70193 | quality: 0.36145

Epoch 1 | Train: loss: 166537.26970 | quality: 0.44800
        | Val:   loss: 492982.78352 | quality: 0.41416
 *
Epoch 2 | Train: loss: 41958072996172314135811966263041476163108332160977715523068364562079607160832.00000 | quality: 0.36434
        | Val:   loss: 10517281133414548512967974640580900366710597621921953038667507395898216808448.00000 | quality: 0.37651


✗ NaN loss at epoch 3 - stopping training
[2026-05-03 07:33:57,020][__main__][WARNING] - ✗ SINGULAR CPDATypeI/student_dropout/NTN L=4 bd=8 seed=42 -> /zhome/6b/e/212868/GTN/outputs/ntn/student_dropout/CPDATypeI_rg5_init0.1/L4_bd8_seed42 | val=0.4142
[2026-05-03 07:33:57,022][HYDRA] 	#16 : model.L=4 model.bond_dim=8 seed=10090 trainer.ridge=5 trainer.ridge_decay=0.25 trainer.ridge_min=0.0001 +experiment=cpda_ntn_sweep model=cpda_typei dataset=student_dropout
[2026-05-03 07:33:57,195][__main__][INFO] - ▶ RUN CPDATypeI/student_dropout/NTN L=4 bd=8 seed=10090 -> /zhome/6b/e/212868/GTN/outputs/ntn/student_dropout/CPDATypeI_rg5_init0.1/L4_bd8_seed10090
Starting Ensemble Fit: 20 epochs
Models: [(1, 1), (2, 2), (3, 3), (4, 4)]
Total nodes: 10
Validation: Using separate validation set
Early stopping: patience=10, min_delta=0.001
Init    | Train: loss: 1.95661 | quality: 0.25161
        | Val:   loss: 1.83948 | quality: 0.28464

Epoch 1 | Train: loss: 1.22529 | quality: 0.71318
        | Val:   loss: 1.58327 | quality: 0.69578
 *
Epoch 2 | Train: loss: 56990975372.57803 | quality: 0.47190
        | Val:   loss: 163612816875.22217 | quality: 0.42319

Epoch 3 | Train: loss: 472269227002280894929578424549575504832642750882409368252919413461304088208300850383371365254759983601013619178803689868762028115355155042964184506564608.00000 | quality: 0.31460
        | Val:   loss: 51300619834951011404785762568843628729981559415376406531934379424820126185338507070013295979451609462730067241832138619798006819684322605210437100240896.00000 | quality: 0.34036


✗ NaN loss at epoch 4 - stopping training
[2026-05-03 07:34:04,153][__main__][WARNING] - ✗ SINGULAR CPDATypeI/student_dropout/NTN L=4 bd=8 seed=10090 -> /zhome/6b/e/212868/GTN/outputs/ntn/student_dropout/CPDATypeI_rg5_init0.1/L4_bd8_seed10090 | val=0.6958
[2026-05-03 07:34:04,156][HYDRA] 	#17 : model.L=4 model.bond_dim=8 seed=32874 trainer.ridge=5 trainer.ridge_decay=0.25 trainer.ridge_min=0.0001 +experiment=cpda_ntn_sweep model=cpda_typei dataset=student_dropout
[2026-05-03 07:34:04,328][__main__][INFO] - ▶ RUN CPDATypeI/student_dropout/NTN L=4 bd=8 seed=32874 -> /zhome/6b/e/212868/GTN/outputs/ntn/student_dropout/CPDATypeI_rg5_init0.1/L4_bd8_seed32874
Starting Ensemble Fit: 20 epochs
Models: [(1, 1), (2, 2), (3, 3), (4, 4)]
Total nodes: 10
Validation: Using separate validation set
Early stopping: patience=10, min_delta=0.001
Init    | Train: loss: 1.81322 | quality: 0.27099
        | Val:   loss: 1.82984 | quality: 0.26054

Epoch 1 | Train: loss: 4577.15658 | quality: 0.45704
        | Val:   loss: 1045.07835 | quality: 0.43825
 *
Epoch 2 | Train: loss: 410757715653776140457311032781669222583506831409152.00000 | quality: 0.43411
        | Val:   loss: 1806156520628340902405049987981943623248360400486400.00000 | quality: 0.40512


✗ NaN loss at epoch 3 - stopping training
[2026-05-03 07:34:10,102][__main__][WARNING] - ✗ SINGULAR CPDATypeI/student_dropout/NTN L=4 bd=8 seed=32874 -> /zhome/6b/e/212868/GTN/outputs/ntn/student_dropout/CPDATypeI_rg5_init0.1/L4_bd8_seed32874 | val=0.4383
[2026-05-03 07:34:10,105][HYDRA] 	#18 : model.L=4 model.bond_dim=8 seed=47311 trainer.ridge=5 trainer.ridge_decay=0.25 trainer.ridge_min=0.0001 +experiment=cpda_ntn_sweep model=cpda_typei dataset=student_dropout
[2026-05-03 07:34:10,275][__main__][INFO] - ▶ RUN CPDATypeI/student_dropout/NTN L=4 bd=8 seed=47311 -> /zhome/6b/e/212868/GTN/outputs/ntn/student_dropout/CPDATypeI_rg5_init0.1/L4_bd8_seed47311
Starting Ensemble Fit: 20 epochs
Models: [(1, 1), (2, 2), (3, 3), (4, 4)]
Total nodes: 10
Validation: Using separate validation set
Early stopping: patience=10, min_delta=0.001
Init    | Train: loss: 1.92899 | quality: 0.30685
        | Val:   loss: 1.67055 | quality: 0.33283

Epoch 1 | Train: loss: 4848529.36026 | quality: 0.44025
        | Val:   loss: 612818.23781 | quality: 0.41416
 *
Epoch 2 | Train: loss: 14234780848895490304905946422752722248221967630900519339673221607716486232147769158335820494403391097055215616.00000 | quality: 0.29683
        | Val:   loss: 23736143820903483351465767958954897643895723985142979305352908609186549489196577064852254224868653435799470080.00000 | quality: 0.28464


✗ NaN loss at epoch 3 - stopping training
[2026-05-03 07:34:16,106][__main__][WARNING] - ✗ SINGULAR CPDATypeI/student_dropout/NTN L=4 bd=8 seed=47311 -> /zhome/6b/e/212868/GTN/outputs/ntn/student_dropout/CPDATypeI_rg5_init0.1/L4_bd8_seed47311 | val=0.4142
[2026-05-03 07:34:16,108][HYDRA] 	#19 : model.L=4 model.bond_dim=8 seed=47303 trainer.ridge=5 trainer.ridge_decay=0.25 trainer.ridge_min=0.0001 +experiment=cpda_ntn_sweep model=cpda_typei dataset=student_dropout
[2026-05-03 07:34:16,554][__main__][INFO] - ▶ RUN CPDATypeI/student_dropout/NTN L=4 bd=8 seed=47303 -> /zhome/6b/e/212868/GTN/outputs/ntn/student_dropout/CPDATypeI_rg5_init0.1/L4_bd8_seed47303
Starting Ensemble Fit: 20 epochs
Models: [(1, 1), (2, 2), (3, 3), (4, 4)]
Total nodes: 10
Validation: Using separate validation set
Early stopping: patience=10, min_delta=0.001
Init    | Train: loss: 2.27910 | quality: 0.26389
        | Val:   loss: 2.54153 | quality: 0.27410

Epoch 1 | Train: loss: 7.39790 | quality: 0.68120
        | Val:   loss: 18.20779 | quality: 0.66265
 *
Epoch 2 | Train: loss: 1181139141709253836800.00000 | quality: 0.38695
        | Val:   loss: 3115353748200683995136.00000 | quality: 0.39458

Epoch 3 | Train: loss: 78926888021679075862927008422487882293334621619188983870837938697505747370069600913473484900415261797601328122759118781213151818982707140494592063864705863141294646367381910333038937862453860195851045432656783810357248575229794855903536046876955508736.00000 | quality: 0.33786
        | Val:   loss: 192971522808727270076754169464363471214959360222882096561011707070198209833803112121523633452540010772185201208373200998761963019101414628192792674952147768964650181391931986144605700046458067142000431039848629450767156268288381149079752060404972388352.00000 | quality: 0.32530


✗ NaN loss at epoch 4 - stopping training
[2026-05-03 07:34:23,585][__main__][WARNING] - ✗ SINGULAR CPDATypeI/student_dropout/NTN L=4 bd=8 seed=47303 -> /zhome/6b/e/212868/GTN/outputs/ntn/student_dropout/CPDATypeI_rg5_init0.1/L4_bd8_seed47303 | val=0.6627
[2026-05-03 07:34:23,588][HYDRA] 	#20 : model.L=3 model.bond_dim=64 seed=42 trainer.ridge=5 trainer.ridge_decay=0.25 trainer.ridge_min=0.0001 +experiment=cpda_ntn_sweep model=cpda_typei dataset=student_dropout
[2026-05-03 07:34:23,759][__main__][INFO] - ▶ RUN CPDATypeI/student_dropout/NTN L=3 bd=64 seed=42 -> /zhome/6b/e/212868/GTN/outputs/ntn/student_dropout/CPDATypeI_rg5_init0.1/L3_bd64_seed42
Starting Ensemble Fit: 20 epochs
Models: [(1, 1), (2, 2), (3, 3)]
Total nodes: 6
Validation: Using separate validation set
Early stopping: patience=10, min_delta=0.001
Init    | Train: loss: 3.83041 | quality: 0.37952
        | Val:   loss: 4.27604 | quality: 0.34639

Epoch 1 | Train: loss: 417678.82084 | quality: 0.29942
        | Val:   loss: 420997.24382 | quality: 0.31325

Epoch 2 | Train: loss: 124851753898786321635104260096.00000 | quality: 0.35207
        | Val:   loss: 126026509561992973099978457088.00000 | quality: 0.34488

Epoch 3 | Train: loss: 6094336956948584032175752742273744439006925071466956899220236436235328872928022982835009634917360187852541591140263200987432689336320.00000 | quality: 0.55943
        | Val:   loss: 8143966532564665109630844723375341021131998245912608073701299197828925176586136692516227630269214981397227600842164800162647414669312.00000 | quality: 0.58133
 *

✗ NaN loss at epoch 4 - stopping training
[2026-05-03 07:35:05,491][__main__][WARNING] - ✗ SINGULAR CPDATypeI/student_dropout/NTN L=3 bd=64 seed=42 -> /zhome/6b/e/212868/GTN/outputs/ntn/student_dropout/CPDATypeI_rg5_init0.1/L3_bd64_seed42 | val=0.5813
[2026-05-03 07:35:05,493][HYDRA] 	#21 : model.L=3 model.bond_dim=64 seed=10090 trainer.ridge=5 trainer.ridge_decay=0.25 trainer.ridge_min=0.0001 +experiment=cpda_ntn_sweep model=cpda_typei dataset=student_dropout
[2026-05-03 07:35:05,668][__main__][INFO] - ▶ RUN CPDATypeI/student_dropout/NTN L=3 bd=64 seed=10090 -> /zhome/6b/e/212868/GTN/outputs/ntn/student_dropout/CPDATypeI_rg5_init0.1/L3_bd64_seed10090
Starting Ensemble Fit: 20 epochs
Models: [(1, 1), (2, 2), (3, 3)]
Total nodes: 6
Validation: Using separate validation set
Early stopping: patience=10, min_delta=0.001
Init    | Train: loss: 3.68593 | quality: 0.31751
        | Val:   loss: 3.44176 | quality: 0.31627

Epoch 1 | Train: loss: 4657.54448 | quality: 0.29296
        | Val:   loss: 3243.67105 | quality: 0.27861

Epoch 2 | Train: loss: 3225256084418231548523201577907890861613103710208.00000 | quality: 0.59205
        | Val:   loss: 3118134605031214461597972234676808749982209277952.00000 | quality: 0.54669
 *
Epoch 3 | Train: loss: 19376336855054275923314079439970403371311642870755763148088405567889652074777852013255570726954963583464240874189988754922412394323321879872425679423581151422138524373583522963135174229947546893985012990869504.00000 | quality: 0.29393
        | Val:   loss: 20586009649439708153451458901302487256055614299525365887839664412787899415053893596247367246259545889217461375438808063334220953434619705565260623448800211671898141180371681629557513862931555546251031258071040.00000 | quality: 0.30120


✗ NaN loss at epoch 4 - stopping training
[2026-05-03 07:35:48,610][__main__][WARNING] - ✗ SINGULAR CPDATypeI/student_dropout/NTN L=3 bd=64 seed=10090 -> /zhome/6b/e/212868/GTN/outputs/ntn/student_dropout/CPDATypeI_rg5_init0.1/L3_bd64_seed10090 | val=0.5467
[2026-05-03 07:35:48,614][HYDRA] 	#22 : model.L=3 model.bond_dim=64 seed=32874 trainer.ridge=5 trainer.ridge_decay=0.25 trainer.ridge_min=0.0001 +experiment=cpda_ntn_sweep model=cpda_typei dataset=student_dropout
[2026-05-03 07:35:48,790][__main__][INFO] - ▶ RUN CPDATypeI/student_dropout/NTN L=3 bd=64 seed=32874 -> /zhome/6b/e/212868/GTN/outputs/ntn/student_dropout/CPDATypeI_rg5_init0.1/L3_bd64_seed32874
Starting Ensemble Fit: 20 epochs
Models: [(1, 1), (2, 2), (3, 3)]
Total nodes: 6
Validation: Using separate validation set
Early stopping: patience=10, min_delta=0.001
Init    | Train: loss: 3.36034 | quality: 0.28844
        | Val:   loss: 3.20132 | quality: 0.28614

Epoch 1 | Train: loss: 987.48118 | quality: 0.29877
        | Val:   loss: 1827.58410 | quality: 0.31325
 *
Epoch 2 | Train: loss: 4409973753409391378989591017090429800754116990243468557245899383767040.00000 | quality: 0.43411
        | Val:   loss: 4663259563204534215602286260895863213496732593396157301494363247869952.00000 | quality: 0.41114
 *

✗ NaN loss at epoch 3 - stopping training
[2026-05-03 07:36:24,763][__main__][WARNING] - ✗ SINGULAR CPDATypeI/student_dropout/NTN L=3 bd=64 seed=32874 -> /zhome/6b/e/212868/GTN/outputs/ntn/student_dropout/CPDATypeI_rg5_init0.1/L3_bd64_seed32874 | val=0.4111
[2026-05-03 07:36:24,767][HYDRA] 	#23 : model.L=3 model.bond_dim=64 seed=47311 trainer.ridge=5 trainer.ridge_decay=0.25 trainer.ridge_min=0.0001 +experiment=cpda_ntn_sweep model=cpda_typei dataset=student_dropout
[2026-05-03 07:36:24,942][__main__][INFO] - ▶ RUN CPDATypeI/student_dropout/NTN L=3 bd=64 seed=47311 -> /zhome/6b/e/212868/GTN/outputs/ntn/student_dropout/CPDATypeI_rg5_init0.1/L3_bd64_seed47311
Starting Ensemble Fit: 20 epochs
Models: [(1, 1), (2, 2), (3, 3)]
Total nodes: 6
Validation: Using separate validation set
Early stopping: patience=10, min_delta=0.001
Init    | Train: loss: 3.46536 | quality: 0.32687
        | Val:   loss: 3.84912 | quality: 0.35542

Epoch 1 | Train: loss: 55811.58912 | quality: 0.31944
        | Val:   loss: 51997.60683 | quality: 0.32681


✗ NaN loss at epoch 2 - stopping training
[2026-05-03 07:36:49,461][__main__][WARNING] - ✗ SINGULAR CPDATypeI/student_dropout/NTN L=3 bd=64 seed=47311 -> /zhome/6b/e/212868/GTN/outputs/ntn/student_dropout/CPDATypeI_rg5_init0.1/L3_bd64_seed47311 | val=0.3268
[2026-05-03 07:36:49,464][HYDRA] 	#24 : model.L=3 model.bond_dim=64 seed=47303 trainer.ridge=5 trainer.ridge_decay=0.25 trainer.ridge_min=0.0001 +experiment=cpda_ntn_sweep model=cpda_typei dataset=student_dropout
[2026-05-03 07:36:49,641][__main__][INFO] - ▶ RUN CPDATypeI/student_dropout/NTN L=3 bd=64 seed=47303 -> /zhome/6b/e/212868/GTN/outputs/ntn/student_dropout/CPDATypeI_rg5_init0.1/L3_bd64_seed47303
Starting Ensemble Fit: 20 epochs
Models: [(1, 1), (2, 2), (3, 3)]
Total nodes: 6
Validation: Using separate validation set
Early stopping: patience=10, min_delta=0.001
Init    | Train: loss: 3.59698 | quality: 0.35045
        | Val:   loss: 4.12287 | quality: 0.34036

Epoch 1 | Train: loss: 8800.72100 | quality: 0.40052
        | Val:   loss: 10621.94292 | quality: 0.36898
 *
Epoch 2 | Train: loss: 4993489938672191209149930798996310213065483011007713446018178350892667207942144.00000 | quality: 0.47836
        | Val:   loss: 4639708467973680651666247645352999979667434809192690834443338188403700809072640.00000 | quality: 0.46235
 *

✗ NaN loss at epoch 3 - stopping training
[2026-05-03 07:37:24,826][__main__][WARNING] - ✗ SINGULAR CPDATypeI/student_dropout/NTN L=3 bd=64 seed=47303 -> /zhome/6b/e/212868/GTN/outputs/ntn/student_dropout/CPDATypeI_rg5_init0.1/L3_bd64_seed47303 | val=0.4623
[2026-05-03 07:37:24,829][HYDRA] 	#25 : model.L=3 model.bond_dim=32 seed=42 trainer.ridge=5 trainer.ridge_decay=0.25 trainer.ridge_min=0.0001 +experiment=cpda_ntn_sweep model=cpda_typei dataset=student_dropout
[2026-05-03 07:37:25,010][__main__][INFO] - ▶ RUN CPDATypeI/student_dropout/NTN L=3 bd=32 seed=42 -> /zhome/6b/e/212868/GTN/outputs/ntn/student_dropout/CPDATypeI_rg5_init0.1/L3_bd32_seed42
Starting Ensemble Fit: 20 epochs
Models: [(1, 1), (2, 2), (3, 3)]
Total nodes: 6
Validation: Using separate validation set
Early stopping: patience=10, min_delta=0.001
Init    | Train: loss: 2.78428 | quality: 0.38501
        | Val:   loss: 3.03356 | quality: 0.35843

Epoch 1 | Train: loss: 2429.80697 | quality: 0.28327
        | Val:   loss: 5044.95545 | quality: 0.29669

Epoch 2 | Train: loss: 10288447255965513039953042518227681704120561913319790428058129096322165947014866356971720744010821929599353040006303945428751025452941938568954540429187320999956047261550104641660131871170822842337003426368988317650878139850173424672344155096182456057600800893985196894476490267064277139456.00000 | quality: 0.35659
        | Val:   loss: 18716724984616978578774228990230689055329961660820880229671209340521038588051492754798190275664436028859146490760445153525197817476624283387297237062141220965000075929650687994098864122351789870641202529597728472187268760344712307196601344345430213484786280010334566258737338125464715132928.00000 | quality: 0.36898
 *

✗ NaN loss at epoch 3 - stopping training
[2026-05-03 07:37:36,436][__main__][WARNING] - ✗ SINGULAR CPDATypeI/student_dropout/NTN L=3 bd=32 seed=42 -> /zhome/6b/e/212868/GTN/outputs/ntn/student_dropout/CPDATypeI_rg5_init0.1/L3_bd32_seed42 | val=0.3690
[2026-05-03 07:37:36,440][HYDRA] 	#26 : model.L=3 model.bond_dim=32 seed=10090 trainer.ridge=5 trainer.ridge_decay=0.25 trainer.ridge_min=0.0001 +experiment=cpda_ntn_sweep model=cpda_typei dataset=student_dropout
[2026-05-03 07:37:36,621][__main__][INFO] - ▶ RUN CPDATypeI/student_dropout/NTN L=3 bd=32 seed=10090 -> /zhome/6b/e/212868/GTN/outputs/ntn/student_dropout/CPDATypeI_rg5_init0.1/L3_bd32_seed10090
Starting Ensemble Fit: 20 epochs
Models: [(1, 1), (2, 2), (3, 3)]
Total nodes: 6
Validation: Using separate validation set
Early stopping: patience=10, min_delta=0.001
Init    | Train: loss: 2.67551 | quality: 0.29974
        | Val:   loss: 2.84778 | quality: 0.28464

Epoch 1 | Train: loss: 946.30275 | quality: 0.54813
        | Val:   loss: 664.82440 | quality: 0.52108
 *
Epoch 2 | Train: loss: 479715154242365118400709261261162751243633010848790690804825201969062952887212615140837929614655078725521087640301683943038496519414087680.00000 | quality: 0.33398
        | Val:   loss: 1073427769917419690315148121623139878759451217006450160413162682132989490326829513108627362009268545601163167938082852056743129831887077376.00000 | quality: 0.34789


✗ NaN loss at epoch 3 - stopping training
[2026-05-03 07:37:47,369][__main__][WARNING] - ✗ SINGULAR CPDATypeI/student_dropout/NTN L=3 bd=32 seed=10090 -> /zhome/6b/e/212868/GTN/outputs/ntn/student_dropout/CPDATypeI_rg5_init0.1/L3_bd32_seed10090 | val=0.5211
[2026-05-03 07:37:47,371][HYDRA] 	#27 : model.L=3 model.bond_dim=32 seed=32874 trainer.ridge=5 trainer.ridge_decay=0.25 trainer.ridge_min=0.0001 +experiment=cpda_ntn_sweep model=cpda_typei dataset=student_dropout
[2026-05-03 07:37:47,538][__main__][INFO] - ▶ RUN CPDATypeI/student_dropout/NTN L=3 bd=32 seed=32874 -> /zhome/6b/e/212868/GTN/outputs/ntn/student_dropout/CPDATypeI_rg5_init0.1/L3_bd32_seed32874
Starting Ensemble Fit: 20 epochs
Models: [(1, 1), (2, 2), (3, 3)]
Total nodes: 6
Validation: Using separate validation set
Early stopping: patience=10, min_delta=0.001
Init    | Train: loss: 3.14959 | quality: 0.25484
        | Val:   loss: 2.98869 | quality: 0.25602

Epoch 1 | Train: loss: 132.91816 | quality: 0.55620
        | Val:   loss: 37.84511 | quality: 0.53163
 *
Epoch 2 | Train: loss: 166317082673.51154 | quality: 0.40052
        | Val:   loss: 405520896030.31702 | quality: 0.37651

Epoch 3 | Train: loss: 424298762556113122537352118172649959378917245427734544384.00000 | quality: 0.40019
        | Val:   loss: 106763526725109635845766501606230123481418199288162287616.00000 | quality: 0.40060

Epoch 4 | Train: loss: 22489452946999972831551537602347885522975480552433547405260062342788836179775371260332042330306116961229223729493917350679200897615802917075093610100562836670219898014317523823346562946217817367713420686426557754436316362825012385765702664207322698481664.00000 | quality: 0.24612
        | Val:   loss: 42898363923814656093624096804714630932064665955138940474462318701781606058417934901922924608996232927049471136628411639340649801001494845438864080851663810338430776809842456902553001940384089399879596612878595428126893093074971183029698127208774396542976.00000 | quality: 0.23042


✗ NaN loss at epoch 5 - stopping training
[2026-05-03 07:38:03,647][__main__][WARNING] - ✗ SINGULAR CPDATypeI/student_dropout/NTN L=3 bd=32 seed=32874 -> /zhome/6b/e/212868/GTN/outputs/ntn/student_dropout/CPDATypeI_rg5_init0.1/L3_bd32_seed32874 | val=0.5316
[2026-05-03 07:38:03,649][HYDRA] 	#28 : model.L=3 model.bond_dim=32 seed=47311 trainer.ridge=5 trainer.ridge_decay=0.25 trainer.ridge_min=0.0001 +experiment=cpda_ntn_sweep model=cpda_typei dataset=student_dropout
[2026-05-03 07:38:03,818][__main__][INFO] - ▶ RUN CPDATypeI/student_dropout/NTN L=3 bd=32 seed=47311 -> /zhome/6b/e/212868/GTN/outputs/ntn/student_dropout/CPDATypeI_rg5_init0.1/L3_bd32_seed47311
Starting Ensemble Fit: 20 epochs
Models: [(1, 1), (2, 2), (3, 3)]
Total nodes: 6
Validation: Using separate validation set
Early stopping: patience=10, min_delta=0.001
Init    | Train: loss: 3.17315 | quality: 0.25355
        | Val:   loss: 3.36177 | quality: 0.28163

Epoch 1 | Train: loss: 8587.79258 | quality: 0.53327
        | Val:   loss: 9700.53692 | quality: 0.53313
 *
Epoch 2 | Train: loss: 30777703336284540.00000 | quality: 0.51809
        | Val:   loss: 29959159016726584.00000 | quality: 0.49849

Epoch 3 | Train: loss: 76634095892300352971295231382986808348505040862010572255030686808432181248.00000 | quality: 0.29845
        | Val:   loss: 92504396426725376837405834031716837341031148041312541175218778868318994432.00000 | quality: 0.32078


✗ NaN loss at epoch 4 - stopping training
[2026-05-03 07:38:17,249][__main__][WARNING] - ✗ SINGULAR CPDATypeI/student_dropout/NTN L=3 bd=32 seed=47311 -> /zhome/6b/e/212868/GTN/outputs/ntn/student_dropout/CPDATypeI_rg5_init0.1/L3_bd32_seed47311 | val=0.5331
[2026-05-03 07:38:17,251][HYDRA] 	#29 : model.L=3 model.bond_dim=32 seed=47303 trainer.ridge=5 trainer.ridge_decay=0.25 trainer.ridge_min=0.0001 +experiment=cpda_ntn_sweep model=cpda_typei dataset=student_dropout
[2026-05-03 07:38:17,421][__main__][INFO] - ▶ RUN CPDATypeI/student_dropout/NTN L=3 bd=32 seed=47303 -> /zhome/6b/e/212868/GTN/outputs/ntn/student_dropout/CPDATypeI_rg5_init0.1/L3_bd32_seed47303
Starting Ensemble Fit: 20 epochs
Models: [(1, 1), (2, 2), (3, 3)]
Total nodes: 6
Validation: Using separate validation set
Early stopping: patience=10, min_delta=0.001
Init    | Train: loss: 2.93491 | quality: 0.31331
        | Val:   loss: 3.34704 | quality: 0.30572

Epoch 1 | Train: loss: 288489.71215 | quality: 0.26486
        | Val:   loss: 655199.62638 | quality: 0.28614

Epoch 2 | Train: loss: 86674353878344463696206495744.00000 | quality: 0.42700
        | Val:   loss: 62678912642319830840818794496.00000 | quality: 0.39608
 *
Epoch 3 | Train: loss: 54395698466915591505523554369464207045008547388600975146181388610708675158499688729351634569398826173383982734410612798897245913088.00000 | quality: 0.22642
        | Val:   loss: 116285399250404415019893936633202464531587759307455974560192821967052349404910233865628105536927134340188645371469560195001123602432.00000 | quality: 0.23343


✗ NaN loss at epoch 4 - stopping training
[2026-05-03 07:38:31,445][__main__][WARNING] - ✗ SINGULAR CPDATypeI/student_dropout/NTN L=3 bd=32 seed=47303 -> /zhome/6b/e/212868/GTN/outputs/ntn/student_dropout/CPDATypeI_rg5_init0.1/L3_bd32_seed47303 | val=0.3961
[2026-05-03 07:38:31,449][HYDRA] 	#30 : model.L=3 model.bond_dim=16 seed=42 trainer.ridge=5 trainer.ridge_decay=0.25 trainer.ridge_min=0.0001 +experiment=cpda_ntn_sweep model=cpda_typei dataset=student_dropout
[2026-05-03 07:38:31,624][__main__][INFO] - ⏭ SKIP CPDATypeI/student_dropout/NTN L=3 bd=16 seed=42 -> /zhome/6b/e/212868/GTN/outputs/ntn/student_dropout/CPDATypeI_rg5_init0.1/L3_bd16_seed42 | already completed successfully (val_quality=0.75) val=0.7500
[2026-05-03 07:38:31,626][HYDRA] 	#31 : model.L=3 model.bond_dim=16 seed=10090 trainer.ridge=5 trainer.ridge_decay=0.25 trainer.ridge_min=0.0001 +experiment=cpda_ntn_sweep model=cpda_typei dataset=student_dropout
[2026-05-03 07:38:31,789][__main__][INFO] - ▶ RUN CPDATypeI/student_dropout/NTN L=3 bd=16 seed=10090 -> /zhome/6b/e/212868/GTN/outputs/ntn/student_dropout/CPDATypeI_rg5_init0.1/L3_bd16_seed10090
Starting Ensemble Fit: 20 epochs
Models: [(1, 1), (2, 2), (3, 3)]
Total nodes: 6
Validation: Using separate validation set
Early stopping: patience=10, min_delta=0.001
Init    | Train: loss: 2.19907 | quality: 0.29490
        | Val:   loss: 2.38239 | quality: 0.29819

Epoch 1 | Train: loss: 1.55148 | quality: 0.68992
        | Val:   loss: 1.26305 | quality: 0.66416
 *
Epoch 2 | Train: loss: 10269.99962 | quality: 0.25323
        | Val:   loss: 22114.53004 | quality: 0.26355

Epoch 3 | Train: loss: 2800329440934054218870265533325792772096.00000 | quality: 0.27293
        | Val:   loss: 6179760346899829784805760343322879066112.00000 | quality: 0.27711

Epoch 4 | Train: loss: 10667891426659439942512698305403110843834391003603088985602325439322204587636764703098046482367076228298728563138520963105053191763724417898814629871480218581420206039990095949227392350814208.00000 | quality: 0.41505
        | Val:   loss: 7752870456637629553868109892059114786475727183509614562615865149034534194967423949716230553099536529611343610461682434191606504931631731915385698750064977760333278455087188642789753643597824.00000 | quality: 0.38855


✗ NaN loss at epoch 5 - stopping training
[2026-05-03 07:38:39,458][__main__][WARNING] - ✗ SINGULAR CPDATypeI/student_dropout/NTN L=3 bd=16 seed=10090 -> /zhome/6b/e/212868/GTN/outputs/ntn/student_dropout/CPDATypeI_rg5_init0.1/L3_bd16_seed10090 | val=0.6642
[2026-05-03 07:38:39,460][HYDRA] 	#32 : model.L=3 model.bond_dim=16 seed=32874 trainer.ridge=5 trainer.ridge_decay=0.25 trainer.ridge_min=0.0001 +experiment=cpda_ntn_sweep model=cpda_typei dataset=student_dropout
[2026-05-03 07:38:39,632][__main__][INFO] - ▶ RUN CPDATypeI/student_dropout/NTN L=3 bd=16 seed=32874 -> /zhome/6b/e/212868/GTN/outputs/ntn/student_dropout/CPDATypeI_rg5_init0.1/L3_bd16_seed32874
Starting Ensemble Fit: 20 epochs
Models: [(1, 1), (2, 2), (3, 3)]
Total nodes: 6
Validation: Using separate validation set
Early stopping: patience=10, min_delta=0.001
Init    | Train: loss: 2.28739 | quality: 0.30071
        | Val:   loss: 2.21962 | quality: 0.30873

Epoch 1 | Train: loss: 0.78979 | quality: 0.71641
        | Val:   loss: 0.83760 | quality: 0.68223
 *
Epoch 2 | Train: loss: 1.58502 | quality: 0.75388
        | Val:   loss: 2.82113 | quality: 0.71988
 *
Epoch 3 | Train: loss: 305408084415.10107 | quality: 0.39793
        | Val:   loss: 218384789637.45547 | quality: 0.38404

Epoch 4 | Train: loss: 624117948260537796414148250811388774608811467678416896.00000 | quality: 0.22901
        | Val:   loss: 1336337626959426442945198464612141388319484585976004608.00000 | quality: 0.23494

Epoch 5 | Train: loss: 16682781092583579128904624255628529275055820529531808119602615073978591095377691245132978548963055215011497676386743218551790899223936644536356042490912914378494259645530795418494120243359354444079547100179158486186079619660185927375091387517108224.00000 | quality: 0.41279
        | Val:   loss: 12110140084395652310435244520119822471132916606108443499917868381523029082341629611219228824566638980064241361116572701626854220107964908121069060837300155289229046107002669342132531535807888761038344500218076554123864653285507914485553983219826688.00000 | quality: 0.38855


✗ NaN loss at epoch 6 - stopping training
[2026-05-03 07:38:48,192][__main__][WARNING] - ✗ SINGULAR CPDATypeI/student_dropout/NTN L=3 bd=16 seed=32874 -> /zhome/6b/e/212868/GTN/outputs/ntn/student_dropout/CPDATypeI_rg5_init0.1/L3_bd16_seed32874 | val=0.7199
[2026-05-03 07:38:48,195][HYDRA] 	#33 : model.L=3 model.bond_dim=16 seed=47311 trainer.ridge=5 trainer.ridge_decay=0.25 trainer.ridge_min=0.0001 +experiment=cpda_ntn_sweep model=cpda_typei dataset=student_dropout
[2026-05-03 07:38:48,366][__main__][INFO] - ▶ RUN CPDATypeI/student_dropout/NTN L=3 bd=16 seed=47311 -> /zhome/6b/e/212868/GTN/outputs/ntn/student_dropout/CPDATypeI_rg5_init0.1/L3_bd16_seed47311
Starting Ensemble Fit: 20 epochs
Models: [(1, 1), (2, 2), (3, 3)]
Total nodes: 6
Validation: Using separate validation set
Early stopping: patience=10, min_delta=0.001
Init    | Train: loss: 2.05121 | quality: 0.28391
        | Val:   loss: 1.92181 | quality: 0.30271

Epoch 1 | Train: loss: 11.68086 | quality: 0.63243
        | Val:   loss: 13.63567 | quality: 0.58735
 *
Epoch 2 | Train: loss: 151257314.97619 | quality: 0.55943
        | Val:   loss: 235478026.88676 | quality: 0.53614

Epoch 3 | Train: loss: 2226566010912093921318331267715256656330752.00000 | quality: 0.64696
        | Val:   loss: 3454296165470058303654813945410559328387072.00000 | quality: 0.61295
 *
Epoch 4 | Train: loss: 56846190048822722827034474347745792108416519648892174681840398228327957281141840708509282638077155419646674885519935056601849476613046463485308881408616516015129490108964920161051583652560896.00000 | quality: 0.20510
        | Val:   loss: 57034238137259383612147667931739932472146723581260305669199610900140109725379660669284183630888611276825257929966352606527770401554126777204633938170837852501068629492402237263133009587994624.00000 | quality: 0.24398


✗ NaN loss at epoch 5 - stopping training
[2026-05-03 07:38:55,903][__main__][WARNING] - ✗ SINGULAR CPDATypeI/student_dropout/NTN L=3 bd=16 seed=47311 -> /zhome/6b/e/212868/GTN/outputs/ntn/student_dropout/CPDATypeI_rg5_init0.1/L3_bd16_seed47311 | val=0.6130
[2026-05-03 07:38:55,907][HYDRA] 	#34 : model.L=3 model.bond_dim=16 seed=47303 trainer.ridge=5 trainer.ridge_decay=0.25 trainer.ridge_min=0.0001 +experiment=cpda_ntn_sweep model=cpda_typei dataset=student_dropout
[2026-05-03 07:38:56,090][__main__][INFO] - ▶ RUN CPDATypeI/student_dropout/NTN L=3 bd=16 seed=47303 -> /zhome/6b/e/212868/GTN/outputs/ntn/student_dropout/CPDATypeI_rg5_init0.1/L3_bd16_seed47303
Starting Ensemble Fit: 20 epochs
Models: [(1, 1), (2, 2), (3, 3)]
Total nodes: 6
Validation: Using separate validation set
Early stopping: patience=10, min_delta=0.001
Init    | Train: loss: 1.77642 | quality: 0.34884
        | Val:   loss: 1.86095 | quality: 0.34036

Epoch 1 | Train: loss: 6.52167 | quality: 0.71447
        | Val:   loss: 4.93701 | quality: 0.68825
 *
Epoch 2 | Train: loss: 3762814945.16687 | quality: 0.42410
        | Val:   loss: 2635659688.46975 | quality: 0.39608

Epoch 3 | Train: loss: 1845271959679362121153190852879146649609306112.00000 | quality: 0.22836
        | Val:   loss: 3956828537873260028192144473132891705672990720.00000 | quality: 0.23645

Epoch 4 | Train: loss: 33558984190923510007363177013360420335691237974288307522297098459830044668257711217211591201845502665252809453071026038926001730003236661870885888826856570040593167230046983722610192206449341214081444478976.00000 | quality: 0.41247
        | Val:   loss: 24357493721168701050300632990108744973613788650456953924957470855622292842755364212450298262717479945064629407033881945965831493275915127292557378068373878521339720535383614313939757551707829211048932540416.00000 | quality: 0.38855


✗ NaN loss at epoch 5 - stopping training
[2026-05-03 07:39:04,268][__main__][WARNING] - ✗ SINGULAR CPDATypeI/student_dropout/NTN L=3 bd=16 seed=47303 -> /zhome/6b/e/212868/GTN/outputs/ntn/student_dropout/CPDATypeI_rg5_init0.1/L3_bd16_seed47303 | val=0.6883
[2026-05-03 07:39:04,271][HYDRA] 	#35 : model.L=3 model.bond_dim=8 seed=42 trainer.ridge=5 trainer.ridge_decay=0.25 trainer.ridge_min=0.0001 +experiment=cpda_ntn_sweep model=cpda_typei dataset=student_dropout
[2026-05-03 07:39:04,447][__main__][INFO] - ⏭ SKIP CPDATypeI/student_dropout/NTN L=3 bd=8 seed=42 -> /zhome/6b/e/212868/GTN/outputs/ntn/student_dropout/CPDATypeI_rg5_init0.1/L3_bd8_seed42 | already completed successfully (val_quality=0.6822289156626506) val=0.6822
[2026-05-03 07:39:04,449][HYDRA] 	#36 : model.L=3 model.bond_dim=8 seed=10090 trainer.ridge=5 trainer.ridge_decay=0.25 trainer.ridge_min=0.0001 +experiment=cpda_ntn_sweep model=cpda_typei dataset=student_dropout
[2026-05-03 07:39:04,610][__main__][INFO] - ⏭ SKIP CPDATypeI/student_dropout/NTN L=3 bd=8 seed=10090 -> /zhome/6b/e/212868/GTN/outputs/ntn/student_dropout/CPDATypeI_rg5_init0.1/L3_bd8_seed10090 | already completed successfully (val_quality=0.7620481927710844) val=0.7620
[2026-05-03 07:39:04,612][HYDRA] 	#37 : model.L=3 model.bond_dim=8 seed=32874 trainer.ridge=5 trainer.ridge_decay=0.25 trainer.ridge_min=0.0001 +experiment=cpda_ntn_sweep model=cpda_typei dataset=student_dropout
[2026-05-03 07:39:04,812][__main__][INFO] - ⏭ SKIP CPDATypeI/student_dropout/NTN L=3 bd=8 seed=32874 -> /zhome/6b/e/212868/GTN/outputs/ntn/student_dropout/CPDATypeI_rg5_init0.1/L3_bd8_seed32874 | already completed successfully (val_quality=0.6912650602409639) val=0.6913
[2026-05-03 07:39:04,813][HYDRA] 	#38 : model.L=3 model.bond_dim=8 seed=47311 trainer.ridge=5 trainer.ridge_decay=0.25 trainer.ridge_min=0.0001 +experiment=cpda_ntn_sweep model=cpda_typei dataset=student_dropout
[2026-05-03 07:39:04,975][__main__][INFO] - ⏭ SKIP CPDATypeI/student_dropout/NTN L=3 bd=8 seed=47311 -> /zhome/6b/e/212868/GTN/outputs/ntn/student_dropout/CPDATypeI_rg5_init0.1/L3_bd8_seed47311 | already completed successfully (val_quality=0.7349397590361446) val=0.7349
[2026-05-03 07:39:04,976][HYDRA] 	#39 : model.L=3 model.bond_dim=8 seed=47303 trainer.ridge=5 trainer.ridge_decay=0.25 trainer.ridge_min=0.0001 +experiment=cpda_ntn_sweep model=cpda_typei dataset=student_dropout
[2026-05-03 07:39:05,137][__main__][INFO] - ⏭ SKIP CPDATypeI/student_dropout/NTN L=3 bd=8 seed=47303 -> /zhome/6b/e/212868/GTN/outputs/ntn/student_dropout/CPDATypeI_rg5_init0.1/L3_bd8_seed47303 | already completed successfully (val_quality=0.6566265060240963) val=0.6566

------------------------------------------------------------
Sender: LSF System <lsfadmin@hpc.dtu.dk>
Subject: Job 28339356[112]: <ntn_grid_full[1-150]%20> in cluster <dcc> Done

Job <ntn_grid_full[1-150]%20> was submitted from host <hpclogin1> by user <nicci> in cluster <dcc> at Sun May  3 07:01:17 2026
Job was executed on host(s) <6*n-62-31-8>, in queue <hpc>, as user <nicci> in cluster <dcc> at Sun May  3 07:27:48 2026
</zhome/6b/e/212868> was used as the home directory.
</zhome/6b/e/212868/GTN> was used as the working directory.
Started at Sun May  3 07:27:48 2026
Terminated at Sun May  3 07:39:18 2026
Results reported at Sun May  3 07:39:18 2026

Your job looked like:

------------------------------------------------------------
# LSBATCH: User input
#!/bin/bash
#BSUB -q hpc
#BSUB -J "ntn_grid_full[1-150]%20"
#BSUB -W 8:00
#BSUB -n 6
#BSUB -R "rusage[mem=750MB]"
#BSUB -R "span[hosts=1]"
#BSUB -o logs/%J_%I.out
#BSUB -e logs/%J_%I.err

MODELS=("cpda" "cpda_typei" "lmpo2" "lmpo2_typei" "mpo2" "mpo2_typei" "mmpo2" "mmpo2_typei" "tnml_f" "tnml_p")

DATASETS=(
    "abalone" "adult" "ai4i" "appliances" "bank" "bike" "breast"
    "car_evaluation" "concrete" "energy_efficiency" "hearth"
    "iris" "mushrooms" "obesity" "popularity" "realstate"
    "seoulBike" "student_dropout" "student_perf" "wine"
    "winequalityc"
)

COMPLETED_DATASETS=(
    "abalone" "bike" "concrete" "energy_efficiency"
    "iris" "realstate" )

# Filter datasets
FILTERED_DATASETS=()
for ds in "${DATASETS[@]}"; do
    skip=false
    for completed in "${COMPLETED_DATASETS[@]}"; do
        if [[ "$ds" == "$completed" ]]; then
            skip=true
            break
        fi
    done

    if ! $skip; then
        FILTERED_DATASETS+=("$ds")
    fi
done

DATASETS=("${FILTERED_DATASETS[@]}")

NUM_MODELS=${#MODELS[@]}
NUM_DATASETS=${#DATASETS[@]}
NUM_EXPERIMENTS=$((NUM_DATASETS * NUM_MODELS))

if [ "$1" == "test" ]; then
    echo "SIMULATING ARRAY:"
    echo "-----------------"


(... more ...)
------------------------------------------------------------

Successfully completed.

Resource usage summary:

    CPU time :                                   3217.00 sec.
    Max Memory :                                 1750 MB
    Average Memory :                             637.57 MB
    Total Requested Memory :                     4500.00 MB
    Delta Memory :                               2750.00 MB
    Max Swap :                                   -
    Max Processes :                              12
    Max Threads :                                65
    Run time :                                   690 sec.
    Turnaround time :                            2281 sec.

The output (if any) is above this job summary.



PS:

Read file <logs/28339356_112.err> for stderr output of this job.

