Task 23: Dataset=appliances, Model=lmpo2, Experiment=uci_ntn_sweep
[2026-05-03 07:01:55,266][HYDRA] Launching 90 jobs locally
[2026-05-03 07:01:55,266][HYDRA] 	#0 : model.reduction_factor=0.3 model.L=4 model.bond_dim=12 seed=42 trainer.ridge=5 trainer.ridge_decay=0.25 trainer.ridge_min=0.0001 +experiment=uci_ntn_sweep model=lmpo2 dataset=appliances
[2026-05-03 07:01:55,822][utils.tracking][INFO] - Loaded 17971 tracked runs from runs_tracking.csv
[2026-05-03 07:01:55,825][__main__][INFO] - ⏭ SKIP LMPO2/appliances/NTN L=4 bd=12_rf0.3 seed=42 -> /zhome/6b/e/212868/GTN/outputs/ntn/appliances/LMPO2_rg5_init0.1/L4_bd12_seed42_rf0.3_bondmpo1 | already completed successfully (val_quality=0.281866838479002) val=0.2819
[2026-05-03 07:01:55,827][HYDRA] 	#1 : model.reduction_factor=0.3 model.L=4 model.bond_dim=12 seed=10090 trainer.ridge=5 trainer.ridge_decay=0.25 trainer.ridge_min=0.0001 +experiment=uci_ntn_sweep model=lmpo2 dataset=appliances
[2026-05-03 07:01:55,981][__main__][INFO] - ⏭ SKIP LMPO2/appliances/NTN L=4 bd=12_rf0.3 seed=10090 -> /zhome/6b/e/212868/GTN/outputs/ntn/appliances/LMPO2_rg5_init0.1/L4_bd12_seed10090_rf0.3_bondmpo1 | already completed successfully (val_quality=0.2474448573695654) val=0.2474
[2026-05-03 07:01:55,983][HYDRA] 	#2 : model.reduction_factor=0.3 model.L=4 model.bond_dim=12 seed=32874 trainer.ridge=5 trainer.ridge_decay=0.25 trainer.ridge_min=0.0001 +experiment=uci_ntn_sweep model=lmpo2 dataset=appliances
[2026-05-03 07:01:56,157][__main__][INFO] - ⏭ SKIP LMPO2/appliances/NTN L=4 bd=12_rf0.3 seed=32874 -> /zhome/6b/e/212868/GTN/outputs/ntn/appliances/LMPO2_rg5_init0.1/L4_bd12_seed32874_rf0.3_bondmpo1 | already completed successfully (val_quality=0.301951137063536) val=0.3020
[2026-05-03 07:01:56,158][HYDRA] 	#3 : model.reduction_factor=0.3 model.L=4 model.bond_dim=12 seed=47311 trainer.ridge=5 trainer.ridge_decay=0.25 trainer.ridge_min=0.0001 +experiment=uci_ntn_sweep model=lmpo2 dataset=appliances
[2026-05-03 07:01:56,326][__main__][INFO] - ⏭ SKIP LMPO2/appliances/NTN L=4 bd=12_rf0.3 seed=47311 -> /zhome/6b/e/212868/GTN/outputs/ntn/appliances/LMPO2_rg5_init0.1/L4_bd12_seed47311_rf0.3_bondmpo1 | already completed successfully (val_quality=0.2744225418061659) val=0.2744
[2026-05-03 07:01:56,328][HYDRA] 	#4 : model.reduction_factor=0.3 model.L=4 model.bond_dim=12 seed=47303 trainer.ridge=5 trainer.ridge_decay=0.25 trainer.ridge_min=0.0001 +experiment=uci_ntn_sweep model=lmpo2 dataset=appliances
[2026-05-03 07:01:56,483][__main__][INFO] - ⏭ SKIP LMPO2/appliances/NTN L=4 bd=12_rf0.3 seed=47303 -> /zhome/6b/e/212868/GTN/outputs/ntn/appliances/LMPO2_rg5_init0.1/L4_bd12_seed47303_rf0.3_bondmpo1 | already completed successfully (val_quality=0.2932832778173994) val=0.2933
[2026-05-03 07:01:56,485][HYDRA] 	#5 : model.reduction_factor=0.3 model.L=4 model.bond_dim=8 seed=42 trainer.ridge=5 trainer.ridge_decay=0.25 trainer.ridge_min=0.0001 +experiment=uci_ntn_sweep model=lmpo2 dataset=appliances
[2026-05-03 07:01:56,638][__main__][INFO] - ⏭ SKIP LMPO2/appliances/NTN L=4 bd=8_rf0.3 seed=42 -> /zhome/6b/e/212868/GTN/outputs/ntn/appliances/LMPO2_rg5_init0.1/L4_bd8_seed42_rf0.3_bondmpo1 | already completed successfully (val_quality=0.2700475755453937) val=0.2700
[2026-05-03 07:01:56,640][HYDRA] 	#6 : model.reduction_factor=0.3 model.L=4 model.bond_dim=8 seed=10090 trainer.ridge=5 trainer.ridge_decay=0.25 trainer.ridge_min=0.0001 +experiment=uci_ntn_sweep model=lmpo2 dataset=appliances
[2026-05-03 07:01:56,794][__main__][INFO] - ⏭ SKIP LMPO2/appliances/NTN L=4 bd=8_rf0.3 seed=10090 -> /zhome/6b/e/212868/GTN/outputs/ntn/appliances/LMPO2_rg5_init0.1/L4_bd8_seed10090_rf0.3_bondmpo1 | already completed successfully (val_quality=0.2360248796607805) val=0.2360
[2026-05-03 07:01:56,796][HYDRA] 	#7 : model.reduction_factor=0.3 model.L=4 model.bond_dim=8 seed=32874 trainer.ridge=5 trainer.ridge_decay=0.25 trainer.ridge_min=0.0001 +experiment=uci_ntn_sweep model=lmpo2 dataset=appliances
[2026-05-03 07:01:56,946][__main__][INFO] - ⏭ SKIP LMPO2/appliances/NTN L=4 bd=8_rf0.3 seed=32874 -> /zhome/6b/e/212868/GTN/outputs/ntn/appliances/LMPO2_rg5_init0.1/L4_bd8_seed32874_rf0.3_bondmpo1 | already completed successfully (val_quality=-0.006927252252497) val=-0.0069
[2026-05-03 07:01:56,948][HYDRA] 	#8 : model.reduction_factor=0.3 model.L=4 model.bond_dim=8 seed=47311 trainer.ridge=5 trainer.ridge_decay=0.25 trainer.ridge_min=0.0001 +experiment=uci_ntn_sweep model=lmpo2 dataset=appliances
[2026-05-03 07:01:57,098][__main__][INFO] - ⏭ SKIP LMPO2/appliances/NTN L=4 bd=8_rf0.3 seed=47311 -> /zhome/6b/e/212868/GTN/outputs/ntn/appliances/LMPO2_rg5_init0.1/L4_bd8_seed47311_rf0.3_bondmpo1 | already completed successfully (val_quality=0.2465549947090596) val=0.2466
[2026-05-03 07:01:57,100][HYDRA] 	#9 : model.reduction_factor=0.3 model.L=4 model.bond_dim=8 seed=47303 trainer.ridge=5 trainer.ridge_decay=0.25 trainer.ridge_min=0.0001 +experiment=uci_ntn_sweep model=lmpo2 dataset=appliances
[2026-05-03 07:01:57,255][__main__][INFO] - ⏭ SKIP LMPO2/appliances/NTN L=4 bd=8_rf0.3 seed=47303 -> /zhome/6b/e/212868/GTN/outputs/ntn/appliances/LMPO2_rg5_init0.1/L4_bd8_seed47303_rf0.3_bondmpo1 | already completed successfully (val_quality=0.2473143182021391) val=0.2473
[2026-05-03 07:01:57,256][HYDRA] 	#10 : model.reduction_factor=0.3 model.L=4 model.bond_dim=4 seed=42 trainer.ridge=5 trainer.ridge_decay=0.25 trainer.ridge_min=0.0001 +experiment=uci_ntn_sweep model=lmpo2 dataset=appliances
[2026-05-03 07:01:57,408][__main__][INFO] - ⏭ SKIP LMPO2/appliances/NTN L=4 bd=4_rf0.3 seed=42 -> /zhome/6b/e/212868/GTN/outputs/ntn/appliances/LMPO2_rg5_init0.1/L4_bd4_seed42_rf0.3_bondmpo1 | already completed successfully (val_quality=0.0272016006338429) val=0.0272
[2026-05-03 07:01:57,410][HYDRA] 	#11 : model.reduction_factor=0.3 model.L=4 model.bond_dim=4 seed=10090 trainer.ridge=5 trainer.ridge_decay=0.25 trainer.ridge_min=0.0001 +experiment=uci_ntn_sweep model=lmpo2 dataset=appliances
[2026-05-03 07:01:57,564][__main__][INFO] - ⏭ SKIP LMPO2/appliances/NTN L=4 bd=4_rf0.3 seed=10090 -> /zhome/6b/e/212868/GTN/outputs/ntn/appliances/LMPO2_rg5_init0.1/L4_bd4_seed10090_rf0.3_bondmpo1 | already completed successfully (val_quality=0.2708088201793874) val=0.2708
[2026-05-03 07:01:57,565][HYDRA] 	#12 : model.reduction_factor=0.3 model.L=4 model.bond_dim=4 seed=32874 trainer.ridge=5 trainer.ridge_decay=0.25 trainer.ridge_min=0.0001 +experiment=uci_ntn_sweep model=lmpo2 dataset=appliances
[2026-05-03 07:01:57,717][__main__][INFO] - ⏭ SKIP LMPO2/appliances/NTN L=4 bd=4_rf0.3 seed=32874 -> /zhome/6b/e/212868/GTN/outputs/ntn/appliances/LMPO2_rg5_init0.1/L4_bd4_seed32874_rf0.3_bondmpo1 | already completed successfully (val_quality=0.0007711460051735) val=0.0008
[2026-05-03 07:01:57,719][HYDRA] 	#13 : model.reduction_factor=0.3 model.L=4 model.bond_dim=4 seed=47311 trainer.ridge=5 trainer.ridge_decay=0.25 trainer.ridge_min=0.0001 +experiment=uci_ntn_sweep model=lmpo2 dataset=appliances
[2026-05-03 07:01:57,879][__main__][INFO] - ⏭ SKIP LMPO2/appliances/NTN L=4 bd=4_rf0.3 seed=47311 -> /zhome/6b/e/212868/GTN/outputs/ntn/appliances/LMPO2_rg5_init0.1/L4_bd4_seed47311_rf0.3_bondmpo1 | already completed successfully (val_quality=0.2593120356421797) val=0.2593
[2026-05-03 07:01:57,881][HYDRA] 	#14 : model.reduction_factor=0.3 model.L=4 model.bond_dim=4 seed=47303 trainer.ridge=5 trainer.ridge_decay=0.25 trainer.ridge_min=0.0001 +experiment=uci_ntn_sweep model=lmpo2 dataset=appliances
[2026-05-03 07:01:58,036][__main__][INFO] - ⏭ SKIP LMPO2/appliances/NTN L=4 bd=4_rf0.3 seed=47303 -> /zhome/6b/e/212868/GTN/outputs/ntn/appliances/LMPO2_rg5_init0.1/L4_bd4_seed47303_rf0.3_bondmpo1 | already completed successfully (val_quality=0.2847929043108183) val=0.2848
[2026-05-03 07:01:58,038][HYDRA] 	#15 : model.reduction_factor=0.3 model.L=3 model.bond_dim=12 seed=42 trainer.ridge=5 trainer.ridge_decay=0.25 trainer.ridge_min=0.0001 +experiment=uci_ntn_sweep model=lmpo2 dataset=appliances
[2026-05-03 07:01:58,199][__main__][INFO] - ⏭ SKIP LMPO2/appliances/NTN L=3 bd=12_rf0.3 seed=42 -> /zhome/6b/e/212868/GTN/outputs/ntn/appliances/LMPO2_rg5_init0.1/L3_bd12_seed42_rf0.3_bondmpo1 | already completed successfully (val_quality=0.2037653266072081) val=0.2038
[2026-05-03 07:01:58,201][HYDRA] 	#16 : model.reduction_factor=0.3 model.L=3 model.bond_dim=12 seed=10090 trainer.ridge=5 trainer.ridge_decay=0.25 trainer.ridge_min=0.0001 +experiment=uci_ntn_sweep model=lmpo2 dataset=appliances
[2026-05-03 07:01:58,353][__main__][INFO] - ⏭ SKIP LMPO2/appliances/NTN L=3 bd=12_rf0.3 seed=10090 -> /zhome/6b/e/212868/GTN/outputs/ntn/appliances/LMPO2_rg5_init0.1/L3_bd12_seed10090_rf0.3_bondmpo1 | already completed successfully (val_quality=0.2165512740181299) val=0.2166
[2026-05-03 07:01:58,355][HYDRA] 	#17 : model.reduction_factor=0.3 model.L=3 model.bond_dim=12 seed=32874 trainer.ridge=5 trainer.ridge_decay=0.25 trainer.ridge_min=0.0001 +experiment=uci_ntn_sweep model=lmpo2 dataset=appliances
[2026-05-03 07:01:58,536][__main__][INFO] - ⏭ SKIP LMPO2/appliances/NTN L=3 bd=12_rf0.3 seed=32874 -> /zhome/6b/e/212868/GTN/outputs/ntn/appliances/LMPO2_rg5_init0.1/L3_bd12_seed32874_rf0.3_bondmpo1 | already completed successfully (val_quality=-0.0599016931620033) val=-0.0599
[2026-05-03 07:01:58,538][HYDRA] 	#18 : model.reduction_factor=0.3 model.L=3 model.bond_dim=12 seed=47311 trainer.ridge=5 trainer.ridge_decay=0.25 trainer.ridge_min=0.0001 +experiment=uci_ntn_sweep model=lmpo2 dataset=appliances
[2026-05-03 07:01:58,700][__main__][INFO] - ⏭ SKIP LMPO2/appliances/NTN L=3 bd=12_rf0.3 seed=47311 -> /zhome/6b/e/212868/GTN/outputs/ntn/appliances/LMPO2_rg5_init0.1/L3_bd12_seed47311_rf0.3_bondmpo1 | already completed successfully (val_quality=0.2294575201805911) val=0.2295
[2026-05-03 07:01:58,702][HYDRA] 	#19 : model.reduction_factor=0.3 model.L=3 model.bond_dim=12 seed=47303 trainer.ridge=5 trainer.ridge_decay=0.25 trainer.ridge_min=0.0001 +experiment=uci_ntn_sweep model=lmpo2 dataset=appliances
[2026-05-03 07:01:58,858][__main__][INFO] - ⏭ SKIP LMPO2/appliances/NTN L=3 bd=12_rf0.3 seed=47303 -> /zhome/6b/e/212868/GTN/outputs/ntn/appliances/LMPO2_rg5_init0.1/L3_bd12_seed47303_rf0.3_bondmpo1 | already completed successfully (val_quality=0.2048359488992908) val=0.2048
[2026-05-03 07:01:58,860][HYDRA] 	#20 : model.reduction_factor=0.3 model.L=3 model.bond_dim=8 seed=42 trainer.ridge=5 trainer.ridge_decay=0.25 trainer.ridge_min=0.0001 +experiment=uci_ntn_sweep model=lmpo2 dataset=appliances
[2026-05-03 07:01:59,019][__main__][INFO] - ⏭ SKIP LMPO2/appliances/NTN L=3 bd=8_rf0.3 seed=42 -> /zhome/6b/e/212868/GTN/outputs/ntn/appliances/LMPO2_rg5_init0.1/L3_bd8_seed42_rf0.3_bondmpo1 | already completed successfully (val_quality=-0.0808564605253043) val=-0.0809
[2026-05-03 07:01:59,020][HYDRA] 	#21 : model.reduction_factor=0.3 model.L=3 model.bond_dim=8 seed=10090 trainer.ridge=5 trainer.ridge_decay=0.25 trainer.ridge_min=0.0001 +experiment=uci_ntn_sweep model=lmpo2 dataset=appliances
[2026-05-03 07:01:59,175][__main__][INFO] - ⏭ SKIP LMPO2/appliances/NTN L=3 bd=8_rf0.3 seed=10090 -> /zhome/6b/e/212868/GTN/outputs/ntn/appliances/LMPO2_rg5_init0.1/L3_bd8_seed10090_rf0.3_bondmpo1 | already completed successfully (val_quality=-0.0095772848381954) val=-0.0096
[2026-05-03 07:01:59,177][HYDRA] 	#22 : model.reduction_factor=0.3 model.L=3 model.bond_dim=8 seed=32874 trainer.ridge=5 trainer.ridge_decay=0.25 trainer.ridge_min=0.0001 +experiment=uci_ntn_sweep model=lmpo2 dataset=appliances
[2026-05-03 07:01:59,331][__main__][INFO] - ⏭ SKIP LMPO2/appliances/NTN L=3 bd=8_rf0.3 seed=32874 -> /zhome/6b/e/212868/GTN/outputs/ntn/appliances/LMPO2_rg5_init0.1/L3_bd8_seed32874_rf0.3_bondmpo1 | already completed successfully (val_quality=0.238329222670354) val=0.2383
[2026-05-03 07:01:59,333][HYDRA] 	#23 : model.reduction_factor=0.3 model.L=3 model.bond_dim=8 seed=47311 trainer.ridge=5 trainer.ridge_decay=0.25 trainer.ridge_min=0.0001 +experiment=uci_ntn_sweep model=lmpo2 dataset=appliances
[2026-05-03 07:01:59,490][__main__][INFO] - ⏭ SKIP LMPO2/appliances/NTN L=3 bd=8_rf0.3 seed=47311 -> /zhome/6b/e/212868/GTN/outputs/ntn/appliances/LMPO2_rg5_init0.1/L3_bd8_seed47311_rf0.3_bondmpo1 | already completed successfully (val_quality=0.2069102827953499) val=0.2069
[2026-05-03 07:01:59,492][HYDRA] 	#24 : model.reduction_factor=0.3 model.L=3 model.bond_dim=8 seed=47303 trainer.ridge=5 trainer.ridge_decay=0.25 trainer.ridge_min=0.0001 +experiment=uci_ntn_sweep model=lmpo2 dataset=appliances
[2026-05-03 07:01:59,648][__main__][INFO] - ⏭ SKIP LMPO2/appliances/NTN L=3 bd=8_rf0.3 seed=47303 -> /zhome/6b/e/212868/GTN/outputs/ntn/appliances/LMPO2_rg5_init0.1/L3_bd8_seed47303_rf0.3_bondmpo1 | already completed successfully (val_quality=0.2249995258168005) val=0.2250
[2026-05-03 07:01:59,651][HYDRA] 	#25 : model.reduction_factor=0.3 model.L=3 model.bond_dim=4 seed=42 trainer.ridge=5 trainer.ridge_decay=0.25 trainer.ridge_min=0.0001 +experiment=uci_ntn_sweep model=lmpo2 dataset=appliances
[2026-05-03 07:02:00,049][__main__][INFO] - ⏭ SKIP LMPO2/appliances/NTN L=3 bd=4_rf0.3 seed=42 -> /zhome/6b/e/212868/GTN/outputs/ntn/appliances/LMPO2_rg5_init0.1/L3_bd4_seed42_rf0.3_bondmpo1 | already completed successfully (val_quality=-0.0803953738038325) val=-0.0804
[2026-05-03 07:02:00,051][HYDRA] 	#26 : model.reduction_factor=0.3 model.L=3 model.bond_dim=4 seed=10090 trainer.ridge=5 trainer.ridge_decay=0.25 trainer.ridge_min=0.0001 +experiment=uci_ntn_sweep model=lmpo2 dataset=appliances
[2026-05-03 07:02:00,196][__main__][INFO] - ⏭ SKIP LMPO2/appliances/NTN L=3 bd=4_rf0.3 seed=10090 -> /zhome/6b/e/212868/GTN/outputs/ntn/appliances/LMPO2_rg5_init0.1/L3_bd4_seed10090_rf0.3_bondmpo1 | already completed successfully (val_quality=0.2230108357992469) val=0.2230
[2026-05-03 07:02:00,199][HYDRA] 	#27 : model.reduction_factor=0.3 model.L=3 model.bond_dim=4 seed=32874 trainer.ridge=5 trainer.ridge_decay=0.25 trainer.ridge_min=0.0001 +experiment=uci_ntn_sweep model=lmpo2 dataset=appliances
[2026-05-03 07:02:00,357][__main__][INFO] - ⏭ SKIP LMPO2/appliances/NTN L=3 bd=4_rf0.3 seed=32874 -> /zhome/6b/e/212868/GTN/outputs/ntn/appliances/LMPO2_rg5_init0.1/L3_bd4_seed32874_rf0.3_bondmpo1 | already completed successfully (val_quality=0.2420064611034499) val=0.2420
[2026-05-03 07:02:00,359][HYDRA] 	#28 : model.reduction_factor=0.3 model.L=3 model.bond_dim=4 seed=47311 trainer.ridge=5 trainer.ridge_decay=0.25 trainer.ridge_min=0.0001 +experiment=uci_ntn_sweep model=lmpo2 dataset=appliances
[2026-05-03 07:02:00,507][__main__][INFO] - ⏭ SKIP LMPO2/appliances/NTN L=3 bd=4_rf0.3 seed=47311 -> /zhome/6b/e/212868/GTN/outputs/ntn/appliances/LMPO2_rg5_init0.1/L3_bd4_seed47311_rf0.3_bondmpo1 | already completed successfully (val_quality=-0.0818574398330107) val=-0.0819
[2026-05-03 07:02:00,508][HYDRA] 	#29 : model.reduction_factor=0.3 model.L=3 model.bond_dim=4 seed=47303 trainer.ridge=5 trainer.ridge_decay=0.25 trainer.ridge_min=0.0001 +experiment=uci_ntn_sweep model=lmpo2 dataset=appliances
[2026-05-03 07:02:00,665][__main__][INFO] - ⏭ SKIP LMPO2/appliances/NTN L=3 bd=4_rf0.3 seed=47303 -> /zhome/6b/e/212868/GTN/outputs/ntn/appliances/LMPO2_rg5_init0.1/L3_bd4_seed47303_rf0.3_bondmpo1 | already completed successfully (val_quality=0.1933330235628132) val=0.1933
[2026-05-03 07:02:00,667][HYDRA] 	#30 : model.reduction_factor=0.5 model.L=4 model.bond_dim=12 seed=42 trainer.ridge=5 trainer.ridge_decay=0.25 trainer.ridge_min=0.0001 +experiment=uci_ntn_sweep model=lmpo2 dataset=appliances
[2026-05-03 07:02:00,810][__main__][INFO] - ⏭ SKIP LMPO2/appliances/NTN L=4 bd=12_rf0.5 seed=42 -> /zhome/6b/e/212868/GTN/outputs/ntn/appliances/LMPO2_rg5_init0.1/L4_bd12_seed42_rf0.5_bondmpo1 | already completed successfully (val_quality=0.303084422952131) val=0.3031
[2026-05-03 07:02:00,812][HYDRA] 	#31 : model.reduction_factor=0.5 model.L=4 model.bond_dim=12 seed=10090 trainer.ridge=5 trainer.ridge_decay=0.25 trainer.ridge_min=0.0001 +experiment=uci_ntn_sweep model=lmpo2 dataset=appliances
[2026-05-03 07:02:00,951][__main__][INFO] - ⏭ SKIP LMPO2/appliances/NTN L=4 bd=12_rf0.5 seed=10090 -> /zhome/6b/e/212868/GTN/outputs/ntn/appliances/LMPO2_rg5_init0.1/L4_bd12_seed10090_rf0.5_bondmpo1 | already completed successfully (val_quality=0.2900884551464432) val=0.2901
[2026-05-03 07:02:00,953][HYDRA] 	#32 : model.reduction_factor=0.5 model.L=4 model.bond_dim=12 seed=32874 trainer.ridge=5 trainer.ridge_decay=0.25 trainer.ridge_min=0.0001 +experiment=uci_ntn_sweep model=lmpo2 dataset=appliances
[2026-05-03 07:02:01,129][__main__][INFO] - ⏭ SKIP LMPO2/appliances/NTN L=4 bd=12_rf0.5 seed=32874 -> /zhome/6b/e/212868/GTN/outputs/ntn/appliances/LMPO2_rg5_init0.1/L4_bd12_seed32874_rf0.5_bondmpo1 | already completed successfully (val_quality=0.323381818653117) val=0.3234
[2026-05-03 07:02:01,131][HYDRA] 	#33 : model.reduction_factor=0.5 model.L=4 model.bond_dim=12 seed=47311 trainer.ridge=5 trainer.ridge_decay=0.25 trainer.ridge_min=0.0001 +experiment=uci_ntn_sweep model=lmpo2 dataset=appliances
[2026-05-03 07:02:01,281][__main__][INFO] - ⏭ SKIP LMPO2/appliances/NTN L=4 bd=12_rf0.5 seed=47311 -> /zhome/6b/e/212868/GTN/outputs/ntn/appliances/LMPO2_rg5_init0.1/L4_bd12_seed47311_rf0.5_bondmpo1 | already completed successfully (val_quality=0.2946772296151769) val=0.2947
[2026-05-03 07:02:01,283][HYDRA] 	#34 : model.reduction_factor=0.5 model.L=4 model.bond_dim=12 seed=47303 trainer.ridge=5 trainer.ridge_decay=0.25 trainer.ridge_min=0.0001 +experiment=uci_ntn_sweep model=lmpo2 dataset=appliances
[2026-05-03 07:02:01,432][__main__][INFO] - ⏭ SKIP LMPO2/appliances/NTN L=4 bd=12_rf0.5 seed=47303 -> /zhome/6b/e/212868/GTN/outputs/ntn/appliances/LMPO2_rg5_init0.1/L4_bd12_seed47303_rf0.5_bondmpo1 | already completed successfully (val_quality=0.286468175315688) val=0.2865
[2026-05-03 07:02:01,434][HYDRA] 	#35 : model.reduction_factor=0.5 model.L=4 model.bond_dim=8 seed=42 trainer.ridge=5 trainer.ridge_decay=0.25 trainer.ridge_min=0.0001 +experiment=uci_ntn_sweep model=lmpo2 dataset=appliances
[2026-05-03 07:02:01,581][__main__][INFO] - ⏭ SKIP LMPO2/appliances/NTN L=4 bd=8_rf0.5 seed=42 -> /zhome/6b/e/212868/GTN/outputs/ntn/appliances/LMPO2_rg5_init0.1/L4_bd8_seed42_rf0.5_bondmpo1 | already completed successfully (val_quality=0.279942977201369) val=0.2799
[2026-05-03 07:02:01,583][HYDRA] 	#36 : model.reduction_factor=0.5 model.L=4 model.bond_dim=8 seed=10090 trainer.ridge=5 trainer.ridge_decay=0.25 trainer.ridge_min=0.0001 +experiment=uci_ntn_sweep model=lmpo2 dataset=appliances
[2026-05-03 07:02:01,737][__main__][INFO] - ⏭ SKIP LMPO2/appliances/NTN L=4 bd=8_rf0.5 seed=10090 -> /zhome/6b/e/212868/GTN/outputs/ntn/appliances/LMPO2_rg5_init0.1/L4_bd8_seed10090_rf0.5_bondmpo1 | already completed successfully (val_quality=0.2905660625983194) val=0.2906
[2026-05-03 07:02:01,739][HYDRA] 	#37 : model.reduction_factor=0.5 model.L=4 model.bond_dim=8 seed=32874 trainer.ridge=5 trainer.ridge_decay=0.25 trainer.ridge_min=0.0001 +experiment=uci_ntn_sweep model=lmpo2 dataset=appliances
[2026-05-03 07:02:01,888][__main__][INFO] - ⏭ SKIP LMPO2/appliances/NTN L=4 bd=8_rf0.5 seed=32874 -> /zhome/6b/e/212868/GTN/outputs/ntn/appliances/LMPO2_rg5_init0.1/L4_bd8_seed32874_rf0.5_bondmpo1 | already completed successfully (val_quality=0.2741431838703166) val=0.2741
[2026-05-03 07:02:01,890][HYDRA] 	#38 : model.reduction_factor=0.5 model.L=4 model.bond_dim=8 seed=47311 trainer.ridge=5 trainer.ridge_decay=0.25 trainer.ridge_min=0.0001 +experiment=uci_ntn_sweep model=lmpo2 dataset=appliances
[2026-05-03 07:02:02,033][__main__][INFO] - ⏭ SKIP LMPO2/appliances/NTN L=4 bd=8_rf0.5 seed=47311 -> /zhome/6b/e/212868/GTN/outputs/ntn/appliances/LMPO2_rg5_init0.1/L4_bd8_seed47311_rf0.5_bondmpo1 | already completed successfully (val_quality=0.2590458626431084) val=0.2590
[2026-05-03 07:02:02,034][HYDRA] 	#39 : model.reduction_factor=0.5 model.L=4 model.bond_dim=8 seed=47303 trainer.ridge=5 trainer.ridge_decay=0.25 trainer.ridge_min=0.0001 +experiment=uci_ntn_sweep model=lmpo2 dataset=appliances
[2026-05-03 07:02:02,181][__main__][INFO] - ⏭ SKIP LMPO2/appliances/NTN L=4 bd=8_rf0.5 seed=47303 -> /zhome/6b/e/212868/GTN/outputs/ntn/appliances/LMPO2_rg5_init0.1/L4_bd8_seed47303_rf0.5_bondmpo1 | already completed successfully (val_quality=0.2895290192499765) val=0.2895
[2026-05-03 07:02:02,183][HYDRA] 	#40 : model.reduction_factor=0.5 model.L=4 model.bond_dim=4 seed=42 trainer.ridge=5 trainer.ridge_decay=0.25 trainer.ridge_min=0.0001 +experiment=uci_ntn_sweep model=lmpo2 dataset=appliances
[2026-05-03 07:02:02,327][__main__][INFO] - ⏭ SKIP LMPO2/appliances/NTN L=4 bd=4_rf0.5 seed=42 -> /zhome/6b/e/212868/GTN/outputs/ntn/appliances/LMPO2_rg5_init0.1/L4_bd4_seed42_rf0.5_bondmpo1 | already completed successfully (val_quality=0.2543366147765643) val=0.2543
[2026-05-03 07:02:02,328][HYDRA] 	#41 : model.reduction_factor=0.5 model.L=4 model.bond_dim=4 seed=10090 trainer.ridge=5 trainer.ridge_decay=0.25 trainer.ridge_min=0.0001 +experiment=uci_ntn_sweep model=lmpo2 dataset=appliances
[2026-05-03 07:02:02,470][__main__][INFO] - ⏭ SKIP LMPO2/appliances/NTN L=4 bd=4_rf0.5 seed=10090 -> /zhome/6b/e/212868/GTN/outputs/ntn/appliances/LMPO2_rg5_init0.1/L4_bd4_seed10090_rf0.5_bondmpo1 | already completed successfully (val_quality=0.2516913722982862) val=0.2517
[2026-05-03 07:02:02,471][HYDRA] 	#42 : model.reduction_factor=0.5 model.L=4 model.bond_dim=4 seed=32874 trainer.ridge=5 trainer.ridge_decay=0.25 trainer.ridge_min=0.0001 +experiment=uci_ntn_sweep model=lmpo2 dataset=appliances
[2026-05-03 07:02:02,615][__main__][INFO] - ⏭ SKIP LMPO2/appliances/NTN L=4 bd=4_rf0.5 seed=32874 -> /zhome/6b/e/212868/GTN/outputs/ntn/appliances/LMPO2_rg5_init0.1/L4_bd4_seed32874_rf0.5_bondmpo1 | already completed successfully (val_quality=0.2817063011705459) val=0.2817
[2026-05-03 07:02:02,616][HYDRA] 	#43 : model.reduction_factor=0.5 model.L=4 model.bond_dim=4 seed=47311 trainer.ridge=5 trainer.ridge_decay=0.25 trainer.ridge_min=0.0001 +experiment=uci_ntn_sweep model=lmpo2 dataset=appliances
[2026-05-03 07:02:02,775][__main__][INFO] - ⏭ SKIP LMPO2/appliances/NTN L=4 bd=4_rf0.5 seed=47311 -> /zhome/6b/e/212868/GTN/outputs/ntn/appliances/LMPO2_rg5_init0.1/L4_bd4_seed47311_rf0.5_bondmpo1 | already completed successfully (val_quality=0.2685585886229764) val=0.2686
[2026-05-03 07:02:02,776][HYDRA] 	#44 : model.reduction_factor=0.5 model.L=4 model.bond_dim=4 seed=47303 trainer.ridge=5 trainer.ridge_decay=0.25 trainer.ridge_min=0.0001 +experiment=uci_ntn_sweep model=lmpo2 dataset=appliances
[2026-05-03 07:02:02,918][__main__][INFO] - ⏭ SKIP LMPO2/appliances/NTN L=4 bd=4_rf0.5 seed=47303 -> /zhome/6b/e/212868/GTN/outputs/ntn/appliances/LMPO2_rg5_init0.1/L4_bd4_seed47303_rf0.5_bondmpo1 | already completed successfully (val_quality=0.2593765985437577) val=0.2594
[2026-05-03 07:02:02,920][HYDRA] 	#45 : model.reduction_factor=0.5 model.L=3 model.bond_dim=12 seed=42 trainer.ridge=5 trainer.ridge_decay=0.25 trainer.ridge_min=0.0001 +experiment=uci_ntn_sweep model=lmpo2 dataset=appliances
[2026-05-03 07:02:03,061][__main__][INFO] - ⏭ SKIP LMPO2/appliances/NTN L=3 bd=12_rf0.5 seed=42 -> /zhome/6b/e/212868/GTN/outputs/ntn/appliances/LMPO2_rg5_init0.1/L3_bd12_seed42_rf0.5_bondmpo1 | already completed successfully (val_quality=0.2214100153365293) val=0.2214
[2026-05-03 07:02:03,063][HYDRA] 	#46 : model.reduction_factor=0.5 model.L=3 model.bond_dim=12 seed=10090 trainer.ridge=5 trainer.ridge_decay=0.25 trainer.ridge_min=0.0001 +experiment=uci_ntn_sweep model=lmpo2 dataset=appliances
[2026-05-03 07:02:03,217][__main__][INFO] - ⏭ SKIP LMPO2/appliances/NTN L=3 bd=12_rf0.5 seed=10090 -> /zhome/6b/e/212868/GTN/outputs/ntn/appliances/LMPO2_rg5_init0.1/L3_bd12_seed10090_rf0.5_bondmpo1 | already completed successfully (val_quality=0.2292056390466363) val=0.2292
[2026-05-03 07:02:03,219][HYDRA] 	#47 : model.reduction_factor=0.5 model.L=3 model.bond_dim=12 seed=32874 trainer.ridge=5 trainer.ridge_decay=0.25 trainer.ridge_min=0.0001 +experiment=uci_ntn_sweep model=lmpo2 dataset=appliances
[2026-05-03 07:02:03,373][__main__][INFO] - ⏭ SKIP LMPO2/appliances/NTN L=3 bd=12_rf0.5 seed=32874 -> /zhome/6b/e/212868/GTN/outputs/ntn/appliances/LMPO2_rg5_init0.1/L3_bd12_seed32874_rf0.5_bondmpo1 | already completed successfully (val_quality=0.2223115329963233) val=0.2223
[2026-05-03 07:02:03,374][HYDRA] 	#48 : model.reduction_factor=0.5 model.L=3 model.bond_dim=12 seed=47311 trainer.ridge=5 trainer.ridge_decay=0.25 trainer.ridge_min=0.0001 +experiment=uci_ntn_sweep model=lmpo2 dataset=appliances
[2026-05-03 07:02:03,527][__main__][INFO] - ⏭ SKIP LMPO2/appliances/NTN L=3 bd=12_rf0.5 seed=47311 -> /zhome/6b/e/212868/GTN/outputs/ntn/appliances/LMPO2_rg5_init0.1/L3_bd12_seed47311_rf0.5_bondmpo1 | already completed successfully (val_quality=0.2380104746418199) val=0.2380
[2026-05-03 07:02:03,528][HYDRA] 	#49 : model.reduction_factor=0.5 model.L=3 model.bond_dim=12 seed=47303 trainer.ridge=5 trainer.ridge_decay=0.25 trainer.ridge_min=0.0001 +experiment=uci_ntn_sweep model=lmpo2 dataset=appliances
[2026-05-03 07:02:03,682][__main__][INFO] - ⏭ SKIP LMPO2/appliances/NTN L=3 bd=12_rf0.5 seed=47303 -> /zhome/6b/e/212868/GTN/outputs/ntn/appliances/LMPO2_rg5_init0.1/L3_bd12_seed47303_rf0.5_bondmpo1 | already completed successfully (val_quality=0.212102061155319) val=0.2121
[2026-05-03 07:02:03,684][HYDRA] 	#50 : model.reduction_factor=0.5 model.L=3 model.bond_dim=8 seed=42 trainer.ridge=5 trainer.ridge_decay=0.25 trainer.ridge_min=0.0001 +experiment=uci_ntn_sweep model=lmpo2 dataset=appliances
[2026-05-03 07:02:03,838][__main__][INFO] - ⏭ SKIP LMPO2/appliances/NTN L=3 bd=8_rf0.5 seed=42 -> /zhome/6b/e/212868/GTN/outputs/ntn/appliances/LMPO2_rg5_init0.1/L3_bd8_seed42_rf0.5_bondmpo1 | already completed successfully (val_quality=0.2164973232895656) val=0.2165
[2026-05-03 07:02:03,840][HYDRA] 	#51 : model.reduction_factor=0.5 model.L=3 model.bond_dim=8 seed=10090 trainer.ridge=5 trainer.ridge_decay=0.25 trainer.ridge_min=0.0001 +experiment=uci_ntn_sweep model=lmpo2 dataset=appliances
[2026-05-03 07:02:03,997][__main__][INFO] - ⏭ SKIP LMPO2/appliances/NTN L=3 bd=8_rf0.5 seed=10090 -> /zhome/6b/e/212868/GTN/outputs/ntn/appliances/LMPO2_rg5_init0.1/L3_bd8_seed10090_rf0.5_bondmpo1 | already completed successfully (val_quality=0.2204314667774003) val=0.2204
[2026-05-03 07:02:03,998][HYDRA] 	#52 : model.reduction_factor=0.5 model.L=3 model.bond_dim=8 seed=32874 trainer.ridge=5 trainer.ridge_decay=0.25 trainer.ridge_min=0.0001 +experiment=uci_ntn_sweep model=lmpo2 dataset=appliances
[2026-05-03 07:02:04,153][__main__][INFO] - ⏭ SKIP LMPO2/appliances/NTN L=3 bd=8_rf0.5 seed=32874 -> /zhome/6b/e/212868/GTN/outputs/ntn/appliances/LMPO2_rg5_init0.1/L3_bd8_seed32874_rf0.5_bondmpo1 | already completed successfully (val_quality=0.2190971679245176) val=0.2191
[2026-05-03 07:02:04,155][HYDRA] 	#53 : model.reduction_factor=0.5 model.L=3 model.bond_dim=8 seed=47311 trainer.ridge=5 trainer.ridge_decay=0.25 trainer.ridge_min=0.0001 +experiment=uci_ntn_sweep model=lmpo2 dataset=appliances
[2026-05-03 07:02:04,570][__main__][INFO] - ⏭ SKIP LMPO2/appliances/NTN L=3 bd=8_rf0.5 seed=47311 -> /zhome/6b/e/212868/GTN/outputs/ntn/appliances/LMPO2_rg5_init0.1/L3_bd8_seed47311_rf0.5_bondmpo1 | already completed successfully (val_quality=0.2177118042447589) val=0.2177
[2026-05-03 07:02:04,572][HYDRA] 	#54 : model.reduction_factor=0.5 model.L=3 model.bond_dim=8 seed=47303 trainer.ridge=5 trainer.ridge_decay=0.25 trainer.ridge_min=0.0001 +experiment=uci_ntn_sweep model=lmpo2 dataset=appliances
[2026-05-03 07:02:04,728][__main__][INFO] - ⏭ SKIP LMPO2/appliances/NTN L=3 bd=8_rf0.5 seed=47303 -> /zhome/6b/e/212868/GTN/outputs/ntn/appliances/LMPO2_rg5_init0.1/L3_bd8_seed47303_rf0.5_bondmpo1 | already completed successfully (val_quality=0.1848822052199904) val=0.1849
[2026-05-03 07:02:04,730][HYDRA] 	#55 : model.reduction_factor=0.5 model.L=3 model.bond_dim=4 seed=42 trainer.ridge=5 trainer.ridge_decay=0.25 trainer.ridge_min=0.0001 +experiment=uci_ntn_sweep model=lmpo2 dataset=appliances
[2026-05-03 07:02:04,886][__main__][INFO] - ⏭ SKIP LMPO2/appliances/NTN L=3 bd=4_rf0.5 seed=42 -> /zhome/6b/e/212868/GTN/outputs/ntn/appliances/LMPO2_rg5_init0.1/L3_bd4_seed42_rf0.5_bondmpo1 | already completed successfully (val_quality=0.2161320715887825) val=0.2161
[2026-05-03 07:02:04,887][HYDRA] 	#56 : model.reduction_factor=0.5 model.L=3 model.bond_dim=4 seed=10090 trainer.ridge=5 trainer.ridge_decay=0.25 trainer.ridge_min=0.0001 +experiment=uci_ntn_sweep model=lmpo2 dataset=appliances
[2026-05-03 07:02:05,038][__main__][INFO] - ⏭ SKIP LMPO2/appliances/NTN L=3 bd=4_rf0.5 seed=10090 -> /zhome/6b/e/212868/GTN/outputs/ntn/appliances/LMPO2_rg5_init0.1/L3_bd4_seed10090_rf0.5_bondmpo1 | already completed successfully (val_quality=0.228330978501645) val=0.2283
[2026-05-03 07:02:05,040][HYDRA] 	#57 : model.reduction_factor=0.5 model.L=3 model.bond_dim=4 seed=32874 trainer.ridge=5 trainer.ridge_decay=0.25 trainer.ridge_min=0.0001 +experiment=uci_ntn_sweep model=lmpo2 dataset=appliances
[2026-05-03 07:02:05,192][__main__][INFO] - ⏭ SKIP LMPO2/appliances/NTN L=3 bd=4_rf0.5 seed=32874 -> /zhome/6b/e/212868/GTN/outputs/ntn/appliances/LMPO2_rg5_init0.1/L3_bd4_seed32874_rf0.5_bondmpo1 | already completed successfully (val_quality=0.2246241031987027) val=0.2246
[2026-05-03 07:02:05,194][HYDRA] 	#58 : model.reduction_factor=0.5 model.L=3 model.bond_dim=4 seed=47311 trainer.ridge=5 trainer.ridge_decay=0.25 trainer.ridge_min=0.0001 +experiment=uci_ntn_sweep model=lmpo2 dataset=appliances
[2026-05-03 07:02:05,348][__main__][INFO] - ⏭ SKIP LMPO2/appliances/NTN L=3 bd=4_rf0.5 seed=47311 -> /zhome/6b/e/212868/GTN/outputs/ntn/appliances/LMPO2_rg5_init0.1/L3_bd4_seed47311_rf0.5_bondmpo1 | already completed successfully (val_quality=0.2201515868303086) val=0.2202
[2026-05-03 07:02:05,349][HYDRA] 	#59 : model.reduction_factor=0.5 model.L=3 model.bond_dim=4 seed=47303 trainer.ridge=5 trainer.ridge_decay=0.25 trainer.ridge_min=0.0001 +experiment=uci_ntn_sweep model=lmpo2 dataset=appliances
[2026-05-03 07:02:05,504][__main__][INFO] - ⏭ SKIP LMPO2/appliances/NTN L=3 bd=4_rf0.5 seed=47303 -> /zhome/6b/e/212868/GTN/outputs/ntn/appliances/LMPO2_rg5_init0.1/L3_bd4_seed47303_rf0.5_bondmpo1 | already completed successfully (val_quality=-0.0784050378169658) val=-0.0784
[2026-05-03 07:02:05,505][HYDRA] 	#60 : model.reduction_factor=0.9 model.L=4 model.bond_dim=12 seed=42 trainer.ridge=5 trainer.ridge_decay=0.25 trainer.ridge_min=0.0001 +experiment=uci_ntn_sweep model=lmpo2 dataset=appliances
[2026-05-03 07:02:05,676][__main__][INFO] - ⏭ SKIP LMPO2/appliances/NTN L=4 bd=12_rf0.9 seed=42 -> /zhome/6b/e/212868/GTN/outputs/ntn/appliances/LMPO2_rg5_init0.1/L4_bd12_seed42_rf0.9_bondmpo1 | already completed successfully (val_quality=0.324056630862569) val=0.3241
[2026-05-03 07:02:05,678][HYDRA] 	#61 : model.reduction_factor=0.9 model.L=4 model.bond_dim=12 seed=10090 trainer.ridge=5 trainer.ridge_decay=0.25 trainer.ridge_min=0.0001 +experiment=uci_ntn_sweep model=lmpo2 dataset=appliances
[2026-05-03 07:02:05,836][__main__][INFO] - ⏭ SKIP LMPO2/appliances/NTN L=4 bd=12_rf0.9 seed=10090 -> /zhome/6b/e/212868/GTN/outputs/ntn/appliances/LMPO2_rg5_init0.1/L4_bd12_seed10090_rf0.9_bondmpo1 | already completed successfully (val_quality=0.2794103691660121) val=0.2794
[2026-05-03 07:02:05,838][HYDRA] 	#62 : model.reduction_factor=0.9 model.L=4 model.bond_dim=12 seed=32874 trainer.ridge=5 trainer.ridge_decay=0.25 trainer.ridge_min=0.0001 +experiment=uci_ntn_sweep model=lmpo2 dataset=appliances
[2026-05-03 07:02:05,990][__main__][INFO] - ⏭ SKIP LMPO2/appliances/NTN L=4 bd=12_rf0.9 seed=32874 -> /zhome/6b/e/212868/GTN/outputs/ntn/appliances/LMPO2_rg5_init0.1/L4_bd12_seed32874_rf0.9_bondmpo1 | already completed successfully (val_quality=0.3286367615899901) val=0.3286
[2026-05-03 07:02:05,992][HYDRA] 	#63 : model.reduction_factor=0.9 model.L=4 model.bond_dim=12 seed=47311 trainer.ridge=5 trainer.ridge_decay=0.25 trainer.ridge_min=0.0001 +experiment=uci_ntn_sweep model=lmpo2 dataset=appliances
[2026-05-03 07:02:06,150][__main__][INFO] - ⏭ SKIP LMPO2/appliances/NTN L=4 bd=12_rf0.9 seed=47311 -> /zhome/6b/e/212868/GTN/outputs/ntn/appliances/LMPO2_rg5_init0.1/L4_bd12_seed47311_rf0.9_bondmpo1 | already completed successfully (val_quality=0.3256193078661354) val=0.3256
[2026-05-03 07:02:06,151][HYDRA] 	#64 : model.reduction_factor=0.9 model.L=4 model.bond_dim=12 seed=47303 trainer.ridge=5 trainer.ridge_decay=0.25 trainer.ridge_min=0.0001 +experiment=uci_ntn_sweep model=lmpo2 dataset=appliances
[2026-05-03 07:02:06,308][__main__][INFO] - ⏭ SKIP LMPO2/appliances/NTN L=4 bd=12_rf0.9 seed=47303 -> /zhome/6b/e/212868/GTN/outputs/ntn/appliances/LMPO2_rg5_init0.1/L4_bd12_seed47303_rf0.9_bondmpo1 | already completed successfully (val_quality=0.2706863108523328) val=0.2707
[2026-05-03 07:02:06,309][HYDRA] 	#65 : model.reduction_factor=0.9 model.L=4 model.bond_dim=8 seed=42 trainer.ridge=5 trainer.ridge_decay=0.25 trainer.ridge_min=0.0001 +experiment=uci_ntn_sweep model=lmpo2 dataset=appliances
[2026-05-03 07:02:06,466][__main__][INFO] - ⏭ SKIP LMPO2/appliances/NTN L=4 bd=8_rf0.9 seed=42 -> /zhome/6b/e/212868/GTN/outputs/ntn/appliances/LMPO2_rg5_init0.1/L4_bd8_seed42_rf0.9_bondmpo1 | already completed successfully (val_quality=0.2785773469238142) val=0.2786
[2026-05-03 07:02:06,468][HYDRA] 	#66 : model.reduction_factor=0.9 model.L=4 model.bond_dim=8 seed=10090 trainer.ridge=5 trainer.ridge_decay=0.25 trainer.ridge_min=0.0001 +experiment=uci_ntn_sweep model=lmpo2 dataset=appliances
[2026-05-03 07:02:06,622][__main__][INFO] - ⏭ SKIP LMPO2/appliances/NTN L=4 bd=8_rf0.9 seed=10090 -> /zhome/6b/e/212868/GTN/outputs/ntn/appliances/LMPO2_rg5_init0.1/L4_bd8_seed10090_rf0.9_bondmpo1 | already completed successfully (val_quality=0.2801839724164147) val=0.2802
[2026-05-03 07:02:06,623][HYDRA] 	#67 : model.reduction_factor=0.9 model.L=4 model.bond_dim=8 seed=32874 trainer.ridge=5 trainer.ridge_decay=0.25 trainer.ridge_min=0.0001 +experiment=uci_ntn_sweep model=lmpo2 dataset=appliances
[2026-05-03 07:02:06,782][__main__][INFO] - ⏭ SKIP LMPO2/appliances/NTN L=4 bd=8_rf0.9 seed=32874 -> /zhome/6b/e/212868/GTN/outputs/ntn/appliances/LMPO2_rg5_init0.1/L4_bd8_seed32874_rf0.9_bondmpo1 | already completed successfully (val_quality=0.2803554116034829) val=0.2804
[2026-05-03 07:02:06,784][HYDRA] 	#68 : model.reduction_factor=0.9 model.L=4 model.bond_dim=8 seed=47311 trainer.ridge=5 trainer.ridge_decay=0.25 trainer.ridge_min=0.0001 +experiment=uci_ntn_sweep model=lmpo2 dataset=appliances
[2026-05-03 07:02:06,947][__main__][INFO] - ⏭ SKIP LMPO2/appliances/NTN L=4 bd=8_rf0.9 seed=47311 -> /zhome/6b/e/212868/GTN/outputs/ntn/appliances/LMPO2_rg5_init0.1/L4_bd8_seed47311_rf0.9_bondmpo1 | already completed successfully (val_quality=0.298535948279324) val=0.2985
[2026-05-03 07:02:06,949][HYDRA] 	#69 : model.reduction_factor=0.9 model.L=4 model.bond_dim=8 seed=47303 trainer.ridge=5 trainer.ridge_decay=0.25 trainer.ridge_min=0.0001 +experiment=uci_ntn_sweep model=lmpo2 dataset=appliances
[2026-05-03 07:02:07,194][__main__][INFO] - ⏭ SKIP LMPO2/appliances/NTN L=4 bd=8_rf0.9 seed=47303 -> /zhome/6b/e/212868/GTN/outputs/ntn/appliances/LMPO2_rg5_init0.1/L4_bd8_seed47303_rf0.9_bondmpo1 | already completed successfully (val_quality=0.3035498139750453) val=0.3035
[2026-05-03 07:02:07,197][HYDRA] 	#70 : model.reduction_factor=0.9 model.L=4 model.bond_dim=4 seed=42 trainer.ridge=5 trainer.ridge_decay=0.25 trainer.ridge_min=0.0001 +experiment=uci_ntn_sweep model=lmpo2 dataset=appliances
[2026-05-03 07:02:07,434][__main__][INFO] - ⏭ SKIP LMPO2/appliances/NTN L=4 bd=4_rf0.9 seed=42 -> /zhome/6b/e/212868/GTN/outputs/ntn/appliances/LMPO2_rg5_init0.1/L4_bd4_seed42_rf0.9_bondmpo1 | already completed successfully (val_quality=0.25943791461856) val=0.2594
[2026-05-03 07:02:07,436][HYDRA] 	#71 : model.reduction_factor=0.9 model.L=4 model.bond_dim=4 seed=10090 trainer.ridge=5 trainer.ridge_decay=0.25 trainer.ridge_min=0.0001 +experiment=uci_ntn_sweep model=lmpo2 dataset=appliances
[2026-05-03 07:02:07,588][__main__][INFO] - ⏭ SKIP LMPO2/appliances/NTN L=4 bd=4_rf0.9 seed=10090 -> /zhome/6b/e/212868/GTN/outputs/ntn/appliances/LMPO2_rg5_init0.1/L4_bd4_seed10090_rf0.9_bondmpo1 | already completed successfully (val_quality=0.2773111877043714) val=0.2773
[2026-05-03 07:02:07,590][HYDRA] 	#72 : model.reduction_factor=0.9 model.L=4 model.bond_dim=4 seed=32874 trainer.ridge=5 trainer.ridge_decay=0.25 trainer.ridge_min=0.0001 +experiment=uci_ntn_sweep model=lmpo2 dataset=appliances
[2026-05-03 07:02:07,745][__main__][INFO] - ⏭ SKIP LMPO2/appliances/NTN L=4 bd=4_rf0.9 seed=32874 -> /zhome/6b/e/212868/GTN/outputs/ntn/appliances/LMPO2_rg5_init0.1/L4_bd4_seed32874_rf0.9_bondmpo1 | already completed successfully (val_quality=0.2708405252112934) val=0.2708
[2026-05-03 07:02:07,747][HYDRA] 	#73 : model.reduction_factor=0.9 model.L=4 model.bond_dim=4 seed=47311 trainer.ridge=5 trainer.ridge_decay=0.25 trainer.ridge_min=0.0001 +experiment=uci_ntn_sweep model=lmpo2 dataset=appliances
[2026-05-03 07:02:07,908][__main__][INFO] - ⏭ SKIP LMPO2/appliances/NTN L=4 bd=4_rf0.9 seed=47311 -> /zhome/6b/e/212868/GTN/outputs/ntn/appliances/LMPO2_rg5_init0.1/L4_bd4_seed47311_rf0.9_bondmpo1 | already completed successfully (val_quality=0.2460912798633406) val=0.2461
[2026-05-03 07:02:07,910][HYDRA] 	#74 : model.reduction_factor=0.9 model.L=4 model.bond_dim=4 seed=47303 trainer.ridge=5 trainer.ridge_decay=0.25 trainer.ridge_min=0.0001 +experiment=uci_ntn_sweep model=lmpo2 dataset=appliances
[2026-05-03 07:02:08,068][__main__][INFO] - ⏭ SKIP LMPO2/appliances/NTN L=4 bd=4_rf0.9 seed=47303 -> /zhome/6b/e/212868/GTN/outputs/ntn/appliances/LMPO2_rg5_init0.1/L4_bd4_seed47303_rf0.9_bondmpo1 | already completed successfully (val_quality=0.2475254472728757) val=0.2475
[2026-05-03 07:02:08,070][HYDRA] 	#75 : model.reduction_factor=0.9 model.L=3 model.bond_dim=12 seed=42 trainer.ridge=5 trainer.ridge_decay=0.25 trainer.ridge_min=0.0001 +experiment=uci_ntn_sweep model=lmpo2 dataset=appliances
[2026-05-03 07:02:08,225][__main__][INFO] - ⏭ SKIP LMPO2/appliances/NTN L=3 bd=12_rf0.9 seed=42 -> /zhome/6b/e/212868/GTN/outputs/ntn/appliances/LMPO2_rg5_init0.1/L3_bd12_seed42_rf0.9_bondmpo1 | already completed successfully (val_quality=0.2219876716715559) val=0.2220
[2026-05-03 07:02:08,227][HYDRA] 	#76 : model.reduction_factor=0.9 model.L=3 model.bond_dim=12 seed=10090 trainer.ridge=5 trainer.ridge_decay=0.25 trainer.ridge_min=0.0001 +experiment=uci_ntn_sweep model=lmpo2 dataset=appliances
[2026-05-03 07:02:08,376][__main__][INFO] - ⏭ SKIP LMPO2/appliances/NTN L=3 bd=12_rf0.9 seed=10090 -> /zhome/6b/e/212868/GTN/outputs/ntn/appliances/LMPO2_rg5_init0.1/L3_bd12_seed10090_rf0.9_bondmpo1 | already completed successfully (val_quality=0.2511640697194862) val=0.2512
[2026-05-03 07:02:08,378][HYDRA] 	#77 : model.reduction_factor=0.9 model.L=3 model.bond_dim=12 seed=32874 trainer.ridge=5 trainer.ridge_decay=0.25 trainer.ridge_min=0.0001 +experiment=uci_ntn_sweep model=lmpo2 dataset=appliances
[2026-05-03 07:02:08,529][__main__][INFO] - ⏭ SKIP LMPO2/appliances/NTN L=3 bd=12_rf0.9 seed=32874 -> /zhome/6b/e/212868/GTN/outputs/ntn/appliances/LMPO2_rg5_init0.1/L3_bd12_seed32874_rf0.9_bondmpo1 | already completed successfully (val_quality=0.2198188347264892) val=0.2198
[2026-05-03 07:02:08,531][HYDRA] 	#78 : model.reduction_factor=0.9 model.L=3 model.bond_dim=12 seed=47311 trainer.ridge=5 trainer.ridge_decay=0.25 trainer.ridge_min=0.0001 +experiment=uci_ntn_sweep model=lmpo2 dataset=appliances
[2026-05-03 07:02:08,686][__main__][INFO] - ⏭ SKIP LMPO2/appliances/NTN L=3 bd=12_rf0.9 seed=47311 -> /zhome/6b/e/212868/GTN/outputs/ntn/appliances/LMPO2_rg5_init0.1/L3_bd12_seed47311_rf0.9_bondmpo1 | already completed successfully (val_quality=0.2565089731830065) val=0.2565
[2026-05-03 07:02:08,688][HYDRA] 	#79 : model.reduction_factor=0.9 model.L=3 model.bond_dim=12 seed=47303 trainer.ridge=5 trainer.ridge_decay=0.25 trainer.ridge_min=0.0001 +experiment=uci_ntn_sweep model=lmpo2 dataset=appliances
[2026-05-03 07:02:08,842][__main__][INFO] - ⏭ SKIP LMPO2/appliances/NTN L=3 bd=12_rf0.9 seed=47303 -> /zhome/6b/e/212868/GTN/outputs/ntn/appliances/LMPO2_rg5_init0.1/L3_bd12_seed47303_rf0.9_bondmpo1 | already completed successfully (val_quality=0.2313882591514844) val=0.2314
[2026-05-03 07:02:08,844][HYDRA] 	#80 : model.reduction_factor=0.9 model.L=3 model.bond_dim=8 seed=42 trainer.ridge=5 trainer.ridge_decay=0.25 trainer.ridge_min=0.0001 +experiment=uci_ntn_sweep model=lmpo2 dataset=appliances
[2026-05-03 07:02:09,023][__main__][INFO] - ⏭ SKIP LMPO2/appliances/NTN L=3 bd=8_rf0.9 seed=42 -> /zhome/6b/e/212868/GTN/outputs/ntn/appliances/LMPO2_rg5_init0.1/L3_bd8_seed42_rf0.9_bondmpo1 | already completed successfully (val_quality=0.2321156817739792) val=0.2321
[2026-05-03 07:02:09,025][HYDRA] 	#81 : model.reduction_factor=0.9 model.L=3 model.bond_dim=8 seed=10090 trainer.ridge=5 trainer.ridge_decay=0.25 trainer.ridge_min=0.0001 +experiment=uci_ntn_sweep model=lmpo2 dataset=appliances
[2026-05-03 07:02:09,178][__main__][INFO] - ⏭ SKIP LMPO2/appliances/NTN L=3 bd=8_rf0.9 seed=10090 -> /zhome/6b/e/212868/GTN/outputs/ntn/appliances/LMPO2_rg5_init0.1/L3_bd8_seed10090_rf0.9_bondmpo1 | already completed successfully (val_quality=0.2293055685441293) val=0.2293
[2026-05-03 07:02:09,180][HYDRA] 	#82 : model.reduction_factor=0.9 model.L=3 model.bond_dim=8 seed=32874 trainer.ridge=5 trainer.ridge_decay=0.25 trainer.ridge_min=0.0001 +experiment=uci_ntn_sweep model=lmpo2 dataset=appliances
[2026-05-03 07:02:09,644][__main__][INFO] - ⏭ SKIP LMPO2/appliances/NTN L=3 bd=8_rf0.9 seed=32874 -> /zhome/6b/e/212868/GTN/outputs/ntn/appliances/LMPO2_rg5_init0.1/L3_bd8_seed32874_rf0.9_bondmpo1 | already completed successfully (val_quality=0.2340419089521221) val=0.2340
[2026-05-03 07:02:09,646][HYDRA] 	#83 : model.reduction_factor=0.9 model.L=3 model.bond_dim=8 seed=47311 trainer.ridge=5 trainer.ridge_decay=0.25 trainer.ridge_min=0.0001 +experiment=uci_ntn_sweep model=lmpo2 dataset=appliances
[2026-05-03 07:02:09,801][__main__][INFO] - ⏭ SKIP LMPO2/appliances/NTN L=3 bd=8_rf0.9 seed=47311 -> /zhome/6b/e/212868/GTN/outputs/ntn/appliances/LMPO2_rg5_init0.1/L3_bd8_seed47311_rf0.9_bondmpo1 | already completed successfully (val_quality=0.225250897458616) val=0.2253
[2026-05-03 07:02:09,803][HYDRA] 	#84 : model.reduction_factor=0.9 model.L=3 model.bond_dim=8 seed=47303 trainer.ridge=5 trainer.ridge_decay=0.25 trainer.ridge_min=0.0001 +experiment=uci_ntn_sweep model=lmpo2 dataset=appliances
[2026-05-03 07:02:09,956][__main__][INFO] - ⏭ SKIP LMPO2/appliances/NTN L=3 bd=8_rf0.9 seed=47303 -> /zhome/6b/e/212868/GTN/outputs/ntn/appliances/LMPO2_rg5_init0.1/L3_bd8_seed47303_rf0.9_bondmpo1 | already completed successfully (val_quality=0.2222578076707141) val=0.2223
[2026-05-03 07:02:09,957][HYDRA] 	#85 : model.reduction_factor=0.9 model.L=3 model.bond_dim=4 seed=42 trainer.ridge=5 trainer.ridge_decay=0.25 trainer.ridge_min=0.0001 +experiment=uci_ntn_sweep model=lmpo2 dataset=appliances
[2026-05-03 07:02:10,116][__main__][INFO] - ⏭ SKIP LMPO2/appliances/NTN L=3 bd=4_rf0.9 seed=42 -> /zhome/6b/e/212868/GTN/outputs/ntn/appliances/LMPO2_rg5_init0.1/L3_bd4_seed42_rf0.9_bondmpo1 | already completed successfully (val_quality=0.2018022631624023) val=0.2018
[2026-05-03 07:02:10,118][HYDRA] 	#86 : model.reduction_factor=0.9 model.L=3 model.bond_dim=4 seed=10090 trainer.ridge=5 trainer.ridge_decay=0.25 trainer.ridge_min=0.0001 +experiment=uci_ntn_sweep model=lmpo2 dataset=appliances
[2026-05-03 07:02:10,276][__main__][INFO] - ⏭ SKIP LMPO2/appliances/NTN L=3 bd=4_rf0.9 seed=10090 -> /zhome/6b/e/212868/GTN/outputs/ntn/appliances/LMPO2_rg5_init0.1/L3_bd4_seed10090_rf0.9_bondmpo1 | already completed successfully (val_quality=0.2131839371576479) val=0.2132
[2026-05-03 07:02:10,278][HYDRA] 	#87 : model.reduction_factor=0.9 model.L=3 model.bond_dim=4 seed=32874 trainer.ridge=5 trainer.ridge_decay=0.25 trainer.ridge_min=0.0001 +experiment=uci_ntn_sweep model=lmpo2 dataset=appliances
[2026-05-03 07:02:10,431][__main__][INFO] - ⏭ SKIP LMPO2/appliances/NTN L=3 bd=4_rf0.9 seed=32874 -> /zhome/6b/e/212868/GTN/outputs/ntn/appliances/LMPO2_rg5_init0.1/L3_bd4_seed32874_rf0.9_bondmpo1 | already completed successfully (val_quality=0.2262671958894595) val=0.2263
[2026-05-03 07:02:10,433][HYDRA] 	#88 : model.reduction_factor=0.9 model.L=3 model.bond_dim=4 seed=47311 trainer.ridge=5 trainer.ridge_decay=0.25 trainer.ridge_min=0.0001 +experiment=uci_ntn_sweep model=lmpo2 dataset=appliances
[2026-05-03 07:02:10,588][__main__][INFO] - ⏭ SKIP LMPO2/appliances/NTN L=3 bd=4_rf0.9 seed=47311 -> /zhome/6b/e/212868/GTN/outputs/ntn/appliances/LMPO2_rg5_init0.1/L3_bd4_seed47311_rf0.9_bondmpo1 | already completed successfully (val_quality=0.2301703724121215) val=0.2302
[2026-05-03 07:02:10,590][HYDRA] 	#89 : model.reduction_factor=0.9 model.L=3 model.bond_dim=4 seed=47303 trainer.ridge=5 trainer.ridge_decay=0.25 trainer.ridge_min=0.0001 +experiment=uci_ntn_sweep model=lmpo2 dataset=appliances
[2026-05-03 07:02:10,746][__main__][INFO] - ⏭ SKIP LMPO2/appliances/NTN L=3 bd=4_rf0.9 seed=47303 -> /zhome/6b/e/212868/GTN/outputs/ntn/appliances/LMPO2_rg5_init0.1/L3_bd4_seed47303_rf0.9_bondmpo1 | already completed successfully (val_quality=0.2057137251179587) val=0.2057

------------------------------------------------------------
Sender: LSF System <lsfadmin@hpc.dtu.dk>
Subject: Job 28339356[23]: <ntn_grid_full[1-150]%20> in cluster <dcc> Done

Job <ntn_grid_full[1-150]%20> was submitted from host <hpclogin1> by user <nicci> in cluster <dcc> at Sun May  3 07:01:17 2026
Job was executed on host(s) <6*n-62-12-4>, in queue <hpc>, as user <nicci> in cluster <dcc> at Sun May  3 07:01:37 2026
</zhome/6b/e/212868> was used as the home directory.
</zhome/6b/e/212868/GTN> was used as the working directory.
Started at Sun May  3 07:01:37 2026
Terminated at Sun May  3 07:02:11 2026
Results reported at Sun May  3 07:02:11 2026

Your job looked like:

------------------------------------------------------------
# LSBATCH: User input
#!/bin/bash
#BSUB -q hpc
#BSUB -J "ntn_grid_full[1-150]%20"
#BSUB -W 8:00
#BSUB -n 6
#BSUB -R "rusage[mem=750MB]"
#BSUB -R "span[hosts=1]"
#BSUB -o logs/%J_%I.out
#BSUB -e logs/%J_%I.err

MODELS=("cpda" "cpda_typei" "lmpo2" "lmpo2_typei" "mpo2" "mpo2_typei" "mmpo2" "mmpo2_typei" "tnml_f" "tnml_p")

DATASETS=(
    "abalone" "adult" "ai4i" "appliances" "bank" "bike" "breast"
    "car_evaluation" "concrete" "energy_efficiency" "hearth"
    "iris" "mushrooms" "obesity" "popularity" "realstate"
    "seoulBike" "student_dropout" "student_perf" "wine"
    "winequalityc"
)

COMPLETED_DATASETS=(
    "abalone" "bike" "concrete" "energy_efficiency"
    "iris" "realstate" )

# Filter datasets
FILTERED_DATASETS=()
for ds in "${DATASETS[@]}"; do
    skip=false
    for completed in "${COMPLETED_DATASETS[@]}"; do
        if [[ "$ds" == "$completed" ]]; then
            skip=true
            break
        fi
    done

    if ! $skip; then
        FILTERED_DATASETS+=("$ds")
    fi
done

DATASETS=("${FILTERED_DATASETS[@]}")

NUM_MODELS=${#MODELS[@]}
NUM_DATASETS=${#DATASETS[@]}
NUM_EXPERIMENTS=$((NUM_DATASETS * NUM_MODELS))

if [ "$1" == "test" ]; then
    echo "SIMULATING ARRAY:"
    echo "-----------------"


(... more ...)
------------------------------------------------------------

Successfully completed.

Resource usage summary:

    CPU time :                                   29.07 sec.
    Max Memory :                                 397 MB
    Average Memory :                             394.00 MB
    Total Requested Memory :                     4500.00 MB
    Delta Memory :                               4103.00 MB
    Max Swap :                                   -
    Max Processes :                              4
    Max Threads :                                15
    Run time :                                   34 sec.
    Turnaround time :                            54 sec.

The output (if any) is above this job summary.



PS:

Read file <logs/28339356_23.err> for stderr output of this job.

