Task 89: Dataset=obesity, Model=tnml_f, Experiment=uci_ntn_sweep
[2026-05-02 21:01:16,589][HYDRA] Launching 30 jobs locally
[2026-05-02 21:01:16,590][HYDRA] 	#0 : model.L=4 model.bond_dim=12 seed=42 trainer.ridge=5 trainer.ridge_decay=0.25 trainer.ridge_min=0.0001 +experiment=uci_ntn_sweep model=tnml_f dataset=obesity
[2026-05-02 21:01:17,138][utils.tracking][INFO] - Loaded 17971 tracked runs from runs_tracking.csv
[2026-05-02 21:01:17,141][__main__][INFO] - ▶ RUN TNML_F/obesity/NTN L=4 bd=12 seed=42 -> /zhome/6b/e/212868/GTN/outputs/ntn/obesity/TNML_F_rg5_init0.1/L4_bd12_seed42
Starting Fit: 20 epochs.
Sweep Order: ['Node0', 'Node1', 'Node2', 'Node3', 'Node4', 'Node5', 'Node6', 'Node7', 'Node8', 'Node9', 'Node10', 'Node11', 'Node12', 'Node13', 'Node14', 'Node15', 'Node16', 'Node17', 'Node18', 'Node19', 'Node20', 'Node21', 'Node22', 'Node23', 'Node24', 'Node25', 'Node26', 'Node27', 'Node28', 'Node29', 'Node30', 'Node31', 'Node32', 'Node33', 'Node34', 'Node35', 'Node36', 'Node37', 'Node38', 'Node37', 'Node36', 'Node35', 'Node34', 'Node33', 'Node32', 'Node31', 'Node30', 'Node29', 'Node28', 'Node27', 'Node26', 'Node25', 'Node24', 'Node23', 'Node22', 'Node21', 'Node20', 'Node19', 'Node18', 'Node17', 'Node16', 'Node15', 'Node14', 'Node13', 'Node12', 'Node11', 'Node10', 'Node9', 'Node8', 'Node7', 'Node6', 'Node5', 'Node4', 'Node3', 'Node2', 'Node1']
Validation: Using separate validation set for best model selection
Early stopping: patience=10, min_delta=0.001
Init    | Train: loss: 13.11436 | quality: -2.44117
        | Val:   loss: 12.60918 | quality: -2.50317
Epoch 1 | Train: loss: 12.27772 | quality: -2.22164
        | Val:   loss: 12.05513 | quality: -2.34924
 *
Epoch 2 | Train: loss: 11.74587 | quality: -2.08209
        | Val:   loss: 11.95475 | quality: -2.32136
 *
Epoch 3 | Train: loss: 11.28553 | quality: -1.96129
        | Val:   loss: 11.95743 | quality: -2.32210
 *
Epoch 4 | Train: loss: 10.76266 | quality: -1.82409
        | Val:   loss: 12.14266 | quality: -2.37356

Epoch 5 | Train: loss: 10.29010 | quality: -1.70010
        | Val:   loss: 11.85601 | quality: -2.29392
 *
Epoch 6 | Train: loss: 9.77473 | quality: -1.56486
        | Val:   loss: 11.95953 | quality: -2.32268

Epoch 7 | Train: loss: 9.17866 | quality: -1.40846
        | Val:   loss: 12.36728 | quality: -2.43597

Epoch 8 | Train: loss: 8.76359 | quality: -1.29954
        | Val:   loss: 12.50767 | quality: -2.47497

Epoch 9 | Train: loss: 8.21060 | quality: -1.15444
        | Val:   loss: 12.87727 | quality: -2.57766

Epoch 10 | Train: loss: 7.60501 | quality: -0.99553
        | Val:   loss: 17.32683 | quality: -3.81386

Epoch 11 | Train: loss: 7.14994 | quality: -0.87613
        | Val:   loss: 23.90593 | quality: -5.64172

Epoch 12 | Train: loss: 6.93830 | quality: -0.82059
        | Val:   loss: 26.72661 | quality: -6.42538

Epoch 13 | Train: loss: 6.83575 | quality: -0.79368
        | Val:   loss: 29.03864 | quality: -7.06773

Epoch 14 | Train: loss: 6.75372 | quality: -0.77216
        | Val:   loss: 31.44748 | quality: -7.73697

Epoch 15 | Train: loss: 6.66178 | quality: -0.74803
        | Val:   loss: 35.25450 | quality: -8.79466


⏸ Early stopping at epoch 15 (best was epoch 5)
[2026-05-02 21:03:11,223][__main__][INFO] - ✓ DONE TNML_F/obesity/NTN L=4 bd=12 seed=42 -> /zhome/6b/e/212868/GTN/outputs/ntn/obesity/TNML_F_rg5_init0.1/L4_bd12_seed42 | val=-2.2939
[2026-05-02 21:03:11,225][HYDRA] 	#1 : model.L=4 model.bond_dim=12 seed=10090 trainer.ridge=5 trainer.ridge_decay=0.25 trainer.ridge_min=0.0001 +experiment=uci_ntn_sweep model=tnml_f dataset=obesity
[2026-05-02 21:03:11,419][__main__][INFO] - ▶ RUN TNML_F/obesity/NTN L=4 bd=12 seed=10090 -> /zhome/6b/e/212868/GTN/outputs/ntn/obesity/TNML_F_rg5_init0.1/L4_bd12_seed10090
Starting Fit: 20 epochs.
Sweep Order: ['Node0', 'Node1', 'Node2', 'Node3', 'Node4', 'Node5', 'Node6', 'Node7', 'Node8', 'Node9', 'Node10', 'Node11', 'Node12', 'Node13', 'Node14', 'Node15', 'Node16', 'Node17', 'Node18', 'Node19', 'Node20', 'Node21', 'Node22', 'Node23', 'Node24', 'Node25', 'Node26', 'Node27', 'Node28', 'Node29', 'Node30', 'Node31', 'Node32', 'Node33', 'Node34', 'Node35', 'Node36', 'Node37', 'Node38', 'Node37', 'Node36', 'Node35', 'Node34', 'Node33', 'Node32', 'Node31', 'Node30', 'Node29', 'Node28', 'Node27', 'Node26', 'Node25', 'Node24', 'Node23', 'Node22', 'Node21', 'Node20', 'Node19', 'Node18', 'Node17', 'Node16', 'Node15', 'Node14', 'Node13', 'Node12', 'Node11', 'Node10', 'Node9', 'Node8', 'Node7', 'Node6', 'Node5', 'Node4', 'Node3', 'Node2', 'Node1']
Validation: Using separate validation set for best model selection
Early stopping: patience=10, min_delta=0.001
Init    | Train: loss: 13.01662 | quality: -2.41553
        | Val:   loss: 13.41400 | quality: -2.72677
Epoch 1 | Train: loss: 11.95891 | quality: -2.13798
        | Val:   loss: 11.44922 | quality: -2.18091
 *
Epoch 2 | Train: loss: 11.47793 | quality: -2.01178
        | Val:   loss: 11.68022 | quality: -2.24508

Epoch 3 | Train: loss: 11.02541 | quality: -1.89304
        | Val:   loss: 11.08500 | quality: -2.07972
 *
Epoch 4 | Train: loss: 10.02117 | quality: -1.62953
        | Val:   loss: 10.43315 | quality: -1.89861
 *
Epoch 5 | Train: loss: 9.42035 | quality: -1.47187
        | Val:   loss: 10.97156 | quality: -2.04820

Epoch 6 | Train: loss: 8.95574 | quality: -1.34996
        | Val:   loss: 12.39385 | quality: -2.44335

Epoch 7 | Train: loss: 8.54862 | quality: -1.24313
        | Val:   loss: 13.79882 | quality: -2.83369

Epoch 8 | Train: loss: 8.27711 | quality: -1.17189
        | Val:   loss: 14.60228 | quality: -3.05691

Epoch 9 | Train: loss: 7.83163 | quality: -1.05500
        | Val:   loss: 15.28901 | quality: -3.24770

Epoch 10 | Train: loss: 7.31881 | quality: -0.92043
        | Val:   loss: 19.64828 | quality: -4.45883

Epoch 11 | Train: loss: 6.95026 | quality: -0.82373
        | Val:   loss: 25.43716 | quality: -6.06714

Epoch 12 | Train: loss: 6.59547 | quality: -0.73063
        | Val:   loss: 33.99972 | quality: -8.44605

Epoch 13 | Train: loss: 6.46542 | quality: -0.69651
        | Val:   loss: 38.27359 | quality: -9.63345

Epoch 14 | Train: loss: 6.38584 | quality: -0.67563
        | Val:   loss: 40.58600 | quality: -10.27590


⏸ Early stopping at epoch 14 (best was epoch 4)
[2026-05-02 21:04:22,029][__main__][INFO] - ✓ DONE TNML_F/obesity/NTN L=4 bd=12 seed=10090 -> /zhome/6b/e/212868/GTN/outputs/ntn/obesity/TNML_F_rg5_init0.1/L4_bd12_seed10090 | val=-1.8986
[2026-05-02 21:04:22,031][HYDRA] 	#2 : model.L=4 model.bond_dim=12 seed=32874 trainer.ridge=5 trainer.ridge_decay=0.25 trainer.ridge_min=0.0001 +experiment=uci_ntn_sweep model=tnml_f dataset=obesity
[2026-05-02 21:04:22,189][__main__][INFO] - ▶ RUN TNML_F/obesity/NTN L=4 bd=12 seed=32874 -> /zhome/6b/e/212868/GTN/outputs/ntn/obesity/TNML_F_rg5_init0.1/L4_bd12_seed32874
Starting Fit: 20 epochs.
Sweep Order: ['Node0', 'Node1', 'Node2', 'Node3', 'Node4', 'Node5', 'Node6', 'Node7', 'Node8', 'Node9', 'Node10', 'Node11', 'Node12', 'Node13', 'Node14', 'Node15', 'Node16', 'Node17', 'Node18', 'Node19', 'Node20', 'Node21', 'Node22', 'Node23', 'Node24', 'Node25', 'Node26', 'Node27', 'Node28', 'Node29', 'Node30', 'Node31', 'Node32', 'Node33', 'Node34', 'Node35', 'Node36', 'Node37', 'Node38', 'Node37', 'Node36', 'Node35', 'Node34', 'Node33', 'Node32', 'Node31', 'Node30', 'Node29', 'Node28', 'Node27', 'Node26', 'Node25', 'Node24', 'Node23', 'Node22', 'Node21', 'Node20', 'Node19', 'Node18', 'Node17', 'Node16', 'Node15', 'Node14', 'Node13', 'Node12', 'Node11', 'Node10', 'Node9', 'Node8', 'Node7', 'Node6', 'Node5', 'Node4', 'Node3', 'Node2', 'Node1']
Validation: Using separate validation set for best model selection
Early stopping: patience=10, min_delta=0.001
Init    | Train: loss: 13.18777 | quality: -2.46043
        | Val:   loss: 12.56768 | quality: -2.49164
Epoch 1 | Train: loss: 12.26732 | quality: -2.21891
        | Val:   loss: 11.78526 | quality: -2.27427
 *
Epoch 2 | Train: loss: 11.79561 | quality: -2.09514
        | Val:   loss: 10.90076 | quality: -2.02853
 *
Epoch 3 | Train: loss: 11.37554 | quality: -1.98491
        | Val:   loss: 11.43459 | quality: -2.17684

Epoch 4 | Train: loss: 10.68577 | quality: -1.80392
        | Val:   loss: 12.48946 | quality: -2.46991

Epoch 5 | Train: loss: 10.34928 | quality: -1.71562
        | Val:   loss: 13.21423 | quality: -2.67127

Epoch 6 | Train: loss: 9.97173 | quality: -1.61655
        | Val:   loss: 15.45931 | quality: -3.29502

Epoch 7 | Train: loss: 9.73771 | quality: -1.55515
        | Val:   loss: 15.03258 | quality: -3.17646

Epoch 8 | Train: loss: 9.22201 | quality: -1.41983
        | Val:   loss: 14.90506 | quality: -3.14103

Epoch 9 | Train: loss: 8.64903 | quality: -1.26948
        | Val:   loss: 15.73510 | quality: -3.37164

Epoch 10 | Train: loss: 8.24443 | quality: -1.16332
        | Val:   loss: 16.43487 | quality: -3.56605

Epoch 11 | Train: loss: 7.81510 | quality: -1.05066
        | Val:   loss: 18.75381 | quality: -4.21032

Epoch 12 | Train: loss: 7.37712 | quality: -0.93574
        | Val:   loss: 26.69832 | quality: -6.41752


⏸ Early stopping at epoch 12 (best was epoch 2)
[2026-05-02 21:05:24,043][__main__][INFO] - ✓ DONE TNML_F/obesity/NTN L=4 bd=12 seed=32874 -> /zhome/6b/e/212868/GTN/outputs/ntn/obesity/TNML_F_rg5_init0.1/L4_bd12_seed32874 | val=-2.0285
[2026-05-02 21:05:24,047][HYDRA] 	#3 : model.L=4 model.bond_dim=12 seed=47311 trainer.ridge=5 trainer.ridge_decay=0.25 trainer.ridge_min=0.0001 +experiment=uci_ntn_sweep model=tnml_f dataset=obesity
[2026-05-02 21:05:24,216][__main__][INFO] - ▶ RUN TNML_F/obesity/NTN L=4 bd=12 seed=47311 -> /zhome/6b/e/212868/GTN/outputs/ntn/obesity/TNML_F_rg5_init0.1/L4_bd12_seed47311
Starting Fit: 20 epochs.
Sweep Order: ['Node0', 'Node1', 'Node2', 'Node3', 'Node4', 'Node5', 'Node6', 'Node7', 'Node8', 'Node9', 'Node10', 'Node11', 'Node12', 'Node13', 'Node14', 'Node15', 'Node16', 'Node17', 'Node18', 'Node19', 'Node20', 'Node21', 'Node22', 'Node23', 'Node24', 'Node25', 'Node26', 'Node27', 'Node28', 'Node29', 'Node30', 'Node31', 'Node32', 'Node33', 'Node34', 'Node35', 'Node36', 'Node37', 'Node38', 'Node37', 'Node36', 'Node35', 'Node34', 'Node33', 'Node32', 'Node31', 'Node30', 'Node29', 'Node28', 'Node27', 'Node26', 'Node25', 'Node24', 'Node23', 'Node22', 'Node21', 'Node20', 'Node19', 'Node18', 'Node17', 'Node16', 'Node15', 'Node14', 'Node13', 'Node12', 'Node11', 'Node10', 'Node9', 'Node8', 'Node7', 'Node6', 'Node5', 'Node4', 'Node3', 'Node2', 'Node1']
Validation: Using separate validation set for best model selection
Early stopping: patience=10, min_delta=0.001
Init    | Train: loss: 13.12384 | quality: -2.44366
        | Val:   loss: 12.61425 | quality: -2.50458
Epoch 1 | Train: loss: 12.08682 | quality: -2.17155
        | Val:   loss: 11.75770 | quality: -2.26661
 *
Epoch 2 | Train: loss: 11.53673 | quality: -2.02721
        | Val:   loss: 11.42314 | quality: -2.17366
 *
Epoch 3 | Train: loss: 10.72326 | quality: -1.81375
        | Val:   loss: 10.90353 | quality: -2.02930
 *
Epoch 4 | Train: loss: 10.02074 | quality: -1.62941
        | Val:   loss: 11.15752 | quality: -2.09986

Epoch 5 | Train: loss: 9.78009 | quality: -1.56627
        | Val:   loss: 11.55850 | quality: -2.21127

Epoch 6 | Train: loss: 9.31782 | quality: -1.44497
        | Val:   loss: 12.67532 | quality: -2.52155

Epoch 7 | Train: loss: 9.04487 | quality: -1.37335
        | Val:   loss: 13.23269 | quality: -2.67640

Epoch 8 | Train: loss: 8.56607 | quality: -1.24771
        | Val:   loss: 13.19376 | quality: -2.66559

Epoch 9 | Train: loss: 7.90210 | quality: -1.07349
        | Val:   loss: 15.04491 | quality: -3.17988

Epoch 10 | Train: loss: 7.46048 | quality: -0.95761
        | Val:   loss: 17.92188 | quality: -3.97919

Epoch 11 | Train: loss: 6.99797 | quality: -0.83625
        | Val:   loss: 19.44440 | quality: -4.40218

Epoch 12 | Train: loss: 6.67495 | quality: -0.75149
        | Val:   loss: 20.83579 | quality: -4.78875

Epoch 13 | Train: loss: 6.54536 | quality: -0.71748
        | Val:   loss: 22.59741 | quality: -5.27818


⏸ Early stopping at epoch 13 (best was epoch 3)
[2026-05-02 21:06:30,846][__main__][INFO] - ✓ DONE TNML_F/obesity/NTN L=4 bd=12 seed=47311 -> /zhome/6b/e/212868/GTN/outputs/ntn/obesity/TNML_F_rg5_init0.1/L4_bd12_seed47311 | val=-2.0293
[2026-05-02 21:06:30,848][HYDRA] 	#4 : model.L=4 model.bond_dim=12 seed=47303 trainer.ridge=5 trainer.ridge_decay=0.25 trainer.ridge_min=0.0001 +experiment=uci_ntn_sweep model=tnml_f dataset=obesity
[2026-05-02 21:06:31,007][__main__][INFO] - ▶ RUN TNML_F/obesity/NTN L=4 bd=12 seed=47303 -> /zhome/6b/e/212868/GTN/outputs/ntn/obesity/TNML_F_rg5_init0.1/L4_bd12_seed47303
Starting Fit: 20 epochs.
Sweep Order: ['Node0', 'Node1', 'Node2', 'Node3', 'Node4', 'Node5', 'Node6', 'Node7', 'Node8', 'Node9', 'Node10', 'Node11', 'Node12', 'Node13', 'Node14', 'Node15', 'Node16', 'Node17', 'Node18', 'Node19', 'Node20', 'Node21', 'Node22', 'Node23', 'Node24', 'Node25', 'Node26', 'Node27', 'Node28', 'Node29', 'Node30', 'Node31', 'Node32', 'Node33', 'Node34', 'Node35', 'Node36', 'Node37', 'Node38', 'Node37', 'Node36', 'Node35', 'Node34', 'Node33', 'Node32', 'Node31', 'Node30', 'Node29', 'Node28', 'Node27', 'Node26', 'Node25', 'Node24', 'Node23', 'Node22', 'Node21', 'Node20', 'Node19', 'Node18', 'Node17', 'Node16', 'Node15', 'Node14', 'Node13', 'Node12', 'Node11', 'Node10', 'Node9', 'Node8', 'Node7', 'Node6', 'Node5', 'Node4', 'Node3', 'Node2', 'Node1']
Validation: Using separate validation set for best model selection
Early stopping: patience=10, min_delta=0.001
Init    | Train: loss: 13.08691 | quality: -2.43397
        | Val:   loss: 12.58610 | quality: -2.49676
Epoch 1 | Train: loss: 12.20059 | quality: -2.20140
        | Val:   loss: 11.64662 | quality: -2.23575
 *
Epoch 2 | Train: loss: 11.87579 | quality: -2.11617
        | Val:   loss: 11.29743 | quality: -2.13873
 *
Epoch 3 | Train: loss: 11.39038 | quality: -1.98881
        | Val:   loss: 11.49275 | quality: -2.19300

Epoch 4 | Train: loss: 10.75638 | quality: -1.82244
        | Val:   loss: 11.82522 | quality: -2.28537

Epoch 5 | Train: loss: 10.32134 | quality: -1.70829
        | Val:   loss: 11.53603 | quality: -2.20502

Epoch 6 | Train: loss: 9.96414 | quality: -1.61456
        | Val:   loss: 12.48669 | quality: -2.46914

Epoch 7 | Train: loss: 9.69446 | quality: -1.54380
        | Val:   loss: 14.18828 | quality: -2.94189

Epoch 8 | Train: loss: 9.19727 | quality: -1.41334
        | Val:   loss: 16.20591 | quality: -3.50244

Epoch 9 | Train: loss: 8.40238 | quality: -1.20476
        | Val:   loss: 20.83828 | quality: -4.78944

Epoch 10 | Train: loss: 7.79515 | quality: -1.04543
        | Val:   loss: 22.26463 | quality: -5.18572

Epoch 11 | Train: loss: 7.28234 | quality: -0.91087
        | Val:   loss: 23.42074 | quality: -5.50692

Epoch 12 | Train: loss: 6.90906 | quality: -0.81292
        | Val:   loss: 26.80156 | quality: -6.44620


⏸ Early stopping at epoch 12 (best was epoch 2)
[2026-05-02 21:07:31,941][__main__][INFO] - ✓ DONE TNML_F/obesity/NTN L=4 bd=12 seed=47303 -> /zhome/6b/e/212868/GTN/outputs/ntn/obesity/TNML_F_rg5_init0.1/L4_bd12_seed47303 | val=-2.1387
[2026-05-02 21:07:31,945][HYDRA] 	#5 : model.L=4 model.bond_dim=8 seed=42 trainer.ridge=5 trainer.ridge_decay=0.25 trainer.ridge_min=0.0001 +experiment=uci_ntn_sweep model=tnml_f dataset=obesity
[2026-05-02 21:07:32,108][__main__][INFO] - ▶ RUN TNML_F/obesity/NTN L=4 bd=8 seed=42 -> /zhome/6b/e/212868/GTN/outputs/ntn/obesity/TNML_F_rg5_init0.1/L4_bd8_seed42
Starting Fit: 20 epochs.
Sweep Order: ['Node0', 'Node1', 'Node2', 'Node3', 'Node4', 'Node5', 'Node6', 'Node7', 'Node8', 'Node9', 'Node10', 'Node11', 'Node12', 'Node13', 'Node14', 'Node15', 'Node16', 'Node17', 'Node18', 'Node19', 'Node20', 'Node21', 'Node22', 'Node23', 'Node24', 'Node25', 'Node26', 'Node27', 'Node28', 'Node29', 'Node30', 'Node31', 'Node32', 'Node33', 'Node34', 'Node35', 'Node36', 'Node37', 'Node38', 'Node37', 'Node36', 'Node35', 'Node34', 'Node33', 'Node32', 'Node31', 'Node30', 'Node29', 'Node28', 'Node27', 'Node26', 'Node25', 'Node24', 'Node23', 'Node22', 'Node21', 'Node20', 'Node19', 'Node18', 'Node17', 'Node16', 'Node15', 'Node14', 'Node13', 'Node12', 'Node11', 'Node10', 'Node9', 'Node8', 'Node7', 'Node6', 'Node5', 'Node4', 'Node3', 'Node2', 'Node1']
Validation: Using separate validation set for best model selection
Early stopping: patience=10, min_delta=0.001
Init    | Train: loss: 13.08688 | quality: -2.43396
        | Val:   loss: 12.57756 | quality: -2.49439
Epoch 1 | Train: loss: 12.18522 | quality: -2.19737
        | Val:   loss: 11.95544 | quality: -2.32155
 *
Epoch 2 | Train: loss: 11.71160 | quality: -2.07309
        | Val:   loss: 11.71555 | quality: -2.25490
 *
Epoch 3 | Train: loss: 11.41237 | quality: -1.99458
        | Val:   loss: 11.58113 | quality: -2.21755
 *
Epoch 4 | Train: loss: 11.10997 | quality: -1.91523
        | Val:   loss: 11.94345 | quality: -2.31822

Epoch 5 | Train: loss: 10.57878 | quality: -1.77584
        | Val:   loss: 11.65874 | quality: -2.23912

Epoch 6 | Train: loss: 10.15141 | quality: -1.66370
        | Val:   loss: 12.29412 | quality: -2.41564

Epoch 7 | Train: loss: 9.96603 | quality: -1.61506
        | Val:   loss: 12.40117 | quality: -2.44538

Epoch 8 | Train: loss: 9.65034 | quality: -1.53222
        | Val:   loss: 12.03090 | quality: -2.34251

Epoch 9 | Train: loss: 8.63053 | quality: -1.26463
        | Val:   loss: 12.98861 | quality: -2.60859

Epoch 10 | Train: loss: 8.11901 | quality: -1.13041
        | Val:   loss: 14.43062 | quality: -3.00922

Epoch 11 | Train: loss: 7.91234 | quality: -1.07618
        | Val:   loss: 14.60159 | quality: -3.05672

Epoch 12 | Train: loss: 7.79041 | quality: -1.04418
        | Val:   loss: 15.01283 | quality: -3.17097

Epoch 13 | Train: loss: 7.69557 | quality: -1.01930
        | Val:   loss: 15.79192 | quality: -3.38742


⏸ Early stopping at epoch 13 (best was epoch 3)
[2026-05-02 21:11:29,623][__main__][INFO] - ✓ DONE TNML_F/obesity/NTN L=4 bd=8 seed=42 -> /zhome/6b/e/212868/GTN/outputs/ntn/obesity/TNML_F_rg5_init0.1/L4_bd8_seed42 | val=-2.2176
[2026-05-02 21:11:29,628][HYDRA] 	#6 : model.L=4 model.bond_dim=8 seed=10090 trainer.ridge=5 trainer.ridge_decay=0.25 trainer.ridge_min=0.0001 +experiment=uci_ntn_sweep model=tnml_f dataset=obesity
[2026-05-02 21:11:29,793][__main__][INFO] - ▶ RUN TNML_F/obesity/NTN L=4 bd=8 seed=10090 -> /zhome/6b/e/212868/GTN/outputs/ntn/obesity/TNML_F_rg5_init0.1/L4_bd8_seed10090
Starting Fit: 20 epochs.
Sweep Order: ['Node0', 'Node1', 'Node2', 'Node3', 'Node4', 'Node5', 'Node6', 'Node7', 'Node8', 'Node9', 'Node10', 'Node11', 'Node12', 'Node13', 'Node14', 'Node15', 'Node16', 'Node17', 'Node18', 'Node19', 'Node20', 'Node21', 'Node22', 'Node23', 'Node24', 'Node25', 'Node26', 'Node27', 'Node28', 'Node29', 'Node30', 'Node31', 'Node32', 'Node33', 'Node34', 'Node35', 'Node36', 'Node37', 'Node38', 'Node37', 'Node36', 'Node35', 'Node34', 'Node33', 'Node32', 'Node31', 'Node30', 'Node29', 'Node28', 'Node27', 'Node26', 'Node25', 'Node24', 'Node23', 'Node22', 'Node21', 'Node20', 'Node19', 'Node18', 'Node17', 'Node16', 'Node15', 'Node14', 'Node13', 'Node12', 'Node11', 'Node10', 'Node9', 'Node8', 'Node7', 'Node6', 'Node5', 'Node4', 'Node3', 'Node2', 'Node1']
Validation: Using separate validation set for best model selection
Early stopping: patience=10, min_delta=0.001
Init    | Train: loss: 13.08206 | quality: -2.43270
        | Val:   loss: 12.61419 | quality: -2.50457
Epoch 1 | Train: loss: 12.40714 | quality: -2.25560
        | Val:   loss: 12.00124 | quality: -2.33427
 *
Epoch 2 | Train: loss: 12.15768 | quality: -2.19014
        | Val:   loss: 12.11190 | quality: -2.36502

Epoch 3 | Train: loss: 11.78375 | quality: -2.09202
        | Val:   loss: 12.45546 | quality: -2.46047

Epoch 4 | Train: loss: 10.88528 | quality: -1.85627
        | Val:   loss: 13.20327 | quality: -2.66823

Epoch 5 | Train: loss: 10.28736 | quality: -1.69938
        | Val:   loss: 13.67601 | quality: -2.79957

Epoch 6 | Train: loss: 9.84926 | quality: -1.58442
        | Val:   loss: 13.91249 | quality: -2.86527

Epoch 7 | Train: loss: 9.58470 | quality: -1.51500
        | Val:   loss: 13.27932 | quality: -2.68936

Epoch 8 | Train: loss: 9.04593 | quality: -1.37363
        | Val:   loss: 12.96186 | quality: -2.60116

Epoch 9 | Train: loss: 8.39787 | quality: -1.20358
        | Val:   loss: 15.40542 | quality: -3.28004

Epoch 10 | Train: loss: 7.81318 | quality: -1.05016
        | Val:   loss: 17.98986 | quality: -3.99807

Epoch 11 | Train: loss: 7.62172 | quality: -0.99992
        | Val:   loss: 20.22926 | quality: -4.62024


⏸ Early stopping at epoch 11 (best was epoch 1)
[2026-05-02 21:16:19,283][__main__][INFO] - ✓ DONE TNML_F/obesity/NTN L=4 bd=8 seed=10090 -> /zhome/6b/e/212868/GTN/outputs/ntn/obesity/TNML_F_rg5_init0.1/L4_bd8_seed10090 | val=-2.3343
[2026-05-02 21:16:19,287][HYDRA] 	#7 : model.L=4 model.bond_dim=8 seed=32874 trainer.ridge=5 trainer.ridge_decay=0.25 trainer.ridge_min=0.0001 +experiment=uci_ntn_sweep model=tnml_f dataset=obesity
[2026-05-02 21:16:19,453][__main__][INFO] - ▶ RUN TNML_F/obesity/NTN L=4 bd=8 seed=32874 -> /zhome/6b/e/212868/GTN/outputs/ntn/obesity/TNML_F_rg5_init0.1/L4_bd8_seed32874
Starting Fit: 20 epochs.
Sweep Order: ['Node0', 'Node1', 'Node2', 'Node3', 'Node4', 'Node5', 'Node6', 'Node7', 'Node8', 'Node9', 'Node10', 'Node11', 'Node12', 'Node13', 'Node14', 'Node15', 'Node16', 'Node17', 'Node18', 'Node19', 'Node20', 'Node21', 'Node22', 'Node23', 'Node24', 'Node25', 'Node26', 'Node27', 'Node28', 'Node29', 'Node30', 'Node31', 'Node32', 'Node33', 'Node34', 'Node35', 'Node36', 'Node37', 'Node38', 'Node37', 'Node36', 'Node35', 'Node34', 'Node33', 'Node32', 'Node31', 'Node30', 'Node29', 'Node28', 'Node27', 'Node26', 'Node25', 'Node24', 'Node23', 'Node22', 'Node21', 'Node20', 'Node19', 'Node18', 'Node17', 'Node16', 'Node15', 'Node14', 'Node13', 'Node12', 'Node11', 'Node10', 'Node9', 'Node8', 'Node7', 'Node6', 'Node5', 'Node4', 'Node3', 'Node2', 'Node1']
Validation: Using separate validation set for best model selection
Early stopping: patience=10, min_delta=0.001
Init    | Train: loss: 13.17582 | quality: -2.45730
        | Val:   loss: 12.63971 | quality: -2.51166
Epoch 1 | Train: loss: 12.13521 | quality: -2.18425
        | Val:   loss: 11.65849 | quality: -2.23905
 *
Epoch 2 | Train: loss: 11.98493 | quality: -2.14481
        | Val:   loss: 11.63461 | quality: -2.23241
 *
Epoch 3 | Train: loss: 11.61407 | quality: -2.04750
        | Val:   loss: 11.36509 | quality: -2.15753
 *
Epoch 4 | Train: loss: 11.30989 | quality: -1.96768
        | Val:   loss: 11.62634 | quality: -2.23011

Epoch 5 | Train: loss: 11.10254 | quality: -1.91328
        | Val:   loss: 11.91234 | quality: -2.30957

Epoch 6 | Train: loss: 10.63480 | quality: -1.79054
        | Val:   loss: 12.56801 | quality: -2.49174

Epoch 7 | Train: loss: 10.10734 | quality: -1.65214
        | Val:   loss: 13.01982 | quality: -2.61726

Epoch 8 | Train: loss: 9.63082 | quality: -1.52710
        | Val:   loss: 13.32935 | quality: -2.70326

Epoch 9 | Train: loss: 8.99674 | quality: -1.36072
        | Val:   loss: 14.39457 | quality: -2.99920

Epoch 10 | Train: loss: 8.47370 | quality: -1.22348
        | Val:   loss: 14.42578 | quality: -3.00788

Epoch 11 | Train: loss: 8.06279 | quality: -1.11565
        | Val:   loss: 15.44820 | quality: -3.29193

Epoch 12 | Train: loss: 7.78723 | quality: -1.04335
        | Val:   loss: 17.12889 | quality: -3.75887

Epoch 13 | Train: loss: 7.59873 | quality: -0.99389
        | Val:   loss: 18.33287 | quality: -4.09337


⏸ Early stopping at epoch 13 (best was epoch 3)
[2026-05-02 21:21:06,896][__main__][INFO] - ✓ DONE TNML_F/obesity/NTN L=4 bd=8 seed=32874 -> /zhome/6b/e/212868/GTN/outputs/ntn/obesity/TNML_F_rg5_init0.1/L4_bd8_seed32874 | val=-2.1575
[2026-05-02 21:21:06,899][HYDRA] 	#8 : model.L=4 model.bond_dim=8 seed=47311 trainer.ridge=5 trainer.ridge_decay=0.25 trainer.ridge_min=0.0001 +experiment=uci_ntn_sweep model=tnml_f dataset=obesity
[2026-05-02 21:21:07,144][__main__][INFO] - ▶ RUN TNML_F/obesity/NTN L=4 bd=8 seed=47311 -> /zhome/6b/e/212868/GTN/outputs/ntn/obesity/TNML_F_rg5_init0.1/L4_bd8_seed47311
Starting Fit: 20 epochs.
Sweep Order: ['Node0', 'Node1', 'Node2', 'Node3', 'Node4', 'Node5', 'Node6', 'Node7', 'Node8', 'Node9', 'Node10', 'Node11', 'Node12', 'Node13', 'Node14', 'Node15', 'Node16', 'Node17', 'Node18', 'Node19', 'Node20', 'Node21', 'Node22', 'Node23', 'Node24', 'Node25', 'Node26', 'Node27', 'Node28', 'Node29', 'Node30', 'Node31', 'Node32', 'Node33', 'Node34', 'Node35', 'Node36', 'Node37', 'Node38', 'Node37', 'Node36', 'Node35', 'Node34', 'Node33', 'Node32', 'Node31', 'Node30', 'Node29', 'Node28', 'Node27', 'Node26', 'Node25', 'Node24', 'Node23', 'Node22', 'Node21', 'Node20', 'Node19', 'Node18', 'Node17', 'Node16', 'Node15', 'Node14', 'Node13', 'Node12', 'Node11', 'Node10', 'Node9', 'Node8', 'Node7', 'Node6', 'Node5', 'Node4', 'Node3', 'Node2', 'Node1']
Validation: Using separate validation set for best model selection
Early stopping: patience=10, min_delta=0.001
Init    | Train: loss: 13.11158 | quality: -2.44044
        | Val:   loss: 12.44132 | quality: -2.45654
Epoch 1 | Train: loss: 12.10276 | quality: -2.17573
        | Val:   loss: 11.85702 | quality: -2.29420
 *
Epoch 2 | Train: loss: 11.60558 | quality: -2.04527
        | Val:   loss: 11.52715 | quality: -2.20256
 *
Epoch 3 | Train: loss: 11.03752 | quality: -1.89621
        | Val:   loss: 11.68250 | quality: -2.24572

Epoch 4 | Train: loss: 10.69799 | quality: -1.80712
        | Val:   loss: 12.10094 | quality: -2.36197

Epoch 5 | Train: loss: 10.28963 | quality: -1.69997
        | Val:   loss: 12.55345 | quality: -2.48769

Epoch 6 | Train: loss: 9.97251 | quality: -1.61676
        | Val:   loss: 12.91060 | quality: -2.58692

Epoch 7 | Train: loss: 9.49616 | quality: -1.49177
        | Val:   loss: 12.90645 | quality: -2.58576

Epoch 8 | Train: loss: 9.12742 | quality: -1.39501
        | Val:   loss: 12.69543 | quality: -2.52714

Epoch 9 | Train: loss: 8.71798 | quality: -1.28757
        | Val:   loss: 12.86098 | quality: -2.57313

Epoch 10 | Train: loss: 8.13721 | quality: -1.13518
        | Val:   loss: 12.82899 | quality: -2.56424

Epoch 11 | Train: loss: 7.85552 | quality: -1.06127
        | Val:   loss: 13.41992 | quality: -2.72842

Epoch 12 | Train: loss: 7.70172 | quality: -1.02091
        | Val:   loss: 13.81051 | quality: -2.83694


⏸ Early stopping at epoch 12 (best was epoch 2)
[2026-05-02 21:29:21,182][__main__][INFO] - ✓ DONE TNML_F/obesity/NTN L=4 bd=8 seed=47311 -> /zhome/6b/e/212868/GTN/outputs/ntn/obesity/TNML_F_rg5_init0.1/L4_bd8_seed47311 | val=-2.2026
[2026-05-02 21:29:21,187][HYDRA] 	#9 : model.L=4 model.bond_dim=8 seed=47303 trainer.ridge=5 trainer.ridge_decay=0.25 trainer.ridge_min=0.0001 +experiment=uci_ntn_sweep model=tnml_f dataset=obesity
[2026-05-02 21:29:21,376][__main__][INFO] - ▶ RUN TNML_F/obesity/NTN L=4 bd=8 seed=47303 -> /zhome/6b/e/212868/GTN/outputs/ntn/obesity/TNML_F_rg5_init0.1/L4_bd8_seed47303
Starting Fit: 20 epochs.
Sweep Order: ['Node0', 'Node1', 'Node2', 'Node3', 'Node4', 'Node5', 'Node6', 'Node7', 'Node8', 'Node9', 'Node10', 'Node11', 'Node12', 'Node13', 'Node14', 'Node15', 'Node16', 'Node17', 'Node18', 'Node19', 'Node20', 'Node21', 'Node22', 'Node23', 'Node24', 'Node25', 'Node26', 'Node27', 'Node28', 'Node29', 'Node30', 'Node31', 'Node32', 'Node33', 'Node34', 'Node35', 'Node36', 'Node37', 'Node38', 'Node37', 'Node36', 'Node35', 'Node34', 'Node33', 'Node32', 'Node31', 'Node30', 'Node29', 'Node28', 'Node27', 'Node26', 'Node25', 'Node24', 'Node23', 'Node22', 'Node21', 'Node20', 'Node19', 'Node18', 'Node17', 'Node16', 'Node15', 'Node14', 'Node13', 'Node12', 'Node11', 'Node10', 'Node9', 'Node8', 'Node7', 'Node6', 'Node5', 'Node4', 'Node3', 'Node2', 'Node1']
Validation: Using separate validation set for best model selection
Early stopping: patience=10, min_delta=0.001
Init    | Train: loss: 13.21075 | quality: -2.46647
        | Val:   loss: 12.80280 | quality: -2.55697
Epoch 1 | Train: loss: 12.44321 | quality: -2.26506
        | Val:   loss: 12.08001 | quality: -2.35616
 *
Epoch 2 | Train: loss: 11.92976 | quality: -2.13034
        | Val:   loss: 11.66940 | quality: -2.24208
 *
Epoch 3 | Train: loss: 11.55717 | quality: -2.03257
        | Val:   loss: 11.67230 | quality: -2.24288
 *
Epoch 4 | Train: loss: 11.23992 | quality: -1.94932
        | Val:   loss: 11.73165 | quality: -2.25937

Epoch 5 | Train: loss: 11.18491 | quality: -1.93489
        | Val:   loss: 11.57242 | quality: -2.21513
 *
Epoch 6 | Train: loss: 10.75905 | quality: -1.82315
        | Val:   loss: 14.76419 | quality: -3.10189

Epoch 7 | Train: loss: 10.36524 | quality: -1.71981
        | Val:   loss: 14.66892 | quality: -3.07542

Epoch 8 | Train: loss: 9.90639 | quality: -1.59941
        | Val:   loss: 14.84207 | quality: -3.12353

Epoch 9 | Train: loss: 9.48445 | quality: -1.48869
        | Val:   loss: 18.32352 | quality: -4.09077

Epoch 10 | Train: loss: 8.92240 | quality: -1.34121
        | Val:   loss: 16.15319 | quality: -3.48780

Epoch 11 | Train: loss: 8.39667 | quality: -1.20326
        | Val:   loss: 20.03436 | quality: -4.56609

Epoch 12 | Train: loss: 8.15497 | quality: -1.13984
        | Val:   loss: 20.92050 | quality: -4.81228

Epoch 13 | Train: loss: 8.00333 | quality: -1.10005
        | Val:   loss: 21.05968 | quality: -4.85095

Epoch 14 | Train: loss: 7.90653 | quality: -1.07465
        | Val:   loss: 21.14227 | quality: -4.87390

Epoch 15 | Train: loss: 7.80533 | quality: -1.04810
        | Val:   loss: 21.65235 | quality: -5.01561


⏸ Early stopping at epoch 15 (best was epoch 5)
[2026-05-02 21:37:26,964][__main__][INFO] - ✓ DONE TNML_F/obesity/NTN L=4 bd=8 seed=47303 -> /zhome/6b/e/212868/GTN/outputs/ntn/obesity/TNML_F_rg5_init0.1/L4_bd8_seed47303 | val=-2.2151
[2026-05-02 21:37:26,968][HYDRA] 	#10 : model.L=4 model.bond_dim=4 seed=42 trainer.ridge=5 trainer.ridge_decay=0.25 trainer.ridge_min=0.0001 +experiment=uci_ntn_sweep model=tnml_f dataset=obesity
[2026-05-02 21:37:27,166][__main__][INFO] - ▶ RUN TNML_F/obesity/NTN L=4 bd=4 seed=42 -> /zhome/6b/e/212868/GTN/outputs/ntn/obesity/TNML_F_rg5_init0.1/L4_bd4_seed42
Starting Fit: 20 epochs.
Sweep Order: ['Node0', 'Node1', 'Node2', 'Node3', 'Node4', 'Node5', 'Node6', 'Node7', 'Node8', 'Node9', 'Node10', 'Node11', 'Node12', 'Node13', 'Node14', 'Node15', 'Node16', 'Node17', 'Node18', 'Node19', 'Node20', 'Node21', 'Node22', 'Node23', 'Node24', 'Node25', 'Node26', 'Node27', 'Node28', 'Node29', 'Node30', 'Node31', 'Node32', 'Node33', 'Node34', 'Node35', 'Node36', 'Node37', 'Node38', 'Node37', 'Node36', 'Node35', 'Node34', 'Node33', 'Node32', 'Node31', 'Node30', 'Node29', 'Node28', 'Node27', 'Node26', 'Node25', 'Node24', 'Node23', 'Node22', 'Node21', 'Node20', 'Node19', 'Node18', 'Node17', 'Node16', 'Node15', 'Node14', 'Node13', 'Node12', 'Node11', 'Node10', 'Node9', 'Node8', 'Node7', 'Node6', 'Node5', 'Node4', 'Node3', 'Node2', 'Node1']
Validation: Using separate validation set for best model selection
Early stopping: patience=10, min_delta=0.001
Init    | Train: loss: 13.09020 | quality: -2.43483
        | Val:   loss: 12.55893 | quality: -2.48921
Epoch 1 | Train: loss: 12.83712 | quality: -2.36843
        | Val:   loss: 12.22071 | quality: -2.39525
 *
Epoch 2 | Train: loss: 12.04239 | quality: -2.15989
        | Val:   loss: 11.66258 | quality: -2.24018
 *
Epoch 3 | Train: loss: 11.83574 | quality: -2.10567
        | Val:   loss: 11.72609 | quality: -2.25783

Epoch 4 | Train: loss: 11.66944 | quality: -2.06203
        | Val:   loss: 11.86533 | quality: -2.29651

Epoch 5 | Train: loss: 11.36792 | quality: -1.98291
        | Val:   loss: 11.94399 | quality: -2.31836

Epoch 6 | Train: loss: 11.14358 | quality: -1.92404
        | Val:   loss: 12.08632 | quality: -2.35791

Epoch 7 | Train: loss: 10.72329 | quality: -1.81376
        | Val:   loss: 12.28768 | quality: -2.41385

Epoch 8 | Train: loss: 10.22757 | quality: -1.68369
        | Val:   loss: 12.97251 | quality: -2.60412

Epoch 9 | Train: loss: 9.75628 | quality: -1.56002
        | Val:   loss: 13.10207 | quality: -2.64011

Epoch 10 | Train: loss: 9.63828 | quality: -1.52906
        | Val:   loss: 12.87231 | quality: -2.57628

Epoch 11 | Train: loss: 9.58506 | quality: -1.51509
        | Val:   loss: 12.83500 | quality: -2.56591

Epoch 12 | Train: loss: 9.50668 | quality: -1.49453
        | Val:   loss: 13.04088 | quality: -2.62311


⏸ Early stopping at epoch 12 (best was epoch 2)
[2026-05-02 21:40:59,289][__main__][INFO] - ✓ DONE TNML_F/obesity/NTN L=4 bd=4 seed=42 -> /zhome/6b/e/212868/GTN/outputs/ntn/obesity/TNML_F_rg5_init0.1/L4_bd4_seed42 | val=-2.2402
[2026-05-02 21:40:59,293][HYDRA] 	#11 : model.L=4 model.bond_dim=4 seed=10090 trainer.ridge=5 trainer.ridge_decay=0.25 trainer.ridge_min=0.0001 +experiment=uci_ntn_sweep model=tnml_f dataset=obesity
[2026-05-02 21:40:59,459][__main__][INFO] - ▶ RUN TNML_F/obesity/NTN L=4 bd=4 seed=10090 -> /zhome/6b/e/212868/GTN/outputs/ntn/obesity/TNML_F_rg5_init0.1/L4_bd4_seed10090
Starting Fit: 20 epochs.
Sweep Order: ['Node0', 'Node1', 'Node2', 'Node3', 'Node4', 'Node5', 'Node6', 'Node7', 'Node8', 'Node9', 'Node10', 'Node11', 'Node12', 'Node13', 'Node14', 'Node15', 'Node16', 'Node17', 'Node18', 'Node19', 'Node20', 'Node21', 'Node22', 'Node23', 'Node24', 'Node25', 'Node26', 'Node27', 'Node28', 'Node29', 'Node30', 'Node31', 'Node32', 'Node33', 'Node34', 'Node35', 'Node36', 'Node37', 'Node38', 'Node37', 'Node36', 'Node35', 'Node34', 'Node33', 'Node32', 'Node31', 'Node30', 'Node29', 'Node28', 'Node27', 'Node26', 'Node25', 'Node24', 'Node23', 'Node22', 'Node21', 'Node20', 'Node19', 'Node18', 'Node17', 'Node16', 'Node15', 'Node14', 'Node13', 'Node12', 'Node11', 'Node10', 'Node9', 'Node8', 'Node7', 'Node6', 'Node5', 'Node4', 'Node3', 'Node2', 'Node1']
Validation: Using separate validation set for best model selection
Early stopping: patience=10, min_delta=0.001
Init    | Train: loss: 13.08043 | quality: -2.43227
        | Val:   loss: 12.69342 | quality: -2.52658
Epoch 1 | Train: loss: 12.67499 | quality: -2.32588
        | Val:   loss: 12.45112 | quality: -2.45926
 *
Epoch 2 | Train: loss: 12.19251 | quality: -2.19928
        | Val:   loss: 11.93828 | quality: -2.31678
 *
Epoch 3 | Train: loss: 11.91238 | quality: -2.12577
        | Val:   loss: 11.84497 | quality: -2.29086
 *
Epoch 4 | Train: loss: 11.57602 | quality: -2.03752
        | Val:   loss: 11.65218 | quality: -2.23729
 *
Epoch 5 | Train: loss: 11.36568 | quality: -1.98232
        | Val:   loss: 11.71127 | quality: -2.25371

Epoch 6 | Train: loss: 11.25339 | quality: -1.95286
        | Val:   loss: 11.74200 | quality: -2.26225

Epoch 7 | Train: loss: 10.86041 | quality: -1.84974
        | Val:   loss: 12.12800 | quality: -2.36949

Epoch 8 | Train: loss: 10.14459 | quality: -1.66191
        | Val:   loss: 11.19004 | quality: -2.10890
 *
Epoch 9 | Train: loss: 9.59269 | quality: -1.51709
        | Val:   loss: 11.12734 | quality: -2.09148
 *
Epoch 10 | Train: loss: 9.45151 | quality: -1.48005
        | Val:   loss: 11.67991 | quality: -2.24500

Epoch 11 | Train: loss: 9.38485 | quality: -1.46256
        | Val:   loss: 12.20219 | quality: -2.39010

Epoch 12 | Train: loss: 9.32395 | quality: -1.44658
        | Val:   loss: 13.91341 | quality: -2.86553

Epoch 13 | Train: loss: 9.29353 | quality: -1.43860
        | Val:   loss: 15.36482 | quality: -3.26877

Epoch 14 | Train: loss: 9.27323 | quality: -1.43327
        | Val:   loss: 16.57482 | quality: -3.60494

Epoch 15 | Train: loss: 9.25748 | quality: -1.42914
        | Val:   loss: 17.86604 | quality: -3.96367

Epoch 16 | Train: loss: 9.24543 | quality: -1.42598
        | Val:   loss: 19.33674 | quality: -4.37227

Epoch 17 | Train: loss: 9.23643 | quality: -1.42361
        | Val:   loss: 20.99789 | quality: -4.83378

Epoch 18 | Train: loss: 9.22962 | quality: -1.42183
        | Val:   loss: 22.78908 | quality: -5.33143

Epoch 19 | Train: loss: 9.22407 | quality: -1.42037
        | Val:   loss: 24.66352 | quality: -5.85220


⏸ Early stopping at epoch 19 (best was epoch 9)
[2026-05-02 21:44:01,132][__main__][INFO] - ✓ DONE TNML_F/obesity/NTN L=4 bd=4 seed=10090 -> /zhome/6b/e/212868/GTN/outputs/ntn/obesity/TNML_F_rg5_init0.1/L4_bd4_seed10090 | val=-2.0915
[2026-05-02 21:44:01,136][HYDRA] 	#12 : model.L=4 model.bond_dim=4 seed=32874 trainer.ridge=5 trainer.ridge_decay=0.25 trainer.ridge_min=0.0001 +experiment=uci_ntn_sweep model=tnml_f dataset=obesity
[2026-05-02 21:44:01,309][__main__][INFO] - ▶ RUN TNML_F/obesity/NTN L=4 bd=4 seed=32874 -> /zhome/6b/e/212868/GTN/outputs/ntn/obesity/TNML_F_rg5_init0.1/L4_bd4_seed32874
Starting Fit: 20 epochs.
Sweep Order: ['Node0', 'Node1', 'Node2', 'Node3', 'Node4', 'Node5', 'Node6', 'Node7', 'Node8', 'Node9', 'Node10', 'Node11', 'Node12', 'Node13', 'Node14', 'Node15', 'Node16', 'Node17', 'Node18', 'Node19', 'Node20', 'Node21', 'Node22', 'Node23', 'Node24', 'Node25', 'Node26', 'Node27', 'Node28', 'Node29', 'Node30', 'Node31', 'Node32', 'Node33', 'Node34', 'Node35', 'Node36', 'Node37', 'Node38', 'Node37', 'Node36', 'Node35', 'Node34', 'Node33', 'Node32', 'Node31', 'Node30', 'Node29', 'Node28', 'Node27', 'Node26', 'Node25', 'Node24', 'Node23', 'Node22', 'Node21', 'Node20', 'Node19', 'Node18', 'Node17', 'Node16', 'Node15', 'Node14', 'Node13', 'Node12', 'Node11', 'Node10', 'Node9', 'Node8', 'Node7', 'Node6', 'Node5', 'Node4', 'Node3', 'Node2', 'Node1']
Validation: Using separate validation set for best model selection
Early stopping: patience=10, min_delta=0.001
Init    | Train: loss: 13.11110 | quality: -2.44032
        | Val:   loss: 12.56287 | quality: -2.49031
Epoch 1 | Train: loss: 12.58273 | quality: -2.30167
        | Val:   loss: 12.13511 | quality: -2.37146
 *
Epoch 2 | Train: loss: 12.47283 | quality: -2.27284
        | Val:   loss: 12.10814 | quality: -2.36397
 *
Epoch 3 | Train: loss: 12.24116 | quality: -2.21205
        | Val:   loss: 11.85875 | quality: -2.29468
 *
Epoch 4 | Train: loss: 12.00754 | quality: -2.15075
        | Val:   loss: 11.64108 | quality: -2.23421
 *
Epoch 5 | Train: loss: 11.90598 | quality: -2.12410
        | Val:   loss: 11.64936 | quality: -2.23651

Epoch 6 | Train: loss: 11.82911 | quality: -2.10393
        | Val:   loss: 11.60269 | quality: -2.22354
 *
Epoch 7 | Train: loss: 11.37792 | quality: -1.98553
        | Val:   loss: 11.82874 | quality: -2.28635

Epoch 8 | Train: loss: 11.13747 | quality: -1.92244
        | Val:   loss: 11.53090 | quality: -2.20360
 *
Epoch 9 | Train: loss: 10.96642 | quality: -1.87756
        | Val:   loss: 11.63351 | quality: -2.23211

Epoch 10 | Train: loss: 10.54877 | quality: -1.76797
        | Val:   loss: 13.24431 | quality: -2.67963

Epoch 11 | Train: loss: 10.05019 | quality: -1.63714
        | Val:   loss: 15.39688 | quality: -3.27767

Epoch 12 | Train: loss: 9.89840 | quality: -1.59731
        | Val:   loss: 15.75361 | quality: -3.37678

Epoch 13 | Train: loss: 9.83244 | quality: -1.58001
        | Val:   loss: 15.43909 | quality: -3.28940

Epoch 14 | Train: loss: 9.71525 | quality: -1.54925
        | Val:   loss: 14.84684 | quality: -3.12486

Epoch 15 | Train: loss: 9.62636 | quality: -1.52593
        | Val:   loss: 15.07959 | quality: -3.18952

Epoch 16 | Train: loss: 9.57520 | quality: -1.51251
        | Val:   loss: 15.40120 | quality: -3.27887

Epoch 17 | Train: loss: 9.54391 | quality: -1.50430
        | Val:   loss: 15.77224 | quality: -3.38196

Epoch 18 | Train: loss: 9.52503 | quality: -1.49934
        | Val:   loss: 16.15234 | quality: -3.48756


⏸ Early stopping at epoch 18 (best was epoch 8)
[2026-05-02 21:48:14,212][__main__][INFO] - ✓ DONE TNML_F/obesity/NTN L=4 bd=4 seed=32874 -> /zhome/6b/e/212868/GTN/outputs/ntn/obesity/TNML_F_rg5_init0.1/L4_bd4_seed32874 | val=-2.2036
[2026-05-02 21:48:14,216][HYDRA] 	#13 : model.L=4 model.bond_dim=4 seed=47311 trainer.ridge=5 trainer.ridge_decay=0.25 trainer.ridge_min=0.0001 +experiment=uci_ntn_sweep model=tnml_f dataset=obesity
[2026-05-02 21:48:14,392][__main__][INFO] - ▶ RUN TNML_F/obesity/NTN L=4 bd=4 seed=47311 -> /zhome/6b/e/212868/GTN/outputs/ntn/obesity/TNML_F_rg5_init0.1/L4_bd4_seed47311
Starting Fit: 20 epochs.
Sweep Order: ['Node0', 'Node1', 'Node2', 'Node3', 'Node4', 'Node5', 'Node6', 'Node7', 'Node8', 'Node9', 'Node10', 'Node11', 'Node12', 'Node13', 'Node14', 'Node15', 'Node16', 'Node17', 'Node18', 'Node19', 'Node20', 'Node21', 'Node22', 'Node23', 'Node24', 'Node25', 'Node26', 'Node27', 'Node28', 'Node29', 'Node30', 'Node31', 'Node32', 'Node33', 'Node34', 'Node35', 'Node36', 'Node37', 'Node38', 'Node37', 'Node36', 'Node35', 'Node34', 'Node33', 'Node32', 'Node31', 'Node30', 'Node29', 'Node28', 'Node27', 'Node26', 'Node25', 'Node24', 'Node23', 'Node22', 'Node21', 'Node20', 'Node19', 'Node18', 'Node17', 'Node16', 'Node15', 'Node14', 'Node13', 'Node12', 'Node11', 'Node10', 'Node9', 'Node8', 'Node7', 'Node6', 'Node5', 'Node4', 'Node3', 'Node2', 'Node1']
Validation: Using separate validation set for best model selection
Early stopping: patience=10, min_delta=0.001
Init    | Train: loss: 13.08690 | quality: -2.43397
        | Val:   loss: 12.57936 | quality: -2.49489
Epoch 1 | Train: loss: 13.00490 | quality: -2.41245
        | Val:   loss: 12.65895 | quality: -2.51700

Epoch 2 | Train: loss: 12.88703 | quality: -2.38152
        | Val:   loss: 12.82307 | quality: -2.56260

Epoch 3 | Train: loss: 12.66963 | quality: -2.32448
        | Val:   loss: 13.41994 | quality: -2.72843

Epoch 4 | Train: loss: 12.38310 | quality: -2.24929
        | Val:   loss: 13.70385 | quality: -2.80730

Epoch 5 | Train: loss: 11.78603 | quality: -2.09262
        | Val:   loss: 12.44431 | quality: -2.45737
 *
Epoch 6 | Train: loss: 11.49340 | quality: -2.01584
        | Val:   loss: 12.90465 | quality: -2.58526

Epoch 7 | Train: loss: 10.98036 | quality: -1.88122
        | Val:   loss: 13.02105 | quality: -2.61760

Epoch 8 | Train: loss: 10.65686 | quality: -1.79633
        | Val:   loss: 12.14061 | quality: -2.37299
 *
Epoch 9 | Train: loss: 10.28531 | quality: -1.69884
        | Val:   loss: 12.01685 | quality: -2.33861
 *
Epoch 10 | Train: loss: 9.88625 | quality: -1.59413
        | Val:   loss: 12.73369 | quality: -2.53777

Epoch 11 | Train: loss: 9.58718 | quality: -1.51565
        | Val:   loss: 13.08299 | quality: -2.63481

Epoch 12 | Train: loss: 9.43677 | quality: -1.47618
        | Val:   loss: 14.09025 | quality: -2.91465

Epoch 13 | Train: loss: 9.37932 | quality: -1.46111
        | Val:   loss: 13.71874 | quality: -2.81144

Epoch 14 | Train: loss: 9.34680 | quality: -1.45257
        | Val:   loss: 13.36441 | quality: -2.71300

Epoch 15 | Train: loss: 9.32351 | quality: -1.44646
        | Val:   loss: 13.13612 | quality: -2.64957

Epoch 16 | Train: loss: 9.30547 | quality: -1.44173
        | Val:   loss: 12.96804 | quality: -2.60287

Epoch 17 | Train: loss: 9.29084 | quality: -1.43789
        | Val:   loss: 12.84865 | quality: -2.56970

Epoch 18 | Train: loss: 9.27879 | quality: -1.43473
        | Val:   loss: 12.77025 | quality: -2.54792

Epoch 19 | Train: loss: 9.26830 | quality: -1.43198
        | Val:   loss: 12.73930 | quality: -2.53933


⏸ Early stopping at epoch 19 (best was epoch 9)
[2026-05-02 21:51:54,528][__main__][INFO] - ✓ DONE TNML_F/obesity/NTN L=4 bd=4 seed=47311 -> /zhome/6b/e/212868/GTN/outputs/ntn/obesity/TNML_F_rg5_init0.1/L4_bd4_seed47311 | val=-2.3386
[2026-05-02 21:51:54,530][HYDRA] 	#14 : model.L=4 model.bond_dim=4 seed=47303 trainer.ridge=5 trainer.ridge_decay=0.25 trainer.ridge_min=0.0001 +experiment=uci_ntn_sweep model=tnml_f dataset=obesity
[2026-05-02 21:51:54,691][__main__][INFO] - ▶ RUN TNML_F/obesity/NTN L=4 bd=4 seed=47303 -> /zhome/6b/e/212868/GTN/outputs/ntn/obesity/TNML_F_rg5_init0.1/L4_bd4_seed47303
Starting Fit: 20 epochs.
Sweep Order: ['Node0', 'Node1', 'Node2', 'Node3', 'Node4', 'Node5', 'Node6', 'Node7', 'Node8', 'Node9', 'Node10', 'Node11', 'Node12', 'Node13', 'Node14', 'Node15', 'Node16', 'Node17', 'Node18', 'Node19', 'Node20', 'Node21', 'Node22', 'Node23', 'Node24', 'Node25', 'Node26', 'Node27', 'Node28', 'Node29', 'Node30', 'Node31', 'Node32', 'Node33', 'Node34', 'Node35', 'Node36', 'Node37', 'Node38', 'Node37', 'Node36', 'Node35', 'Node34', 'Node33', 'Node32', 'Node31', 'Node30', 'Node29', 'Node28', 'Node27', 'Node26', 'Node25', 'Node24', 'Node23', 'Node22', 'Node21', 'Node20', 'Node19', 'Node18', 'Node17', 'Node16', 'Node15', 'Node14', 'Node13', 'Node12', 'Node11', 'Node10', 'Node9', 'Node8', 'Node7', 'Node6', 'Node5', 'Node4', 'Node3', 'Node2', 'Node1']
Validation: Using separate validation set for best model selection
Early stopping: patience=10, min_delta=0.001
Init    | Train: loss: 13.08990 | quality: -2.43475
        | Val:   loss: 12.58192 | quality: -2.49560
Epoch 1 | Train: loss: 12.95187 | quality: -2.39854
        | Val:   loss: 12.42294 | quality: -2.45143
 *
Epoch 2 | Train: loss: 12.92720 | quality: -2.39206
        | Val:   loss: 12.35357 | quality: -2.43216
 *
Epoch 3 | Train: loss: 12.82279 | quality: -2.36466
        | Val:   loss: 12.17764 | quality: -2.38328
 *
Epoch 4 | Train: loss: 12.77833 | quality: -2.35300
        | Val:   loss: 12.18807 | quality: -2.38618

Epoch 5 | Train: loss: 12.59355 | quality: -2.30451
        | Val:   loss: 12.34671 | quality: -2.43025

Epoch 6 | Train: loss: 12.40330 | quality: -2.25459
        | Val:   loss: 12.15409 | quality: -2.37674
 *
Epoch 7 | Train: loss: 12.05277 | quality: -2.16262
        | Val:   loss: 11.94763 | quality: -2.31938
 *
Epoch 8 | Train: loss: 11.88367 | quality: -2.11824
        | Val:   loss: 12.06333 | quality: -2.35152

Epoch 9 | Train: loss: 11.36004 | quality: -1.98084
        | Val:   loss: 13.12214 | quality: -2.64569

Epoch 10 | Train: loss: 10.63585 | quality: -1.79082
        | Val:   loss: 13.78115 | quality: -2.82878

Epoch 11 | Train: loss: 10.06453 | quality: -1.64090
        | Val:   loss: 17.66127 | quality: -3.90678

Epoch 12 | Train: loss: 9.91535 | quality: -1.60176
        | Val:   loss: 17.40306 | quality: -3.83504

Epoch 13 | Train: loss: 9.81816 | quality: -1.57626
        | Val:   loss: 16.02244 | quality: -3.45147

Epoch 14 | Train: loss: 9.73688 | quality: -1.55493
        | Val:   loss: 16.43364 | quality: -3.56571

Epoch 15 | Train: loss: 9.64313 | quality: -1.53033
        | Val:   loss: 17.41482 | quality: -3.83831

Epoch 16 | Train: loss: 9.57482 | quality: -1.51241
        | Val:   loss: 17.93918 | quality: -3.98399

Epoch 17 | Train: loss: 9.52921 | quality: -1.50044
        | Val:   loss: 17.56735 | quality: -3.88069


⏸ Early stopping at epoch 17 (best was epoch 7)
[2026-05-02 21:55:03,381][__main__][INFO] - ✓ DONE TNML_F/obesity/NTN L=4 bd=4 seed=47303 -> /zhome/6b/e/212868/GTN/outputs/ntn/obesity/TNML_F_rg5_init0.1/L4_bd4_seed47303 | val=-2.3194
[2026-05-02 21:55:03,385][HYDRA] 	#15 : model.L=3 model.bond_dim=12 seed=42 trainer.ridge=5 trainer.ridge_decay=0.25 trainer.ridge_min=0.0001 +experiment=uci_ntn_sweep model=tnml_f dataset=obesity
[2026-05-02 21:55:03,551][__main__][INFO] - ▶ RUN TNML_F/obesity/NTN L=3 bd=12 seed=42 -> /zhome/6b/e/212868/GTN/outputs/ntn/obesity/TNML_F_rg5_init0.1/L3_bd12_seed42
Starting Fit: 20 epochs.
Sweep Order: ['Node0', 'Node1', 'Node2', 'Node3', 'Node4', 'Node5', 'Node6', 'Node7', 'Node8', 'Node9', 'Node10', 'Node11', 'Node12', 'Node13', 'Node14', 'Node15', 'Node16', 'Node17', 'Node18', 'Node19', 'Node20', 'Node21', 'Node22', 'Node23', 'Node24', 'Node25', 'Node26', 'Node27', 'Node28', 'Node29', 'Node30', 'Node31', 'Node32', 'Node33', 'Node34', 'Node35', 'Node36', 'Node37', 'Node38', 'Node37', 'Node36', 'Node35', 'Node34', 'Node33', 'Node32', 'Node31', 'Node30', 'Node29', 'Node28', 'Node27', 'Node26', 'Node25', 'Node24', 'Node23', 'Node22', 'Node21', 'Node20', 'Node19', 'Node18', 'Node17', 'Node16', 'Node15', 'Node14', 'Node13', 'Node12', 'Node11', 'Node10', 'Node9', 'Node8', 'Node7', 'Node6', 'Node5', 'Node4', 'Node3', 'Node2', 'Node1']
Validation: Using separate validation set for best model selection
Early stopping: patience=10, min_delta=0.001
Init    | Train: loss: 13.11436 | quality: -2.44117
        | Val:   loss: 12.60918 | quality: -2.50317
Epoch 1 | Train: loss: 12.27772 | quality: -2.22164
        | Val:   loss: 12.05513 | quality: -2.34924
 *
Epoch 2 | Train: loss: 11.74587 | quality: -2.08209
        | Val:   loss: 11.95475 | quality: -2.32136
 *
Epoch 3 | Train: loss: 11.28553 | quality: -1.96129
        | Val:   loss: 11.95743 | quality: -2.32210
 *
Epoch 4 | Train: loss: 10.76266 | quality: -1.82409
        | Val:   loss: 12.14266 | quality: -2.37356

Epoch 5 | Train: loss: 10.29010 | quality: -1.70010
        | Val:   loss: 11.85601 | quality: -2.29392
 *
Epoch 6 | Train: loss: 9.77473 | quality: -1.56486
        | Val:   loss: 11.95953 | quality: -2.32268

Epoch 7 | Train: loss: 9.17866 | quality: -1.40846
        | Val:   loss: 12.36728 | quality: -2.43597

Epoch 8 | Train: loss: 8.76359 | quality: -1.29954
        | Val:   loss: 12.50767 | quality: -2.47497

Epoch 9 | Train: loss: 8.21060 | quality: -1.15444
        | Val:   loss: 12.87727 | quality: -2.57766

Epoch 10 | Train: loss: 7.60501 | quality: -0.99553
        | Val:   loss: 17.32683 | quality: -3.81386

Epoch 11 | Train: loss: 7.14994 | quality: -0.87613
        | Val:   loss: 23.90593 | quality: -5.64172

Epoch 12 | Train: loss: 6.93830 | quality: -0.82059
        | Val:   loss: 26.72661 | quality: -6.42538

Epoch 13 | Train: loss: 6.83575 | quality: -0.79368
        | Val:   loss: 29.03864 | quality: -7.06773

Epoch 14 | Train: loss: 6.75372 | quality: -0.77216
        | Val:   loss: 31.44748 | quality: -7.73697

Epoch 15 | Train: loss: 6.66178 | quality: -0.74803
        | Val:   loss: 35.25450 | quality: -8.79466


⏸ Early stopping at epoch 15 (best was epoch 5)
[2026-05-02 21:56:19,099][__main__][INFO] - ✓ DONE TNML_F/obesity/NTN L=3 bd=12 seed=42 -> /zhome/6b/e/212868/GTN/outputs/ntn/obesity/TNML_F_rg5_init0.1/L3_bd12_seed42 | val=-2.2939
[2026-05-02 21:56:19,101][HYDRA] 	#16 : model.L=3 model.bond_dim=12 seed=10090 trainer.ridge=5 trainer.ridge_decay=0.25 trainer.ridge_min=0.0001 +experiment=uci_ntn_sweep model=tnml_f dataset=obesity
[2026-05-02 21:56:19,269][__main__][INFO] - ▶ RUN TNML_F/obesity/NTN L=3 bd=12 seed=10090 -> /zhome/6b/e/212868/GTN/outputs/ntn/obesity/TNML_F_rg5_init0.1/L3_bd12_seed10090
Starting Fit: 20 epochs.
Sweep Order: ['Node0', 'Node1', 'Node2', 'Node3', 'Node4', 'Node5', 'Node6', 'Node7', 'Node8', 'Node9', 'Node10', 'Node11', 'Node12', 'Node13', 'Node14', 'Node15', 'Node16', 'Node17', 'Node18', 'Node19', 'Node20', 'Node21', 'Node22', 'Node23', 'Node24', 'Node25', 'Node26', 'Node27', 'Node28', 'Node29', 'Node30', 'Node31', 'Node32', 'Node33', 'Node34', 'Node35', 'Node36', 'Node37', 'Node38', 'Node37', 'Node36', 'Node35', 'Node34', 'Node33', 'Node32', 'Node31', 'Node30', 'Node29', 'Node28', 'Node27', 'Node26', 'Node25', 'Node24', 'Node23', 'Node22', 'Node21', 'Node20', 'Node19', 'Node18', 'Node17', 'Node16', 'Node15', 'Node14', 'Node13', 'Node12', 'Node11', 'Node10', 'Node9', 'Node8', 'Node7', 'Node6', 'Node5', 'Node4', 'Node3', 'Node2', 'Node1']
Validation: Using separate validation set for best model selection
Early stopping: patience=10, min_delta=0.001
Init    | Train: loss: 13.01662 | quality: -2.41553
        | Val:   loss: 13.41400 | quality: -2.72677
Epoch 1 | Train: loss: 11.95891 | quality: -2.13798
        | Val:   loss: 11.44922 | quality: -2.18091
 *
Epoch 2 | Train: loss: 11.47793 | quality: -2.01178
        | Val:   loss: 11.68022 | quality: -2.24508

Epoch 3 | Train: loss: 11.02541 | quality: -1.89304
        | Val:   loss: 11.08500 | quality: -2.07972
 *
Epoch 4 | Train: loss: 10.02117 | quality: -1.62953
        | Val:   loss: 10.43315 | quality: -1.89861
 *
Epoch 5 | Train: loss: 9.42035 | quality: -1.47187
        | Val:   loss: 10.97156 | quality: -2.04820

Epoch 6 | Train: loss: 8.95574 | quality: -1.34996
        | Val:   loss: 12.39385 | quality: -2.44335

Epoch 7 | Train: loss: 8.54862 | quality: -1.24313
        | Val:   loss: 13.79882 | quality: -2.83369

Epoch 8 | Train: loss: 8.27711 | quality: -1.17189
        | Val:   loss: 14.60228 | quality: -3.05691

Epoch 9 | Train: loss: 7.83163 | quality: -1.05500
        | Val:   loss: 15.28901 | quality: -3.24770

Epoch 10 | Train: loss: 7.31881 | quality: -0.92043
        | Val:   loss: 19.64828 | quality: -4.45883

Epoch 11 | Train: loss: 6.95026 | quality: -0.82373
        | Val:   loss: 25.43716 | quality: -6.06714

Epoch 12 | Train: loss: 6.59547 | quality: -0.73063
        | Val:   loss: 33.99972 | quality: -8.44605

Epoch 13 | Train: loss: 6.46542 | quality: -0.69651
        | Val:   loss: 38.27359 | quality: -9.63345

Epoch 14 | Train: loss: 6.38584 | quality: -0.67563
        | Val:   loss: 40.58600 | quality: -10.27590


⏸ Early stopping at epoch 14 (best was epoch 4)
[2026-05-02 21:57:31,408][__main__][INFO] - ✓ DONE TNML_F/obesity/NTN L=3 bd=12 seed=10090 -> /zhome/6b/e/212868/GTN/outputs/ntn/obesity/TNML_F_rg5_init0.1/L3_bd12_seed10090 | val=-1.8986
[2026-05-02 21:57:31,412][HYDRA] 	#17 : model.L=3 model.bond_dim=12 seed=32874 trainer.ridge=5 trainer.ridge_decay=0.25 trainer.ridge_min=0.0001 +experiment=uci_ntn_sweep model=tnml_f dataset=obesity
[2026-05-02 21:57:31,583][__main__][INFO] - ▶ RUN TNML_F/obesity/NTN L=3 bd=12 seed=32874 -> /zhome/6b/e/212868/GTN/outputs/ntn/obesity/TNML_F_rg5_init0.1/L3_bd12_seed32874
Starting Fit: 20 epochs.
Sweep Order: ['Node0', 'Node1', 'Node2', 'Node3', 'Node4', 'Node5', 'Node6', 'Node7', 'Node8', 'Node9', 'Node10', 'Node11', 'Node12', 'Node13', 'Node14', 'Node15', 'Node16', 'Node17', 'Node18', 'Node19', 'Node20', 'Node21', 'Node22', 'Node23', 'Node24', 'Node25', 'Node26', 'Node27', 'Node28', 'Node29', 'Node30', 'Node31', 'Node32', 'Node33', 'Node34', 'Node35', 'Node36', 'Node37', 'Node38', 'Node37', 'Node36', 'Node35', 'Node34', 'Node33', 'Node32', 'Node31', 'Node30', 'Node29', 'Node28', 'Node27', 'Node26', 'Node25', 'Node24', 'Node23', 'Node22', 'Node21', 'Node20', 'Node19', 'Node18', 'Node17', 'Node16', 'Node15', 'Node14', 'Node13', 'Node12', 'Node11', 'Node10', 'Node9', 'Node8', 'Node7', 'Node6', 'Node5', 'Node4', 'Node3', 'Node2', 'Node1']
Validation: Using separate validation set for best model selection
Early stopping: patience=10, min_delta=0.001
Init    | Train: loss: 13.18777 | quality: -2.46043
        | Val:   loss: 12.56768 | quality: -2.49164
Epoch 1 | Train: loss: 12.26732 | quality: -2.21891
        | Val:   loss: 11.78526 | quality: -2.27427
 *
Epoch 2 | Train: loss: 11.79561 | quality: -2.09514
        | Val:   loss: 10.90076 | quality: -2.02853
 *
Epoch 3 | Train: loss: 11.37554 | quality: -1.98491
        | Val:   loss: 11.43459 | quality: -2.17684

Epoch 4 | Train: loss: 10.68577 | quality: -1.80392
        | Val:   loss: 12.48946 | quality: -2.46991

Epoch 5 | Train: loss: 10.34928 | quality: -1.71562
        | Val:   loss: 13.21423 | quality: -2.67127

Epoch 6 | Train: loss: 9.97173 | quality: -1.61655
        | Val:   loss: 15.45931 | quality: -3.29502

Epoch 7 | Train: loss: 9.73771 | quality: -1.55515
        | Val:   loss: 15.03258 | quality: -3.17646

Epoch 8 | Train: loss: 9.22201 | quality: -1.41983
        | Val:   loss: 14.90506 | quality: -3.14103

Epoch 9 | Train: loss: 8.64903 | quality: -1.26948
        | Val:   loss: 15.73510 | quality: -3.37164

Epoch 10 | Train: loss: 8.24443 | quality: -1.16332
        | Val:   loss: 16.43487 | quality: -3.56605

Epoch 11 | Train: loss: 7.81510 | quality: -1.05066
        | Val:   loss: 18.75381 | quality: -4.21032

Epoch 12 | Train: loss: 7.37712 | quality: -0.93574
        | Val:   loss: 26.69832 | quality: -6.41752


⏸ Early stopping at epoch 12 (best was epoch 2)
[2026-05-02 21:58:34,350][__main__][INFO] - ✓ DONE TNML_F/obesity/NTN L=3 bd=12 seed=32874 -> /zhome/6b/e/212868/GTN/outputs/ntn/obesity/TNML_F_rg5_init0.1/L3_bd12_seed32874 | val=-2.0285
[2026-05-02 21:58:34,354][HYDRA] 	#18 : model.L=3 model.bond_dim=12 seed=47311 trainer.ridge=5 trainer.ridge_decay=0.25 trainer.ridge_min=0.0001 +experiment=uci_ntn_sweep model=tnml_f dataset=obesity
[2026-05-02 21:58:34,521][__main__][INFO] - ▶ RUN TNML_F/obesity/NTN L=3 bd=12 seed=47311 -> /zhome/6b/e/212868/GTN/outputs/ntn/obesity/TNML_F_rg5_init0.1/L3_bd12_seed47311
Starting Fit: 20 epochs.
Sweep Order: ['Node0', 'Node1', 'Node2', 'Node3', 'Node4', 'Node5', 'Node6', 'Node7', 'Node8', 'Node9', 'Node10', 'Node11', 'Node12', 'Node13', 'Node14', 'Node15', 'Node16', 'Node17', 'Node18', 'Node19', 'Node20', 'Node21', 'Node22', 'Node23', 'Node24', 'Node25', 'Node26', 'Node27', 'Node28', 'Node29', 'Node30', 'Node31', 'Node32', 'Node33', 'Node34', 'Node35', 'Node36', 'Node37', 'Node38', 'Node37', 'Node36', 'Node35', 'Node34', 'Node33', 'Node32', 'Node31', 'Node30', 'Node29', 'Node28', 'Node27', 'Node26', 'Node25', 'Node24', 'Node23', 'Node22', 'Node21', 'Node20', 'Node19', 'Node18', 'Node17', 'Node16', 'Node15', 'Node14', 'Node13', 'Node12', 'Node11', 'Node10', 'Node9', 'Node8', 'Node7', 'Node6', 'Node5', 'Node4', 'Node3', 'Node2', 'Node1']
Validation: Using separate validation set for best model selection
Early stopping: patience=10, min_delta=0.001
Init    | Train: loss: 13.12384 | quality: -2.44366
        | Val:   loss: 12.61425 | quality: -2.50458
Epoch 1 | Train: loss: 12.08682 | quality: -2.17155
        | Val:   loss: 11.75770 | quality: -2.26661
 *
Epoch 2 | Train: loss: 11.53673 | quality: -2.02721
        | Val:   loss: 11.42314 | quality: -2.17366
 *
Epoch 3 | Train: loss: 10.72326 | quality: -1.81375
        | Val:   loss: 10.90353 | quality: -2.02930
 *
Epoch 4 | Train: loss: 10.02074 | quality: -1.62941
        | Val:   loss: 11.15752 | quality: -2.09986

Epoch 5 | Train: loss: 9.78009 | quality: -1.56627
        | Val:   loss: 11.55850 | quality: -2.21127

Epoch 6 | Train: loss: 9.31782 | quality: -1.44497
        | Val:   loss: 12.67532 | quality: -2.52155

Epoch 7 | Train: loss: 9.04487 | quality: -1.37335
        | Val:   loss: 13.23269 | quality: -2.67640

Epoch 8 | Train: loss: 8.56607 | quality: -1.24771
        | Val:   loss: 13.19376 | quality: -2.66559

Epoch 9 | Train: loss: 7.90210 | quality: -1.07349
        | Val:   loss: 15.04491 | quality: -3.17988

Epoch 10 | Train: loss: 7.46048 | quality: -0.95761
        | Val:   loss: 17.92188 | quality: -3.97919

Epoch 11 | Train: loss: 6.99797 | quality: -0.83625
        | Val:   loss: 19.44440 | quality: -4.40218

Epoch 12 | Train: loss: 6.67495 | quality: -0.75149
        | Val:   loss: 20.83579 | quality: -4.78875

Epoch 13 | Train: loss: 6.54536 | quality: -0.71748
        | Val:   loss: 22.59741 | quality: -5.27818


⏸ Early stopping at epoch 13 (best was epoch 3)
[2026-05-02 21:59:42,366][__main__][INFO] - ✓ DONE TNML_F/obesity/NTN L=3 bd=12 seed=47311 -> /zhome/6b/e/212868/GTN/outputs/ntn/obesity/TNML_F_rg5_init0.1/L3_bd12_seed47311 | val=-2.0293
[2026-05-02 21:59:42,369][HYDRA] 	#19 : model.L=3 model.bond_dim=12 seed=47303 trainer.ridge=5 trainer.ridge_decay=0.25 trainer.ridge_min=0.0001 +experiment=uci_ntn_sweep model=tnml_f dataset=obesity
[2026-05-02 21:59:42,542][__main__][INFO] - ▶ RUN TNML_F/obesity/NTN L=3 bd=12 seed=47303 -> /zhome/6b/e/212868/GTN/outputs/ntn/obesity/TNML_F_rg5_init0.1/L3_bd12_seed47303
Starting Fit: 20 epochs.
Sweep Order: ['Node0', 'Node1', 'Node2', 'Node3', 'Node4', 'Node5', 'Node6', 'Node7', 'Node8', 'Node9', 'Node10', 'Node11', 'Node12', 'Node13', 'Node14', 'Node15', 'Node16', 'Node17', 'Node18', 'Node19', 'Node20', 'Node21', 'Node22', 'Node23', 'Node24', 'Node25', 'Node26', 'Node27', 'Node28', 'Node29', 'Node30', 'Node31', 'Node32', 'Node33', 'Node34', 'Node35', 'Node36', 'Node37', 'Node38', 'Node37', 'Node36', 'Node35', 'Node34', 'Node33', 'Node32', 'Node31', 'Node30', 'Node29', 'Node28', 'Node27', 'Node26', 'Node25', 'Node24', 'Node23', 'Node22', 'Node21', 'Node20', 'Node19', 'Node18', 'Node17', 'Node16', 'Node15', 'Node14', 'Node13', 'Node12', 'Node11', 'Node10', 'Node9', 'Node8', 'Node7', 'Node6', 'Node5', 'Node4', 'Node3', 'Node2', 'Node1']
Validation: Using separate validation set for best model selection
Early stopping: patience=10, min_delta=0.001
Init    | Train: loss: 13.08691 | quality: -2.43397
        | Val:   loss: 12.58610 | quality: -2.49676
Epoch 1 | Train: loss: 12.20059 | quality: -2.20140
        | Val:   loss: 11.64662 | quality: -2.23575
 *
Epoch 2 | Train: loss: 11.87579 | quality: -2.11617
        | Val:   loss: 11.29743 | quality: -2.13873
 *
Epoch 3 | Train: loss: 11.39038 | quality: -1.98881
        | Val:   loss: 11.49275 | quality: -2.19300

Epoch 4 | Train: loss: 10.75638 | quality: -1.82244
        | Val:   loss: 11.82522 | quality: -2.28537

Epoch 5 | Train: loss: 10.32134 | quality: -1.70829
        | Val:   loss: 11.53603 | quality: -2.20502

Epoch 6 | Train: loss: 9.96414 | quality: -1.61456
        | Val:   loss: 12.48669 | quality: -2.46914

Epoch 7 | Train: loss: 9.69446 | quality: -1.54380
        | Val:   loss: 14.18828 | quality: -2.94189

Epoch 8 | Train: loss: 9.19727 | quality: -1.41334
        | Val:   loss: 16.20591 | quality: -3.50244

Epoch 9 | Train: loss: 8.40238 | quality: -1.20476
        | Val:   loss: 20.83828 | quality: -4.78944

Epoch 10 | Train: loss: 7.79515 | quality: -1.04543
        | Val:   loss: 22.26463 | quality: -5.18572

Epoch 11 | Train: loss: 7.28234 | quality: -0.91087
        | Val:   loss: 23.42074 | quality: -5.50692

Epoch 12 | Train: loss: 6.90906 | quality: -0.81292
        | Val:   loss: 26.80156 | quality: -6.44620


⏸ Early stopping at epoch 12 (best was epoch 2)
[2026-05-02 22:00:44,605][__main__][INFO] - ✓ DONE TNML_F/obesity/NTN L=3 bd=12 seed=47303 -> /zhome/6b/e/212868/GTN/outputs/ntn/obesity/TNML_F_rg5_init0.1/L3_bd12_seed47303 | val=-2.1387
[2026-05-02 22:00:44,608][HYDRA] 	#20 : model.L=3 model.bond_dim=8 seed=42 trainer.ridge=5 trainer.ridge_decay=0.25 trainer.ridge_min=0.0001 +experiment=uci_ntn_sweep model=tnml_f dataset=obesity
[2026-05-02 22:00:44,774][__main__][INFO] - ▶ RUN TNML_F/obesity/NTN L=3 bd=8 seed=42 -> /zhome/6b/e/212868/GTN/outputs/ntn/obesity/TNML_F_rg5_init0.1/L3_bd8_seed42
Starting Fit: 20 epochs.
Sweep Order: ['Node0', 'Node1', 'Node2', 'Node3', 'Node4', 'Node5', 'Node6', 'Node7', 'Node8', 'Node9', 'Node10', 'Node11', 'Node12', 'Node13', 'Node14', 'Node15', 'Node16', 'Node17', 'Node18', 'Node19', 'Node20', 'Node21', 'Node22', 'Node23', 'Node24', 'Node25', 'Node26', 'Node27', 'Node28', 'Node29', 'Node30', 'Node31', 'Node32', 'Node33', 'Node34', 'Node35', 'Node36', 'Node37', 'Node38', 'Node37', 'Node36', 'Node35', 'Node34', 'Node33', 'Node32', 'Node31', 'Node30', 'Node29', 'Node28', 'Node27', 'Node26', 'Node25', 'Node24', 'Node23', 'Node22', 'Node21', 'Node20', 'Node19', 'Node18', 'Node17', 'Node16', 'Node15', 'Node14', 'Node13', 'Node12', 'Node11', 'Node10', 'Node9', 'Node8', 'Node7', 'Node6', 'Node5', 'Node4', 'Node3', 'Node2', 'Node1']
Validation: Using separate validation set for best model selection
Early stopping: patience=10, min_delta=0.001
Init    | Train: loss: 13.08688 | quality: -2.43396
        | Val:   loss: 12.57756 | quality: -2.49439
Epoch 1 | Train: loss: 12.18522 | quality: -2.19737
        | Val:   loss: 11.95544 | quality: -2.32155
 *
Epoch 2 | Train: loss: 11.71160 | quality: -2.07309
        | Val:   loss: 11.71555 | quality: -2.25490
 *
Epoch 3 | Train: loss: 11.41237 | quality: -1.99458
        | Val:   loss: 11.58113 | quality: -2.21755
 *
Epoch 4 | Train: loss: 11.10997 | quality: -1.91523
        | Val:   loss: 11.94345 | quality: -2.31822

Epoch 5 | Train: loss: 10.57878 | quality: -1.77584
        | Val:   loss: 11.65874 | quality: -2.23912

Epoch 6 | Train: loss: 10.15141 | quality: -1.66370
        | Val:   loss: 12.29412 | quality: -2.41564

Epoch 7 | Train: loss: 9.96603 | quality: -1.61506
        | Val:   loss: 12.40117 | quality: -2.44538

Epoch 8 | Train: loss: 9.65034 | quality: -1.53222
        | Val:   loss: 12.03090 | quality: -2.34251

Epoch 9 | Train: loss: 8.63053 | quality: -1.26463
        | Val:   loss: 12.98861 | quality: -2.60859

Epoch 10 | Train: loss: 8.11901 | quality: -1.13041
        | Val:   loss: 14.43062 | quality: -3.00922

Epoch 11 | Train: loss: 7.91234 | quality: -1.07618
        | Val:   loss: 14.60159 | quality: -3.05672

Epoch 12 | Train: loss: 7.79041 | quality: -1.04418
        | Val:   loss: 15.01283 | quality: -3.17097

Epoch 13 | Train: loss: 7.69557 | quality: -1.01930
        | Val:   loss: 15.79192 | quality: -3.38742


⏸ Early stopping at epoch 13 (best was epoch 3)
[2026-05-02 22:06:07,015][__main__][INFO] - ✓ DONE TNML_F/obesity/NTN L=3 bd=8 seed=42 -> /zhome/6b/e/212868/GTN/outputs/ntn/obesity/TNML_F_rg5_init0.1/L3_bd8_seed42 | val=-2.2176
[2026-05-02 22:06:07,019][HYDRA] 	#21 : model.L=3 model.bond_dim=8 seed=10090 trainer.ridge=5 trainer.ridge_decay=0.25 trainer.ridge_min=0.0001 +experiment=uci_ntn_sweep model=tnml_f dataset=obesity
[2026-05-02 22:06:07,230][__main__][INFO] - ▶ RUN TNML_F/obesity/NTN L=3 bd=8 seed=10090 -> /zhome/6b/e/212868/GTN/outputs/ntn/obesity/TNML_F_rg5_init0.1/L3_bd8_seed10090
Starting Fit: 20 epochs.
Sweep Order: ['Node0', 'Node1', 'Node2', 'Node3', 'Node4', 'Node5', 'Node6', 'Node7', 'Node8', 'Node9', 'Node10', 'Node11', 'Node12', 'Node13', 'Node14', 'Node15', 'Node16', 'Node17', 'Node18', 'Node19', 'Node20', 'Node21', 'Node22', 'Node23', 'Node24', 'Node25', 'Node26', 'Node27', 'Node28', 'Node29', 'Node30', 'Node31', 'Node32', 'Node33', 'Node34', 'Node35', 'Node36', 'Node37', 'Node38', 'Node37', 'Node36', 'Node35', 'Node34', 'Node33', 'Node32', 'Node31', 'Node30', 'Node29', 'Node28', 'Node27', 'Node26', 'Node25', 'Node24', 'Node23', 'Node22', 'Node21', 'Node20', 'Node19', 'Node18', 'Node17', 'Node16', 'Node15', 'Node14', 'Node13', 'Node12', 'Node11', 'Node10', 'Node9', 'Node8', 'Node7', 'Node6', 'Node5', 'Node4', 'Node3', 'Node2', 'Node1']
Validation: Using separate validation set for best model selection
Early stopping: patience=10, min_delta=0.001
Init    | Train: loss: 13.08206 | quality: -2.43270
        | Val:   loss: 12.61419 | quality: -2.50457
Epoch 1 | Train: loss: 12.40714 | quality: -2.25560
        | Val:   loss: 12.00124 | quality: -2.33427
 *
Epoch 2 | Train: loss: 12.15768 | quality: -2.19014
        | Val:   loss: 12.11190 | quality: -2.36502

Epoch 3 | Train: loss: 11.78375 | quality: -2.09202
        | Val:   loss: 12.45546 | quality: -2.46047

Epoch 4 | Train: loss: 10.88528 | quality: -1.85627
        | Val:   loss: 13.20327 | quality: -2.66823

Epoch 5 | Train: loss: 10.28736 | quality: -1.69938
        | Val:   loss: 13.67601 | quality: -2.79957

Epoch 6 | Train: loss: 9.84926 | quality: -1.58442
        | Val:   loss: 13.91249 | quality: -2.86527

Epoch 7 | Train: loss: 9.58470 | quality: -1.51500
        | Val:   loss: 13.27932 | quality: -2.68936

Epoch 8 | Train: loss: 9.04593 | quality: -1.37363
        | Val:   loss: 12.96186 | quality: -2.60116

Epoch 9 | Train: loss: 8.39787 | quality: -1.20358
        | Val:   loss: 15.40542 | quality: -3.28004

Epoch 10 | Train: loss: 7.81318 | quality: -1.05016
        | Val:   loss: 17.98986 | quality: -3.99807

Epoch 11 | Train: loss: 7.62172 | quality: -0.99992
        | Val:   loss: 20.22926 | quality: -4.62024


⏸ Early stopping at epoch 11 (best was epoch 1)
[2026-05-02 22:10:45,105][__main__][INFO] - ✓ DONE TNML_F/obesity/NTN L=3 bd=8 seed=10090 -> /zhome/6b/e/212868/GTN/outputs/ntn/obesity/TNML_F_rg5_init0.1/L3_bd8_seed10090 | val=-2.3343
[2026-05-02 22:10:45,109][HYDRA] 	#22 : model.L=3 model.bond_dim=8 seed=32874 trainer.ridge=5 trainer.ridge_decay=0.25 trainer.ridge_min=0.0001 +experiment=uci_ntn_sweep model=tnml_f dataset=obesity
[2026-05-02 22:10:45,594][__main__][INFO] - ▶ RUN TNML_F/obesity/NTN L=3 bd=8 seed=32874 -> /zhome/6b/e/212868/GTN/outputs/ntn/obesity/TNML_F_rg5_init0.1/L3_bd8_seed32874
Starting Fit: 20 epochs.
Sweep Order: ['Node0', 'Node1', 'Node2', 'Node3', 'Node4', 'Node5', 'Node6', 'Node7', 'Node8', 'Node9', 'Node10', 'Node11', 'Node12', 'Node13', 'Node14', 'Node15', 'Node16', 'Node17', 'Node18', 'Node19', 'Node20', 'Node21', 'Node22', 'Node23', 'Node24', 'Node25', 'Node26', 'Node27', 'Node28', 'Node29', 'Node30', 'Node31', 'Node32', 'Node33', 'Node34', 'Node35', 'Node36', 'Node37', 'Node38', 'Node37', 'Node36', 'Node35', 'Node34', 'Node33', 'Node32', 'Node31', 'Node30', 'Node29', 'Node28', 'Node27', 'Node26', 'Node25', 'Node24', 'Node23', 'Node22', 'Node21', 'Node20', 'Node19', 'Node18', 'Node17', 'Node16', 'Node15', 'Node14', 'Node13', 'Node12', 'Node11', 'Node10', 'Node9', 'Node8', 'Node7', 'Node6', 'Node5', 'Node4', 'Node3', 'Node2', 'Node1']
Validation: Using separate validation set for best model selection
Early stopping: patience=10, min_delta=0.001
Init    | Train: loss: 13.17582 | quality: -2.45730
        | Val:   loss: 12.63971 | quality: -2.51166
Epoch 1 | Train: loss: 12.13521 | quality: -2.18425
        | Val:   loss: 11.65849 | quality: -2.23905
 *
Epoch 2 | Train: loss: 11.98493 | quality: -2.14481
        | Val:   loss: 11.63461 | quality: -2.23241
 *
Epoch 3 | Train: loss: 11.61407 | quality: -2.04750
        | Val:   loss: 11.36509 | quality: -2.15753
 *
Epoch 4 | Train: loss: 11.30989 | quality: -1.96768
        | Val:   loss: 11.62634 | quality: -2.23011

Epoch 5 | Train: loss: 11.10254 | quality: -1.91328
        | Val:   loss: 11.91234 | quality: -2.30957

Epoch 6 | Train: loss: 10.63480 | quality: -1.79054
        | Val:   loss: 12.56801 | quality: -2.49174

Epoch 7 | Train: loss: 10.10734 | quality: -1.65214
        | Val:   loss: 13.01982 | quality: -2.61726

Epoch 8 | Train: loss: 9.63082 | quality: -1.52710
        | Val:   loss: 13.32935 | quality: -2.70326

Epoch 9 | Train: loss: 8.99674 | quality: -1.36072
        | Val:   loss: 14.39457 | quality: -2.99920

Epoch 10 | Train: loss: 8.47370 | quality: -1.22348
        | Val:   loss: 14.42578 | quality: -3.00788

Epoch 11 | Train: loss: 8.06279 | quality: -1.11565
        | Val:   loss: 15.44820 | quality: -3.29193

Epoch 12 | Train: loss: 7.78723 | quality: -1.04335
        | Val:   loss: 17.12889 | quality: -3.75887

Epoch 13 | Train: loss: 7.59873 | quality: -0.99389
        | Val:   loss: 18.33287 | quality: -4.09337


⏸ Early stopping at epoch 13 (best was epoch 3)
[2026-05-02 22:14:37,908][__main__][INFO] - ✓ DONE TNML_F/obesity/NTN L=3 bd=8 seed=32874 -> /zhome/6b/e/212868/GTN/outputs/ntn/obesity/TNML_F_rg5_init0.1/L3_bd8_seed32874 | val=-2.1575
[2026-05-02 22:14:37,912][HYDRA] 	#23 : model.L=3 model.bond_dim=8 seed=47311 trainer.ridge=5 trainer.ridge_decay=0.25 trainer.ridge_min=0.0001 +experiment=uci_ntn_sweep model=tnml_f dataset=obesity
[2026-05-02 22:14:38,082][__main__][INFO] - ▶ RUN TNML_F/obesity/NTN L=3 bd=8 seed=47311 -> /zhome/6b/e/212868/GTN/outputs/ntn/obesity/TNML_F_rg5_init0.1/L3_bd8_seed47311
Starting Fit: 20 epochs.
Sweep Order: ['Node0', 'Node1', 'Node2', 'Node3', 'Node4', 'Node5', 'Node6', 'Node7', 'Node8', 'Node9', 'Node10', 'Node11', 'Node12', 'Node13', 'Node14', 'Node15', 'Node16', 'Node17', 'Node18', 'Node19', 'Node20', 'Node21', 'Node22', 'Node23', 'Node24', 'Node25', 'Node26', 'Node27', 'Node28', 'Node29', 'Node30', 'Node31', 'Node32', 'Node33', 'Node34', 'Node35', 'Node36', 'Node37', 'Node38', 'Node37', 'Node36', 'Node35', 'Node34', 'Node33', 'Node32', 'Node31', 'Node30', 'Node29', 'Node28', 'Node27', 'Node26', 'Node25', 'Node24', 'Node23', 'Node22', 'Node21', 'Node20', 'Node19', 'Node18', 'Node17', 'Node16', 'Node15', 'Node14', 'Node13', 'Node12', 'Node11', 'Node10', 'Node9', 'Node8', 'Node7', 'Node6', 'Node5', 'Node4', 'Node3', 'Node2', 'Node1']
Validation: Using separate validation set for best model selection
Early stopping: patience=10, min_delta=0.001
Init    | Train: loss: 13.11158 | quality: -2.44044
        | Val:   loss: 12.44132 | quality: -2.45654
Epoch 1 | Train: loss: 12.10276 | quality: -2.17573
        | Val:   loss: 11.85702 | quality: -2.29420
 *
Epoch 2 | Train: loss: 11.60558 | quality: -2.04527
        | Val:   loss: 11.52715 | quality: -2.20256
 *
Epoch 3 | Train: loss: 11.03752 | quality: -1.89621
        | Val:   loss: 11.68250 | quality: -2.24572

Epoch 4 | Train: loss: 10.69799 | quality: -1.80712
        | Val:   loss: 12.10094 | quality: -2.36197

Epoch 5 | Train: loss: 10.28963 | quality: -1.69997
        | Val:   loss: 12.55345 | quality: -2.48769

Epoch 6 | Train: loss: 9.97251 | quality: -1.61676
        | Val:   loss: 12.91060 | quality: -2.58692

Epoch 7 | Train: loss: 9.49616 | quality: -1.49177
        | Val:   loss: 12.90645 | quality: -2.58576

Epoch 8 | Train: loss: 9.12742 | quality: -1.39501
        | Val:   loss: 12.69543 | quality: -2.52714

Epoch 9 | Train: loss: 8.71798 | quality: -1.28757
        | Val:   loss: 12.86098 | quality: -2.57313

Epoch 10 | Train: loss: 8.13721 | quality: -1.13518
        | Val:   loss: 12.82899 | quality: -2.56424

Epoch 11 | Train: loss: 7.85552 | quality: -1.06127
        | Val:   loss: 13.41992 | quality: -2.72842

Epoch 12 | Train: loss: 7.70172 | quality: -1.02091
        | Val:   loss: 13.81051 | quality: -2.83694


⏸ Early stopping at epoch 12 (best was epoch 2)
[2026-05-02 22:17:36,212][__main__][INFO] - ✓ DONE TNML_F/obesity/NTN L=3 bd=8 seed=47311 -> /zhome/6b/e/212868/GTN/outputs/ntn/obesity/TNML_F_rg5_init0.1/L3_bd8_seed47311 | val=-2.2026
[2026-05-02 22:17:36,216][HYDRA] 	#24 : model.L=3 model.bond_dim=8 seed=47303 trainer.ridge=5 trainer.ridge_decay=0.25 trainer.ridge_min=0.0001 +experiment=uci_ntn_sweep model=tnml_f dataset=obesity
[2026-05-02 22:17:36,385][__main__][INFO] - ▶ RUN TNML_F/obesity/NTN L=3 bd=8 seed=47303 -> /zhome/6b/e/212868/GTN/outputs/ntn/obesity/TNML_F_rg5_init0.1/L3_bd8_seed47303
Starting Fit: 20 epochs.
Sweep Order: ['Node0', 'Node1', 'Node2', 'Node3', 'Node4', 'Node5', 'Node6', 'Node7', 'Node8', 'Node9', 'Node10', 'Node11', 'Node12', 'Node13', 'Node14', 'Node15', 'Node16', 'Node17', 'Node18', 'Node19', 'Node20', 'Node21', 'Node22', 'Node23', 'Node24', 'Node25', 'Node26', 'Node27', 'Node28', 'Node29', 'Node30', 'Node31', 'Node32', 'Node33', 'Node34', 'Node35', 'Node36', 'Node37', 'Node38', 'Node37', 'Node36', 'Node35', 'Node34', 'Node33', 'Node32', 'Node31', 'Node30', 'Node29', 'Node28', 'Node27', 'Node26', 'Node25', 'Node24', 'Node23', 'Node22', 'Node21', 'Node20', 'Node19', 'Node18', 'Node17', 'Node16', 'Node15', 'Node14', 'Node13', 'Node12', 'Node11', 'Node10', 'Node9', 'Node8', 'Node7', 'Node6', 'Node5', 'Node4', 'Node3', 'Node2', 'Node1']
Validation: Using separate validation set for best model selection
Early stopping: patience=10, min_delta=0.001
Init    | Train: loss: 13.21075 | quality: -2.46647
        | Val:   loss: 12.80280 | quality: -2.55697
Epoch 1 | Train: loss: 12.44321 | quality: -2.26506
        | Val:   loss: 12.08001 | quality: -2.35616
 *
Epoch 2 | Train: loss: 11.92976 | quality: -2.13034
        | Val:   loss: 11.66940 | quality: -2.24208
 *
Epoch 3 | Train: loss: 11.55717 | quality: -2.03257
        | Val:   loss: 11.67230 | quality: -2.24288
 *
Epoch 4 | Train: loss: 11.23992 | quality: -1.94932
        | Val:   loss: 11.73165 | quality: -2.25937

Epoch 5 | Train: loss: 11.18491 | quality: -1.93489
        | Val:   loss: 11.57242 | quality: -2.21513
 *
Epoch 6 | Train: loss: 10.75905 | quality: -1.82315
        | Val:   loss: 14.76419 | quality: -3.10189

Epoch 7 | Train: loss: 10.36524 | quality: -1.71981
        | Val:   loss: 14.66892 | quality: -3.07542

Epoch 8 | Train: loss: 9.90639 | quality: -1.59941
        | Val:   loss: 14.84207 | quality: -3.12353

Epoch 9 | Train: loss: 9.48445 | quality: -1.48869
        | Val:   loss: 18.32352 | quality: -4.09077

Epoch 10 | Train: loss: 8.92240 | quality: -1.34121
        | Val:   loss: 16.15319 | quality: -3.48780

Epoch 11 | Train: loss: 8.39667 | quality: -1.20326
        | Val:   loss: 20.03436 | quality: -4.56609

Epoch 12 | Train: loss: 8.15497 | quality: -1.13984
        | Val:   loss: 20.92050 | quality: -4.81228

Epoch 13 | Train: loss: 8.00333 | quality: -1.10005
        | Val:   loss: 21.05968 | quality: -4.85095

Epoch 14 | Train: loss: 7.90653 | quality: -1.07465
        | Val:   loss: 21.14227 | quality: -4.87390

Epoch 15 | Train: loss: 7.80533 | quality: -1.04810
        | Val:   loss: 21.65235 | quality: -5.01561


⏸ Early stopping at epoch 15 (best was epoch 5)
[2026-05-02 22:23:50,580][__main__][INFO] - ✓ DONE TNML_F/obesity/NTN L=3 bd=8 seed=47303 -> /zhome/6b/e/212868/GTN/outputs/ntn/obesity/TNML_F_rg5_init0.1/L3_bd8_seed47303 | val=-2.2151
[2026-05-02 22:23:50,583][HYDRA] 	#25 : model.L=3 model.bond_dim=4 seed=42 trainer.ridge=5 trainer.ridge_decay=0.25 trainer.ridge_min=0.0001 +experiment=uci_ntn_sweep model=tnml_f dataset=obesity
[2026-05-02 22:23:50,784][__main__][INFO] - ▶ RUN TNML_F/obesity/NTN L=3 bd=4 seed=42 -> /zhome/6b/e/212868/GTN/outputs/ntn/obesity/TNML_F_rg5_init0.1/L3_bd4_seed42
Starting Fit: 20 epochs.
Sweep Order: ['Node0', 'Node1', 'Node2', 'Node3', 'Node4', 'Node5', 'Node6', 'Node7', 'Node8', 'Node9', 'Node10', 'Node11', 'Node12', 'Node13', 'Node14', 'Node15', 'Node16', 'Node17', 'Node18', 'Node19', 'Node20', 'Node21', 'Node22', 'Node23', 'Node24', 'Node25', 'Node26', 'Node27', 'Node28', 'Node29', 'Node30', 'Node31', 'Node32', 'Node33', 'Node34', 'Node35', 'Node36', 'Node37', 'Node38', 'Node37', 'Node36', 'Node35', 'Node34', 'Node33', 'Node32', 'Node31', 'Node30', 'Node29', 'Node28', 'Node27', 'Node26', 'Node25', 'Node24', 'Node23', 'Node22', 'Node21', 'Node20', 'Node19', 'Node18', 'Node17', 'Node16', 'Node15', 'Node14', 'Node13', 'Node12', 'Node11', 'Node10', 'Node9', 'Node8', 'Node7', 'Node6', 'Node5', 'Node4', 'Node3', 'Node2', 'Node1']
Validation: Using separate validation set for best model selection
Early stopping: patience=10, min_delta=0.001
Init    | Train: loss: 13.09020 | quality: -2.43483
        | Val:   loss: 12.55893 | quality: -2.48921
Epoch 1 | Train: loss: 12.83712 | quality: -2.36843
        | Val:   loss: 12.22071 | quality: -2.39525
 *
Epoch 2 | Train: loss: 12.04239 | quality: -2.15989
        | Val:   loss: 11.66258 | quality: -2.24018
 *
Epoch 3 | Train: loss: 11.83574 | quality: -2.10567
        | Val:   loss: 11.72609 | quality: -2.25783

Epoch 4 | Train: loss: 11.66944 | quality: -2.06203
        | Val:   loss: 11.86533 | quality: -2.29651

Epoch 5 | Train: loss: 11.36792 | quality: -1.98291
        | Val:   loss: 11.94399 | quality: -2.31836

Epoch 6 | Train: loss: 11.14358 | quality: -1.92404
        | Val:   loss: 12.08632 | quality: -2.35791

Epoch 7 | Train: loss: 10.72329 | quality: -1.81376
        | Val:   loss: 12.28768 | quality: -2.41385

Epoch 8 | Train: loss: 10.22757 | quality: -1.68369
        | Val:   loss: 12.97251 | quality: -2.60412

Epoch 9 | Train: loss: 9.75628 | quality: -1.56002
        | Val:   loss: 13.10207 | quality: -2.64011

Epoch 10 | Train: loss: 9.63828 | quality: -1.52906
        | Val:   loss: 12.87231 | quality: -2.57628

Epoch 11 | Train: loss: 9.58506 | quality: -1.51509
        | Val:   loss: 12.83500 | quality: -2.56591

Epoch 12 | Train: loss: 9.50668 | quality: -1.49453
        | Val:   loss: 13.04088 | quality: -2.62311


⏸ Early stopping at epoch 12 (best was epoch 2)
[2026-05-02 22:27:00,159][__main__][INFO] - ✓ DONE TNML_F/obesity/NTN L=3 bd=4 seed=42 -> /zhome/6b/e/212868/GTN/outputs/ntn/obesity/TNML_F_rg5_init0.1/L3_bd4_seed42 | val=-2.2402
[2026-05-02 22:27:00,162][HYDRA] 	#26 : model.L=3 model.bond_dim=4 seed=10090 trainer.ridge=5 trainer.ridge_decay=0.25 trainer.ridge_min=0.0001 +experiment=uci_ntn_sweep model=tnml_f dataset=obesity
[2026-05-02 22:27:00,349][__main__][INFO] - ▶ RUN TNML_F/obesity/NTN L=3 bd=4 seed=10090 -> /zhome/6b/e/212868/GTN/outputs/ntn/obesity/TNML_F_rg5_init0.1/L3_bd4_seed10090
Starting Fit: 20 epochs.
Sweep Order: ['Node0', 'Node1', 'Node2', 'Node3', 'Node4', 'Node5', 'Node6', 'Node7', 'Node8', 'Node9', 'Node10', 'Node11', 'Node12', 'Node13', 'Node14', 'Node15', 'Node16', 'Node17', 'Node18', 'Node19', 'Node20', 'Node21', 'Node22', 'Node23', 'Node24', 'Node25', 'Node26', 'Node27', 'Node28', 'Node29', 'Node30', 'Node31', 'Node32', 'Node33', 'Node34', 'Node35', 'Node36', 'Node37', 'Node38', 'Node37', 'Node36', 'Node35', 'Node34', 'Node33', 'Node32', 'Node31', 'Node30', 'Node29', 'Node28', 'Node27', 'Node26', 'Node25', 'Node24', 'Node23', 'Node22', 'Node21', 'Node20', 'Node19', 'Node18', 'Node17', 'Node16', 'Node15', 'Node14', 'Node13', 'Node12', 'Node11', 'Node10', 'Node9', 'Node8', 'Node7', 'Node6', 'Node5', 'Node4', 'Node3', 'Node2', 'Node1']
Validation: Using separate validation set for best model selection
Early stopping: patience=10, min_delta=0.001
Init    | Train: loss: 13.08043 | quality: -2.43227
        | Val:   loss: 12.69342 | quality: -2.52658
Epoch 1 | Train: loss: 12.67499 | quality: -2.32588
        | Val:   loss: 12.45112 | quality: -2.45926
 *
Epoch 2 | Train: loss: 12.19251 | quality: -2.19928
        | Val:   loss: 11.93828 | quality: -2.31678
 *
Epoch 3 | Train: loss: 11.91238 | quality: -2.12577
        | Val:   loss: 11.84497 | quality: -2.29086
 *
Epoch 4 | Train: loss: 11.57602 | quality: -2.03752
        | Val:   loss: 11.65218 | quality: -2.23729
 *
Epoch 5 | Train: loss: 11.36568 | quality: -1.98232
        | Val:   loss: 11.71127 | quality: -2.25371

Epoch 6 | Train: loss: 11.25339 | quality: -1.95286
        | Val:   loss: 11.74200 | quality: -2.26225

Epoch 7 | Train: loss: 10.86041 | quality: -1.84974
        | Val:   loss: 12.12800 | quality: -2.36949

Epoch 8 | Train: loss: 10.14459 | quality: -1.66191
        | Val:   loss: 11.19004 | quality: -2.10890
 *
Epoch 9 | Train: loss: 9.59269 | quality: -1.51709
        | Val:   loss: 11.12734 | quality: -2.09148
 *
Epoch 10 | Train: loss: 9.45151 | quality: -1.48005
        | Val:   loss: 11.67991 | quality: -2.24500

Epoch 11 | Train: loss: 9.38485 | quality: -1.46256
        | Val:   loss: 12.20219 | quality: -2.39010

Epoch 12 | Train: loss: 9.32395 | quality: -1.44658
        | Val:   loss: 13.91341 | quality: -2.86553

Epoch 13 | Train: loss: 9.29353 | quality: -1.43860
        | Val:   loss: 15.36482 | quality: -3.26877

Epoch 14 | Train: loss: 9.27323 | quality: -1.43327
        | Val:   loss: 16.57482 | quality: -3.60494

Epoch 15 | Train: loss: 9.25748 | quality: -1.42914
        | Val:   loss: 17.86604 | quality: -3.96367

Epoch 16 | Train: loss: 9.24543 | quality: -1.42598
        | Val:   loss: 19.33674 | quality: -4.37227

Epoch 17 | Train: loss: 9.23643 | quality: -1.42361
        | Val:   loss: 20.99789 | quality: -4.83378

Epoch 18 | Train: loss: 9.22962 | quality: -1.42183
        | Val:   loss: 22.78908 | quality: -5.33143

Epoch 19 | Train: loss: 9.22407 | quality: -1.42037
        | Val:   loss: 24.66352 | quality: -5.85220


⏸ Early stopping at epoch 19 (best was epoch 9)
[2026-05-02 22:31:39,340][__main__][INFO] - ✓ DONE TNML_F/obesity/NTN L=3 bd=4 seed=10090 -> /zhome/6b/e/212868/GTN/outputs/ntn/obesity/TNML_F_rg5_init0.1/L3_bd4_seed10090 | val=-2.0915
[2026-05-02 22:31:39,344][HYDRA] 	#27 : model.L=3 model.bond_dim=4 seed=32874 trainer.ridge=5 trainer.ridge_decay=0.25 trainer.ridge_min=0.0001 +experiment=uci_ntn_sweep model=tnml_f dataset=obesity
[2026-05-02 22:31:39,511][__main__][INFO] - ▶ RUN TNML_F/obesity/NTN L=3 bd=4 seed=32874 -> /zhome/6b/e/212868/GTN/outputs/ntn/obesity/TNML_F_rg5_init0.1/L3_bd4_seed32874
Starting Fit: 20 epochs.
Sweep Order: ['Node0', 'Node1', 'Node2', 'Node3', 'Node4', 'Node5', 'Node6', 'Node7', 'Node8', 'Node9', 'Node10', 'Node11', 'Node12', 'Node13', 'Node14', 'Node15', 'Node16', 'Node17', 'Node18', 'Node19', 'Node20', 'Node21', 'Node22', 'Node23', 'Node24', 'Node25', 'Node26', 'Node27', 'Node28', 'Node29', 'Node30', 'Node31', 'Node32', 'Node33', 'Node34', 'Node35', 'Node36', 'Node37', 'Node38', 'Node37', 'Node36', 'Node35', 'Node34', 'Node33', 'Node32', 'Node31', 'Node30', 'Node29', 'Node28', 'Node27', 'Node26', 'Node25', 'Node24', 'Node23', 'Node22', 'Node21', 'Node20', 'Node19', 'Node18', 'Node17', 'Node16', 'Node15', 'Node14', 'Node13', 'Node12', 'Node11', 'Node10', 'Node9', 'Node8', 'Node7', 'Node6', 'Node5', 'Node4', 'Node3', 'Node2', 'Node1']
Validation: Using separate validation set for best model selection
Early stopping: patience=10, min_delta=0.001
Init    | Train: loss: 13.11110 | quality: -2.44032
        | Val:   loss: 12.56287 | quality: -2.49031
Epoch 1 | Train: loss: 12.58273 | quality: -2.30167
        | Val:   loss: 12.13511 | quality: -2.37146
 *
Epoch 2 | Train: loss: 12.47283 | quality: -2.27284
        | Val:   loss: 12.10814 | quality: -2.36397
 *
Epoch 3 | Train: loss: 12.24116 | quality: -2.21205
        | Val:   loss: 11.85875 | quality: -2.29468
 *
Epoch 4 | Train: loss: 12.00754 | quality: -2.15075
        | Val:   loss: 11.64108 | quality: -2.23421
 *
Epoch 5 | Train: loss: 11.90598 | quality: -2.12410
        | Val:   loss: 11.64936 | quality: -2.23651

Epoch 6 | Train: loss: 11.82911 | quality: -2.10393
        | Val:   loss: 11.60269 | quality: -2.22354
 *
Epoch 7 | Train: loss: 11.37792 | quality: -1.98553
        | Val:   loss: 11.82874 | quality: -2.28635

Epoch 8 | Train: loss: 11.13747 | quality: -1.92244
        | Val:   loss: 11.53090 | quality: -2.20360
 *
Epoch 9 | Train: loss: 10.96642 | quality: -1.87756
        | Val:   loss: 11.63351 | quality: -2.23211

Epoch 10 | Train: loss: 10.54877 | quality: -1.76797
        | Val:   loss: 13.24431 | quality: -2.67963

Epoch 11 | Train: loss: 10.05019 | quality: -1.63714
        | Val:   loss: 15.39688 | quality: -3.27767

Epoch 12 | Train: loss: 9.89840 | quality: -1.59731
        | Val:   loss: 15.75361 | quality: -3.37678

Epoch 13 | Train: loss: 9.83244 | quality: -1.58001
        | Val:   loss: 15.43909 | quality: -3.28940

Epoch 14 | Train: loss: 9.71525 | quality: -1.54925
        | Val:   loss: 14.84684 | quality: -3.12486

Epoch 15 | Train: loss: 9.62636 | quality: -1.52593
        | Val:   loss: 15.07959 | quality: -3.18952

Epoch 16 | Train: loss: 9.57520 | quality: -1.51251
        | Val:   loss: 15.40120 | quality: -3.27887

Epoch 17 | Train: loss: 9.54391 | quality: -1.50430
        | Val:   loss: 15.77224 | quality: -3.38196

Epoch 18 | Train: loss: 9.52503 | quality: -1.49934
        | Val:   loss: 16.15234 | quality: -3.48756


⏸ Early stopping at epoch 18 (best was epoch 8)
[2026-05-02 22:36:32,794][__main__][INFO] - ✓ DONE TNML_F/obesity/NTN L=3 bd=4 seed=32874 -> /zhome/6b/e/212868/GTN/outputs/ntn/obesity/TNML_F_rg5_init0.1/L3_bd4_seed32874 | val=-2.2036
[2026-05-02 22:36:32,797][HYDRA] 	#28 : model.L=3 model.bond_dim=4 seed=47311 trainer.ridge=5 trainer.ridge_decay=0.25 trainer.ridge_min=0.0001 +experiment=uci_ntn_sweep model=tnml_f dataset=obesity
[2026-05-02 22:36:32,959][__main__][INFO] - ▶ RUN TNML_F/obesity/NTN L=3 bd=4 seed=47311 -> /zhome/6b/e/212868/GTN/outputs/ntn/obesity/TNML_F_rg5_init0.1/L3_bd4_seed47311
Starting Fit: 20 epochs.
Sweep Order: ['Node0', 'Node1', 'Node2', 'Node3', 'Node4', 'Node5', 'Node6', 'Node7', 'Node8', 'Node9', 'Node10', 'Node11', 'Node12', 'Node13', 'Node14', 'Node15', 'Node16', 'Node17', 'Node18', 'Node19', 'Node20', 'Node21', 'Node22', 'Node23', 'Node24', 'Node25', 'Node26', 'Node27', 'Node28', 'Node29', 'Node30', 'Node31', 'Node32', 'Node33', 'Node34', 'Node35', 'Node36', 'Node37', 'Node38', 'Node37', 'Node36', 'Node35', 'Node34', 'Node33', 'Node32', 'Node31', 'Node30', 'Node29', 'Node28', 'Node27', 'Node26', 'Node25', 'Node24', 'Node23', 'Node22', 'Node21', 'Node20', 'Node19', 'Node18', 'Node17', 'Node16', 'Node15', 'Node14', 'Node13', 'Node12', 'Node11', 'Node10', 'Node9', 'Node8', 'Node7', 'Node6', 'Node5', 'Node4', 'Node3', 'Node2', 'Node1']
Validation: Using separate validation set for best model selection
Early stopping: patience=10, min_delta=0.001
Init    | Train: loss: 13.08690 | quality: -2.43397
        | Val:   loss: 12.57936 | quality: -2.49489
Epoch 1 | Train: loss: 13.00490 | quality: -2.41245
        | Val:   loss: 12.65895 | quality: -2.51700

Epoch 2 | Train: loss: 12.88703 | quality: -2.38152
        | Val:   loss: 12.82307 | quality: -2.56260

Epoch 3 | Train: loss: 12.66963 | quality: -2.32448
        | Val:   loss: 13.41994 | quality: -2.72843

Epoch 4 | Train: loss: 12.38310 | quality: -2.24929
        | Val:   loss: 13.70385 | quality: -2.80730

Epoch 5 | Train: loss: 11.78603 | quality: -2.09262
        | Val:   loss: 12.44431 | quality: -2.45737
 *
Epoch 6 | Train: loss: 11.49340 | quality: -2.01584
        | Val:   loss: 12.90465 | quality: -2.58526

Epoch 7 | Train: loss: 10.98036 | quality: -1.88122
        | Val:   loss: 13.02105 | quality: -2.61760

Epoch 8 | Train: loss: 10.65686 | quality: -1.79633
        | Val:   loss: 12.14061 | quality: -2.37299
 *
Epoch 9 | Train: loss: 10.28531 | quality: -1.69884
        | Val:   loss: 12.01685 | quality: -2.33861
 *
Epoch 10 | Train: loss: 9.88625 | quality: -1.59413
        | Val:   loss: 12.73369 | quality: -2.53777

Epoch 11 | Train: loss: 9.58718 | quality: -1.51565
        | Val:   loss: 13.08299 | quality: -2.63481

Epoch 12 | Train: loss: 9.43677 | quality: -1.47618
        | Val:   loss: 14.09025 | quality: -2.91465

Epoch 13 | Train: loss: 9.37932 | quality: -1.46111
        | Val:   loss: 13.71874 | quality: -2.81144

Epoch 14 | Train: loss: 9.34680 | quality: -1.45257
        | Val:   loss: 13.36441 | quality: -2.71300

Epoch 15 | Train: loss: 9.32351 | quality: -1.44646
        | Val:   loss: 13.13612 | quality: -2.64957

Epoch 16 | Train: loss: 9.30547 | quality: -1.44173
        | Val:   loss: 12.96804 | quality: -2.60287

Epoch 17 | Train: loss: 9.29084 | quality: -1.43789
        | Val:   loss: 12.84865 | quality: -2.56970

Epoch 18 | Train: loss: 9.27879 | quality: -1.43473
        | Val:   loss: 12.77025 | quality: -2.54792

Epoch 19 | Train: loss: 9.26830 | quality: -1.43198
        | Val:   loss: 12.73930 | quality: -2.53933


⏸ Early stopping at epoch 19 (best was epoch 9)
[2026-05-02 22:39:30,096][__main__][INFO] - ✓ DONE TNML_F/obesity/NTN L=3 bd=4 seed=47311 -> /zhome/6b/e/212868/GTN/outputs/ntn/obesity/TNML_F_rg5_init0.1/L3_bd4_seed47311 | val=-2.3386
[2026-05-02 22:39:30,099][HYDRA] 	#29 : model.L=3 model.bond_dim=4 seed=47303 trainer.ridge=5 trainer.ridge_decay=0.25 trainer.ridge_min=0.0001 +experiment=uci_ntn_sweep model=tnml_f dataset=obesity
[2026-05-02 22:39:30,543][__main__][INFO] - ▶ RUN TNML_F/obesity/NTN L=3 bd=4 seed=47303 -> /zhome/6b/e/212868/GTN/outputs/ntn/obesity/TNML_F_rg5_init0.1/L3_bd4_seed47303
Starting Fit: 20 epochs.
Sweep Order: ['Node0', 'Node1', 'Node2', 'Node3', 'Node4', 'Node5', 'Node6', 'Node7', 'Node8', 'Node9', 'Node10', 'Node11', 'Node12', 'Node13', 'Node14', 'Node15', 'Node16', 'Node17', 'Node18', 'Node19', 'Node20', 'Node21', 'Node22', 'Node23', 'Node24', 'Node25', 'Node26', 'Node27', 'Node28', 'Node29', 'Node30', 'Node31', 'Node32', 'Node33', 'Node34', 'Node35', 'Node36', 'Node37', 'Node38', 'Node37', 'Node36', 'Node35', 'Node34', 'Node33', 'Node32', 'Node31', 'Node30', 'Node29', 'Node28', 'Node27', 'Node26', 'Node25', 'Node24', 'Node23', 'Node22', 'Node21', 'Node20', 'Node19', 'Node18', 'Node17', 'Node16', 'Node15', 'Node14', 'Node13', 'Node12', 'Node11', 'Node10', 'Node9', 'Node8', 'Node7', 'Node6', 'Node5', 'Node4', 'Node3', 'Node2', 'Node1']
Validation: Using separate validation set for best model selection
Early stopping: patience=10, min_delta=0.001
Init    | Train: loss: 13.08990 | quality: -2.43475
        | Val:   loss: 12.58192 | quality: -2.49560
Epoch 1 | Train: loss: 12.95187 | quality: -2.39854
        | Val:   loss: 12.42294 | quality: -2.45143
 *
Epoch 2 | Train: loss: 12.92720 | quality: -2.39206
        | Val:   loss: 12.35357 | quality: -2.43216
 *
Epoch 3 | Train: loss: 12.82279 | quality: -2.36466
        | Val:   loss: 12.17764 | quality: -2.38328
 *
Epoch 4 | Train: loss: 12.77833 | quality: -2.35300
        | Val:   loss: 12.18807 | quality: -2.38618

Epoch 5 | Train: loss: 12.59355 | quality: -2.30451
        | Val:   loss: 12.34671 | quality: -2.43025

Epoch 6 | Train: loss: 12.40330 | quality: -2.25459
        | Val:   loss: 12.15409 | quality: -2.37674
 *
Epoch 7 | Train: loss: 12.05277 | quality: -2.16262
        | Val:   loss: 11.94763 | quality: -2.31938
 *
Epoch 8 | Train: loss: 11.88367 | quality: -2.11824
        | Val:   loss: 12.06333 | quality: -2.35152

Epoch 9 | Train: loss: 11.36004 | quality: -1.98084
        | Val:   loss: 13.12214 | quality: -2.64569

Epoch 10 | Train: loss: 10.63585 | quality: -1.79082
        | Val:   loss: 13.78115 | quality: -2.82878

Epoch 11 | Train: loss: 10.06453 | quality: -1.64090
        | Val:   loss: 17.66127 | quality: -3.90678

Epoch 12 | Train: loss: 9.91535 | quality: -1.60176
        | Val:   loss: 17.40306 | quality: -3.83504

Epoch 13 | Train: loss: 9.81816 | quality: -1.57626
        | Val:   loss: 16.02244 | quality: -3.45147

Epoch 14 | Train: loss: 9.73688 | quality: -1.55493
        | Val:   loss: 16.43364 | quality: -3.56571

Epoch 15 | Train: loss: 9.64313 | quality: -1.53033
        | Val:   loss: 17.41482 | quality: -3.83831

Epoch 16 | Train: loss: 9.57482 | quality: -1.51241
        | Val:   loss: 17.93918 | quality: -3.98399

Epoch 17 | Train: loss: 9.52921 | quality: -1.50044
        | Val:   loss: 17.56735 | quality: -3.88069


⏸ Early stopping at epoch 17 (best was epoch 7)
[2026-05-02 22:42:55,956][__main__][INFO] - ✓ DONE TNML_F/obesity/NTN L=3 bd=4 seed=47303 -> /zhome/6b/e/212868/GTN/outputs/ntn/obesity/TNML_F_rg5_init0.1/L3_bd4_seed47303 | val=-2.3194

------------------------------------------------------------
Sender: LSF System <lsfadmin@hpc.dtu.dk>
Subject: Job 28338018[89]: <ntn_grid_full[1-150]%20> in cluster <dcc> Done

Job <ntn_grid_full[1-150]%20> was submitted from host <hpclogin1> by user <nicci> in cluster <dcc> at Sat May  2 18:52:02 2026
Job was executed on host(s) <6*n-62-30-24>, in queue <hpc>, as user <nicci> in cluster <dcc> at Sat May  2 21:00:56 2026
</zhome/6b/e/212868> was used as the home directory.
</zhome/6b/e/212868/GTN> was used as the working directory.
Started at Sat May  2 21:00:56 2026
Terminated at Sat May  2 22:43:09 2026
Results reported at Sat May  2 22:43:09 2026

Your job looked like:

------------------------------------------------------------
# LSBATCH: User input
#!/bin/bash
#BSUB -q hpc
#BSUB -J "ntn_grid_full[1-150]%20"
#BSUB -W 8:00
#BSUB -n 6
#BSUB -R "rusage[mem=750MB]"
#BSUB -R "span[hosts=1]"
#BSUB -o logs/%J_%I.out
#BSUB -e logs/%J_%I.err

MODELS=("cpda" "cpda_typei" "lmpo2" "lmpo2_typei" "mpo2" "mpo2_typei" "mmpo2" "mmpo2_typei" "tnml_f" "tnml_p")

DATASETS=(
    "abalone" "adult" "ai4i" "appliances" "bank" "bike" "breast"
    "car_evaluation" "concrete" "energy_efficiency" "hearth"
    "iris" "mushrooms" "obesity" "popularity" "realstate"
    "seoulBike" "student_dropout" "student_perf" "wine"
    "winequalityc"
)

COMPLETED_DATASETS=(
    "abalone" "bike" "concrete" "energy_efficiency"
    "iris" "realstate" )

# Filter datasets
FILTERED_DATASETS=()
for ds in "${DATASETS[@]}"; do
    skip=false
    for completed in "${COMPLETED_DATASETS[@]}"; do
        if [[ "$ds" == "$completed" ]]; then
            skip=true
            break
        fi
    done

    if ! $skip; then
        FILTERED_DATASETS+=("$ds")
    fi
done

DATASETS=("${FILTERED_DATASETS[@]}")

NUM_MODELS=${#MODELS[@]}
NUM_DATASETS=${#DATASETS[@]}
NUM_EXPERIMENTS=$((NUM_DATASETS * NUM_MODELS))

if [ "$1" == "test" ]; then
    echo "SIMULATING ARRAY:"
    echo "-----------------"


(... more ...)
------------------------------------------------------------

Successfully completed.

Resource usage summary:

    CPU time :                                   30850.00 sec.
    Max Memory :                                 778 MB
    Average Memory :                             587.89 MB
    Total Requested Memory :                     4500.00 MB
    Delta Memory :                               3722.00 MB
    Max Swap :                                   -
    Max Processes :                              12
    Max Threads :                                65
    Run time :                                   6133 sec.
    Turnaround time :                            13867 sec.

The output (if any) is above this job summary.



PS:

Read file <logs/28338018_89.err> for stderr output of this job.

