Task 58: Dataset=car_evaluation, Model=mmpo2_typei, Experiment=uci_ntn_sweep
[2026-05-02 20:23:35,539][HYDRA] Launching 30 jobs locally
[2026-05-02 20:23:35,539][HYDRA] 	#0 : model.L=4 model.bond_dim=12 seed=42 trainer.ridge=5 trainer.ridge_decay=0.25 trainer.ridge_min=0.0001 +experiment=uci_ntn_sweep model=mmpo2_typei dataset=car_evaluation
[2026-05-02 20:23:36,092][utils.tracking][INFO] - Loaded 17971 tracked runs from runs_tracking.csv
[2026-05-02 20:23:36,095][__main__][INFO] - ▶ RUN MMPO2TypeI/car_evaluation/NTN L=4 bd=12 seed=42 -> /zhome/6b/e/212868/GTN/outputs/ntn/car_evaluation/MMPO2TypeI_rg5_init0.1/L4_bd12_seed42
Starting Ensemble Fit: 20 epochs
Models: [(1, 1), (2, 2), (3, 3), (4, 4)]
Total nodes: 10
Validation: Using separate validation set
Early stopping: patience=10, min_delta=0.001
Init    | Train: loss: 1.34794 | quality: 0.32837
        | Val:   loss: 1.35548 | quality: 0.35521

Epoch 1 | Train: loss: 0.04393 | quality: 0.99669
        | Val:   loss: 0.07928 | quality: 0.98069
 *
Epoch 2 | Train: loss: 0.00195 | quality: 1.00000
        | Val:   loss: 0.01731 | quality: 0.99228
 *
Epoch 3 | Train: loss: 0.00001 | quality: 1.00000
        | Val:   loss: 0.00496 | quality: 0.99614
 *
Epoch 4 | Train: loss: 0.00000 | quality: 1.00000
        | Val:   loss: 0.00200 | quality: 1.00000
 *
Epoch 5 | Train: loss: 0.00000 | quality: 1.00000
        | Val:   loss: 0.00096 | quality: 1.00000

Epoch 6 | Train: loss: 0.00000 | quality: 1.00000
        | Val:   loss: 0.00040 | quality: 1.00000

Epoch 7 | Train: loss: 7690669254145231644011298042638193219600384.00000 | quality: 0.80314
        | Val:   loss: 7493043027904808577121708208761363811532800.00000 | quality: 0.81467


✗ NaN loss at epoch 8 - stopping training
[2026-05-02 20:26:54,754][__main__][WARNING] - ✗ SINGULAR MMPO2TypeI/car_evaluation/NTN L=4 bd=12 seed=42 -> /zhome/6b/e/212868/GTN/outputs/ntn/car_evaluation/MMPO2TypeI_rg5_init0.1/L4_bd12_seed42 | val=1.0000
[2026-05-02 20:26:54,758][HYDRA] 	#1 : model.L=4 model.bond_dim=12 seed=10090 trainer.ridge=5 trainer.ridge_decay=0.25 trainer.ridge_min=0.0001 +experiment=uci_ntn_sweep model=mmpo2_typei dataset=car_evaluation
[2026-05-02 20:26:54,934][__main__][INFO] - ▶ RUN MMPO2TypeI/car_evaluation/NTN L=4 bd=12 seed=10090 -> /zhome/6b/e/212868/GTN/outputs/ntn/car_evaluation/MMPO2TypeI_rg5_init0.1/L4_bd12_seed10090
Starting Ensemble Fit: 20 epochs
Models: [(1, 1), (2, 2), (3, 3), (4, 4)]
Total nodes: 10
Validation: Using separate validation set
Early stopping: patience=10, min_delta=0.001
Init    | Train: loss: 1.35732 | quality: 0.36476
        | Val:   loss: 1.33007 | quality: 0.37838

Epoch 1 | Train: loss: 0.06000 | quality: 0.99586
        | Val:   loss: 0.11785 | quality: 0.96525
 *
Epoch 2 | Train: loss: 0.00229 | quality: 1.00000
        | Val:   loss: 0.04599 | quality: 0.98456
 *
Epoch 3 | Train: loss: 0.00001 | quality: 1.00000
        | Val:   loss: 0.02767 | quality: 0.99228
 *
Epoch 4 | Train: loss: 0.00000 | quality: 1.00000
        | Val:   loss: 0.02783 | quality: 0.99228

Epoch 5 | Train: loss: 0.00000 | quality: 1.00000
        | Val:   loss: 0.03152 | quality: 0.98842

Epoch 6 | Train: loss: 0.00000 | quality: 1.00000
        | Val:   loss: 0.03178 | quality: 0.98842

Epoch 7 | Train: loss: 0.00000 | quality: 1.00000
        | Val:   loss: 0.02058 | quality: 0.98842

Epoch 8 | Train: loss: 0.00000 | quality: 1.00000
        | Val:   loss: 0.00163 | quality: 1.00000
 *
Epoch 9 | Train: loss: 35744313129707502899602226043720076622873417115832543277998071550503104640056332333875200.00000 | quality: 0.70471
        | Val:   loss: 37077621026776410256015895815574675846254127064902703294931505699770609018419191306256384.00000 | quality: 0.68726


✗ NaN loss at epoch 10 - stopping training
[2026-05-02 20:30:37,924][__main__][WARNING] - ✗ SINGULAR MMPO2TypeI/car_evaluation/NTN L=4 bd=12 seed=10090 -> /zhome/6b/e/212868/GTN/outputs/ntn/car_evaluation/MMPO2TypeI_rg5_init0.1/L4_bd12_seed10090 | val=1.0000
[2026-05-02 20:30:37,928][HYDRA] 	#2 : model.L=4 model.bond_dim=12 seed=32874 trainer.ridge=5 trainer.ridge_decay=0.25 trainer.ridge_min=0.0001 +experiment=uci_ntn_sweep model=mmpo2_typei dataset=car_evaluation
[2026-05-02 20:30:38,087][__main__][INFO] - ▶ RUN MMPO2TypeI/car_evaluation/NTN L=4 bd=12 seed=32874 -> /zhome/6b/e/212868/GTN/outputs/ntn/car_evaluation/MMPO2TypeI_rg5_init0.1/L4_bd12_seed32874
Starting Ensemble Fit: 20 epochs
Models: [(1, 1), (2, 2), (3, 3), (4, 4)]
Total nodes: 10
Validation: Using separate validation set
Early stopping: patience=10, min_delta=0.001
Init    | Train: loss: 1.29576 | quality: 0.39950
        | Val:   loss: 1.33199 | quality: 0.34749

Epoch 1 | Train: loss: 0.06030 | quality: 0.99835
        | Val:   loss: 0.09953 | quality: 0.97683
 *
Epoch 2 | Train: loss: 0.00242 | quality: 1.00000
        | Val:   loss: 0.01139 | quality: 1.00000
 *
Epoch 3 | Train: loss: 0.00001 | quality: 1.00000
        | Val:   loss: 0.00161 | quality: 1.00000

Epoch 4 | Train: loss: 0.00000 | quality: 1.00000
        | Val:   loss: 0.00044 | quality: 1.00000

Epoch 5 | Train: loss: 0.00000 | quality: 1.00000
        | Val:   loss: 0.00012 | quality: 1.00000

Epoch 6 | Train: loss: 0.00000 | quality: 1.00000
        | Val:   loss: 0.00003 | quality: 1.00000


✗ NaN loss at epoch 7 - stopping training
[2026-05-02 20:33:10,459][__main__][WARNING] - ✗ SINGULAR MMPO2TypeI/car_evaluation/NTN L=4 bd=12 seed=32874 -> /zhome/6b/e/212868/GTN/outputs/ntn/car_evaluation/MMPO2TypeI_rg5_init0.1/L4_bd12_seed32874 | val=1.0000
[2026-05-02 20:33:10,463][HYDRA] 	#3 : model.L=4 model.bond_dim=12 seed=47311 trainer.ridge=5 trainer.ridge_decay=0.25 trainer.ridge_min=0.0001 +experiment=uci_ntn_sweep model=mmpo2_typei dataset=car_evaluation
[2026-05-02 20:33:10,628][__main__][INFO] - ▶ RUN MMPO2TypeI/car_evaluation/NTN L=4 bd=12 seed=47311 -> /zhome/6b/e/212868/GTN/outputs/ntn/car_evaluation/MMPO2TypeI_rg5_init0.1/L4_bd12_seed47311
Starting Ensemble Fit: 20 epochs
Models: [(1, 1), (2, 2), (3, 3), (4, 4)]
Total nodes: 10
Validation: Using separate validation set
Early stopping: patience=10, min_delta=0.001
Init    | Train: loss: 1.38918 | quality: 0.33747
        | Val:   loss: 1.40965 | quality: 0.31274

Epoch 1 | Train: loss: 0.05133 | quality: 0.99835
        | Val:   loss: 0.08658 | quality: 0.98069
 *
Epoch 2 | Train: loss: 0.00211 | quality: 1.00000
        | Val:   loss: 0.02036 | quality: 0.99228
 *
Epoch 3 | Train: loss: 0.00001 | quality: 1.00000
        | Val:   loss: 0.00456 | quality: 0.99614
 *
Epoch 4 | Train: loss: 0.00000 | quality: 1.00000
        | Val:   loss: 0.00270 | quality: 1.00000
 *
Epoch 5 | Train: loss: 0.00000 | quality: 1.00000
        | Val:   loss: 0.00255 | quality: 1.00000

Epoch 6 | Train: loss: 0.00000 | quality: 1.00000
        | Val:   loss: 0.00187 | quality: 1.00000

Epoch 7 | Train: loss: 0.00000 | quality: 1.00000
        | Val:   loss: 0.02556 | quality: 0.99228

Epoch 8 | Train: loss: 1312589943227602742262102870949078348333056.00000 | quality: 0.46237
        | Val:   loss: 1508842924777771645310242281731947031953408.00000 | quality: 0.42471


✗ NaN loss at epoch 9 - stopping training
[2026-05-02 20:36:28,609][__main__][WARNING] - ✗ SINGULAR MMPO2TypeI/car_evaluation/NTN L=4 bd=12 seed=47311 -> /zhome/6b/e/212868/GTN/outputs/ntn/car_evaluation/MMPO2TypeI_rg5_init0.1/L4_bd12_seed47311 | val=1.0000
[2026-05-02 20:36:28,613][HYDRA] 	#4 : model.L=4 model.bond_dim=12 seed=47303 trainer.ridge=5 trainer.ridge_decay=0.25 trainer.ridge_min=0.0001 +experiment=uci_ntn_sweep model=mmpo2_typei dataset=car_evaluation
[2026-05-02 20:36:28,777][__main__][INFO] - ▶ RUN MMPO2TypeI/car_evaluation/NTN L=4 bd=12 seed=47303 -> /zhome/6b/e/212868/GTN/outputs/ntn/car_evaluation/MMPO2TypeI_rg5_init0.1/L4_bd12_seed47303
Starting Ensemble Fit: 20 epochs
Models: [(1, 1), (2, 2), (3, 3), (4, 4)]
Total nodes: 10
Validation: Using separate validation set
Early stopping: patience=10, min_delta=0.001
Init    | Train: loss: 1.25780 | quality: 0.44334
        | Val:   loss: 1.24503 | quality: 0.51737

Epoch 1 | Train: loss: 0.06528 | quality: 0.99752
        | Val:   loss: 0.09555 | quality: 0.97297
 *
Epoch 2 | Train: loss: 0.00216 | quality: 1.00000
        | Val:   loss: 0.01634 | quality: 0.99228
 *
Epoch 3 | Train: loss: 0.00001 | quality: 1.00000
        | Val:   loss: 0.00511 | quality: 1.00000
 *
Epoch 4 | Train: loss: 0.00000 | quality: 1.00000
        | Val:   loss: 0.00206 | quality: 1.00000

Epoch 5 | Train: loss: 0.00000 | quality: 1.00000
        | Val:   loss: 0.00101 | quality: 1.00000

Epoch 6 | Train: loss: 64428.55664 | quality: 0.16377
        | Val:   loss: 55812.14187 | quality: 0.17761

Epoch 7 | Train: loss: 34947081293569121810508998272072253328402620679200905133548719210283624223891579038901207040.00000 | quality: 0.68321
        | Val:   loss: 26439626291778318516100089856923988250790395826030349891850260940062536692831583285152841728.00000 | quality: 0.66409


✗ NaN loss at epoch 8 - stopping training
[2026-05-02 20:39:30,809][__main__][WARNING] - ✗ SINGULAR MMPO2TypeI/car_evaluation/NTN L=4 bd=12 seed=47303 -> /zhome/6b/e/212868/GTN/outputs/ntn/car_evaluation/MMPO2TypeI_rg5_init0.1/L4_bd12_seed47303 | val=1.0000
[2026-05-02 20:39:30,813][HYDRA] 	#5 : model.L=4 model.bond_dim=8 seed=42 trainer.ridge=5 trainer.ridge_decay=0.25 trainer.ridge_min=0.0001 +experiment=uci_ntn_sweep model=mmpo2_typei dataset=car_evaluation
[2026-05-02 20:39:30,987][__main__][INFO] - ▶ RUN MMPO2TypeI/car_evaluation/NTN L=4 bd=8 seed=42 -> /zhome/6b/e/212868/GTN/outputs/ntn/car_evaluation/MMPO2TypeI_rg5_init0.1/L4_bd8_seed42
Starting Ensemble Fit: 20 epochs
Models: [(1, 1), (2, 2), (3, 3), (4, 4)]
Total nodes: 10
Validation: Using separate validation set
Early stopping: patience=10, min_delta=0.001
Init    | Train: loss: 1.27844 | quality: 0.44500
        | Val:   loss: 1.29328 | quality: 0.44788

Epoch 1 | Train: loss: 0.11103 | quality: 0.98842
        | Val:   loss: 0.15419 | quality: 0.94981
 *
Epoch 2 | Train: loss: 0.00974 | quality: 1.00000
        | Val:   loss: 0.04364 | quality: 0.97683
 *
Epoch 3 | Train: loss: 0.00014 | quality: 1.00000
        | Val:   loss: 0.00991 | quality: 0.99614
 *
Epoch 4 | Train: loss: 0.00000 | quality: 1.00000
        | Val:   loss: 0.00265 | quality: 1.00000
 *
Epoch 5 | Train: loss: 0.00000 | quality: 1.00000
        | Val:   loss: 0.00128 | quality: 1.00000

Epoch 6 | Train: loss: 0.00000 | quality: 1.00000
        | Val:   loss: 0.00075 | quality: 1.00000

Epoch 7 | Train: loss: 0.00000 | quality: 1.00000
        | Val:   loss: 0.04705 | quality: 0.99228

Epoch 8 | Train: loss: 0.00000 | quality: 1.00000
        | Val:   loss: 0.04923 | quality: 0.99228

Epoch 9 | Train: loss: 0.00001 | quality: 1.00000
        | Val:   loss: 0.09275 | quality: 0.98456

Epoch 10 | Train: loss: 313560041513886559152071774901860480778965614592.00000 | quality: 0.22002
        | Val:   loss: 282212307386096590038505067387035451090211438592.00000 | quality: 0.22008


✗ NaN loss at epoch 11 - stopping training
[2026-05-02 20:41:54,291][__main__][WARNING] - ✗ SINGULAR MMPO2TypeI/car_evaluation/NTN L=4 bd=8 seed=42 -> /zhome/6b/e/212868/GTN/outputs/ntn/car_evaluation/MMPO2TypeI_rg5_init0.1/L4_bd8_seed42 | val=1.0000
[2026-05-02 20:41:54,295][HYDRA] 	#6 : model.L=4 model.bond_dim=8 seed=10090 trainer.ridge=5 trainer.ridge_decay=0.25 trainer.ridge_min=0.0001 +experiment=uci_ntn_sweep model=mmpo2_typei dataset=car_evaluation
[2026-05-02 20:41:54,470][__main__][INFO] - ▶ RUN MMPO2TypeI/car_evaluation/NTN L=4 bd=8 seed=10090 -> /zhome/6b/e/212868/GTN/outputs/ntn/car_evaluation/MMPO2TypeI_rg5_init0.1/L4_bd8_seed10090
Starting Ensemble Fit: 20 epochs
Models: [(1, 1), (2, 2), (3, 3), (4, 4)]
Total nodes: 10
Validation: Using separate validation set
Early stopping: patience=10, min_delta=0.001
Init    | Train: loss: 1.40230 | quality: 0.27874
        | Val:   loss: 1.37378 | quality: 0.32046

Epoch 1 | Train: loss: 0.12082 | quality: 0.97601
        | Val:   loss: 0.17292 | quality: 0.94208
 *
Epoch 2 | Train: loss: 0.00950 | quality: 1.00000
        | Val:   loss: 0.05866 | quality: 0.97683
 *
Epoch 3 | Train: loss: 0.00014 | quality: 1.00000
        | Val:   loss: 0.06541 | quality: 0.98456
 *
Epoch 4 | Train: loss: 0.00000 | quality: 1.00000
        | Val:   loss: 0.09152 | quality: 0.98456

Epoch 5 | Train: loss: 0.00000 | quality: 1.00000
        | Val:   loss: 0.12782 | quality: 0.98842
 *
Epoch 6 | Train: loss: 0.00000 | quality: 1.00000
        | Val:   loss: 0.16975 | quality: 0.98842

Epoch 7 | Train: loss: 0.00001 | quality: 1.00000
        | Val:   loss: 0.00109 | quality: 1.00000
 *
Epoch 8 | Train: loss: 0.00000 | quality: 1.00000
        | Val:   loss: 0.01385 | quality: 0.99228

Epoch 9 | Train: loss: 0.00000 | quality: 1.00000
        | Val:   loss: 0.05644 | quality: 0.98842

Epoch 10 | Train: loss: 2827199273.53835 | quality: 0.54342
        | Val:   loss: 3193226632.35531 | quality: 0.54440

Epoch 11 | Train: loss: 87501187923231535884710265875195533707741976523773231148652095580509415444564479115466214997170882912174001735749919210019294373137919296462329775089307395064060177202159017924096677088765789309183583499096179867621925733938328492077582051884496869341601528610291712.00000 | quality: 0.67246
        | Val:   loss: 89966756113913510456533091431157271639470487805627708478056109885471541340454772835112610248438560290451402555000828578617475219146850652784883838628615754232713726683111330111392323375075666045212317244857225455490521964681123227438946584357913337225143776534593536.00000 | quality: 0.65637

Epoch 12 | Train: loss: 5912214791947888316556182481862933544643475859135347837373644879430352651407344424541862362058151325597221388456784168478478616591991191113772462235291477369213356172213632619405639793156889199962933537768041072163112223064224772742084117934576238592.00000 | quality: 0.13565
        | Val:   loss: 5755078966725391604984901409611111400398014240221054026727764187263860938298373223541831196949881268926477267191582698100085759480104477004360676697039360195378758517071673373036923067907143735059420969180535452237990253949724409774306492038579748864.00000 | quality: 0.15444


✗ NaN loss at epoch 13 - stopping training
[2026-05-02 20:44:24,478][__main__][WARNING] - ✗ SINGULAR MMPO2TypeI/car_evaluation/NTN L=4 bd=8 seed=10090 -> /zhome/6b/e/212868/GTN/outputs/ntn/car_evaluation/MMPO2TypeI_rg5_init0.1/L4_bd8_seed10090 | val=1.0000
[2026-05-02 20:44:24,481][HYDRA] 	#7 : model.L=4 model.bond_dim=8 seed=32874 trainer.ridge=5 trainer.ridge_decay=0.25 trainer.ridge_min=0.0001 +experiment=uci_ntn_sweep model=mmpo2_typei dataset=car_evaluation
[2026-05-02 20:44:24,655][__main__][INFO] - ▶ RUN MMPO2TypeI/car_evaluation/NTN L=4 bd=8 seed=32874 -> /zhome/6b/e/212868/GTN/outputs/ntn/car_evaluation/MMPO2TypeI_rg5_init0.1/L4_bd8_seed32874
Starting Ensemble Fit: 20 epochs
Models: [(1, 1), (2, 2), (3, 3), (4, 4)]
Total nodes: 10
Validation: Using separate validation set
Early stopping: patience=10, min_delta=0.001
Init    | Train: loss: 1.29976 | quality: 0.39289
        | Val:   loss: 1.30543 | quality: 0.35521

Epoch 1 | Train: loss: 0.12833 | quality: 0.98594
        | Val:   loss: 0.16932 | quality: 0.95367
 *
Epoch 2 | Train: loss: 0.01234 | quality: 1.00000
        | Val:   loss: 0.04087 | quality: 0.98456
 *
Epoch 3 | Train: loss: 0.00020 | quality: 1.00000
        | Val:   loss: 0.00543 | quality: 1.00000
 *
Epoch 4 | Train: loss: 0.00000 | quality: 1.00000
        | Val:   loss: 0.00143 | quality: 1.00000

Epoch 5 | Train: loss: 0.00000 | quality: 1.00000
        | Val:   loss: 0.00046 | quality: 1.00000

Epoch 6 | Train: loss: 0.00000 | quality: 1.00000
        | Val:   loss: 0.00010 | quality: 1.00000

Epoch 7 | Train: loss: 57.20730 | quality: 0.52523
        | Val:   loss: 48.14731 | quality: 0.59459

Epoch 8 | Train: loss: 336016478483504703592465873480764688246047451318845440.00000 | quality: 0.64599
        | Val:   loss: 339056733732653230837695752566501208386612452241965056.00000 | quality: 0.61004


✗ NaN loss at epoch 9 - stopping training
[2026-05-02 20:46:09,605][__main__][WARNING] - ✗ SINGULAR MMPO2TypeI/car_evaluation/NTN L=4 bd=8 seed=32874 -> /zhome/6b/e/212868/GTN/outputs/ntn/car_evaluation/MMPO2TypeI_rg5_init0.1/L4_bd8_seed32874 | val=1.0000
[2026-05-02 20:46:09,609][HYDRA] 	#8 : model.L=4 model.bond_dim=8 seed=47311 trainer.ridge=5 trainer.ridge_decay=0.25 trainer.ridge_min=0.0001 +experiment=uci_ntn_sweep model=mmpo2_typei dataset=car_evaluation
[2026-05-02 20:46:09,784][__main__][INFO] - ▶ RUN MMPO2TypeI/car_evaluation/NTN L=4 bd=8 seed=47311 -> /zhome/6b/e/212868/GTN/outputs/ntn/car_evaluation/MMPO2TypeI_rg5_init0.1/L4_bd8_seed47311
Starting Ensemble Fit: 20 epochs
Models: [(1, 1), (2, 2), (3, 3), (4, 4)]
Total nodes: 10
Validation: Using separate validation set
Early stopping: patience=10, min_delta=0.001
Init    | Train: loss: 1.41818 | quality: 0.23904
        | Val:   loss: 1.42836 | quality: 0.24324

Epoch 1 | Train: loss: 0.09674 | quality: 0.99256
        | Val:   loss: 0.13381 | quality: 0.96139
 *
Epoch 2 | Train: loss: 0.00799 | quality: 1.00000
        | Val:   loss: 0.03592 | quality: 0.98456
 *
Epoch 3 | Train: loss: 0.00012 | quality: 1.00000
        | Val:   loss: 0.01457 | quality: 0.99614
 *
Epoch 4 | Train: loss: 0.00000 | quality: 1.00000
        | Val:   loss: 0.01083 | quality: 0.99228

Epoch 5 | Train: loss: 0.00000 | quality: 1.00000
        | Val:   loss: 0.01209 | quality: 0.99228

Epoch 6 | Train: loss: 0.00000 | quality: 1.00000
        | Val:   loss: 0.01362 | quality: 0.99228

Epoch 7 | Train: loss: 0.02355 | quality: 0.99835
        | Val:   loss: 0.17114 | quality: 0.98456

Epoch 8 | Train: loss: 649759261567898192492993732369501389753955186114560.00000 | quality: 0.69810
        | Val:   loss: 741798202481681556048652924719784467671288494686208.00000 | quality: 0.70656


✗ NaN loss at epoch 9 - stopping training
[2026-05-02 20:47:57,533][__main__][WARNING] - ✗ SINGULAR MMPO2TypeI/car_evaluation/NTN L=4 bd=8 seed=47311 -> /zhome/6b/e/212868/GTN/outputs/ntn/car_evaluation/MMPO2TypeI_rg5_init0.1/L4_bd8_seed47311 | val=0.9961
[2026-05-02 20:47:57,537][HYDRA] 	#9 : model.L=4 model.bond_dim=8 seed=47303 trainer.ridge=5 trainer.ridge_decay=0.25 trainer.ridge_min=0.0001 +experiment=uci_ntn_sweep model=mmpo2_typei dataset=car_evaluation
[2026-05-02 20:47:57,705][__main__][INFO] - ▶ RUN MMPO2TypeI/car_evaluation/NTN L=4 bd=8 seed=47303 -> /zhome/6b/e/212868/GTN/outputs/ntn/car_evaluation/MMPO2TypeI_rg5_init0.1/L4_bd8_seed47303
Starting Ensemble Fit: 20 epochs
Models: [(1, 1), (2, 2), (3, 3), (4, 4)]
Total nodes: 10
Validation: Using separate validation set
Early stopping: patience=10, min_delta=0.001
Init    | Train: loss: 1.33097 | quality: 0.37221
        | Val:   loss: 1.32191 | quality: 0.38610

Epoch 1 | Train: loss: 0.12212 | quality: 0.98511
        | Val:   loss: 0.16884 | quality: 0.94981
 *
Epoch 2 | Train: loss: 0.00945 | quality: 1.00000
        | Val:   loss: 0.03231 | quality: 0.99614
 *
Epoch 3 | Train: loss: 0.00013 | quality: 1.00000
        | Val:   loss: 0.00542 | quality: 1.00000
 *
Epoch 4 | Train: loss: 0.00000 | quality: 1.00000
        | Val:   loss: 0.00157 | quality: 1.00000

Epoch 5 | Train: loss: 0.00000 | quality: 1.00000
        | Val:   loss: 0.00112 | quality: 1.00000

Epoch 6 | Train: loss: 0.00000 | quality: 1.00000
        | Val:   loss: 0.00115 | quality: 1.00000

Epoch 7 | Train: loss: 6.92098 | quality: 0.83457
        | Val:   loss: 10.45342 | quality: 0.79151

Epoch 8 | Train: loss: 2443553754281356167255756349404945235979005977454027420751375113889027031064517040034405420298665984.00000 | quality: 0.36311
        | Val:   loss: 2265550578816515949348309300218723617622475583896126544255659928298861747373501542658312199427063808.00000 | quality: 0.39382


✗ NaN loss at epoch 9 - stopping training
[2026-05-02 20:49:46,257][__main__][WARNING] - ✗ SINGULAR MMPO2TypeI/car_evaluation/NTN L=4 bd=8 seed=47303 -> /zhome/6b/e/212868/GTN/outputs/ntn/car_evaluation/MMPO2TypeI_rg5_init0.1/L4_bd8_seed47303 | val=1.0000
[2026-05-02 20:49:46,261][HYDRA] 	#10 : model.L=4 model.bond_dim=4 seed=42 trainer.ridge=5 trainer.ridge_decay=0.25 trainer.ridge_min=0.0001 +experiment=uci_ntn_sweep model=mmpo2_typei dataset=car_evaluation
[2026-05-02 20:49:46,437][__main__][INFO] - ▶ RUN MMPO2TypeI/car_evaluation/NTN L=4 bd=4 seed=42 -> /zhome/6b/e/212868/GTN/outputs/ntn/car_evaluation/MMPO2TypeI_rg5_init0.1/L4_bd4_seed42
Starting Ensemble Fit: 20 epochs
Models: [(1, 1), (2, 2), (3, 3), (4, 4)]
Total nodes: 10
Validation: Using separate validation set
Early stopping: patience=10, min_delta=0.001
Init    | Train: loss: 1.31075 | quality: 0.40116
        | Val:   loss: 1.32216 | quality: 0.42471

Epoch 1 | Train: loss: 0.26998 | quality: 0.94789
        | Val:   loss: 0.31045 | quality: 0.88803
 *
Epoch 2 | Train: loss: 0.06205 | quality: 0.99338
        | Val:   loss: 0.10223 | quality: 0.96911
 *
Epoch 3 | Train: loss: 0.00680 | quality: 1.00000
        | Val:   loss: 0.03588 | quality: 0.98842
 *
Epoch 4 | Train: loss: 0.00008 | quality: 1.00000
        | Val:   loss: 0.03219 | quality: 0.99228
 *
Epoch 5 | Train: loss: 0.00000 | quality: 1.00000
        | Val:   loss: 0.05420 | quality: 0.99228

Epoch 6 | Train: loss: 0.00000 | quality: 1.00000
        | Val:   loss: 0.08250 | quality: 0.99228

Epoch 7 | Train: loss: 0.00000 | quality: 1.00000
        | Val:   loss: 0.11436 | quality: 0.99228

Epoch 8 | Train: loss: 1988183884369378758001247136950792240718584744171454650369703936.00000 | quality: 0.14971
        | Val:   loss: 1755730166901658367802629986603456096986319623490724366573895680.00000 | quality: 0.16602


✗ NaN loss at epoch 9 - stopping training
[2026-05-02 20:50:29,687][__main__][WARNING] - ✗ SINGULAR MMPO2TypeI/car_evaluation/NTN L=4 bd=4 seed=42 -> /zhome/6b/e/212868/GTN/outputs/ntn/car_evaluation/MMPO2TypeI_rg5_init0.1/L4_bd4_seed42 | val=0.9923
[2026-05-02 20:50:29,692][HYDRA] 	#11 : model.L=4 model.bond_dim=4 seed=10090 trainer.ridge=5 trainer.ridge_decay=0.25 trainer.ridge_min=0.0001 +experiment=uci_ntn_sweep model=mmpo2_typei dataset=car_evaluation
[2026-05-02 20:50:29,885][__main__][INFO] - ▶ RUN MMPO2TypeI/car_evaluation/NTN L=4 bd=4 seed=10090 -> /zhome/6b/e/212868/GTN/outputs/ntn/car_evaluation/MMPO2TypeI_rg5_init0.1/L4_bd4_seed10090
Starting Ensemble Fit: 20 epochs
Models: [(1, 1), (2, 2), (3, 3), (4, 4)]
Total nodes: 10
Validation: Using separate validation set
Early stopping: patience=10, min_delta=0.001
Init    | Train: loss: 1.37925 | quality: 0.30190
        | Val:   loss: 1.34219 | quality: 0.33977

Epoch 1 | Train: loss: 0.24727 | quality: 0.94293
        | Val:   loss: 0.27984 | quality: 0.91506
 *
Epoch 2 | Train: loss: 0.05646 | quality: 0.99586
        | Val:   loss: 0.09449 | quality: 0.97297
 *
Epoch 3 | Train: loss: 0.00499 | quality: 1.00000
        | Val:   loss: 0.02924 | quality: 0.98842
 *
Epoch 4 | Train: loss: 0.00006 | quality: 1.00000
        | Val:   loss: 0.01288 | quality: 0.99228
 *
Epoch 5 | Train: loss: 0.00000 | quality: 1.00000
        | Val:   loss: 0.01250 | quality: 0.99228

Epoch 6 | Train: loss: 0.00000 | quality: 1.00000
        | Val:   loss: 0.01311 | quality: 0.99228

Epoch 7 | Train: loss: 0.00000 | quality: 1.00000
        | Val:   loss: 0.01160 | quality: 0.99228

Epoch 8 | Train: loss: 34704752479376561579265622600249769984.00000 | quality: 0.50041
        | Val:   loss: 36966736392547222134354526430742708224.00000 | quality: 0.49035


✗ NaN loss at epoch 9 - stopping training
[2026-05-02 20:51:02,364][__main__][WARNING] - ✗ SINGULAR MMPO2TypeI/car_evaluation/NTN L=4 bd=4 seed=10090 -> /zhome/6b/e/212868/GTN/outputs/ntn/car_evaluation/MMPO2TypeI_rg5_init0.1/L4_bd4_seed10090 | val=0.9923
[2026-05-02 20:51:02,367][HYDRA] 	#12 : model.L=4 model.bond_dim=4 seed=32874 trainer.ridge=5 trainer.ridge_decay=0.25 trainer.ridge_min=0.0001 +experiment=uci_ntn_sweep model=mmpo2_typei dataset=car_evaluation
[2026-05-02 20:51:02,559][__main__][INFO] - ▶ RUN MMPO2TypeI/car_evaluation/NTN L=4 bd=4 seed=32874 -> /zhome/6b/e/212868/GTN/outputs/ntn/car_evaluation/MMPO2TypeI_rg5_init0.1/L4_bd4_seed32874
Starting Ensemble Fit: 20 epochs
Models: [(1, 1), (2, 2), (3, 3), (4, 4)]
Total nodes: 10
Validation: Using separate validation set
Early stopping: patience=10, min_delta=0.001
Init    | Train: loss: 1.33019 | quality: 0.30769
        | Val:   loss: 1.34861 | quality: 0.28185

Epoch 1 | Train: loss: 0.22581 | quality: 0.93879
        | Val:   loss: 0.26997 | quality: 0.88803
 *
Epoch 2 | Train: loss: 0.05811 | quality: 0.99090
        | Val:   loss: 0.10579 | quality: 0.95753
 *
Epoch 3 | Train: loss: 0.00687 | quality: 1.00000
        | Val:   loss: 0.03811 | quality: 0.98069
 *
Epoch 4 | Train: loss: 0.00010 | quality: 1.00000
        | Val:   loss: 0.03346 | quality: 0.98842
 *
Epoch 5 | Train: loss: 0.00000 | quality: 1.00000
        | Val:   loss: 0.05972 | quality: 0.98842

Epoch 6 | Train: loss: 0.00000 | quality: 1.00000
        | Val:   loss: 0.09764 | quality: 0.98842

Epoch 7 | Train: loss: 0.00000 | quality: 1.00000
        | Val:   loss: 0.13117 | quality: 0.98842

Epoch 8 | Train: loss: 0.00000 | quality: 1.00000
        | Val:   loss: 0.02316 | quality: 0.99614
 *
Epoch 9 | Train: loss: 0.00000 | quality: 1.00000
        | Val:   loss: 0.00025 | quality: 1.00000
 *
Epoch 10 | Train: loss: 0.00000 | quality: 1.00000
        | Val:   loss: 0.00015 | quality: 1.00000

Epoch 11 | Train: loss: 0.00000 | quality: 1.00000
        | Val:   loss: 0.02056 | quality: 0.99228

Epoch 12 | Train: loss: 399487030403879899044899940416743831064543232.00000 | quality: 0.70471
        | Val:   loss: 479974590402904995302434261545654151356088320.00000 | quality: 0.68726


✗ NaN loss at epoch 13 - stopping training
[2026-05-02 20:51:48,025][__main__][WARNING] - ✗ SINGULAR MMPO2TypeI/car_evaluation/NTN L=4 bd=4 seed=32874 -> /zhome/6b/e/212868/GTN/outputs/ntn/car_evaluation/MMPO2TypeI_rg5_init0.1/L4_bd4_seed32874 | val=1.0000
[2026-05-02 20:51:48,027][HYDRA] 	#13 : model.L=4 model.bond_dim=4 seed=47311 trainer.ridge=5 trainer.ridge_decay=0.25 trainer.ridge_min=0.0001 +experiment=uci_ntn_sweep model=mmpo2_typei dataset=car_evaluation
[2026-05-02 20:51:48,186][__main__][INFO] - ▶ RUN MMPO2TypeI/car_evaluation/NTN L=4 bd=4 seed=47311 -> /zhome/6b/e/212868/GTN/outputs/ntn/car_evaluation/MMPO2TypeI_rg5_init0.1/L4_bd4_seed47311
Starting Ensemble Fit: 20 epochs
Models: [(1, 1), (2, 2), (3, 3), (4, 4)]
Total nodes: 10
Validation: Using separate validation set
Early stopping: patience=10, min_delta=0.001
Init    | Train: loss: 1.40664 | quality: 0.27709
        | Val:   loss: 1.41466 | quality: 0.28958

Epoch 1 | Train: loss: 0.21145 | quality: 0.95037
        | Val:   loss: 0.24983 | quality: 0.92664
 *
Epoch 2 | Train: loss: 0.06099 | quality: 0.98842
        | Val:   loss: 0.11183 | quality: 0.94981
 *
Epoch 3 | Train: loss: 0.00613 | quality: 1.00000
        | Val:   loss: 0.04774 | quality: 0.98069
 *
Epoch 4 | Train: loss: 0.00006 | quality: 1.00000
        | Val:   loss: 0.01850 | quality: 0.98842
 *
Epoch 5 | Train: loss: 0.00000 | quality: 1.00000
        | Val:   loss: 0.01267 | quality: 0.99614
 *
Epoch 6 | Train: loss: 0.00000 | quality: 1.00000
        | Val:   loss: 0.01259 | quality: 0.99614

Epoch 7 | Train: loss: 0.00000 | quality: 1.00000
        | Val:   loss: 0.01254 | quality: 0.99614

Epoch 8 | Train: loss: 62970108510615432664388950968752063836585984.00000 | quality: 0.63358
        | Val:   loss: 66809707370843489772053808383645493390999552.00000 | quality: 0.63707


✗ NaN loss at epoch 9 - stopping training
[2026-05-02 20:52:20,290][__main__][WARNING] - ✗ SINGULAR MMPO2TypeI/car_evaluation/NTN L=4 bd=4 seed=47311 -> /zhome/6b/e/212868/GTN/outputs/ntn/car_evaluation/MMPO2TypeI_rg5_init0.1/L4_bd4_seed47311 | val=0.9961
[2026-05-02 20:52:20,294][HYDRA] 	#14 : model.L=4 model.bond_dim=4 seed=47303 trainer.ridge=5 trainer.ridge_decay=0.25 trainer.ridge_min=0.0001 +experiment=uci_ntn_sweep model=mmpo2_typei dataset=car_evaluation
[2026-05-02 20:52:20,468][__main__][INFO] - ▶ RUN MMPO2TypeI/car_evaluation/NTN L=4 bd=4 seed=47303 -> /zhome/6b/e/212868/GTN/outputs/ntn/car_evaluation/MMPO2TypeI_rg5_init0.1/L4_bd4_seed47303
Starting Ensemble Fit: 20 epochs
Models: [(1, 1), (2, 2), (3, 3), (4, 4)]
Total nodes: 10
Validation: Using separate validation set
Early stopping: patience=10, min_delta=0.001
Init    | Train: loss: 1.31828 | quality: 0.35980
        | Val:   loss: 1.32027 | quality: 0.35907

Epoch 1 | Train: loss: 0.27762 | quality: 0.91232
        | Val:   loss: 0.32302 | quality: 0.87259
 *
Epoch 2 | Train: loss: 0.07071 | quality: 0.98925
        | Val:   loss: 0.12031 | quality: 0.94981
 *
Epoch 3 | Train: loss: 0.00854 | quality: 1.00000
        | Val:   loss: 0.03925 | quality: 0.98069
 *
Epoch 4 | Train: loss: 0.00013 | quality: 1.00000
        | Val:   loss: 0.01174 | quality: 0.99228
 *
Epoch 5 | Train: loss: 0.00000 | quality: 1.00000
        | Val:   loss: 0.00284 | quality: 1.00000
 *
Epoch 6 | Train: loss: 0.00000 | quality: 1.00000
        | Val:   loss: 0.00054 | quality: 1.00000

Epoch 7 | Train: loss: 0.00000 | quality: 1.00000
        | Val:   loss: 0.00010 | quality: 1.00000

Epoch 8 | Train: loss: 597874834732826313249684005869149283680256.00000 | quality: 0.42101
        | Val:   loss: 485818726381116020814644418365403059716096.00000 | quality: 0.47490


✗ NaN loss at epoch 9 - stopping training
[2026-05-02 20:52:52,723][__main__][WARNING] - ✗ SINGULAR MMPO2TypeI/car_evaluation/NTN L=4 bd=4 seed=47303 -> /zhome/6b/e/212868/GTN/outputs/ntn/car_evaluation/MMPO2TypeI_rg5_init0.1/L4_bd4_seed47303 | val=1.0000
[2026-05-02 20:52:52,726][HYDRA] 	#15 : model.L=3 model.bond_dim=12 seed=42 trainer.ridge=5 trainer.ridge_decay=0.25 trainer.ridge_min=0.0001 +experiment=uci_ntn_sweep model=mmpo2_typei dataset=car_evaluation
[2026-05-02 20:52:52,892][__main__][INFO] - ▶ RUN MMPO2TypeI/car_evaluation/NTN L=3 bd=12 seed=42 -> /zhome/6b/e/212868/GTN/outputs/ntn/car_evaluation/MMPO2TypeI_rg5_init0.1/L3_bd12_seed42
Starting Ensemble Fit: 20 epochs
Models: [(1, 1), (2, 2), (3, 3)]
Total nodes: 6
Validation: Using separate validation set
Early stopping: patience=10, min_delta=0.001
Init    | Train: loss: 1.33837 | quality: 0.34160
        | Val:   loss: 1.34317 | quality: 0.35135

Epoch 1 | Train: loss: 0.17119 | quality: 0.97519
        | Val:   loss: 0.20898 | quality: 0.93822
 *
Epoch 2 | Train: loss: 0.03334 | quality: 0.99835
        | Val:   loss: 0.07460 | quality: 0.97683
 *
Epoch 3 | Train: loss: 0.00276 | quality: 1.00000
        | Val:   loss: 0.02614 | quality: 0.98842
 *
Epoch 4 | Train: loss: 0.00008 | quality: 1.00000
        | Val:   loss: 0.01466 | quality: 0.99228
 *
Epoch 5 | Train: loss: 0.00000 | quality: 1.00000
        | Val:   loss: 0.01766 | quality: 0.99228

Epoch 6 | Train: loss: 0.00000 | quality: 1.00000
        | Val:   loss: 0.02149 | quality: 0.99228

Epoch 7 | Train: loss: 0.00000 | quality: 1.00000
        | Val:   loss: 0.02407 | quality: 0.98842

Epoch 8 | Train: loss: 0.00000 | quality: 1.00000
        | Val:   loss: 0.02472 | quality: 0.98842

Epoch 9 | Train: loss: 0.00000 | quality: 1.00000
        | Val:   loss: 0.03347 | quality: 0.98842

Epoch 10 | Train: loss: 0.01374 | quality: 0.99669
        | Val:   loss: 0.21462 | quality: 0.96911

Epoch 11 | Train: loss: 43478395400229406900224.00000 | quality: 0.70471
        | Val:   loss: 48127089886735858925568.00000 | quality: 0.68726

Epoch 12 | Train: loss: 304047019636041207832101118574392697336286474926768739409540629732253121130411561825359319913573051548609923292778665179164308406272.00000 | quality: 0.22002
        | Val:   loss: 294725535929871986859372337453323142116740165823046439669515698044713859507313700007606653701041456836869457551419372403789127483392.00000 | quality: 0.22008


✗ NaN loss at epoch 13 - stopping training
[2026-05-02 20:53:17,098][__main__][WARNING] - ✗ SINGULAR MMPO2TypeI/car_evaluation/NTN L=3 bd=12 seed=42 -> /zhome/6b/e/212868/GTN/outputs/ntn/car_evaluation/MMPO2TypeI_rg5_init0.1/L3_bd12_seed42 | val=0.9923
[2026-05-02 20:53:17,100][HYDRA] 	#16 : model.L=3 model.bond_dim=12 seed=10090 trainer.ridge=5 trainer.ridge_decay=0.25 trainer.ridge_min=0.0001 +experiment=uci_ntn_sweep model=mmpo2_typei dataset=car_evaluation
[2026-05-02 20:53:17,271][__main__][INFO] - ▶ RUN MMPO2TypeI/car_evaluation/NTN L=3 bd=12 seed=10090 -> /zhome/6b/e/212868/GTN/outputs/ntn/car_evaluation/MMPO2TypeI_rg5_init0.1/L3_bd12_seed10090
Starting Ensemble Fit: 20 epochs
Models: [(1, 1), (2, 2), (3, 3)]
Total nodes: 6
Validation: Using separate validation set
Early stopping: patience=10, min_delta=0.001
Init    | Train: loss: 1.35335 | quality: 0.36228
        | Val:   loss: 1.32761 | quality: 0.37838

Epoch 1 | Train: loss: 0.18565 | quality: 0.97022
        | Val:   loss: 0.21597 | quality: 0.93050
 *
Epoch 2 | Train: loss: 0.03313 | quality: 0.99835
        | Val:   loss: 0.07191 | quality: 0.97297
 *
Epoch 3 | Train: loss: 0.00289 | quality: 1.00000
        | Val:   loss: 0.02746 | quality: 0.98842
 *
Epoch 4 | Train: loss: 0.00008 | quality: 1.00000
        | Val:   loss: 0.01721 | quality: 0.99228
 *
Epoch 5 | Train: loss: 0.00000 | quality: 1.00000
        | Val:   loss: 0.02200 | quality: 0.98842

Epoch 6 | Train: loss: 0.00000 | quality: 1.00000
        | Val:   loss: 0.02812 | quality: 0.98842

Epoch 7 | Train: loss: 0.00000 | quality: 1.00000
        | Val:   loss: 0.03344 | quality: 0.98456

Epoch 8 | Train: loss: 0.00000 | quality: 1.00000
        | Val:   loss: 0.03898 | quality: 0.98456

Epoch 9 | Train: loss: 0.00000 | quality: 1.00000
        | Val:   loss: 0.05310 | quality: 0.98456

Epoch 10 | Train: loss: 0.00176 | quality: 0.99917
        | Val:   loss: 0.14071 | quality: 0.98069

Epoch 11 | Train: loss: 45062344527392536.00000 | quality: 0.33995
        | Val:   loss: 50027934423445768.00000 | quality: 0.30116

Epoch 12 | Train: loss: 782463725921647392621228250887015088361415048495516714896064509222000486722125793591296.00000 | quality: 0.70471
        | Val:   loss: 805414528847019157587536466974072069342495955887380668579124522116330342379742979686400.00000 | quality: 0.68726


✗ NaN loss at epoch 13 - stopping training
[2026-05-02 20:53:40,556][__main__][WARNING] - ✗ SINGULAR MMPO2TypeI/car_evaluation/NTN L=3 bd=12 seed=10090 -> /zhome/6b/e/212868/GTN/outputs/ntn/car_evaluation/MMPO2TypeI_rg5_init0.1/L3_bd12_seed10090 | val=0.9923
[2026-05-02 20:53:40,558][HYDRA] 	#17 : model.L=3 model.bond_dim=12 seed=32874 trainer.ridge=5 trainer.ridge_decay=0.25 trainer.ridge_min=0.0001 +experiment=uci_ntn_sweep model=mmpo2_typei dataset=car_evaluation
[2026-05-02 20:53:40,723][__main__][INFO] - ▶ RUN MMPO2TypeI/car_evaluation/NTN L=3 bd=12 seed=32874 -> /zhome/6b/e/212868/GTN/outputs/ntn/car_evaluation/MMPO2TypeI_rg5_init0.1/L3_bd12_seed32874
Starting Ensemble Fit: 20 epochs
Models: [(1, 1), (2, 2), (3, 3)]
Total nodes: 6
Validation: Using separate validation set
Early stopping: patience=10, min_delta=0.001
Init    | Train: loss: 1.29639 | quality: 0.39371
        | Val:   loss: 1.33564 | quality: 0.32432

Epoch 1 | Train: loss: 0.17771 | quality: 0.97849
        | Val:   loss: 0.21759 | quality: 0.92278
 *
Epoch 2 | Train: loss: 0.03191 | quality: 0.99835
        | Val:   loss: 0.07332 | quality: 0.96525
 *
Epoch 3 | Train: loss: 0.00260 | quality: 1.00000
        | Val:   loss: 0.02668 | quality: 0.98842
 *
Epoch 4 | Train: loss: 0.00007 | quality: 1.00000
        | Val:   loss: 0.01797 | quality: 0.98842

Epoch 5 | Train: loss: 0.00000 | quality: 1.00000
        | Val:   loss: 0.02317 | quality: 0.98456

Epoch 6 | Train: loss: 0.00000 | quality: 1.00000
        | Val:   loss: 0.03003 | quality: 0.98456

Epoch 7 | Train: loss: 0.00000 | quality: 1.00000
        | Val:   loss: 0.03627 | quality: 0.98456

Epoch 8 | Train: loss: 0.00000 | quality: 1.00000
        | Val:   loss: 0.03940 | quality: 0.98456

Epoch 9 | Train: loss: 0.00000 | quality: 1.00000
        | Val:   loss: 0.04158 | quality: 0.98842

Epoch 10 | Train: loss: 0.00000 | quality: 1.00000
        | Val:   loss: 0.01081 | quality: 0.98842

Epoch 11 | Train: loss: 0.00000 | quality: 1.00000
        | Val:   loss: 0.01465 | quality: 0.99228
 *
Epoch 12 | Train: loss: 0.00000 | quality: 1.00000
        | Val:   loss: 0.01702 | quality: 0.99228

Epoch 13 | Train: loss: 0.00000 | quality: 1.00000
        | Val:   loss: 0.02270 | quality: 0.99228

Epoch 14 | Train: loss: 51953787555657870843969200870741344518144.00000 | quality: 0.70471
        | Val:   loss: 56638386883724258026041212981408589414400.00000 | quality: 0.68726

Epoch 15 | Train: loss: 6044086926712162949516505106285524823580682246163431249843309510451175948817712019955086413097021871077801525094566328598783777426410379579136142869240862640094147231383843145983326723030294196981334016.00000 | quality: 0.22002
        | Val:   loss: 5802639552211287388804175382754877737626813587670238544693198864420239363206602071333069808460722557269540239319838105522735049334712178627125071366581218720552767856642800960663228116196294092537200640.00000 | quality: 0.22008


✗ NaN loss at epoch 16 - stopping training
[2026-05-02 20:54:09,350][__main__][WARNING] - ✗ SINGULAR MMPO2TypeI/car_evaluation/NTN L=3 bd=12 seed=32874 -> /zhome/6b/e/212868/GTN/outputs/ntn/car_evaluation/MMPO2TypeI_rg5_init0.1/L3_bd12_seed32874 | val=0.9923
[2026-05-02 20:54:09,369][HYDRA] 	#18 : model.L=3 model.bond_dim=12 seed=47311 trainer.ridge=5 trainer.ridge_decay=0.25 trainer.ridge_min=0.0001 +experiment=uci_ntn_sweep model=mmpo2_typei dataset=car_evaluation
[2026-05-02 20:54:10,103][__main__][INFO] - ▶ RUN MMPO2TypeI/car_evaluation/NTN L=3 bd=12 seed=47311 -> /zhome/6b/e/212868/GTN/outputs/ntn/car_evaluation/MMPO2TypeI_rg5_init0.1/L3_bd12_seed47311
Starting Ensemble Fit: 20 epochs
Models: [(1, 1), (2, 2), (3, 3)]
Total nodes: 6
Validation: Using separate validation set
Early stopping: patience=10, min_delta=0.001
Init    | Train: loss: 1.39278 | quality: 0.33168
        | Val:   loss: 1.41323 | quality: 0.30116

Epoch 1 | Train: loss: 0.18754 | quality: 0.97270
        | Val:   loss: 0.21241 | quality: 0.94208
 *
Epoch 2 | Train: loss: 0.03637 | quality: 0.99835
        | Val:   loss: 0.07532 | quality: 0.96911
 *
Epoch 3 | Train: loss: 0.00293 | quality: 1.00000
        | Val:   loss: 0.02455 | quality: 0.99228
 *
Epoch 4 | Train: loss: 0.00008 | quality: 1.00000
        | Val:   loss: 0.01721 | quality: 0.99228

Epoch 5 | Train: loss: 0.00000 | quality: 1.00000
        | Val:   loss: 0.02306 | quality: 0.98842

Epoch 6 | Train: loss: 0.00000 | quality: 1.00000
        | Val:   loss: 0.02878 | quality: 0.98842

Epoch 7 | Train: loss: 0.00000 | quality: 1.00000
        | Val:   loss: 0.03344 | quality: 0.98842

Epoch 8 | Train: loss: 0.00000 | quality: 1.00000
        | Val:   loss: 0.03567 | quality: 0.98456

Epoch 9 | Train: loss: 0.00000 | quality: 1.00000
        | Val:   loss: 0.03779 | quality: 0.99228

Epoch 10 | Train: loss: 3.33727 | quality: 0.90736
        | Val:   loss: 3.64409 | quality: 0.88803

Epoch 11 | Train: loss: 7083217341480682625197712343040.00000 | quality: 0.70471
        | Val:   loss: 7006159785250937010830132117504.00000 | quality: 0.68726

Epoch 12 | Train: loss: 59960255038961561454137568169574063757824812636996246041618484273730704900659308034539370805521214320345177915390582576400863534217652798478020509988651208529472913408.00000 | quality: 0.70471
        | Val:   loss: 60464395822038910585930663092909766658245706975977127495393179863281363849140497730980254282699267777903844583806939043812991792336803056685266602194369785618470273024.00000 | quality: 0.68726


✗ NaN loss at epoch 13 - stopping training
[2026-05-02 20:54:33,844][__main__][WARNING] - ✗ SINGULAR MMPO2TypeI/car_evaluation/NTN L=3 bd=12 seed=47311 -> /zhome/6b/e/212868/GTN/outputs/ntn/car_evaluation/MMPO2TypeI_rg5_init0.1/L3_bd12_seed47311 | val=0.9923
[2026-05-02 20:54:33,846][HYDRA] 	#19 : model.L=3 model.bond_dim=12 seed=47303 trainer.ridge=5 trainer.ridge_decay=0.25 trainer.ridge_min=0.0001 +experiment=uci_ntn_sweep model=mmpo2_typei dataset=car_evaluation
[2026-05-02 20:54:34,014][__main__][INFO] - ▶ RUN MMPO2TypeI/car_evaluation/NTN L=3 bd=12 seed=47303 -> /zhome/6b/e/212868/GTN/outputs/ntn/car_evaluation/MMPO2TypeI_rg5_init0.1/L3_bd12_seed47303
Starting Ensemble Fit: 20 epochs
Models: [(1, 1), (2, 2), (3, 3)]
Total nodes: 6
Validation: Using separate validation set
Early stopping: patience=10, min_delta=0.001
Init    | Train: loss: 1.25833 | quality: 0.44748
        | Val:   loss: 1.24902 | quality: 0.49421

Epoch 1 | Train: loss: 0.16342 | quality: 0.98098
        | Val:   loss: 0.20272 | quality: 0.93436
 *
Epoch 2 | Train: loss: 0.03184 | quality: 0.99917
        | Val:   loss: 0.07406 | quality: 0.97297
 *
Epoch 3 | Train: loss: 0.00260 | quality: 1.00000
        | Val:   loss: 0.03323 | quality: 0.98456
 *
Epoch 4 | Train: loss: 0.00007 | quality: 1.00000
        | Val:   loss: 0.03114 | quality: 0.98842
 *
Epoch 5 | Train: loss: 0.00000 | quality: 1.00000
        | Val:   loss: 0.04570 | quality: 0.98842

Epoch 6 | Train: loss: 0.00000 | quality: 1.00000
        | Val:   loss: 0.06386 | quality: 0.98456

Epoch 7 | Train: loss: 0.00000 | quality: 1.00000
        | Val:   loss: 0.08244 | quality: 0.98456

Epoch 8 | Train: loss: 0.00000 | quality: 1.00000
        | Val:   loss: 0.09695 | quality: 0.98456

Epoch 9 | Train: loss: 0.00000 | quality: 1.00000
        | Val:   loss: 0.10620 | quality: 0.98456

Epoch 10 | Train: loss: 71864019515211293637754120146545795714252800.00000 | quality: 0.21671
        | Val:   loss: 71539794006805800612305271960658369163821056.00000 | quality: 0.20077

Epoch 11 | Train: loss: 1546921527604692868812891596411596869694237944090741003065829926924533337065636805753828969265569105540772948941915855742844282362220249006191601087632451659262211389792480688823858754474536843700571043238365133259339472136306688.00000 | quality: 0.70471
        | Val:   loss: 1471055580277461361660915430494398151299196706837449481832955330761916887769396028208289060101211753760350668347944338145463027839233023947286383000547683424223231849929163254570094503042344532175102062801338360890808292998119424.00000 | quality: 0.68726


✗ NaN loss at epoch 12 - stopping training
[2026-05-02 20:54:56,114][__main__][WARNING] - ✗ SINGULAR MMPO2TypeI/car_evaluation/NTN L=3 bd=12 seed=47303 -> /zhome/6b/e/212868/GTN/outputs/ntn/car_evaluation/MMPO2TypeI_rg5_init0.1/L3_bd12_seed47303 | val=0.9884
[2026-05-02 20:54:56,116][HYDRA] 	#20 : model.L=3 model.bond_dim=8 seed=42 trainer.ridge=5 trainer.ridge_decay=0.25 trainer.ridge_min=0.0001 +experiment=uci_ntn_sweep model=mmpo2_typei dataset=car_evaluation
[2026-05-02 20:54:56,284][__main__][INFO] - ▶ RUN MMPO2TypeI/car_evaluation/NTN L=3 bd=8 seed=42 -> /zhome/6b/e/212868/GTN/outputs/ntn/car_evaluation/MMPO2TypeI_rg5_init0.1/L3_bd8_seed42
Starting Ensemble Fit: 20 epochs
Models: [(1, 1), (2, 2), (3, 3)]
Total nodes: 6
Validation: Using separate validation set
Early stopping: patience=10, min_delta=0.001
Init    | Train: loss: 1.28434 | quality: 0.43838
        | Val:   loss: 1.29791 | quality: 0.42857

Epoch 1 | Train: loss: 0.21971 | quality: 0.95699
        | Val:   loss: 0.25566 | quality: 0.91892
 *
Epoch 2 | Train: loss: 0.05990 | quality: 0.99669
        | Val:   loss: 0.10204 | quality: 0.96139
 *
Epoch 3 | Train: loss: 0.00801 | quality: 1.00000
        | Val:   loss: 0.04547 | quality: 0.98069
 *
Epoch 4 | Train: loss: 0.00031 | quality: 1.00000
        | Val:   loss: 0.02658 | quality: 0.98842
 *
Epoch 5 | Train: loss: 0.00000 | quality: 1.00000
        | Val:   loss: 0.03140 | quality: 0.98842

Epoch 6 | Train: loss: 0.00000 | quality: 1.00000
        | Val:   loss: 0.04205 | quality: 0.98842

Epoch 7 | Train: loss: 0.00000 | quality: 1.00000
        | Val:   loss: 0.05256 | quality: 0.98456

Epoch 8 | Train: loss: 0.00000 | quality: 1.00000
        | Val:   loss: 0.06169 | quality: 0.98456

Epoch 9 | Train: loss: 0.00000 | quality: 1.00000
        | Val:   loss: 0.06265 | quality: 0.98456

Epoch 10 | Train: loss: 0.00000 | quality: 1.00000
        | Val:   loss: 0.12885 | quality: 0.98842

Epoch 11 | Train: loss: 4075521.23264 | quality: 0.68900
        | Val:   loss: 5597534.89312 | quality: 0.63707

Epoch 12 | Train: loss: 9227374777027089606950827561600513035176345933656554098130944.00000 | quality: 0.22002
        | Val:   loss: 8962095329053741434685198692215679915575019048555215153266688.00000 | quality: 0.22008

Epoch 13 | Train: loss: 22162417224793342119632885575673741692258111681304796483732933208628821927010950809323521776255592304041589174514693096908678097016189287773670197046107997500556010964025396484691092000721071501889149666274398206225289591593240544613326062472703485357555948140556154617179498098484158922752.00000 | quality: 0.70471
        | Val:   loss: 23071982590192855729148899708115798736457916244792812922803045134319259911244114977227283309822988052022547359741101340675580220599237660789100885650451228696689015600581008373108803296783886409026039196129733453255824855969210508711315472582284182128105539563129609967473968249585151246336.00000 | quality: 0.68726


✗ NaN loss at epoch 14 - stopping training
[2026-05-02 20:55:09,815][__main__][WARNING] - ✗ SINGULAR MMPO2TypeI/car_evaluation/NTN L=3 bd=8 seed=42 -> /zhome/6b/e/212868/GTN/outputs/ntn/car_evaluation/MMPO2TypeI_rg5_init0.1/L3_bd8_seed42 | val=0.9884
[2026-05-02 20:55:09,819][HYDRA] 	#21 : model.L=3 model.bond_dim=8 seed=10090 trainer.ridge=5 trainer.ridge_decay=0.25 trainer.ridge_min=0.0001 +experiment=uci_ntn_sweep model=mmpo2_typei dataset=car_evaluation
[2026-05-02 20:55:09,989][__main__][INFO] - ▶ RUN MMPO2TypeI/car_evaluation/NTN L=3 bd=8 seed=10090 -> /zhome/6b/e/212868/GTN/outputs/ntn/car_evaluation/MMPO2TypeI_rg5_init0.1/L3_bd8_seed10090
Starting Ensemble Fit: 20 epochs
Models: [(1, 1), (2, 2), (3, 3)]
Total nodes: 6
Validation: Using separate validation set
Early stopping: patience=10, min_delta=0.001
Init    | Train: loss: 1.39953 | quality: 0.28371
        | Val:   loss: 1.36983 | quality: 0.34363

Epoch 1 | Train: loss: 0.27067 | quality: 0.93631
        | Val:   loss: 0.28913 | quality: 0.91506
 *
Epoch 2 | Train: loss: 0.06509 | quality: 0.99586
        | Val:   loss: 0.10001 | quality: 0.96525
 *
Epoch 3 | Train: loss: 0.00846 | quality: 1.00000
        | Val:   loss: 0.03888 | quality: 0.98842
 *
Epoch 4 | Train: loss: 0.00032 | quality: 1.00000
        | Val:   loss: 0.01494 | quality: 0.99228
 *
Epoch 5 | Train: loss: 0.00000 | quality: 1.00000
        | Val:   loss: 0.01217 | quality: 0.99228

Epoch 6 | Train: loss: 0.00000 | quality: 1.00000
        | Val:   loss: 0.01380 | quality: 0.99228

Epoch 7 | Train: loss: 0.00000 | quality: 1.00000
        | Val:   loss: 0.01436 | quality: 0.99228

Epoch 8 | Train: loss: 0.00000 | quality: 1.00000
        | Val:   loss: 0.01473 | quality: 0.99614
 *
Epoch 9 | Train: loss: 0.00000 | quality: 1.00000
        | Val:   loss: 0.00966 | quality: 0.99228

Epoch 10 | Train: loss: 0.00000 | quality: 1.00000
        | Val:   loss: 0.01709 | quality: 0.99228

Epoch 11 | Train: loss: 0.00003 | quality: 1.00000
        | Val:   loss: 0.05808 | quality: 0.98842

Epoch 12 | Train: loss: 0.00002 | quality: 1.00000
        | Val:   loss: 0.03627 | quality: 0.98842

Epoch 13 | Train: loss: 0.00000 | quality: 1.00000
        | Val:   loss: 0.00826 | quality: 0.99228

Epoch 14 | Train: loss: 0.00000 | quality: 1.00000
        | Val:   loss: 0.00257 | quality: 1.00000
 *
Epoch 15 | Train: loss: 0.00000 | quality: 1.00000
        | Val:   loss: 0.00042 | quality: 1.00000

Epoch 16 | Train: loss: 0.00000 | quality: 1.00000
        | Val:   loss: 0.00582 | quality: 0.99614

Epoch 17 | Train: loss: 1494413.69196 | quality: 0.10505
        | Val:   loss: 1504896.64029 | quality: 0.11197

Epoch 18 | Train: loss: 349070928584921623292635985864155310342582984245248.00000 | quality: 0.70471
        | Val:   loss: 355530071341273298950851837450784229264778390929408.00000 | quality: 0.68726

Epoch 19 | Train: loss: 1446928648537331616060120872768014000894589583959482620986171164139245222994709271853354072293496574694017649718833857943824455454910834194688675860689169463305388964797206516411812683089163346158192639288686743765306302796182154437289729414228082688.00000 | quality: 0.22002
        | Val:   loss: 1390008823106446028586314477031271024358783200743127679506885958765538849528509772160629619699681378209506230943801244048671397774732758650885242174723776535514212884477086961074171479693411257480541456698549169376235231235840247751829800184862212096.00000 | quality: 0.22008


✗ NaN loss at epoch 20 - stopping training
[2026-05-02 20:55:28,654][__main__][WARNING] - ✗ SINGULAR MMPO2TypeI/car_evaluation/NTN L=3 bd=8 seed=10090 -> /zhome/6b/e/212868/GTN/outputs/ntn/car_evaluation/MMPO2TypeI_rg5_init0.1/L3_bd8_seed10090 | val=1.0000
[2026-05-02 20:55:28,656][HYDRA] 	#22 : model.L=3 model.bond_dim=8 seed=32874 trainer.ridge=5 trainer.ridge_decay=0.25 trainer.ridge_min=0.0001 +experiment=uci_ntn_sweep model=mmpo2_typei dataset=car_evaluation
[2026-05-02 20:55:28,830][__main__][INFO] - ▶ RUN MMPO2TypeI/car_evaluation/NTN L=3 bd=8 seed=32874 -> /zhome/6b/e/212868/GTN/outputs/ntn/car_evaluation/MMPO2TypeI_rg5_init0.1/L3_bd8_seed32874
Starting Ensemble Fit: 20 epochs
Models: [(1, 1), (2, 2), (3, 3)]
Total nodes: 6
Validation: Using separate validation set
Early stopping: patience=10, min_delta=0.001
Init    | Train: loss: 1.29765 | quality: 0.39123
        | Val:   loss: 1.30619 | quality: 0.33977

Epoch 1 | Train: loss: 0.24080 | quality: 0.94624
        | Val:   loss: 0.28285 | quality: 0.89189
 *
Epoch 2 | Train: loss: 0.06508 | quality: 0.99256
        | Val:   loss: 0.10586 | quality: 0.96525
 *
Epoch 3 | Train: loss: 0.00866 | quality: 1.00000
        | Val:   loss: 0.04250 | quality: 0.98842
 *
Epoch 4 | Train: loss: 0.00035 | quality: 1.00000
        | Val:   loss: 0.02062 | quality: 0.98842

Epoch 5 | Train: loss: 0.00001 | quality: 1.00000
        | Val:   loss: 0.01874 | quality: 0.98842

Epoch 6 | Train: loss: 0.00000 | quality: 1.00000
        | Val:   loss: 0.02183 | quality: 0.98842

Epoch 7 | Train: loss: 0.00000 | quality: 1.00000
        | Val:   loss: 0.02417 | quality: 0.98842

Epoch 8 | Train: loss: 0.00000 | quality: 1.00000
        | Val:   loss: 0.02560 | quality: 0.98842

Epoch 9 | Train: loss: 0.00000 | quality: 1.00000
        | Val:   loss: 0.02195 | quality: 0.99228
 *
Epoch 10 | Train: loss: 0.00000 | quality: 1.00000
        | Val:   loss: 0.01591 | quality: 0.99614
 *
Epoch 11 | Train: loss: 0.00000 | quality: 1.00000
        | Val:   loss: 0.04120 | quality: 0.99228

Epoch 12 | Train: loss: 0.00000 | quality: 1.00000
        | Val:   loss: 0.02885 | quality: 0.99228

Epoch 13 | Train: loss: 0.00000 | quality: 1.00000
        | Val:   loss: 0.03240 | quality: 0.99228

Epoch 14 | Train: loss: 0.00000 | quality: 1.00000
        | Val:   loss: 0.03778 | quality: 0.98842

Epoch 15 | Train: loss: 0.00000 | quality: 1.00000
        | Val:   loss: 0.04728 | quality: 0.98842

Epoch 16 | Train: loss: 0.00000 | quality: 1.00000
        | Val:   loss: 0.07027 | quality: 0.98456

Epoch 17 | Train: loss: 0.00000 | quality: 1.00000
        | Val:   loss: 0.04727 | quality: 0.99228

Epoch 18 | Train: loss: 93658939069657643057139593941796709723589212152191865793402078623960162840412481598292754432.00000 | quality: 0.54591
        | Val:   loss: 89949600510735370156993374450854750217672501418326632844794745119689730392458318590582456320.00000 | quality: 0.54826


✗ NaN loss at epoch 19 - stopping training
[2026-05-02 20:55:46,898][__main__][WARNING] - ✗ SINGULAR MMPO2TypeI/car_evaluation/NTN L=3 bd=8 seed=32874 -> /zhome/6b/e/212868/GTN/outputs/ntn/car_evaluation/MMPO2TypeI_rg5_init0.1/L3_bd8_seed32874 | val=0.9961
[2026-05-02 20:55:46,901][HYDRA] 	#23 : model.L=3 model.bond_dim=8 seed=47311 trainer.ridge=5 trainer.ridge_decay=0.25 trainer.ridge_min=0.0001 +experiment=uci_ntn_sweep model=mmpo2_typei dataset=car_evaluation
[2026-05-02 20:55:47,068][__main__][INFO] - ▶ RUN MMPO2TypeI/car_evaluation/NTN L=3 bd=8 seed=47311 -> /zhome/6b/e/212868/GTN/outputs/ntn/car_evaluation/MMPO2TypeI_rg5_init0.1/L3_bd8_seed47311
Starting Ensemble Fit: 20 epochs
Models: [(1, 1), (2, 2), (3, 3)]
Total nodes: 6
Validation: Using separate validation set
Early stopping: patience=10, min_delta=0.001
Init    | Train: loss: 1.42104 | quality: 0.23739
        | Val:   loss: 1.43250 | quality: 0.23552

Epoch 1 | Train: loss: 0.21064 | quality: 0.95782
        | Val:   loss: 0.23010 | quality: 0.93050
 *
Epoch 2 | Train: loss: 0.05854 | quality: 0.99586
        | Val:   loss: 0.09683 | quality: 0.96525
 *
Epoch 3 | Train: loss: 0.00785 | quality: 1.00000
        | Val:   loss: 0.03638 | quality: 0.98456
 *
Epoch 4 | Train: loss: 0.00031 | quality: 1.00000
        | Val:   loss: 0.01441 | quality: 0.99228
 *
Epoch 5 | Train: loss: 0.00000 | quality: 1.00000
        | Val:   loss: 0.01361 | quality: 0.99228

Epoch 6 | Train: loss: 0.00000 | quality: 1.00000
        | Val:   loss: 0.01673 | quality: 0.99228

Epoch 7 | Train: loss: 0.00000 | quality: 1.00000
        | Val:   loss: 0.01821 | quality: 0.99228

Epoch 8 | Train: loss: 0.00000 | quality: 1.00000
        | Val:   loss: 0.01853 | quality: 0.99228

Epoch 9 | Train: loss: 0.00000 | quality: 1.00000
        | Val:   loss: 0.01572 | quality: 0.99614
 *
Epoch 10 | Train: loss: 660387634824502181888.00000 | quality: 0.30273
        | Val:   loss: 710473627666044289024.00000 | quality: 0.25869

Epoch 11 | Train: loss: 27739091058464186603779341420279225962350006584070777686923631717574668886549849360920872870407736456994881536.00000 | quality: 0.70471
        | Val:   loss: 28327750052512467969461830142408488138807216733718131389329653878396428921632033279916726538410527086107164672.00000 | quality: 0.68726


✗ NaN loss at epoch 12 - stopping training
[2026-05-02 20:55:58,795][__main__][WARNING] - ✗ SINGULAR MMPO2TypeI/car_evaluation/NTN L=3 bd=8 seed=47311 -> /zhome/6b/e/212868/GTN/outputs/ntn/car_evaluation/MMPO2TypeI_rg5_init0.1/L3_bd8_seed47311 | val=0.9961
[2026-05-02 20:55:58,797][HYDRA] 	#24 : model.L=3 model.bond_dim=8 seed=47303 trainer.ridge=5 trainer.ridge_decay=0.25 trainer.ridge_min=0.0001 +experiment=uci_ntn_sweep model=mmpo2_typei dataset=car_evaluation
[2026-05-02 20:55:58,967][__main__][INFO] - ▶ RUN MMPO2TypeI/car_evaluation/NTN L=3 bd=8 seed=47303 -> /zhome/6b/e/212868/GTN/outputs/ntn/car_evaluation/MMPO2TypeI_rg5_init0.1/L3_bd8_seed47303
Starting Ensemble Fit: 20 epochs
Models: [(1, 1), (2, 2), (3, 3)]
Total nodes: 6
Validation: Using separate validation set
Early stopping: patience=10, min_delta=0.001
Init    | Train: loss: 1.32279 | quality: 0.39289
        | Val:   loss: 1.31341 | quality: 0.40927

Epoch 1 | Train: loss: 0.25374 | quality: 0.95120
        | Val:   loss: 0.27961 | quality: 0.91506
 *
Epoch 2 | Train: loss: 0.05815 | quality: 0.99586
        | Val:   loss: 0.10218 | quality: 0.96911
 *
Epoch 3 | Train: loss: 0.00794 | quality: 1.00000
        | Val:   loss: 0.04544 | quality: 0.98842
 *
Epoch 4 | Train: loss: 0.00032 | quality: 1.00000
        | Val:   loss: 0.02535 | quality: 0.98456

Epoch 5 | Train: loss: 0.00000 | quality: 1.00000
        | Val:   loss: 0.02635 | quality: 0.98842

Epoch 6 | Train: loss: 0.00000 | quality: 1.00000
        | Val:   loss: 0.03550 | quality: 0.98842

Epoch 7 | Train: loss: 0.00000 | quality: 1.00000
        | Val:   loss: 0.04686 | quality: 0.98842

Epoch 8 | Train: loss: 0.00000 | quality: 1.00000
        | Val:   loss: 0.06129 | quality: 0.98456

Epoch 9 | Train: loss: 0.00000 | quality: 1.00000
        | Val:   loss: 0.07299 | quality: 0.98456

Epoch 10 | Train: loss: 9090636136.75047 | quality: 0.66501
        | Val:   loss: 9798991363.09244 | quality: 0.66795

Epoch 11 | Train: loss: 14055169112540436348382181369584890242908435699114372557321468658506442735616.00000 | quality: 0.19189
        | Val:   loss: 14395626368610363566286769379125074856143395467579502567386729907986681036800.00000 | quality: 0.16988


✗ NaN loss at epoch 12 - stopping training
[2026-05-02 20:56:10,502][__main__][WARNING] - ✗ SINGULAR MMPO2TypeI/car_evaluation/NTN L=3 bd=8 seed=47303 -> /zhome/6b/e/212868/GTN/outputs/ntn/car_evaluation/MMPO2TypeI_rg5_init0.1/L3_bd8_seed47303 | val=0.9884
[2026-05-02 20:56:10,505][HYDRA] 	#25 : model.L=3 model.bond_dim=4 seed=42 trainer.ridge=5 trainer.ridge_decay=0.25 trainer.ridge_min=0.0001 +experiment=uci_ntn_sweep model=mmpo2_typei dataset=car_evaluation
[2026-05-02 20:56:10,689][__main__][INFO] - ▶ RUN MMPO2TypeI/car_evaluation/NTN L=3 bd=4 seed=42 -> /zhome/6b/e/212868/GTN/outputs/ntn/car_evaluation/MMPO2TypeI_rg5_init0.1/L3_bd4_seed42
Starting Ensemble Fit: 20 epochs
Models: [(1, 1), (2, 2), (3, 3)]
Total nodes: 6
Validation: Using separate validation set
Early stopping: patience=10, min_delta=0.001
Init    | Train: loss: 1.31168 | quality: 0.40364
        | Val:   loss: 1.32309 | quality: 0.41699

Epoch 1 | Train: loss: 0.40377 | quality: 0.87593
        | Val:   loss: 0.41624 | quality: 0.85328
 *
Epoch 2 | Train: loss: 0.14319 | quality: 0.97105
        | Val:   loss: 0.17365 | quality: 0.94208
 *
Epoch 3 | Train: loss: 0.04152 | quality: 0.99586
        | Val:   loss: 0.08791 | quality: 0.96139
 *
Epoch 4 | Train: loss: 0.00446 | quality: 1.00000
        | Val:   loss: 0.03454 | quality: 0.98456
 *
Epoch 5 | Train: loss: 0.00017 | quality: 1.00000
        | Val:   loss: 0.02292 | quality: 0.98456

Epoch 6 | Train: loss: 0.00000 | quality: 1.00000
        | Val:   loss: 0.02603 | quality: 0.98456

Epoch 7 | Train: loss: 0.00000 | quality: 1.00000
        | Val:   loss: 0.03364 | quality: 0.98842
 *
Epoch 8 | Train: loss: 0.00000 | quality: 1.00000
        | Val:   loss: 0.04355 | quality: 0.98842

Epoch 9 | Train: loss: 0.00000 | quality: 1.00000
        | Val:   loss: 0.05182 | quality: 0.98842

Epoch 10 | Train: loss: 0.00000 | quality: 1.00000
        | Val:   loss: 0.05516 | quality: 0.98842

Epoch 11 | Train: loss: 0.00000 | quality: 1.00000
        | Val:   loss: 0.12314 | quality: 0.98456

Epoch 12 | Train: loss: 257529933128726751477760.00000 | quality: 0.62614
        | Val:   loss: 299860323134730619846656.00000 | quality: 0.60232

Epoch 13 | Train: loss: 40317769330372878212940114694589860758533729709527399039302512861249763139405536946664601198805830684489949854571294415511263117312.00000 | quality: 0.57320
        | Val:   loss: 38720249504205165052811730470896358438556221078994929724988943274446612411996576821455752514072502635985217534843707224272299622400.00000 | quality: 0.53282


✗ NaN loss at epoch 14 - stopping training
[2026-05-02 20:56:16,242][__main__][WARNING] - ✗ SINGULAR MMPO2TypeI/car_evaluation/NTN L=3 bd=4 seed=42 -> /zhome/6b/e/212868/GTN/outputs/ntn/car_evaluation/MMPO2TypeI_rg5_init0.1/L3_bd4_seed42 | val=0.9884
[2026-05-02 20:56:16,244][HYDRA] 	#26 : model.L=3 model.bond_dim=4 seed=10090 trainer.ridge=5 trainer.ridge_decay=0.25 trainer.ridge_min=0.0001 +experiment=uci_ntn_sweep model=mmpo2_typei dataset=car_evaluation
[2026-05-02 20:56:16,411][__main__][INFO] - ▶ RUN MMPO2TypeI/car_evaluation/NTN L=3 bd=4 seed=10090 -> /zhome/6b/e/212868/GTN/outputs/ntn/car_evaluation/MMPO2TypeI_rg5_init0.1/L3_bd4_seed10090
Starting Ensemble Fit: 20 epochs
Models: [(1, 1), (2, 2), (3, 3)]
Total nodes: 6
Validation: Using separate validation set
Early stopping: patience=10, min_delta=0.001
Init    | Train: loss: 1.37808 | quality: 0.30769
        | Val:   loss: 1.34098 | quality: 0.33591

Epoch 1 | Train: loss: 0.34453 | quality: 0.91315
        | Val:   loss: 0.38062 | quality: 0.88031
 *
Epoch 2 | Train: loss: 0.13491 | quality: 0.97188
        | Val:   loss: 0.17182 | quality: 0.93436
 *
Epoch 3 | Train: loss: 0.03716 | quality: 0.99752
        | Val:   loss: 0.08134 | quality: 0.95753
 *
Epoch 4 | Train: loss: 0.00405 | quality: 1.00000
        | Val:   loss: 0.03980 | quality: 0.98456
 *
Epoch 5 | Train: loss: 0.00014 | quality: 1.00000
        | Val:   loss: 0.02255 | quality: 0.99228
 *
Epoch 6 | Train: loss: 0.00000 | quality: 1.00000
        | Val:   loss: 0.01588 | quality: 0.99228

Epoch 7 | Train: loss: 0.00000 | quality: 1.00000
        | Val:   loss: 0.01078 | quality: 0.99228

Epoch 8 | Train: loss: 0.00000 | quality: 1.00000
        | Val:   loss: 0.00688 | quality: 0.99614
 *
Epoch 9 | Train: loss: 0.00000 | quality: 1.00000
        | Val:   loss: 0.00578 | quality: 0.99614

Epoch 10 | Train: loss: 0.00000 | quality: 1.00000
        | Val:   loss: 0.00683 | quality: 0.99614

Epoch 11 | Train: loss: 0.00000 | quality: 1.00000
        | Val:   loss: 0.00995 | quality: 0.99614

Epoch 12 | Train: loss: 141924054214408661687603212447159641029262392164352.00000 | quality: 0.60711
        | Val:   loss: 133473447064691495271534276373597066629305142870016.00000 | quality: 0.60618

Epoch 13 | Train: loss: 438330435712131210963023419539162758922603428743207618194395979883991250719002129837443409914331941192451821527170275643436566639095645735464298406220123508134523307229988476833942960535143906658009824844841986178459893459556514974924800.00000 | quality: 0.70471
        | Val:   loss: 465585138690247314347154014655605930602077326130747654648478406538117537924198502367248736460857153588370909812496343468176574048997774764469323711991237698961868373094792139864102528312899709679474624180566560456468268672653442594897920.00000 | quality: 0.68726


✗ NaN loss at epoch 14 - stopping training
[2026-05-02 20:56:21,998][__main__][WARNING] - ✗ SINGULAR MMPO2TypeI/car_evaluation/NTN L=3 bd=4 seed=10090 -> /zhome/6b/e/212868/GTN/outputs/ntn/car_evaluation/MMPO2TypeI_rg5_init0.1/L3_bd4_seed10090 | val=0.9961
[2026-05-02 20:56:22,001][HYDRA] 	#27 : model.L=3 model.bond_dim=4 seed=32874 trainer.ridge=5 trainer.ridge_decay=0.25 trainer.ridge_min=0.0001 +experiment=uci_ntn_sweep model=mmpo2_typei dataset=car_evaluation
[2026-05-02 20:56:22,161][__main__][INFO] - ▶ RUN MMPO2TypeI/car_evaluation/NTN L=3 bd=4 seed=32874 -> /zhome/6b/e/212868/GTN/outputs/ntn/car_evaluation/MMPO2TypeI_rg5_init0.1/L3_bd4_seed32874
Starting Ensemble Fit: 20 epochs
Models: [(1, 1), (2, 2), (3, 3)]
Total nodes: 6
Validation: Using separate validation set
Early stopping: patience=10, min_delta=0.001
Init    | Train: loss: 1.32794 | quality: 0.30852
        | Val:   loss: 1.34729 | quality: 0.28958

Epoch 1 | Train: loss: 0.34912 | quality: 0.89578
        | Val:   loss: 0.36631 | quality: 0.89189
 *
Epoch 2 | Train: loss: 0.12849 | quality: 0.97022
        | Val:   loss: 0.14985 | quality: 0.94208
 *
Epoch 3 | Train: loss: 0.03879 | quality: 0.99669
        | Val:   loss: 0.06757 | quality: 0.97683
 *
Epoch 4 | Train: loss: 0.00435 | quality: 1.00000
        | Val:   loss: 0.02273 | quality: 0.99228
 *
Epoch 5 | Train: loss: 0.00016 | quality: 1.00000
        | Val:   loss: 0.01277 | quality: 0.99228

Epoch 6 | Train: loss: 0.00000 | quality: 1.00000
        | Val:   loss: 0.00898 | quality: 0.99614
 *
Epoch 7 | Train: loss: 0.00000 | quality: 1.00000
        | Val:   loss: 0.00337 | quality: 1.00000
 *
Epoch 8 | Train: loss: 0.00000 | quality: 1.00000
        | Val:   loss: 0.00058 | quality: 1.00000

Epoch 9 | Train: loss: 0.00000 | quality: 1.00000
        | Val:   loss: 0.00019 | quality: 1.00000

Epoch 10 | Train: loss: 0.00000 | quality: 1.00000
        | Val:   loss: 0.00005 | quality: 1.00000

Epoch 11 | Train: loss: 0.00000 | quality: 1.00000
        | Val:   loss: 0.00805 | quality: 0.99228

Epoch 12 | Train: loss: 0.00000 | quality: 1.00000
        | Val:   loss: 0.02393 | quality: 0.99228

Epoch 13 | Train: loss: 0.00000 | quality: 1.00000
        | Val:   loss: 0.01656 | quality: 0.99228

Epoch 14 | Train: loss: 0.00080 | quality: 0.99917
        | Val:   loss: 0.12762 | quality: 0.98842

Epoch 15 | Train: loss: 65880286963267684577941521916957341703292771564301132995950406670362273269498350359735016234299857844004839831206426693826186563601970923690675507162746808284362705087635528578658623192772193162176728273888204870121991991347077017123764542783895262825403541094400.00000 | quality: 0.62366
        | Val:   loss: 58048266092245260680469075111980398727000011573824004405378166390155001898055792377714843251844338453051822697003056713099269878808209263864776461754970482947619669287170649345182509584817309322421413298896771400905635131909264706112709535827413122322432845152256.00000 | quality: 0.62934


✗ NaN loss at epoch 16 - stopping training
[2026-05-02 20:56:28,261][__main__][WARNING] - ✗ SINGULAR MMPO2TypeI/car_evaluation/NTN L=3 bd=4 seed=32874 -> /zhome/6b/e/212868/GTN/outputs/ntn/car_evaluation/MMPO2TypeI_rg5_init0.1/L3_bd4_seed32874 | val=1.0000
[2026-05-02 20:56:28,263][HYDRA] 	#28 : model.L=3 model.bond_dim=4 seed=47311 trainer.ridge=5 trainer.ridge_decay=0.25 trainer.ridge_min=0.0001 +experiment=uci_ntn_sweep model=mmpo2_typei dataset=car_evaluation
[2026-05-02 20:56:28,430][__main__][INFO] - ▶ RUN MMPO2TypeI/car_evaluation/NTN L=3 bd=4 seed=47311 -> /zhome/6b/e/212868/GTN/outputs/ntn/car_evaluation/MMPO2TypeI_rg5_init0.1/L3_bd4_seed47311
Starting Ensemble Fit: 20 epochs
Models: [(1, 1), (2, 2), (3, 3)]
Total nodes: 6
Validation: Using separate validation set
Early stopping: patience=10, min_delta=0.001
Init    | Train: loss: 1.40446 | quality: 0.28371
        | Val:   loss: 1.41198 | quality: 0.29344

Epoch 1 | Train: loss: 0.33072 | quality: 0.91232
        | Val:   loss: 0.34691 | quality: 0.87259
 *
Epoch 2 | Train: loss: 0.13348 | quality: 0.96609
        | Val:   loss: 0.16401 | quality: 0.92664
 *
Epoch 3 | Train: loss: 0.04110 | quality: 0.99669
        | Val:   loss: 0.08433 | quality: 0.97297
 *
Epoch 4 | Train: loss: 0.00499 | quality: 1.00000
        | Val:   loss: 0.03832 | quality: 0.98456
 *
Epoch 5 | Train: loss: 0.00017 | quality: 1.00000
        | Val:   loss: 0.01889 | quality: 0.98842
 *
Epoch 6 | Train: loss: 0.00000 | quality: 1.00000
        | Val:   loss: 0.02005 | quality: 0.98456

Epoch 7 | Train: loss: 0.00000 | quality: 1.00000
        | Val:   loss: 0.02355 | quality: 0.98842

Epoch 8 | Train: loss: 0.00000 | quality: 1.00000
        | Val:   loss: 0.02380 | quality: 0.98842

Epoch 9 | Train: loss: 0.00000 | quality: 1.00000
        | Val:   loss: 0.02157 | quality: 0.98842

Epoch 10 | Train: loss: 0.00000 | quality: 1.00000
        | Val:   loss: 0.02347 | quality: 0.98842

Epoch 11 | Train: loss: 0.00003 | quality: 1.00000
        | Val:   loss: 0.10464 | quality: 0.98069

Epoch 12 | Train: loss: 750185556563235022802255872.00000 | quality: 0.55500
        | Val:   loss: 807477728764052922118963200.00000 | quality: 0.54826

Epoch 13 | Train: loss: 172085661720392411843188191601124525122393249997156784126662514025130172047220932649542239156337161849345364071407383306767225390679195648.00000 | quality: 0.60132
        | Val:   loss: 177123582408908398323202150197420358838576657032442350846824714963663128603111565722050736418005030740807688416601413549338711531517378560.00000 | quality: 0.58301


✗ NaN loss at epoch 14 - stopping training
[2026-05-02 20:56:34,011][__main__][WARNING] - ✗ SINGULAR MMPO2TypeI/car_evaluation/NTN L=3 bd=4 seed=47311 -> /zhome/6b/e/212868/GTN/outputs/ntn/car_evaluation/MMPO2TypeI_rg5_init0.1/L3_bd4_seed47311 | val=0.9884
[2026-05-02 20:56:34,013][HYDRA] 	#29 : model.L=3 model.bond_dim=4 seed=47303 trainer.ridge=5 trainer.ridge_decay=0.25 trainer.ridge_min=0.0001 +experiment=uci_ntn_sweep model=mmpo2_typei dataset=car_evaluation
[2026-05-02 20:56:34,181][__main__][INFO] - ▶ RUN MMPO2TypeI/car_evaluation/NTN L=3 bd=4 seed=47303 -> /zhome/6b/e/212868/GTN/outputs/ntn/car_evaluation/MMPO2TypeI_rg5_init0.1/L3_bd4_seed47303
Starting Ensemble Fit: 20 epochs
Models: [(1, 1), (2, 2), (3, 3)]
Total nodes: 6
Validation: Using separate validation set
Early stopping: patience=10, min_delta=0.001
Init    | Train: loss: 1.32080 | quality: 0.35732
        | Val:   loss: 1.32252 | quality: 0.34749

Epoch 1 | Train: loss: 0.36389 | quality: 0.89495
        | Val:   loss: 0.38534 | quality: 0.87645
 *
Epoch 2 | Train: loss: 0.13551 | quality: 0.97022
        | Val:   loss: 0.16675 | quality: 0.93050
 *
Epoch 3 | Train: loss: 0.04176 | quality: 0.99752
        | Val:   loss: 0.08720 | quality: 0.96139
 *
Epoch 4 | Train: loss: 0.00432 | quality: 1.00000
        | Val:   loss: 0.03141 | quality: 0.98842
 *
Epoch 5 | Train: loss: 0.00014 | quality: 1.00000
        | Val:   loss: 0.02043 | quality: 0.98842

Epoch 6 | Train: loss: 0.00000 | quality: 1.00000
        | Val:   loss: 0.02227 | quality: 0.98842

Epoch 7 | Train: loss: 0.00000 | quality: 1.00000
        | Val:   loss: 0.02217 | quality: 0.99228
 *
Epoch 8 | Train: loss: 0.00000 | quality: 1.00000
        | Val:   loss: 0.02468 | quality: 0.99228

Epoch 9 | Train: loss: 0.00000 | quality: 1.00000
        | Val:   loss: 0.03540 | quality: 0.99228

Epoch 10 | Train: loss: 0.00000 | quality: 1.00000
        | Val:   loss: 0.05127 | quality: 0.99228

Epoch 11 | Train: loss: 0.26763 | quality: 0.98677
        | Val:   loss: 0.14310 | quality: 0.98842

Epoch 12 | Train: loss: 595737147192217463573970944.00000 | quality: 0.34078
        | Val:   loss: 575952804643715085905166336.00000 | quality: 0.34749

Epoch 13 | Train: loss: 147019390259478297739868672261742189236096942146810910248464254974282919428278689713684841467975848686859947895296301219889266902021525873885184.00000 | quality: 0.70471
        | Val:   loss: 156822710859702815755142277718204997526243979930092522225365364034282996656603283439163649115013013007974983843101311294046608216687449986826240.00000 | quality: 0.68726


✗ NaN loss at epoch 14 - stopping training
[2026-05-02 20:56:39,784][__main__][WARNING] - ✗ SINGULAR MMPO2TypeI/car_evaluation/NTN L=3 bd=4 seed=47303 -> /zhome/6b/e/212868/GTN/outputs/ntn/car_evaluation/MMPO2TypeI_rg5_init0.1/L3_bd4_seed47303 | val=0.9923

------------------------------------------------------------
Sender: LSF System <lsfadmin@hpc.dtu.dk>
Subject: Job 28338018[58]: <ntn_grid_full[1-150]%20> in cluster <dcc> Done

Job <ntn_grid_full[1-150]%20> was submitted from host <hpclogin1> by user <nicci> in cluster <dcc> at Sat May  2 18:52:02 2026
Job was executed on host(s) <6*n-62-30-24>, in queue <hpc>, as user <nicci> in cluster <dcc> at Sat May  2 20:23:24 2026
</zhome/6b/e/212868> was used as the home directory.
</zhome/6b/e/212868/GTN> was used as the working directory.
Started at Sat May  2 20:23:24 2026
Terminated at Sat May  2 20:56:53 2026
Results reported at Sat May  2 20:56:53 2026

Your job looked like:

------------------------------------------------------------
# LSBATCH: User input
#!/bin/bash
#BSUB -q hpc
#BSUB -J "ntn_grid_full[1-150]%20"
#BSUB -W 8:00
#BSUB -n 6
#BSUB -R "rusage[mem=750MB]"
#BSUB -R "span[hosts=1]"
#BSUB -o logs/%J_%I.out
#BSUB -e logs/%J_%I.err

MODELS=("cpda" "cpda_typei" "lmpo2" "lmpo2_typei" "mpo2" "mpo2_typei" "mmpo2" "mmpo2_typei" "tnml_f" "tnml_p")

DATASETS=(
    "abalone" "adult" "ai4i" "appliances" "bank" "bike" "breast"
    "car_evaluation" "concrete" "energy_efficiency" "hearth"
    "iris" "mushrooms" "obesity" "popularity" "realstate"
    "seoulBike" "student_dropout" "student_perf" "wine"
    "winequalityc"
)

COMPLETED_DATASETS=(
    "abalone" "bike" "concrete" "energy_efficiency"
    "iris" "realstate" )

# Filter datasets
FILTERED_DATASETS=()
for ds in "${DATASETS[@]}"; do
    skip=false
    for completed in "${COMPLETED_DATASETS[@]}"; do
        if [[ "$ds" == "$completed" ]]; then
            skip=true
            break
        fi
    done

    if ! $skip; then
        FILTERED_DATASETS+=("$ds")
    fi
done

DATASETS=("${FILTERED_DATASETS[@]}")

NUM_MODELS=${#MODELS[@]}
NUM_DATASETS=${#DATASETS[@]}
NUM_EXPERIMENTS=$((NUM_DATASETS * NUM_MODELS))

if [ "$1" == "test" ]; then
    echo "SIMULATING ARRAY:"
    echo "-----------------"


(... more ...)
------------------------------------------------------------

Successfully completed.

Resource usage summary:

    CPU time :                                   11470.07 sec.
    Max Memory :                                 2629 MB
    Average Memory :                             1154.47 MB
    Total Requested Memory :                     4500.00 MB
    Delta Memory :                               1871.00 MB
    Max Swap :                                   -
    Max Processes :                              12
    Max Threads :                                65
    Run time :                                   2008 sec.
    Turnaround time :                            7491 sec.

The output (if any) is above this job summary.



PS:

Read file <logs/28338018_58.err> for stderr output of this job.

