Task 88: Dataset=obesity, Model=mmpo2_typei, Experiment=uci_ntn_sweep
[2026-05-03 10:33:06,103][HYDRA] Launching 30 jobs locally
[2026-05-03 10:33:06,103][HYDRA] 	#0 : model.L=4 model.bond_dim=12 seed=42 trainer.ridge=5 trainer.ridge_decay=0.25 trainer.ridge_min=0.0001 +experiment=uci_ntn_sweep model=mmpo2_typei dataset=obesity
[2026-05-03 10:33:06,618][utils.tracking][INFO] - Loaded 18722 tracked runs from runs_tracking.csv
[2026-05-03 10:33:06,620][__main__][INFO] - ⏭ SKIP MMPO2TypeI/obesity/NTN L=4 bd=12 seed=42 -> /zhome/6b/e/212868/GTN/outputs/ntn/obesity/MMPO2TypeI_rg5_init0.1/L4_bd12_seed42 | already completed successfully (val_quality=0.6568677984590754) val=0.6569
[2026-05-03 10:33:06,637][HYDRA] 	#1 : model.L=4 model.bond_dim=12 seed=10090 trainer.ridge=5 trainer.ridge_decay=0.25 trainer.ridge_min=0.0001 +experiment=uci_ntn_sweep model=mmpo2_typei dataset=obesity
[2026-05-03 10:33:06,774][__main__][INFO] - ⏭ SKIP MMPO2TypeI/obesity/NTN L=4 bd=12 seed=10090 -> /zhome/6b/e/212868/GTN/outputs/ntn/obesity/MMPO2TypeI_rg5_init0.1/L4_bd12_seed10090 | already completed successfully (val_quality=0.6752496623901949) val=0.6752
[2026-05-03 10:33:06,777][HYDRA] 	#2 : model.L=4 model.bond_dim=12 seed=32874 trainer.ridge=5 trainer.ridge_decay=0.25 trainer.ridge_min=0.0001 +experiment=uci_ntn_sweep model=mmpo2_typei dataset=obesity
[2026-05-03 10:33:06,908][__main__][INFO] - ⏭ SKIP MMPO2TypeI/obesity/NTN L=4 bd=12 seed=32874 -> /zhome/6b/e/212868/GTN/outputs/ntn/obesity/MMPO2TypeI_rg5_init0.1/L4_bd12_seed32874 | already completed successfully (val_quality=0.66764658284119) val=0.6676
[2026-05-03 10:33:06,910][HYDRA] 	#3 : model.L=4 model.bond_dim=12 seed=47311 trainer.ridge=5 trainer.ridge_decay=0.25 trainer.ridge_min=0.0001 +experiment=uci_ntn_sweep model=mmpo2_typei dataset=obesity
[2026-05-03 10:33:07,051][__main__][INFO] - ⏭ SKIP MMPO2TypeI/obesity/NTN L=4 bd=12 seed=47311 -> /zhome/6b/e/212868/GTN/outputs/ntn/obesity/MMPO2TypeI_rg5_init0.1/L4_bd12_seed47311 | already completed successfully (val_quality=0.668949471706024) val=0.6689
[2026-05-03 10:33:07,056][HYDRA] 	#4 : model.L=4 model.bond_dim=12 seed=47303 trainer.ridge=5 trainer.ridge_decay=0.25 trainer.ridge_min=0.0001 +experiment=uci_ntn_sweep model=mmpo2_typei dataset=obesity
[2026-05-03 10:33:07,206][__main__][INFO] - ⏭ SKIP MMPO2TypeI/obesity/NTN L=4 bd=12 seed=47303 -> /zhome/6b/e/212868/GTN/outputs/ntn/obesity/MMPO2TypeI_rg5_init0.1/L4_bd12_seed47303 | already completed successfully (val_quality=0.6709587300507557) val=0.6710
[2026-05-03 10:33:07,209][HYDRA] 	#5 : model.L=4 model.bond_dim=8 seed=42 trainer.ridge=5 trainer.ridge_decay=0.25 trainer.ridge_min=0.0001 +experiment=uci_ntn_sweep model=mmpo2_typei dataset=obesity
[2026-05-03 10:33:07,341][__main__][INFO] - ⏭ SKIP MMPO2TypeI/obesity/NTN L=4 bd=8 seed=42 -> /zhome/6b/e/212868/GTN/outputs/ntn/obesity/MMPO2TypeI_rg5_init0.1/L4_bd8_seed42 | already completed successfully (val_quality=0.6464844636950915) val=0.6465
[2026-05-03 10:33:07,344][HYDRA] 	#6 : model.L=4 model.bond_dim=8 seed=10090 trainer.ridge=5 trainer.ridge_decay=0.25 trainer.ridge_min=0.0001 +experiment=uci_ntn_sweep model=mmpo2_typei dataset=obesity
[2026-05-03 10:33:07,470][__main__][INFO] - ⏭ SKIP MMPO2TypeI/obesity/NTN L=4 bd=8 seed=10090 -> /zhome/6b/e/212868/GTN/outputs/ntn/obesity/MMPO2TypeI_rg5_init0.1/L4_bd8_seed10090 | already completed successfully (val_quality=0.650122406412199) val=0.6501
[2026-05-03 10:33:07,473][HYDRA] 	#7 : model.L=4 model.bond_dim=8 seed=32874 trainer.ridge=5 trainer.ridge_decay=0.25 trainer.ridge_min=0.0001 +experiment=uci_ntn_sweep model=mmpo2_typei dataset=obesity
[2026-05-03 10:33:07,603][__main__][INFO] - ⏭ SKIP MMPO2TypeI/obesity/NTN L=4 bd=8 seed=32874 -> /zhome/6b/e/212868/GTN/outputs/ntn/obesity/MMPO2TypeI_rg5_init0.1/L4_bd8_seed32874 | already completed successfully (val_quality=0.6677348673079065) val=0.6677
[2026-05-03 10:33:07,606][HYDRA] 	#8 : model.L=4 model.bond_dim=8 seed=47311 trainer.ridge=5 trainer.ridge_decay=0.25 trainer.ridge_min=0.0001 +experiment=uci_ntn_sweep model=mmpo2_typei dataset=obesity
[2026-05-03 10:33:07,733][__main__][INFO] - ⏭ SKIP MMPO2TypeI/obesity/NTN L=4 bd=8 seed=47311 -> /zhome/6b/e/212868/GTN/outputs/ntn/obesity/MMPO2TypeI_rg5_init0.1/L4_bd8_seed47311 | already completed successfully (val_quality=0.654816385413327) val=0.6548
[2026-05-03 10:33:07,736][HYDRA] 	#9 : model.L=4 model.bond_dim=8 seed=47303 trainer.ridge=5 trainer.ridge_decay=0.25 trainer.ridge_min=0.0001 +experiment=uci_ntn_sweep model=mmpo2_typei dataset=obesity
[2026-05-03 10:33:07,864][__main__][INFO] - ⏭ SKIP MMPO2TypeI/obesity/NTN L=4 bd=8 seed=47303 -> /zhome/6b/e/212868/GTN/outputs/ntn/obesity/MMPO2TypeI_rg5_init0.1/L4_bd8_seed47303 | already completed successfully (val_quality=0.6449000822260444) val=0.6449
[2026-05-03 10:33:07,867][HYDRA] 	#10 : model.L=4 model.bond_dim=4 seed=42 trainer.ridge=5 trainer.ridge_decay=0.25 trainer.ridge_min=0.0001 +experiment=uci_ntn_sweep model=mmpo2_typei dataset=obesity
[2026-05-03 10:33:07,992][__main__][INFO] - ⏭ SKIP MMPO2TypeI/obesity/NTN L=4 bd=4 seed=42 -> /zhome/6b/e/212868/GTN/outputs/ntn/obesity/MMPO2TypeI_rg5_init0.1/L4_bd4_seed42 | already completed successfully (val_quality=0.6645882229404059) val=0.6646
[2026-05-03 10:33:07,995][HYDRA] 	#11 : model.L=4 model.bond_dim=4 seed=10090 trainer.ridge=5 trainer.ridge_decay=0.25 trainer.ridge_min=0.0001 +experiment=uci_ntn_sweep model=mmpo2_typei dataset=obesity
[2026-05-03 10:33:08,122][__main__][INFO] - ⏭ SKIP MMPO2TypeI/obesity/NTN L=4 bd=4 seed=10090 -> /zhome/6b/e/212868/GTN/outputs/ntn/obesity/MMPO2TypeI_rg5_init0.1/L4_bd4_seed10090 | already completed successfully (val_quality=0.6389377463033135) val=0.6389
[2026-05-03 10:33:08,124][HYDRA] 	#12 : model.L=4 model.bond_dim=4 seed=32874 trainer.ridge=5 trainer.ridge_decay=0.25 trainer.ridge_min=0.0001 +experiment=uci_ntn_sweep model=mmpo2_typei dataset=obesity
[2026-05-03 10:33:08,250][__main__][INFO] - ⏭ SKIP MMPO2TypeI/obesity/NTN L=4 bd=4 seed=32874 -> /zhome/6b/e/212868/GTN/outputs/ntn/obesity/MMPO2TypeI_rg5_init0.1/L4_bd4_seed32874 | already completed successfully (val_quality=0.6446837217595544) val=0.6447
[2026-05-03 10:33:08,253][HYDRA] 	#13 : model.L=4 model.bond_dim=4 seed=47311 trainer.ridge=5 trainer.ridge_decay=0.25 trainer.ridge_min=0.0001 +experiment=uci_ntn_sweep model=mmpo2_typei dataset=obesity
[2026-05-03 10:33:08,379][__main__][INFO] - ⏭ SKIP MMPO2TypeI/obesity/NTN L=4 bd=4 seed=47311 -> /zhome/6b/e/212868/GTN/outputs/ntn/obesity/MMPO2TypeI_rg5_init0.1/L4_bd4_seed47311 | already completed successfully (val_quality=0.678153265409813) val=0.6782
[2026-05-03 10:33:08,381][HYDRA] 	#14 : model.L=4 model.bond_dim=4 seed=47303 trainer.ridge=5 trainer.ridge_decay=0.25 trainer.ridge_min=0.0001 +experiment=uci_ntn_sweep model=mmpo2_typei dataset=obesity
[2026-05-03 10:33:08,507][__main__][INFO] - ⏭ SKIP MMPO2TypeI/obesity/NTN L=4 bd=4 seed=47303 -> /zhome/6b/e/212868/GTN/outputs/ntn/obesity/MMPO2TypeI_rg5_init0.1/L4_bd4_seed47303 | already completed successfully (val_quality=0.6518976380798756) val=0.6519
[2026-05-03 10:33:08,509][HYDRA] 	#15 : model.L=3 model.bond_dim=12 seed=42 trainer.ridge=5 trainer.ridge_decay=0.25 trainer.ridge_min=0.0001 +experiment=uci_ntn_sweep model=mmpo2_typei dataset=obesity
[2026-05-03 10:33:08,642][__main__][INFO] - ⏭ SKIP MMPO2TypeI/obesity/NTN L=3 bd=12 seed=42 -> /zhome/6b/e/212868/GTN/outputs/ntn/obesity/MMPO2TypeI_rg5_init0.1/L3_bd12_seed42 | already completed successfully (val_quality=0.6619021918139043) val=0.6619
[2026-05-03 10:33:08,644][HYDRA] 	#16 : model.L=3 model.bond_dim=12 seed=10090 trainer.ridge=5 trainer.ridge_decay=0.25 trainer.ridge_min=0.0001 +experiment=uci_ntn_sweep model=mmpo2_typei dataset=obesity
[2026-05-03 10:33:08,775][__main__][INFO] - ⏭ SKIP MMPO2TypeI/obesity/NTN L=3 bd=12 seed=10090 -> /zhome/6b/e/212868/GTN/outputs/ntn/obesity/MMPO2TypeI_rg5_init0.1/L3_bd12_seed10090 | already completed successfully (val_quality=0.6532363665716241) val=0.6532
[2026-05-03 10:33:08,778][HYDRA] 	#17 : model.L=3 model.bond_dim=12 seed=32874 trainer.ridge=5 trainer.ridge_decay=0.25 trainer.ridge_min=0.0001 +experiment=uci_ntn_sweep model=mmpo2_typei dataset=obesity
[2026-05-03 10:33:08,907][__main__][INFO] - ⏭ SKIP MMPO2TypeI/obesity/NTN L=3 bd=12 seed=32874 -> /zhome/6b/e/212868/GTN/outputs/ntn/obesity/MMPO2TypeI_rg5_init0.1/L3_bd12_seed32874 | already completed successfully (val_quality=0.6600274950532217) val=0.6600
[2026-05-03 10:33:08,910][HYDRA] 	#18 : model.L=3 model.bond_dim=12 seed=47311 trainer.ridge=5 trainer.ridge_decay=0.25 trainer.ridge_min=0.0001 +experiment=uci_ntn_sweep model=mmpo2_typei dataset=obesity
[2026-05-03 10:33:09,036][__main__][INFO] - ⏭ SKIP MMPO2TypeI/obesity/NTN L=3 bd=12 seed=47311 -> /zhome/6b/e/212868/GTN/outputs/ntn/obesity/MMPO2TypeI_rg5_init0.1/L3_bd12_seed47311 | already completed successfully (val_quality=0.6498220165293493) val=0.6498
[2026-05-03 10:33:09,038][HYDRA] 	#19 : model.L=3 model.bond_dim=12 seed=47303 trainer.ridge=5 trainer.ridge_decay=0.25 trainer.ridge_min=0.0001 +experiment=uci_ntn_sweep model=mmpo2_typei dataset=obesity
[2026-05-03 10:33:09,165][__main__][INFO] - ⏭ SKIP MMPO2TypeI/obesity/NTN L=3 bd=12 seed=47303 -> /zhome/6b/e/212868/GTN/outputs/ntn/obesity/MMPO2TypeI_rg5_init0.1/L3_bd12_seed47303 | already completed successfully (val_quality=0.6612849850681404) val=0.6613
[2026-05-03 10:33:09,168][HYDRA] 	#20 : model.L=3 model.bond_dim=8 seed=42 trainer.ridge=5 trainer.ridge_decay=0.25 trainer.ridge_min=0.0001 +experiment=uci_ntn_sweep model=mmpo2_typei dataset=obesity
[2026-05-03 10:33:09,293][__main__][INFO] - ⏭ SKIP MMPO2TypeI/obesity/NTN L=3 bd=8 seed=42 -> /zhome/6b/e/212868/GTN/outputs/ntn/obesity/MMPO2TypeI_rg5_init0.1/L3_bd8_seed42 | already completed successfully (val_quality=0.6554632053845613) val=0.6555
[2026-05-03 10:33:09,295][HYDRA] 	#21 : model.L=3 model.bond_dim=8 seed=10090 trainer.ridge=5 trainer.ridge_decay=0.25 trainer.ridge_min=0.0001 +experiment=uci_ntn_sweep model=mmpo2_typei dataset=obesity
[2026-05-03 10:33:09,419][__main__][INFO] - ⏭ SKIP MMPO2TypeI/obesity/NTN L=3 bd=8 seed=10090 -> /zhome/6b/e/212868/GTN/outputs/ntn/obesity/MMPO2TypeI_rg5_init0.1/L3_bd8_seed10090 | already completed successfully (val_quality=0.6569617304546584) val=0.6570
[2026-05-03 10:33:09,421][HYDRA] 	#22 : model.L=3 model.bond_dim=8 seed=32874 trainer.ridge=5 trainer.ridge_decay=0.25 trainer.ridge_min=0.0001 +experiment=uci_ntn_sweep model=mmpo2_typei dataset=obesity
[2026-05-03 10:33:09,548][__main__][INFO] - ⏭ SKIP MMPO2TypeI/obesity/NTN L=3 bd=8 seed=32874 -> /zhome/6b/e/212868/GTN/outputs/ntn/obesity/MMPO2TypeI_rg5_init0.1/L3_bd8_seed32874 | already completed successfully (val_quality=0.6741317980431514) val=0.6741
[2026-05-03 10:33:09,550][HYDRA] 	#23 : model.L=3 model.bond_dim=8 seed=47311 trainer.ridge=5 trainer.ridge_decay=0.25 trainer.ridge_min=0.0001 +experiment=uci_ntn_sweep model=mmpo2_typei dataset=obesity
[2026-05-03 10:33:09,678][__main__][INFO] - ⏭ SKIP MMPO2TypeI/obesity/NTN L=3 bd=8 seed=47311 -> /zhome/6b/e/212868/GTN/outputs/ntn/obesity/MMPO2TypeI_rg5_init0.1/L3_bd8_seed47311 | already completed successfully (val_quality=0.6515687447329828) val=0.6516
[2026-05-03 10:33:09,681][HYDRA] 	#24 : model.L=3 model.bond_dim=8 seed=47303 trainer.ridge=5 trainer.ridge_decay=0.25 trainer.ridge_min=0.0001 +experiment=uci_ntn_sweep model=mmpo2_typei dataset=obesity
[2026-05-03 10:33:09,809][__main__][INFO] - ⏭ SKIP MMPO2TypeI/obesity/NTN L=3 bd=8 seed=47303 -> /zhome/6b/e/212868/GTN/outputs/ntn/obesity/MMPO2TypeI_rg5_init0.1/L3_bd8_seed47303 | already completed successfully (val_quality=0.6549115329462303) val=0.6549
[2026-05-03 10:33:09,811][HYDRA] 	#25 : model.L=3 model.bond_dim=4 seed=42 trainer.ridge=5 trainer.ridge_decay=0.25 trainer.ridge_min=0.0001 +experiment=uci_ntn_sweep model=mmpo2_typei dataset=obesity
[2026-05-03 10:33:09,941][__main__][INFO] - ⏭ SKIP MMPO2TypeI/obesity/NTN L=3 bd=4 seed=42 -> /zhome/6b/e/212868/GTN/outputs/ntn/obesity/MMPO2TypeI_rg5_init0.1/L3_bd4_seed42 | already completed successfully (val_quality=0.6538672823236471) val=0.6539
[2026-05-03 10:33:09,944][HYDRA] 	#26 : model.L=3 model.bond_dim=4 seed=10090 trainer.ridge=5 trainer.ridge_decay=0.25 trainer.ridge_min=0.0001 +experiment=uci_ntn_sweep model=mmpo2_typei dataset=obesity
[2026-05-03 10:33:10,077][__main__][INFO] - ⏭ SKIP MMPO2TypeI/obesity/NTN L=3 bd=4 seed=10090 -> /zhome/6b/e/212868/GTN/outputs/ntn/obesity/MMPO2TypeI_rg5_init0.1/L3_bd4_seed10090 | already completed successfully (val_quality=0.6393859419722303) val=0.6394
[2026-05-03 10:33:10,079][HYDRA] 	#27 : model.L=3 model.bond_dim=4 seed=32874 trainer.ridge=5 trainer.ridge_decay=0.25 trainer.ridge_min=0.0001 +experiment=uci_ntn_sweep model=mmpo2_typei dataset=obesity
[2026-05-03 10:33:10,455][__main__][INFO] - ⏭ SKIP MMPO2TypeI/obesity/NTN L=3 bd=4 seed=32874 -> /zhome/6b/e/212868/GTN/outputs/ntn/obesity/MMPO2TypeI_rg5_init0.1/L3_bd4_seed32874 | already completed successfully (val_quality=0.6417519311227828) val=0.6418
[2026-05-03 10:33:10,458][HYDRA] 	#28 : model.L=3 model.bond_dim=4 seed=47311 trainer.ridge=5 trainer.ridge_decay=0.25 trainer.ridge_min=0.0001 +experiment=uci_ntn_sweep model=mmpo2_typei dataset=obesity
[2026-05-03 10:33:10,583][__main__][INFO] - ⏭ SKIP MMPO2TypeI/obesity/NTN L=3 bd=4 seed=47311 -> /zhome/6b/e/212868/GTN/outputs/ntn/obesity/MMPO2TypeI_rg5_init0.1/L3_bd4_seed47311 | already completed successfully (val_quality=0.6536285359662686) val=0.6536
[2026-05-03 10:33:10,586][HYDRA] 	#29 : model.L=3 model.bond_dim=4 seed=47303 trainer.ridge=5 trainer.ridge_decay=0.25 trainer.ridge_min=0.0001 +experiment=uci_ntn_sweep model=mmpo2_typei dataset=obesity
[2026-05-03 10:33:10,716][__main__][INFO] - ⏭ SKIP MMPO2TypeI/obesity/NTN L=3 bd=4 seed=47303 -> /zhome/6b/e/212868/GTN/outputs/ntn/obesity/MMPO2TypeI_rg5_init0.1/L3_bd4_seed47303 | already completed successfully (val_quality=0.651767159503018) val=0.6518

------------------------------------------------------------
Sender: LSF System <lsfadmin@hpc.dtu.dk>
Subject: Job 28339558[88]: <ntn_grid_full[1-150]%20> in cluster <dcc> Done

Job <ntn_grid_full[1-150]%20> was submitted from host <hpclogin1> by user <nicci> in cluster <dcc> at Sun May  3 10:30:18 2026
Job was executed on host(s) <6*n-62-31-21>, in queue <hpc>, as user <nicci> in cluster <dcc> at Sun May  3 10:32:56 2026
</zhome/6b/e/212868> was used as the home directory.
</zhome/6b/e/212868/GTN> was used as the working directory.
Started at Sun May  3 10:32:56 2026
Terminated at Sun May  3 10:33:11 2026
Results reported at Sun May  3 10:33:11 2026

Your job looked like:

------------------------------------------------------------
# LSBATCH: User input
#!/bin/bash
#BSUB -q hpc
#BSUB -J "ntn_grid_full[1-150]%20"
#BSUB -W 8:00
#BSUB -n 6
#BSUB -R "rusage[mem=1500MB]"
#BSUB -R "span[hosts=1]"
#BSUB -o logs/%J_%I.out
#BSUB -e logs/%J_%I.err

MODELS=("cpda" "cpda_typei" "lmpo2" "lmpo2_typei" "mpo2" "mpo2_typei" "mmpo2" "mmpo2_typei" "tnml_f" "tnml_p")

DATASETS=(
    "abalone" "adult" "ai4i" "appliances" "bank" "bike" "breast"
    "car_evaluation" "concrete" "energy_efficiency" "hearth"
    "iris" "mushrooms" "obesity" "popularity" "realstate"
    "seoulBike" "student_dropout" "student_perf" "wine"
    "winequalityc"
)

COMPLETED_DATASETS=(
    "abalone" "bike" "concrete" "energy_efficiency"
    "iris" "realstate" )

# Filter datasets
FILTERED_DATASETS=()
for ds in "${DATASETS[@]}"; do
    skip=false
    for completed in "${COMPLETED_DATASETS[@]}"; do
        if [[ "$ds" == "$completed" ]]; then
            skip=true
            break
        fi
    done

    if ! $skip; then
        FILTERED_DATASETS+=("$ds")
    fi
done

DATASETS=("${FILTERED_DATASETS[@]}")

NUM_MODELS=${#MODELS[@]}
NUM_DATASETS=${#DATASETS[@]}
NUM_EXPERIMENTS=$((NUM_DATASETS * NUM_MODELS))

if [ "$1" == "test" ]; then
    echo "SIMULATING ARRAY:"
    echo "-----------------"


(... more ...)
------------------------------------------------------------

Successfully completed.

Resource usage summary:

    CPU time :                                   12.59 sec.
    Max Memory :                                 398 MB
    Average Memory :                             398.00 MB
    Total Requested Memory :                     9000.00 MB
    Delta Memory :                               8602.00 MB
    Max Swap :                                   -
    Max Processes :                              4
    Max Threads :                                15
    Run time :                                   15 sec.
    Turnaround time :                            173 sec.

The output (if any) is above this job summary.



PS:

Read file <logs/28339558_88.err> for stderr output of this job.

