Traceback (most recent call last):
  File "/zhome/6b/e/212868/GTN/.venv/lib/python3.12/site-packages/hydra/core/utils.py", line 186, in run_job
    ret.return_value = task_function(task_cfg)
                       ^^^^^^^^^^^^^^^^^^^^^^^
  File "/zhome/6b/e/212868/GTN/run.py", line 742, in main
    result = run_ntn(cfg, model, data, output_dir)
             ^^^^^^^^^^^^^^^^^^^^^^^^^^^^^^^^^^^^^
  File "/zhome/6b/e/212868/GTN/run.py", line 353, in run_ntn
    scores_train, scores_val = ntn.fit(
                               ^^^^^^^^
  File "/zhome/6b/e/212868/GTN/model/base/NTN.py", line 987, in fit
    self.update_tn_node(
  File "/zhome/6b/e/212868/GTN/model/base/NTN.py", line 833, in update_tn_node
    delta_tensor = self._get_node_update(
                   ^^^^^^^^^^^^^^^^^^^^^^
  File "/zhome/6b/e/212868/GTN/model/base/NTN.py", line 648, in _get_node_update
    b, H = self._compute_H_b(node_tag)
           ^^^^^^^^^^^^^^^^^^^^^^^^^^^
  File "/zhome/6b/e/212868/GTN/model/base/NTN.py", line 201, in _compute_H_b
    J, H = self.compute_node_derivatives(
           ^^^^^^^^^^^^^^^^^^^^^^^^^^^^^^
  File "/zhome/6b/e/212868/GTN/model/base/NTN.py", line 140, in compute_node_derivatives
    return self._sum_over_batches(
           ^^^^^^^^^^^^^^^^^^^^^^^
  File "/zhome/6b/e/212868/GTN/model/base/NTN.py", line 109, in _sum_over_batches
    batch_result = batch_operation(*inputs, *args, **kwargs)
                   ^^^^^^^^^^^^^^^^^^^^^^^^^^^^^^^^^^^^^^^^^
  File "/zhome/6b/e/212868/GTN/model/base/NTN.py", line 162, in _batch_node_derivatives
    dL_dy, d2L_dy2 = self.loss.get_derivatives(
                     ^^^^^^^^^^^^^^^^^^^^^^^^^^
  File "/zhome/6b/e/212868/GTN/model/losses.py", line 477, in get_derivatives
    grad_th = torch.autograd.grad(loss_val, y_pred_th, create_graph=True)[0]
              ^^^^^^^^^^^^^^^^^^^^^^^^^^^^^^^^^^^^^^^^^^^^^^^^^^^^^^^^^^^
  File "/zhome/6b/e/212868/GTN/.venv/lib/python3.12/site-packages/torch/autograd/__init__.py", line 505, in grad
    grad_outputs_ = _make_grads(
                    ^^^^^^^^^^^^
  File "/zhome/6b/e/212868/GTN/.venv/lib/python3.12/site-packages/torch/autograd/__init__.py", line 89, in _make_grads
    def _make_grads(
    
KeyboardInterrupt

During handling of the above exception, another exception occurred:

Traceback (most recent call last):
  File "/zhome/6b/e/212868/GTN/run.py", line 793, in <module>
    main()
  File "/zhome/6b/e/212868/GTN/.venv/lib/python3.12/site-packages/hydra/main.py", line 94, in decorated_main
    _run_hydra(
  File "/zhome/6b/e/212868/GTN/.venv/lib/python3.12/site-packages/hydra/_internal/utils.py", line 394, in _run_hydra
    _run_app(
  File "/zhome/6b/e/212868/GTN/.venv/lib/python3.12/site-packages/hydra/_internal/utils.py", line 457, in _run_app
    run_and_report(
  File "/zhome/6b/e/212868/GTN/.venv/lib/python3.12/site-packages/hydra/_internal/utils.py", line 220, in run_and_report
    return func()
           ^^^^^^
  File "/zhome/6b/e/212868/GTN/.venv/lib/python3.12/site-packages/hydra/_internal/utils.py", line 458, in <lambda>
    lambda: hydra.run(
            ^^^^^^^^^^
  File "/zhome/6b/e/212868/GTN/.venv/lib/python3.12/site-packages/hydra/_internal/hydra.py", line 119, in run
    ret = run_job(
          ^^^^^^^^
  File "/zhome/6b/e/212868/GTN/.venv/lib/python3.12/site-packages/hydra/core/utils.py", line 183, in run_job
    with env_override(hydra_cfg.hydra.job.env_set):
         ^^^^^^^^^^^^^^^^^^^^^^^^^^^^^^^^^^^^^^^^^
  File "/zhome/6b/e/212868/.local/share/uv/python/cpython-3.12.11-linux-x86_64-gnu/lib/python3.12/contextlib.py", line 141, in __exit__
    def __exit__(self, typ, value, traceback):

KeyboardInterrupt
