Task 42: Dataset=breast, Model=cpda_typei, Experiment=cpda_ntn_sweep
[2026-05-02 09:55:27,932][HYDRA] Launching 40 jobs locally
[2026-05-02 09:55:27,932][HYDRA] 	#0 : model.L=4 model.bond_dim=64 seed=42 trainer.ridge=5 trainer.ridge_decay=0.25 trainer.ridge_min=0.0001 +experiment=cpda_ntn_sweep model=cpda_typei dataset=breast
[2026-05-02 09:55:28,224][utils.tracking][INFO] - Loaded 17971 tracked runs from runs_tracking.csv
[2026-05-02 09:55:28,228][__main__][INFO] - ⏭ SKIP CPDATypeI/breast/NTN L=4 bd=64 seed=42 -> /zhome/6b/e/212868/GTN/outputs/ntn/breast/CPDATypeI_rg5_init0.1/L4_bd64_seed42 | singular val=0.6118
[2026-05-02 09:55:28,232][HYDRA] 	#1 : model.L=4 model.bond_dim=64 seed=10090 trainer.ridge=5 trainer.ridge_decay=0.25 trainer.ridge_min=0.0001 +experiment=cpda_ntn_sweep model=cpda_typei dataset=breast
[2026-05-02 09:55:28,416][__main__][INFO] - ⏭ SKIP CPDATypeI/breast/NTN L=4 bd=64 seed=10090 -> /zhome/6b/e/212868/GTN/outputs/ntn/breast/CPDATypeI_rg5_init0.1/L4_bd64_seed10090 | singular val=0.5882
[2026-05-02 09:55:28,420][HYDRA] 	#2 : model.L=4 model.bond_dim=64 seed=32874 trainer.ridge=5 trainer.ridge_decay=0.25 trainer.ridge_min=0.0001 +experiment=cpda_ntn_sweep model=cpda_typei dataset=breast
[2026-05-02 09:55:28,601][__main__][INFO] - ⏭ SKIP CPDATypeI/breast/NTN L=4 bd=64 seed=32874 -> /zhome/6b/e/212868/GTN/outputs/ntn/breast/CPDATypeI_rg5_init0.1/L4_bd64_seed32874 | singular val=0.5765
[2026-05-02 09:55:28,604][HYDRA] 	#3 : model.L=4 model.bond_dim=64 seed=47311 trainer.ridge=5 trainer.ridge_decay=0.25 trainer.ridge_min=0.0001 +experiment=cpda_ntn_sweep model=cpda_typei dataset=breast
[2026-05-02 09:55:28,786][__main__][INFO] - ⏭ SKIP CPDATypeI/breast/NTN L=4 bd=64 seed=47311 -> /zhome/6b/e/212868/GTN/outputs/ntn/breast/CPDATypeI_rg5_init0.1/L4_bd64_seed47311 | singular val=0.5529
[2026-05-02 09:55:28,790][HYDRA] 	#4 : model.L=4 model.bond_dim=64 seed=47303 trainer.ridge=5 trainer.ridge_decay=0.25 trainer.ridge_min=0.0001 +experiment=cpda_ntn_sweep model=cpda_typei dataset=breast
[2026-05-02 09:55:28,968][__main__][INFO] - ⏭ SKIP CPDATypeI/breast/NTN L=4 bd=64 seed=47303 -> /zhome/6b/e/212868/GTN/outputs/ntn/breast/CPDATypeI_rg5_init0.1/L4_bd64_seed47303 | singular val=0.5294
[2026-05-02 09:55:28,971][HYDRA] 	#5 : model.L=4 model.bond_dim=32 seed=42 trainer.ridge=5 trainer.ridge_decay=0.25 trainer.ridge_min=0.0001 +experiment=cpda_ntn_sweep model=cpda_typei dataset=breast
[2026-05-02 09:55:29,164][__main__][INFO] - ⏭ SKIP CPDATypeI/breast/NTN L=4 bd=32 seed=42 -> /zhome/6b/e/212868/GTN/outputs/ntn/breast/CPDATypeI_rg5_init0.1/L4_bd32_seed42 | singular 
[2026-05-02 09:55:29,168][HYDRA] 	#6 : model.L=4 model.bond_dim=32 seed=10090 trainer.ridge=5 trainer.ridge_decay=0.25 trainer.ridge_min=0.0001 +experiment=cpda_ntn_sweep model=cpda_typei dataset=breast
[2026-05-02 09:55:29,353][__main__][INFO] - ⏭ SKIP CPDATypeI/breast/NTN L=4 bd=32 seed=10090 -> /zhome/6b/e/212868/GTN/outputs/ntn/breast/CPDATypeI_rg5_init0.1/L4_bd32_seed10090 | singular val=0.5882
[2026-05-02 09:55:29,357][HYDRA] 	#7 : model.L=4 model.bond_dim=32 seed=32874 trainer.ridge=5 trainer.ridge_decay=0.25 trainer.ridge_min=0.0001 +experiment=cpda_ntn_sweep model=cpda_typei dataset=breast
[2026-05-02 09:55:29,592][__main__][INFO] - ⏭ SKIP CPDATypeI/breast/NTN L=4 bd=32 seed=32874 -> /zhome/6b/e/212868/GTN/outputs/ntn/breast/CPDATypeI_rg5_init0.1/L4_bd32_seed32874 | singular val=0.4941
[2026-05-02 09:55:29,595][HYDRA] 	#8 : model.L=4 model.bond_dim=32 seed=47311 trainer.ridge=5 trainer.ridge_decay=0.25 trainer.ridge_min=0.0001 +experiment=cpda_ntn_sweep model=cpda_typei dataset=breast
[2026-05-02 09:55:29,780][__main__][INFO] - ⏭ SKIP CPDATypeI/breast/NTN L=4 bd=32 seed=47311 -> /zhome/6b/e/212868/GTN/outputs/ntn/breast/CPDATypeI_rg5_init0.1/L4_bd32_seed47311 | singular val=0.3882
[2026-05-02 09:55:29,789][HYDRA] 	#9 : model.L=4 model.bond_dim=32 seed=47303 trainer.ridge=5 trainer.ridge_decay=0.25 trainer.ridge_min=0.0001 +experiment=cpda_ntn_sweep model=cpda_typei dataset=breast
[2026-05-02 09:55:29,974][__main__][INFO] - ⏭ SKIP CPDATypeI/breast/NTN L=4 bd=32 seed=47303 -> /zhome/6b/e/212868/GTN/outputs/ntn/breast/CPDATypeI_rg5_init0.1/L4_bd32_seed47303 | singular val=0.8471
[2026-05-02 09:55:29,977][HYDRA] 	#10 : model.L=4 model.bond_dim=16 seed=42 trainer.ridge=5 trainer.ridge_decay=0.25 trainer.ridge_min=0.0001 +experiment=cpda_ntn_sweep model=cpda_typei dataset=breast
[2026-05-02 09:55:30,156][__main__][INFO] - ⏭ SKIP CPDATypeI/breast/NTN L=4 bd=16 seed=42 -> /zhome/6b/e/212868/GTN/outputs/ntn/breast/CPDATypeI_rg5_init0.1/L4_bd16_seed42 | singular val=0.8824
[2026-05-02 09:55:30,160][HYDRA] 	#11 : model.L=4 model.bond_dim=16 seed=10090 trainer.ridge=5 trainer.ridge_decay=0.25 trainer.ridge_min=0.0001 +experiment=cpda_ntn_sweep model=cpda_typei dataset=breast
[2026-05-02 09:55:30,362][__main__][INFO] - ⏭ SKIP CPDATypeI/breast/NTN L=4 bd=16 seed=10090 -> /zhome/6b/e/212868/GTN/outputs/ntn/breast/CPDATypeI_rg5_init0.1/L4_bd16_seed10090 | singular val=0.9412
[2026-05-02 09:55:30,365][HYDRA] 	#12 : model.L=4 model.bond_dim=16 seed=32874 trainer.ridge=5 trainer.ridge_decay=0.25 trainer.ridge_min=0.0001 +experiment=cpda_ntn_sweep model=cpda_typei dataset=breast
[2026-05-02 09:55:30,540][__main__][INFO] - ⏭ SKIP CPDATypeI/breast/NTN L=4 bd=16 seed=32874 -> /zhome/6b/e/212868/GTN/outputs/ntn/breast/CPDATypeI_rg5_init0.1/L4_bd16_seed32874 | singular val=0.6235
[2026-05-02 09:55:30,543][HYDRA] 	#13 : model.L=4 model.bond_dim=16 seed=47311 trainer.ridge=5 trainer.ridge_decay=0.25 trainer.ridge_min=0.0001 +experiment=cpda_ntn_sweep model=cpda_typei dataset=breast
[2026-05-02 09:55:30,717][__main__][INFO] - ⏭ SKIP CPDATypeI/breast/NTN L=4 bd=16 seed=47311 -> /zhome/6b/e/212868/GTN/outputs/ntn/breast/CPDATypeI_rg5_init0.1/L4_bd16_seed47311 | singular val=0.6471
[2026-05-02 09:55:30,724][HYDRA] 	#14 : model.L=4 model.bond_dim=16 seed=47303 trainer.ridge=5 trainer.ridge_decay=0.25 trainer.ridge_min=0.0001 +experiment=cpda_ntn_sweep model=cpda_typei dataset=breast
[2026-05-02 09:55:30,901][__main__][INFO] - ⏭ SKIP CPDATypeI/breast/NTN L=4 bd=16 seed=47303 -> /zhome/6b/e/212868/GTN/outputs/ntn/breast/CPDATypeI_rg5_init0.1/L4_bd16_seed47303 | singular val=0.8118
[2026-05-02 09:55:30,904][HYDRA] 	#15 : model.L=4 model.bond_dim=8 seed=42 trainer.ridge=5 trainer.ridge_decay=0.25 trainer.ridge_min=0.0001 +experiment=cpda_ntn_sweep model=cpda_typei dataset=breast
[2026-05-02 09:55:31,085][__main__][INFO] - ⏭ SKIP CPDATypeI/breast/NTN L=4 bd=8 seed=42 -> /zhome/6b/e/212868/GTN/outputs/ntn/breast/CPDATypeI_rg5_init0.1/L4_bd8_seed42 | singular val=0.9294
[2026-05-02 09:55:31,088][HYDRA] 	#16 : model.L=4 model.bond_dim=8 seed=10090 trainer.ridge=5 trainer.ridge_decay=0.25 trainer.ridge_min=0.0001 +experiment=cpda_ntn_sweep model=cpda_typei dataset=breast
[2026-05-02 09:55:31,274][__main__][INFO] - ⏭ SKIP CPDATypeI/breast/NTN L=4 bd=8 seed=10090 -> /zhome/6b/e/212868/GTN/outputs/ntn/breast/CPDATypeI_rg5_init0.1/L4_bd8_seed10090 | singular val=0.5765
[2026-05-02 09:55:31,278][HYDRA] 	#17 : model.L=4 model.bond_dim=8 seed=32874 trainer.ridge=5 trainer.ridge_decay=0.25 trainer.ridge_min=0.0001 +experiment=cpda_ntn_sweep model=cpda_typei dataset=breast
[2026-05-02 09:55:31,458][__main__][INFO] - ⏭ SKIP CPDATypeI/breast/NTN L=4 bd=8 seed=32874 -> /zhome/6b/e/212868/GTN/outputs/ntn/breast/CPDATypeI_rg5_init0.1/L4_bd8_seed32874 | singular val=0.9529
[2026-05-02 09:55:31,461][HYDRA] 	#18 : model.L=4 model.bond_dim=8 seed=47311 trainer.ridge=5 trainer.ridge_decay=0.25 trainer.ridge_min=0.0001 +experiment=cpda_ntn_sweep model=cpda_typei dataset=breast
[2026-05-02 09:55:31,651][__main__][INFO] - ⏭ SKIP CPDATypeI/breast/NTN L=4 bd=8 seed=47311 -> /zhome/6b/e/212868/GTN/outputs/ntn/breast/CPDATypeI_rg5_init0.1/L4_bd8_seed47311 | singular val=0.6824
[2026-05-02 09:55:31,654][HYDRA] 	#19 : model.L=4 model.bond_dim=8 seed=47303 trainer.ridge=5 trainer.ridge_decay=0.25 trainer.ridge_min=0.0001 +experiment=cpda_ntn_sweep model=cpda_typei dataset=breast
[2026-05-02 09:55:31,836][__main__][INFO] - ⏭ SKIP CPDATypeI/breast/NTN L=4 bd=8 seed=47303 -> /zhome/6b/e/212868/GTN/outputs/ntn/breast/CPDATypeI_rg5_init0.1/L4_bd8_seed47303 | singular val=0.9529
[2026-05-02 09:55:31,839][HYDRA] 	#20 : model.L=3 model.bond_dim=64 seed=42 trainer.ridge=5 trainer.ridge_decay=0.25 trainer.ridge_min=0.0001 +experiment=cpda_ntn_sweep model=cpda_typei dataset=breast
[2026-05-02 09:55:32,012][__main__][INFO] - ⏭ SKIP CPDATypeI/breast/NTN L=3 bd=64 seed=42 -> /zhome/6b/e/212868/GTN/outputs/ntn/breast/CPDATypeI_rg5_init0.1/L3_bd64_seed42 | singular val=0.9529
[2026-05-02 09:55:32,015][HYDRA] 	#21 : model.L=3 model.bond_dim=64 seed=10090 trainer.ridge=5 trainer.ridge_decay=0.25 trainer.ridge_min=0.0001 +experiment=cpda_ntn_sweep model=cpda_typei dataset=breast
[2026-05-02 09:55:32,194][__main__][INFO] - ⏭ SKIP CPDATypeI/breast/NTN L=3 bd=64 seed=10090 -> /zhome/6b/e/212868/GTN/outputs/ntn/breast/CPDATypeI_rg5_init0.1/L3_bd64_seed10090 | singular val=0.6471
[2026-05-02 09:55:32,198][HYDRA] 	#22 : model.L=3 model.bond_dim=64 seed=32874 trainer.ridge=5 trainer.ridge_decay=0.25 trainer.ridge_min=0.0001 +experiment=cpda_ntn_sweep model=cpda_typei dataset=breast
[2026-05-02 09:55:32,669][__main__][INFO] - ⏭ SKIP CPDATypeI/breast/NTN L=3 bd=64 seed=32874 -> /zhome/6b/e/212868/GTN/outputs/ntn/breast/CPDATypeI_rg5_init0.1/L3_bd64_seed32874 | singular val=0.8353
[2026-05-02 09:55:32,673][HYDRA] 	#23 : model.L=3 model.bond_dim=64 seed=47311 trainer.ridge=5 trainer.ridge_decay=0.25 trainer.ridge_min=0.0001 +experiment=cpda_ntn_sweep model=cpda_typei dataset=breast
[2026-05-02 09:55:32,854][__main__][INFO] - ⏭ SKIP CPDATypeI/breast/NTN L=3 bd=64 seed=47311 -> /zhome/6b/e/212868/GTN/outputs/ntn/breast/CPDATypeI_rg5_init0.1/L3_bd64_seed47311 | singular val=0.7765
[2026-05-02 09:55:32,857][HYDRA] 	#24 : model.L=3 model.bond_dim=64 seed=47303 trainer.ridge=5 trainer.ridge_decay=0.25 trainer.ridge_min=0.0001 +experiment=cpda_ntn_sweep model=cpda_typei dataset=breast
[2026-05-02 09:55:33,038][__main__][INFO] - ⏭ SKIP CPDATypeI/breast/NTN L=3 bd=64 seed=47303 -> /zhome/6b/e/212868/GTN/outputs/ntn/breast/CPDATypeI_rg5_init0.1/L3_bd64_seed47303 | singular val=0.9176
[2026-05-02 09:55:33,041][HYDRA] 	#25 : model.L=3 model.bond_dim=32 seed=42 trainer.ridge=5 trainer.ridge_decay=0.25 trainer.ridge_min=0.0001 +experiment=cpda_ntn_sweep model=cpda_typei dataset=breast
[2026-05-02 09:55:33,215][__main__][INFO] - ⏭ SKIP CPDATypeI/breast/NTN L=3 bd=32 seed=42 -> /zhome/6b/e/212868/GTN/outputs/ntn/breast/CPDATypeI_rg5_init0.1/L3_bd32_seed42 | singular val=0.6471
[2026-05-02 09:55:33,219][HYDRA] 	#26 : model.L=3 model.bond_dim=32 seed=10090 trainer.ridge=5 trainer.ridge_decay=0.25 trainer.ridge_min=0.0001 +experiment=cpda_ntn_sweep model=cpda_typei dataset=breast
[2026-05-02 09:55:33,398][__main__][INFO] - ⏭ SKIP CPDATypeI/breast/NTN L=3 bd=32 seed=10090 -> /zhome/6b/e/212868/GTN/outputs/ntn/breast/CPDATypeI_rg5_init0.1/L3_bd32_seed10090 | singular val=0.9412
[2026-05-02 09:55:33,401][HYDRA] 	#27 : model.L=3 model.bond_dim=32 seed=32874 trainer.ridge=5 trainer.ridge_decay=0.25 trainer.ridge_min=0.0001 +experiment=cpda_ntn_sweep model=cpda_typei dataset=breast
[2026-05-02 09:55:33,595][__main__][INFO] - ⏭ SKIP CPDATypeI/breast/NTN L=3 bd=32 seed=32874 -> /zhome/6b/e/212868/GTN/outputs/ntn/breast/CPDATypeI_rg5_init0.1/L3_bd32_seed32874 | singular val=0.7176
[2026-05-02 09:55:33,599][HYDRA] 	#28 : model.L=3 model.bond_dim=32 seed=47311 trainer.ridge=5 trainer.ridge_decay=0.25 trainer.ridge_min=0.0001 +experiment=cpda_ntn_sweep model=cpda_typei dataset=breast
[2026-05-02 09:55:33,787][__main__][INFO] - ⏭ SKIP CPDATypeI/breast/NTN L=3 bd=32 seed=47311 -> /zhome/6b/e/212868/GTN/outputs/ntn/breast/CPDATypeI_rg5_init0.1/L3_bd32_seed47311 | singular val=0.7412
[2026-05-02 09:55:33,791][HYDRA] 	#29 : model.L=3 model.bond_dim=32 seed=47303 trainer.ridge=5 trainer.ridge_decay=0.25 trainer.ridge_min=0.0001 +experiment=cpda_ntn_sweep model=cpda_typei dataset=breast
[2026-05-02 09:55:33,972][__main__][INFO] - ⏭ SKIP CPDATypeI/breast/NTN L=3 bd=32 seed=47303 -> /zhome/6b/e/212868/GTN/outputs/ntn/breast/CPDATypeI_rg5_init0.1/L3_bd32_seed47303 | singular val=0.8941
[2026-05-02 09:55:33,975][HYDRA] 	#30 : model.L=3 model.bond_dim=16 seed=42 trainer.ridge=5 trainer.ridge_decay=0.25 trainer.ridge_min=0.0001 +experiment=cpda_ntn_sweep model=cpda_typei dataset=breast
[2026-05-02 09:55:34,152][__main__][INFO] - ⏭ SKIP CPDATypeI/breast/NTN L=3 bd=16 seed=42 -> /zhome/6b/e/212868/GTN/outputs/ntn/breast/CPDATypeI_rg5_init0.1/L3_bd16_seed42 | singular val=0.9529
[2026-05-02 09:55:34,155][HYDRA] 	#31 : model.L=3 model.bond_dim=16 seed=10090 trainer.ridge=5 trainer.ridge_decay=0.25 trainer.ridge_min=0.0001 +experiment=cpda_ntn_sweep model=cpda_typei dataset=breast
[2026-05-02 09:55:34,338][__main__][INFO] - ⏭ SKIP CPDATypeI/breast/NTN L=3 bd=16 seed=10090 -> /zhome/6b/e/212868/GTN/outputs/ntn/breast/CPDATypeI_rg5_init0.1/L3_bd16_seed10090 | singular val=0.9529
[2026-05-02 09:55:34,341][HYDRA] 	#32 : model.L=3 model.bond_dim=16 seed=32874 trainer.ridge=5 trainer.ridge_decay=0.25 trainer.ridge_min=0.0001 +experiment=cpda_ntn_sweep model=cpda_typei dataset=breast
[2026-05-02 09:55:34,519][__main__][INFO] - ⏭ SKIP CPDATypeI/breast/NTN L=3 bd=16 seed=32874 -> /zhome/6b/e/212868/GTN/outputs/ntn/breast/CPDATypeI_rg5_init0.1/L3_bd16_seed32874 | singular val=0.9529
[2026-05-02 09:55:34,523][HYDRA] 	#33 : model.L=3 model.bond_dim=16 seed=47311 trainer.ridge=5 trainer.ridge_decay=0.25 trainer.ridge_min=0.0001 +experiment=cpda_ntn_sweep model=cpda_typei dataset=breast
[2026-05-02 09:55:34,702][__main__][INFO] - ⏭ SKIP CPDATypeI/breast/NTN L=3 bd=16 seed=47311 -> /zhome/6b/e/212868/GTN/outputs/ntn/breast/CPDATypeI_rg5_init0.1/L3_bd16_seed47311 | singular val=0.9529
[2026-05-02 09:55:34,705][HYDRA] 	#34 : model.L=3 model.bond_dim=16 seed=47303 trainer.ridge=5 trainer.ridge_decay=0.25 trainer.ridge_min=0.0001 +experiment=cpda_ntn_sweep model=cpda_typei dataset=breast
[2026-05-02 09:55:34,898][__main__][INFO] - ⏭ SKIP CPDATypeI/breast/NTN L=3 bd=16 seed=47303 -> /zhome/6b/e/212868/GTN/outputs/ntn/breast/CPDATypeI_rg5_init0.1/L3_bd16_seed47303 | singular val=0.9529
[2026-05-02 09:55:34,901][HYDRA] 	#35 : model.L=3 model.bond_dim=8 seed=42 trainer.ridge=5 trainer.ridge_decay=0.25 trainer.ridge_min=0.0001 +experiment=cpda_ntn_sweep model=cpda_typei dataset=breast
[2026-05-02 09:55:35,130][__main__][INFO] - ⏭ SKIP CPDATypeI/breast/NTN L=3 bd=8 seed=42 -> /zhome/6b/e/212868/GTN/outputs/ntn/breast/CPDATypeI_rg5_init0.1/L3_bd8_seed42 | singular val=0.7882
[2026-05-02 09:55:35,134][HYDRA] 	#36 : model.L=3 model.bond_dim=8 seed=10090 trainer.ridge=5 trainer.ridge_decay=0.25 trainer.ridge_min=0.0001 +experiment=cpda_ntn_sweep model=cpda_typei dataset=breast
[2026-05-02 09:55:35,346][__main__][INFO] - ⏭ SKIP CPDATypeI/breast/NTN L=3 bd=8 seed=10090 -> /zhome/6b/e/212868/GTN/outputs/ntn/breast/CPDATypeI_rg5_init0.1/L3_bd8_seed10090 | singular val=0.9529
[2026-05-02 09:55:35,350][HYDRA] 	#37 : model.L=3 model.bond_dim=8 seed=32874 trainer.ridge=5 trainer.ridge_decay=0.25 trainer.ridge_min=0.0001 +experiment=cpda_ntn_sweep model=cpda_typei dataset=breast
[2026-05-02 09:55:35,519][__main__][INFO] - ⏭ SKIP CPDATypeI/breast/NTN L=3 bd=8 seed=32874 -> /zhome/6b/e/212868/GTN/outputs/ntn/breast/CPDATypeI_rg5_init0.1/L3_bd8_seed32874 | singular val=0.9647
[2026-05-02 09:55:35,523][HYDRA] 	#38 : model.L=3 model.bond_dim=8 seed=47311 trainer.ridge=5 trainer.ridge_decay=0.25 trainer.ridge_min=0.0001 +experiment=cpda_ntn_sweep model=cpda_typei dataset=breast
[2026-05-02 09:55:35,703][__main__][INFO] - ⏭ SKIP CPDATypeI/breast/NTN L=3 bd=8 seed=47311 -> /zhome/6b/e/212868/GTN/outputs/ntn/breast/CPDATypeI_rg5_init0.1/L3_bd8_seed47311 | singular val=0.9176
[2026-05-02 09:55:35,706][HYDRA] 	#39 : model.L=3 model.bond_dim=8 seed=47303 trainer.ridge=5 trainer.ridge_decay=0.25 trainer.ridge_min=0.0001 +experiment=cpda_ntn_sweep model=cpda_typei dataset=breast
[2026-05-02 09:55:35,905][__main__][INFO] - ⏭ SKIP CPDATypeI/breast/NTN L=3 bd=8 seed=47303 -> /zhome/6b/e/212868/GTN/outputs/ntn/breast/CPDATypeI_rg5_init0.1/L3_bd8_seed47303 | singular val=0.9647

------------------------------------------------------------
Sender: LSF System <lsfadmin@hpc.dtu.dk>
Subject: Job 28336787[42]: <ntn_grid_full[1-150]%20> in cluster <dcc> Done

Job <ntn_grid_full[1-150]%20> was submitted from host <hpclogin1> by user <nicci> in cluster <dcc> at Sat May  2 09:53:08 2026
Job was executed on host(s) <6*n-62-31-17>, in queue <hpc>, as user <nicci> in cluster <dcc> at Sat May  2 09:55:14 2026
</zhome/6b/e/212868> was used as the home directory.
</zhome/6b/e/212868/GTN> was used as the working directory.
Started at Sat May  2 09:55:14 2026
Terminated at Sat May  2 09:55:36 2026
Results reported at Sat May  2 09:55:36 2026

Your job looked like:

------------------------------------------------------------
# LSBATCH: User input
#!/bin/bash
#BSUB -q hpc
#BSUB -J "ntn_grid_full[1-150]%20"
#BSUB -W 8:00
#BSUB -n 6
#BSUB -R "rusage[mem=500MB]"
#BSUB -R "span[hosts=1]"
#BSUB -o logs/%J_%I.out
#BSUB -e logs/%J_%I.err

MODELS=("cpda" "cpda_typei" "lmpo2" "lmpo2_typei" "mpo2" "mpo2_typei" "mmpo2" "mmpo2_typei" "tnml_f" "tnml_p")

DATASETS=(
    "abalone" "adult" "ai4i" "appliances" "bank" "bike" "breast"
    "car_evaluation" "concrete" "energy_efficiency" "hearth"
    "iris" "mushrooms" "obesity" "popularity" "realstate"
    "seoulBike" "student_dropout" "student_perf" "wine"
    "winequalityc"
)

COMPLETED_DATASETS=(
    "abalone" "bike" "concrete" "energy_efficiency"
    "iris" "realstate" )

# Filter datasets
FILTERED_DATASETS=()
for ds in "${DATASETS[@]}"; do
    skip=false
    for completed in "${COMPLETED_DATASETS[@]}"; do
        if [[ "$ds" == "$completed" ]]; then
            skip=true
            break
        fi
    done

    if ! $skip; then
        FILTERED_DATASETS+=("$ds")
    fi
done

DATASETS=("${FILTERED_DATASETS[@]}")

NUM_MODELS=${#MODELS[@]}
NUM_DATASETS=${#DATASETS[@]}
NUM_EXPERIMENTS=$((NUM_DATASETS * NUM_MODELS))

if [ "$1" == "test" ]; then
    echo "SIMULATING ARRAY:"
    echo "-----------------"


(... more ...)
------------------------------------------------------------

Successfully completed.

Resource usage summary:

    CPU time :                                   19.03 sec.
    Max Memory :                                 388 MB
    Average Memory :                             388.00 MB
    Total Requested Memory :                     3000.00 MB
    Delta Memory :                               2612.00 MB
    Max Swap :                                   -
    Max Processes :                              4
    Max Threads :                                15
    Run time :                                   22 sec.
    Turnaround time :                            148 sec.

The output (if any) is above this job summary.



PS:

Read file <logs/28336787_42.err> for stderr output of this job.

