Traceback (most recent call last):
  File "/zhome/6b/e/212868/GTN/run.py", line 792, in <module>
    main()
  File "/zhome/6b/e/212868/GTN/.venv/lib/python3.12/site-packages/hydra/main.py", line 94, in decorated_main
    _run_hydra(
  File "/zhome/6b/e/212868/GTN/.venv/lib/python3.12/site-packages/hydra/_internal/utils.py", line 394, in _run_hydra
    _run_app(
  File "/zhome/6b/e/212868/GTN/.venv/lib/python3.12/site-packages/hydra/_internal/utils.py", line 465, in _run_app
    run_and_report(
  File "/zhome/6b/e/212868/GTN/.venv/lib/python3.12/site-packages/hydra/_internal/utils.py", line 220, in run_and_report
    return func()
           ^^^^^^
  File "/zhome/6b/e/212868/GTN/.venv/lib/python3.12/site-packages/hydra/_internal/utils.py", line 466, in <lambda>
    lambda: hydra.multirun(
            ^^^^^^^^^^^^^^^
  File "/zhome/6b/e/212868/GTN/.venv/lib/python3.12/site-packages/hydra/_internal/hydra.py", line 162, in multirun
    ret = sweeper.sweep(arguments=task_overrides)
          ^^^^^^^^^^^^^^^^^^^^^^^^^^^^^^^^^^^^^^^
  File "/zhome/6b/e/212868/GTN/.venv/lib/python3.12/site-packages/hydra/_internal/core_plugins/basic_sweeper.py", line 172, in sweep
    self.validate_batch_is_legal(batch)
  File "/zhome/6b/e/212868/GTN/.venv/lib/python3.12/site-packages/hydra/plugins/sweeper.py", line 63, in validate_batch_is_legal
    config_loader.load_sweep_config(
  File "/zhome/6b/e/212868/GTN/.venv/lib/python3.12/site-packages/hydra/_internal/config_loader_impl.py", line 319, in load_sweep_config
    sweep_config = self.load_configuration(
                   ^^^^^^^^^^^^^^^^^^^^^^^^
  File "/zhome/6b/e/212868/GTN/.venv/lib/python3.12/site-packages/hydra/_internal/config_loader_impl.py", line 142, in load_configuration
    return self._load_configuration_impl(
           ^^^^^^^^^^^^^^^^^^^^^^^^^^^^^^
  File "/zhome/6b/e/212868/GTN/.venv/lib/python3.12/site-packages/hydra/_internal/config_loader_impl.py", line 253, in _load_configuration_impl
    defaults_list = create_defaults_list(
                    ^^^^^^^^^^^^^^^^^^^^^
  File "/zhome/6b/e/212868/GTN/.venv/lib/python3.12/site-packages/hydra/_internal/defaults_list.py", line 745, in create_defaults_list
    defaults, tree = _create_defaults_list(
                     ^^^^^^^^^^^^^^^^^^^^^^
  File "/zhome/6b/e/212868/GTN/.venv/lib/python3.12/site-packages/hydra/_internal/defaults_list.py", line 715, in _create_defaults_list
    defaults_tree = _create_defaults_tree(
                    ^^^^^^^^^^^^^^^^^^^^^^
  File "/zhome/6b/e/212868/GTN/.venv/lib/python3.12/site-packages/hydra/_internal/defaults_list.py", line 356, in _create_defaults_tree
    ret = _create_defaults_tree_impl(
          ^^^^^^^^^^^^^^^^^^^^^^^^^^^
  File "/zhome/6b/e/212868/GTN/.venv/lib/python3.12/site-packages/hydra/_internal/defaults_list.py", line 457, in _create_defaults_tree_impl
    return _expand_virtual_root(repo, root, overrides, skip_missing)
           ^^^^^^^^^^^^^^^^^^^^^^^^^^^^^^^^^^^^^^^^^^^^^^^^^^^^^^^^^
  File "/zhome/6b/e/212868/GTN/.venv/lib/python3.12/site-packages/hydra/_internal/defaults_list.py", line 280, in _expand_virtual_root
    subtree = _create_defaults_tree_impl(
              ^^^^^^^^^^^^^^^^^^^^^^^^^^^
  File "/zhome/6b/e/212868/GTN/.venv/lib/python3.12/site-packages/hydra/_internal/defaults_list.py", line 573, in _create_defaults_tree_impl
    add_child(children, new_root)
  File "/zhome/6b/e/212868/GTN/.venv/lib/python3.12/site-packages/hydra/_internal/defaults_list.py", line 520, in add_child
    subtree_ = _create_defaults_tree_impl(
               ^^^^^^^^^^^^^^^^^^^^^^^^^^^
  File "/zhome/6b/e/212868/GTN/.venv/lib/python3.12/site-packages/hydra/_internal/defaults_list.py", line 573, in _create_defaults_tree_impl
    add_child(children, new_root)
  File "/zhome/6b/e/212868/GTN/.venv/lib/python3.12/site-packages/hydra/_internal/defaults_list.py", line 520, in add_child
    subtree_ = _create_defaults_tree_impl(
               ^^^^^^^^^^^^^^^^^^^^^^^^^^^
  File "/zhome/6b/e/212868/GTN/.venv/lib/python3.12/site-packages/hydra/_internal/defaults_list.py", line 466, in _create_defaults_tree_impl
    update_package_header(repo=repo, node=parent)
  File "/zhome/6b/e/212868/GTN/.venv/lib/python3.12/site-packages/hydra/_internal/defaults_list.py", line 262, in update_package_header
    loaded = repo.load_config(config_path=node.get_config_path())
             ^^^^^^^^^^^^^^^^^^^^^^^^^^^^^^^^^^^^^^^^^^^^^^^^^^^^
  File "/zhome/6b/e/212868/GTN/.venv/lib/python3.12/site-packages/hydra/_internal/config_repository.py", line 348, in load_config
    ret = self.delegate.load_config(config_path=config_path)
          ^^^^^^^^^^^^^^^^^^^^^^^^^^^^^^^^^^^^^^^^^^^^^^^^^^
  File "/zhome/6b/e/212868/GTN/.venv/lib/python3.12/site-packages/hydra/_internal/config_repository.py", line 91, in load_config
    ret = source.load_config(config_path=config_path)
          ^^^^^^^^^^^^^^^^^^^^^^^^^^^^^^^^^^^^^^^^^^^
  File "/zhome/6b/e/212868/GTN/.venv/lib/python3.12/site-packages/hydra/_internal/core_plugins/file_config_source.py", line 31, in load_config
    cfg = OmegaConf.load(f)
          ^^^^^^^^^^^^^^^^^
  File "/zhome/6b/e/212868/GTN/.venv/lib/python3.12/site-packages/omegaconf/omegaconf.py", line 192, in load
    obj = yaml.load(file_, Loader=get_yaml_loader())
          ^^^^^^^^^^^^^^^^^^^^^^^^^^^^^^^^^^^^^^^^^^
  File "/zhome/6b/e/212868/GTN/.venv/lib/python3.12/site-packages/yaml/__init__.py", line 81, in load
    return loader.get_single_data()
           ^^^^^^^^^^^^^^^^^^^^^^^^
  File "/zhome/6b/e/212868/GTN/.venv/lib/python3.12/site-packages/yaml/constructor.py", line 49, in get_single_data
    node = self.get_single_node()
           ^^^^^^^^^^^^^^^^^^^^^^
  File "/zhome/6b/e/212868/GTN/.venv/lib/python3.12/site-packages/yaml/composer.py", line 36, in get_single_node
    document = self.compose_document()
               ^^^^^^^^^^^^^^^^^^^^^^^
  File "/zhome/6b/e/212868/GTN/.venv/lib/python3.12/site-packages/yaml/composer.py", line 55, in compose_document
    node = self.compose_node(None, None)
           ^^^^^^^^^^^^^^^^^^^^^^^^^^^^^
  File "/zhome/6b/e/212868/GTN/.venv/lib/python3.12/site-packages/yaml/composer.py", line 84, in compose_node
    node = self.compose_mapping_node(anchor)
           ^^^^^^^^^^^^^^^^^^^^^^^^^^^^^^^^^
  File "/zhome/6b/e/212868/GTN/.venv/lib/python3.12/site-packages/yaml/composer.py", line 133, in compose_mapping_node
    item_value = self.compose_node(node, item_key)
                 ^^^^^^^^^^^^^^^^^^^^^^^^^^^^^^^^^
  File "/zhome/6b/e/212868/GTN/.venv/lib/python3.12/site-packages/yaml/composer.py", line 84, in compose_node
    node = self.compose_mapping_node(anchor)
           ^^^^^^^^^^^^^^^^^^^^^^^^^^^^^^^^^
  File "/zhome/6b/e/212868/GTN/.venv/lib/python3.12/site-packages/yaml/composer.py", line 127, in compose_mapping_node
    while not self.check_event(MappingEndEvent):
              ^^^^^^^^^^^^^^^^^^^^^^^^^^^^^^^^^
  File "/zhome/6b/e/212868/GTN/.venv/lib/python3.12/site-packages/yaml/parser.py", line 98, in check_event
    self.current_event = self.state()
                         ^^^^^^^^^^^^
  File "/zhome/6b/e/212868/GTN/.venv/lib/python3.12/site-packages/yaml/parser.py", line 428, in parse_block_mapping_key
    if self.check_token(KeyToken):
       ^^^^^^^^^^^^^^^^^^^^^^^^^^
  File "/zhome/6b/e/212868/GTN/.venv/lib/python3.12/site-packages/yaml/scanner.py", line 116, in check_token
    self.fetch_more_tokens()
  File "/zhome/6b/e/212868/GTN/.venv/lib/python3.12/site-packages/yaml/scanner.py", line 223, in fetch_more_tokens
    return self.fetch_value()
           ^^^^^^^^^^^^^^^^^^
  File "/zhome/6b/e/212868/GTN/.venv/lib/python3.12/site-packages/yaml/scanner.py", line 554, in fetch_value
    KeyToken(key.mark, key.mark))
    ^^^^^^^^^^^^^^^^^^^^^^^^^^^^
KeyboardInterrupt
