Task 6: Dataset=adult, Model=mpo2_typei, Experiment=uci_ntn_sweep
[2026-05-01 15:16:07,855][HYDRA] Launching 30 jobs locally
[2026-05-01 15:16:07,856][HYDRA] 	#0 : model.L=4 model.bond_dim=12 seed=42 trainer.ridge=5 trainer.ridge_decay=0.25 trainer.ridge_min=0.0001 +experiment=uci_ntn_sweep model=mpo2_typei dataset=adult
[2026-05-01 15:16:08,323][utils.tracking][INFO] - Loaded 17971 tracked runs from runs_tracking.csv
[2026-05-01 15:16:08,327][__main__][INFO] - ⏭ SKIP MPO2TypeI/adult/NTN L=4 bd=12 seed=42 -> /zhome/6b/e/212868/GTN/outputs/ntn/adult/MPO2TypeI_rg5_init0.1/L4_bd12_seed42 | singular val=0.0920
[2026-05-01 15:16:08,329][HYDRA] 	#1 : model.L=4 model.bond_dim=12 seed=10090 trainer.ridge=5 trainer.ridge_decay=0.25 trainer.ridge_min=0.0001 +experiment=uci_ntn_sweep model=mpo2_typei dataset=adult
[2026-05-01 15:16:08,505][__main__][INFO] - ⏭ SKIP MPO2TypeI/adult/NTN L=4 bd=12 seed=10090 -> /zhome/6b/e/212868/GTN/outputs/ntn/adult/MPO2TypeI_rg5_init0.1/L4_bd12_seed10090 | singular val=0.1930
[2026-05-01 15:16:08,507][HYDRA] 	#2 : model.L=4 model.bond_dim=12 seed=32874 trainer.ridge=5 trainer.ridge_decay=0.25 trainer.ridge_min=0.0001 +experiment=uci_ntn_sweep model=mpo2_typei dataset=adult
[2026-05-01 15:16:08,673][__main__][INFO] - ▶ RUN MPO2TypeI/adult/NTN L=4 bd=12 seed=32874 -> /zhome/6b/e/212868/GTN/outputs/ntn/adult/MPO2TypeI_rg5_init0.1/L4_bd12_seed32874
Starting Ensemble Fit: 20 epochs
Models: [(1, 1), (2, 2), (3, 3), (4, 4)]
Total nodes: 10
Validation: Using separate validation set
Early stopping: patience=10, min_delta=0.001
Init    | Train: loss: 3.09908 | quality: 0.26549
        | Val:   loss: 3.43962 | quality: 0.26727

Epoch 1 | Train: loss: 272488441555820032.00000 | quality: 0.19214
        | Val:   loss: 280939993023462400.00000 | quality: 0.19328

Epoch 2 | Train: loss: 203709050320049960328238696990829150958145097112171375743106489131711816887974706618410776106799409000029166449002285730475015132373554631668780214982139203112281217534267638839877242227523584.00000 | quality: 0.07915
        | Val:   loss: 274387615254757316320094860472247828158887196191587902439441380055004507212518363560888719019554304806023093968055562538881686732822372212636056735414166110399873932467726941795495532191285248.00000 | quality: 0.08231


✗ NaN loss at epoch 3 - stopping training
[2026-05-01 15:37:16,448][__main__][WARNING] - ✗ SINGULAR MPO2TypeI/adult/NTN L=4 bd=12 seed=32874 -> /zhome/6b/e/212868/GTN/outputs/ntn/adult/MPO2TypeI_rg5_init0.1/L4_bd12_seed32874 | val=0.1933
[2026-05-01 15:37:16,451][HYDRA] 	#3 : model.L=4 model.bond_dim=12 seed=47311 trainer.ridge=5 trainer.ridge_decay=0.25 trainer.ridge_min=0.0001 +experiment=uci_ntn_sweep model=mpo2_typei dataset=adult
[2026-05-01 15:37:16,647][__main__][INFO] - ▶ RUN MPO2TypeI/adult/NTN L=4 bd=12 seed=47311 -> /zhome/6b/e/212868/GTN/outputs/ntn/adult/MPO2TypeI_rg5_init0.1/L4_bd12_seed47311
Starting Ensemble Fit: 20 epochs
Models: [(1, 1), (2, 2), (3, 3), (4, 4)]
Total nodes: 10
Validation: Using separate validation set
Early stopping: patience=10, min_delta=0.001
Init    | Train: loss: 2.46087 | quality: 0.25795
        | Val:   loss: 2.63624 | quality: 0.25348

Epoch 1 | Train: loss: 20382492561890224.00000 | quality: 0.12732
        | Val:   loss: 27462608671732676.00000 | quality: 0.13363

Epoch 2 | Train: loss: 128487382774852066798982202913312539378910801097208754133787503519185327497601097743936726467903510122083936333421994367246719825960310839863224391485727736640992388290036615751917371392.00000 | quality: 0.08886
        | Val:   loss: 173404695225215617751650881179385237590891718088604602848229167636158675309426075419079306680106972158232367523466396628402265869730861660529369292942834786838180549672068000331847434240.00000 | quality: 0.09337


✗ NaN loss at epoch 3 - stopping training
[2026-05-01 15:57:01,969][__main__][WARNING] - ✗ SINGULAR MPO2TypeI/adult/NTN L=4 bd=12 seed=47311 -> /zhome/6b/e/212868/GTN/outputs/ntn/adult/MPO2TypeI_rg5_init0.1/L4_bd12_seed47311 | val=0.1336
[2026-05-01 15:57:01,972][HYDRA] 	#4 : model.L=4 model.bond_dim=12 seed=47303 trainer.ridge=5 trainer.ridge_decay=0.25 trainer.ridge_min=0.0001 +experiment=uci_ntn_sweep model=mpo2_typei dataset=adult
[2026-05-01 15:57:02,165][__main__][INFO] - ▶ RUN MPO2TypeI/adult/NTN L=4 bd=12 seed=47303 -> /zhome/6b/e/212868/GTN/outputs/ntn/adult/MPO2TypeI_rg5_init0.1/L4_bd12_seed47303
Starting Ensemble Fit: 20 epochs
Models: [(1, 1), (2, 2), (3, 3), (4, 4)]
Total nodes: 10
Validation: Using separate validation set
Early stopping: patience=10, min_delta=0.001
Init    | Train: loss: 2.41156 | quality: 0.25751
        | Val:   loss: 2.63220 | quality: 0.24829

Epoch 1 | Train: loss: 7702637382086581248.00000 | quality: 0.13276
        | Val:   loss: 10386163362480769024.00000 | quality: 0.13595

Epoch 2 | Train: loss: 375219198861370378697110304398284795592029017546742518019318438912834232950433103363687370097779952951072980095630221015726139538305794701606065429025743883663091090033830098274919591157466724418188128849724169472966656.00000 | quality: 0.07921
        | Val:   loss: 505406427621999259837257810960144676634401143313976722570794487202355772669697287733549068168664643507011003033242474668479009574390945494406305558429781083005399750130374024042204407797432456091402511815160164585046016.00000 | quality: 0.08231


✗ NaN loss at epoch 3 - stopping training
[2026-05-01 16:16:52,765][__main__][WARNING] - ✗ SINGULAR MPO2TypeI/adult/NTN L=4 bd=12 seed=47303 -> /zhome/6b/e/212868/GTN/outputs/ntn/adult/MPO2TypeI_rg5_init0.1/L4_bd12_seed47303 | val=0.1360
[2026-05-01 16:16:52,770][HYDRA] 	#5 : model.L=4 model.bond_dim=8 seed=42 trainer.ridge=5 trainer.ridge_decay=0.25 trainer.ridge_min=0.0001 +experiment=uci_ntn_sweep model=mpo2_typei dataset=adult
[2026-05-01 16:16:52,950][__main__][INFO] - ▶ RUN MPO2TypeI/adult/NTN L=4 bd=8 seed=42 -> /zhome/6b/e/212868/GTN/outputs/ntn/adult/MPO2TypeI_rg5_init0.1/L4_bd8_seed42
Starting Ensemble Fit: 20 epochs
Models: [(1, 1), (2, 2), (3, 3), (4, 4)]
Total nodes: 10
Validation: Using separate validation set
Early stopping: patience=10, min_delta=0.001
Init    | Train: loss: 2.19565 | quality: 0.19653
        | Val:   loss: 2.27711 | quality: 0.19888

Epoch 1 | Train: loss: 235741144740004058103808.00000 | quality: 0.10138
        | Val:   loss: 318459783061215259918336.00000 | quality: 0.10224

Epoch 2 | Train: loss: 605590441745486048046333515426796379699064580913480843380034487055465468588489892025848953876596536194874209252329806655490708411758027170239968366077758938497070530745577257124184396076361411912701344621696995617814441320004841381754778524381811666434335440896.00000 | quality: 0.16011
        | Val:   loss: 624927103889742892433421669221531358359401320938779143254319007296425890910764499999241998816389794343429424903239361888160008133735073070031254029875331504763009809877542328661345588380792577689195431320542393863605911323839637301529043293403976125201663393792.00000 | quality: 0.16394


✗ NaN loss at epoch 3 - stopping training
[2026-05-01 16:22:22,244][__main__][WARNING] - ✗ SINGULAR MPO2TypeI/adult/NTN L=4 bd=8 seed=42 -> /zhome/6b/e/212868/GTN/outputs/ntn/adult/MPO2TypeI_rg5_init0.1/L4_bd8_seed42 | val=0.1639
[2026-05-01 16:22:22,247][HYDRA] 	#6 : model.L=4 model.bond_dim=8 seed=10090 trainer.ridge=5 trainer.ridge_decay=0.25 trainer.ridge_min=0.0001 +experiment=uci_ntn_sweep model=mpo2_typei dataset=adult
[2026-05-01 16:22:22,427][__main__][INFO] - ▶ RUN MPO2TypeI/adult/NTN L=4 bd=8 seed=10090 -> /zhome/6b/e/212868/GTN/outputs/ntn/adult/MPO2TypeI_rg5_init0.1/L4_bd8_seed10090
Starting Ensemble Fit: 20 epochs
Models: [(1, 1), (2, 2), (3, 3), (4, 4)]
Total nodes: 10
Validation: Using separate validation set
Early stopping: patience=10, min_delta=0.001
Init    | Train: loss: 2.05704 | quality: 0.18205
        | Val:   loss: 2.12391 | quality: 0.18537

Epoch 1 | Train: loss: 26596874.04216 | quality: 0.15005
        | Val:   loss: 35783674.56876 | quality: 0.15274

Epoch 2 | Train: loss: 1312087379197146348508892125130048094767369354502686893843128874506455636890696011527947158351249408.00000 | quality: 0.15879
        | Val:   loss: 1354146557778721337110860822613310871111742305517724668777874575431921134492137738242076289062141952.00000 | quality: 0.16162


✗ NaN loss at epoch 3 - stopping training
[2026-05-01 16:27:35,514][__main__][WARNING] - ✗ SINGULAR MPO2TypeI/adult/NTN L=4 bd=8 seed=10090 -> /zhome/6b/e/212868/GTN/outputs/ntn/adult/MPO2TypeI_rg5_init0.1/L4_bd8_seed10090 | val=0.1616
[2026-05-01 16:27:35,517][HYDRA] 	#7 : model.L=4 model.bond_dim=8 seed=32874 trainer.ridge=5 trainer.ridge_decay=0.25 trainer.ridge_min=0.0001 +experiment=uci_ntn_sweep model=mpo2_typei dataset=adult
[2026-05-01 16:27:35,695][__main__][INFO] - ▶ RUN MPO2TypeI/adult/NTN L=4 bd=8 seed=32874 -> /zhome/6b/e/212868/GTN/outputs/ntn/adult/MPO2TypeI_rg5_init0.1/L4_bd8_seed32874
Starting Ensemble Fit: 20 epochs
Models: [(1, 1), (2, 2), (3, 3), (4, 4)]
Total nodes: 10
Validation: Using separate validation set
Early stopping: patience=10, min_delta=0.001
Init    | Train: loss: 1.85769 | quality: 0.37170
        | Val:   loss: 1.94010 | quality: 0.35517

Epoch 1 | Train: loss: 41243053283856089088.00000 | quality: 0.09986
        | Val:   loss: 55589477106659606528.00000 | quality: 0.10019

Epoch 2 | Train: loss: 23799037633862962697611784947357499912021103849203241469780031931660199972916509603970025038570915204265893284877024168696425940387336697985241222894633330017635426762768989872791129587270566759583056757544092325380096.00000 | quality: 0.15996
        | Val:   loss: 24559002093272519548404607971555791703507334677358543311213460912804341813416213257087302868134010939670978091506534628301893312275171942533320364876121364258464113795183901814450271253575656552671271397936081007542272.00000 | quality: 0.16380


✗ NaN loss at epoch 3 - stopping training
[2026-05-01 16:32:51,881][__main__][WARNING] - ✗ SINGULAR MPO2TypeI/adult/NTN L=4 bd=8 seed=32874 -> /zhome/6b/e/212868/GTN/outputs/ntn/adult/MPO2TypeI_rg5_init0.1/L4_bd8_seed32874 | val=0.1638
[2026-05-01 16:32:51,884][HYDRA] 	#8 : model.L=4 model.bond_dim=8 seed=47311 trainer.ridge=5 trainer.ridge_decay=0.25 trainer.ridge_min=0.0001 +experiment=uci_ntn_sweep model=mpo2_typei dataset=adult
[2026-05-01 16:32:52,061][__main__][INFO] - ▶ RUN MPO2TypeI/adult/NTN L=4 bd=8 seed=47311 -> /zhome/6b/e/212868/GTN/outputs/ntn/adult/MPO2TypeI_rg5_init0.1/L4_bd8_seed47311
Starting Ensemble Fit: 20 epochs
Models: [(1, 1), (2, 2), (3, 3), (4, 4)]
Total nodes: 10
Validation: Using separate validation set
Early stopping: patience=10, min_delta=0.001
Init    | Train: loss: 2.60581 | quality: 0.22086
        | Val:   loss: 2.97748 | quality: 0.21867

Epoch 1 | Train: loss: 8803459923715765697511424.00000 | quality: 0.23291
        | Val:   loss: 9056865906724651791286272.00000 | quality: 0.23737
 *
Epoch 2 | Train: loss: 88344458383568718148698848049969057099237721042904306364372650606150233349844240658504986239898934708919108732692603330631378024263699661149667709004571303054759902616010005328366017529588530476003571681860248623903073381976480267545559213826340725347716885870052461739360706718766989312.00000 | quality: 0.16719
        | Val:   loss: 90537017999224283577668450365479344697749946266400653894433030894983744896839513499302117954307898342011096531987790755051882387955831788382606648485417934326786889701734180751110259145473616138959470160462565860188811057801675091579214549720263900424564224403776412994409643176773025792.00000 | quality: 0.17022


✗ NaN loss at epoch 3 - stopping training
[2026-05-01 16:38:07,455][__main__][WARNING] - ✗ SINGULAR MPO2TypeI/adult/NTN L=4 bd=8 seed=47311 -> /zhome/6b/e/212868/GTN/outputs/ntn/adult/MPO2TypeI_rg5_init0.1/L4_bd8_seed47311 | val=0.2374
[2026-05-01 16:38:07,459][HYDRA] 	#9 : model.L=4 model.bond_dim=8 seed=47303 trainer.ridge=5 trainer.ridge_decay=0.25 trainer.ridge_min=0.0001 +experiment=uci_ntn_sweep model=mpo2_typei dataset=adult
[2026-05-01 16:38:07,638][__main__][INFO] - ▶ RUN MPO2TypeI/adult/NTN L=4 bd=8 seed=47303 -> /zhome/6b/e/212868/GTN/outputs/ntn/adult/MPO2TypeI_rg5_init0.1/L4_bd8_seed47303
Starting Ensemble Fit: 20 epochs
Models: [(1, 1), (2, 2), (3, 3), (4, 4)]
Total nodes: 10
Validation: Using separate validation set
Early stopping: patience=10, min_delta=0.001
Init    | Train: loss: 1.94783 | quality: 0.27026
        | Val:   loss: 1.98882 | quality: 0.27969

Epoch 1 | Train: loss: 27.40123 | quality: 0.55179
        | Val:   loss: 28.00209 | quality: 0.54136
 *
Epoch 2 | Train: loss: 727804605070243808316180180612171445259874783082532874104723947967741952.00000 | quality: 0.15499
        | Val:   loss: 750653348137406821300373541576259040239663161904642630640254664220606464.00000 | quality: 0.15766


✗ NaN loss at epoch 3 - stopping training
[2026-05-01 16:43:15,440][__main__][WARNING] - ✗ SINGULAR MPO2TypeI/adult/NTN L=4 bd=8 seed=47303 -> /zhome/6b/e/212868/GTN/outputs/ntn/adult/MPO2TypeI_rg5_init0.1/L4_bd8_seed47303 | val=0.5414
[2026-05-01 16:43:15,443][HYDRA] 	#10 : model.L=4 model.bond_dim=4 seed=42 trainer.ridge=5 trainer.ridge_decay=0.25 trainer.ridge_min=0.0001 +experiment=uci_ntn_sweep model=mpo2_typei dataset=adult
[2026-05-01 16:43:15,618][__main__][INFO] - ▶ RUN MPO2TypeI/adult/NTN L=4 bd=4 seed=42 -> /zhome/6b/e/212868/GTN/outputs/ntn/adult/MPO2TypeI_rg5_init0.1/L4_bd4_seed42
Starting Ensemble Fit: 20 epochs
Models: [(1, 1), (2, 2), (3, 3), (4, 4)]
Total nodes: 10
Validation: Using separate validation set
Early stopping: patience=10, min_delta=0.001
Init    | Train: loss: 1.49724 | quality: 0.20951
        | Val:   loss: 1.51993 | quality: 0.20734

Epoch 1 | Train: loss: 1.05577 | quality: 0.54228
        | Val:   loss: 1.06479 | quality: 0.53303
 *
Epoch 2 | Train: loss: 0.98859 | quality: 0.55986
        | Val:   loss: 0.99860 | quality: 0.55091
 *
Epoch 3 | Train: loss: 0.96039 | quality: 0.56629
        | Val:   loss: 0.97314 | quality: 0.55856
 *
Epoch 4 | Train: loss: 0.94658 | quality: 0.56746
        | Val:   loss: 0.96473 | quality: 0.56074
 *
Epoch 5 | Train: loss: 0.93946 | quality: 0.56992
        | Val:   loss: 0.96960 | quality: 0.55992
 *
Epoch 6 | Train: loss: 0.93247 | quality: 0.57249
        | Val:   loss: 0.98151 | quality: 0.55747

Epoch 7 | Train: loss: 0.92386 | quality: 0.57788
        | Val:   loss: 1.00109 | quality: 0.55501

Epoch 8 | Train: loss: 0.91197 | quality: 0.58373
        | Val:   loss: 1.03729 | quality: 0.54941

Epoch 9 | Train: loss: 0.90275 | quality: 0.58762
        | Val:   loss: 1.06798 | quality: 0.54491

Epoch 10 | Train: loss: 0.89723 | quality: 0.58978
        | Val:   loss: 1.09769 | quality: 0.54450

Epoch 11 | Train: loss: 0.89330 | quality: 0.59116
        | Val:   loss: 1.11803 | quality: 0.54341

Epoch 12 | Train: loss: 4759912.31390 | quality: 0.24031
        | Val:   loss: 5921180.21984 | quality: 0.23546

Epoch 13 | Train: loss: 1871534825455319694525473942722820144016457513514666801222336052516908834714973717577711935650348701963525696094691476659034215359767039700127441089562935296.00000 | quality: 0.15057
        | Val:   loss: 1927427485541298845072134263873269738030099789638144306457470091142766947483581652564529809727266410775433394309466135879179073024537966332357197200617373696.00000 | quality: 0.14988


✗ NaN loss at epoch 14 - stopping training
[2026-05-01 16:47:42,835][__main__][WARNING] - ✗ SINGULAR MPO2TypeI/adult/NTN L=4 bd=4 seed=42 -> /zhome/6b/e/212868/GTN/outputs/ntn/adult/MPO2TypeI_rg5_init0.1/L4_bd4_seed42 | val=0.5607
[2026-05-01 16:47:42,838][HYDRA] 	#11 : model.L=4 model.bond_dim=4 seed=10090 trainer.ridge=5 trainer.ridge_decay=0.25 trainer.ridge_min=0.0001 +experiment=uci_ntn_sweep model=mpo2_typei dataset=adult
[2026-05-01 16:47:43,016][__main__][INFO] - ▶ RUN MPO2TypeI/adult/NTN L=4 bd=4 seed=10090 -> /zhome/6b/e/212868/GTN/outputs/ntn/adult/MPO2TypeI_rg5_init0.1/L4_bd4_seed10090
Starting Ensemble Fit: 20 epochs
Models: [(1, 1), (2, 2), (3, 3), (4, 4)]
Total nodes: 10
Validation: Using separate validation set
Early stopping: patience=10, min_delta=0.001
Init    | Train: loss: 1.66784 | quality: 0.22180
        | Val:   loss: 1.71903 | quality: 0.22782

Epoch 1 | Train: loss: 117240152418818912.00000 | quality: 0.12560
        | Val:   loss: 157858422916119616.00000 | quality: 0.12408

Epoch 2 | Train: loss: 96167018970217729380643235322852222510276027478436800361450656609231961170622388805256177732885840274009022174664949562515979518970471381113520165179958841640771141191528385028816896.00000 | quality: 0.15985
        | Val:   loss: 99235720064979414434532591171332061620486925060721473001365898510738965531265893597712567689580051872483850088107164851837853771874878046830439268869611037288686739022563893378547712.00000 | quality: 0.16366


✗ NaN loss at epoch 3 - stopping training
[2026-05-01 16:48:41,739][__main__][WARNING] - ✗ SINGULAR MPO2TypeI/adult/NTN L=4 bd=4 seed=10090 -> /zhome/6b/e/212868/GTN/outputs/ntn/adult/MPO2TypeI_rg5_init0.1/L4_bd4_seed10090 | val=0.1637
[2026-05-01 16:48:41,743][HYDRA] 	#12 : model.L=4 model.bond_dim=4 seed=32874 trainer.ridge=5 trainer.ridge_decay=0.25 trainer.ridge_min=0.0001 +experiment=uci_ntn_sweep model=mpo2_typei dataset=adult
[2026-05-01 16:48:41,918][__main__][INFO] - ▶ RUN MPO2TypeI/adult/NTN L=4 bd=4 seed=32874 -> /zhome/6b/e/212868/GTN/outputs/ntn/adult/MPO2TypeI_rg5_init0.1/L4_bd4_seed32874
Starting Ensemble Fit: 20 epochs
Models: [(1, 1), (2, 2), (3, 3), (4, 4)]
Total nodes: 10
Validation: Using separate validation set
Early stopping: patience=10, min_delta=0.001
Init    | Train: loss: 1.51305 | quality: 0.30875
        | Val:   loss: 1.53776 | quality: 0.30753

Epoch 1 | Train: loss: 109253384896.29608 | quality: 0.23057
        | Val:   loss: 111006554222.70844 | quality: 0.22864

Epoch 2 | Train: loss: 6907021388683411105927220594251335602435039421414335128298472679197310686195436270334932812489659076652243989286885640493858816.00000 | quality: 0.15891
        | Val:   loss: 7088861380719298065621154458822761538440185488924352756797885823217878943795388711197605465939295592679867175670539104634798080.00000 | quality: 0.16203


✗ NaN loss at epoch 3 - stopping training
[2026-05-01 16:49:40,775][__main__][WARNING] - ✗ SINGULAR MPO2TypeI/adult/NTN L=4 bd=4 seed=32874 -> /zhome/6b/e/212868/GTN/outputs/ntn/adult/MPO2TypeI_rg5_init0.1/L4_bd4_seed32874 | val=0.2286
[2026-05-01 16:49:40,778][HYDRA] 	#13 : model.L=4 model.bond_dim=4 seed=47311 trainer.ridge=5 trainer.ridge_decay=0.25 trainer.ridge_min=0.0001 +experiment=uci_ntn_sweep model=mpo2_typei dataset=adult
[2026-05-01 16:49:40,960][__main__][INFO] - ▶ RUN MPO2TypeI/adult/NTN L=4 bd=4 seed=47311 -> /zhome/6b/e/212868/GTN/outputs/ntn/adult/MPO2TypeI_rg5_init0.1/L4_bd4_seed47311
Starting Ensemble Fit: 20 epochs
Models: [(1, 1), (2, 2), (3, 3), (4, 4)]
Total nodes: 10
Validation: Using separate validation set
Early stopping: patience=10, min_delta=0.001
Init    | Train: loss: 1.52138 | quality: 0.27167
        | Val:   loss: 1.51240 | quality: 0.27164

Epoch 1 | Train: loss: 5431439176466335.00000 | quality: 0.11062
        | Val:   loss: 7324499103840110.00000 | quality: 0.11521

Epoch 2 | Train: loss: 220736234849644108141637417797491617721792791021613698273290879368320693533371845812314856047082912942126518907436114276367980774546260071909207919464038161186866331648.00000 | quality: 0.15988
        | Val:   loss: 227782875560635764666710008787101754238262545294189245081262116194169807814035563141455330204419272691244961822731277542807393763860794369025274638669653519129284444160.00000 | quality: 0.16366


✗ NaN loss at epoch 3 - stopping training
[2026-05-01 16:50:39,814][__main__][WARNING] - ✗ SINGULAR MPO2TypeI/adult/NTN L=4 bd=4 seed=47311 -> /zhome/6b/e/212868/GTN/outputs/ntn/adult/MPO2TypeI_rg5_init0.1/L4_bd4_seed47311 | val=0.1637
[2026-05-01 16:50:39,817][HYDRA] 	#14 : model.L=4 model.bond_dim=4 seed=47303 trainer.ridge=5 trainer.ridge_decay=0.25 trainer.ridge_min=0.0001 +experiment=uci_ntn_sweep model=mpo2_typei dataset=adult
[2026-05-01 16:50:39,992][__main__][INFO] - ▶ RUN MPO2TypeI/adult/NTN L=4 bd=4 seed=47303 -> /zhome/6b/e/212868/GTN/outputs/ntn/adult/MPO2TypeI_rg5_init0.1/L4_bd4_seed47303
Starting Ensemble Fit: 20 epochs
Models: [(1, 1), (2, 2), (3, 3), (4, 4)]
Total nodes: 10
Validation: Using separate validation set
Early stopping: patience=10, min_delta=0.001
Init    | Train: loss: 1.54751 | quality: 0.21814
        | Val:   loss: 1.53150 | quality: 0.22659

Epoch 1 | Train: loss: 44163978159268064.00000 | quality: 0.12513
        | Val:   loss: 59557057243738496.00000 | quality: 0.13486

Epoch 2 | Train: loss: 6415510621554632461368435945640103828722071885162984166901926441210593826797072678127628650821331776814324817167581711747990067184341847217142482746294097346950533774868685968264419532355625316793655996825319789421395968.00000 | quality: 0.51078
        | Val:   loss: 6566597873916753565137738975842866194106415470635867939657131056684720315653768176374153815058457152333165376977681257927842724085740123512227665778466488506231909786986047244860594977918978436000595082748899361321648128.00000 | quality: 0.50246
 *

✗ NaN loss at epoch 3 - stopping training
[2026-05-01 16:51:39,700][__main__][WARNING] - ✗ SINGULAR MPO2TypeI/adult/NTN L=4 bd=4 seed=47303 -> /zhome/6b/e/212868/GTN/outputs/ntn/adult/MPO2TypeI_rg5_init0.1/L4_bd4_seed47303 | val=0.5025
[2026-05-01 16:51:39,704][HYDRA] 	#15 : model.L=3 model.bond_dim=12 seed=42 trainer.ridge=5 trainer.ridge_decay=0.25 trainer.ridge_min=0.0001 +experiment=uci_ntn_sweep model=mpo2_typei dataset=adult
[2026-05-01 16:51:39,884][__main__][INFO] - ▶ RUN MPO2TypeI/adult/NTN L=3 bd=12 seed=42 -> /zhome/6b/e/212868/GTN/outputs/ntn/adult/MPO2TypeI_rg5_init0.1/L3_bd12_seed42
Starting Ensemble Fit: 20 epochs
Models: [(1, 1), (2, 2), (3, 3)]
Total nodes: 6
Validation: Using separate validation set
Early stopping: patience=10, min_delta=0.001
Init    | Train: loss: 1.95632 | quality: 0.17011
        | Val:   loss: 2.01325 | quality: 0.17254

Epoch 1 | Train: loss: 4201.21266 | quality: 0.26634
        | Val:   loss: 4313.15043 | quality: 0.25839
 *
Epoch 2 | Train: loss: 899479122202283565503376414388858697429449018451878029619657477895608375531326561348541115670919374627623495492698112.00000 | quality: 0.12957
        | Val:   loss: 1201738446661701748677072495060621459019046172301046487460083842213461002850005021272805793295719306876595520315326464.00000 | quality: 0.13486


✗ NaN loss at epoch 3 - stopping training
[2026-05-01 16:59:10,630][__main__][WARNING] - ✗ SINGULAR MPO2TypeI/adult/NTN L=3 bd=12 seed=42 -> /zhome/6b/e/212868/GTN/outputs/ntn/adult/MPO2TypeI_rg5_init0.1/L3_bd12_seed42 | val=0.2584
[2026-05-01 16:59:10,633][HYDRA] 	#16 : model.L=3 model.bond_dim=12 seed=10090 trainer.ridge=5 trainer.ridge_decay=0.25 trainer.ridge_min=0.0001 +experiment=uci_ntn_sweep model=mpo2_typei dataset=adult
[2026-05-01 16:59:10,836][__main__][INFO] - ▶ RUN MPO2TypeI/adult/NTN L=3 bd=12 seed=10090 -> /zhome/6b/e/212868/GTN/outputs/ntn/adult/MPO2TypeI_rg5_init0.1/L3_bd12_seed10090
Starting Ensemble Fit: 20 epochs
Models: [(1, 1), (2, 2), (3, 3)]
Total nodes: 6
Validation: Using separate validation set
Early stopping: patience=10, min_delta=0.001
Init    | Train: loss: 1.87762 | quality: 0.19767
        | Val:   loss: 1.94874 | quality: 0.19874

Epoch 1 | Train: loss: 1.13951 | quality: 0.55802
        | Val:   loss: 1.14745 | quality: 0.55064
 *
Epoch 2 | Train: loss: 8.33697 | quality: 0.54901
        | Val:   loss: 10.84683 | quality: 0.54341

Epoch 3 | Train: loss: 47180338391752040448.00000 | quality: 0.16877
        | Val:   loss: 48234516170272169984.00000 | quality: 0.17022

Epoch 4 | Train: loss: 7313222003041204341113690508847103749343604787339099851820489345197303329697194609056153600.00000 | quality: 0.10629
        | Val:   loss: 9758310868717266048728761986870261962345654863840630609222732645854839131623260219659780096.00000 | quality: 0.10906


✗ NaN loss at epoch 5 - stopping training
[2026-05-01 17:11:52,247][__main__][WARNING] - ✗ SINGULAR MPO2TypeI/adult/NTN L=3 bd=12 seed=10090 -> /zhome/6b/e/212868/GTN/outputs/ntn/adult/MPO2TypeI_rg5_init0.1/L3_bd12_seed10090 | val=0.5506
[2026-05-01 17:11:52,251][HYDRA] 	#17 : model.L=3 model.bond_dim=12 seed=32874 trainer.ridge=5 trainer.ridge_decay=0.25 trainer.ridge_min=0.0001 +experiment=uci_ntn_sweep model=mpo2_typei dataset=adult
[2026-05-01 17:11:52,429][__main__][INFO] - ▶ RUN MPO2TypeI/adult/NTN L=3 bd=12 seed=32874 -> /zhome/6b/e/212868/GTN/outputs/ntn/adult/MPO2TypeI_rg5_init0.1/L3_bd12_seed32874
Starting Ensemble Fit: 20 epochs
Models: [(1, 1), (2, 2), (3, 3)]
Total nodes: 6
Validation: Using separate validation set
Early stopping: patience=10, min_delta=0.001
Init    | Train: loss: 1.53641 | quality: 0.28840
        | Val:   loss: 1.52381 | quality: 0.28993

Epoch 1 | Train: loss: 106277.74445 | quality: 0.15283
        | Val:   loss: 108710.29058 | quality: 0.16107


✗ NaN loss at epoch 2 - stopping training
[2026-05-01 17:16:45,271][__main__][WARNING] - ✗ SINGULAR MPO2TypeI/adult/NTN L=3 bd=12 seed=32874 -> /zhome/6b/e/212868/GTN/outputs/ntn/adult/MPO2TypeI_rg5_init0.1/L3_bd12_seed32874 | val=0.1611
[2026-05-01 17:16:45,274][HYDRA] 	#18 : model.L=3 model.bond_dim=12 seed=47311 trainer.ridge=5 trainer.ridge_decay=0.25 trainer.ridge_min=0.0001 +experiment=uci_ntn_sweep model=mpo2_typei dataset=adult
[2026-05-01 17:16:45,723][__main__][INFO] - ▶ RUN MPO2TypeI/adult/NTN L=3 bd=12 seed=47311 -> /zhome/6b/e/212868/GTN/outputs/ntn/adult/MPO2TypeI_rg5_init0.1/L3_bd12_seed47311
Starting Ensemble Fit: 20 epochs
Models: [(1, 1), (2, 2), (3, 3)]
Total nodes: 6
Validation: Using separate validation set
Early stopping: patience=10, min_delta=0.001
Init    | Train: loss: 1.58427 | quality: 0.27483
        | Val:   loss: 1.58302 | quality: 0.27437

Epoch 1 | Train: loss: 1.33906 | quality: 0.54690
        | Val:   loss: 1.50410 | quality: 0.54450
 *
Epoch 2 | Train: loss: 4760984.50091 | quality: 0.34771
        | Val:   loss: 6334170.91260 | quality: 0.34985

Epoch 3 | Train: loss: 857106390155213760126529267412845823558468763648.00000 | quality: 0.10293
        | Val:   loss: 1143947435937226210858295648315264551375003975680.00000 | quality: 0.10661

Epoch 4 | Train: loss: 1079943293053662430371272119580679928354679445345827898195821233338284377337239656106124724732528304794714077080818786533273309080627227010277325472763612681169703742889355254986583868811158383270963017404121088.00000 | quality: 0.16614
        | Val:   loss: 1106409956238931944237705144408922550259524165741917212878138247172830554047738340043734618491554021457723470920343694731044825296477350355884395896105703128520389300404412236721859359662996059807879276068339712.00000 | quality: 0.16871


✗ NaN loss at epoch 5 - stopping training
[2026-05-01 17:28:33,201][__main__][WARNING] - ✗ SINGULAR MPO2TypeI/adult/NTN L=3 bd=12 seed=47311 -> /zhome/6b/e/212868/GTN/outputs/ntn/adult/MPO2TypeI_rg5_init0.1/L3_bd12_seed47311 | val=0.5445
[2026-05-01 17:28:33,204][HYDRA] 	#19 : model.L=3 model.bond_dim=12 seed=47303 trainer.ridge=5 trainer.ridge_decay=0.25 trainer.ridge_min=0.0001 +experiment=uci_ntn_sweep model=mpo2_typei dataset=adult
[2026-05-01 17:28:33,382][__main__][INFO] - ▶ RUN MPO2TypeI/adult/NTN L=3 bd=12 seed=47303 -> /zhome/6b/e/212868/GTN/outputs/ntn/adult/MPO2TypeI_rg5_init0.1/L3_bd12_seed47303
Starting Ensemble Fit: 20 epochs
Models: [(1, 1), (2, 2), (3, 3)]
Total nodes: 6
Validation: Using separate validation set
Early stopping: patience=10, min_delta=0.001
Init    | Train: loss: 1.75039 | quality: 0.23285
        | Val:   loss: 1.76018 | quality: 0.22058

Epoch 1 | Train: loss: 1.28550 | quality: 0.55301
        | Val:   loss: 1.30454 | quality: 0.55105
 *
Epoch 2 | Train: loss: 155437855.51451 | quality: 0.25169
        | Val:   loss: 159397250.44815 | quality: 0.23888

Epoch 3 | Train: loss: 281228638862561777696148720946511872.00000 | quality: 0.27983
        | Val:   loss: 375837317911950646496472153209176064.00000 | quality: 0.28310

Epoch 4 | Train: loss: 20226821353359842845048216576628512994445468919550644249809232322018828854738575125328059693965975327198264863039420156257118223485674415235924322450443914444800.00000 | quality: 0.16573
        | Val:   loss: 20721234481498252479433413873365055879707977764948567451867681963601345525568639611890130705341306335509822094955727632221574252711200736373449146662782999986176.00000 | quality: 0.16776


✗ NaN loss at epoch 5 - stopping training
[2026-05-01 17:40:23,424][__main__][WARNING] - ✗ SINGULAR MPO2TypeI/adult/NTN L=3 bd=12 seed=47303 -> /zhome/6b/e/212868/GTN/outputs/ntn/adult/MPO2TypeI_rg5_init0.1/L3_bd12_seed47303 | val=0.5511
[2026-05-01 17:40:23,427][HYDRA] 	#20 : model.L=3 model.bond_dim=8 seed=42 trainer.ridge=5 trainer.ridge_decay=0.25 trainer.ridge_min=0.0001 +experiment=uci_ntn_sweep model=mpo2_typei dataset=adult
[2026-05-01 17:40:23,600][__main__][INFO] - ▶ RUN MPO2TypeI/adult/NTN L=3 bd=8 seed=42 -> /zhome/6b/e/212868/GTN/outputs/ntn/adult/MPO2TypeI_rg5_init0.1/L3_bd8_seed42
Starting Ensemble Fit: 20 epochs
Models: [(1, 1), (2, 2), (3, 3)]
Total nodes: 6
Validation: Using separate validation set
Early stopping: patience=10, min_delta=0.001
Init    | Train: loss: 1.61134 | quality: 0.17456
        | Val:   loss: 1.61043 | quality: 0.17431

Epoch 1 | Train: loss: 1.04566 | quality: 0.55117
        | Val:   loss: 1.05874 | quality: 0.54232
 *
Epoch 2 | Train: loss: 0.97078 | quality: 0.56416
        | Val:   loss: 0.98223 | quality: 0.55678
 *
Epoch 3 | Train: loss: 0.95207 | quality: 0.56691
        | Val:   loss: 0.96684 | quality: 0.56211
 *
Epoch 4 | Train: loss: 0.94269 | quality: 0.56887
        | Val:   loss: 0.96630 | quality: 0.56143
 *
Epoch 5 | Train: loss: 0.93477 | quality: 0.57141
        | Val:   loss: 0.97235 | quality: 0.56020

Epoch 6 | Train: loss: 0.92696 | quality: 0.57419
        | Val:   loss: 0.98377 | quality: 0.55760

Epoch 7 | Train: loss: 1.09408 | quality: 0.57457
        | Val:   loss: 1.19054 | quality: 0.55146

Epoch 8 | Train: loss: 95.04143 | quality: 0.17041
        | Val:   loss: 86.91482 | quality: 0.18414

Epoch 9 | Train: loss: 295598904905844680099228459819315342412849476451005744060030071655403564218897401905152.00000 | quality: 0.15005
        | Val:   loss: 302711255713881081190531888762638863062968477977104133272596034748553432957250978185216.00000 | quality: 0.15261


✗ NaN loss at epoch 10 - stopping training
[2026-05-01 17:46:53,744][__main__][WARNING] - ✗ SINGULAR MPO2TypeI/adult/NTN L=3 bd=8 seed=42 -> /zhome/6b/e/212868/GTN/outputs/ntn/adult/MPO2TypeI_rg5_init0.1/L3_bd8_seed42 | val=0.5621
[2026-05-01 17:46:53,747][HYDRA] 	#21 : model.L=3 model.bond_dim=8 seed=10090 trainer.ridge=5 trainer.ridge_decay=0.25 trainer.ridge_min=0.0001 +experiment=uci_ntn_sweep model=mpo2_typei dataset=adult
[2026-05-01 17:46:53,925][__main__][INFO] - ▶ RUN MPO2TypeI/adult/NTN L=3 bd=8 seed=10090 -> /zhome/6b/e/212868/GTN/outputs/ntn/adult/MPO2TypeI_rg5_init0.1/L3_bd8_seed10090
Starting Ensemble Fit: 20 epochs
Models: [(1, 1), (2, 2), (3, 3)]
Total nodes: 6
Validation: Using separate validation set
Early stopping: patience=10, min_delta=0.001
Init    | Train: loss: 1.73218 | quality: 0.18687
        | Val:   loss: 1.72198 | quality: 0.19533

Epoch 1 | Train: loss: 465078.05843 | quality: 0.16286
        | Val:   loss: 480083.40857 | quality: 0.15848

Epoch 2 | Train: loss: 637848586504703908083924992.00000 | quality: 0.09880
        | Val:   loss: 852023963882162155593662464.00000 | quality: 0.10156

Epoch 3 | Train: loss: 36439078054803296425875804721107816742700969302895035562580203525638175451224314251537436138918888328726752605943325131800576.00000 | quality: 0.16584
        | Val:   loss: 37332251852273265045999244692583989700498538332717995565651132698193015838050569698247329779442746872945777599910540052791296.00000 | quality: 0.16817


✗ NaN loss at epoch 4 - stopping training
[2026-05-01 17:49:35,398][__main__][WARNING] - ✗ SINGULAR MPO2TypeI/adult/NTN L=3 bd=8 seed=10090 -> /zhome/6b/e/212868/GTN/outputs/ntn/adult/MPO2TypeI_rg5_init0.1/L3_bd8_seed10090 | val=0.1682
[2026-05-01 17:49:35,400][HYDRA] 	#22 : model.L=3 model.bond_dim=8 seed=32874 trainer.ridge=5 trainer.ridge_decay=0.25 trainer.ridge_min=0.0001 +experiment=uci_ntn_sweep model=mpo2_typei dataset=adult
[2026-05-01 17:49:35,575][__main__][INFO] - ▶ RUN MPO2TypeI/adult/NTN L=3 bd=8 seed=32874 -> /zhome/6b/e/212868/GTN/outputs/ntn/adult/MPO2TypeI_rg5_init0.1/L3_bd8_seed32874
Starting Ensemble Fit: 20 epochs
Models: [(1, 1), (2, 2), (3, 3)]
Total nodes: 6
Validation: Using separate validation set
Early stopping: patience=10, min_delta=0.001
Init    | Train: loss: 1.53114 | quality: 0.36681
        | Val:   loss: 1.57606 | quality: 0.36309

Epoch 1 | Train: loss: 1576229.22744 | quality: 0.13955
        | Val:   loss: 2110670.43344 | quality: 0.13896

Epoch 2 | Train: loss: 625085344361772852413726720.00000 | quality: 0.10111
        | Val:   loss: 834354234507139312871538688.00000 | quality: 0.10497

Epoch 3 | Train: loss: 17842838265774576988180772601170806489791586054518513567294122538584977777281697095736989745583148167678121421486161920.00000 | quality: 0.16611
        | Val:   loss: 18280122481037350193973256998295294483867504211042751307670259303896999037857078208639169113622598970213922321782013952.00000 | quality: 0.16885


✗ NaN loss at epoch 4 - stopping training
[2026-05-01 17:52:16,761][__main__][WARNING] - ✗ SINGULAR MPO2TypeI/adult/NTN L=3 bd=8 seed=32874 -> /zhome/6b/e/212868/GTN/outputs/ntn/adult/MPO2TypeI_rg5_init0.1/L3_bd8_seed32874 | val=0.1689
[2026-05-01 17:52:16,763][HYDRA] 	#23 : model.L=3 model.bond_dim=8 seed=47311 trainer.ridge=5 trainer.ridge_decay=0.25 trainer.ridge_min=0.0001 +experiment=uci_ntn_sweep model=mpo2_typei dataset=adult
[2026-05-01 17:52:16,936][__main__][INFO] - ▶ RUN MPO2TypeI/adult/NTN L=3 bd=8 seed=47311 -> /zhome/6b/e/212868/GTN/outputs/ntn/adult/MPO2TypeI_rg5_init0.1/L3_bd8_seed47311
Starting Ensemble Fit: 20 epochs
Models: [(1, 1), (2, 2), (3, 3)]
Total nodes: 6
Validation: Using separate validation set
Early stopping: patience=10, min_delta=0.001
Init    | Train: loss: 1.56013 | quality: 0.24590
        | Val:   loss: 1.55892 | quality: 0.24911

Epoch 1 | Train: loss: 5009731.58770 | quality: 0.30381
        | Val:   loss: 5123985.53040 | quality: 0.30945
 *
Epoch 2 | Train: loss: 11008056180273057504830685184.00000 | quality: 0.09404
        | Val:   loss: 14692273824448965846040051712.00000 | quality: 0.09664

Epoch 3 | Train: loss: 655806537295801865665158486489615107930805193645896212849485913888533423081262467043503618900770589443674205138129425042243584.00000 | quality: 0.16625
        | Val:   loss: 671879547410677282948671942588203247853548989792047323815573019869594563445966046882199345768048487288380583986253103382921216.00000 | quality: 0.16858


✗ NaN loss at epoch 4 - stopping training
[2026-05-01 17:54:58,920][__main__][WARNING] - ✗ SINGULAR MPO2TypeI/adult/NTN L=3 bd=8 seed=47311 -> /zhome/6b/e/212868/GTN/outputs/ntn/adult/MPO2TypeI_rg5_init0.1/L3_bd8_seed47311 | val=0.3094
[2026-05-01 17:54:58,923][HYDRA] 	#24 : model.L=3 model.bond_dim=8 seed=47303 trainer.ridge=5 trainer.ridge_decay=0.25 trainer.ridge_min=0.0001 +experiment=uci_ntn_sweep model=mpo2_typei dataset=adult
[2026-05-01 17:54:59,099][__main__][INFO] - ▶ RUN MPO2TypeI/adult/NTN L=3 bd=8 seed=47303 -> /zhome/6b/e/212868/GTN/outputs/ntn/adult/MPO2TypeI_rg5_init0.1/L3_bd8_seed47303
Starting Ensemble Fit: 20 epochs
Models: [(1, 1), (2, 2), (3, 3)]
Total nodes: 6
Validation: Using separate validation set
Early stopping: patience=10, min_delta=0.001
Init    | Train: loss: 1.65509 | quality: 0.26000
        | Val:   loss: 1.68949 | quality: 0.27191

Epoch 1 | Train: loss: 18805.74811 | quality: 0.14660
        | Val:   loss: 24865.74162 | quality: 0.15493

Epoch 2 | Train: loss: 22420989725775409152.00000 | quality: 0.15183
        | Val:   loss: 22941099236921344000.00000 | quality: 0.15820

Epoch 3 | Train: loss: 1032130680253144290781935910399442548196042970421262000612073300443851356416064126772576256.00000 | quality: 0.10641
        | Val:   loss: 1377163598781253700784489183169897876253921883169553202694875110392515340847838260285669376.00000 | quality: 0.10947


✗ NaN loss at epoch 4 - stopping training
[2026-05-01 17:57:42,299][__main__][WARNING] - ✗ SINGULAR MPO2TypeI/adult/NTN L=3 bd=8 seed=47303 -> /zhome/6b/e/212868/GTN/outputs/ntn/adult/MPO2TypeI_rg5_init0.1/L3_bd8_seed47303 | val=0.1582
[2026-05-01 17:57:42,302][HYDRA] 	#25 : model.L=3 model.bond_dim=4 seed=42 trainer.ridge=5 trainer.ridge_decay=0.25 trainer.ridge_min=0.0001 +experiment=uci_ntn_sweep model=mpo2_typei dataset=adult
[2026-05-01 17:57:42,476][__main__][INFO] - ▶ RUN MPO2TypeI/adult/NTN L=3 bd=4 seed=42 -> /zhome/6b/e/212868/GTN/outputs/ntn/adult/MPO2TypeI_rg5_init0.1/L3_bd4_seed42
Starting Ensemble Fit: 20 epochs
Models: [(1, 1), (2, 2), (3, 3)]
Total nodes: 6
Validation: Using separate validation set
Early stopping: patience=10, min_delta=0.001
Init    | Train: loss: 1.50978 | quality: 0.20404
        | Val:   loss: 1.52741 | quality: 0.20502

Epoch 1 | Train: loss: 1.04364 | quality: 0.54804
        | Val:   loss: 1.05229 | quality: 0.53672
 *
Epoch 2 | Train: loss: 0.98905 | quality: 0.56012
        | Val:   loss: 0.99901 | quality: 0.55105
 *
Epoch 3 | Train: loss: 0.96065 | quality: 0.56626
        | Val:   loss: 0.97185 | quality: 0.55883
 *
Epoch 4 | Train: loss: 0.94748 | quality: 0.56784
        | Val:   loss: 0.96408 | quality: 0.56197
 *
Epoch 5 | Train: loss: 0.94121 | quality: 0.56934
        | Val:   loss: 0.96701 | quality: 0.56074

Epoch 6 | Train: loss: 0.93521 | quality: 0.57162
        | Val:   loss: 0.97408 | quality: 0.55815

Epoch 7 | Train: loss: 0.93018 | quality: 0.57343
        | Val:   loss: 0.98208 | quality: 0.55610

Epoch 8 | Train: loss: 0.92647 | quality: 0.57460
        | Val:   loss: 0.98779 | quality: 0.55487

Epoch 9 | Train: loss: 0.92394 | quality: 0.57557
        | Val:   loss: 0.99189 | quality: 0.55392

Epoch 10 | Train: loss: 0.92230 | quality: 0.57609
        | Val:   loss: 0.99459 | quality: 0.55392

Epoch 11 | Train: loss: 9.33311 | quality: 0.50162
        | Val:   loss: 8.90740 | quality: 0.49522

Epoch 12 | Train: loss: 183966107447534.90625 | quality: 0.24572
        | Val:   loss: 182673522952170.81250 | quality: 0.23615

Epoch 13 | Train: loss: 865704554681871055769218034501804702428872300395933061851122195865204308169733432654622882315957698560.00000 | quality: 0.15929
        | Val:   loss: 887856373982545053139409668680705697897595092686457918126350655784876461738775505730972009905982013440.00000 | quality: 0.16203


✗ NaN loss at epoch 14 - stopping training
[2026-05-01 17:59:49,926][__main__][WARNING] - ✗ SINGULAR MPO2TypeI/adult/NTN L=3 bd=4 seed=42 -> /zhome/6b/e/212868/GTN/outputs/ntn/adult/MPO2TypeI_rg5_init0.1/L3_bd4_seed42 | val=0.5620
[2026-05-01 17:59:49,929][HYDRA] 	#26 : model.L=3 model.bond_dim=4 seed=10090 trainer.ridge=5 trainer.ridge_decay=0.25 trainer.ridge_min=0.0001 +experiment=uci_ntn_sweep model=mpo2_typei dataset=adult
[2026-05-01 17:59:50,115][__main__][INFO] - ▶ RUN MPO2TypeI/adult/NTN L=3 bd=4 seed=10090 -> /zhome/6b/e/212868/GTN/outputs/ntn/adult/MPO2TypeI_rg5_init0.1/L3_bd4_seed10090
Starting Ensemble Fit: 20 epochs
Models: [(1, 1), (2, 2), (3, 3)]
Total nodes: 6
Validation: Using separate validation set
Early stopping: patience=10, min_delta=0.001
Init    | Train: loss: 1.47818 | quality: 0.21489
        | Val:   loss: 1.48650 | quality: 0.21936

Epoch 1 | Train: loss: 1.05324 | quality: 0.55085
        | Val:   loss: 1.06168 | quality: 0.54341
 *
Epoch 2 | Train: loss: 0.98561 | quality: 0.56065
        | Val:   loss: 0.99597 | quality: 0.55132
 *
Epoch 3 | Train: loss: 0.96317 | quality: 0.56495
        | Val:   loss: 0.97491 | quality: 0.55760
 *
Epoch 4 | Train: loss: 0.95272 | quality: 0.56650
        | Val:   loss: 0.96586 | quality: 0.56074
 *
Epoch 5 | Train: loss: 0.94867 | quality: 0.56670
        | Val:   loss: 0.96451 | quality: 0.56156

Epoch 6 | Train: loss: 0.94066 | quality: 0.56928
        | Val:   loss: 0.96791 | quality: 0.55992
 *
Epoch 7 | Train: loss: 0.93430 | quality: 0.57185
        | Val:   loss: 0.97651 | quality: 0.55992
 *
Epoch 8 | Train: loss: 0.92996 | quality: 0.57375
        | Val:   loss: 0.98391 | quality: 0.55774

Epoch 9 | Train: loss: 0.92673 | quality: 0.57437
        | Val:   loss: 0.99025 | quality: 0.55610

Epoch 10 | Train: loss: 0.92494 | quality: 0.57551
        | Val:   loss: 0.99289 | quality: 0.55419

Epoch 11 | Train: loss: 0.92368 | quality: 0.57615
        | Val:   loss: 0.99511 | quality: 0.55460

Epoch 12 | Train: loss: 0.92268 | quality: 0.57656
        | Val:   loss: 0.99732 | quality: 0.55515

Epoch 13 | Train: loss: 0.92187 | quality: 0.57726
        | Val:   loss: 0.99883 | quality: 0.55460

Epoch 14 | Train: loss: 0.92124 | quality: 0.57741
        | Val:   loss: 0.99990 | quality: 0.55364

Epoch 15 | Train: loss: 0.92073 | quality: 0.57770
        | Val:   loss: 1.00057 | quality: 0.55269

Epoch 16 | Train: loss: 0.92032 | quality: 0.57796
        | Val:   loss: 1.00092 | quality: 0.55173

Epoch 17 | Train: loss: 0.92000 | quality: 0.57826
        | Val:   loss: 1.00125 | quality: 0.55146


Early stopping at epoch 17 (best was epoch 7)

Best epoch: 7 (val_quality=0.559924)
[2026-05-01 18:02:24,223][__main__][INFO] - ✓ DONE MPO2TypeI/adult/NTN L=3 bd=4 seed=10090 -> /zhome/6b/e/212868/GTN/outputs/ntn/adult/MPO2TypeI_rg5_init0.1/L3_bd4_seed10090 | val=0.5599
[2026-05-01 18:02:24,226][HYDRA] 	#27 : model.L=3 model.bond_dim=4 seed=32874 trainer.ridge=5 trainer.ridge_decay=0.25 trainer.ridge_min=0.0001 +experiment=uci_ntn_sweep model=mpo2_typei dataset=adult
[2026-05-01 18:02:24,402][__main__][INFO] - ▶ RUN MPO2TypeI/adult/NTN L=3 bd=4 seed=32874 -> /zhome/6b/e/212868/GTN/outputs/ntn/adult/MPO2TypeI_rg5_init0.1/L3_bd4_seed32874
Starting Ensemble Fit: 20 epochs
Models: [(1, 1), (2, 2), (3, 3)]
Total nodes: 6
Validation: Using separate validation set
Early stopping: patience=10, min_delta=0.001
Init    | Train: loss: 1.39872 | quality: 0.31569
        | Val:   loss: 1.39978 | quality: 0.31627

Epoch 1 | Train: loss: 10919.60067 | quality: 0.18968
        | Val:   loss: 11230.25816 | quality: 0.19178

Epoch 2 | Train: loss: 6314850950055108542464.00000 | quality: 0.12159
        | Val:   loss: 8450449806933249490944.00000 | quality: 0.12503

Epoch 3 | Train: loss: 2134706096848667521281621611991339402247356749231544867906744014618868146569328051555707343039233535644585231908864.00000 | quality: 0.16491
        | Val:   loss: 2186630294407649471641098095867764976190018814994495213574521563899060723847710203815319327436290228877088029409280.00000 | quality: 0.16749


✗ NaN loss at epoch 4 - stopping training
[2026-05-01 18:03:05,442][__main__][WARNING] - ✗ SINGULAR MPO2TypeI/adult/NTN L=3 bd=4 seed=32874 -> /zhome/6b/e/212868/GTN/outputs/ntn/adult/MPO2TypeI_rg5_init0.1/L3_bd4_seed32874 | val=0.1918
[2026-05-01 18:03:05,446][HYDRA] 	#28 : model.L=3 model.bond_dim=4 seed=47311 trainer.ridge=5 trainer.ridge_decay=0.25 trainer.ridge_min=0.0001 +experiment=uci_ntn_sweep model=mpo2_typei dataset=adult
[2026-05-01 18:03:05,652][__main__][INFO] - ▶ RUN MPO2TypeI/adult/NTN L=3 bd=4 seed=47311 -> /zhome/6b/e/212868/GTN/outputs/ntn/adult/MPO2TypeI_rg5_init0.1/L3_bd4_seed47311
Starting Ensemble Fit: 20 epochs
Models: [(1, 1), (2, 2), (3, 3)]
Total nodes: 6
Validation: Using separate validation set
Early stopping: patience=10, min_delta=0.001
Init    | Train: loss: 1.46462 | quality: 0.27515
        | Val:   loss: 1.46200 | quality: 0.27641

Epoch 1 | Train: loss: 1.04849 | quality: 0.54673
        | Val:   loss: 1.05878 | quality: 0.53576
 *
Epoch 2 | Train: loss: 0.99094 | quality: 0.56068
        | Val:   loss: 1.00054 | quality: 0.55255
 *
Epoch 3 | Train: loss: 0.96376 | quality: 0.56559
        | Val:   loss: 0.97515 | quality: 0.55815
 *
Epoch 4 | Train: loss: 0.95088 | quality: 0.56667
        | Val:   loss: 0.96602 | quality: 0.56074
 *
Epoch 5 | Train: loss: 0.94634 | quality: 0.56749
        | Val:   loss: 0.96784 | quality: 0.56061

Epoch 6 | Train: loss: 0.93893 | quality: 0.56939
        | Val:   loss: 0.97176 | quality: 0.55910

Epoch 7 | Train: loss: 0.93270 | quality: 0.57188
        | Val:   loss: 0.98142 | quality: 0.55801

Epoch 8 | Train: loss: 0.92786 | quality: 0.57363
        | Val:   loss: 0.99099 | quality: 0.55542

Epoch 9 | Train: loss: 0.92475 | quality: 0.57545
        | Val:   loss: 0.99899 | quality: 0.55351

Epoch 10 | Train: loss: 0.92307 | quality: 0.57633
        | Val:   loss: 1.00447 | quality: 0.55324

Epoch 11 | Train: loss: 0.92175 | quality: 0.57647
        | Val:   loss: 1.00629 | quality: 0.55337

Epoch 12 | Train: loss: 0.92088 | quality: 0.57706
        | Val:   loss: 1.00833 | quality: 0.55296

Epoch 13 | Train: loss: 0.92024 | quality: 0.57723
        | Val:   loss: 1.01043 | quality: 0.55255

Epoch 14 | Train: loss: 0.91976 | quality: 0.57776
        | Val:   loss: 1.01231 | quality: 0.55214


Early stopping at epoch 14 (best was epoch 4)

Best epoch: 4 (val_quality=0.560743)
[2026-05-01 18:05:14,238][__main__][INFO] - ✓ DONE MPO2TypeI/adult/NTN L=3 bd=4 seed=47311 -> /zhome/6b/e/212868/GTN/outputs/ntn/adult/MPO2TypeI_rg5_init0.1/L3_bd4_seed47311 | val=0.5607
[2026-05-01 18:05:14,240][HYDRA] 	#29 : model.L=3 model.bond_dim=4 seed=47303 trainer.ridge=5 trainer.ridge_decay=0.25 trainer.ridge_min=0.0001 +experiment=uci_ntn_sweep model=mpo2_typei dataset=adult
[2026-05-01 18:05:14,416][__main__][INFO] - ▶ RUN MPO2TypeI/adult/NTN L=3 bd=4 seed=47303 -> /zhome/6b/e/212868/GTN/outputs/ntn/adult/MPO2TypeI_rg5_init0.1/L3_bd4_seed47303
Starting Ensemble Fit: 20 epochs
Models: [(1, 1), (2, 2), (3, 3)]
Total nodes: 6
Validation: Using separate validation set
Early stopping: patience=10, min_delta=0.001
Init    | Train: loss: 1.48989 | quality: 0.21954
        | Val:   loss: 1.48208 | quality: 0.22645

Epoch 1 | Train: loss: 38330.46143 | quality: 0.27354
        | Val:   loss: 38807.50192 | quality: 0.27437
 *
Epoch 2 | Train: loss: 71924018098840207360.00000 | quality: 0.12255
        | Val:   loss: 96130731763262947328.00000 | quality: 0.12749

Epoch 3 | Train: loss: 1726689906563067934309933827850733106532944460206427856873544959157315619031185344367115108352.00000 | quality: 0.16587
        | Val:   loss: 1768970944687902076479285451675652132253020419295127455167101126560716925399325291620612440064.00000 | quality: 0.16830


✗ NaN loss at epoch 4 - stopping training
[2026-05-01 18:05:57,249][__main__][WARNING] - ✗ SINGULAR MPO2TypeI/adult/NTN L=3 bd=4 seed=47303 -> /zhome/6b/e/212868/GTN/outputs/ntn/adult/MPO2TypeI_rg5_init0.1/L3_bd4_seed47303 | val=0.2744

------------------------------------------------------------
Sender: LSF System <lsfadmin@hpc.dtu.dk>
Subject: Job 28335042[6]: <ntn_grid_full[1-150]%20> in cluster <dcc> Done

Job <ntn_grid_full[1-150]%20> was submitted from host <hpclogin1> by user <nicci> in cluster <dcc> at Fri May  1 15:11:22 2026
Job was executed on host(s) <4*n-62-21-49>, in queue <hpc>, as user <nicci> in cluster <dcc> at Fri May  1 15:15:56 2026
</zhome/6b/e/212868> was used as the home directory.
</zhome/6b/e/212868/GTN> was used as the working directory.
Started at Fri May  1 15:15:56 2026
Terminated at Fri May  1 18:06:17 2026
Results reported at Fri May  1 18:06:17 2026

Your job looked like:

------------------------------------------------------------
# LSBATCH: User input
#!/bin/bash
#BSUB -q hpc
#BSUB -J "ntn_grid_full[1-150]%20"
#BSUB -W 8:00
#BSUB -n 4
#BSUB -R "rusage[mem=750MB]"
#BSUB -R "span[hosts=1]"
#BSUB -o logs/%J_%I.out
#BSUB -e logs/%J_%I.err

MODELS=("cpda" "cpda_typei" "lmpo2" "lmpo2_typei" "mpo2" "mpo2_typei" "mmpo2" "mmpo2_typei" "tnml_f" "tnml_p")

DATASETS=(
    "abalone" "adult" "ai4i" "appliances" "bank" "bike" "breast"
    "car_evaluation" "concrete" "energy_efficiency" "hearth"
    "iris" "mushrooms" "obesity" "popularity" "realstate"
    "seoulBike" "student_dropout" "student_perf" "wine"
    "winequalityc"
)

COMPLETED_DATASETS=(
    "abalone" "bike" "concrete" "energy_efficiency"
    "iris" "realstate" )

# Filter datasets
FILTERED_DATASETS=()
for ds in "${DATASETS[@]}"; do
    skip=false
    for completed in "${COMPLETED_DATASETS[@]}"; do
        if [[ "$ds" == "$completed" ]]; then
            skip=true
            break
        fi
    done

    if ! $skip; then
        FILTERED_DATASETS+=("$ds")
    fi
done

DATASETS=("${FILTERED_DATASETS[@]}")

NUM_MODELS=${#MODELS[@]}
NUM_DATASETS=${#DATASETS[@]}
NUM_EXPERIMENTS=$((NUM_DATASETS * NUM_MODELS))

if [ "$1" == "test" ]; then
    echo "SIMULATING ARRAY:"
    echo "-----------------"


(... more ...)
------------------------------------------------------------

Successfully completed.

Resource usage summary:

    CPU time :                                   39962.35 sec.
    Max Memory :                                 2372 MB
    Average Memory :                             1512.64 MB
    Total Requested Memory :                     3000.00 MB
    Delta Memory :                               628.00 MB
    Max Swap :                                   -
    Max Processes :                              6
    Max Threads :                                21
    Run time :                                   10221 sec.
    Turnaround time :                            10495 sec.

The output (if any) is above this job summary.



PS:

Read file <logs/28335042_6.err> for stderr output of this job.

