Task 10: Dataset=adult, Model=tnml_p, Experiment=uci_ntn_sweep
[2026-05-01 14:36:06,725][HYDRA] Launching 30 jobs locally
[2026-05-01 14:36:06,726][HYDRA] 	#0 : model.L=4 model.bond_dim=12 seed=42 trainer.ridge=5 trainer.ridge_decay=0.25 trainer.ridge_min=0.0001 +experiment=uci_ntn_sweep model=tnml_p dataset=adult
[2026-05-01 14:36:07,215][utils.tracking][INFO] - Loaded 17971 tracked runs from runs_tracking.csv
[2026-05-01 14:36:07,217][__main__][INFO] - ▶ RUN TNML_P/adult/NTN L=4 bd=12 seed=42 -> /zhome/6b/e/212868/GTN/outputs/ntn/adult/TNML_P_rg5_init0.1/L4_bd12_seed42
Starting Fit: 20 epochs.
Sweep Order: ['Node0', 'Node1', 'Node2', 'Node3', 'Node4', 'Node5', 'Node6', 'Node7', 'Node8', 'Node9', 'Node10', 'Node11', 'Node12', 'Node13', 'Node14', 'Node15', 'Node16', 'Node17', 'Node18', 'Node19', 'Node20', 'Node21', 'Node22', 'Node23', 'Node24', 'Node25', 'Node26', 'Node27', 'Node28', 'Node29', 'Node30', 'Node31', 'Node32', 'Node33', 'Node34', 'Node35', 'Node36', 'Node37', 'Node38', 'Node39', 'Node40', 'Node41', 'Node42', 'Node43', 'Node44', 'Node45', 'Node46', 'Node45', 'Node44', 'Node43', 'Node42', 'Node41', 'Node40', 'Node39', 'Node38', 'Node37', 'Node36', 'Node35', 'Node34', 'Node33', 'Node32', 'Node31', 'Node30', 'Node29', 'Node28', 'Node27', 'Node26', 'Node25', 'Node24', 'Node23', 'Node22', 'Node21', 'Node20', 'Node19', 'Node18', 'Node17', 'Node16', 'Node15', 'Node14', 'Node13', 'Node12', 'Node11', 'Node10', 'Node9', 'Node8', 'Node7', 'Node6', 'Node5', 'Node4', 'Node3', 'Node2', 'Node1']
Validation: Using separate validation set for best model selection
Early stopping: patience=10, min_delta=0.001
Init    | Train: loss: 1572019.67978 | quality: 0.18275
        | Val:   loss: 1255740.10220 | quality: 0.18141

✗ NaN loss at epoch 1 - stopping training

✗ Exception at epoch 1: NaN loss encountered during NTN optimization at epoch 1
[2026-05-01 14:44:50,992][__main__][WARNING] - ✗ SINGULAR TNML_P/adult/NTN L=4 bd=12 seed=42 -> /zhome/6b/e/212868/GTN/outputs/ntn/adult/TNML_P_rg5_init0.1/L4_bd12_seed42 | val=None
[2026-05-01 14:44:50,994][HYDRA] 	#1 : model.L=4 model.bond_dim=12 seed=10090 trainer.ridge=5 trainer.ridge_decay=0.25 trainer.ridge_min=0.0001 +experiment=uci_ntn_sweep model=tnml_p dataset=adult
[2026-05-01 14:44:51,142][__main__][INFO] - ▶ RUN TNML_P/adult/NTN L=4 bd=12 seed=10090 -> /zhome/6b/e/212868/GTN/outputs/ntn/adult/TNML_P_rg5_init0.1/L4_bd12_seed10090
Starting Fit: 20 epochs.
Sweep Order: ['Node0', 'Node1', 'Node2', 'Node3', 'Node4', 'Node5', 'Node6', 'Node7', 'Node8', 'Node9', 'Node10', 'Node11', 'Node12', 'Node13', 'Node14', 'Node15', 'Node16', 'Node17', 'Node18', 'Node19', 'Node20', 'Node21', 'Node22', 'Node23', 'Node24', 'Node25', 'Node26', 'Node27', 'Node28', 'Node29', 'Node30', 'Node31', 'Node32', 'Node33', 'Node34', 'Node35', 'Node36', 'Node37', 'Node38', 'Node39', 'Node40', 'Node41', 'Node42', 'Node43', 'Node44', 'Node45', 'Node46', 'Node45', 'Node44', 'Node43', 'Node42', 'Node41', 'Node40', 'Node39', 'Node38', 'Node37', 'Node36', 'Node35', 'Node34', 'Node33', 'Node32', 'Node31', 'Node30', 'Node29', 'Node28', 'Node27', 'Node26', 'Node25', 'Node24', 'Node23', 'Node22', 'Node21', 'Node20', 'Node19', 'Node18', 'Node17', 'Node16', 'Node15', 'Node14', 'Node13', 'Node12', 'Node11', 'Node10', 'Node9', 'Node8', 'Node7', 'Node6', 'Node5', 'Node4', 'Node3', 'Node2', 'Node1']
Validation: Using separate validation set for best model selection
Early stopping: patience=10, min_delta=0.001
Init    | Train: loss: 439484.17703 | quality: 0.21173
        | Val:   loss: 405831.25433 | quality: 0.20352

✗ NaN loss at epoch 1 - stopping training

✗ Exception at epoch 1: NaN loss encountered during NTN optimization at epoch 1
[2026-05-01 14:52:45,118][__main__][WARNING] - ✗ SINGULAR TNML_P/adult/NTN L=4 bd=12 seed=10090 -> /zhome/6b/e/212868/GTN/outputs/ntn/adult/TNML_P_rg5_init0.1/L4_bd12_seed10090 | val=None
[2026-05-01 14:52:45,124][HYDRA] 	#2 : model.L=4 model.bond_dim=12 seed=32874 trainer.ridge=5 trainer.ridge_decay=0.25 trainer.ridge_min=0.0001 +experiment=uci_ntn_sweep model=tnml_p dataset=adult
[2026-05-01 14:52:45,271][__main__][INFO] - ▶ RUN TNML_P/adult/NTN L=4 bd=12 seed=32874 -> /zhome/6b/e/212868/GTN/outputs/ntn/adult/TNML_P_rg5_init0.1/L4_bd12_seed32874
Starting Fit: 20 epochs.
Sweep Order: ['Node0', 'Node1', 'Node2', 'Node3', 'Node4', 'Node5', 'Node6', 'Node7', 'Node8', 'Node9', 'Node10', 'Node11', 'Node12', 'Node13', 'Node14', 'Node15', 'Node16', 'Node17', 'Node18', 'Node19', 'Node20', 'Node21', 'Node22', 'Node23', 'Node24', 'Node25', 'Node26', 'Node27', 'Node28', 'Node29', 'Node30', 'Node31', 'Node32', 'Node33', 'Node34', 'Node35', 'Node36', 'Node37', 'Node38', 'Node39', 'Node40', 'Node41', 'Node42', 'Node43', 'Node44', 'Node45', 'Node46', 'Node45', 'Node44', 'Node43', 'Node42', 'Node41', 'Node40', 'Node39', 'Node38', 'Node37', 'Node36', 'Node35', 'Node34', 'Node33', 'Node32', 'Node31', 'Node30', 'Node29', 'Node28', 'Node27', 'Node26', 'Node25', 'Node24', 'Node23', 'Node22', 'Node21', 'Node20', 'Node19', 'Node18', 'Node17', 'Node16', 'Node15', 'Node14', 'Node13', 'Node12', 'Node11', 'Node10', 'Node9', 'Node8', 'Node7', 'Node6', 'Node5', 'Node4', 'Node3', 'Node2', 'Node1']
Validation: Using separate validation set for best model selection
Early stopping: patience=10, min_delta=0.001
Init    | Train: loss: 774085.16338 | quality: 0.19342
        | Val:   loss: 436551.66203 | quality: 0.20502

✗ NaN loss at epoch 1 - stopping training

✗ Exception at epoch 1: NaN loss encountered during NTN optimization at epoch 1
[2026-05-01 15:00:37,771][__main__][WARNING] - ✗ SINGULAR TNML_P/adult/NTN L=4 bd=12 seed=32874 -> /zhome/6b/e/212868/GTN/outputs/ntn/adult/TNML_P_rg5_init0.1/L4_bd12_seed32874 | val=None
[2026-05-01 15:00:37,777][HYDRA] 	#3 : model.L=4 model.bond_dim=12 seed=47311 trainer.ridge=5 trainer.ridge_decay=0.25 trainer.ridge_min=0.0001 +experiment=uci_ntn_sweep model=tnml_p dataset=adult
[2026-05-01 15:00:37,930][__main__][INFO] - ▶ RUN TNML_P/adult/NTN L=4 bd=12 seed=47311 -> /zhome/6b/e/212868/GTN/outputs/ntn/adult/TNML_P_rg5_init0.1/L4_bd12_seed47311
Starting Fit: 20 epochs.
Sweep Order: ['Node0', 'Node1', 'Node2', 'Node3', 'Node4', 'Node5', 'Node6', 'Node7', 'Node8', 'Node9', 'Node10', 'Node11', 'Node12', 'Node13', 'Node14', 'Node15', 'Node16', 'Node17', 'Node18', 'Node19', 'Node20', 'Node21', 'Node22', 'Node23', 'Node24', 'Node25', 'Node26', 'Node27', 'Node28', 'Node29', 'Node30', 'Node31', 'Node32', 'Node33', 'Node34', 'Node35', 'Node36', 'Node37', 'Node38', 'Node39', 'Node40', 'Node41', 'Node42', 'Node43', 'Node44', 'Node45', 'Node46', 'Node45', 'Node44', 'Node43', 'Node42', 'Node41', 'Node40', 'Node39', 'Node38', 'Node37', 'Node36', 'Node35', 'Node34', 'Node33', 'Node32', 'Node31', 'Node30', 'Node29', 'Node28', 'Node27', 'Node26', 'Node25', 'Node24', 'Node23', 'Node22', 'Node21', 'Node20', 'Node19', 'Node18', 'Node17', 'Node16', 'Node15', 'Node14', 'Node13', 'Node12', 'Node11', 'Node10', 'Node9', 'Node8', 'Node7', 'Node6', 'Node5', 'Node4', 'Node3', 'Node2', 'Node1']
Validation: Using separate validation set for best model selection
Early stopping: patience=10, min_delta=0.001
Init    | Train: loss: 3032302.89670 | quality: 0.22545
        | Val:   loss: 852024.72459 | quality: 0.22918

------------------------------------------------------------
Sender: LSF System <lsfadmin@hpc.dtu.dk>
Subject: Job 28334643[10]: <ntn_grid_full[1-150]%20> in cluster <dcc> Exited

Job <ntn_grid_full[1-150]%20> was submitted from host <hpclogin1> by user <nicci> in cluster <dcc> at Fri May  1 14:32:52 2026
Job was executed on host(s) <6*n-62-12-4>, in queue <hpc>, as user <nicci> in cluster <dcc> at Fri May  1 14:35:49 2026
</zhome/6b/e/212868> was used as the home directory.
</zhome/6b/e/212868/GTN> was used as the working directory.
Started at Fri May  1 14:35:49 2026
Terminated at Fri May  1 15:04:24 2026
Results reported at Fri May  1 15:04:24 2026

Your job looked like:

------------------------------------------------------------
# LSBATCH: User input
#!/bin/bash
#BSUB -q hpc
#BSUB -J "ntn_grid_full[1-150]%20"
#BSUB -W 8:00
#BSUB -n 6
#BSUB -R "rusage[mem=1GB]"
#BSUB -R "span[hosts=1]"
#BSUB -o logs/%J_%I.out
#BSUB -e logs/%J_%I.err

MODELS=("cpda" "cpda_typei" "lmpo2" "lmpo2_typei" "mpo2" "mpo2_typei" "mmpo2" "mmpo2_typei" "tnml_f" "tnml_p")

DATASETS=(
    "abalone" "adult" "ai4i" "appliances" "bank" "bike" "breast"
    "car_evaluation" "concrete" "energy_efficiency" "hearth"
    "iris" "mushrooms" "obesity" "popularity" "realstate"
    "seoulBike" "student_dropout" "student_perf" "wine"
    "winequalityc"
)

COMPLETED_DATASETS=(
    "abalone" "bike" "concrete" "energy_efficiency"
    "iris" "realstate" )

# Filter datasets
FILTERED_DATASETS=()
for ds in "${DATASETS[@]}"; do
    skip=false
    for completed in "${COMPLETED_DATASETS[@]}"; do
        if [[ "$ds" == "$completed" ]]; then
            skip=true
            break
        fi
    done

    if ! $skip; then
        FILTERED_DATASETS+=("$ds")
    fi
done

DATASETS=("${FILTERED_DATASETS[@]}")

NUM_MODELS=${#MODELS[@]}
NUM_DATASETS=${#DATASETS[@]}
NUM_EXPERIMENTS=$((NUM_DATASETS * NUM_MODELS))

if [ "$1" == "test" ]; then
    echo "SIMULATING ARRAY:"
    echo "-----------------"


(... more ...)
------------------------------------------------------------

TERM_OWNER: job killed by owner.
Exited with exit code 130.

Resource usage summary:

    CPU time :                                   9696.02 sec.
    Max Memory :                                 870 MB
    Average Memory :                             675.00 MB
    Total Requested Memory :                     6144.00 MB
    Delta Memory :                               5274.00 MB
    Max Swap :                                   -
    Max Processes :                              12
    Max Threads :                                65
    Run time :                                   1715 sec.
    Turnaround time :                            1892 sec.

The output (if any) is above this job summary.



PS:

Read file <logs/28334643_10.err> for stderr output of this job.

