Task 32: Dataset=bank, Model=cpda_typei, Experiment=cpda_ntn_sweep
[2026-05-03 10:31:07,831][HYDRA] Launching 40 jobs locally
[2026-05-03 10:31:07,831][HYDRA] 	#0 : model.L=4 model.bond_dim=64 seed=42 trainer.ridge=5 trainer.ridge_decay=0.25 trainer.ridge_min=0.0001 +experiment=cpda_ntn_sweep model=cpda_typei dataset=bank
[2026-05-03 10:31:08,100][utils.tracking][INFO] - Loaded 18722 tracked runs from runs_tracking.csv
[2026-05-03 10:31:08,102][__main__][INFO] - ⏭ SKIP CPDATypeI/bank/NTN L=4 bd=64 seed=42 -> /zhome/6b/e/212868/GTN/outputs/ntn/bank/CPDATypeI_rg5_init0.1/L4_bd64_seed42 | previous run failed with singular matrix (permanent) val=0.3099
[2026-05-03 10:31:08,105][HYDRA] 	#1 : model.L=4 model.bond_dim=64 seed=10090 trainer.ridge=5 trainer.ridge_decay=0.25 trainer.ridge_min=0.0001 +experiment=cpda_ntn_sweep model=cpda_typei dataset=bank
[2026-05-03 10:31:08,278][__main__][INFO] - ⏭ SKIP CPDATypeI/bank/NTN L=4 bd=64 seed=10090 -> /zhome/6b/e/212868/GTN/outputs/ntn/bank/CPDATypeI_rg5_init0.1/L4_bd64_seed10090 | previous run failed with singular matrix (permanent) val=0.1904
[2026-05-03 10:31:08,282][HYDRA] 	#2 : model.L=4 model.bond_dim=64 seed=32874 trainer.ridge=5 trainer.ridge_decay=0.25 trainer.ridge_min=0.0001 +experiment=cpda_ntn_sweep model=cpda_typei dataset=bank
[2026-05-03 10:31:08,451][__main__][INFO] - ⏭ SKIP CPDATypeI/bank/NTN L=4 bd=64 seed=32874 -> /zhome/6b/e/212868/GTN/outputs/ntn/bank/CPDATypeI_rg5_init0.1/L4_bd64_seed32874 | previous run failed with singular matrix (permanent) val=0.7630
[2026-05-03 10:31:08,453][HYDRA] 	#3 : model.L=4 model.bond_dim=64 seed=47311 trainer.ridge=5 trainer.ridge_decay=0.25 trainer.ridge_min=0.0001 +experiment=cpda_ntn_sweep model=cpda_typei dataset=bank
[2026-05-03 10:31:08,643][__main__][INFO] - ⏭ SKIP CPDATypeI/bank/NTN L=4 bd=64 seed=47311 -> /zhome/6b/e/212868/GTN/outputs/ntn/bank/CPDATypeI_rg5_init0.1/L4_bd64_seed47311 | previous run failed with singular matrix (permanent) val=0.3664
[2026-05-03 10:31:08,645][HYDRA] 	#4 : model.L=4 model.bond_dim=64 seed=47303 trainer.ridge=5 trainer.ridge_decay=0.25 trainer.ridge_min=0.0001 +experiment=cpda_ntn_sweep model=cpda_typei dataset=bank
[2026-05-03 10:31:08,816][__main__][INFO] - ⏭ SKIP CPDATypeI/bank/NTN L=4 bd=64 seed=47303 -> /zhome/6b/e/212868/GTN/outputs/ntn/bank/CPDATypeI_rg5_init0.1/L4_bd64_seed47303 | previous run failed with singular matrix (permanent) val=0.1430
[2026-05-03 10:31:08,819][HYDRA] 	#5 : model.L=4 model.bond_dim=32 seed=42 trainer.ridge=5 trainer.ridge_decay=0.25 trainer.ridge_min=0.0001 +experiment=cpda_ntn_sweep model=cpda_typei dataset=bank
[2026-05-03 10:31:08,995][__main__][INFO] - ⏭ SKIP CPDATypeI/bank/NTN L=4 bd=32 seed=42 -> /zhome/6b/e/212868/GTN/outputs/ntn/bank/CPDATypeI_rg5_init0.1/L4_bd32_seed42 | previous run failed with singular matrix (permanent) val=0.2573
[2026-05-03 10:31:08,999][HYDRA] 	#6 : model.L=4 model.bond_dim=32 seed=10090 trainer.ridge=5 trainer.ridge_decay=0.25 trainer.ridge_min=0.0001 +experiment=cpda_ntn_sweep model=cpda_typei dataset=bank
[2026-05-03 10:31:09,170][__main__][INFO] - ⏭ SKIP CPDATypeI/bank/NTN L=4 bd=32 seed=10090 -> /zhome/6b/e/212868/GTN/outputs/ntn/bank/CPDATypeI_rg5_init0.1/L4_bd32_seed10090 | previous run failed with singular matrix (permanent) val=0.1361
[2026-05-03 10:31:09,174][HYDRA] 	#7 : model.L=4 model.bond_dim=32 seed=32874 trainer.ridge=5 trainer.ridge_decay=0.25 trainer.ridge_min=0.0001 +experiment=cpda_ntn_sweep model=cpda_typei dataset=bank
[2026-05-03 10:31:09,341][__main__][INFO] - ⏭ SKIP CPDATypeI/bank/NTN L=4 bd=32 seed=32874 -> /zhome/6b/e/212868/GTN/outputs/ntn/bank/CPDATypeI_rg5_init0.1/L4_bd32_seed32874 | previous run failed with singular matrix (permanent) val=0.8671
[2026-05-03 10:31:09,344][HYDRA] 	#8 : model.L=4 model.bond_dim=32 seed=47311 trainer.ridge=5 trainer.ridge_decay=0.25 trainer.ridge_min=0.0001 +experiment=cpda_ntn_sweep model=cpda_typei dataset=bank
[2026-05-03 10:31:09,517][__main__][INFO] - ⏭ SKIP CPDATypeI/bank/NTN L=4 bd=32 seed=47311 -> /zhome/6b/e/212868/GTN/outputs/ntn/bank/CPDATypeI_rg5_init0.1/L4_bd32_seed47311 | previous run failed with singular matrix (permanent) val=0.1326
[2026-05-03 10:31:09,519][HYDRA] 	#9 : model.L=4 model.bond_dim=32 seed=47303 trainer.ridge=5 trainer.ridge_decay=0.25 trainer.ridge_min=0.0001 +experiment=cpda_ntn_sweep model=cpda_typei dataset=bank
[2026-05-03 10:31:09,688][__main__][INFO] - ⏭ SKIP CPDATypeI/bank/NTN L=4 bd=32 seed=47303 -> /zhome/6b/e/212868/GTN/outputs/ntn/bank/CPDATypeI_rg5_init0.1/L4_bd32_seed47303 | previous run failed with singular matrix (permanent) val=0.8008
[2026-05-03 10:31:09,691][HYDRA] 	#10 : model.L=4 model.bond_dim=16 seed=42 trainer.ridge=5 trainer.ridge_decay=0.25 trainer.ridge_min=0.0001 +experiment=cpda_ntn_sweep model=cpda_typei dataset=bank
[2026-05-03 10:31:09,861][__main__][INFO] - ⏭ SKIP CPDATypeI/bank/NTN L=4 bd=16 seed=42 -> /zhome/6b/e/212868/GTN/outputs/ntn/bank/CPDATypeI_rg5_init0.1/L4_bd16_seed42 | previous run failed with singular matrix (permanent) val=0.8745
[2026-05-03 10:31:09,864][HYDRA] 	#11 : model.L=4 model.bond_dim=16 seed=10090 trainer.ridge=5 trainer.ridge_decay=0.25 trainer.ridge_min=0.0001 +experiment=cpda_ntn_sweep model=cpda_typei dataset=bank
[2026-05-03 10:31:10,033][__main__][INFO] - ⏭ SKIP CPDATypeI/bank/NTN L=4 bd=16 seed=10090 -> /zhome/6b/e/212868/GTN/outputs/ntn/bank/CPDATypeI_rg5_init0.1/L4_bd16_seed10090 | previous run failed with singular matrix (permanent) val=0.8020
[2026-05-03 10:31:10,036][HYDRA] 	#12 : model.L=4 model.bond_dim=16 seed=32874 trainer.ridge=5 trainer.ridge_decay=0.25 trainer.ridge_min=0.0001 +experiment=cpda_ntn_sweep model=cpda_typei dataset=bank
[2026-05-03 10:31:10,209][__main__][INFO] - ⏭ SKIP CPDATypeI/bank/NTN L=4 bd=16 seed=32874 -> /zhome/6b/e/212868/GTN/outputs/ntn/bank/CPDATypeI_rg5_init0.1/L4_bd16_seed32874 | previous run failed with singular matrix (permanent) val=0.8477
[2026-05-03 10:31:10,212][HYDRA] 	#13 : model.L=4 model.bond_dim=16 seed=47311 trainer.ridge=5 trainer.ridge_decay=0.25 trainer.ridge_min=0.0001 +experiment=cpda_ntn_sweep model=cpda_typei dataset=bank
[2026-05-03 10:31:10,386][__main__][INFO] - ⏭ SKIP CPDATypeI/bank/NTN L=4 bd=16 seed=47311 -> /zhome/6b/e/212868/GTN/outputs/ntn/bank/CPDATypeI_rg5_init0.1/L4_bd16_seed47311 | previous run failed with singular matrix (permanent) val=0.8035
[2026-05-03 10:31:10,388][HYDRA] 	#14 : model.L=4 model.bond_dim=16 seed=47303 trainer.ridge=5 trainer.ridge_decay=0.25 trainer.ridge_min=0.0001 +experiment=cpda_ntn_sweep model=cpda_typei dataset=bank
[2026-05-03 10:31:10,561][__main__][INFO] - ⏭ SKIP CPDATypeI/bank/NTN L=4 bd=16 seed=47303 -> /zhome/6b/e/212868/GTN/outputs/ntn/bank/CPDATypeI_rg5_init0.1/L4_bd16_seed47303 | previous run failed with singular matrix (permanent) val=0.5868
[2026-05-03 10:31:10,564][HYDRA] 	#15 : model.L=4 model.bond_dim=8 seed=42 trainer.ridge=5 trainer.ridge_decay=0.25 trainer.ridge_min=0.0001 +experiment=cpda_ntn_sweep model=cpda_typei dataset=bank
[2026-05-03 10:31:10,732][__main__][INFO] - ⏭ SKIP CPDATypeI/bank/NTN L=4 bd=8 seed=42 -> /zhome/6b/e/212868/GTN/outputs/ntn/bank/CPDATypeI_rg5_init0.1/L4_bd8_seed42 | previous run failed with singular matrix (permanent) val=0.8368
[2026-05-03 10:31:10,735][HYDRA] 	#16 : model.L=4 model.bond_dim=8 seed=10090 trainer.ridge=5 trainer.ridge_decay=0.25 trainer.ridge_min=0.0001 +experiment=cpda_ntn_sweep model=cpda_typei dataset=bank
[2026-05-03 10:31:10,903][__main__][INFO] - ⏭ SKIP CPDATypeI/bank/NTN L=4 bd=8 seed=10090 -> /zhome/6b/e/212868/GTN/outputs/ntn/bank/CPDATypeI_rg5_init0.1/L4_bd8_seed10090 | previous run failed with singular matrix (permanent) val=0.6719
[2026-05-03 10:31:10,906][HYDRA] 	#17 : model.L=4 model.bond_dim=8 seed=32874 trainer.ridge=5 trainer.ridge_decay=0.25 trainer.ridge_min=0.0001 +experiment=cpda_ntn_sweep model=cpda_typei dataset=bank
[2026-05-03 10:31:11,082][__main__][INFO] - ⏭ SKIP CPDATypeI/bank/NTN L=4 bd=8 seed=32874 -> /zhome/6b/e/212868/GTN/outputs/ntn/bank/CPDATypeI_rg5_init0.1/L4_bd8_seed32874 | previous run failed with singular matrix (permanent) val=0.6828
[2026-05-03 10:31:11,086][HYDRA] 	#18 : model.L=4 model.bond_dim=8 seed=47311 trainer.ridge=5 trainer.ridge_decay=0.25 trainer.ridge_min=0.0001 +experiment=cpda_ntn_sweep model=cpda_typei dataset=bank
[2026-05-03 10:31:11,256][__main__][INFO] - ⏭ SKIP CPDATypeI/bank/NTN L=4 bd=8 seed=47311 -> /zhome/6b/e/212868/GTN/outputs/ntn/bank/CPDATypeI_rg5_init0.1/L4_bd8_seed47311 | previous run failed with singular matrix (permanent) val=0.8837
[2026-05-03 10:31:11,260][HYDRA] 	#19 : model.L=4 model.bond_dim=8 seed=47303 trainer.ridge=5 trainer.ridge_decay=0.25 trainer.ridge_min=0.0001 +experiment=cpda_ntn_sweep model=cpda_typei dataset=bank
[2026-05-03 10:31:11,432][__main__][INFO] - ⏭ SKIP CPDATypeI/bank/NTN L=4 bd=8 seed=47303 -> /zhome/6b/e/212868/GTN/outputs/ntn/bank/CPDATypeI_rg5_init0.1/L4_bd8_seed47303 | previous run failed with singular matrix (permanent) val=0.6713
[2026-05-03 10:31:11,435][HYDRA] 	#20 : model.L=3 model.bond_dim=64 seed=42 trainer.ridge=5 trainer.ridge_decay=0.25 trainer.ridge_min=0.0001 +experiment=cpda_ntn_sweep model=cpda_typei dataset=bank
[2026-05-03 10:31:11,614][__main__][INFO] - ⏭ SKIP CPDATypeI/bank/NTN L=3 bd=64 seed=42 -> /zhome/6b/e/212868/GTN/outputs/ntn/bank/CPDATypeI_rg5_init0.1/L3_bd64_seed42 | previous run failed with singular matrix (permanent) val=0.5947
[2026-05-03 10:31:11,617][HYDRA] 	#21 : model.L=3 model.bond_dim=64 seed=10090 trainer.ridge=5 trainer.ridge_decay=0.25 trainer.ridge_min=0.0001 +experiment=cpda_ntn_sweep model=cpda_typei dataset=bank
[2026-05-03 10:31:11,785][__main__][INFO] - ⏭ SKIP CPDATypeI/bank/NTN L=3 bd=64 seed=10090 -> /zhome/6b/e/212868/GTN/outputs/ntn/bank/CPDATypeI_rg5_init0.1/L3_bd64_seed10090 | previous run failed with singular matrix (permanent) val=0.7779
[2026-05-03 10:31:11,788][HYDRA] 	#22 : model.L=3 model.bond_dim=64 seed=32874 trainer.ridge=5 trainer.ridge_decay=0.25 trainer.ridge_min=0.0001 +experiment=cpda_ntn_sweep model=cpda_typei dataset=bank
[2026-05-03 10:31:12,196][__main__][INFO] - ⏭ SKIP CPDATypeI/bank/NTN L=3 bd=64 seed=32874 -> /zhome/6b/e/212868/GTN/outputs/ntn/bank/CPDATypeI_rg5_init0.1/L3_bd64_seed32874 | previous run failed with singular matrix (permanent) val=0.8571
[2026-05-03 10:31:12,199][HYDRA] 	#23 : model.L=3 model.bond_dim=64 seed=47311 trainer.ridge=5 trainer.ridge_decay=0.25 trainer.ridge_min=0.0001 +experiment=cpda_ntn_sweep model=cpda_typei dataset=bank
[2026-05-03 10:31:12,378][__main__][INFO] - ⏭ SKIP CPDATypeI/bank/NTN L=3 bd=64 seed=47311 -> /zhome/6b/e/212868/GTN/outputs/ntn/bank/CPDATypeI_rg5_init0.1/L3_bd64_seed47311 | previous run failed with singular matrix (permanent) val=0.7968
[2026-05-03 10:31:12,381][HYDRA] 	#24 : model.L=3 model.bond_dim=64 seed=47303 trainer.ridge=5 trainer.ridge_decay=0.25 trainer.ridge_min=0.0001 +experiment=cpda_ntn_sweep model=cpda_typei dataset=bank
[2026-05-03 10:31:12,553][__main__][INFO] - ⏭ SKIP CPDATypeI/bank/NTN L=3 bd=64 seed=47303 -> /zhome/6b/e/212868/GTN/outputs/ntn/bank/CPDATypeI_rg5_init0.1/L3_bd64_seed47303 | previous run failed with singular matrix (permanent) val=0.6553
[2026-05-03 10:31:12,556][HYDRA] 	#25 : model.L=3 model.bond_dim=32 seed=42 trainer.ridge=5 trainer.ridge_decay=0.25 trainer.ridge_min=0.0001 +experiment=cpda_ntn_sweep model=cpda_typei dataset=bank
[2026-05-03 10:31:12,736][__main__][INFO] - ⏭ SKIP CPDATypeI/bank/NTN L=3 bd=32 seed=42 -> /zhome/6b/e/212868/GTN/outputs/ntn/bank/CPDATypeI_rg5_init0.1/L3_bd32_seed42 | previous run failed with singular matrix (permanent) val=0.6386
[2026-05-03 10:31:12,739][HYDRA] 	#26 : model.L=3 model.bond_dim=32 seed=10090 trainer.ridge=5 trainer.ridge_decay=0.25 trainer.ridge_min=0.0001 +experiment=cpda_ntn_sweep model=cpda_typei dataset=bank
[2026-05-03 10:31:12,914][__main__][INFO] - ⏭ SKIP CPDATypeI/bank/NTN L=3 bd=32 seed=10090 -> /zhome/6b/e/212868/GTN/outputs/ntn/bank/CPDATypeI_rg5_init0.1/L3_bd32_seed10090 | previous run failed with singular matrix (permanent) val=0.4891
[2026-05-03 10:31:12,917][HYDRA] 	#27 : model.L=3 model.bond_dim=32 seed=32874 trainer.ridge=5 trainer.ridge_decay=0.25 trainer.ridge_min=0.0001 +experiment=cpda_ntn_sweep model=cpda_typei dataset=bank
[2026-05-03 10:31:13,090][__main__][INFO] - ⏭ SKIP CPDATypeI/bank/NTN L=3 bd=32 seed=32874 -> /zhome/6b/e/212868/GTN/outputs/ntn/bank/CPDATypeI_rg5_init0.1/L3_bd32_seed32874 | previous run failed with singular matrix (permanent) val=0.7294
[2026-05-03 10:31:13,093][HYDRA] 	#28 : model.L=3 model.bond_dim=32 seed=47311 trainer.ridge=5 trainer.ridge_decay=0.25 trainer.ridge_min=0.0001 +experiment=cpda_ntn_sweep model=cpda_typei dataset=bank
[2026-05-03 10:31:13,263][__main__][INFO] - ⏭ SKIP CPDATypeI/bank/NTN L=3 bd=32 seed=47311 -> /zhome/6b/e/212868/GTN/outputs/ntn/bank/CPDATypeI_rg5_init0.1/L3_bd32_seed47311 | previous run failed with singular matrix (permanent) val=0.6398
[2026-05-03 10:31:13,267][HYDRA] 	#29 : model.L=3 model.bond_dim=32 seed=47303 trainer.ridge=5 trainer.ridge_decay=0.25 trainer.ridge_min=0.0001 +experiment=cpda_ntn_sweep model=cpda_typei dataset=bank
[2026-05-03 10:31:13,445][__main__][INFO] - ⏭ SKIP CPDATypeI/bank/NTN L=3 bd=32 seed=47303 -> /zhome/6b/e/212868/GTN/outputs/ntn/bank/CPDATypeI_rg5_init0.1/L3_bd32_seed47303 | previous run failed with singular matrix (permanent) val=0.6654
[2026-05-03 10:31:13,449][HYDRA] 	#30 : model.L=3 model.bond_dim=16 seed=42 trainer.ridge=5 trainer.ridge_decay=0.25 trainer.ridge_min=0.0001 +experiment=cpda_ntn_sweep model=cpda_typei dataset=bank
[2026-05-03 10:31:13,626][__main__][INFO] - ⏭ SKIP CPDATypeI/bank/NTN L=3 bd=16 seed=42 -> /zhome/6b/e/212868/GTN/outputs/ntn/bank/CPDATypeI_rg5_init0.1/L3_bd16_seed42 | previous run failed with singular matrix (permanent) val=0.7588
[2026-05-03 10:31:13,630][HYDRA] 	#31 : model.L=3 model.bond_dim=16 seed=10090 trainer.ridge=5 trainer.ridge_decay=0.25 trainer.ridge_min=0.0001 +experiment=cpda_ntn_sweep model=cpda_typei dataset=bank
[2026-05-03 10:31:13,792][__main__][INFO] - ⏭ SKIP CPDATypeI/bank/NTN L=3 bd=16 seed=10090 -> /zhome/6b/e/212868/GTN/outputs/ntn/bank/CPDATypeI_rg5_init0.1/L3_bd16_seed10090 | previous run failed with singular matrix (permanent) val=0.8642
[2026-05-03 10:31:13,795][HYDRA] 	#32 : model.L=3 model.bond_dim=16 seed=32874 trainer.ridge=5 trainer.ridge_decay=0.25 trainer.ridge_min=0.0001 +experiment=cpda_ntn_sweep model=cpda_typei dataset=bank
[2026-05-03 10:31:13,972][__main__][INFO] - ⏭ SKIP CPDATypeI/bank/NTN L=3 bd=16 seed=32874 -> /zhome/6b/e/212868/GTN/outputs/ntn/bank/CPDATypeI_rg5_init0.1/L3_bd16_seed32874 | previous run failed with singular matrix (permanent) val=0.8742
[2026-05-03 10:31:13,975][HYDRA] 	#33 : model.L=3 model.bond_dim=16 seed=47311 trainer.ridge=5 trainer.ridge_decay=0.25 trainer.ridge_min=0.0001 +experiment=cpda_ntn_sweep model=cpda_typei dataset=bank
[2026-05-03 10:31:14,129][__main__][INFO] - ⏭ SKIP CPDATypeI/bank/NTN L=3 bd=16 seed=47311 -> /zhome/6b/e/212868/GTN/outputs/ntn/bank/CPDATypeI_rg5_init0.1/L3_bd16_seed47311 | previous run failed with singular matrix (permanent) val=0.7122
[2026-05-03 10:31:14,131][HYDRA] 	#34 : model.L=3 model.bond_dim=16 seed=47303 trainer.ridge=5 trainer.ridge_decay=0.25 trainer.ridge_min=0.0001 +experiment=cpda_ntn_sweep model=cpda_typei dataset=bank
[2026-05-03 10:31:14,300][__main__][INFO] - ⏭ SKIP CPDATypeI/bank/NTN L=3 bd=16 seed=47303 -> /zhome/6b/e/212868/GTN/outputs/ntn/bank/CPDATypeI_rg5_init0.1/L3_bd16_seed47303 | previous run failed with singular matrix (permanent) val=0.8509
[2026-05-03 10:31:14,304][HYDRA] 	#35 : model.L=3 model.bond_dim=8 seed=42 trainer.ridge=5 trainer.ridge_decay=0.25 trainer.ridge_min=0.0001 +experiment=cpda_ntn_sweep model=cpda_typei dataset=bank
[2026-05-03 10:31:14,478][__main__][INFO] - ⏭ SKIP CPDATypeI/bank/NTN L=3 bd=8 seed=42 -> /zhome/6b/e/212868/GTN/outputs/ntn/bank/CPDATypeI_rg5_init0.1/L3_bd8_seed42 | already completed successfully (val_quality=0.8789442642288411) val=0.8789
[2026-05-03 10:31:14,480][HYDRA] 	#36 : model.L=3 model.bond_dim=8 seed=10090 trainer.ridge=5 trainer.ridge_decay=0.25 trainer.ridge_min=0.0001 +experiment=cpda_ntn_sweep model=cpda_typei dataset=bank
[2026-05-03 10:31:14,663][__main__][INFO] - ⏭ SKIP CPDATypeI/bank/NTN L=3 bd=8 seed=10090 -> /zhome/6b/e/212868/GTN/outputs/ntn/bank/CPDATypeI_rg5_init0.1/L3_bd8_seed10090 | previous run failed with singular matrix (permanent) val=0.8736
[2026-05-03 10:31:14,666][HYDRA] 	#37 : model.L=3 model.bond_dim=8 seed=32874 trainer.ridge=5 trainer.ridge_decay=0.25 trainer.ridge_min=0.0001 +experiment=cpda_ntn_sweep model=cpda_typei dataset=bank
[2026-05-03 10:31:14,833][__main__][INFO] - ⏭ SKIP CPDATypeI/bank/NTN L=3 bd=8 seed=32874 -> /zhome/6b/e/212868/GTN/outputs/ntn/bank/CPDATypeI_rg5_init0.1/L3_bd8_seed32874 | previous run failed with singular matrix (permanent) val=0.8764
[2026-05-03 10:31:14,836][HYDRA] 	#38 : model.L=3 model.bond_dim=8 seed=47311 trainer.ridge=5 trainer.ridge_decay=0.25 trainer.ridge_min=0.0001 +experiment=cpda_ntn_sweep model=cpda_typei dataset=bank
[2026-05-03 10:31:15,003][__main__][INFO] - ⏭ SKIP CPDATypeI/bank/NTN L=3 bd=8 seed=47311 -> /zhome/6b/e/212868/GTN/outputs/ntn/bank/CPDATypeI_rg5_init0.1/L3_bd8_seed47311 | previous run failed with singular matrix (permanent) val=0.8781
[2026-05-03 10:31:15,005][HYDRA] 	#39 : model.L=3 model.bond_dim=8 seed=47303 trainer.ridge=5 trainer.ridge_decay=0.25 trainer.ridge_min=0.0001 +experiment=cpda_ntn_sweep model=cpda_typei dataset=bank
[2026-05-03 10:31:15,178][__main__][INFO] - ⏭ SKIP CPDATypeI/bank/NTN L=3 bd=8 seed=47303 -> /zhome/6b/e/212868/GTN/outputs/ntn/bank/CPDATypeI_rg5_init0.1/L3_bd8_seed47303 | previous run failed with singular matrix (permanent) val=0.8567

------------------------------------------------------------
Sender: LSF System <lsfadmin@hpc.dtu.dk>
Subject: Job 28339558[32]: <ntn_grid_full[1-150]%20> in cluster <dcc> Done

Job <ntn_grid_full[1-150]%20> was submitted from host <hpclogin1> by user <nicci> in cluster <dcc> at Sun May  3 10:30:18 2026
Job was executed on host(s) <6*n-62-31-8>, in queue <hpc>, as user <nicci> in cluster <dcc> at Sun May  3 10:30:54 2026
</zhome/6b/e/212868> was used as the home directory.
</zhome/6b/e/212868/GTN> was used as the working directory.
Started at Sun May  3 10:30:54 2026
Terminated at Sun May  3 10:31:16 2026
Results reported at Sun May  3 10:31:16 2026

Your job looked like:

------------------------------------------------------------
# LSBATCH: User input
#!/bin/bash
#BSUB -q hpc
#BSUB -J "ntn_grid_full[1-150]%20"
#BSUB -W 8:00
#BSUB -n 6
#BSUB -R "rusage[mem=1500MB]"
#BSUB -R "span[hosts=1]"
#BSUB -o logs/%J_%I.out
#BSUB -e logs/%J_%I.err

MODELS=("cpda" "cpda_typei" "lmpo2" "lmpo2_typei" "mpo2" "mpo2_typei" "mmpo2" "mmpo2_typei" "tnml_f" "tnml_p")

DATASETS=(
    "abalone" "adult" "ai4i" "appliances" "bank" "bike" "breast"
    "car_evaluation" "concrete" "energy_efficiency" "hearth"
    "iris" "mushrooms" "obesity" "popularity" "realstate"
    "seoulBike" "student_dropout" "student_perf" "wine"
    "winequalityc"
)

COMPLETED_DATASETS=(
    "abalone" "bike" "concrete" "energy_efficiency"
    "iris" "realstate" )

# Filter datasets
FILTERED_DATASETS=()
for ds in "${DATASETS[@]}"; do
    skip=false
    for completed in "${COMPLETED_DATASETS[@]}"; do
        if [[ "$ds" == "$completed" ]]; then
            skip=true
            break
        fi
    done

    if ! $skip; then
        FILTERED_DATASETS+=("$ds")
    fi
done

DATASETS=("${FILTERED_DATASETS[@]}")

NUM_MODELS=${#MODELS[@]}
NUM_DATASETS=${#DATASETS[@]}
NUM_EXPERIMENTS=$((NUM_DATASETS * NUM_MODELS))

if [ "$1" == "test" ]; then
    echo "SIMULATING ARRAY:"
    echo "-----------------"


(... more ...)
------------------------------------------------------------

Successfully completed.

Resource usage summary:

    CPU time :                                   18.14 sec.
    Max Memory :                                 389 MB
    Average Memory :                             389.00 MB
    Total Requested Memory :                     9000.00 MB
    Delta Memory :                               8611.00 MB
    Max Swap :                                   -
    Max Processes :                              4
    Max Threads :                                15
    Run time :                                   22 sec.
    Turnaround time :                            58 sec.

The output (if any) is above this job summary.



PS:

Read file <logs/28339558_32.err> for stderr output of this job.

