Task 77: Dataset=mushrooms, Model=mmpo2, Experiment=uci_ntn_sweep
[2026-05-03 07:16:16,676][HYDRA] Launching 30 jobs locally
[2026-05-03 07:16:16,677][HYDRA] 	#0 : model.L=4 model.bond_dim=12 seed=42 trainer.ridge=5 trainer.ridge_decay=0.25 trainer.ridge_min=0.0001 +experiment=uci_ntn_sweep model=mmpo2 dataset=mushrooms
[2026-05-03 07:16:17,183][utils.tracking][INFO] - Loaded 17971 tracked runs from runs_tracking.csv
[2026-05-03 07:16:17,186][__main__][INFO] - ▶ RUN MMPO2/mushrooms/NTN L=4 bd=12 seed=42 -> /zhome/6b/e/212868/GTN/outputs/ntn/mushrooms/MMPO2_rg5_init0.1/L4_bd12_seed42

------------------------------------------------------------
Sender: LSF System <lsfadmin@hpc.dtu.dk>
Subject: Job 28339356[77]: <ntn_grid_full[1-150]%20> in cluster <dcc> Exited

Job <ntn_grid_full[1-150]%20> was submitted from host <hpclogin1> by user <nicci> in cluster <dcc> at Sun May  3 07:01:17 2026
Job was executed on host(s) <6*n-62-31-15>, in queue <hpc>, as user <nicci> in cluster <dcc> at Sun May  3 07:16:05 2026
</zhome/6b/e/212868> was used as the home directory.
</zhome/6b/e/212868/GTN> was used as the working directory.
Started at Sun May  3 07:16:05 2026
Terminated at Sun May  3 07:16:20 2026
Results reported at Sun May  3 07:16:20 2026

Your job looked like:

------------------------------------------------------------
# LSBATCH: User input
#!/bin/bash
#BSUB -q hpc
#BSUB -J "ntn_grid_full[1-150]%20"
#BSUB -W 8:00
#BSUB -n 6
#BSUB -R "rusage[mem=750MB]"
#BSUB -R "span[hosts=1]"
#BSUB -o logs/%J_%I.out
#BSUB -e logs/%J_%I.err

MODELS=("cpda" "cpda_typei" "lmpo2" "lmpo2_typei" "mpo2" "mpo2_typei" "mmpo2" "mmpo2_typei" "tnml_f" "tnml_p")

DATASETS=(
    "abalone" "adult" "ai4i" "appliances" "bank" "bike" "breast"
    "car_evaluation" "concrete" "energy_efficiency" "hearth"
    "iris" "mushrooms" "obesity" "popularity" "realstate"
    "seoulBike" "student_dropout" "student_perf" "wine"
    "winequalityc"
)

COMPLETED_DATASETS=(
    "abalone" "bike" "concrete" "energy_efficiency"
    "iris" "realstate" )

# Filter datasets
FILTERED_DATASETS=()
for ds in "${DATASETS[@]}"; do
    skip=false
    for completed in "${COMPLETED_DATASETS[@]}"; do
        if [[ "$ds" == "$completed" ]]; then
            skip=true
            break
        fi
    done

    if ! $skip; then
        FILTERED_DATASETS+=("$ds")
    fi
done

DATASETS=("${FILTERED_DATASETS[@]}")

NUM_MODELS=${#MODELS[@]}
NUM_DATASETS=${#DATASETS[@]}
NUM_EXPERIMENTS=$((NUM_DATASETS * NUM_MODELS))

if [ "$1" == "test" ]; then
    echo "SIMULATING ARRAY:"
    echo "-----------------"


(... more ...)
------------------------------------------------------------

TERM_MEMLIMIT: job killed after reaching LSF memory usage limit.
Exited with exit code 137.

Resource usage summary:

    CPU time :                                   13.25 sec.
    Max Memory :                                 4500 MB
    Average Memory :                             -
    Total Requested Memory :                     4500.00 MB
    Delta Memory :                               0.00 MB
    Max Swap :                                   -
    Max Processes :                              -
    Max Threads :                                -
    Run time :                                   15 sec.
    Turnaround time :                            903 sec.

The output (if any) is above this job summary.



PS:

Read file <logs/28339356_77.err> for stderr output of this job.

