Task 9: Dataset=adult, Model=tnml_f, Experiment=uci_ntn_sweep
[2026-05-03 10:30:29,702][HYDRA] Launching 30 jobs locally
[2026-05-03 10:30:29,702][HYDRA] 	#0 : model.L=4 model.bond_dim=12 seed=42 trainer.ridge=5 trainer.ridge_decay=0.25 trainer.ridge_min=0.0001 +experiment=uci_ntn_sweep model=tnml_f dataset=adult
[2026-05-03 10:30:30,200][utils.tracking][INFO] - Loaded 18722 tracked runs from runs_tracking.csv
[2026-05-03 10:30:30,202][__main__][INFO] - ⏭ SKIP TNML_F/adult/NTN L=4 bd=12 seed=42 -> /zhome/6b/e/212868/GTN/outputs/ntn/adult/TNML_F_rg5_init0.1/L4_bd12_seed42 | already completed successfully (val_quality=0.366093366093366) val=0.3661
[2026-05-03 10:30:30,204][HYDRA] 	#1 : model.L=4 model.bond_dim=12 seed=10090 trainer.ridge=5 trainer.ridge_decay=0.25 trainer.ridge_min=0.0001 +experiment=uci_ntn_sweep model=tnml_f dataset=adult
[2026-05-03 10:30:30,345][__main__][INFO] - ⏭ SKIP TNML_F/adult/NTN L=4 bd=12 seed=10090 -> /zhome/6b/e/212868/GTN/outputs/ntn/adult/TNML_F_rg5_init0.1/L4_bd12_seed10090 | already completed successfully (val_quality=0.3602238602238602) val=0.3602
[2026-05-03 10:30:30,346][HYDRA] 	#2 : model.L=4 model.bond_dim=12 seed=32874 trainer.ridge=5 trainer.ridge_decay=0.25 trainer.ridge_min=0.0001 +experiment=uci_ntn_sweep model=tnml_f dataset=adult
[2026-05-03 10:30:30,482][__main__][INFO] - ▶ RUN TNML_F/adult/NTN L=4 bd=12 seed=32874 -> /zhome/6b/e/212868/GTN/outputs/ntn/adult/TNML_F_rg5_init0.1/L4_bd12_seed32874
Starting Fit: 20 epochs.
Sweep Order: ['Node0', 'Node1', 'Node2', 'Node3', 'Node4', 'Node5', 'Node6', 'Node7', 'Node8', 'Node9', 'Node10', 'Node11', 'Node12', 'Node13', 'Node14', 'Node15', 'Node16', 'Node17', 'Node18', 'Node19', 'Node20', 'Node21', 'Node22', 'Node23', 'Node24', 'Node25', 'Node26', 'Node27', 'Node28', 'Node29', 'Node30', 'Node31', 'Node32', 'Node33', 'Node34', 'Node35', 'Node36', 'Node37', 'Node38', 'Node39', 'Node40', 'Node41', 'Node42', 'Node43', 'Node44', 'Node45', 'Node46', 'Node45', 'Node44', 'Node43', 'Node42', 'Node41', 'Node40', 'Node39', 'Node38', 'Node37', 'Node36', 'Node35', 'Node34', 'Node33', 'Node32', 'Node31', 'Node30', 'Node29', 'Node28', 'Node27', 'Node26', 'Node25', 'Node24', 'Node23', 'Node22', 'Node21', 'Node20', 'Node19', 'Node18', 'Node17', 'Node16', 'Node15', 'Node14', 'Node13', 'Node12', 'Node11', 'Node10', 'Node9', 'Node8', 'Node7', 'Node6', 'Node5', 'Node4', 'Node3', 'Node2', 'Node1']
Validation: Using separate validation set for best model selection
Early stopping: patience=10, min_delta=0.001
Init    | Train: loss: 1.47676 | quality: 0.16622
        | Val:   loss: 1.46355 | quality: 0.17349
Epoch 1 | Train: loss: 1.38420 | quality: 0.21302
        | Val:   loss: 1.38397 | quality: 0.22099
 *
Epoch 2 | Train: loss: 1.38247 | quality: 0.21355
        | Val:   loss: 1.38205 | quality: 0.21567

Epoch 3 | Train: loss: 1.38218 | quality: 0.22443
        | Val:   loss: 1.38217 | quality: 0.22277
 *
Epoch 4 | Train: loss: 1.38113 | quality: 0.22534
        | Val:   loss: 1.38147 | quality: 0.22168

Epoch 5 | Train: loss: 1.37857 | quality: 0.36035
        | Val:   loss: 1.37931 | quality: 0.35531
 *
Epoch 6 | Train: loss: 1.36830 | quality: 0.37158
        | Val:   loss: 1.37608 | quality: 0.35940
 *
Epoch 7 | Train: loss: 1.36341 | quality: 0.37056
        | Val:   loss: 1.37242 | quality: 0.36213
 *
Epoch 8 | Train: loss: 1.36180 | quality: 0.33844
        | Val:   loss: 1.37105 | quality: 0.31982

Epoch 9 | Train: loss: 1.36099 | quality: 0.33903
        | Val:   loss: 1.37193 | quality: 0.32405

Epoch 10 | Train: loss: 1.36049 | quality: 0.33897
        | Val:   loss: 1.37236 | quality: 0.32460

Epoch 11 | Train: loss: 1.36013 | quality: 0.33856
        | Val:   loss: 1.37188 | quality: 0.32364

Epoch 12 | Train: loss: 1.35983 | quality: 0.37313
        | Val:   loss: 1.37169 | quality: 0.36145
 *
Epoch 13 | Train: loss: 1.35959 | quality: 0.37360
        | Val:   loss: 1.37167 | quality: 0.36145

Epoch 14 | Train: loss: 1.35927 | quality: 0.38018
        | Val:   loss: 1.37164 | quality: 0.36227
 *
Epoch 15 | Train: loss: 1.35911 | quality: 0.38018
        | Val:   loss: 1.37177 | quality: 0.36268

Epoch 16 | Train: loss: 1.35897 | quality: 0.37995
        | Val:   loss: 1.37202 | quality: 0.36213

Epoch 17 | Train: loss: 1.35883 | quality: 0.38088
        | Val:   loss: 1.37212 | quality: 0.36350
 *
Epoch 18 | Train: loss: 1.35863 | quality: 0.38132
        | Val:   loss: 1.37245 | quality: 0.36364

Epoch 19 | Train: loss: 1.35833 | quality: 0.37512
        | Val:   loss: 1.37346 | quality: 0.35940

Epoch 20 | Train: loss: 1.35827 | quality: 0.37553
        | Val:   loss: 1.37379 | quality: 0.35968


Best epoch: 17 (val_quality=0.363500)
[2026-05-03 12:09:56,334][__main__][INFO] - ✓ DONE TNML_F/adult/NTN L=4 bd=12 seed=32874 -> /zhome/6b/e/212868/GTN/outputs/ntn/adult/TNML_F_rg5_init0.1/L4_bd12_seed32874 | val=0.3635
[2026-05-03 12:09:56,341][HYDRA] 	#3 : model.L=4 model.bond_dim=12 seed=47311 trainer.ridge=5 trainer.ridge_decay=0.25 trainer.ridge_min=0.0001 +experiment=uci_ntn_sweep model=tnml_f dataset=adult
[2026-05-03 12:09:56,582][__main__][INFO] - ▶ RUN TNML_F/adult/NTN L=4 bd=12 seed=47311 -> /zhome/6b/e/212868/GTN/outputs/ntn/adult/TNML_F_rg5_init0.1/L4_bd12_seed47311
Starting Fit: 20 epochs.
Sweep Order: ['Node0', 'Node1', 'Node2', 'Node3', 'Node4', 'Node5', 'Node6', 'Node7', 'Node8', 'Node9', 'Node10', 'Node11', 'Node12', 'Node13', 'Node14', 'Node15', 'Node16', 'Node17', 'Node18', 'Node19', 'Node20', 'Node21', 'Node22', 'Node23', 'Node24', 'Node25', 'Node26', 'Node27', 'Node28', 'Node29', 'Node30', 'Node31', 'Node32', 'Node33', 'Node34', 'Node35', 'Node36', 'Node37', 'Node38', 'Node39', 'Node40', 'Node41', 'Node42', 'Node43', 'Node44', 'Node45', 'Node46', 'Node45', 'Node44', 'Node43', 'Node42', 'Node41', 'Node40', 'Node39', 'Node38', 'Node37', 'Node36', 'Node35', 'Node34', 'Node33', 'Node32', 'Node31', 'Node30', 'Node29', 'Node28', 'Node27', 'Node26', 'Node25', 'Node24', 'Node23', 'Node22', 'Node21', 'Node20', 'Node19', 'Node18', 'Node17', 'Node16', 'Node15', 'Node14', 'Node13', 'Node12', 'Node11', 'Node10', 'Node9', 'Node8', 'Node7', 'Node6', 'Node5', 'Node4', 'Node3', 'Node2', 'Node1']
Validation: Using separate validation set for best model selection
Early stopping: patience=10, min_delta=0.001
Init    | Train: loss: 1.42968 | quality: 0.26962
        | Val:   loss: 1.42768 | quality: 0.26809
Epoch 1 | Train: loss: 1.37660 | quality: 0.32104
        | Val:   loss: 1.37878 | quality: 0.31299
 *
Epoch 2 | Train: loss: 1.36748 | quality: 0.32961
        | Val:   loss: 1.37371 | quality: 0.31982
 *
Epoch 3 | Train: loss: 1.36512 | quality: 0.33338
        | Val:   loss: 1.37094 | quality: 0.32200
 *
Epoch 4 | Train: loss: 1.36486 | quality: 0.33444
        | Val:   loss: 1.37060 | quality: 0.32323
 *
Epoch 5 | Train: loss: 1.36428 | quality: 0.33546
        | Val:   loss: 1.37136 | quality: 0.32514
 *
Epoch 6 | Train: loss: 1.36267 | quality: 0.33698
        | Val:   loss: 1.37079 | quality: 0.32351

Epoch 7 | Train: loss: 1.36238 | quality: 0.33716
        | Val:   loss: 1.37056 | quality: 0.32378

Epoch 8 | Train: loss: 1.36208 | quality: 0.33718
        | Val:   loss: 1.37047 | quality: 0.32187

Epoch 9 | Train: loss: 1.36161 | quality: 0.33762
        | Val:   loss: 1.37106 | quality: 0.32078

Epoch 10 | Train: loss: 1.36067 | quality: 0.33868
        | Val:   loss: 1.37090 | quality: 0.32337

Epoch 11 | Train: loss: 1.36016 | quality: 0.33809
        | Val:   loss: 1.37257 | quality: 0.32200

Epoch 12 | Train: loss: 1.35955 | quality: 0.33868
        | Val:   loss: 1.37278 | quality: 0.32255

Epoch 13 | Train: loss: 1.35931 | quality: 0.33888
        | Val:   loss: 1.37340 | quality: 0.32146

Epoch 14 | Train: loss: 1.35893 | quality: 0.33993
        | Val:   loss: 1.37399 | quality: 0.32241

Epoch 15 | Train: loss: 1.35870 | quality: 0.34034
        | Val:   loss: 1.37426 | quality: 0.32378


⏸ Early stopping at epoch 15 (best was epoch 5)
[2026-05-03 13:23:48,548][__main__][INFO] - ✓ DONE TNML_F/adult/NTN L=4 bd=12 seed=47311 -> /zhome/6b/e/212868/GTN/outputs/ntn/adult/TNML_F_rg5_init0.1/L4_bd12_seed47311 | val=0.3251
[2026-05-03 13:23:48,552][HYDRA] 	#4 : model.L=4 model.bond_dim=12 seed=47303 trainer.ridge=5 trainer.ridge_decay=0.25 trainer.ridge_min=0.0001 +experiment=uci_ntn_sweep model=tnml_f dataset=adult
[2026-05-03 13:23:48,698][__main__][INFO] - ▶ RUN TNML_F/adult/NTN L=4 bd=12 seed=47303 -> /zhome/6b/e/212868/GTN/outputs/ntn/adult/TNML_F_rg5_init0.1/L4_bd12_seed47303
Starting Fit: 20 epochs.
Sweep Order: ['Node0', 'Node1', 'Node2', 'Node3', 'Node4', 'Node5', 'Node6', 'Node7', 'Node8', 'Node9', 'Node10', 'Node11', 'Node12', 'Node13', 'Node14', 'Node15', 'Node16', 'Node17', 'Node18', 'Node19', 'Node20', 'Node21', 'Node22', 'Node23', 'Node24', 'Node25', 'Node26', 'Node27', 'Node28', 'Node29', 'Node30', 'Node31', 'Node32', 'Node33', 'Node34', 'Node35', 'Node36', 'Node37', 'Node38', 'Node39', 'Node40', 'Node41', 'Node42', 'Node43', 'Node44', 'Node45', 'Node46', 'Node45', 'Node44', 'Node43', 'Node42', 'Node41', 'Node40', 'Node39', 'Node38', 'Node37', 'Node36', 'Node35', 'Node34', 'Node33', 'Node32', 'Node31', 'Node30', 'Node29', 'Node28', 'Node27', 'Node26', 'Node25', 'Node24', 'Node23', 'Node22', 'Node21', 'Node20', 'Node19', 'Node18', 'Node17', 'Node16', 'Node15', 'Node14', 'Node13', 'Node12', 'Node11', 'Node10', 'Node9', 'Node8', 'Node7', 'Node6', 'Node5', 'Node4', 'Node3', 'Node2', 'Node1']
Validation: Using separate validation set for best model selection
Early stopping: patience=10, min_delta=0.001
Init    | Train: loss: 1.39719 | quality: 0.26760
        | Val:   loss: 1.39705 | quality: 0.26112
Epoch 1 | Train: loss: 1.37288 | quality: 0.33283
        | Val:   loss: 1.37399 | quality: 0.32501
 *
Epoch 2 | Train: loss: 1.36674 | quality: 0.33274
        | Val:   loss: 1.37042 | quality: 0.32214

Epoch 3 | Train: loss: 1.36542 | quality: 0.33341
        | Val:   loss: 1.37041 | quality: 0.32337

Epoch 4 | Train: loss: 1.36519 | quality: 0.33321
        | Val:   loss: 1.37058 | quality: 0.32391

Epoch 5 | Train: loss: 1.36415 | quality: 0.33470
        | Val:   loss: 1.37096 | quality: 0.32596
 *
Epoch 6 | Train: loss: 1.36292 | quality: 0.33657
        | Val:   loss: 1.37112 | quality: 0.32323

Epoch 7 | Train: loss: 1.36275 | quality: 0.33584
        | Val:   loss: 1.37090 | quality: 0.32214

Epoch 8 | Train: loss: 1.36253 | quality: 0.33692
        | Val:   loss: 1.37104 | quality: 0.32214

Epoch 9 | Train: loss: 1.36200 | quality: 0.33794
        | Val:   loss: 1.37172 | quality: 0.32187

Epoch 10 | Train: loss: 1.36173 | quality: 0.33873
        | Val:   loss: 1.37218 | quality: 0.32323

Epoch 11 | Train: loss: 1.36075 | quality: 0.33888
        | Val:   loss: 1.37274 | quality: 0.32351

Epoch 12 | Train: loss: 1.36046 | quality: 0.33952
        | Val:   loss: 1.37246 | quality: 0.32310

Epoch 13 | Train: loss: 1.36010 | quality: 0.34011
        | Val:   loss: 1.37260 | quality: 0.32432

Epoch 14 | Train: loss: 1.35978 | quality: 0.34014
        | Val:   loss: 1.37235 | quality: 0.32528
 *
Epoch 15 | Train: loss: 1.35946 | quality: 0.33985
        | Val:   loss: 1.37266 | quality: 0.32514

Epoch 16 | Train: loss: 1.35908 | quality: 0.37410
        | Val:   loss: 1.37306 | quality: 0.36009
 *
Epoch 17 | Train: loss: 1.35885 | quality: 0.37454
        | Val:   loss: 1.37336 | quality: 0.36009

Epoch 18 | Train: loss: 1.35869 | quality: 0.37512
        | Val:   loss: 1.37323 | quality: 0.36036
 *
Epoch 19 | Train: loss: 1.35851 | quality: 0.37544
        | Val:   loss: 1.37302 | quality: 0.36173
 *
Epoch 20 | Train: loss: 1.35839 | quality: 0.37538
        | Val:   loss: 1.37297 | quality: 0.36159


Best epoch: 19 (val_quality=0.361725)
[2026-05-03 15:06:43,551][__main__][INFO] - ✓ DONE TNML_F/adult/NTN L=4 bd=12 seed=47303 -> /zhome/6b/e/212868/GTN/outputs/ntn/adult/TNML_F_rg5_init0.1/L4_bd12_seed47303 | val=0.3617
[2026-05-03 15:06:43,556][HYDRA] 	#5 : model.L=4 model.bond_dim=8 seed=42 trainer.ridge=5 trainer.ridge_decay=0.25 trainer.ridge_min=0.0001 +experiment=uci_ntn_sweep model=tnml_f dataset=adult
[2026-05-03 15:06:43,709][__main__][INFO] - ▶ RUN TNML_F/adult/NTN L=4 bd=8 seed=42 -> /zhome/6b/e/212868/GTN/outputs/ntn/adult/TNML_F_rg5_init0.1/L4_bd8_seed42
Starting Fit: 20 epochs.
Sweep Order: ['Node0', 'Node1', 'Node2', 'Node3', 'Node4', 'Node5', 'Node6', 'Node7', 'Node8', 'Node9', 'Node10', 'Node11', 'Node12', 'Node13', 'Node14', 'Node15', 'Node16', 'Node17', 'Node18', 'Node19', 'Node20', 'Node21', 'Node22', 'Node23', 'Node24', 'Node25', 'Node26', 'Node27', 'Node28', 'Node29', 'Node30', 'Node31', 'Node32', 'Node33', 'Node34', 'Node35', 'Node36', 'Node37', 'Node38', 'Node39', 'Node40', 'Node41', 'Node42', 'Node43', 'Node44', 'Node45', 'Node46', 'Node45', 'Node44', 'Node43', 'Node42', 'Node41', 'Node40', 'Node39', 'Node38', 'Node37', 'Node36', 'Node35', 'Node34', 'Node33', 'Node32', 'Node31', 'Node30', 'Node29', 'Node28', 'Node27', 'Node26', 'Node25', 'Node24', 'Node23', 'Node22', 'Node21', 'Node20', 'Node19', 'Node18', 'Node17', 'Node16', 'Node15', 'Node14', 'Node13', 'Node12', 'Node11', 'Node10', 'Node9', 'Node8', 'Node7', 'Node6', 'Node5', 'Node4', 'Node3', 'Node2', 'Node1']
Validation: Using separate validation set for best model selection
Early stopping: patience=10, min_delta=0.001
Init    | Train: loss: 1.38661 | quality: 0.14303
        | Val:   loss: 1.38666 | quality: 0.14169
Epoch 1 | Train: loss: 1.38576 | quality: 0.38574
        | Val:   loss: 1.38730 | quality: 0.37674
 *
Epoch 2 | Train: loss: 1.38454 | quality: 0.38220
        | Val:   loss: 1.39212 | quality: 0.37538

Epoch 3 | Train: loss: 1.38358 | quality: 0.38746
        | Val:   loss: 1.39388 | quality: 0.37647
 *
Epoch 4 | Train: loss: 1.38197 | quality: 0.31434
        | Val:   loss: 1.39148 | quality: 0.30085

Epoch 5 | Train: loss: 1.37603 | quality: 0.32145
        | Val:   loss: 1.38501 | quality: 0.30603

Epoch 6 | Train: loss: 1.37223 | quality: 0.36339
        | Val:   loss: 1.38161 | quality: 0.35340

Epoch 7 | Train: loss: 1.36954 | quality: 0.36117
        | Val:   loss: 1.38074 | quality: 0.35081

Epoch 8 | Train: loss: 1.36454 | quality: 0.37456
        | Val:   loss: 1.37633 | quality: 0.35804

Epoch 9 | Train: loss: 1.36247 | quality: 0.37632
        | Val:   loss: 1.37340 | quality: 0.36050

Epoch 10 | Train: loss: 1.36173 | quality: 0.33730
        | Val:   loss: 1.37202 | quality: 0.32337

Epoch 11 | Train: loss: 1.36141 | quality: 0.33710
        | Val:   loss: 1.37202 | quality: 0.32159

Epoch 12 | Train: loss: 1.36118 | quality: 0.33762
        | Val:   loss: 1.37228 | quality: 0.32255

Epoch 13 | Train: loss: 1.36100 | quality: 0.33821
        | Val:   loss: 1.37261 | quality: 0.32446


⏸ Early stopping at epoch 13 (best was epoch 3)
[2026-05-03 16:02:51,592][__main__][INFO] - ✓ DONE TNML_F/adult/NTN L=4 bd=8 seed=42 -> /zhome/6b/e/212868/GTN/outputs/ntn/adult/TNML_F_rg5_init0.1/L4_bd8_seed42 | val=0.3765
[2026-05-03 16:02:51,595][HYDRA] 	#6 : model.L=4 model.bond_dim=8 seed=10090 trainer.ridge=5 trainer.ridge_decay=0.25 trainer.ridge_min=0.0001 +experiment=uci_ntn_sweep model=tnml_f dataset=adult
[2026-05-03 16:02:51,796][__main__][INFO] - ▶ RUN TNML_F/adult/NTN L=4 bd=8 seed=10090 -> /zhome/6b/e/212868/GTN/outputs/ntn/adult/TNML_F_rg5_init0.1/L4_bd8_seed10090
Starting Fit: 20 epochs.
Sweep Order: ['Node0', 'Node1', 'Node2', 'Node3', 'Node4', 'Node5', 'Node6', 'Node7', 'Node8', 'Node9', 'Node10', 'Node11', 'Node12', 'Node13', 'Node14', 'Node15', 'Node16', 'Node17', 'Node18', 'Node19', 'Node20', 'Node21', 'Node22', 'Node23', 'Node24', 'Node25', 'Node26', 'Node27', 'Node28', 'Node29', 'Node30', 'Node31', 'Node32', 'Node33', 'Node34', 'Node35', 'Node36', 'Node37', 'Node38', 'Node39', 'Node40', 'Node41', 'Node42', 'Node43', 'Node44', 'Node45', 'Node46', 'Node45', 'Node44', 'Node43', 'Node42', 'Node41', 'Node40', 'Node39', 'Node38', 'Node37', 'Node36', 'Node35', 'Node34', 'Node33', 'Node32', 'Node31', 'Node30', 'Node29', 'Node28', 'Node27', 'Node26', 'Node25', 'Node24', 'Node23', 'Node22', 'Node21', 'Node20', 'Node19', 'Node18', 'Node17', 'Node16', 'Node15', 'Node14', 'Node13', 'Node12', 'Node11', 'Node10', 'Node9', 'Node8', 'Node7', 'Node6', 'Node5', 'Node4', 'Node3', 'Node2', 'Node1']
Validation: Using separate validation set for best model selection
Early stopping: patience=10, min_delta=0.001
Init    | Train: loss: 1.38699 | quality: 0.26204
        | Val:   loss: 1.38653 | quality: 0.26126
Epoch 1 | Train: loss: 1.38143 | quality: 0.34137
        | Val:   loss: 1.38534 | quality: 0.33634
 *
Epoch 2 | Train: loss: 1.37492 | quality: 0.31256
        | Val:   loss: 1.38243 | quality: 0.30330

Epoch 3 | Train: loss: 1.37199 | quality: 0.35807
        | Val:   loss: 1.38023 | quality: 0.34889
 *
Epoch 4 | Train: loss: 1.36798 | quality: 0.37012
        | Val:   loss: 1.37537 | quality: 0.36309
 *
Epoch 5 | Train: loss: 1.36497 | quality: 0.33490
        | Val:   loss: 1.37262 | quality: 0.32391

Epoch 6 | Train: loss: 1.36292 | quality: 0.33628
        | Val:   loss: 1.37071 | quality: 0.32514

Epoch 7 | Train: loss: 1.36274 | quality: 0.33642
        | Val:   loss: 1.37089 | quality: 0.32310

Epoch 8 | Train: loss: 1.36268 | quality: 0.33596
        | Val:   loss: 1.37095 | quality: 0.32241

Epoch 9 | Train: loss: 1.36262 | quality: 0.33593
        | Val:   loss: 1.37086 | quality: 0.32241

Epoch 10 | Train: loss: 1.36222 | quality: 0.33768
        | Val:   loss: 1.37096 | quality: 0.32214

Epoch 11 | Train: loss: 1.36199 | quality: 0.33800
        | Val:   loss: 1.37148 | quality: 0.32378

Epoch 12 | Train: loss: 1.36185 | quality: 0.33794
        | Val:   loss: 1.37167 | quality: 0.32419

Epoch 13 | Train: loss: 1.36132 | quality: 0.33841
        | Val:   loss: 1.37217 | quality: 0.32118

Epoch 14 | Train: loss: 1.36074 | quality: 0.33961
        | Val:   loss: 1.37287 | quality: 0.32255


⏸ Early stopping at epoch 14 (best was epoch 4)
[2026-05-03 16:59:57,035][__main__][INFO] - ✓ DONE TNML_F/adult/NTN L=4 bd=8 seed=10090 -> /zhome/6b/e/212868/GTN/outputs/ntn/adult/TNML_F_rg5_init0.1/L4_bd8_seed10090 | val=0.3631
[2026-05-03 16:59:57,038][HYDRA] 	#7 : model.L=4 model.bond_dim=8 seed=32874 trainer.ridge=5 trainer.ridge_decay=0.25 trainer.ridge_min=0.0001 +experiment=uci_ntn_sweep model=tnml_f dataset=adult
[2026-05-03 16:59:57,238][__main__][INFO] - ▶ RUN TNML_F/adult/NTN L=4 bd=8 seed=32874 -> /zhome/6b/e/212868/GTN/outputs/ntn/adult/TNML_F_rg5_init0.1/L4_bd8_seed32874
Starting Fit: 20 epochs.
Sweep Order: ['Node0', 'Node1', 'Node2', 'Node3', 'Node4', 'Node5', 'Node6', 'Node7', 'Node8', 'Node9', 'Node10', 'Node11', 'Node12', 'Node13', 'Node14', 'Node15', 'Node16', 'Node17', 'Node18', 'Node19', 'Node20', 'Node21', 'Node22', 'Node23', 'Node24', 'Node25', 'Node26', 'Node27', 'Node28', 'Node29', 'Node30', 'Node31', 'Node32', 'Node33', 'Node34', 'Node35', 'Node36', 'Node37', 'Node38', 'Node39', 'Node40', 'Node41', 'Node42', 'Node43', 'Node44', 'Node45', 'Node46', 'Node45', 'Node44', 'Node43', 'Node42', 'Node41', 'Node40', 'Node39', 'Node38', 'Node37', 'Node36', 'Node35', 'Node34', 'Node33', 'Node32', 'Node31', 'Node30', 'Node29', 'Node28', 'Node27', 'Node26', 'Node25', 'Node24', 'Node23', 'Node22', 'Node21', 'Node20', 'Node19', 'Node18', 'Node17', 'Node16', 'Node15', 'Node14', 'Node13', 'Node12', 'Node11', 'Node10', 'Node9', 'Node8', 'Node7', 'Node6', 'Node5', 'Node4', 'Node3', 'Node2', 'Node1']
Validation: Using separate validation set for best model selection
Early stopping: patience=10, min_delta=0.001
Init    | Train: loss: 1.39525 | quality: 0.21867
        | Val:   loss: 1.39857 | quality: 0.21540
Epoch 1 | Train: loss: 1.37732 | quality: 0.35944
        | Val:   loss: 1.38068 | quality: 0.34889
 *
Epoch 2 | Train: loss: 1.37079 | quality: 0.36234
        | Val:   loss: 1.37609 | quality: 0.35285
 *
Epoch 3 | Train: loss: 1.36601 | quality: 0.33286
        | Val:   loss: 1.37151 | quality: 0.32173

Epoch 4 | Train: loss: 1.36536 | quality: 0.33306
        | Val:   loss: 1.37092 | quality: 0.32460

Epoch 5 | Train: loss: 1.36525 | quality: 0.33376
        | Val:   loss: 1.37075 | quality: 0.32351

Epoch 6 | Train: loss: 1.36522 | quality: 0.33432
        | Val:   loss: 1.37073 | quality: 0.32487

Epoch 7 | Train: loss: 1.36299 | quality: 0.33669
        | Val:   loss: 1.36995 | quality: 0.32323

Epoch 8 | Train: loss: 1.36267 | quality: 0.33581
        | Val:   loss: 1.37061 | quality: 0.32269

Epoch 9 | Train: loss: 1.36234 | quality: 0.33610
        | Val:   loss: 1.37100 | quality: 0.32405

Epoch 10 | Train: loss: 1.36197 | quality: 0.33631
        | Val:   loss: 1.37086 | quality: 0.32542

Epoch 11 | Train: loss: 1.36136 | quality: 0.33762
        | Val:   loss: 1.37134 | quality: 0.32528

Epoch 12 | Train: loss: 1.36110 | quality: 0.33824
        | Val:   loss: 1.37143 | quality: 0.32473


⏸ Early stopping at epoch 12 (best was epoch 2)
[2026-05-03 17:47:52,521][__main__][INFO] - ✓ DONE TNML_F/adult/NTN L=4 bd=8 seed=32874 -> /zhome/6b/e/212868/GTN/outputs/ntn/adult/TNML_F_rg5_init0.1/L4_bd8_seed32874 | val=0.3529
[2026-05-03 17:47:52,524][HYDRA] 	#8 : model.L=4 model.bond_dim=8 seed=47311 trainer.ridge=5 trainer.ridge_decay=0.25 trainer.ridge_min=0.0001 +experiment=uci_ntn_sweep model=tnml_f dataset=adult
[2026-05-03 17:47:52,672][__main__][INFO] - ▶ RUN TNML_F/adult/NTN L=4 bd=8 seed=47311 -> /zhome/6b/e/212868/GTN/outputs/ntn/adult/TNML_F_rg5_init0.1/L4_bd8_seed47311

------------------------------------------------------------
Sender: LSF System <lsfadmin@hpc.dtu.dk>
Subject: Job 28339558[9]: <ntn_grid_full[1-150]%20> in cluster <dcc> Exited

Job <ntn_grid_full[1-150]%20> was submitted from host <hpclogin1> by user <nicci> in cluster <dcc> at Sun May  3 10:30:18 2026
Job was executed on host(s) <6*n-62-12-3>, in queue <hpc>, as user <nicci> in cluster <dcc> at Sun May  3 10:30:20 2026
</zhome/6b/e/212868> was used as the home directory.
</zhome/6b/e/212868/GTN> was used as the working directory.
Started at Sun May  3 10:30:20 2026
Terminated at Sun May  3 18:32:08 2026
Results reported at Sun May  3 18:32:08 2026

Your job looked like:

------------------------------------------------------------
# LSBATCH: User input
#!/bin/bash
#BSUB -q hpc
#BSUB -J "ntn_grid_full[1-150]%20"
#BSUB -W 8:00
#BSUB -n 6
#BSUB -R "rusage[mem=1500MB]"
#BSUB -R "span[hosts=1]"
#BSUB -o logs/%J_%I.out
#BSUB -e logs/%J_%I.err

MODELS=("cpda" "cpda_typei" "lmpo2" "lmpo2_typei" "mpo2" "mpo2_typei" "mmpo2" "mmpo2_typei" "tnml_f" "tnml_p")

DATASETS=(
    "abalone" "adult" "ai4i" "appliances" "bank" "bike" "breast"
    "car_evaluation" "concrete" "energy_efficiency" "hearth"
    "iris" "mushrooms" "obesity" "popularity" "realstate"
    "seoulBike" "student_dropout" "student_perf" "wine"
    "winequalityc"
)

COMPLETED_DATASETS=(
    "abalone" "bike" "concrete" "energy_efficiency"
    "iris" "realstate" )

# Filter datasets
FILTERED_DATASETS=()
for ds in "${DATASETS[@]}"; do
    skip=false
    for completed in "${COMPLETED_DATASETS[@]}"; do
        if [[ "$ds" == "$completed" ]]; then
            skip=true
            break
        fi
    done

    if ! $skip; then
        FILTERED_DATASETS+=("$ds")
    fi
done

DATASETS=("${FILTERED_DATASETS[@]}")

NUM_MODELS=${#MODELS[@]}
NUM_DATASETS=${#DATASETS[@]}
NUM_EXPERIMENTS=$((NUM_DATASETS * NUM_MODELS))

if [ "$1" == "test" ]; then
    echo "SIMULATING ARRAY:"
    echo "-----------------"


(... more ...)
------------------------------------------------------------

TERM_RUNLIMIT: job killed after reaching LSF run time limit.
Exited with exit code 140.

Resource usage summary:

    CPU time :                                   167980.00 sec.
    Max Memory :                                 1050 MB
    Average Memory :                             793.60 MB
    Total Requested Memory :                     9000.00 MB
    Delta Memory :                               7950.00 MB
    Max Swap :                                   -
    Max Processes :                              12
    Max Threads :                                65
    Run time :                                   28908 sec.
    Turnaround time :                            28910 sec.

The output (if any) is above this job summary.



PS:

Read file <logs/28339558_9.err> for stderr output of this job.

