Task 28: Dataset=appliances, Model=mmpo2_typei, Experiment=uci_ntn_sweep
[2026-05-02 19:06:51,894][HYDRA] Launching 30 jobs locally
[2026-05-02 19:06:51,894][HYDRA] 	#0 : model.L=4 model.bond_dim=12 seed=42 trainer.ridge=5 trainer.ridge_decay=0.25 trainer.ridge_min=0.0001 +experiment=uci_ntn_sweep model=mmpo2_typei dataset=appliances
[2026-05-02 19:06:52,423][utils.tracking][INFO] - Loaded 17971 tracked runs from runs_tracking.csv
[2026-05-02 19:06:52,425][__main__][INFO] - ▶ RUN MMPO2TypeI/appliances/NTN L=4 bd=12 seed=42 -> /zhome/6b/e/212868/GTN/outputs/ntn/appliances/MMPO2TypeI_rg5_init0.1/L4_bd12_seed42
Starting Ensemble Fit: 20 epochs
Models: [(1, 1), (2, 2), (3, 3), (4, 4)]
Total nodes: 10
Validation: Using separate validation set
Early stopping: patience=10, min_delta=0.001
Init    | Train: loss: 19983.41520 | quality: -0.88522
        | Val:   loss: 17084.38607 | quality: -0.99829

Epoch 1 | Train: loss: 10651.67062 | quality: -0.00487
        | Val:   loss: 8631.55929 | quality: -0.00960
 *
Epoch 2 | Train: loss: 9061.93990 | quality: 0.14510
        | Val:   loss: 7574.29104 | quality: 0.11407
 *
Epoch 3 | Train: loss: 8023.32484 | quality: 0.24309
        | Val:   loss: 7003.95504 | quality: 0.18078
 *
Epoch 4 | Train: loss: 7122.23873 | quality: 0.32809
        | Val:   loss: 6566.35491 | quality: 0.23196
 *
Epoch 5 | Train: loss: 6196.26198 | quality: 0.41545
        | Val:   loss: 6258.91292 | quality: 0.26792
 *
Epoch 6 | Train: loss: 5296.16314 | quality: 0.50036
        | Val:   loss: 6050.87441 | quality: 0.29225
 *
Epoch 7 | Train: loss: 4448.63428 | quality: 0.58032
        | Val:   loss: 5952.12560 | quality: 0.30381
 *
Epoch 8 | Train: loss: 3740.90324 | quality: 0.64709
        | Val:   loss: 6101.50348 | quality: 0.28633

Epoch 9 | Train: loss: 3251.25040 | quality: 0.69328
        | Val:   loss: 6323.69533 | quality: 0.26034

Epoch 10 | Train: loss: 3093.59448 | quality: 0.70815
        | Val:   loss: 6307.33059 | quality: 0.26226

Epoch 11 | Train: loss: 3000.24047 | quality: 0.71696
        | Val:   loss: 6314.39786 | quality: 0.26143

Epoch 12 | Train: loss: 2932.46882 | quality: 0.72335
        | Val:   loss: 6313.70946 | quality: 0.26151

Epoch 13 | Train: loss: 2878.61935 | quality: 0.72843
        | Val:   loss: 6313.73751 | quality: 0.26151

Epoch 14 | Train: loss: 2833.43112 | quality: 0.73270
        | Val:   loss: 6324.19237 | quality: 0.26029

Epoch 15 | Train: loss: 2794.26851 | quality: 0.73639
        | Val:   loss: 6348.35919 | quality: 0.25746

Epoch 16 | Train: loss: 2759.82430 | quality: 0.73964
        | Val:   loss: 6383.78090 | quality: 0.25332

Epoch 17 | Train: loss: 2729.31248 | quality: 0.74252
        | Val:   loss: 6426.03810 | quality: 0.24837


Early stopping at epoch 17 (best was epoch 7)

Best epoch: 7 (val_quality=0.303805)
[2026-05-02 20:39:36,882][__main__][INFO] - ✓ DONE MMPO2TypeI/appliances/NTN L=4 bd=12 seed=42 -> /zhome/6b/e/212868/GTN/outputs/ntn/appliances/MMPO2TypeI_rg5_init0.1/L4_bd12_seed42 | val=0.3038
[2026-05-02 20:39:36,888][HYDRA] 	#1 : model.L=4 model.bond_dim=12 seed=10090 trainer.ridge=5 trainer.ridge_decay=0.25 trainer.ridge_min=0.0001 +experiment=uci_ntn_sweep model=mmpo2_typei dataset=appliances
[2026-05-02 20:39:37,072][__main__][INFO] - ▶ RUN MMPO2TypeI/appliances/NTN L=4 bd=12 seed=10090 -> /zhome/6b/e/212868/GTN/outputs/ntn/appliances/MMPO2TypeI_rg5_init0.1/L4_bd12_seed10090
Starting Ensemble Fit: 20 epochs
Models: [(1, 1), (2, 2), (3, 3), (4, 4)]
Total nodes: 10
Validation: Using separate validation set
Early stopping: patience=10, min_delta=0.001
Init    | Train: loss: 20094.69651 | quality: -0.89572
        | Val:   loss: 17213.52779 | quality: -1.01339

Epoch 1 | Train: loss: 10358.69440 | quality: 0.02277
        | Val:   loss: 8473.90807 | quality: 0.00884
 *
Epoch 2 | Train: loss: 9000.10146 | quality: 0.15094
        | Val:   loss: 7626.31149 | quality: 0.10798
 *
Epoch 3 | Train: loss: 7950.53575 | quality: 0.24995
        | Val:   loss: 7052.54227 | quality: 0.17509
 *
Epoch 4 | Train: loss: 6975.84123 | quality: 0.34191
        | Val:   loss: 6583.91743 | quality: 0.22991
 *
Epoch 5 | Train: loss: 6041.07260 | quality: 0.43009
        | Val:   loss: 6309.15992 | quality: 0.26204
 *
Epoch 6 | Train: loss: 5129.77412 | quality: 0.51606
        | Val:   loss: 6047.52607 | quality: 0.29265
 *
Epoch 7 | Train: loss: 4298.70995 | quality: 0.59446
        | Val:   loss: 5975.30301 | quality: 0.30109
 *
Epoch 8 | Train: loss: 3625.70764 | quality: 0.65795
        | Val:   loss: 6036.15465 | quality: 0.29398

Epoch 9 | Train: loss: 3186.70377 | quality: 0.69937
        | Val:   loss: 6193.60999 | quality: 0.27556

Epoch 10 | Train: loss: 3052.45630 | quality: 0.71203
        | Val:   loss: 6278.98219 | quality: 0.26557

Epoch 11 | Train: loss: 2972.19500 | quality: 0.71961
        | Val:   loss: 6344.57990 | quality: 0.25790

Epoch 12 | Train: loss: 2912.53530 | quality: 0.72523
        | Val:   loss: 6403.94139 | quality: 0.25096

Epoch 13 | Train: loss: 2864.45812 | quality: 0.72977
        | Val:   loss: 6460.82272 | quality: 0.24431

Epoch 14 | Train: loss: 2824.21180 | quality: 0.73357
        | Val:   loss: 6514.16770 | quality: 0.23807

Epoch 15 | Train: loss: 2789.70394 | quality: 0.73682
        | Val:   loss: 6563.40296 | quality: 0.23231

Epoch 16 | Train: loss: 2759.56492 | quality: 0.73967
        | Val:   loss: 6608.33024 | quality: 0.22705

Epoch 17 | Train: loss: 2732.83766 | quality: 0.74219
        | Val:   loss: 6649.65744 | quality: 0.22222


Early stopping at epoch 17 (best was epoch 7)

Best epoch: 7 (val_quality=0.301094)
[2026-05-02 22:14:15,369][__main__][INFO] - ✓ DONE MMPO2TypeI/appliances/NTN L=4 bd=12 seed=10090 -> /zhome/6b/e/212868/GTN/outputs/ntn/appliances/MMPO2TypeI_rg5_init0.1/L4_bd12_seed10090 | val=0.3011
[2026-05-02 22:14:15,377][HYDRA] 	#2 : model.L=4 model.bond_dim=12 seed=32874 trainer.ridge=5 trainer.ridge_decay=0.25 trainer.ridge_min=0.0001 +experiment=uci_ntn_sweep model=mmpo2_typei dataset=appliances
[2026-05-02 22:14:15,550][__main__][INFO] - ▶ RUN MMPO2TypeI/appliances/NTN L=4 bd=12 seed=32874 -> /zhome/6b/e/212868/GTN/outputs/ntn/appliances/MMPO2TypeI_rg5_init0.1/L4_bd12_seed32874
Starting Ensemble Fit: 20 epochs
Models: [(1, 1), (2, 2), (3, 3), (4, 4)]
Total nodes: 10
Validation: Using separate validation set
Early stopping: patience=10, min_delta=0.001
Init    | Train: loss: 20087.45139 | quality: -0.89503
        | Val:   loss: 17198.83001 | quality: -1.01167

Epoch 1 | Train: loss: 10645.92563 | quality: -0.00433
        | Val:   loss: 8605.17505 | quality: -0.00651
 *
Epoch 2 | Train: loss: 8980.74189 | quality: 0.15276
        | Val:   loss: 7513.32230 | quality: 0.12120
 *
Epoch 3 | Train: loss: 7968.46443 | quality: 0.24826
        | Val:   loss: 6974.24390 | quality: 0.18425
 *
Epoch 4 | Train: loss: 7039.02933 | quality: 0.33594
        | Val:   loss: 6556.99370 | quality: 0.23306
 *
Epoch 5 | Train: loss: 6126.55977 | quality: 0.42203
        | Val:   loss: 6287.48998 | quality: 0.26458
 *
Epoch 6 | Train: loss: 5250.11579 | quality: 0.50471
        | Val:   loss: 6115.10331 | quality: 0.28474
 *
Epoch 7 | Train: loss: 4437.29421 | quality: 0.58139
        | Val:   loss: 5996.18056 | quality: 0.29865
 *
Epoch 8 | Train: loss: 3745.32869 | quality: 0.64667
        | Val:   loss: 6056.20590 | quality: 0.29163

Epoch 9 | Train: loss: 3281.20644 | quality: 0.69045
        | Val:   loss: 6267.58342 | quality: 0.26691

Epoch 10 | Train: loss: 3140.37806 | quality: 0.70374
        | Val:   loss: 6350.45003 | quality: 0.25721

Epoch 11 | Train: loss: 3050.79433 | quality: 0.71219
        | Val:   loss: 6435.07220 | quality: 0.24732

Epoch 12 | Train: loss: 2984.21244 | quality: 0.71847
        | Val:   loss: 6521.83313 | quality: 0.23717

Epoch 13 | Train: loss: 2931.17209 | quality: 0.72348
        | Val:   loss: 6606.59878 | quality: 0.22725

Epoch 14 | Train: loss: 2886.99723 | quality: 0.72764
        | Val:   loss: 6688.54888 | quality: 0.21767

Epoch 15 | Train: loss: 2849.03737 | quality: 0.73122
        | Val:   loss: 6766.72266 | quality: 0.20853

Epoch 16 | Train: loss: 2815.78249 | quality: 0.73436
        | Val:   loss: 6841.65574 | quality: 0.19976

Epoch 17 | Train: loss: 2786.25998 | quality: 0.73715
        | Val:   loss: 6915.07920 | quality: 0.19117


Early stopping at epoch 17 (best was epoch 7)

Best epoch: 7 (val_quality=0.298652)
[2026-05-02 23:47:38,859][__main__][INFO] - ✓ DONE MMPO2TypeI/appliances/NTN L=4 bd=12 seed=32874 -> /zhome/6b/e/212868/GTN/outputs/ntn/appliances/MMPO2TypeI_rg5_init0.1/L4_bd12_seed32874 | val=0.2987
[2026-05-02 23:47:38,865][HYDRA] 	#3 : model.L=4 model.bond_dim=12 seed=47311 trainer.ridge=5 trainer.ridge_decay=0.25 trainer.ridge_min=0.0001 +experiment=uci_ntn_sweep model=mmpo2_typei dataset=appliances
[2026-05-02 23:47:39,033][__main__][INFO] - ▶ RUN MMPO2TypeI/appliances/NTN L=4 bd=12 seed=47311 -> /zhome/6b/e/212868/GTN/outputs/ntn/appliances/MMPO2TypeI_rg5_init0.1/L4_bd12_seed47311
Starting Ensemble Fit: 20 epochs
Models: [(1, 1), (2, 2), (3, 3), (4, 4)]
Total nodes: 10
Validation: Using separate validation set
Early stopping: patience=10, min_delta=0.001
Init    | Train: loss: 20109.21910 | quality: -0.89709
        | Val:   loss: 17228.44462 | quality: -1.01514

Epoch 1 | Train: loss: 10655.71297 | quality: -0.00525
        | Val:   loss: 8667.73791 | quality: -0.01383
 *
Epoch 2 | Train: loss: 9035.73818 | quality: 0.14758
        | Val:   loss: 7582.53049 | quality: 0.11310
 *
Epoch 3 | Train: loss: 7930.48480 | quality: 0.25184
        | Val:   loss: 6998.41035 | quality: 0.18143
 *
Epoch 4 | Train: loss: 6950.76722 | quality: 0.34427
        | Val:   loss: 6568.57871 | quality: 0.23170
 *
Epoch 5 | Train: loss: 6048.67947 | quality: 0.42937
        | Val:   loss: 6318.56615 | quality: 0.26094
 *
Epoch 6 | Train: loss: 5153.13339 | quality: 0.51386
        | Val:   loss: 6062.33470 | quality: 0.29091
 *
Epoch 7 | Train: loss: 4317.61505 | quality: 0.59268
        | Val:   loss: 5920.03707 | quality: 0.30756
 *
Epoch 8 | Train: loss: 3655.58142 | quality: 0.65514
        | Val:   loss: 5973.36892 | quality: 0.30132

Epoch 9 | Train: loss: 3194.18251 | quality: 0.69866
        | Val:   loss: 6080.09935 | quality: 0.28884

Epoch 10 | Train: loss: 3052.29787 | quality: 0.71205
        | Val:   loss: 6068.94323 | quality: 0.29014

Epoch 11 | Train: loss: 2966.60062 | quality: 0.72013
        | Val:   loss: 6078.23941 | quality: 0.28905

Epoch 12 | Train: loss: 2904.44002 | quality: 0.72600
        | Val:   loss: 6091.79040 | quality: 0.28747

Epoch 13 | Train: loss: 2855.24695 | quality: 0.73064
        | Val:   loss: 6107.05714 | quality: 0.28568

Epoch 14 | Train: loss: 2814.42284 | quality: 0.73449
        | Val:   loss: 6124.22981 | quality: 0.28367

Epoch 15 | Train: loss: 2779.55263 | quality: 0.73778
        | Val:   loss: 6144.53931 | quality: 0.28130

Epoch 16 | Train: loss: 2749.14273 | quality: 0.74065
        | Val:   loss: 6168.85076 | quality: 0.27846

Epoch 17 | Train: loss: 2722.20281 | quality: 0.74319
        | Val:   loss: 6197.15098 | quality: 0.27515


Early stopping at epoch 17 (best was epoch 7)

Best epoch: 7 (val_quality=0.307558)
[2026-05-03 01:22:44,657][__main__][INFO] - ✓ DONE MMPO2TypeI/appliances/NTN L=4 bd=12 seed=47311 -> /zhome/6b/e/212868/GTN/outputs/ntn/appliances/MMPO2TypeI_rg5_init0.1/L4_bd12_seed47311 | val=0.3076
[2026-05-03 01:22:44,664][HYDRA] 	#4 : model.L=4 model.bond_dim=12 seed=47303 trainer.ridge=5 trainer.ridge_decay=0.25 trainer.ridge_min=0.0001 +experiment=uci_ntn_sweep model=mmpo2_typei dataset=appliances
[2026-05-03 01:22:44,825][__main__][INFO] - ▶ RUN MMPO2TypeI/appliances/NTN L=4 bd=12 seed=47303 -> /zhome/6b/e/212868/GTN/outputs/ntn/appliances/MMPO2TypeI_rg5_init0.1/L4_bd12_seed47303
Starting Ensemble Fit: 20 epochs
Models: [(1, 1), (2, 2), (3, 3), (4, 4)]
Total nodes: 10
Validation: Using separate validation set
Early stopping: patience=10, min_delta=0.001
Init    | Train: loss: 20082.46480 | quality: -0.89456
        | Val:   loss: 17179.26764 | quality: -1.00939

Epoch 1 | Train: loss: 10740.61822 | quality: -0.01326
        | Val:   loss: 8702.58007 | quality: -0.01790
 *
Epoch 2 | Train: loss: 8980.03145 | quality: 0.15283
        | Val:   loss: 7464.91201 | quality: 0.12686
 *
Epoch 3 | Train: loss: 8015.66432 | quality: 0.24381
        | Val:   loss: 6959.87762 | quality: 0.18593
 *
Epoch 4 | Train: loss: 7074.70809 | quality: 0.33258
        | Val:   loss: 6509.62196 | quality: 0.23860
 *
Epoch 5 | Train: loss: 6157.57201 | quality: 0.41910
        | Val:   loss: 6232.66407 | quality: 0.27099
 *
Epoch 6 | Train: loss: 5270.73469 | quality: 0.50276
        | Val:   loss: 6063.10017 | quality: 0.29083
 *
Epoch 7 | Train: loss: 4446.23175 | quality: 0.58055
        | Val:   loss: 5916.26524 | quality: 0.30800
 *
Epoch 8 | Train: loss: 3754.74362 | quality: 0.64578
        | Val:   loss: 5981.99651 | quality: 0.30031

Epoch 9 | Train: loss: 3281.56301 | quality: 0.69042
        | Val:   loss: 6240.86466 | quality: 0.27003

Epoch 10 | Train: loss: 3121.46026 | quality: 0.70552
        | Val:   loss: 6411.42356 | quality: 0.25008

Epoch 11 | Train: loss: 3026.74464 | quality: 0.71446
        | Val:   loss: 6543.20828 | quality: 0.23467

Epoch 12 | Train: loss: 2958.45462 | quality: 0.72090
        | Val:   loss: 6657.25678 | quality: 0.22133

Epoch 13 | Train: loss: 2904.84145 | quality: 0.72596
        | Val:   loss: 6741.13248 | quality: 0.21152

Epoch 14 | Train: loss: 2860.76850 | quality: 0.73012
        | Val:   loss: 6795.05271 | quality: 0.20521

Epoch 15 | Train: loss: 2823.46463 | quality: 0.73364
        | Val:   loss: 6825.53950 | quality: 0.20165

Epoch 16 | Train: loss: 2791.23095 | quality: 0.73668
        | Val:   loss: 6842.72110 | quality: 0.19964

Epoch 17 | Train: loss: 2762.93822 | quality: 0.73935
        | Val:   loss: 6854.47614 | quality: 0.19826


Early stopping at epoch 17 (best was epoch 7)

Best epoch: 7 (val_quality=0.308000)
[2026-05-03 02:58:44,588][__main__][INFO] - ✓ DONE MMPO2TypeI/appliances/NTN L=4 bd=12 seed=47303 -> /zhome/6b/e/212868/GTN/outputs/ntn/appliances/MMPO2TypeI_rg5_init0.1/L4_bd12_seed47303 | val=0.3080
[2026-05-03 02:58:44,592][HYDRA] 	#5 : model.L=4 model.bond_dim=8 seed=42 trainer.ridge=5 trainer.ridge_decay=0.25 trainer.ridge_min=0.0001 +experiment=uci_ntn_sweep model=mmpo2_typei dataset=appliances
[2026-05-03 02:58:44,839][__main__][INFO] - ▶ RUN MMPO2TypeI/appliances/NTN L=4 bd=8 seed=42 -> /zhome/6b/e/212868/GTN/outputs/ntn/appliances/MMPO2TypeI_rg5_init0.1/L4_bd8_seed42
Starting Ensemble Fit: 20 epochs
Models: [(1, 1), (2, 2), (3, 3), (4, 4)]
Total nodes: 10
Validation: Using separate validation set
Early stopping: patience=10, min_delta=0.001
Init    | Train: loss: 20019.67664 | quality: -0.88864
        | Val:   loss: 17141.75029 | quality: -1.00500


------------------------------------------------------------
Sender: LSF System <lsfadmin@hpc.dtu.dk>
Subject: Job 28338018[28]: <ntn_grid_full[1-150]%20> in cluster <dcc> Exited

Job <ntn_grid_full[1-150]%20> was submitted from host <hpclogin1> by user <nicci> in cluster <dcc> at Sat May  2 18:52:02 2026
Job was executed on host(s) <6*n-62-31-8>, in queue <hpc>, as user <nicci> in cluster <dcc> at Sat May  2 19:06:40 2026
</zhome/6b/e/212868> was used as the home directory.
</zhome/6b/e/212868/GTN> was used as the working directory.
Started at Sat May  2 19:06:40 2026
Terminated at Sun May  3 03:07:56 2026
Results reported at Sun May  3 03:07:56 2026

Your job looked like:

------------------------------------------------------------
# LSBATCH: User input
#!/bin/bash
#BSUB -q hpc
#BSUB -J "ntn_grid_full[1-150]%20"
#BSUB -W 8:00
#BSUB -n 6
#BSUB -R "rusage[mem=750MB]"
#BSUB -R "span[hosts=1]"
#BSUB -o logs/%J_%I.out
#BSUB -e logs/%J_%I.err

MODELS=("cpda" "cpda_typei" "lmpo2" "lmpo2_typei" "mpo2" "mpo2_typei" "mmpo2" "mmpo2_typei" "tnml_f" "tnml_p")

DATASETS=(
    "abalone" "adult" "ai4i" "appliances" "bank" "bike" "breast"
    "car_evaluation" "concrete" "energy_efficiency" "hearth"
    "iris" "mushrooms" "obesity" "popularity" "realstate"
    "seoulBike" "student_dropout" "student_perf" "wine"
    "winequalityc"
)

COMPLETED_DATASETS=(
    "abalone" "bike" "concrete" "energy_efficiency"
    "iris" "realstate" )

# Filter datasets
FILTERED_DATASETS=()
for ds in "${DATASETS[@]}"; do
    skip=false
    for completed in "${COMPLETED_DATASETS[@]}"; do
        if [[ "$ds" == "$completed" ]]; then
            skip=true
            break
        fi
    done

    if ! $skip; then
        FILTERED_DATASETS+=("$ds")
    fi
done

DATASETS=("${FILTERED_DATASETS[@]}")

NUM_MODELS=${#MODELS[@]}
NUM_DATASETS=${#DATASETS[@]}
NUM_EXPERIMENTS=$((NUM_DATASETS * NUM_MODELS))

if [ "$1" == "test" ]; then
    echo "SIMULATING ARRAY:"
    echo "-----------------"


(... more ...)
------------------------------------------------------------

TERM_RUNLIMIT: job killed after reaching LSF run time limit.
Exited with exit code 140.

Resource usage summary:

    CPU time :                                   172073.00 sec.
    Max Memory :                                 3072 MB
    Average Memory :                             1967.00 MB
    Total Requested Memory :                     4500.00 MB
    Delta Memory :                               1428.00 MB
    Max Swap :                                   -
    Max Processes :                              6
    Max Threads :                                29
    Run time :                                   28876 sec.
    Turnaround time :                            29754 sec.

The output (if any) is above this job summary.



PS:

Read file <logs/28338018_28.err> for stderr output of this job.

