Task 67: Dataset=hearth, Model=mmpo2, Experiment=uci_ntn_sweep
[2026-05-02 20:34:45,659][HYDRA] Launching 30 jobs locally
[2026-05-02 20:34:45,660][HYDRA] 	#0 : model.L=4 model.bond_dim=12 seed=42 trainer.ridge=5 trainer.ridge_decay=0.25 trainer.ridge_min=0.0001 +experiment=uci_ntn_sweep model=mmpo2 dataset=hearth
[2026-05-02 20:34:46,179][utils.tracking][INFO] - Loaded 17971 tracked runs from runs_tracking.csv
[2026-05-02 20:34:46,181][__main__][INFO] - ▶ RUN MMPO2/hearth/NTN L=4 bd=12 seed=42 -> /zhome/6b/e/212868/GTN/outputs/ntn/hearth/MMPO2_rg5_init0.1/L4_bd12_seed42
Starting Fit: 20 epochs.
Sweep Order: ['0_MPS', '1_MPS', '2_MPS', '3_MPS', '2_MPS', '1_MPS']
Validation: Using separate validation set for best model selection
Early stopping: patience=10, min_delta=0.001
Init    | Train: loss: 35.50688 | quality: 0.23585
        | Val:   loss: 53.78637 | quality: 0.20000
Epoch 1 | Train: loss: 563540904404.48560 | quality: 0.16981
        | Val:   loss: 1025031008334.32227 | quality: 0.13333


✗ NaN loss at epoch 2 - stopping training

✗ Exception at epoch 2: NaN loss encountered during NTN optimization at epoch 2
[2026-05-02 20:34:52,239][__main__][WARNING] - ✗ SINGULAR MMPO2/hearth/NTN L=4 bd=12 seed=42 -> /zhome/6b/e/212868/GTN/outputs/ntn/hearth/MMPO2_rg5_init0.1/L4_bd12_seed42 | val=0.1333
[2026-05-02 20:34:52,241][HYDRA] 	#1 : model.L=4 model.bond_dim=12 seed=10090 trainer.ridge=5 trainer.ridge_decay=0.25 trainer.ridge_min=0.0001 +experiment=uci_ntn_sweep model=mmpo2 dataset=hearth
[2026-05-02 20:34:52,406][__main__][INFO] - ▶ RUN MMPO2/hearth/NTN L=4 bd=12 seed=10090 -> /zhome/6b/e/212868/GTN/outputs/ntn/hearth/MMPO2_rg5_init0.1/L4_bd12_seed10090
Starting Fit: 20 epochs.
Sweep Order: ['0_MPS', '1_MPS', '2_MPS', '3_MPS', '2_MPS', '1_MPS']
Validation: Using separate validation set for best model selection
Early stopping: patience=10, min_delta=0.001
Init    | Train: loss: 47.05056 | quality: 0.17925
        | Val:   loss: 79.38718 | quality: 0.11111
Epoch 1 | Train: loss: 30622821785602.61328 | quality: 0.22170
        | Val:   loss: 41967875252050.92969 | quality: 0.15556
 *

✗ NaN loss at epoch 2 - stopping training

✗ Exception at epoch 2: NaN loss encountered during NTN optimization at epoch 2
[2026-05-02 20:34:54,080][__main__][WARNING] - ✗ SINGULAR MMPO2/hearth/NTN L=4 bd=12 seed=10090 -> /zhome/6b/e/212868/GTN/outputs/ntn/hearth/MMPO2_rg5_init0.1/L4_bd12_seed10090 | val=0.1556
[2026-05-02 20:34:54,082][HYDRA] 	#2 : model.L=4 model.bond_dim=12 seed=32874 trainer.ridge=5 trainer.ridge_decay=0.25 trainer.ridge_min=0.0001 +experiment=uci_ntn_sweep model=mmpo2 dataset=hearth
[2026-05-02 20:34:54,242][__main__][INFO] - ▶ RUN MMPO2/hearth/NTN L=4 bd=12 seed=32874 -> /zhome/6b/e/212868/GTN/outputs/ntn/hearth/MMPO2_rg5_init0.1/L4_bd12_seed32874
Starting Fit: 20 epochs.
Sweep Order: ['0_MPS', '1_MPS', '2_MPS', '3_MPS', '2_MPS', '1_MPS']
Validation: Using separate validation set for best model selection
Early stopping: patience=10, min_delta=0.001
Init    | Train: loss: 43.50788 | quality: 0.18868
        | Val:   loss: 80.87037 | quality: 0.11111
Epoch 1 | Train: loss: 26276712368790484349188170636002202184636568698880.00000 | quality: 0.17925
        | Val:   loss: 23456839693452816823387255220202827882471719174144.00000 | quality: 0.26667
 *

✗ NaN loss at epoch 2 - stopping training

✗ Exception at epoch 2: NaN loss encountered during NTN optimization at epoch 2
[2026-05-02 20:34:55,898][__main__][WARNING] - ✗ SINGULAR MMPO2/hearth/NTN L=4 bd=12 seed=32874 -> /zhome/6b/e/212868/GTN/outputs/ntn/hearth/MMPO2_rg5_init0.1/L4_bd12_seed32874 | val=0.2667
[2026-05-02 20:34:55,901][HYDRA] 	#3 : model.L=4 model.bond_dim=12 seed=47311 trainer.ridge=5 trainer.ridge_decay=0.25 trainer.ridge_min=0.0001 +experiment=uci_ntn_sweep model=mmpo2 dataset=hearth
[2026-05-02 20:34:56,071][__main__][INFO] - ▶ RUN MMPO2/hearth/NTN L=4 bd=12 seed=47311 -> /zhome/6b/e/212868/GTN/outputs/ntn/hearth/MMPO2_rg5_init0.1/L4_bd12_seed47311
Starting Fit: 20 epochs.
Sweep Order: ['0_MPS', '1_MPS', '2_MPS', '3_MPS', '2_MPS', '1_MPS']
Validation: Using separate validation set for best model selection
Early stopping: patience=10, min_delta=0.001
Init    | Train: loss: 61.59306 | quality: 0.14623
        | Val:   loss: 306.09475 | quality: 0.15556
Epoch 1 | Train: loss: 418135358977603346999015374848.00000 | quality: 0.16038
        | Val:   loss: 667952062101741161906983403520.00000 | quality: 0.22222
 *

✗ NaN loss at epoch 2 - stopping training

✗ Exception at epoch 2: NaN loss encountered during NTN optimization at epoch 2
[2026-05-02 20:34:57,680][__main__][WARNING] - ✗ SINGULAR MMPO2/hearth/NTN L=4 bd=12 seed=47311 -> /zhome/6b/e/212868/GTN/outputs/ntn/hearth/MMPO2_rg5_init0.1/L4_bd12_seed47311 | val=0.2222
[2026-05-02 20:34:57,682][HYDRA] 	#4 : model.L=4 model.bond_dim=12 seed=47303 trainer.ridge=5 trainer.ridge_decay=0.25 trainer.ridge_min=0.0001 +experiment=uci_ntn_sweep model=mmpo2 dataset=hearth
[2026-05-02 20:34:57,838][__main__][INFO] - ▶ RUN MMPO2/hearth/NTN L=4 bd=12 seed=47303 -> /zhome/6b/e/212868/GTN/outputs/ntn/hearth/MMPO2_rg5_init0.1/L4_bd12_seed47303
Starting Fit: 20 epochs.
Sweep Order: ['0_MPS', '1_MPS', '2_MPS', '3_MPS', '2_MPS', '1_MPS']
Validation: Using separate validation set for best model selection
Early stopping: patience=10, min_delta=0.001
Init    | Train: loss: 56.02952 | quality: 0.15566
        | Val:   loss: 74.53419 | quality: 0.15556
Epoch 1 | Train: loss: 40910401661879056.00000 | quality: 0.12264
        | Val:   loss: 2684830534156291.00000 | quality: 0.11111


✗ NaN loss at epoch 2 - stopping training

✗ Exception at epoch 2: NaN loss encountered during NTN optimization at epoch 2
[2026-05-02 20:34:59,452][__main__][WARNING] - ✗ SINGULAR MMPO2/hearth/NTN L=4 bd=12 seed=47303 -> /zhome/6b/e/212868/GTN/outputs/ntn/hearth/MMPO2_rg5_init0.1/L4_bd12_seed47303 | val=0.1111
[2026-05-02 20:34:59,454][HYDRA] 	#5 : model.L=4 model.bond_dim=8 seed=42 trainer.ridge=5 trainer.ridge_decay=0.25 trainer.ridge_min=0.0001 +experiment=uci_ntn_sweep model=mmpo2 dataset=hearth
[2026-05-02 20:34:59,618][__main__][INFO] - ▶ RUN MMPO2/hearth/NTN L=4 bd=8 seed=42 -> /zhome/6b/e/212868/GTN/outputs/ntn/hearth/MMPO2_rg5_init0.1/L4_bd8_seed42
Starting Fit: 20 epochs.
Sweep Order: ['0_MPS', '1_MPS', '2_MPS', '3_MPS', '2_MPS', '1_MPS']
Validation: Using separate validation set for best model selection
Early stopping: patience=10, min_delta=0.001
Init    | Train: loss: 42.02474 | quality: 0.27358
        | Val:   loss: 39.69724 | quality: 0.20000
Epoch 1 | Train: loss: 24907730.40546 | quality: 0.15566
        | Val:   loss: 225022196.77850 | quality: 0.24444
 *

✗ NaN loss at epoch 2 - stopping training

✗ Exception at epoch 2: NaN loss encountered during NTN optimization at epoch 2
[2026-05-02 20:35:05,229][__main__][WARNING] - ✗ SINGULAR MMPO2/hearth/NTN L=4 bd=8 seed=42 -> /zhome/6b/e/212868/GTN/outputs/ntn/hearth/MMPO2_rg5_init0.1/L4_bd8_seed42 | val=0.2444
[2026-05-02 20:35:05,232][HYDRA] 	#6 : model.L=4 model.bond_dim=8 seed=10090 trainer.ridge=5 trainer.ridge_decay=0.25 trainer.ridge_min=0.0001 +experiment=uci_ntn_sweep model=mmpo2 dataset=hearth
[2026-05-02 20:35:05,395][__main__][INFO] - ▶ RUN MMPO2/hearth/NTN L=4 bd=8 seed=10090 -> /zhome/6b/e/212868/GTN/outputs/ntn/hearth/MMPO2_rg5_init0.1/L4_bd8_seed10090
Starting Fit: 20 epochs.
Sweep Order: ['0_MPS', '1_MPS', '2_MPS', '3_MPS', '2_MPS', '1_MPS']
Validation: Using separate validation set for best model selection
Early stopping: patience=10, min_delta=0.001
Init    | Train: loss: 50.95809 | quality: 0.14623
        | Val:   loss: 60.63213 | quality: 0.08889
Epoch 1 | Train: loss: 10283620.85282 | quality: 0.14623
        | Val:   loss: 27641591.70834 | quality: 0.08889

Epoch 2 | Train: loss: 10017952826874063616152070347117175887232307713659594638989176493951484492337124086303255016067015982700672391477349552412619524330047835499467021618921931935859749437948748280333569615970162442240.00000 | quality: 0.12264
        | Val:   loss: 25026332604492435207881996866710247957724053210893474644372157339231405469253914815445678012648553760157852859699582131133878051592114258185650471776791345431496686205350230233846005544356604280832.00000 | quality: 0.15556
 *

✗ NaN loss at epoch 3 - stopping training

✗ Exception at epoch 3: NaN loss encountered during NTN optimization at epoch 3
[2026-05-02 20:35:07,081][__main__][WARNING] - ✗ SINGULAR MMPO2/hearth/NTN L=4 bd=8 seed=10090 -> /zhome/6b/e/212868/GTN/outputs/ntn/hearth/MMPO2_rg5_init0.1/L4_bd8_seed10090 | val=0.1556
[2026-05-02 20:35:07,084][HYDRA] 	#7 : model.L=4 model.bond_dim=8 seed=32874 trainer.ridge=5 trainer.ridge_decay=0.25 trainer.ridge_min=0.0001 +experiment=uci_ntn_sweep model=mmpo2 dataset=hearth
[2026-05-02 20:35:07,261][__main__][INFO] - ▶ RUN MMPO2/hearth/NTN L=4 bd=8 seed=32874 -> /zhome/6b/e/212868/GTN/outputs/ntn/hearth/MMPO2_rg5_init0.1/L4_bd8_seed32874
Starting Fit: 20 epochs.
Sweep Order: ['0_MPS', '1_MPS', '2_MPS', '3_MPS', '2_MPS', '1_MPS']
Validation: Using separate validation set for best model selection
Early stopping: patience=10, min_delta=0.001
Init    | Train: loss: 51.27202 | quality: 0.22642
        | Val:   loss: 37.50409 | quality: 0.28889
Epoch 1 | Train: loss: 45907.49974 | quality: 0.13679
        | Val:   loss: 34564.52850 | quality: 0.15556

Epoch 2 | Train: loss: 209391289237379539540096790405868640103724088924442734252261742431183959926046454072801623774964977690395424712440594136425238790280581267827189464480791161449217163055540655566355625120221726761667024937732041001337109377323101642902128386320538054615542749206025063325004446576444042136418361802752.00000 | quality: 0.16509
        | Val:   loss: 170331414333530916189555834907189326163564705847034514989840405450152394158932808654399470101838121193597915320759249927813448723727082194840393851242416674160443012763649185983866985943997875092097939170401105396571167990774393329811410316209093048498785445472904159027148936013545740856461579255808.00000 | quality: 0.17778


✗ NaN loss at epoch 3 - stopping training

✗ Exception at epoch 3: NaN loss encountered during NTN optimization at epoch 3
[2026-05-02 20:35:08,993][__main__][WARNING] - ✗ SINGULAR MMPO2/hearth/NTN L=4 bd=8 seed=32874 -> /zhome/6b/e/212868/GTN/outputs/ntn/hearth/MMPO2_rg5_init0.1/L4_bd8_seed32874 | val=0.1778
[2026-05-02 20:35:08,995][HYDRA] 	#8 : model.L=4 model.bond_dim=8 seed=47311 trainer.ridge=5 trainer.ridge_decay=0.25 trainer.ridge_min=0.0001 +experiment=uci_ntn_sweep model=mmpo2 dataset=hearth
[2026-05-02 20:35:09,165][__main__][INFO] - ▶ RUN MMPO2/hearth/NTN L=4 bd=8 seed=47311 -> /zhome/6b/e/212868/GTN/outputs/ntn/hearth/MMPO2_rg5_init0.1/L4_bd8_seed47311
Starting Fit: 20 epochs.
Sweep Order: ['0_MPS', '1_MPS', '2_MPS', '3_MPS', '2_MPS', '1_MPS']
Validation: Using separate validation set for best model selection
Early stopping: patience=10, min_delta=0.001
Init    | Train: loss: 43.38697 | quality: 0.24528
        | Val:   loss: 50.19661 | quality: 0.11111
Epoch 1 | Train: loss: 7581547.58359 | quality: 0.17453
        | Val:   loss: 15293499.36130 | quality: 0.28889
 *

✗ NaN loss at epoch 2 - stopping training

✗ Exception at epoch 2: NaN loss encountered during NTN optimization at epoch 2
[2026-05-02 20:35:10,654][__main__][WARNING] - ✗ SINGULAR MMPO2/hearth/NTN L=4 bd=8 seed=47311 -> /zhome/6b/e/212868/GTN/outputs/ntn/hearth/MMPO2_rg5_init0.1/L4_bd8_seed47311 | val=0.2889
[2026-05-02 20:35:10,656][HYDRA] 	#9 : model.L=4 model.bond_dim=8 seed=47303 trainer.ridge=5 trainer.ridge_decay=0.25 trainer.ridge_min=0.0001 +experiment=uci_ntn_sweep model=mmpo2 dataset=hearth
[2026-05-02 20:35:10,825][__main__][INFO] - ▶ RUN MMPO2/hearth/NTN L=4 bd=8 seed=47303 -> /zhome/6b/e/212868/GTN/outputs/ntn/hearth/MMPO2_rg5_init0.1/L4_bd8_seed47303
Starting Fit: 20 epochs.
Sweep Order: ['0_MPS', '1_MPS', '2_MPS', '3_MPS', '2_MPS', '1_MPS']
Validation: Using separate validation set for best model selection
Early stopping: patience=10, min_delta=0.001
Init    | Train: loss: 52.02768 | quality: 0.08962
        | Val:   loss: 118.75239 | quality: 0.13333
Epoch 1 | Train: loss: 32795220293923726957681311744.00000 | quality: 0.14151
        | Val:   loss: 69275575358951884214721576960.00000 | quality: 0.08889


✗ NaN loss at epoch 2 - stopping training

✗ Exception at epoch 2: NaN loss encountered during NTN optimization at epoch 2
[2026-05-02 20:35:12,499][__main__][WARNING] - ✗ SINGULAR MMPO2/hearth/NTN L=4 bd=8 seed=47303 -> /zhome/6b/e/212868/GTN/outputs/ntn/hearth/MMPO2_rg5_init0.1/L4_bd8_seed47303 | val=0.0889
[2026-05-02 20:35:12,502][HYDRA] 	#10 : model.L=4 model.bond_dim=4 seed=42 trainer.ridge=5 trainer.ridge_decay=0.25 trainer.ridge_min=0.0001 +experiment=uci_ntn_sweep model=mmpo2 dataset=hearth
[2026-05-02 20:35:12,664][__main__][INFO] - ▶ RUN MMPO2/hearth/NTN L=4 bd=4 seed=42 -> /zhome/6b/e/212868/GTN/outputs/ntn/hearth/MMPO2_rg5_init0.1/L4_bd4_seed42
Starting Fit: 20 epochs.
Sweep Order: ['0_MPS', '1_MPS', '2_MPS', '3_MPS', '2_MPS', '1_MPS']
Validation: Using separate validation set for best model selection
Early stopping: patience=10, min_delta=0.001
Init    | Train: loss: 42.67856 | quality: 0.09906
        | Val:   loss: 78.82491 | quality: 0.22222
Epoch 1 | Train: loss: 1209.31427 | quality: 0.15566
        | Val:   loss: 8917.49947 | quality: 0.20000

Epoch 2 | Train: loss: 326460119799350262151754411373663672377457785900711065135268640000971850952503360664572512662690295135902907547408312858262053480950881306998798374803293077504.00000 | quality: 0.41509
        | Val:   loss: 733778576228022106796483534576613010344130648866649863478803864610865095488179811152480571911810272414761923727459813599377107883443346801359040228007451033600.00000 | quality: 0.42222
 *

✗ NaN loss at epoch 3 - stopping training

✗ Exception at epoch 3: NaN loss encountered during NTN optimization at epoch 3
[2026-05-02 20:35:18,177][__main__][WARNING] - ✗ SINGULAR MMPO2/hearth/NTN L=4 bd=4 seed=42 -> /zhome/6b/e/212868/GTN/outputs/ntn/hearth/MMPO2_rg5_init0.1/L4_bd4_seed42 | val=0.4222
[2026-05-02 20:35:18,180][HYDRA] 	#11 : model.L=4 model.bond_dim=4 seed=10090 trainer.ridge=5 trainer.ridge_decay=0.25 trainer.ridge_min=0.0001 +experiment=uci_ntn_sweep model=mmpo2 dataset=hearth
[2026-05-02 20:35:18,348][__main__][INFO] - ▶ RUN MMPO2/hearth/NTN L=4 bd=4 seed=10090 -> /zhome/6b/e/212868/GTN/outputs/ntn/hearth/MMPO2_rg5_init0.1/L4_bd4_seed10090
Starting Fit: 20 epochs.
Sweep Order: ['0_MPS', '1_MPS', '2_MPS', '3_MPS', '2_MPS', '1_MPS']
Validation: Using separate validation set for best model selection
Early stopping: patience=10, min_delta=0.001
Init    | Train: loss: 58.89126 | quality: 0.13679
        | Val:   loss: 168.78364 | quality: 0.08889
Epoch 1 | Train: loss: 19289903352308136489539111892698011270920488579570844809487992418420651452114543111787183826314910759700996380699402989520358429870933030018284866577250250157789044300266340352.00000 | quality: 0.13679
        | Val:   loss: 9923841739100712557520683865315607681958873540864019729559900556873979429084116820912167681191577020362789123586574983126254450996168714061902845018658969905538534869066317824.00000 | quality: 0.11111
 *

✗ NaN loss at epoch 2 - stopping training

✗ Exception at epoch 2: NaN loss encountered during NTN optimization at epoch 2
[2026-05-02 20:35:19,636][__main__][WARNING] - ✗ SINGULAR MMPO2/hearth/NTN L=4 bd=4 seed=10090 -> /zhome/6b/e/212868/GTN/outputs/ntn/hearth/MMPO2_rg5_init0.1/L4_bd4_seed10090 | val=0.1111
[2026-05-02 20:35:19,638][HYDRA] 	#12 : model.L=4 model.bond_dim=4 seed=32874 trainer.ridge=5 trainer.ridge_decay=0.25 trainer.ridge_min=0.0001 +experiment=uci_ntn_sweep model=mmpo2 dataset=hearth
[2026-05-02 20:35:19,803][__main__][INFO] - ▶ RUN MMPO2/hearth/NTN L=4 bd=4 seed=32874 -> /zhome/6b/e/212868/GTN/outputs/ntn/hearth/MMPO2_rg5_init0.1/L4_bd4_seed32874
Starting Fit: 20 epochs.
Sweep Order: ['0_MPS', '1_MPS', '2_MPS', '3_MPS', '2_MPS', '1_MPS']
Validation: Using separate validation set for best model selection
Early stopping: patience=10, min_delta=0.001
Init    | Train: loss: 32.76798 | quality: 0.23585
        | Val:   loss: 31.15334 | quality: 0.28889
Epoch 1 | Train: loss: 9779554.02974 | quality: 0.16038
        | Val:   loss: 11721477.78707 | quality: 0.22222


✗ NaN loss at epoch 2 - stopping training

✗ Exception at epoch 2: NaN loss encountered during NTN optimization at epoch 2
[2026-05-02 20:35:21,107][__main__][WARNING] - ✗ SINGULAR MMPO2/hearth/NTN L=4 bd=4 seed=32874 -> /zhome/6b/e/212868/GTN/outputs/ntn/hearth/MMPO2_rg5_init0.1/L4_bd4_seed32874 | val=0.2222
[2026-05-02 20:35:21,110][HYDRA] 	#13 : model.L=4 model.bond_dim=4 seed=47311 trainer.ridge=5 trainer.ridge_decay=0.25 trainer.ridge_min=0.0001 +experiment=uci_ntn_sweep model=mmpo2 dataset=hearth
[2026-05-02 20:35:21,361][__main__][INFO] - ▶ RUN MMPO2/hearth/NTN L=4 bd=4 seed=47311 -> /zhome/6b/e/212868/GTN/outputs/ntn/hearth/MMPO2_rg5_init0.1/L4_bd4_seed47311
Starting Fit: 20 epochs.
Sweep Order: ['0_MPS', '1_MPS', '2_MPS', '3_MPS', '2_MPS', '1_MPS']
Validation: Using separate validation set for best model selection
Early stopping: patience=10, min_delta=0.001
Init    | Train: loss: 34.49277 | quality: 0.20283
        | Val:   loss: 44.57270 | quality: 0.11111
Epoch 1 | Train: loss: 188538.17829 | quality: 0.21698
        | Val:   loss: 1110406.62799 | quality: 0.20000
 *
Epoch 2 | Train: loss: 3513257510088230522102625840644721163639994619034999689767926034771650976895691568654770503680.00000 | quality: 0.22170
        | Val:   loss: 10639321118913551508671209311189906631616955322434246991426607897420943603277386001868774178816.00000 | quality: 0.26667
 *

✗ NaN loss at epoch 3 - stopping training

✗ Exception at epoch 3: NaN loss encountered during NTN optimization at epoch 3
[2026-05-02 20:35:22,754][__main__][WARNING] - ✗ SINGULAR MMPO2/hearth/NTN L=4 bd=4 seed=47311 -> /zhome/6b/e/212868/GTN/outputs/ntn/hearth/MMPO2_rg5_init0.1/L4_bd4_seed47311 | val=0.2667
[2026-05-02 20:35:22,756][HYDRA] 	#14 : model.L=4 model.bond_dim=4 seed=47303 trainer.ridge=5 trainer.ridge_decay=0.25 trainer.ridge_min=0.0001 +experiment=uci_ntn_sweep model=mmpo2 dataset=hearth
[2026-05-02 20:35:22,918][__main__][INFO] - ▶ RUN MMPO2/hearth/NTN L=4 bd=4 seed=47303 -> /zhome/6b/e/212868/GTN/outputs/ntn/hearth/MMPO2_rg5_init0.1/L4_bd4_seed47303
Starting Fit: 20 epochs.
Sweep Order: ['0_MPS', '1_MPS', '2_MPS', '3_MPS', '2_MPS', '1_MPS']
Validation: Using separate validation set for best model selection
Early stopping: patience=10, min_delta=0.001
Init    | Train: loss: 38.08071 | quality: 0.20755
        | Val:   loss: 89.94103 | quality: 0.33333
Epoch 1 | Train: loss: 182.72345 | quality: 0.22170
        | Val:   loss: 147.66995 | quality: 0.24444


✗ NaN loss at epoch 2 - stopping training

✗ Exception at epoch 2: NaN loss encountered during NTN optimization at epoch 2
[2026-05-02 20:35:24,236][__main__][WARNING] - ✗ SINGULAR MMPO2/hearth/NTN L=4 bd=4 seed=47303 -> /zhome/6b/e/212868/GTN/outputs/ntn/hearth/MMPO2_rg5_init0.1/L4_bd4_seed47303 | val=0.2444
[2026-05-02 20:35:24,238][HYDRA] 	#15 : model.L=3 model.bond_dim=12 seed=42 trainer.ridge=5 trainer.ridge_decay=0.25 trainer.ridge_min=0.0001 +experiment=uci_ntn_sweep model=mmpo2 dataset=hearth
[2026-05-02 20:35:24,442][__main__][INFO] - ▶ RUN MMPO2/hearth/NTN L=3 bd=12 seed=42 -> /zhome/6b/e/212868/GTN/outputs/ntn/hearth/MMPO2_rg5_init0.1/L3_bd12_seed42
Starting Fit: 20 epochs.
Sweep Order: ['0_MPS', '1_MPS', '2_MPS', '1_MPS']
Validation: Using separate validation set for best model selection
Early stopping: patience=10, min_delta=0.001
Init    | Train: loss: 19.72154 | quality: 0.24057
        | Val:   loss: 20.96046 | quality: 0.17778
Epoch 1 | Train: loss: 13186.40455 | quality: 0.11792
        | Val:   loss: 7608.60180 | quality: 0.11111

Epoch 2 | Train: loss: 2743420224111141971814755504149240878202880.00000 | quality: 0.14151
        | Val:   loss: 1172230299042714810760810397072030640898048.00000 | quality: 0.13333

Epoch 3 | Train: loss: 2258162452436040396793400148633944420789646825820361757329752383995083200048131189215236277843882978585942009300030194954106889548877262214659378306697453074386831088279506682467674480351225555593639929502197714704435248906783159386770434707094149175073540378442237202540434294086402004932886528.00000 | quality: 0.12264
        | Val:   loss: 956798893558703016953555406522647791548143801763837765869134759138986823331393494129199993121337603124824065039618647113629925870738622438458283861450804553922884057514796553969711747729602091082182005451858731182673463269178299244473318829432526540686868383833771742729834917326985590367846400.00000 | quality: 0.13333


✗ NaN loss at epoch 4 - stopping training

✗ Exception at epoch 4: NaN loss encountered during NTN optimization at epoch 4
[2026-05-02 20:35:26,128][__main__][WARNING] - ✗ SINGULAR MMPO2/hearth/NTN L=3 bd=12 seed=42 -> /zhome/6b/e/212868/GTN/outputs/ntn/hearth/MMPO2_rg5_init0.1/L3_bd12_seed42 | val=0.1333
[2026-05-02 20:35:26,131][HYDRA] 	#16 : model.L=3 model.bond_dim=12 seed=10090 trainer.ridge=5 trainer.ridge_decay=0.25 trainer.ridge_min=0.0001 +experiment=uci_ntn_sweep model=mmpo2 dataset=hearth
[2026-05-02 20:35:26,567][__main__][INFO] - ▶ RUN MMPO2/hearth/NTN L=3 bd=12 seed=10090 -> /zhome/6b/e/212868/GTN/outputs/ntn/hearth/MMPO2_rg5_init0.1/L3_bd12_seed10090
Starting Fit: 20 epochs.
Sweep Order: ['0_MPS', '1_MPS', '2_MPS', '1_MPS']
Validation: Using separate validation set for best model selection
Early stopping: patience=10, min_delta=0.001
Init    | Train: loss: 23.59444 | quality: 0.25472
        | Val:   loss: 47.05342 | quality: 0.24444
Epoch 1 | Train: loss: 12300.93118 | quality: 0.08019
        | Val:   loss: 12018.91955 | quality: 0.11111

Epoch 2 | Train: loss: 179217517368997865635657340878298546176.00000 | quality: 0.06132
        | Val:   loss: 112123179103545814654775225940241809408.00000 | quality: 0.06667

Epoch 3 | Train: loss: 121905601925098371726954231133097977995138858563027416866316664104523304600032904916593480322290397442454669601565934740707490801925456026872708888881920356309572782268466295847991637826002731820486345539779916333903249408.00000 | quality: 0.05660
        | Val:   loss: 71904542069414977076258205691528282056282371247469468583180585683550181337724360749245576988972096502916633485221705444286823199955310007081670897746146954761168430330331871070996379907608874755105684241840357195972083712.00000 | quality: 0.04444


✗ NaN loss at epoch 4 - stopping training

✗ Exception at epoch 4: NaN loss encountered during NTN optimization at epoch 4
[2026-05-02 20:35:28,572][__main__][WARNING] - ✗ SINGULAR MMPO2/hearth/NTN L=3 bd=12 seed=10090 -> /zhome/6b/e/212868/GTN/outputs/ntn/hearth/MMPO2_rg5_init0.1/L3_bd12_seed10090 | val=0.1111
[2026-05-02 20:35:28,574][HYDRA] 	#17 : model.L=3 model.bond_dim=12 seed=32874 trainer.ridge=5 trainer.ridge_decay=0.25 trainer.ridge_min=0.0001 +experiment=uci_ntn_sweep model=mmpo2 dataset=hearth
[2026-05-02 20:35:28,738][__main__][INFO] - ▶ RUN MMPO2/hearth/NTN L=3 bd=12 seed=32874 -> /zhome/6b/e/212868/GTN/outputs/ntn/hearth/MMPO2_rg5_init0.1/L3_bd12_seed32874
Starting Fit: 20 epochs.
Sweep Order: ['0_MPS', '1_MPS', '2_MPS', '1_MPS']
Validation: Using separate validation set for best model selection
Early stopping: patience=10, min_delta=0.001
Init    | Train: loss: 25.56900 | quality: 0.16038
        | Val:   loss: 17.19014 | quality: 0.13333
Epoch 1 | Train: loss: 17529.50827 | quality: 0.13208
        | Val:   loss: 14432.25839 | quality: 0.20000
 *
Epoch 2 | Train: loss: 40619704861196123793584558820453044331981451360362558748460998197248.00000 | quality: 0.10849
        | Val:   loss: 40526205424943574739589858201868222751548107699061492696218054164480.00000 | quality: 0.13333


✗ NaN loss at epoch 3 - stopping training

✗ Exception at epoch 3: NaN loss encountered during NTN optimization at epoch 3
[2026-05-02 20:35:30,204][__main__][WARNING] - ✗ SINGULAR MMPO2/hearth/NTN L=3 bd=12 seed=32874 -> /zhome/6b/e/212868/GTN/outputs/ntn/hearth/MMPO2_rg5_init0.1/L3_bd12_seed32874 | val=0.2000
[2026-05-02 20:35:30,206][HYDRA] 	#18 : model.L=3 model.bond_dim=12 seed=47311 trainer.ridge=5 trainer.ridge_decay=0.25 trainer.ridge_min=0.0001 +experiment=uci_ntn_sweep model=mmpo2 dataset=hearth
[2026-05-02 20:35:30,378][__main__][INFO] - ▶ RUN MMPO2/hearth/NTN L=3 bd=12 seed=47311 -> /zhome/6b/e/212868/GTN/outputs/ntn/hearth/MMPO2_rg5_init0.1/L3_bd12_seed47311
Starting Fit: 20 epochs.
Sweep Order: ['0_MPS', '1_MPS', '2_MPS', '1_MPS']
Validation: Using separate validation set for best model selection
Early stopping: patience=10, min_delta=0.001
Init    | Train: loss: 19.91642 | quality: 0.23113
        | Val:   loss: 46.63853 | quality: 0.28889
Epoch 1 | Train: loss: 6192.13182 | quality: 0.12736
        | Val:   loss: 7406.39069 | quality: 0.17778

Epoch 2 | Train: loss: 94926961799609698798429350969859054568269277942849208320.00000 | quality: 0.19811
        | Val:   loss: 158541169537820131581489029021885613056762211101822681088.00000 | quality: 0.28889


✗ NaN loss at epoch 3 - stopping training

✗ Exception at epoch 3: NaN loss encountered during NTN optimization at epoch 3
[2026-05-02 20:35:31,848][__main__][WARNING] - ✗ SINGULAR MMPO2/hearth/NTN L=3 bd=12 seed=47311 -> /zhome/6b/e/212868/GTN/outputs/ntn/hearth/MMPO2_rg5_init0.1/L3_bd12_seed47311 | val=0.2889
[2026-05-02 20:35:31,850][HYDRA] 	#19 : model.L=3 model.bond_dim=12 seed=47303 trainer.ridge=5 trainer.ridge_decay=0.25 trainer.ridge_min=0.0001 +experiment=uci_ntn_sweep model=mmpo2 dataset=hearth
[2026-05-02 20:35:32,011][__main__][INFO] - ▶ RUN MMPO2/hearth/NTN L=3 bd=12 seed=47303 -> /zhome/6b/e/212868/GTN/outputs/ntn/hearth/MMPO2_rg5_init0.1/L3_bd12_seed47303
Starting Fit: 20 epochs.
Sweep Order: ['0_MPS', '1_MPS', '2_MPS', '1_MPS']
Validation: Using separate validation set for best model selection
Early stopping: patience=10, min_delta=0.001
Init    | Train: loss: 21.19351 | quality: 0.18396
        | Val:   loss: 23.48630 | quality: 0.13333
Epoch 1 | Train: loss: 626.42198 | quality: 0.10377
        | Val:   loss: 558.77880 | quality: 0.20000
 *
Epoch 2 | Train: loss: 99560823699095295507990253727092032668519252745119887831790505890414592.00000 | quality: 0.08019
        | Val:   loss: 79716299900009487077815331814373140893955482929972432091708664708071424.00000 | quality: 0.17778


✗ NaN loss at epoch 3 - stopping training

✗ Exception at epoch 3: NaN loss encountered during NTN optimization at epoch 3
[2026-05-02 20:35:33,481][__main__][WARNING] - ✗ SINGULAR MMPO2/hearth/NTN L=3 bd=12 seed=47303 -> /zhome/6b/e/212868/GTN/outputs/ntn/hearth/MMPO2_rg5_init0.1/L3_bd12_seed47303 | val=0.2000
[2026-05-02 20:35:33,483][HYDRA] 	#20 : model.L=3 model.bond_dim=8 seed=42 trainer.ridge=5 trainer.ridge_decay=0.25 trainer.ridge_min=0.0001 +experiment=uci_ntn_sweep model=mmpo2 dataset=hearth
[2026-05-02 20:35:33,640][__main__][INFO] - ▶ RUN MMPO2/hearth/NTN L=3 bd=8 seed=42 -> /zhome/6b/e/212868/GTN/outputs/ntn/hearth/MMPO2_rg5_init0.1/L3_bd8_seed42
Starting Fit: 20 epochs.
Sweep Order: ['0_MPS', '1_MPS', '2_MPS', '1_MPS']
Validation: Using separate validation set for best model selection
Early stopping: patience=10, min_delta=0.001
Init    | Train: loss: 18.32545 | quality: 0.25000
        | Val:   loss: 12.03400 | quality: 0.24444
Epoch 1 | Train: loss: 108.43542 | quality: 0.15566
        | Val:   loss: 59.03529 | quality: 0.11111

Epoch 2 | Train: loss: 239907547181557.96875 | quality: 0.17925
        | Val:   loss: 164113972292129.62500 | quality: 0.17778

Epoch 3 | Train: loss: 364241911690738915771469620886221962789446811253926231701859377267799921261085541947504852992.00000 | quality: 0.14623
        | Val:   loss: 260148439065731056487884035512723563569039774328050943294626934496831080936901154188700942336.00000 | quality: 0.17778


✗ NaN loss at epoch 4 - stopping training

✗ Exception at epoch 4: NaN loss encountered during NTN optimization at epoch 4
[2026-05-02 20:35:36,002][__main__][WARNING] - ✗ SINGULAR MMPO2/hearth/NTN L=3 bd=8 seed=42 -> /zhome/6b/e/212868/GTN/outputs/ntn/hearth/MMPO2_rg5_init0.1/L3_bd8_seed42 | val=0.1778
[2026-05-02 20:35:36,003][HYDRA] 	#21 : model.L=3 model.bond_dim=8 seed=10090 trainer.ridge=5 trainer.ridge_decay=0.25 trainer.ridge_min=0.0001 +experiment=uci_ntn_sweep model=mmpo2 dataset=hearth
[2026-05-02 20:35:36,167][__main__][INFO] - ▶ RUN MMPO2/hearth/NTN L=3 bd=8 seed=10090 -> /zhome/6b/e/212868/GTN/outputs/ntn/hearth/MMPO2_rg5_init0.1/L3_bd8_seed10090
Starting Fit: 20 epochs.
Sweep Order: ['0_MPS', '1_MPS', '2_MPS', '1_MPS']
Validation: Using separate validation set for best model selection
Early stopping: patience=10, min_delta=0.001
Init    | Train: loss: 29.01418 | quality: 0.09906
        | Val:   loss: 34.87792 | quality: 0.13333
Epoch 1 | Train: loss: 174.50728 | quality: 0.08962
        | Val:   loss: 89.45643 | quality: 0.06667

Epoch 2 | Train: loss: 258763795096676.90625 | quality: 0.13679
        | Val:   loss: 131944176945632.43750 | quality: 0.17778
 *
Epoch 3 | Train: loss: 194768506066266253702784183718995604421079952634150056367242064801234281229909988116267008.00000 | quality: 0.13208
        | Val:   loss: 109031313087795464059239996434411965631629954570888665940293596871883274798981606912557056.00000 | quality: 0.15556


✗ NaN loss at epoch 4 - stopping training

✗ Exception at epoch 4: NaN loss encountered during NTN optimization at epoch 4
[2026-05-02 20:35:37,499][__main__][WARNING] - ✗ SINGULAR MMPO2/hearth/NTN L=3 bd=8 seed=10090 -> /zhome/6b/e/212868/GTN/outputs/ntn/hearth/MMPO2_rg5_init0.1/L3_bd8_seed10090 | val=0.1778
[2026-05-02 20:35:37,501][HYDRA] 	#22 : model.L=3 model.bond_dim=8 seed=32874 trainer.ridge=5 trainer.ridge_decay=0.25 trainer.ridge_min=0.0001 +experiment=uci_ntn_sweep model=mmpo2 dataset=hearth
[2026-05-02 20:35:37,665][__main__][INFO] - ▶ RUN MMPO2/hearth/NTN L=3 bd=8 seed=32874 -> /zhome/6b/e/212868/GTN/outputs/ntn/hearth/MMPO2_rg5_init0.1/L3_bd8_seed32874
Starting Fit: 20 epochs.
Sweep Order: ['0_MPS', '1_MPS', '2_MPS', '1_MPS']
Validation: Using separate validation set for best model selection
Early stopping: patience=10, min_delta=0.001
Init    | Train: loss: 19.39012 | quality: 0.12264
        | Val:   loss: 25.41788 | quality: 0.11111
Epoch 1 | Train: loss: 102.09479 | quality: 0.12736
        | Val:   loss: 85.61358 | quality: 0.04444

Epoch 2 | Train: loss: 4825910953504321766705030128586746374299755856413391724602936187401949907760582664549929404349572086350617301794874837131428487266888434319360.00000 | quality: 0.12264
        | Val:   loss: 2729131993123851043528161789439742485768033816056753903208856654559265848744843579792296771273656705335788336576253002107063480358046783242240.00000 | quality: 0.08889


✗ NaN loss at epoch 3 - stopping training

✗ Exception at epoch 3: NaN loss encountered during NTN optimization at epoch 3
[2026-05-02 20:35:38,956][__main__][WARNING] - ✗ SINGULAR MMPO2/hearth/NTN L=3 bd=8 seed=32874 -> /zhome/6b/e/212868/GTN/outputs/ntn/hearth/MMPO2_rg5_init0.1/L3_bd8_seed32874 | val=0.0889
[2026-05-02 20:35:38,959][HYDRA] 	#23 : model.L=3 model.bond_dim=8 seed=47311 trainer.ridge=5 trainer.ridge_decay=0.25 trainer.ridge_min=0.0001 +experiment=uci_ntn_sweep model=mmpo2 dataset=hearth
[2026-05-02 20:35:39,131][__main__][INFO] - ▶ RUN MMPO2/hearth/NTN L=3 bd=8 seed=47311 -> /zhome/6b/e/212868/GTN/outputs/ntn/hearth/MMPO2_rg5_init0.1/L3_bd8_seed47311
Starting Fit: 20 epochs.
Sweep Order: ['0_MPS', '1_MPS', '2_MPS', '1_MPS']
Validation: Using separate validation set for best model selection
Early stopping: patience=10, min_delta=0.001
Init    | Train: loss: 22.65198 | quality: 0.18396
        | Val:   loss: 25.51882 | quality: 0.15556
Epoch 1 | Train: loss: 837.21082 | quality: 0.09906
        | Val:   loss: 709.67111 | quality: 0.11111

Epoch 2 | Train: loss: 2065713594975980021358526354010415455421169926144.00000 | quality: 0.12264
        | Val:   loss: 1819602910215874272132619110913278495087340290048.00000 | quality: 0.15556


✗ NaN loss at epoch 3 - stopping training

✗ Exception at epoch 3: NaN loss encountered during NTN optimization at epoch 3
[2026-05-02 20:35:40,438][__main__][WARNING] - ✗ SINGULAR MMPO2/hearth/NTN L=3 bd=8 seed=47311 -> /zhome/6b/e/212868/GTN/outputs/ntn/hearth/MMPO2_rg5_init0.1/L3_bd8_seed47311 | val=0.1556
[2026-05-02 20:35:40,440][HYDRA] 	#24 : model.L=3 model.bond_dim=8 seed=47303 trainer.ridge=5 trainer.ridge_decay=0.25 trainer.ridge_min=0.0001 +experiment=uci_ntn_sweep model=mmpo2 dataset=hearth
[2026-05-02 20:35:40,598][__main__][INFO] - ▶ RUN MMPO2/hearth/NTN L=3 bd=8 seed=47303 -> /zhome/6b/e/212868/GTN/outputs/ntn/hearth/MMPO2_rg5_init0.1/L3_bd8_seed47303
Starting Fit: 20 epochs.
Sweep Order: ['0_MPS', '1_MPS', '2_MPS', '1_MPS']
Validation: Using separate validation set for best model selection
Early stopping: patience=10, min_delta=0.001
Init    | Train: loss: 20.37538 | quality: 0.21226
        | Val:   loss: 34.80068 | quality: 0.31111
Epoch 1 | Train: loss: 100.34581 | quality: 0.10377
        | Val:   loss: 37.62611 | quality: 0.04444

Epoch 2 | Train: loss: 429622566234339403712430080.00000 | quality: 0.06132
        | Val:   loss: 196118896337522763403100160.00000 | quality: 0.04444

Epoch 3 | Train: loss: 191049180681170176461478730742112612265858540732359798309420228637161550974858890478732687202140371164062852777655890632612890052179597817466191541529180591388792453576906901143452385280.00000 | quality: 0.06604
        | Val:   loss: 101423040972747621019540691344211777780289055708741411061949161127250724874329732832857315211866302581120209784622362928907865894165470895883663092055291210375473601516758864363243175936.00000 | quality: 0.06667


✗ NaN loss at epoch 4 - stopping training

✗ Exception at epoch 4: NaN loss encountered during NTN optimization at epoch 4
[2026-05-02 20:35:41,923][__main__][WARNING] - ✗ SINGULAR MMPO2/hearth/NTN L=3 bd=8 seed=47303 -> /zhome/6b/e/212868/GTN/outputs/ntn/hearth/MMPO2_rg5_init0.1/L3_bd8_seed47303 | val=0.0667
[2026-05-02 20:35:41,925][HYDRA] 	#25 : model.L=3 model.bond_dim=4 seed=42 trainer.ridge=5 trainer.ridge_decay=0.25 trainer.ridge_min=0.0001 +experiment=uci_ntn_sweep model=mmpo2 dataset=hearth
[2026-05-02 20:35:42,091][__main__][INFO] - ▶ RUN MMPO2/hearth/NTN L=3 bd=4 seed=42 -> /zhome/6b/e/212868/GTN/outputs/ntn/hearth/MMPO2_rg5_init0.1/L3_bd4_seed42
Starting Fit: 20 epochs.
Sweep Order: ['0_MPS', '1_MPS', '2_MPS', '1_MPS']
Validation: Using separate validation set for best model selection
Early stopping: patience=10, min_delta=0.001
Init    | Train: loss: 15.76084 | quality: 0.19811
        | Val:   loss: 24.94074 | quality: 0.26667
Epoch 1 | Train: loss: 1.18952 | quality: 0.55189
        | Val:   loss: 1.30822 | quality: 0.53333
 *
Epoch 2 | Train: loss: 0.84215 | quality: 0.69340
        | Val:   loss: 1.21659 | quality: 0.40000

Epoch 3 | Train: loss: 0.58236 | quality: 0.80189
        | Val:   loss: 1.43372 | quality: 0.42222

Epoch 4 | Train: loss: 0.29655 | quality: 0.94340
        | Val:   loss: 2.27589 | quality: 0.44444

Epoch 5 | Train: loss: 0.09083 | quality: 0.98113
        | Val:   loss: 4.58932 | quality: 0.44444

Epoch 6 | Train: loss: 0.01061 | quality: 1.00000
        | Val:   loss: 10.53273 | quality: 0.44444

Epoch 7 | Train: loss: 0.00044 | quality: 1.00000
        | Val:   loss: 19.91426 | quality: 0.40000

Epoch 8 | Train: loss: 0.00001 | quality: 1.00000
        | Val:   loss: 30.97505 | quality: 0.42222

Epoch 9 | Train: loss: 0.00000 | quality: 1.00000
        | Val:   loss: 42.64597 | quality: 0.42222

Epoch 10 | Train: loss: 0.00000 | quality: 1.00000
        | Val:   loss: 54.98333 | quality: 0.40000

Epoch 11 | Train: loss: 0.00000 | quality: 1.00000
        | Val:   loss: 66.68317 | quality: 0.40000


⏸ Early stopping at epoch 11 (best was epoch 1)
[2026-05-02 20:35:44,603][__main__][INFO] - ✓ DONE MMPO2/hearth/NTN L=3 bd=4 seed=42 -> /zhome/6b/e/212868/GTN/outputs/ntn/hearth/MMPO2_rg5_init0.1/L3_bd4_seed42 | val=0.5333
[2026-05-02 20:35:44,606][HYDRA] 	#26 : model.L=3 model.bond_dim=4 seed=10090 trainer.ridge=5 trainer.ridge_decay=0.25 trainer.ridge_min=0.0001 +experiment=uci_ntn_sweep model=mmpo2 dataset=hearth
[2026-05-02 20:35:44,796][__main__][INFO] - ▶ RUN MMPO2/hearth/NTN L=3 bd=4 seed=10090 -> /zhome/6b/e/212868/GTN/outputs/ntn/hearth/MMPO2_rg5_init0.1/L3_bd4_seed10090
Starting Fit: 20 epochs.
Sweep Order: ['0_MPS', '1_MPS', '2_MPS', '1_MPS']
Validation: Using separate validation set for best model selection
Early stopping: patience=10, min_delta=0.001
Init    | Train: loss: 18.63193 | quality: 0.17453
        | Val:   loss: 19.54485 | quality: 0.17778
Epoch 1 | Train: loss: 1.18547 | quality: 0.60377
        | Val:   loss: 1.31739 | quality: 0.55556
 *
Epoch 2 | Train: loss: 0.83880 | quality: 0.67453
        | Val:   loss: 1.09578 | quality: 0.46667

Epoch 3 | Train: loss: 0.58900 | quality: 0.80660
        | Val:   loss: 1.19281 | quality: 0.44444

Epoch 4 | Train: loss: 0.31448 | quality: 0.92925
        | Val:   loss: 1.76855 | quality: 0.44444

Epoch 5 | Train: loss: 0.09209 | quality: 0.99057
        | Val:   loss: 3.24257 | quality: 0.42222

Epoch 6 | Train: loss: 0.00961 | quality: 1.00000
        | Val:   loss: 7.16669 | quality: 0.42222

Epoch 7 | Train: loss: 0.00035 | quality: 1.00000
        | Val:   loss: 13.72920 | quality: 0.42222

Epoch 8 | Train: loss: 0.00001 | quality: 1.00000
        | Val:   loss: 21.59822 | quality: 0.42222

Epoch 9 | Train: loss: 0.00000 | quality: 1.00000
        | Val:   loss: 29.73287 | quality: 0.40000

Epoch 10 | Train: loss: 0.00000 | quality: 1.00000
        | Val:   loss: 37.65757 | quality: 0.40000

Epoch 11 | Train: loss: 0.00000 | quality: 1.00000
        | Val:   loss: 45.51209 | quality: 0.40000


⏸ Early stopping at epoch 11 (best was epoch 1)
[2026-05-02 20:35:46,221][__main__][INFO] - ✓ DONE MMPO2/hearth/NTN L=3 bd=4 seed=10090 -> /zhome/6b/e/212868/GTN/outputs/ntn/hearth/MMPO2_rg5_init0.1/L3_bd4_seed10090 | val=0.5556
[2026-05-02 20:35:46,223][HYDRA] 	#27 : model.L=3 model.bond_dim=4 seed=32874 trainer.ridge=5 trainer.ridge_decay=0.25 trainer.ridge_min=0.0001 +experiment=uci_ntn_sweep model=mmpo2 dataset=hearth
[2026-05-02 20:35:46,400][__main__][INFO] - ▶ RUN MMPO2/hearth/NTN L=3 bd=4 seed=32874 -> /zhome/6b/e/212868/GTN/outputs/ntn/hearth/MMPO2_rg5_init0.1/L3_bd4_seed32874
Starting Fit: 20 epochs.
Sweep Order: ['0_MPS', '1_MPS', '2_MPS', '1_MPS']
Validation: Using separate validation set for best model selection
Early stopping: patience=10, min_delta=0.001
Init    | Train: loss: 15.31386 | quality: 0.18868
        | Val:   loss: 22.49343 | quality: 0.13333
Epoch 1 | Train: loss: 10.77169 | quality: 0.36321
        | Val:   loss: 26.27801 | quality: 0.33333
 *
Epoch 2 | Train: loss: 418071291591539063137232712000550047616666616532363228149235847184598459845261434441037190150803680970049727068194783774545168438642475248537592341595044003564276094096690173834115940352.00000 | quality: 0.24057
        | Val:   loss: 1076352459391063044928066439124134433097072151931895004334488460743322787021656389151988758427557704280269863566689337570244684277606026153999631708841072886411990274185246418754290581504.00000 | quality: 0.24444


✗ NaN loss at epoch 3 - stopping training

✗ Exception at epoch 3: NaN loss encountered during NTN optimization at epoch 3
[2026-05-02 20:35:47,762][__main__][WARNING] - ✗ SINGULAR MMPO2/hearth/NTN L=3 bd=4 seed=32874 -> /zhome/6b/e/212868/GTN/outputs/ntn/hearth/MMPO2_rg5_init0.1/L3_bd4_seed32874 | val=0.3333
[2026-05-02 20:35:47,765][HYDRA] 	#28 : model.L=3 model.bond_dim=4 seed=47311 trainer.ridge=5 trainer.ridge_decay=0.25 trainer.ridge_min=0.0001 +experiment=uci_ntn_sweep model=mmpo2 dataset=hearth
[2026-05-02 20:35:47,967][__main__][INFO] - ▶ RUN MMPO2/hearth/NTN L=3 bd=4 seed=47311 -> /zhome/6b/e/212868/GTN/outputs/ntn/hearth/MMPO2_rg5_init0.1/L3_bd4_seed47311
Starting Fit: 20 epochs.
Sweep Order: ['0_MPS', '1_MPS', '2_MPS', '1_MPS']
Validation: Using separate validation set for best model selection
Early stopping: patience=10, min_delta=0.001
Init    | Train: loss: 13.08242 | quality: 0.17453
        | Val:   loss: 25.78196 | quality: 0.22222
Epoch 1 | Train: loss: 1.93052 | quality: 0.44340
        | Val:   loss: 5.37666 | quality: 0.28889
 *
Epoch 2 | Train: loss: 729.55445 | quality: 0.20755
        | Val:   loss: 3537.88957 | quality: 0.15556

Epoch 3 | Train: loss: 9922556223955806162783824650247964983296.00000 | quality: 0.33962
        | Val:   loss: 39517508029152381073851419667484173664256.00000 | quality: 0.26667

Epoch 4 | Train: loss: 31205599689718181116870131300336814091674275319187038329814795979635532600741339481222484731650998815331536379439464611025479607747497562248848374615215785514461247196130786569613858173608081917816457034444672055521032883322062426272536846512832419500857932529008640.00000 | quality: 0.36792
        | Val:   loss: 48262108189923549016277968377459180678788095794185921089225169646580982136820573758034405282242951820453309438499121119261277874679942158497356397974153791335103735390642881737552906967582570986550766520875962357823956511337454058269288134225545561141629919380373504.00000 | quality: 0.24444


✗ NaN loss at epoch 5 - stopping training

✗ Exception at epoch 5: NaN loss encountered during NTN optimization at epoch 5
[2026-05-02 20:35:49,204][__main__][WARNING] - ✗ SINGULAR MMPO2/hearth/NTN L=3 bd=4 seed=47311 -> /zhome/6b/e/212868/GTN/outputs/ntn/hearth/MMPO2_rg5_init0.1/L3_bd4_seed47311 | val=0.2889
[2026-05-02 20:35:49,206][HYDRA] 	#29 : model.L=3 model.bond_dim=4 seed=47303 trainer.ridge=5 trainer.ridge_decay=0.25 trainer.ridge_min=0.0001 +experiment=uci_ntn_sweep model=mmpo2 dataset=hearth
[2026-05-02 20:35:49,386][__main__][INFO] - ▶ RUN MMPO2/hearth/NTN L=3 bd=4 seed=47303 -> /zhome/6b/e/212868/GTN/outputs/ntn/hearth/MMPO2_rg5_init0.1/L3_bd4_seed47303
Starting Fit: 20 epochs.
Sweep Order: ['0_MPS', '1_MPS', '2_MPS', '1_MPS']
Validation: Using separate validation set for best model selection
Early stopping: patience=10, min_delta=0.001
Init    | Train: loss: 19.93050 | quality: 0.19340
        | Val:   loss: 25.54730 | quality: 0.11111
Epoch 1 | Train: loss: 7.86934 | quality: 0.34434
        | Val:   loss: 13.97408 | quality: 0.35556
 *
Epoch 2 | Train: loss: 742862.76287 | quality: 0.22642
        | Val:   loss: 1819893.59878 | quality: 0.15556

Epoch 3 | Train: loss: 92513680343793647616.00000 | quality: 0.12264
        | Val:   loss: 231852761054020960256.00000 | quality: 0.15556

Epoch 4 | Train: loss: 25331944368953835854166157388474579726084497167025567133635323988989648761702696389990210503992376892320637336940054055077787205632.00000 | quality: 0.14151
        | Val:   loss: 63465050946699741473873591293431486239139474356090016335609819814454876355930097053302435504985546860985063152904358291765773467648.00000 | quality: 0.15556


✗ NaN loss at epoch 5 - stopping training

✗ Exception at epoch 5: NaN loss encountered during NTN optimization at epoch 5
[2026-05-02 20:35:50,618][__main__][WARNING] - ✗ SINGULAR MMPO2/hearth/NTN L=3 bd=4 seed=47303 -> /zhome/6b/e/212868/GTN/outputs/ntn/hearth/MMPO2_rg5_init0.1/L3_bd4_seed47303 | val=0.3556

------------------------------------------------------------
Sender: LSF System <lsfadmin@hpc.dtu.dk>
Subject: Job 28338018[67]: <ntn_grid_full[1-150]%20> in cluster <dcc> Done

Job <ntn_grid_full[1-150]%20> was submitted from host <hpclogin1> by user <nicci> in cluster <dcc> at Sat May  2 18:52:02 2026
Job was executed on host(s) <6*n-62-31-15>, in queue <hpc>, as user <nicci> in cluster <dcc> at Sat May  2 20:34:34 2026
</zhome/6b/e/212868> was used as the home directory.
</zhome/6b/e/212868/GTN> was used as the working directory.
Started at Sat May  2 20:34:34 2026
Terminated at Sat May  2 20:36:04 2026
Results reported at Sat May  2 20:36:04 2026

Your job looked like:

------------------------------------------------------------
# LSBATCH: User input
#!/bin/bash
#BSUB -q hpc
#BSUB -J "ntn_grid_full[1-150]%20"
#BSUB -W 8:00
#BSUB -n 6
#BSUB -R "rusage[mem=750MB]"
#BSUB -R "span[hosts=1]"
#BSUB -o logs/%J_%I.out
#BSUB -e logs/%J_%I.err

MODELS=("cpda" "cpda_typei" "lmpo2" "lmpo2_typei" "mpo2" "mpo2_typei" "mmpo2" "mmpo2_typei" "tnml_f" "tnml_p")

DATASETS=(
    "abalone" "adult" "ai4i" "appliances" "bank" "bike" "breast"
    "car_evaluation" "concrete" "energy_efficiency" "hearth"
    "iris" "mushrooms" "obesity" "popularity" "realstate"
    "seoulBike" "student_dropout" "student_perf" "wine"
    "winequalityc"
)

COMPLETED_DATASETS=(
    "abalone" "bike" "concrete" "energy_efficiency"
    "iris" "realstate" )

# Filter datasets
FILTERED_DATASETS=()
for ds in "${DATASETS[@]}"; do
    skip=false
    for completed in "${COMPLETED_DATASETS[@]}"; do
        if [[ "$ds" == "$completed" ]]; then
            skip=true
            break
        fi
    done

    if ! $skip; then
        FILTERED_DATASETS+=("$ds")
    fi
done

DATASETS=("${FILTERED_DATASETS[@]}")

NUM_MODELS=${#MODELS[@]}
NUM_DATASETS=${#DATASETS[@]}
NUM_EXPERIMENTS=$((NUM_DATASETS * NUM_MODELS))

if [ "$1" == "test" ]; then
    echo "SIMULATING ARRAY:"
    echo "-----------------"


(... more ...)
------------------------------------------------------------

Successfully completed.

Resource usage summary:

    CPU time :                                   118.00 sec.
    Max Memory :                                 394 MB
    Average Memory :                             146.67 MB
    Total Requested Memory :                     4500.00 MB
    Delta Memory :                               4106.00 MB
    Max Swap :                                   -
    Max Processes :                              4
    Max Threads :                                15
    Run time :                                   89 sec.
    Turnaround time :                            6242 sec.

The output (if any) is above this job summary.



PS:

Read file <logs/28338018_67.err> for stderr output of this job.

