Task 29: Dataset=appliances, Model=tnml_f, Experiment=uci_ntn_sweep
[2026-05-02 09:54:35,906][HYDRA] Launching 30 jobs locally
[2026-05-02 09:54:35,907][HYDRA] 	#0 : model.L=4 model.bond_dim=12 seed=42 trainer.ridge=5 trainer.ridge_decay=0.25 trainer.ridge_min=0.0001 +experiment=uci_ntn_sweep model=tnml_f dataset=appliances
[2026-05-02 09:54:36,384][utils.tracking][INFO] - Loaded 17971 tracked runs from runs_tracking.csv
[2026-05-02 09:54:36,389][__main__][INFO] - ⏭ SKIP TNML_F/appliances/NTN L=4 bd=12 seed=42 -> /zhome/6b/e/212868/GTN/outputs/ntn/appliances/TNML_F_rg5_init0.1/L4_bd12_seed42 | completed val=-0.8728
[2026-05-02 09:54:36,394][HYDRA] 	#1 : model.L=4 model.bond_dim=12 seed=10090 trainer.ridge=5 trainer.ridge_decay=0.25 trainer.ridge_min=0.0001 +experiment=uci_ntn_sweep model=tnml_f dataset=appliances
[2026-05-02 09:54:36,562][__main__][INFO] - ⏭ SKIP TNML_F/appliances/NTN L=4 bd=12 seed=10090 -> /zhome/6b/e/212868/GTN/outputs/ntn/appliances/TNML_F_rg5_init0.1/L4_bd12_seed10090 | completed val=-0.9191
[2026-05-02 09:54:36,565][HYDRA] 	#2 : model.L=4 model.bond_dim=12 seed=32874 trainer.ridge=5 trainer.ridge_decay=0.25 trainer.ridge_min=0.0001 +experiment=uci_ntn_sweep model=tnml_f dataset=appliances
[2026-05-02 09:54:36,747][__main__][INFO] - ⏭ SKIP TNML_F/appliances/NTN L=4 bd=12 seed=32874 -> /zhome/6b/e/212868/GTN/outputs/ntn/appliances/TNML_F_rg5_init0.1/L4_bd12_seed32874 | completed val=-0.9567
[2026-05-02 09:54:36,785][HYDRA] 	#3 : model.L=4 model.bond_dim=12 seed=47311 trainer.ridge=5 trainer.ridge_decay=0.25 trainer.ridge_min=0.0001 +experiment=uci_ntn_sweep model=tnml_f dataset=appliances
[2026-05-02 09:54:36,972][__main__][INFO] - ⏭ SKIP TNML_F/appliances/NTN L=4 bd=12 seed=47311 -> /zhome/6b/e/212868/GTN/outputs/ntn/appliances/TNML_F_rg5_init0.1/L4_bd12_seed47311 | completed val=-0.9434
[2026-05-02 09:54:36,976][HYDRA] 	#4 : model.L=4 model.bond_dim=12 seed=47303 trainer.ridge=5 trainer.ridge_decay=0.25 trainer.ridge_min=0.0001 +experiment=uci_ntn_sweep model=tnml_f dataset=appliances
[2026-05-02 09:54:37,151][__main__][INFO] - ⏭ SKIP TNML_F/appliances/NTN L=4 bd=12 seed=47303 -> /zhome/6b/e/212868/GTN/outputs/ntn/appliances/TNML_F_rg5_init0.1/L4_bd12_seed47303 | completed val=-0.9608
[2026-05-02 09:54:37,154][HYDRA] 	#5 : model.L=4 model.bond_dim=8 seed=42 trainer.ridge=5 trainer.ridge_decay=0.25 trainer.ridge_min=0.0001 +experiment=uci_ntn_sweep model=tnml_f dataset=appliances
[2026-05-02 09:54:37,325][__main__][INFO] - ⏭ SKIP TNML_F/appliances/NTN L=4 bd=8 seed=42 -> /zhome/6b/e/212868/GTN/outputs/ntn/appliances/TNML_F_rg5_init0.1/L4_bd8_seed42 | completed val=-0.9412
[2026-05-02 09:54:37,328][HYDRA] 	#6 : model.L=4 model.bond_dim=8 seed=10090 trainer.ridge=5 trainer.ridge_decay=0.25 trainer.ridge_min=0.0001 +experiment=uci_ntn_sweep model=tnml_f dataset=appliances
[2026-05-02 09:54:37,504][__main__][INFO] - ⏭ SKIP TNML_F/appliances/NTN L=4 bd=8 seed=10090 -> /zhome/6b/e/212868/GTN/outputs/ntn/appliances/TNML_F_rg5_init0.1/L4_bd8_seed10090 | completed val=-0.9959
[2026-05-02 09:54:37,508][HYDRA] 	#7 : model.L=4 model.bond_dim=8 seed=32874 trainer.ridge=5 trainer.ridge_decay=0.25 trainer.ridge_min=0.0001 +experiment=uci_ntn_sweep model=tnml_f dataset=appliances
[2026-05-02 09:54:37,682][__main__][INFO] - ⏭ SKIP TNML_F/appliances/NTN L=4 bd=8 seed=32874 -> /zhome/6b/e/212868/GTN/outputs/ntn/appliances/TNML_F_rg5_init0.1/L4_bd8_seed32874 | completed val=-1.0055
[2026-05-02 09:54:37,685][HYDRA] 	#8 : model.L=4 model.bond_dim=8 seed=47311 trainer.ridge=5 trainer.ridge_decay=0.25 trainer.ridge_min=0.0001 +experiment=uci_ntn_sweep model=tnml_f dataset=appliances
[2026-05-02 09:54:37,851][__main__][INFO] - ⏭ SKIP TNML_F/appliances/NTN L=4 bd=8 seed=47311 -> /zhome/6b/e/212868/GTN/outputs/ntn/appliances/TNML_F_rg5_init0.1/L4_bd8_seed47311 | completed val=-0.9637
[2026-05-02 09:54:37,854][HYDRA] 	#9 : model.L=4 model.bond_dim=8 seed=47303 trainer.ridge=5 trainer.ridge_decay=0.25 trainer.ridge_min=0.0001 +experiment=uci_ntn_sweep model=tnml_f dataset=appliances
[2026-05-02 09:54:38,025][__main__][INFO] - ⏭ SKIP TNML_F/appliances/NTN L=4 bd=8 seed=47303 -> /zhome/6b/e/212868/GTN/outputs/ntn/appliances/TNML_F_rg5_init0.1/L4_bd8_seed47303 | completed val=-0.9456
[2026-05-02 09:54:38,028][HYDRA] 	#10 : model.L=4 model.bond_dim=4 seed=42 trainer.ridge=5 trainer.ridge_decay=0.25 trainer.ridge_min=0.0001 +experiment=uci_ntn_sweep model=tnml_f dataset=appliances
[2026-05-02 09:54:38,203][__main__][INFO] - ⏭ SKIP TNML_F/appliances/NTN L=4 bd=4 seed=42 -> /zhome/6b/e/212868/GTN/outputs/ntn/appliances/TNML_F_rg5_init0.1/L4_bd4_seed42 | completed val=-0.8944
[2026-05-02 09:54:38,205][HYDRA] 	#11 : model.L=4 model.bond_dim=4 seed=10090 trainer.ridge=5 trainer.ridge_decay=0.25 trainer.ridge_min=0.0001 +experiment=uci_ntn_sweep model=tnml_f dataset=appliances
[2026-05-02 09:54:38,383][__main__][INFO] - ⏭ SKIP TNML_F/appliances/NTN L=4 bd=4 seed=10090 -> /zhome/6b/e/212868/GTN/outputs/ntn/appliances/TNML_F_rg5_init0.1/L4_bd4_seed10090 | completed val=-0.9675
[2026-05-02 09:54:38,386][HYDRA] 	#12 : model.L=4 model.bond_dim=4 seed=32874 trainer.ridge=5 trainer.ridge_decay=0.25 trainer.ridge_min=0.0001 +experiment=uci_ntn_sweep model=tnml_f dataset=appliances
[2026-05-02 09:54:38,563][__main__][INFO] - ⏭ SKIP TNML_F/appliances/NTN L=4 bd=4 seed=32874 -> /zhome/6b/e/212868/GTN/outputs/ntn/appliances/TNML_F_rg5_init0.1/L4_bd4_seed32874 | completed val=-1.0066
[2026-05-02 09:54:38,566][HYDRA] 	#13 : model.L=4 model.bond_dim=4 seed=47311 trainer.ridge=5 trainer.ridge_decay=0.25 trainer.ridge_min=0.0001 +experiment=uci_ntn_sweep model=tnml_f dataset=appliances
[2026-05-02 09:54:38,742][__main__][INFO] - ⏭ SKIP TNML_F/appliances/NTN L=4 bd=4 seed=47311 -> /zhome/6b/e/212868/GTN/outputs/ntn/appliances/TNML_F_rg5_init0.1/L4_bd4_seed47311 | completed val=-0.9101
[2026-05-02 09:54:38,745][HYDRA] 	#14 : model.L=4 model.bond_dim=4 seed=47303 trainer.ridge=5 trainer.ridge_decay=0.25 trainer.ridge_min=0.0001 +experiment=uci_ntn_sweep model=tnml_f dataset=appliances
[2026-05-02 09:54:38,918][__main__][INFO] - ⏭ SKIP TNML_F/appliances/NTN L=4 bd=4 seed=47303 -> /zhome/6b/e/212868/GTN/outputs/ntn/appliances/TNML_F_rg5_init0.1/L4_bd4_seed47303 | completed val=-0.9907
[2026-05-02 09:54:38,921][HYDRA] 	#15 : model.L=3 model.bond_dim=12 seed=42 trainer.ridge=5 trainer.ridge_decay=0.25 trainer.ridge_min=0.0001 +experiment=uci_ntn_sweep model=tnml_f dataset=appliances
[2026-05-02 09:54:39,098][__main__][INFO] - ⏭ SKIP TNML_F/appliances/NTN L=3 bd=12 seed=42 -> /zhome/6b/e/212868/GTN/outputs/ntn/appliances/TNML_F_rg5_init0.1/L3_bd12_seed42 | completed val=-0.8728
[2026-05-02 09:54:39,102][HYDRA] 	#16 : model.L=3 model.bond_dim=12 seed=10090 trainer.ridge=5 trainer.ridge_decay=0.25 trainer.ridge_min=0.0001 +experiment=uci_ntn_sweep model=tnml_f dataset=appliances
[2026-05-02 09:54:39,278][__main__][INFO] - ⏭ SKIP TNML_F/appliances/NTN L=3 bd=12 seed=10090 -> /zhome/6b/e/212868/GTN/outputs/ntn/appliances/TNML_F_rg5_init0.1/L3_bd12_seed10090 | completed val=-0.9191
[2026-05-02 09:54:39,281][HYDRA] 	#17 : model.L=3 model.bond_dim=12 seed=32874 trainer.ridge=5 trainer.ridge_decay=0.25 trainer.ridge_min=0.0001 +experiment=uci_ntn_sweep model=tnml_f dataset=appliances
[2026-05-02 09:54:39,458][__main__][INFO] - ⏭ SKIP TNML_F/appliances/NTN L=3 bd=12 seed=32874 -> /zhome/6b/e/212868/GTN/outputs/ntn/appliances/TNML_F_rg5_init0.1/L3_bd12_seed32874 | completed val=-0.9567
[2026-05-02 09:54:39,463][HYDRA] 	#18 : model.L=3 model.bond_dim=12 seed=47311 trainer.ridge=5 trainer.ridge_decay=0.25 trainer.ridge_min=0.0001 +experiment=uci_ntn_sweep model=tnml_f dataset=appliances
[2026-05-02 09:54:39,638][__main__][INFO] - ⏭ SKIP TNML_F/appliances/NTN L=3 bd=12 seed=47311 -> /zhome/6b/e/212868/GTN/outputs/ntn/appliances/TNML_F_rg5_init0.1/L3_bd12_seed47311 | completed val=-0.9434
[2026-05-02 09:54:39,641][HYDRA] 	#19 : model.L=3 model.bond_dim=12 seed=47303 trainer.ridge=5 trainer.ridge_decay=0.25 trainer.ridge_min=0.0001 +experiment=uci_ntn_sweep model=tnml_f dataset=appliances
[2026-05-02 09:54:39,812][__main__][INFO] - ⏭ SKIP TNML_F/appliances/NTN L=3 bd=12 seed=47303 -> /zhome/6b/e/212868/GTN/outputs/ntn/appliances/TNML_F_rg5_init0.1/L3_bd12_seed47303 | completed val=-0.9608
[2026-05-02 09:54:39,815][HYDRA] 	#20 : model.L=3 model.bond_dim=8 seed=42 trainer.ridge=5 trainer.ridge_decay=0.25 trainer.ridge_min=0.0001 +experiment=uci_ntn_sweep model=tnml_f dataset=appliances
[2026-05-02 09:54:39,987][__main__][INFO] - ⏭ SKIP TNML_F/appliances/NTN L=3 bd=8 seed=42 -> /zhome/6b/e/212868/GTN/outputs/ntn/appliances/TNML_F_rg5_init0.1/L3_bd8_seed42 | completed val=-0.9412
[2026-05-02 09:54:39,991][HYDRA] 	#21 : model.L=3 model.bond_dim=8 seed=10090 trainer.ridge=5 trainer.ridge_decay=0.25 trainer.ridge_min=0.0001 +experiment=uci_ntn_sweep model=tnml_f dataset=appliances
[2026-05-02 09:54:40,166][__main__][INFO] - ⏭ SKIP TNML_F/appliances/NTN L=3 bd=8 seed=10090 -> /zhome/6b/e/212868/GTN/outputs/ntn/appliances/TNML_F_rg5_init0.1/L3_bd8_seed10090 | completed val=-0.9959
[2026-05-02 09:54:40,170][HYDRA] 	#22 : model.L=3 model.bond_dim=8 seed=32874 trainer.ridge=5 trainer.ridge_decay=0.25 trainer.ridge_min=0.0001 +experiment=uci_ntn_sweep model=tnml_f dataset=appliances
[2026-05-02 09:54:40,344][__main__][INFO] - ⏭ SKIP TNML_F/appliances/NTN L=3 bd=8 seed=32874 -> /zhome/6b/e/212868/GTN/outputs/ntn/appliances/TNML_F_rg5_init0.1/L3_bd8_seed32874 | completed val=-1.0055
[2026-05-02 09:54:40,347][HYDRA] 	#23 : model.L=3 model.bond_dim=8 seed=47311 trainer.ridge=5 trainer.ridge_decay=0.25 trainer.ridge_min=0.0001 +experiment=uci_ntn_sweep model=tnml_f dataset=appliances
[2026-05-02 09:54:40,519][__main__][INFO] - ⏭ SKIP TNML_F/appliances/NTN L=3 bd=8 seed=47311 -> /zhome/6b/e/212868/GTN/outputs/ntn/appliances/TNML_F_rg5_init0.1/L3_bd8_seed47311 | completed val=-0.9637
[2026-05-02 09:54:40,522][HYDRA] 	#24 : model.L=3 model.bond_dim=8 seed=47303 trainer.ridge=5 trainer.ridge_decay=0.25 trainer.ridge_min=0.0001 +experiment=uci_ntn_sweep model=tnml_f dataset=appliances
[2026-05-02 09:54:40,693][__main__][INFO] - ⏭ SKIP TNML_F/appliances/NTN L=3 bd=8 seed=47303 -> /zhome/6b/e/212868/GTN/outputs/ntn/appliances/TNML_F_rg5_init0.1/L3_bd8_seed47303 | completed val=-0.9456
[2026-05-02 09:54:40,696][HYDRA] 	#25 : model.L=3 model.bond_dim=4 seed=42 trainer.ridge=5 trainer.ridge_decay=0.25 trainer.ridge_min=0.0001 +experiment=uci_ntn_sweep model=tnml_f dataset=appliances
[2026-05-02 09:54:40,868][__main__][INFO] - ⏭ SKIP TNML_F/appliances/NTN L=3 bd=4 seed=42 -> /zhome/6b/e/212868/GTN/outputs/ntn/appliances/TNML_F_rg5_init0.1/L3_bd4_seed42 | completed val=-0.8944
[2026-05-02 09:54:40,872][HYDRA] 	#26 : model.L=3 model.bond_dim=4 seed=10090 trainer.ridge=5 trainer.ridge_decay=0.25 trainer.ridge_min=0.0001 +experiment=uci_ntn_sweep model=tnml_f dataset=appliances
[2026-05-02 09:54:41,041][__main__][INFO] - ⏭ SKIP TNML_F/appliances/NTN L=3 bd=4 seed=10090 -> /zhome/6b/e/212868/GTN/outputs/ntn/appliances/TNML_F_rg5_init0.1/L3_bd4_seed10090 | completed val=-0.9675
[2026-05-02 09:54:41,044][HYDRA] 	#27 : model.L=3 model.bond_dim=4 seed=32874 trainer.ridge=5 trainer.ridge_decay=0.25 trainer.ridge_min=0.0001 +experiment=uci_ntn_sweep model=tnml_f dataset=appliances
[2026-05-02 09:54:41,450][__main__][INFO] - ⏭ SKIP TNML_F/appliances/NTN L=3 bd=4 seed=32874 -> /zhome/6b/e/212868/GTN/outputs/ntn/appliances/TNML_F_rg5_init0.1/L3_bd4_seed32874 | completed val=-1.0066
[2026-05-02 09:54:41,454][HYDRA] 	#28 : model.L=3 model.bond_dim=4 seed=47311 trainer.ridge=5 trainer.ridge_decay=0.25 trainer.ridge_min=0.0001 +experiment=uci_ntn_sweep model=tnml_f dataset=appliances
[2026-05-02 09:54:41,636][__main__][INFO] - ⏭ SKIP TNML_F/appliances/NTN L=3 bd=4 seed=47311 -> /zhome/6b/e/212868/GTN/outputs/ntn/appliances/TNML_F_rg5_init0.1/L3_bd4_seed47311 | completed val=-0.9101
[2026-05-02 09:54:41,638][HYDRA] 	#29 : model.L=3 model.bond_dim=4 seed=47303 trainer.ridge=5 trainer.ridge_decay=0.25 trainer.ridge_min=0.0001 +experiment=uci_ntn_sweep model=tnml_f dataset=appliances
[2026-05-02 09:54:41,813][__main__][INFO] - ⏭ SKIP TNML_F/appliances/NTN L=3 bd=4 seed=47303 -> /zhome/6b/e/212868/GTN/outputs/ntn/appliances/TNML_F_rg5_init0.1/L3_bd4_seed47303 | completed val=-0.9907

------------------------------------------------------------
Sender: LSF System <lsfadmin@hpc.dtu.dk>
Subject: Job 28336787[29]: <ntn_grid_full[1-150]%20> in cluster <dcc> Done

Job <ntn_grid_full[1-150]%20> was submitted from host <hpclogin1> by user <nicci> in cluster <dcc> at Sat May  2 09:53:08 2026
Job was executed on host(s) <6*n-62-31-17>, in queue <hpc>, as user <nicci> in cluster <dcc> at Sat May  2 09:54:24 2026
</zhome/6b/e/212868> was used as the home directory.
</zhome/6b/e/212868/GTN> was used as the working directory.
Started at Sat May  2 09:54:24 2026
Terminated at Sat May  2 09:54:42 2026
Results reported at Sat May  2 09:54:42 2026

Your job looked like:

------------------------------------------------------------
# LSBATCH: User input
#!/bin/bash
#BSUB -q hpc
#BSUB -J "ntn_grid_full[1-150]%20"
#BSUB -W 8:00
#BSUB -n 6
#BSUB -R "rusage[mem=500MB]"
#BSUB -R "span[hosts=1]"
#BSUB -o logs/%J_%I.out
#BSUB -e logs/%J_%I.err

MODELS=("cpda" "cpda_typei" "lmpo2" "lmpo2_typei" "mpo2" "mpo2_typei" "mmpo2" "mmpo2_typei" "tnml_f" "tnml_p")

DATASETS=(
    "abalone" "adult" "ai4i" "appliances" "bank" "bike" "breast"
    "car_evaluation" "concrete" "energy_efficiency" "hearth"
    "iris" "mushrooms" "obesity" "popularity" "realstate"
    "seoulBike" "student_dropout" "student_perf" "wine"
    "winequalityc"
)

COMPLETED_DATASETS=(
    "abalone" "bike" "concrete" "energy_efficiency"
    "iris" "realstate" )

# Filter datasets
FILTERED_DATASETS=()
for ds in "${DATASETS[@]}"; do
    skip=false
    for completed in "${COMPLETED_DATASETS[@]}"; do
        if [[ "$ds" == "$completed" ]]; then
            skip=true
            break
        fi
    done

    if ! $skip; then
        FILTERED_DATASETS+=("$ds")
    fi
done

DATASETS=("${FILTERED_DATASETS[@]}")

NUM_MODELS=${#MODELS[@]}
NUM_DATASETS=${#DATASETS[@]}
NUM_EXPERIMENTS=$((NUM_DATASETS * NUM_MODELS))

if [ "$1" == "test" ]; then
    echo "SIMULATING ARRAY:"
    echo "-----------------"


(... more ...)
------------------------------------------------------------

Successfully completed.

Resource usage summary:

    CPU time :                                   15.69 sec.
    Max Memory :                                 393 MB
    Average Memory :                             393.00 MB
    Total Requested Memory :                     3000.00 MB
    Delta Memory :                               2607.00 MB
    Max Swap :                                   -
    Max Processes :                              4
    Max Threads :                                15
    Run time :                                   18 sec.
    Turnaround time :                            94 sec.

The output (if any) is above this job summary.



PS:

Read file <logs/28336787_29.err> for stderr output of this job.

