Task 149: Dataset=winequalityc, Model=tnml_f, Experiment=uci_ntn_sweep
[2026-05-02 00:41:00,026][HYDRA] Launching 30 jobs locally
[2026-05-02 00:41:00,027][HYDRA] 	#0 : model.L=4 model.bond_dim=12 seed=42 trainer.ridge=5 trainer.ridge_decay=0.25 trainer.ridge_min=0.0001 +experiment=uci_ntn_sweep model=tnml_f dataset=winequalityc
[2026-05-02 00:41:00,442][utils.tracking][INFO] - Loaded 17971 tracked runs from runs_tracking.csv
[2026-05-02 00:41:00,445][__main__][INFO] - ▶ RUN TNML_F/winequalityc/NTN L=4 bd=12 seed=42 -> /zhome/6b/e/212868/GTN/outputs/ntn/winequalityc/TNML_F_rg5_init0.1/L4_bd12_seed42
Starting Fit: 20 epochs.
Sweep Order: ['Node0', 'Node1', 'Node2', 'Node3', 'Node4', 'Node5', 'Node6', 'Node7', 'Node8', 'Node9', 'Node10', 'Node9', 'Node8', 'Node7', 'Node6', 'Node5', 'Node4', 'Node3', 'Node2', 'Node1']
Validation: Using separate validation set for best model selection
Early stopping: patience=10, min_delta=0.001
Init    | Train: loss: 1.99717 | quality: 0.15571
        | Val:   loss: 2.00127 | quality: 0.14359
Epoch 1 | Train: loss: 1.89538 | quality: 0.35628
        | Val:   loss: 1.92398 | quality: 0.35385
 *
Epoch 2 | Train: loss: 1.85184 | quality: 0.38971
        | Val:   loss: 1.92736 | quality: 0.33333

Epoch 3 | Train: loss: 1.80431 | quality: 0.41786
        | Val:   loss: 1.94366 | quality: 0.36000
 *
Epoch 4 | Train: loss: 1.76193 | quality: 0.43171
        | Val:   loss: 1.96035 | quality: 0.35179

Epoch 5 | Train: loss: 1.71017 | quality: 0.45722
        | Val:   loss: 1.98867 | quality: 0.37026
 *
Epoch 6 | Train: loss: 1.64479 | quality: 0.48955
        | Val:   loss: 2.01122 | quality: 0.36513

Epoch 7 | Train: loss: 1.59410 | quality: 0.50979
        | Val:   loss: 2.03520 | quality: 0.35897

Epoch 8 | Train: loss: 1.54747 | quality: 0.52540
        | Val:   loss: 2.03599 | quality: 0.39590
 *
Epoch 9 | Train: loss: 1.47356 | quality: 0.55245
        | Val:   loss: 2.10134 | quality: 0.38256

Epoch 10 | Train: loss: 1.43380 | quality: 0.57027
        | Val:   loss: 2.12343 | quality: 0.39692
 *
Epoch 11 | Train: loss: 1.41660 | quality: 0.57796
        | Val:   loss: 2.14439 | quality: 0.39795
 *
Epoch 12 | Train: loss: 1.40821 | quality: 0.58060
        | Val:   loss: 2.16135 | quality: 0.39385

Epoch 13 | Train: loss: 1.40276 | quality: 0.58412
        | Val:   loss: 2.17548 | quality: 0.39179

Epoch 14 | Train: loss: 1.39789 | quality: 0.58566
        | Val:   loss: 2.18838 | quality: 0.39179

Epoch 15 | Train: loss: 1.39311 | quality: 0.58478
        | Val:   loss: 2.20071 | quality: 0.39077

Epoch 16 | Train: loss: 1.38834 | quality: 0.58676
        | Val:   loss: 2.21295 | quality: 0.39487

Epoch 17 | Train: loss: 1.38356 | quality: 0.59050
        | Val:   loss: 2.22451 | quality: 0.39590

Epoch 18 | Train: loss: 1.37922 | quality: 0.59534
        | Val:   loss: 2.23499 | quality: 0.40513
 *
Epoch 19 | Train: loss: 1.37564 | quality: 0.59886
        | Val:   loss: 2.24396 | quality: 0.40513
 *
Epoch 20 | Train: loss: 1.37276 | quality: 0.60084
        | Val:   loss: 2.25101 | quality: 0.41231
 *

Best epoch: 20 (val_quality=0.412308)
[2026-05-02 00:42:45,706][__main__][INFO] - ✓ DONE TNML_F/winequalityc/NTN L=4 bd=12 seed=42 -> /zhome/6b/e/212868/GTN/outputs/ntn/winequalityc/TNML_F_rg5_init0.1/L4_bd12_seed42 | val=0.4123
[2026-05-02 00:42:45,708][HYDRA] 	#1 : model.L=4 model.bond_dim=12 seed=10090 trainer.ridge=5 trainer.ridge_decay=0.25 trainer.ridge_min=0.0001 +experiment=uci_ntn_sweep model=tnml_f dataset=winequalityc
[2026-05-02 00:42:45,868][__main__][INFO] - ▶ RUN TNML_F/winequalityc/NTN L=4 bd=12 seed=10090 -> /zhome/6b/e/212868/GTN/outputs/ntn/winequalityc/TNML_F_rg5_init0.1/L4_bd12_seed10090
Starting Fit: 20 epochs.
Sweep Order: ['Node0', 'Node1', 'Node2', 'Node3', 'Node4', 'Node5', 'Node6', 'Node7', 'Node8', 'Node9', 'Node10', 'Node9', 'Node8', 'Node7', 'Node6', 'Node5', 'Node4', 'Node3', 'Node2', 'Node1']
Validation: Using separate validation set for best model selection
Early stopping: patience=10, min_delta=0.001
Init    | Train: loss: 2.11310 | quality: 0.16868
        | Val:   loss: 2.09514 | quality: 0.15897
Epoch 1 | Train: loss: 1.91673 | quality: 0.25445
        | Val:   loss: 1.93280 | quality: 0.23692
 *
Epoch 2 | Train: loss: 1.88903 | quality: 0.29470
        | Val:   loss: 1.93507 | quality: 0.25641
 *
Epoch 3 | Train: loss: 1.85092 | quality: 0.38729
        | Val:   loss: 1.94879 | quality: 0.33333
 *
Epoch 4 | Train: loss: 1.80069 | quality: 0.42534
        | Val:   loss: 1.96754 | quality: 0.35487
 *
Epoch 5 | Train: loss: 1.75422 | quality: 0.44293
        | Val:   loss: 1.95841 | quality: 0.36103
 *
Epoch 6 | Train: loss: 1.70519 | quality: 0.45283
        | Val:   loss: 1.98567 | quality: 0.37846
 *
Epoch 7 | Train: loss: 1.66668 | quality: 0.46162
        | Val:   loss: 1.99996 | quality: 0.35897

Epoch 8 | Train: loss: 1.62534 | quality: 0.48911
        | Val:   loss: 2.02265 | quality: 0.37026

Epoch 9 | Train: loss: 1.53614 | quality: 0.51814
        | Val:   loss: 2.09784 | quality: 0.36205

Epoch 10 | Train: loss: 1.48383 | quality: 0.54322
        | Val:   loss: 2.17917 | quality: 0.38154
 *
Epoch 11 | Train: loss: 1.46000 | quality: 0.54827
        | Val:   loss: 2.22144 | quality: 0.37949

Epoch 12 | Train: loss: 1.44290 | quality: 0.55575
        | Val:   loss: 2.24291 | quality: 0.38359
 *
Epoch 13 | Train: loss: 1.42874 | quality: 0.56741
        | Val:   loss: 2.25656 | quality: 0.39179
 *
Epoch 14 | Train: loss: 1.41805 | quality: 0.57247
        | Val:   loss: 2.26407 | quality: 0.38564

Epoch 15 | Train: loss: 1.40958 | quality: 0.57774
        | Val:   loss: 2.26950 | quality: 0.38462

Epoch 16 | Train: loss: 1.40226 | quality: 0.57928
        | Val:   loss: 2.27614 | quality: 0.39590
 *
Epoch 17 | Train: loss: 1.39574 | quality: 0.58082
        | Val:   loss: 2.28513 | quality: 0.39795
 *
Epoch 18 | Train: loss: 1.38999 | quality: 0.58060
        | Val:   loss: 2.29744 | quality: 0.40615
 *
Epoch 19 | Train: loss: 1.38509 | quality: 0.58148
        | Val:   loss: 2.31229 | quality: 0.40205

Epoch 20 | Train: loss: 1.38108 | quality: 0.58412
        | Val:   loss: 2.32724 | quality: 0.39487


Best epoch: 18 (val_quality=0.406154)
[2026-05-02 00:44:09,004][__main__][INFO] - ✓ DONE TNML_F/winequalityc/NTN L=4 bd=12 seed=10090 -> /zhome/6b/e/212868/GTN/outputs/ntn/winequalityc/TNML_F_rg5_init0.1/L4_bd12_seed10090 | val=0.4062
[2026-05-02 00:44:09,007][HYDRA] 	#2 : model.L=4 model.bond_dim=12 seed=32874 trainer.ridge=5 trainer.ridge_decay=0.25 trainer.ridge_min=0.0001 +experiment=uci_ntn_sweep model=tnml_f dataset=winequalityc
[2026-05-02 00:44:09,161][__main__][INFO] - ▶ RUN TNML_F/winequalityc/NTN L=4 bd=12 seed=32874 -> /zhome/6b/e/212868/GTN/outputs/ntn/winequalityc/TNML_F_rg5_init0.1/L4_bd12_seed32874
Starting Fit: 20 epochs.
Sweep Order: ['Node0', 'Node1', 'Node2', 'Node3', 'Node4', 'Node5', 'Node6', 'Node7', 'Node8', 'Node9', 'Node10', 'Node9', 'Node8', 'Node7', 'Node6', 'Node5', 'Node4', 'Node3', 'Node2', 'Node1']
Validation: Using separate validation set for best model selection
Early stopping: patience=10, min_delta=0.001
Init    | Train: loss: 2.02448 | quality: 0.16274
        | Val:   loss: 2.03317 | quality: 0.17231
Epoch 1 | Train: loss: 1.90803 | quality: 0.35386
        | Val:   loss: 1.93828 | quality: 0.32718
 *
Epoch 2 | Train: loss: 1.87337 | quality: 0.39191
        | Val:   loss: 1.92941 | quality: 0.37333
 *
Epoch 3 | Train: loss: 1.83389 | quality: 0.41654
        | Val:   loss: 1.93614 | quality: 0.37846
 *
Epoch 4 | Train: loss: 1.78518 | quality: 0.43369
        | Val:   loss: 1.95200 | quality: 0.36513

Epoch 5 | Train: loss: 1.73427 | quality: 0.45525
        | Val:   loss: 1.96088 | quality: 0.37641

Epoch 6 | Train: loss: 1.67236 | quality: 0.48999
        | Val:   loss: 1.98710 | quality: 0.37641

Epoch 7 | Train: loss: 1.62518 | quality: 0.49901
        | Val:   loss: 2.00124 | quality: 0.38051
 *
Epoch 8 | Train: loss: 1.55908 | quality: 0.51550
        | Val:   loss: 2.01628 | quality: 0.38769
 *
Epoch 9 | Train: loss: 1.46741 | quality: 0.55047
        | Val:   loss: 2.04464 | quality: 0.40923
 *
Epoch 10 | Train: loss: 1.43530 | quality: 0.57049
        | Val:   loss: 2.08294 | quality: 0.41128
 *
Epoch 11 | Train: loss: 1.42179 | quality: 0.58038
        | Val:   loss: 2.10763 | quality: 0.41949
 *
Epoch 12 | Train: loss: 1.41178 | quality: 0.58126
        | Val:   loss: 2.12807 | quality: 0.41231

Epoch 13 | Train: loss: 1.40273 | quality: 0.58148
        | Val:   loss: 2.14580 | quality: 0.39897

Epoch 14 | Train: loss: 1.39475 | quality: 0.58566
        | Val:   loss: 2.16110 | quality: 0.39282

Epoch 15 | Train: loss: 1.38784 | quality: 0.59072
        | Val:   loss: 2.17397 | quality: 0.38974

Epoch 16 | Train: loss: 1.38219 | quality: 0.59270
        | Val:   loss: 2.18530 | quality: 0.38564

Epoch 17 | Train: loss: 1.37788 | quality: 0.59314
        | Val:   loss: 2.19632 | quality: 0.39385

Epoch 18 | Train: loss: 1.37469 | quality: 0.59512
        | Val:   loss: 2.20770 | quality: 0.39590

Epoch 19 | Train: loss: 1.37223 | quality: 0.59710
        | Val:   loss: 2.21910 | quality: 0.38872

Epoch 20 | Train: loss: 1.37018 | quality: 0.59314
        | Val:   loss: 2.22998 | quality: 0.38564


Best epoch: 11 (val_quality=0.419487)
[2026-05-02 00:45:27,279][__main__][INFO] - ✓ DONE TNML_F/winequalityc/NTN L=4 bd=12 seed=32874 -> /zhome/6b/e/212868/GTN/outputs/ntn/winequalityc/TNML_F_rg5_init0.1/L4_bd12_seed32874 | val=0.4195
[2026-05-02 00:45:27,282][HYDRA] 	#3 : model.L=4 model.bond_dim=12 seed=47311 trainer.ridge=5 trainer.ridge_decay=0.25 trainer.ridge_min=0.0001 +experiment=uci_ntn_sweep model=tnml_f dataset=winequalityc
[2026-05-02 00:45:27,436][__main__][INFO] - ▶ RUN TNML_F/winequalityc/NTN L=4 bd=12 seed=47311 -> /zhome/6b/e/212868/GTN/outputs/ntn/winequalityc/TNML_F_rg5_init0.1/L4_bd12_seed47311
Starting Fit: 20 epochs.
Sweep Order: ['Node0', 'Node1', 'Node2', 'Node3', 'Node4', 'Node5', 'Node6', 'Node7', 'Node8', 'Node9', 'Node10', 'Node9', 'Node8', 'Node7', 'Node6', 'Node5', 'Node4', 'Node3', 'Node2', 'Node1']
Validation: Using separate validation set for best model selection
Early stopping: patience=10, min_delta=0.001
Init    | Train: loss: 2.32057 | quality: 0.12008
        | Val:   loss: 2.34009 | quality: 0.11795
Epoch 1 | Train: loss: 1.90955 | quality: 0.34330
        | Val:   loss: 1.93536 | quality: 0.34667
 *
Epoch 2 | Train: loss: 1.87583 | quality: 0.38443
        | Val:   loss: 1.94052 | quality: 0.33333

Epoch 3 | Train: loss: 1.83731 | quality: 0.39762
        | Val:   loss: 1.96886 | quality: 0.33333

Epoch 4 | Train: loss: 1.78943 | quality: 0.41874
        | Val:   loss: 1.96997 | quality: 0.35692
 *
Epoch 5 | Train: loss: 1.73519 | quality: 0.45151
        | Val:   loss: 1.99395 | quality: 0.34872

Epoch 6 | Train: loss: 1.68315 | quality: 0.47438
        | Val:   loss: 2.01533 | quality: 0.35692
 *
Epoch 7 | Train: loss: 1.65293 | quality: 0.48669
        | Val:   loss: 2.02802 | quality: 0.36000
 *
Epoch 8 | Train: loss: 1.60884 | quality: 0.49879
        | Val:   loss: 2.06594 | quality: 0.36513
 *
Epoch 9 | Train: loss: 1.53444 | quality: 0.51880
        | Val:   loss: 2.10238 | quality: 0.37538
 *
Epoch 10 | Train: loss: 1.48815 | quality: 0.53882
        | Val:   loss: 2.11425 | quality: 0.38872
 *
Epoch 11 | Train: loss: 1.46464 | quality: 0.55289
        | Val:   loss: 2.12152 | quality: 0.39385
 *
Epoch 12 | Train: loss: 1.44841 | quality: 0.56125
        | Val:   loss: 2.13089 | quality: 0.40821
 *
Epoch 13 | Train: loss: 1.43495 | quality: 0.56785
        | Val:   loss: 2.14500 | quality: 0.40821
 *
Epoch 14 | Train: loss: 1.42304 | quality: 0.57510
        | Val:   loss: 2.16282 | quality: 0.40513

Epoch 15 | Train: loss: 1.41354 | quality: 0.58060
        | Val:   loss: 2.17895 | quality: 0.41436
 *
Epoch 16 | Train: loss: 1.40653 | quality: 0.58192
        | Val:   loss: 2.18915 | quality: 0.41436
 *
Epoch 17 | Train: loss: 1.40110 | quality: 0.58126
        | Val:   loss: 2.19457 | quality: 0.41641
 *
Epoch 18 | Train: loss: 1.39664 | quality: 0.58390
        | Val:   loss: 2.19742 | quality: 0.41436

Epoch 19 | Train: loss: 1.39292 | quality: 0.58346
        | Val:   loss: 2.19912 | quality: 0.40923

Epoch 20 | Train: loss: 1.38978 | quality: 0.58390
        | Val:   loss: 2.20044 | quality: 0.41026


Best epoch: 17 (val_quality=0.416410)
[2026-05-02 00:46:45,367][__main__][INFO] - ✓ DONE TNML_F/winequalityc/NTN L=4 bd=12 seed=47311 -> /zhome/6b/e/212868/GTN/outputs/ntn/winequalityc/TNML_F_rg5_init0.1/L4_bd12_seed47311 | val=0.4164
[2026-05-02 00:46:45,373][HYDRA] 	#4 : model.L=4 model.bond_dim=12 seed=47303 trainer.ridge=5 trainer.ridge_decay=0.25 trainer.ridge_min=0.0001 +experiment=uci_ntn_sweep model=tnml_f dataset=winequalityc
[2026-05-02 00:46:45,548][__main__][INFO] - ▶ RUN TNML_F/winequalityc/NTN L=4 bd=12 seed=47303 -> /zhome/6b/e/212868/GTN/outputs/ntn/winequalityc/TNML_F_rg5_init0.1/L4_bd12_seed47303
Starting Fit: 20 epochs.
Sweep Order: ['Node0', 'Node1', 'Node2', 'Node3', 'Node4', 'Node5', 'Node6', 'Node7', 'Node8', 'Node9', 'Node10', 'Node9', 'Node8', 'Node7', 'Node6', 'Node5', 'Node4', 'Node3', 'Node2', 'Node1']
Validation: Using separate validation set for best model selection
Early stopping: patience=10, min_delta=0.001
Init    | Train: loss: 2.02956 | quality: 0.15571
        | Val:   loss: 2.00860 | quality: 0.16205
Epoch 1 | Train: loss: 1.91101 | quality: 0.36947
        | Val:   loss: 1.93652 | quality: 0.34051
 *
Epoch 2 | Train: loss: 1.88452 | quality: 0.38355
        | Val:   loss: 1.92213 | quality: 0.38769
 *
Epoch 3 | Train: loss: 1.84466 | quality: 0.40092
        | Val:   loss: 1.93046 | quality: 0.37026

Epoch 4 | Train: loss: 1.80645 | quality: 0.42248
        | Val:   loss: 1.95914 | quality: 0.35385

Epoch 5 | Train: loss: 1.76289 | quality: 0.43017
        | Val:   loss: 1.95457 | quality: 0.35590

Epoch 6 | Train: loss: 1.71366 | quality: 0.44931
        | Val:   loss: 1.94843 | quality: 0.38974
 *
Epoch 7 | Train: loss: 1.67084 | quality: 0.47922
        | Val:   loss: 1.96005 | quality: 0.38359

Epoch 8 | Train: loss: 1.63010 | quality: 0.48867
        | Val:   loss: 1.97714 | quality: 0.36718

Epoch 9 | Train: loss: 1.53310 | quality: 0.52826
        | Val:   loss: 2.03961 | quality: 0.38667

Epoch 10 | Train: loss: 1.47928 | quality: 0.55047
        | Val:   loss: 2.08821 | quality: 0.40308
 *
Epoch 11 | Train: loss: 1.44686 | quality: 0.56059
        | Val:   loss: 2.13622 | quality: 0.39487

Epoch 12 | Train: loss: 1.42414 | quality: 0.56543
        | Val:   loss: 2.18387 | quality: 0.40308
 *
Epoch 13 | Train: loss: 1.40540 | quality: 0.57686
        | Val:   loss: 2.22297 | quality: 0.39692

Epoch 14 | Train: loss: 1.39320 | quality: 0.58258
        | Val:   loss: 2.24397 | quality: 0.38462

Epoch 15 | Train: loss: 1.38573 | quality: 0.58478
        | Val:   loss: 2.25290 | quality: 0.39692

Epoch 16 | Train: loss: 1.38072 | quality: 0.58742
        | Val:   loss: 2.25675 | quality: 0.40308
 *
Epoch 17 | Train: loss: 1.37704 | quality: 0.59072
        | Val:   loss: 2.25846 | quality: 0.41231
 *
Epoch 18 | Train: loss: 1.37416 | quality: 0.59028
        | Val:   loss: 2.25954 | quality: 0.41846
 *
Epoch 19 | Train: loss: 1.37186 | quality: 0.59072
        | Val:   loss: 2.26066 | quality: 0.41538

Epoch 20 | Train: loss: 1.37001 | quality: 0.59160
        | Val:   loss: 2.26199 | quality: 0.41949
 *

Best epoch: 20 (val_quality=0.419487)
[2026-05-02 00:48:07,206][__main__][INFO] - ✓ DONE TNML_F/winequalityc/NTN L=4 bd=12 seed=47303 -> /zhome/6b/e/212868/GTN/outputs/ntn/winequalityc/TNML_F_rg5_init0.1/L4_bd12_seed47303 | val=0.4195
[2026-05-02 00:48:07,210][HYDRA] 	#5 : model.L=4 model.bond_dim=8 seed=42 trainer.ridge=5 trainer.ridge_decay=0.25 trainer.ridge_min=0.0001 +experiment=uci_ntn_sweep model=tnml_f dataset=winequalityc
[2026-05-02 00:48:07,374][__main__][INFO] - ▶ RUN TNML_F/winequalityc/NTN L=4 bd=8 seed=42 -> /zhome/6b/e/212868/GTN/outputs/ntn/winequalityc/TNML_F_rg5_init0.1/L4_bd8_seed42
Starting Fit: 20 epochs.
Sweep Order: ['Node0', 'Node1', 'Node2', 'Node3', 'Node4', 'Node5', 'Node6', 'Node7', 'Node8', 'Node9', 'Node10', 'Node9', 'Node8', 'Node7', 'Node6', 'Node5', 'Node4', 'Node3', 'Node2', 'Node1']
Validation: Using separate validation set for best model selection
Early stopping: patience=10, min_delta=0.001
Init    | Train: loss: 1.99056 | quality: 0.15351
        | Val:   loss: 2.00876 | quality: 0.14667
Epoch 1 | Train: loss: 1.92528 | quality: 0.26875
        | Val:   loss: 1.92757 | quality: 0.30154
 *
Epoch 2 | Train: loss: 1.91451 | quality: 0.28062
        | Val:   loss: 1.92796 | quality: 0.29846

Epoch 3 | Train: loss: 1.88689 | quality: 0.30768
        | Val:   loss: 1.93180 | quality: 0.28615

Epoch 4 | Train: loss: 1.85770 | quality: 0.32879
        | Val:   loss: 1.93200 | quality: 0.30256
 *
Epoch 5 | Train: loss: 1.82398 | quality: 0.37079
        | Val:   loss: 1.93506 | quality: 0.32205
 *
Epoch 6 | Train: loss: 1.79184 | quality: 0.40004
        | Val:   loss: 1.93585 | quality: 0.34564
 *
Epoch 7 | Train: loss: 1.76740 | quality: 0.40818
        | Val:   loss: 1.94526 | quality: 0.33436

Epoch 8 | Train: loss: 1.72026 | quality: 0.44315
        | Val:   loss: 1.96986 | quality: 0.33641

Epoch 9 | Train: loss: 1.66662 | quality: 0.46382
        | Val:   loss: 1.99739 | quality: 0.35590
 *
Epoch 10 | Train: loss: 1.63065 | quality: 0.48625
        | Val:   loss: 2.00863 | quality: 0.36923
 *
Epoch 11 | Train: loss: 1.61442 | quality: 0.49703
        | Val:   loss: 2.01489 | quality: 0.37128
 *
Epoch 12 | Train: loss: 1.60656 | quality: 0.50957
        | Val:   loss: 2.02409 | quality: 0.36821

Epoch 13 | Train: loss: 1.60110 | quality: 0.51133
        | Val:   loss: 2.03127 | quality: 0.36410

Epoch 14 | Train: loss: 1.59664 | quality: 0.51089
        | Val:   loss: 2.03743 | quality: 0.36821

Epoch 15 | Train: loss: 1.59300 | quality: 0.51001
        | Val:   loss: 2.04361 | quality: 0.36923

Epoch 16 | Train: loss: 1.58998 | quality: 0.50979
        | Val:   loss: 2.04984 | quality: 0.37026

Epoch 17 | Train: loss: 1.58741 | quality: 0.50737
        | Val:   loss: 2.05578 | quality: 0.37436
 *
Epoch 18 | Train: loss: 1.58521 | quality: 0.50869
        | Val:   loss: 2.06114 | quality: 0.37436
 *
Epoch 19 | Train: loss: 1.58335 | quality: 0.50869
        | Val:   loss: 2.06561 | quality: 0.37641
 *
Epoch 20 | Train: loss: 1.58182 | quality: 0.51067
        | Val:   loss: 2.06883 | quality: 0.37744
 *

Best epoch: 20 (val_quality=0.377436)
[2026-05-02 00:49:16,703][__main__][INFO] - ✓ DONE TNML_F/winequalityc/NTN L=4 bd=8 seed=42 -> /zhome/6b/e/212868/GTN/outputs/ntn/winequalityc/TNML_F_rg5_init0.1/L4_bd8_seed42 | val=0.3774
[2026-05-02 00:49:16,707][HYDRA] 	#6 : model.L=4 model.bond_dim=8 seed=10090 trainer.ridge=5 trainer.ridge_decay=0.25 trainer.ridge_min=0.0001 +experiment=uci_ntn_sweep model=tnml_f dataset=winequalityc
[2026-05-02 00:49:16,866][__main__][INFO] - ▶ RUN TNML_F/winequalityc/NTN L=4 bd=8 seed=10090 -> /zhome/6b/e/212868/GTN/outputs/ntn/winequalityc/TNML_F_rg5_init0.1/L4_bd8_seed10090
Starting Fit: 20 epochs.
Sweep Order: ['Node0', 'Node1', 'Node2', 'Node3', 'Node4', 'Node5', 'Node6', 'Node7', 'Node8', 'Node9', 'Node10', 'Node9', 'Node8', 'Node7', 'Node6', 'Node5', 'Node4', 'Node3', 'Node2', 'Node1']
Validation: Using separate validation set for best model selection
Early stopping: patience=10, min_delta=0.001
Init    | Train: loss: 2.00503 | quality: 0.11216
        | Val:   loss: 2.00339 | quality: 0.10769
Epoch 1 | Train: loss: 1.92064 | quality: 0.24016
        | Val:   loss: 1.94100 | quality: 0.20103
 *
Epoch 2 | Train: loss: 1.90421 | quality: 0.27865
        | Val:   loss: 1.93976 | quality: 0.25231
 *
Epoch 3 | Train: loss: 1.87441 | quality: 0.30790
        | Val:   loss: 1.93770 | quality: 0.29436
 *
Epoch 4 | Train: loss: 1.83336 | quality: 0.34814
        | Val:   loss: 1.95617 | quality: 0.31897
 *
Epoch 5 | Train: loss: 1.78743 | quality: 0.39147
        | Val:   loss: 1.97446 | quality: 0.32000
 *
Epoch 6 | Train: loss: 1.74272 | quality: 0.41962
        | Val:   loss: 2.00428 | quality: 0.31795

Epoch 7 | Train: loss: 1.71232 | quality: 0.44359
        | Val:   loss: 2.02529 | quality: 0.33026
 *
Epoch 8 | Train: loss: 1.67742 | quality: 0.45832
        | Val:   loss: 2.04408 | quality: 0.33744
 *
Epoch 9 | Train: loss: 1.63461 | quality: 0.46646
        | Val:   loss: 2.07054 | quality: 0.34256
 *
Epoch 10 | Train: loss: 1.61693 | quality: 0.48845
        | Val:   loss: 2.07444 | quality: 0.36821
 *
Epoch 11 | Train: loss: 1.60742 | quality: 0.49747
        | Val:   loss: 2.07104 | quality: 0.36513

Epoch 12 | Train: loss: 1.60031 | quality: 0.50165
        | Val:   loss: 2.06725 | quality: 0.37641
 *
Epoch 13 | Train: loss: 1.59403 | quality: 0.50209
        | Val:   loss: 2.06606 | quality: 0.37026

Epoch 14 | Train: loss: 1.58867 | quality: 0.51177
        | Val:   loss: 2.06813 | quality: 0.37846
 *
Epoch 15 | Train: loss: 1.58418 | quality: 0.51221
        | Val:   loss: 2.07129 | quality: 0.37744

Epoch 16 | Train: loss: 1.58046 | quality: 0.51858
        | Val:   loss: 2.07401 | quality: 0.37846
 *
Epoch 17 | Train: loss: 1.57754 | quality: 0.51946
        | Val:   loss: 2.07566 | quality: 0.38051
 *
Epoch 18 | Train: loss: 1.57548 | quality: 0.51792
        | Val:   loss: 2.07687 | quality: 0.38256
 *
Epoch 19 | Train: loss: 1.57405 | quality: 0.51814
        | Val:   loss: 2.07864 | quality: 0.38256

Epoch 20 | Train: loss: 1.57299 | quality: 0.52122
        | Val:   loss: 2.08103 | quality: 0.37846


Best epoch: 18 (val_quality=0.382564)
[2026-05-02 00:50:05,816][__main__][INFO] - ✓ DONE TNML_F/winequalityc/NTN L=4 bd=8 seed=10090 -> /zhome/6b/e/212868/GTN/outputs/ntn/winequalityc/TNML_F_rg5_init0.1/L4_bd8_seed10090 | val=0.3826
[2026-05-02 00:50:05,819][HYDRA] 	#7 : model.L=4 model.bond_dim=8 seed=32874 trainer.ridge=5 trainer.ridge_decay=0.25 trainer.ridge_min=0.0001 +experiment=uci_ntn_sweep model=tnml_f dataset=winequalityc
[2026-05-02 00:50:05,975][__main__][INFO] - ▶ RUN TNML_F/winequalityc/NTN L=4 bd=8 seed=32874 -> /zhome/6b/e/212868/GTN/outputs/ntn/winequalityc/TNML_F_rg5_init0.1/L4_bd8_seed32874
Starting Fit: 20 epochs.
Sweep Order: ['Node0', 'Node1', 'Node2', 'Node3', 'Node4', 'Node5', 'Node6', 'Node7', 'Node8', 'Node9', 'Node10', 'Node9', 'Node8', 'Node7', 'Node6', 'Node5', 'Node4', 'Node3', 'Node2', 'Node1']
Validation: Using separate validation set for best model selection
Early stopping: patience=10, min_delta=0.001
Init    | Train: loss: 2.11995 | quality: 0.13218
        | Val:   loss: 2.11566 | quality: 0.13026
Epoch 1 | Train: loss: 1.92315 | quality: 0.26919
        | Val:   loss: 1.93164 | quality: 0.25333
 *
Epoch 2 | Train: loss: 1.90624 | quality: 0.30614
        | Val:   loss: 1.93472 | quality: 0.26359
 *
Epoch 3 | Train: loss: 1.88702 | quality: 0.30987
        | Val:   loss: 1.93552 | quality: 0.27590
 *
Epoch 4 | Train: loss: 1.86330 | quality: 0.33473
        | Val:   loss: 1.94372 | quality: 0.29231
 *
Epoch 5 | Train: loss: 1.82932 | quality: 0.36991
        | Val:   loss: 1.95659 | quality: 0.32000
 *
Epoch 6 | Train: loss: 1.79624 | quality: 0.39675
        | Val:   loss: 1.95830 | quality: 0.33026
 *
Epoch 7 | Train: loss: 1.76632 | quality: 0.41632
        | Val:   loss: 1.98174 | quality: 0.33436
 *
Epoch 8 | Train: loss: 1.73660 | quality: 0.43589
        | Val:   loss: 2.00529 | quality: 0.34769
 *
Epoch 9 | Train: loss: 1.67482 | quality: 0.45722
        | Val:   loss: 1.98554 | quality: 0.36000
 *
Epoch 10 | Train: loss: 1.64206 | quality: 0.48076
        | Val:   loss: 1.98057 | quality: 0.38872
 *
Epoch 11 | Train: loss: 1.62709 | quality: 0.49549
        | Val:   loss: 1.98735 | quality: 0.38359

Epoch 12 | Train: loss: 1.61847 | quality: 0.49879
        | Val:   loss: 1.99314 | quality: 0.37641

Epoch 13 | Train: loss: 1.61223 | quality: 0.50077
        | Val:   loss: 1.99477 | quality: 0.38359

Epoch 14 | Train: loss: 1.60685 | quality: 0.50055
        | Val:   loss: 1.99492 | quality: 0.37846

Epoch 15 | Train: loss: 1.60207 | quality: 0.50297
        | Val:   loss: 1.99534 | quality: 0.38462

Epoch 16 | Train: loss: 1.59835 | quality: 0.50649
        | Val:   loss: 1.99636 | quality: 0.39385
 *
Epoch 17 | Train: loss: 1.59578 | quality: 0.50715
        | Val:   loss: 1.99815 | quality: 0.40513
 *
Epoch 18 | Train: loss: 1.59400 | quality: 0.50825
        | Val:   loss: 2.00053 | quality: 0.40615
 *
Epoch 19 | Train: loss: 1.59267 | quality: 0.51067
        | Val:   loss: 2.00320 | quality: 0.40205

Epoch 20 | Train: loss: 1.59159 | quality: 0.50913
        | Val:   loss: 2.00581 | quality: 0.39692


Best epoch: 18 (val_quality=0.406154)
[2026-05-02 00:50:54,383][__main__][INFO] - ✓ DONE TNML_F/winequalityc/NTN L=4 bd=8 seed=32874 -> /zhome/6b/e/212868/GTN/outputs/ntn/winequalityc/TNML_F_rg5_init0.1/L4_bd8_seed32874 | val=0.4062
[2026-05-02 00:50:54,386][HYDRA] 	#8 : model.L=4 model.bond_dim=8 seed=47311 trainer.ridge=5 trainer.ridge_decay=0.25 trainer.ridge_min=0.0001 +experiment=uci_ntn_sweep model=tnml_f dataset=winequalityc
[2026-05-02 00:50:54,550][__main__][INFO] - ▶ RUN TNML_F/winequalityc/NTN L=4 bd=8 seed=47311 -> /zhome/6b/e/212868/GTN/outputs/ntn/winequalityc/TNML_F_rg5_init0.1/L4_bd8_seed47311
Starting Fit: 20 epochs.
Sweep Order: ['Node0', 'Node1', 'Node2', 'Node3', 'Node4', 'Node5', 'Node6', 'Node7', 'Node8', 'Node9', 'Node10', 'Node9', 'Node8', 'Node7', 'Node6', 'Node5', 'Node4', 'Node3', 'Node2', 'Node1']
Validation: Using separate validation set for best model selection
Early stopping: patience=10, min_delta=0.001
Init    | Train: loss: 2.09845 | quality: 0.10842
        | Val:   loss: 2.10386 | quality: 0.09744
Epoch 1 | Train: loss: 1.92477 | quality: 0.34836
        | Val:   loss: 1.93161 | quality: 0.35385
 *
Epoch 2 | Train: loss: 1.90580 | quality: 0.36046
        | Val:   loss: 1.93117 | quality: 0.33846

Epoch 3 | Train: loss: 1.89065 | quality: 0.38311
        | Val:   loss: 1.95505 | quality: 0.36308
 *
Epoch 4 | Train: loss: 1.87151 | quality: 0.38905
        | Val:   loss: 1.97271 | quality: 0.34872

Epoch 5 | Train: loss: 1.84271 | quality: 0.41258
        | Val:   loss: 1.98083 | quality: 0.33641

Epoch 6 | Train: loss: 1.81772 | quality: 0.41544
        | Val:   loss: 1.99530 | quality: 0.35282

Epoch 7 | Train: loss: 1.79952 | quality: 0.42270
        | Val:   loss: 1.99108 | quality: 0.35795

Epoch 8 | Train: loss: 1.76169 | quality: 0.44535
        | Val:   loss: 1.95850 | quality: 0.37949
 *
Epoch 9 | Train: loss: 1.70710 | quality: 0.45942
        | Val:   loss: 1.99522 | quality: 0.37231

Epoch 10 | Train: loss: 1.66881 | quality: 0.48406
        | Val:   loss: 2.04686 | quality: 0.37949
 *
Epoch 11 | Train: loss: 1.65202 | quality: 0.49439
        | Val:   loss: 2.06220 | quality: 0.37744

Epoch 12 | Train: loss: 1.63987 | quality: 0.49065
        | Val:   loss: 2.06427 | quality: 0.38256
 *
Epoch 13 | Train: loss: 1.63131 | quality: 0.48999
        | Val:   loss: 2.06628 | quality: 0.37744

Epoch 14 | Train: loss: 1.62540 | quality: 0.48977
        | Val:   loss: 2.06931 | quality: 0.37436

Epoch 15 | Train: loss: 1.62024 | quality: 0.48823
        | Val:   loss: 2.07065 | quality: 0.37949

Epoch 16 | Train: loss: 1.61476 | quality: 0.49197
        | Val:   loss: 2.06890 | quality: 0.38974
 *
Epoch 17 | Train: loss: 1.60888 | quality: 0.49659
        | Val:   loss: 2.06535 | quality: 0.39897
 *
Epoch 18 | Train: loss: 1.60331 | quality: 0.49637
        | Val:   loss: 2.06202 | quality: 0.39179

Epoch 19 | Train: loss: 1.59851 | quality: 0.49945
        | Val:   loss: 2.06055 | quality: 0.38974

Epoch 20 | Train: loss: 1.59428 | quality: 0.49439
        | Val:   loss: 2.06134 | quality: 0.38564


Best epoch: 17 (val_quality=0.398974)
[2026-05-02 00:51:42,110][__main__][INFO] - ✓ DONE TNML_F/winequalityc/NTN L=4 bd=8 seed=47311 -> /zhome/6b/e/212868/GTN/outputs/ntn/winequalityc/TNML_F_rg5_init0.1/L4_bd8_seed47311 | val=0.3990
[2026-05-02 00:51:42,113][HYDRA] 	#9 : model.L=4 model.bond_dim=8 seed=47303 trainer.ridge=5 trainer.ridge_decay=0.25 trainer.ridge_min=0.0001 +experiment=uci_ntn_sweep model=tnml_f dataset=winequalityc
[2026-05-02 00:51:42,266][__main__][INFO] - ▶ RUN TNML_F/winequalityc/NTN L=4 bd=8 seed=47303 -> /zhome/6b/e/212868/GTN/outputs/ntn/winequalityc/TNML_F_rg5_init0.1/L4_bd8_seed47303
Starting Fit: 20 epochs.
Sweep Order: ['Node0', 'Node1', 'Node2', 'Node3', 'Node4', 'Node5', 'Node6', 'Node7', 'Node8', 'Node9', 'Node10', 'Node9', 'Node8', 'Node7', 'Node6', 'Node5', 'Node4', 'Node3', 'Node2', 'Node1']
Validation: Using separate validation set for best model selection
Early stopping: patience=10, min_delta=0.001
Init    | Train: loss: 2.01456 | quality: 0.12096
        | Val:   loss: 2.01638 | quality: 0.11692
Epoch 1 | Train: loss: 1.91736 | quality: 0.31229
        | Val:   loss: 1.94599 | quality: 0.27385
 *
Epoch 2 | Train: loss: 1.90298 | quality: 0.31801
        | Val:   loss: 1.94516 | quality: 0.28821
 *
Epoch 3 | Train: loss: 1.88769 | quality: 0.35672
        | Val:   loss: 1.94997 | quality: 0.32205
 *
Epoch 4 | Train: loss: 1.86916 | quality: 0.36508
        | Val:   loss: 1.93856 | quality: 0.34051
 *
Epoch 5 | Train: loss: 1.83805 | quality: 0.39740
        | Val:   loss: 1.96108 | quality: 0.33128

Epoch 6 | Train: loss: 1.80733 | quality: 0.40752
        | Val:   loss: 1.97464 | quality: 0.32615

Epoch 7 | Train: loss: 1.77824 | quality: 0.41896
        | Val:   loss: 1.96653 | quality: 0.33744

Epoch 8 | Train: loss: 1.74997 | quality: 0.44843
        | Val:   loss: 1.97933 | quality: 0.34974
 *
Epoch 9 | Train: loss: 1.68489 | quality: 0.47680
        | Val:   loss: 1.96577 | quality: 0.36103
 *
Epoch 10 | Train: loss: 1.64707 | quality: 0.49043
        | Val:   loss: 1.97004 | quality: 0.36615
 *
Epoch 11 | Train: loss: 1.62244 | quality: 0.50165
        | Val:   loss: 1.99831 | quality: 0.36718
 *
Epoch 12 | Train: loss: 1.60859 | quality: 0.50319
        | Val:   loss: 2.03401 | quality: 0.37436
 *
Epoch 13 | Train: loss: 1.60049 | quality: 0.50913
        | Val:   loss: 2.06590 | quality: 0.37333

Epoch 14 | Train: loss: 1.59570 | quality: 0.51594
        | Val:   loss: 2.08825 | quality: 0.37026

Epoch 15 | Train: loss: 1.59286 | quality: 0.51441
        | Val:   loss: 2.10167 | quality: 0.37231

Epoch 16 | Train: loss: 1.59090 | quality: 0.51397
        | Val:   loss: 2.11000 | quality: 0.37231

Epoch 17 | Train: loss: 1.58933 | quality: 0.51616
        | Val:   loss: 2.11567 | quality: 0.37846
 *
Epoch 18 | Train: loss: 1.58792 | quality: 0.52012
        | Val:   loss: 2.11984 | quality: 0.37641

Epoch 19 | Train: loss: 1.58664 | quality: 0.52298
        | Val:   loss: 2.12306 | quality: 0.38051
 *
Epoch 20 | Train: loss: 1.58548 | quality: 0.52320
        | Val:   loss: 2.12551 | quality: 0.37333


Best epoch: 19 (val_quality=0.380513)
[2026-05-02 00:52:30,255][__main__][INFO] - ✓ DONE TNML_F/winequalityc/NTN L=4 bd=8 seed=47303 -> /zhome/6b/e/212868/GTN/outputs/ntn/winequalityc/TNML_F_rg5_init0.1/L4_bd8_seed47303 | val=0.3805
[2026-05-02 00:52:30,258][HYDRA] 	#10 : model.L=4 model.bond_dim=4 seed=42 trainer.ridge=5 trainer.ridge_decay=0.25 trainer.ridge_min=0.0001 +experiment=uci_ntn_sweep model=tnml_f dataset=winequalityc
[2026-05-02 00:52:30,412][__main__][INFO] - ▶ RUN TNML_F/winequalityc/NTN L=4 bd=4 seed=42 -> /zhome/6b/e/212868/GTN/outputs/ntn/winequalityc/TNML_F_rg5_init0.1/L4_bd4_seed42
Starting Fit: 20 epochs.
Sweep Order: ['Node0', 'Node1', 'Node2', 'Node3', 'Node4', 'Node5', 'Node6', 'Node7', 'Node8', 'Node9', 'Node10', 'Node9', 'Node8', 'Node7', 'Node6', 'Node5', 'Node4', 'Node3', 'Node2', 'Node1']
Validation: Using separate validation set for best model selection
Early stopping: patience=10, min_delta=0.001
Init    | Train: loss: 1.95808 | quality: 0.13327
        | Val:   loss: 1.96244 | quality: 0.15487
Epoch 1 | Train: loss: 1.93439 | quality: 0.24808
        | Val:   loss: 1.93479 | quality: 0.25026
 *
Epoch 2 | Train: loss: 1.92188 | quality: 0.34220
        | Val:   loss: 1.93061 | quality: 0.34769
 *
Epoch 3 | Train: loss: 1.91209 | quality: 0.34836
        | Val:   loss: 1.93196 | quality: 0.33538

Epoch 4 | Train: loss: 1.90151 | quality: 0.34968
        | Val:   loss: 1.94001 | quality: 0.33231

Epoch 5 | Train: loss: 1.89174 | quality: 0.34242
        | Val:   loss: 1.94373 | quality: 0.32410

Epoch 6 | Train: loss: 1.88046 | quality: 0.35364
        | Val:   loss: 1.94373 | quality: 0.33436

Epoch 7 | Train: loss: 1.85948 | quality: 0.37365
        | Val:   loss: 1.95349 | quality: 0.34051

Epoch 8 | Train: loss: 1.84182 | quality: 0.39037
        | Val:   loss: 1.95955 | quality: 0.33949

Epoch 9 | Train: loss: 1.82953 | quality: 0.39301
        | Val:   loss: 1.97567 | quality: 0.33846

Epoch 10 | Train: loss: 1.82028 | quality: 0.39521
        | Val:   loss: 1.98105 | quality: 0.33231

Epoch 11 | Train: loss: 1.81375 | quality: 0.39850
        | Val:   loss: 1.98233 | quality: 0.34769
 *
Epoch 12 | Train: loss: 1.80985 | quality: 0.40532
        | Val:   loss: 1.98743 | quality: 0.35590
 *
Epoch 13 | Train: loss: 1.80775 | quality: 0.40664
        | Val:   loss: 1.99173 | quality: 0.34974

Epoch 14 | Train: loss: 1.80643 | quality: 0.40488
        | Val:   loss: 1.99435 | quality: 0.35179

Epoch 15 | Train: loss: 1.80534 | quality: 0.41038
        | Val:   loss: 1.99557 | quality: 0.34667

Epoch 16 | Train: loss: 1.80412 | quality: 0.41324
        | Val:   loss: 1.99594 | quality: 0.34359

Epoch 17 | Train: loss: 1.80262 | quality: 0.41786
        | Val:   loss: 1.99624 | quality: 0.35077

Epoch 18 | Train: loss: 1.80101 | quality: 0.42050
        | Val:   loss: 1.99724 | quality: 0.35385

Epoch 19 | Train: loss: 1.79975 | quality: 0.41456
        | Val:   loss: 1.99879 | quality: 0.35077

Epoch 20 | Train: loss: 1.79896 | quality: 0.41390
        | Val:   loss: 2.00019 | quality: 0.35179


Best epoch: 12 (val_quality=0.355897)
[2026-05-02 00:53:30,057][__main__][INFO] - ✓ DONE TNML_F/winequalityc/NTN L=4 bd=4 seed=42 -> /zhome/6b/e/212868/GTN/outputs/ntn/winequalityc/TNML_F_rg5_init0.1/L4_bd4_seed42 | val=0.3559
[2026-05-02 00:53:30,060][HYDRA] 	#11 : model.L=4 model.bond_dim=4 seed=10090 trainer.ridge=5 trainer.ridge_decay=0.25 trainer.ridge_min=0.0001 +experiment=uci_ntn_sweep model=tnml_f dataset=winequalityc
[2026-05-02 00:53:30,212][__main__][INFO] - ▶ RUN TNML_F/winequalityc/NTN L=4 bd=4 seed=10090 -> /zhome/6b/e/212868/GTN/outputs/ntn/winequalityc/TNML_F_rg5_init0.1/L4_bd4_seed10090
Starting Fit: 20 epochs.
Sweep Order: ['Node0', 'Node1', 'Node2', 'Node3', 'Node4', 'Node5', 'Node6', 'Node7', 'Node8', 'Node9', 'Node10', 'Node9', 'Node8', 'Node7', 'Node6', 'Node5', 'Node4', 'Node3', 'Node2', 'Node1']
Validation: Using separate validation set for best model selection
Early stopping: patience=10, min_delta=0.001
Init    | Train: loss: 1.96140 | quality: 0.11568
        | Val:   loss: 1.96354 | quality: 0.12000
Epoch 1 | Train: loss: 1.93845 | quality: 0.26017
        | Val:   loss: 1.94015 | quality: 0.25846
 *
Epoch 2 | Train: loss: 1.93218 | quality: 0.27887
        | Val:   loss: 1.93987 | quality: 0.26667
 *
Epoch 3 | Train: loss: 1.92105 | quality: 0.32703
        | Val:   loss: 1.93749 | quality: 0.30974
 *
Epoch 4 | Train: loss: 1.90346 | quality: 0.39806
        | Val:   loss: 1.94072 | quality: 0.36205
 *
Epoch 5 | Train: loss: 1.89127 | quality: 0.40378
        | Val:   loss: 1.95082 | quality: 0.37949
 *
Epoch 6 | Train: loss: 1.87756 | quality: 0.40114
        | Val:   loss: 1.94304 | quality: 0.38359
 *
Epoch 7 | Train: loss: 1.86239 | quality: 0.40686
        | Val:   loss: 1.95025 | quality: 0.37026

Epoch 8 | Train: loss: 1.85172 | quality: 0.40884
        | Val:   loss: 1.95596 | quality: 0.37744

Epoch 9 | Train: loss: 1.82560 | quality: 0.41874
        | Val:   loss: 1.94182 | quality: 0.37231

Epoch 10 | Train: loss: 1.81859 | quality: 0.42116
        | Val:   loss: 1.94049 | quality: 0.37744

Epoch 11 | Train: loss: 1.81464 | quality: 0.42248
        | Val:   loss: 1.94164 | quality: 0.38667
 *
Epoch 12 | Train: loss: 1.81049 | quality: 0.42512
        | Val:   loss: 1.94137 | quality: 0.39692
 *
Epoch 13 | Train: loss: 1.80702 | quality: 0.42138
        | Val:   loss: 1.94053 | quality: 0.39590

Epoch 14 | Train: loss: 1.80472 | quality: 0.41962
        | Val:   loss: 1.94095 | quality: 0.38667

Epoch 15 | Train: loss: 1.80258 | quality: 0.42204
        | Val:   loss: 1.94163 | quality: 0.37949

Epoch 16 | Train: loss: 1.80001 | quality: 0.42182
        | Val:   loss: 1.94108 | quality: 0.38872

Epoch 17 | Train: loss: 1.79736 | quality: 0.42841
        | Val:   loss: 1.93808 | quality: 0.38667

Epoch 18 | Train: loss: 1.79554 | quality: 0.42775
        | Val:   loss: 1.93363 | quality: 0.39077

Epoch 19 | Train: loss: 1.79464 | quality: 0.43787
        | Val:   loss: 1.93002 | quality: 0.39179

Epoch 20 | Train: loss: 1.79424 | quality: 0.43545
        | Val:   loss: 1.92789 | quality: 0.38359


Best epoch: 12 (val_quality=0.396923)
[2026-05-02 00:54:09,126][__main__][INFO] - ✓ DONE TNML_F/winequalityc/NTN L=4 bd=4 seed=10090 -> /zhome/6b/e/212868/GTN/outputs/ntn/winequalityc/TNML_F_rg5_init0.1/L4_bd4_seed10090 | val=0.3969
[2026-05-02 00:54:09,128][HYDRA] 	#12 : model.L=4 model.bond_dim=4 seed=32874 trainer.ridge=5 trainer.ridge_decay=0.25 trainer.ridge_min=0.0001 +experiment=uci_ntn_sweep model=tnml_f dataset=winequalityc
[2026-05-02 00:54:09,283][__main__][INFO] - ▶ RUN TNML_F/winequalityc/NTN L=4 bd=4 seed=32874 -> /zhome/6b/e/212868/GTN/outputs/ntn/winequalityc/TNML_F_rg5_init0.1/L4_bd4_seed32874
Starting Fit: 20 epochs.
Sweep Order: ['Node0', 'Node1', 'Node2', 'Node3', 'Node4', 'Node5', 'Node6', 'Node7', 'Node8', 'Node9', 'Node10', 'Node9', 'Node8', 'Node7', 'Node6', 'Node5', 'Node4', 'Node3', 'Node2', 'Node1']
Validation: Using separate validation set for best model selection
Early stopping: patience=10, min_delta=0.001
Init    | Train: loss: 1.96296 | quality: 0.13811
        | Val:   loss: 1.95696 | quality: 0.14051
Epoch 1 | Train: loss: 1.93983 | quality: 0.28414
        | Val:   loss: 1.94501 | quality: 0.26974
 *
Epoch 2 | Train: loss: 1.93344 | quality: 0.28194
        | Val:   loss: 1.94367 | quality: 0.26667

Epoch 3 | Train: loss: 1.92057 | quality: 0.29800
        | Val:   loss: 1.93528 | quality: 0.28821
 *
Epoch 4 | Train: loss: 1.90533 | quality: 0.31119
        | Val:   loss: 1.93571 | quality: 0.27795

Epoch 5 | Train: loss: 1.89695 | quality: 0.32285
        | Val:   loss: 1.94845 | quality: 0.27897

Epoch 6 | Train: loss: 1.88123 | quality: 0.34836
        | Val:   loss: 1.95625 | quality: 0.29436
 *
Epoch 7 | Train: loss: 1.87371 | quality: 0.36266
        | Val:   loss: 1.94719 | quality: 0.32308
 *
Epoch 8 | Train: loss: 1.85949 | quality: 0.36728
        | Val:   loss: 1.95003 | quality: 0.31077

Epoch 9 | Train: loss: 1.83770 | quality: 0.37475
        | Val:   loss: 1.94576 | quality: 0.31795

Epoch 10 | Train: loss: 1.82407 | quality: 0.38487
        | Val:   loss: 1.96403 | quality: 0.33026
 *
Epoch 11 | Train: loss: 1.81876 | quality: 0.38597
        | Val:   loss: 1.96695 | quality: 0.32923

Epoch 12 | Train: loss: 1.81422 | quality: 0.39521
        | Val:   loss: 1.96976 | quality: 0.33436
 *
Epoch 13 | Train: loss: 1.81154 | quality: 0.40048
        | Val:   loss: 1.96950 | quality: 0.32410

Epoch 14 | Train: loss: 1.81037 | quality: 0.39938
        | Val:   loss: 1.96868 | quality: 0.32205

Epoch 15 | Train: loss: 1.80966 | quality: 0.39740
        | Val:   loss: 1.96844 | quality: 0.32718

Epoch 16 | Train: loss: 1.80908 | quality: 0.39697
        | Val:   loss: 1.96870 | quality: 0.32308

Epoch 17 | Train: loss: 1.80854 | quality: 0.39982
        | Val:   loss: 1.96921 | quality: 0.33026

Epoch 18 | Train: loss: 1.80803 | quality: 0.40290
        | Val:   loss: 1.96971 | quality: 0.34051
 *
Epoch 19 | Train: loss: 1.80757 | quality: 0.40488
        | Val:   loss: 1.97004 | quality: 0.33538

Epoch 20 | Train: loss: 1.80714 | quality: 0.40642
        | Val:   loss: 1.97016 | quality: 0.33641


Best epoch: 18 (val_quality=0.340513)
[2026-05-02 00:54:49,073][__main__][INFO] - ✓ DONE TNML_F/winequalityc/NTN L=4 bd=4 seed=32874 -> /zhome/6b/e/212868/GTN/outputs/ntn/winequalityc/TNML_F_rg5_init0.1/L4_bd4_seed32874 | val=0.3405
[2026-05-02 00:54:49,076][HYDRA] 	#13 : model.L=4 model.bond_dim=4 seed=47311 trainer.ridge=5 trainer.ridge_decay=0.25 trainer.ridge_min=0.0001 +experiment=uci_ntn_sweep model=tnml_f dataset=winequalityc
[2026-05-02 00:54:49,227][__main__][INFO] - ▶ RUN TNML_F/winequalityc/NTN L=4 bd=4 seed=47311 -> /zhome/6b/e/212868/GTN/outputs/ntn/winequalityc/TNML_F_rg5_init0.1/L4_bd4_seed47311
Starting Fit: 20 epochs.
Sweep Order: ['Node0', 'Node1', 'Node2', 'Node3', 'Node4', 'Node5', 'Node6', 'Node7', 'Node8', 'Node9', 'Node10', 'Node9', 'Node8', 'Node7', 'Node6', 'Node5', 'Node4', 'Node3', 'Node2', 'Node1']
Validation: Using separate validation set for best model selection
Early stopping: patience=10, min_delta=0.001
Init    | Train: loss: 1.98819 | quality: 0.06884
        | Val:   loss: 1.98726 | quality: 0.06974
Epoch 1 | Train: loss: 1.93236 | quality: 0.27667
        | Val:   loss: 1.93472 | quality: 0.28821
 *
Epoch 2 | Train: loss: 1.92411 | quality: 0.30416
        | Val:   loss: 1.93839 | quality: 0.31077
 *
Epoch 3 | Train: loss: 1.91532 | quality: 0.31691
        | Val:   loss: 1.94627 | quality: 0.31795
 *
Epoch 4 | Train: loss: 1.90829 | quality: 0.34154
        | Val:   loss: 1.94120 | quality: 0.33333
 *
Epoch 5 | Train: loss: 1.89997 | quality: 0.33297
        | Val:   loss: 1.94194 | quality: 0.32821

Epoch 6 | Train: loss: 1.88505 | quality: 0.35452
        | Val:   loss: 1.96674 | quality: 0.34256
 *
Epoch 7 | Train: loss: 1.87226 | quality: 0.36222
        | Val:   loss: 1.97305 | quality: 0.33231

Epoch 8 | Train: loss: 1.85212 | quality: 0.38795
        | Val:   loss: 1.98755 | quality: 0.35179
 *
Epoch 9 | Train: loss: 1.82892 | quality: 0.39587
        | Val:   loss: 1.99035 | quality: 0.36615
 *
Epoch 10 | Train: loss: 1.81393 | quality: 0.41456
        | Val:   loss: 1.98267 | quality: 0.36615
 *
Epoch 11 | Train: loss: 1.80864 | quality: 0.41786
        | Val:   loss: 1.98142 | quality: 0.36103

Epoch 12 | Train: loss: 1.80704 | quality: 0.42160
        | Val:   loss: 1.97906 | quality: 0.37128
 *
Epoch 13 | Train: loss: 1.80634 | quality: 0.41698
        | Val:   loss: 1.97624 | quality: 0.36923

Epoch 14 | Train: loss: 1.80585 | quality: 0.41544
        | Val:   loss: 1.97387 | quality: 0.35692

Epoch 15 | Train: loss: 1.80539 | quality: 0.41918
        | Val:   loss: 1.97220 | quality: 0.35795

Epoch 16 | Train: loss: 1.80494 | quality: 0.42006
        | Val:   loss: 1.97120 | quality: 0.36103

Epoch 17 | Train: loss: 1.80451 | quality: 0.41478
        | Val:   loss: 1.97075 | quality: 0.35897

Epoch 18 | Train: loss: 1.80411 | quality: 0.41698
        | Val:   loss: 1.97068 | quality: 0.35897

Epoch 19 | Train: loss: 1.80369 | quality: 0.41808
        | Val:   loss: 1.97082 | quality: 0.36513

Epoch 20 | Train: loss: 1.80318 | quality: 0.41654
        | Val:   loss: 1.97111 | quality: 0.37333
 *

Best epoch: 20 (val_quality=0.373333)
[2026-05-02 00:55:28,687][__main__][INFO] - ✓ DONE TNML_F/winequalityc/NTN L=4 bd=4 seed=47311 -> /zhome/6b/e/212868/GTN/outputs/ntn/winequalityc/TNML_F_rg5_init0.1/L4_bd4_seed47311 | val=0.3733
[2026-05-02 00:55:28,690][HYDRA] 	#14 : model.L=4 model.bond_dim=4 seed=47303 trainer.ridge=5 trainer.ridge_decay=0.25 trainer.ridge_min=0.0001 +experiment=uci_ntn_sweep model=tnml_f dataset=winequalityc
[2026-05-02 00:55:28,840][__main__][INFO] - ▶ RUN TNML_F/winequalityc/NTN L=4 bd=4 seed=47303 -> /zhome/6b/e/212868/GTN/outputs/ntn/winequalityc/TNML_F_rg5_init0.1/L4_bd4_seed47303
Starting Fit: 20 epochs.
Sweep Order: ['Node0', 'Node1', 'Node2', 'Node3', 'Node4', 'Node5', 'Node6', 'Node7', 'Node8', 'Node9', 'Node10', 'Node9', 'Node8', 'Node7', 'Node6', 'Node5', 'Node4', 'Node3', 'Node2', 'Node1']
Validation: Using separate validation set for best model selection
Early stopping: patience=10, min_delta=0.001
Init    | Train: loss: 1.97927 | quality: 0.15395
        | Val:   loss: 1.99246 | quality: 0.13641
Epoch 1 | Train: loss: 1.93782 | quality: 0.27359
        | Val:   loss: 1.94336 | quality: 0.25744
 *
Epoch 2 | Train: loss: 1.93125 | quality: 0.24786
        | Val:   loss: 1.93964 | quality: 0.26667
 *
Epoch 3 | Train: loss: 1.92209 | quality: 0.26281
        | Val:   loss: 1.93314 | quality: 0.26462

Epoch 4 | Train: loss: 1.90933 | quality: 0.29536
        | Val:   loss: 1.93152 | quality: 0.28923
 *
Epoch 5 | Train: loss: 1.89803 | quality: 0.33165
        | Val:   loss: 1.94069 | quality: 0.29128
 *
Epoch 6 | Train: loss: 1.89059 | quality: 0.34506
        | Val:   loss: 1.95976 | quality: 0.30564
 *
Epoch 7 | Train: loss: 1.87560 | quality: 0.34682
        | Val:   loss: 1.95892 | quality: 0.29538

Epoch 8 | Train: loss: 1.85531 | quality: 0.35694
        | Val:   loss: 1.95811 | quality: 0.28923

Epoch 9 | Train: loss: 1.82979 | quality: 0.37827
        | Val:   loss: 1.97855 | quality: 0.30462

Epoch 10 | Train: loss: 1.81814 | quality: 0.39850
        | Val:   loss: 1.97730 | quality: 0.31282
 *
Epoch 11 | Train: loss: 1.81391 | quality: 0.39916
        | Val:   loss: 1.97279 | quality: 0.32410
 *
Epoch 12 | Train: loss: 1.81199 | quality: 0.39894
        | Val:   loss: 1.96914 | quality: 0.31897

Epoch 13 | Train: loss: 1.81092 | quality: 0.39806
        | Val:   loss: 1.96722 | quality: 0.32923
 *
Epoch 14 | Train: loss: 1.81010 | quality: 0.39916
        | Val:   loss: 1.96644 | quality: 0.33436
 *
Epoch 15 | Train: loss: 1.80923 | quality: 0.40268
        | Val:   loss: 1.96644 | quality: 0.33333

Epoch 16 | Train: loss: 1.80806 | quality: 0.40840
        | Val:   loss: 1.96720 | quality: 0.33333

Epoch 17 | Train: loss: 1.80640 | quality: 0.41434
        | Val:   loss: 1.96885 | quality: 0.34564
 *
Epoch 18 | Train: loss: 1.80445 | quality: 0.41918
        | Val:   loss: 1.97112 | quality: 0.35487
 *
Epoch 19 | Train: loss: 1.80287 | quality: 0.41962
        | Val:   loss: 1.97335 | quality: 0.34154

Epoch 20 | Train: loss: 1.80192 | quality: 0.42028
        | Val:   loss: 1.97515 | quality: 0.34974


Best epoch: 18 (val_quality=0.354872)
[2026-05-02 00:56:07,712][__main__][INFO] - ✓ DONE TNML_F/winequalityc/NTN L=4 bd=4 seed=47303 -> /zhome/6b/e/212868/GTN/outputs/ntn/winequalityc/TNML_F_rg5_init0.1/L4_bd4_seed47303 | val=0.3549
[2026-05-02 00:56:07,715][HYDRA] 	#15 : model.L=3 model.bond_dim=12 seed=42 trainer.ridge=5 trainer.ridge_decay=0.25 trainer.ridge_min=0.0001 +experiment=uci_ntn_sweep model=tnml_f dataset=winequalityc
[2026-05-02 00:56:07,861][__main__][INFO] - ▶ RUN TNML_F/winequalityc/NTN L=3 bd=12 seed=42 -> /zhome/6b/e/212868/GTN/outputs/ntn/winequalityc/TNML_F_rg5_init0.1/L3_bd12_seed42
Starting Fit: 20 epochs.
Sweep Order: ['Node0', 'Node1', 'Node2', 'Node3', 'Node4', 'Node5', 'Node6', 'Node7', 'Node8', 'Node9', 'Node10', 'Node9', 'Node8', 'Node7', 'Node6', 'Node5', 'Node4', 'Node3', 'Node2', 'Node1']
Validation: Using separate validation set for best model selection
Early stopping: patience=10, min_delta=0.001
Init    | Train: loss: 1.99717 | quality: 0.15571
        | Val:   loss: 2.00127 | quality: 0.14359
Epoch 1 | Train: loss: 1.89538 | quality: 0.35628
        | Val:   loss: 1.92398 | quality: 0.35385
 *
Epoch 2 | Train: loss: 1.85184 | quality: 0.38971
        | Val:   loss: 1.92736 | quality: 0.33333

Epoch 3 | Train: loss: 1.80431 | quality: 0.41786
        | Val:   loss: 1.94366 | quality: 0.36000
 *
Epoch 4 | Train: loss: 1.76193 | quality: 0.43171
        | Val:   loss: 1.96035 | quality: 0.35179

Epoch 5 | Train: loss: 1.71017 | quality: 0.45722
        | Val:   loss: 1.98867 | quality: 0.37026
 *
Epoch 6 | Train: loss: 1.64479 | quality: 0.48955
        | Val:   loss: 2.01122 | quality: 0.36513

Epoch 7 | Train: loss: 1.59410 | quality: 0.50979
        | Val:   loss: 2.03520 | quality: 0.35897

Epoch 8 | Train: loss: 1.54747 | quality: 0.52540
        | Val:   loss: 2.03599 | quality: 0.39590
 *
Epoch 9 | Train: loss: 1.47356 | quality: 0.55245
        | Val:   loss: 2.10134 | quality: 0.38256

Epoch 10 | Train: loss: 1.43380 | quality: 0.57027
        | Val:   loss: 2.12343 | quality: 0.39692
 *
Epoch 11 | Train: loss: 1.41660 | quality: 0.57796
        | Val:   loss: 2.14439 | quality: 0.39795
 *
Epoch 12 | Train: loss: 1.40821 | quality: 0.58060
        | Val:   loss: 2.16135 | quality: 0.39385

Epoch 13 | Train: loss: 1.40276 | quality: 0.58412
        | Val:   loss: 2.17548 | quality: 0.39179

Epoch 14 | Train: loss: 1.39789 | quality: 0.58566
        | Val:   loss: 2.18838 | quality: 0.39179

Epoch 15 | Train: loss: 1.39311 | quality: 0.58478
        | Val:   loss: 2.20071 | quality: 0.39077

Epoch 16 | Train: loss: 1.38834 | quality: 0.58676
        | Val:   loss: 2.21295 | quality: 0.39487

Epoch 17 | Train: loss: 1.38356 | quality: 0.59050
        | Val:   loss: 2.22451 | quality: 0.39590

Epoch 18 | Train: loss: 1.37922 | quality: 0.59534
        | Val:   loss: 2.23499 | quality: 0.40513
 *
Epoch 19 | Train: loss: 1.37564 | quality: 0.59886
        | Val:   loss: 2.24396 | quality: 0.40513
 *
Epoch 20 | Train: loss: 1.37276 | quality: 0.60084
        | Val:   loss: 2.25101 | quality: 0.41231
 *

Best epoch: 20 (val_quality=0.412308)
[2026-05-02 00:57:25,325][__main__][INFO] - ✓ DONE TNML_F/winequalityc/NTN L=3 bd=12 seed=42 -> /zhome/6b/e/212868/GTN/outputs/ntn/winequalityc/TNML_F_rg5_init0.1/L3_bd12_seed42 | val=0.4123
[2026-05-02 00:57:25,328][HYDRA] 	#16 : model.L=3 model.bond_dim=12 seed=10090 trainer.ridge=5 trainer.ridge_decay=0.25 trainer.ridge_min=0.0001 +experiment=uci_ntn_sweep model=tnml_f dataset=winequalityc
[2026-05-02 00:57:25,655][__main__][INFO] - ▶ RUN TNML_F/winequalityc/NTN L=3 bd=12 seed=10090 -> /zhome/6b/e/212868/GTN/outputs/ntn/winequalityc/TNML_F_rg5_init0.1/L3_bd12_seed10090
Starting Fit: 20 epochs.
Sweep Order: ['Node0', 'Node1', 'Node2', 'Node3', 'Node4', 'Node5', 'Node6', 'Node7', 'Node8', 'Node9', 'Node10', 'Node9', 'Node8', 'Node7', 'Node6', 'Node5', 'Node4', 'Node3', 'Node2', 'Node1']
Validation: Using separate validation set for best model selection
Early stopping: patience=10, min_delta=0.001
Init    | Train: loss: 2.11310 | quality: 0.16868
        | Val:   loss: 2.09514 | quality: 0.15897
Epoch 1 | Train: loss: 1.91673 | quality: 0.25445
        | Val:   loss: 1.93280 | quality: 0.23692
 *
Epoch 2 | Train: loss: 1.88903 | quality: 0.29470
        | Val:   loss: 1.93507 | quality: 0.25641
 *
Epoch 3 | Train: loss: 1.85092 | quality: 0.38729
        | Val:   loss: 1.94879 | quality: 0.33333
 *
Epoch 4 | Train: loss: 1.80069 | quality: 0.42534
        | Val:   loss: 1.96754 | quality: 0.35487
 *
Epoch 5 | Train: loss: 1.75422 | quality: 0.44293
        | Val:   loss: 1.95841 | quality: 0.36103
 *
Epoch 6 | Train: loss: 1.70519 | quality: 0.45283
        | Val:   loss: 1.98567 | quality: 0.37846
 *
Epoch 7 | Train: loss: 1.66668 | quality: 0.46162
        | Val:   loss: 1.99996 | quality: 0.35897

Epoch 8 | Train: loss: 1.62534 | quality: 0.48911
        | Val:   loss: 2.02265 | quality: 0.37026

Epoch 9 | Train: loss: 1.53614 | quality: 0.51814
        | Val:   loss: 2.09784 | quality: 0.36205

Epoch 10 | Train: loss: 1.48383 | quality: 0.54322
        | Val:   loss: 2.17917 | quality: 0.38154
 *
Epoch 11 | Train: loss: 1.46000 | quality: 0.54827
        | Val:   loss: 2.22144 | quality: 0.37949

Epoch 12 | Train: loss: 1.44290 | quality: 0.55575
        | Val:   loss: 2.24291 | quality: 0.38359
 *
Epoch 13 | Train: loss: 1.42874 | quality: 0.56741
        | Val:   loss: 2.25656 | quality: 0.39179
 *
Epoch 14 | Train: loss: 1.41805 | quality: 0.57247
        | Val:   loss: 2.26407 | quality: 0.38564

Epoch 15 | Train: loss: 1.40958 | quality: 0.57774
        | Val:   loss: 2.26950 | quality: 0.38462

Epoch 16 | Train: loss: 1.40226 | quality: 0.57928
        | Val:   loss: 2.27614 | quality: 0.39590
 *
Epoch 17 | Train: loss: 1.39574 | quality: 0.58082
        | Val:   loss: 2.28513 | quality: 0.39795
 *
Epoch 18 | Train: loss: 1.38999 | quality: 0.58060
        | Val:   loss: 2.29744 | quality: 0.40615
 *
Epoch 19 | Train: loss: 1.38509 | quality: 0.58148
        | Val:   loss: 2.31229 | quality: 0.40205

Epoch 20 | Train: loss: 1.38108 | quality: 0.58412
        | Val:   loss: 2.32724 | quality: 0.39487


Best epoch: 18 (val_quality=0.406154)
[2026-05-02 00:58:42,263][__main__][INFO] - ✓ DONE TNML_F/winequalityc/NTN L=3 bd=12 seed=10090 -> /zhome/6b/e/212868/GTN/outputs/ntn/winequalityc/TNML_F_rg5_init0.1/L3_bd12_seed10090 | val=0.4062
[2026-05-02 00:58:42,265][HYDRA] 	#17 : model.L=3 model.bond_dim=12 seed=32874 trainer.ridge=5 trainer.ridge_decay=0.25 trainer.ridge_min=0.0001 +experiment=uci_ntn_sweep model=tnml_f dataset=winequalityc
[2026-05-02 00:58:42,413][__main__][INFO] - ▶ RUN TNML_F/winequalityc/NTN L=3 bd=12 seed=32874 -> /zhome/6b/e/212868/GTN/outputs/ntn/winequalityc/TNML_F_rg5_init0.1/L3_bd12_seed32874
Starting Fit: 20 epochs.
Sweep Order: ['Node0', 'Node1', 'Node2', 'Node3', 'Node4', 'Node5', 'Node6', 'Node7', 'Node8', 'Node9', 'Node10', 'Node9', 'Node8', 'Node7', 'Node6', 'Node5', 'Node4', 'Node3', 'Node2', 'Node1']
Validation: Using separate validation set for best model selection
Early stopping: patience=10, min_delta=0.001
Init    | Train: loss: 2.02448 | quality: 0.16274
        | Val:   loss: 2.03317 | quality: 0.17231
Epoch 1 | Train: loss: 1.90803 | quality: 0.35386
        | Val:   loss: 1.93828 | quality: 0.32718
 *
Epoch 2 | Train: loss: 1.87337 | quality: 0.39191
        | Val:   loss: 1.92941 | quality: 0.37333
 *
Epoch 3 | Train: loss: 1.83389 | quality: 0.41654
        | Val:   loss: 1.93614 | quality: 0.37846
 *
Epoch 4 | Train: loss: 1.78518 | quality: 0.43369
        | Val:   loss: 1.95200 | quality: 0.36513

Epoch 5 | Train: loss: 1.73427 | quality: 0.45525
        | Val:   loss: 1.96088 | quality: 0.37641

Epoch 6 | Train: loss: 1.67236 | quality: 0.48999
        | Val:   loss: 1.98710 | quality: 0.37641

Epoch 7 | Train: loss: 1.62518 | quality: 0.49901
        | Val:   loss: 2.00124 | quality: 0.38051
 *
Epoch 8 | Train: loss: 1.55908 | quality: 0.51550
        | Val:   loss: 2.01628 | quality: 0.38769
 *
Epoch 9 | Train: loss: 1.46741 | quality: 0.55047
        | Val:   loss: 2.04464 | quality: 0.40923
 *
Epoch 10 | Train: loss: 1.43530 | quality: 0.57049
        | Val:   loss: 2.08294 | quality: 0.41128
 *
Epoch 11 | Train: loss: 1.42179 | quality: 0.58038
        | Val:   loss: 2.10763 | quality: 0.41949
 *
Epoch 12 | Train: loss: 1.41178 | quality: 0.58126
        | Val:   loss: 2.12807 | quality: 0.41231

Epoch 13 | Train: loss: 1.40273 | quality: 0.58148
        | Val:   loss: 2.14580 | quality: 0.39897

Epoch 14 | Train: loss: 1.39475 | quality: 0.58566
        | Val:   loss: 2.16110 | quality: 0.39282

Epoch 15 | Train: loss: 1.38784 | quality: 0.59072
        | Val:   loss: 2.17397 | quality: 0.38974

Epoch 16 | Train: loss: 1.38219 | quality: 0.59270
        | Val:   loss: 2.18530 | quality: 0.38564

Epoch 17 | Train: loss: 1.37788 | quality: 0.59314
        | Val:   loss: 2.19632 | quality: 0.39385

Epoch 18 | Train: loss: 1.37469 | quality: 0.59512
        | Val:   loss: 2.20770 | quality: 0.39590

Epoch 19 | Train: loss: 1.37223 | quality: 0.59710
        | Val:   loss: 2.21910 | quality: 0.38872

Epoch 20 | Train: loss: 1.37018 | quality: 0.59314
        | Val:   loss: 2.22998 | quality: 0.38564


Best epoch: 11 (val_quality=0.419487)
[2026-05-02 01:00:00,968][__main__][INFO] - ✓ DONE TNML_F/winequalityc/NTN L=3 bd=12 seed=32874 -> /zhome/6b/e/212868/GTN/outputs/ntn/winequalityc/TNML_F_rg5_init0.1/L3_bd12_seed32874 | val=0.4195
[2026-05-02 01:00:00,971][HYDRA] 	#18 : model.L=3 model.bond_dim=12 seed=47311 trainer.ridge=5 trainer.ridge_decay=0.25 trainer.ridge_min=0.0001 +experiment=uci_ntn_sweep model=tnml_f dataset=winequalityc
[2026-05-02 01:00:01,125][__main__][INFO] - ▶ RUN TNML_F/winequalityc/NTN L=3 bd=12 seed=47311 -> /zhome/6b/e/212868/GTN/outputs/ntn/winequalityc/TNML_F_rg5_init0.1/L3_bd12_seed47311
Starting Fit: 20 epochs.
Sweep Order: ['Node0', 'Node1', 'Node2', 'Node3', 'Node4', 'Node5', 'Node6', 'Node7', 'Node8', 'Node9', 'Node10', 'Node9', 'Node8', 'Node7', 'Node6', 'Node5', 'Node4', 'Node3', 'Node2', 'Node1']
Validation: Using separate validation set for best model selection
Early stopping: patience=10, min_delta=0.001
Init    | Train: loss: 2.32057 | quality: 0.12008
        | Val:   loss: 2.34009 | quality: 0.11795
Epoch 1 | Train: loss: 1.90955 | quality: 0.34330
        | Val:   loss: 1.93536 | quality: 0.34667
 *
Epoch 2 | Train: loss: 1.87583 | quality: 0.38443
        | Val:   loss: 1.94052 | quality: 0.33333

Epoch 3 | Train: loss: 1.83731 | quality: 0.39762
        | Val:   loss: 1.96886 | quality: 0.33333

Epoch 4 | Train: loss: 1.78943 | quality: 0.41874
        | Val:   loss: 1.96997 | quality: 0.35692
 *
Epoch 5 | Train: loss: 1.73519 | quality: 0.45151
        | Val:   loss: 1.99395 | quality: 0.34872

Epoch 6 | Train: loss: 1.68315 | quality: 0.47438
        | Val:   loss: 2.01533 | quality: 0.35692
 *
Epoch 7 | Train: loss: 1.65293 | quality: 0.48669
        | Val:   loss: 2.02802 | quality: 0.36000
 *
Epoch 8 | Train: loss: 1.60884 | quality: 0.49879
        | Val:   loss: 2.06594 | quality: 0.36513
 *
Epoch 9 | Train: loss: 1.53444 | quality: 0.51880
        | Val:   loss: 2.10238 | quality: 0.37538
 *
Epoch 10 | Train: loss: 1.48815 | quality: 0.53882
        | Val:   loss: 2.11425 | quality: 0.38872
 *
Epoch 11 | Train: loss: 1.46464 | quality: 0.55289
        | Val:   loss: 2.12152 | quality: 0.39385
 *
Epoch 12 | Train: loss: 1.44841 | quality: 0.56125
        | Val:   loss: 2.13089 | quality: 0.40821
 *
Epoch 13 | Train: loss: 1.43495 | quality: 0.56785
        | Val:   loss: 2.14500 | quality: 0.40821
 *
Epoch 14 | Train: loss: 1.42304 | quality: 0.57510
        | Val:   loss: 2.16282 | quality: 0.40513

Epoch 15 | Train: loss: 1.41354 | quality: 0.58060
        | Val:   loss: 2.17895 | quality: 0.41436
 *
Epoch 16 | Train: loss: 1.40653 | quality: 0.58192
        | Val:   loss: 2.18915 | quality: 0.41436
 *
Epoch 17 | Train: loss: 1.40110 | quality: 0.58126
        | Val:   loss: 2.19457 | quality: 0.41641
 *
Epoch 18 | Train: loss: 1.39664 | quality: 0.58390
        | Val:   loss: 2.19742 | quality: 0.41436

Epoch 19 | Train: loss: 1.39292 | quality: 0.58346
        | Val:   loss: 2.19912 | quality: 0.40923

Epoch 20 | Train: loss: 1.38978 | quality: 0.58390
        | Val:   loss: 2.20044 | quality: 0.41026


Best epoch: 17 (val_quality=0.416410)
[2026-05-02 01:01:19,793][__main__][INFO] - ✓ DONE TNML_F/winequalityc/NTN L=3 bd=12 seed=47311 -> /zhome/6b/e/212868/GTN/outputs/ntn/winequalityc/TNML_F_rg5_init0.1/L3_bd12_seed47311 | val=0.4164
[2026-05-02 01:01:19,797][HYDRA] 	#19 : model.L=3 model.bond_dim=12 seed=47303 trainer.ridge=5 trainer.ridge_decay=0.25 trainer.ridge_min=0.0001 +experiment=uci_ntn_sweep model=tnml_f dataset=winequalityc
[2026-05-02 01:01:19,949][__main__][INFO] - ▶ RUN TNML_F/winequalityc/NTN L=3 bd=12 seed=47303 -> /zhome/6b/e/212868/GTN/outputs/ntn/winequalityc/TNML_F_rg5_init0.1/L3_bd12_seed47303
Starting Fit: 20 epochs.
Sweep Order: ['Node0', 'Node1', 'Node2', 'Node3', 'Node4', 'Node5', 'Node6', 'Node7', 'Node8', 'Node9', 'Node10', 'Node9', 'Node8', 'Node7', 'Node6', 'Node5', 'Node4', 'Node3', 'Node2', 'Node1']
Validation: Using separate validation set for best model selection
Early stopping: patience=10, min_delta=0.001
Init    | Train: loss: 2.02956 | quality: 0.15571
        | Val:   loss: 2.00860 | quality: 0.16205
Epoch 1 | Train: loss: 1.91101 | quality: 0.36947
        | Val:   loss: 1.93652 | quality: 0.34051
 *
Epoch 2 | Train: loss: 1.88452 | quality: 0.38355
        | Val:   loss: 1.92213 | quality: 0.38769
 *
Epoch 3 | Train: loss: 1.84466 | quality: 0.40092
        | Val:   loss: 1.93046 | quality: 0.37026

Epoch 4 | Train: loss: 1.80645 | quality: 0.42248
        | Val:   loss: 1.95914 | quality: 0.35385

Epoch 5 | Train: loss: 1.76289 | quality: 0.43017
        | Val:   loss: 1.95457 | quality: 0.35590

Epoch 6 | Train: loss: 1.71366 | quality: 0.44931
        | Val:   loss: 1.94843 | quality: 0.38974
 *
Epoch 7 | Train: loss: 1.67084 | quality: 0.47922
        | Val:   loss: 1.96005 | quality: 0.38359

Epoch 8 | Train: loss: 1.63010 | quality: 0.48867
        | Val:   loss: 1.97714 | quality: 0.36718

Epoch 9 | Train: loss: 1.53310 | quality: 0.52826
        | Val:   loss: 2.03961 | quality: 0.38667

Epoch 10 | Train: loss: 1.47928 | quality: 0.55047
        | Val:   loss: 2.08821 | quality: 0.40308
 *
Epoch 11 | Train: loss: 1.44686 | quality: 0.56059
        | Val:   loss: 2.13622 | quality: 0.39487

Epoch 12 | Train: loss: 1.42414 | quality: 0.56543
        | Val:   loss: 2.18387 | quality: 0.40308
 *
Epoch 13 | Train: loss: 1.40540 | quality: 0.57686
        | Val:   loss: 2.22297 | quality: 0.39692

Epoch 14 | Train: loss: 1.39320 | quality: 0.58258
        | Val:   loss: 2.24397 | quality: 0.38462

Epoch 15 | Train: loss: 1.38573 | quality: 0.58478
        | Val:   loss: 2.25290 | quality: 0.39692

Epoch 16 | Train: loss: 1.38072 | quality: 0.58742
        | Val:   loss: 2.25675 | quality: 0.40308
 *
Epoch 17 | Train: loss: 1.37704 | quality: 0.59072
        | Val:   loss: 2.25846 | quality: 0.41231
 *
Epoch 18 | Train: loss: 1.37416 | quality: 0.59028
        | Val:   loss: 2.25954 | quality: 0.41846
 *
Epoch 19 | Train: loss: 1.37186 | quality: 0.59072
        | Val:   loss: 2.26066 | quality: 0.41538

Epoch 20 | Train: loss: 1.37001 | quality: 0.59160
        | Val:   loss: 2.26199 | quality: 0.41949
 *

Best epoch: 20 (val_quality=0.419487)
[2026-05-02 01:02:40,610][__main__][INFO] - ✓ DONE TNML_F/winequalityc/NTN L=3 bd=12 seed=47303 -> /zhome/6b/e/212868/GTN/outputs/ntn/winequalityc/TNML_F_rg5_init0.1/L3_bd12_seed47303 | val=0.4195
[2026-05-02 01:02:40,613][HYDRA] 	#20 : model.L=3 model.bond_dim=8 seed=42 trainer.ridge=5 trainer.ridge_decay=0.25 trainer.ridge_min=0.0001 +experiment=uci_ntn_sweep model=tnml_f dataset=winequalityc
[2026-05-02 01:02:40,763][__main__][INFO] - ▶ RUN TNML_F/winequalityc/NTN L=3 bd=8 seed=42 -> /zhome/6b/e/212868/GTN/outputs/ntn/winequalityc/TNML_F_rg5_init0.1/L3_bd8_seed42
Starting Fit: 20 epochs.
Sweep Order: ['Node0', 'Node1', 'Node2', 'Node3', 'Node4', 'Node5', 'Node6', 'Node7', 'Node8', 'Node9', 'Node10', 'Node9', 'Node8', 'Node7', 'Node6', 'Node5', 'Node4', 'Node3', 'Node2', 'Node1']
Validation: Using separate validation set for best model selection
Early stopping: patience=10, min_delta=0.001
Init    | Train: loss: 1.99056 | quality: 0.15351
        | Val:   loss: 2.00876 | quality: 0.14667
Epoch 1 | Train: loss: 1.92528 | quality: 0.26875
        | Val:   loss: 1.92757 | quality: 0.30154
 *
Epoch 2 | Train: loss: 1.91451 | quality: 0.28062
        | Val:   loss: 1.92796 | quality: 0.29846

Epoch 3 | Train: loss: 1.88689 | quality: 0.30768
        | Val:   loss: 1.93180 | quality: 0.28615

Epoch 4 | Train: loss: 1.85770 | quality: 0.32879
        | Val:   loss: 1.93200 | quality: 0.30256
 *
Epoch 5 | Train: loss: 1.82398 | quality: 0.37079
        | Val:   loss: 1.93506 | quality: 0.32205
 *
Epoch 6 | Train: loss: 1.79184 | quality: 0.40004
        | Val:   loss: 1.93585 | quality: 0.34564
 *
Epoch 7 | Train: loss: 1.76740 | quality: 0.40818
        | Val:   loss: 1.94526 | quality: 0.33436

Epoch 8 | Train: loss: 1.72026 | quality: 0.44315
        | Val:   loss: 1.96986 | quality: 0.33641

Epoch 9 | Train: loss: 1.66662 | quality: 0.46382
        | Val:   loss: 1.99739 | quality: 0.35590
 *
Epoch 10 | Train: loss: 1.63065 | quality: 0.48625
        | Val:   loss: 2.00863 | quality: 0.36923
 *
Epoch 11 | Train: loss: 1.61442 | quality: 0.49703
        | Val:   loss: 2.01489 | quality: 0.37128
 *
Epoch 12 | Train: loss: 1.60656 | quality: 0.50957
        | Val:   loss: 2.02409 | quality: 0.36821

Epoch 13 | Train: loss: 1.60110 | quality: 0.51133
        | Val:   loss: 2.03127 | quality: 0.36410

Epoch 14 | Train: loss: 1.59664 | quality: 0.51089
        | Val:   loss: 2.03743 | quality: 0.36821

Epoch 15 | Train: loss: 1.59300 | quality: 0.51001
        | Val:   loss: 2.04361 | quality: 0.36923

Epoch 16 | Train: loss: 1.58998 | quality: 0.50979
        | Val:   loss: 2.04984 | quality: 0.37026

Epoch 17 | Train: loss: 1.58741 | quality: 0.50737
        | Val:   loss: 2.05578 | quality: 0.37436
 *
Epoch 18 | Train: loss: 1.58521 | quality: 0.50869
        | Val:   loss: 2.06114 | quality: 0.37436
 *
Epoch 19 | Train: loss: 1.58335 | quality: 0.50869
        | Val:   loss: 2.06561 | quality: 0.37641
 *
Epoch 20 | Train: loss: 1.58182 | quality: 0.51067
        | Val:   loss: 2.06883 | quality: 0.37744
 *

Best epoch: 20 (val_quality=0.377436)
[2026-05-02 01:03:28,815][__main__][INFO] - ✓ DONE TNML_F/winequalityc/NTN L=3 bd=8 seed=42 -> /zhome/6b/e/212868/GTN/outputs/ntn/winequalityc/TNML_F_rg5_init0.1/L3_bd8_seed42 | val=0.3774
[2026-05-02 01:03:28,817][HYDRA] 	#21 : model.L=3 model.bond_dim=8 seed=10090 trainer.ridge=5 trainer.ridge_decay=0.25 trainer.ridge_min=0.0001 +experiment=uci_ntn_sweep model=tnml_f dataset=winequalityc
[2026-05-02 01:03:28,971][__main__][INFO] - ▶ RUN TNML_F/winequalityc/NTN L=3 bd=8 seed=10090 -> /zhome/6b/e/212868/GTN/outputs/ntn/winequalityc/TNML_F_rg5_init0.1/L3_bd8_seed10090
Starting Fit: 20 epochs.
Sweep Order: ['Node0', 'Node1', 'Node2', 'Node3', 'Node4', 'Node5', 'Node6', 'Node7', 'Node8', 'Node9', 'Node10', 'Node9', 'Node8', 'Node7', 'Node6', 'Node5', 'Node4', 'Node3', 'Node2', 'Node1']
Validation: Using separate validation set for best model selection
Early stopping: patience=10, min_delta=0.001
Init    | Train: loss: 2.00503 | quality: 0.11216
        | Val:   loss: 2.00339 | quality: 0.10769
Epoch 1 | Train: loss: 1.92064 | quality: 0.24016
        | Val:   loss: 1.94100 | quality: 0.20103
 *
Epoch 2 | Train: loss: 1.90421 | quality: 0.27865
        | Val:   loss: 1.93976 | quality: 0.25231
 *
Epoch 3 | Train: loss: 1.87441 | quality: 0.30790
        | Val:   loss: 1.93770 | quality: 0.29436
 *
Epoch 4 | Train: loss: 1.83336 | quality: 0.34814
        | Val:   loss: 1.95617 | quality: 0.31897
 *
Epoch 5 | Train: loss: 1.78743 | quality: 0.39147
        | Val:   loss: 1.97446 | quality: 0.32000
 *
Epoch 6 | Train: loss: 1.74272 | quality: 0.41962
        | Val:   loss: 2.00428 | quality: 0.31795

Epoch 7 | Train: loss: 1.71232 | quality: 0.44359
        | Val:   loss: 2.02529 | quality: 0.33026
 *
Epoch 8 | Train: loss: 1.67742 | quality: 0.45832
        | Val:   loss: 2.04408 | quality: 0.33744
 *
Epoch 9 | Train: loss: 1.63461 | quality: 0.46646
        | Val:   loss: 2.07054 | quality: 0.34256
 *
Epoch 10 | Train: loss: 1.61693 | quality: 0.48845
        | Val:   loss: 2.07444 | quality: 0.36821
 *
Epoch 11 | Train: loss: 1.60742 | quality: 0.49747
        | Val:   loss: 2.07104 | quality: 0.36513

Epoch 12 | Train: loss: 1.60031 | quality: 0.50165
        | Val:   loss: 2.06725 | quality: 0.37641
 *
Epoch 13 | Train: loss: 1.59403 | quality: 0.50209
        | Val:   loss: 2.06606 | quality: 0.37026

Epoch 14 | Train: loss: 1.58867 | quality: 0.51177
        | Val:   loss: 2.06813 | quality: 0.37846
 *
Epoch 15 | Train: loss: 1.58418 | quality: 0.51221
        | Val:   loss: 2.07129 | quality: 0.37744

Epoch 16 | Train: loss: 1.58046 | quality: 0.51858
        | Val:   loss: 2.07401 | quality: 0.37846
 *
Epoch 17 | Train: loss: 1.57754 | quality: 0.51946
        | Val:   loss: 2.07566 | quality: 0.38051
 *
Epoch 18 | Train: loss: 1.57548 | quality: 0.51792
        | Val:   loss: 2.07687 | quality: 0.38256
 *
Epoch 19 | Train: loss: 1.57405 | quality: 0.51814
        | Val:   loss: 2.07864 | quality: 0.38256

Epoch 20 | Train: loss: 1.57299 | quality: 0.52122
        | Val:   loss: 2.08103 | quality: 0.37846


Best epoch: 18 (val_quality=0.382564)
[2026-05-02 01:04:18,329][__main__][INFO] - ✓ DONE TNML_F/winequalityc/NTN L=3 bd=8 seed=10090 -> /zhome/6b/e/212868/GTN/outputs/ntn/winequalityc/TNML_F_rg5_init0.1/L3_bd8_seed10090 | val=0.3826
[2026-05-02 01:04:18,331][HYDRA] 	#22 : model.L=3 model.bond_dim=8 seed=32874 trainer.ridge=5 trainer.ridge_decay=0.25 trainer.ridge_min=0.0001 +experiment=uci_ntn_sweep model=tnml_f dataset=winequalityc
[2026-05-02 01:04:18,484][__main__][INFO] - ▶ RUN TNML_F/winequalityc/NTN L=3 bd=8 seed=32874 -> /zhome/6b/e/212868/GTN/outputs/ntn/winequalityc/TNML_F_rg5_init0.1/L3_bd8_seed32874
Starting Fit: 20 epochs.
Sweep Order: ['Node0', 'Node1', 'Node2', 'Node3', 'Node4', 'Node5', 'Node6', 'Node7', 'Node8', 'Node9', 'Node10', 'Node9', 'Node8', 'Node7', 'Node6', 'Node5', 'Node4', 'Node3', 'Node2', 'Node1']
Validation: Using separate validation set for best model selection
Early stopping: patience=10, min_delta=0.001
Init    | Train: loss: 2.11995 | quality: 0.13218
        | Val:   loss: 2.11566 | quality: 0.13026
Epoch 1 | Train: loss: 1.92315 | quality: 0.26919
        | Val:   loss: 1.93164 | quality: 0.25333
 *
Epoch 2 | Train: loss: 1.90624 | quality: 0.30614
        | Val:   loss: 1.93472 | quality: 0.26359
 *
Epoch 3 | Train: loss: 1.88702 | quality: 0.30987
        | Val:   loss: 1.93552 | quality: 0.27590
 *
Epoch 4 | Train: loss: 1.86330 | quality: 0.33473
        | Val:   loss: 1.94372 | quality: 0.29231
 *
Epoch 5 | Train: loss: 1.82932 | quality: 0.36991
        | Val:   loss: 1.95659 | quality: 0.32000
 *
Epoch 6 | Train: loss: 1.79624 | quality: 0.39675
        | Val:   loss: 1.95830 | quality: 0.33026
 *
Epoch 7 | Train: loss: 1.76632 | quality: 0.41632
        | Val:   loss: 1.98174 | quality: 0.33436
 *
Epoch 8 | Train: loss: 1.73660 | quality: 0.43589
        | Val:   loss: 2.00529 | quality: 0.34769
 *
Epoch 9 | Train: loss: 1.67482 | quality: 0.45722
        | Val:   loss: 1.98554 | quality: 0.36000
 *
Epoch 10 | Train: loss: 1.64206 | quality: 0.48076
        | Val:   loss: 1.98057 | quality: 0.38872
 *
Epoch 11 | Train: loss: 1.62709 | quality: 0.49549
        | Val:   loss: 1.98735 | quality: 0.38359

Epoch 12 | Train: loss: 1.61847 | quality: 0.49879
        | Val:   loss: 1.99314 | quality: 0.37641

Epoch 13 | Train: loss: 1.61223 | quality: 0.50077
        | Val:   loss: 1.99477 | quality: 0.38359

Epoch 14 | Train: loss: 1.60685 | quality: 0.50055
        | Val:   loss: 1.99492 | quality: 0.37846

Epoch 15 | Train: loss: 1.60207 | quality: 0.50297
        | Val:   loss: 1.99534 | quality: 0.38462

Epoch 16 | Train: loss: 1.59835 | quality: 0.50649
        | Val:   loss: 1.99636 | quality: 0.39385
 *
Epoch 17 | Train: loss: 1.59578 | quality: 0.50715
        | Val:   loss: 1.99815 | quality: 0.40513
 *
Epoch 18 | Train: loss: 1.59400 | quality: 0.50825
        | Val:   loss: 2.00053 | quality: 0.40615
 *
Epoch 19 | Train: loss: 1.59267 | quality: 0.51067
        | Val:   loss: 2.00320 | quality: 0.40205

Epoch 20 | Train: loss: 1.59159 | quality: 0.50913
        | Val:   loss: 2.00581 | quality: 0.39692


Best epoch: 18 (val_quality=0.406154)
[2026-05-02 01:05:06,794][__main__][INFO] - ✓ DONE TNML_F/winequalityc/NTN L=3 bd=8 seed=32874 -> /zhome/6b/e/212868/GTN/outputs/ntn/winequalityc/TNML_F_rg5_init0.1/L3_bd8_seed32874 | val=0.4062
[2026-05-02 01:05:06,796][HYDRA] 	#23 : model.L=3 model.bond_dim=8 seed=47311 trainer.ridge=5 trainer.ridge_decay=0.25 trainer.ridge_min=0.0001 +experiment=uci_ntn_sweep model=tnml_f dataset=winequalityc
[2026-05-02 01:05:06,950][__main__][INFO] - ▶ RUN TNML_F/winequalityc/NTN L=3 bd=8 seed=47311 -> /zhome/6b/e/212868/GTN/outputs/ntn/winequalityc/TNML_F_rg5_init0.1/L3_bd8_seed47311
Starting Fit: 20 epochs.
Sweep Order: ['Node0', 'Node1', 'Node2', 'Node3', 'Node4', 'Node5', 'Node6', 'Node7', 'Node8', 'Node9', 'Node10', 'Node9', 'Node8', 'Node7', 'Node6', 'Node5', 'Node4', 'Node3', 'Node2', 'Node1']
Validation: Using separate validation set for best model selection
Early stopping: patience=10, min_delta=0.001
Init    | Train: loss: 2.09845 | quality: 0.10842
        | Val:   loss: 2.10386 | quality: 0.09744
Epoch 1 | Train: loss: 1.92477 | quality: 0.34836
        | Val:   loss: 1.93161 | quality: 0.35385
 *
Epoch 2 | Train: loss: 1.90580 | quality: 0.36046
        | Val:   loss: 1.93117 | quality: 0.33846

Epoch 3 | Train: loss: 1.89065 | quality: 0.38311
        | Val:   loss: 1.95505 | quality: 0.36308
 *
Epoch 4 | Train: loss: 1.87151 | quality: 0.38905
        | Val:   loss: 1.97271 | quality: 0.34872

Epoch 5 | Train: loss: 1.84271 | quality: 0.41258
        | Val:   loss: 1.98083 | quality: 0.33641

Epoch 6 | Train: loss: 1.81772 | quality: 0.41544
        | Val:   loss: 1.99530 | quality: 0.35282

Epoch 7 | Train: loss: 1.79952 | quality: 0.42270
        | Val:   loss: 1.99108 | quality: 0.35795

Epoch 8 | Train: loss: 1.76169 | quality: 0.44535
        | Val:   loss: 1.95850 | quality: 0.37949
 *
Epoch 9 | Train: loss: 1.70710 | quality: 0.45942
        | Val:   loss: 1.99522 | quality: 0.37231

Epoch 10 | Train: loss: 1.66881 | quality: 0.48406
        | Val:   loss: 2.04686 | quality: 0.37949
 *
Epoch 11 | Train: loss: 1.65202 | quality: 0.49439
        | Val:   loss: 2.06220 | quality: 0.37744

Epoch 12 | Train: loss: 1.63987 | quality: 0.49065
        | Val:   loss: 2.06427 | quality: 0.38256
 *
Epoch 13 | Train: loss: 1.63131 | quality: 0.48999
        | Val:   loss: 2.06628 | quality: 0.37744

Epoch 14 | Train: loss: 1.62540 | quality: 0.48977
        | Val:   loss: 2.06931 | quality: 0.37436

Epoch 15 | Train: loss: 1.62024 | quality: 0.48823
        | Val:   loss: 2.07065 | quality: 0.37949

Epoch 16 | Train: loss: 1.61476 | quality: 0.49197
        | Val:   loss: 2.06890 | quality: 0.38974
 *
Epoch 17 | Train: loss: 1.60888 | quality: 0.49659
        | Val:   loss: 2.06535 | quality: 0.39897
 *
Epoch 18 | Train: loss: 1.60331 | quality: 0.49637
        | Val:   loss: 2.06202 | quality: 0.39179

Epoch 19 | Train: loss: 1.59851 | quality: 0.49945
        | Val:   loss: 2.06055 | quality: 0.38974

Epoch 20 | Train: loss: 1.59428 | quality: 0.49439
        | Val:   loss: 2.06134 | quality: 0.38564


Best epoch: 17 (val_quality=0.398974)
[2026-05-02 01:05:55,909][__main__][INFO] - ✓ DONE TNML_F/winequalityc/NTN L=3 bd=8 seed=47311 -> /zhome/6b/e/212868/GTN/outputs/ntn/winequalityc/TNML_F_rg5_init0.1/L3_bd8_seed47311 | val=0.3990
[2026-05-02 01:05:55,912][HYDRA] 	#24 : model.L=3 model.bond_dim=8 seed=47303 trainer.ridge=5 trainer.ridge_decay=0.25 trainer.ridge_min=0.0001 +experiment=uci_ntn_sweep model=tnml_f dataset=winequalityc
[2026-05-02 01:05:56,065][__main__][INFO] - ▶ RUN TNML_F/winequalityc/NTN L=3 bd=8 seed=47303 -> /zhome/6b/e/212868/GTN/outputs/ntn/winequalityc/TNML_F_rg5_init0.1/L3_bd8_seed47303
Starting Fit: 20 epochs.
Sweep Order: ['Node0', 'Node1', 'Node2', 'Node3', 'Node4', 'Node5', 'Node6', 'Node7', 'Node8', 'Node9', 'Node10', 'Node9', 'Node8', 'Node7', 'Node6', 'Node5', 'Node4', 'Node3', 'Node2', 'Node1']
Validation: Using separate validation set for best model selection
Early stopping: patience=10, min_delta=0.001
Init    | Train: loss: 2.01456 | quality: 0.12096
        | Val:   loss: 2.01638 | quality: 0.11692
Epoch 1 | Train: loss: 1.91736 | quality: 0.31229
        | Val:   loss: 1.94599 | quality: 0.27385
 *
Epoch 2 | Train: loss: 1.90298 | quality: 0.31801
        | Val:   loss: 1.94516 | quality: 0.28821
 *
Epoch 3 | Train: loss: 1.88769 | quality: 0.35672
        | Val:   loss: 1.94997 | quality: 0.32205
 *
Epoch 4 | Train: loss: 1.86916 | quality: 0.36508
        | Val:   loss: 1.93856 | quality: 0.34051
 *
Epoch 5 | Train: loss: 1.83805 | quality: 0.39740
        | Val:   loss: 1.96108 | quality: 0.33128

Epoch 6 | Train: loss: 1.80733 | quality: 0.40752
        | Val:   loss: 1.97464 | quality: 0.32615

Epoch 7 | Train: loss: 1.77824 | quality: 0.41896
        | Val:   loss: 1.96653 | quality: 0.33744

Epoch 8 | Train: loss: 1.74997 | quality: 0.44843
        | Val:   loss: 1.97933 | quality: 0.34974
 *
Epoch 9 | Train: loss: 1.68489 | quality: 0.47680
        | Val:   loss: 1.96577 | quality: 0.36103
 *
Epoch 10 | Train: loss: 1.64707 | quality: 0.49043
        | Val:   loss: 1.97004 | quality: 0.36615
 *
Epoch 11 | Train: loss: 1.62244 | quality: 0.50165
        | Val:   loss: 1.99831 | quality: 0.36718
 *
Epoch 12 | Train: loss: 1.60859 | quality: 0.50319
        | Val:   loss: 2.03401 | quality: 0.37436
 *
Epoch 13 | Train: loss: 1.60049 | quality: 0.50913
        | Val:   loss: 2.06590 | quality: 0.37333

Epoch 14 | Train: loss: 1.59570 | quality: 0.51594
        | Val:   loss: 2.08825 | quality: 0.37026

Epoch 15 | Train: loss: 1.59286 | quality: 0.51441
        | Val:   loss: 2.10167 | quality: 0.37231

Epoch 16 | Train: loss: 1.59090 | quality: 0.51397
        | Val:   loss: 2.11000 | quality: 0.37231

Epoch 17 | Train: loss: 1.58933 | quality: 0.51616
        | Val:   loss: 2.11567 | quality: 0.37846
 *
Epoch 18 | Train: loss: 1.58792 | quality: 0.52012
        | Val:   loss: 2.11984 | quality: 0.37641

Epoch 19 | Train: loss: 1.58664 | quality: 0.52298
        | Val:   loss: 2.12306 | quality: 0.38051
 *
Epoch 20 | Train: loss: 1.58548 | quality: 0.52320
        | Val:   loss: 2.12551 | quality: 0.37333


Best epoch: 19 (val_quality=0.380513)
[2026-05-02 01:06:46,715][__main__][INFO] - ✓ DONE TNML_F/winequalityc/NTN L=3 bd=8 seed=47303 -> /zhome/6b/e/212868/GTN/outputs/ntn/winequalityc/TNML_F_rg5_init0.1/L3_bd8_seed47303 | val=0.3805
[2026-05-02 01:06:46,717][HYDRA] 	#25 : model.L=3 model.bond_dim=4 seed=42 trainer.ridge=5 trainer.ridge_decay=0.25 trainer.ridge_min=0.0001 +experiment=uci_ntn_sweep model=tnml_f dataset=winequalityc
[2026-05-02 01:06:46,872][__main__][INFO] - ▶ RUN TNML_F/winequalityc/NTN L=3 bd=4 seed=42 -> /zhome/6b/e/212868/GTN/outputs/ntn/winequalityc/TNML_F_rg5_init0.1/L3_bd4_seed42
Starting Fit: 20 epochs.
Sweep Order: ['Node0', 'Node1', 'Node2', 'Node3', 'Node4', 'Node5', 'Node6', 'Node7', 'Node8', 'Node9', 'Node10', 'Node9', 'Node8', 'Node7', 'Node6', 'Node5', 'Node4', 'Node3', 'Node2', 'Node1']
Validation: Using separate validation set for best model selection
Early stopping: patience=10, min_delta=0.001
Init    | Train: loss: 1.95808 | quality: 0.13327
        | Val:   loss: 1.96244 | quality: 0.15487
Epoch 1 | Train: loss: 1.93439 | quality: 0.24808
        | Val:   loss: 1.93479 | quality: 0.25026
 *
Epoch 2 | Train: loss: 1.92188 | quality: 0.34220
        | Val:   loss: 1.93061 | quality: 0.34769
 *
Epoch 3 | Train: loss: 1.91209 | quality: 0.34836
        | Val:   loss: 1.93196 | quality: 0.33538

Epoch 4 | Train: loss: 1.90151 | quality: 0.34968
        | Val:   loss: 1.94001 | quality: 0.33231

Epoch 5 | Train: loss: 1.89174 | quality: 0.34242
        | Val:   loss: 1.94373 | quality: 0.32410

Epoch 6 | Train: loss: 1.88046 | quality: 0.35364
        | Val:   loss: 1.94373 | quality: 0.33436

Epoch 7 | Train: loss: 1.85948 | quality: 0.37365
        | Val:   loss: 1.95349 | quality: 0.34051

Epoch 8 | Train: loss: 1.84182 | quality: 0.39037
        | Val:   loss: 1.95955 | quality: 0.33949

Epoch 9 | Train: loss: 1.82953 | quality: 0.39301
        | Val:   loss: 1.97567 | quality: 0.33846

Epoch 10 | Train: loss: 1.82028 | quality: 0.39521
        | Val:   loss: 1.98105 | quality: 0.33231

Epoch 11 | Train: loss: 1.81375 | quality: 0.39850
        | Val:   loss: 1.98233 | quality: 0.34769
 *
Epoch 12 | Train: loss: 1.80985 | quality: 0.40532
        | Val:   loss: 1.98743 | quality: 0.35590
 *
Epoch 13 | Train: loss: 1.80775 | quality: 0.40664
        | Val:   loss: 1.99173 | quality: 0.34974

Epoch 14 | Train: loss: 1.80643 | quality: 0.40488
        | Val:   loss: 1.99435 | quality: 0.35179

Epoch 15 | Train: loss: 1.80534 | quality: 0.41038
        | Val:   loss: 1.99557 | quality: 0.34667

Epoch 16 | Train: loss: 1.80412 | quality: 0.41324
        | Val:   loss: 1.99594 | quality: 0.34359

Epoch 17 | Train: loss: 1.80262 | quality: 0.41786
        | Val:   loss: 1.99624 | quality: 0.35077

Epoch 18 | Train: loss: 1.80101 | quality: 0.42050
        | Val:   loss: 1.99724 | quality: 0.35385

Epoch 19 | Train: loss: 1.79975 | quality: 0.41456
        | Val:   loss: 1.99879 | quality: 0.35077

Epoch 20 | Train: loss: 1.79896 | quality: 0.41390
        | Val:   loss: 2.00019 | quality: 0.35179


Best epoch: 12 (val_quality=0.355897)
[2026-05-02 01:07:28,496][__main__][INFO] - ✓ DONE TNML_F/winequalityc/NTN L=3 bd=4 seed=42 -> /zhome/6b/e/212868/GTN/outputs/ntn/winequalityc/TNML_F_rg5_init0.1/L3_bd4_seed42 | val=0.3559
[2026-05-02 01:07:28,498][HYDRA] 	#26 : model.L=3 model.bond_dim=4 seed=10090 trainer.ridge=5 trainer.ridge_decay=0.25 trainer.ridge_min=0.0001 +experiment=uci_ntn_sweep model=tnml_f dataset=winequalityc
[2026-05-02 01:07:28,652][__main__][INFO] - ▶ RUN TNML_F/winequalityc/NTN L=3 bd=4 seed=10090 -> /zhome/6b/e/212868/GTN/outputs/ntn/winequalityc/TNML_F_rg5_init0.1/L3_bd4_seed10090
Starting Fit: 20 epochs.
Sweep Order: ['Node0', 'Node1', 'Node2', 'Node3', 'Node4', 'Node5', 'Node6', 'Node7', 'Node8', 'Node9', 'Node10', 'Node9', 'Node8', 'Node7', 'Node6', 'Node5', 'Node4', 'Node3', 'Node2', 'Node1']
Validation: Using separate validation set for best model selection
Early stopping: patience=10, min_delta=0.001
Init    | Train: loss: 1.96140 | quality: 0.11568
        | Val:   loss: 1.96354 | quality: 0.12000
Epoch 1 | Train: loss: 1.93845 | quality: 0.26017
        | Val:   loss: 1.94015 | quality: 0.25846
 *
Epoch 2 | Train: loss: 1.93218 | quality: 0.27887
        | Val:   loss: 1.93987 | quality: 0.26667
 *
Epoch 3 | Train: loss: 1.92105 | quality: 0.32703
        | Val:   loss: 1.93749 | quality: 0.30974
 *
Epoch 4 | Train: loss: 1.90346 | quality: 0.39806
        | Val:   loss: 1.94072 | quality: 0.36205
 *
Epoch 5 | Train: loss: 1.89127 | quality: 0.40378
        | Val:   loss: 1.95082 | quality: 0.37949
 *
Epoch 6 | Train: loss: 1.87756 | quality: 0.40114
        | Val:   loss: 1.94304 | quality: 0.38359
 *
Epoch 7 | Train: loss: 1.86239 | quality: 0.40686
        | Val:   loss: 1.95025 | quality: 0.37026

Epoch 8 | Train: loss: 1.85172 | quality: 0.40884
        | Val:   loss: 1.95596 | quality: 0.37744

Epoch 9 | Train: loss: 1.82560 | quality: 0.41874
        | Val:   loss: 1.94182 | quality: 0.37231

Epoch 10 | Train: loss: 1.81859 | quality: 0.42116
        | Val:   loss: 1.94049 | quality: 0.37744

Epoch 11 | Train: loss: 1.81464 | quality: 0.42248
        | Val:   loss: 1.94164 | quality: 0.38667
 *
Epoch 12 | Train: loss: 1.81049 | quality: 0.42512
        | Val:   loss: 1.94137 | quality: 0.39692
 *
Epoch 13 | Train: loss: 1.80702 | quality: 0.42138
        | Val:   loss: 1.94053 | quality: 0.39590

Epoch 14 | Train: loss: 1.80472 | quality: 0.41962
        | Val:   loss: 1.94095 | quality: 0.38667

Epoch 15 | Train: loss: 1.80258 | quality: 0.42204
        | Val:   loss: 1.94163 | quality: 0.37949

Epoch 16 | Train: loss: 1.80001 | quality: 0.42182
        | Val:   loss: 1.94108 | quality: 0.38872

Epoch 17 | Train: loss: 1.79736 | quality: 0.42841
        | Val:   loss: 1.93808 | quality: 0.38667

Epoch 18 | Train: loss: 1.79554 | quality: 0.42775
        | Val:   loss: 1.93363 | quality: 0.39077

Epoch 19 | Train: loss: 1.79464 | quality: 0.43787
        | Val:   loss: 1.93002 | quality: 0.39179

Epoch 20 | Train: loss: 1.79424 | quality: 0.43545
        | Val:   loss: 1.92789 | quality: 0.38359


Best epoch: 12 (val_quality=0.396923)
[2026-05-02 01:08:10,255][__main__][INFO] - ✓ DONE TNML_F/winequalityc/NTN L=3 bd=4 seed=10090 -> /zhome/6b/e/212868/GTN/outputs/ntn/winequalityc/TNML_F_rg5_init0.1/L3_bd4_seed10090 | val=0.3969
[2026-05-02 01:08:10,257][HYDRA] 	#27 : model.L=3 model.bond_dim=4 seed=32874 trainer.ridge=5 trainer.ridge_decay=0.25 trainer.ridge_min=0.0001 +experiment=uci_ntn_sweep model=tnml_f dataset=winequalityc
[2026-05-02 01:08:10,424][__main__][INFO] - ▶ RUN TNML_F/winequalityc/NTN L=3 bd=4 seed=32874 -> /zhome/6b/e/212868/GTN/outputs/ntn/winequalityc/TNML_F_rg5_init0.1/L3_bd4_seed32874
Starting Fit: 20 epochs.
Sweep Order: ['Node0', 'Node1', 'Node2', 'Node3', 'Node4', 'Node5', 'Node6', 'Node7', 'Node8', 'Node9', 'Node10', 'Node9', 'Node8', 'Node7', 'Node6', 'Node5', 'Node4', 'Node3', 'Node2', 'Node1']
Validation: Using separate validation set for best model selection
Early stopping: patience=10, min_delta=0.001
Init    | Train: loss: 1.96296 | quality: 0.13811
        | Val:   loss: 1.95696 | quality: 0.14051
Epoch 1 | Train: loss: 1.93983 | quality: 0.28414
        | Val:   loss: 1.94501 | quality: 0.26974
 *
Epoch 2 | Train: loss: 1.93344 | quality: 0.28194
        | Val:   loss: 1.94367 | quality: 0.26667

Epoch 3 | Train: loss: 1.92057 | quality: 0.29800
        | Val:   loss: 1.93528 | quality: 0.28821
 *
Epoch 4 | Train: loss: 1.90533 | quality: 0.31119
        | Val:   loss: 1.93571 | quality: 0.27795

Epoch 5 | Train: loss: 1.89695 | quality: 0.32285
        | Val:   loss: 1.94845 | quality: 0.27897

Epoch 6 | Train: loss: 1.88123 | quality: 0.34836
        | Val:   loss: 1.95625 | quality: 0.29436
 *
Epoch 7 | Train: loss: 1.87371 | quality: 0.36266
        | Val:   loss: 1.94719 | quality: 0.32308
 *
Epoch 8 | Train: loss: 1.85949 | quality: 0.36728
        | Val:   loss: 1.95003 | quality: 0.31077

Epoch 9 | Train: loss: 1.83770 | quality: 0.37475
        | Val:   loss: 1.94576 | quality: 0.31795

Epoch 10 | Train: loss: 1.82407 | quality: 0.38487
        | Val:   loss: 1.96403 | quality: 0.33026
 *
Epoch 11 | Train: loss: 1.81876 | quality: 0.38597
        | Val:   loss: 1.96695 | quality: 0.32923

Epoch 12 | Train: loss: 1.81422 | quality: 0.39521
        | Val:   loss: 1.96976 | quality: 0.33436
 *
Epoch 13 | Train: loss: 1.81154 | quality: 0.40048
        | Val:   loss: 1.96950 | quality: 0.32410

Epoch 14 | Train: loss: 1.81037 | quality: 0.39938
        | Val:   loss: 1.96868 | quality: 0.32205

Epoch 15 | Train: loss: 1.80966 | quality: 0.39740
        | Val:   loss: 1.96844 | quality: 0.32718

Epoch 16 | Train: loss: 1.80908 | quality: 0.39697
        | Val:   loss: 1.96870 | quality: 0.32308

Epoch 17 | Train: loss: 1.80854 | quality: 0.39982
        | Val:   loss: 1.96921 | quality: 0.33026

Epoch 18 | Train: loss: 1.80803 | quality: 0.40290
        | Val:   loss: 1.96971 | quality: 0.34051
 *
Epoch 19 | Train: loss: 1.80757 | quality: 0.40488
        | Val:   loss: 1.97004 | quality: 0.33538

Epoch 20 | Train: loss: 1.80714 | quality: 0.40642
        | Val:   loss: 1.97016 | quality: 0.33641


Best epoch: 18 (val_quality=0.340513)
[2026-05-02 01:08:52,068][__main__][INFO] - ✓ DONE TNML_F/winequalityc/NTN L=3 bd=4 seed=32874 -> /zhome/6b/e/212868/GTN/outputs/ntn/winequalityc/TNML_F_rg5_init0.1/L3_bd4_seed32874 | val=0.3405
[2026-05-02 01:08:52,070][HYDRA] 	#28 : model.L=3 model.bond_dim=4 seed=47311 trainer.ridge=5 trainer.ridge_decay=0.25 trainer.ridge_min=0.0001 +experiment=uci_ntn_sweep model=tnml_f dataset=winequalityc
[2026-05-02 01:08:52,227][__main__][INFO] - ▶ RUN TNML_F/winequalityc/NTN L=3 bd=4 seed=47311 -> /zhome/6b/e/212868/GTN/outputs/ntn/winequalityc/TNML_F_rg5_init0.1/L3_bd4_seed47311
Starting Fit: 20 epochs.
Sweep Order: ['Node0', 'Node1', 'Node2', 'Node3', 'Node4', 'Node5', 'Node6', 'Node7', 'Node8', 'Node9', 'Node10', 'Node9', 'Node8', 'Node7', 'Node6', 'Node5', 'Node4', 'Node3', 'Node2', 'Node1']
Validation: Using separate validation set for best model selection
Early stopping: patience=10, min_delta=0.001
Init    | Train: loss: 1.98819 | quality: 0.06884
        | Val:   loss: 1.98726 | quality: 0.06974
Epoch 1 | Train: loss: 1.93236 | quality: 0.27667
        | Val:   loss: 1.93472 | quality: 0.28821
 *
Epoch 2 | Train: loss: 1.92411 | quality: 0.30416
        | Val:   loss: 1.93839 | quality: 0.31077
 *
Epoch 3 | Train: loss: 1.91532 | quality: 0.31691
        | Val:   loss: 1.94627 | quality: 0.31795
 *
Epoch 4 | Train: loss: 1.90829 | quality: 0.34154
        | Val:   loss: 1.94120 | quality: 0.33333
 *
Epoch 5 | Train: loss: 1.89997 | quality: 0.33297
        | Val:   loss: 1.94194 | quality: 0.32821

Epoch 6 | Train: loss: 1.88505 | quality: 0.35452
        | Val:   loss: 1.96674 | quality: 0.34256
 *
Epoch 7 | Train: loss: 1.87226 | quality: 0.36222
        | Val:   loss: 1.97305 | quality: 0.33231

Epoch 8 | Train: loss: 1.85212 | quality: 0.38795
        | Val:   loss: 1.98755 | quality: 0.35179
 *
Epoch 9 | Train: loss: 1.82892 | quality: 0.39587
        | Val:   loss: 1.99035 | quality: 0.36615
 *
Epoch 10 | Train: loss: 1.81393 | quality: 0.41456
        | Val:   loss: 1.98267 | quality: 0.36615
 *
Epoch 11 | Train: loss: 1.80864 | quality: 0.41786
        | Val:   loss: 1.98142 | quality: 0.36103

Epoch 12 | Train: loss: 1.80704 | quality: 0.42160
        | Val:   loss: 1.97906 | quality: 0.37128
 *
Epoch 13 | Train: loss: 1.80634 | quality: 0.41698
        | Val:   loss: 1.97624 | quality: 0.36923

Epoch 14 | Train: loss: 1.80585 | quality: 0.41544
        | Val:   loss: 1.97387 | quality: 0.35692

Epoch 15 | Train: loss: 1.80539 | quality: 0.41918
        | Val:   loss: 1.97220 | quality: 0.35795

Epoch 16 | Train: loss: 1.80494 | quality: 0.42006
        | Val:   loss: 1.97120 | quality: 0.36103

Epoch 17 | Train: loss: 1.80451 | quality: 0.41478
        | Val:   loss: 1.97075 | quality: 0.35897

Epoch 18 | Train: loss: 1.80411 | quality: 0.41698
        | Val:   loss: 1.97068 | quality: 0.35897

Epoch 19 | Train: loss: 1.80369 | quality: 0.41808
        | Val:   loss: 1.97082 | quality: 0.36513

Epoch 20 | Train: loss: 1.80318 | quality: 0.41654
        | Val:   loss: 1.97111 | quality: 0.37333
 *

Best epoch: 20 (val_quality=0.373333)
[2026-05-02 01:09:33,808][__main__][INFO] - ✓ DONE TNML_F/winequalityc/NTN L=3 bd=4 seed=47311 -> /zhome/6b/e/212868/GTN/outputs/ntn/winequalityc/TNML_F_rg5_init0.1/L3_bd4_seed47311 | val=0.3733
[2026-05-02 01:09:33,811][HYDRA] 	#29 : model.L=3 model.bond_dim=4 seed=47303 trainer.ridge=5 trainer.ridge_decay=0.25 trainer.ridge_min=0.0001 +experiment=uci_ntn_sweep model=tnml_f dataset=winequalityc
[2026-05-02 01:09:33,965][__main__][INFO] - ▶ RUN TNML_F/winequalityc/NTN L=3 bd=4 seed=47303 -> /zhome/6b/e/212868/GTN/outputs/ntn/winequalityc/TNML_F_rg5_init0.1/L3_bd4_seed47303
Starting Fit: 20 epochs.
Sweep Order: ['Node0', 'Node1', 'Node2', 'Node3', 'Node4', 'Node5', 'Node6', 'Node7', 'Node8', 'Node9', 'Node10', 'Node9', 'Node8', 'Node7', 'Node6', 'Node5', 'Node4', 'Node3', 'Node2', 'Node1']
Validation: Using separate validation set for best model selection
Early stopping: patience=10, min_delta=0.001
Init    | Train: loss: 1.97927 | quality: 0.15395
        | Val:   loss: 1.99246 | quality: 0.13641
Epoch 1 | Train: loss: 1.93782 | quality: 0.27359
        | Val:   loss: 1.94336 | quality: 0.25744
 *
Epoch 2 | Train: loss: 1.93125 | quality: 0.24786
        | Val:   loss: 1.93964 | quality: 0.26667
 *
Epoch 3 | Train: loss: 1.92209 | quality: 0.26281
        | Val:   loss: 1.93314 | quality: 0.26462

Epoch 4 | Train: loss: 1.90933 | quality: 0.29536
        | Val:   loss: 1.93152 | quality: 0.28923
 *
Epoch 5 | Train: loss: 1.89803 | quality: 0.33165
        | Val:   loss: 1.94069 | quality: 0.29128
 *
Epoch 6 | Train: loss: 1.89059 | quality: 0.34506
        | Val:   loss: 1.95976 | quality: 0.30564
 *
Epoch 7 | Train: loss: 1.87560 | quality: 0.34682
        | Val:   loss: 1.95892 | quality: 0.29538

Epoch 8 | Train: loss: 1.85531 | quality: 0.35694
        | Val:   loss: 1.95811 | quality: 0.28923

Epoch 9 | Train: loss: 1.82979 | quality: 0.37827
        | Val:   loss: 1.97855 | quality: 0.30462

Epoch 10 | Train: loss: 1.81814 | quality: 0.39850
        | Val:   loss: 1.97730 | quality: 0.31282
 *
Epoch 11 | Train: loss: 1.81391 | quality: 0.39916
        | Val:   loss: 1.97279 | quality: 0.32410
 *
Epoch 12 | Train: loss: 1.81199 | quality: 0.39894
        | Val:   loss: 1.96914 | quality: 0.31897

Epoch 13 | Train: loss: 1.81092 | quality: 0.39806
        | Val:   loss: 1.96722 | quality: 0.32923
 *
Epoch 14 | Train: loss: 1.81010 | quality: 0.39916
        | Val:   loss: 1.96644 | quality: 0.33436
 *
Epoch 15 | Train: loss: 1.80923 | quality: 0.40268
        | Val:   loss: 1.96644 | quality: 0.33333

Epoch 16 | Train: loss: 1.80806 | quality: 0.40840
        | Val:   loss: 1.96720 | quality: 0.33333

Epoch 17 | Train: loss: 1.80640 | quality: 0.41434
        | Val:   loss: 1.96885 | quality: 0.34564
 *
Epoch 18 | Train: loss: 1.80445 | quality: 0.41918
        | Val:   loss: 1.97112 | quality: 0.35487
 *
Epoch 19 | Train: loss: 1.80287 | quality: 0.41962
        | Val:   loss: 1.97335 | quality: 0.34154

Epoch 20 | Train: loss: 1.80192 | quality: 0.42028
        | Val:   loss: 1.97515 | quality: 0.34974


Best epoch: 18 (val_quality=0.354872)
[2026-05-02 01:10:14,961][__main__][INFO] - ✓ DONE TNML_F/winequalityc/NTN L=3 bd=4 seed=47303 -> /zhome/6b/e/212868/GTN/outputs/ntn/winequalityc/TNML_F_rg5_init0.1/L3_bd4_seed47303 | val=0.3549

------------------------------------------------------------
Sender: LSF System <lsfadmin@hpc.dtu.dk>
Subject: Job 28335042[149]: <ntn_grid_full[1-150]%20> in cluster <dcc> Done

Job <ntn_grid_full[1-150]%20> was submitted from host <hpclogin1> by user <nicci> in cluster <dcc> at Fri May  1 15:11:22 2026
Job was executed on host(s) <4*n-62-29-15>, in queue <hpc>, as user <nicci> in cluster <dcc> at Sat May  2 00:40:50 2026
</zhome/6b/e/212868> was used as the home directory.
</zhome/6b/e/212868/GTN> was used as the working directory.
Started at Sat May  2 00:40:50 2026
Terminated at Sat May  2 01:10:27 2026
Results reported at Sat May  2 01:10:27 2026

Your job looked like:

------------------------------------------------------------
# LSBATCH: User input
#!/bin/bash
#BSUB -q hpc
#BSUB -J "ntn_grid_full[1-150]%20"
#BSUB -W 8:00
#BSUB -n 4
#BSUB -R "rusage[mem=750MB]"
#BSUB -R "span[hosts=1]"
#BSUB -o logs/%J_%I.out
#BSUB -e logs/%J_%I.err

MODELS=("cpda" "cpda_typei" "lmpo2" "lmpo2_typei" "mpo2" "mpo2_typei" "mmpo2" "mmpo2_typei" "tnml_f" "tnml_p")

DATASETS=(
    "abalone" "adult" "ai4i" "appliances" "bank" "bike" "breast"
    "car_evaluation" "concrete" "energy_efficiency" "hearth"
    "iris" "mushrooms" "obesity" "popularity" "realstate"
    "seoulBike" "student_dropout" "student_perf" "wine"
    "winequalityc"
)

COMPLETED_DATASETS=(
    "abalone" "bike" "concrete" "energy_efficiency"
    "iris" "realstate" )

# Filter datasets
FILTERED_DATASETS=()
for ds in "${DATASETS[@]}"; do
    skip=false
    for completed in "${COMPLETED_DATASETS[@]}"; do
        if [[ "$ds" == "$completed" ]]; then
            skip=true
            break
        fi
    done

    if ! $skip; then
        FILTERED_DATASETS+=("$ds")
    fi
done

DATASETS=("${FILTERED_DATASETS[@]}")

NUM_MODELS=${#MODELS[@]}
NUM_DATASETS=${#DATASETS[@]}
NUM_EXPERIMENTS=$((NUM_DATASETS * NUM_MODELS))

if [ "$1" == "test" ]; then
    echo "SIMULATING ARRAY:"
    echo "-----------------"


(... more ...)
------------------------------------------------------------

Successfully completed.

Resource usage summary:

    CPU time :                                   6622.12 sec.
    Max Memory :                                 619 MB
    Average Memory :                             458.36 MB
    Total Requested Memory :                     3000.00 MB
    Delta Memory :                               2381.00 MB
    Max Swap :                                   -
    Max Processes :                              10
    Max Threads :                                37
    Run time :                                   1777 sec.
    Turnaround time :                            35945 sec.

The output (if any) is above this job summary.



PS:

Read file <logs/28335042_149.err> for stderr output of this job.

