Task 129: Dataset=student_perf, Model=tnml_f, Experiment=uci_ntn_sweep
[2026-05-02 23:24:28,767][HYDRA] Launching 30 jobs locally
[2026-05-02 23:24:28,767][HYDRA] 	#0 : model.L=4 model.bond_dim=12 seed=42 trainer.ridge=5 trainer.ridge_decay=0.25 trainer.ridge_min=0.0001 +experiment=uci_ntn_sweep model=tnml_f dataset=student_perf
[2026-05-02 23:24:29,312][utils.tracking][INFO] - Loaded 17971 tracked runs from runs_tracking.csv
[2026-05-02 23:24:29,315][__main__][INFO] - ▶ RUN TNML_F/student_perf/NTN L=4 bd=12 seed=42 -> /zhome/6b/e/212868/GTN/outputs/ntn/student_perf/TNML_F_rg5_init0.1/L4_bd12_seed42
Starting Fit: 20 epochs.
Sweep Order: ['Node0', 'Node1', 'Node2', 'Node3', 'Node4', 'Node5', 'Node6', 'Node7', 'Node8', 'Node9', 'Node10', 'Node11', 'Node12', 'Node13', 'Node14', 'Node15', 'Node16', 'Node17', 'Node18', 'Node19', 'Node20', 'Node21', 'Node22', 'Node23', 'Node24', 'Node25', 'Node26', 'Node27', 'Node28', 'Node29', 'Node30', 'Node31', 'Node32', 'Node33', 'Node34', 'Node35', 'Node36', 'Node37', 'Node38', 'Node39', 'Node40', 'Node41', 'Node42', 'Node43', 'Node44', 'Node45', 'Node46', 'Node47', 'Node48', 'Node49', 'Node48', 'Node47', 'Node46', 'Node45', 'Node44', 'Node43', 'Node42', 'Node41', 'Node40', 'Node39', 'Node38', 'Node37', 'Node36', 'Node35', 'Node34', 'Node33', 'Node32', 'Node31', 'Node30', 'Node29', 'Node28', 'Node27', 'Node26', 'Node25', 'Node24', 'Node23', 'Node22', 'Node21', 'Node20', 'Node19', 'Node18', 'Node17', 'Node16', 'Node15', 'Node14', 'Node13', 'Node12', 'Node11', 'Node10', 'Node9', 'Node8', 'Node7', 'Node6', 'Node5', 'Node4', 'Node3', 'Node2', 'Node1']
Validation: Using separate validation set for best model selection
Early stopping: patience=10, min_delta=0.001
Init    | Train: loss: 133.50357 | quality: -17.81530
        | Val:   loss: 138.20218 | quality: -20.68397
Epoch 1 | Train: loss: 122.71429 | quality: -16.29471
        | Val:   loss: 136.87031 | quality: -20.47500
 *
Epoch 2 | Train: loss: 115.19546 | quality: -15.23505
        | Val:   loss: 141.08917 | quality: -21.13694

Epoch 3 | Train: loss: 110.11526 | quality: -14.51907
        | Val:   loss: 139.94713 | quality: -20.95775

Epoch 4 | Train: loss: 99.42118 | quality: -13.01190
        | Val:   loss: 150.04494 | quality: -22.54210

Epoch 5 | Train: loss: 86.23261 | quality: -11.15317
        | Val:   loss: 170.21163 | quality: -25.70626

Epoch 6 | Train: loss: 76.90261 | quality: -9.83825
        | Val:   loss: 215.90684 | quality: -32.87586

Epoch 7 | Train: loss: 66.40392 | quality: -8.35862
        | Val:   loss: 282.90373 | quality: -43.38769

Epoch 8 | Train: loss: 57.08344 | quality: -7.04504
        | Val:   loss: 349.54157 | quality: -53.84319

Epoch 9 | Train: loss: 44.38318 | quality: -5.25513
        | Val:   loss: 1660.03658 | quality: -259.46032

Epoch 10 | Train: loss: 34.40673 | quality: -3.84911
        | Val:   loss: 1487.17829 | quality: -232.33879

Epoch 11 | Train: loss: 26.29921 | quality: -2.70647
        | Val:   loss: 2549.49039 | quality: -399.01593


⏸ Early stopping at epoch 11 (best was epoch 1)
[2026-05-02 23:25:58,700][__main__][INFO] - ✓ DONE TNML_F/student_perf/NTN L=4 bd=12 seed=42 -> /zhome/6b/e/212868/GTN/outputs/ntn/student_perf/TNML_F_rg5_init0.1/L4_bd12_seed42 | val=-20.4750
[2026-05-02 23:25:58,707][HYDRA] 	#1 : model.L=4 model.bond_dim=12 seed=10090 trainer.ridge=5 trainer.ridge_decay=0.25 trainer.ridge_min=0.0001 +experiment=uci_ntn_sweep model=tnml_f dataset=student_perf
[2026-05-02 23:25:58,894][__main__][INFO] - ▶ RUN TNML_F/student_perf/NTN L=4 bd=12 seed=10090 -> /zhome/6b/e/212868/GTN/outputs/ntn/student_perf/TNML_F_rg5_init0.1/L4_bd12_seed10090
Starting Fit: 20 epochs.
Sweep Order: ['Node0', 'Node1', 'Node2', 'Node3', 'Node4', 'Node5', 'Node6', 'Node7', 'Node8', 'Node9', 'Node10', 'Node11', 'Node12', 'Node13', 'Node14', 'Node15', 'Node16', 'Node17', 'Node18', 'Node19', 'Node20', 'Node21', 'Node22', 'Node23', 'Node24', 'Node25', 'Node26', 'Node27', 'Node28', 'Node29', 'Node30', 'Node31', 'Node32', 'Node33', 'Node34', 'Node35', 'Node36', 'Node37', 'Node38', 'Node39', 'Node40', 'Node41', 'Node42', 'Node43', 'Node44', 'Node45', 'Node46', 'Node47', 'Node48', 'Node49', 'Node48', 'Node47', 'Node46', 'Node45', 'Node44', 'Node43', 'Node42', 'Node41', 'Node40', 'Node39', 'Node38', 'Node37', 'Node36', 'Node35', 'Node34', 'Node33', 'Node32', 'Node31', 'Node30', 'Node29', 'Node28', 'Node27', 'Node26', 'Node25', 'Node24', 'Node23', 'Node22', 'Node21', 'Node20', 'Node19', 'Node18', 'Node17', 'Node16', 'Node15', 'Node14', 'Node13', 'Node12', 'Node11', 'Node10', 'Node9', 'Node8', 'Node7', 'Node6', 'Node5', 'Node4', 'Node3', 'Node2', 'Node1']
Validation: Using separate validation set for best model selection
Early stopping: patience=10, min_delta=0.001
Init    | Train: loss: 133.56425 | quality: -17.82385
        | Val:   loss: 139.35103 | quality: -20.86422
Epoch 1 | Train: loss: 120.05648 | quality: -15.92013
        | Val:   loss: 139.84667 | quality: -20.94199

Epoch 2 | Train: loss: 105.99053 | quality: -13.93775
        | Val:   loss: 186.15330 | quality: -28.20752

Epoch 3 | Train: loss: 97.99911 | quality: -12.81148
        | Val:   loss: 179.81588 | quality: -27.21317

Epoch 4 | Train: loss: 84.88134 | quality: -10.96273
        | Val:   loss: 276.08620 | quality: -42.31802

Epoch 5 | Train: loss: 71.11983 | quality: -9.02326
        | Val:   loss: 266.19724 | quality: -40.76644

Epoch 6 | Train: loss: 63.80075 | quality: -7.99174
        | Val:   loss: 696.61547 | quality: -108.29921

Epoch 7 | Train: loss: 56.73452 | quality: -6.99587
        | Val:   loss: 2001.65801 | quality: -313.06084

Epoch 8 | Train: loss: 49.75851 | quality: -6.01270
        | Val:   loss: 4288.50475 | quality: -671.86788

Epoch 9 | Train: loss: 40.42267 | quality: -4.69696
        | Val:   loss: 4705.08310 | quality: -737.22917

Epoch 10 | Train: loss: 28.39238 | quality: -3.00147
        | Val:   loss: 6759.04240 | quality: -1059.49610


⏸ Early stopping at epoch 10 (best was epoch 0)
[2026-05-02 23:26:29,370][__main__][INFO] - ✓ DONE TNML_F/student_perf/NTN L=4 bd=12 seed=10090 -> /zhome/6b/e/212868/GTN/outputs/ntn/student_perf/TNML_F_rg5_init0.1/L4_bd12_seed10090 | val=-20.8642
[2026-05-02 23:26:29,372][HYDRA] 	#2 : model.L=4 model.bond_dim=12 seed=32874 trainer.ridge=5 trainer.ridge_decay=0.25 trainer.ridge_min=0.0001 +experiment=uci_ntn_sweep model=tnml_f dataset=student_perf
[2026-05-02 23:26:29,570][__main__][INFO] - ▶ RUN TNML_F/student_perf/NTN L=4 bd=12 seed=32874 -> /zhome/6b/e/212868/GTN/outputs/ntn/student_perf/TNML_F_rg5_init0.1/L4_bd12_seed32874
Starting Fit: 20 epochs.
Sweep Order: ['Node0', 'Node1', 'Node2', 'Node3', 'Node4', 'Node5', 'Node6', 'Node7', 'Node8', 'Node9', 'Node10', 'Node11', 'Node12', 'Node13', 'Node14', 'Node15', 'Node16', 'Node17', 'Node18', 'Node19', 'Node20', 'Node21', 'Node22', 'Node23', 'Node24', 'Node25', 'Node26', 'Node27', 'Node28', 'Node29', 'Node30', 'Node31', 'Node32', 'Node33', 'Node34', 'Node35', 'Node36', 'Node37', 'Node38', 'Node39', 'Node40', 'Node41', 'Node42', 'Node43', 'Node44', 'Node45', 'Node46', 'Node47', 'Node48', 'Node49', 'Node48', 'Node47', 'Node46', 'Node45', 'Node44', 'Node43', 'Node42', 'Node41', 'Node40', 'Node39', 'Node38', 'Node37', 'Node36', 'Node35', 'Node34', 'Node33', 'Node32', 'Node31', 'Node30', 'Node29', 'Node28', 'Node27', 'Node26', 'Node25', 'Node24', 'Node23', 'Node22', 'Node21', 'Node20', 'Node19', 'Node18', 'Node17', 'Node16', 'Node15', 'Node14', 'Node13', 'Node12', 'Node11', 'Node10', 'Node9', 'Node8', 'Node7', 'Node6', 'Node5', 'Node4', 'Node3', 'Node2', 'Node1']
Validation: Using separate validation set for best model selection
Early stopping: patience=10, min_delta=0.001
Init    | Train: loss: 133.22793 | quality: -17.77645
        | Val:   loss: 138.69323 | quality: -20.76102
Epoch 1 | Train: loss: 119.22166 | quality: -15.80248
        | Val:   loss: 154.68492 | quality: -23.27012

Epoch 2 | Train: loss: 109.55474 | quality: -14.44007
        | Val:   loss: 177.96199 | quality: -26.92230

Epoch 3 | Train: loss: 95.94940 | quality: -12.52261
        | Val:   loss: 188.63124 | quality: -28.59631

Epoch 4 | Train: loss: 82.94930 | quality: -10.69044
        | Val:   loss: 240.70885 | quality: -36.76730

Epoch 5 | Train: loss: 71.69361 | quality: -9.10412
        | Val:   loss: 272.93796 | quality: -41.82406

Epoch 6 | Train: loss: 59.99458 | quality: -7.45532
        | Val:   loss: 308.81157 | quality: -47.45264

Epoch 7 | Train: loss: 51.07253 | quality: -6.19790
        | Val:   loss: 341.60813 | quality: -52.59843

Epoch 8 | Train: loss: 43.28232 | quality: -5.09998
        | Val:   loss: 489.69295 | quality: -75.83299

Epoch 9 | Train: loss: 32.33024 | quality: -3.55646
        | Val:   loss: 1102.32381 | quality: -171.95499

Epoch 10 | Train: loss: 22.35332 | quality: -2.15036
        | Val:   loss: 1493.10731 | quality: -233.26906


⏸ Early stopping at epoch 10 (best was epoch 0)
[2026-05-02 23:27:00,291][__main__][INFO] - ✓ DONE TNML_F/student_perf/NTN L=4 bd=12 seed=32874 -> /zhome/6b/e/212868/GTN/outputs/ntn/student_perf/TNML_F_rg5_init0.1/L4_bd12_seed32874 | val=-20.7610
[2026-05-02 23:27:00,293][HYDRA] 	#3 : model.L=4 model.bond_dim=12 seed=47311 trainer.ridge=5 trainer.ridge_decay=0.25 trainer.ridge_min=0.0001 +experiment=uci_ntn_sweep model=tnml_f dataset=student_perf
[2026-05-02 23:27:00,473][__main__][INFO] - ▶ RUN TNML_F/student_perf/NTN L=4 bd=12 seed=47311 -> /zhome/6b/e/212868/GTN/outputs/ntn/student_perf/TNML_F_rg5_init0.1/L4_bd12_seed47311
Starting Fit: 20 epochs.
Sweep Order: ['Node0', 'Node1', 'Node2', 'Node3', 'Node4', 'Node5', 'Node6', 'Node7', 'Node8', 'Node9', 'Node10', 'Node11', 'Node12', 'Node13', 'Node14', 'Node15', 'Node16', 'Node17', 'Node18', 'Node19', 'Node20', 'Node21', 'Node22', 'Node23', 'Node24', 'Node25', 'Node26', 'Node27', 'Node28', 'Node29', 'Node30', 'Node31', 'Node32', 'Node33', 'Node34', 'Node35', 'Node36', 'Node37', 'Node38', 'Node39', 'Node40', 'Node41', 'Node42', 'Node43', 'Node44', 'Node45', 'Node46', 'Node47', 'Node48', 'Node49', 'Node48', 'Node47', 'Node46', 'Node45', 'Node44', 'Node43', 'Node42', 'Node41', 'Node40', 'Node39', 'Node38', 'Node37', 'Node36', 'Node35', 'Node34', 'Node33', 'Node32', 'Node31', 'Node30', 'Node29', 'Node28', 'Node27', 'Node26', 'Node25', 'Node24', 'Node23', 'Node22', 'Node21', 'Node20', 'Node19', 'Node18', 'Node17', 'Node16', 'Node15', 'Node14', 'Node13', 'Node12', 'Node11', 'Node10', 'Node9', 'Node8', 'Node7', 'Node6', 'Node5', 'Node4', 'Node3', 'Node2', 'Node1']
Validation: Using separate validation set for best model selection
Early stopping: patience=10, min_delta=0.001
Init    | Train: loss: 135.84328 | quality: -18.14504
        | Val:   loss: 137.40343 | quality: -20.55865
Epoch 1 | Train: loss: 121.96199 | quality: -16.18869
        | Val:   loss: 257.11977 | quality: -39.34218

Epoch 2 | Train: loss: 111.03686 | quality: -14.64896
        | Val:   loss: 330.77570 | quality: -50.89882

Epoch 3 | Train: loss: 97.34898 | quality: -12.71986
        | Val:   loss: 295.15825 | quality: -45.31043

Epoch 4 | Train: loss: 85.46050 | quality: -11.04436
        | Val:   loss: 319.09719 | quality: -49.06646

Epoch 5 | Train: loss: 75.36649 | quality: -9.62176
        | Val:   loss: 550.25709 | quality: -85.33553

Epoch 6 | Train: loss: 65.92652 | quality: -8.29134
        | Val:   loss: 621.37625 | quality: -96.49415

Epoch 7 | Train: loss: 59.09476 | quality: -7.32851
        | Val:   loss: 767.96935 | quality: -119.49466

Epoch 8 | Train: loss: 46.83843 | quality: -5.60116
        | Val:   loss: 901.52380 | quality: -140.44940

Epoch 9 | Train: loss: 33.02582 | quality: -3.65449
        | Val:   loss: 1289.80361 | quality: -201.37063

Epoch 10 | Train: loss: 22.91964 | quality: -2.23017
        | Val:   loss: 1419.95140 | quality: -221.79087


⏸ Early stopping at epoch 10 (best was epoch 0)
[2026-05-02 23:27:31,087][__main__][INFO] - ✓ DONE TNML_F/student_perf/NTN L=4 bd=12 seed=47311 -> /zhome/6b/e/212868/GTN/outputs/ntn/student_perf/TNML_F_rg5_init0.1/L4_bd12_seed47311 | val=-20.5586
[2026-05-02 23:27:31,090][HYDRA] 	#4 : model.L=4 model.bond_dim=12 seed=47303 trainer.ridge=5 trainer.ridge_decay=0.25 trainer.ridge_min=0.0001 +experiment=uci_ntn_sweep model=tnml_f dataset=student_perf
[2026-05-02 23:27:31,291][__main__][INFO] - ▶ RUN TNML_F/student_perf/NTN L=4 bd=12 seed=47303 -> /zhome/6b/e/212868/GTN/outputs/ntn/student_perf/TNML_F_rg5_init0.1/L4_bd12_seed47303
Starting Fit: 20 epochs.
Sweep Order: ['Node0', 'Node1', 'Node2', 'Node3', 'Node4', 'Node5', 'Node6', 'Node7', 'Node8', 'Node9', 'Node10', 'Node11', 'Node12', 'Node13', 'Node14', 'Node15', 'Node16', 'Node17', 'Node18', 'Node19', 'Node20', 'Node21', 'Node22', 'Node23', 'Node24', 'Node25', 'Node26', 'Node27', 'Node28', 'Node29', 'Node30', 'Node31', 'Node32', 'Node33', 'Node34', 'Node35', 'Node36', 'Node37', 'Node38', 'Node39', 'Node40', 'Node41', 'Node42', 'Node43', 'Node44', 'Node45', 'Node46', 'Node47', 'Node48', 'Node49', 'Node48', 'Node47', 'Node46', 'Node45', 'Node44', 'Node43', 'Node42', 'Node41', 'Node40', 'Node39', 'Node38', 'Node37', 'Node36', 'Node35', 'Node34', 'Node33', 'Node32', 'Node31', 'Node30', 'Node29', 'Node28', 'Node27', 'Node26', 'Node25', 'Node24', 'Node23', 'Node22', 'Node21', 'Node20', 'Node19', 'Node18', 'Node17', 'Node16', 'Node15', 'Node14', 'Node13', 'Node12', 'Node11', 'Node10', 'Node9', 'Node8', 'Node7', 'Node6', 'Node5', 'Node4', 'Node3', 'Node2', 'Node1']
Validation: Using separate validation set for best model selection
Early stopping: patience=10, min_delta=0.001
Init    | Train: loss: 133.18093 | quality: -17.76983
        | Val:   loss: 138.29633 | quality: -20.69874
Epoch 1 | Train: loss: 123.51966 | quality: -16.40822
        | Val:   loss: 142.69000 | quality: -21.38811

Epoch 2 | Train: loss: 112.26573 | quality: -14.82215
        | Val:   loss: 200.20809 | quality: -30.41272

Epoch 3 | Train: loss: 103.07273 | quality: -13.52653
        | Val:   loss: 211.15292 | quality: -32.12997

Epoch 4 | Train: loss: 96.18707 | quality: -12.55610
        | Val:   loss: 256.97170 | quality: -39.31895

Epoch 5 | Train: loss: 88.44936 | quality: -11.46559
        | Val:   loss: 265.87312 | quality: -40.71558

Epoch 6 | Train: loss: 79.69995 | quality: -10.23250
        | Val:   loss: 331.94950 | quality: -51.08299

Epoch 7 | Train: loss: 69.73223 | quality: -8.82770
        | Val:   loss: 587.65687 | quality: -91.20357

Epoch 8 | Train: loss: 61.49045 | quality: -7.66614
        | Val:   loss: 932.38501 | quality: -145.29153

Epoch 9 | Train: loss: 48.66026 | quality: -5.85792
        | Val:   loss: 1429.22732 | quality: -223.24626

Epoch 10 | Train: loss: 34.90273 | quality: -3.91901
        | Val:   loss: 1738.66707 | quality: -271.79747


⏸ Early stopping at epoch 10 (best was epoch 0)
[2026-05-02 23:28:02,041][__main__][INFO] - ✓ DONE TNML_F/student_perf/NTN L=4 bd=12 seed=47303 -> /zhome/6b/e/212868/GTN/outputs/ntn/student_perf/TNML_F_rg5_init0.1/L4_bd12_seed47303 | val=-20.6987
[2026-05-02 23:28:02,044][HYDRA] 	#5 : model.L=4 model.bond_dim=8 seed=42 trainer.ridge=5 trainer.ridge_decay=0.25 trainer.ridge_min=0.0001 +experiment=uci_ntn_sweep model=tnml_f dataset=student_perf
[2026-05-02 23:28:02,322][__main__][INFO] - ▶ RUN TNML_F/student_perf/NTN L=4 bd=8 seed=42 -> /zhome/6b/e/212868/GTN/outputs/ntn/student_perf/TNML_F_rg5_init0.1/L4_bd8_seed42
Starting Fit: 20 epochs.
Sweep Order: ['Node0', 'Node1', 'Node2', 'Node3', 'Node4', 'Node5', 'Node6', 'Node7', 'Node8', 'Node9', 'Node10', 'Node11', 'Node12', 'Node13', 'Node14', 'Node15', 'Node16', 'Node17', 'Node18', 'Node19', 'Node20', 'Node21', 'Node22', 'Node23', 'Node24', 'Node25', 'Node26', 'Node27', 'Node28', 'Node29', 'Node30', 'Node31', 'Node32', 'Node33', 'Node34', 'Node35', 'Node36', 'Node37', 'Node38', 'Node39', 'Node40', 'Node41', 'Node42', 'Node43', 'Node44', 'Node45', 'Node46', 'Node47', 'Node48', 'Node49', 'Node48', 'Node47', 'Node46', 'Node45', 'Node44', 'Node43', 'Node42', 'Node41', 'Node40', 'Node39', 'Node38', 'Node37', 'Node36', 'Node35', 'Node34', 'Node33', 'Node32', 'Node31', 'Node30', 'Node29', 'Node28', 'Node27', 'Node26', 'Node25', 'Node24', 'Node23', 'Node22', 'Node21', 'Node20', 'Node19', 'Node18', 'Node17', 'Node16', 'Node15', 'Node14', 'Node13', 'Node12', 'Node11', 'Node10', 'Node9', 'Node8', 'Node7', 'Node6', 'Node5', 'Node4', 'Node3', 'Node2', 'Node1']
Validation: Using separate validation set for best model selection
Early stopping: patience=10, min_delta=0.001
Init    | Train: loss: 133.45484 | quality: -17.80843
        | Val:   loss: 138.32617 | quality: -20.70342
Epoch 1 | Train: loss: 129.21294 | quality: -17.21060
        | Val:   loss: 138.26036 | quality: -20.69310
 *
Epoch 2 | Train: loss: 120.51105 | quality: -15.98420
        | Val:   loss: 144.77876 | quality: -21.71584

Epoch 3 | Train: loss: 112.68394 | quality: -14.88109
        | Val:   loss: 159.61141 | quality: -24.04309

Epoch 4 | Train: loss: 105.89527 | quality: -13.92433
        | Val:   loss: 193.02800 | quality: -29.28616

Epoch 5 | Train: loss: 99.20088 | quality: -12.98086
        | Val:   loss: 199.43182 | quality: -30.29092

Epoch 6 | Train: loss: 90.41555 | quality: -11.74270
        | Val:   loss: 249.02615 | quality: -38.07229

Epoch 7 | Train: loss: 83.10789 | quality: -10.71279
        | Val:   loss: 369.07252 | quality: -56.90761

Epoch 8 | Train: loss: 74.70816 | quality: -9.52898
        | Val:   loss: 469.78221 | quality: -72.70899

Epoch 9 | Train: loss: 63.43118 | quality: -7.93966
        | Val:   loss: 638.20603 | quality: -99.13475

Epoch 10 | Train: loss: 51.42119 | quality: -6.24703
        | Val:   loss: 682.18138 | quality: -106.03449

Epoch 11 | Train: loss: 39.99354 | quality: -4.63648
        | Val:   loss: 708.55416 | quality: -110.17239


⏸ Early stopping at epoch 11 (best was epoch 1)
[2026-05-02 23:29:26,374][__main__][INFO] - ✓ DONE TNML_F/student_perf/NTN L=4 bd=8 seed=42 -> /zhome/6b/e/212868/GTN/outputs/ntn/student_perf/TNML_F_rg5_init0.1/L4_bd8_seed42 | val=-20.6931
[2026-05-02 23:29:26,377][HYDRA] 	#6 : model.L=4 model.bond_dim=8 seed=10090 trainer.ridge=5 trainer.ridge_decay=0.25 trainer.ridge_min=0.0001 +experiment=uci_ntn_sweep model=tnml_f dataset=student_perf
[2026-05-02 23:29:26,563][__main__][INFO] - ▶ RUN TNML_F/student_perf/NTN L=4 bd=8 seed=10090 -> /zhome/6b/e/212868/GTN/outputs/ntn/student_perf/TNML_F_rg5_init0.1/L4_bd8_seed10090
Starting Fit: 20 epochs.
Sweep Order: ['Node0', 'Node1', 'Node2', 'Node3', 'Node4', 'Node5', 'Node6', 'Node7', 'Node8', 'Node9', 'Node10', 'Node11', 'Node12', 'Node13', 'Node14', 'Node15', 'Node16', 'Node17', 'Node18', 'Node19', 'Node20', 'Node21', 'Node22', 'Node23', 'Node24', 'Node25', 'Node26', 'Node27', 'Node28', 'Node29', 'Node30', 'Node31', 'Node32', 'Node33', 'Node34', 'Node35', 'Node36', 'Node37', 'Node38', 'Node39', 'Node40', 'Node41', 'Node42', 'Node43', 'Node44', 'Node45', 'Node46', 'Node47', 'Node48', 'Node49', 'Node48', 'Node47', 'Node46', 'Node45', 'Node44', 'Node43', 'Node42', 'Node41', 'Node40', 'Node39', 'Node38', 'Node37', 'Node36', 'Node35', 'Node34', 'Node33', 'Node32', 'Node31', 'Node30', 'Node29', 'Node28', 'Node27', 'Node26', 'Node25', 'Node24', 'Node23', 'Node22', 'Node21', 'Node20', 'Node19', 'Node18', 'Node17', 'Node16', 'Node15', 'Node14', 'Node13', 'Node12', 'Node11', 'Node10', 'Node9', 'Node8', 'Node7', 'Node6', 'Node5', 'Node4', 'Node3', 'Node2', 'Node1']
Validation: Using separate validation set for best model selection
Early stopping: patience=10, min_delta=0.001
Init    | Train: loss: 133.38388 | quality: -17.79843
        | Val:   loss: 138.36730 | quality: -20.70988
Epoch 1 | Train: loss: 126.18369 | quality: -16.78367
        | Val:   loss: 137.65325 | quality: -20.59784
 *
Epoch 2 | Train: loss: 119.53446 | quality: -15.84656
        | Val:   loss: 165.65824 | quality: -24.99183

Epoch 3 | Train: loss: 113.44920 | quality: -14.98894
        | Val:   loss: 267.41748 | quality: -40.95789

Epoch 4 | Train: loss: 107.43741 | quality: -14.14167
        | Val:   loss: 341.64245 | quality: -52.60382

Epoch 5 | Train: loss: 103.46619 | quality: -13.58199
        | Val:   loss: 304.61266 | quality: -46.79383

Epoch 6 | Train: loss: 95.76355 | quality: -12.49642
        | Val:   loss: 469.14260 | quality: -72.60864

Epoch 7 | Train: loss: 86.80929 | quality: -11.23445
        | Val:   loss: 1008.35475 | quality: -157.21121

Epoch 8 | Train: loss: 81.60301 | quality: -10.50070
        | Val:   loss: 2717.52644 | quality: -425.38084

Epoch 9 | Train: loss: 72.34731 | quality: -9.19625
        | Val:   loss: 17347.23017 | quality: -2720.78643

Epoch 10 | Train: loss: 61.91138 | quality: -7.72547
        | Val:   loss: 7939.29892 | quality: -1244.67875

Epoch 11 | Train: loss: 51.49456 | quality: -6.25738
        | Val:   loss: 6943.85115 | quality: -1088.49265


⏸ Early stopping at epoch 11 (best was epoch 1)
[2026-05-02 23:29:56,571][__main__][INFO] - ✓ DONE TNML_F/student_perf/NTN L=4 bd=8 seed=10090 -> /zhome/6b/e/212868/GTN/outputs/ntn/student_perf/TNML_F_rg5_init0.1/L4_bd8_seed10090 | val=-20.5978
[2026-05-02 23:29:56,576][HYDRA] 	#7 : model.L=4 model.bond_dim=8 seed=32874 trainer.ridge=5 trainer.ridge_decay=0.25 trainer.ridge_min=0.0001 +experiment=uci_ntn_sweep model=tnml_f dataset=student_perf
[2026-05-02 23:29:56,764][__main__][INFO] - ▶ RUN TNML_F/student_perf/NTN L=4 bd=8 seed=32874 -> /zhome/6b/e/212868/GTN/outputs/ntn/student_perf/TNML_F_rg5_init0.1/L4_bd8_seed32874
Starting Fit: 20 epochs.
Sweep Order: ['Node0', 'Node1', 'Node2', 'Node3', 'Node4', 'Node5', 'Node6', 'Node7', 'Node8', 'Node9', 'Node10', 'Node11', 'Node12', 'Node13', 'Node14', 'Node15', 'Node16', 'Node17', 'Node18', 'Node19', 'Node20', 'Node21', 'Node22', 'Node23', 'Node24', 'Node25', 'Node26', 'Node27', 'Node28', 'Node29', 'Node30', 'Node31', 'Node32', 'Node33', 'Node34', 'Node35', 'Node36', 'Node37', 'Node38', 'Node39', 'Node40', 'Node41', 'Node42', 'Node43', 'Node44', 'Node45', 'Node46', 'Node47', 'Node48', 'Node49', 'Node48', 'Node47', 'Node46', 'Node45', 'Node44', 'Node43', 'Node42', 'Node41', 'Node40', 'Node39', 'Node38', 'Node37', 'Node36', 'Node35', 'Node34', 'Node33', 'Node32', 'Node31', 'Node30', 'Node29', 'Node28', 'Node27', 'Node26', 'Node25', 'Node24', 'Node23', 'Node22', 'Node21', 'Node20', 'Node19', 'Node18', 'Node17', 'Node16', 'Node15', 'Node14', 'Node13', 'Node12', 'Node11', 'Node10', 'Node9', 'Node8', 'Node7', 'Node6', 'Node5', 'Node4', 'Node3', 'Node2', 'Node1']
Validation: Using separate validation set for best model selection
Early stopping: patience=10, min_delta=0.001
Init    | Train: loss: 133.26719 | quality: -17.78198
        | Val:   loss: 138.37442 | quality: -20.71099
Epoch 1 | Train: loss: 127.13297 | quality: -16.91746
        | Val:   loss: 138.67012 | quality: -20.75739

Epoch 2 | Train: loss: 120.44965 | quality: -15.97555
        | Val:   loss: 142.20130 | quality: -21.31143

Epoch 3 | Train: loss: 111.98977 | quality: -14.78325
        | Val:   loss: 152.40563 | quality: -22.91250

Epoch 4 | Train: loss: 104.94342 | quality: -13.79018
        | Val:   loss: 188.14659 | quality: -28.52026

Epoch 5 | Train: loss: 100.67199 | quality: -13.18819
        | Val:   loss: 387.60396 | quality: -59.81520

Epoch 6 | Train: loss: 93.98365 | quality: -12.24557
        | Val:   loss: 2681.89030 | quality: -419.78952

Epoch 7 | Train: loss: 85.44480 | quality: -11.04215
        | Val:   loss: 1604.76065 | quality: -250.78750

Epoch 8 | Train: loss: 80.01770 | quality: -10.27728
        | Val:   loss: 494.05544 | quality: -76.51747

Epoch 9 | Train: loss: 72.55519 | quality: -9.22555
        | Val:   loss: 591.90763 | quality: -91.87051

Epoch 10 | Train: loss: 59.92682 | quality: -7.44577
        | Val:   loss: 1293.69483 | quality: -201.98117


⏸ Early stopping at epoch 10 (best was epoch 0)
[2026-05-02 23:30:24,784][__main__][INFO] - ✓ DONE TNML_F/student_perf/NTN L=4 bd=8 seed=32874 -> /zhome/6b/e/212868/GTN/outputs/ntn/student_perf/TNML_F_rg5_init0.1/L4_bd8_seed32874 | val=-20.7110
[2026-05-02 23:30:24,788][HYDRA] 	#8 : model.L=4 model.bond_dim=8 seed=47311 trainer.ridge=5 trainer.ridge_decay=0.25 trainer.ridge_min=0.0001 +experiment=uci_ntn_sweep model=tnml_f dataset=student_perf
[2026-05-02 23:30:24,977][__main__][INFO] - ▶ RUN TNML_F/student_perf/NTN L=4 bd=8 seed=47311 -> /zhome/6b/e/212868/GTN/outputs/ntn/student_perf/TNML_F_rg5_init0.1/L4_bd8_seed47311
Starting Fit: 20 epochs.
Sweep Order: ['Node0', 'Node1', 'Node2', 'Node3', 'Node4', 'Node5', 'Node6', 'Node7', 'Node8', 'Node9', 'Node10', 'Node11', 'Node12', 'Node13', 'Node14', 'Node15', 'Node16', 'Node17', 'Node18', 'Node19', 'Node20', 'Node21', 'Node22', 'Node23', 'Node24', 'Node25', 'Node26', 'Node27', 'Node28', 'Node29', 'Node30', 'Node31', 'Node32', 'Node33', 'Node34', 'Node35', 'Node36', 'Node37', 'Node38', 'Node39', 'Node40', 'Node41', 'Node42', 'Node43', 'Node44', 'Node45', 'Node46', 'Node47', 'Node48', 'Node49', 'Node48', 'Node47', 'Node46', 'Node45', 'Node44', 'Node43', 'Node42', 'Node41', 'Node40', 'Node39', 'Node38', 'Node37', 'Node36', 'Node35', 'Node34', 'Node33', 'Node32', 'Node31', 'Node30', 'Node29', 'Node28', 'Node27', 'Node26', 'Node25', 'Node24', 'Node23', 'Node22', 'Node21', 'Node20', 'Node19', 'Node18', 'Node17', 'Node16', 'Node15', 'Node14', 'Node13', 'Node12', 'Node11', 'Node10', 'Node9', 'Node8', 'Node7', 'Node6', 'Node5', 'Node4', 'Node3', 'Node2', 'Node1']
Validation: Using separate validation set for best model selection
Early stopping: patience=10, min_delta=0.001
Init    | Train: loss: 133.27424 | quality: -17.78298
        | Val:   loss: 136.40009 | quality: -20.40122
Epoch 1 | Train: loss: 125.69856 | quality: -16.71530
        | Val:   loss: 144.00234 | quality: -21.59402

Epoch 2 | Train: loss: 119.39266 | quality: -15.82658
        | Val:   loss: 138.04029 | quality: -20.65857

Epoch 3 | Train: loss: 114.84268 | quality: -15.18533
        | Val:   loss: 139.10751 | quality: -20.82602

Epoch 4 | Train: loss: 107.35434 | quality: -14.12996
        | Val:   loss: 161.33470 | quality: -24.31347

Epoch 5 | Train: loss: 100.00035 | quality: -13.09353
        | Val:   loss: 205.55978 | quality: -31.25240

Epoch 6 | Train: loss: 88.34715 | quality: -11.45119
        | Val:   loss: 225.92808 | quality: -34.44819

Epoch 7 | Train: loss: 79.40369 | quality: -10.19074
        | Val:   loss: 247.01972 | quality: -37.75748

Epoch 8 | Train: loss: 72.98484 | quality: -9.28610
        | Val:   loss: 242.63932 | quality: -37.07019

Epoch 9 | Train: loss: 61.67093 | quality: -7.69158
        | Val:   loss: 327.52745 | quality: -50.38917

Epoch 10 | Train: loss: 46.75922 | quality: -5.59000
        | Val:   loss: 437.76392 | quality: -67.68531


⏸ Early stopping at epoch 10 (best was epoch 0)
[2026-05-02 23:30:53,263][__main__][INFO] - ✓ DONE TNML_F/student_perf/NTN L=4 bd=8 seed=47311 -> /zhome/6b/e/212868/GTN/outputs/ntn/student_perf/TNML_F_rg5_init0.1/L4_bd8_seed47311 | val=-20.4012
[2026-05-02 23:30:53,267][HYDRA] 	#9 : model.L=4 model.bond_dim=8 seed=47303 trainer.ridge=5 trainer.ridge_decay=0.25 trainer.ridge_min=0.0001 +experiment=uci_ntn_sweep model=tnml_f dataset=student_perf
[2026-05-02 23:30:53,449][__main__][INFO] - ▶ RUN TNML_F/student_perf/NTN L=4 bd=8 seed=47303 -> /zhome/6b/e/212868/GTN/outputs/ntn/student_perf/TNML_F_rg5_init0.1/L4_bd8_seed47303
Starting Fit: 20 epochs.
Sweep Order: ['Node0', 'Node1', 'Node2', 'Node3', 'Node4', 'Node5', 'Node6', 'Node7', 'Node8', 'Node9', 'Node10', 'Node11', 'Node12', 'Node13', 'Node14', 'Node15', 'Node16', 'Node17', 'Node18', 'Node19', 'Node20', 'Node21', 'Node22', 'Node23', 'Node24', 'Node25', 'Node26', 'Node27', 'Node28', 'Node29', 'Node30', 'Node31', 'Node32', 'Node33', 'Node34', 'Node35', 'Node36', 'Node37', 'Node38', 'Node39', 'Node40', 'Node41', 'Node42', 'Node43', 'Node44', 'Node45', 'Node46', 'Node47', 'Node48', 'Node49', 'Node48', 'Node47', 'Node46', 'Node45', 'Node44', 'Node43', 'Node42', 'Node41', 'Node40', 'Node39', 'Node38', 'Node37', 'Node36', 'Node35', 'Node34', 'Node33', 'Node32', 'Node31', 'Node30', 'Node29', 'Node28', 'Node27', 'Node26', 'Node25', 'Node24', 'Node23', 'Node22', 'Node21', 'Node20', 'Node19', 'Node18', 'Node17', 'Node16', 'Node15', 'Node14', 'Node13', 'Node12', 'Node11', 'Node10', 'Node9', 'Node8', 'Node7', 'Node6', 'Node5', 'Node4', 'Node3', 'Node2', 'Node1']
Validation: Using separate validation set for best model selection
Early stopping: patience=10, min_delta=0.001
Init    | Train: loss: 133.71472 | quality: -17.84506
        | Val:   loss: 140.39100 | quality: -21.02740
Epoch 1 | Train: loss: 129.66497 | quality: -17.27431
        | Val:   loss: 138.00042 | quality: -20.65231
 *
Epoch 2 | Train: loss: 123.38587 | quality: -16.38936
        | Val:   loss: 141.49086 | quality: -21.19996

Epoch 3 | Train: loss: 118.13949 | quality: -15.64996
        | Val:   loss: 157.65169 | quality: -23.73560

Epoch 4 | Train: loss: 109.84304 | quality: -14.48071
        | Val:   loss: 174.08610 | quality: -26.31417

Epoch 5 | Train: loss: 99.96682 | quality: -13.08880
        | Val:   loss: 184.01435 | quality: -27.87192

Epoch 6 | Train: loss: 91.56162 | quality: -11.90422
        | Val:   loss: 247.96765 | quality: -37.90621

Epoch 7 | Train: loss: 83.08523 | quality: -10.70960
        | Val:   loss: 300.65470 | quality: -46.17283

Epoch 8 | Train: loss: 69.65417 | quality: -8.81670
        | Val:   loss: 376.36728 | quality: -58.05216

Epoch 9 | Train: loss: 55.92386 | quality: -6.88162
        | Val:   loss: 449.44407 | quality: -69.51793

Epoch 10 | Train: loss: 43.54047 | quality: -5.13637
        | Val:   loss: 563.87119 | quality: -87.47159

Epoch 11 | Train: loss: 33.09372 | quality: -3.66406
        | Val:   loss: 755.27960 | quality: -117.50363


⏸ Early stopping at epoch 11 (best was epoch 1)
[2026-05-02 23:31:23,669][__main__][INFO] - ✓ DONE TNML_F/student_perf/NTN L=4 bd=8 seed=47303 -> /zhome/6b/e/212868/GTN/outputs/ntn/student_perf/TNML_F_rg5_init0.1/L4_bd8_seed47303 | val=-20.6523
[2026-05-02 23:31:23,673][HYDRA] 	#10 : model.L=4 model.bond_dim=4 seed=42 trainer.ridge=5 trainer.ridge_decay=0.25 trainer.ridge_min=0.0001 +experiment=uci_ntn_sweep model=tnml_f dataset=student_perf
[2026-05-02 23:31:23,854][__main__][INFO] - ▶ RUN TNML_F/student_perf/NTN L=4 bd=4 seed=42 -> /zhome/6b/e/212868/GTN/outputs/ntn/student_perf/TNML_F_rg5_init0.1/L4_bd4_seed42
Starting Fit: 20 epochs.
Sweep Order: ['Node0', 'Node1', 'Node2', 'Node3', 'Node4', 'Node5', 'Node6', 'Node7', 'Node8', 'Node9', 'Node10', 'Node11', 'Node12', 'Node13', 'Node14', 'Node15', 'Node16', 'Node17', 'Node18', 'Node19', 'Node20', 'Node21', 'Node22', 'Node23', 'Node24', 'Node25', 'Node26', 'Node27', 'Node28', 'Node29', 'Node30', 'Node31', 'Node32', 'Node33', 'Node34', 'Node35', 'Node36', 'Node37', 'Node38', 'Node39', 'Node40', 'Node41', 'Node42', 'Node43', 'Node44', 'Node45', 'Node46', 'Node47', 'Node48', 'Node49', 'Node48', 'Node47', 'Node46', 'Node45', 'Node44', 'Node43', 'Node42', 'Node41', 'Node40', 'Node39', 'Node38', 'Node37', 'Node36', 'Node35', 'Node34', 'Node33', 'Node32', 'Node31', 'Node30', 'Node29', 'Node28', 'Node27', 'Node26', 'Node25', 'Node24', 'Node23', 'Node22', 'Node21', 'Node20', 'Node19', 'Node18', 'Node17', 'Node16', 'Node15', 'Node14', 'Node13', 'Node12', 'Node11', 'Node10', 'Node9', 'Node8', 'Node7', 'Node6', 'Node5', 'Node4', 'Node3', 'Node2', 'Node1']
Validation: Using separate validation set for best model selection
Early stopping: patience=10, min_delta=0.001
Init    | Train: loss: 133.48222 | quality: -17.81229
        | Val:   loss: 138.28126 | quality: -20.69638
Epoch 1 | Train: loss: 132.55547 | quality: -17.68168
        | Val:   loss: 138.30000 | quality: -20.69932

Epoch 2 | Train: loss: 131.52927 | quality: -17.53705
        | Val:   loss: 138.30914 | quality: -20.70075

Epoch 3 | Train: loss: 131.20427 | quality: -17.49125
        | Val:   loss: 137.91580 | quality: -20.63904
 *
Epoch 4 | Train: loss: 126.18050 | quality: -16.78322
        | Val:   loss: 147.41295 | quality: -22.12914

Epoch 5 | Train: loss: 123.62815 | quality: -16.42351
        | Val:   loss: 157.61485 | quality: -23.72982

Epoch 6 | Train: loss: 120.37468 | quality: -15.96498
        | Val:   loss: 157.09190 | quality: -23.64777

Epoch 7 | Train: loss: 117.70695 | quality: -15.58900
        | Val:   loss: 156.32158 | quality: -23.52691

Epoch 8 | Train: loss: 114.51579 | quality: -15.13926
        | Val:   loss: 188.62475 | quality: -28.59529

Epoch 9 | Train: loss: 110.78643 | quality: -14.61366
        | Val:   loss: 233.71039 | quality: -35.66924

Epoch 10 | Train: loss: 106.24555 | quality: -13.97369
        | Val:   loss: 275.69808 | quality: -42.25712

Epoch 11 | Train: loss: 101.69619 | quality: -13.33253
        | Val:   loss: 313.63185 | quality: -48.20895

Epoch 12 | Train: loss: 97.37128 | quality: -12.72300
        | Val:   loss: 327.56635 | quality: -50.39527

Epoch 13 | Train: loss: 90.94758 | quality: -11.81768
        | Val:   loss: 375.50592 | quality: -57.91701


⏸ Early stopping at epoch 13 (best was epoch 3)
[2026-05-02 23:32:50,075][__main__][INFO] - ✓ DONE TNML_F/student_perf/NTN L=4 bd=4 seed=42 -> /zhome/6b/e/212868/GTN/outputs/ntn/student_perf/TNML_F_rg5_init0.1/L4_bd4_seed42 | val=-20.6390
[2026-05-02 23:32:50,078][HYDRA] 	#11 : model.L=4 model.bond_dim=4 seed=10090 trainer.ridge=5 trainer.ridge_decay=0.25 trainer.ridge_min=0.0001 +experiment=uci_ntn_sweep model=tnml_f dataset=student_perf
[2026-05-02 23:32:50,283][__main__][INFO] - ▶ RUN TNML_F/student_perf/NTN L=4 bd=4 seed=10090 -> /zhome/6b/e/212868/GTN/outputs/ntn/student_perf/TNML_F_rg5_init0.1/L4_bd4_seed10090
Starting Fit: 20 epochs.
Sweep Order: ['Node0', 'Node1', 'Node2', 'Node3', 'Node4', 'Node5', 'Node6', 'Node7', 'Node8', 'Node9', 'Node10', 'Node11', 'Node12', 'Node13', 'Node14', 'Node15', 'Node16', 'Node17', 'Node18', 'Node19', 'Node20', 'Node21', 'Node22', 'Node23', 'Node24', 'Node25', 'Node26', 'Node27', 'Node28', 'Node29', 'Node30', 'Node31', 'Node32', 'Node33', 'Node34', 'Node35', 'Node36', 'Node37', 'Node38', 'Node39', 'Node40', 'Node41', 'Node42', 'Node43', 'Node44', 'Node45', 'Node46', 'Node47', 'Node48', 'Node49', 'Node48', 'Node47', 'Node46', 'Node45', 'Node44', 'Node43', 'Node42', 'Node41', 'Node40', 'Node39', 'Node38', 'Node37', 'Node36', 'Node35', 'Node34', 'Node33', 'Node32', 'Node31', 'Node30', 'Node29', 'Node28', 'Node27', 'Node26', 'Node25', 'Node24', 'Node23', 'Node22', 'Node21', 'Node20', 'Node19', 'Node18', 'Node17', 'Node16', 'Node15', 'Node14', 'Node13', 'Node12', 'Node11', 'Node10', 'Node9', 'Node8', 'Node7', 'Node6', 'Node5', 'Node4', 'Node3', 'Node2', 'Node1']
Validation: Using separate validation set for best model selection
Early stopping: patience=10, min_delta=0.001
Init    | Train: loss: 133.45911 | quality: -17.80903
        | Val:   loss: 138.16453 | quality: -20.67806
Epoch 1 | Train: loss: 129.64369 | quality: -17.27131
        | Val:   loss: 138.34536 | quality: -20.70644

Epoch 2 | Train: loss: 125.01459 | quality: -16.61891
        | Val:   loss: 141.65434 | quality: -21.22561

Epoch 3 | Train: loss: 120.52722 | quality: -15.98648
        | Val:   loss: 142.75190 | quality: -21.39782

Epoch 4 | Train: loss: 117.93514 | quality: -15.62116
        | Val:   loss: 145.45444 | quality: -21.82185

Epoch 5 | Train: loss: 115.05573 | quality: -15.21535
        | Val:   loss: 167.36695 | quality: -25.25993

Epoch 6 | Train: loss: 110.86185 | quality: -14.62429
        | Val:   loss: 272.78655 | quality: -41.80030

Epoch 7 | Train: loss: 107.73368 | quality: -14.18342
        | Val:   loss: 307.34310 | quality: -47.22224

Epoch 8 | Train: loss: 100.38134 | quality: -13.14722
        | Val:   loss: 334.16235 | quality: -51.43019

Epoch 9 | Train: loss: 92.20088 | quality: -11.99431
        | Val:   loss: 311.69799 | quality: -47.90552

Epoch 10 | Train: loss: 84.31572 | quality: -10.88302
        | Val:   loss: 230.31729 | quality: -35.13686


⏸ Early stopping at epoch 10 (best was epoch 0)
[2026-05-02 23:33:13,563][__main__][INFO] - ✓ DONE TNML_F/student_perf/NTN L=4 bd=4 seed=10090 -> /zhome/6b/e/212868/GTN/outputs/ntn/student_perf/TNML_F_rg5_init0.1/L4_bd4_seed10090 | val=-20.6781
[2026-05-02 23:33:13,566][HYDRA] 	#12 : model.L=4 model.bond_dim=4 seed=32874 trainer.ridge=5 trainer.ridge_decay=0.25 trainer.ridge_min=0.0001 +experiment=uci_ntn_sweep model=tnml_f dataset=student_perf
[2026-05-02 23:33:13,800][__main__][INFO] - ▶ RUN TNML_F/student_perf/NTN L=4 bd=4 seed=32874 -> /zhome/6b/e/212868/GTN/outputs/ntn/student_perf/TNML_F_rg5_init0.1/L4_bd4_seed32874
Starting Fit: 20 epochs.
Sweep Order: ['Node0', 'Node1', 'Node2', 'Node3', 'Node4', 'Node5', 'Node6', 'Node7', 'Node8', 'Node9', 'Node10', 'Node11', 'Node12', 'Node13', 'Node14', 'Node15', 'Node16', 'Node17', 'Node18', 'Node19', 'Node20', 'Node21', 'Node22', 'Node23', 'Node24', 'Node25', 'Node26', 'Node27', 'Node28', 'Node29', 'Node30', 'Node31', 'Node32', 'Node33', 'Node34', 'Node35', 'Node36', 'Node37', 'Node38', 'Node39', 'Node40', 'Node41', 'Node42', 'Node43', 'Node44', 'Node45', 'Node46', 'Node47', 'Node48', 'Node49', 'Node48', 'Node47', 'Node46', 'Node45', 'Node44', 'Node43', 'Node42', 'Node41', 'Node40', 'Node39', 'Node38', 'Node37', 'Node36', 'Node35', 'Node34', 'Node33', 'Node32', 'Node31', 'Node30', 'Node29', 'Node28', 'Node27', 'Node26', 'Node25', 'Node24', 'Node23', 'Node22', 'Node21', 'Node20', 'Node19', 'Node18', 'Node17', 'Node16', 'Node15', 'Node14', 'Node13', 'Node12', 'Node11', 'Node10', 'Node9', 'Node8', 'Node7', 'Node6', 'Node5', 'Node4', 'Node3', 'Node2', 'Node1']
Validation: Using separate validation set for best model selection
Early stopping: patience=10, min_delta=0.001
Init    | Train: loss: 133.50160 | quality: -17.81502
        | Val:   loss: 138.30394 | quality: -20.69994
Epoch 1 | Train: loss: 131.45050 | quality: -17.52595
        | Val:   loss: 137.57819 | quality: -20.58607
 *
Epoch 2 | Train: loss: 128.37934 | quality: -17.09312
        | Val:   loss: 142.23966 | quality: -21.31745

Epoch 3 | Train: loss: 124.69853 | quality: -16.57436
        | Val:   loss: 162.28364 | quality: -24.46236

Epoch 4 | Train: loss: 120.67848 | quality: -16.00780
        | Val:   loss: 193.30154 | quality: -29.32908

Epoch 5 | Train: loss: 115.58790 | quality: -15.29036
        | Val:   loss: 163.04227 | quality: -24.58139

Epoch 6 | Train: loss: 113.84296 | quality: -15.04443
        | Val:   loss: 162.96297 | quality: -24.56895

Epoch 7 | Train: loss: 112.13362 | quality: -14.80353
        | Val:   loss: 162.15624 | quality: -24.44237

Epoch 8 | Train: loss: 108.36847 | quality: -14.27289
        | Val:   loss: 160.91392 | quality: -24.24745

Epoch 9 | Train: loss: 100.99229 | quality: -13.23333
        | Val:   loss: 318.63104 | quality: -48.99332

Epoch 10 | Train: loss: 91.64685 | quality: -11.91623
        | Val:   loss: 412.68945 | quality: -63.75112

Epoch 11 | Train: loss: 84.52256 | quality: -10.91217
        | Val:   loss: 599.13157 | quality: -93.00395


⏸ Early stopping at epoch 11 (best was epoch 1)
[2026-05-02 23:33:38,943][__main__][INFO] - ✓ DONE TNML_F/student_perf/NTN L=4 bd=4 seed=32874 -> /zhome/6b/e/212868/GTN/outputs/ntn/student_perf/TNML_F_rg5_init0.1/L4_bd4_seed32874 | val=-20.5861
[2026-05-02 23:33:38,947][HYDRA] 	#13 : model.L=4 model.bond_dim=4 seed=47311 trainer.ridge=5 trainer.ridge_decay=0.25 trainer.ridge_min=0.0001 +experiment=uci_ntn_sweep model=tnml_f dataset=student_perf
[2026-05-02 23:33:39,181][__main__][INFO] - ▶ RUN TNML_F/student_perf/NTN L=4 bd=4 seed=47311 -> /zhome/6b/e/212868/GTN/outputs/ntn/student_perf/TNML_F_rg5_init0.1/L4_bd4_seed47311
Starting Fit: 20 epochs.
Sweep Order: ['Node0', 'Node1', 'Node2', 'Node3', 'Node4', 'Node5', 'Node6', 'Node7', 'Node8', 'Node9', 'Node10', 'Node11', 'Node12', 'Node13', 'Node14', 'Node15', 'Node16', 'Node17', 'Node18', 'Node19', 'Node20', 'Node21', 'Node22', 'Node23', 'Node24', 'Node25', 'Node26', 'Node27', 'Node28', 'Node29', 'Node30', 'Node31', 'Node32', 'Node33', 'Node34', 'Node35', 'Node36', 'Node37', 'Node38', 'Node39', 'Node40', 'Node41', 'Node42', 'Node43', 'Node44', 'Node45', 'Node46', 'Node47', 'Node48', 'Node49', 'Node48', 'Node47', 'Node46', 'Node45', 'Node44', 'Node43', 'Node42', 'Node41', 'Node40', 'Node39', 'Node38', 'Node37', 'Node36', 'Node35', 'Node34', 'Node33', 'Node32', 'Node31', 'Node30', 'Node29', 'Node28', 'Node27', 'Node26', 'Node25', 'Node24', 'Node23', 'Node22', 'Node21', 'Node20', 'Node19', 'Node18', 'Node17', 'Node16', 'Node15', 'Node14', 'Node13', 'Node12', 'Node11', 'Node10', 'Node9', 'Node8', 'Node7', 'Node6', 'Node5', 'Node4', 'Node3', 'Node2', 'Node1']
Validation: Using separate validation set for best model selection
Early stopping: patience=10, min_delta=0.001
Init    | Train: loss: 133.47292 | quality: -17.81098
        | Val:   loss: 138.30898 | quality: -20.70073
Epoch 1 | Train: loss: 131.94286 | quality: -17.59534
        | Val:   loss: 138.25787 | quality: -20.69271
 *
Epoch 2 | Train: loss: 128.68188 | quality: -17.13575
        | Val:   loss: 137.10135 | quality: -20.51125
 *
Epoch 3 | Train: loss: 126.68703 | quality: -16.85461
        | Val:   loss: 135.87581 | quality: -20.31896
 *
Epoch 4 | Train: loss: 122.94634 | quality: -16.32742
        | Val:   loss: 136.28151 | quality: -20.38262

Epoch 5 | Train: loss: 121.45520 | quality: -16.11726
        | Val:   loss: 136.19271 | quality: -20.36868

Epoch 6 | Train: loss: 117.08398 | quality: -15.50121
        | Val:   loss: 140.57097 | quality: -21.05563

Epoch 7 | Train: loss: 112.26549 | quality: -14.82211
        | Val:   loss: 138.54235 | quality: -20.73734

Epoch 8 | Train: loss: 109.49348 | quality: -14.43144
        | Val:   loss: 160.43710 | quality: -24.17264

Epoch 9 | Train: loss: 105.82534 | quality: -13.91447
        | Val:   loss: 150.40954 | quality: -22.59931

Epoch 10 | Train: loss: 100.99980 | quality: -13.23439
        | Val:   loss: 182.96722 | quality: -27.70762

Epoch 11 | Train: loss: 94.41397 | quality: -12.30621
        | Val:   loss: 187.84094 | quality: -28.47231

Epoch 12 | Train: loss: 87.18361 | quality: -11.28720
        | Val:   loss: 401.24072 | quality: -61.95481

Epoch 13 | Train: loss: 81.98256 | quality: -10.55420
        | Val:   loss: 477.22011 | quality: -73.87600


⏸ Early stopping at epoch 13 (best was epoch 3)
[2026-05-02 23:34:09,501][__main__][INFO] - ✓ DONE TNML_F/student_perf/NTN L=4 bd=4 seed=47311 -> /zhome/6b/e/212868/GTN/outputs/ntn/student_perf/TNML_F_rg5_init0.1/L4_bd4_seed47311 | val=-20.3190
[2026-05-02 23:34:09,503][HYDRA] 	#14 : model.L=4 model.bond_dim=4 seed=47303 trainer.ridge=5 trainer.ridge_decay=0.25 trainer.ridge_min=0.0001 +experiment=uci_ntn_sweep model=tnml_f dataset=student_perf
[2026-05-02 23:34:09,774][__main__][INFO] - ▶ RUN TNML_F/student_perf/NTN L=4 bd=4 seed=47303 -> /zhome/6b/e/212868/GTN/outputs/ntn/student_perf/TNML_F_rg5_init0.1/L4_bd4_seed47303
Starting Fit: 20 epochs.
Sweep Order: ['Node0', 'Node1', 'Node2', 'Node3', 'Node4', 'Node5', 'Node6', 'Node7', 'Node8', 'Node9', 'Node10', 'Node11', 'Node12', 'Node13', 'Node14', 'Node15', 'Node16', 'Node17', 'Node18', 'Node19', 'Node20', 'Node21', 'Node22', 'Node23', 'Node24', 'Node25', 'Node26', 'Node27', 'Node28', 'Node29', 'Node30', 'Node31', 'Node32', 'Node33', 'Node34', 'Node35', 'Node36', 'Node37', 'Node38', 'Node39', 'Node40', 'Node41', 'Node42', 'Node43', 'Node44', 'Node45', 'Node46', 'Node47', 'Node48', 'Node49', 'Node48', 'Node47', 'Node46', 'Node45', 'Node44', 'Node43', 'Node42', 'Node41', 'Node40', 'Node39', 'Node38', 'Node37', 'Node36', 'Node35', 'Node34', 'Node33', 'Node32', 'Node31', 'Node30', 'Node29', 'Node28', 'Node27', 'Node26', 'Node25', 'Node24', 'Node23', 'Node22', 'Node21', 'Node20', 'Node19', 'Node18', 'Node17', 'Node16', 'Node15', 'Node14', 'Node13', 'Node12', 'Node11', 'Node10', 'Node9', 'Node8', 'Node7', 'Node6', 'Node5', 'Node4', 'Node3', 'Node2', 'Node1']
Validation: Using separate validation set for best model selection
Early stopping: patience=10, min_delta=0.001
Init    | Train: loss: 133.44141 | quality: -17.80654
        | Val:   loss: 138.19725 | quality: -20.68320
Epoch 1 | Train: loss: 132.82457 | quality: -17.71960
        | Val:   loss: 138.26804 | quality: -20.69430

Epoch 2 | Train: loss: 132.74735 | quality: -17.70872
        | Val:   loss: 138.26804 | quality: -20.69430

Epoch 3 | Train: loss: 132.74059 | quality: -17.70777
        | Val:   loss: 138.26804 | quality: -20.69430

Epoch 4 | Train: loss: 132.74012 | quality: -17.70770
        | Val:   loss: 138.26804 | quality: -20.69430

Epoch 5 | Train: loss: 132.74009 | quality: -17.70770
        | Val:   loss: 138.26804 | quality: -20.69430

Epoch 6 | Train: loss: 132.74009 | quality: -17.70770
        | Val:   loss: 138.26804 | quality: -20.69430

Epoch 7 | Train: loss: 132.74009 | quality: -17.70770
        | Val:   loss: 138.26804 | quality: -20.69430

Epoch 8 | Train: loss: 132.74009 | quality: -17.70770
        | Val:   loss: 138.26804 | quality: -20.69430

Epoch 9 | Train: loss: 132.74009 | quality: -17.70770
        | Val:   loss: 138.26804 | quality: -20.69430

Epoch 10 | Train: loss: 132.74009 | quality: -17.70770
        | Val:   loss: 138.26804 | quality: -20.69430


⏸ Early stopping at epoch 10 (best was epoch 0)
[2026-05-02 23:34:33,238][__main__][INFO] - ✓ DONE TNML_F/student_perf/NTN L=4 bd=4 seed=47303 -> /zhome/6b/e/212868/GTN/outputs/ntn/student_perf/TNML_F_rg5_init0.1/L4_bd4_seed47303 | val=-20.6832
[2026-05-02 23:34:33,241][HYDRA] 	#15 : model.L=3 model.bond_dim=12 seed=42 trainer.ridge=5 trainer.ridge_decay=0.25 trainer.ridge_min=0.0001 +experiment=uci_ntn_sweep model=tnml_f dataset=student_perf
[2026-05-02 23:34:33,528][__main__][INFO] - ▶ RUN TNML_F/student_perf/NTN L=3 bd=12 seed=42 -> /zhome/6b/e/212868/GTN/outputs/ntn/student_perf/TNML_F_rg5_init0.1/L3_bd12_seed42
Starting Fit: 20 epochs.
Sweep Order: ['Node0', 'Node1', 'Node2', 'Node3', 'Node4', 'Node5', 'Node6', 'Node7', 'Node8', 'Node9', 'Node10', 'Node11', 'Node12', 'Node13', 'Node14', 'Node15', 'Node16', 'Node17', 'Node18', 'Node19', 'Node20', 'Node21', 'Node22', 'Node23', 'Node24', 'Node25', 'Node26', 'Node27', 'Node28', 'Node29', 'Node30', 'Node31', 'Node32', 'Node33', 'Node34', 'Node35', 'Node36', 'Node37', 'Node38', 'Node39', 'Node40', 'Node41', 'Node42', 'Node43', 'Node44', 'Node45', 'Node46', 'Node47', 'Node48', 'Node49', 'Node48', 'Node47', 'Node46', 'Node45', 'Node44', 'Node43', 'Node42', 'Node41', 'Node40', 'Node39', 'Node38', 'Node37', 'Node36', 'Node35', 'Node34', 'Node33', 'Node32', 'Node31', 'Node30', 'Node29', 'Node28', 'Node27', 'Node26', 'Node25', 'Node24', 'Node23', 'Node22', 'Node21', 'Node20', 'Node19', 'Node18', 'Node17', 'Node16', 'Node15', 'Node14', 'Node13', 'Node12', 'Node11', 'Node10', 'Node9', 'Node8', 'Node7', 'Node6', 'Node5', 'Node4', 'Node3', 'Node2', 'Node1']
Validation: Using separate validation set for best model selection
Early stopping: patience=10, min_delta=0.001
Init    | Train: loss: 133.50357 | quality: -17.81530
        | Val:   loss: 138.20218 | quality: -20.68397
Epoch 1 | Train: loss: 122.71429 | quality: -16.29471
        | Val:   loss: 136.87031 | quality: -20.47500
 *
Epoch 2 | Train: loss: 115.19546 | quality: -15.23505
        | Val:   loss: 141.08917 | quality: -21.13694

Epoch 3 | Train: loss: 110.11526 | quality: -14.51907
        | Val:   loss: 139.94713 | quality: -20.95775

Epoch 4 | Train: loss: 99.42118 | quality: -13.01190
        | Val:   loss: 150.04494 | quality: -22.54210

Epoch 5 | Train: loss: 86.23261 | quality: -11.15317
        | Val:   loss: 170.21163 | quality: -25.70626

Epoch 6 | Train: loss: 76.90261 | quality: -9.83825
        | Val:   loss: 215.90684 | quality: -32.87586

Epoch 7 | Train: loss: 66.40392 | quality: -8.35862
        | Val:   loss: 282.90373 | quality: -43.38769

Epoch 8 | Train: loss: 57.08344 | quality: -7.04504
        | Val:   loss: 349.54157 | quality: -53.84319

Epoch 9 | Train: loss: 44.38318 | quality: -5.25513
        | Val:   loss: 1660.03658 | quality: -259.46032

Epoch 10 | Train: loss: 34.40673 | quality: -3.84911
        | Val:   loss: 1487.17829 | quality: -232.33879

Epoch 11 | Train: loss: 26.29921 | quality: -2.70647
        | Val:   loss: 2549.49039 | quality: -399.01593


⏸ Early stopping at epoch 11 (best was epoch 1)
[2026-05-02 23:35:05,383][__main__][INFO] - ✓ DONE TNML_F/student_perf/NTN L=3 bd=12 seed=42 -> /zhome/6b/e/212868/GTN/outputs/ntn/student_perf/TNML_F_rg5_init0.1/L3_bd12_seed42 | val=-20.4750
[2026-05-02 23:35:05,385][HYDRA] 	#16 : model.L=3 model.bond_dim=12 seed=10090 trainer.ridge=5 trainer.ridge_decay=0.25 trainer.ridge_min=0.0001 +experiment=uci_ntn_sweep model=tnml_f dataset=student_perf
[2026-05-02 23:35:05,555][__main__][INFO] - ▶ RUN TNML_F/student_perf/NTN L=3 bd=12 seed=10090 -> /zhome/6b/e/212868/GTN/outputs/ntn/student_perf/TNML_F_rg5_init0.1/L3_bd12_seed10090
Starting Fit: 20 epochs.
Sweep Order: ['Node0', 'Node1', 'Node2', 'Node3', 'Node4', 'Node5', 'Node6', 'Node7', 'Node8', 'Node9', 'Node10', 'Node11', 'Node12', 'Node13', 'Node14', 'Node15', 'Node16', 'Node17', 'Node18', 'Node19', 'Node20', 'Node21', 'Node22', 'Node23', 'Node24', 'Node25', 'Node26', 'Node27', 'Node28', 'Node29', 'Node30', 'Node31', 'Node32', 'Node33', 'Node34', 'Node35', 'Node36', 'Node37', 'Node38', 'Node39', 'Node40', 'Node41', 'Node42', 'Node43', 'Node44', 'Node45', 'Node46', 'Node47', 'Node48', 'Node49', 'Node48', 'Node47', 'Node46', 'Node45', 'Node44', 'Node43', 'Node42', 'Node41', 'Node40', 'Node39', 'Node38', 'Node37', 'Node36', 'Node35', 'Node34', 'Node33', 'Node32', 'Node31', 'Node30', 'Node29', 'Node28', 'Node27', 'Node26', 'Node25', 'Node24', 'Node23', 'Node22', 'Node21', 'Node20', 'Node19', 'Node18', 'Node17', 'Node16', 'Node15', 'Node14', 'Node13', 'Node12', 'Node11', 'Node10', 'Node9', 'Node8', 'Node7', 'Node6', 'Node5', 'Node4', 'Node3', 'Node2', 'Node1']
Validation: Using separate validation set for best model selection
Early stopping: patience=10, min_delta=0.001
Init    | Train: loss: 133.56425 | quality: -17.82385
        | Val:   loss: 139.35103 | quality: -20.86422
Epoch 1 | Train: loss: 120.05648 | quality: -15.92013
        | Val:   loss: 139.84667 | quality: -20.94199

Epoch 2 | Train: loss: 105.99053 | quality: -13.93775
        | Val:   loss: 186.15330 | quality: -28.20752

Epoch 3 | Train: loss: 97.99911 | quality: -12.81148
        | Val:   loss: 179.81588 | quality: -27.21317

Epoch 4 | Train: loss: 84.88134 | quality: -10.96273
        | Val:   loss: 276.08620 | quality: -42.31802

Epoch 5 | Train: loss: 71.11983 | quality: -9.02326
        | Val:   loss: 266.19724 | quality: -40.76644

Epoch 6 | Train: loss: 63.80075 | quality: -7.99174
        | Val:   loss: 696.61547 | quality: -108.29921

Epoch 7 | Train: loss: 56.73452 | quality: -6.99587
        | Val:   loss: 2001.65801 | quality: -313.06084

Epoch 8 | Train: loss: 49.75851 | quality: -6.01270
        | Val:   loss: 4288.50475 | quality: -671.86788

Epoch 9 | Train: loss: 40.42267 | quality: -4.69696
        | Val:   loss: 4705.08310 | quality: -737.22917

Epoch 10 | Train: loss: 28.39238 | quality: -3.00147
        | Val:   loss: 6759.04240 | quality: -1059.49610


⏸ Early stopping at epoch 10 (best was epoch 0)
[2026-05-02 23:35:36,145][__main__][INFO] - ✓ DONE TNML_F/student_perf/NTN L=3 bd=12 seed=10090 -> /zhome/6b/e/212868/GTN/outputs/ntn/student_perf/TNML_F_rg5_init0.1/L3_bd12_seed10090 | val=-20.8642
[2026-05-02 23:35:36,149][HYDRA] 	#17 : model.L=3 model.bond_dim=12 seed=32874 trainer.ridge=5 trainer.ridge_decay=0.25 trainer.ridge_min=0.0001 +experiment=uci_ntn_sweep model=tnml_f dataset=student_perf
[2026-05-02 23:35:36,359][__main__][INFO] - ▶ RUN TNML_F/student_perf/NTN L=3 bd=12 seed=32874 -> /zhome/6b/e/212868/GTN/outputs/ntn/student_perf/TNML_F_rg5_init0.1/L3_bd12_seed32874
Starting Fit: 20 epochs.
Sweep Order: ['Node0', 'Node1', 'Node2', 'Node3', 'Node4', 'Node5', 'Node6', 'Node7', 'Node8', 'Node9', 'Node10', 'Node11', 'Node12', 'Node13', 'Node14', 'Node15', 'Node16', 'Node17', 'Node18', 'Node19', 'Node20', 'Node21', 'Node22', 'Node23', 'Node24', 'Node25', 'Node26', 'Node27', 'Node28', 'Node29', 'Node30', 'Node31', 'Node32', 'Node33', 'Node34', 'Node35', 'Node36', 'Node37', 'Node38', 'Node39', 'Node40', 'Node41', 'Node42', 'Node43', 'Node44', 'Node45', 'Node46', 'Node47', 'Node48', 'Node49', 'Node48', 'Node47', 'Node46', 'Node45', 'Node44', 'Node43', 'Node42', 'Node41', 'Node40', 'Node39', 'Node38', 'Node37', 'Node36', 'Node35', 'Node34', 'Node33', 'Node32', 'Node31', 'Node30', 'Node29', 'Node28', 'Node27', 'Node26', 'Node25', 'Node24', 'Node23', 'Node22', 'Node21', 'Node20', 'Node19', 'Node18', 'Node17', 'Node16', 'Node15', 'Node14', 'Node13', 'Node12', 'Node11', 'Node10', 'Node9', 'Node8', 'Node7', 'Node6', 'Node5', 'Node4', 'Node3', 'Node2', 'Node1']
Validation: Using separate validation set for best model selection
Early stopping: patience=10, min_delta=0.001
Init    | Train: loss: 133.22793 | quality: -17.77645
        | Val:   loss: 138.69323 | quality: -20.76102
Epoch 1 | Train: loss: 119.22166 | quality: -15.80248
        | Val:   loss: 154.68492 | quality: -23.27012

Epoch 2 | Train: loss: 109.55474 | quality: -14.44007
        | Val:   loss: 177.96199 | quality: -26.92230

Epoch 3 | Train: loss: 95.94940 | quality: -12.52261
        | Val:   loss: 188.63124 | quality: -28.59631

Epoch 4 | Train: loss: 82.94930 | quality: -10.69044
        | Val:   loss: 240.70885 | quality: -36.76730

Epoch 5 | Train: loss: 71.69361 | quality: -9.10412
        | Val:   loss: 272.93796 | quality: -41.82406

Epoch 6 | Train: loss: 59.99458 | quality: -7.45532
        | Val:   loss: 308.81157 | quality: -47.45264

Epoch 7 | Train: loss: 51.07253 | quality: -6.19790
        | Val:   loss: 341.60813 | quality: -52.59843

Epoch 8 | Train: loss: 43.28232 | quality: -5.09998
        | Val:   loss: 489.69295 | quality: -75.83299

Epoch 9 | Train: loss: 32.33024 | quality: -3.55646
        | Val:   loss: 1102.32381 | quality: -171.95499

Epoch 10 | Train: loss: 22.35332 | quality: -2.15036
        | Val:   loss: 1493.10731 | quality: -233.26906


⏸ Early stopping at epoch 10 (best was epoch 0)
[2026-05-02 23:36:06,786][__main__][INFO] - ✓ DONE TNML_F/student_perf/NTN L=3 bd=12 seed=32874 -> /zhome/6b/e/212868/GTN/outputs/ntn/student_perf/TNML_F_rg5_init0.1/L3_bd12_seed32874 | val=-20.7610
[2026-05-02 23:36:06,790][HYDRA] 	#18 : model.L=3 model.bond_dim=12 seed=47311 trainer.ridge=5 trainer.ridge_decay=0.25 trainer.ridge_min=0.0001 +experiment=uci_ntn_sweep model=tnml_f dataset=student_perf
[2026-05-02 23:36:06,976][__main__][INFO] - ▶ RUN TNML_F/student_perf/NTN L=3 bd=12 seed=47311 -> /zhome/6b/e/212868/GTN/outputs/ntn/student_perf/TNML_F_rg5_init0.1/L3_bd12_seed47311
Starting Fit: 20 epochs.
Sweep Order: ['Node0', 'Node1', 'Node2', 'Node3', 'Node4', 'Node5', 'Node6', 'Node7', 'Node8', 'Node9', 'Node10', 'Node11', 'Node12', 'Node13', 'Node14', 'Node15', 'Node16', 'Node17', 'Node18', 'Node19', 'Node20', 'Node21', 'Node22', 'Node23', 'Node24', 'Node25', 'Node26', 'Node27', 'Node28', 'Node29', 'Node30', 'Node31', 'Node32', 'Node33', 'Node34', 'Node35', 'Node36', 'Node37', 'Node38', 'Node39', 'Node40', 'Node41', 'Node42', 'Node43', 'Node44', 'Node45', 'Node46', 'Node47', 'Node48', 'Node49', 'Node48', 'Node47', 'Node46', 'Node45', 'Node44', 'Node43', 'Node42', 'Node41', 'Node40', 'Node39', 'Node38', 'Node37', 'Node36', 'Node35', 'Node34', 'Node33', 'Node32', 'Node31', 'Node30', 'Node29', 'Node28', 'Node27', 'Node26', 'Node25', 'Node24', 'Node23', 'Node22', 'Node21', 'Node20', 'Node19', 'Node18', 'Node17', 'Node16', 'Node15', 'Node14', 'Node13', 'Node12', 'Node11', 'Node10', 'Node9', 'Node8', 'Node7', 'Node6', 'Node5', 'Node4', 'Node3', 'Node2', 'Node1']
Validation: Using separate validation set for best model selection
Early stopping: patience=10, min_delta=0.001
Init    | Train: loss: 135.84328 | quality: -18.14504
        | Val:   loss: 137.40343 | quality: -20.55865
Epoch 1 | Train: loss: 121.96199 | quality: -16.18869
        | Val:   loss: 257.11977 | quality: -39.34218

Epoch 2 | Train: loss: 111.03686 | quality: -14.64896
        | Val:   loss: 330.77570 | quality: -50.89882

Epoch 3 | Train: loss: 97.34898 | quality: -12.71986
        | Val:   loss: 295.15825 | quality: -45.31043

Epoch 4 | Train: loss: 85.46050 | quality: -11.04436
        | Val:   loss: 319.09719 | quality: -49.06646

Epoch 5 | Train: loss: 75.36649 | quality: -9.62176
        | Val:   loss: 550.25709 | quality: -85.33553

Epoch 6 | Train: loss: 65.92652 | quality: -8.29134
        | Val:   loss: 621.37625 | quality: -96.49415

Epoch 7 | Train: loss: 59.09476 | quality: -7.32851
        | Val:   loss: 767.96935 | quality: -119.49466

Epoch 8 | Train: loss: 46.83843 | quality: -5.60116
        | Val:   loss: 901.52380 | quality: -140.44940

Epoch 9 | Train: loss: 33.02582 | quality: -3.65449
        | Val:   loss: 1289.80361 | quality: -201.37063

Epoch 10 | Train: loss: 22.91964 | quality: -2.23017
        | Val:   loss: 1419.95140 | quality: -221.79087


⏸ Early stopping at epoch 10 (best was epoch 0)
[2026-05-02 23:36:37,172][__main__][INFO] - ✓ DONE TNML_F/student_perf/NTN L=3 bd=12 seed=47311 -> /zhome/6b/e/212868/GTN/outputs/ntn/student_perf/TNML_F_rg5_init0.1/L3_bd12_seed47311 | val=-20.5586
[2026-05-02 23:36:37,175][HYDRA] 	#19 : model.L=3 model.bond_dim=12 seed=47303 trainer.ridge=5 trainer.ridge_decay=0.25 trainer.ridge_min=0.0001 +experiment=uci_ntn_sweep model=tnml_f dataset=student_perf
[2026-05-02 23:36:37,356][__main__][INFO] - ▶ RUN TNML_F/student_perf/NTN L=3 bd=12 seed=47303 -> /zhome/6b/e/212868/GTN/outputs/ntn/student_perf/TNML_F_rg5_init0.1/L3_bd12_seed47303
Starting Fit: 20 epochs.
Sweep Order: ['Node0', 'Node1', 'Node2', 'Node3', 'Node4', 'Node5', 'Node6', 'Node7', 'Node8', 'Node9', 'Node10', 'Node11', 'Node12', 'Node13', 'Node14', 'Node15', 'Node16', 'Node17', 'Node18', 'Node19', 'Node20', 'Node21', 'Node22', 'Node23', 'Node24', 'Node25', 'Node26', 'Node27', 'Node28', 'Node29', 'Node30', 'Node31', 'Node32', 'Node33', 'Node34', 'Node35', 'Node36', 'Node37', 'Node38', 'Node39', 'Node40', 'Node41', 'Node42', 'Node43', 'Node44', 'Node45', 'Node46', 'Node47', 'Node48', 'Node49', 'Node48', 'Node47', 'Node46', 'Node45', 'Node44', 'Node43', 'Node42', 'Node41', 'Node40', 'Node39', 'Node38', 'Node37', 'Node36', 'Node35', 'Node34', 'Node33', 'Node32', 'Node31', 'Node30', 'Node29', 'Node28', 'Node27', 'Node26', 'Node25', 'Node24', 'Node23', 'Node22', 'Node21', 'Node20', 'Node19', 'Node18', 'Node17', 'Node16', 'Node15', 'Node14', 'Node13', 'Node12', 'Node11', 'Node10', 'Node9', 'Node8', 'Node7', 'Node6', 'Node5', 'Node4', 'Node3', 'Node2', 'Node1']
Validation: Using separate validation set for best model selection
Early stopping: patience=10, min_delta=0.001
Init    | Train: loss: 133.18093 | quality: -17.76983
        | Val:   loss: 138.29633 | quality: -20.69874
Epoch 1 | Train: loss: 123.51966 | quality: -16.40822
        | Val:   loss: 142.69000 | quality: -21.38811

Epoch 2 | Train: loss: 112.26573 | quality: -14.82215
        | Val:   loss: 200.20809 | quality: -30.41272

Epoch 3 | Train: loss: 103.07273 | quality: -13.52653
        | Val:   loss: 211.15292 | quality: -32.12997

Epoch 4 | Train: loss: 96.18707 | quality: -12.55610
        | Val:   loss: 256.97170 | quality: -39.31895

Epoch 5 | Train: loss: 88.44936 | quality: -11.46559
        | Val:   loss: 265.87312 | quality: -40.71558

Epoch 6 | Train: loss: 79.69995 | quality: -10.23250
        | Val:   loss: 331.94950 | quality: -51.08299

Epoch 7 | Train: loss: 69.73223 | quality: -8.82770
        | Val:   loss: 587.65687 | quality: -91.20357

Epoch 8 | Train: loss: 61.49045 | quality: -7.66614
        | Val:   loss: 932.38501 | quality: -145.29153

Epoch 9 | Train: loss: 48.66026 | quality: -5.85792
        | Val:   loss: 1429.22732 | quality: -223.24626

Epoch 10 | Train: loss: 34.90273 | quality: -3.91901
        | Val:   loss: 1738.66707 | quality: -271.79747


⏸ Early stopping at epoch 10 (best was epoch 0)
[2026-05-02 23:37:07,832][__main__][INFO] - ✓ DONE TNML_F/student_perf/NTN L=3 bd=12 seed=47303 -> /zhome/6b/e/212868/GTN/outputs/ntn/student_perf/TNML_F_rg5_init0.1/L3_bd12_seed47303 | val=-20.6987
[2026-05-02 23:37:07,835][HYDRA] 	#20 : model.L=3 model.bond_dim=8 seed=42 trainer.ridge=5 trainer.ridge_decay=0.25 trainer.ridge_min=0.0001 +experiment=uci_ntn_sweep model=tnml_f dataset=student_perf
[2026-05-02 23:37:08,018][__main__][INFO] - ▶ RUN TNML_F/student_perf/NTN L=3 bd=8 seed=42 -> /zhome/6b/e/212868/GTN/outputs/ntn/student_perf/TNML_F_rg5_init0.1/L3_bd8_seed42
Starting Fit: 20 epochs.
Sweep Order: ['Node0', 'Node1', 'Node2', 'Node3', 'Node4', 'Node5', 'Node6', 'Node7', 'Node8', 'Node9', 'Node10', 'Node11', 'Node12', 'Node13', 'Node14', 'Node15', 'Node16', 'Node17', 'Node18', 'Node19', 'Node20', 'Node21', 'Node22', 'Node23', 'Node24', 'Node25', 'Node26', 'Node27', 'Node28', 'Node29', 'Node30', 'Node31', 'Node32', 'Node33', 'Node34', 'Node35', 'Node36', 'Node37', 'Node38', 'Node39', 'Node40', 'Node41', 'Node42', 'Node43', 'Node44', 'Node45', 'Node46', 'Node47', 'Node48', 'Node49', 'Node48', 'Node47', 'Node46', 'Node45', 'Node44', 'Node43', 'Node42', 'Node41', 'Node40', 'Node39', 'Node38', 'Node37', 'Node36', 'Node35', 'Node34', 'Node33', 'Node32', 'Node31', 'Node30', 'Node29', 'Node28', 'Node27', 'Node26', 'Node25', 'Node24', 'Node23', 'Node22', 'Node21', 'Node20', 'Node19', 'Node18', 'Node17', 'Node16', 'Node15', 'Node14', 'Node13', 'Node12', 'Node11', 'Node10', 'Node9', 'Node8', 'Node7', 'Node6', 'Node5', 'Node4', 'Node3', 'Node2', 'Node1']
Validation: Using separate validation set for best model selection
Early stopping: patience=10, min_delta=0.001
Init    | Train: loss: 133.45484 | quality: -17.80843
        | Val:   loss: 138.32617 | quality: -20.70342
Epoch 1 | Train: loss: 129.21294 | quality: -17.21060
        | Val:   loss: 138.26036 | quality: -20.69310
 *
Epoch 2 | Train: loss: 120.51105 | quality: -15.98420
        | Val:   loss: 144.77876 | quality: -21.71584

Epoch 3 | Train: loss: 112.68394 | quality: -14.88109
        | Val:   loss: 159.61141 | quality: -24.04309

Epoch 4 | Train: loss: 105.89527 | quality: -13.92433
        | Val:   loss: 193.02800 | quality: -29.28616

Epoch 5 | Train: loss: 99.20088 | quality: -12.98086
        | Val:   loss: 199.43182 | quality: -30.29092

Epoch 6 | Train: loss: 90.41555 | quality: -11.74270
        | Val:   loss: 249.02615 | quality: -38.07229

Epoch 7 | Train: loss: 83.10789 | quality: -10.71279
        | Val:   loss: 369.07252 | quality: -56.90761

Epoch 8 | Train: loss: 74.70816 | quality: -9.52898
        | Val:   loss: 469.78221 | quality: -72.70899

Epoch 9 | Train: loss: 63.43118 | quality: -7.93966
        | Val:   loss: 638.20603 | quality: -99.13475

Epoch 10 | Train: loss: 51.42119 | quality: -6.24703
        | Val:   loss: 682.18138 | quality: -106.03449

Epoch 11 | Train: loss: 39.99354 | quality: -4.63648
        | Val:   loss: 708.55416 | quality: -110.17239


⏸ Early stopping at epoch 11 (best was epoch 1)
[2026-05-02 23:37:38,484][__main__][INFO] - ✓ DONE TNML_F/student_perf/NTN L=3 bd=8 seed=42 -> /zhome/6b/e/212868/GTN/outputs/ntn/student_perf/TNML_F_rg5_init0.1/L3_bd8_seed42 | val=-20.6931
[2026-05-02 23:37:38,490][HYDRA] 	#21 : model.L=3 model.bond_dim=8 seed=10090 trainer.ridge=5 trainer.ridge_decay=0.25 trainer.ridge_min=0.0001 +experiment=uci_ntn_sweep model=tnml_f dataset=student_perf
[2026-05-02 23:37:39,010][__main__][INFO] - ▶ RUN TNML_F/student_perf/NTN L=3 bd=8 seed=10090 -> /zhome/6b/e/212868/GTN/outputs/ntn/student_perf/TNML_F_rg5_init0.1/L3_bd8_seed10090
Starting Fit: 20 epochs.
Sweep Order: ['Node0', 'Node1', 'Node2', 'Node3', 'Node4', 'Node5', 'Node6', 'Node7', 'Node8', 'Node9', 'Node10', 'Node11', 'Node12', 'Node13', 'Node14', 'Node15', 'Node16', 'Node17', 'Node18', 'Node19', 'Node20', 'Node21', 'Node22', 'Node23', 'Node24', 'Node25', 'Node26', 'Node27', 'Node28', 'Node29', 'Node30', 'Node31', 'Node32', 'Node33', 'Node34', 'Node35', 'Node36', 'Node37', 'Node38', 'Node39', 'Node40', 'Node41', 'Node42', 'Node43', 'Node44', 'Node45', 'Node46', 'Node47', 'Node48', 'Node49', 'Node48', 'Node47', 'Node46', 'Node45', 'Node44', 'Node43', 'Node42', 'Node41', 'Node40', 'Node39', 'Node38', 'Node37', 'Node36', 'Node35', 'Node34', 'Node33', 'Node32', 'Node31', 'Node30', 'Node29', 'Node28', 'Node27', 'Node26', 'Node25', 'Node24', 'Node23', 'Node22', 'Node21', 'Node20', 'Node19', 'Node18', 'Node17', 'Node16', 'Node15', 'Node14', 'Node13', 'Node12', 'Node11', 'Node10', 'Node9', 'Node8', 'Node7', 'Node6', 'Node5', 'Node4', 'Node3', 'Node2', 'Node1']
Validation: Using separate validation set for best model selection
Early stopping: patience=10, min_delta=0.001
Init    | Train: loss: 133.38388 | quality: -17.79843
        | Val:   loss: 138.36730 | quality: -20.70988
Epoch 1 | Train: loss: 126.18369 | quality: -16.78367
        | Val:   loss: 137.65325 | quality: -20.59784
 *
Epoch 2 | Train: loss: 119.53446 | quality: -15.84656
        | Val:   loss: 165.65824 | quality: -24.99183

Epoch 3 | Train: loss: 113.44920 | quality: -14.98894
        | Val:   loss: 267.41748 | quality: -40.95789

Epoch 4 | Train: loss: 107.43741 | quality: -14.14167
        | Val:   loss: 341.64245 | quality: -52.60382

Epoch 5 | Train: loss: 103.46619 | quality: -13.58199
        | Val:   loss: 304.61266 | quality: -46.79383

Epoch 6 | Train: loss: 95.76355 | quality: -12.49642
        | Val:   loss: 469.14260 | quality: -72.60864

Epoch 7 | Train: loss: 86.80929 | quality: -11.23445
        | Val:   loss: 1008.35475 | quality: -157.21121

Epoch 8 | Train: loss: 81.60301 | quality: -10.50070
        | Val:   loss: 2717.52644 | quality: -425.38084

Epoch 9 | Train: loss: 72.34731 | quality: -9.19625
        | Val:   loss: 17347.23017 | quality: -2720.78643

Epoch 10 | Train: loss: 61.91138 | quality: -7.72547
        | Val:   loss: 7939.29892 | quality: -1244.67875

Epoch 11 | Train: loss: 51.49456 | quality: -6.25738
        | Val:   loss: 6943.85115 | quality: -1088.49265


⏸ Early stopping at epoch 11 (best was epoch 1)
[2026-05-02 23:38:07,356][__main__][INFO] - ✓ DONE TNML_F/student_perf/NTN L=3 bd=8 seed=10090 -> /zhome/6b/e/212868/GTN/outputs/ntn/student_perf/TNML_F_rg5_init0.1/L3_bd8_seed10090 | val=-20.5978
[2026-05-02 23:38:07,360][HYDRA] 	#22 : model.L=3 model.bond_dim=8 seed=32874 trainer.ridge=5 trainer.ridge_decay=0.25 trainer.ridge_min=0.0001 +experiment=uci_ntn_sweep model=tnml_f dataset=student_perf
[2026-05-02 23:38:07,544][__main__][INFO] - ▶ RUN TNML_F/student_perf/NTN L=3 bd=8 seed=32874 -> /zhome/6b/e/212868/GTN/outputs/ntn/student_perf/TNML_F_rg5_init0.1/L3_bd8_seed32874
Starting Fit: 20 epochs.
Sweep Order: ['Node0', 'Node1', 'Node2', 'Node3', 'Node4', 'Node5', 'Node6', 'Node7', 'Node8', 'Node9', 'Node10', 'Node11', 'Node12', 'Node13', 'Node14', 'Node15', 'Node16', 'Node17', 'Node18', 'Node19', 'Node20', 'Node21', 'Node22', 'Node23', 'Node24', 'Node25', 'Node26', 'Node27', 'Node28', 'Node29', 'Node30', 'Node31', 'Node32', 'Node33', 'Node34', 'Node35', 'Node36', 'Node37', 'Node38', 'Node39', 'Node40', 'Node41', 'Node42', 'Node43', 'Node44', 'Node45', 'Node46', 'Node47', 'Node48', 'Node49', 'Node48', 'Node47', 'Node46', 'Node45', 'Node44', 'Node43', 'Node42', 'Node41', 'Node40', 'Node39', 'Node38', 'Node37', 'Node36', 'Node35', 'Node34', 'Node33', 'Node32', 'Node31', 'Node30', 'Node29', 'Node28', 'Node27', 'Node26', 'Node25', 'Node24', 'Node23', 'Node22', 'Node21', 'Node20', 'Node19', 'Node18', 'Node17', 'Node16', 'Node15', 'Node14', 'Node13', 'Node12', 'Node11', 'Node10', 'Node9', 'Node8', 'Node7', 'Node6', 'Node5', 'Node4', 'Node3', 'Node2', 'Node1']
Validation: Using separate validation set for best model selection
Early stopping: patience=10, min_delta=0.001
Init    | Train: loss: 133.26719 | quality: -17.78198
        | Val:   loss: 138.37442 | quality: -20.71099
Epoch 1 | Train: loss: 127.13297 | quality: -16.91746
        | Val:   loss: 138.67012 | quality: -20.75739

Epoch 2 | Train: loss: 120.44965 | quality: -15.97555
        | Val:   loss: 142.20130 | quality: -21.31143

Epoch 3 | Train: loss: 111.98977 | quality: -14.78325
        | Val:   loss: 152.40563 | quality: -22.91250

Epoch 4 | Train: loss: 104.94342 | quality: -13.79018
        | Val:   loss: 188.14659 | quality: -28.52026

Epoch 5 | Train: loss: 100.67199 | quality: -13.18819
        | Val:   loss: 387.60396 | quality: -59.81520

Epoch 6 | Train: loss: 93.98365 | quality: -12.24557
        | Val:   loss: 2681.89030 | quality: -419.78952

Epoch 7 | Train: loss: 85.44480 | quality: -11.04215
        | Val:   loss: 1604.76065 | quality: -250.78750

Epoch 8 | Train: loss: 80.01770 | quality: -10.27728
        | Val:   loss: 494.05544 | quality: -76.51747

Epoch 9 | Train: loss: 72.55519 | quality: -9.22555
        | Val:   loss: 591.90763 | quality: -91.87051

Epoch 10 | Train: loss: 59.92682 | quality: -7.44577
        | Val:   loss: 1293.69483 | quality: -201.98117


⏸ Early stopping at epoch 10 (best was epoch 0)
[2026-05-02 23:38:35,513][__main__][INFO] - ✓ DONE TNML_F/student_perf/NTN L=3 bd=8 seed=32874 -> /zhome/6b/e/212868/GTN/outputs/ntn/student_perf/TNML_F_rg5_init0.1/L3_bd8_seed32874 | val=-20.7110
[2026-05-02 23:38:35,516][HYDRA] 	#23 : model.L=3 model.bond_dim=8 seed=47311 trainer.ridge=5 trainer.ridge_decay=0.25 trainer.ridge_min=0.0001 +experiment=uci_ntn_sweep model=tnml_f dataset=student_perf
[2026-05-02 23:38:35,698][__main__][INFO] - ▶ RUN TNML_F/student_perf/NTN L=3 bd=8 seed=47311 -> /zhome/6b/e/212868/GTN/outputs/ntn/student_perf/TNML_F_rg5_init0.1/L3_bd8_seed47311
Starting Fit: 20 epochs.
Sweep Order: ['Node0', 'Node1', 'Node2', 'Node3', 'Node4', 'Node5', 'Node6', 'Node7', 'Node8', 'Node9', 'Node10', 'Node11', 'Node12', 'Node13', 'Node14', 'Node15', 'Node16', 'Node17', 'Node18', 'Node19', 'Node20', 'Node21', 'Node22', 'Node23', 'Node24', 'Node25', 'Node26', 'Node27', 'Node28', 'Node29', 'Node30', 'Node31', 'Node32', 'Node33', 'Node34', 'Node35', 'Node36', 'Node37', 'Node38', 'Node39', 'Node40', 'Node41', 'Node42', 'Node43', 'Node44', 'Node45', 'Node46', 'Node47', 'Node48', 'Node49', 'Node48', 'Node47', 'Node46', 'Node45', 'Node44', 'Node43', 'Node42', 'Node41', 'Node40', 'Node39', 'Node38', 'Node37', 'Node36', 'Node35', 'Node34', 'Node33', 'Node32', 'Node31', 'Node30', 'Node29', 'Node28', 'Node27', 'Node26', 'Node25', 'Node24', 'Node23', 'Node22', 'Node21', 'Node20', 'Node19', 'Node18', 'Node17', 'Node16', 'Node15', 'Node14', 'Node13', 'Node12', 'Node11', 'Node10', 'Node9', 'Node8', 'Node7', 'Node6', 'Node5', 'Node4', 'Node3', 'Node2', 'Node1']
Validation: Using separate validation set for best model selection
Early stopping: patience=10, min_delta=0.001
Init    | Train: loss: 133.27424 | quality: -17.78298
        | Val:   loss: 136.40009 | quality: -20.40122
Epoch 1 | Train: loss: 125.69856 | quality: -16.71530
        | Val:   loss: 144.00234 | quality: -21.59402

Epoch 2 | Train: loss: 119.39266 | quality: -15.82658
        | Val:   loss: 138.04029 | quality: -20.65857

Epoch 3 | Train: loss: 114.84268 | quality: -15.18533
        | Val:   loss: 139.10751 | quality: -20.82602

Epoch 4 | Train: loss: 107.35434 | quality: -14.12996
        | Val:   loss: 161.33470 | quality: -24.31347

Epoch 5 | Train: loss: 100.00035 | quality: -13.09353
        | Val:   loss: 205.55978 | quality: -31.25240

Epoch 6 | Train: loss: 88.34715 | quality: -11.45119
        | Val:   loss: 225.92808 | quality: -34.44819

Epoch 7 | Train: loss: 79.40369 | quality: -10.19074
        | Val:   loss: 247.01972 | quality: -37.75748

Epoch 8 | Train: loss: 72.98484 | quality: -9.28610
        | Val:   loss: 242.63932 | quality: -37.07019

Epoch 9 | Train: loss: 61.67093 | quality: -7.69158
        | Val:   loss: 327.52745 | quality: -50.38917

Epoch 10 | Train: loss: 46.75922 | quality: -5.59000
        | Val:   loss: 437.76392 | quality: -67.68531


⏸ Early stopping at epoch 10 (best was epoch 0)
[2026-05-02 23:39:03,198][__main__][INFO] - ✓ DONE TNML_F/student_perf/NTN L=3 bd=8 seed=47311 -> /zhome/6b/e/212868/GTN/outputs/ntn/student_perf/TNML_F_rg5_init0.1/L3_bd8_seed47311 | val=-20.4012
[2026-05-02 23:39:03,202][HYDRA] 	#24 : model.L=3 model.bond_dim=8 seed=47303 trainer.ridge=5 trainer.ridge_decay=0.25 trainer.ridge_min=0.0001 +experiment=uci_ntn_sweep model=tnml_f dataset=student_perf
[2026-05-02 23:39:03,390][__main__][INFO] - ▶ RUN TNML_F/student_perf/NTN L=3 bd=8 seed=47303 -> /zhome/6b/e/212868/GTN/outputs/ntn/student_perf/TNML_F_rg5_init0.1/L3_bd8_seed47303
Starting Fit: 20 epochs.
Sweep Order: ['Node0', 'Node1', 'Node2', 'Node3', 'Node4', 'Node5', 'Node6', 'Node7', 'Node8', 'Node9', 'Node10', 'Node11', 'Node12', 'Node13', 'Node14', 'Node15', 'Node16', 'Node17', 'Node18', 'Node19', 'Node20', 'Node21', 'Node22', 'Node23', 'Node24', 'Node25', 'Node26', 'Node27', 'Node28', 'Node29', 'Node30', 'Node31', 'Node32', 'Node33', 'Node34', 'Node35', 'Node36', 'Node37', 'Node38', 'Node39', 'Node40', 'Node41', 'Node42', 'Node43', 'Node44', 'Node45', 'Node46', 'Node47', 'Node48', 'Node49', 'Node48', 'Node47', 'Node46', 'Node45', 'Node44', 'Node43', 'Node42', 'Node41', 'Node40', 'Node39', 'Node38', 'Node37', 'Node36', 'Node35', 'Node34', 'Node33', 'Node32', 'Node31', 'Node30', 'Node29', 'Node28', 'Node27', 'Node26', 'Node25', 'Node24', 'Node23', 'Node22', 'Node21', 'Node20', 'Node19', 'Node18', 'Node17', 'Node16', 'Node15', 'Node14', 'Node13', 'Node12', 'Node11', 'Node10', 'Node9', 'Node8', 'Node7', 'Node6', 'Node5', 'Node4', 'Node3', 'Node2', 'Node1']
Validation: Using separate validation set for best model selection
Early stopping: patience=10, min_delta=0.001
Init    | Train: loss: 133.71472 | quality: -17.84506
        | Val:   loss: 140.39100 | quality: -21.02740
Epoch 1 | Train: loss: 129.66497 | quality: -17.27431
        | Val:   loss: 138.00042 | quality: -20.65231
 *
Epoch 2 | Train: loss: 123.38587 | quality: -16.38936
        | Val:   loss: 141.49086 | quality: -21.19996

Epoch 3 | Train: loss: 118.13949 | quality: -15.64996
        | Val:   loss: 157.65169 | quality: -23.73560

Epoch 4 | Train: loss: 109.84304 | quality: -14.48071
        | Val:   loss: 174.08610 | quality: -26.31417

Epoch 5 | Train: loss: 99.96682 | quality: -13.08880
        | Val:   loss: 184.01435 | quality: -27.87192

Epoch 6 | Train: loss: 91.56162 | quality: -11.90422
        | Val:   loss: 247.96765 | quality: -37.90621

Epoch 7 | Train: loss: 83.08523 | quality: -10.70960
        | Val:   loss: 300.65470 | quality: -46.17283

Epoch 8 | Train: loss: 69.65417 | quality: -8.81670
        | Val:   loss: 376.36728 | quality: -58.05216

Epoch 9 | Train: loss: 55.92386 | quality: -6.88162
        | Val:   loss: 449.44407 | quality: -69.51793

Epoch 10 | Train: loss: 43.54047 | quality: -5.13637
        | Val:   loss: 563.87119 | quality: -87.47159

Epoch 11 | Train: loss: 33.09372 | quality: -3.66406
        | Val:   loss: 755.27960 | quality: -117.50363


⏸ Early stopping at epoch 11 (best was epoch 1)
[2026-05-02 23:39:33,694][__main__][INFO] - ✓ DONE TNML_F/student_perf/NTN L=3 bd=8 seed=47303 -> /zhome/6b/e/212868/GTN/outputs/ntn/student_perf/TNML_F_rg5_init0.1/L3_bd8_seed47303 | val=-20.6523
[2026-05-02 23:39:33,701][HYDRA] 	#25 : model.L=3 model.bond_dim=4 seed=42 trainer.ridge=5 trainer.ridge_decay=0.25 trainer.ridge_min=0.0001 +experiment=uci_ntn_sweep model=tnml_f dataset=student_perf
[2026-05-02 23:39:34,013][__main__][INFO] - ▶ RUN TNML_F/student_perf/NTN L=3 bd=4 seed=42 -> /zhome/6b/e/212868/GTN/outputs/ntn/student_perf/TNML_F_rg5_init0.1/L3_bd4_seed42
Starting Fit: 20 epochs.
Sweep Order: ['Node0', 'Node1', 'Node2', 'Node3', 'Node4', 'Node5', 'Node6', 'Node7', 'Node8', 'Node9', 'Node10', 'Node11', 'Node12', 'Node13', 'Node14', 'Node15', 'Node16', 'Node17', 'Node18', 'Node19', 'Node20', 'Node21', 'Node22', 'Node23', 'Node24', 'Node25', 'Node26', 'Node27', 'Node28', 'Node29', 'Node30', 'Node31', 'Node32', 'Node33', 'Node34', 'Node35', 'Node36', 'Node37', 'Node38', 'Node39', 'Node40', 'Node41', 'Node42', 'Node43', 'Node44', 'Node45', 'Node46', 'Node47', 'Node48', 'Node49', 'Node48', 'Node47', 'Node46', 'Node45', 'Node44', 'Node43', 'Node42', 'Node41', 'Node40', 'Node39', 'Node38', 'Node37', 'Node36', 'Node35', 'Node34', 'Node33', 'Node32', 'Node31', 'Node30', 'Node29', 'Node28', 'Node27', 'Node26', 'Node25', 'Node24', 'Node23', 'Node22', 'Node21', 'Node20', 'Node19', 'Node18', 'Node17', 'Node16', 'Node15', 'Node14', 'Node13', 'Node12', 'Node11', 'Node10', 'Node9', 'Node8', 'Node7', 'Node6', 'Node5', 'Node4', 'Node3', 'Node2', 'Node1']
Validation: Using separate validation set for best model selection
Early stopping: patience=10, min_delta=0.001
Init    | Train: loss: 133.48222 | quality: -17.81229
        | Val:   loss: 138.28126 | quality: -20.69638
Epoch 1 | Train: loss: 132.55547 | quality: -17.68168
        | Val:   loss: 138.30000 | quality: -20.69932

Epoch 2 | Train: loss: 131.52927 | quality: -17.53705
        | Val:   loss: 138.30914 | quality: -20.70075

Epoch 3 | Train: loss: 131.20427 | quality: -17.49125
        | Val:   loss: 137.91580 | quality: -20.63904
 *
Epoch 4 | Train: loss: 126.18050 | quality: -16.78322
        | Val:   loss: 147.41295 | quality: -22.12914

Epoch 5 | Train: loss: 123.62815 | quality: -16.42351
        | Val:   loss: 157.61485 | quality: -23.72982

Epoch 6 | Train: loss: 120.37468 | quality: -15.96498
        | Val:   loss: 157.09190 | quality: -23.64777

Epoch 7 | Train: loss: 117.70695 | quality: -15.58900
        | Val:   loss: 156.32158 | quality: -23.52691

Epoch 8 | Train: loss: 114.51579 | quality: -15.13926
        | Val:   loss: 188.62475 | quality: -28.59529

Epoch 9 | Train: loss: 110.78643 | quality: -14.61366
        | Val:   loss: 233.71039 | quality: -35.66924

Epoch 10 | Train: loss: 106.24555 | quality: -13.97369
        | Val:   loss: 275.69808 | quality: -42.25712

Epoch 11 | Train: loss: 101.69619 | quality: -13.33253
        | Val:   loss: 313.63185 | quality: -48.20895

Epoch 12 | Train: loss: 97.37128 | quality: -12.72300
        | Val:   loss: 327.56635 | quality: -50.39527

Epoch 13 | Train: loss: 90.94758 | quality: -11.81768
        | Val:   loss: 375.50592 | quality: -57.91701


⏸ Early stopping at epoch 13 (best was epoch 3)
[2026-05-02 23:40:03,996][__main__][INFO] - ✓ DONE TNML_F/student_perf/NTN L=3 bd=4 seed=42 -> /zhome/6b/e/212868/GTN/outputs/ntn/student_perf/TNML_F_rg5_init0.1/L3_bd4_seed42 | val=-20.6390
[2026-05-02 23:40:03,999][HYDRA] 	#26 : model.L=3 model.bond_dim=4 seed=10090 trainer.ridge=5 trainer.ridge_decay=0.25 trainer.ridge_min=0.0001 +experiment=uci_ntn_sweep model=tnml_f dataset=student_perf
[2026-05-02 23:40:04,184][__main__][INFO] - ▶ RUN TNML_F/student_perf/NTN L=3 bd=4 seed=10090 -> /zhome/6b/e/212868/GTN/outputs/ntn/student_perf/TNML_F_rg5_init0.1/L3_bd4_seed10090
Starting Fit: 20 epochs.
Sweep Order: ['Node0', 'Node1', 'Node2', 'Node3', 'Node4', 'Node5', 'Node6', 'Node7', 'Node8', 'Node9', 'Node10', 'Node11', 'Node12', 'Node13', 'Node14', 'Node15', 'Node16', 'Node17', 'Node18', 'Node19', 'Node20', 'Node21', 'Node22', 'Node23', 'Node24', 'Node25', 'Node26', 'Node27', 'Node28', 'Node29', 'Node30', 'Node31', 'Node32', 'Node33', 'Node34', 'Node35', 'Node36', 'Node37', 'Node38', 'Node39', 'Node40', 'Node41', 'Node42', 'Node43', 'Node44', 'Node45', 'Node46', 'Node47', 'Node48', 'Node49', 'Node48', 'Node47', 'Node46', 'Node45', 'Node44', 'Node43', 'Node42', 'Node41', 'Node40', 'Node39', 'Node38', 'Node37', 'Node36', 'Node35', 'Node34', 'Node33', 'Node32', 'Node31', 'Node30', 'Node29', 'Node28', 'Node27', 'Node26', 'Node25', 'Node24', 'Node23', 'Node22', 'Node21', 'Node20', 'Node19', 'Node18', 'Node17', 'Node16', 'Node15', 'Node14', 'Node13', 'Node12', 'Node11', 'Node10', 'Node9', 'Node8', 'Node7', 'Node6', 'Node5', 'Node4', 'Node3', 'Node2', 'Node1']
Validation: Using separate validation set for best model selection
Early stopping: patience=10, min_delta=0.001
Init    | Train: loss: 133.45911 | quality: -17.80903
        | Val:   loss: 138.16453 | quality: -20.67806
Epoch 1 | Train: loss: 129.64369 | quality: -17.27131
        | Val:   loss: 138.34536 | quality: -20.70644

Epoch 2 | Train: loss: 125.01459 | quality: -16.61891
        | Val:   loss: 141.65434 | quality: -21.22561

Epoch 3 | Train: loss: 120.52722 | quality: -15.98648
        | Val:   loss: 142.75190 | quality: -21.39782

Epoch 4 | Train: loss: 117.93514 | quality: -15.62116
        | Val:   loss: 145.45444 | quality: -21.82185

Epoch 5 | Train: loss: 115.05573 | quality: -15.21535
        | Val:   loss: 167.36695 | quality: -25.25993

Epoch 6 | Train: loss: 110.86185 | quality: -14.62429
        | Val:   loss: 272.78655 | quality: -41.80030

Epoch 7 | Train: loss: 107.73368 | quality: -14.18342
        | Val:   loss: 307.34310 | quality: -47.22224

Epoch 8 | Train: loss: 100.38134 | quality: -13.14722
        | Val:   loss: 334.16235 | quality: -51.43019

Epoch 9 | Train: loss: 92.20088 | quality: -11.99431
        | Val:   loss: 311.69799 | quality: -47.90552

Epoch 10 | Train: loss: 84.31572 | quality: -10.88302
        | Val:   loss: 230.31729 | quality: -35.13686


⏸ Early stopping at epoch 10 (best was epoch 0)
[2026-05-02 23:40:27,655][__main__][INFO] - ✓ DONE TNML_F/student_perf/NTN L=3 bd=4 seed=10090 -> /zhome/6b/e/212868/GTN/outputs/ntn/student_perf/TNML_F_rg5_init0.1/L3_bd4_seed10090 | val=-20.6781
[2026-05-02 23:40:27,664][HYDRA] 	#27 : model.L=3 model.bond_dim=4 seed=32874 trainer.ridge=5 trainer.ridge_decay=0.25 trainer.ridge_min=0.0001 +experiment=uci_ntn_sweep model=tnml_f dataset=student_perf
[2026-05-02 23:40:27,855][__main__][INFO] - ▶ RUN TNML_F/student_perf/NTN L=3 bd=4 seed=32874 -> /zhome/6b/e/212868/GTN/outputs/ntn/student_perf/TNML_F_rg5_init0.1/L3_bd4_seed32874
Starting Fit: 20 epochs.
Sweep Order: ['Node0', 'Node1', 'Node2', 'Node3', 'Node4', 'Node5', 'Node6', 'Node7', 'Node8', 'Node9', 'Node10', 'Node11', 'Node12', 'Node13', 'Node14', 'Node15', 'Node16', 'Node17', 'Node18', 'Node19', 'Node20', 'Node21', 'Node22', 'Node23', 'Node24', 'Node25', 'Node26', 'Node27', 'Node28', 'Node29', 'Node30', 'Node31', 'Node32', 'Node33', 'Node34', 'Node35', 'Node36', 'Node37', 'Node38', 'Node39', 'Node40', 'Node41', 'Node42', 'Node43', 'Node44', 'Node45', 'Node46', 'Node47', 'Node48', 'Node49', 'Node48', 'Node47', 'Node46', 'Node45', 'Node44', 'Node43', 'Node42', 'Node41', 'Node40', 'Node39', 'Node38', 'Node37', 'Node36', 'Node35', 'Node34', 'Node33', 'Node32', 'Node31', 'Node30', 'Node29', 'Node28', 'Node27', 'Node26', 'Node25', 'Node24', 'Node23', 'Node22', 'Node21', 'Node20', 'Node19', 'Node18', 'Node17', 'Node16', 'Node15', 'Node14', 'Node13', 'Node12', 'Node11', 'Node10', 'Node9', 'Node8', 'Node7', 'Node6', 'Node5', 'Node4', 'Node3', 'Node2', 'Node1']
Validation: Using separate validation set for best model selection
Early stopping: patience=10, min_delta=0.001
Init    | Train: loss: 133.50160 | quality: -17.81502
        | Val:   loss: 138.30394 | quality: -20.69994
Epoch 1 | Train: loss: 131.45050 | quality: -17.52595
        | Val:   loss: 137.57819 | quality: -20.58607
 *
Epoch 2 | Train: loss: 128.37934 | quality: -17.09312
        | Val:   loss: 142.23966 | quality: -21.31745

Epoch 3 | Train: loss: 124.69853 | quality: -16.57436
        | Val:   loss: 162.28364 | quality: -24.46236

Epoch 4 | Train: loss: 120.67848 | quality: -16.00780
        | Val:   loss: 193.30154 | quality: -29.32908

Epoch 5 | Train: loss: 115.58790 | quality: -15.29036
        | Val:   loss: 163.04227 | quality: -24.58139

Epoch 6 | Train: loss: 113.84296 | quality: -15.04443
        | Val:   loss: 162.96297 | quality: -24.56895

Epoch 7 | Train: loss: 112.13362 | quality: -14.80353
        | Val:   loss: 162.15624 | quality: -24.44237

Epoch 8 | Train: loss: 108.36847 | quality: -14.27289
        | Val:   loss: 160.91392 | quality: -24.24745

Epoch 9 | Train: loss: 100.99229 | quality: -13.23333
        | Val:   loss: 318.63104 | quality: -48.99332

Epoch 10 | Train: loss: 91.64685 | quality: -11.91623
        | Val:   loss: 412.68945 | quality: -63.75112

Epoch 11 | Train: loss: 84.52256 | quality: -10.91217
        | Val:   loss: 599.13157 | quality: -93.00395


⏸ Early stopping at epoch 11 (best was epoch 1)
[2026-05-02 23:40:51,334][__main__][INFO] - ✓ DONE TNML_F/student_perf/NTN L=3 bd=4 seed=32874 -> /zhome/6b/e/212868/GTN/outputs/ntn/student_perf/TNML_F_rg5_init0.1/L3_bd4_seed32874 | val=-20.5861
[2026-05-02 23:40:51,338][HYDRA] 	#28 : model.L=3 model.bond_dim=4 seed=47311 trainer.ridge=5 trainer.ridge_decay=0.25 trainer.ridge_min=0.0001 +experiment=uci_ntn_sweep model=tnml_f dataset=student_perf
[2026-05-02 23:40:51,512][__main__][INFO] - ▶ RUN TNML_F/student_perf/NTN L=3 bd=4 seed=47311 -> /zhome/6b/e/212868/GTN/outputs/ntn/student_perf/TNML_F_rg5_init0.1/L3_bd4_seed47311
Starting Fit: 20 epochs.
Sweep Order: ['Node0', 'Node1', 'Node2', 'Node3', 'Node4', 'Node5', 'Node6', 'Node7', 'Node8', 'Node9', 'Node10', 'Node11', 'Node12', 'Node13', 'Node14', 'Node15', 'Node16', 'Node17', 'Node18', 'Node19', 'Node20', 'Node21', 'Node22', 'Node23', 'Node24', 'Node25', 'Node26', 'Node27', 'Node28', 'Node29', 'Node30', 'Node31', 'Node32', 'Node33', 'Node34', 'Node35', 'Node36', 'Node37', 'Node38', 'Node39', 'Node40', 'Node41', 'Node42', 'Node43', 'Node44', 'Node45', 'Node46', 'Node47', 'Node48', 'Node49', 'Node48', 'Node47', 'Node46', 'Node45', 'Node44', 'Node43', 'Node42', 'Node41', 'Node40', 'Node39', 'Node38', 'Node37', 'Node36', 'Node35', 'Node34', 'Node33', 'Node32', 'Node31', 'Node30', 'Node29', 'Node28', 'Node27', 'Node26', 'Node25', 'Node24', 'Node23', 'Node22', 'Node21', 'Node20', 'Node19', 'Node18', 'Node17', 'Node16', 'Node15', 'Node14', 'Node13', 'Node12', 'Node11', 'Node10', 'Node9', 'Node8', 'Node7', 'Node6', 'Node5', 'Node4', 'Node3', 'Node2', 'Node1']
Validation: Using separate validation set for best model selection
Early stopping: patience=10, min_delta=0.001
Init    | Train: loss: 133.47292 | quality: -17.81098
        | Val:   loss: 138.30898 | quality: -20.70073
Epoch 1 | Train: loss: 131.94286 | quality: -17.59534
        | Val:   loss: 138.25787 | quality: -20.69271
 *
Epoch 2 | Train: loss: 128.68188 | quality: -17.13575
        | Val:   loss: 137.10135 | quality: -20.51125
 *
Epoch 3 | Train: loss: 126.68703 | quality: -16.85461
        | Val:   loss: 135.87581 | quality: -20.31896
 *
Epoch 4 | Train: loss: 122.94634 | quality: -16.32742
        | Val:   loss: 136.28151 | quality: -20.38262

Epoch 5 | Train: loss: 121.45520 | quality: -16.11726
        | Val:   loss: 136.19271 | quality: -20.36868

Epoch 6 | Train: loss: 117.08398 | quality: -15.50121
        | Val:   loss: 140.57097 | quality: -21.05563

Epoch 7 | Train: loss: 112.26549 | quality: -14.82211
        | Val:   loss: 138.54235 | quality: -20.73734

Epoch 8 | Train: loss: 109.49348 | quality: -14.43144
        | Val:   loss: 160.43710 | quality: -24.17264

Epoch 9 | Train: loss: 105.82534 | quality: -13.91447
        | Val:   loss: 150.40954 | quality: -22.59931

Epoch 10 | Train: loss: 100.99980 | quality: -13.23439
        | Val:   loss: 182.96722 | quality: -27.70762

Epoch 11 | Train: loss: 94.41397 | quality: -12.30621
        | Val:   loss: 187.84094 | quality: -28.47231

Epoch 12 | Train: loss: 87.18361 | quality: -11.28720
        | Val:   loss: 401.24072 | quality: -61.95481

Epoch 13 | Train: loss: 81.98256 | quality: -10.55420
        | Val:   loss: 477.22011 | quality: -73.87600


⏸ Early stopping at epoch 13 (best was epoch 3)
[2026-05-02 23:41:21,418][__main__][INFO] - ✓ DONE TNML_F/student_perf/NTN L=3 bd=4 seed=47311 -> /zhome/6b/e/212868/GTN/outputs/ntn/student_perf/TNML_F_rg5_init0.1/L3_bd4_seed47311 | val=-20.3190
[2026-05-02 23:41:21,423][HYDRA] 	#29 : model.L=3 model.bond_dim=4 seed=47303 trainer.ridge=5 trainer.ridge_decay=0.25 trainer.ridge_min=0.0001 +experiment=uci_ntn_sweep model=tnml_f dataset=student_perf
[2026-05-02 23:41:21,607][__main__][INFO] - ▶ RUN TNML_F/student_perf/NTN L=3 bd=4 seed=47303 -> /zhome/6b/e/212868/GTN/outputs/ntn/student_perf/TNML_F_rg5_init0.1/L3_bd4_seed47303
Starting Fit: 20 epochs.
Sweep Order: ['Node0', 'Node1', 'Node2', 'Node3', 'Node4', 'Node5', 'Node6', 'Node7', 'Node8', 'Node9', 'Node10', 'Node11', 'Node12', 'Node13', 'Node14', 'Node15', 'Node16', 'Node17', 'Node18', 'Node19', 'Node20', 'Node21', 'Node22', 'Node23', 'Node24', 'Node25', 'Node26', 'Node27', 'Node28', 'Node29', 'Node30', 'Node31', 'Node32', 'Node33', 'Node34', 'Node35', 'Node36', 'Node37', 'Node38', 'Node39', 'Node40', 'Node41', 'Node42', 'Node43', 'Node44', 'Node45', 'Node46', 'Node47', 'Node48', 'Node49', 'Node48', 'Node47', 'Node46', 'Node45', 'Node44', 'Node43', 'Node42', 'Node41', 'Node40', 'Node39', 'Node38', 'Node37', 'Node36', 'Node35', 'Node34', 'Node33', 'Node32', 'Node31', 'Node30', 'Node29', 'Node28', 'Node27', 'Node26', 'Node25', 'Node24', 'Node23', 'Node22', 'Node21', 'Node20', 'Node19', 'Node18', 'Node17', 'Node16', 'Node15', 'Node14', 'Node13', 'Node12', 'Node11', 'Node10', 'Node9', 'Node8', 'Node7', 'Node6', 'Node5', 'Node4', 'Node3', 'Node2', 'Node1']
Validation: Using separate validation set for best model selection
Early stopping: patience=10, min_delta=0.001
Init    | Train: loss: 133.44141 | quality: -17.80654
        | Val:   loss: 138.19725 | quality: -20.68320
Epoch 1 | Train: loss: 132.82457 | quality: -17.71960
        | Val:   loss: 138.26804 | quality: -20.69430

Epoch 2 | Train: loss: 132.74735 | quality: -17.70872
        | Val:   loss: 138.26804 | quality: -20.69430

Epoch 3 | Train: loss: 132.74059 | quality: -17.70777
        | Val:   loss: 138.26804 | quality: -20.69430

Epoch 4 | Train: loss: 132.74012 | quality: -17.70770
        | Val:   loss: 138.26804 | quality: -20.69430

Epoch 5 | Train: loss: 132.74009 | quality: -17.70770
        | Val:   loss: 138.26804 | quality: -20.69430

Epoch 6 | Train: loss: 132.74009 | quality: -17.70770
        | Val:   loss: 138.26804 | quality: -20.69430

Epoch 7 | Train: loss: 132.74009 | quality: -17.70770
        | Val:   loss: 138.26804 | quality: -20.69430

Epoch 8 | Train: loss: 132.74009 | quality: -17.70770
        | Val:   loss: 138.26804 | quality: -20.69430

Epoch 9 | Train: loss: 132.74009 | quality: -17.70770
        | Val:   loss: 138.26804 | quality: -20.69430

Epoch 10 | Train: loss: 132.74009 | quality: -17.70770
        | Val:   loss: 138.26804 | quality: -20.69430


⏸ Early stopping at epoch 10 (best was epoch 0)
[2026-05-02 23:41:45,314][__main__][INFO] - ✓ DONE TNML_F/student_perf/NTN L=3 bd=4 seed=47303 -> /zhome/6b/e/212868/GTN/outputs/ntn/student_perf/TNML_F_rg5_init0.1/L3_bd4_seed47303 | val=-20.6832

------------------------------------------------------------
Sender: LSF System <lsfadmin@hpc.dtu.dk>
Subject: Job 28338018[129]: <ntn_grid_full[1-150]%20> in cluster <dcc> Done

Job <ntn_grid_full[1-150]%20> was submitted from host <hpclogin1> by user <nicci> in cluster <dcc> at Sat May  2 18:52:02 2026
Job was executed on host(s) <6*n-62-21-67>, in queue <hpc>, as user <nicci> in cluster <dcc> at Sat May  2 23:24:05 2026
</zhome/6b/e/212868> was used as the home directory.
</zhome/6b/e/212868/GTN> was used as the working directory.
Started at Sat May  2 23:24:05 2026
Terminated at Sat May  2 23:42:00 2026
Results reported at Sat May  2 23:42:00 2026

Your job looked like:

------------------------------------------------------------
# LSBATCH: User input
#!/bin/bash
#BSUB -q hpc
#BSUB -J "ntn_grid_full[1-150]%20"
#BSUB -W 8:00
#BSUB -n 6
#BSUB -R "rusage[mem=750MB]"
#BSUB -R "span[hosts=1]"
#BSUB -o logs/%J_%I.out
#BSUB -e logs/%J_%I.err

MODELS=("cpda" "cpda_typei" "lmpo2" "lmpo2_typei" "mpo2" "mpo2_typei" "mmpo2" "mmpo2_typei" "tnml_f" "tnml_p")

DATASETS=(
    "abalone" "adult" "ai4i" "appliances" "bank" "bike" "breast"
    "car_evaluation" "concrete" "energy_efficiency" "hearth"
    "iris" "mushrooms" "obesity" "popularity" "realstate"
    "seoulBike" "student_dropout" "student_perf" "wine"
    "winequalityc"
)

COMPLETED_DATASETS=(
    "abalone" "bike" "concrete" "energy_efficiency"
    "iris" "realstate" )

# Filter datasets
FILTERED_DATASETS=()
for ds in "${DATASETS[@]}"; do
    skip=false
    for completed in "${COMPLETED_DATASETS[@]}"; do
        if [[ "$ds" == "$completed" ]]; then
            skip=true
            break
        fi
    done

    if ! $skip; then
        FILTERED_DATASETS+=("$ds")
    fi
done

DATASETS=("${FILTERED_DATASETS[@]}")

NUM_MODELS=${#MODELS[@]}
NUM_DATASETS=${#DATASETS[@]}
NUM_EXPERIMENTS=$((NUM_DATASETS * NUM_MODELS))

if [ "$1" == "test" ]; then
    echo "SIMULATING ARRAY:"
    echo "-----------------"


(... more ...)
------------------------------------------------------------

Successfully completed.

Resource usage summary:

    CPU time :                                   4659.06 sec.
    Max Memory :                                 832 MB
    Average Memory :                             471.25 MB
    Total Requested Memory :                     4500.00 MB
    Delta Memory :                               3668.00 MB
    Max Swap :                                   -
    Max Processes :                              12
    Max Threads :                                65
    Run time :                                   1075 sec.
    Turnaround time :                            17398 sec.

The output (if any) is above this job summary.



PS:

Read file <logs/28338018_129.err> for stderr output of this job.

