Task 61: Dataset=hearth, Model=cpda, Experiment=cpda_ntn_sweep
[2026-05-02 20:30:30,015][HYDRA] Launching 40 jobs locally
[2026-05-02 20:30:30,015][HYDRA] 	#0 : model.L=4 model.bond_dim=64 seed=42 trainer.ridge=5 trainer.ridge_decay=0.25 trainer.ridge_min=0.0001 +experiment=cpda_ntn_sweep model=cpda dataset=hearth
[2026-05-02 20:30:30,310][utils.tracking][INFO] - Loaded 17971 tracked runs from runs_tracking.csv
[2026-05-02 20:30:30,313][__main__][INFO] - ▶ RUN CPDA/hearth/NTN L=4 bd=64 seed=42 -> /zhome/6b/e/212868/GTN/outputs/ntn/hearth/CPDA_rg5_init0.1/L4_bd64_seed42
Starting Fit: 20 epochs.
Sweep Order: ['Node0', 'Node1', 'Node2', 'Node3', 'Node2', 'Node1']
Validation: Using separate validation set for best model selection
Early stopping: patience=10, min_delta=0.001
Init    | Train: loss: 414.01876 | quality: 0.19340
        | Val:   loss: 441.73372 | quality: 0.24444

✗ NaN loss at epoch 1 - stopping training

✗ Exception at epoch 1: NaN loss encountered during NTN optimization at epoch 1
[2026-05-02 20:30:44,341][__main__][WARNING] - ✗ SINGULAR CPDA/hearth/NTN L=4 bd=64 seed=42 -> /zhome/6b/e/212868/GTN/outputs/ntn/hearth/CPDA_rg5_init0.1/L4_bd64_seed42 | val=None
[2026-05-02 20:30:44,345][HYDRA] 	#1 : model.L=4 model.bond_dim=64 seed=10090 trainer.ridge=5 trainer.ridge_decay=0.25 trainer.ridge_min=0.0001 +experiment=cpda_ntn_sweep model=cpda dataset=hearth
[2026-05-02 20:30:44,519][__main__][INFO] - ▶ RUN CPDA/hearth/NTN L=4 bd=64 seed=10090 -> /zhome/6b/e/212868/GTN/outputs/ntn/hearth/CPDA_rg5_init0.1/L4_bd64_seed10090
Starting Fit: 20 epochs.
Sweep Order: ['Node0', 'Node1', 'Node2', 'Node3', 'Node2', 'Node1']
Validation: Using separate validation set for best model selection
Early stopping: patience=10, min_delta=0.001
Init    | Train: loss: 360.06191 | quality: 0.25472
        | Val:   loss: 503.47763 | quality: 0.31111
Epoch 1 | Train: loss: 85196256478376369229005077137579177659174028821178982214826485480915863340037655747238011375982640125092547838483672871605923661374924727284809859963988437349957632.00000 | quality: 0.15094
        | Val:   loss: 103870133702958826740587220010866944627348726594939519817685011863470392713473295418992771451587998240054544679688117821266079884108168898343067475770563194792181760.00000 | quality: 0.17778


✗ NaN loss at epoch 2 - stopping training

✗ Exception at epoch 2: NaN loss encountered during NTN optimization at epoch 2
[2026-05-02 20:30:47,294][__main__][WARNING] - ✗ SINGULAR CPDA/hearth/NTN L=4 bd=64 seed=10090 -> /zhome/6b/e/212868/GTN/outputs/ntn/hearth/CPDA_rg5_init0.1/L4_bd64_seed10090 | val=0.1778
[2026-05-02 20:30:47,298][HYDRA] 	#2 : model.L=4 model.bond_dim=64 seed=32874 trainer.ridge=5 trainer.ridge_decay=0.25 trainer.ridge_min=0.0001 +experiment=cpda_ntn_sweep model=cpda dataset=hearth
[2026-05-02 20:30:47,529][__main__][INFO] - ▶ RUN CPDA/hearth/NTN L=4 bd=64 seed=32874 -> /zhome/6b/e/212868/GTN/outputs/ntn/hearth/CPDA_rg5_init0.1/L4_bd64_seed32874
Starting Fit: 20 epochs.
Sweep Order: ['Node0', 'Node1', 'Node2', 'Node3', 'Node2', 'Node1']
Validation: Using separate validation set for best model selection
Early stopping: patience=10, min_delta=0.001
Init    | Train: loss: 340.19642 | quality: 0.22642
        | Val:   loss: 600.15782 | quality: 0.20000
Epoch 1 | Train: loss: 179569711941992826333665363245279818211989976501296067248128.00000 | quality: 0.40094
        | Val:   loss: 42727130185316465689231380211383687543597998487032809127936.00000 | quality: 0.33333
 *

✗ NaN loss at epoch 2 - stopping training

✗ Exception at epoch 2: NaN loss encountered during NTN optimization at epoch 2
[2026-05-02 20:30:49,524][__main__][WARNING] - ✗ SINGULAR CPDA/hearth/NTN L=4 bd=64 seed=32874 -> /zhome/6b/e/212868/GTN/outputs/ntn/hearth/CPDA_rg5_init0.1/L4_bd64_seed32874 | val=0.3333
[2026-05-02 20:30:49,526][HYDRA] 	#3 : model.L=4 model.bond_dim=64 seed=47311 trainer.ridge=5 trainer.ridge_decay=0.25 trainer.ridge_min=0.0001 +experiment=cpda_ntn_sweep model=cpda dataset=hearth
[2026-05-02 20:30:49,698][__main__][INFO] - ▶ RUN CPDA/hearth/NTN L=4 bd=64 seed=47311 -> /zhome/6b/e/212868/GTN/outputs/ntn/hearth/CPDA_rg5_init0.1/L4_bd64_seed47311
Starting Fit: 20 epochs.
Sweep Order: ['Node0', 'Node1', 'Node2', 'Node3', 'Node2', 'Node1']
Validation: Using separate validation set for best model selection
Early stopping: patience=10, min_delta=0.001
Init    | Train: loss: 477.75300 | quality: 0.18396
        | Val:   loss: 802.25803 | quality: 0.22222
Epoch 1 | Train: loss: 794018611292876224779291862237184.00000 | quality: 0.14151
        | Val:   loss: 499447819330428342067298352234496.00000 | quality: 0.13333


✗ NaN loss at epoch 2 - stopping training

✗ Exception at epoch 2: NaN loss encountered during NTN optimization at epoch 2
[2026-05-02 20:30:51,619][__main__][WARNING] - ✗ SINGULAR CPDA/hearth/NTN L=4 bd=64 seed=47311 -> /zhome/6b/e/212868/GTN/outputs/ntn/hearth/CPDA_rg5_init0.1/L4_bd64_seed47311 | val=0.1333
[2026-05-02 20:30:51,621][HYDRA] 	#4 : model.L=4 model.bond_dim=64 seed=47303 trainer.ridge=5 trainer.ridge_decay=0.25 trainer.ridge_min=0.0001 +experiment=cpda_ntn_sweep model=cpda dataset=hearth
[2026-05-02 20:30:51,799][__main__][INFO] - ▶ RUN CPDA/hearth/NTN L=4 bd=64 seed=47303 -> /zhome/6b/e/212868/GTN/outputs/ntn/hearth/CPDA_rg5_init0.1/L4_bd64_seed47303
Starting Fit: 20 epochs.
Sweep Order: ['Node0', 'Node1', 'Node2', 'Node3', 'Node2', 'Node1']
Validation: Using separate validation set for best model selection
Early stopping: patience=10, min_delta=0.001
Init    | Train: loss: 384.26900 | quality: 0.22642
        | Val:   loss: 290.97909 | quality: 0.42222
Epoch 1 | Train: loss: 53966123036542687912385838305535504615361901963587734334831304377640474489103152016277598540477801150756876713984.00000 | quality: 0.49057
        | Val:   loss: 26097817855981091626239277585235296332473056050083783711414140440423391053021872932970783237783781316314584317952.00000 | quality: 0.44444
 *

✗ NaN loss at epoch 2 - stopping training

✗ Exception at epoch 2: NaN loss encountered during NTN optimization at epoch 2
[2026-05-02 20:30:53,970][__main__][WARNING] - ✗ SINGULAR CPDA/hearth/NTN L=4 bd=64 seed=47303 -> /zhome/6b/e/212868/GTN/outputs/ntn/hearth/CPDA_rg5_init0.1/L4_bd64_seed47303 | val=0.4444
[2026-05-02 20:30:53,972][HYDRA] 	#5 : model.L=4 model.bond_dim=32 seed=42 trainer.ridge=5 trainer.ridge_decay=0.25 trainer.ridge_min=0.0001 +experiment=cpda_ntn_sweep model=cpda dataset=hearth
[2026-05-02 20:30:54,138][__main__][INFO] - ▶ RUN CPDA/hearth/NTN L=4 bd=32 seed=42 -> /zhome/6b/e/212868/GTN/outputs/ntn/hearth/CPDA_rg5_init0.1/L4_bd32_seed42
Starting Fit: 20 epochs.
Sweep Order: ['Node0', 'Node1', 'Node2', 'Node3', 'Node2', 'Node1']
Validation: Using separate validation set for best model selection
Early stopping: patience=10, min_delta=0.001
Init    | Train: loss: 298.99657 | quality: 0.15566
        | Val:   loss: 370.91330 | quality: 0.17778
Epoch 1 | Train: loss: 208906203384373156162821795009331816956751249408.00000 | quality: 0.13208
        | Val:   loss: 199086758239122264688732751091094672613541150720.00000 | quality: 0.15556


✗ NaN loss at epoch 2 - stopping training

✗ Exception at epoch 2: NaN loss encountered during NTN optimization at epoch 2
[2026-05-02 20:30:58,555][__main__][WARNING] - ✗ SINGULAR CPDA/hearth/NTN L=4 bd=32 seed=42 -> /zhome/6b/e/212868/GTN/outputs/ntn/hearth/CPDA_rg5_init0.1/L4_bd32_seed42 | val=0.1556
[2026-05-02 20:30:58,558][HYDRA] 	#6 : model.L=4 model.bond_dim=32 seed=10090 trainer.ridge=5 trainer.ridge_decay=0.25 trainer.ridge_min=0.0001 +experiment=cpda_ntn_sweep model=cpda dataset=hearth
[2026-05-02 20:30:58,741][__main__][INFO] - ▶ RUN CPDA/hearth/NTN L=4 bd=32 seed=10090 -> /zhome/6b/e/212868/GTN/outputs/ntn/hearth/CPDA_rg5_init0.1/L4_bd32_seed10090
Starting Fit: 20 epochs.
Sweep Order: ['Node0', 'Node1', 'Node2', 'Node3', 'Node2', 'Node1']
Validation: Using separate validation set for best model selection
Early stopping: patience=10, min_delta=0.001
Init    | Train: loss: 260.85377 | quality: 0.17453
        | Val:   loss: 438.62684 | quality: 0.13333
Epoch 1 | Train: loss: 4034686611661545675593776489720218135317471726626741771868858206747303567517273817088.00000 | quality: 0.12736
        | Val:   loss: 2732217444775185250351270256309254897180194792350985298409991895715792471067671396352.00000 | quality: 0.11111


✗ NaN loss at epoch 2 - stopping training

✗ Exception at epoch 2: NaN loss encountered during NTN optimization at epoch 2
[2026-05-02 20:31:00,088][__main__][WARNING] - ✗ SINGULAR CPDA/hearth/NTN L=4 bd=32 seed=10090 -> /zhome/6b/e/212868/GTN/outputs/ntn/hearth/CPDA_rg5_init0.1/L4_bd32_seed10090 | val=0.1111
[2026-05-02 20:31:00,090][HYDRA] 	#7 : model.L=4 model.bond_dim=32 seed=32874 trainer.ridge=5 trainer.ridge_decay=0.25 trainer.ridge_min=0.0001 +experiment=cpda_ntn_sweep model=cpda dataset=hearth
[2026-05-02 20:31:00,270][__main__][INFO] - ▶ RUN CPDA/hearth/NTN L=4 bd=32 seed=32874 -> /zhome/6b/e/212868/GTN/outputs/ntn/hearth/CPDA_rg5_init0.1/L4_bd32_seed32874
Starting Fit: 20 epochs.
Sweep Order: ['Node0', 'Node1', 'Node2', 'Node3', 'Node2', 'Node1']
Validation: Using separate validation set for best model selection
Early stopping: patience=10, min_delta=0.001
Init    | Train: loss: 251.60656 | quality: 0.23585
        | Val:   loss: 281.58432 | quality: 0.22222
Epoch 1 | Train: loss: 154151962435451042578478386172963061931379835066218506600910567700141455881867397671381250032658200003899214512774971392.00000 | quality: 0.18868
        | Val:   loss: 87507144085155551378789189297881425243891057139187652142632591154961425736386216555338112177205335516726959902224809984.00000 | quality: 0.13333


✗ NaN loss at epoch 2 - stopping training

✗ Exception at epoch 2: NaN loss encountered during NTN optimization at epoch 2
[2026-05-02 20:31:01,673][__main__][WARNING] - ✗ SINGULAR CPDA/hearth/NTN L=4 bd=32 seed=32874 -> /zhome/6b/e/212868/GTN/outputs/ntn/hearth/CPDA_rg5_init0.1/L4_bd32_seed32874 | val=0.1333
[2026-05-02 20:31:01,675][HYDRA] 	#8 : model.L=4 model.bond_dim=32 seed=47311 trainer.ridge=5 trainer.ridge_decay=0.25 trainer.ridge_min=0.0001 +experiment=cpda_ntn_sweep model=cpda dataset=hearth
[2026-05-02 20:31:01,850][__main__][INFO] - ▶ RUN CPDA/hearth/NTN L=4 bd=32 seed=47311 -> /zhome/6b/e/212868/GTN/outputs/ntn/hearth/CPDA_rg5_init0.1/L4_bd32_seed47311
Starting Fit: 20 epochs.
Sweep Order: ['Node0', 'Node1', 'Node2', 'Node3', 'Node2', 'Node1']
Validation: Using separate validation set for best model selection
Early stopping: patience=10, min_delta=0.001
Init    | Train: loss: 272.24375 | quality: 0.23113
        | Val:   loss: 296.06803 | quality: 0.26667
Epoch 1 | Train: loss: 55960196835913536206634852164268153896960.00000 | quality: 0.16509
        | Val:   loss: 33767101883250341653752515549099418714112.00000 | quality: 0.20000


✗ NaN loss at epoch 2 - stopping training

✗ Exception at epoch 2: NaN loss encountered during NTN optimization at epoch 2
[2026-05-02 20:31:03,172][__main__][WARNING] - ✗ SINGULAR CPDA/hearth/NTN L=4 bd=32 seed=47311 -> /zhome/6b/e/212868/GTN/outputs/ntn/hearth/CPDA_rg5_init0.1/L4_bd32_seed47311 | val=0.2000
[2026-05-02 20:31:03,175][HYDRA] 	#9 : model.L=4 model.bond_dim=32 seed=47303 trainer.ridge=5 trainer.ridge_decay=0.25 trainer.ridge_min=0.0001 +experiment=cpda_ntn_sweep model=cpda dataset=hearth
[2026-05-02 20:31:03,354][__main__][INFO] - ▶ RUN CPDA/hearth/NTN L=4 bd=32 seed=47303 -> /zhome/6b/e/212868/GTN/outputs/ntn/hearth/CPDA_rg5_init0.1/L4_bd32_seed47303
Starting Fit: 20 epochs.
Sweep Order: ['Node0', 'Node1', 'Node2', 'Node3', 'Node2', 'Node1']
Validation: Using separate validation set for best model selection
Early stopping: patience=10, min_delta=0.001
Init    | Train: loss: 278.75631 | quality: 0.17925
        | Val:   loss: 294.16146 | quality: 0.22222
Epoch 1 | Train: loss: 92116696534035990577152.00000 | quality: 0.43396
        | Val:   loss: 37829726963695519531008.00000 | quality: 0.24444
 *

✗ NaN loss at epoch 2 - stopping training

✗ Exception at epoch 2: NaN loss encountered during NTN optimization at epoch 2
[2026-05-02 20:31:04,680][__main__][WARNING] - ✗ SINGULAR CPDA/hearth/NTN L=4 bd=32 seed=47303 -> /zhome/6b/e/212868/GTN/outputs/ntn/hearth/CPDA_rg5_init0.1/L4_bd32_seed47303 | val=0.2444
[2026-05-02 20:31:04,683][HYDRA] 	#10 : model.L=4 model.bond_dim=16 seed=42 trainer.ridge=5 trainer.ridge_decay=0.25 trainer.ridge_min=0.0001 +experiment=cpda_ntn_sweep model=cpda dataset=hearth
[2026-05-02 20:31:04,858][__main__][INFO] - ▶ RUN CPDA/hearth/NTN L=4 bd=16 seed=42 -> /zhome/6b/e/212868/GTN/outputs/ntn/hearth/CPDA_rg5_init0.1/L4_bd16_seed42
Starting Fit: 20 epochs.
Sweep Order: ['Node0', 'Node1', 'Node2', 'Node3', 'Node2', 'Node1']
Validation: Using separate validation set for best model selection
Early stopping: patience=10, min_delta=0.001
Init    | Train: loss: 137.23153 | quality: 0.22642
        | Val:   loss: 187.53216 | quality: 0.17778
Epoch 1 | Train: loss: 5567913.73040 | quality: 0.35849
        | Val:   loss: 5737507.78797 | quality: 0.24444
 *
Epoch 2 | Train: loss: 9241165847747682383843008948095753034069426308941033768793168250772179918637970441579523158804283067888134324328654226315782144547503622442420246045141661845443393397799403655268712402911232.00000 | quality: 0.22642
        | Val:   loss: 11460751713326732351805512576145735545526020830457079903331560777167028699448169690799834600426609385841359219814331331378328628741892215154569021111500385390689277701561295950142982171131904.00000 | quality: 0.28889
 *

✗ NaN loss at epoch 3 - stopping training

✗ Exception at epoch 3: NaN loss encountered during NTN optimization at epoch 3
[2026-05-02 20:31:09,673][__main__][WARNING] - ✗ SINGULAR CPDA/hearth/NTN L=4 bd=16 seed=42 -> /zhome/6b/e/212868/GTN/outputs/ntn/hearth/CPDA_rg5_init0.1/L4_bd16_seed42 | val=0.2889
[2026-05-02 20:31:09,677][HYDRA] 	#11 : model.L=4 model.bond_dim=16 seed=10090 trainer.ridge=5 trainer.ridge_decay=0.25 trainer.ridge_min=0.0001 +experiment=cpda_ntn_sweep model=cpda dataset=hearth
[2026-05-02 20:31:09,854][__main__][INFO] - ▶ RUN CPDA/hearth/NTN L=4 bd=16 seed=10090 -> /zhome/6b/e/212868/GTN/outputs/ntn/hearth/CPDA_rg5_init0.1/L4_bd16_seed10090
Starting Fit: 20 epochs.
Sweep Order: ['Node0', 'Node1', 'Node2', 'Node3', 'Node2', 'Node1']
Validation: Using separate validation set for best model selection
Early stopping: patience=10, min_delta=0.001
Init    | Train: loss: 175.02710 | quality: 0.24057
        | Val:   loss: 323.34193 | quality: 0.20000
Epoch 1 | Train: loss: 1034404.47765 | quality: 0.18396
        | Val:   loss: 3154122.31199 | quality: 0.15556

Epoch 2 | Train: loss: 2861921840275411580712035139817249371581569866129870475020530981457580298819903701833977354357693815523028604152910770399539672203911558424526844672047481675916113929913546133523802062043242471932306986942377388146221790903566073856.00000 | quality: 0.40566
        | Val:   loss: 2077499947611587639409048655715532355969580994994829181528048644034856830678230379151825982199902616048429799490015764052897688848447810380495532814612788537458831111926183456664432608469300478278598589439046626105452272700362850304.00000 | quality: 0.42222
 *

✗ NaN loss at epoch 3 - stopping training

✗ Exception at epoch 3: NaN loss encountered during NTN optimization at epoch 3
[2026-05-02 20:31:11,080][__main__][WARNING] - ✗ SINGULAR CPDA/hearth/NTN L=4 bd=16 seed=10090 -> /zhome/6b/e/212868/GTN/outputs/ntn/hearth/CPDA_rg5_init0.1/L4_bd16_seed10090 | val=0.4222
[2026-05-02 20:31:11,083][HYDRA] 	#12 : model.L=4 model.bond_dim=16 seed=32874 trainer.ridge=5 trainer.ridge_decay=0.25 trainer.ridge_min=0.0001 +experiment=cpda_ntn_sweep model=cpda dataset=hearth
[2026-05-02 20:31:11,247][__main__][INFO] - ▶ RUN CPDA/hearth/NTN L=4 bd=16 seed=32874 -> /zhome/6b/e/212868/GTN/outputs/ntn/hearth/CPDA_rg5_init0.1/L4_bd16_seed32874
Starting Fit: 20 epochs.
Sweep Order: ['Node0', 'Node1', 'Node2', 'Node3', 'Node2', 'Node1']
Validation: Using separate validation set for best model selection
Early stopping: patience=10, min_delta=0.001
Init    | Train: loss: 166.67363 | quality: 0.14151
        | Val:   loss: 231.82167 | quality: 0.22222
Epoch 1 | Train: loss: 4441.02334 | quality: 0.44340
        | Val:   loss: 11230.33505 | quality: 0.37778
 *
Epoch 2 | Train: loss: 87476486989486709447616130401488305612606388733252612712921969716288344353945618812327078374261391360.00000 | quality: 0.47642
        | Val:   loss: 227856323605214008878557627898335162283531304168030912107234332863902667376309285281669901354644013056.00000 | quality: 0.48889
 *

✗ NaN loss at epoch 3 - stopping training

✗ Exception at epoch 3: NaN loss encountered during NTN optimization at epoch 3
[2026-05-02 20:31:12,458][__main__][WARNING] - ✗ SINGULAR CPDA/hearth/NTN L=4 bd=16 seed=32874 -> /zhome/6b/e/212868/GTN/outputs/ntn/hearth/CPDA_rg5_init0.1/L4_bd16_seed32874 | val=0.4889
[2026-05-02 20:31:12,460][HYDRA] 	#13 : model.L=4 model.bond_dim=16 seed=47311 trainer.ridge=5 trainer.ridge_decay=0.25 trainer.ridge_min=0.0001 +experiment=cpda_ntn_sweep model=cpda dataset=hearth
[2026-05-02 20:31:12,651][__main__][INFO] - ▶ RUN CPDA/hearth/NTN L=4 bd=16 seed=47311 -> /zhome/6b/e/212868/GTN/outputs/ntn/hearth/CPDA_rg5_init0.1/L4_bd16_seed47311
Starting Fit: 20 epochs.
Sweep Order: ['Node0', 'Node1', 'Node2', 'Node3', 'Node2', 'Node1']
Validation: Using separate validation set for best model selection
Early stopping: patience=10, min_delta=0.001
Init    | Train: loss: 171.00562 | quality: 0.21698
        | Val:   loss: 322.04020 | quality: 0.15556
Epoch 1 | Train: loss: 3380256.75051 | quality: 0.27358
        | Val:   loss: 3144356.56761 | quality: 0.22222
 *

✗ NaN loss at epoch 2 - stopping training

✗ Exception at epoch 2: NaN loss encountered during NTN optimization at epoch 2
[2026-05-02 20:31:13,818][__main__][WARNING] - ✗ SINGULAR CPDA/hearth/NTN L=4 bd=16 seed=47311 -> /zhome/6b/e/212868/GTN/outputs/ntn/hearth/CPDA_rg5_init0.1/L4_bd16_seed47311 | val=0.2222
[2026-05-02 20:31:13,820][HYDRA] 	#14 : model.L=4 model.bond_dim=16 seed=47303 trainer.ridge=5 trainer.ridge_decay=0.25 trainer.ridge_min=0.0001 +experiment=cpda_ntn_sweep model=cpda dataset=hearth
[2026-05-02 20:31:13,990][__main__][INFO] - ▶ RUN CPDA/hearth/NTN L=4 bd=16 seed=47303 -> /zhome/6b/e/212868/GTN/outputs/ntn/hearth/CPDA_rg5_init0.1/L4_bd16_seed47303
Starting Fit: 20 epochs.
Sweep Order: ['Node0', 'Node1', 'Node2', 'Node3', 'Node2', 'Node1']
Validation: Using separate validation set for best model selection
Early stopping: patience=10, min_delta=0.001
Init    | Train: loss: 196.71915 | quality: 0.21226
        | Val:   loss: 484.40076 | quality: 0.11111
Epoch 1 | Train: loss: 340410422445094.06250 | quality: 0.38208
        | Val:   loss: 597672005685950.37500 | quality: 0.46667
 *

✗ NaN loss at epoch 2 - stopping training

✗ Exception at epoch 2: NaN loss encountered during NTN optimization at epoch 2
[2026-05-02 20:31:15,151][__main__][WARNING] - ✗ SINGULAR CPDA/hearth/NTN L=4 bd=16 seed=47303 -> /zhome/6b/e/212868/GTN/outputs/ntn/hearth/CPDA_rg5_init0.1/L4_bd16_seed47303 | val=0.4667
[2026-05-02 20:31:15,154][HYDRA] 	#15 : model.L=4 model.bond_dim=8 seed=42 trainer.ridge=5 trainer.ridge_decay=0.25 trainer.ridge_min=0.0001 +experiment=cpda_ntn_sweep model=cpda dataset=hearth
[2026-05-02 20:31:15,323][__main__][INFO] - ▶ RUN CPDA/hearth/NTN L=4 bd=8 seed=42 -> /zhome/6b/e/212868/GTN/outputs/ntn/hearth/CPDA_rg5_init0.1/L4_bd8_seed42
Starting Fit: 20 epochs.
Sweep Order: ['Node0', 'Node1', 'Node2', 'Node3', 'Node2', 'Node1']
Validation: Using separate validation set for best model selection
Early stopping: patience=10, min_delta=0.001
Init    | Train: loss: 110.12496 | quality: 0.27830
        | Val:   loss: 71.56095 | quality: 0.28889
Epoch 1 | Train: loss: 88670.83193 | quality: 0.32547
        | Val:   loss: 22115.71509 | quality: 0.26667

Epoch 2 | Train: loss: 2985816702341622931877265710302949575106773768862243380108836527244486658127428730739605610043845239057686741455059796094877696.00000 | quality: 0.16038
        | Val:   loss: 3501900263093526526028150901068997861806791071218787672821561234128201393588340178599075364740918700524127733023362796079808512.00000 | quality: 0.20000


✗ NaN loss at epoch 3 - stopping training

✗ Exception at epoch 3: NaN loss encountered during NTN optimization at epoch 3
[2026-05-02 20:31:19,903][__main__][WARNING] - ✗ SINGULAR CPDA/hearth/NTN L=4 bd=8 seed=42 -> /zhome/6b/e/212868/GTN/outputs/ntn/hearth/CPDA_rg5_init0.1/L4_bd8_seed42 | val=0.2667
[2026-05-02 20:31:19,905][HYDRA] 	#16 : model.L=4 model.bond_dim=8 seed=10090 trainer.ridge=5 trainer.ridge_decay=0.25 trainer.ridge_min=0.0001 +experiment=cpda_ntn_sweep model=cpda dataset=hearth
[2026-05-02 20:31:20,076][__main__][INFO] - ▶ RUN CPDA/hearth/NTN L=4 bd=8 seed=10090 -> /zhome/6b/e/212868/GTN/outputs/ntn/hearth/CPDA_rg5_init0.1/L4_bd8_seed10090
Starting Fit: 20 epochs.
Sweep Order: ['Node0', 'Node1', 'Node2', 'Node3', 'Node2', 'Node1']
Validation: Using separate validation set for best model selection
Early stopping: patience=10, min_delta=0.001
Init    | Train: loss: 125.79586 | quality: 0.16981
        | Val:   loss: 91.81082 | quality: 0.24444
Epoch 1 | Train: loss: 60214161726.38984 | quality: 0.21698
        | Val:   loss: 69334623290.76801 | quality: 0.17778

Epoch 2 | Train: loss: 209738719944245199098937818001066517674207583971012618308534997457046126596742080477962113342084769878008921855201819120466520720368827346467994559365272405746619135472697126100094861774355911838238096730923411074694159473825225145093249967265283587863292340677697906656122639919087616.00000 | quality: 0.12264
        | Val:   loss: 268851455023214308554094255360399489389083568347150228013306341308955555302022918640455813179357646291300572178217477722343454966764930177068026117022027905142003495799431892758974036806561607704400749349462928800143175054093502166213851676288783886727735960838557315951864073372565504.00000 | quality: 0.15556


✗ NaN loss at epoch 3 - stopping training

✗ Exception at epoch 3: NaN loss encountered during NTN optimization at epoch 3
[2026-05-02 20:31:21,255][__main__][WARNING] - ✗ SINGULAR CPDA/hearth/NTN L=4 bd=8 seed=10090 -> /zhome/6b/e/212868/GTN/outputs/ntn/hearth/CPDA_rg5_init0.1/L4_bd8_seed10090 | val=0.1778
[2026-05-02 20:31:21,258][HYDRA] 	#17 : model.L=4 model.bond_dim=8 seed=32874 trainer.ridge=5 trainer.ridge_decay=0.25 trainer.ridge_min=0.0001 +experiment=cpda_ntn_sweep model=cpda dataset=hearth
[2026-05-02 20:31:21,421][__main__][INFO] - ▶ RUN CPDA/hearth/NTN L=4 bd=8 seed=32874 -> /zhome/6b/e/212868/GTN/outputs/ntn/hearth/CPDA_rg5_init0.1/L4_bd8_seed32874
Starting Fit: 20 epochs.
Sweep Order: ['Node0', 'Node1', 'Node2', 'Node3', 'Node2', 'Node1']
Validation: Using separate validation set for best model selection
Early stopping: patience=10, min_delta=0.001
Init    | Train: loss: 81.60395 | quality: 0.17925
        | Val:   loss: 122.30268 | quality: 0.17778
Epoch 1 | Train: loss: 634524477.26918 | quality: 0.18396
        | Val:   loss: 918261559.80475 | quality: 0.22222
 *
Epoch 2 | Train: loss: 2673345437603125994007085780310926313375132078013220318204313042241752961468814374801585615844151563239081558894955459915472872510928185766295002131442748939222007278638407105460374099486464065837275720899448109068869072584704.00000 | quality: 0.47170
        | Val:   loss: 3566991142314644445671368059629379951882276196416997336614371011378438505718052764462532886027061420049180100389965153080761876353227063201910179275304158675652848638273781294370284099651506615896628685593853505059307435065344.00000 | quality: 0.46667
 *

✗ NaN loss at epoch 3 - stopping training

✗ Exception at epoch 3: NaN loss encountered during NTN optimization at epoch 3
[2026-05-02 20:31:22,595][__main__][WARNING] - ✗ SINGULAR CPDA/hearth/NTN L=4 bd=8 seed=32874 -> /zhome/6b/e/212868/GTN/outputs/ntn/hearth/CPDA_rg5_init0.1/L4_bd8_seed32874 | val=0.4667
[2026-05-02 20:31:22,597][HYDRA] 	#18 : model.L=4 model.bond_dim=8 seed=47311 trainer.ridge=5 trainer.ridge_decay=0.25 trainer.ridge_min=0.0001 +experiment=cpda_ntn_sweep model=cpda dataset=hearth
[2026-05-02 20:31:22,766][__main__][INFO] - ▶ RUN CPDA/hearth/NTN L=4 bd=8 seed=47311 -> /zhome/6b/e/212868/GTN/outputs/ntn/hearth/CPDA_rg5_init0.1/L4_bd8_seed47311
Starting Fit: 20 epochs.
Sweep Order: ['Node0', 'Node1', 'Node2', 'Node3', 'Node2', 'Node1']
Validation: Using separate validation set for best model selection
Early stopping: patience=10, min_delta=0.001
Init    | Train: loss: 155.82830 | quality: 0.23113
        | Val:   loss: 231.34379 | quality: 0.17778
Epoch 1 | Train: loss: 154775338468721613200572051434427292912442271560317196773924098431119610326548480.00000 | quality: 0.16509
        | Val:   loss: 191096177582119220995161415437796275274617743506171789223483682200906260742668288.00000 | quality: 0.26667
 *

✗ NaN loss at epoch 2 - stopping training

✗ Exception at epoch 2: NaN loss encountered during NTN optimization at epoch 2
[2026-05-02 20:31:23,912][__main__][WARNING] - ✗ SINGULAR CPDA/hearth/NTN L=4 bd=8 seed=47311 -> /zhome/6b/e/212868/GTN/outputs/ntn/hearth/CPDA_rg5_init0.1/L4_bd8_seed47311 | val=0.2667
[2026-05-02 20:31:23,914][HYDRA] 	#19 : model.L=4 model.bond_dim=8 seed=47303 trainer.ridge=5 trainer.ridge_decay=0.25 trainer.ridge_min=0.0001 +experiment=cpda_ntn_sweep model=cpda dataset=hearth
[2026-05-02 20:31:24,085][__main__][INFO] - ▶ RUN CPDA/hearth/NTN L=4 bd=8 seed=47303 -> /zhome/6b/e/212868/GTN/outputs/ntn/hearth/CPDA_rg5_init0.1/L4_bd8_seed47303
Starting Fit: 20 epochs.
Sweep Order: ['Node0', 'Node1', 'Node2', 'Node3', 'Node2', 'Node1']
Validation: Using separate validation set for best model selection
Early stopping: patience=10, min_delta=0.001
Init    | Train: loss: 111.57566 | quality: 0.23585
        | Val:   loss: 146.76782 | quality: 0.22222
Epoch 1 | Train: loss: 19542536.96908 | quality: 0.34906
        | Val:   loss: 40991844.76549 | quality: 0.28889
 *

✗ NaN loss at epoch 2 - stopping training

✗ Exception at epoch 2: NaN loss encountered during NTN optimization at epoch 2
[2026-05-02 20:31:25,220][__main__][WARNING] - ✗ SINGULAR CPDA/hearth/NTN L=4 bd=8 seed=47303 -> /zhome/6b/e/212868/GTN/outputs/ntn/hearth/CPDA_rg5_init0.1/L4_bd8_seed47303 | val=0.2889
[2026-05-02 20:31:25,222][HYDRA] 	#20 : model.L=3 model.bond_dim=64 seed=42 trainer.ridge=5 trainer.ridge_decay=0.25 trainer.ridge_min=0.0001 +experiment=cpda_ntn_sweep model=cpda dataset=hearth
[2026-05-02 20:31:25,390][__main__][INFO] - ▶ RUN CPDA/hearth/NTN L=3 bd=64 seed=42 -> /zhome/6b/e/212868/GTN/outputs/ntn/hearth/CPDA_rg5_init0.1/L3_bd64_seed42
Starting Fit: 20 epochs.
Sweep Order: ['Node0', 'Node1', 'Node2', 'Node1']
Validation: Using separate validation set for best model selection
Early stopping: patience=10, min_delta=0.001
Init    | Train: loss: 115.08648 | quality: 0.21226
        | Val:   loss: 151.63878 | quality: 0.20000
Epoch 1 | Train: loss: 7789939.54923 | quality: 0.07075
        | Val:   loss: 4162554.83145 | quality: 0.13333


✗ NaN loss at epoch 2 - stopping training

✗ Exception at epoch 2: NaN loss encountered during NTN optimization at epoch 2
[2026-05-02 20:31:28,354][__main__][WARNING] - ✗ SINGULAR CPDA/hearth/NTN L=3 bd=64 seed=42 -> /zhome/6b/e/212868/GTN/outputs/ntn/hearth/CPDA_rg5_init0.1/L3_bd64_seed42 | val=0.1333
[2026-05-02 20:31:28,357][HYDRA] 	#21 : model.L=3 model.bond_dim=64 seed=10090 trainer.ridge=5 trainer.ridge_decay=0.25 trainer.ridge_min=0.0001 +experiment=cpda_ntn_sweep model=cpda dataset=hearth
[2026-05-02 20:31:28,527][__main__][INFO] - ▶ RUN CPDA/hearth/NTN L=3 bd=64 seed=10090 -> /zhome/6b/e/212868/GTN/outputs/ntn/hearth/CPDA_rg5_init0.1/L3_bd64_seed10090
Starting Fit: 20 epochs.
Sweep Order: ['Node0', 'Node1', 'Node2', 'Node1']
Validation: Using separate validation set for best model selection
Early stopping: patience=10, min_delta=0.001
Init    | Train: loss: 118.41619 | quality: 0.19811
        | Val:   loss: 138.38761 | quality: 0.17778
Epoch 1 | Train: loss: 105922025.97269 | quality: 0.12264
        | Val:   loss: 79593932.10204 | quality: 0.13333


✗ NaN loss at epoch 2 - stopping training

✗ Exception at epoch 2: NaN loss encountered during NTN optimization at epoch 2
[2026-05-02 20:31:30,317][__main__][WARNING] - ✗ SINGULAR CPDA/hearth/NTN L=3 bd=64 seed=10090 -> /zhome/6b/e/212868/GTN/outputs/ntn/hearth/CPDA_rg5_init0.1/L3_bd64_seed10090 | val=0.1333
[2026-05-02 20:31:30,320][HYDRA] 	#22 : model.L=3 model.bond_dim=64 seed=32874 trainer.ridge=5 trainer.ridge_decay=0.25 trainer.ridge_min=0.0001 +experiment=cpda_ntn_sweep model=cpda dataset=hearth
[2026-05-02 20:31:30,489][__main__][INFO] - ▶ RUN CPDA/hearth/NTN L=3 bd=64 seed=32874 -> /zhome/6b/e/212868/GTN/outputs/ntn/hearth/CPDA_rg5_init0.1/L3_bd64_seed32874
Starting Fit: 20 epochs.
Sweep Order: ['Node0', 'Node1', 'Node2', 'Node1']
Validation: Using separate validation set for best model selection
Early stopping: patience=10, min_delta=0.001
Init    | Train: loss: 89.02262 | quality: 0.24528
        | Val:   loss: 87.70797 | quality: 0.20000
Epoch 1 | Train: loss: 4784685297124178944.00000 | quality: 0.14151
        | Val:   loss: 2300661990086461184.00000 | quality: 0.17778

Epoch 2 | Train: loss: 45352693751160275367773812658459830107206073028366965092752391455934237579547443607483910740508149107522921299968.00000 | quality: 0.13679
        | Val:   loss: 26879707708777284541345331479052579819093029683250246680000047998233647348659896886871225026873361395471374876672.00000 | quality: 0.15556


✗ NaN loss at epoch 3 - stopping training

✗ Exception at epoch 3: NaN loss encountered during NTN optimization at epoch 3
[2026-05-02 20:31:32,663][__main__][WARNING] - ✗ SINGULAR CPDA/hearth/NTN L=3 bd=64 seed=32874 -> /zhome/6b/e/212868/GTN/outputs/ntn/hearth/CPDA_rg5_init0.1/L3_bd64_seed32874 | val=0.1778
[2026-05-02 20:31:32,666][HYDRA] 	#23 : model.L=3 model.bond_dim=64 seed=47311 trainer.ridge=5 trainer.ridge_decay=0.25 trainer.ridge_min=0.0001 +experiment=cpda_ntn_sweep model=cpda dataset=hearth
[2026-05-02 20:31:32,877][__main__][INFO] - ▶ RUN CPDA/hearth/NTN L=3 bd=64 seed=47311 -> /zhome/6b/e/212868/GTN/outputs/ntn/hearth/CPDA_rg5_init0.1/L3_bd64_seed47311
Starting Fit: 20 epochs.
Sweep Order: ['Node0', 'Node1', 'Node2', 'Node1']
Validation: Using separate validation set for best model selection
Early stopping: patience=10, min_delta=0.001
Init    | Train: loss: 118.51638 | quality: 0.17453
        | Val:   loss: 141.86107 | quality: 0.24444
Epoch 1 | Train: loss: 1766819036632156672.00000 | quality: 0.17925
        | Val:   loss: 916424600524873216.00000 | quality: 0.17778

Epoch 2 | Train: loss: 5607386547130271024360564296972280653449220902888009068789372656117395473234851636631747682885427996933899681792.00000 | quality: 0.15566
        | Val:   loss: 2707389214578301179746418432302010407470997530273369474655872239180847247458165368246965131650549130205650223104.00000 | quality: 0.17778


✗ NaN loss at epoch 3 - stopping training

✗ Exception at epoch 3: NaN loss encountered during NTN optimization at epoch 3
[2026-05-02 20:31:35,197][__main__][WARNING] - ✗ SINGULAR CPDA/hearth/NTN L=3 bd=64 seed=47311 -> /zhome/6b/e/212868/GTN/outputs/ntn/hearth/CPDA_rg5_init0.1/L3_bd64_seed47311 | val=0.1778
[2026-05-02 20:31:35,199][HYDRA] 	#24 : model.L=3 model.bond_dim=64 seed=47303 trainer.ridge=5 trainer.ridge_decay=0.25 trainer.ridge_min=0.0001 +experiment=cpda_ntn_sweep model=cpda dataset=hearth
[2026-05-02 20:31:35,368][__main__][INFO] - ▶ RUN CPDA/hearth/NTN L=3 bd=64 seed=47303 -> /zhome/6b/e/212868/GTN/outputs/ntn/hearth/CPDA_rg5_init0.1/L3_bd64_seed47303
Starting Fit: 20 epochs.
Sweep Order: ['Node0', 'Node1', 'Node2', 'Node1']
Validation: Using separate validation set for best model selection
Early stopping: patience=10, min_delta=0.001
Init    | Train: loss: 98.21138 | quality: 0.23585
        | Val:   loss: 206.41962 | quality: 0.20000
Epoch 1 | Train: loss: 2459184150.00482 | quality: 0.07547
        | Val:   loss: 2322252739.86481 | quality: 0.08889

Epoch 2 | Train: loss: 63811843577958391178477182801125498790281619327762300928.00000 | quality: 0.13208
        | Val:   loss: 49888416293105692672904133513873905913358935973804638208.00000 | quality: 0.15556


✗ NaN loss at epoch 3 - stopping training

✗ Exception at epoch 3: NaN loss encountered during NTN optimization at epoch 3
[2026-05-02 20:31:37,581][__main__][WARNING] - ✗ SINGULAR CPDA/hearth/NTN L=3 bd=64 seed=47303 -> /zhome/6b/e/212868/GTN/outputs/ntn/hearth/CPDA_rg5_init0.1/L3_bd64_seed47303 | val=0.1556
[2026-05-02 20:31:37,583][HYDRA] 	#25 : model.L=3 model.bond_dim=32 seed=42 trainer.ridge=5 trainer.ridge_decay=0.25 trainer.ridge_min=0.0001 +experiment=cpda_ntn_sweep model=cpda dataset=hearth
[2026-05-02 20:31:37,947][__main__][INFO] - ▶ RUN CPDA/hearth/NTN L=3 bd=32 seed=42 -> /zhome/6b/e/212868/GTN/outputs/ntn/hearth/CPDA_rg5_init0.1/L3_bd32_seed42
Starting Fit: 20 epochs.
Sweep Order: ['Node0', 'Node1', 'Node2', 'Node1']
Validation: Using separate validation set for best model selection
Early stopping: patience=10, min_delta=0.001
Init    | Train: loss: 70.64775 | quality: 0.25000
        | Val:   loss: 104.62976 | quality: 0.24444
Epoch 1 | Train: loss: 2081.04529 | quality: 0.12264
        | Val:   loss: 1349.42008 | quality: 0.08889

Epoch 2 | Train: loss: 123112328210954174339132437585660003709879301086232358524911002012496676641307576235211364854874314938478815412542344657499919057207114184034294403155623936.00000 | quality: 0.07075
        | Val:   loss: 77910622529588154299440219134624870964318395996165490337190380091634215869362268971603073629008229842018099987783341031111707100743936722605806366668881920.00000 | quality: 0.04444


✗ NaN loss at epoch 3 - stopping training

✗ Exception at epoch 3: NaN loss encountered during NTN optimization at epoch 3
[2026-05-02 20:31:40,342][__main__][WARNING] - ✗ SINGULAR CPDA/hearth/NTN L=3 bd=32 seed=42 -> /zhome/6b/e/212868/GTN/outputs/ntn/hearth/CPDA_rg5_init0.1/L3_bd32_seed42 | val=0.0889
[2026-05-02 20:31:40,347][HYDRA] 	#26 : model.L=3 model.bond_dim=32 seed=10090 trainer.ridge=5 trainer.ridge_decay=0.25 trainer.ridge_min=0.0001 +experiment=cpda_ntn_sweep model=cpda dataset=hearth
[2026-05-02 20:31:40,515][__main__][INFO] - ▶ RUN CPDA/hearth/NTN L=3 bd=32 seed=10090 -> /zhome/6b/e/212868/GTN/outputs/ntn/hearth/CPDA_rg5_init0.1/L3_bd32_seed10090
Starting Fit: 20 epochs.
Sweep Order: ['Node0', 'Node1', 'Node2', 'Node1']
Validation: Using separate validation set for best model selection
Early stopping: patience=10, min_delta=0.001
Init    | Train: loss: 63.06841 | quality: 0.22170
        | Val:   loss: 65.08484 | quality: 0.22222
Epoch 1 | Train: loss: 13368.08147 | quality: 0.16509
        | Val:   loss: 11100.14489 | quality: 0.13333

Epoch 2 | Train: loss: 63473504547790322139136.00000 | quality: 0.22170
        | Val:   loss: 42776081299936395657216.00000 | quality: 0.26667
 *
Epoch 3 | Train: loss: 71610040196594459475958779492876714820718137187272592552539192012156431787213330314859187155821274503948516253535209544624061734195063422976.00000 | quality: 0.22170
        | Val:   loss: 48058670605076532380469598930453320099475254494694858370152921912472222083131170949296192936312953704241506668495204572787753413280714981376.00000 | quality: 0.22222


✗ NaN loss at epoch 4 - stopping training

✗ Exception at epoch 4: NaN loss encountered during NTN optimization at epoch 4
[2026-05-02 20:31:42,032][__main__][WARNING] - ✗ SINGULAR CPDA/hearth/NTN L=3 bd=32 seed=10090 -> /zhome/6b/e/212868/GTN/outputs/ntn/hearth/CPDA_rg5_init0.1/L3_bd32_seed10090 | val=0.2667
[2026-05-02 20:31:42,036][HYDRA] 	#27 : model.L=3 model.bond_dim=32 seed=32874 trainer.ridge=5 trainer.ridge_decay=0.25 trainer.ridge_min=0.0001 +experiment=cpda_ntn_sweep model=cpda dataset=hearth
[2026-05-02 20:31:42,204][__main__][INFO] - ▶ RUN CPDA/hearth/NTN L=3 bd=32 seed=32874 -> /zhome/6b/e/212868/GTN/outputs/ntn/hearth/CPDA_rg5_init0.1/L3_bd32_seed32874
Starting Fit: 20 epochs.
Sweep Order: ['Node0', 'Node1', 'Node2', 'Node1']
Validation: Using separate validation set for best model selection
Early stopping: patience=10, min_delta=0.001
Init    | Train: loss: 79.67322 | quality: 0.22642
        | Val:   loss: 65.77416 | quality: 0.17778
Epoch 1 | Train: loss: 8373.16984 | quality: 0.09434
        | Val:   loss: 7535.00297 | quality: 0.02222

Epoch 2 | Train: loss: 21348674120000005564469129325237993264583278592.00000 | quality: 0.09434
        | Val:   loss: 16200474746941738515551470910301503068519268352.00000 | quality: 0.06667


✗ NaN loss at epoch 3 - stopping training

✗ Exception at epoch 3: NaN loss encountered during NTN optimization at epoch 3
[2026-05-02 20:31:43,544][__main__][WARNING] - ✗ SINGULAR CPDA/hearth/NTN L=3 bd=32 seed=32874 -> /zhome/6b/e/212868/GTN/outputs/ntn/hearth/CPDA_rg5_init0.1/L3_bd32_seed32874 | val=0.0667
[2026-05-02 20:31:43,547][HYDRA] 	#28 : model.L=3 model.bond_dim=32 seed=47311 trainer.ridge=5 trainer.ridge_decay=0.25 trainer.ridge_min=0.0001 +experiment=cpda_ntn_sweep model=cpda dataset=hearth
[2026-05-02 20:31:43,716][__main__][INFO] - ▶ RUN CPDA/hearth/NTN L=3 bd=32 seed=47311 -> /zhome/6b/e/212868/GTN/outputs/ntn/hearth/CPDA_rg5_init0.1/L3_bd32_seed47311
Starting Fit: 20 epochs.
Sweep Order: ['Node0', 'Node1', 'Node2', 'Node1']
Validation: Using separate validation set for best model selection
Early stopping: patience=10, min_delta=0.001
Init    | Train: loss: 74.57517 | quality: 0.22170
        | Val:   loss: 71.81254 | quality: 0.24444
Epoch 1 | Train: loss: 36584.24470 | quality: 0.15094
        | Val:   loss: 15764.61490 | quality: 0.22222

Epoch 2 | Train: loss: 54188935290421360004694016.00000 | quality: 0.15094
        | Val:   loss: 32690660793670795979128832.00000 | quality: 0.11111

Epoch 3 | Train: loss: 1826948188264973799453555477918491971322642519895658017910833794010666233974154815727447071627064356148478648946395098412148724288131739362059460078104215552.00000 | quality: 0.12736
        | Val:   loss: 1264974822058122217036007131502058882797510723834296382254625010313809011901376346536756936402090634574218350194218294595659526420287883729482328640522813440.00000 | quality: 0.11111


✗ NaN loss at epoch 4 - stopping training

✗ Exception at epoch 4: NaN loss encountered during NTN optimization at epoch 4
[2026-05-02 20:31:45,177][__main__][WARNING] - ✗ SINGULAR CPDA/hearth/NTN L=3 bd=32 seed=47311 -> /zhome/6b/e/212868/GTN/outputs/ntn/hearth/CPDA_rg5_init0.1/L3_bd32_seed47311 | val=0.2222
[2026-05-02 20:31:45,180][HYDRA] 	#29 : model.L=3 model.bond_dim=32 seed=47303 trainer.ridge=5 trainer.ridge_decay=0.25 trainer.ridge_min=0.0001 +experiment=cpda_ntn_sweep model=cpda dataset=hearth
[2026-05-02 20:31:45,583][__main__][INFO] - ▶ RUN CPDA/hearth/NTN L=3 bd=32 seed=47303 -> /zhome/6b/e/212868/GTN/outputs/ntn/hearth/CPDA_rg5_init0.1/L3_bd32_seed47303
Starting Fit: 20 epochs.
Sweep Order: ['Node0', 'Node1', 'Node2', 'Node1']
Validation: Using separate validation set for best model selection
Early stopping: patience=10, min_delta=0.001
Init    | Train: loss: 61.43704 | quality: 0.25943
        | Val:   loss: 74.85466 | quality: 0.11111
Epoch 1 | Train: loss: 342148.83164 | quality: 0.13208
        | Val:   loss: 128176.10915 | quality: 0.06667

Epoch 2 | Train: loss: 41668368611946391569938451969141693587882436282644300673581056.00000 | quality: 0.13679
        | Val:   loss: 23504760091508842668874233205857832996128803296483653982355456.00000 | quality: 0.15556
 *

✗ NaN loss at epoch 3 - stopping training

✗ Exception at epoch 3: NaN loss encountered during NTN optimization at epoch 3
[2026-05-02 20:31:46,917][__main__][WARNING] - ✗ SINGULAR CPDA/hearth/NTN L=3 bd=32 seed=47303 -> /zhome/6b/e/212868/GTN/outputs/ntn/hearth/CPDA_rg5_init0.1/L3_bd32_seed47303 | val=0.1556
[2026-05-02 20:31:46,920][HYDRA] 	#30 : model.L=3 model.bond_dim=16 seed=42 trainer.ridge=5 trainer.ridge_decay=0.25 trainer.ridge_min=0.0001 +experiment=cpda_ntn_sweep model=cpda dataset=hearth
[2026-05-02 20:31:47,089][__main__][INFO] - ▶ RUN CPDA/hearth/NTN L=3 bd=16 seed=42 -> /zhome/6b/e/212868/GTN/outputs/ntn/hearth/CPDA_rg5_init0.1/L3_bd16_seed42
Starting Fit: 20 epochs.
Sweep Order: ['Node0', 'Node1', 'Node2', 'Node1']
Validation: Using separate validation set for best model selection
Early stopping: patience=10, min_delta=0.001
Init    | Train: loss: 51.27906 | quality: 0.19340
        | Val:   loss: 55.70976 | quality: 0.17778
Epoch 1 | Train: loss: 202.14398 | quality: 0.14623
        | Val:   loss: 126.50896 | quality: 0.15556

Epoch 2 | Train: loss: 71640777696079.29688 | quality: 0.16509
        | Val:   loss: 44104631055414.67969 | quality: 0.17778

Epoch 3 | Train: loss: 210218533127562594128384648167860613800750670542625426796681775084463997497481457827840.00000 | quality: 0.19811
        | Val:   loss: 133697631317431942091091455918172995982503388955049496182619402041793081274699243061248.00000 | quality: 0.20000
 *

✗ NaN loss at epoch 4 - stopping training

✗ Exception at epoch 4: NaN loss encountered during NTN optimization at epoch 4
[2026-05-02 20:31:49,383][__main__][WARNING] - ✗ SINGULAR CPDA/hearth/NTN L=3 bd=16 seed=42 -> /zhome/6b/e/212868/GTN/outputs/ntn/hearth/CPDA_rg5_init0.1/L3_bd16_seed42 | val=0.2000
[2026-05-02 20:31:49,385][HYDRA] 	#31 : model.L=3 model.bond_dim=16 seed=10090 trainer.ridge=5 trainer.ridge_decay=0.25 trainer.ridge_min=0.0001 +experiment=cpda_ntn_sweep model=cpda dataset=hearth
[2026-05-02 20:31:49,550][__main__][INFO] - ▶ RUN CPDA/hearth/NTN L=3 bd=16 seed=10090 -> /zhome/6b/e/212868/GTN/outputs/ntn/hearth/CPDA_rg5_init0.1/L3_bd16_seed10090
Starting Fit: 20 epochs.
Sweep Order: ['Node0', 'Node1', 'Node2', 'Node1']
Validation: Using separate validation set for best model selection
Early stopping: patience=10, min_delta=0.001
Init    | Train: loss: 53.88530 | quality: 0.16509
        | Val:   loss: 57.39667 | quality: 0.15556
Epoch 1 | Train: loss: 3146.91893 | quality: 0.11792
        | Val:   loss: 1652.50091 | quality: 0.11111

Epoch 2 | Train: loss: 35283128923085992251807763086205517824.00000 | quality: 0.08962
        | Val:   loss: 22104548754043997956663125704169226240.00000 | quality: 0.13333

Epoch 3 | Train: loss: 493098033296852811768553157170800793640541302040279185884601386514987402950318481155643770132950988283272071234353763688278955308173627967856267934400707758567701574384439219526947049588848061564836694897532471195104265441992212543159751462361235456.00000 | quality: 0.14623
        | Val:   loss: 334948907043892631297466972574136335811445298806445233822899002761542729722508919128713074193787677144548641550973265788312697464053750986548125556178822261090974865143886486269779584788578838181980044818313529320596634438973824137763317988101980160.00000 | quality: 0.15556


✗ NaN loss at epoch 4 - stopping training

✗ Exception at epoch 4: NaN loss encountered during NTN optimization at epoch 4
[2026-05-02 20:31:55,796][__main__][WARNING] - ✗ SINGULAR CPDA/hearth/NTN L=3 bd=16 seed=10090 -> /zhome/6b/e/212868/GTN/outputs/ntn/hearth/CPDA_rg5_init0.1/L3_bd16_seed10090 | val=0.1556
[2026-05-02 20:31:55,798][HYDRA] 	#32 : model.L=3 model.bond_dim=16 seed=32874 trainer.ridge=5 trainer.ridge_decay=0.25 trainer.ridge_min=0.0001 +experiment=cpda_ntn_sweep model=cpda dataset=hearth
[2026-05-02 20:31:55,958][__main__][INFO] - ▶ RUN CPDA/hearth/NTN L=3 bd=16 seed=32874 -> /zhome/6b/e/212868/GTN/outputs/ntn/hearth/CPDA_rg5_init0.1/L3_bd16_seed32874
Starting Fit: 20 epochs.
Sweep Order: ['Node0', 'Node1', 'Node2', 'Node1']
Validation: Using separate validation set for best model selection
Early stopping: patience=10, min_delta=0.001
Init    | Train: loss: 51.05417 | quality: 0.13208
        | Val:   loss: 56.14820 | quality: 0.13333
Epoch 1 | Train: loss: 121.01490 | quality: 0.14623
        | Val:   loss: 64.76937 | quality: 0.20000
 *
Epoch 2 | Train: loss: 10453214587811785430581229072971887365961413326443151088139456900994803253709367750764867610057426034525167993776132921217675506753683903088003828011732178004205077665427836693752934654575613864285398679257986711325258431687084354830336.00000 | quality: 0.09906
        | Val:   loss: 6758616760227000423062982606751637975180413502929144466778482651034088505923404362638823421972358989444886957917502547740213379780506179245379939857677206159574227963982856345199954223271882820863613768987375619825929787338983166967808.00000 | quality: 0.11111


✗ NaN loss at epoch 3 - stopping training

✗ Exception at epoch 3: NaN loss encountered during NTN optimization at epoch 3
[2026-05-02 20:31:57,127][__main__][WARNING] - ✗ SINGULAR CPDA/hearth/NTN L=3 bd=16 seed=32874 -> /zhome/6b/e/212868/GTN/outputs/ntn/hearth/CPDA_rg5_init0.1/L3_bd16_seed32874 | val=0.2000
[2026-05-02 20:31:57,129][HYDRA] 	#33 : model.L=3 model.bond_dim=16 seed=47311 trainer.ridge=5 trainer.ridge_decay=0.25 trainer.ridge_min=0.0001 +experiment=cpda_ntn_sweep model=cpda dataset=hearth
[2026-05-02 20:31:57,289][__main__][INFO] - ▶ RUN CPDA/hearth/NTN L=3 bd=16 seed=47311 -> /zhome/6b/e/212868/GTN/outputs/ntn/hearth/CPDA_rg5_init0.1/L3_bd16_seed47311
Starting Fit: 20 epochs.
Sweep Order: ['Node0', 'Node1', 'Node2', 'Node1']
Validation: Using separate validation set for best model selection
Early stopping: patience=10, min_delta=0.001
Init    | Train: loss: 49.51652 | quality: 0.23113
        | Val:   loss: 58.35240 | quality: 0.13333
Epoch 1 | Train: loss: 397.14007 | quality: 0.14623
        | Val:   loss: 251.37264 | quality: 0.20000
 *
Epoch 2 | Train: loss: 355874505877067661312.00000 | quality: 0.14151
        | Val:   loss: 239211769674417635328.00000 | quality: 0.15556

Epoch 3 | Train: loss: 56289122434283426734354261727069693177604760065483098265483709978923682619512308744297228791875109423934454255250331672362668403982336.00000 | quality: 0.12264
        | Val:   loss: 31693167281986844824744943296956307372510629853019498601627945063298946530031904864400427348576260955699108247058905973819778558590976.00000 | quality: 0.17778


✗ NaN loss at epoch 4 - stopping training

✗ Exception at epoch 4: NaN loss encountered during NTN optimization at epoch 4
[2026-05-02 20:31:58,804][__main__][WARNING] - ✗ SINGULAR CPDA/hearth/NTN L=3 bd=16 seed=47311 -> /zhome/6b/e/212868/GTN/outputs/ntn/hearth/CPDA_rg5_init0.1/L3_bd16_seed47311 | val=0.2000
[2026-05-02 20:31:58,806][HYDRA] 	#34 : model.L=3 model.bond_dim=16 seed=47303 trainer.ridge=5 trainer.ridge_decay=0.25 trainer.ridge_min=0.0001 +experiment=cpda_ntn_sweep model=cpda dataset=hearth
[2026-05-02 20:31:58,965][__main__][INFO] - ▶ RUN CPDA/hearth/NTN L=3 bd=16 seed=47303 -> /zhome/6b/e/212868/GTN/outputs/ntn/hearth/CPDA_rg5_init0.1/L3_bd16_seed47303
Starting Fit: 20 epochs.
Sweep Order: ['Node0', 'Node1', 'Node2', 'Node1']
Validation: Using separate validation set for best model selection
Early stopping: patience=10, min_delta=0.001
Init    | Train: loss: 72.89765 | quality: 0.18396
        | Val:   loss: 89.37273 | quality: 0.08889
Epoch 1 | Train: loss: 2757.77466 | quality: 0.13208
        | Val:   loss: 1716.59816 | quality: 0.11111
 *
Epoch 2 | Train: loss: 20484847995553878067687909915689520019718208630833357722063141339136.00000 | quality: 0.12736
        | Val:   loss: 12981807895440734786193552960674850641304826192613808758413529710592.00000 | quality: 0.11111


✗ NaN loss at epoch 3 - stopping training

✗ Exception at epoch 3: NaN loss encountered during NTN optimization at epoch 3
[2026-05-02 20:32:00,125][__main__][WARNING] - ✗ SINGULAR CPDA/hearth/NTN L=3 bd=16 seed=47303 -> /zhome/6b/e/212868/GTN/outputs/ntn/hearth/CPDA_rg5_init0.1/L3_bd16_seed47303 | val=0.1111
[2026-05-02 20:32:00,127][HYDRA] 	#35 : model.L=3 model.bond_dim=8 seed=42 trainer.ridge=5 trainer.ridge_decay=0.25 trainer.ridge_min=0.0001 +experiment=cpda_ntn_sweep model=cpda dataset=hearth
[2026-05-02 20:32:00,290][__main__][INFO] - ▶ RUN CPDA/hearth/NTN L=3 bd=8 seed=42 -> /zhome/6b/e/212868/GTN/outputs/ntn/hearth/CPDA_rg5_init0.1/L3_bd8_seed42
Starting Fit: 20 epochs.
Sweep Order: ['Node0', 'Node1', 'Node2', 'Node1']
Validation: Using separate validation set for best model selection
Early stopping: patience=10, min_delta=0.001
Init    | Train: loss: 38.83900 | quality: 0.18396
        | Val:   loss: 35.91876 | quality: 0.17778
Epoch 1 | Train: loss: 1158.54146 | quality: 0.21226
        | Val:   loss: 964.95306 | quality: 0.13333

Epoch 2 | Train: loss: 2850366909120888963072.00000 | quality: 0.15094
        | Val:   loss: 1675297817417855270912.00000 | quality: 0.22222
 *
Epoch 3 | Train: loss: 7332432581180268410950702678351661933442658671256308673098917714587492012776102936635044815858873978063373566571860212329631856019374080.00000 | quality: 0.14151
        | Val:   loss: 4458962428962083566255525826216543717222666980222365503004497733095855898245721667423015858227118445730215715511941105755728963214245888.00000 | quality: 0.22222


✗ NaN loss at epoch 4 - stopping training

✗ Exception at epoch 4: NaN loss encountered during NTN optimization at epoch 4
[2026-05-02 20:32:02,691][__main__][WARNING] - ✗ SINGULAR CPDA/hearth/NTN L=3 bd=8 seed=42 -> /zhome/6b/e/212868/GTN/outputs/ntn/hearth/CPDA_rg5_init0.1/L3_bd8_seed42 | val=0.2222
[2026-05-02 20:32:02,693][HYDRA] 	#36 : model.L=3 model.bond_dim=8 seed=10090 trainer.ridge=5 trainer.ridge_decay=0.25 trainer.ridge_min=0.0001 +experiment=cpda_ntn_sweep model=cpda dataset=hearth
[2026-05-02 20:32:02,858][__main__][INFO] - ▶ RUN CPDA/hearth/NTN L=3 bd=8 seed=10090 -> /zhome/6b/e/212868/GTN/outputs/ntn/hearth/CPDA_rg5_init0.1/L3_bd8_seed10090
Starting Fit: 20 epochs.
Sweep Order: ['Node0', 'Node1', 'Node2', 'Node1']
Validation: Using separate validation set for best model selection
Early stopping: patience=10, min_delta=0.001
Init    | Train: loss: 47.71810 | quality: 0.15566
        | Val:   loss: 45.05143 | quality: 0.22222
Epoch 1 | Train: loss: 7366.68568 | quality: 0.13208
        | Val:   loss: 6519.67922 | quality: 0.17778

Epoch 2 | Train: loss: 345966655313312859237122048.00000 | quality: 0.18396
        | Val:   loss: 270414159692185713506254848.00000 | quality: 0.22222
 *
Epoch 3 | Train: loss: 665516295059706130280175729662799444095764551858599810478093383511234062237663758837126151567017399501323853556976588151115270990107160060448532594523318762533670637287768064.00000 | quality: 0.17925
        | Val:   loss: 474613005437490790102362615695195798326555910487427023588701864425862063223336775070548197947232578805660853302858291755445897009214588967876202433415101568539580490332504064.00000 | quality: 0.17778


✗ NaN loss at epoch 4 - stopping training

✗ Exception at epoch 4: NaN loss encountered during NTN optimization at epoch 4
[2026-05-02 20:32:04,030][__main__][WARNING] - ✗ SINGULAR CPDA/hearth/NTN L=3 bd=8 seed=10090 -> /zhome/6b/e/212868/GTN/outputs/ntn/hearth/CPDA_rg5_init0.1/L3_bd8_seed10090 | val=0.2222
[2026-05-02 20:32:04,032][HYDRA] 	#37 : model.L=3 model.bond_dim=8 seed=32874 trainer.ridge=5 trainer.ridge_decay=0.25 trainer.ridge_min=0.0001 +experiment=cpda_ntn_sweep model=cpda dataset=hearth
[2026-05-02 20:32:04,202][__main__][INFO] - ▶ RUN CPDA/hearth/NTN L=3 bd=8 seed=32874 -> /zhome/6b/e/212868/GTN/outputs/ntn/hearth/CPDA_rg5_init0.1/L3_bd8_seed32874
Starting Fit: 20 epochs.
Sweep Order: ['Node0', 'Node1', 'Node2', 'Node1']
Validation: Using separate validation set for best model selection
Early stopping: patience=10, min_delta=0.001
Init    | Train: loss: 27.43750 | quality: 0.32547
        | Val:   loss: 36.90726 | quality: 0.31111
Epoch 1 | Train: loss: 30.52530 | quality: 0.23585
        | Val:   loss: 55.10472 | quality: 0.17778

Epoch 2 | Train: loss: 21437121673562509255037494861248711109024818227729291200631557586944.00000 | quality: 0.24528
        | Val:   loss: 34813318254797841755850921730616560203958183482617649466715381170176.00000 | quality: 0.26667


✗ NaN loss at epoch 3 - stopping training

✗ Exception at epoch 3: NaN loss encountered during NTN optimization at epoch 3
[2026-05-02 20:32:06,132][__main__][WARNING] - ✗ SINGULAR CPDA/hearth/NTN L=3 bd=8 seed=32874 -> /zhome/6b/e/212868/GTN/outputs/ntn/hearth/CPDA_rg5_init0.1/L3_bd8_seed32874 | val=0.2667
[2026-05-02 20:32:06,135][HYDRA] 	#38 : model.L=3 model.bond_dim=8 seed=47311 trainer.ridge=5 trainer.ridge_decay=0.25 trainer.ridge_min=0.0001 +experiment=cpda_ntn_sweep model=cpda dataset=hearth
[2026-05-02 20:32:06,303][__main__][INFO] - ▶ RUN CPDA/hearth/NTN L=3 bd=8 seed=47311 -> /zhome/6b/e/212868/GTN/outputs/ntn/hearth/CPDA_rg5_init0.1/L3_bd8_seed47311
Starting Fit: 20 epochs.
Sweep Order: ['Node0', 'Node1', 'Node2', 'Node1']
Validation: Using separate validation set for best model selection
Early stopping: patience=10, min_delta=0.001
Init    | Train: loss: 40.22460 | quality: 0.16038
        | Val:   loss: 47.84198 | quality: 0.08889
Epoch 1 | Train: loss: 397.71740 | quality: 0.15566
        | Val:   loss: 357.71072 | quality: 0.22222
 *
Epoch 2 | Train: loss: 183589041270889865063633518592.00000 | quality: 0.16509
        | Val:   loss: 118705453834280073212834349056.00000 | quality: 0.22222
 *
Epoch 3 | Train: loss: 14131048255404757691245892699681943404807225235216423058520867937491026131961381289087081038882376172229403371352195889705708004756597031156631229463855638339231155379071666518597931569774592.00000 | quality: 0.13679
        | Val:   loss: 8886619475758060996099504280307063408603702585219513396337331353409686167261148076277607680992681123131722851281961140461085360067791992016797828392338717678510184223952481047402012607512576.00000 | quality: 0.17778


✗ NaN loss at epoch 4 - stopping training

✗ Exception at epoch 4: NaN loss encountered during NTN optimization at epoch 4
[2026-05-02 20:32:07,460][__main__][WARNING] - ✗ SINGULAR CPDA/hearth/NTN L=3 bd=8 seed=47311 -> /zhome/6b/e/212868/GTN/outputs/ntn/hearth/CPDA_rg5_init0.1/L3_bd8_seed47311 | val=0.2222
[2026-05-02 20:32:07,462][HYDRA] 	#39 : model.L=3 model.bond_dim=8 seed=47303 trainer.ridge=5 trainer.ridge_decay=0.25 trainer.ridge_min=0.0001 +experiment=cpda_ntn_sweep model=cpda dataset=hearth
[2026-05-02 20:32:07,632][__main__][INFO] - ▶ RUN CPDA/hearth/NTN L=3 bd=8 seed=47303 -> /zhome/6b/e/212868/GTN/outputs/ntn/hearth/CPDA_rg5_init0.1/L3_bd8_seed47303
Starting Fit: 20 epochs.
Sweep Order: ['Node0', 'Node1', 'Node2', 'Node1']
Validation: Using separate validation set for best model selection
Early stopping: patience=10, min_delta=0.001
Init    | Train: loss: 36.61538 | quality: 0.21226
        | Val:   loss: 49.94663 | quality: 0.20000
Epoch 1 | Train: loss: 111.22905 | quality: 0.16509
        | Val:   loss: 71.88745 | quality: 0.08889

Epoch 2 | Train: loss: 6441239970924114634231064784011264.00000 | quality: 0.15566
        | Val:   loss: 4194052533247063905207119081635840.00000 | quality: 0.13333

Epoch 3 | Train: loss: 61095608849040806768310716664687125155911276158275165846725611970865751739792310402496643253706252096313432843847085875664669567444100828320456736782565001849373852748591634593546114320835086066958847273607897602738375098368.00000 | quality: 0.18396
        | Val:   loss: 41373016030580056343602614814170959052255588126944502832762365042287138376933671280559134499816432296701687685666028526490440057279655590102204823572520303094753723955756784276527121374027694414526159028869011314151834779648.00000 | quality: 0.20000


✗ NaN loss at epoch 4 - stopping training

✗ Exception at epoch 4: NaN loss encountered during NTN optimization at epoch 4
[2026-05-02 20:32:08,884][__main__][WARNING] - ✗ SINGULAR CPDA/hearth/NTN L=3 bd=8 seed=47303 -> /zhome/6b/e/212868/GTN/outputs/ntn/hearth/CPDA_rg5_init0.1/L3_bd8_seed47303 | val=0.2000

------------------------------------------------------------
Sender: LSF System <lsfadmin@hpc.dtu.dk>
Subject: Job 28338018[61]: <ntn_grid_full[1-150]%20> in cluster <dcc> Done

Job <ntn_grid_full[1-150]%20> was submitted from host <hpclogin1> by user <nicci> in cluster <dcc> at Sat May  2 18:52:02 2026
Job was executed on host(s) <6*n-62-30-24>, in queue <hpc>, as user <nicci> in cluster <dcc> at Sat May  2 20:30:16 2026
</zhome/6b/e/212868> was used as the home directory.
</zhome/6b/e/212868/GTN> was used as the working directory.
Started at Sat May  2 20:30:16 2026
Terminated at Sat May  2 20:32:22 2026
Results reported at Sat May  2 20:32:22 2026

Your job looked like:

------------------------------------------------------------
# LSBATCH: User input
#!/bin/bash
#BSUB -q hpc
#BSUB -J "ntn_grid_full[1-150]%20"
#BSUB -W 8:00
#BSUB -n 6
#BSUB -R "rusage[mem=750MB]"
#BSUB -R "span[hosts=1]"
#BSUB -o logs/%J_%I.out
#BSUB -e logs/%J_%I.err

MODELS=("cpda" "cpda_typei" "lmpo2" "lmpo2_typei" "mpo2" "mpo2_typei" "mmpo2" "mmpo2_typei" "tnml_f" "tnml_p")

DATASETS=(
    "abalone" "adult" "ai4i" "appliances" "bank" "bike" "breast"
    "car_evaluation" "concrete" "energy_efficiency" "hearth"
    "iris" "mushrooms" "obesity" "popularity" "realstate"
    "seoulBike" "student_dropout" "student_perf" "wine"
    "winequalityc"
)

COMPLETED_DATASETS=(
    "abalone" "bike" "concrete" "energy_efficiency"
    "iris" "realstate" )

# Filter datasets
FILTERED_DATASETS=()
for ds in "${DATASETS[@]}"; do
    skip=false
    for completed in "${COMPLETED_DATASETS[@]}"; do
        if [[ "$ds" == "$completed" ]]; then
            skip=true
            break
        fi
    done

    if ! $skip; then
        FILTERED_DATASETS+=("$ds")
    fi
done

DATASETS=("${FILTERED_DATASETS[@]}")

NUM_MODELS=${#MODELS[@]}
NUM_DATASETS=${#DATASETS[@]}
NUM_EXPERIMENTS=$((NUM_DATASETS * NUM_MODELS))

if [ "$1" == "test" ]; then
    echo "SIMULATING ARRAY:"
    echo "-----------------"


(... more ...)
------------------------------------------------------------

Successfully completed.

Resource usage summary:

    CPU time :                                   206.00 sec.
    Max Memory :                                 747 MB
    Average Memory :                             145.00 MB
    Total Requested Memory :                     4500.00 MB
    Delta Memory :                               3753.00 MB
    Max Swap :                                   -
    Max Processes :                              12
    Max Threads :                                65
    Run time :                                   126 sec.
    Turnaround time :                            6020 sec.

The output (if any) is above this job summary.



PS:

Read file <logs/28338018_61.err> for stderr output of this job.

