Task 122: Dataset=student_perf, Model=cpda_typei, Experiment=cpda_ntn_sweep
[2026-05-03 13:54:15,278][HYDRA] Launching 40 jobs locally
[2026-05-03 13:54:15,278][HYDRA] 	#0 : model.L=4 model.bond_dim=64 seed=42 trainer.ridge=5 trainer.ridge_decay=0.25 trainer.ridge_min=0.0001 +experiment=cpda_ntn_sweep model=cpda_typei dataset=student_perf
[2026-05-03 13:54:15,512][utils.tracking][INFO] - Loaded 18722 tracked runs from runs_tracking.csv
[2026-05-03 13:54:15,514][__main__][INFO] - ⏭ SKIP CPDATypeI/student_perf/NTN L=4 bd=64 seed=42 -> /zhome/6b/e/212868/GTN/outputs/ntn/student_perf/CPDATypeI_rg5_init0.1/L4_bd64_seed42 | already completed successfully (val_quality=0.0837587884194728) val=0.0838
[2026-05-03 13:54:15,517][HYDRA] 	#1 : model.L=4 model.bond_dim=64 seed=10090 trainer.ridge=5 trainer.ridge_decay=0.25 trainer.ridge_min=0.0001 +experiment=cpda_ntn_sweep model=cpda_typei dataset=student_perf
[2026-05-03 13:54:15,674][__main__][INFO] - ⏭ SKIP CPDATypeI/student_perf/NTN L=4 bd=64 seed=10090 -> /zhome/6b/e/212868/GTN/outputs/ntn/student_perf/CPDATypeI_rg5_init0.1/L4_bd64_seed10090 | already completed successfully (val_quality=0.0987483782791422) val=0.0987
[2026-05-03 13:54:15,692][HYDRA] 	#2 : model.L=4 model.bond_dim=64 seed=32874 trainer.ridge=5 trainer.ridge_decay=0.25 trainer.ridge_min=0.0001 +experiment=cpda_ntn_sweep model=cpda_typei dataset=student_perf
[2026-05-03 13:54:15,847][__main__][INFO] - ⏭ SKIP CPDATypeI/student_perf/NTN L=4 bd=64 seed=32874 -> /zhome/6b/e/212868/GTN/outputs/ntn/student_perf/CPDATypeI_rg5_init0.1/L4_bd64_seed32874 | already completed successfully (val_quality=0.062998191341497) val=0.0630
[2026-05-03 13:54:15,851][HYDRA] 	#3 : model.L=4 model.bond_dim=64 seed=47311 trainer.ridge=5 trainer.ridge_decay=0.25 trainer.ridge_min=0.0001 +experiment=cpda_ntn_sweep model=cpda_typei dataset=student_perf
[2026-05-03 13:54:16,020][__main__][INFO] - ⏭ SKIP CPDATypeI/student_perf/NTN L=4 bd=64 seed=47311 -> /zhome/6b/e/212868/GTN/outputs/ntn/student_perf/CPDATypeI_rg5_init0.1/L4_bd64_seed47311 | already completed successfully (val_quality=0.1146720690730599) val=0.1147
[2026-05-03 13:54:16,022][HYDRA] 	#4 : model.L=4 model.bond_dim=64 seed=47303 trainer.ridge=5 trainer.ridge_decay=0.25 trainer.ridge_min=0.0001 +experiment=cpda_ntn_sweep model=cpda_typei dataset=student_perf
[2026-05-03 13:54:16,174][__main__][INFO] - ⏭ SKIP CPDATypeI/student_perf/NTN L=4 bd=64 seed=47303 -> /zhome/6b/e/212868/GTN/outputs/ntn/student_perf/CPDATypeI_rg5_init0.1/L4_bd64_seed47303 | already completed successfully (val_quality=0.0996768845230914) val=0.0997
[2026-05-03 13:54:16,193][HYDRA] 	#5 : model.L=4 model.bond_dim=32 seed=42 trainer.ridge=5 trainer.ridge_decay=0.25 trainer.ridge_min=0.0001 +experiment=cpda_ntn_sweep model=cpda_typei dataset=student_perf
[2026-05-03 13:54:16,363][__main__][INFO] - ⏭ SKIP CPDATypeI/student_perf/NTN L=4 bd=32 seed=42 -> /zhome/6b/e/212868/GTN/outputs/ntn/student_perf/CPDATypeI_rg5_init0.1/L4_bd32_seed42 | already completed successfully (val_quality=0.1427609654420765) val=0.1428
[2026-05-03 13:54:16,366][HYDRA] 	#6 : model.L=4 model.bond_dim=32 seed=10090 trainer.ridge=5 trainer.ridge_decay=0.25 trainer.ridge_min=0.0001 +experiment=cpda_ntn_sweep model=cpda_typei dataset=student_perf
[2026-05-03 13:54:16,531][__main__][INFO] - ⏭ SKIP CPDATypeI/student_perf/NTN L=4 bd=32 seed=10090 -> /zhome/6b/e/212868/GTN/outputs/ntn/student_perf/CPDATypeI_rg5_init0.1/L4_bd32_seed10090 | already completed successfully (val_quality=0.112815257003585) val=0.1128
[2026-05-03 13:54:16,534][HYDRA] 	#7 : model.L=4 model.bond_dim=32 seed=32874 trainer.ridge=5 trainer.ridge_decay=0.25 trainer.ridge_min=0.0001 +experiment=cpda_ntn_sweep model=cpda_typei dataset=student_perf
[2026-05-03 13:54:16,691][__main__][INFO] - ⏭ SKIP CPDATypeI/student_perf/NTN L=4 bd=32 seed=32874 -> /zhome/6b/e/212868/GTN/outputs/ntn/student_perf/CPDATypeI_rg5_init0.1/L4_bd32_seed32874 | already completed successfully (val_quality=0.1615979040997414) val=0.1616
[2026-05-03 13:54:16,693][HYDRA] 	#8 : model.L=4 model.bond_dim=32 seed=47311 trainer.ridge=5 trainer.ridge_decay=0.25 trainer.ridge_min=0.0001 +experiment=cpda_ntn_sweep model=cpda_typei dataset=student_perf
[2026-05-03 13:54:16,853][__main__][INFO] - ⏭ SKIP CPDATypeI/student_perf/NTN L=4 bd=32 seed=47311 -> /zhome/6b/e/212868/GTN/outputs/ntn/student_perf/CPDATypeI_rg5_init0.1/L4_bd32_seed47311 | already completed successfully (val_quality=0.1278956358434388) val=0.1279
[2026-05-03 13:54:16,855][HYDRA] 	#9 : model.L=4 model.bond_dim=32 seed=47303 trainer.ridge=5 trainer.ridge_decay=0.25 trainer.ridge_min=0.0001 +experiment=cpda_ntn_sweep model=cpda_typei dataset=student_perf
[2026-05-03 13:54:17,010][__main__][INFO] - ⏭ SKIP CPDATypeI/student_perf/NTN L=4 bd=32 seed=47303 -> /zhome/6b/e/212868/GTN/outputs/ntn/student_perf/CPDATypeI_rg5_init0.1/L4_bd32_seed47303 | already completed successfully (val_quality=0.1131428266909528) val=0.1131
[2026-05-03 13:54:17,013][HYDRA] 	#10 : model.L=4 model.bond_dim=16 seed=42 trainer.ridge=5 trainer.ridge_decay=0.25 trainer.ridge_min=0.0001 +experiment=cpda_ntn_sweep model=cpda_typei dataset=student_perf
[2026-05-03 13:54:17,167][__main__][INFO] - ⏭ SKIP CPDATypeI/student_perf/NTN L=4 bd=16 seed=42 -> /zhome/6b/e/212868/GTN/outputs/ntn/student_perf/CPDATypeI_rg5_init0.1/L4_bd16_seed42 | already completed successfully (val_quality=0.1732937790098992) val=0.1733
[2026-05-03 13:54:17,170][HYDRA] 	#11 : model.L=4 model.bond_dim=16 seed=10090 trainer.ridge=5 trainer.ridge_decay=0.25 trainer.ridge_min=0.0001 +experiment=cpda_ntn_sweep model=cpda_typei dataset=student_perf
[2026-05-03 13:54:17,322][__main__][INFO] - ⏭ SKIP CPDATypeI/student_perf/NTN L=4 bd=16 seed=10090 -> /zhome/6b/e/212868/GTN/outputs/ntn/student_perf/CPDATypeI_rg5_init0.1/L4_bd16_seed10090 | already completed successfully (val_quality=0.1673140485080797) val=0.1673
[2026-05-03 13:54:17,324][HYDRA] 	#12 : model.L=4 model.bond_dim=16 seed=32874 trainer.ridge=5 trainer.ridge_decay=0.25 trainer.ridge_min=0.0001 +experiment=cpda_ntn_sweep model=cpda_typei dataset=student_perf
[2026-05-03 13:54:17,479][__main__][INFO] - ⏭ SKIP CPDATypeI/student_perf/NTN L=4 bd=16 seed=32874 -> /zhome/6b/e/212868/GTN/outputs/ntn/student_perf/CPDATypeI_rg5_init0.1/L4_bd16_seed32874 | already completed successfully (val_quality=0.1075509287332675) val=0.1076
[2026-05-03 13:54:17,482][HYDRA] 	#13 : model.L=4 model.bond_dim=16 seed=47311 trainer.ridge=5 trainer.ridge_decay=0.25 trainer.ridge_min=0.0001 +experiment=cpda_ntn_sweep model=cpda_typei dataset=student_perf
[2026-05-03 13:54:17,640][__main__][INFO] - ⏭ SKIP CPDATypeI/student_perf/NTN L=4 bd=16 seed=47311 -> /zhome/6b/e/212868/GTN/outputs/ntn/student_perf/CPDATypeI_rg5_init0.1/L4_bd16_seed47311 | already completed successfully (val_quality=0.1427428479236316) val=0.1427
[2026-05-03 13:54:17,647][HYDRA] 	#14 : model.L=4 model.bond_dim=16 seed=47303 trainer.ridge=5 trainer.ridge_decay=0.25 trainer.ridge_min=0.0001 +experiment=cpda_ntn_sweep model=cpda_typei dataset=student_perf
[2026-05-03 13:54:17,800][__main__][INFO] - ⏭ SKIP CPDATypeI/student_perf/NTN L=4 bd=16 seed=47303 -> /zhome/6b/e/212868/GTN/outputs/ntn/student_perf/CPDATypeI_rg5_init0.1/L4_bd16_seed47303 | already completed successfully (val_quality=0.1509722369380581) val=0.1510
[2026-05-03 13:54:17,802][HYDRA] 	#15 : model.L=4 model.bond_dim=8 seed=42 trainer.ridge=5 trainer.ridge_decay=0.25 trainer.ridge_min=0.0001 +experiment=cpda_ntn_sweep model=cpda_typei dataset=student_perf
[2026-05-03 13:54:17,954][__main__][INFO] - ⏭ SKIP CPDATypeI/student_perf/NTN L=4 bd=8 seed=42 -> /zhome/6b/e/212868/GTN/outputs/ntn/student_perf/CPDATypeI_rg5_init0.1/L4_bd8_seed42 | already completed successfully (val_quality=0.1345937142256681) val=0.1346
[2026-05-03 13:54:17,956][HYDRA] 	#16 : model.L=4 model.bond_dim=8 seed=10090 trainer.ridge=5 trainer.ridge_decay=0.25 trainer.ridge_min=0.0001 +experiment=cpda_ntn_sweep model=cpda_typei dataset=student_perf
[2026-05-03 13:54:18,109][__main__][INFO] - ⏭ SKIP CPDATypeI/student_perf/NTN L=4 bd=8 seed=10090 -> /zhome/6b/e/212868/GTN/outputs/ntn/student_perf/CPDATypeI_rg5_init0.1/L4_bd8_seed10090 | already completed successfully (val_quality=0.1181731886065956) val=0.1182
[2026-05-03 13:54:18,112][HYDRA] 	#17 : model.L=4 model.bond_dim=8 seed=32874 trainer.ridge=5 trainer.ridge_decay=0.25 trainer.ridge_min=0.0001 +experiment=cpda_ntn_sweep model=cpda_typei dataset=student_perf
[2026-05-03 13:54:18,263][__main__][INFO] - ⏭ SKIP CPDATypeI/student_perf/NTN L=4 bd=8 seed=32874 -> /zhome/6b/e/212868/GTN/outputs/ntn/student_perf/CPDATypeI_rg5_init0.1/L4_bd8_seed32874 | already completed successfully (val_quality=0.1443190319178806) val=0.1443
[2026-05-03 13:54:18,265][HYDRA] 	#18 : model.L=4 model.bond_dim=8 seed=47311 trainer.ridge=5 trainer.ridge_decay=0.25 trainer.ridge_min=0.0001 +experiment=cpda_ntn_sweep model=cpda_typei dataset=student_perf
[2026-05-03 13:54:18,424][__main__][INFO] - ⏭ SKIP CPDATypeI/student_perf/NTN L=4 bd=8 seed=47311 -> /zhome/6b/e/212868/GTN/outputs/ntn/student_perf/CPDATypeI_rg5_init0.1/L4_bd8_seed47311 | already completed successfully (val_quality=0.1403028557817414) val=0.1403
[2026-05-03 13:54:18,426][HYDRA] 	#19 : model.L=4 model.bond_dim=8 seed=47303 trainer.ridge=5 trainer.ridge_decay=0.25 trainer.ridge_min=0.0001 +experiment=cpda_ntn_sweep model=cpda_typei dataset=student_perf
[2026-05-03 13:54:18,584][__main__][INFO] - ⏭ SKIP CPDATypeI/student_perf/NTN L=4 bd=8 seed=47303 -> /zhome/6b/e/212868/GTN/outputs/ntn/student_perf/CPDATypeI_rg5_init0.1/L4_bd8_seed47303 | already completed successfully (val_quality=0.0993498078787066) val=0.0993
[2026-05-03 13:54:18,586][HYDRA] 	#20 : model.L=3 model.bond_dim=64 seed=42 trainer.ridge=5 trainer.ridge_decay=0.25 trainer.ridge_min=0.0001 +experiment=cpda_ntn_sweep model=cpda_typei dataset=student_perf
[2026-05-03 13:54:18,747][__main__][INFO] - ⏭ SKIP CPDATypeI/student_perf/NTN L=3 bd=64 seed=42 -> /zhome/6b/e/212868/GTN/outputs/ntn/student_perf/CPDATypeI_rg5_init0.1/L3_bd64_seed42 | already completed successfully (val_quality=0.1234467386062841) val=0.1234
[2026-05-03 13:54:18,750][HYDRA] 	#21 : model.L=3 model.bond_dim=64 seed=10090 trainer.ridge=5 trainer.ridge_decay=0.25 trainer.ridge_min=0.0001 +experiment=cpda_ntn_sweep model=cpda_typei dataset=student_perf
[2026-05-03 13:54:18,901][__main__][INFO] - ⏭ SKIP CPDATypeI/student_perf/NTN L=3 bd=64 seed=10090 -> /zhome/6b/e/212868/GTN/outputs/ntn/student_perf/CPDATypeI_rg5_init0.1/L3_bd64_seed10090 | already completed successfully (val_quality=0.1045897907108658) val=0.1046
[2026-05-03 13:54:18,903][HYDRA] 	#22 : model.L=3 model.bond_dim=64 seed=32874 trainer.ridge=5 trainer.ridge_decay=0.25 trainer.ridge_min=0.0001 +experiment=cpda_ntn_sweep model=cpda_typei dataset=student_perf
[2026-05-03 13:54:19,273][__main__][INFO] - ⏭ SKIP CPDATypeI/student_perf/NTN L=3 bd=64 seed=32874 -> /zhome/6b/e/212868/GTN/outputs/ntn/student_perf/CPDATypeI_rg5_init0.1/L3_bd64_seed32874 | already completed successfully (val_quality=0.1080703227597603) val=0.1081
[2026-05-03 13:54:19,276][HYDRA] 	#23 : model.L=3 model.bond_dim=64 seed=47311 trainer.ridge=5 trainer.ridge_decay=0.25 trainer.ridge_min=0.0001 +experiment=cpda_ntn_sweep model=cpda_typei dataset=student_perf
[2026-05-03 13:54:19,444][__main__][INFO] - ⏭ SKIP CPDATypeI/student_perf/NTN L=3 bd=64 seed=47311 -> /zhome/6b/e/212868/GTN/outputs/ntn/student_perf/CPDATypeI_rg5_init0.1/L3_bd64_seed47311 | already completed successfully (val_quality=0.1300857244678257) val=0.1301
[2026-05-03 13:54:19,447][HYDRA] 	#24 : model.L=3 model.bond_dim=64 seed=47303 trainer.ridge=5 trainer.ridge_decay=0.25 trainer.ridge_min=0.0001 +experiment=cpda_ntn_sweep model=cpda_typei dataset=student_perf
[2026-05-03 13:54:19,603][__main__][INFO] - ⏭ SKIP CPDATypeI/student_perf/NTN L=3 bd=64 seed=47303 -> /zhome/6b/e/212868/GTN/outputs/ntn/student_perf/CPDATypeI_rg5_init0.1/L3_bd64_seed47303 | already completed successfully (val_quality=0.1280614345052418) val=0.1281
[2026-05-03 13:54:19,605][HYDRA] 	#25 : model.L=3 model.bond_dim=32 seed=42 trainer.ridge=5 trainer.ridge_decay=0.25 trainer.ridge_min=0.0001 +experiment=cpda_ntn_sweep model=cpda_typei dataset=student_perf
[2026-05-03 13:54:19,760][__main__][INFO] - ⏭ SKIP CPDATypeI/student_perf/NTN L=3 bd=32 seed=42 -> /zhome/6b/e/212868/GTN/outputs/ntn/student_perf/CPDATypeI_rg5_init0.1/L3_bd32_seed42 | already completed successfully (val_quality=0.1468636896392721) val=0.1469
[2026-05-03 13:54:19,762][HYDRA] 	#26 : model.L=3 model.bond_dim=32 seed=10090 trainer.ridge=5 trainer.ridge_decay=0.25 trainer.ridge_min=0.0001 +experiment=cpda_ntn_sweep model=cpda_typei dataset=student_perf
[2026-05-03 13:54:19,914][__main__][INFO] - ⏭ SKIP CPDATypeI/student_perf/NTN L=3 bd=32 seed=10090 -> /zhome/6b/e/212868/GTN/outputs/ntn/student_perf/CPDATypeI_rg5_init0.1/L3_bd32_seed10090 | already completed successfully (val_quality=0.1415613513258752) val=0.1416
[2026-05-03 13:54:19,916][HYDRA] 	#27 : model.L=3 model.bond_dim=32 seed=32874 trainer.ridge=5 trainer.ridge_decay=0.25 trainer.ridge_min=0.0001 +experiment=cpda_ntn_sweep model=cpda_typei dataset=student_perf
[2026-05-03 13:54:20,067][__main__][INFO] - ⏭ SKIP CPDATypeI/student_perf/NTN L=3 bd=32 seed=32874 -> /zhome/6b/e/212868/GTN/outputs/ntn/student_perf/CPDATypeI_rg5_init0.1/L3_bd32_seed32874 | already completed successfully (val_quality=0.1460442382616664) val=0.1460
[2026-05-03 13:54:20,070][HYDRA] 	#28 : model.L=3 model.bond_dim=32 seed=47311 trainer.ridge=5 trainer.ridge_decay=0.25 trainer.ridge_min=0.0001 +experiment=cpda_ntn_sweep model=cpda_typei dataset=student_perf
[2026-05-03 13:54:20,226][__main__][INFO] - ⏭ SKIP CPDATypeI/student_perf/NTN L=3 bd=32 seed=47311 -> /zhome/6b/e/212868/GTN/outputs/ntn/student_perf/CPDATypeI_rg5_init0.1/L3_bd32_seed47311 | already completed successfully (val_quality=0.1318728833310279) val=0.1319
[2026-05-03 13:54:20,228][HYDRA] 	#29 : model.L=3 model.bond_dim=32 seed=47303 trainer.ridge=5 trainer.ridge_decay=0.25 trainer.ridge_min=0.0001 +experiment=cpda_ntn_sweep model=cpda_typei dataset=student_perf
[2026-05-03 13:54:20,384][__main__][INFO] - ⏭ SKIP CPDATypeI/student_perf/NTN L=3 bd=32 seed=47303 -> /zhome/6b/e/212868/GTN/outputs/ntn/student_perf/CPDATypeI_rg5_init0.1/L3_bd32_seed47303 | already completed successfully (val_quality=0.1077933711384616) val=0.1078
[2026-05-03 13:54:20,387][HYDRA] 	#30 : model.L=3 model.bond_dim=16 seed=42 trainer.ridge=5 trainer.ridge_decay=0.25 trainer.ridge_min=0.0001 +experiment=cpda_ntn_sweep model=cpda_typei dataset=student_perf
[2026-05-03 13:54:20,547][__main__][INFO] - ⏭ SKIP CPDATypeI/student_perf/NTN L=3 bd=16 seed=42 -> /zhome/6b/e/212868/GTN/outputs/ntn/student_perf/CPDATypeI_rg5_init0.1/L3_bd16_seed42 | already completed successfully (val_quality=0.1617008564659785) val=0.1617
[2026-05-03 13:54:20,550][HYDRA] 	#31 : model.L=3 model.bond_dim=16 seed=10090 trainer.ridge=5 trainer.ridge_decay=0.25 trainer.ridge_min=0.0001 +experiment=cpda_ntn_sweep model=cpda_typei dataset=student_perf
[2026-05-03 13:54:20,715][__main__][INFO] - ⏭ SKIP CPDATypeI/student_perf/NTN L=3 bd=16 seed=10090 -> /zhome/6b/e/212868/GTN/outputs/ntn/student_perf/CPDATypeI_rg5_init0.1/L3_bd16_seed10090 | already completed successfully (val_quality=0.1641880602463409) val=0.1642
[2026-05-03 13:54:20,718][HYDRA] 	#32 : model.L=3 model.bond_dim=16 seed=32874 trainer.ridge=5 trainer.ridge_decay=0.25 trainer.ridge_min=0.0001 +experiment=cpda_ntn_sweep model=cpda_typei dataset=student_perf
[2026-05-03 13:54:20,876][__main__][INFO] - ⏭ SKIP CPDATypeI/student_perf/NTN L=3 bd=16 seed=32874 -> /zhome/6b/e/212868/GTN/outputs/ntn/student_perf/CPDATypeI_rg5_init0.1/L3_bd16_seed32874 | already completed successfully (val_quality=0.123951507477797) val=0.1240
[2026-05-03 13:54:20,880][HYDRA] 	#33 : model.L=3 model.bond_dim=16 seed=47311 trainer.ridge=5 trainer.ridge_decay=0.25 trainer.ridge_min=0.0001 +experiment=cpda_ntn_sweep model=cpda_typei dataset=student_perf
[2026-05-03 13:54:21,038][__main__][INFO] - ⏭ SKIP CPDATypeI/student_perf/NTN L=3 bd=16 seed=47311 -> /zhome/6b/e/212868/GTN/outputs/ntn/student_perf/CPDATypeI_rg5_init0.1/L3_bd16_seed47311 | already completed successfully (val_quality=0.1376193450039597) val=0.1376
[2026-05-03 13:54:21,041][HYDRA] 	#34 : model.L=3 model.bond_dim=16 seed=47303 trainer.ridge=5 trainer.ridge_decay=0.25 trainer.ridge_min=0.0001 +experiment=cpda_ntn_sweep model=cpda_typei dataset=student_perf
[2026-05-03 13:54:21,289][__main__][INFO] - ⏭ SKIP CPDATypeI/student_perf/NTN L=3 bd=16 seed=47303 -> /zhome/6b/e/212868/GTN/outputs/ntn/student_perf/CPDATypeI_rg5_init0.1/L3_bd16_seed47303 | already completed successfully (val_quality=0.1553780041057703) val=0.1554
[2026-05-03 13:54:21,304][HYDRA] 	#35 : model.L=3 model.bond_dim=8 seed=42 trainer.ridge=5 trainer.ridge_decay=0.25 trainer.ridge_min=0.0001 +experiment=cpda_ntn_sweep model=cpda_typei dataset=student_perf
[2026-05-03 13:54:21,583][__main__][INFO] - ⏭ SKIP CPDATypeI/student_perf/NTN L=3 bd=8 seed=42 -> /zhome/6b/e/212868/GTN/outputs/ntn/student_perf/CPDATypeI_rg5_init0.1/L3_bd8_seed42 | already completed successfully (val_quality=0.1265914196042462) val=0.1266
[2026-05-03 13:54:21,586][HYDRA] 	#36 : model.L=3 model.bond_dim=8 seed=10090 trainer.ridge=5 trainer.ridge_decay=0.25 trainer.ridge_min=0.0001 +experiment=cpda_ntn_sweep model=cpda_typei dataset=student_perf
[2026-05-03 13:54:21,741][__main__][INFO] - ⏭ SKIP CPDATypeI/student_perf/NTN L=3 bd=8 seed=10090 -> /zhome/6b/e/212868/GTN/outputs/ntn/student_perf/CPDATypeI_rg5_init0.1/L3_bd8_seed10090 | already completed successfully (val_quality=0.1079255637736917) val=0.1079
[2026-05-03 13:54:21,744][HYDRA] 	#37 : model.L=3 model.bond_dim=8 seed=32874 trainer.ridge=5 trainer.ridge_decay=0.25 trainer.ridge_min=0.0001 +experiment=cpda_ntn_sweep model=cpda_typei dataset=student_perf
[2026-05-03 13:54:21,899][__main__][INFO] - ⏭ SKIP CPDATypeI/student_perf/NTN L=3 bd=8 seed=32874 -> /zhome/6b/e/212868/GTN/outputs/ntn/student_perf/CPDATypeI_rg5_init0.1/L3_bd8_seed32874 | already completed successfully (val_quality=0.13663881269894) val=0.1366
[2026-05-03 13:54:21,902][HYDRA] 	#38 : model.L=3 model.bond_dim=8 seed=47311 trainer.ridge=5 trainer.ridge_decay=0.25 trainer.ridge_min=0.0001 +experiment=cpda_ntn_sweep model=cpda_typei dataset=student_perf
[2026-05-03 13:54:22,056][__main__][INFO] - ⏭ SKIP CPDATypeI/student_perf/NTN L=3 bd=8 seed=47311 -> /zhome/6b/e/212868/GTN/outputs/ntn/student_perf/CPDATypeI_rg5_init0.1/L3_bd8_seed47311 | already completed successfully (val_quality=0.1274172149858966) val=0.1274
[2026-05-03 13:54:22,059][HYDRA] 	#39 : model.L=3 model.bond_dim=8 seed=47303 trainer.ridge=5 trainer.ridge_decay=0.25 trainer.ridge_min=0.0001 +experiment=cpda_ntn_sweep model=cpda_typei dataset=student_perf
[2026-05-03 13:54:22,216][__main__][INFO] - ⏭ SKIP CPDATypeI/student_perf/NTN L=3 bd=8 seed=47303 -> /zhome/6b/e/212868/GTN/outputs/ntn/student_perf/CPDATypeI_rg5_init0.1/L3_bd8_seed47303 | already completed successfully (val_quality=0.1438506460832594) val=0.1439

------------------------------------------------------------
Sender: LSF System <lsfadmin@hpc.dtu.dk>
Subject: Job 28341043[122]: <ntn_grid_full[1-150]%20> in cluster <dcc> Done

Job <ntn_grid_full[1-150]%20> was submitted from host <hpclogin1> by user <nicci> in cluster <dcc> at Sun May  3 13:49:48 2026
Job was executed on host(s) <6*n-62-28-34>, in queue <hpc>, as user <nicci> in cluster <dcc> at Sun May  3 13:54:04 2026
</zhome/6b/e/212868> was used as the home directory.
</zhome/6b/e/212868/GTN> was used as the working directory.
Started at Sun May  3 13:54:04 2026
Terminated at Sun May  3 13:54:23 2026
Results reported at Sun May  3 13:54:23 2026

Your job looked like:

------------------------------------------------------------
# LSBATCH: User input
#!/bin/bash
#BSUB -q hpc
#BSUB -J "ntn_grid_full[1-150]%20"
#BSUB -W 8:00
#BSUB -n 6
#BSUB -R "rusage[mem=3GB]"
#BSUB -R "span[hosts=1]"
#BSUB -o logs/%J_%I.out
#BSUB -e logs/%J_%I.err

MODELS=("cpda" "cpda_typei" "lmpo2" "lmpo2_typei" "mpo2" "mpo2_typei" "mmpo2" "mmpo2_typei" "tnml_f" "tnml_p")

DATASETS=(
    "abalone" "adult" "ai4i" "appliances" "bank" "bike" "breast"
    "car_evaluation" "concrete" "energy_efficiency" "hearth"
    "iris" "mushrooms" "obesity" "popularity" "realstate"
    "seoulBike" "student_dropout" "student_perf" "wine"
    "winequalityc"
)

COMPLETED_DATASETS=(
    "abalone" "bike" "concrete" "energy_efficiency"
    "iris" "realstate" )

# Filter datasets
FILTERED_DATASETS=()
for ds in "${DATASETS[@]}"; do
    skip=false
    for completed in "${COMPLETED_DATASETS[@]}"; do
        if [[ "$ds" == "$completed" ]]; then
            skip=true
            break
        fi
    done

    if ! $skip; then
        FILTERED_DATASETS+=("$ds")
    fi
done

DATASETS=("${FILTERED_DATASETS[@]}")

NUM_MODELS=${#MODELS[@]}
NUM_DATASETS=${#DATASETS[@]}
NUM_EXPERIMENTS=$((NUM_DATASETS * NUM_MODELS))

if [ "$1" == "test" ]; then
    echo "SIMULATING ARRAY:"
    echo "-----------------"


(... more ...)
------------------------------------------------------------

Successfully completed.

Resource usage summary:

    CPU time :                                   16.00 sec.
    Max Memory :                                 397 MB
    Average Memory :                             397.00 MB
    Total Requested Memory :                     18432.00 MB
    Delta Memory :                               18035.00 MB
    Max Swap :                                   -
    Max Processes :                              4
    Max Threads :                                15
    Run time :                                   19 sec.
    Turnaround time :                            275 sec.

The output (if any) is above this job summary.



PS:

Read file <logs/28341043_122.err> for stderr output of this job.

