Task 142: Dataset=winequalityc, Model=cpda_typei, Experiment=cpda_ntn_sweep
[2026-05-03 13:55:10,795][HYDRA] Launching 40 jobs locally
[2026-05-03 13:55:10,796][HYDRA] 	#0 : model.L=4 model.bond_dim=64 seed=42 trainer.ridge=5 trainer.ridge_decay=0.25 trainer.ridge_min=0.0001 +experiment=cpda_ntn_sweep model=cpda_typei dataset=winequalityc
[2026-05-03 13:55:11,048][utils.tracking][INFO] - Loaded 18722 tracked runs from runs_tracking.csv
[2026-05-03 13:55:11,050][__main__][INFO] - ⏭ SKIP CPDATypeI/winequalityc/NTN L=4 bd=64 seed=42 -> /zhome/6b/e/212868/GTN/outputs/ntn/winequalityc/CPDATypeI_rg5_init0.1/L4_bd64_seed42 | previous run failed with singular matrix (permanent) val=0.4523
[2026-05-03 13:55:11,053][HYDRA] 	#1 : model.L=4 model.bond_dim=64 seed=10090 trainer.ridge=5 trainer.ridge_decay=0.25 trainer.ridge_min=0.0001 +experiment=cpda_ntn_sweep model=cpda_typei dataset=winequalityc
[2026-05-03 13:55:11,214][__main__][INFO] - ⏭ SKIP CPDATypeI/winequalityc/NTN L=4 bd=64 seed=10090 -> /zhome/6b/e/212868/GTN/outputs/ntn/winequalityc/CPDATypeI_rg5_init0.1/L4_bd64_seed10090 | previous run failed with singular matrix (permanent) val=0.3200
[2026-05-03 13:55:11,217][HYDRA] 	#2 : model.L=4 model.bond_dim=64 seed=32874 trainer.ridge=5 trainer.ridge_decay=0.25 trainer.ridge_min=0.0001 +experiment=cpda_ntn_sweep model=cpda_typei dataset=winequalityc
[2026-05-03 13:55:11,376][__main__][INFO] - ⏭ SKIP CPDATypeI/winequalityc/NTN L=4 bd=64 seed=32874 -> /zhome/6b/e/212868/GTN/outputs/ntn/winequalityc/CPDATypeI_rg5_init0.1/L4_bd64_seed32874 | previous run failed with singular matrix (permanent) val=0.4144
[2026-05-03 13:55:11,379][HYDRA] 	#3 : model.L=4 model.bond_dim=64 seed=47311 trainer.ridge=5 trainer.ridge_decay=0.25 trainer.ridge_min=0.0001 +experiment=cpda_ntn_sweep model=cpda_typei dataset=winequalityc
[2026-05-03 13:55:11,535][__main__][INFO] - ⏭ SKIP CPDATypeI/winequalityc/NTN L=4 bd=64 seed=47311 -> /zhome/6b/e/212868/GTN/outputs/ntn/winequalityc/CPDATypeI_rg5_init0.1/L4_bd64_seed47311 | previous run failed with singular matrix (permanent) val=0.4564
[2026-05-03 13:55:11,538][HYDRA] 	#4 : model.L=4 model.bond_dim=64 seed=47303 trainer.ridge=5 trainer.ridge_decay=0.25 trainer.ridge_min=0.0001 +experiment=cpda_ntn_sweep model=cpda_typei dataset=winequalityc
[2026-05-03 13:55:11,689][__main__][INFO] - ⏭ SKIP CPDATypeI/winequalityc/NTN L=4 bd=64 seed=47303 -> /zhome/6b/e/212868/GTN/outputs/ntn/winequalityc/CPDATypeI_rg5_init0.1/L4_bd64_seed47303 | previous run failed with singular matrix (permanent) val=0.3087
[2026-05-03 13:55:11,692][HYDRA] 	#5 : model.L=4 model.bond_dim=32 seed=42 trainer.ridge=5 trainer.ridge_decay=0.25 trainer.ridge_min=0.0001 +experiment=cpda_ntn_sweep model=cpda_typei dataset=winequalityc
[2026-05-03 13:55:11,843][__main__][INFO] - ⏭ SKIP CPDATypeI/winequalityc/NTN L=4 bd=32 seed=42 -> /zhome/6b/e/212868/GTN/outputs/ntn/winequalityc/CPDATypeI_rg5_init0.1/L4_bd32_seed42 | previous run failed with singular matrix (permanent) val=0.4523
[2026-05-03 13:55:11,846][HYDRA] 	#6 : model.L=4 model.bond_dim=32 seed=10090 trainer.ridge=5 trainer.ridge_decay=0.25 trainer.ridge_min=0.0001 +experiment=cpda_ntn_sweep model=cpda_typei dataset=winequalityc
[2026-05-03 13:55:11,998][__main__][INFO] - ⏭ SKIP CPDATypeI/winequalityc/NTN L=4 bd=32 seed=10090 -> /zhome/6b/e/212868/GTN/outputs/ntn/winequalityc/CPDATypeI_rg5_init0.1/L4_bd32_seed10090 | previous run failed with singular matrix (permanent) val=0.3282
[2026-05-03 13:55:12,001][HYDRA] 	#7 : model.L=4 model.bond_dim=32 seed=32874 trainer.ridge=5 trainer.ridge_decay=0.25 trainer.ridge_min=0.0001 +experiment=cpda_ntn_sweep model=cpda_typei dataset=winequalityc
[2026-05-03 13:55:12,154][__main__][INFO] - ⏭ SKIP CPDATypeI/winequalityc/NTN L=4 bd=32 seed=32874 -> /zhome/6b/e/212868/GTN/outputs/ntn/winequalityc/CPDATypeI_rg5_init0.1/L4_bd32_seed32874 | previous run failed with singular matrix (permanent) val=0.5087
[2026-05-03 13:55:12,157][HYDRA] 	#8 : model.L=4 model.bond_dim=32 seed=47311 trainer.ridge=5 trainer.ridge_decay=0.25 trainer.ridge_min=0.0001 +experiment=cpda_ntn_sweep model=cpda_typei dataset=winequalityc
[2026-05-03 13:55:12,309][__main__][INFO] - ⏭ SKIP CPDATypeI/winequalityc/NTN L=4 bd=32 seed=47311 -> /zhome/6b/e/212868/GTN/outputs/ntn/winequalityc/CPDATypeI_rg5_init0.1/L4_bd32_seed47311 | previous run failed with singular matrix (permanent) val=0.3026
[2026-05-03 13:55:12,312][HYDRA] 	#9 : model.L=4 model.bond_dim=32 seed=47303 trainer.ridge=5 trainer.ridge_decay=0.25 trainer.ridge_min=0.0001 +experiment=cpda_ntn_sweep model=cpda_typei dataset=winequalityc
[2026-05-03 13:55:12,463][__main__][INFO] - ⏭ SKIP CPDATypeI/winequalityc/NTN L=4 bd=32 seed=47303 -> /zhome/6b/e/212868/GTN/outputs/ntn/winequalityc/CPDATypeI_rg5_init0.1/L4_bd32_seed47303 | previous run failed with singular matrix (permanent) val=0.4390
[2026-05-03 13:55:12,466][HYDRA] 	#10 : model.L=4 model.bond_dim=16 seed=42 trainer.ridge=5 trainer.ridge_decay=0.25 trainer.ridge_min=0.0001 +experiment=cpda_ntn_sweep model=cpda_typei dataset=winequalityc
[2026-05-03 13:55:12,620][__main__][INFO] - ⏭ SKIP CPDATypeI/winequalityc/NTN L=4 bd=16 seed=42 -> /zhome/6b/e/212868/GTN/outputs/ntn/winequalityc/CPDATypeI_rg5_init0.1/L4_bd16_seed42 | previous run failed with singular matrix (permanent) val=0.4851
[2026-05-03 13:55:12,623][HYDRA] 	#11 : model.L=4 model.bond_dim=16 seed=10090 trainer.ridge=5 trainer.ridge_decay=0.25 trainer.ridge_min=0.0001 +experiment=cpda_ntn_sweep model=cpda_typei dataset=winequalityc
[2026-05-03 13:55:12,774][__main__][INFO] - ⏭ SKIP CPDATypeI/winequalityc/NTN L=4 bd=16 seed=10090 -> /zhome/6b/e/212868/GTN/outputs/ntn/winequalityc/CPDATypeI_rg5_init0.1/L4_bd16_seed10090 | previous run failed with singular matrix (permanent) val=0.3949
[2026-05-03 13:55:12,777][HYDRA] 	#12 : model.L=4 model.bond_dim=16 seed=32874 trainer.ridge=5 trainer.ridge_decay=0.25 trainer.ridge_min=0.0001 +experiment=cpda_ntn_sweep model=cpda_typei dataset=winequalityc
[2026-05-03 13:55:12,927][__main__][INFO] - ⏭ SKIP CPDATypeI/winequalityc/NTN L=4 bd=16 seed=32874 -> /zhome/6b/e/212868/GTN/outputs/ntn/winequalityc/CPDATypeI_rg5_init0.1/L4_bd16_seed32874 | previous run failed with singular matrix (permanent) val=0.4369
[2026-05-03 13:55:12,930][HYDRA] 	#13 : model.L=4 model.bond_dim=16 seed=47311 trainer.ridge=5 trainer.ridge_decay=0.25 trainer.ridge_min=0.0001 +experiment=cpda_ntn_sweep model=cpda_typei dataset=winequalityc
[2026-05-03 13:55:13,087][__main__][INFO] - ⏭ SKIP CPDATypeI/winequalityc/NTN L=4 bd=16 seed=47311 -> /zhome/6b/e/212868/GTN/outputs/ntn/winequalityc/CPDATypeI_rg5_init0.1/L4_bd16_seed47311 | previous run failed with singular matrix (permanent) val=0.5272
[2026-05-03 13:55:13,089][HYDRA] 	#14 : model.L=4 model.bond_dim=16 seed=47303 trainer.ridge=5 trainer.ridge_decay=0.25 trainer.ridge_min=0.0001 +experiment=cpda_ntn_sweep model=cpda_typei dataset=winequalityc
[2026-05-03 13:55:13,239][__main__][INFO] - ⏭ SKIP CPDATypeI/winequalityc/NTN L=4 bd=16 seed=47303 -> /zhome/6b/e/212868/GTN/outputs/ntn/winequalityc/CPDATypeI_rg5_init0.1/L4_bd16_seed47303 | previous run failed with singular matrix (permanent) val=0.5272
[2026-05-03 13:55:13,242][HYDRA] 	#15 : model.L=4 model.bond_dim=8 seed=42 trainer.ridge=5 trainer.ridge_decay=0.25 trainer.ridge_min=0.0001 +experiment=cpda_ntn_sweep model=cpda_typei dataset=winequalityc
[2026-05-03 13:55:13,398][__main__][INFO] - ⏭ SKIP CPDATypeI/winequalityc/NTN L=4 bd=8 seed=42 -> /zhome/6b/e/212868/GTN/outputs/ntn/winequalityc/CPDATypeI_rg5_init0.1/L4_bd8_seed42 | previous run failed with singular matrix (permanent) val=0.3979
[2026-05-03 13:55:13,400][HYDRA] 	#16 : model.L=4 model.bond_dim=8 seed=10090 trainer.ridge=5 trainer.ridge_decay=0.25 trainer.ridge_min=0.0001 +experiment=cpda_ntn_sweep model=cpda_typei dataset=winequalityc
[2026-05-03 13:55:13,554][__main__][INFO] - ⏭ SKIP CPDATypeI/winequalityc/NTN L=4 bd=8 seed=10090 -> /zhome/6b/e/212868/GTN/outputs/ntn/winequalityc/CPDATypeI_rg5_init0.1/L4_bd8_seed10090 | previous run failed with singular matrix (permanent) val=0.4903
[2026-05-03 13:55:13,557][HYDRA] 	#17 : model.L=4 model.bond_dim=8 seed=32874 trainer.ridge=5 trainer.ridge_decay=0.25 trainer.ridge_min=0.0001 +experiment=cpda_ntn_sweep model=cpda_typei dataset=winequalityc
[2026-05-03 13:55:13,706][__main__][INFO] - ⏭ SKIP CPDATypeI/winequalityc/NTN L=4 bd=8 seed=32874 -> /zhome/6b/e/212868/GTN/outputs/ntn/winequalityc/CPDATypeI_rg5_init0.1/L4_bd8_seed32874 | previous run failed with singular matrix (permanent) val=0.5538
[2026-05-03 13:55:13,708][HYDRA] 	#18 : model.L=4 model.bond_dim=8 seed=47311 trainer.ridge=5 trainer.ridge_decay=0.25 trainer.ridge_min=0.0001 +experiment=cpda_ntn_sweep model=cpda_typei dataset=winequalityc
[2026-05-03 13:55:13,863][__main__][INFO] - ⏭ SKIP CPDATypeI/winequalityc/NTN L=4 bd=8 seed=47311 -> /zhome/6b/e/212868/GTN/outputs/ntn/winequalityc/CPDATypeI_rg5_init0.1/L4_bd8_seed47311 | previous run failed with singular matrix (permanent) val=0.5600
[2026-05-03 13:55:13,865][HYDRA] 	#19 : model.L=4 model.bond_dim=8 seed=47303 trainer.ridge=5 trainer.ridge_decay=0.25 trainer.ridge_min=0.0001 +experiment=cpda_ntn_sweep model=cpda_typei dataset=winequalityc
[2026-05-03 13:55:14,018][__main__][INFO] - ⏭ SKIP CPDATypeI/winequalityc/NTN L=4 bd=8 seed=47303 -> /zhome/6b/e/212868/GTN/outputs/ntn/winequalityc/CPDATypeI_rg5_init0.1/L4_bd8_seed47303 | previous run failed with singular matrix (permanent) val=0.5590
[2026-05-03 13:55:14,021][HYDRA] 	#20 : model.L=3 model.bond_dim=64 seed=42 trainer.ridge=5 trainer.ridge_decay=0.25 trainer.ridge_min=0.0001 +experiment=cpda_ntn_sweep model=cpda_typei dataset=winequalityc
[2026-05-03 13:55:14,174][__main__][INFO] - ⏭ SKIP CPDATypeI/winequalityc/NTN L=3 bd=64 seed=42 -> /zhome/6b/e/212868/GTN/outputs/ntn/winequalityc/CPDATypeI_rg5_init0.1/L3_bd64_seed42 | previous run failed with singular matrix (permanent) val=0.4626
[2026-05-03 13:55:14,177][HYDRA] 	#21 : model.L=3 model.bond_dim=64 seed=10090 trainer.ridge=5 trainer.ridge_decay=0.25 trainer.ridge_min=0.0001 +experiment=cpda_ntn_sweep model=cpda_typei dataset=winequalityc
[2026-05-03 13:55:14,331][__main__][INFO] - ⏭ SKIP CPDATypeI/winequalityc/NTN L=3 bd=64 seed=10090 -> /zhome/6b/e/212868/GTN/outputs/ntn/winequalityc/CPDATypeI_rg5_init0.1/L3_bd64_seed10090 | previous run failed with singular matrix (permanent) val=0.4585
[2026-05-03 13:55:14,333][HYDRA] 	#22 : model.L=3 model.bond_dim=64 seed=32874 trainer.ridge=5 trainer.ridge_decay=0.25 trainer.ridge_min=0.0001 +experiment=cpda_ntn_sweep model=cpda_typei dataset=winequalityc
[2026-05-03 13:55:14,738][__main__][INFO] - ⏭ SKIP CPDATypeI/winequalityc/NTN L=3 bd=64 seed=32874 -> /zhome/6b/e/212868/GTN/outputs/ntn/winequalityc/CPDATypeI_rg5_init0.1/L3_bd64_seed32874 | previous run failed with singular matrix (permanent) val=0.4687
[2026-05-03 13:55:14,740][HYDRA] 	#23 : model.L=3 model.bond_dim=64 seed=47311 trainer.ridge=5 trainer.ridge_decay=0.25 trainer.ridge_min=0.0001 +experiment=cpda_ntn_sweep model=cpda_typei dataset=winequalityc
[2026-05-03 13:55:14,890][__main__][INFO] - ⏭ SKIP CPDATypeI/winequalityc/NTN L=3 bd=64 seed=47311 -> /zhome/6b/e/212868/GTN/outputs/ntn/winequalityc/CPDATypeI_rg5_init0.1/L3_bd64_seed47311 | previous run failed with singular matrix (permanent) val=0.4349
[2026-05-03 13:55:14,893][HYDRA] 	#24 : model.L=3 model.bond_dim=64 seed=47303 trainer.ridge=5 trainer.ridge_decay=0.25 trainer.ridge_min=0.0001 +experiment=cpda_ntn_sweep model=cpda_typei dataset=winequalityc
[2026-05-03 13:55:15,045][__main__][INFO] - ⏭ SKIP CPDATypeI/winequalityc/NTN L=3 bd=64 seed=47303 -> /zhome/6b/e/212868/GTN/outputs/ntn/winequalityc/CPDATypeI_rg5_init0.1/L3_bd64_seed47303 | previous run failed with singular matrix (permanent) val=0.4646
[2026-05-03 13:55:15,048][HYDRA] 	#25 : model.L=3 model.bond_dim=32 seed=42 trainer.ridge=5 trainer.ridge_decay=0.25 trainer.ridge_min=0.0001 +experiment=cpda_ntn_sweep model=cpda_typei dataset=winequalityc
[2026-05-03 13:55:15,204][__main__][INFO] - ⏭ SKIP CPDATypeI/winequalityc/NTN L=3 bd=32 seed=42 -> /zhome/6b/e/212868/GTN/outputs/ntn/winequalityc/CPDATypeI_rg5_init0.1/L3_bd32_seed42 | previous run failed with singular matrix (permanent) val=0.4728
[2026-05-03 13:55:15,207][HYDRA] 	#26 : model.L=3 model.bond_dim=32 seed=10090 trainer.ridge=5 trainer.ridge_decay=0.25 trainer.ridge_min=0.0001 +experiment=cpda_ntn_sweep model=cpda_typei dataset=winequalityc
[2026-05-03 13:55:15,357][__main__][INFO] - ⏭ SKIP CPDATypeI/winequalityc/NTN L=3 bd=32 seed=10090 -> /zhome/6b/e/212868/GTN/outputs/ntn/winequalityc/CPDATypeI_rg5_init0.1/L3_bd32_seed10090 | previous run failed with singular matrix (permanent) val=0.4513
[2026-05-03 13:55:15,360][HYDRA] 	#27 : model.L=3 model.bond_dim=32 seed=32874 trainer.ridge=5 trainer.ridge_decay=0.25 trainer.ridge_min=0.0001 +experiment=cpda_ntn_sweep model=cpda_typei dataset=winequalityc
[2026-05-03 13:55:15,532][__main__][INFO] - ⏭ SKIP CPDATypeI/winequalityc/NTN L=3 bd=32 seed=32874 -> /zhome/6b/e/212868/GTN/outputs/ntn/winequalityc/CPDATypeI_rg5_init0.1/L3_bd32_seed32874 | previous run failed with singular matrix (permanent) val=0.5662
[2026-05-03 13:55:15,535][HYDRA] 	#28 : model.L=3 model.bond_dim=32 seed=47311 trainer.ridge=5 trainer.ridge_decay=0.25 trainer.ridge_min=0.0001 +experiment=cpda_ntn_sweep model=cpda_typei dataset=winequalityc
[2026-05-03 13:55:15,696][__main__][INFO] - ⏭ SKIP CPDATypeI/winequalityc/NTN L=3 bd=32 seed=47311 -> /zhome/6b/e/212868/GTN/outputs/ntn/winequalityc/CPDATypeI_rg5_init0.1/L3_bd32_seed47311 | previous run failed with singular matrix (permanent) val=0.4482
[2026-05-03 13:55:15,699][HYDRA] 	#29 : model.L=3 model.bond_dim=32 seed=47303 trainer.ridge=5 trainer.ridge_decay=0.25 trainer.ridge_min=0.0001 +experiment=cpda_ntn_sweep model=cpda_typei dataset=winequalityc
[2026-05-03 13:55:15,878][__main__][INFO] - ⏭ SKIP CPDATypeI/winequalityc/NTN L=3 bd=32 seed=47303 -> /zhome/6b/e/212868/GTN/outputs/ntn/winequalityc/CPDATypeI_rg5_init0.1/L3_bd32_seed47303 | previous run failed with singular matrix (permanent) val=0.5641
[2026-05-03 13:55:15,881][HYDRA] 	#30 : model.L=3 model.bond_dim=16 seed=42 trainer.ridge=5 trainer.ridge_decay=0.25 trainer.ridge_min=0.0001 +experiment=cpda_ntn_sweep model=cpda_typei dataset=winequalityc
[2026-05-03 13:55:16,042][__main__][INFO] - ⏭ SKIP CPDATypeI/winequalityc/NTN L=3 bd=16 seed=42 -> /zhome/6b/e/212868/GTN/outputs/ntn/winequalityc/CPDATypeI_rg5_init0.1/L3_bd16_seed42 | already completed successfully (val_quality=0.4728205128205128) val=0.4728
[2026-05-03 13:55:16,044][HYDRA] 	#31 : model.L=3 model.bond_dim=16 seed=10090 trainer.ridge=5 trainer.ridge_decay=0.25 trainer.ridge_min=0.0001 +experiment=cpda_ntn_sweep model=cpda_typei dataset=winequalityc
[2026-05-03 13:55:16,199][__main__][INFO] - ⏭ SKIP CPDATypeI/winequalityc/NTN L=3 bd=16 seed=10090 -> /zhome/6b/e/212868/GTN/outputs/ntn/winequalityc/CPDATypeI_rg5_init0.1/L3_bd16_seed10090 | already completed successfully (val_quality=0.5487179487179488) val=0.5487
[2026-05-03 13:55:16,202][HYDRA] 	#32 : model.L=3 model.bond_dim=16 seed=32874 trainer.ridge=5 trainer.ridge_decay=0.25 trainer.ridge_min=0.0001 +experiment=cpda_ntn_sweep model=cpda_typei dataset=winequalityc
[2026-05-03 13:55:16,361][__main__][INFO] - ⏭ SKIP CPDATypeI/winequalityc/NTN L=3 bd=16 seed=32874 -> /zhome/6b/e/212868/GTN/outputs/ntn/winequalityc/CPDATypeI_rg5_init0.1/L3_bd16_seed32874 | already completed successfully (val_quality=0.5056410256410256) val=0.5056
[2026-05-03 13:55:16,363][HYDRA] 	#33 : model.L=3 model.bond_dim=16 seed=47311 trainer.ridge=5 trainer.ridge_decay=0.25 trainer.ridge_min=0.0001 +experiment=cpda_ntn_sweep model=cpda_typei dataset=winequalityc
[2026-05-03 13:55:16,520][__main__][INFO] - ⏭ SKIP CPDATypeI/winequalityc/NTN L=3 bd=16 seed=47311 -> /zhome/6b/e/212868/GTN/outputs/ntn/winequalityc/CPDATypeI_rg5_init0.1/L3_bd16_seed47311 | already completed successfully (val_quality=0.5056410256410256) val=0.5056
[2026-05-03 13:55:16,523][HYDRA] 	#34 : model.L=3 model.bond_dim=16 seed=47303 trainer.ridge=5 trainer.ridge_decay=0.25 trainer.ridge_min=0.0001 +experiment=cpda_ntn_sweep model=cpda_typei dataset=winequalityc
[2026-05-03 13:55:16,722][__main__][INFO] - ⏭ SKIP CPDATypeI/winequalityc/NTN L=3 bd=16 seed=47303 -> /zhome/6b/e/212868/GTN/outputs/ntn/winequalityc/CPDATypeI_rg5_init0.1/L3_bd16_seed47303 | previous run failed with singular matrix (permanent) val=0.5549
[2026-05-03 13:55:16,725][HYDRA] 	#35 : model.L=3 model.bond_dim=8 seed=42 trainer.ridge=5 trainer.ridge_decay=0.25 trainer.ridge_min=0.0001 +experiment=cpda_ntn_sweep model=cpda_typei dataset=winequalityc
[2026-05-03 13:55:16,885][__main__][INFO] - ⏭ SKIP CPDATypeI/winequalityc/NTN L=3 bd=8 seed=42 -> /zhome/6b/e/212868/GTN/outputs/ntn/winequalityc/CPDATypeI_rg5_init0.1/L3_bd8_seed42 | already completed successfully (val_quality=0.5620512820512821) val=0.5621
[2026-05-03 13:55:16,905][HYDRA] 	#36 : model.L=3 model.bond_dim=8 seed=10090 trainer.ridge=5 trainer.ridge_decay=0.25 trainer.ridge_min=0.0001 +experiment=cpda_ntn_sweep model=cpda_typei dataset=winequalityc
[2026-05-03 13:55:17,068][__main__][INFO] - ⏭ SKIP CPDATypeI/winequalityc/NTN L=3 bd=8 seed=10090 -> /zhome/6b/e/212868/GTN/outputs/ntn/winequalityc/CPDATypeI_rg5_init0.1/L3_bd8_seed10090 | already completed successfully (val_quality=0.5528205128205128) val=0.5528
[2026-05-03 13:55:17,077][HYDRA] 	#37 : model.L=3 model.bond_dim=8 seed=32874 trainer.ridge=5 trainer.ridge_decay=0.25 trainer.ridge_min=0.0001 +experiment=cpda_ntn_sweep model=cpda_typei dataset=winequalityc
[2026-05-03 13:55:17,233][__main__][INFO] - ⏭ SKIP CPDATypeI/winequalityc/NTN L=3 bd=8 seed=32874 -> /zhome/6b/e/212868/GTN/outputs/ntn/winequalityc/CPDATypeI_rg5_init0.1/L3_bd8_seed32874 | already completed successfully (val_quality=0.5466666666666666) val=0.5467
[2026-05-03 13:55:17,236][HYDRA] 	#38 : model.L=3 model.bond_dim=8 seed=47311 trainer.ridge=5 trainer.ridge_decay=0.25 trainer.ridge_min=0.0001 +experiment=cpda_ntn_sweep model=cpda_typei dataset=winequalityc
[2026-05-03 13:55:17,394][__main__][INFO] - ⏭ SKIP CPDATypeI/winequalityc/NTN L=3 bd=8 seed=47311 -> /zhome/6b/e/212868/GTN/outputs/ntn/winequalityc/CPDATypeI_rg5_init0.1/L3_bd8_seed47311 | already completed successfully (val_quality=0.556923076923077) val=0.5569
[2026-05-03 13:55:17,396][HYDRA] 	#39 : model.L=3 model.bond_dim=8 seed=47303 trainer.ridge=5 trainer.ridge_decay=0.25 trainer.ridge_min=0.0001 +experiment=cpda_ntn_sweep model=cpda_typei dataset=winequalityc
[2026-05-03 13:55:17,551][__main__][INFO] - ⏭ SKIP CPDATypeI/winequalityc/NTN L=3 bd=8 seed=47303 -> /zhome/6b/e/212868/GTN/outputs/ntn/winequalityc/CPDATypeI_rg5_init0.1/L3_bd8_seed47303 | already completed successfully (val_quality=0.5466666666666666) val=0.5467

------------------------------------------------------------
Sender: LSF System <lsfadmin@hpc.dtu.dk>
Subject: Job 28341043[142]: <ntn_grid_full[1-150]%20> in cluster <dcc> Done

Job <ntn_grid_full[1-150]%20> was submitted from host <hpclogin1> by user <nicci> in cluster <dcc> at Sun May  3 13:49:48 2026
Job was executed on host(s) <6*n-62-11-51>, in queue <hpc>, as user <nicci> in cluster <dcc> at Sun May  3 13:54:59 2026
</zhome/6b/e/212868> was used as the home directory.
</zhome/6b/e/212868/GTN> was used as the working directory.
Started at Sun May  3 13:54:59 2026
Terminated at Sun May  3 13:55:18 2026
Results reported at Sun May  3 13:55:18 2026

Your job looked like:

------------------------------------------------------------
# LSBATCH: User input
#!/bin/bash
#BSUB -q hpc
#BSUB -J "ntn_grid_full[1-150]%20"
#BSUB -W 8:00
#BSUB -n 6
#BSUB -R "rusage[mem=3GB]"
#BSUB -R "span[hosts=1]"
#BSUB -o logs/%J_%I.out
#BSUB -e logs/%J_%I.err

MODELS=("cpda" "cpda_typei" "lmpo2" "lmpo2_typei" "mpo2" "mpo2_typei" "mmpo2" "mmpo2_typei" "tnml_f" "tnml_p")

DATASETS=(
    "abalone" "adult" "ai4i" "appliances" "bank" "bike" "breast"
    "car_evaluation" "concrete" "energy_efficiency" "hearth"
    "iris" "mushrooms" "obesity" "popularity" "realstate"
    "seoulBike" "student_dropout" "student_perf" "wine"
    "winequalityc"
)

COMPLETED_DATASETS=(
    "abalone" "bike" "concrete" "energy_efficiency"
    "iris" "realstate" )

# Filter datasets
FILTERED_DATASETS=()
for ds in "${DATASETS[@]}"; do
    skip=false
    for completed in "${COMPLETED_DATASETS[@]}"; do
        if [[ "$ds" == "$completed" ]]; then
            skip=true
            break
        fi
    done

    if ! $skip; then
        FILTERED_DATASETS+=("$ds")
    fi
done

DATASETS=("${FILTERED_DATASETS[@]}")

NUM_MODELS=${#MODELS[@]}
NUM_DATASETS=${#DATASETS[@]}
NUM_EXPERIMENTS=$((NUM_DATASETS * NUM_MODELS))

if [ "$1" == "test" ]; then
    echo "SIMULATING ARRAY:"
    echo "-----------------"


(... more ...)
------------------------------------------------------------

Successfully completed.

Resource usage summary:

    CPU time :                                   16.53 sec.
    Max Memory :                                 392 MB
    Average Memory :                             392.00 MB
    Total Requested Memory :                     18432.00 MB
    Delta Memory :                               18040.00 MB
    Max Swap :                                   -
    Max Processes :                              4
    Max Threads :                                15
    Run time :                                   19 sec.
    Turnaround time :                            330 sec.

The output (if any) is above this job summary.



PS:

Read file <logs/28341043_142.err> for stderr output of this job.

