Task 17: Model=mmpo2_typei, Dataset=mushrooms
[2026-05-04 19:37:23,353][HYDRA] Launching 30 jobs locally
[2026-05-04 19:37:23,353][HYDRA] 	#0 : model.L=4 model.bond_dim=12 seed=42 trainer.ridge=5 trainer.ridge_decay=0.25 trainer.ridge_min=0.0001 +experiment=uci_ntn_sweep model=mmpo2_typei dataset=mushrooms
[2026-05-04 19:37:23,798][utils.tracking][INFO] - Loaded 19006 tracked runs from runs_tracking.csv
[2026-05-04 19:37:23,800][__main__][INFO] - ▶ RUN MMPO2TypeI/mushrooms/NTN L=4 bd=12 seed=42 -> /zhome/6b/e/212868/GTN/outputs/ntn/mushrooms/MMPO2TypeI_rg5_init0.1/L4_bd12_seed42
Starting Ensemble Fit: 20 epochs
Models: [(1, 1), (2, 2), (3, 3), (4, 4)]
Total nodes: 10
Validation: Using separate validation set
Early stopping: patience=10, min_delta=0.001

------------------------------------------------------------
Sender: LSF System <lsfadmin@hpc.dtu.dk>
Subject: Job 28348578[17]: <ntn_missing[1-20]%10> in cluster <dcc> Exited

Job <ntn_missing[1-20]%10> was submitted from host <hpclogin1> by user <nicci> in cluster <dcc> at Mon May  4 19:35:19 2026
Job was executed on host(s) <16*n-62-29-32>, in queue <hpc>, as user <nicci> in cluster <dcc> at Mon May  4 19:37:14 2026
</zhome/6b/e/212868> was used as the home directory.
</zhome/6b/e/212868/GTN> was used as the working directory.
Started at Mon May  4 19:37:14 2026
Terminated at Mon May  4 19:39:03 2026
Results reported at Mon May  4 19:39:03 2026

Your job looked like:

------------------------------------------------------------
# LSBATCH: User input
#!/bin/bash
#BSUB -q hpc
#BSUB -J "ntn_missing[1-20]%10"
#BSUB -W 12:00
#BSUB -n 16
#BSUB -R "rusage[mem=3GB]"
#BSUB -R "span[hosts=1]"
#BSUB -o logs/%J_%I.out
#BSUB -e logs/%J_%I.err

# Missing model-dataset combinations from README.md (NTN only, ignoring GTN)
# Total: 20 combinations

source .venv/bin/activate

declare -a COMBINATIONS=(
    # LMPO2TypeI (11 datasets)
    "lmpo2_typei breast"
    "lmpo2_typei car_evaluation"
    "lmpo2_typei obesity"
    "lmpo2_typei seoulBike"
    "lmpo2_typei student_perf"
    "lmpo2_typei adult"
    "lmpo2_typei appliances"
    "lmpo2_typei bank"
    "lmpo2_typei mushrooms"
    "lmpo2_typei popularity"
    "lmpo2_typei student_dropout"
    # MMPO2 (3 datasets)
    "mmpo2 adult"
    "mmpo2 mushrooms"
    "mmpo2 popularity"
    # MMPO2TypeI (4 datasets)
    "mmpo2_typei adult"
    "mmpo2_typei bank"
    "mmpo2_typei mushrooms"
    "mmpo2_typei popularity"
    # TNML_F (2 datasets)
    "tnml_f adult"
    "tnml_f bank"
)

NUM_COMBINATIONS=${#COMBINATIONS[@]}

if [ "$1" == "test" ]; then
    echo "SIMULATING ARRAY:"
    echo "-----------------"
    echo "Total combinations: $NUM_COMBINATIONS"
    echo ""


(... more ...)
------------------------------------------------------------

TERM_OWNER: job killed by owner.
Exited with exit code 130.

Resource usage summary:

    CPU time :                                   1536.90 sec.
    Max Memory :                                 19984 MB
    Average Memory :                             14434.33 MB
    Total Requested Memory :                     49152.00 MB
    Delta Memory :                               29168.00 MB
    Max Swap :                                   -
    Max Processes :                              4
    Max Threads :                                50
    Run time :                                   109 sec.
    Turnaround time :                            224 sec.

The output (if any) is above this job summary.



PS:

Read file <logs/28348578_17.err> for stderr output of this job.

