Task 62: Dataset=hearth, Model=cpda_typei, Experiment=cpda_ntn_sweep
[2026-05-03 13:51:34,921][HYDRA] Launching 40 jobs locally
[2026-05-03 13:51:34,921][HYDRA] 	#0 : model.L=4 model.bond_dim=64 seed=42 trainer.ridge=5 trainer.ridge_decay=0.25 trainer.ridge_min=0.0001 +experiment=cpda_ntn_sweep model=cpda_typei dataset=hearth
[2026-05-03 13:51:35,146][utils.tracking][INFO] - Loaded 18722 tracked runs from runs_tracking.csv
[2026-05-03 13:51:35,148][__main__][INFO] - ⏭ SKIP CPDATypeI/hearth/NTN L=4 bd=64 seed=42 -> /zhome/6b/e/212868/GTN/outputs/ntn/hearth/CPDATypeI_rg5_init0.1/L4_bd64_seed42 | already completed successfully (val_quality=0.5111111111111111) val=0.5111
[2026-05-03 13:51:35,151][HYDRA] 	#1 : model.L=4 model.bond_dim=64 seed=10090 trainer.ridge=5 trainer.ridge_decay=0.25 trainer.ridge_min=0.0001 +experiment=cpda_ntn_sweep model=cpda_typei dataset=hearth
[2026-05-03 13:51:35,297][__main__][INFO] - ⏭ SKIP CPDATypeI/hearth/NTN L=4 bd=64 seed=10090 -> /zhome/6b/e/212868/GTN/outputs/ntn/hearth/CPDATypeI_rg5_init0.1/L4_bd64_seed10090 | already completed successfully (val_quality=0.5111111111111111) val=0.5111
[2026-05-03 13:51:35,300][HYDRA] 	#2 : model.L=4 model.bond_dim=64 seed=32874 trainer.ridge=5 trainer.ridge_decay=0.25 trainer.ridge_min=0.0001 +experiment=cpda_ntn_sweep model=cpda_typei dataset=hearth
[2026-05-03 13:51:35,444][__main__][INFO] - ⏭ SKIP CPDATypeI/hearth/NTN L=4 bd=64 seed=32874 -> /zhome/6b/e/212868/GTN/outputs/ntn/hearth/CPDATypeI_rg5_init0.1/L4_bd64_seed32874 | already completed successfully (val_quality=0.5111111111111111) val=0.5111
[2026-05-03 13:51:35,446][HYDRA] 	#3 : model.L=4 model.bond_dim=64 seed=47311 trainer.ridge=5 trainer.ridge_decay=0.25 trainer.ridge_min=0.0001 +experiment=cpda_ntn_sweep model=cpda_typei dataset=hearth
[2026-05-03 13:51:35,605][__main__][INFO] - ⏭ SKIP CPDATypeI/hearth/NTN L=4 bd=64 seed=47311 -> /zhome/6b/e/212868/GTN/outputs/ntn/hearth/CPDATypeI_rg5_init0.1/L4_bd64_seed47311 | previous run failed with singular matrix (permanent) val=0.4000
[2026-05-03 13:51:35,608][HYDRA] 	#4 : model.L=4 model.bond_dim=64 seed=47303 trainer.ridge=5 trainer.ridge_decay=0.25 trainer.ridge_min=0.0001 +experiment=cpda_ntn_sweep model=cpda_typei dataset=hearth
[2026-05-03 13:51:35,751][__main__][INFO] - ⏭ SKIP CPDATypeI/hearth/NTN L=4 bd=64 seed=47303 -> /zhome/6b/e/212868/GTN/outputs/ntn/hearth/CPDATypeI_rg5_init0.1/L4_bd64_seed47303 | previous run failed with singular matrix (permanent) val=0.4000
[2026-05-03 13:51:35,755][HYDRA] 	#5 : model.L=4 model.bond_dim=32 seed=42 trainer.ridge=5 trainer.ridge_decay=0.25 trainer.ridge_min=0.0001 +experiment=cpda_ntn_sweep model=cpda_typei dataset=hearth
[2026-05-03 13:51:35,900][__main__][INFO] - ⏭ SKIP CPDATypeI/hearth/NTN L=4 bd=32 seed=42 -> /zhome/6b/e/212868/GTN/outputs/ntn/hearth/CPDATypeI_rg5_init0.1/L4_bd32_seed42 | already completed successfully (val_quality=0.5111111111111111) val=0.5111
[2026-05-03 13:51:35,903][HYDRA] 	#6 : model.L=4 model.bond_dim=32 seed=10090 trainer.ridge=5 trainer.ridge_decay=0.25 trainer.ridge_min=0.0001 +experiment=cpda_ntn_sweep model=cpda_typei dataset=hearth
[2026-05-03 13:51:36,047][__main__][INFO] - ⏭ SKIP CPDATypeI/hearth/NTN L=4 bd=32 seed=10090 -> /zhome/6b/e/212868/GTN/outputs/ntn/hearth/CPDATypeI_rg5_init0.1/L4_bd32_seed10090 | already completed successfully (val_quality=0.5111111111111111) val=0.5111
[2026-05-03 13:51:36,050][HYDRA] 	#7 : model.L=4 model.bond_dim=32 seed=32874 trainer.ridge=5 trainer.ridge_decay=0.25 trainer.ridge_min=0.0001 +experiment=cpda_ntn_sweep model=cpda_typei dataset=hearth
[2026-05-03 13:51:36,196][__main__][INFO] - ⏭ SKIP CPDATypeI/hearth/NTN L=4 bd=32 seed=32874 -> /zhome/6b/e/212868/GTN/outputs/ntn/hearth/CPDATypeI_rg5_init0.1/L4_bd32_seed32874 | already completed successfully (val_quality=0.5111111111111111) val=0.5111
[2026-05-03 13:51:36,199][HYDRA] 	#8 : model.L=4 model.bond_dim=32 seed=47311 trainer.ridge=5 trainer.ridge_decay=0.25 trainer.ridge_min=0.0001 +experiment=cpda_ntn_sweep model=cpda_typei dataset=hearth
[2026-05-03 13:51:36,343][__main__][INFO] - ⏭ SKIP CPDATypeI/hearth/NTN L=4 bd=32 seed=47311 -> /zhome/6b/e/212868/GTN/outputs/ntn/hearth/CPDATypeI_rg5_init0.1/L4_bd32_seed47311 | already completed successfully (val_quality=0.5111111111111111) val=0.5111
[2026-05-03 13:51:36,346][HYDRA] 	#9 : model.L=4 model.bond_dim=32 seed=47303 trainer.ridge=5 trainer.ridge_decay=0.25 trainer.ridge_min=0.0001 +experiment=cpda_ntn_sweep model=cpda_typei dataset=hearth
[2026-05-03 13:51:36,490][__main__][INFO] - ⏭ SKIP CPDATypeI/hearth/NTN L=4 bd=32 seed=47303 -> /zhome/6b/e/212868/GTN/outputs/ntn/hearth/CPDATypeI_rg5_init0.1/L4_bd32_seed47303 | already completed successfully (val_quality=0.5111111111111111) val=0.5111
[2026-05-03 13:51:36,493][HYDRA] 	#10 : model.L=4 model.bond_dim=16 seed=42 trainer.ridge=5 trainer.ridge_decay=0.25 trainer.ridge_min=0.0001 +experiment=cpda_ntn_sweep model=cpda_typei dataset=hearth
[2026-05-03 13:51:36,639][__main__][INFO] - ⏭ SKIP CPDATypeI/hearth/NTN L=4 bd=16 seed=42 -> /zhome/6b/e/212868/GTN/outputs/ntn/hearth/CPDATypeI_rg5_init0.1/L4_bd16_seed42 | already completed successfully (val_quality=0.5111111111111111) val=0.5111
[2026-05-03 13:51:36,641][HYDRA] 	#11 : model.L=4 model.bond_dim=16 seed=10090 trainer.ridge=5 trainer.ridge_decay=0.25 trainer.ridge_min=0.0001 +experiment=cpda_ntn_sweep model=cpda_typei dataset=hearth
[2026-05-03 13:51:36,792][__main__][INFO] - ⏭ SKIP CPDATypeI/hearth/NTN L=4 bd=16 seed=10090 -> /zhome/6b/e/212868/GTN/outputs/ntn/hearth/CPDATypeI_rg5_init0.1/L4_bd16_seed10090 | already completed successfully (val_quality=0.5111111111111111) val=0.5111
[2026-05-03 13:51:36,794][HYDRA] 	#12 : model.L=4 model.bond_dim=16 seed=32874 trainer.ridge=5 trainer.ridge_decay=0.25 trainer.ridge_min=0.0001 +experiment=cpda_ntn_sweep model=cpda_typei dataset=hearth
[2026-05-03 13:51:36,955][__main__][INFO] - ⏭ SKIP CPDATypeI/hearth/NTN L=4 bd=16 seed=32874 -> /zhome/6b/e/212868/GTN/outputs/ntn/hearth/CPDATypeI_rg5_init0.1/L4_bd16_seed32874 | already completed successfully (val_quality=0.5111111111111111) val=0.5111
[2026-05-03 13:51:36,957][HYDRA] 	#13 : model.L=4 model.bond_dim=16 seed=47311 trainer.ridge=5 trainer.ridge_decay=0.25 trainer.ridge_min=0.0001 +experiment=cpda_ntn_sweep model=cpda_typei dataset=hearth
[2026-05-03 13:51:37,102][__main__][INFO] - ⏭ SKIP CPDATypeI/hearth/NTN L=4 bd=16 seed=47311 -> /zhome/6b/e/212868/GTN/outputs/ntn/hearth/CPDATypeI_rg5_init0.1/L4_bd16_seed47311 | already completed successfully (val_quality=0.5111111111111111) val=0.5111
[2026-05-03 13:51:37,105][HYDRA] 	#14 : model.L=4 model.bond_dim=16 seed=47303 trainer.ridge=5 trainer.ridge_decay=0.25 trainer.ridge_min=0.0001 +experiment=cpda_ntn_sweep model=cpda_typei dataset=hearth
[2026-05-03 13:51:37,251][__main__][INFO] - ⏭ SKIP CPDATypeI/hearth/NTN L=4 bd=16 seed=47303 -> /zhome/6b/e/212868/GTN/outputs/ntn/hearth/CPDATypeI_rg5_init0.1/L4_bd16_seed47303 | already completed successfully (val_quality=0.5111111111111111) val=0.5111
[2026-05-03 13:51:37,254][HYDRA] 	#15 : model.L=4 model.bond_dim=8 seed=42 trainer.ridge=5 trainer.ridge_decay=0.25 trainer.ridge_min=0.0001 +experiment=cpda_ntn_sweep model=cpda_typei dataset=hearth
[2026-05-03 13:51:37,406][__main__][INFO] - ⏭ SKIP CPDATypeI/hearth/NTN L=4 bd=8 seed=42 -> /zhome/6b/e/212868/GTN/outputs/ntn/hearth/CPDATypeI_rg5_init0.1/L4_bd8_seed42 | already completed successfully (val_quality=0.5111111111111111) val=0.5111
[2026-05-03 13:51:37,408][HYDRA] 	#16 : model.L=4 model.bond_dim=8 seed=10090 trainer.ridge=5 trainer.ridge_decay=0.25 trainer.ridge_min=0.0001 +experiment=cpda_ntn_sweep model=cpda_typei dataset=hearth
[2026-05-03 13:51:37,551][__main__][INFO] - ⏭ SKIP CPDATypeI/hearth/NTN L=4 bd=8 seed=10090 -> /zhome/6b/e/212868/GTN/outputs/ntn/hearth/CPDATypeI_rg5_init0.1/L4_bd8_seed10090 | already completed successfully (val_quality=0.5111111111111111) val=0.5111
[2026-05-03 13:51:37,554][HYDRA] 	#17 : model.L=4 model.bond_dim=8 seed=32874 trainer.ridge=5 trainer.ridge_decay=0.25 trainer.ridge_min=0.0001 +experiment=cpda_ntn_sweep model=cpda_typei dataset=hearth
[2026-05-03 13:51:37,696][__main__][INFO] - ⏭ SKIP CPDATypeI/hearth/NTN L=4 bd=8 seed=32874 -> /zhome/6b/e/212868/GTN/outputs/ntn/hearth/CPDATypeI_rg5_init0.1/L4_bd8_seed32874 | already completed successfully (val_quality=0.5111111111111111) val=0.5111
[2026-05-03 13:51:37,698][HYDRA] 	#18 : model.L=4 model.bond_dim=8 seed=47311 trainer.ridge=5 trainer.ridge_decay=0.25 trainer.ridge_min=0.0001 +experiment=cpda_ntn_sweep model=cpda_typei dataset=hearth
[2026-05-03 13:51:37,843][__main__][INFO] - ⏭ SKIP CPDATypeI/hearth/NTN L=4 bd=8 seed=47311 -> /zhome/6b/e/212868/GTN/outputs/ntn/hearth/CPDATypeI_rg5_init0.1/L4_bd8_seed47311 | already completed successfully (val_quality=0.5111111111111111) val=0.5111
[2026-05-03 13:51:37,846][HYDRA] 	#19 : model.L=4 model.bond_dim=8 seed=47303 trainer.ridge=5 trainer.ridge_decay=0.25 trainer.ridge_min=0.0001 +experiment=cpda_ntn_sweep model=cpda_typei dataset=hearth
[2026-05-03 13:51:37,993][__main__][INFO] - ⏭ SKIP CPDATypeI/hearth/NTN L=4 bd=8 seed=47303 -> /zhome/6b/e/212868/GTN/outputs/ntn/hearth/CPDATypeI_rg5_init0.1/L4_bd8_seed47303 | already completed successfully (val_quality=0.5111111111111111) val=0.5111
[2026-05-03 13:51:37,995][HYDRA] 	#20 : model.L=3 model.bond_dim=64 seed=42 trainer.ridge=5 trainer.ridge_decay=0.25 trainer.ridge_min=0.0001 +experiment=cpda_ntn_sweep model=cpda_typei dataset=hearth
[2026-05-03 13:51:38,141][__main__][INFO] - ⏭ SKIP CPDATypeI/hearth/NTN L=3 bd=64 seed=42 -> /zhome/6b/e/212868/GTN/outputs/ntn/hearth/CPDATypeI_rg5_init0.1/L3_bd64_seed42 | already completed successfully (val_quality=0.5111111111111111) val=0.5111
[2026-05-03 13:51:38,144][HYDRA] 	#21 : model.L=3 model.bond_dim=64 seed=10090 trainer.ridge=5 trainer.ridge_decay=0.25 trainer.ridge_min=0.0001 +experiment=cpda_ntn_sweep model=cpda_typei dataset=hearth
[2026-05-03 13:51:38,290][__main__][INFO] - ⏭ SKIP CPDATypeI/hearth/NTN L=3 bd=64 seed=10090 -> /zhome/6b/e/212868/GTN/outputs/ntn/hearth/CPDATypeI_rg5_init0.1/L3_bd64_seed10090 | already completed successfully (val_quality=0.5111111111111111) val=0.5111
[2026-05-03 13:51:38,292][HYDRA] 	#22 : model.L=3 model.bond_dim=64 seed=32874 trainer.ridge=5 trainer.ridge_decay=0.25 trainer.ridge_min=0.0001 +experiment=cpda_ntn_sweep model=cpda_typei dataset=hearth
[2026-05-03 13:51:38,435][__main__][INFO] - ⏭ SKIP CPDATypeI/hearth/NTN L=3 bd=64 seed=32874 -> /zhome/6b/e/212868/GTN/outputs/ntn/hearth/CPDATypeI_rg5_init0.1/L3_bd64_seed32874 | already completed successfully (val_quality=0.5111111111111111) val=0.5111
[2026-05-03 13:51:38,437][HYDRA] 	#23 : model.L=3 model.bond_dim=64 seed=47311 trainer.ridge=5 trainer.ridge_decay=0.25 trainer.ridge_min=0.0001 +experiment=cpda_ntn_sweep model=cpda_typei dataset=hearth
[2026-05-03 13:51:38,581][__main__][INFO] - ⏭ SKIP CPDATypeI/hearth/NTN L=3 bd=64 seed=47311 -> /zhome/6b/e/212868/GTN/outputs/ntn/hearth/CPDATypeI_rg5_init0.1/L3_bd64_seed47311 | already completed successfully (val_quality=0.5111111111111111) val=0.5111
[2026-05-03 13:51:38,584][HYDRA] 	#24 : model.L=3 model.bond_dim=64 seed=47303 trainer.ridge=5 trainer.ridge_decay=0.25 trainer.ridge_min=0.0001 +experiment=cpda_ntn_sweep model=cpda_typei dataset=hearth
[2026-05-03 13:51:38,934][__main__][INFO] - ⏭ SKIP CPDATypeI/hearth/NTN L=3 bd=64 seed=47303 -> /zhome/6b/e/212868/GTN/outputs/ntn/hearth/CPDATypeI_rg5_init0.1/L3_bd64_seed47303 | already completed successfully (val_quality=0.5111111111111111) val=0.5111
[2026-05-03 13:51:38,936][HYDRA] 	#25 : model.L=3 model.bond_dim=32 seed=42 trainer.ridge=5 trainer.ridge_decay=0.25 trainer.ridge_min=0.0001 +experiment=cpda_ntn_sweep model=cpda_typei dataset=hearth
[2026-05-03 13:51:39,079][__main__][INFO] - ⏭ SKIP CPDATypeI/hearth/NTN L=3 bd=32 seed=42 -> /zhome/6b/e/212868/GTN/outputs/ntn/hearth/CPDATypeI_rg5_init0.1/L3_bd32_seed42 | already completed successfully (val_quality=0.5111111111111111) val=0.5111
[2026-05-03 13:51:39,081][HYDRA] 	#26 : model.L=3 model.bond_dim=32 seed=10090 trainer.ridge=5 trainer.ridge_decay=0.25 trainer.ridge_min=0.0001 +experiment=cpda_ntn_sweep model=cpda_typei dataset=hearth
[2026-05-03 13:51:39,224][__main__][INFO] - ⏭ SKIP CPDATypeI/hearth/NTN L=3 bd=32 seed=10090 -> /zhome/6b/e/212868/GTN/outputs/ntn/hearth/CPDATypeI_rg5_init0.1/L3_bd32_seed10090 | already completed successfully (val_quality=0.5111111111111111) val=0.5111
[2026-05-03 13:51:39,226][HYDRA] 	#27 : model.L=3 model.bond_dim=32 seed=32874 trainer.ridge=5 trainer.ridge_decay=0.25 trainer.ridge_min=0.0001 +experiment=cpda_ntn_sweep model=cpda_typei dataset=hearth
[2026-05-03 13:51:39,373][__main__][INFO] - ⏭ SKIP CPDATypeI/hearth/NTN L=3 bd=32 seed=32874 -> /zhome/6b/e/212868/GTN/outputs/ntn/hearth/CPDATypeI_rg5_init0.1/L3_bd32_seed32874 | already completed successfully (val_quality=0.5111111111111111) val=0.5111
[2026-05-03 13:51:39,375][HYDRA] 	#28 : model.L=3 model.bond_dim=32 seed=47311 trainer.ridge=5 trainer.ridge_decay=0.25 trainer.ridge_min=0.0001 +experiment=cpda_ntn_sweep model=cpda_typei dataset=hearth
[2026-05-03 13:51:39,526][__main__][INFO] - ⏭ SKIP CPDATypeI/hearth/NTN L=3 bd=32 seed=47311 -> /zhome/6b/e/212868/GTN/outputs/ntn/hearth/CPDATypeI_rg5_init0.1/L3_bd32_seed47311 | already completed successfully (val_quality=0.5111111111111111) val=0.5111
[2026-05-03 13:51:39,529][HYDRA] 	#29 : model.L=3 model.bond_dim=32 seed=47303 trainer.ridge=5 trainer.ridge_decay=0.25 trainer.ridge_min=0.0001 +experiment=cpda_ntn_sweep model=cpda_typei dataset=hearth
[2026-05-03 13:51:39,671][__main__][INFO] - ⏭ SKIP CPDATypeI/hearth/NTN L=3 bd=32 seed=47303 -> /zhome/6b/e/212868/GTN/outputs/ntn/hearth/CPDATypeI_rg5_init0.1/L3_bd32_seed47303 | already completed successfully (val_quality=0.5111111111111111) val=0.5111
[2026-05-03 13:51:39,673][HYDRA] 	#30 : model.L=3 model.bond_dim=16 seed=42 trainer.ridge=5 trainer.ridge_decay=0.25 trainer.ridge_min=0.0001 +experiment=cpda_ntn_sweep model=cpda_typei dataset=hearth
[2026-05-03 13:51:39,839][__main__][INFO] - ⏭ SKIP CPDATypeI/hearth/NTN L=3 bd=16 seed=42 -> /zhome/6b/e/212868/GTN/outputs/ntn/hearth/CPDATypeI_rg5_init0.1/L3_bd16_seed42 | already completed successfully (val_quality=0.5111111111111111) val=0.5111
[2026-05-03 13:51:39,841][HYDRA] 	#31 : model.L=3 model.bond_dim=16 seed=10090 trainer.ridge=5 trainer.ridge_decay=0.25 trainer.ridge_min=0.0001 +experiment=cpda_ntn_sweep model=cpda_typei dataset=hearth
[2026-05-03 13:51:39,985][__main__][INFO] - ⏭ SKIP CPDATypeI/hearth/NTN L=3 bd=16 seed=10090 -> /zhome/6b/e/212868/GTN/outputs/ntn/hearth/CPDATypeI_rg5_init0.1/L3_bd16_seed10090 | already completed successfully (val_quality=0.5111111111111111) val=0.5111
[2026-05-03 13:51:39,987][HYDRA] 	#32 : model.L=3 model.bond_dim=16 seed=32874 trainer.ridge=5 trainer.ridge_decay=0.25 trainer.ridge_min=0.0001 +experiment=cpda_ntn_sweep model=cpda_typei dataset=hearth
[2026-05-03 13:51:40,130][__main__][INFO] - ⏭ SKIP CPDATypeI/hearth/NTN L=3 bd=16 seed=32874 -> /zhome/6b/e/212868/GTN/outputs/ntn/hearth/CPDATypeI_rg5_init0.1/L3_bd16_seed32874 | already completed successfully (val_quality=0.5111111111111111) val=0.5111
[2026-05-03 13:51:40,133][HYDRA] 	#33 : model.L=3 model.bond_dim=16 seed=47311 trainer.ridge=5 trainer.ridge_decay=0.25 trainer.ridge_min=0.0001 +experiment=cpda_ntn_sweep model=cpda_typei dataset=hearth
[2026-05-03 13:51:40,275][__main__][INFO] - ⏭ SKIP CPDATypeI/hearth/NTN L=3 bd=16 seed=47311 -> /zhome/6b/e/212868/GTN/outputs/ntn/hearth/CPDATypeI_rg5_init0.1/L3_bd16_seed47311 | already completed successfully (val_quality=0.5111111111111111) val=0.5111
[2026-05-03 13:51:40,278][HYDRA] 	#34 : model.L=3 model.bond_dim=16 seed=47303 trainer.ridge=5 trainer.ridge_decay=0.25 trainer.ridge_min=0.0001 +experiment=cpda_ntn_sweep model=cpda_typei dataset=hearth
[2026-05-03 13:51:40,425][__main__][INFO] - ⏭ SKIP CPDATypeI/hearth/NTN L=3 bd=16 seed=47303 -> /zhome/6b/e/212868/GTN/outputs/ntn/hearth/CPDATypeI_rg5_init0.1/L3_bd16_seed47303 | already completed successfully (val_quality=0.4888888888888889) val=0.4889
[2026-05-03 13:51:40,427][HYDRA] 	#35 : model.L=3 model.bond_dim=8 seed=42 trainer.ridge=5 trainer.ridge_decay=0.25 trainer.ridge_min=0.0001 +experiment=cpda_ntn_sweep model=cpda_typei dataset=hearth
[2026-05-03 13:51:40,578][__main__][INFO] - ⏭ SKIP CPDATypeI/hearth/NTN L=3 bd=8 seed=42 -> /zhome/6b/e/212868/GTN/outputs/ntn/hearth/CPDATypeI_rg5_init0.1/L3_bd8_seed42 | already completed successfully (val_quality=0.5555555555555556) val=0.5556
[2026-05-03 13:51:40,580][HYDRA] 	#36 : model.L=3 model.bond_dim=8 seed=10090 trainer.ridge=5 trainer.ridge_decay=0.25 trainer.ridge_min=0.0001 +experiment=cpda_ntn_sweep model=cpda_typei dataset=hearth
[2026-05-03 13:51:40,724][__main__][INFO] - ⏭ SKIP CPDATypeI/hearth/NTN L=3 bd=8 seed=10090 -> /zhome/6b/e/212868/GTN/outputs/ntn/hearth/CPDATypeI_rg5_init0.1/L3_bd8_seed10090 | already completed successfully (val_quality=0.5111111111111111) val=0.5111
[2026-05-03 13:51:40,726][HYDRA] 	#37 : model.L=3 model.bond_dim=8 seed=32874 trainer.ridge=5 trainer.ridge_decay=0.25 trainer.ridge_min=0.0001 +experiment=cpda_ntn_sweep model=cpda_typei dataset=hearth
[2026-05-03 13:51:40,868][__main__][INFO] - ⏭ SKIP CPDATypeI/hearth/NTN L=3 bd=8 seed=32874 -> /zhome/6b/e/212868/GTN/outputs/ntn/hearth/CPDATypeI_rg5_init0.1/L3_bd8_seed32874 | already completed successfully (val_quality=0.5555555555555556) val=0.5556
[2026-05-03 13:51:40,871][HYDRA] 	#38 : model.L=3 model.bond_dim=8 seed=47311 trainer.ridge=5 trainer.ridge_decay=0.25 trainer.ridge_min=0.0001 +experiment=cpda_ntn_sweep model=cpda_typei dataset=hearth
[2026-05-03 13:51:41,017][__main__][INFO] - ⏭ SKIP CPDATypeI/hearth/NTN L=3 bd=8 seed=47311 -> /zhome/6b/e/212868/GTN/outputs/ntn/hearth/CPDATypeI_rg5_init0.1/L3_bd8_seed47311 | already completed successfully (val_quality=0.5111111111111111) val=0.5111
[2026-05-03 13:51:41,019][HYDRA] 	#39 : model.L=3 model.bond_dim=8 seed=47303 trainer.ridge=5 trainer.ridge_decay=0.25 trainer.ridge_min=0.0001 +experiment=cpda_ntn_sweep model=cpda_typei dataset=hearth
[2026-05-03 13:51:41,163][__main__][INFO] - ⏭ SKIP CPDATypeI/hearth/NTN L=3 bd=8 seed=47303 -> /zhome/6b/e/212868/GTN/outputs/ntn/hearth/CPDATypeI_rg5_init0.1/L3_bd8_seed47303 | already completed successfully (val_quality=0.5111111111111111) val=0.5111

------------------------------------------------------------
Sender: LSF System <lsfadmin@hpc.dtu.dk>
Subject: Job 28341043[62]: <ntn_grid_full[1-150]%20> in cluster <dcc> Done

Job <ntn_grid_full[1-150]%20> was submitted from host <hpclogin1> by user <nicci> in cluster <dcc> at Sun May  3 13:49:48 2026
Job was executed on host(s) <6*n-62-11-57>, in queue <hpc>, as user <nicci> in cluster <dcc> at Sun May  3 13:51:24 2026
</zhome/6b/e/212868> was used as the home directory.
</zhome/6b/e/212868/GTN> was used as the working directory.
Started at Sun May  3 13:51:24 2026
Terminated at Sun May  3 13:51:42 2026
Results reported at Sun May  3 13:51:42 2026

Your job looked like:

------------------------------------------------------------
# LSBATCH: User input
#!/bin/bash
#BSUB -q hpc
#BSUB -J "ntn_grid_full[1-150]%20"
#BSUB -W 8:00
#BSUB -n 6
#BSUB -R "rusage[mem=3GB]"
#BSUB -R "span[hosts=1]"
#BSUB -o logs/%J_%I.out
#BSUB -e logs/%J_%I.err

MODELS=("cpda" "cpda_typei" "lmpo2" "lmpo2_typei" "mpo2" "mpo2_typei" "mmpo2" "mmpo2_typei" "tnml_f" "tnml_p")

DATASETS=(
    "abalone" "adult" "ai4i" "appliances" "bank" "bike" "breast"
    "car_evaluation" "concrete" "energy_efficiency" "hearth"
    "iris" "mushrooms" "obesity" "popularity" "realstate"
    "seoulBike" "student_dropout" "student_perf" "wine"
    "winequalityc"
)

COMPLETED_DATASETS=(
    "abalone" "bike" "concrete" "energy_efficiency"
    "iris" "realstate" )

# Filter datasets
FILTERED_DATASETS=()
for ds in "${DATASETS[@]}"; do
    skip=false
    for completed in "${COMPLETED_DATASETS[@]}"; do
        if [[ "$ds" == "$completed" ]]; then
            skip=true
            break
        fi
    done

    if ! $skip; then
        FILTERED_DATASETS+=("$ds")
    fi
done

DATASETS=("${FILTERED_DATASETS[@]}")

NUM_MODELS=${#MODELS[@]}
NUM_DATASETS=${#DATASETS[@]}
NUM_EXPERIMENTS=$((NUM_DATASETS * NUM_MODELS))

if [ "$1" == "test" ]; then
    echo "SIMULATING ARRAY:"
    echo "-----------------"


(... more ...)
------------------------------------------------------------

Successfully completed.

Resource usage summary:

    CPU time :                                   15.01 sec.
    Max Memory :                                 396 MB
    Average Memory :                             396.00 MB
    Total Requested Memory :                     18432.00 MB
    Delta Memory :                               18036.00 MB
    Max Swap :                                   -
    Max Processes :                              4
    Max Threads :                                15
    Run time :                                   18 sec.
    Turnaround time :                            114 sec.

The output (if any) is above this job summary.



PS:

Read file <logs/28341043_62.err> for stderr output of this job.

