Task 90: Dataset=obesity, Model=tnml_p, Experiment=uci_ntn_sweep
[2026-05-03 13:52:40,458][HYDRA] Launching 30 jobs locally
[2026-05-03 13:52:40,458][HYDRA] 	#0 : model.L=4 model.bond_dim=12 seed=42 trainer.ridge=5 trainer.ridge_decay=0.25 trainer.ridge_min=0.0001 +experiment=uci_ntn_sweep model=tnml_p dataset=obesity
[2026-05-03 13:52:40,942][utils.tracking][INFO] - Loaded 18722 tracked runs from runs_tracking.csv
[2026-05-03 13:52:40,945][__main__][INFO] - ⏭ SKIP TNML_P/obesity/NTN L=4 bd=12 seed=42 -> /zhome/6b/e/212868/GTN/outputs/ntn/obesity/TNML_P_rg5_init0.1/L4_bd12_seed42 | already completed successfully (val_quality=-0.2507762351853386) val=-0.2508
[2026-05-03 13:52:40,947][HYDRA] 	#1 : model.L=4 model.bond_dim=12 seed=10090 trainer.ridge=5 trainer.ridge_decay=0.25 trainer.ridge_min=0.0001 +experiment=uci_ntn_sweep model=tnml_p dataset=obesity
[2026-05-03 13:52:41,092][__main__][INFO] - ⏭ SKIP TNML_P/obesity/NTN L=4 bd=12 seed=10090 -> /zhome/6b/e/212868/GTN/outputs/ntn/obesity/TNML_P_rg5_init0.1/L4_bd12_seed10090 | already completed successfully (val_quality=-2.2832972166088443) val=-2.2833
[2026-05-03 13:52:41,094][HYDRA] 	#2 : model.L=4 model.bond_dim=12 seed=32874 trainer.ridge=5 trainer.ridge_decay=0.25 trainer.ridge_min=0.0001 +experiment=uci_ntn_sweep model=tnml_p dataset=obesity
[2026-05-03 13:52:41,238][__main__][INFO] - ⏭ SKIP TNML_P/obesity/NTN L=4 bd=12 seed=32874 -> /zhome/6b/e/212868/GTN/outputs/ntn/obesity/TNML_P_rg5_init0.1/L4_bd12_seed32874 | already completed successfully (val_quality=-1.2782817037104648) val=-1.2783
[2026-05-03 13:52:41,241][HYDRA] 	#3 : model.L=4 model.bond_dim=12 seed=47311 trainer.ridge=5 trainer.ridge_decay=0.25 trainer.ridge_min=0.0001 +experiment=uci_ntn_sweep model=tnml_p dataset=obesity
[2026-05-03 13:52:41,387][__main__][INFO] - ⏭ SKIP TNML_P/obesity/NTN L=4 bd=12 seed=47311 -> /zhome/6b/e/212868/GTN/outputs/ntn/obesity/TNML_P_rg5_init0.1/L4_bd12_seed47311 | already completed successfully (val_quality=-2.470071614083715) val=-2.4701
[2026-05-03 13:52:41,389][HYDRA] 	#4 : model.L=4 model.bond_dim=12 seed=47303 trainer.ridge=5 trainer.ridge_decay=0.25 trainer.ridge_min=0.0001 +experiment=uci_ntn_sweep model=tnml_p dataset=obesity
[2026-05-03 13:52:41,537][__main__][INFO] - ⏭ SKIP TNML_P/obesity/NTN L=4 bd=12 seed=47303 -> /zhome/6b/e/212868/GTN/outputs/ntn/obesity/TNML_P_rg5_init0.1/L4_bd12_seed47303 | already completed successfully (val_quality=-2.301600561031118) val=-2.3016
[2026-05-03 13:52:41,540][HYDRA] 	#5 : model.L=4 model.bond_dim=8 seed=42 trainer.ridge=5 trainer.ridge_decay=0.25 trainer.ridge_min=0.0001 +experiment=uci_ntn_sweep model=tnml_p dataset=obesity
[2026-05-03 13:52:41,685][__main__][INFO] - ⏭ SKIP TNML_P/obesity/NTN L=4 bd=8 seed=42 -> /zhome/6b/e/212868/GTN/outputs/ntn/obesity/TNML_P_rg5_init0.1/L4_bd8_seed42 | already completed successfully (val_quality=-2.491761686892571) val=-2.4918
[2026-05-03 13:52:41,687][HYDRA] 	#6 : model.L=4 model.bond_dim=8 seed=10090 trainer.ridge=5 trainer.ridge_decay=0.25 trainer.ridge_min=0.0001 +experiment=uci_ntn_sweep model=tnml_p dataset=obesity
[2026-05-03 13:52:41,832][__main__][INFO] - ⏭ SKIP TNML_P/obesity/NTN L=4 bd=8 seed=10090 -> /zhome/6b/e/212868/GTN/outputs/ntn/obesity/TNML_P_rg5_init0.1/L4_bd8_seed10090 | already completed successfully (val_quality=-2.491787465355185) val=-2.4918
[2026-05-03 13:52:41,834][HYDRA] 	#7 : model.L=4 model.bond_dim=8 seed=32874 trainer.ridge=5 trainer.ridge_decay=0.25 trainer.ridge_min=0.0001 +experiment=uci_ntn_sweep model=tnml_p dataset=obesity
[2026-05-03 13:52:41,985][__main__][INFO] - ⏭ SKIP TNML_P/obesity/NTN L=4 bd=8 seed=32874 -> /zhome/6b/e/212868/GTN/outputs/ntn/obesity/TNML_P_rg5_init0.1/L4_bd8_seed32874 | already completed successfully (val_quality=-0.3650748389260494) val=-0.3651
[2026-05-03 13:52:41,988][HYDRA] 	#8 : model.L=4 model.bond_dim=8 seed=47311 trainer.ridge=5 trainer.ridge_decay=0.25 trainer.ridge_min=0.0001 +experiment=uci_ntn_sweep model=tnml_p dataset=obesity
[2026-05-03 13:52:42,138][__main__][INFO] - ⏭ SKIP TNML_P/obesity/NTN L=4 bd=8 seed=47311 -> /zhome/6b/e/212868/GTN/outputs/ntn/obesity/TNML_P_rg5_init0.1/L4_bd8_seed47311 | already completed successfully (val_quality=-2.4917437106735267) val=-2.4917
[2026-05-03 13:52:42,140][HYDRA] 	#9 : model.L=4 model.bond_dim=8 seed=47303 trainer.ridge=5 trainer.ridge_decay=0.25 trainer.ridge_min=0.0001 +experiment=uci_ntn_sweep model=tnml_p dataset=obesity
[2026-05-03 13:52:42,299][__main__][INFO] - ⏭ SKIP TNML_P/obesity/NTN L=4 bd=8 seed=47303 -> /zhome/6b/e/212868/GTN/outputs/ntn/obesity/TNML_P_rg5_init0.1/L4_bd8_seed47303 | already completed successfully (val_quality=-2.4918148226070973) val=-2.4918
[2026-05-03 13:52:42,305][HYDRA] 	#10 : model.L=4 model.bond_dim=4 seed=42 trainer.ridge=5 trainer.ridge_decay=0.25 trainer.ridge_min=0.0001 +experiment=uci_ntn_sweep model=tnml_p dataset=obesity
[2026-05-03 13:52:42,455][__main__][INFO] - ⏭ SKIP TNML_P/obesity/NTN L=4 bd=4 seed=42 -> /zhome/6b/e/212868/GTN/outputs/ntn/obesity/TNML_P_rg5_init0.1/L4_bd4_seed42 | already completed successfully (val_quality=0.0964808748508112) val=0.0965
[2026-05-03 13:52:42,457][HYDRA] 	#11 : model.L=4 model.bond_dim=4 seed=10090 trainer.ridge=5 trainer.ridge_decay=0.25 trainer.ridge_min=0.0001 +experiment=uci_ntn_sweep model=tnml_p dataset=obesity
[2026-05-03 13:52:42,609][__main__][INFO] - ⏭ SKIP TNML_P/obesity/NTN L=4 bd=4 seed=10090 -> /zhome/6b/e/212868/GTN/outputs/ntn/obesity/TNML_P_rg5_init0.1/L4_bd4_seed10090 | already completed successfully (val_quality=0.194022672704019) val=0.1940
[2026-05-03 13:52:42,612][HYDRA] 	#12 : model.L=4 model.bond_dim=4 seed=32874 trainer.ridge=5 trainer.ridge_decay=0.25 trainer.ridge_min=0.0001 +experiment=uci_ntn_sweep model=tnml_p dataset=obesity
[2026-05-03 13:52:42,759][__main__][INFO] - ⏭ SKIP TNML_P/obesity/NTN L=4 bd=4 seed=32874 -> /zhome/6b/e/212868/GTN/outputs/ntn/obesity/TNML_P_rg5_init0.1/L4_bd4_seed32874 | already completed successfully (val_quality=-0.0627226919552035) val=-0.0627
[2026-05-03 13:52:42,762][HYDRA] 	#13 : model.L=4 model.bond_dim=4 seed=47311 trainer.ridge=5 trainer.ridge_decay=0.25 trainer.ridge_min=0.0001 +experiment=uci_ntn_sweep model=tnml_p dataset=obesity
[2026-05-03 13:52:42,913][__main__][INFO] - ⏭ SKIP TNML_P/obesity/NTN L=4 bd=4 seed=47311 -> /zhome/6b/e/212868/GTN/outputs/ntn/obesity/TNML_P_rg5_init0.1/L4_bd4_seed47311 | already completed successfully (val_quality=-2.482090730658485) val=-2.4821
[2026-05-03 13:52:42,915][HYDRA] 	#14 : model.L=4 model.bond_dim=4 seed=47303 trainer.ridge=5 trainer.ridge_decay=0.25 trainer.ridge_min=0.0001 +experiment=uci_ntn_sweep model=tnml_p dataset=obesity
[2026-05-03 13:52:43,067][__main__][INFO] - ⏭ SKIP TNML_P/obesity/NTN L=4 bd=4 seed=47303 -> /zhome/6b/e/212868/GTN/outputs/ntn/obesity/TNML_P_rg5_init0.1/L4_bd4_seed47303 | already completed successfully (val_quality=-1.1984984828561591) val=-1.1985
[2026-05-03 13:52:43,069][HYDRA] 	#15 : model.L=3 model.bond_dim=12 seed=42 trainer.ridge=5 trainer.ridge_decay=0.25 trainer.ridge_min=0.0001 +experiment=uci_ntn_sweep model=tnml_p dataset=obesity
[2026-05-03 13:52:43,219][__main__][INFO] - ⏭ SKIP TNML_P/obesity/NTN L=3 bd=12 seed=42 -> /zhome/6b/e/212868/GTN/outputs/ntn/obesity/TNML_P_rg5_init0.1/L3_bd12_seed42 | already completed successfully (val_quality=0.3555000280133304) val=0.3555
[2026-05-03 13:52:43,221][HYDRA] 	#16 : model.L=3 model.bond_dim=12 seed=10090 trainer.ridge=5 trainer.ridge_decay=0.25 trainer.ridge_min=0.0001 +experiment=uci_ntn_sweep model=tnml_p dataset=obesity
[2026-05-03 13:52:43,403][__main__][INFO] - ⏭ SKIP TNML_P/obesity/NTN L=3 bd=12 seed=10090 -> /zhome/6b/e/212868/GTN/outputs/ntn/obesity/TNML_P_rg5_init0.1/L3_bd12_seed10090 | already completed successfully (val_quality=-1.4683973246709363) val=-1.4684
[2026-05-03 13:52:43,406][HYDRA] 	#17 : model.L=3 model.bond_dim=12 seed=32874 trainer.ridge=5 trainer.ridge_decay=0.25 trainer.ridge_min=0.0001 +experiment=uci_ntn_sweep model=tnml_p dataset=obesity
[2026-05-03 13:52:43,561][__main__][INFO] - ⏭ SKIP TNML_P/obesity/NTN L=3 bd=12 seed=32874 -> /zhome/6b/e/212868/GTN/outputs/ntn/obesity/TNML_P_rg5_init0.1/L3_bd12_seed32874 | already completed successfully (val_quality=0.2627301015541846) val=0.2627
[2026-05-03 13:52:43,565][HYDRA] 	#18 : model.L=3 model.bond_dim=12 seed=47311 trainer.ridge=5 trainer.ridge_decay=0.25 trainer.ridge_min=0.0001 +experiment=uci_ntn_sweep model=tnml_p dataset=obesity
[2026-05-03 13:52:43,722][__main__][INFO] - ⏭ SKIP TNML_P/obesity/NTN L=3 bd=12 seed=47311 -> /zhome/6b/e/212868/GTN/outputs/ntn/obesity/TNML_P_rg5_init0.1/L3_bd12_seed47311 | already completed successfully (val_quality=0.0900256468644998) val=0.0900
[2026-05-03 13:52:43,725][HYDRA] 	#19 : model.L=3 model.bond_dim=12 seed=47303 trainer.ridge=5 trainer.ridge_decay=0.25 trainer.ridge_min=0.0001 +experiment=uci_ntn_sweep model=tnml_p dataset=obesity
[2026-05-03 13:52:43,878][__main__][INFO] - ⏭ SKIP TNML_P/obesity/NTN L=3 bd=12 seed=47303 -> /zhome/6b/e/212868/GTN/outputs/ntn/obesity/TNML_P_rg5_init0.1/L3_bd12_seed47303 | already completed successfully (val_quality=0.4043496031372813) val=0.4043
[2026-05-03 13:52:43,880][HYDRA] 	#20 : model.L=3 model.bond_dim=8 seed=42 trainer.ridge=5 trainer.ridge_decay=0.25 trainer.ridge_min=0.0001 +experiment=uci_ntn_sweep model=tnml_p dataset=obesity
[2026-05-03 13:52:44,029][__main__][INFO] - ⏭ SKIP TNML_P/obesity/NTN L=3 bd=8 seed=42 -> /zhome/6b/e/212868/GTN/outputs/ntn/obesity/TNML_P_rg5_init0.1/L3_bd8_seed42 | already completed successfully (val_quality=-2.472205432818209) val=-2.4722
[2026-05-03 13:52:44,031][HYDRA] 	#21 : model.L=3 model.bond_dim=8 seed=10090 trainer.ridge=5 trainer.ridge_decay=0.25 trainer.ridge_min=0.0001 +experiment=uci_ntn_sweep model=tnml_p dataset=obesity
[2026-05-03 13:52:44,185][__main__][INFO] - ⏭ SKIP TNML_P/obesity/NTN L=3 bd=8 seed=10090 -> /zhome/6b/e/212868/GTN/outputs/ntn/obesity/TNML_P_rg5_init0.1/L3_bd8_seed10090 | already completed successfully (val_quality=-2.4720859496673846) val=-2.4721
[2026-05-03 13:52:44,188][HYDRA] 	#22 : model.L=3 model.bond_dim=8 seed=32874 trainer.ridge=5 trainer.ridge_decay=0.25 trainer.ridge_min=0.0001 +experiment=uci_ntn_sweep model=tnml_p dataset=obesity
[2026-05-03 13:52:44,337][__main__][INFO] - ⏭ SKIP TNML_P/obesity/NTN L=3 bd=8 seed=32874 -> /zhome/6b/e/212868/GTN/outputs/ntn/obesity/TNML_P_rg5_init0.1/L3_bd8_seed32874 | already completed successfully (val_quality=0.5037508678457627) val=0.5038
[2026-05-03 13:52:44,339][HYDRA] 	#23 : model.L=3 model.bond_dim=8 seed=47311 trainer.ridge=5 trainer.ridge_decay=0.25 trainer.ridge_min=0.0001 +experiment=uci_ntn_sweep model=tnml_p dataset=obesity
[2026-05-03 13:52:44,512][__main__][INFO] - ⏭ SKIP TNML_P/obesity/NTN L=3 bd=8 seed=47311 -> /zhome/6b/e/212868/GTN/outputs/ntn/obesity/TNML_P_rg5_init0.1/L3_bd8_seed47311 | already completed successfully (val_quality=-1.6284924182852802) val=-1.6285
[2026-05-03 13:52:44,515][HYDRA] 	#24 : model.L=3 model.bond_dim=8 seed=47303 trainer.ridge=5 trainer.ridge_decay=0.25 trainer.ridge_min=0.0001 +experiment=uci_ntn_sweep model=tnml_p dataset=obesity
[2026-05-03 13:52:44,670][__main__][INFO] - ⏭ SKIP TNML_P/obesity/NTN L=3 bd=8 seed=47303 -> /zhome/6b/e/212868/GTN/outputs/ntn/obesity/TNML_P_rg5_init0.1/L3_bd8_seed47303 | already completed successfully (val_quality=-2.472236095826564) val=-2.4722
[2026-05-03 13:52:44,672][HYDRA] 	#25 : model.L=3 model.bond_dim=4 seed=42 trainer.ridge=5 trainer.ridge_decay=0.25 trainer.ridge_min=0.0001 +experiment=uci_ntn_sweep model=tnml_p dataset=obesity
[2026-05-03 13:52:44,822][__main__][INFO] - ⏭ SKIP TNML_P/obesity/NTN L=3 bd=4 seed=42 -> /zhome/6b/e/212868/GTN/outputs/ntn/obesity/TNML_P_rg5_init0.1/L3_bd4_seed42 | already completed successfully (val_quality=-2.376010091632372) val=-2.3760
[2026-05-03 13:52:44,825][HYDRA] 	#26 : model.L=3 model.bond_dim=4 seed=10090 trainer.ridge=5 trainer.ridge_decay=0.25 trainer.ridge_min=0.0001 +experiment=uci_ntn_sweep model=tnml_p dataset=obesity
[2026-05-03 13:52:45,241][__main__][INFO] - ⏭ SKIP TNML_P/obesity/NTN L=3 bd=4 seed=10090 -> /zhome/6b/e/212868/GTN/outputs/ntn/obesity/TNML_P_rg5_init0.1/L3_bd4_seed10090 | already completed successfully (val_quality=-2.37614859400516) val=-2.3761
[2026-05-03 13:52:45,243][HYDRA] 	#27 : model.L=3 model.bond_dim=4 seed=32874 trainer.ridge=5 trainer.ridge_decay=0.25 trainer.ridge_min=0.0001 +experiment=uci_ntn_sweep model=tnml_p dataset=obesity
[2026-05-03 13:52:45,387][__main__][INFO] - ⏭ SKIP TNML_P/obesity/NTN L=3 bd=4 seed=32874 -> /zhome/6b/e/212868/GTN/outputs/ntn/obesity/TNML_P_rg5_init0.1/L3_bd4_seed32874 | already completed successfully (val_quality=-2.375530773045706) val=-2.3755
[2026-05-03 13:52:45,390][HYDRA] 	#28 : model.L=3 model.bond_dim=4 seed=47311 trainer.ridge=5 trainer.ridge_decay=0.25 trainer.ridge_min=0.0001 +experiment=uci_ntn_sweep model=tnml_p dataset=obesity
[2026-05-03 13:52:45,538][__main__][INFO] - ⏭ SKIP TNML_P/obesity/NTN L=3 bd=4 seed=47311 -> /zhome/6b/e/212868/GTN/outputs/ntn/obesity/TNML_P_rg5_init0.1/L3_bd4_seed47311 | already completed successfully (val_quality=0.5230646683313437) val=0.5231
[2026-05-03 13:52:45,541][HYDRA] 	#29 : model.L=3 model.bond_dim=4 seed=47303 trainer.ridge=5 trainer.ridge_decay=0.25 trainer.ridge_min=0.0001 +experiment=uci_ntn_sweep model=tnml_p dataset=obesity
[2026-05-03 13:52:45,687][__main__][INFO] - ⏭ SKIP TNML_P/obesity/NTN L=3 bd=4 seed=47303 -> /zhome/6b/e/212868/GTN/outputs/ntn/obesity/TNML_P_rg5_init0.1/L3_bd4_seed47303 | already completed successfully (val_quality=-2.375698168448013) val=-2.3757

------------------------------------------------------------
Sender: LSF System <lsfadmin@hpc.dtu.dk>
Subject: Job 28341043[90]: <ntn_grid_full[1-150]%20> in cluster <dcc> Done

Job <ntn_grid_full[1-150]%20> was submitted from host <hpclogin1> by user <nicci> in cluster <dcc> at Sun May  3 13:49:48 2026
Job was executed on host(s) <6*n-62-11-51>, in queue <hpc>, as user <nicci> in cluster <dcc> at Sun May  3 13:52:30 2026
</zhome/6b/e/212868> was used as the home directory.
</zhome/6b/e/212868/GTN> was used as the working directory.
Started at Sun May  3 13:52:30 2026
Terminated at Sun May  3 13:52:46 2026
Results reported at Sun May  3 13:52:46 2026

Your job looked like:

------------------------------------------------------------
# LSBATCH: User input
#!/bin/bash
#BSUB -q hpc
#BSUB -J "ntn_grid_full[1-150]%20"
#BSUB -W 8:00
#BSUB -n 6
#BSUB -R "rusage[mem=3GB]"
#BSUB -R "span[hosts=1]"
#BSUB -o logs/%J_%I.out
#BSUB -e logs/%J_%I.err

MODELS=("cpda" "cpda_typei" "lmpo2" "lmpo2_typei" "mpo2" "mpo2_typei" "mmpo2" "mmpo2_typei" "tnml_f" "tnml_p")

DATASETS=(
    "abalone" "adult" "ai4i" "appliances" "bank" "bike" "breast"
    "car_evaluation" "concrete" "energy_efficiency" "hearth"
    "iris" "mushrooms" "obesity" "popularity" "realstate"
    "seoulBike" "student_dropout" "student_perf" "wine"
    "winequalityc"
)

COMPLETED_DATASETS=(
    "abalone" "bike" "concrete" "energy_efficiency"
    "iris" "realstate" )

# Filter datasets
FILTERED_DATASETS=()
for ds in "${DATASETS[@]}"; do
    skip=false
    for completed in "${COMPLETED_DATASETS[@]}"; do
        if [[ "$ds" == "$completed" ]]; then
            skip=true
            break
        fi
    done

    if ! $skip; then
        FILTERED_DATASETS+=("$ds")
    fi
done

DATASETS=("${FILTERED_DATASETS[@]}")

NUM_MODELS=${#MODELS[@]}
NUM_DATASETS=${#DATASETS[@]}
NUM_EXPERIMENTS=$((NUM_DATASETS * NUM_MODELS))

if [ "$1" == "test" ]; then
    echo "SIMULATING ARRAY:"
    echo "-----------------"


(... more ...)
------------------------------------------------------------

Successfully completed.

Resource usage summary:

    CPU time :                                   14.39 sec.
    Max Memory :                                 395 MB
    Average Memory :                             395.00 MB
    Total Requested Memory :                     18432.00 MB
    Delta Memory :                               18037.00 MB
    Max Swap :                                   -
    Max Processes :                              4
    Max Threads :                                15
    Run time :                                   16 sec.
    Turnaround time :                            178 sec.

The output (if any) is above this job summary.



PS:

Read file <logs/28341043_90.err> for stderr output of this job.

