Task 100: Dataset=student_dropout, Model=tnml_p, Experiment=uci_ntn_sweep
[2026-05-04 07:37:29,005][HYDRA] Launching 30 jobs locally
[2026-05-04 07:37:29,006][HYDRA] 	#0 : model.L=4 model.bond_dim=12 seed=42 trainer.ridge=5 trainer.ridge_decay=0.25 trainer.ridge_min=0.0001 +experiment=uci_ntn_sweep model=tnml_p dataset=student_dropout
[2026-05-04 07:37:29,529][utils.tracking][INFO] - Loaded 18906 tracked runs from runs_tracking.csv
[2026-05-04 07:37:29,532][__main__][INFO] - ⏭ SKIP TNML_P/student_dropout/NTN L=4 bd=12 seed=42 -> /zhome/6b/e/212868/GTN/outputs/ntn/student_dropout/TNML_P_rg5_init0.1/L4_bd12_seed42 | previous run failed with singular matrix (permanent) 
[2026-05-04 07:37:29,535][HYDRA] 	#1 : model.L=4 model.bond_dim=12 seed=10090 trainer.ridge=5 trainer.ridge_decay=0.25 trainer.ridge_min=0.0001 +experiment=uci_ntn_sweep model=tnml_p dataset=student_dropout
[2026-05-04 07:37:29,705][__main__][INFO] - ⏭ SKIP TNML_P/student_dropout/NTN L=4 bd=12 seed=10090 -> /zhome/6b/e/212868/GTN/outputs/ntn/student_dropout/TNML_P_rg5_init0.1/L4_bd12_seed10090 | previous run failed with singular matrix (permanent) 
[2026-05-04 07:37:29,709][HYDRA] 	#2 : model.L=4 model.bond_dim=12 seed=32874 trainer.ridge=5 trainer.ridge_decay=0.25 trainer.ridge_min=0.0001 +experiment=uci_ntn_sweep model=tnml_p dataset=student_dropout
[2026-05-04 07:37:29,869][__main__][INFO] - ⏭ SKIP TNML_P/student_dropout/NTN L=4 bd=12 seed=32874 -> /zhome/6b/e/212868/GTN/outputs/ntn/student_dropout/TNML_P_rg5_init0.1/L4_bd12_seed32874 | previous run failed with singular matrix (permanent) 
[2026-05-04 07:37:29,872][HYDRA] 	#3 : model.L=4 model.bond_dim=12 seed=47311 trainer.ridge=5 trainer.ridge_decay=0.25 trainer.ridge_min=0.0001 +experiment=uci_ntn_sweep model=tnml_p dataset=student_dropout
[2026-05-04 07:37:30,060][__main__][INFO] - ⏭ SKIP TNML_P/student_dropout/NTN L=4 bd=12 seed=47311 -> /zhome/6b/e/212868/GTN/outputs/ntn/student_dropout/TNML_P_rg5_init0.1/L4_bd12_seed47311 | previous run failed with singular matrix (permanent) 
[2026-05-04 07:37:30,064][HYDRA] 	#4 : model.L=4 model.bond_dim=12 seed=47303 trainer.ridge=5 trainer.ridge_decay=0.25 trainer.ridge_min=0.0001 +experiment=uci_ntn_sweep model=tnml_p dataset=student_dropout
[2026-05-04 07:37:30,224][__main__][INFO] - ⏭ SKIP TNML_P/student_dropout/NTN L=4 bd=12 seed=47303 -> /zhome/6b/e/212868/GTN/outputs/ntn/student_dropout/TNML_P_rg5_init0.1/L4_bd12_seed47303 | previous run failed with singular matrix (permanent) 
[2026-05-04 07:37:30,227][HYDRA] 	#5 : model.L=4 model.bond_dim=8 seed=42 trainer.ridge=5 trainer.ridge_decay=0.25 trainer.ridge_min=0.0001 +experiment=uci_ntn_sweep model=tnml_p dataset=student_dropout
[2026-05-04 07:37:30,388][__main__][INFO] - ⏭ SKIP TNML_P/student_dropout/NTN L=4 bd=8 seed=42 -> /zhome/6b/e/212868/GTN/outputs/ntn/student_dropout/TNML_P_rg5_init0.1/L4_bd8_seed42 | previous run failed with singular matrix (permanent) 
[2026-05-04 07:37:30,414][HYDRA] 	#6 : model.L=4 model.bond_dim=8 seed=10090 trainer.ridge=5 trainer.ridge_decay=0.25 trainer.ridge_min=0.0001 +experiment=uci_ntn_sweep model=tnml_p dataset=student_dropout
[2026-05-04 07:37:30,584][__main__][INFO] - ⏭ SKIP TNML_P/student_dropout/NTN L=4 bd=8 seed=10090 -> /zhome/6b/e/212868/GTN/outputs/ntn/student_dropout/TNML_P_rg5_init0.1/L4_bd8_seed10090 | previous run failed with singular matrix (permanent) 
[2026-05-04 07:37:30,587][HYDRA] 	#7 : model.L=4 model.bond_dim=8 seed=32874 trainer.ridge=5 trainer.ridge_decay=0.25 trainer.ridge_min=0.0001 +experiment=uci_ntn_sweep model=tnml_p dataset=student_dropout
[2026-05-04 07:37:30,748][__main__][INFO] - ⏭ SKIP TNML_P/student_dropout/NTN L=4 bd=8 seed=32874 -> /zhome/6b/e/212868/GTN/outputs/ntn/student_dropout/TNML_P_rg5_init0.1/L4_bd8_seed32874 | previous run failed with singular matrix (permanent) 
[2026-05-04 07:37:30,751][HYDRA] 	#8 : model.L=4 model.bond_dim=8 seed=47311 trainer.ridge=5 trainer.ridge_decay=0.25 trainer.ridge_min=0.0001 +experiment=uci_ntn_sweep model=tnml_p dataset=student_dropout
[2026-05-04 07:37:30,912][__main__][INFO] - ⏭ SKIP TNML_P/student_dropout/NTN L=4 bd=8 seed=47311 -> /zhome/6b/e/212868/GTN/outputs/ntn/student_dropout/TNML_P_rg5_init0.1/L4_bd8_seed47311 | previous run failed with singular matrix (permanent) 
[2026-05-04 07:37:30,915][HYDRA] 	#9 : model.L=4 model.bond_dim=8 seed=47303 trainer.ridge=5 trainer.ridge_decay=0.25 trainer.ridge_min=0.0001 +experiment=uci_ntn_sweep model=tnml_p dataset=student_dropout
[2026-05-04 07:37:31,075][__main__][INFO] - ⏭ SKIP TNML_P/student_dropout/NTN L=4 bd=8 seed=47303 -> /zhome/6b/e/212868/GTN/outputs/ntn/student_dropout/TNML_P_rg5_init0.1/L4_bd8_seed47303 | previous run failed with singular matrix (permanent) 
[2026-05-04 07:37:31,078][HYDRA] 	#10 : model.L=4 model.bond_dim=4 seed=42 trainer.ridge=5 trainer.ridge_decay=0.25 trainer.ridge_min=0.0001 +experiment=uci_ntn_sweep model=tnml_p dataset=student_dropout
[2026-05-04 07:37:31,240][__main__][INFO] - ⏭ SKIP TNML_P/student_dropout/NTN L=4 bd=4 seed=42 -> /zhome/6b/e/212868/GTN/outputs/ntn/student_dropout/TNML_P_rg5_init0.1/L4_bd4_seed42 | previous run failed with singular matrix (permanent) 
[2026-05-04 07:37:31,243][HYDRA] 	#11 : model.L=4 model.bond_dim=4 seed=10090 trainer.ridge=5 trainer.ridge_decay=0.25 trainer.ridge_min=0.0001 +experiment=uci_ntn_sweep model=tnml_p dataset=student_dropout
[2026-05-04 07:37:31,403][__main__][INFO] - ⏭ SKIP TNML_P/student_dropout/NTN L=4 bd=4 seed=10090 -> /zhome/6b/e/212868/GTN/outputs/ntn/student_dropout/TNML_P_rg5_init0.1/L4_bd4_seed10090 | previous run failed with singular matrix (permanent) 
[2026-05-04 07:37:31,406][HYDRA] 	#12 : model.L=4 model.bond_dim=4 seed=32874 trainer.ridge=5 trainer.ridge_decay=0.25 trainer.ridge_min=0.0001 +experiment=uci_ntn_sweep model=tnml_p dataset=student_dropout
[2026-05-04 07:37:31,568][__main__][INFO] - ⏭ SKIP TNML_P/student_dropout/NTN L=4 bd=4 seed=32874 -> /zhome/6b/e/212868/GTN/outputs/ntn/student_dropout/TNML_P_rg5_init0.1/L4_bd4_seed32874 | previous run failed with singular matrix (permanent) 
[2026-05-04 07:37:31,571][HYDRA] 	#13 : model.L=4 model.bond_dim=4 seed=47311 trainer.ridge=5 trainer.ridge_decay=0.25 trainer.ridge_min=0.0001 +experiment=uci_ntn_sweep model=tnml_p dataset=student_dropout
[2026-05-04 07:37:31,736][__main__][INFO] - ⏭ SKIP TNML_P/student_dropout/NTN L=4 bd=4 seed=47311 -> /zhome/6b/e/212868/GTN/outputs/ntn/student_dropout/TNML_P_rg5_init0.1/L4_bd4_seed47311 | previous run failed with singular matrix (permanent) 
[2026-05-04 07:37:31,739][HYDRA] 	#14 : model.L=4 model.bond_dim=4 seed=47303 trainer.ridge=5 trainer.ridge_decay=0.25 trainer.ridge_min=0.0001 +experiment=uci_ntn_sweep model=tnml_p dataset=student_dropout
[2026-05-04 07:37:31,901][__main__][INFO] - ⏭ SKIP TNML_P/student_dropout/NTN L=4 bd=4 seed=47303 -> /zhome/6b/e/212868/GTN/outputs/ntn/student_dropout/TNML_P_rg5_init0.1/L4_bd4_seed47303 | previous run failed with singular matrix (permanent) 
[2026-05-04 07:37:31,904][HYDRA] 	#15 : model.L=3 model.bond_dim=12 seed=42 trainer.ridge=5 trainer.ridge_decay=0.25 trainer.ridge_min=0.0001 +experiment=uci_ntn_sweep model=tnml_p dataset=student_dropout
[2026-05-04 07:37:32,068][__main__][INFO] - ⏭ SKIP TNML_P/student_dropout/NTN L=3 bd=12 seed=42 -> /zhome/6b/e/212868/GTN/outputs/ntn/student_dropout/TNML_P_rg5_init0.1/L3_bd12_seed42 | previous run failed with singular matrix (permanent) 
[2026-05-04 07:37:32,071][HYDRA] 	#16 : model.L=3 model.bond_dim=12 seed=10090 trainer.ridge=5 trainer.ridge_decay=0.25 trainer.ridge_min=0.0001 +experiment=uci_ntn_sweep model=tnml_p dataset=student_dropout
[2026-05-04 07:37:32,227][__main__][INFO] - ⏭ SKIP TNML_P/student_dropout/NTN L=3 bd=12 seed=10090 -> /zhome/6b/e/212868/GTN/outputs/ntn/student_dropout/TNML_P_rg5_init0.1/L3_bd12_seed10090 | previous run failed with singular matrix (permanent) 
[2026-05-04 07:37:32,230][HYDRA] 	#17 : model.L=3 model.bond_dim=12 seed=32874 trainer.ridge=5 trainer.ridge_decay=0.25 trainer.ridge_min=0.0001 +experiment=uci_ntn_sweep model=tnml_p dataset=student_dropout
[2026-05-04 07:37:32,382][__main__][INFO] - ⏭ SKIP TNML_P/student_dropout/NTN L=3 bd=12 seed=32874 -> /zhome/6b/e/212868/GTN/outputs/ntn/student_dropout/TNML_P_rg5_init0.1/L3_bd12_seed32874 | previous run failed with singular matrix (permanent) 
[2026-05-04 07:37:32,385][HYDRA] 	#18 : model.L=3 model.bond_dim=12 seed=47311 trainer.ridge=5 trainer.ridge_decay=0.25 trainer.ridge_min=0.0001 +experiment=uci_ntn_sweep model=tnml_p dataset=student_dropout
[2026-05-04 07:37:32,539][__main__][INFO] - ⏭ SKIP TNML_P/student_dropout/NTN L=3 bd=12 seed=47311 -> /zhome/6b/e/212868/GTN/outputs/ntn/student_dropout/TNML_P_rg5_init0.1/L3_bd12_seed47311 | previous run failed with singular matrix (permanent) 
[2026-05-04 07:37:32,542][HYDRA] 	#19 : model.L=3 model.bond_dim=12 seed=47303 trainer.ridge=5 trainer.ridge_decay=0.25 trainer.ridge_min=0.0001 +experiment=uci_ntn_sweep model=tnml_p dataset=student_dropout
[2026-05-04 07:37:32,696][__main__][INFO] - ⏭ SKIP TNML_P/student_dropout/NTN L=3 bd=12 seed=47303 -> /zhome/6b/e/212868/GTN/outputs/ntn/student_dropout/TNML_P_rg5_init0.1/L3_bd12_seed47303 | previous run failed with singular matrix (permanent) 
[2026-05-04 07:37:32,699][HYDRA] 	#20 : model.L=3 model.bond_dim=8 seed=42 trainer.ridge=5 trainer.ridge_decay=0.25 trainer.ridge_min=0.0001 +experiment=uci_ntn_sweep model=tnml_p dataset=student_dropout
[2026-05-04 07:37:32,856][__main__][INFO] - ⏭ SKIP TNML_P/student_dropout/NTN L=3 bd=8 seed=42 -> /zhome/6b/e/212868/GTN/outputs/ntn/student_dropout/TNML_P_rg5_init0.1/L3_bd8_seed42 | previous run failed with singular matrix (permanent) 
[2026-05-04 07:37:32,859][HYDRA] 	#21 : model.L=3 model.bond_dim=8 seed=10090 trainer.ridge=5 trainer.ridge_decay=0.25 trainer.ridge_min=0.0001 +experiment=uci_ntn_sweep model=tnml_p dataset=student_dropout
[2026-05-04 07:37:33,011][__main__][INFO] - ⏭ SKIP TNML_P/student_dropout/NTN L=3 bd=8 seed=10090 -> /zhome/6b/e/212868/GTN/outputs/ntn/student_dropout/TNML_P_rg5_init0.1/L3_bd8_seed10090 | previous run failed with singular matrix (permanent) 
[2026-05-04 07:37:33,014][HYDRA] 	#22 : model.L=3 model.bond_dim=8 seed=32874 trainer.ridge=5 trainer.ridge_decay=0.25 trainer.ridge_min=0.0001 +experiment=uci_ntn_sweep model=tnml_p dataset=student_dropout
[2026-05-04 07:37:33,170][__main__][INFO] - ⏭ SKIP TNML_P/student_dropout/NTN L=3 bd=8 seed=32874 -> /zhome/6b/e/212868/GTN/outputs/ntn/student_dropout/TNML_P_rg5_init0.1/L3_bd8_seed32874 | previous run failed with singular matrix (permanent) 
[2026-05-04 07:37:33,173][HYDRA] 	#23 : model.L=3 model.bond_dim=8 seed=47311 trainer.ridge=5 trainer.ridge_decay=0.25 trainer.ridge_min=0.0001 +experiment=uci_ntn_sweep model=tnml_p dataset=student_dropout
[2026-05-04 07:37:33,325][__main__][INFO] - ⏭ SKIP TNML_P/student_dropout/NTN L=3 bd=8 seed=47311 -> /zhome/6b/e/212868/GTN/outputs/ntn/student_dropout/TNML_P_rg5_init0.1/L3_bd8_seed47311 | previous run failed with singular matrix (permanent) 
[2026-05-04 07:37:33,328][HYDRA] 	#24 : model.L=3 model.bond_dim=8 seed=47303 trainer.ridge=5 trainer.ridge_decay=0.25 trainer.ridge_min=0.0001 +experiment=uci_ntn_sweep model=tnml_p dataset=student_dropout
[2026-05-04 07:37:33,483][__main__][INFO] - ⏭ SKIP TNML_P/student_dropout/NTN L=3 bd=8 seed=47303 -> /zhome/6b/e/212868/GTN/outputs/ntn/student_dropout/TNML_P_rg5_init0.1/L3_bd8_seed47303 | previous run failed with singular matrix (permanent) 
[2026-05-04 07:37:33,486][HYDRA] 	#25 : model.L=3 model.bond_dim=4 seed=42 trainer.ridge=5 trainer.ridge_decay=0.25 trainer.ridge_min=0.0001 +experiment=uci_ntn_sweep model=tnml_p dataset=student_dropout
[2026-05-04 07:37:33,640][__main__][INFO] - ⏭ SKIP TNML_P/student_dropout/NTN L=3 bd=4 seed=42 -> /zhome/6b/e/212868/GTN/outputs/ntn/student_dropout/TNML_P_rg5_init0.1/L3_bd4_seed42 | previous run failed with singular matrix (permanent) 
[2026-05-04 07:37:33,643][HYDRA] 	#26 : model.L=3 model.bond_dim=4 seed=10090 trainer.ridge=5 trainer.ridge_decay=0.25 trainer.ridge_min=0.0001 +experiment=uci_ntn_sweep model=tnml_p dataset=student_dropout
[2026-05-04 07:37:33,797][__main__][INFO] - ⏭ SKIP TNML_P/student_dropout/NTN L=3 bd=4 seed=10090 -> /zhome/6b/e/212868/GTN/outputs/ntn/student_dropout/TNML_P_rg5_init0.1/L3_bd4_seed10090 | previous run failed with singular matrix (permanent) 
[2026-05-04 07:37:33,799][HYDRA] 	#27 : model.L=3 model.bond_dim=4 seed=32874 trainer.ridge=5 trainer.ridge_decay=0.25 trainer.ridge_min=0.0001 +experiment=uci_ntn_sweep model=tnml_p dataset=student_dropout
[2026-05-04 07:37:34,243][__main__][INFO] - ⏭ SKIP TNML_P/student_dropout/NTN L=3 bd=4 seed=32874 -> /zhome/6b/e/212868/GTN/outputs/ntn/student_dropout/TNML_P_rg5_init0.1/L3_bd4_seed32874 | previous run failed with singular matrix (permanent) 
[2026-05-04 07:37:34,246][HYDRA] 	#28 : model.L=3 model.bond_dim=4 seed=47311 trainer.ridge=5 trainer.ridge_decay=0.25 trainer.ridge_min=0.0001 +experiment=uci_ntn_sweep model=tnml_p dataset=student_dropout
[2026-05-04 07:37:34,405][__main__][INFO] - ⏭ SKIP TNML_P/student_dropout/NTN L=3 bd=4 seed=47311 -> /zhome/6b/e/212868/GTN/outputs/ntn/student_dropout/TNML_P_rg5_init0.1/L3_bd4_seed47311 | previous run failed with singular matrix (permanent) 
[2026-05-04 07:37:34,408][HYDRA] 	#29 : model.L=3 model.bond_dim=4 seed=47303 trainer.ridge=5 trainer.ridge_decay=0.25 trainer.ridge_min=0.0001 +experiment=uci_ntn_sweep model=tnml_p dataset=student_dropout
[2026-05-04 07:37:34,568][__main__][INFO] - ⏭ SKIP TNML_P/student_dropout/NTN L=3 bd=4 seed=47303 -> /zhome/6b/e/212868/GTN/outputs/ntn/student_dropout/TNML_P_rg5_init0.1/L3_bd4_seed47303 | previous run failed with singular matrix (permanent) 

------------------------------------------------------------
Sender: LSF System <lsfadmin@hpc.dtu.dk>
Subject: Job 28342909[100]: <ntn_grid_full[1-110]%20> in cluster <dcc> Done

Job <ntn_grid_full[1-110]%20> was submitted from host <hpclogin1> by user <nicci> in cluster <dcc> at Mon May  4 07:33:04 2026
Job was executed on host(s) <6*n-62-31-19>, in queue <hpc>, as user <nicci> in cluster <dcc> at Mon May  4 07:37:18 2026
</zhome/6b/e/212868> was used as the home directory.
</zhome/6b/e/212868/GTN> was used as the working directory.
Started at Mon May  4 07:37:18 2026
Terminated at Mon May  4 07:37:35 2026
Results reported at Mon May  4 07:37:35 2026

Your job looked like:

------------------------------------------------------------
# LSBATCH: User input
#!/bin/bash
#BSUB -q hpc
#BSUB -J "ntn_grid_full[1-110]%20"
#BSUB -W 8:00
#BSUB -n 6
#BSUB -R "rusage[mem=5GB]"
#BSUB -R "span[hosts=1]"
#BSUB -o logs/%J_%I.out
#BSUB -e logs/%J_%I.err

MODELS=("cpda" "cpda_typei" "lmpo2" "lmpo2_typei" "mpo2" "mpo2_typei" "mmpo2" "mmpo2_typei" "tnml_f" "tnml_p")

DATASETS=(
    "abalone" "adult" "ai4i" "appliances" "bank" "bike" "breast"
    "car_evaluation" "concrete" "energy_efficiency" "hearth"
    "iris" "mushrooms" "obesity" "popularity" "realstate"
    "seoulBike" "student_dropout" "student_perf" "wine"
    "winequalityc"
)

COMPLETED_DATASETS=(
    "abalone" "ai4i" "hearth" "wine" "winequalityc" "bike" "concrete" "energy_efficiency"
    "iris" "realstate" )

# Filter datasets
FILTERED_DATASETS=()
for ds in "${DATASETS[@]}"; do
    skip=false
    for completed in "${COMPLETED_DATASETS[@]}"; do
        if [[ "$ds" == "$completed" ]]; then
            skip=true
            break
        fi
    done

    if ! $skip; then
        FILTERED_DATASETS+=("$ds")
    fi
done

DATASETS=("${FILTERED_DATASETS[@]}")

NUM_MODELS=${#MODELS[@]}
NUM_DATASETS=${#DATASETS[@]}
NUM_EXPERIMENTS=$((NUM_DATASETS * NUM_MODELS))

if [ "$1" == "test" ]; then
    echo "SIMULATING ARRAY:"
    echo "-----------------"


(... more ...)
------------------------------------------------------------

Successfully completed.

Resource usage summary:

    CPU time :                                   15.46 sec.
    Max Memory :                                 394 MB
    Average Memory :                             394.00 MB
    Total Requested Memory :                     30720.00 MB
    Delta Memory :                               30326.00 MB
    Max Swap :                                   -
    Max Processes :                              4
    Max Threads :                                15
    Run time :                                   17 sec.
    Turnaround time :                            271 sec.

The output (if any) is above this job summary.



PS:

Read file <logs/28342909_100.err> for stderr output of this job.

