Task 81: Dataset=obesity, Model=cpda, Experiment=cpda_ntn_sweep
[2026-05-03 13:52:17,289][HYDRA] Launching 40 jobs locally
[2026-05-03 13:52:17,289][HYDRA] 	#0 : model.L=4 model.bond_dim=64 seed=42 trainer.ridge=5 trainer.ridge_decay=0.25 trainer.ridge_min=0.0001 +experiment=cpda_ntn_sweep model=cpda dataset=obesity
[2026-05-03 13:52:17,522][utils.tracking][INFO] - Loaded 18722 tracked runs from runs_tracking.csv
[2026-05-03 13:52:17,525][__main__][INFO] - ⏭ SKIP CPDA/obesity/NTN L=4 bd=64 seed=42 -> /zhome/6b/e/212868/GTN/outputs/ntn/obesity/CPDA_rg5_init0.1/L4_bd64_seed42 | already completed successfully (val_quality=0.6407347766364673) val=0.6407
[2026-05-03 13:52:17,527][HYDRA] 	#1 : model.L=4 model.bond_dim=64 seed=10090 trainer.ridge=5 trainer.ridge_decay=0.25 trainer.ridge_min=0.0001 +experiment=cpda_ntn_sweep model=cpda dataset=obesity
[2026-05-03 13:52:17,677][__main__][INFO] - ⏭ SKIP CPDA/obesity/NTN L=4 bd=64 seed=10090 -> /zhome/6b/e/212868/GTN/outputs/ntn/obesity/CPDA_rg5_init0.1/L4_bd64_seed10090 | already completed successfully (val_quality=0.616042980953216) val=0.6160
[2026-05-03 13:52:17,679][HYDRA] 	#2 : model.L=4 model.bond_dim=64 seed=32874 trainer.ridge=5 trainer.ridge_decay=0.25 trainer.ridge_min=0.0001 +experiment=cpda_ntn_sweep model=cpda dataset=obesity
[2026-05-03 13:52:17,830][__main__][INFO] - ⏭ SKIP CPDA/obesity/NTN L=4 bd=64 seed=32874 -> /zhome/6b/e/212868/GTN/outputs/ntn/obesity/CPDA_rg5_init0.1/L4_bd64_seed32874 | already completed successfully (val_quality=0.7061765269711505) val=0.7062
[2026-05-03 13:52:17,833][HYDRA] 	#3 : model.L=4 model.bond_dim=64 seed=47311 trainer.ridge=5 trainer.ridge_decay=0.25 trainer.ridge_min=0.0001 +experiment=cpda_ntn_sweep model=cpda dataset=obesity
[2026-05-03 13:52:17,984][__main__][INFO] - ⏭ SKIP CPDA/obesity/NTN L=4 bd=64 seed=47311 -> /zhome/6b/e/212868/GTN/outputs/ntn/obesity/CPDA_rg5_init0.1/L4_bd64_seed47311 | already completed successfully (val_quality=0.6503308273578372) val=0.6503
[2026-05-03 13:52:17,986][HYDRA] 	#4 : model.L=4 model.bond_dim=64 seed=47303 trainer.ridge=5 trainer.ridge_decay=0.25 trainer.ridge_min=0.0001 +experiment=cpda_ntn_sweep model=cpda dataset=obesity
[2026-05-03 13:52:18,137][__main__][INFO] - ⏭ SKIP CPDA/obesity/NTN L=4 bd=64 seed=47303 -> /zhome/6b/e/212868/GTN/outputs/ntn/obesity/CPDA_rg5_init0.1/L4_bd64_seed47303 | already completed successfully (val_quality=0.6640975399453083) val=0.6641
[2026-05-03 13:52:18,139][HYDRA] 	#5 : model.L=4 model.bond_dim=32 seed=42 trainer.ridge=5 trainer.ridge_decay=0.25 trainer.ridge_min=0.0001 +experiment=cpda_ntn_sweep model=cpda dataset=obesity
[2026-05-03 13:52:18,294][__main__][INFO] - ⏭ SKIP CPDA/obesity/NTN L=4 bd=32 seed=42 -> /zhome/6b/e/212868/GTN/outputs/ntn/obesity/CPDA_rg5_init0.1/L4_bd32_seed42 | already completed successfully (val_quality=0.6242268903100252) val=0.6242
[2026-05-03 13:52:18,297][HYDRA] 	#6 : model.L=4 model.bond_dim=32 seed=10090 trainer.ridge=5 trainer.ridge_decay=0.25 trainer.ridge_min=0.0001 +experiment=cpda_ntn_sweep model=cpda dataset=obesity
[2026-05-03 13:52:18,448][__main__][INFO] - ⏭ SKIP CPDA/obesity/NTN L=4 bd=32 seed=10090 -> /zhome/6b/e/212868/GTN/outputs/ntn/obesity/CPDA_rg5_init0.1/L4_bd32_seed10090 | already completed successfully (val_quality=0.6683111271204264) val=0.6683
[2026-05-03 13:52:18,451][HYDRA] 	#7 : model.L=4 model.bond_dim=32 seed=32874 trainer.ridge=5 trainer.ridge_decay=0.25 trainer.ridge_min=0.0001 +experiment=cpda_ntn_sweep model=cpda dataset=obesity
[2026-05-03 13:52:18,605][__main__][INFO] - ⏭ SKIP CPDA/obesity/NTN L=4 bd=32 seed=32874 -> /zhome/6b/e/212868/GTN/outputs/ntn/obesity/CPDA_rg5_init0.1/L4_bd32_seed32874 | already completed successfully (val_quality=0.6645506558939771) val=0.6646
[2026-05-03 13:52:18,608][HYDRA] 	#8 : model.L=4 model.bond_dim=32 seed=47311 trainer.ridge=5 trainer.ridge_decay=0.25 trainer.ridge_min=0.0001 +experiment=cpda_ntn_sweep model=cpda dataset=obesity
[2026-05-03 13:52:18,762][__main__][INFO] - ⏭ SKIP CPDA/obesity/NTN L=4 bd=32 seed=47311 -> /zhome/6b/e/212868/GTN/outputs/ntn/obesity/CPDA_rg5_init0.1/L4_bd32_seed47311 | already completed successfully (val_quality=0.6724601777633981) val=0.6725
[2026-05-03 13:52:18,764][HYDRA] 	#9 : model.L=4 model.bond_dim=32 seed=47303 trainer.ridge=5 trainer.ridge_decay=0.25 trainer.ridge_min=0.0001 +experiment=cpda_ntn_sweep model=cpda dataset=obesity
[2026-05-03 13:52:18,922][__main__][INFO] - ⏭ SKIP CPDA/obesity/NTN L=4 bd=32 seed=47303 -> /zhome/6b/e/212868/GTN/outputs/ntn/obesity/CPDA_rg5_init0.1/L4_bd32_seed47303 | already completed successfully (val_quality=0.6138974505063095) val=0.6139
[2026-05-03 13:52:18,924][HYDRA] 	#10 : model.L=4 model.bond_dim=16 seed=42 trainer.ridge=5 trainer.ridge_decay=0.25 trainer.ridge_min=0.0001 +experiment=cpda_ntn_sweep model=cpda dataset=obesity
[2026-05-03 13:52:19,080][__main__][INFO] - ⏭ SKIP CPDA/obesity/NTN L=4 bd=16 seed=42 -> /zhome/6b/e/212868/GTN/outputs/ntn/obesity/CPDA_rg5_init0.1/L4_bd16_seed42 | already completed successfully (val_quality=0.5741518152906535) val=0.5742
[2026-05-03 13:52:19,082][HYDRA] 	#11 : model.L=4 model.bond_dim=16 seed=10090 trainer.ridge=5 trainer.ridge_decay=0.25 trainer.ridge_min=0.0001 +experiment=cpda_ntn_sweep model=cpda dataset=obesity
[2026-05-03 13:52:19,231][__main__][INFO] - ⏭ SKIP CPDA/obesity/NTN L=4 bd=16 seed=10090 -> /zhome/6b/e/212868/GTN/outputs/ntn/obesity/CPDA_rg5_init0.1/L4_bd16_seed10090 | already completed successfully (val_quality=0.4723949108168132) val=0.4724
[2026-05-03 13:52:19,233][HYDRA] 	#12 : model.L=4 model.bond_dim=16 seed=32874 trainer.ridge=5 trainer.ridge_decay=0.25 trainer.ridge_min=0.0001 +experiment=cpda_ntn_sweep model=cpda dataset=obesity
[2026-05-03 13:52:19,383][__main__][INFO] - ⏭ SKIP CPDA/obesity/NTN L=4 bd=16 seed=32874 -> /zhome/6b/e/212868/GTN/outputs/ntn/obesity/CPDA_rg5_init0.1/L4_bd16_seed32874 | already completed successfully (val_quality=0.648637547733192) val=0.6486
[2026-05-03 13:52:19,386][HYDRA] 	#13 : model.L=4 model.bond_dim=16 seed=47311 trainer.ridge=5 trainer.ridge_decay=0.25 trainer.ridge_min=0.0001 +experiment=cpda_ntn_sweep model=cpda dataset=obesity
[2026-05-03 13:52:19,540][__main__][INFO] - ⏭ SKIP CPDA/obesity/NTN L=4 bd=16 seed=47311 -> /zhome/6b/e/212868/GTN/outputs/ntn/obesity/CPDA_rg5_init0.1/L4_bd16_seed47311 | already completed successfully (val_quality=0.6261609542604549) val=0.6262
[2026-05-03 13:52:19,542][HYDRA] 	#14 : model.L=4 model.bond_dim=16 seed=47303 trainer.ridge=5 trainer.ridge_decay=0.25 trainer.ridge_min=0.0001 +experiment=cpda_ntn_sweep model=cpda dataset=obesity
[2026-05-03 13:52:19,693][__main__][INFO] - ⏭ SKIP CPDA/obesity/NTN L=4 bd=16 seed=47303 -> /zhome/6b/e/212868/GTN/outputs/ntn/obesity/CPDA_rg5_init0.1/L4_bd16_seed47303 | already completed successfully (val_quality=0.6443180129611688) val=0.6443
[2026-05-03 13:52:19,696][HYDRA] 	#15 : model.L=4 model.bond_dim=8 seed=42 trainer.ridge=5 trainer.ridge_decay=0.25 trainer.ridge_min=0.0001 +experiment=cpda_ntn_sweep model=cpda dataset=obesity
[2026-05-03 13:52:19,845][__main__][INFO] - ⏭ SKIP CPDA/obesity/NTN L=4 bd=8 seed=42 -> /zhome/6b/e/212868/GTN/outputs/ntn/obesity/CPDA_rg5_init0.1/L4_bd8_seed42 | already completed successfully (val_quality=0.4886863191735831) val=0.4887
[2026-05-03 13:52:19,847][HYDRA] 	#16 : model.L=4 model.bond_dim=8 seed=10090 trainer.ridge=5 trainer.ridge_decay=0.25 trainer.ridge_min=0.0001 +experiment=cpda_ntn_sweep model=cpda dataset=obesity
[2026-05-03 13:52:19,998][__main__][INFO] - ⏭ SKIP CPDA/obesity/NTN L=4 bd=8 seed=10090 -> /zhome/6b/e/212868/GTN/outputs/ntn/obesity/CPDA_rg5_init0.1/L4_bd8_seed10090 | already completed successfully (val_quality=0.4958264326730148) val=0.4958
[2026-05-03 13:52:20,001][HYDRA] 	#17 : model.L=4 model.bond_dim=8 seed=32874 trainer.ridge=5 trainer.ridge_decay=0.25 trainer.ridge_min=0.0001 +experiment=cpda_ntn_sweep model=cpda dataset=obesity
[2026-05-03 13:52:20,157][__main__][INFO] - ⏭ SKIP CPDA/obesity/NTN L=4 bd=8 seed=32874 -> /zhome/6b/e/212868/GTN/outputs/ntn/obesity/CPDA_rg5_init0.1/L4_bd8_seed32874 | already completed successfully (val_quality=0.5080596048615278) val=0.5081
[2026-05-03 13:52:20,159][HYDRA] 	#18 : model.L=4 model.bond_dim=8 seed=47311 trainer.ridge=5 trainer.ridge_decay=0.25 trainer.ridge_min=0.0001 +experiment=cpda_ntn_sweep model=cpda dataset=obesity
[2026-05-03 13:52:20,329][__main__][INFO] - ⏭ SKIP CPDA/obesity/NTN L=4 bd=8 seed=47311 -> /zhome/6b/e/212868/GTN/outputs/ntn/obesity/CPDA_rg5_init0.1/L4_bd8_seed47311 | already completed successfully (val_quality=0.6188524704047947) val=0.6189
[2026-05-03 13:52:20,331][HYDRA] 	#19 : model.L=4 model.bond_dim=8 seed=47303 trainer.ridge=5 trainer.ridge_decay=0.25 trainer.ridge_min=0.0001 +experiment=cpda_ntn_sweep model=cpda dataset=obesity
[2026-05-03 13:52:20,559][__main__][INFO] - ⏭ SKIP CPDA/obesity/NTN L=4 bd=8 seed=47303 -> /zhome/6b/e/212868/GTN/outputs/ntn/obesity/CPDA_rg5_init0.1/L4_bd8_seed47303 | already completed successfully (val_quality=0.6338341959136943) val=0.6338
[2026-05-03 13:52:20,574][HYDRA] 	#20 : model.L=3 model.bond_dim=64 seed=42 trainer.ridge=5 trainer.ridge_decay=0.25 trainer.ridge_min=0.0001 +experiment=cpda_ntn_sweep model=cpda dataset=obesity
[2026-05-03 13:52:20,763][__main__][INFO] - ⏭ SKIP CPDA/obesity/NTN L=3 bd=64 seed=42 -> /zhome/6b/e/212868/GTN/outputs/ntn/obesity/CPDA_rg5_init0.1/L3_bd64_seed42 | already completed successfully (val_quality=0.665134446618125) val=0.6651
[2026-05-03 13:52:20,765][HYDRA] 	#21 : model.L=3 model.bond_dim=64 seed=10090 trainer.ridge=5 trainer.ridge_decay=0.25 trainer.ridge_min=0.0001 +experiment=cpda_ntn_sweep model=cpda dataset=obesity
[2026-05-03 13:52:20,916][__main__][INFO] - ⏭ SKIP CPDA/obesity/NTN L=3 bd=64 seed=10090 -> /zhome/6b/e/212868/GTN/outputs/ntn/obesity/CPDA_rg5_init0.1/L3_bd64_seed10090 | already completed successfully (val_quality=0.682847532274777) val=0.6828
[2026-05-03 13:52:20,918][HYDRA] 	#22 : model.L=3 model.bond_dim=64 seed=32874 trainer.ridge=5 trainer.ridge_decay=0.25 trainer.ridge_min=0.0001 +experiment=cpda_ntn_sweep model=cpda dataset=obesity
[2026-05-03 13:52:21,070][__main__][INFO] - ⏭ SKIP CPDA/obesity/NTN L=3 bd=64 seed=32874 -> /zhome/6b/e/212868/GTN/outputs/ntn/obesity/CPDA_rg5_init0.1/L3_bd64_seed32874 | already completed successfully (val_quality=0.6682262434009728) val=0.6682
[2026-05-03 13:52:21,073][HYDRA] 	#23 : model.L=3 model.bond_dim=64 seed=47311 trainer.ridge=5 trainer.ridge_decay=0.25 trainer.ridge_min=0.0001 +experiment=cpda_ntn_sweep model=cpda dataset=obesity
[2026-05-03 13:52:21,222][__main__][INFO] - ⏭ SKIP CPDA/obesity/NTN L=3 bd=64 seed=47311 -> /zhome/6b/e/212868/GTN/outputs/ntn/obesity/CPDA_rg5_init0.1/L3_bd64_seed47311 | already completed successfully (val_quality=0.667044734259618) val=0.6670
[2026-05-03 13:52:21,224][HYDRA] 	#24 : model.L=3 model.bond_dim=64 seed=47303 trainer.ridge=5 trainer.ridge_decay=0.25 trainer.ridge_min=0.0001 +experiment=cpda_ntn_sweep model=cpda dataset=obesity
[2026-05-03 13:52:21,625][__main__][INFO] - ⏭ SKIP CPDA/obesity/NTN L=3 bd=64 seed=47303 -> /zhome/6b/e/212868/GTN/outputs/ntn/obesity/CPDA_rg5_init0.1/L3_bd64_seed47303 | already completed successfully (val_quality=0.6825945863497818) val=0.6826
[2026-05-03 13:52:21,628][HYDRA] 	#25 : model.L=3 model.bond_dim=32 seed=42 trainer.ridge=5 trainer.ridge_decay=0.25 trainer.ridge_min=0.0001 +experiment=cpda_ntn_sweep model=cpda dataset=obesity
[2026-05-03 13:52:21,776][__main__][INFO] - ⏭ SKIP CPDA/obesity/NTN L=3 bd=32 seed=42 -> /zhome/6b/e/212868/GTN/outputs/ntn/obesity/CPDA_rg5_init0.1/L3_bd32_seed42 | already completed successfully (val_quality=0.64043501309505) val=0.6404
[2026-05-03 13:52:21,778][HYDRA] 	#26 : model.L=3 model.bond_dim=32 seed=10090 trainer.ridge=5 trainer.ridge_decay=0.25 trainer.ridge_min=0.0001 +experiment=cpda_ntn_sweep model=cpda dataset=obesity
[2026-05-03 13:52:21,926][__main__][INFO] - ⏭ SKIP CPDA/obesity/NTN L=3 bd=32 seed=10090 -> /zhome/6b/e/212868/GTN/outputs/ntn/obesity/CPDA_rg5_init0.1/L3_bd32_seed10090 | already completed successfully (val_quality=0.6576275540116718) val=0.6576
[2026-05-03 13:52:21,928][HYDRA] 	#27 : model.L=3 model.bond_dim=32 seed=32874 trainer.ridge=5 trainer.ridge_decay=0.25 trainer.ridge_min=0.0001 +experiment=cpda_ntn_sweep model=cpda dataset=obesity
[2026-05-03 13:52:22,091][__main__][INFO] - ⏭ SKIP CPDA/obesity/NTN L=3 bd=32 seed=32874 -> /zhome/6b/e/212868/GTN/outputs/ntn/obesity/CPDA_rg5_init0.1/L3_bd32_seed32874 | already completed successfully (val_quality=0.6843871171166604) val=0.6844
[2026-05-03 13:52:22,093][HYDRA] 	#28 : model.L=3 model.bond_dim=32 seed=47311 trainer.ridge=5 trainer.ridge_decay=0.25 trainer.ridge_min=0.0001 +experiment=cpda_ntn_sweep model=cpda dataset=obesity
[2026-05-03 13:52:22,245][__main__][INFO] - ⏭ SKIP CPDA/obesity/NTN L=3 bd=32 seed=47311 -> /zhome/6b/e/212868/GTN/outputs/ntn/obesity/CPDA_rg5_init0.1/L3_bd32_seed47311 | already completed successfully (val_quality=0.6797103937340463) val=0.6797
[2026-05-03 13:52:22,247][HYDRA] 	#29 : model.L=3 model.bond_dim=32 seed=47303 trainer.ridge=5 trainer.ridge_decay=0.25 trainer.ridge_min=0.0001 +experiment=cpda_ntn_sweep model=cpda dataset=obesity
[2026-05-03 13:52:22,403][__main__][INFO] - ⏭ SKIP CPDA/obesity/NTN L=3 bd=32 seed=47303 -> /zhome/6b/e/212868/GTN/outputs/ntn/obesity/CPDA_rg5_init0.1/L3_bd32_seed47303 | already completed successfully (val_quality=0.6582210782763092) val=0.6582
[2026-05-03 13:52:22,405][HYDRA] 	#30 : model.L=3 model.bond_dim=16 seed=42 trainer.ridge=5 trainer.ridge_decay=0.25 trainer.ridge_min=0.0001 +experiment=cpda_ntn_sweep model=cpda dataset=obesity
[2026-05-03 13:52:22,574][__main__][INFO] - ⏭ SKIP CPDA/obesity/NTN L=3 bd=16 seed=42 -> /zhome/6b/e/212868/GTN/outputs/ntn/obesity/CPDA_rg5_init0.1/L3_bd16_seed42 | already completed successfully (val_quality=0.6325540084953232) val=0.6326
[2026-05-03 13:52:22,577][HYDRA] 	#31 : model.L=3 model.bond_dim=16 seed=10090 trainer.ridge=5 trainer.ridge_decay=0.25 trainer.ridge_min=0.0001 +experiment=cpda_ntn_sweep model=cpda dataset=obesity
[2026-05-03 13:52:22,737][__main__][INFO] - ⏭ SKIP CPDA/obesity/NTN L=3 bd=16 seed=10090 -> /zhome/6b/e/212868/GTN/outputs/ntn/obesity/CPDA_rg5_init0.1/L3_bd16_seed10090 | already completed successfully (val_quality=0.6399816752296033) val=0.6400
[2026-05-03 13:52:22,740][HYDRA] 	#32 : model.L=3 model.bond_dim=16 seed=32874 trainer.ridge=5 trainer.ridge_decay=0.25 trainer.ridge_min=0.0001 +experiment=cpda_ntn_sweep model=cpda dataset=obesity
[2026-05-03 13:52:22,890][__main__][INFO] - ⏭ SKIP CPDA/obesity/NTN L=3 bd=16 seed=32874 -> /zhome/6b/e/212868/GTN/outputs/ntn/obesity/CPDA_rg5_init0.1/L3_bd16_seed32874 | already completed successfully (val_quality=0.6206483006118924) val=0.6206
[2026-05-03 13:52:22,892][HYDRA] 	#33 : model.L=3 model.bond_dim=16 seed=47311 trainer.ridge=5 trainer.ridge_decay=0.25 trainer.ridge_min=0.0001 +experiment=cpda_ntn_sweep model=cpda dataset=obesity
[2026-05-03 13:52:23,059][__main__][INFO] - ⏭ SKIP CPDA/obesity/NTN L=3 bd=16 seed=47311 -> /zhome/6b/e/212868/GTN/outputs/ntn/obesity/CPDA_rg5_init0.1/L3_bd16_seed47311 | already completed successfully (val_quality=0.671180244534456) val=0.6712
[2026-05-03 13:52:23,061][HYDRA] 	#34 : model.L=3 model.bond_dim=16 seed=47303 trainer.ridge=5 trainer.ridge_decay=0.25 trainer.ridge_min=0.0001 +experiment=cpda_ntn_sweep model=cpda dataset=obesity
[2026-05-03 13:52:23,211][__main__][INFO] - ⏭ SKIP CPDA/obesity/NTN L=3 bd=16 seed=47303 -> /zhome/6b/e/212868/GTN/outputs/ntn/obesity/CPDA_rg5_init0.1/L3_bd16_seed47303 | already completed successfully (val_quality=0.6957651029960477) val=0.6958
[2026-05-03 13:52:23,214][HYDRA] 	#35 : model.L=3 model.bond_dim=8 seed=42 trainer.ridge=5 trainer.ridge_decay=0.25 trainer.ridge_min=0.0001 +experiment=cpda_ntn_sweep model=cpda dataset=obesity
[2026-05-03 13:52:23,366][__main__][INFO] - ⏭ SKIP CPDA/obesity/NTN L=3 bd=8 seed=42 -> /zhome/6b/e/212868/GTN/outputs/ntn/obesity/CPDA_rg5_init0.1/L3_bd8_seed42 | already completed successfully (val_quality=0.591575729674273) val=0.5916
[2026-05-03 13:52:23,369][HYDRA] 	#36 : model.L=3 model.bond_dim=8 seed=10090 trainer.ridge=5 trainer.ridge_decay=0.25 trainer.ridge_min=0.0001 +experiment=cpda_ntn_sweep model=cpda dataset=obesity
[2026-05-03 13:52:23,520][__main__][INFO] - ⏭ SKIP CPDA/obesity/NTN L=3 bd=8 seed=10090 -> /zhome/6b/e/212868/GTN/outputs/ntn/obesity/CPDA_rg5_init0.1/L3_bd8_seed10090 | already completed successfully (val_quality=0.6879500245173816) val=0.6880
[2026-05-03 13:52:23,522][HYDRA] 	#37 : model.L=3 model.bond_dim=8 seed=32874 trainer.ridge=5 trainer.ridge_decay=0.25 trainer.ridge_min=0.0001 +experiment=cpda_ntn_sweep model=cpda dataset=obesity
[2026-05-03 13:52:23,672][__main__][INFO] - ⏭ SKIP CPDA/obesity/NTN L=3 bd=8 seed=32874 -> /zhome/6b/e/212868/GTN/outputs/ntn/obesity/CPDA_rg5_init0.1/L3_bd8_seed32874 | already completed successfully (val_quality=0.5831250711785132) val=0.5831
[2026-05-03 13:52:23,674][HYDRA] 	#38 : model.L=3 model.bond_dim=8 seed=47311 trainer.ridge=5 trainer.ridge_decay=0.25 trainer.ridge_min=0.0001 +experiment=cpda_ntn_sweep model=cpda dataset=obesity
[2026-05-03 13:52:23,831][__main__][INFO] - ⏭ SKIP CPDA/obesity/NTN L=3 bd=8 seed=47311 -> /zhome/6b/e/212868/GTN/outputs/ntn/obesity/CPDA_rg5_init0.1/L3_bd8_seed47311 | already completed successfully (val_quality=0.6074216992747328) val=0.6074
[2026-05-03 13:52:23,834][HYDRA] 	#39 : model.L=3 model.bond_dim=8 seed=47303 trainer.ridge=5 trainer.ridge_decay=0.25 trainer.ridge_min=0.0001 +experiment=cpda_ntn_sweep model=cpda dataset=obesity
[2026-05-03 13:52:23,988][__main__][INFO] - ⏭ SKIP CPDA/obesity/NTN L=3 bd=8 seed=47303 -> /zhome/6b/e/212868/GTN/outputs/ntn/obesity/CPDA_rg5_init0.1/L3_bd8_seed47303 | already completed successfully (val_quality=0.5901379895001397) val=0.5901

------------------------------------------------------------
Sender: LSF System <lsfadmin@hpc.dtu.dk>
Subject: Job 28341043[81]: <ntn_grid_full[1-150]%20> in cluster <dcc> Done

Job <ntn_grid_full[1-150]%20> was submitted from host <hpclogin1> by user <nicci> in cluster <dcc> at Sun May  3 13:49:48 2026
Job was executed on host(s) <6*n-62-29-21>, in queue <hpc>, as user <nicci> in cluster <dcc> at Sun May  3 13:52:06 2026
</zhome/6b/e/212868> was used as the home directory.
</zhome/6b/e/212868/GTN> was used as the working directory.
Started at Sun May  3 13:52:06 2026
Terminated at Sun May  3 13:52:24 2026
Results reported at Sun May  3 13:52:24 2026

Your job looked like:

------------------------------------------------------------
# LSBATCH: User input
#!/bin/bash
#BSUB -q hpc
#BSUB -J "ntn_grid_full[1-150]%20"
#BSUB -W 8:00
#BSUB -n 6
#BSUB -R "rusage[mem=3GB]"
#BSUB -R "span[hosts=1]"
#BSUB -o logs/%J_%I.out
#BSUB -e logs/%J_%I.err

MODELS=("cpda" "cpda_typei" "lmpo2" "lmpo2_typei" "mpo2" "mpo2_typei" "mmpo2" "mmpo2_typei" "tnml_f" "tnml_p")

DATASETS=(
    "abalone" "adult" "ai4i" "appliances" "bank" "bike" "breast"
    "car_evaluation" "concrete" "energy_efficiency" "hearth"
    "iris" "mushrooms" "obesity" "popularity" "realstate"
    "seoulBike" "student_dropout" "student_perf" "wine"
    "winequalityc"
)

COMPLETED_DATASETS=(
    "abalone" "bike" "concrete" "energy_efficiency"
    "iris" "realstate" )

# Filter datasets
FILTERED_DATASETS=()
for ds in "${DATASETS[@]}"; do
    skip=false
    for completed in "${COMPLETED_DATASETS[@]}"; do
        if [[ "$ds" == "$completed" ]]; then
            skip=true
            break
        fi
    done

    if ! $skip; then
        FILTERED_DATASETS+=("$ds")
    fi
done

DATASETS=("${FILTERED_DATASETS[@]}")

NUM_MODELS=${#MODELS[@]}
NUM_DATASETS=${#DATASETS[@]}
NUM_EXPERIMENTS=$((NUM_DATASETS * NUM_MODELS))

if [ "$1" == "test" ]; then
    echo "SIMULATING ARRAY:"
    echo "-----------------"


(... more ...)
------------------------------------------------------------

Successfully completed.

Resource usage summary:

    CPU time :                                   15.73 sec.
    Max Memory :                                 395 MB
    Average Memory :                             395.00 MB
    Total Requested Memory :                     18432.00 MB
    Delta Memory :                               18037.00 MB
    Max Swap :                                   -
    Max Processes :                              4
    Max Threads :                                15
    Run time :                                   18 sec.
    Turnaround time :                            156 sec.

The output (if any) is above this job summary.



PS:

Read file <logs/28341043_81.err> for stderr output of this job.

