Task 133: Dataset=wine, Model=lmpo2, Experiment=uci_ntn_sweep
[2026-05-03 13:54:56,152][HYDRA] Launching 90 jobs locally
[2026-05-03 13:54:56,153][HYDRA] 	#0 : model.reduction_factor=0.3 model.L=4 model.bond_dim=12 seed=42 trainer.ridge=5 trainer.ridge_decay=0.25 trainer.ridge_min=0.0001 +experiment=uci_ntn_sweep model=lmpo2 dataset=wine
[2026-05-03 13:54:56,605][utils.tracking][INFO] - Loaded 18722 tracked runs from runs_tracking.csv
[2026-05-03 13:54:56,607][__main__][INFO] - ⏭ SKIP LMPO2/wine/NTN L=4 bd=12_rf0.3 seed=42 -> /zhome/6b/e/212868/GTN/outputs/ntn/wine/LMPO2_rg5_init0.1/L4_bd12_seed42_rf0.3_bondmpo1 | already completed successfully (val_quality=0.3703703703703703) val=0.3704
[2026-05-03 13:54:56,610][HYDRA] 	#1 : model.reduction_factor=0.3 model.L=4 model.bond_dim=12 seed=10090 trainer.ridge=5 trainer.ridge_decay=0.25 trainer.ridge_min=0.0001 +experiment=uci_ntn_sweep model=lmpo2 dataset=wine
[2026-05-03 13:54:56,785][__main__][INFO] - ⏭ SKIP LMPO2/wine/NTN L=4 bd=12_rf0.3 seed=10090 -> /zhome/6b/e/212868/GTN/outputs/ntn/wine/LMPO2_rg5_init0.1/L4_bd12_seed10090_rf0.3_bondmpo1 | already completed successfully (val_quality=0.3703703703703703) val=0.3704
[2026-05-03 13:54:56,788][HYDRA] 	#2 : model.reduction_factor=0.3 model.L=4 model.bond_dim=12 seed=32874 trainer.ridge=5 trainer.ridge_decay=0.25 trainer.ridge_min=0.0001 +experiment=uci_ntn_sweep model=lmpo2 dataset=wine
[2026-05-03 13:54:56,941][__main__][INFO] - ⏭ SKIP LMPO2/wine/NTN L=4 bd=12_rf0.3 seed=32874 -> /zhome/6b/e/212868/GTN/outputs/ntn/wine/LMPO2_rg5_init0.1/L4_bd12_seed32874_rf0.3_bondmpo1 | already completed successfully (val_quality=0.3703703703703703) val=0.3704
[2026-05-03 13:54:56,943][HYDRA] 	#3 : model.reduction_factor=0.3 model.L=4 model.bond_dim=12 seed=47311 trainer.ridge=5 trainer.ridge_decay=0.25 trainer.ridge_min=0.0001 +experiment=uci_ntn_sweep model=lmpo2 dataset=wine
[2026-05-03 13:54:57,095][__main__][INFO] - ⏭ SKIP LMPO2/wine/NTN L=4 bd=12_rf0.3 seed=47311 -> /zhome/6b/e/212868/GTN/outputs/ntn/wine/LMPO2_rg5_init0.1/L4_bd12_seed47311_rf0.3_bondmpo1 | already completed successfully (val_quality=0.4444444444444444) val=0.4444
[2026-05-03 13:54:57,098][HYDRA] 	#4 : model.reduction_factor=0.3 model.L=4 model.bond_dim=12 seed=47303 trainer.ridge=5 trainer.ridge_decay=0.25 trainer.ridge_min=0.0001 +experiment=uci_ntn_sweep model=lmpo2 dataset=wine
[2026-05-03 13:54:57,256][__main__][INFO] - ⏭ SKIP LMPO2/wine/NTN L=4 bd=12_rf0.3 seed=47303 -> /zhome/6b/e/212868/GTN/outputs/ntn/wine/LMPO2_rg5_init0.1/L4_bd12_seed47303_rf0.3_bondmpo1 | already completed successfully (val_quality=0.3703703703703703) val=0.3704
[2026-05-03 13:54:57,258][HYDRA] 	#5 : model.reduction_factor=0.3 model.L=4 model.bond_dim=8 seed=42 trainer.ridge=5 trainer.ridge_decay=0.25 trainer.ridge_min=0.0001 +experiment=uci_ntn_sweep model=lmpo2 dataset=wine
[2026-05-03 13:54:57,408][__main__][INFO] - ⏭ SKIP LMPO2/wine/NTN L=4 bd=8_rf0.3 seed=42 -> /zhome/6b/e/212868/GTN/outputs/ntn/wine/LMPO2_rg5_init0.1/L4_bd8_seed42_rf0.3_bondmpo1 | already completed successfully (val_quality=0.3703703703703703) val=0.3704
[2026-05-03 13:54:57,411][HYDRA] 	#6 : model.reduction_factor=0.3 model.L=4 model.bond_dim=8 seed=10090 trainer.ridge=5 trainer.ridge_decay=0.25 trainer.ridge_min=0.0001 +experiment=uci_ntn_sweep model=lmpo2 dataset=wine
[2026-05-03 13:54:57,593][__main__][INFO] - ⏭ SKIP LMPO2/wine/NTN L=4 bd=8_rf0.3 seed=10090 -> /zhome/6b/e/212868/GTN/outputs/ntn/wine/LMPO2_rg5_init0.1/L4_bd8_seed10090_rf0.3_bondmpo1 | already completed successfully (val_quality=0.3703703703703703) val=0.3704
[2026-05-03 13:54:57,595][HYDRA] 	#7 : model.reduction_factor=0.3 model.L=4 model.bond_dim=8 seed=32874 trainer.ridge=5 trainer.ridge_decay=0.25 trainer.ridge_min=0.0001 +experiment=uci_ntn_sweep model=lmpo2 dataset=wine
[2026-05-03 13:54:57,748][__main__][INFO] - ⏭ SKIP LMPO2/wine/NTN L=4 bd=8_rf0.3 seed=32874 -> /zhome/6b/e/212868/GTN/outputs/ntn/wine/LMPO2_rg5_init0.1/L4_bd8_seed32874_rf0.3_bondmpo1 | already completed successfully (val_quality=0.3703703703703703) val=0.3704
[2026-05-03 13:54:57,750][HYDRA] 	#8 : model.reduction_factor=0.3 model.L=4 model.bond_dim=8 seed=47311 trainer.ridge=5 trainer.ridge_decay=0.25 trainer.ridge_min=0.0001 +experiment=uci_ntn_sweep model=lmpo2 dataset=wine
[2026-05-03 13:54:57,924][__main__][INFO] - ⏭ SKIP LMPO2/wine/NTN L=4 bd=8_rf0.3 seed=47311 -> /zhome/6b/e/212868/GTN/outputs/ntn/wine/LMPO2_rg5_init0.1/L4_bd8_seed47311_rf0.3_bondmpo1 | already completed successfully (val_quality=0.7407407407407407) val=0.7407
[2026-05-03 13:54:57,926][HYDRA] 	#9 : model.reduction_factor=0.3 model.L=4 model.bond_dim=8 seed=47303 trainer.ridge=5 trainer.ridge_decay=0.25 trainer.ridge_min=0.0001 +experiment=uci_ntn_sweep model=lmpo2 dataset=wine
[2026-05-03 13:54:58,081][__main__][INFO] - ⏭ SKIP LMPO2/wine/NTN L=4 bd=8_rf0.3 seed=47303 -> /zhome/6b/e/212868/GTN/outputs/ntn/wine/LMPO2_rg5_init0.1/L4_bd8_seed47303_rf0.3_bondmpo1 | already completed successfully (val_quality=0.4444444444444444) val=0.4444
[2026-05-03 13:54:58,083][HYDRA] 	#10 : model.reduction_factor=0.3 model.L=4 model.bond_dim=4 seed=42 trainer.ridge=5 trainer.ridge_decay=0.25 trainer.ridge_min=0.0001 +experiment=uci_ntn_sweep model=lmpo2 dataset=wine
[2026-05-03 13:54:58,248][__main__][INFO] - ⏭ SKIP LMPO2/wine/NTN L=4 bd=4_rf0.3 seed=42 -> /zhome/6b/e/212868/GTN/outputs/ntn/wine/LMPO2_rg5_init0.1/L4_bd4_seed42_rf0.3_bondmpo1 | already completed successfully (val_quality=0.4074074074074074) val=0.4074
[2026-05-03 13:54:58,251][HYDRA] 	#11 : model.reduction_factor=0.3 model.L=4 model.bond_dim=4 seed=10090 trainer.ridge=5 trainer.ridge_decay=0.25 trainer.ridge_min=0.0001 +experiment=uci_ntn_sweep model=lmpo2 dataset=wine
[2026-05-03 13:54:58,403][__main__][INFO] - ⏭ SKIP LMPO2/wine/NTN L=4 bd=4_rf0.3 seed=10090 -> /zhome/6b/e/212868/GTN/outputs/ntn/wine/LMPO2_rg5_init0.1/L4_bd4_seed10090_rf0.3_bondmpo1 | already completed successfully (val_quality=0.4074074074074074) val=0.4074
[2026-05-03 13:54:58,405][HYDRA] 	#12 : model.reduction_factor=0.3 model.L=4 model.bond_dim=4 seed=32874 trainer.ridge=5 trainer.ridge_decay=0.25 trainer.ridge_min=0.0001 +experiment=uci_ntn_sweep model=lmpo2 dataset=wine
[2026-05-03 13:54:58,564][__main__][INFO] - ⏭ SKIP LMPO2/wine/NTN L=4 bd=4_rf0.3 seed=32874 -> /zhome/6b/e/212868/GTN/outputs/ntn/wine/LMPO2_rg5_init0.1/L4_bd4_seed32874_rf0.3_bondmpo1 | already completed successfully (val_quality=0.3703703703703703) val=0.3704
[2026-05-03 13:54:58,566][HYDRA] 	#13 : model.reduction_factor=0.3 model.L=4 model.bond_dim=4 seed=47311 trainer.ridge=5 trainer.ridge_decay=0.25 trainer.ridge_min=0.0001 +experiment=uci_ntn_sweep model=lmpo2 dataset=wine
[2026-05-03 13:54:58,725][__main__][INFO] - ⏭ SKIP LMPO2/wine/NTN L=4 bd=4_rf0.3 seed=47311 -> /zhome/6b/e/212868/GTN/outputs/ntn/wine/LMPO2_rg5_init0.1/L4_bd4_seed47311_rf0.3_bondmpo1 | already completed successfully (val_quality=0.3703703703703703) val=0.3704
[2026-05-03 13:54:58,727][HYDRA] 	#14 : model.reduction_factor=0.3 model.L=4 model.bond_dim=4 seed=47303 trainer.ridge=5 trainer.ridge_decay=0.25 trainer.ridge_min=0.0001 +experiment=uci_ntn_sweep model=lmpo2 dataset=wine
[2026-05-03 13:54:58,880][__main__][INFO] - ⏭ SKIP LMPO2/wine/NTN L=4 bd=4_rf0.3 seed=47303 -> /zhome/6b/e/212868/GTN/outputs/ntn/wine/LMPO2_rg5_init0.1/L4_bd4_seed47303_rf0.3_bondmpo1 | already completed successfully (val_quality=0.4074074074074074) val=0.4074
[2026-05-03 13:54:58,883][HYDRA] 	#15 : model.reduction_factor=0.3 model.L=3 model.bond_dim=12 seed=42 trainer.ridge=5 trainer.ridge_decay=0.25 trainer.ridge_min=0.0001 +experiment=uci_ntn_sweep model=lmpo2 dataset=wine
[2026-05-03 13:54:59,037][__main__][INFO] - ⏭ SKIP LMPO2/wine/NTN L=3 bd=12_rf0.3 seed=42 -> /zhome/6b/e/212868/GTN/outputs/ntn/wine/LMPO2_rg5_init0.1/L3_bd12_seed42_rf0.3_bondmpo1 | already completed successfully (val_quality=0.3703703703703703) val=0.3704
[2026-05-03 13:54:59,039][HYDRA] 	#16 : model.reduction_factor=0.3 model.L=3 model.bond_dim=12 seed=10090 trainer.ridge=5 trainer.ridge_decay=0.25 trainer.ridge_min=0.0001 +experiment=uci_ntn_sweep model=lmpo2 dataset=wine
[2026-05-03 13:54:59,191][__main__][INFO] - ⏭ SKIP LMPO2/wine/NTN L=3 bd=12_rf0.3 seed=10090 -> /zhome/6b/e/212868/GTN/outputs/ntn/wine/LMPO2_rg5_init0.1/L3_bd12_seed10090_rf0.3_bondmpo1 | already completed successfully (val_quality=0.3703703703703703) val=0.3704
[2026-05-03 13:54:59,194][HYDRA] 	#17 : model.reduction_factor=0.3 model.L=3 model.bond_dim=12 seed=32874 trainer.ridge=5 trainer.ridge_decay=0.25 trainer.ridge_min=0.0001 +experiment=uci_ntn_sweep model=lmpo2 dataset=wine
[2026-05-03 13:54:59,344][__main__][INFO] - ⏭ SKIP LMPO2/wine/NTN L=3 bd=12_rf0.3 seed=32874 -> /zhome/6b/e/212868/GTN/outputs/ntn/wine/LMPO2_rg5_init0.1/L3_bd12_seed32874_rf0.3_bondmpo1 | already completed successfully (val_quality=0.3703703703703703) val=0.3704
[2026-05-03 13:54:59,347][HYDRA] 	#18 : model.reduction_factor=0.3 model.L=3 model.bond_dim=12 seed=47311 trainer.ridge=5 trainer.ridge_decay=0.25 trainer.ridge_min=0.0001 +experiment=uci_ntn_sweep model=lmpo2 dataset=wine
[2026-05-03 13:54:59,497][__main__][INFO] - ⏭ SKIP LMPO2/wine/NTN L=3 bd=12_rf0.3 seed=47311 -> /zhome/6b/e/212868/GTN/outputs/ntn/wine/LMPO2_rg5_init0.1/L3_bd12_seed47311_rf0.3_bondmpo1 | already completed successfully (val_quality=0.3703703703703703) val=0.3704
[2026-05-03 13:54:59,499][HYDRA] 	#19 : model.reduction_factor=0.3 model.L=3 model.bond_dim=12 seed=47303 trainer.ridge=5 trainer.ridge_decay=0.25 trainer.ridge_min=0.0001 +experiment=uci_ntn_sweep model=lmpo2 dataset=wine
[2026-05-03 13:54:59,652][__main__][INFO] - ⏭ SKIP LMPO2/wine/NTN L=3 bd=12_rf0.3 seed=47303 -> /zhome/6b/e/212868/GTN/outputs/ntn/wine/LMPO2_rg5_init0.1/L3_bd12_seed47303_rf0.3_bondmpo1 | already completed successfully (val_quality=0.3703703703703703) val=0.3704
[2026-05-03 13:54:59,654][HYDRA] 	#20 : model.reduction_factor=0.3 model.L=3 model.bond_dim=8 seed=42 trainer.ridge=5 trainer.ridge_decay=0.25 trainer.ridge_min=0.0001 +experiment=uci_ntn_sweep model=lmpo2 dataset=wine
[2026-05-03 13:54:59,810][__main__][INFO] - ⏭ SKIP LMPO2/wine/NTN L=3 bd=8_rf0.3 seed=42 -> /zhome/6b/e/212868/GTN/outputs/ntn/wine/LMPO2_rg5_init0.1/L3_bd8_seed42_rf0.3_bondmpo1 | already completed successfully (val_quality=0.4444444444444444) val=0.4444
[2026-05-03 13:54:59,813][HYDRA] 	#21 : model.reduction_factor=0.3 model.L=3 model.bond_dim=8 seed=10090 trainer.ridge=5 trainer.ridge_decay=0.25 trainer.ridge_min=0.0001 +experiment=uci_ntn_sweep model=lmpo2 dataset=wine
[2026-05-03 13:54:59,968][__main__][INFO] - ⏭ SKIP LMPO2/wine/NTN L=3 bd=8_rf0.3 seed=10090 -> /zhome/6b/e/212868/GTN/outputs/ntn/wine/LMPO2_rg5_init0.1/L3_bd8_seed10090_rf0.3_bondmpo1 | already completed successfully (val_quality=0.3703703703703703) val=0.3704
[2026-05-03 13:54:59,978][HYDRA] 	#22 : model.reduction_factor=0.3 model.L=3 model.bond_dim=8 seed=32874 trainer.ridge=5 trainer.ridge_decay=0.25 trainer.ridge_min=0.0001 +experiment=uci_ntn_sweep model=lmpo2 dataset=wine
[2026-05-03 13:55:00,140][__main__][INFO] - ⏭ SKIP LMPO2/wine/NTN L=3 bd=8_rf0.3 seed=32874 -> /zhome/6b/e/212868/GTN/outputs/ntn/wine/LMPO2_rg5_init0.1/L3_bd8_seed32874_rf0.3_bondmpo1 | already completed successfully (val_quality=0.4074074074074074) val=0.4074
[2026-05-03 13:55:00,142][HYDRA] 	#23 : model.reduction_factor=0.3 model.L=3 model.bond_dim=8 seed=47311 trainer.ridge=5 trainer.ridge_decay=0.25 trainer.ridge_min=0.0001 +experiment=uci_ntn_sweep model=lmpo2 dataset=wine
[2026-05-03 13:55:00,326][__main__][INFO] - ⏭ SKIP LMPO2/wine/NTN L=3 bd=8_rf0.3 seed=47311 -> /zhome/6b/e/212868/GTN/outputs/ntn/wine/LMPO2_rg5_init0.1/L3_bd8_seed47311_rf0.3_bondmpo1 | already completed successfully (val_quality=0.4444444444444444) val=0.4444
[2026-05-03 13:55:00,328][HYDRA] 	#24 : model.reduction_factor=0.3 model.L=3 model.bond_dim=8 seed=47303 trainer.ridge=5 trainer.ridge_decay=0.25 trainer.ridge_min=0.0001 +experiment=uci_ntn_sweep model=lmpo2 dataset=wine
[2026-05-03 13:55:00,484][__main__][INFO] - ⏭ SKIP LMPO2/wine/NTN L=3 bd=8_rf0.3 seed=47303 -> /zhome/6b/e/212868/GTN/outputs/ntn/wine/LMPO2_rg5_init0.1/L3_bd8_seed47303_rf0.3_bondmpo1 | already completed successfully (val_quality=0.5185185185185185) val=0.5185
[2026-05-03 13:55:00,487][HYDRA] 	#25 : model.reduction_factor=0.3 model.L=3 model.bond_dim=4 seed=42 trainer.ridge=5 trainer.ridge_decay=0.25 trainer.ridge_min=0.0001 +experiment=uci_ntn_sweep model=lmpo2 dataset=wine
[2026-05-03 13:55:00,849][__main__][INFO] - ⏭ SKIP LMPO2/wine/NTN L=3 bd=4_rf0.3 seed=42 -> /zhome/6b/e/212868/GTN/outputs/ntn/wine/LMPO2_rg5_init0.1/L3_bd4_seed42_rf0.3_bondmpo1 | already completed successfully (val_quality=0.3703703703703703) val=0.3704
[2026-05-03 13:55:00,851][HYDRA] 	#26 : model.reduction_factor=0.3 model.L=3 model.bond_dim=4 seed=10090 trainer.ridge=5 trainer.ridge_decay=0.25 trainer.ridge_min=0.0001 +experiment=uci_ntn_sweep model=lmpo2 dataset=wine
[2026-05-03 13:55:01,002][__main__][INFO] - ⏭ SKIP LMPO2/wine/NTN L=3 bd=4_rf0.3 seed=10090 -> /zhome/6b/e/212868/GTN/outputs/ntn/wine/LMPO2_rg5_init0.1/L3_bd4_seed10090_rf0.3_bondmpo1 | already completed successfully (val_quality=0.4074074074074074) val=0.4074
[2026-05-03 13:55:01,004][HYDRA] 	#27 : model.reduction_factor=0.3 model.L=3 model.bond_dim=4 seed=32874 trainer.ridge=5 trainer.ridge_decay=0.25 trainer.ridge_min=0.0001 +experiment=uci_ntn_sweep model=lmpo2 dataset=wine
[2026-05-03 13:55:01,158][__main__][INFO] - ⏭ SKIP LMPO2/wine/NTN L=3 bd=4_rf0.3 seed=32874 -> /zhome/6b/e/212868/GTN/outputs/ntn/wine/LMPO2_rg5_init0.1/L3_bd4_seed32874_rf0.3_bondmpo1 | already completed successfully (val_quality=0.4444444444444444) val=0.4444
[2026-05-03 13:55:01,160][HYDRA] 	#28 : model.reduction_factor=0.3 model.L=3 model.bond_dim=4 seed=47311 trainer.ridge=5 trainer.ridge_decay=0.25 trainer.ridge_min=0.0001 +experiment=uci_ntn_sweep model=lmpo2 dataset=wine
[2026-05-03 13:55:01,314][__main__][INFO] - ⏭ SKIP LMPO2/wine/NTN L=3 bd=4_rf0.3 seed=47311 -> /zhome/6b/e/212868/GTN/outputs/ntn/wine/LMPO2_rg5_init0.1/L3_bd4_seed47311_rf0.3_bondmpo1 | already completed successfully (val_quality=0.3703703703703703) val=0.3704
[2026-05-03 13:55:01,316][HYDRA] 	#29 : model.reduction_factor=0.3 model.L=3 model.bond_dim=4 seed=47303 trainer.ridge=5 trainer.ridge_decay=0.25 trainer.ridge_min=0.0001 +experiment=uci_ntn_sweep model=lmpo2 dataset=wine
[2026-05-03 13:55:01,469][__main__][INFO] - ⏭ SKIP LMPO2/wine/NTN L=3 bd=4_rf0.3 seed=47303 -> /zhome/6b/e/212868/GTN/outputs/ntn/wine/LMPO2_rg5_init0.1/L3_bd4_seed47303_rf0.3_bondmpo1 | already completed successfully (val_quality=0.4074074074074074) val=0.4074
[2026-05-03 13:55:01,471][HYDRA] 	#30 : model.reduction_factor=0.5 model.L=4 model.bond_dim=12 seed=42 trainer.ridge=5 trainer.ridge_decay=0.25 trainer.ridge_min=0.0001 +experiment=uci_ntn_sweep model=lmpo2 dataset=wine
[2026-05-03 13:55:01,628][__main__][INFO] - ⏭ SKIP LMPO2/wine/NTN L=4 bd=12_rf0.5 seed=42 -> /zhome/6b/e/212868/GTN/outputs/ntn/wine/LMPO2_rg5_init0.1/L4_bd12_seed42_rf0.5_bondmpo1 | already completed successfully (val_quality=0.3703703703703703) val=0.3704
[2026-05-03 13:55:01,630][HYDRA] 	#31 : model.reduction_factor=0.5 model.L=4 model.bond_dim=12 seed=10090 trainer.ridge=5 trainer.ridge_decay=0.25 trainer.ridge_min=0.0001 +experiment=uci_ntn_sweep model=lmpo2 dataset=wine
[2026-05-03 13:55:01,784][__main__][INFO] - ⏭ SKIP LMPO2/wine/NTN L=4 bd=12_rf0.5 seed=10090 -> /zhome/6b/e/212868/GTN/outputs/ntn/wine/LMPO2_rg5_init0.1/L4_bd12_seed10090_rf0.5_bondmpo1 | already completed successfully (val_quality=0.3703703703703703) val=0.3704
[2026-05-03 13:55:01,786][HYDRA] 	#32 : model.reduction_factor=0.5 model.L=4 model.bond_dim=12 seed=32874 trainer.ridge=5 trainer.ridge_decay=0.25 trainer.ridge_min=0.0001 +experiment=uci_ntn_sweep model=lmpo2 dataset=wine
[2026-05-03 13:55:01,954][__main__][INFO] - ⏭ SKIP LMPO2/wine/NTN L=4 bd=12_rf0.5 seed=32874 -> /zhome/6b/e/212868/GTN/outputs/ntn/wine/LMPO2_rg5_init0.1/L4_bd12_seed32874_rf0.5_bondmpo1 | already completed successfully (val_quality=0.3703703703703703) val=0.3704
[2026-05-03 13:55:01,956][HYDRA] 	#33 : model.reduction_factor=0.5 model.L=4 model.bond_dim=12 seed=47311 trainer.ridge=5 trainer.ridge_decay=0.25 trainer.ridge_min=0.0001 +experiment=uci_ntn_sweep model=lmpo2 dataset=wine
[2026-05-03 13:55:02,111][__main__][INFO] - ⏭ SKIP LMPO2/wine/NTN L=4 bd=12_rf0.5 seed=47311 -> /zhome/6b/e/212868/GTN/outputs/ntn/wine/LMPO2_rg5_init0.1/L4_bd12_seed47311_rf0.5_bondmpo1 | already completed successfully (val_quality=0.3703703703703703) val=0.3704
[2026-05-03 13:55:02,113][HYDRA] 	#34 : model.reduction_factor=0.5 model.L=4 model.bond_dim=12 seed=47303 trainer.ridge=5 trainer.ridge_decay=0.25 trainer.ridge_min=0.0001 +experiment=uci_ntn_sweep model=lmpo2 dataset=wine
[2026-05-03 13:55:02,271][__main__][INFO] - ⏭ SKIP LMPO2/wine/NTN L=4 bd=12_rf0.5 seed=47303 -> /zhome/6b/e/212868/GTN/outputs/ntn/wine/LMPO2_rg5_init0.1/L4_bd12_seed47303_rf0.5_bondmpo1 | already completed successfully (val_quality=0.4074074074074074) val=0.4074
[2026-05-03 13:55:02,273][HYDRA] 	#35 : model.reduction_factor=0.5 model.L=4 model.bond_dim=8 seed=42 trainer.ridge=5 trainer.ridge_decay=0.25 trainer.ridge_min=0.0001 +experiment=uci_ntn_sweep model=lmpo2 dataset=wine
[2026-05-03 13:55:02,427][__main__][INFO] - ⏭ SKIP LMPO2/wine/NTN L=4 bd=8_rf0.5 seed=42 -> /zhome/6b/e/212868/GTN/outputs/ntn/wine/LMPO2_rg5_init0.1/L4_bd8_seed42_rf0.5_bondmpo1 | already completed successfully (val_quality=0.4444444444444444) val=0.4444
[2026-05-03 13:55:02,429][HYDRA] 	#36 : model.reduction_factor=0.5 model.L=4 model.bond_dim=8 seed=10090 trainer.ridge=5 trainer.ridge_decay=0.25 trainer.ridge_min=0.0001 +experiment=uci_ntn_sweep model=lmpo2 dataset=wine
[2026-05-03 13:55:02,585][__main__][INFO] - ⏭ SKIP LMPO2/wine/NTN L=4 bd=8_rf0.5 seed=10090 -> /zhome/6b/e/212868/GTN/outputs/ntn/wine/LMPO2_rg5_init0.1/L4_bd8_seed10090_rf0.5_bondmpo1 | already completed successfully (val_quality=0.3703703703703703) val=0.3704
[2026-05-03 13:55:02,587][HYDRA] 	#37 : model.reduction_factor=0.5 model.L=4 model.bond_dim=8 seed=32874 trainer.ridge=5 trainer.ridge_decay=0.25 trainer.ridge_min=0.0001 +experiment=uci_ntn_sweep model=lmpo2 dataset=wine
[2026-05-03 13:55:02,743][__main__][INFO] - ⏭ SKIP LMPO2/wine/NTN L=4 bd=8_rf0.5 seed=32874 -> /zhome/6b/e/212868/GTN/outputs/ntn/wine/LMPO2_rg5_init0.1/L4_bd8_seed32874_rf0.5_bondmpo1 | already completed successfully (val_quality=0.4074074074074074) val=0.4074
[2026-05-03 13:55:02,745][HYDRA] 	#38 : model.reduction_factor=0.5 model.L=4 model.bond_dim=8 seed=47311 trainer.ridge=5 trainer.ridge_decay=0.25 trainer.ridge_min=0.0001 +experiment=uci_ntn_sweep model=lmpo2 dataset=wine
[2026-05-03 13:55:02,896][__main__][INFO] - ⏭ SKIP LMPO2/wine/NTN L=4 bd=8_rf0.5 seed=47311 -> /zhome/6b/e/212868/GTN/outputs/ntn/wine/LMPO2_rg5_init0.1/L4_bd8_seed47311_rf0.5_bondmpo1 | already completed successfully (val_quality=0.3703703703703703) val=0.3704
[2026-05-03 13:55:02,898][HYDRA] 	#39 : model.reduction_factor=0.5 model.L=4 model.bond_dim=8 seed=47303 trainer.ridge=5 trainer.ridge_decay=0.25 trainer.ridge_min=0.0001 +experiment=uci_ntn_sweep model=lmpo2 dataset=wine
[2026-05-03 13:55:03,052][__main__][INFO] - ⏭ SKIP LMPO2/wine/NTN L=4 bd=8_rf0.5 seed=47303 -> /zhome/6b/e/212868/GTN/outputs/ntn/wine/LMPO2_rg5_init0.1/L4_bd8_seed47303_rf0.5_bondmpo1 | already completed successfully (val_quality=0.3703703703703703) val=0.3704
[2026-05-03 13:55:03,054][HYDRA] 	#40 : model.reduction_factor=0.5 model.L=4 model.bond_dim=4 seed=42 trainer.ridge=5 trainer.ridge_decay=0.25 trainer.ridge_min=0.0001 +experiment=uci_ntn_sweep model=lmpo2 dataset=wine
[2026-05-03 13:55:03,206][__main__][INFO] - ⏭ SKIP LMPO2/wine/NTN L=4 bd=4_rf0.5 seed=42 -> /zhome/6b/e/212868/GTN/outputs/ntn/wine/LMPO2_rg5_init0.1/L4_bd4_seed42_rf0.5_bondmpo1 | already completed successfully (val_quality=0.3703703703703703) val=0.3704
[2026-05-03 13:55:03,208][HYDRA] 	#41 : model.reduction_factor=0.5 model.L=4 model.bond_dim=4 seed=10090 trainer.ridge=5 trainer.ridge_decay=0.25 trainer.ridge_min=0.0001 +experiment=uci_ntn_sweep model=lmpo2 dataset=wine
[2026-05-03 13:55:03,364][__main__][INFO] - ⏭ SKIP LMPO2/wine/NTN L=4 bd=4_rf0.5 seed=10090 -> /zhome/6b/e/212868/GTN/outputs/ntn/wine/LMPO2_rg5_init0.1/L4_bd4_seed10090_rf0.5_bondmpo1 | already completed successfully (val_quality=0.5185185185185185) val=0.5185
[2026-05-03 13:55:03,367][HYDRA] 	#42 : model.reduction_factor=0.5 model.L=4 model.bond_dim=4 seed=32874 trainer.ridge=5 trainer.ridge_decay=0.25 trainer.ridge_min=0.0001 +experiment=uci_ntn_sweep model=lmpo2 dataset=wine
[2026-05-03 13:55:03,525][__main__][INFO] - ⏭ SKIP LMPO2/wine/NTN L=4 bd=4_rf0.5 seed=32874 -> /zhome/6b/e/212868/GTN/outputs/ntn/wine/LMPO2_rg5_init0.1/L4_bd4_seed32874_rf0.5_bondmpo1 | already completed successfully (val_quality=0.3703703703703703) val=0.3704
[2026-05-03 13:55:03,528][HYDRA] 	#43 : model.reduction_factor=0.5 model.L=4 model.bond_dim=4 seed=47311 trainer.ridge=5 trainer.ridge_decay=0.25 trainer.ridge_min=0.0001 +experiment=uci_ntn_sweep model=lmpo2 dataset=wine
[2026-05-03 13:55:03,710][__main__][INFO] - ⏭ SKIP LMPO2/wine/NTN L=4 bd=4_rf0.5 seed=47311 -> /zhome/6b/e/212868/GTN/outputs/ntn/wine/LMPO2_rg5_init0.1/L4_bd4_seed47311_rf0.5_bondmpo1 | already completed successfully (val_quality=0.3703703703703703) val=0.3704
[2026-05-03 13:55:03,712][HYDRA] 	#44 : model.reduction_factor=0.5 model.L=4 model.bond_dim=4 seed=47303 trainer.ridge=5 trainer.ridge_decay=0.25 trainer.ridge_min=0.0001 +experiment=uci_ntn_sweep model=lmpo2 dataset=wine
[2026-05-03 13:55:03,869][__main__][INFO] - ⏭ SKIP LMPO2/wine/NTN L=4 bd=4_rf0.5 seed=47303 -> /zhome/6b/e/212868/GTN/outputs/ntn/wine/LMPO2_rg5_init0.1/L4_bd4_seed47303_rf0.5_bondmpo1 | already completed successfully (val_quality=0.3703703703703703) val=0.3704
[2026-05-03 13:55:03,872][HYDRA] 	#45 : model.reduction_factor=0.5 model.L=3 model.bond_dim=12 seed=42 trainer.ridge=5 trainer.ridge_decay=0.25 trainer.ridge_min=0.0001 +experiment=uci_ntn_sweep model=lmpo2 dataset=wine
[2026-05-03 13:55:04,033][__main__][INFO] - ⏭ SKIP LMPO2/wine/NTN L=3 bd=12_rf0.5 seed=42 -> /zhome/6b/e/212868/GTN/outputs/ntn/wine/LMPO2_rg5_init0.1/L3_bd12_seed42_rf0.5_bondmpo1 | already completed successfully (val_quality=0.3703703703703703) val=0.3704
[2026-05-03 13:55:04,036][HYDRA] 	#46 : model.reduction_factor=0.5 model.L=3 model.bond_dim=12 seed=10090 trainer.ridge=5 trainer.ridge_decay=0.25 trainer.ridge_min=0.0001 +experiment=uci_ntn_sweep model=lmpo2 dataset=wine
[2026-05-03 13:55:04,196][__main__][INFO] - ⏭ SKIP LMPO2/wine/NTN L=3 bd=12_rf0.5 seed=10090 -> /zhome/6b/e/212868/GTN/outputs/ntn/wine/LMPO2_rg5_init0.1/L3_bd12_seed10090_rf0.5_bondmpo1 | already completed successfully (val_quality=0.3703703703703703) val=0.3704
[2026-05-03 13:55:04,198][HYDRA] 	#47 : model.reduction_factor=0.5 model.L=3 model.bond_dim=12 seed=32874 trainer.ridge=5 trainer.ridge_decay=0.25 trainer.ridge_min=0.0001 +experiment=uci_ntn_sweep model=lmpo2 dataset=wine
[2026-05-03 13:55:04,359][__main__][INFO] - ⏭ SKIP LMPO2/wine/NTN L=3 bd=12_rf0.5 seed=32874 -> /zhome/6b/e/212868/GTN/outputs/ntn/wine/LMPO2_rg5_init0.1/L3_bd12_seed32874_rf0.5_bondmpo1 | already completed successfully (val_quality=0.3703703703703703) val=0.3704
[2026-05-03 13:55:04,361][HYDRA] 	#48 : model.reduction_factor=0.5 model.L=3 model.bond_dim=12 seed=47311 trainer.ridge=5 trainer.ridge_decay=0.25 trainer.ridge_min=0.0001 +experiment=uci_ntn_sweep model=lmpo2 dataset=wine
[2026-05-03 13:55:04,513][__main__][INFO] - ⏭ SKIP LMPO2/wine/NTN L=3 bd=12_rf0.5 seed=47311 -> /zhome/6b/e/212868/GTN/outputs/ntn/wine/LMPO2_rg5_init0.1/L3_bd12_seed47311_rf0.5_bondmpo1 | already completed successfully (val_quality=0.3703703703703703) val=0.3704
[2026-05-03 13:55:04,516][HYDRA] 	#49 : model.reduction_factor=0.5 model.L=3 model.bond_dim=12 seed=47303 trainer.ridge=5 trainer.ridge_decay=0.25 trainer.ridge_min=0.0001 +experiment=uci_ntn_sweep model=lmpo2 dataset=wine
[2026-05-03 13:55:04,681][__main__][INFO] - ⏭ SKIP LMPO2/wine/NTN L=3 bd=12_rf0.5 seed=47303 -> /zhome/6b/e/212868/GTN/outputs/ntn/wine/LMPO2_rg5_init0.1/L3_bd12_seed47303_rf0.5_bondmpo1 | already completed successfully (val_quality=0.3703703703703703) val=0.3704
[2026-05-03 13:55:04,683][HYDRA] 	#50 : model.reduction_factor=0.5 model.L=3 model.bond_dim=8 seed=42 trainer.ridge=5 trainer.ridge_decay=0.25 trainer.ridge_min=0.0001 +experiment=uci_ntn_sweep model=lmpo2 dataset=wine
[2026-05-03 13:55:04,833][__main__][INFO] - ⏭ SKIP LMPO2/wine/NTN L=3 bd=8_rf0.5 seed=42 -> /zhome/6b/e/212868/GTN/outputs/ntn/wine/LMPO2_rg5_init0.1/L3_bd8_seed42_rf0.5_bondmpo1 | already completed successfully (val_quality=0.3703703703703703) val=0.3704
[2026-05-03 13:55:04,835][HYDRA] 	#51 : model.reduction_factor=0.5 model.L=3 model.bond_dim=8 seed=10090 trainer.ridge=5 trainer.ridge_decay=0.25 trainer.ridge_min=0.0001 +experiment=uci_ntn_sweep model=lmpo2 dataset=wine
[2026-05-03 13:55:04,986][__main__][INFO] - ⏭ SKIP LMPO2/wine/NTN L=3 bd=8_rf0.5 seed=10090 -> /zhome/6b/e/212868/GTN/outputs/ntn/wine/LMPO2_rg5_init0.1/L3_bd8_seed10090_rf0.5_bondmpo1 | already completed successfully (val_quality=0.3703703703703703) val=0.3704
[2026-05-03 13:55:04,988][HYDRA] 	#52 : model.reduction_factor=0.5 model.L=3 model.bond_dim=8 seed=32874 trainer.ridge=5 trainer.ridge_decay=0.25 trainer.ridge_min=0.0001 +experiment=uci_ntn_sweep model=lmpo2 dataset=wine
[2026-05-03 13:55:05,139][__main__][INFO] - ⏭ SKIP LMPO2/wine/NTN L=3 bd=8_rf0.5 seed=32874 -> /zhome/6b/e/212868/GTN/outputs/ntn/wine/LMPO2_rg5_init0.1/L3_bd8_seed32874_rf0.5_bondmpo1 | already completed successfully (val_quality=0.3703703703703703) val=0.3704
[2026-05-03 13:55:05,141][HYDRA] 	#53 : model.reduction_factor=0.5 model.L=3 model.bond_dim=8 seed=47311 trainer.ridge=5 trainer.ridge_decay=0.25 trainer.ridge_min=0.0001 +experiment=uci_ntn_sweep model=lmpo2 dataset=wine
[2026-05-03 13:55:05,526][__main__][INFO] - ⏭ SKIP LMPO2/wine/NTN L=3 bd=8_rf0.5 seed=47311 -> /zhome/6b/e/212868/GTN/outputs/ntn/wine/LMPO2_rg5_init0.1/L3_bd8_seed47311_rf0.5_bondmpo1 | already completed successfully (val_quality=0.5555555555555556) val=0.5556
[2026-05-03 13:55:05,528][HYDRA] 	#54 : model.reduction_factor=0.5 model.L=3 model.bond_dim=8 seed=47303 trainer.ridge=5 trainer.ridge_decay=0.25 trainer.ridge_min=0.0001 +experiment=uci_ntn_sweep model=lmpo2 dataset=wine
[2026-05-03 13:55:05,686][__main__][INFO] - ⏭ SKIP LMPO2/wine/NTN L=3 bd=8_rf0.5 seed=47303 -> /zhome/6b/e/212868/GTN/outputs/ntn/wine/LMPO2_rg5_init0.1/L3_bd8_seed47303_rf0.5_bondmpo1 | already completed successfully (val_quality=0.3703703703703703) val=0.3704
[2026-05-03 13:55:05,689][HYDRA] 	#55 : model.reduction_factor=0.5 model.L=3 model.bond_dim=4 seed=42 trainer.ridge=5 trainer.ridge_decay=0.25 trainer.ridge_min=0.0001 +experiment=uci_ntn_sweep model=lmpo2 dataset=wine
[2026-05-03 13:55:05,847][__main__][INFO] - ⏭ SKIP LMPO2/wine/NTN L=3 bd=4_rf0.5 seed=42 -> /zhome/6b/e/212868/GTN/outputs/ntn/wine/LMPO2_rg5_init0.1/L3_bd4_seed42_rf0.5_bondmpo1 | already completed successfully (val_quality=0.5185185185185185) val=0.5185
[2026-05-03 13:55:05,849][HYDRA] 	#56 : model.reduction_factor=0.5 model.L=3 model.bond_dim=4 seed=10090 trainer.ridge=5 trainer.ridge_decay=0.25 trainer.ridge_min=0.0001 +experiment=uci_ntn_sweep model=lmpo2 dataset=wine
[2026-05-03 13:55:06,003][__main__][INFO] - ⏭ SKIP LMPO2/wine/NTN L=3 bd=4_rf0.5 seed=10090 -> /zhome/6b/e/212868/GTN/outputs/ntn/wine/LMPO2_rg5_init0.1/L3_bd4_seed10090_rf0.5_bondmpo1 | already completed successfully (val_quality=0.3703703703703703) val=0.3704
[2026-05-03 13:55:06,005][HYDRA] 	#57 : model.reduction_factor=0.5 model.L=3 model.bond_dim=4 seed=32874 trainer.ridge=5 trainer.ridge_decay=0.25 trainer.ridge_min=0.0001 +experiment=uci_ntn_sweep model=lmpo2 dataset=wine
[2026-05-03 13:55:06,157][__main__][INFO] - ⏭ SKIP LMPO2/wine/NTN L=3 bd=4_rf0.5 seed=32874 -> /zhome/6b/e/212868/GTN/outputs/ntn/wine/LMPO2_rg5_init0.1/L3_bd4_seed32874_rf0.5_bondmpo1 | already completed successfully (val_quality=0.3703703703703703) val=0.3704
[2026-05-03 13:55:06,159][HYDRA] 	#58 : model.reduction_factor=0.5 model.L=3 model.bond_dim=4 seed=47311 trainer.ridge=5 trainer.ridge_decay=0.25 trainer.ridge_min=0.0001 +experiment=uci_ntn_sweep model=lmpo2 dataset=wine
[2026-05-03 13:55:06,314][__main__][INFO] - ⏭ SKIP LMPO2/wine/NTN L=3 bd=4_rf0.5 seed=47311 -> /zhome/6b/e/212868/GTN/outputs/ntn/wine/LMPO2_rg5_init0.1/L3_bd4_seed47311_rf0.5_bondmpo1 | already completed successfully (val_quality=0.3703703703703703) val=0.3704
[2026-05-03 13:55:06,316][HYDRA] 	#59 : model.reduction_factor=0.5 model.L=3 model.bond_dim=4 seed=47303 trainer.ridge=5 trainer.ridge_decay=0.25 trainer.ridge_min=0.0001 +experiment=uci_ntn_sweep model=lmpo2 dataset=wine
[2026-05-03 13:55:06,470][__main__][INFO] - ⏭ SKIP LMPO2/wine/NTN L=3 bd=4_rf0.5 seed=47303 -> /zhome/6b/e/212868/GTN/outputs/ntn/wine/LMPO2_rg5_init0.1/L3_bd4_seed47303_rf0.5_bondmpo1 | already completed successfully (val_quality=0.3703703703703703) val=0.3704
[2026-05-03 13:55:06,473][HYDRA] 	#60 : model.reduction_factor=0.9 model.L=4 model.bond_dim=12 seed=42 trainer.ridge=5 trainer.ridge_decay=0.25 trainer.ridge_min=0.0001 +experiment=uci_ntn_sweep model=lmpo2 dataset=wine
[2026-05-03 13:55:06,630][__main__][INFO] - ⏭ SKIP LMPO2/wine/NTN L=4 bd=12_rf0.9 seed=42 -> /zhome/6b/e/212868/GTN/outputs/ntn/wine/LMPO2_rg5_init0.1/L4_bd12_seed42_rf0.9_bondmpo1 | already completed successfully (val_quality=0.4444444444444444) val=0.4444
[2026-05-03 13:55:06,632][HYDRA] 	#61 : model.reduction_factor=0.9 model.L=4 model.bond_dim=12 seed=10090 trainer.ridge=5 trainer.ridge_decay=0.25 trainer.ridge_min=0.0001 +experiment=uci_ntn_sweep model=lmpo2 dataset=wine
[2026-05-03 13:55:06,784][__main__][INFO] - ⏭ SKIP LMPO2/wine/NTN L=4 bd=12_rf0.9 seed=10090 -> /zhome/6b/e/212868/GTN/outputs/ntn/wine/LMPO2_rg5_init0.1/L4_bd12_seed10090_rf0.9_bondmpo1 | already completed successfully (val_quality=0.3703703703703703) val=0.3704
[2026-05-03 13:55:06,786][HYDRA] 	#62 : model.reduction_factor=0.9 model.L=4 model.bond_dim=12 seed=32874 trainer.ridge=5 trainer.ridge_decay=0.25 trainer.ridge_min=0.0001 +experiment=uci_ntn_sweep model=lmpo2 dataset=wine
[2026-05-03 13:55:06,937][__main__][INFO] - ⏭ SKIP LMPO2/wine/NTN L=4 bd=12_rf0.9 seed=32874 -> /zhome/6b/e/212868/GTN/outputs/ntn/wine/LMPO2_rg5_init0.1/L4_bd12_seed32874_rf0.9_bondmpo1 | already completed successfully (val_quality=0.3703703703703703) val=0.3704
[2026-05-03 13:55:06,939][HYDRA] 	#63 : model.reduction_factor=0.9 model.L=4 model.bond_dim=12 seed=47311 trainer.ridge=5 trainer.ridge_decay=0.25 trainer.ridge_min=0.0001 +experiment=uci_ntn_sweep model=lmpo2 dataset=wine
[2026-05-03 13:55:07,092][__main__][INFO] - ⏭ SKIP LMPO2/wine/NTN L=4 bd=12_rf0.9 seed=47311 -> /zhome/6b/e/212868/GTN/outputs/ntn/wine/LMPO2_rg5_init0.1/L4_bd12_seed47311_rf0.9_bondmpo1 | already completed successfully (val_quality=0.3703703703703703) val=0.3704
[2026-05-03 13:55:07,095][HYDRA] 	#64 : model.reduction_factor=0.9 model.L=4 model.bond_dim=12 seed=47303 trainer.ridge=5 trainer.ridge_decay=0.25 trainer.ridge_min=0.0001 +experiment=uci_ntn_sweep model=lmpo2 dataset=wine
[2026-05-03 13:55:07,267][__main__][INFO] - ⏭ SKIP LMPO2/wine/NTN L=4 bd=12_rf0.9 seed=47303 -> /zhome/6b/e/212868/GTN/outputs/ntn/wine/LMPO2_rg5_init0.1/L4_bd12_seed47303_rf0.9_bondmpo1 | already completed successfully (val_quality=0.3703703703703703) val=0.3704
[2026-05-03 13:55:07,270][HYDRA] 	#65 : model.reduction_factor=0.9 model.L=4 model.bond_dim=8 seed=42 trainer.ridge=5 trainer.ridge_decay=0.25 trainer.ridge_min=0.0001 +experiment=uci_ntn_sweep model=lmpo2 dataset=wine
[2026-05-03 13:55:07,426][__main__][INFO] - ⏭ SKIP LMPO2/wine/NTN L=4 bd=8_rf0.9 seed=42 -> /zhome/6b/e/212868/GTN/outputs/ntn/wine/LMPO2_rg5_init0.1/L4_bd8_seed42_rf0.9_bondmpo1 | already completed successfully (val_quality=0.3703703703703703) val=0.3704
[2026-05-03 13:55:07,428][HYDRA] 	#66 : model.reduction_factor=0.9 model.L=4 model.bond_dim=8 seed=10090 trainer.ridge=5 trainer.ridge_decay=0.25 trainer.ridge_min=0.0001 +experiment=uci_ntn_sweep model=lmpo2 dataset=wine
[2026-05-03 13:55:07,592][__main__][INFO] - ⏭ SKIP LMPO2/wine/NTN L=4 bd=8_rf0.9 seed=10090 -> /zhome/6b/e/212868/GTN/outputs/ntn/wine/LMPO2_rg5_init0.1/L4_bd8_seed10090_rf0.9_bondmpo1 | already completed successfully (val_quality=0.4074074074074074) val=0.4074
[2026-05-03 13:55:07,595][HYDRA] 	#67 : model.reduction_factor=0.9 model.L=4 model.bond_dim=8 seed=32874 trainer.ridge=5 trainer.ridge_decay=0.25 trainer.ridge_min=0.0001 +experiment=uci_ntn_sweep model=lmpo2 dataset=wine
[2026-05-03 13:55:07,747][__main__][INFO] - ⏭ SKIP LMPO2/wine/NTN L=4 bd=8_rf0.9 seed=32874 -> /zhome/6b/e/212868/GTN/outputs/ntn/wine/LMPO2_rg5_init0.1/L4_bd8_seed32874_rf0.9_bondmpo1 | already completed successfully (val_quality=0.3703703703703703) val=0.3704
[2026-05-03 13:55:07,750][HYDRA] 	#68 : model.reduction_factor=0.9 model.L=4 model.bond_dim=8 seed=47311 trainer.ridge=5 trainer.ridge_decay=0.25 trainer.ridge_min=0.0001 +experiment=uci_ntn_sweep model=lmpo2 dataset=wine
[2026-05-03 13:55:07,909][__main__][INFO] - ⏭ SKIP LMPO2/wine/NTN L=4 bd=8_rf0.9 seed=47311 -> /zhome/6b/e/212868/GTN/outputs/ntn/wine/LMPO2_rg5_init0.1/L4_bd8_seed47311_rf0.9_bondmpo1 | already completed successfully (val_quality=0.3703703703703703) val=0.3704
[2026-05-03 13:55:07,941][HYDRA] 	#69 : model.reduction_factor=0.9 model.L=4 model.bond_dim=8 seed=47303 trainer.ridge=5 trainer.ridge_decay=0.25 trainer.ridge_min=0.0001 +experiment=uci_ntn_sweep model=lmpo2 dataset=wine
[2026-05-03 13:55:08,098][__main__][INFO] - ⏭ SKIP LMPO2/wine/NTN L=4 bd=8_rf0.9 seed=47303 -> /zhome/6b/e/212868/GTN/outputs/ntn/wine/LMPO2_rg5_init0.1/L4_bd8_seed47303_rf0.9_bondmpo1 | already completed successfully (val_quality=0.3703703703703703) val=0.3704
[2026-05-03 13:55:08,100][HYDRA] 	#70 : model.reduction_factor=0.9 model.L=4 model.bond_dim=4 seed=42 trainer.ridge=5 trainer.ridge_decay=0.25 trainer.ridge_min=0.0001 +experiment=uci_ntn_sweep model=lmpo2 dataset=wine
[2026-05-03 13:55:08,264][__main__][INFO] - ⏭ SKIP LMPO2/wine/NTN L=4 bd=4_rf0.9 seed=42 -> /zhome/6b/e/212868/GTN/outputs/ntn/wine/LMPO2_rg5_init0.1/L4_bd4_seed42_rf0.9_bondmpo1 | already completed successfully (val_quality=0.3703703703703703) val=0.3704
[2026-05-03 13:55:08,267][HYDRA] 	#71 : model.reduction_factor=0.9 model.L=4 model.bond_dim=4 seed=10090 trainer.ridge=5 trainer.ridge_decay=0.25 trainer.ridge_min=0.0001 +experiment=uci_ntn_sweep model=lmpo2 dataset=wine
[2026-05-03 13:55:08,419][__main__][INFO] - ⏭ SKIP LMPO2/wine/NTN L=4 bd=4_rf0.9 seed=10090 -> /zhome/6b/e/212868/GTN/outputs/ntn/wine/LMPO2_rg5_init0.1/L4_bd4_seed10090_rf0.9_bondmpo1 | already completed successfully (val_quality=0.5185185185185185) val=0.5185
[2026-05-03 13:55:08,433][HYDRA] 	#72 : model.reduction_factor=0.9 model.L=4 model.bond_dim=4 seed=32874 trainer.ridge=5 trainer.ridge_decay=0.25 trainer.ridge_min=0.0001 +experiment=uci_ntn_sweep model=lmpo2 dataset=wine
[2026-05-03 13:55:08,583][__main__][INFO] - ⏭ SKIP LMPO2/wine/NTN L=4 bd=4_rf0.9 seed=32874 -> /zhome/6b/e/212868/GTN/outputs/ntn/wine/LMPO2_rg5_init0.1/L4_bd4_seed32874_rf0.9_bondmpo1 | already completed successfully (val_quality=0.5185185185185185) val=0.5185
[2026-05-03 13:55:08,585][HYDRA] 	#73 : model.reduction_factor=0.9 model.L=4 model.bond_dim=4 seed=47311 trainer.ridge=5 trainer.ridge_decay=0.25 trainer.ridge_min=0.0001 +experiment=uci_ntn_sweep model=lmpo2 dataset=wine
[2026-05-03 13:55:08,737][__main__][INFO] - ⏭ SKIP LMPO2/wine/NTN L=4 bd=4_rf0.9 seed=47311 -> /zhome/6b/e/212868/GTN/outputs/ntn/wine/LMPO2_rg5_init0.1/L4_bd4_seed47311_rf0.9_bondmpo1 | already completed successfully (val_quality=0.4074074074074074) val=0.4074
[2026-05-03 13:55:08,739][HYDRA] 	#74 : model.reduction_factor=0.9 model.L=4 model.bond_dim=4 seed=47303 trainer.ridge=5 trainer.ridge_decay=0.25 trainer.ridge_min=0.0001 +experiment=uci_ntn_sweep model=lmpo2 dataset=wine
[2026-05-03 13:55:08,894][__main__][INFO] - ⏭ SKIP LMPO2/wine/NTN L=4 bd=4_rf0.9 seed=47303 -> /zhome/6b/e/212868/GTN/outputs/ntn/wine/LMPO2_rg5_init0.1/L4_bd4_seed47303_rf0.9_bondmpo1 | already completed successfully (val_quality=0.3703703703703703) val=0.3704
[2026-05-03 13:55:08,896][HYDRA] 	#75 : model.reduction_factor=0.9 model.L=3 model.bond_dim=12 seed=42 trainer.ridge=5 trainer.ridge_decay=0.25 trainer.ridge_min=0.0001 +experiment=uci_ntn_sweep model=lmpo2 dataset=wine
[2026-05-03 13:55:09,050][__main__][INFO] - ⏭ SKIP LMPO2/wine/NTN L=3 bd=12_rf0.9 seed=42 -> /zhome/6b/e/212868/GTN/outputs/ntn/wine/LMPO2_rg5_init0.1/L3_bd12_seed42_rf0.9_bondmpo1 | already completed successfully (val_quality=0.3703703703703703) val=0.3704
[2026-05-03 13:55:09,052][HYDRA] 	#76 : model.reduction_factor=0.9 model.L=3 model.bond_dim=12 seed=10090 trainer.ridge=5 trainer.ridge_decay=0.25 trainer.ridge_min=0.0001 +experiment=uci_ntn_sweep model=lmpo2 dataset=wine
[2026-05-03 13:55:09,210][__main__][INFO] - ⏭ SKIP LMPO2/wine/NTN L=3 bd=12_rf0.9 seed=10090 -> /zhome/6b/e/212868/GTN/outputs/ntn/wine/LMPO2_rg5_init0.1/L3_bd12_seed10090_rf0.9_bondmpo1 | already completed successfully (val_quality=0.3703703703703703) val=0.3704
[2026-05-03 13:55:09,213][HYDRA] 	#77 : model.reduction_factor=0.9 model.L=3 model.bond_dim=12 seed=32874 trainer.ridge=5 trainer.ridge_decay=0.25 trainer.ridge_min=0.0001 +experiment=uci_ntn_sweep model=lmpo2 dataset=wine
[2026-05-03 13:55:09,381][__main__][INFO] - ⏭ SKIP LMPO2/wine/NTN L=3 bd=12_rf0.9 seed=32874 -> /zhome/6b/e/212868/GTN/outputs/ntn/wine/LMPO2_rg5_init0.1/L3_bd12_seed32874_rf0.9_bondmpo1 | already completed successfully (val_quality=0.4814814814814814) val=0.4815
[2026-05-03 13:55:09,384][HYDRA] 	#78 : model.reduction_factor=0.9 model.L=3 model.bond_dim=12 seed=47311 trainer.ridge=5 trainer.ridge_decay=0.25 trainer.ridge_min=0.0001 +experiment=uci_ntn_sweep model=lmpo2 dataset=wine
[2026-05-03 13:55:09,543][__main__][INFO] - ⏭ SKIP LMPO2/wine/NTN L=3 bd=12_rf0.9 seed=47311 -> /zhome/6b/e/212868/GTN/outputs/ntn/wine/LMPO2_rg5_init0.1/L3_bd12_seed47311_rf0.9_bondmpo1 | already completed successfully (val_quality=0.4074074074074074) val=0.4074
[2026-05-03 13:55:09,545][HYDRA] 	#79 : model.reduction_factor=0.9 model.L=3 model.bond_dim=12 seed=47303 trainer.ridge=5 trainer.ridge_decay=0.25 trainer.ridge_min=0.0001 +experiment=uci_ntn_sweep model=lmpo2 dataset=wine
[2026-05-03 13:55:09,701][__main__][INFO] - ⏭ SKIP LMPO2/wine/NTN L=3 bd=12_rf0.9 seed=47303 -> /zhome/6b/e/212868/GTN/outputs/ntn/wine/LMPO2_rg5_init0.1/L3_bd12_seed47303_rf0.9_bondmpo1 | already completed successfully (val_quality=0.3703703703703703) val=0.3704
[2026-05-03 13:55:09,703][HYDRA] 	#80 : model.reduction_factor=0.9 model.L=3 model.bond_dim=8 seed=42 trainer.ridge=5 trainer.ridge_decay=0.25 trainer.ridge_min=0.0001 +experiment=uci_ntn_sweep model=lmpo2 dataset=wine
[2026-05-03 13:55:09,857][__main__][INFO] - ⏭ SKIP LMPO2/wine/NTN L=3 bd=8_rf0.9 seed=42 -> /zhome/6b/e/212868/GTN/outputs/ntn/wine/LMPO2_rg5_init0.1/L3_bd8_seed42_rf0.9_bondmpo1 | already completed successfully (val_quality=0.4444444444444444) val=0.4444
[2026-05-03 13:55:09,859][HYDRA] 	#81 : model.reduction_factor=0.9 model.L=3 model.bond_dim=8 seed=10090 trainer.ridge=5 trainer.ridge_decay=0.25 trainer.ridge_min=0.0001 +experiment=uci_ntn_sweep model=lmpo2 dataset=wine
[2026-05-03 13:55:10,019][__main__][INFO] - ⏭ SKIP LMPO2/wine/NTN L=3 bd=8_rf0.9 seed=10090 -> /zhome/6b/e/212868/GTN/outputs/ntn/wine/LMPO2_rg5_init0.1/L3_bd8_seed10090_rf0.9_bondmpo1 | already completed successfully (val_quality=0.4444444444444444) val=0.4444
[2026-05-03 13:55:10,021][HYDRA] 	#82 : model.reduction_factor=0.9 model.L=3 model.bond_dim=8 seed=32874 trainer.ridge=5 trainer.ridge_decay=0.25 trainer.ridge_min=0.0001 +experiment=uci_ntn_sweep model=lmpo2 dataset=wine
[2026-05-03 13:55:10,370][__main__][INFO] - ⏭ SKIP LMPO2/wine/NTN L=3 bd=8_rf0.9 seed=32874 -> /zhome/6b/e/212868/GTN/outputs/ntn/wine/LMPO2_rg5_init0.1/L3_bd8_seed32874_rf0.9_bondmpo1 | already completed successfully (val_quality=0.3703703703703703) val=0.3704
[2026-05-03 13:55:10,373][HYDRA] 	#83 : model.reduction_factor=0.9 model.L=3 model.bond_dim=8 seed=47311 trainer.ridge=5 trainer.ridge_decay=0.25 trainer.ridge_min=0.0001 +experiment=uci_ntn_sweep model=lmpo2 dataset=wine
[2026-05-03 13:55:10,524][__main__][INFO] - ⏭ SKIP LMPO2/wine/NTN L=3 bd=8_rf0.9 seed=47311 -> /zhome/6b/e/212868/GTN/outputs/ntn/wine/LMPO2_rg5_init0.1/L3_bd8_seed47311_rf0.9_bondmpo1 | already completed successfully (val_quality=0.3703703703703703) val=0.3704
[2026-05-03 13:55:10,527][HYDRA] 	#84 : model.reduction_factor=0.9 model.L=3 model.bond_dim=8 seed=47303 trainer.ridge=5 trainer.ridge_decay=0.25 trainer.ridge_min=0.0001 +experiment=uci_ntn_sweep model=lmpo2 dataset=wine
[2026-05-03 13:55:10,677][__main__][INFO] - ⏭ SKIP LMPO2/wine/NTN L=3 bd=8_rf0.9 seed=47303 -> /zhome/6b/e/212868/GTN/outputs/ntn/wine/LMPO2_rg5_init0.1/L3_bd8_seed47303_rf0.9_bondmpo1 | already completed successfully (val_quality=0.3703703703703703) val=0.3704
[2026-05-03 13:55:10,680][HYDRA] 	#85 : model.reduction_factor=0.9 model.L=3 model.bond_dim=4 seed=42 trainer.ridge=5 trainer.ridge_decay=0.25 trainer.ridge_min=0.0001 +experiment=uci_ntn_sweep model=lmpo2 dataset=wine
[2026-05-03 13:55:10,836][__main__][INFO] - ⏭ SKIP LMPO2/wine/NTN L=3 bd=4_rf0.9 seed=42 -> /zhome/6b/e/212868/GTN/outputs/ntn/wine/LMPO2_rg5_init0.1/L3_bd4_seed42_rf0.9_bondmpo1 | already completed successfully (val_quality=0.3703703703703703) val=0.3704
[2026-05-03 13:55:10,839][HYDRA] 	#86 : model.reduction_factor=0.9 model.L=3 model.bond_dim=4 seed=10090 trainer.ridge=5 trainer.ridge_decay=0.25 trainer.ridge_min=0.0001 +experiment=uci_ntn_sweep model=lmpo2 dataset=wine
[2026-05-03 13:55:10,995][__main__][INFO] - ⏭ SKIP LMPO2/wine/NTN L=3 bd=4_rf0.9 seed=10090 -> /zhome/6b/e/212868/GTN/outputs/ntn/wine/LMPO2_rg5_init0.1/L3_bd4_seed10090_rf0.9_bondmpo1 | already completed successfully (val_quality=0.4814814814814814) val=0.4815
[2026-05-03 13:55:10,997][HYDRA] 	#87 : model.reduction_factor=0.9 model.L=3 model.bond_dim=4 seed=32874 trainer.ridge=5 trainer.ridge_decay=0.25 trainer.ridge_min=0.0001 +experiment=uci_ntn_sweep model=lmpo2 dataset=wine
[2026-05-03 13:55:11,163][__main__][INFO] - ⏭ SKIP LMPO2/wine/NTN L=3 bd=4_rf0.9 seed=32874 -> /zhome/6b/e/212868/GTN/outputs/ntn/wine/LMPO2_rg5_init0.1/L3_bd4_seed32874_rf0.9_bondmpo1 | already completed successfully (val_quality=0.3703703703703703) val=0.3704
[2026-05-03 13:55:11,166][HYDRA] 	#88 : model.reduction_factor=0.9 model.L=3 model.bond_dim=4 seed=47311 trainer.ridge=5 trainer.ridge_decay=0.25 trainer.ridge_min=0.0001 +experiment=uci_ntn_sweep model=lmpo2 dataset=wine
[2026-05-03 13:55:11,329][__main__][INFO] - ⏭ SKIP LMPO2/wine/NTN L=3 bd=4_rf0.9 seed=47311 -> /zhome/6b/e/212868/GTN/outputs/ntn/wine/LMPO2_rg5_init0.1/L3_bd4_seed47311_rf0.9_bondmpo1 | already completed successfully (val_quality=0.5185185185185185) val=0.5185
[2026-05-03 13:55:11,331][HYDRA] 	#89 : model.reduction_factor=0.9 model.L=3 model.bond_dim=4 seed=47303 trainer.ridge=5 trainer.ridge_decay=0.25 trainer.ridge_min=0.0001 +experiment=uci_ntn_sweep model=lmpo2 dataset=wine
[2026-05-03 13:55:11,483][__main__][INFO] - ⏭ SKIP LMPO2/wine/NTN L=3 bd=4_rf0.9 seed=47303 -> /zhome/6b/e/212868/GTN/outputs/ntn/wine/LMPO2_rg5_init0.1/L3_bd4_seed47303_rf0.9_bondmpo1 | already completed successfully (val_quality=0.4444444444444444) val=0.4444

------------------------------------------------------------
Sender: LSF System <lsfadmin@hpc.dtu.dk>
Subject: Job 28341043[133]: <ntn_grid_full[1-150]%20> in cluster <dcc> Done

Job <ntn_grid_full[1-150]%20> was submitted from host <hpclogin1> by user <nicci> in cluster <dcc> at Sun May  3 13:49:48 2026
Job was executed on host(s) <6*n-62-29-22>, in queue <hpc>, as user <nicci> in cluster <dcc> at Sun May  3 13:54:39 2026
</zhome/6b/e/212868> was used as the home directory.
</zhome/6b/e/212868/GTN> was used as the working directory.
Started at Sun May  3 13:54:39 2026
Terminated at Sun May  3 13:55:12 2026
Results reported at Sun May  3 13:55:12 2026

Your job looked like:

------------------------------------------------------------
# LSBATCH: User input
#!/bin/bash
#BSUB -q hpc
#BSUB -J "ntn_grid_full[1-150]%20"
#BSUB -W 8:00
#BSUB -n 6
#BSUB -R "rusage[mem=3GB]"
#BSUB -R "span[hosts=1]"
#BSUB -o logs/%J_%I.out
#BSUB -e logs/%J_%I.err

MODELS=("cpda" "cpda_typei" "lmpo2" "lmpo2_typei" "mpo2" "mpo2_typei" "mmpo2" "mmpo2_typei" "tnml_f" "tnml_p")

DATASETS=(
    "abalone" "adult" "ai4i" "appliances" "bank" "bike" "breast"
    "car_evaluation" "concrete" "energy_efficiency" "hearth"
    "iris" "mushrooms" "obesity" "popularity" "realstate"
    "seoulBike" "student_dropout" "student_perf" "wine"
    "winequalityc"
)

COMPLETED_DATASETS=(
    "abalone" "bike" "concrete" "energy_efficiency"
    "iris" "realstate" )

# Filter datasets
FILTERED_DATASETS=()
for ds in "${DATASETS[@]}"; do
    skip=false
    for completed in "${COMPLETED_DATASETS[@]}"; do
        if [[ "$ds" == "$completed" ]]; then
            skip=true
            break
        fi
    done

    if ! $skip; then
        FILTERED_DATASETS+=("$ds")
    fi
done

DATASETS=("${FILTERED_DATASETS[@]}")

NUM_MODELS=${#MODELS[@]}
NUM_DATASETS=${#DATASETS[@]}
NUM_EXPERIMENTS=$((NUM_DATASETS * NUM_MODELS))

if [ "$1" == "test" ]; then
    echo "SIMULATING ARRAY:"
    echo "-----------------"


(... more ...)
------------------------------------------------------------

Successfully completed.

Resource usage summary:

    CPU time :                                   28.01 sec.
    Max Memory :                                 405 MB
    Average Memory :                             400.67 MB
    Total Requested Memory :                     18432.00 MB
    Delta Memory :                               18027.00 MB
    Max Swap :                                   -
    Max Processes :                              4
    Max Threads :                                15
    Run time :                                   33 sec.
    Turnaround time :                            324 sec.

The output (if any) is above this job summary.



PS:

Read file <logs/28341043_133.err> for stderr output of this job.

