
------------------------------------------------------------
Sender: LSF System <lsfadmin@hpc.dtu.dk>
Subject: Job 28348629: <ntn_tnmlf_adult> in cluster <dcc> Exited

Job <ntn_tnmlf_adult> was submitted from host <hpclogin1> by user <nicci> in cluster <dcc> at Mon May  4 20:07:15 2026
Job was executed on host(s) <16*n-62-21-67>, in queue <hpc>, as user <nicci> in cluster <dcc> at Mon May  4 20:07:17 2026
</zhome/6b/e/212868> was used as the home directory.
</zhome/6b/e/212868/GTN> was used as the working directory.
Started at Mon May  4 20:07:17 2026
Terminated at Tue May  5 08:07:42 2026
Results reported at Tue May  5 08:07:42 2026

Your job looked like:

------------------------------------------------------------
# LSBATCH: User input
#!/bin/bash
#BSUB -q hpc
#BSUB -J "ntn_tnmlf_adult"
#BSUB -W 12:00
#BSUB -n 16
#BSUB -R "rusage[mem=320MB]"
#BSUB -R "span[hosts=1]"
#BSUB -o logs/%J.out
#BSUB -e logs/%J.err

source .venv/bin/activate

mkdir -p logs

echo "Model=tnml_f, Dataset=adult"

export OMP_NUM_THREADS=16
export MKL_NUM_THREADS=16
export OPENBLAS_NUM_THREADS=16
export NUMEXPR_NUM_THREADS=16

python run.py --multirun \
    +experiment=uci_ntn_sweep \
    model=tnml_f \
    dataset=adult

------------------------------------------------------------

TERM_RUNLIMIT: job killed after reaching LSF run time limit.
Exited with exit code 140.

Resource usage summary:

    CPU time :                                   646946.00 sec.
    Max Memory :                                 1090 MB
    Average Memory :                             842.24 MB
    Total Requested Memory :                     5120.00 MB
    Delta Memory :                               4030.00 MB
    Max Swap :                                   -
    Max Processes :                              22
    Max Threads :                                325
    Run time :                                   43225 sec.
    Turnaround time :                            43227 sec.

The output (if any) is above this job summary.



PS:

Read file <logs/28348629.err> for stderr output of this job.

