Task 13: Dataset=appliances, Model=lmpo2, Experiment=uci_ntn_sweep
[2026-05-04 07:34:24,971][HYDRA] Launching 90 jobs locally
[2026-05-04 07:34:24,972][HYDRA] 	#0 : model.reduction_factor=0.3 model.L=4 model.bond_dim=12 seed=42 trainer.ridge=5 trainer.ridge_decay=0.25 trainer.ridge_min=0.0001 +experiment=uci_ntn_sweep model=lmpo2 dataset=appliances
[2026-05-04 07:34:25,522][utils.tracking][INFO] - Loaded 18906 tracked runs from runs_tracking.csv
[2026-05-04 07:34:25,525][__main__][INFO] - ⏭ SKIP LMPO2/appliances/NTN L=4 bd=12_rf0.3 seed=42 -> /zhome/6b/e/212868/GTN/outputs/ntn/appliances/LMPO2_rg5_init0.1/L4_bd12_seed42_rf0.3_bondmpo1 | already completed successfully (val_quality=0.281866838479002) val=0.2819
[2026-05-04 07:34:25,527][HYDRA] 	#1 : model.reduction_factor=0.3 model.L=4 model.bond_dim=12 seed=10090 trainer.ridge=5 trainer.ridge_decay=0.25 trainer.ridge_min=0.0001 +experiment=uci_ntn_sweep model=lmpo2 dataset=appliances
[2026-05-04 07:34:25,686][__main__][INFO] - ⏭ SKIP LMPO2/appliances/NTN L=4 bd=12_rf0.3 seed=10090 -> /zhome/6b/e/212868/GTN/outputs/ntn/appliances/LMPO2_rg5_init0.1/L4_bd12_seed10090_rf0.3_bondmpo1 | already completed successfully (val_quality=0.2474448573695654) val=0.2474
[2026-05-04 07:34:25,689][HYDRA] 	#2 : model.reduction_factor=0.3 model.L=4 model.bond_dim=12 seed=32874 trainer.ridge=5 trainer.ridge_decay=0.25 trainer.ridge_min=0.0001 +experiment=uci_ntn_sweep model=lmpo2 dataset=appliances
[2026-05-04 07:34:25,844][__main__][INFO] - ⏭ SKIP LMPO2/appliances/NTN L=4 bd=12_rf0.3 seed=32874 -> /zhome/6b/e/212868/GTN/outputs/ntn/appliances/LMPO2_rg5_init0.1/L4_bd12_seed32874_rf0.3_bondmpo1 | already completed successfully (val_quality=0.301951137063536) val=0.3020
[2026-05-04 07:34:25,847][HYDRA] 	#3 : model.reduction_factor=0.3 model.L=4 model.bond_dim=12 seed=47311 trainer.ridge=5 trainer.ridge_decay=0.25 trainer.ridge_min=0.0001 +experiment=uci_ntn_sweep model=lmpo2 dataset=appliances
[2026-05-04 07:34:26,010][__main__][INFO] - ⏭ SKIP LMPO2/appliances/NTN L=4 bd=12_rf0.3 seed=47311 -> /zhome/6b/e/212868/GTN/outputs/ntn/appliances/LMPO2_rg5_init0.1/L4_bd12_seed47311_rf0.3_bondmpo1 | already completed successfully (val_quality=0.2744225418061659) val=0.2744
[2026-05-04 07:34:26,013][HYDRA] 	#4 : model.reduction_factor=0.3 model.L=4 model.bond_dim=12 seed=47303 trainer.ridge=5 trainer.ridge_decay=0.25 trainer.ridge_min=0.0001 +experiment=uci_ntn_sweep model=lmpo2 dataset=appliances
[2026-05-04 07:34:26,173][__main__][INFO] - ⏭ SKIP LMPO2/appliances/NTN L=4 bd=12_rf0.3 seed=47303 -> /zhome/6b/e/212868/GTN/outputs/ntn/appliances/LMPO2_rg5_init0.1/L4_bd12_seed47303_rf0.3_bondmpo1 | already completed successfully (val_quality=0.2932832778173994) val=0.2933
[2026-05-04 07:34:26,176][HYDRA] 	#5 : model.reduction_factor=0.3 model.L=4 model.bond_dim=8 seed=42 trainer.ridge=5 trainer.ridge_decay=0.25 trainer.ridge_min=0.0001 +experiment=uci_ntn_sweep model=lmpo2 dataset=appliances
[2026-05-04 07:34:26,332][__main__][INFO] - ⏭ SKIP LMPO2/appliances/NTN L=4 bd=8_rf0.3 seed=42 -> /zhome/6b/e/212868/GTN/outputs/ntn/appliances/LMPO2_rg5_init0.1/L4_bd8_seed42_rf0.3_bondmpo1 | already completed successfully (val_quality=0.2700475755453937) val=0.2700
[2026-05-04 07:34:26,335][HYDRA] 	#6 : model.reduction_factor=0.3 model.L=4 model.bond_dim=8 seed=10090 trainer.ridge=5 trainer.ridge_decay=0.25 trainer.ridge_min=0.0001 +experiment=uci_ntn_sweep model=lmpo2 dataset=appliances
[2026-05-04 07:34:26,494][__main__][INFO] - ⏭ SKIP LMPO2/appliances/NTN L=4 bd=8_rf0.3 seed=10090 -> /zhome/6b/e/212868/GTN/outputs/ntn/appliances/LMPO2_rg5_init0.1/L4_bd8_seed10090_rf0.3_bondmpo1 | already completed successfully (val_quality=0.2360248796607805) val=0.2360
[2026-05-04 07:34:26,496][HYDRA] 	#7 : model.reduction_factor=0.3 model.L=4 model.bond_dim=8 seed=32874 trainer.ridge=5 trainer.ridge_decay=0.25 trainer.ridge_min=0.0001 +experiment=uci_ntn_sweep model=lmpo2 dataset=appliances
[2026-05-04 07:34:26,656][__main__][INFO] - ⏭ SKIP LMPO2/appliances/NTN L=4 bd=8_rf0.3 seed=32874 -> /zhome/6b/e/212868/GTN/outputs/ntn/appliances/LMPO2_rg5_init0.1/L4_bd8_seed32874_rf0.3_bondmpo1 | already completed successfully (val_quality=-0.006927252252497) val=-0.0069
[2026-05-04 07:34:26,659][HYDRA] 	#8 : model.reduction_factor=0.3 model.L=4 model.bond_dim=8 seed=47311 trainer.ridge=5 trainer.ridge_decay=0.25 trainer.ridge_min=0.0001 +experiment=uci_ntn_sweep model=lmpo2 dataset=appliances
[2026-05-04 07:34:26,816][__main__][INFO] - ⏭ SKIP LMPO2/appliances/NTN L=4 bd=8_rf0.3 seed=47311 -> /zhome/6b/e/212868/GTN/outputs/ntn/appliances/LMPO2_rg5_init0.1/L4_bd8_seed47311_rf0.3_bondmpo1 | already completed successfully (val_quality=0.2465549947090596) val=0.2466
[2026-05-04 07:34:26,818][HYDRA] 	#9 : model.reduction_factor=0.3 model.L=4 model.bond_dim=8 seed=47303 trainer.ridge=5 trainer.ridge_decay=0.25 trainer.ridge_min=0.0001 +experiment=uci_ntn_sweep model=lmpo2 dataset=appliances
[2026-05-04 07:34:26,979][__main__][INFO] - ⏭ SKIP LMPO2/appliances/NTN L=4 bd=8_rf0.3 seed=47303 -> /zhome/6b/e/212868/GTN/outputs/ntn/appliances/LMPO2_rg5_init0.1/L4_bd8_seed47303_rf0.3_bondmpo1 | already completed successfully (val_quality=0.2473143182021391) val=0.2473
[2026-05-04 07:34:26,981][HYDRA] 	#10 : model.reduction_factor=0.3 model.L=4 model.bond_dim=4 seed=42 trainer.ridge=5 trainer.ridge_decay=0.25 trainer.ridge_min=0.0001 +experiment=uci_ntn_sweep model=lmpo2 dataset=appliances
[2026-05-04 07:34:27,144][__main__][INFO] - ⏭ SKIP LMPO2/appliances/NTN L=4 bd=4_rf0.3 seed=42 -> /zhome/6b/e/212868/GTN/outputs/ntn/appliances/LMPO2_rg5_init0.1/L4_bd4_seed42_rf0.3_bondmpo1 | already completed successfully (val_quality=0.0272016006338429) val=0.0272
[2026-05-04 07:34:27,147][HYDRA] 	#11 : model.reduction_factor=0.3 model.L=4 model.bond_dim=4 seed=10090 trainer.ridge=5 trainer.ridge_decay=0.25 trainer.ridge_min=0.0001 +experiment=uci_ntn_sweep model=lmpo2 dataset=appliances
[2026-05-04 07:34:27,303][__main__][INFO] - ⏭ SKIP LMPO2/appliances/NTN L=4 bd=4_rf0.3 seed=10090 -> /zhome/6b/e/212868/GTN/outputs/ntn/appliances/LMPO2_rg5_init0.1/L4_bd4_seed10090_rf0.3_bondmpo1 | already completed successfully (val_quality=0.2708088201793874) val=0.2708
[2026-05-04 07:34:27,305][HYDRA] 	#12 : model.reduction_factor=0.3 model.L=4 model.bond_dim=4 seed=32874 trainer.ridge=5 trainer.ridge_decay=0.25 trainer.ridge_min=0.0001 +experiment=uci_ntn_sweep model=lmpo2 dataset=appliances
[2026-05-04 07:34:27,462][__main__][INFO] - ⏭ SKIP LMPO2/appliances/NTN L=4 bd=4_rf0.3 seed=32874 -> /zhome/6b/e/212868/GTN/outputs/ntn/appliances/LMPO2_rg5_init0.1/L4_bd4_seed32874_rf0.3_bondmpo1 | already completed successfully (val_quality=0.0007711460051735) val=0.0008
[2026-05-04 07:34:27,464][HYDRA] 	#13 : model.reduction_factor=0.3 model.L=4 model.bond_dim=4 seed=47311 trainer.ridge=5 trainer.ridge_decay=0.25 trainer.ridge_min=0.0001 +experiment=uci_ntn_sweep model=lmpo2 dataset=appliances
[2026-05-04 07:34:27,628][__main__][INFO] - ⏭ SKIP LMPO2/appliances/NTN L=4 bd=4_rf0.3 seed=47311 -> /zhome/6b/e/212868/GTN/outputs/ntn/appliances/LMPO2_rg5_init0.1/L4_bd4_seed47311_rf0.3_bondmpo1 | already completed successfully (val_quality=0.2593120356421797) val=0.2593
[2026-05-04 07:34:27,630][HYDRA] 	#14 : model.reduction_factor=0.3 model.L=4 model.bond_dim=4 seed=47303 trainer.ridge=5 trainer.ridge_decay=0.25 trainer.ridge_min=0.0001 +experiment=uci_ntn_sweep model=lmpo2 dataset=appliances
[2026-05-04 07:34:27,791][__main__][INFO] - ⏭ SKIP LMPO2/appliances/NTN L=4 bd=4_rf0.3 seed=47303 -> /zhome/6b/e/212868/GTN/outputs/ntn/appliances/LMPO2_rg5_init0.1/L4_bd4_seed47303_rf0.3_bondmpo1 | already completed successfully (val_quality=0.2847929043108183) val=0.2848
[2026-05-04 07:34:27,794][HYDRA] 	#15 : model.reduction_factor=0.3 model.L=3 model.bond_dim=12 seed=42 trainer.ridge=5 trainer.ridge_decay=0.25 trainer.ridge_min=0.0001 +experiment=uci_ntn_sweep model=lmpo2 dataset=appliances
[2026-05-04 07:34:27,954][__main__][INFO] - ⏭ SKIP LMPO2/appliances/NTN L=3 bd=12_rf0.3 seed=42 -> /zhome/6b/e/212868/GTN/outputs/ntn/appliances/LMPO2_rg5_init0.1/L3_bd12_seed42_rf0.3_bondmpo1 | already completed successfully (val_quality=0.2037653266072081) val=0.2038
[2026-05-04 07:34:27,956][HYDRA] 	#16 : model.reduction_factor=0.3 model.L=3 model.bond_dim=12 seed=10090 trainer.ridge=5 trainer.ridge_decay=0.25 trainer.ridge_min=0.0001 +experiment=uci_ntn_sweep model=lmpo2 dataset=appliances
[2026-05-04 07:34:28,119][__main__][INFO] - ⏭ SKIP LMPO2/appliances/NTN L=3 bd=12_rf0.3 seed=10090 -> /zhome/6b/e/212868/GTN/outputs/ntn/appliances/LMPO2_rg5_init0.1/L3_bd12_seed10090_rf0.3_bondmpo1 | already completed successfully (val_quality=0.2165512740181299) val=0.2166
[2026-05-04 07:34:28,121][HYDRA] 	#17 : model.reduction_factor=0.3 model.L=3 model.bond_dim=12 seed=32874 trainer.ridge=5 trainer.ridge_decay=0.25 trainer.ridge_min=0.0001 +experiment=uci_ntn_sweep model=lmpo2 dataset=appliances
[2026-05-04 07:34:28,284][__main__][INFO] - ⏭ SKIP LMPO2/appliances/NTN L=3 bd=12_rf0.3 seed=32874 -> /zhome/6b/e/212868/GTN/outputs/ntn/appliances/LMPO2_rg5_init0.1/L3_bd12_seed32874_rf0.3_bondmpo1 | already completed successfully (val_quality=-0.0599016931620033) val=-0.0599
[2026-05-04 07:34:28,287][HYDRA] 	#18 : model.reduction_factor=0.3 model.L=3 model.bond_dim=12 seed=47311 trainer.ridge=5 trainer.ridge_decay=0.25 trainer.ridge_min=0.0001 +experiment=uci_ntn_sweep model=lmpo2 dataset=appliances
[2026-05-04 07:34:28,448][__main__][INFO] - ⏭ SKIP LMPO2/appliances/NTN L=3 bd=12_rf0.3 seed=47311 -> /zhome/6b/e/212868/GTN/outputs/ntn/appliances/LMPO2_rg5_init0.1/L3_bd12_seed47311_rf0.3_bondmpo1 | already completed successfully (val_quality=0.2294575201805911) val=0.2295
[2026-05-04 07:34:28,451][HYDRA] 	#19 : model.reduction_factor=0.3 model.L=3 model.bond_dim=12 seed=47303 trainer.ridge=5 trainer.ridge_decay=0.25 trainer.ridge_min=0.0001 +experiment=uci_ntn_sweep model=lmpo2 dataset=appliances
[2026-05-04 07:34:28,617][__main__][INFO] - ⏭ SKIP LMPO2/appliances/NTN L=3 bd=12_rf0.3 seed=47303 -> /zhome/6b/e/212868/GTN/outputs/ntn/appliances/LMPO2_rg5_init0.1/L3_bd12_seed47303_rf0.3_bondmpo1 | already completed successfully (val_quality=0.2048359488992908) val=0.2048
[2026-05-04 07:34:28,620][HYDRA] 	#20 : model.reduction_factor=0.3 model.L=3 model.bond_dim=8 seed=42 trainer.ridge=5 trainer.ridge_decay=0.25 trainer.ridge_min=0.0001 +experiment=uci_ntn_sweep model=lmpo2 dataset=appliances
[2026-05-04 07:34:28,783][__main__][INFO] - ⏭ SKIP LMPO2/appliances/NTN L=3 bd=8_rf0.3 seed=42 -> /zhome/6b/e/212868/GTN/outputs/ntn/appliances/LMPO2_rg5_init0.1/L3_bd8_seed42_rf0.3_bondmpo1 | already completed successfully (val_quality=-0.0808564605253043) val=-0.0809
[2026-05-04 07:34:28,786][HYDRA] 	#21 : model.reduction_factor=0.3 model.L=3 model.bond_dim=8 seed=10090 trainer.ridge=5 trainer.ridge_decay=0.25 trainer.ridge_min=0.0001 +experiment=uci_ntn_sweep model=lmpo2 dataset=appliances
[2026-05-04 07:34:28,946][__main__][INFO] - ⏭ SKIP LMPO2/appliances/NTN L=3 bd=8_rf0.3 seed=10090 -> /zhome/6b/e/212868/GTN/outputs/ntn/appliances/LMPO2_rg5_init0.1/L3_bd8_seed10090_rf0.3_bondmpo1 | already completed successfully (val_quality=-0.0095772848381954) val=-0.0096
[2026-05-04 07:34:28,949][HYDRA] 	#22 : model.reduction_factor=0.3 model.L=3 model.bond_dim=8 seed=32874 trainer.ridge=5 trainer.ridge_decay=0.25 trainer.ridge_min=0.0001 +experiment=uci_ntn_sweep model=lmpo2 dataset=appliances
[2026-05-04 07:34:29,108][__main__][INFO] - ⏭ SKIP LMPO2/appliances/NTN L=3 bd=8_rf0.3 seed=32874 -> /zhome/6b/e/212868/GTN/outputs/ntn/appliances/LMPO2_rg5_init0.1/L3_bd8_seed32874_rf0.3_bondmpo1 | already completed successfully (val_quality=0.238329222670354) val=0.2383
[2026-05-04 07:34:29,111][HYDRA] 	#23 : model.reduction_factor=0.3 model.L=3 model.bond_dim=8 seed=47311 trainer.ridge=5 trainer.ridge_decay=0.25 trainer.ridge_min=0.0001 +experiment=uci_ntn_sweep model=lmpo2 dataset=appliances
[2026-05-04 07:34:29,271][__main__][INFO] - ⏭ SKIP LMPO2/appliances/NTN L=3 bd=8_rf0.3 seed=47311 -> /zhome/6b/e/212868/GTN/outputs/ntn/appliances/LMPO2_rg5_init0.1/L3_bd8_seed47311_rf0.3_bondmpo1 | already completed successfully (val_quality=0.2069102827953499) val=0.2069
[2026-05-04 07:34:29,274][HYDRA] 	#24 : model.reduction_factor=0.3 model.L=3 model.bond_dim=8 seed=47303 trainer.ridge=5 trainer.ridge_decay=0.25 trainer.ridge_min=0.0001 +experiment=uci_ntn_sweep model=lmpo2 dataset=appliances
[2026-05-04 07:34:29,434][__main__][INFO] - ⏭ SKIP LMPO2/appliances/NTN L=3 bd=8_rf0.3 seed=47303 -> /zhome/6b/e/212868/GTN/outputs/ntn/appliances/LMPO2_rg5_init0.1/L3_bd8_seed47303_rf0.3_bondmpo1 | already completed successfully (val_quality=0.2249995258168005) val=0.2250
[2026-05-04 07:34:29,437][HYDRA] 	#25 : model.reduction_factor=0.3 model.L=3 model.bond_dim=4 seed=42 trainer.ridge=5 trainer.ridge_decay=0.25 trainer.ridge_min=0.0001 +experiment=uci_ntn_sweep model=lmpo2 dataset=appliances
[2026-05-04 07:34:29,764][__main__][INFO] - ⏭ SKIP LMPO2/appliances/NTN L=3 bd=4_rf0.3 seed=42 -> /zhome/6b/e/212868/GTN/outputs/ntn/appliances/LMPO2_rg5_init0.1/L3_bd4_seed42_rf0.3_bondmpo1 | already completed successfully (val_quality=-0.0803953738038325) val=-0.0804
[2026-05-04 07:34:29,767][HYDRA] 	#26 : model.reduction_factor=0.3 model.L=3 model.bond_dim=4 seed=10090 trainer.ridge=5 trainer.ridge_decay=0.25 trainer.ridge_min=0.0001 +experiment=uci_ntn_sweep model=lmpo2 dataset=appliances
[2026-05-04 07:34:29,930][__main__][INFO] - ⏭ SKIP LMPO2/appliances/NTN L=3 bd=4_rf0.3 seed=10090 -> /zhome/6b/e/212868/GTN/outputs/ntn/appliances/LMPO2_rg5_init0.1/L3_bd4_seed10090_rf0.3_bondmpo1 | already completed successfully (val_quality=0.2230108357992469) val=0.2230
[2026-05-04 07:34:29,933][HYDRA] 	#27 : model.reduction_factor=0.3 model.L=3 model.bond_dim=4 seed=32874 trainer.ridge=5 trainer.ridge_decay=0.25 trainer.ridge_min=0.0001 +experiment=uci_ntn_sweep model=lmpo2 dataset=appliances
[2026-05-04 07:34:30,093][__main__][INFO] - ⏭ SKIP LMPO2/appliances/NTN L=3 bd=4_rf0.3 seed=32874 -> /zhome/6b/e/212868/GTN/outputs/ntn/appliances/LMPO2_rg5_init0.1/L3_bd4_seed32874_rf0.3_bondmpo1 | already completed successfully (val_quality=0.2420064611034499) val=0.2420
[2026-05-04 07:34:30,096][HYDRA] 	#28 : model.reduction_factor=0.3 model.L=3 model.bond_dim=4 seed=47311 trainer.ridge=5 trainer.ridge_decay=0.25 trainer.ridge_min=0.0001 +experiment=uci_ntn_sweep model=lmpo2 dataset=appliances
[2026-05-04 07:34:30,254][__main__][INFO] - ⏭ SKIP LMPO2/appliances/NTN L=3 bd=4_rf0.3 seed=47311 -> /zhome/6b/e/212868/GTN/outputs/ntn/appliances/LMPO2_rg5_init0.1/L3_bd4_seed47311_rf0.3_bondmpo1 | already completed successfully (val_quality=-0.0818574398330107) val=-0.0819
[2026-05-04 07:34:30,257][HYDRA] 	#29 : model.reduction_factor=0.3 model.L=3 model.bond_dim=4 seed=47303 trainer.ridge=5 trainer.ridge_decay=0.25 trainer.ridge_min=0.0001 +experiment=uci_ntn_sweep model=lmpo2 dataset=appliances
[2026-05-04 07:34:30,416][__main__][INFO] - ⏭ SKIP LMPO2/appliances/NTN L=3 bd=4_rf0.3 seed=47303 -> /zhome/6b/e/212868/GTN/outputs/ntn/appliances/LMPO2_rg5_init0.1/L3_bd4_seed47303_rf0.3_bondmpo1 | already completed successfully (val_quality=0.1933330235628132) val=0.1933
[2026-05-04 07:34:30,419][HYDRA] 	#30 : model.reduction_factor=0.5 model.L=4 model.bond_dim=12 seed=42 trainer.ridge=5 trainer.ridge_decay=0.25 trainer.ridge_min=0.0001 +experiment=uci_ntn_sweep model=lmpo2 dataset=appliances
[2026-05-04 07:34:30,577][__main__][INFO] - ⏭ SKIP LMPO2/appliances/NTN L=4 bd=12_rf0.5 seed=42 -> /zhome/6b/e/212868/GTN/outputs/ntn/appliances/LMPO2_rg5_init0.1/L4_bd12_seed42_rf0.5_bondmpo1 | already completed successfully (val_quality=0.303084422952131) val=0.3031
[2026-05-04 07:34:30,580][HYDRA] 	#31 : model.reduction_factor=0.5 model.L=4 model.bond_dim=12 seed=10090 trainer.ridge=5 trainer.ridge_decay=0.25 trainer.ridge_min=0.0001 +experiment=uci_ntn_sweep model=lmpo2 dataset=appliances
[2026-05-04 07:34:30,754][__main__][INFO] - ⏭ SKIP LMPO2/appliances/NTN L=4 bd=12_rf0.5 seed=10090 -> /zhome/6b/e/212868/GTN/outputs/ntn/appliances/LMPO2_rg5_init0.1/L4_bd12_seed10090_rf0.5_bondmpo1 | already completed successfully (val_quality=0.2900884551464432) val=0.2901
[2026-05-04 07:34:30,756][HYDRA] 	#32 : model.reduction_factor=0.5 model.L=4 model.bond_dim=12 seed=32874 trainer.ridge=5 trainer.ridge_decay=0.25 trainer.ridge_min=0.0001 +experiment=uci_ntn_sweep model=lmpo2 dataset=appliances
[2026-05-04 07:34:30,916][__main__][INFO] - ⏭ SKIP LMPO2/appliances/NTN L=4 bd=12_rf0.5 seed=32874 -> /zhome/6b/e/212868/GTN/outputs/ntn/appliances/LMPO2_rg5_init0.1/L4_bd12_seed32874_rf0.5_bondmpo1 | already completed successfully (val_quality=0.323381818653117) val=0.3234
[2026-05-04 07:34:30,918][HYDRA] 	#33 : model.reduction_factor=0.5 model.L=4 model.bond_dim=12 seed=47311 trainer.ridge=5 trainer.ridge_decay=0.25 trainer.ridge_min=0.0001 +experiment=uci_ntn_sweep model=lmpo2 dataset=appliances
[2026-05-04 07:34:31,080][__main__][INFO] - ⏭ SKIP LMPO2/appliances/NTN L=4 bd=12_rf0.5 seed=47311 -> /zhome/6b/e/212868/GTN/outputs/ntn/appliances/LMPO2_rg5_init0.1/L4_bd12_seed47311_rf0.5_bondmpo1 | already completed successfully (val_quality=0.2946772296151769) val=0.2947
[2026-05-04 07:34:31,083][HYDRA] 	#34 : model.reduction_factor=0.5 model.L=4 model.bond_dim=12 seed=47303 trainer.ridge=5 trainer.ridge_decay=0.25 trainer.ridge_min=0.0001 +experiment=uci_ntn_sweep model=lmpo2 dataset=appliances
[2026-05-04 07:34:31,239][__main__][INFO] - ⏭ SKIP LMPO2/appliances/NTN L=4 bd=12_rf0.5 seed=47303 -> /zhome/6b/e/212868/GTN/outputs/ntn/appliances/LMPO2_rg5_init0.1/L4_bd12_seed47303_rf0.5_bondmpo1 | already completed successfully (val_quality=0.286468175315688) val=0.2865
[2026-05-04 07:34:31,241][HYDRA] 	#35 : model.reduction_factor=0.5 model.L=4 model.bond_dim=8 seed=42 trainer.ridge=5 trainer.ridge_decay=0.25 trainer.ridge_min=0.0001 +experiment=uci_ntn_sweep model=lmpo2 dataset=appliances
[2026-05-04 07:34:31,400][__main__][INFO] - ⏭ SKIP LMPO2/appliances/NTN L=4 bd=8_rf0.5 seed=42 -> /zhome/6b/e/212868/GTN/outputs/ntn/appliances/LMPO2_rg5_init0.1/L4_bd8_seed42_rf0.5_bondmpo1 | already completed successfully (val_quality=0.279942977201369) val=0.2799
[2026-05-04 07:34:31,402][HYDRA] 	#36 : model.reduction_factor=0.5 model.L=4 model.bond_dim=8 seed=10090 trainer.ridge=5 trainer.ridge_decay=0.25 trainer.ridge_min=0.0001 +experiment=uci_ntn_sweep model=lmpo2 dataset=appliances
[2026-05-04 07:34:31,563][__main__][INFO] - ⏭ SKIP LMPO2/appliances/NTN L=4 bd=8_rf0.5 seed=10090 -> /zhome/6b/e/212868/GTN/outputs/ntn/appliances/LMPO2_rg5_init0.1/L4_bd8_seed10090_rf0.5_bondmpo1 | already completed successfully (val_quality=0.2905660625983194) val=0.2906
[2026-05-04 07:34:31,565][HYDRA] 	#37 : model.reduction_factor=0.5 model.L=4 model.bond_dim=8 seed=32874 trainer.ridge=5 trainer.ridge_decay=0.25 trainer.ridge_min=0.0001 +experiment=uci_ntn_sweep model=lmpo2 dataset=appliances
[2026-05-04 07:34:31,726][__main__][INFO] - ⏭ SKIP LMPO2/appliances/NTN L=4 bd=8_rf0.5 seed=32874 -> /zhome/6b/e/212868/GTN/outputs/ntn/appliances/LMPO2_rg5_init0.1/L4_bd8_seed32874_rf0.5_bondmpo1 | already completed successfully (val_quality=0.2741431838703166) val=0.2741
[2026-05-04 07:34:31,729][HYDRA] 	#38 : model.reduction_factor=0.5 model.L=4 model.bond_dim=8 seed=47311 trainer.ridge=5 trainer.ridge_decay=0.25 trainer.ridge_min=0.0001 +experiment=uci_ntn_sweep model=lmpo2 dataset=appliances
[2026-05-04 07:34:31,887][__main__][INFO] - ⏭ SKIP LMPO2/appliances/NTN L=4 bd=8_rf0.5 seed=47311 -> /zhome/6b/e/212868/GTN/outputs/ntn/appliances/LMPO2_rg5_init0.1/L4_bd8_seed47311_rf0.5_bondmpo1 | already completed successfully (val_quality=0.2590458626431084) val=0.2590
[2026-05-04 07:34:31,890][HYDRA] 	#39 : model.reduction_factor=0.5 model.L=4 model.bond_dim=8 seed=47303 trainer.ridge=5 trainer.ridge_decay=0.25 trainer.ridge_min=0.0001 +experiment=uci_ntn_sweep model=lmpo2 dataset=appliances
[2026-05-04 07:34:32,047][__main__][INFO] - ⏭ SKIP LMPO2/appliances/NTN L=4 bd=8_rf0.5 seed=47303 -> /zhome/6b/e/212868/GTN/outputs/ntn/appliances/LMPO2_rg5_init0.1/L4_bd8_seed47303_rf0.5_bondmpo1 | already completed successfully (val_quality=0.2895290192499765) val=0.2895
[2026-05-04 07:34:32,050][HYDRA] 	#40 : model.reduction_factor=0.5 model.L=4 model.bond_dim=4 seed=42 trainer.ridge=5 trainer.ridge_decay=0.25 trainer.ridge_min=0.0001 +experiment=uci_ntn_sweep model=lmpo2 dataset=appliances
[2026-05-04 07:34:32,215][__main__][INFO] - ⏭ SKIP LMPO2/appliances/NTN L=4 bd=4_rf0.5 seed=42 -> /zhome/6b/e/212868/GTN/outputs/ntn/appliances/LMPO2_rg5_init0.1/L4_bd4_seed42_rf0.5_bondmpo1 | already completed successfully (val_quality=0.2543366147765643) val=0.2543
[2026-05-04 07:34:32,218][HYDRA] 	#41 : model.reduction_factor=0.5 model.L=4 model.bond_dim=4 seed=10090 trainer.ridge=5 trainer.ridge_decay=0.25 trainer.ridge_min=0.0001 +experiment=uci_ntn_sweep model=lmpo2 dataset=appliances
[2026-05-04 07:34:32,381][__main__][INFO] - ⏭ SKIP LMPO2/appliances/NTN L=4 bd=4_rf0.5 seed=10090 -> /zhome/6b/e/212868/GTN/outputs/ntn/appliances/LMPO2_rg5_init0.1/L4_bd4_seed10090_rf0.5_bondmpo1 | already completed successfully (val_quality=0.2516913722982862) val=0.2517
[2026-05-04 07:34:32,384][HYDRA] 	#42 : model.reduction_factor=0.5 model.L=4 model.bond_dim=4 seed=32874 trainer.ridge=5 trainer.ridge_decay=0.25 trainer.ridge_min=0.0001 +experiment=uci_ntn_sweep model=lmpo2 dataset=appliances
[2026-05-04 07:34:32,541][__main__][INFO] - ⏭ SKIP LMPO2/appliances/NTN L=4 bd=4_rf0.5 seed=32874 -> /zhome/6b/e/212868/GTN/outputs/ntn/appliances/LMPO2_rg5_init0.1/L4_bd4_seed32874_rf0.5_bondmpo1 | already completed successfully (val_quality=0.2817063011705459) val=0.2817
[2026-05-04 07:34:32,543][HYDRA] 	#43 : model.reduction_factor=0.5 model.L=4 model.bond_dim=4 seed=47311 trainer.ridge=5 trainer.ridge_decay=0.25 trainer.ridge_min=0.0001 +experiment=uci_ntn_sweep model=lmpo2 dataset=appliances
[2026-05-04 07:34:32,700][__main__][INFO] - ⏭ SKIP LMPO2/appliances/NTN L=4 bd=4_rf0.5 seed=47311 -> /zhome/6b/e/212868/GTN/outputs/ntn/appliances/LMPO2_rg5_init0.1/L4_bd4_seed47311_rf0.5_bondmpo1 | already completed successfully (val_quality=0.2685585886229764) val=0.2686
[2026-05-04 07:34:32,703][HYDRA] 	#44 : model.reduction_factor=0.5 model.L=4 model.bond_dim=4 seed=47303 trainer.ridge=5 trainer.ridge_decay=0.25 trainer.ridge_min=0.0001 +experiment=uci_ntn_sweep model=lmpo2 dataset=appliances
[2026-05-04 07:34:32,865][__main__][INFO] - ⏭ SKIP LMPO2/appliances/NTN L=4 bd=4_rf0.5 seed=47303 -> /zhome/6b/e/212868/GTN/outputs/ntn/appliances/LMPO2_rg5_init0.1/L4_bd4_seed47303_rf0.5_bondmpo1 | already completed successfully (val_quality=0.2593765985437577) val=0.2594
[2026-05-04 07:34:32,867][HYDRA] 	#45 : model.reduction_factor=0.5 model.L=3 model.bond_dim=12 seed=42 trainer.ridge=5 trainer.ridge_decay=0.25 trainer.ridge_min=0.0001 +experiment=uci_ntn_sweep model=lmpo2 dataset=appliances
[2026-05-04 07:34:33,026][__main__][INFO] - ⏭ SKIP LMPO2/appliances/NTN L=3 bd=12_rf0.5 seed=42 -> /zhome/6b/e/212868/GTN/outputs/ntn/appliances/LMPO2_rg5_init0.1/L3_bd12_seed42_rf0.5_bondmpo1 | already completed successfully (val_quality=0.2214100153365293) val=0.2214
[2026-05-04 07:34:33,028][HYDRA] 	#46 : model.reduction_factor=0.5 model.L=3 model.bond_dim=12 seed=10090 trainer.ridge=5 trainer.ridge_decay=0.25 trainer.ridge_min=0.0001 +experiment=uci_ntn_sweep model=lmpo2 dataset=appliances
[2026-05-04 07:34:33,213][__main__][INFO] - ⏭ SKIP LMPO2/appliances/NTN L=3 bd=12_rf0.5 seed=10090 -> /zhome/6b/e/212868/GTN/outputs/ntn/appliances/LMPO2_rg5_init0.1/L3_bd12_seed10090_rf0.5_bondmpo1 | already completed successfully (val_quality=0.2292056390466363) val=0.2292
[2026-05-04 07:34:33,216][HYDRA] 	#47 : model.reduction_factor=0.5 model.L=3 model.bond_dim=12 seed=32874 trainer.ridge=5 trainer.ridge_decay=0.25 trainer.ridge_min=0.0001 +experiment=uci_ntn_sweep model=lmpo2 dataset=appliances
[2026-05-04 07:34:33,376][__main__][INFO] - ⏭ SKIP LMPO2/appliances/NTN L=3 bd=12_rf0.5 seed=32874 -> /zhome/6b/e/212868/GTN/outputs/ntn/appliances/LMPO2_rg5_init0.1/L3_bd12_seed32874_rf0.5_bondmpo1 | already completed successfully (val_quality=0.2223115329963233) val=0.2223
[2026-05-04 07:34:33,379][HYDRA] 	#48 : model.reduction_factor=0.5 model.L=3 model.bond_dim=12 seed=47311 trainer.ridge=5 trainer.ridge_decay=0.25 trainer.ridge_min=0.0001 +experiment=uci_ntn_sweep model=lmpo2 dataset=appliances
[2026-05-04 07:34:33,540][__main__][INFO] - ⏭ SKIP LMPO2/appliances/NTN L=3 bd=12_rf0.5 seed=47311 -> /zhome/6b/e/212868/GTN/outputs/ntn/appliances/LMPO2_rg5_init0.1/L3_bd12_seed47311_rf0.5_bondmpo1 | already completed successfully (val_quality=0.2380104746418199) val=0.2380
[2026-05-04 07:34:33,542][HYDRA] 	#49 : model.reduction_factor=0.5 model.L=3 model.bond_dim=12 seed=47303 trainer.ridge=5 trainer.ridge_decay=0.25 trainer.ridge_min=0.0001 +experiment=uci_ntn_sweep model=lmpo2 dataset=appliances
[2026-05-04 07:34:33,705][__main__][INFO] - ⏭ SKIP LMPO2/appliances/NTN L=3 bd=12_rf0.5 seed=47303 -> /zhome/6b/e/212868/GTN/outputs/ntn/appliances/LMPO2_rg5_init0.1/L3_bd12_seed47303_rf0.5_bondmpo1 | already completed successfully (val_quality=0.212102061155319) val=0.2121
[2026-05-04 07:34:33,708][HYDRA] 	#50 : model.reduction_factor=0.5 model.L=3 model.bond_dim=8 seed=42 trainer.ridge=5 trainer.ridge_decay=0.25 trainer.ridge_min=0.0001 +experiment=uci_ntn_sweep model=lmpo2 dataset=appliances
[2026-05-04 07:34:33,870][__main__][INFO] - ⏭ SKIP LMPO2/appliances/NTN L=3 bd=8_rf0.5 seed=42 -> /zhome/6b/e/212868/GTN/outputs/ntn/appliances/LMPO2_rg5_init0.1/L3_bd8_seed42_rf0.5_bondmpo1 | already completed successfully (val_quality=0.2164973232895656) val=0.2165
[2026-05-04 07:34:33,874][HYDRA] 	#51 : model.reduction_factor=0.5 model.L=3 model.bond_dim=8 seed=10090 trainer.ridge=5 trainer.ridge_decay=0.25 trainer.ridge_min=0.0001 +experiment=uci_ntn_sweep model=lmpo2 dataset=appliances
[2026-05-04 07:34:34,033][__main__][INFO] - ⏭ SKIP LMPO2/appliances/NTN L=3 bd=8_rf0.5 seed=10090 -> /zhome/6b/e/212868/GTN/outputs/ntn/appliances/LMPO2_rg5_init0.1/L3_bd8_seed10090_rf0.5_bondmpo1 | already completed successfully (val_quality=0.2204314667774003) val=0.2204
[2026-05-04 07:34:34,036][HYDRA] 	#52 : model.reduction_factor=0.5 model.L=3 model.bond_dim=8 seed=32874 trainer.ridge=5 trainer.ridge_decay=0.25 trainer.ridge_min=0.0001 +experiment=uci_ntn_sweep model=lmpo2 dataset=appliances
[2026-05-04 07:34:34,195][__main__][INFO] - ⏭ SKIP LMPO2/appliances/NTN L=3 bd=8_rf0.5 seed=32874 -> /zhome/6b/e/212868/GTN/outputs/ntn/appliances/LMPO2_rg5_init0.1/L3_bd8_seed32874_rf0.5_bondmpo1 | already completed successfully (val_quality=0.2190971679245176) val=0.2191
[2026-05-04 07:34:34,199][HYDRA] 	#53 : model.reduction_factor=0.5 model.L=3 model.bond_dim=8 seed=47311 trainer.ridge=5 trainer.ridge_decay=0.25 trainer.ridge_min=0.0001 +experiment=uci_ntn_sweep model=lmpo2 dataset=appliances
[2026-05-04 07:34:34,615][__main__][INFO] - ⏭ SKIP LMPO2/appliances/NTN L=3 bd=8_rf0.5 seed=47311 -> /zhome/6b/e/212868/GTN/outputs/ntn/appliances/LMPO2_rg5_init0.1/L3_bd8_seed47311_rf0.5_bondmpo1 | already completed successfully (val_quality=0.2177118042447589) val=0.2177
[2026-05-04 07:34:34,618][HYDRA] 	#54 : model.reduction_factor=0.5 model.L=3 model.bond_dim=8 seed=47303 trainer.ridge=5 trainer.ridge_decay=0.25 trainer.ridge_min=0.0001 +experiment=uci_ntn_sweep model=lmpo2 dataset=appliances
[2026-05-04 07:34:34,775][__main__][INFO] - ⏭ SKIP LMPO2/appliances/NTN L=3 bd=8_rf0.5 seed=47303 -> /zhome/6b/e/212868/GTN/outputs/ntn/appliances/LMPO2_rg5_init0.1/L3_bd8_seed47303_rf0.5_bondmpo1 | already completed successfully (val_quality=0.1848822052199904) val=0.1849
[2026-05-04 07:34:34,778][HYDRA] 	#55 : model.reduction_factor=0.5 model.L=3 model.bond_dim=4 seed=42 trainer.ridge=5 trainer.ridge_decay=0.25 trainer.ridge_min=0.0001 +experiment=uci_ntn_sweep model=lmpo2 dataset=appliances
[2026-05-04 07:34:34,938][__main__][INFO] - ⏭ SKIP LMPO2/appliances/NTN L=3 bd=4_rf0.5 seed=42 -> /zhome/6b/e/212868/GTN/outputs/ntn/appliances/LMPO2_rg5_init0.1/L3_bd4_seed42_rf0.5_bondmpo1 | already completed successfully (val_quality=0.2161320715887825) val=0.2161
[2026-05-04 07:34:34,941][HYDRA] 	#56 : model.reduction_factor=0.5 model.L=3 model.bond_dim=4 seed=10090 trainer.ridge=5 trainer.ridge_decay=0.25 trainer.ridge_min=0.0001 +experiment=uci_ntn_sweep model=lmpo2 dataset=appliances
[2026-05-04 07:34:35,101][__main__][INFO] - ⏭ SKIP LMPO2/appliances/NTN L=3 bd=4_rf0.5 seed=10090 -> /zhome/6b/e/212868/GTN/outputs/ntn/appliances/LMPO2_rg5_init0.1/L3_bd4_seed10090_rf0.5_bondmpo1 | already completed successfully (val_quality=0.228330978501645) val=0.2283
[2026-05-04 07:34:35,104][HYDRA] 	#57 : model.reduction_factor=0.5 model.L=3 model.bond_dim=4 seed=32874 trainer.ridge=5 trainer.ridge_decay=0.25 trainer.ridge_min=0.0001 +experiment=uci_ntn_sweep model=lmpo2 dataset=appliances
[2026-05-04 07:34:35,263][__main__][INFO] - ⏭ SKIP LMPO2/appliances/NTN L=3 bd=4_rf0.5 seed=32874 -> /zhome/6b/e/212868/GTN/outputs/ntn/appliances/LMPO2_rg5_init0.1/L3_bd4_seed32874_rf0.5_bondmpo1 | already completed successfully (val_quality=0.2246241031987027) val=0.2246
[2026-05-04 07:34:35,266][HYDRA] 	#58 : model.reduction_factor=0.5 model.L=3 model.bond_dim=4 seed=47311 trainer.ridge=5 trainer.ridge_decay=0.25 trainer.ridge_min=0.0001 +experiment=uci_ntn_sweep model=lmpo2 dataset=appliances
[2026-05-04 07:34:35,428][__main__][INFO] - ⏭ SKIP LMPO2/appliances/NTN L=3 bd=4_rf0.5 seed=47311 -> /zhome/6b/e/212868/GTN/outputs/ntn/appliances/LMPO2_rg5_init0.1/L3_bd4_seed47311_rf0.5_bondmpo1 | already completed successfully (val_quality=0.2201515868303086) val=0.2202
[2026-05-04 07:34:35,431][HYDRA] 	#59 : model.reduction_factor=0.5 model.L=3 model.bond_dim=4 seed=47303 trainer.ridge=5 trainer.ridge_decay=0.25 trainer.ridge_min=0.0001 +experiment=uci_ntn_sweep model=lmpo2 dataset=appliances
[2026-05-04 07:34:35,590][__main__][INFO] - ⏭ SKIP LMPO2/appliances/NTN L=3 bd=4_rf0.5 seed=47303 -> /zhome/6b/e/212868/GTN/outputs/ntn/appliances/LMPO2_rg5_init0.1/L3_bd4_seed47303_rf0.5_bondmpo1 | already completed successfully (val_quality=-0.0784050378169658) val=-0.0784
[2026-05-04 07:34:35,593][HYDRA] 	#60 : model.reduction_factor=0.9 model.L=4 model.bond_dim=12 seed=42 trainer.ridge=5 trainer.ridge_decay=0.25 trainer.ridge_min=0.0001 +experiment=uci_ntn_sweep model=lmpo2 dataset=appliances
[2026-05-04 07:34:35,753][__main__][INFO] - ⏭ SKIP LMPO2/appliances/NTN L=4 bd=12_rf0.9 seed=42 -> /zhome/6b/e/212868/GTN/outputs/ntn/appliances/LMPO2_rg5_init0.1/L4_bd12_seed42_rf0.9_bondmpo1 | already completed successfully (val_quality=0.324056630862569) val=0.3241
[2026-05-04 07:34:35,756][HYDRA] 	#61 : model.reduction_factor=0.9 model.L=4 model.bond_dim=12 seed=10090 trainer.ridge=5 trainer.ridge_decay=0.25 trainer.ridge_min=0.0001 +experiment=uci_ntn_sweep model=lmpo2 dataset=appliances
[2026-05-04 07:34:35,917][__main__][INFO] - ⏭ SKIP LMPO2/appliances/NTN L=4 bd=12_rf0.9 seed=10090 -> /zhome/6b/e/212868/GTN/outputs/ntn/appliances/LMPO2_rg5_init0.1/L4_bd12_seed10090_rf0.9_bondmpo1 | already completed successfully (val_quality=0.2794103691660121) val=0.2794
[2026-05-04 07:34:35,919][HYDRA] 	#62 : model.reduction_factor=0.9 model.L=4 model.bond_dim=12 seed=32874 trainer.ridge=5 trainer.ridge_decay=0.25 trainer.ridge_min=0.0001 +experiment=uci_ntn_sweep model=lmpo2 dataset=appliances
[2026-05-04 07:34:36,082][__main__][INFO] - ⏭ SKIP LMPO2/appliances/NTN L=4 bd=12_rf0.9 seed=32874 -> /zhome/6b/e/212868/GTN/outputs/ntn/appliances/LMPO2_rg5_init0.1/L4_bd12_seed32874_rf0.9_bondmpo1 | already completed successfully (val_quality=0.3286367615899901) val=0.3286
[2026-05-04 07:34:36,085][HYDRA] 	#63 : model.reduction_factor=0.9 model.L=4 model.bond_dim=12 seed=47311 trainer.ridge=5 trainer.ridge_decay=0.25 trainer.ridge_min=0.0001 +experiment=uci_ntn_sweep model=lmpo2 dataset=appliances
[2026-05-04 07:34:36,248][__main__][INFO] - ⏭ SKIP LMPO2/appliances/NTN L=4 bd=12_rf0.9 seed=47311 -> /zhome/6b/e/212868/GTN/outputs/ntn/appliances/LMPO2_rg5_init0.1/L4_bd12_seed47311_rf0.9_bondmpo1 | already completed successfully (val_quality=0.3256193078661354) val=0.3256
[2026-05-04 07:34:36,250][HYDRA] 	#64 : model.reduction_factor=0.9 model.L=4 model.bond_dim=12 seed=47303 trainer.ridge=5 trainer.ridge_decay=0.25 trainer.ridge_min=0.0001 +experiment=uci_ntn_sweep model=lmpo2 dataset=appliances
[2026-05-04 07:34:36,409][__main__][INFO] - ⏭ SKIP LMPO2/appliances/NTN L=4 bd=12_rf0.9 seed=47303 -> /zhome/6b/e/212868/GTN/outputs/ntn/appliances/LMPO2_rg5_init0.1/L4_bd12_seed47303_rf0.9_bondmpo1 | already completed successfully (val_quality=0.2706863108523328) val=0.2707
[2026-05-04 07:34:36,412][HYDRA] 	#65 : model.reduction_factor=0.9 model.L=4 model.bond_dim=8 seed=42 trainer.ridge=5 trainer.ridge_decay=0.25 trainer.ridge_min=0.0001 +experiment=uci_ntn_sweep model=lmpo2 dataset=appliances
[2026-05-04 07:34:36,569][__main__][INFO] - ⏭ SKIP LMPO2/appliances/NTN L=4 bd=8_rf0.9 seed=42 -> /zhome/6b/e/212868/GTN/outputs/ntn/appliances/LMPO2_rg5_init0.1/L4_bd8_seed42_rf0.9_bondmpo1 | already completed successfully (val_quality=0.2785773469238142) val=0.2786
[2026-05-04 07:34:36,572][HYDRA] 	#66 : model.reduction_factor=0.9 model.L=4 model.bond_dim=8 seed=10090 trainer.ridge=5 trainer.ridge_decay=0.25 trainer.ridge_min=0.0001 +experiment=uci_ntn_sweep model=lmpo2 dataset=appliances
[2026-05-04 07:34:36,730][__main__][INFO] - ⏭ SKIP LMPO2/appliances/NTN L=4 bd=8_rf0.9 seed=10090 -> /zhome/6b/e/212868/GTN/outputs/ntn/appliances/LMPO2_rg5_init0.1/L4_bd8_seed10090_rf0.9_bondmpo1 | already completed successfully (val_quality=0.2801839724164147) val=0.2802
[2026-05-04 07:34:36,732][HYDRA] 	#67 : model.reduction_factor=0.9 model.L=4 model.bond_dim=8 seed=32874 trainer.ridge=5 trainer.ridge_decay=0.25 trainer.ridge_min=0.0001 +experiment=uci_ntn_sweep model=lmpo2 dataset=appliances
[2026-05-04 07:34:36,895][__main__][INFO] - ⏭ SKIP LMPO2/appliances/NTN L=4 bd=8_rf0.9 seed=32874 -> /zhome/6b/e/212868/GTN/outputs/ntn/appliances/LMPO2_rg5_init0.1/L4_bd8_seed32874_rf0.9_bondmpo1 | already completed successfully (val_quality=0.2803554116034829) val=0.2804
[2026-05-04 07:34:36,898][HYDRA] 	#68 : model.reduction_factor=0.9 model.L=4 model.bond_dim=8 seed=47311 trainer.ridge=5 trainer.ridge_decay=0.25 trainer.ridge_min=0.0001 +experiment=uci_ntn_sweep model=lmpo2 dataset=appliances
[2026-05-04 07:34:37,059][__main__][INFO] - ⏭ SKIP LMPO2/appliances/NTN L=4 bd=8_rf0.9 seed=47311 -> /zhome/6b/e/212868/GTN/outputs/ntn/appliances/LMPO2_rg5_init0.1/L4_bd8_seed47311_rf0.9_bondmpo1 | already completed successfully (val_quality=0.298535948279324) val=0.2985
[2026-05-04 07:34:37,062][HYDRA] 	#69 : model.reduction_factor=0.9 model.L=4 model.bond_dim=8 seed=47303 trainer.ridge=5 trainer.ridge_decay=0.25 trainer.ridge_min=0.0001 +experiment=uci_ntn_sweep model=lmpo2 dataset=appliances
[2026-05-04 07:34:37,224][__main__][INFO] - ⏭ SKIP LMPO2/appliances/NTN L=4 bd=8_rf0.9 seed=47303 -> /zhome/6b/e/212868/GTN/outputs/ntn/appliances/LMPO2_rg5_init0.1/L4_bd8_seed47303_rf0.9_bondmpo1 | already completed successfully (val_quality=0.3035498139750453) val=0.3035
[2026-05-04 07:34:37,227][HYDRA] 	#70 : model.reduction_factor=0.9 model.L=4 model.bond_dim=4 seed=42 trainer.ridge=5 trainer.ridge_decay=0.25 trainer.ridge_min=0.0001 +experiment=uci_ntn_sweep model=lmpo2 dataset=appliances
[2026-05-04 07:34:37,388][__main__][INFO] - ⏭ SKIP LMPO2/appliances/NTN L=4 bd=4_rf0.9 seed=42 -> /zhome/6b/e/212868/GTN/outputs/ntn/appliances/LMPO2_rg5_init0.1/L4_bd4_seed42_rf0.9_bondmpo1 | already completed successfully (val_quality=0.25943791461856) val=0.2594
[2026-05-04 07:34:37,391][HYDRA] 	#71 : model.reduction_factor=0.9 model.L=4 model.bond_dim=4 seed=10090 trainer.ridge=5 trainer.ridge_decay=0.25 trainer.ridge_min=0.0001 +experiment=uci_ntn_sweep model=lmpo2 dataset=appliances
[2026-05-04 07:34:37,549][__main__][INFO] - ⏭ SKIP LMPO2/appliances/NTN L=4 bd=4_rf0.9 seed=10090 -> /zhome/6b/e/212868/GTN/outputs/ntn/appliances/LMPO2_rg5_init0.1/L4_bd4_seed10090_rf0.9_bondmpo1 | already completed successfully (val_quality=0.2773111877043714) val=0.2773
[2026-05-04 07:34:37,552][HYDRA] 	#72 : model.reduction_factor=0.9 model.L=4 model.bond_dim=4 seed=32874 trainer.ridge=5 trainer.ridge_decay=0.25 trainer.ridge_min=0.0001 +experiment=uci_ntn_sweep model=lmpo2 dataset=appliances
[2026-05-04 07:34:37,713][__main__][INFO] - ⏭ SKIP LMPO2/appliances/NTN L=4 bd=4_rf0.9 seed=32874 -> /zhome/6b/e/212868/GTN/outputs/ntn/appliances/LMPO2_rg5_init0.1/L4_bd4_seed32874_rf0.9_bondmpo1 | already completed successfully (val_quality=0.2708405252112934) val=0.2708
[2026-05-04 07:34:37,715][HYDRA] 	#73 : model.reduction_factor=0.9 model.L=4 model.bond_dim=4 seed=47311 trainer.ridge=5 trainer.ridge_decay=0.25 trainer.ridge_min=0.0001 +experiment=uci_ntn_sweep model=lmpo2 dataset=appliances
[2026-05-04 07:34:37,880][__main__][INFO] - ⏭ SKIP LMPO2/appliances/NTN L=4 bd=4_rf0.9 seed=47311 -> /zhome/6b/e/212868/GTN/outputs/ntn/appliances/LMPO2_rg5_init0.1/L4_bd4_seed47311_rf0.9_bondmpo1 | already completed successfully (val_quality=0.2460912798633406) val=0.2461
[2026-05-04 07:34:37,882][HYDRA] 	#74 : model.reduction_factor=0.9 model.L=4 model.bond_dim=4 seed=47303 trainer.ridge=5 trainer.ridge_decay=0.25 trainer.ridge_min=0.0001 +experiment=uci_ntn_sweep model=lmpo2 dataset=appliances
[2026-05-04 07:34:38,043][__main__][INFO] - ⏭ SKIP LMPO2/appliances/NTN L=4 bd=4_rf0.9 seed=47303 -> /zhome/6b/e/212868/GTN/outputs/ntn/appliances/LMPO2_rg5_init0.1/L4_bd4_seed47303_rf0.9_bondmpo1 | already completed successfully (val_quality=0.2475254472728757) val=0.2475
[2026-05-04 07:34:38,046][HYDRA] 	#75 : model.reduction_factor=0.9 model.L=3 model.bond_dim=12 seed=42 trainer.ridge=5 trainer.ridge_decay=0.25 trainer.ridge_min=0.0001 +experiment=uci_ntn_sweep model=lmpo2 dataset=appliances
[2026-05-04 07:34:38,208][__main__][INFO] - ⏭ SKIP LMPO2/appliances/NTN L=3 bd=12_rf0.9 seed=42 -> /zhome/6b/e/212868/GTN/outputs/ntn/appliances/LMPO2_rg5_init0.1/L3_bd12_seed42_rf0.9_bondmpo1 | already completed successfully (val_quality=0.2219876716715559) val=0.2220
[2026-05-04 07:34:38,211][HYDRA] 	#76 : model.reduction_factor=0.9 model.L=3 model.bond_dim=12 seed=10090 trainer.ridge=5 trainer.ridge_decay=0.25 trainer.ridge_min=0.0001 +experiment=uci_ntn_sweep model=lmpo2 dataset=appliances
[2026-05-04 07:34:38,371][__main__][INFO] - ⏭ SKIP LMPO2/appliances/NTN L=3 bd=12_rf0.9 seed=10090 -> /zhome/6b/e/212868/GTN/outputs/ntn/appliances/LMPO2_rg5_init0.1/L3_bd12_seed10090_rf0.9_bondmpo1 | already completed successfully (val_quality=0.2511640697194862) val=0.2512
[2026-05-04 07:34:38,374][HYDRA] 	#77 : model.reduction_factor=0.9 model.L=3 model.bond_dim=12 seed=32874 trainer.ridge=5 trainer.ridge_decay=0.25 trainer.ridge_min=0.0001 +experiment=uci_ntn_sweep model=lmpo2 dataset=appliances
[2026-05-04 07:34:38,534][__main__][INFO] - ⏭ SKIP LMPO2/appliances/NTN L=3 bd=12_rf0.9 seed=32874 -> /zhome/6b/e/212868/GTN/outputs/ntn/appliances/LMPO2_rg5_init0.1/L3_bd12_seed32874_rf0.9_bondmpo1 | already completed successfully (val_quality=0.2198188347264892) val=0.2198
[2026-05-04 07:34:38,536][HYDRA] 	#78 : model.reduction_factor=0.9 model.L=3 model.bond_dim=12 seed=47311 trainer.ridge=5 trainer.ridge_decay=0.25 trainer.ridge_min=0.0001 +experiment=uci_ntn_sweep model=lmpo2 dataset=appliances
[2026-05-04 07:34:38,696][__main__][INFO] - ⏭ SKIP LMPO2/appliances/NTN L=3 bd=12_rf0.9 seed=47311 -> /zhome/6b/e/212868/GTN/outputs/ntn/appliances/LMPO2_rg5_init0.1/L3_bd12_seed47311_rf0.9_bondmpo1 | already completed successfully (val_quality=0.2565089731830065) val=0.2565
[2026-05-04 07:34:38,699][HYDRA] 	#79 : model.reduction_factor=0.9 model.L=3 model.bond_dim=12 seed=47303 trainer.ridge=5 trainer.ridge_decay=0.25 trainer.ridge_min=0.0001 +experiment=uci_ntn_sweep model=lmpo2 dataset=appliances
[2026-05-04 07:34:38,861][__main__][INFO] - ⏭ SKIP LMPO2/appliances/NTN L=3 bd=12_rf0.9 seed=47303 -> /zhome/6b/e/212868/GTN/outputs/ntn/appliances/LMPO2_rg5_init0.1/L3_bd12_seed47303_rf0.9_bondmpo1 | already completed successfully (val_quality=0.2313882591514844) val=0.2314
[2026-05-04 07:34:38,864][HYDRA] 	#80 : model.reduction_factor=0.9 model.L=3 model.bond_dim=8 seed=42 trainer.ridge=5 trainer.ridge_decay=0.25 trainer.ridge_min=0.0001 +experiment=uci_ntn_sweep model=lmpo2 dataset=appliances
[2026-05-04 07:34:39,026][__main__][INFO] - ⏭ SKIP LMPO2/appliances/NTN L=3 bd=8_rf0.9 seed=42 -> /zhome/6b/e/212868/GTN/outputs/ntn/appliances/LMPO2_rg5_init0.1/L3_bd8_seed42_rf0.9_bondmpo1 | already completed successfully (val_quality=0.2321156817739792) val=0.2321
[2026-05-04 07:34:39,029][HYDRA] 	#81 : model.reduction_factor=0.9 model.L=3 model.bond_dim=8 seed=10090 trainer.ridge=5 trainer.ridge_decay=0.25 trainer.ridge_min=0.0001 +experiment=uci_ntn_sweep model=lmpo2 dataset=appliances
[2026-05-04 07:34:39,194][__main__][INFO] - ⏭ SKIP LMPO2/appliances/NTN L=3 bd=8_rf0.9 seed=10090 -> /zhome/6b/e/212868/GTN/outputs/ntn/appliances/LMPO2_rg5_init0.1/L3_bd8_seed10090_rf0.9_bondmpo1 | already completed successfully (val_quality=0.2293055685441293) val=0.2293
[2026-05-04 07:34:39,198][HYDRA] 	#82 : model.reduction_factor=0.9 model.L=3 model.bond_dim=8 seed=32874 trainer.ridge=5 trainer.ridge_decay=0.25 trainer.ridge_min=0.0001 +experiment=uci_ntn_sweep model=lmpo2 dataset=appliances
[2026-05-04 07:34:39,358][__main__][INFO] - ⏭ SKIP LMPO2/appliances/NTN L=3 bd=8_rf0.9 seed=32874 -> /zhome/6b/e/212868/GTN/outputs/ntn/appliances/LMPO2_rg5_init0.1/L3_bd8_seed32874_rf0.9_bondmpo1 | already completed successfully (val_quality=0.2340419089521221) val=0.2340
[2026-05-04 07:34:39,361][HYDRA] 	#83 : model.reduction_factor=0.9 model.L=3 model.bond_dim=8 seed=47311 trainer.ridge=5 trainer.ridge_decay=0.25 trainer.ridge_min=0.0001 +experiment=uci_ntn_sweep model=lmpo2 dataset=appliances
[2026-05-04 07:34:39,742][__main__][INFO] - ⏭ SKIP LMPO2/appliances/NTN L=3 bd=8_rf0.9 seed=47311 -> /zhome/6b/e/212868/GTN/outputs/ntn/appliances/LMPO2_rg5_init0.1/L3_bd8_seed47311_rf0.9_bondmpo1 | already completed successfully (val_quality=0.225250897458616) val=0.2253
[2026-05-04 07:34:39,745][HYDRA] 	#84 : model.reduction_factor=0.9 model.L=3 model.bond_dim=8 seed=47303 trainer.ridge=5 trainer.ridge_decay=0.25 trainer.ridge_min=0.0001 +experiment=uci_ntn_sweep model=lmpo2 dataset=appliances
[2026-05-04 07:34:39,904][__main__][INFO] - ⏭ SKIP LMPO2/appliances/NTN L=3 bd=8_rf0.9 seed=47303 -> /zhome/6b/e/212868/GTN/outputs/ntn/appliances/LMPO2_rg5_init0.1/L3_bd8_seed47303_rf0.9_bondmpo1 | already completed successfully (val_quality=0.2222578076707141) val=0.2223
[2026-05-04 07:34:39,907][HYDRA] 	#85 : model.reduction_factor=0.9 model.L=3 model.bond_dim=4 seed=42 trainer.ridge=5 trainer.ridge_decay=0.25 trainer.ridge_min=0.0001 +experiment=uci_ntn_sweep model=lmpo2 dataset=appliances
[2026-05-04 07:34:40,066][__main__][INFO] - ⏭ SKIP LMPO2/appliances/NTN L=3 bd=4_rf0.9 seed=42 -> /zhome/6b/e/212868/GTN/outputs/ntn/appliances/LMPO2_rg5_init0.1/L3_bd4_seed42_rf0.9_bondmpo1 | already completed successfully (val_quality=0.2018022631624023) val=0.2018
[2026-05-04 07:34:40,068][HYDRA] 	#86 : model.reduction_factor=0.9 model.L=3 model.bond_dim=4 seed=10090 trainer.ridge=5 trainer.ridge_decay=0.25 trainer.ridge_min=0.0001 +experiment=uci_ntn_sweep model=lmpo2 dataset=appliances
[2026-05-04 07:34:40,233][__main__][INFO] - ⏭ SKIP LMPO2/appliances/NTN L=3 bd=4_rf0.9 seed=10090 -> /zhome/6b/e/212868/GTN/outputs/ntn/appliances/LMPO2_rg5_init0.1/L3_bd4_seed10090_rf0.9_bondmpo1 | already completed successfully (val_quality=0.2131839371576479) val=0.2132
[2026-05-04 07:34:40,236][HYDRA] 	#87 : model.reduction_factor=0.9 model.L=3 model.bond_dim=4 seed=32874 trainer.ridge=5 trainer.ridge_decay=0.25 trainer.ridge_min=0.0001 +experiment=uci_ntn_sweep model=lmpo2 dataset=appliances
[2026-05-04 07:34:40,394][__main__][INFO] - ⏭ SKIP LMPO2/appliances/NTN L=3 bd=4_rf0.9 seed=32874 -> /zhome/6b/e/212868/GTN/outputs/ntn/appliances/LMPO2_rg5_init0.1/L3_bd4_seed32874_rf0.9_bondmpo1 | already completed successfully (val_quality=0.2262671958894595) val=0.2263
[2026-05-04 07:34:40,397][HYDRA] 	#88 : model.reduction_factor=0.9 model.L=3 model.bond_dim=4 seed=47311 trainer.ridge=5 trainer.ridge_decay=0.25 trainer.ridge_min=0.0001 +experiment=uci_ntn_sweep model=lmpo2 dataset=appliances
[2026-05-04 07:34:40,556][__main__][INFO] - ⏭ SKIP LMPO2/appliances/NTN L=3 bd=4_rf0.9 seed=47311 -> /zhome/6b/e/212868/GTN/outputs/ntn/appliances/LMPO2_rg5_init0.1/L3_bd4_seed47311_rf0.9_bondmpo1 | already completed successfully (val_quality=0.2301703724121215) val=0.2302
[2026-05-04 07:34:40,558][HYDRA] 	#89 : model.reduction_factor=0.9 model.L=3 model.bond_dim=4 seed=47303 trainer.ridge=5 trainer.ridge_decay=0.25 trainer.ridge_min=0.0001 +experiment=uci_ntn_sweep model=lmpo2 dataset=appliances
[2026-05-04 07:34:40,718][__main__][INFO] - ⏭ SKIP LMPO2/appliances/NTN L=3 bd=4_rf0.9 seed=47303 -> /zhome/6b/e/212868/GTN/outputs/ntn/appliances/LMPO2_rg5_init0.1/L3_bd4_seed47303_rf0.9_bondmpo1 | already completed successfully (val_quality=0.2057137251179587) val=0.2057

------------------------------------------------------------
Sender: LSF System <lsfadmin@hpc.dtu.dk>
Subject: Job 28342909[13]: <ntn_grid_full[1-110]%20> in cluster <dcc> Done

Job <ntn_grid_full[1-110]%20> was submitted from host <hpclogin1> by user <nicci> in cluster <dcc> at Mon May  4 07:33:04 2026
Job was executed on host(s) <6*n-62-31-18>, in queue <hpc>, as user <nicci> in cluster <dcc> at Mon May  4 07:33:06 2026
</zhome/6b/e/212868> was used as the home directory.
</zhome/6b/e/212868/GTN> was used as the working directory.
Started at Mon May  4 07:33:06 2026
Terminated at Mon May  4 07:34:42 2026
Results reported at Mon May  4 07:34:42 2026

Your job looked like:

------------------------------------------------------------
# LSBATCH: User input
#!/bin/bash
#BSUB -q hpc
#BSUB -J "ntn_grid_full[1-110]%20"
#BSUB -W 8:00
#BSUB -n 6
#BSUB -R "rusage[mem=5GB]"
#BSUB -R "span[hosts=1]"
#BSUB -o logs/%J_%I.out
#BSUB -e logs/%J_%I.err

MODELS=("cpda" "cpda_typei" "lmpo2" "lmpo2_typei" "mpo2" "mpo2_typei" "mmpo2" "mmpo2_typei" "tnml_f" "tnml_p")

DATASETS=(
    "abalone" "adult" "ai4i" "appliances" "bank" "bike" "breast"
    "car_evaluation" "concrete" "energy_efficiency" "hearth"
    "iris" "mushrooms" "obesity" "popularity" "realstate"
    "seoulBike" "student_dropout" "student_perf" "wine"
    "winequalityc"
)

COMPLETED_DATASETS=(
    "abalone" "ai4i" "hearth" "wine" "winequalityc" "bike" "concrete" "energy_efficiency"
    "iris" "realstate" )

# Filter datasets
FILTERED_DATASETS=()
for ds in "${DATASETS[@]}"; do
    skip=false
    for completed in "${COMPLETED_DATASETS[@]}"; do
        if [[ "$ds" == "$completed" ]]; then
            skip=true
            break
        fi
    done

    if ! $skip; then
        FILTERED_DATASETS+=("$ds")
    fi
done

DATASETS=("${FILTERED_DATASETS[@]}")

NUM_MODELS=${#MODELS[@]}
NUM_DATASETS=${#DATASETS[@]}
NUM_EXPERIMENTS=$((NUM_DATASETS * NUM_MODELS))

if [ "$1" == "test" ]; then
    echo "SIMULATING ARRAY:"
    echo "-----------------"


(... more ...)
------------------------------------------------------------

Successfully completed.

Resource usage summary:

    CPU time :                                   33.20 sec.
    Max Memory :                                 109 MB
    Average Memory :                             109.00 MB
    Total Requested Memory :                     30720.00 MB
    Delta Memory :                               30611.00 MB
    Max Swap :                                   -
    Max Processes :                              4
    Max Threads :                                10
    Run time :                                   96 sec.
    Turnaround time :                            98 sec.

The output (if any) is above this job summary.



PS:

Read file <logs/28342909_13.err> for stderr output of this job.

