Task 2: Model=lmpo2_typei, Dataset=car_evaluation
[2026-05-04 19:35:46,786][HYDRA] Launching 90 jobs locally
[2026-05-04 19:35:46,786][HYDRA] 	#0 : model.reduction_factor=0.3 model.L=4 model.bond_dim=12 seed=42 trainer.ridge=5 trainer.ridge_decay=0.25 trainer.ridge_min=0.0001 +experiment=uci_ntn_sweep model=lmpo2_typei dataset=car_evaluation
[2026-05-04 19:35:47,289][utils.tracking][INFO] - Loaded 19006 tracked runs from runs_tracking.csv
[2026-05-04 19:35:47,291][__main__][INFO] - ⏭ SKIP LMPO2TypeI/car_evaluation/NTN L=4 bd=12_rf0.3 seed=42 -> /zhome/6b/e/212868/GTN/outputs/ntn/car_evaluation/LMPO2TypeI_rg5_init0.1/L4_bd12_seed42_rf0.3_bondmpo1 | previous run failed with singular matrix (permanent) val=0.9846
[2026-05-04 19:35:47,293][HYDRA] 	#1 : model.reduction_factor=0.3 model.L=4 model.bond_dim=12 seed=10090 trainer.ridge=5 trainer.ridge_decay=0.25 trainer.ridge_min=0.0001 +experiment=uci_ntn_sweep model=lmpo2_typei dataset=car_evaluation
[2026-05-04 19:35:47,449][__main__][INFO] - ⏭ SKIP LMPO2TypeI/car_evaluation/NTN L=4 bd=12_rf0.3 seed=10090 -> /zhome/6b/e/212868/GTN/outputs/ntn/car_evaluation/LMPO2TypeI_rg5_init0.1/L4_bd12_seed10090_rf0.3_bondmpo1 | previous run failed with singular matrix (permanent) val=0.9807
[2026-05-04 19:35:47,451][HYDRA] 	#2 : model.reduction_factor=0.3 model.L=4 model.bond_dim=12 seed=32874 trainer.ridge=5 trainer.ridge_decay=0.25 trainer.ridge_min=0.0001 +experiment=uci_ntn_sweep model=lmpo2_typei dataset=car_evaluation
[2026-05-04 19:35:47,604][__main__][INFO] - ⏭ SKIP LMPO2TypeI/car_evaluation/NTN L=4 bd=12_rf0.3 seed=32874 -> /zhome/6b/e/212868/GTN/outputs/ntn/car_evaluation/LMPO2TypeI_rg5_init0.1/L4_bd12_seed32874_rf0.3_bondmpo1 | previous run failed with singular matrix (permanent) val=0.9846
[2026-05-04 19:35:47,606][HYDRA] 	#3 : model.reduction_factor=0.3 model.L=4 model.bond_dim=12 seed=47311 trainer.ridge=5 trainer.ridge_decay=0.25 trainer.ridge_min=0.0001 +experiment=uci_ntn_sweep model=lmpo2_typei dataset=car_evaluation
[2026-05-04 19:35:47,758][__main__][INFO] - ⏭ SKIP LMPO2TypeI/car_evaluation/NTN L=4 bd=12_rf0.3 seed=47311 -> /zhome/6b/e/212868/GTN/outputs/ntn/car_evaluation/LMPO2TypeI_rg5_init0.1/L4_bd12_seed47311_rf0.3_bondmpo1 | previous run failed with singular matrix (permanent) val=0.9846
[2026-05-04 19:35:47,760][HYDRA] 	#4 : model.reduction_factor=0.3 model.L=4 model.bond_dim=12 seed=47303 trainer.ridge=5 trainer.ridge_decay=0.25 trainer.ridge_min=0.0001 +experiment=uci_ntn_sweep model=lmpo2_typei dataset=car_evaluation
[2026-05-04 19:35:47,915][__main__][INFO] - ⏭ SKIP LMPO2TypeI/car_evaluation/NTN L=4 bd=12_rf0.3 seed=47303 -> /zhome/6b/e/212868/GTN/outputs/ntn/car_evaluation/LMPO2TypeI_rg5_init0.1/L4_bd12_seed47303_rf0.3_bondmpo1 | previous run failed with singular matrix (permanent) val=0.9884
[2026-05-04 19:35:47,918][HYDRA] 	#5 : model.reduction_factor=0.3 model.L=4 model.bond_dim=8 seed=42 trainer.ridge=5 trainer.ridge_decay=0.25 trainer.ridge_min=0.0001 +experiment=uci_ntn_sweep model=lmpo2_typei dataset=car_evaluation
[2026-05-04 19:35:48,075][__main__][INFO] - ⏭ SKIP LMPO2TypeI/car_evaluation/NTN L=4 bd=8_rf0.3 seed=42 -> /zhome/6b/e/212868/GTN/outputs/ntn/car_evaluation/LMPO2TypeI_rg5_init0.1/L4_bd8_seed42_rf0.3_bondmpo1 | previous run failed with singular matrix (permanent) val=0.9807
[2026-05-04 19:35:48,077][HYDRA] 	#6 : model.reduction_factor=0.3 model.L=4 model.bond_dim=8 seed=10090 trainer.ridge=5 trainer.ridge_decay=0.25 trainer.ridge_min=0.0001 +experiment=uci_ntn_sweep model=lmpo2_typei dataset=car_evaluation
[2026-05-04 19:35:48,233][__main__][INFO] - ⏭ SKIP LMPO2TypeI/car_evaluation/NTN L=4 bd=8_rf0.3 seed=10090 -> /zhome/6b/e/212868/GTN/outputs/ntn/car_evaluation/LMPO2TypeI_rg5_init0.1/L4_bd8_seed10090_rf0.3_bondmpo1 | previous run failed with singular matrix (permanent) val=0.9846
[2026-05-04 19:35:48,236][HYDRA] 	#7 : model.reduction_factor=0.3 model.L=4 model.bond_dim=8 seed=32874 trainer.ridge=5 trainer.ridge_decay=0.25 trainer.ridge_min=0.0001 +experiment=uci_ntn_sweep model=lmpo2_typei dataset=car_evaluation
[2026-05-04 19:35:48,389][__main__][INFO] - ⏭ SKIP LMPO2TypeI/car_evaluation/NTN L=4 bd=8_rf0.3 seed=32874 -> /zhome/6b/e/212868/GTN/outputs/ntn/car_evaluation/LMPO2TypeI_rg5_init0.1/L4_bd8_seed32874_rf0.3_bondmpo1 | previous run failed with singular matrix (permanent) val=0.9807
[2026-05-04 19:35:48,391][HYDRA] 	#8 : model.reduction_factor=0.3 model.L=4 model.bond_dim=8 seed=47311 trainer.ridge=5 trainer.ridge_decay=0.25 trainer.ridge_min=0.0001 +experiment=uci_ntn_sweep model=lmpo2_typei dataset=car_evaluation
[2026-05-04 19:35:48,546][__main__][INFO] - ⏭ SKIP LMPO2TypeI/car_evaluation/NTN L=4 bd=8_rf0.3 seed=47311 -> /zhome/6b/e/212868/GTN/outputs/ntn/car_evaluation/LMPO2TypeI_rg5_init0.1/L4_bd8_seed47311_rf0.3_bondmpo1 | previous run failed with singular matrix (permanent) val=0.9846
[2026-05-04 19:35:48,548][HYDRA] 	#9 : model.reduction_factor=0.3 model.L=4 model.bond_dim=8 seed=47303 trainer.ridge=5 trainer.ridge_decay=0.25 trainer.ridge_min=0.0001 +experiment=uci_ntn_sweep model=lmpo2_typei dataset=car_evaluation
[2026-05-04 19:35:48,704][__main__][INFO] - ⏭ SKIP LMPO2TypeI/car_evaluation/NTN L=4 bd=8_rf0.3 seed=47303 -> /zhome/6b/e/212868/GTN/outputs/ntn/car_evaluation/LMPO2TypeI_rg5_init0.1/L4_bd8_seed47303_rf0.3_bondmpo1 | previous run failed with singular matrix (permanent) val=0.9846
[2026-05-04 19:35:48,706][HYDRA] 	#10 : model.reduction_factor=0.3 model.L=4 model.bond_dim=4 seed=42 trainer.ridge=5 trainer.ridge_decay=0.25 trainer.ridge_min=0.0001 +experiment=uci_ntn_sweep model=lmpo2_typei dataset=car_evaluation
[2026-05-04 19:35:48,870][__main__][INFO] - ⏭ SKIP LMPO2TypeI/car_evaluation/NTN L=4 bd=4_rf0.3 seed=42 -> /zhome/6b/e/212868/GTN/outputs/ntn/car_evaluation/LMPO2TypeI_rg5_init0.1/L4_bd4_seed42_rf0.3_bondmpo1 | previous run failed with singular matrix (permanent) val=0.9768
[2026-05-04 19:35:48,872][HYDRA] 	#11 : model.reduction_factor=0.3 model.L=4 model.bond_dim=4 seed=10090 trainer.ridge=5 trainer.ridge_decay=0.25 trainer.ridge_min=0.0001 +experiment=uci_ntn_sweep model=lmpo2_typei dataset=car_evaluation
[2026-05-04 19:35:49,062][__main__][INFO] - ⏭ SKIP LMPO2TypeI/car_evaluation/NTN L=4 bd=4_rf0.3 seed=10090 -> /zhome/6b/e/212868/GTN/outputs/ntn/car_evaluation/LMPO2TypeI_rg5_init0.1/L4_bd4_seed10090_rf0.3_bondmpo1 | previous run failed with singular matrix (permanent) val=0.9846
[2026-05-04 19:35:49,064][HYDRA] 	#12 : model.reduction_factor=0.3 model.L=4 model.bond_dim=4 seed=32874 trainer.ridge=5 trainer.ridge_decay=0.25 trainer.ridge_min=0.0001 +experiment=uci_ntn_sweep model=lmpo2_typei dataset=car_evaluation
[2026-05-04 19:35:49,219][__main__][INFO] - ⏭ SKIP LMPO2TypeI/car_evaluation/NTN L=4 bd=4_rf0.3 seed=32874 -> /zhome/6b/e/212868/GTN/outputs/ntn/car_evaluation/LMPO2TypeI_rg5_init0.1/L4_bd4_seed32874_rf0.3_bondmpo1 | previous run failed with singular matrix (permanent) val=0.9846
[2026-05-04 19:35:49,221][HYDRA] 	#13 : model.reduction_factor=0.3 model.L=4 model.bond_dim=4 seed=47311 trainer.ridge=5 trainer.ridge_decay=0.25 trainer.ridge_min=0.0001 +experiment=uci_ntn_sweep model=lmpo2_typei dataset=car_evaluation
[2026-05-04 19:35:49,392][__main__][INFO] - ⏭ SKIP LMPO2TypeI/car_evaluation/NTN L=4 bd=4_rf0.3 seed=47311 -> /zhome/6b/e/212868/GTN/outputs/ntn/car_evaluation/LMPO2TypeI_rg5_init0.1/L4_bd4_seed47311_rf0.3_bondmpo1 | previous run failed with singular matrix (permanent) val=0.9884
[2026-05-04 19:35:49,395][HYDRA] 	#14 : model.reduction_factor=0.3 model.L=4 model.bond_dim=4 seed=47303 trainer.ridge=5 trainer.ridge_decay=0.25 trainer.ridge_min=0.0001 +experiment=uci_ntn_sweep model=lmpo2_typei dataset=car_evaluation
[2026-05-04 19:35:49,551][__main__][INFO] - ⏭ SKIP LMPO2TypeI/car_evaluation/NTN L=4 bd=4_rf0.3 seed=47303 -> /zhome/6b/e/212868/GTN/outputs/ntn/car_evaluation/LMPO2TypeI_rg5_init0.1/L4_bd4_seed47303_rf0.3_bondmpo1 | previous run failed with singular matrix (permanent) val=0.9846
[2026-05-04 19:35:49,553][HYDRA] 	#15 : model.reduction_factor=0.3 model.L=3 model.bond_dim=12 seed=42 trainer.ridge=5 trainer.ridge_decay=0.25 trainer.ridge_min=0.0001 +experiment=uci_ntn_sweep model=lmpo2_typei dataset=car_evaluation
[2026-05-04 19:35:49,707][__main__][INFO] - ⏭ SKIP LMPO2TypeI/car_evaluation/NTN L=3 bd=12_rf0.3 seed=42 -> /zhome/6b/e/212868/GTN/outputs/ntn/car_evaluation/LMPO2TypeI_rg5_init0.1/L3_bd12_seed42_rf0.3_bondmpo1 | previous run failed with singular matrix (permanent) val=0.9846
[2026-05-04 19:35:49,710][HYDRA] 	#16 : model.reduction_factor=0.3 model.L=3 model.bond_dim=12 seed=10090 trainer.ridge=5 trainer.ridge_decay=0.25 trainer.ridge_min=0.0001 +experiment=uci_ntn_sweep model=lmpo2_typei dataset=car_evaluation
[2026-05-04 19:35:49,864][__main__][INFO] - ⏭ SKIP LMPO2TypeI/car_evaluation/NTN L=3 bd=12_rf0.3 seed=10090 -> /zhome/6b/e/212868/GTN/outputs/ntn/car_evaluation/LMPO2TypeI_rg5_init0.1/L3_bd12_seed10090_rf0.3_bondmpo1 | previous run failed with singular matrix (permanent) val=0.9807
[2026-05-04 19:35:49,866][HYDRA] 	#17 : model.reduction_factor=0.3 model.L=3 model.bond_dim=12 seed=32874 trainer.ridge=5 trainer.ridge_decay=0.25 trainer.ridge_min=0.0001 +experiment=uci_ntn_sweep model=lmpo2_typei dataset=car_evaluation
[2026-05-04 19:35:50,022][__main__][INFO] - ⏭ SKIP LMPO2TypeI/car_evaluation/NTN L=3 bd=12_rf0.3 seed=32874 -> /zhome/6b/e/212868/GTN/outputs/ntn/car_evaluation/LMPO2TypeI_rg5_init0.1/L3_bd12_seed32874_rf0.3_bondmpo1 | previous run failed with singular matrix (permanent) val=0.9846
[2026-05-04 19:35:50,025][HYDRA] 	#18 : model.reduction_factor=0.3 model.L=3 model.bond_dim=12 seed=47311 trainer.ridge=5 trainer.ridge_decay=0.25 trainer.ridge_min=0.0001 +experiment=uci_ntn_sweep model=lmpo2_typei dataset=car_evaluation
[2026-05-04 19:35:50,183][__main__][INFO] - ⏭ SKIP LMPO2TypeI/car_evaluation/NTN L=3 bd=12_rf0.3 seed=47311 -> /zhome/6b/e/212868/GTN/outputs/ntn/car_evaluation/LMPO2TypeI_rg5_init0.1/L3_bd12_seed47311_rf0.3_bondmpo1 | previous run failed with singular matrix (permanent) val=0.9846
[2026-05-04 19:35:50,186][HYDRA] 	#19 : model.reduction_factor=0.3 model.L=3 model.bond_dim=12 seed=47303 trainer.ridge=5 trainer.ridge_decay=0.25 trainer.ridge_min=0.0001 +experiment=uci_ntn_sweep model=lmpo2_typei dataset=car_evaluation
[2026-05-04 19:35:50,358][__main__][INFO] - ⏭ SKIP LMPO2TypeI/car_evaluation/NTN L=3 bd=12_rf0.3 seed=47303 -> /zhome/6b/e/212868/GTN/outputs/ntn/car_evaluation/LMPO2TypeI_rg5_init0.1/L3_bd12_seed47303_rf0.3_bondmpo1 | previous run failed with singular matrix (permanent) val=0.9846
[2026-05-04 19:35:50,361][HYDRA] 	#20 : model.reduction_factor=0.3 model.L=3 model.bond_dim=8 seed=42 trainer.ridge=5 trainer.ridge_decay=0.25 trainer.ridge_min=0.0001 +experiment=uci_ntn_sweep model=lmpo2_typei dataset=car_evaluation
[2026-05-04 19:35:50,523][__main__][INFO] - ⏭ SKIP LMPO2TypeI/car_evaluation/NTN L=3 bd=8_rf0.3 seed=42 -> /zhome/6b/e/212868/GTN/outputs/ntn/car_evaluation/LMPO2TypeI_rg5_init0.1/L3_bd8_seed42_rf0.3_bondmpo1 | singular val=0.9961
[2026-05-04 19:35:50,527][HYDRA] 	#21 : model.reduction_factor=0.3 model.L=3 model.bond_dim=8 seed=10090 trainer.ridge=5 trainer.ridge_decay=0.25 trainer.ridge_min=0.0001 +experiment=uci_ntn_sweep model=lmpo2_typei dataset=car_evaluation
[2026-05-04 19:35:50,688][__main__][INFO] - ⏭ SKIP LMPO2TypeI/car_evaluation/NTN L=3 bd=8_rf0.3 seed=10090 -> /zhome/6b/e/212868/GTN/outputs/ntn/car_evaluation/LMPO2TypeI_rg5_init0.1/L3_bd8_seed10090_rf0.3_bondmpo1 | singular val=0.9846
[2026-05-04 19:35:50,690][HYDRA] 	#22 : model.reduction_factor=0.3 model.L=3 model.bond_dim=8 seed=32874 trainer.ridge=5 trainer.ridge_decay=0.25 trainer.ridge_min=0.0001 +experiment=uci_ntn_sweep model=lmpo2_typei dataset=car_evaluation
[2026-05-04 19:35:50,854][__main__][INFO] - ⏭ SKIP LMPO2TypeI/car_evaluation/NTN L=3 bd=8_rf0.3 seed=32874 -> /zhome/6b/e/212868/GTN/outputs/ntn/car_evaluation/LMPO2TypeI_rg5_init0.1/L3_bd8_seed32874_rf0.3_bondmpo1 | singular val=0.9846
[2026-05-04 19:35:50,857][HYDRA] 	#23 : model.reduction_factor=0.3 model.L=3 model.bond_dim=8 seed=47311 trainer.ridge=5 trainer.ridge_decay=0.25 trainer.ridge_min=0.0001 +experiment=uci_ntn_sweep model=lmpo2_typei dataset=car_evaluation
[2026-05-04 19:35:51,015][__main__][INFO] - ⏭ SKIP LMPO2TypeI/car_evaluation/NTN L=3 bd=8_rf0.3 seed=47311 -> /zhome/6b/e/212868/GTN/outputs/ntn/car_evaluation/LMPO2TypeI_rg5_init0.1/L3_bd8_seed47311_rf0.3_bondmpo1 | singular val=0.9846
[2026-05-04 19:35:51,017][HYDRA] 	#24 : model.reduction_factor=0.3 model.L=3 model.bond_dim=8 seed=47303 trainer.ridge=5 trainer.ridge_decay=0.25 trainer.ridge_min=0.0001 +experiment=uci_ntn_sweep model=lmpo2_typei dataset=car_evaluation
[2026-05-04 19:35:51,184][__main__][INFO] - ⏭ SKIP LMPO2TypeI/car_evaluation/NTN L=3 bd=8_rf0.3 seed=47303 -> /zhome/6b/e/212868/GTN/outputs/ntn/car_evaluation/LMPO2TypeI_rg5_init0.1/L3_bd8_seed47303_rf0.3_bondmpo1 | singular val=0.9846
[2026-05-04 19:35:51,188][HYDRA] 	#25 : model.reduction_factor=0.3 model.L=3 model.bond_dim=4 seed=42 trainer.ridge=5 trainer.ridge_decay=0.25 trainer.ridge_min=0.0001 +experiment=uci_ntn_sweep model=lmpo2_typei dataset=car_evaluation
[2026-05-04 19:35:51,551][__main__][INFO] - ⏭ SKIP LMPO2TypeI/car_evaluation/NTN L=3 bd=4_rf0.3 seed=42 -> /zhome/6b/e/212868/GTN/outputs/ntn/car_evaluation/LMPO2TypeI_rg5_init0.1/L3_bd4_seed42_rf0.3_bondmpo1 | already completed successfully (val_quality=0.9806949806949808) val=0.9807
[2026-05-04 19:35:51,553][HYDRA] 	#26 : model.reduction_factor=0.3 model.L=3 model.bond_dim=4 seed=10090 trainer.ridge=5 trainer.ridge_decay=0.25 trainer.ridge_min=0.0001 +experiment=uci_ntn_sweep model=lmpo2_typei dataset=car_evaluation
[2026-05-04 19:35:51,708][__main__][INFO] - ⏭ SKIP LMPO2TypeI/car_evaluation/NTN L=3 bd=4_rf0.3 seed=10090 -> /zhome/6b/e/212868/GTN/outputs/ntn/car_evaluation/LMPO2TypeI_rg5_init0.1/L3_bd4_seed10090_rf0.3_bondmpo1 | already completed successfully (val_quality=0.9884169884169884) val=0.9884
[2026-05-04 19:35:51,710][HYDRA] 	#27 : model.reduction_factor=0.3 model.L=3 model.bond_dim=4 seed=32874 trainer.ridge=5 trainer.ridge_decay=0.25 trainer.ridge_min=0.0001 +experiment=uci_ntn_sweep model=lmpo2_typei dataset=car_evaluation
[2026-05-04 19:35:51,863][__main__][INFO] - ⏭ SKIP LMPO2TypeI/car_evaluation/NTN L=3 bd=4_rf0.3 seed=32874 -> /zhome/6b/e/212868/GTN/outputs/ntn/car_evaluation/LMPO2TypeI_rg5_init0.1/L3_bd4_seed32874_rf0.3_bondmpo1 | already completed successfully (val_quality=0.9768339768339768) val=0.9768
[2026-05-04 19:35:51,865][HYDRA] 	#28 : model.reduction_factor=0.3 model.L=3 model.bond_dim=4 seed=47311 trainer.ridge=5 trainer.ridge_decay=0.25 trainer.ridge_min=0.0001 +experiment=uci_ntn_sweep model=lmpo2_typei dataset=car_evaluation
[2026-05-04 19:35:52,022][__main__][INFO] - ⏭ SKIP LMPO2TypeI/car_evaluation/NTN L=3 bd=4_rf0.3 seed=47311 -> /zhome/6b/e/212868/GTN/outputs/ntn/car_evaluation/LMPO2TypeI_rg5_init0.1/L3_bd4_seed47311_rf0.3_bondmpo1 | already completed successfully (val_quality=0.9884169884169884) val=0.9884
[2026-05-04 19:35:52,024][HYDRA] 	#29 : model.reduction_factor=0.3 model.L=3 model.bond_dim=4 seed=47303 trainer.ridge=5 trainer.ridge_decay=0.25 trainer.ridge_min=0.0001 +experiment=uci_ntn_sweep model=lmpo2_typei dataset=car_evaluation
[2026-05-04 19:35:52,189][__main__][INFO] - ⏭ SKIP LMPO2TypeI/car_evaluation/NTN L=3 bd=4_rf0.3 seed=47303 -> /zhome/6b/e/212868/GTN/outputs/ntn/car_evaluation/LMPO2TypeI_rg5_init0.1/L3_bd4_seed47303_rf0.3_bondmpo1 | singular val=0.9923
[2026-05-04 19:35:52,192][HYDRA] 	#30 : model.reduction_factor=0.5 model.L=4 model.bond_dim=12 seed=42 trainer.ridge=5 trainer.ridge_decay=0.25 trainer.ridge_min=0.0001 +experiment=uci_ntn_sweep model=lmpo2_typei dataset=car_evaluation
[2026-05-04 19:35:52,347][__main__][INFO] - ▶ RUN LMPO2TypeI/car_evaluation/NTN L=4 bd=12_rf0.5 seed=42 -> /zhome/6b/e/212868/GTN/outputs/ntn/car_evaluation/LMPO2TypeI_rg5_init0.1/L4_bd12_seed42_rf0.5_bondmpo1
Starting Ensemble Fit: 20 epochs
Models: [(1, 2), (2, 4), (3, 6), (4, 8)]
Total nodes: 20
Validation: Using separate validation set
Early stopping: patience=10, min_delta=0.001
Init    | Train: loss: 1.39791 | quality: 0.25310
        | Val:   loss: 1.40759 | quality: 0.23552


------------------------------------------------------------
Sender: LSF System <lsfadmin@hpc.dtu.dk>
Subject: Job 28348578[2]: <ntn_missing[1-20]%10> in cluster <dcc> Exited

Job <ntn_missing[1-20]%10> was submitted from host <hpclogin1> by user <nicci> in cluster <dcc> at Mon May  4 19:35:19 2026
Job was executed on host(s) <16*n-62-29-34>, in queue <hpc>, as user <nicci> in cluster <dcc> at Mon May  4 19:35:19 2026
</zhome/6b/e/212868> was used as the home directory.
</zhome/6b/e/212868/GTN> was used as the working directory.
Started at Mon May  4 19:35:19 2026
Terminated at Mon May  4 19:36:43 2026
Results reported at Mon May  4 19:36:43 2026

Your job looked like:

------------------------------------------------------------
# LSBATCH: User input
#!/bin/bash
#BSUB -q hpc
#BSUB -J "ntn_missing[1-20]%10"
#BSUB -W 12:00
#BSUB -n 16
#BSUB -R "rusage[mem=3GB]"
#BSUB -R "span[hosts=1]"
#BSUB -o logs/%J_%I.out
#BSUB -e logs/%J_%I.err

# Missing model-dataset combinations from README.md (NTN only, ignoring GTN)
# Total: 20 combinations

source .venv/bin/activate

declare -a COMBINATIONS=(
    # LMPO2TypeI (11 datasets)
    "lmpo2_typei breast"
    "lmpo2_typei car_evaluation"
    "lmpo2_typei obesity"
    "lmpo2_typei seoulBike"
    "lmpo2_typei student_perf"
    "lmpo2_typei adult"
    "lmpo2_typei appliances"
    "lmpo2_typei bank"
    "lmpo2_typei mushrooms"
    "lmpo2_typei popularity"
    "lmpo2_typei student_dropout"
    # MMPO2 (3 datasets)
    "mmpo2 adult"
    "mmpo2 mushrooms"
    "mmpo2 popularity"
    # MMPO2TypeI (4 datasets)
    "mmpo2_typei adult"
    "mmpo2_typei bank"
    "mmpo2_typei mushrooms"
    "mmpo2_typei popularity"
    # TNML_F (2 datasets)
    "tnml_f adult"
    "tnml_f bank"
)

NUM_COMBINATIONS=${#COMBINATIONS[@]}

if [ "$1" == "test" ]; then
    echo "SIMULATING ARRAY:"
    echo "-----------------"
    echo "Total combinations: $NUM_COMBINATIONS"
    echo ""


(... more ...)
------------------------------------------------------------

TERM_MEMLIMIT: job killed after reaching LSF memory usage limit.
Exited with exit code 137.

Resource usage summary:

    CPU time :                                   489.00 sec.
    Max Memory :                                 49152 MB
    Average Memory :                             126.33 MB
    Total Requested Memory :                     49152.00 MB
    Delta Memory :                               0.00 MB
    Max Swap :                                   -
    Max Processes :                              4
    Max Threads :                                35
    Run time :                                   84 sec.
    Turnaround time :                            84 sec.

The output (if any) is above this job summary.



PS:

Read file <logs/28348578_2.err> for stderr output of this job.

