Task 8: Model=mmpo2, Dataset=mushrooms
[2026-05-04 19:39:37,038][HYDRA] Launching 30 jobs locally
[2026-05-04 19:39:37,039][HYDRA] 	#0 : model.L=4 model.bond_dim=12 seed=42 trainer.ridge=5 trainer.ridge_decay=0.25 trainer.ridge_min=0.0001 +experiment=uci_ntn_sweep model=mmpo2 dataset=mushrooms
[2026-05-04 19:39:37,516][utils.tracking][INFO] - Loaded 19006 tracked runs from runs_tracking.csv
[2026-05-04 19:39:37,518][__main__][INFO] - ⏭ SKIP MMPO2/mushrooms/NTN L=4 bd=12 seed=42 -> /zhome/6b/e/212868/GTN/outputs/ntn/mushrooms/MMPO2_rg5_init0.1/L4_bd12_seed42 | previous run failed with singular matrix (permanent) val=0.4783
[2026-05-04 19:39:37,520][HYDRA] 	#1 : model.L=4 model.bond_dim=12 seed=10090 trainer.ridge=5 trainer.ridge_decay=0.25 trainer.ridge_min=0.0001 +experiment=uci_ntn_sweep model=mmpo2 dataset=mushrooms
[2026-05-04 19:39:37,683][__main__][INFO] - ⏭ SKIP MMPO2/mushrooms/NTN L=4 bd=12 seed=10090 -> /zhome/6b/e/212868/GTN/outputs/ntn/mushrooms/MMPO2_rg5_init0.1/L4_bd12_seed10090 | previous run failed with singular matrix (permanent) val=0.4783
[2026-05-04 19:39:37,685][HYDRA] 	#2 : model.L=4 model.bond_dim=12 seed=32874 trainer.ridge=5 trainer.ridge_decay=0.25 trainer.ridge_min=0.0001 +experiment=uci_ntn_sweep model=mmpo2 dataset=mushrooms
[2026-05-04 19:39:37,843][__main__][INFO] - ⏭ SKIP MMPO2/mushrooms/NTN L=4 bd=12 seed=32874 -> /zhome/6b/e/212868/GTN/outputs/ntn/mushrooms/MMPO2_rg5_init0.1/L4_bd12_seed32874 | previous run failed with singular matrix (permanent) val=0.6349
[2026-05-04 19:39:37,845][HYDRA] 	#3 : model.L=4 model.bond_dim=12 seed=47311 trainer.ridge=5 trainer.ridge_decay=0.25 trainer.ridge_min=0.0001 +experiment=uci_ntn_sweep model=mmpo2 dataset=mushrooms
[2026-05-04 19:39:38,004][__main__][INFO] - ⏭ SKIP MMPO2/mushrooms/NTN L=4 bd=12 seed=47311 -> /zhome/6b/e/212868/GTN/outputs/ntn/mushrooms/MMPO2_rg5_init0.1/L4_bd12_seed47311 | previous run failed with singular matrix (permanent) 
[2026-05-04 19:39:38,006][HYDRA] 	#4 : model.L=4 model.bond_dim=12 seed=47303 trainer.ridge=5 trainer.ridge_decay=0.25 trainer.ridge_min=0.0001 +experiment=uci_ntn_sweep model=mmpo2 dataset=mushrooms
[2026-05-04 19:39:38,165][__main__][INFO] - ⏭ SKIP MMPO2/mushrooms/NTN L=4 bd=12 seed=47303 -> /zhome/6b/e/212868/GTN/outputs/ntn/mushrooms/MMPO2_rg5_init0.1/L4_bd12_seed47303 | previous run failed with singular matrix (permanent) val=0.4783
[2026-05-04 19:39:38,167][HYDRA] 	#5 : model.L=4 model.bond_dim=8 seed=42 trainer.ridge=5 trainer.ridge_decay=0.25 trainer.ridge_min=0.0001 +experiment=uci_ntn_sweep model=mmpo2 dataset=mushrooms
[2026-05-04 19:39:38,329][__main__][INFO] - ⏭ SKIP MMPO2/mushrooms/NTN L=4 bd=8 seed=42 -> /zhome/6b/e/212868/GTN/outputs/ntn/mushrooms/MMPO2_rg5_init0.1/L4_bd8_seed42 | previous run failed with singular matrix (permanent) 
[2026-05-04 19:39:38,331][HYDRA] 	#6 : model.L=4 model.bond_dim=8 seed=10090 trainer.ridge=5 trainer.ridge_decay=0.25 trainer.ridge_min=0.0001 +experiment=uci_ntn_sweep model=mmpo2 dataset=mushrooms
[2026-05-04 19:39:38,495][__main__][INFO] - ⏭ SKIP MMPO2/mushrooms/NTN L=4 bd=8 seed=10090 -> /zhome/6b/e/212868/GTN/outputs/ntn/mushrooms/MMPO2_rg5_init0.1/L4_bd8_seed10090 | previous run failed with singular matrix (permanent) 
[2026-05-04 19:39:38,497][HYDRA] 	#7 : model.L=4 model.bond_dim=8 seed=32874 trainer.ridge=5 trainer.ridge_decay=0.25 trainer.ridge_min=0.0001 +experiment=uci_ntn_sweep model=mmpo2 dataset=mushrooms
[2026-05-04 19:39:38,677][__main__][INFO] - ⏭ SKIP MMPO2/mushrooms/NTN L=4 bd=8 seed=32874 -> /zhome/6b/e/212868/GTN/outputs/ntn/mushrooms/MMPO2_rg5_init0.1/L4_bd8_seed32874 | previous run failed with singular matrix (permanent) val=0.5217
[2026-05-04 19:39:38,679][HYDRA] 	#8 : model.L=4 model.bond_dim=8 seed=47311 trainer.ridge=5 trainer.ridge_decay=0.25 trainer.ridge_min=0.0001 +experiment=uci_ntn_sweep model=mmpo2 dataset=mushrooms
[2026-05-04 19:39:38,841][__main__][INFO] - ⏭ SKIP MMPO2/mushrooms/NTN L=4 bd=8 seed=47311 -> /zhome/6b/e/212868/GTN/outputs/ntn/mushrooms/MMPO2_rg5_init0.1/L4_bd8_seed47311 | previous run failed with singular matrix (permanent) val=0.5217
[2026-05-04 19:39:38,844][HYDRA] 	#9 : model.L=4 model.bond_dim=8 seed=47303 trainer.ridge=5 trainer.ridge_decay=0.25 trainer.ridge_min=0.0001 +experiment=uci_ntn_sweep model=mmpo2 dataset=mushrooms
[2026-05-04 19:39:39,003][__main__][INFO] - ⏭ SKIP MMPO2/mushrooms/NTN L=4 bd=8 seed=47303 -> /zhome/6b/e/212868/GTN/outputs/ntn/mushrooms/MMPO2_rg5_init0.1/L4_bd8_seed47303 | singular val=0.5217
[2026-05-04 19:39:39,005][HYDRA] 	#10 : model.L=4 model.bond_dim=4 seed=42 trainer.ridge=5 trainer.ridge_decay=0.25 trainer.ridge_min=0.0001 +experiment=uci_ntn_sweep model=mmpo2 dataset=mushrooms
[2026-05-04 19:39:39,164][__main__][INFO] - ⏭ SKIP MMPO2/mushrooms/NTN L=4 bd=4 seed=42 -> /zhome/6b/e/212868/GTN/outputs/ntn/mushrooms/MMPO2_rg5_init0.1/L4_bd4_seed42 | singular val=0.4783
[2026-05-04 19:39:39,166][HYDRA] 	#11 : model.L=4 model.bond_dim=4 seed=10090 trainer.ridge=5 trainer.ridge_decay=0.25 trainer.ridge_min=0.0001 +experiment=uci_ntn_sweep model=mmpo2 dataset=mushrooms
[2026-05-04 19:39:39,325][__main__][INFO] - ⏭ SKIP MMPO2/mushrooms/NTN L=4 bd=4 seed=10090 -> /zhome/6b/e/212868/GTN/outputs/ntn/mushrooms/MMPO2_rg5_init0.1/L4_bd4_seed10090 | singular val=0.4783
[2026-05-04 19:39:39,327][HYDRA] 	#12 : model.L=4 model.bond_dim=4 seed=32874 trainer.ridge=5 trainer.ridge_decay=0.25 trainer.ridge_min=0.0001 +experiment=uci_ntn_sweep model=mmpo2 dataset=mushrooms
[2026-05-04 19:39:39,487][__main__][INFO] - ⏭ SKIP MMPO2/mushrooms/NTN L=4 bd=4 seed=32874 -> /zhome/6b/e/212868/GTN/outputs/ntn/mushrooms/MMPO2_rg5_init0.1/L4_bd4_seed32874 | singular val=0.5258
[2026-05-04 19:39:39,489][HYDRA] 	#13 : model.L=4 model.bond_dim=4 seed=47311 trainer.ridge=5 trainer.ridge_decay=0.25 trainer.ridge_min=0.0001 +experiment=uci_ntn_sweep model=mmpo2 dataset=mushrooms
[2026-05-04 19:39:39,656][__main__][INFO] - ⏭ SKIP MMPO2/mushrooms/NTN L=4 bd=4 seed=47311 -> /zhome/6b/e/212868/GTN/outputs/ntn/mushrooms/MMPO2_rg5_init0.1/L4_bd4_seed47311 | singular val=0.5217
[2026-05-04 19:39:39,658][HYDRA] 	#14 : model.L=4 model.bond_dim=4 seed=47303 trainer.ridge=5 trainer.ridge_decay=0.25 trainer.ridge_min=0.0001 +experiment=uci_ntn_sweep model=mmpo2 dataset=mushrooms
[2026-05-04 19:39:39,817][__main__][INFO] - ⏭ SKIP MMPO2/mushrooms/NTN L=4 bd=4 seed=47303 -> /zhome/6b/e/212868/GTN/outputs/ntn/mushrooms/MMPO2_rg5_init0.1/L4_bd4_seed47303 | singular val=0.4783
[2026-05-04 19:39:39,819][HYDRA] 	#15 : model.L=3 model.bond_dim=12 seed=42 trainer.ridge=5 trainer.ridge_decay=0.25 trainer.ridge_min=0.0001 +experiment=uci_ntn_sweep model=mmpo2 dataset=mushrooms
[2026-05-04 19:39:40,000][__main__][INFO] - ⏭ SKIP MMPO2/mushrooms/NTN L=3 bd=12 seed=42 -> /zhome/6b/e/212868/GTN/outputs/ntn/mushrooms/MMPO2_rg5_init0.1/L3_bd12_seed42 | singular val=0.5357
[2026-05-04 19:39:40,002][HYDRA] 	#16 : model.L=3 model.bond_dim=12 seed=10090 trainer.ridge=5 trainer.ridge_decay=0.25 trainer.ridge_min=0.0001 +experiment=uci_ntn_sweep model=mmpo2 dataset=mushrooms
[2026-05-04 19:39:40,174][__main__][INFO] - ⏭ SKIP MMPO2/mushrooms/NTN L=3 bd=12 seed=10090 -> /zhome/6b/e/212868/GTN/outputs/ntn/mushrooms/MMPO2_rg5_init0.1/L3_bd12_seed10090 | singular val=0.4783
[2026-05-04 19:39:40,176][HYDRA] 	#17 : model.L=3 model.bond_dim=12 seed=32874 trainer.ridge=5 trainer.ridge_decay=0.25 trainer.ridge_min=0.0001 +experiment=uci_ntn_sweep model=mmpo2 dataset=mushrooms
[2026-05-04 19:39:40,335][__main__][INFO] - ⏭ SKIP MMPO2/mushrooms/NTN L=3 bd=12 seed=32874 -> /zhome/6b/e/212868/GTN/outputs/ntn/mushrooms/MMPO2_rg5_init0.1/L3_bd12_seed32874 | singular val=0.4783
[2026-05-04 19:39:40,338][HYDRA] 	#18 : model.L=3 model.bond_dim=12 seed=47311 trainer.ridge=5 trainer.ridge_decay=0.25 trainer.ridge_min=0.0001 +experiment=uci_ntn_sweep model=mmpo2 dataset=mushrooms
[2026-05-04 19:39:40,498][__main__][INFO] - ⏭ SKIP MMPO2/mushrooms/NTN L=3 bd=12 seed=47311 -> /zhome/6b/e/212868/GTN/outputs/ntn/mushrooms/MMPO2_rg5_init0.1/L3_bd12_seed47311 | singular val=0.5217
[2026-05-04 19:39:40,500][HYDRA] 	#19 : model.L=3 model.bond_dim=12 seed=47303 trainer.ridge=5 trainer.ridge_decay=0.25 trainer.ridge_min=0.0001 +experiment=uci_ntn_sweep model=mmpo2 dataset=mushrooms
[2026-05-04 19:39:40,666][__main__][INFO] - ⏭ SKIP MMPO2/mushrooms/NTN L=3 bd=12 seed=47303 -> /zhome/6b/e/212868/GTN/outputs/ntn/mushrooms/MMPO2_rg5_init0.1/L3_bd12_seed47303 | singular val=0.5135
[2026-05-04 19:39:40,668][HYDRA] 	#20 : model.L=3 model.bond_dim=8 seed=42 trainer.ridge=5 trainer.ridge_decay=0.25 trainer.ridge_min=0.0001 +experiment=uci_ntn_sweep model=mmpo2 dataset=mushrooms
[2026-05-04 19:39:40,830][__main__][INFO] - ⏭ SKIP MMPO2/mushrooms/NTN L=3 bd=8 seed=42 -> /zhome/6b/e/212868/GTN/outputs/ntn/mushrooms/MMPO2_rg5_init0.1/L3_bd8_seed42 | singular val=0.4947
[2026-05-04 19:39:40,833][HYDRA] 	#21 : model.L=3 model.bond_dim=8 seed=10090 trainer.ridge=5 trainer.ridge_decay=0.25 trainer.ridge_min=0.0001 +experiment=uci_ntn_sweep model=mmpo2 dataset=mushrooms
[2026-05-04 19:39:40,995][__main__][INFO] - ⏭ SKIP MMPO2/mushrooms/NTN L=3 bd=8 seed=10090 -> /zhome/6b/e/212868/GTN/outputs/ntn/mushrooms/MMPO2_rg5_init0.1/L3_bd8_seed10090 | singular val=0.4881
[2026-05-04 19:39:40,997][HYDRA] 	#22 : model.L=3 model.bond_dim=8 seed=32874 trainer.ridge=5 trainer.ridge_decay=0.25 trainer.ridge_min=0.0001 +experiment=uci_ntn_sweep model=mmpo2 dataset=mushrooms
[2026-05-04 19:39:41,155][__main__][INFO] - ⏭ SKIP MMPO2/mushrooms/NTN L=3 bd=8 seed=32874 -> /zhome/6b/e/212868/GTN/outputs/ntn/mushrooms/MMPO2_rg5_init0.1/L3_bd8_seed32874 | singular val=0.4783
[2026-05-04 19:39:41,157][HYDRA] 	#23 : model.L=3 model.bond_dim=8 seed=47311 trainer.ridge=5 trainer.ridge_decay=0.25 trainer.ridge_min=0.0001 +experiment=uci_ntn_sweep model=mmpo2 dataset=mushrooms
[2026-05-04 19:39:41,315][__main__][INFO] - ⏭ SKIP MMPO2/mushrooms/NTN L=3 bd=8 seed=47311 -> /zhome/6b/e/212868/GTN/outputs/ntn/mushrooms/MMPO2_rg5_init0.1/L3_bd8_seed47311 | singular val=0.4930
[2026-05-04 19:39:41,317][HYDRA] 	#24 : model.L=3 model.bond_dim=8 seed=47303 trainer.ridge=5 trainer.ridge_decay=0.25 trainer.ridge_min=0.0001 +experiment=uci_ntn_sweep model=mmpo2 dataset=mushrooms
[2026-05-04 19:39:41,478][__main__][INFO] - ⏭ SKIP MMPO2/mushrooms/NTN L=3 bd=8 seed=47303 -> /zhome/6b/e/212868/GTN/outputs/ntn/mushrooms/MMPO2_rg5_init0.1/L3_bd8_seed47303 | singular val=0.5217
[2026-05-04 19:39:41,480][HYDRA] 	#25 : model.L=3 model.bond_dim=4 seed=42 trainer.ridge=5 trainer.ridge_decay=0.25 trainer.ridge_min=0.0001 +experiment=uci_ntn_sweep model=mmpo2 dataset=mushrooms
[2026-05-04 19:39:41,640][__main__][INFO] - ⏭ SKIP MMPO2/mushrooms/NTN L=3 bd=4 seed=42 -> /zhome/6b/e/212868/GTN/outputs/ntn/mushrooms/MMPO2_rg5_init0.1/L3_bd4_seed42 | singular val=0.4783
[2026-05-04 19:39:41,642][HYDRA] 	#26 : model.L=3 model.bond_dim=4 seed=10090 trainer.ridge=5 trainer.ridge_decay=0.25 trainer.ridge_min=0.0001 +experiment=uci_ntn_sweep model=mmpo2 dataset=mushrooms
[2026-05-04 19:39:41,804][__main__][INFO] - ⏭ SKIP MMPO2/mushrooms/NTN L=3 bd=4 seed=10090 -> /zhome/6b/e/212868/GTN/outputs/ntn/mushrooms/MMPO2_rg5_init0.1/L3_bd4_seed10090 | singular val=0.5217
[2026-05-04 19:39:41,806][HYDRA] 	#27 : model.L=3 model.bond_dim=4 seed=32874 trainer.ridge=5 trainer.ridge_decay=0.25 trainer.ridge_min=0.0001 +experiment=uci_ntn_sweep model=mmpo2 dataset=mushrooms
[2026-05-04 19:39:42,184][__main__][INFO] - ⏭ SKIP MMPO2/mushrooms/NTN L=3 bd=4 seed=32874 -> /zhome/6b/e/212868/GTN/outputs/ntn/mushrooms/MMPO2_rg5_init0.1/L3_bd4_seed32874 | singular val=0.5217
[2026-05-04 19:39:42,186][HYDRA] 	#28 : model.L=3 model.bond_dim=4 seed=47311 trainer.ridge=5 trainer.ridge_decay=0.25 trainer.ridge_min=0.0001 +experiment=uci_ntn_sweep model=mmpo2 dataset=mushrooms
[2026-05-04 19:39:42,343][__main__][INFO] - ⏭ SKIP MMPO2/mushrooms/NTN L=3 bd=4 seed=47311 -> /zhome/6b/e/212868/GTN/outputs/ntn/mushrooms/MMPO2_rg5_init0.1/L3_bd4_seed47311 | singular val=0.5636
[2026-05-04 19:39:42,345][HYDRA] 	#29 : model.L=3 model.bond_dim=4 seed=47303 trainer.ridge=5 trainer.ridge_decay=0.25 trainer.ridge_min=0.0001 +experiment=uci_ntn_sweep model=mmpo2 dataset=mushrooms
[2026-05-04 19:39:42,504][__main__][INFO] - ⏭ SKIP MMPO2/mushrooms/NTN L=3 bd=4 seed=47303 -> /zhome/6b/e/212868/GTN/outputs/ntn/mushrooms/MMPO2_rg5_init0.1/L3_bd4_seed47303 | singular val=0.6251

------------------------------------------------------------
Sender: LSF System <lsfadmin@hpc.dtu.dk>
Subject: Job 28348579[8]: <ntn_missing[1-9]%10> in cluster <dcc> Done

Job <ntn_missing[1-9]%10> was submitted from host <hpclogin1> by user <nicci> in cluster <dcc> at Mon May  4 19:39:26 2026
Job was executed on host(s) <16*n-62-21-63>, in queue <hpc>, as user <nicci> in cluster <dcc> at Mon May  4 19:39:26 2026
</zhome/6b/e/212868> was used as the home directory.
</zhome/6b/e/212868/GTN> was used as the working directory.
Started at Mon May  4 19:39:26 2026
Terminated at Mon May  4 19:39:43 2026
Results reported at Mon May  4 19:39:43 2026

Your job looked like:

------------------------------------------------------------
# LSBATCH: User input
#!/bin/bash
#BSUB -q hpc
#BSUB -J "ntn_missing[1-9]%10"
#BSUB -W 12:00
#BSUB -n 16
#BSUB -R "rusage[mem=3GB]"
#BSUB -R "span[hosts=1]"
#BSUB -o logs/%J_%I.out
#BSUB -e logs/%J_%I.err

# Missing model-dataset combinations from README.md (NTN only, ignoring GTN)
# Total: 20 combinations

source .venv/bin/activate

declare -a COMBINATIONS=(
    # # LMPO2TypeI (11 datasets)
    # "lmpo2_typei breast"
    # "lmpo2_typei car_evaluation"
    # "lmpo2_typei obesity"
    # "lmpo2_typei seoulBike"
    # "lmpo2_typei student_perf"
    # "lmpo2_typei adult"
    # "lmpo2_typei appliances"
    # "lmpo2_typei bank"
    # "lmpo2_typei mushrooms"
    # "lmpo2_typei popularity"
    # "lmpo2_typei student_dropout"
    # MMPO2TypeI (4 datasets)
    "mmpo2_typei adult"
    "mmpo2_typei bank"
    "mmpo2_typei mushrooms"
    "mmpo2_typei popularity"
    # TNML_F (2 datasets)
    "tnml_f adult"
    "tnml_f bank"
    # MMPO2 (3 datasets)
    "mmpo2 adult"
    "mmpo2 mushrooms"
    "mmpo2 popularity"
)

NUM_COMBINATIONS=${#COMBINATIONS[@]}

if [ "$1" == "test" ]; then
    echo "SIMULATING ARRAY:"
    echo "-----------------"
    echo "Total combinations: $NUM_COMBINATIONS"
    echo ""


(... more ...)
------------------------------------------------------------

Successfully completed.

Resource usage summary:

    CPU time :                                   16.34 sec.
    Max Memory :                                 395 MB
    Average Memory :                             395.00 MB
    Total Requested Memory :                     49152.00 MB
    Delta Memory :                               48757.00 MB
    Max Swap :                                   -
    Max Processes :                              4
    Max Threads :                                35
    Run time :                                   17 sec.
    Turnaround time :                            17 sec.

The output (if any) is above this job summary.



PS:

Read file <logs/28348579_8.err> for stderr output of this job.

