Task 130: Dataset=student_perf, Model=tnml_p, Experiment=uci_ntn_sweep
[2026-05-03 13:54:36,924][HYDRA] Launching 30 jobs locally
[2026-05-03 13:54:36,925][HYDRA] 	#0 : model.L=4 model.bond_dim=12 seed=42 trainer.ridge=5 trainer.ridge_decay=0.25 trainer.ridge_min=0.0001 +experiment=uci_ntn_sweep model=tnml_p dataset=student_perf
[2026-05-03 13:54:37,375][utils.tracking][INFO] - Loaded 18722 tracked runs from runs_tracking.csv
[2026-05-03 13:54:37,377][__main__][INFO] - ⏭ SKIP TNML_P/student_perf/NTN L=4 bd=12 seed=42 -> /zhome/6b/e/212868/GTN/outputs/ntn/student_perf/TNML_P_rg5_init0.1/L4_bd12_seed42 | already completed successfully (val_quality=-20.63628700063135) val=-20.6363
[2026-05-03 13:54:37,380][HYDRA] 	#1 : model.L=4 model.bond_dim=12 seed=10090 trainer.ridge=5 trainer.ridge_decay=0.25 trainer.ridge_min=0.0001 +experiment=uci_ntn_sweep model=tnml_p dataset=student_perf
[2026-05-03 13:54:37,527][__main__][INFO] - ⏭ SKIP TNML_P/student_perf/NTN L=4 bd=12 seed=10090 -> /zhome/6b/e/212868/GTN/outputs/ntn/student_perf/TNML_P_rg5_init0.1/L4_bd12_seed10090 | already completed successfully (val_quality=-20.694303628601947) val=-20.6943
[2026-05-03 13:54:37,530][HYDRA] 	#2 : model.L=4 model.bond_dim=12 seed=32874 trainer.ridge=5 trainer.ridge_decay=0.25 trainer.ridge_min=0.0001 +experiment=uci_ntn_sweep model=tnml_p dataset=student_perf
[2026-05-03 13:54:37,689][__main__][INFO] - ⏭ SKIP TNML_P/student_perf/NTN L=4 bd=12 seed=32874 -> /zhome/6b/e/212868/GTN/outputs/ntn/student_perf/TNML_P_rg5_init0.1/L4_bd12_seed32874 | already completed successfully (val_quality=-20.69430362860199) val=-20.6943
[2026-05-03 13:54:37,692][HYDRA] 	#3 : model.L=4 model.bond_dim=12 seed=47311 trainer.ridge=5 trainer.ridge_decay=0.25 trainer.ridge_min=0.0001 +experiment=uci_ntn_sweep model=tnml_p dataset=student_perf
[2026-05-03 13:54:37,833][__main__][INFO] - ⏭ SKIP TNML_P/student_perf/NTN L=4 bd=12 seed=47311 -> /zhome/6b/e/212868/GTN/outputs/ntn/student_perf/TNML_P_rg5_init0.1/L4_bd12_seed47311 | already completed successfully (val_quality=-20.694303628602015) val=-20.6943
[2026-05-03 13:54:37,835][HYDRA] 	#4 : model.L=4 model.bond_dim=12 seed=47303 trainer.ridge=5 trainer.ridge_decay=0.25 trainer.ridge_min=0.0001 +experiment=uci_ntn_sweep model=tnml_p dataset=student_perf
[2026-05-03 13:54:37,981][__main__][INFO] - ⏭ SKIP TNML_P/student_perf/NTN L=4 bd=12 seed=47303 -> /zhome/6b/e/212868/GTN/outputs/ntn/student_perf/TNML_P_rg5_init0.1/L4_bd12_seed47303 | already completed successfully (val_quality=-20.28919124730372) val=-20.2892
[2026-05-03 13:54:37,984][HYDRA] 	#5 : model.L=4 model.bond_dim=8 seed=42 trainer.ridge=5 trainer.ridge_decay=0.25 trainer.ridge_min=0.0001 +experiment=uci_ntn_sweep model=tnml_p dataset=student_perf
[2026-05-03 13:54:38,125][__main__][INFO] - ⏭ SKIP TNML_P/student_perf/NTN L=4 bd=8 seed=42 -> /zhome/6b/e/212868/GTN/outputs/ntn/student_perf/TNML_P_rg5_init0.1/L4_bd8_seed42 | already completed successfully (val_quality=-20.42988721727405) val=-20.4299
[2026-05-03 13:54:38,127][HYDRA] 	#6 : model.L=4 model.bond_dim=8 seed=10090 trainer.ridge=5 trainer.ridge_decay=0.25 trainer.ridge_min=0.0001 +experiment=uci_ntn_sweep model=tnml_p dataset=student_perf
[2026-05-03 13:54:38,268][__main__][INFO] - ⏭ SKIP TNML_P/student_perf/NTN L=4 bd=8 seed=10090 -> /zhome/6b/e/212868/GTN/outputs/ntn/student_perf/TNML_P_rg5_init0.1/L4_bd8_seed10090 | already completed successfully (val_quality=-20.69430362860199) val=-20.6943
[2026-05-03 13:54:38,271][HYDRA] 	#7 : model.L=4 model.bond_dim=8 seed=32874 trainer.ridge=5 trainer.ridge_decay=0.25 trainer.ridge_min=0.0001 +experiment=uci_ntn_sweep model=tnml_p dataset=student_perf
[2026-05-03 13:54:38,418][__main__][INFO] - ⏭ SKIP TNML_P/student_perf/NTN L=4 bd=8 seed=32874 -> /zhome/6b/e/212868/GTN/outputs/ntn/student_perf/TNML_P_rg5_init0.1/L4_bd8_seed32874 | already completed successfully (val_quality=-20.694303628602015) val=-20.6943
[2026-05-03 13:54:38,421][HYDRA] 	#8 : model.L=4 model.bond_dim=8 seed=47311 trainer.ridge=5 trainer.ridge_decay=0.25 trainer.ridge_min=0.0001 +experiment=uci_ntn_sweep model=tnml_p dataset=student_perf
[2026-05-03 13:54:38,567][__main__][INFO] - ⏭ SKIP TNML_P/student_perf/NTN L=4 bd=8 seed=47311 -> /zhome/6b/e/212868/GTN/outputs/ntn/student_perf/TNML_P_rg5_init0.1/L4_bd8_seed47311 | already completed successfully (val_quality=-20.694303628602) val=-20.6943
[2026-05-03 13:54:38,570][HYDRA] 	#9 : model.L=4 model.bond_dim=8 seed=47303 trainer.ridge=5 trainer.ridge_decay=0.25 trainer.ridge_min=0.0001 +experiment=uci_ntn_sweep model=tnml_p dataset=student_perf
[2026-05-03 13:54:38,714][__main__][INFO] - ⏭ SKIP TNML_P/student_perf/NTN L=4 bd=8 seed=47303 -> /zhome/6b/e/212868/GTN/outputs/ntn/student_perf/TNML_P_rg5_init0.1/L4_bd8_seed47303 | already completed successfully (val_quality=-20.694303628602) val=-20.6943
[2026-05-03 13:54:38,717][HYDRA] 	#10 : model.L=4 model.bond_dim=4 seed=42 trainer.ridge=5 trainer.ridge_decay=0.25 trainer.ridge_min=0.0001 +experiment=uci_ntn_sweep model=tnml_p dataset=student_perf
[2026-05-03 13:54:38,860][__main__][INFO] - ⏭ SKIP TNML_P/student_perf/NTN L=4 bd=4 seed=42 -> /zhome/6b/e/212868/GTN/outputs/ntn/student_perf/TNML_P_rg5_init0.1/L4_bd4_seed42 | already completed successfully (val_quality=-20.694303628601983) val=-20.6943
[2026-05-03 13:54:38,863][HYDRA] 	#11 : model.L=4 model.bond_dim=4 seed=10090 trainer.ridge=5 trainer.ridge_decay=0.25 trainer.ridge_min=0.0001 +experiment=uci_ntn_sweep model=tnml_p dataset=student_perf
[2026-05-03 13:54:39,012][__main__][INFO] - ⏭ SKIP TNML_P/student_perf/NTN L=4 bd=4 seed=10090 -> /zhome/6b/e/212868/GTN/outputs/ntn/student_perf/TNML_P_rg5_init0.1/L4_bd4_seed10090 | already completed successfully (val_quality=-20.69430362860198) val=-20.6943
[2026-05-03 13:54:39,016][HYDRA] 	#12 : model.L=4 model.bond_dim=4 seed=32874 trainer.ridge=5 trainer.ridge_decay=0.25 trainer.ridge_min=0.0001 +experiment=uci_ntn_sweep model=tnml_p dataset=student_perf
[2026-05-03 13:54:39,161][__main__][INFO] - ⏭ SKIP TNML_P/student_perf/NTN L=4 bd=4 seed=32874 -> /zhome/6b/e/212868/GTN/outputs/ntn/student_perf/TNML_P_rg5_init0.1/L4_bd4_seed32874 | already completed successfully (val_quality=-20.694303628601972) val=-20.6943
[2026-05-03 13:54:39,163][HYDRA] 	#13 : model.L=4 model.bond_dim=4 seed=47311 trainer.ridge=5 trainer.ridge_decay=0.25 trainer.ridge_min=0.0001 +experiment=uci_ntn_sweep model=tnml_p dataset=student_perf
[2026-05-03 13:54:39,307][__main__][INFO] - ⏭ SKIP TNML_P/student_perf/NTN L=4 bd=4 seed=47311 -> /zhome/6b/e/212868/GTN/outputs/ntn/student_perf/TNML_P_rg5_init0.1/L4_bd4_seed47311 | already completed successfully (val_quality=-20.567844190371392) val=-20.5678
[2026-05-03 13:54:39,309][HYDRA] 	#14 : model.L=4 model.bond_dim=4 seed=47303 trainer.ridge=5 trainer.ridge_decay=0.25 trainer.ridge_min=0.0001 +experiment=uci_ntn_sweep model=tnml_p dataset=student_perf
[2026-05-03 13:54:39,451][__main__][INFO] - ⏭ SKIP TNML_P/student_perf/NTN L=4 bd=4 seed=47303 -> /zhome/6b/e/212868/GTN/outputs/ntn/student_perf/TNML_P_rg5_init0.1/L4_bd4_seed47303 | already completed successfully (val_quality=-20.69430362860198) val=-20.6943
[2026-05-03 13:54:39,468][HYDRA] 	#15 : model.L=3 model.bond_dim=12 seed=42 trainer.ridge=5 trainer.ridge_decay=0.25 trainer.ridge_min=0.0001 +experiment=uci_ntn_sweep model=tnml_p dataset=student_perf
[2026-05-03 13:54:39,611][__main__][INFO] - ⏭ SKIP TNML_P/student_perf/NTN L=3 bd=12 seed=42 -> /zhome/6b/e/212868/GTN/outputs/ntn/student_perf/TNML_P_rg5_init0.1/L3_bd12_seed42 | already completed successfully (val_quality=-20.69430362859813) val=-20.6943
[2026-05-03 13:54:39,614][HYDRA] 	#16 : model.L=3 model.bond_dim=12 seed=10090 trainer.ridge=5 trainer.ridge_decay=0.25 trainer.ridge_min=0.0001 +experiment=uci_ntn_sweep model=tnml_p dataset=student_perf
[2026-05-03 13:54:39,752][__main__][INFO] - ⏭ SKIP TNML_P/student_perf/NTN L=3 bd=12 seed=10090 -> /zhome/6b/e/212868/GTN/outputs/ntn/student_perf/TNML_P_rg5_init0.1/L3_bd12_seed10090 | already completed successfully (val_quality=-20.69465281837469) val=-20.6947
[2026-05-03 13:54:39,754][HYDRA] 	#17 : model.L=3 model.bond_dim=12 seed=32874 trainer.ridge=5 trainer.ridge_decay=0.25 trainer.ridge_min=0.0001 +experiment=uci_ntn_sweep model=tnml_p dataset=student_perf
[2026-05-03 13:54:39,895][__main__][INFO] - ⏭ SKIP TNML_P/student_perf/NTN L=3 bd=12 seed=32874 -> /zhome/6b/e/212868/GTN/outputs/ntn/student_perf/TNML_P_rg5_init0.1/L3_bd12_seed32874 | already completed successfully (val_quality=-20.694328397587856) val=-20.6943
[2026-05-03 13:54:39,897][HYDRA] 	#18 : model.L=3 model.bond_dim=12 seed=47311 trainer.ridge=5 trainer.ridge_decay=0.25 trainer.ridge_min=0.0001 +experiment=uci_ntn_sweep model=tnml_p dataset=student_perf
[2026-05-03 13:54:40,040][__main__][INFO] - ⏭ SKIP TNML_P/student_perf/NTN L=3 bd=12 seed=47311 -> /zhome/6b/e/212868/GTN/outputs/ntn/student_perf/TNML_P_rg5_init0.1/L3_bd12_seed47311 | already completed successfully (val_quality=-20.694303628599048) val=-20.6943
[2026-05-03 13:54:40,044][HYDRA] 	#19 : model.L=3 model.bond_dim=12 seed=47303 trainer.ridge=5 trainer.ridge_decay=0.25 trainer.ridge_min=0.0001 +experiment=uci_ntn_sweep model=tnml_p dataset=student_perf
[2026-05-03 13:54:40,189][__main__][INFO] - ⏭ SKIP TNML_P/student_perf/NTN L=3 bd=12 seed=47303 -> /zhome/6b/e/212868/GTN/outputs/ntn/student_perf/TNML_P_rg5_init0.1/L3_bd12_seed47303 | already completed successfully (val_quality=-20.69430362860041) val=-20.6943
[2026-05-03 13:54:40,192][HYDRA] 	#20 : model.L=3 model.bond_dim=8 seed=42 trainer.ridge=5 trainer.ridge_decay=0.25 trainer.ridge_min=0.0001 +experiment=uci_ntn_sweep model=tnml_p dataset=student_perf
[2026-05-03 13:54:40,334][__main__][INFO] - ⏭ SKIP TNML_P/student_perf/NTN L=3 bd=8 seed=42 -> /zhome/6b/e/212868/GTN/outputs/ntn/student_perf/TNML_P_rg5_init0.1/L3_bd8_seed42 | already completed successfully (val_quality=-20.694303628599304) val=-20.6943
[2026-05-03 13:54:40,337][HYDRA] 	#21 : model.L=3 model.bond_dim=8 seed=10090 trainer.ridge=5 trainer.ridge_decay=0.25 trainer.ridge_min=0.0001 +experiment=uci_ntn_sweep model=tnml_p dataset=student_perf
[2026-05-03 13:54:40,483][__main__][INFO] - ⏭ SKIP TNML_P/student_perf/NTN L=3 bd=8 seed=10090 -> /zhome/6b/e/212868/GTN/outputs/ntn/student_perf/TNML_P_rg5_init0.1/L3_bd8_seed10090 | already completed successfully (val_quality=-20.440619539356792) val=-20.4406
[2026-05-03 13:54:40,486][HYDRA] 	#22 : model.L=3 model.bond_dim=8 seed=32874 trainer.ridge=5 trainer.ridge_decay=0.25 trainer.ridge_min=0.0001 +experiment=uci_ntn_sweep model=tnml_p dataset=student_perf
[2026-05-03 13:54:40,634][__main__][INFO] - ⏭ SKIP TNML_P/student_perf/NTN L=3 bd=8 seed=32874 -> /zhome/6b/e/212868/GTN/outputs/ntn/student_perf/TNML_P_rg5_init0.1/L3_bd8_seed32874 | already completed successfully (val_quality=-20.693931757580547) val=-20.6939
[2026-05-03 13:54:40,637][HYDRA] 	#23 : model.L=3 model.bond_dim=8 seed=47311 trainer.ridge=5 trainer.ridge_decay=0.25 trainer.ridge_min=0.0001 +experiment=uci_ntn_sweep model=tnml_p dataset=student_perf
[2026-05-03 13:54:40,780][__main__][INFO] - ⏭ SKIP TNML_P/student_perf/NTN L=3 bd=8 seed=47311 -> /zhome/6b/e/212868/GTN/outputs/ntn/student_perf/TNML_P_rg5_init0.1/L3_bd8_seed47311 | already completed successfully (val_quality=-20.692831264945543) val=-20.6928
[2026-05-03 13:54:40,783][HYDRA] 	#24 : model.L=3 model.bond_dim=8 seed=47303 trainer.ridge=5 trainer.ridge_decay=0.25 trainer.ridge_min=0.0001 +experiment=uci_ntn_sweep model=tnml_p dataset=student_perf
[2026-05-03 13:54:40,926][__main__][INFO] - ⏭ SKIP TNML_P/student_perf/NTN L=3 bd=8 seed=47303 -> /zhome/6b/e/212868/GTN/outputs/ntn/student_perf/TNML_P_rg5_init0.1/L3_bd8_seed47303 | already completed successfully (val_quality=-20.694303628599517) val=-20.6943
[2026-05-03 13:54:40,929][HYDRA] 	#25 : model.L=3 model.bond_dim=4 seed=42 trainer.ridge=5 trainer.ridge_decay=0.25 trainer.ridge_min=0.0001 +experiment=uci_ntn_sweep model=tnml_p dataset=student_perf
[2026-05-03 13:54:41,071][__main__][INFO] - ⏭ SKIP TNML_P/student_perf/NTN L=3 bd=4 seed=42 -> /zhome/6b/e/212868/GTN/outputs/ntn/student_perf/TNML_P_rg5_init0.1/L3_bd4_seed42 | already completed successfully (val_quality=-20.694303628599727) val=-20.6943
[2026-05-03 13:54:41,074][HYDRA] 	#26 : model.L=3 model.bond_dim=4 seed=10090 trainer.ridge=5 trainer.ridge_decay=0.25 trainer.ridge_min=0.0001 +experiment=uci_ntn_sweep model=tnml_p dataset=student_perf
[2026-05-03 13:54:41,444][__main__][INFO] - ⏭ SKIP TNML_P/student_perf/NTN L=3 bd=4 seed=10090 -> /zhome/6b/e/212868/GTN/outputs/ntn/student_perf/TNML_P_rg5_init0.1/L3_bd4_seed10090 | already completed successfully (val_quality=-20.69430362859572) val=-20.6943
[2026-05-03 13:54:41,447][HYDRA] 	#27 : model.L=3 model.bond_dim=4 seed=32874 trainer.ridge=5 trainer.ridge_decay=0.25 trainer.ridge_min=0.0001 +experiment=uci_ntn_sweep model=tnml_p dataset=student_perf
[2026-05-03 13:54:41,593][__main__][INFO] - ⏭ SKIP TNML_P/student_perf/NTN L=3 bd=4 seed=32874 -> /zhome/6b/e/212868/GTN/outputs/ntn/student_perf/TNML_P_rg5_init0.1/L3_bd4_seed32874 | already completed successfully (val_quality=-20.69430362813962) val=-20.6943
[2026-05-03 13:54:41,595][HYDRA] 	#28 : model.L=3 model.bond_dim=4 seed=47311 trainer.ridge=5 trainer.ridge_decay=0.25 trainer.ridge_min=0.0001 +experiment=uci_ntn_sweep model=tnml_p dataset=student_perf
[2026-05-03 13:54:41,742][__main__][INFO] - ⏭ SKIP TNML_P/student_perf/NTN L=3 bd=4 seed=47311 -> /zhome/6b/e/212868/GTN/outputs/ntn/student_perf/TNML_P_rg5_init0.1/L3_bd4_seed47311 | already completed successfully (val_quality=-20.69430362859943) val=-20.6943
[2026-05-03 13:54:41,745][HYDRA] 	#29 : model.L=3 model.bond_dim=4 seed=47303 trainer.ridge=5 trainer.ridge_decay=0.25 trainer.ridge_min=0.0001 +experiment=uci_ntn_sweep model=tnml_p dataset=student_perf
[2026-05-03 13:54:41,893][__main__][INFO] - ⏭ SKIP TNML_P/student_perf/NTN L=3 bd=4 seed=47303 -> /zhome/6b/e/212868/GTN/outputs/ntn/student_perf/TNML_P_rg5_init0.1/L3_bd4_seed47303 | already completed successfully (val_quality=-20.69430362037265) val=-20.6943

------------------------------------------------------------
Sender: LSF System <lsfadmin@hpc.dtu.dk>
Subject: Job 28341043[130]: <ntn_grid_full[1-150]%20> in cluster <dcc> Done

Job <ntn_grid_full[1-150]%20> was submitted from host <hpclogin1> by user <nicci> in cluster <dcc> at Sun May  3 13:49:48 2026
Job was executed on host(s) <6*n-62-11-54>, in queue <hpc>, as user <nicci> in cluster <dcc> at Sun May  3 13:54:27 2026
</zhome/6b/e/212868> was used as the home directory.
</zhome/6b/e/212868/GTN> was used as the working directory.
Started at Sun May  3 13:54:27 2026
Terminated at Sun May  3 13:54:42 2026
Results reported at Sun May  3 13:54:42 2026

Your job looked like:

------------------------------------------------------------
# LSBATCH: User input
#!/bin/bash
#BSUB -q hpc
#BSUB -J "ntn_grid_full[1-150]%20"
#BSUB -W 8:00
#BSUB -n 6
#BSUB -R "rusage[mem=3GB]"
#BSUB -R "span[hosts=1]"
#BSUB -o logs/%J_%I.out
#BSUB -e logs/%J_%I.err

MODELS=("cpda" "cpda_typei" "lmpo2" "lmpo2_typei" "mpo2" "mpo2_typei" "mmpo2" "mmpo2_typei" "tnml_f" "tnml_p")

DATASETS=(
    "abalone" "adult" "ai4i" "appliances" "bank" "bike" "breast"
    "car_evaluation" "concrete" "energy_efficiency" "hearth"
    "iris" "mushrooms" "obesity" "popularity" "realstate"
    "seoulBike" "student_dropout" "student_perf" "wine"
    "winequalityc"
)

COMPLETED_DATASETS=(
    "abalone" "bike" "concrete" "energy_efficiency"
    "iris" "realstate" )

# Filter datasets
FILTERED_DATASETS=()
for ds in "${DATASETS[@]}"; do
    skip=false
    for completed in "${COMPLETED_DATASETS[@]}"; do
        if [[ "$ds" == "$completed" ]]; then
            skip=true
            break
        fi
    done

    if ! $skip; then
        FILTERED_DATASETS+=("$ds")
    fi
done

DATASETS=("${FILTERED_DATASETS[@]}")

NUM_MODELS=${#MODELS[@]}
NUM_DATASETS=${#DATASETS[@]}
NUM_EXPERIMENTS=$((NUM_DATASETS * NUM_MODELS))

if [ "$1" == "test" ]; then
    echo "SIMULATING ARRAY:"
    echo "-----------------"


(... more ...)
------------------------------------------------------------

Successfully completed.

Resource usage summary:

    CPU time :                                   13.47 sec.
    Max Memory :                                 396 MB
    Average Memory :                             396.00 MB
    Total Requested Memory :                     18432.00 MB
    Delta Memory :                               18036.00 MB
    Max Swap :                                   -
    Max Processes :                              4
    Max Threads :                                15
    Run time :                                   15 sec.
    Turnaround time :                            294 sec.

The output (if any) is above this job summary.



PS:

Read file <logs/28341043_130.err> for stderr output of this job.

