Task 61: Dataset=hearth, Model=cpda, Experiment=cpda_ntn_sweep
[2026-05-03 13:51:33,535][HYDRA] Launching 40 jobs locally
[2026-05-03 13:51:33,535][HYDRA] 	#0 : model.L=4 model.bond_dim=64 seed=42 trainer.ridge=5 trainer.ridge_decay=0.25 trainer.ridge_min=0.0001 +experiment=cpda_ntn_sweep model=cpda dataset=hearth
[2026-05-03 13:51:33,766][utils.tracking][INFO] - Loaded 18722 tracked runs from runs_tracking.csv
[2026-05-03 13:51:33,768][__main__][INFO] - ⏭ SKIP CPDA/hearth/NTN L=4 bd=64 seed=42 -> /zhome/6b/e/212868/GTN/outputs/ntn/hearth/CPDA_rg5_init0.1/L4_bd64_seed42 | already completed successfully (val_quality=0.5111111111111111) val=0.5111
[2026-05-03 13:51:33,772][HYDRA] 	#1 : model.L=4 model.bond_dim=64 seed=10090 trainer.ridge=5 trainer.ridge_decay=0.25 trainer.ridge_min=0.0001 +experiment=cpda_ntn_sweep model=cpda dataset=hearth
[2026-05-03 13:51:33,930][__main__][INFO] - ⏭ SKIP CPDA/hearth/NTN L=4 bd=64 seed=10090 -> /zhome/6b/e/212868/GTN/outputs/ntn/hearth/CPDA_rg5_init0.1/L4_bd64_seed10090 | already completed successfully (val_quality=0.5111111111111111) val=0.5111
[2026-05-03 13:51:33,933][HYDRA] 	#2 : model.L=4 model.bond_dim=64 seed=32874 trainer.ridge=5 trainer.ridge_decay=0.25 trainer.ridge_min=0.0001 +experiment=cpda_ntn_sweep model=cpda dataset=hearth
[2026-05-03 13:51:34,094][__main__][INFO] - ⏭ SKIP CPDA/hearth/NTN L=4 bd=64 seed=32874 -> /zhome/6b/e/212868/GTN/outputs/ntn/hearth/CPDA_rg5_init0.1/L4_bd64_seed32874 | already completed successfully (val_quality=0.5111111111111111) val=0.5111
[2026-05-03 13:51:34,096][HYDRA] 	#3 : model.L=4 model.bond_dim=64 seed=47311 trainer.ridge=5 trainer.ridge_decay=0.25 trainer.ridge_min=0.0001 +experiment=cpda_ntn_sweep model=cpda dataset=hearth
[2026-05-03 13:51:34,250][__main__][INFO] - ⏭ SKIP CPDA/hearth/NTN L=4 bd=64 seed=47311 -> /zhome/6b/e/212868/GTN/outputs/ntn/hearth/CPDA_rg5_init0.1/L4_bd64_seed47311 | already completed successfully (val_quality=0.5111111111111111) val=0.5111
[2026-05-03 13:51:34,252][HYDRA] 	#4 : model.L=4 model.bond_dim=64 seed=47303 trainer.ridge=5 trainer.ridge_decay=0.25 trainer.ridge_min=0.0001 +experiment=cpda_ntn_sweep model=cpda dataset=hearth
[2026-05-03 13:51:34,411][__main__][INFO] - ⏭ SKIP CPDA/hearth/NTN L=4 bd=64 seed=47303 -> /zhome/6b/e/212868/GTN/outputs/ntn/hearth/CPDA_rg5_init0.1/L4_bd64_seed47303 | already completed successfully (val_quality=0.5111111111111111) val=0.5111
[2026-05-03 13:51:34,414][HYDRA] 	#5 : model.L=4 model.bond_dim=32 seed=42 trainer.ridge=5 trainer.ridge_decay=0.25 trainer.ridge_min=0.0001 +experiment=cpda_ntn_sweep model=cpda dataset=hearth
[2026-05-03 13:51:34,570][__main__][INFO] - ⏭ SKIP CPDA/hearth/NTN L=4 bd=32 seed=42 -> /zhome/6b/e/212868/GTN/outputs/ntn/hearth/CPDA_rg5_init0.1/L4_bd32_seed42 | already completed successfully (val_quality=0.5111111111111111) val=0.5111
[2026-05-03 13:51:34,572][HYDRA] 	#6 : model.L=4 model.bond_dim=32 seed=10090 trainer.ridge=5 trainer.ridge_decay=0.25 trainer.ridge_min=0.0001 +experiment=cpda_ntn_sweep model=cpda dataset=hearth
[2026-05-03 13:51:34,734][__main__][INFO] - ⏭ SKIP CPDA/hearth/NTN L=4 bd=32 seed=10090 -> /zhome/6b/e/212868/GTN/outputs/ntn/hearth/CPDA_rg5_init0.1/L4_bd32_seed10090 | already completed successfully (val_quality=0.5111111111111111) val=0.5111
[2026-05-03 13:51:34,736][HYDRA] 	#7 : model.L=4 model.bond_dim=32 seed=32874 trainer.ridge=5 trainer.ridge_decay=0.25 trainer.ridge_min=0.0001 +experiment=cpda_ntn_sweep model=cpda dataset=hearth
[2026-05-03 13:51:34,892][__main__][INFO] - ⏭ SKIP CPDA/hearth/NTN L=4 bd=32 seed=32874 -> /zhome/6b/e/212868/GTN/outputs/ntn/hearth/CPDA_rg5_init0.1/L4_bd32_seed32874 | already completed successfully (val_quality=0.5111111111111111) val=0.5111
[2026-05-03 13:51:34,894][HYDRA] 	#8 : model.L=4 model.bond_dim=32 seed=47311 trainer.ridge=5 trainer.ridge_decay=0.25 trainer.ridge_min=0.0001 +experiment=cpda_ntn_sweep model=cpda dataset=hearth
[2026-05-03 13:51:35,047][__main__][INFO] - ⏭ SKIP CPDA/hearth/NTN L=4 bd=32 seed=47311 -> /zhome/6b/e/212868/GTN/outputs/ntn/hearth/CPDA_rg5_init0.1/L4_bd32_seed47311 | already completed successfully (val_quality=0.5111111111111111) val=0.5111
[2026-05-03 13:51:35,049][HYDRA] 	#9 : model.L=4 model.bond_dim=32 seed=47303 trainer.ridge=5 trainer.ridge_decay=0.25 trainer.ridge_min=0.0001 +experiment=cpda_ntn_sweep model=cpda dataset=hearth
[2026-05-03 13:51:35,201][__main__][INFO] - ⏭ SKIP CPDA/hearth/NTN L=4 bd=32 seed=47303 -> /zhome/6b/e/212868/GTN/outputs/ntn/hearth/CPDA_rg5_init0.1/L4_bd32_seed47303 | already completed successfully (val_quality=0.5111111111111111) val=0.5111
[2026-05-03 13:51:35,203][HYDRA] 	#10 : model.L=4 model.bond_dim=16 seed=42 trainer.ridge=5 trainer.ridge_decay=0.25 trainer.ridge_min=0.0001 +experiment=cpda_ntn_sweep model=cpda dataset=hearth
[2026-05-03 13:51:35,355][__main__][INFO] - ⏭ SKIP CPDA/hearth/NTN L=4 bd=16 seed=42 -> /zhome/6b/e/212868/GTN/outputs/ntn/hearth/CPDA_rg5_init0.1/L4_bd16_seed42 | already completed successfully (val_quality=0.5111111111111111) val=0.5111
[2026-05-03 13:51:35,357][HYDRA] 	#11 : model.L=4 model.bond_dim=16 seed=10090 trainer.ridge=5 trainer.ridge_decay=0.25 trainer.ridge_min=0.0001 +experiment=cpda_ntn_sweep model=cpda dataset=hearth
[2026-05-03 13:51:35,510][__main__][INFO] - ⏭ SKIP CPDA/hearth/NTN L=4 bd=16 seed=10090 -> /zhome/6b/e/212868/GTN/outputs/ntn/hearth/CPDA_rg5_init0.1/L4_bd16_seed10090 | already completed successfully (val_quality=0.5111111111111111) val=0.5111
[2026-05-03 13:51:35,512][HYDRA] 	#12 : model.L=4 model.bond_dim=16 seed=32874 trainer.ridge=5 trainer.ridge_decay=0.25 trainer.ridge_min=0.0001 +experiment=cpda_ntn_sweep model=cpda dataset=hearth
[2026-05-03 13:51:35,668][__main__][INFO] - ⏭ SKIP CPDA/hearth/NTN L=4 bd=16 seed=32874 -> /zhome/6b/e/212868/GTN/outputs/ntn/hearth/CPDA_rg5_init0.1/L4_bd16_seed32874 | already completed successfully (val_quality=0.5111111111111111) val=0.5111
[2026-05-03 13:51:35,671][HYDRA] 	#13 : model.L=4 model.bond_dim=16 seed=47311 trainer.ridge=5 trainer.ridge_decay=0.25 trainer.ridge_min=0.0001 +experiment=cpda_ntn_sweep model=cpda dataset=hearth
[2026-05-03 13:51:35,829][__main__][INFO] - ⏭ SKIP CPDA/hearth/NTN L=4 bd=16 seed=47311 -> /zhome/6b/e/212868/GTN/outputs/ntn/hearth/CPDA_rg5_init0.1/L4_bd16_seed47311 | already completed successfully (val_quality=0.5111111111111111) val=0.5111
[2026-05-03 13:51:35,831][HYDRA] 	#14 : model.L=4 model.bond_dim=16 seed=47303 trainer.ridge=5 trainer.ridge_decay=0.25 trainer.ridge_min=0.0001 +experiment=cpda_ntn_sweep model=cpda dataset=hearth
[2026-05-03 13:51:35,991][__main__][INFO] - ⏭ SKIP CPDA/hearth/NTN L=4 bd=16 seed=47303 -> /zhome/6b/e/212868/GTN/outputs/ntn/hearth/CPDA_rg5_init0.1/L4_bd16_seed47303 | already completed successfully (val_quality=0.5111111111111111) val=0.5111
[2026-05-03 13:51:35,993][HYDRA] 	#15 : model.L=4 model.bond_dim=8 seed=42 trainer.ridge=5 trainer.ridge_decay=0.25 trainer.ridge_min=0.0001 +experiment=cpda_ntn_sweep model=cpda dataset=hearth
[2026-05-03 13:51:36,145][__main__][INFO] - ⏭ SKIP CPDA/hearth/NTN L=4 bd=8 seed=42 -> /zhome/6b/e/212868/GTN/outputs/ntn/hearth/CPDA_rg5_init0.1/L4_bd8_seed42 | already completed successfully (val_quality=0.5111111111111111) val=0.5111
[2026-05-03 13:51:36,147][HYDRA] 	#16 : model.L=4 model.bond_dim=8 seed=10090 trainer.ridge=5 trainer.ridge_decay=0.25 trainer.ridge_min=0.0001 +experiment=cpda_ntn_sweep model=cpda dataset=hearth
[2026-05-03 13:51:36,302][__main__][INFO] - ⏭ SKIP CPDA/hearth/NTN L=4 bd=8 seed=10090 -> /zhome/6b/e/212868/GTN/outputs/ntn/hearth/CPDA_rg5_init0.1/L4_bd8_seed10090 | already completed successfully (val_quality=0.5111111111111111) val=0.5111
[2026-05-03 13:51:36,305][HYDRA] 	#17 : model.L=4 model.bond_dim=8 seed=32874 trainer.ridge=5 trainer.ridge_decay=0.25 trainer.ridge_min=0.0001 +experiment=cpda_ntn_sweep model=cpda dataset=hearth
[2026-05-03 13:51:36,460][__main__][INFO] - ⏭ SKIP CPDA/hearth/NTN L=4 bd=8 seed=32874 -> /zhome/6b/e/212868/GTN/outputs/ntn/hearth/CPDA_rg5_init0.1/L4_bd8_seed32874 | already completed successfully (val_quality=0.5111111111111111) val=0.5111
[2026-05-03 13:51:36,463][HYDRA] 	#18 : model.L=4 model.bond_dim=8 seed=47311 trainer.ridge=5 trainer.ridge_decay=0.25 trainer.ridge_min=0.0001 +experiment=cpda_ntn_sweep model=cpda dataset=hearth
[2026-05-03 13:51:36,622][__main__][INFO] - ⏭ SKIP CPDA/hearth/NTN L=4 bd=8 seed=47311 -> /zhome/6b/e/212868/GTN/outputs/ntn/hearth/CPDA_rg5_init0.1/L4_bd8_seed47311 | already completed successfully (val_quality=0.5111111111111111) val=0.5111
[2026-05-03 13:51:36,625][HYDRA] 	#19 : model.L=4 model.bond_dim=8 seed=47303 trainer.ridge=5 trainer.ridge_decay=0.25 trainer.ridge_min=0.0001 +experiment=cpda_ntn_sweep model=cpda dataset=hearth
[2026-05-03 13:51:36,780][__main__][INFO] - ⏭ SKIP CPDA/hearth/NTN L=4 bd=8 seed=47303 -> /zhome/6b/e/212868/GTN/outputs/ntn/hearth/CPDA_rg5_init0.1/L4_bd8_seed47303 | already completed successfully (val_quality=0.5111111111111111) val=0.5111
[2026-05-03 13:51:36,783][HYDRA] 	#20 : model.L=3 model.bond_dim=64 seed=42 trainer.ridge=5 trainer.ridge_decay=0.25 trainer.ridge_min=0.0001 +experiment=cpda_ntn_sweep model=cpda dataset=hearth
[2026-05-03 13:51:36,940][__main__][INFO] - ⏭ SKIP CPDA/hearth/NTN L=3 bd=64 seed=42 -> /zhome/6b/e/212868/GTN/outputs/ntn/hearth/CPDA_rg5_init0.1/L3_bd64_seed42 | already completed successfully (val_quality=0.5111111111111111) val=0.5111
[2026-05-03 13:51:36,943][HYDRA] 	#21 : model.L=3 model.bond_dim=64 seed=10090 trainer.ridge=5 trainer.ridge_decay=0.25 trainer.ridge_min=0.0001 +experiment=cpda_ntn_sweep model=cpda dataset=hearth
[2026-05-03 13:51:37,093][__main__][INFO] - ⏭ SKIP CPDA/hearth/NTN L=3 bd=64 seed=10090 -> /zhome/6b/e/212868/GTN/outputs/ntn/hearth/CPDA_rg5_init0.1/L3_bd64_seed10090 | already completed successfully (val_quality=0.5111111111111111) val=0.5111
[2026-05-03 13:51:37,096][HYDRA] 	#22 : model.L=3 model.bond_dim=64 seed=32874 trainer.ridge=5 trainer.ridge_decay=0.25 trainer.ridge_min=0.0001 +experiment=cpda_ntn_sweep model=cpda dataset=hearth
[2026-05-03 13:51:37,458][__main__][INFO] - ⏭ SKIP CPDA/hearth/NTN L=3 bd=64 seed=32874 -> /zhome/6b/e/212868/GTN/outputs/ntn/hearth/CPDA_rg5_init0.1/L3_bd64_seed32874 | already completed successfully (val_quality=0.5111111111111111) val=0.5111
[2026-05-03 13:51:37,460][HYDRA] 	#23 : model.L=3 model.bond_dim=64 seed=47311 trainer.ridge=5 trainer.ridge_decay=0.25 trainer.ridge_min=0.0001 +experiment=cpda_ntn_sweep model=cpda dataset=hearth
[2026-05-03 13:51:37,616][__main__][INFO] - ⏭ SKIP CPDA/hearth/NTN L=3 bd=64 seed=47311 -> /zhome/6b/e/212868/GTN/outputs/ntn/hearth/CPDA_rg5_init0.1/L3_bd64_seed47311 | already completed successfully (val_quality=0.5111111111111111) val=0.5111
[2026-05-03 13:51:37,619][HYDRA] 	#24 : model.L=3 model.bond_dim=64 seed=47303 trainer.ridge=5 trainer.ridge_decay=0.25 trainer.ridge_min=0.0001 +experiment=cpda_ntn_sweep model=cpda dataset=hearth
[2026-05-03 13:51:37,778][__main__][INFO] - ⏭ SKIP CPDA/hearth/NTN L=3 bd=64 seed=47303 -> /zhome/6b/e/212868/GTN/outputs/ntn/hearth/CPDA_rg5_init0.1/L3_bd64_seed47303 | already completed successfully (val_quality=0.5111111111111111) val=0.5111
[2026-05-03 13:51:37,780][HYDRA] 	#25 : model.L=3 model.bond_dim=32 seed=42 trainer.ridge=5 trainer.ridge_decay=0.25 trainer.ridge_min=0.0001 +experiment=cpda_ntn_sweep model=cpda dataset=hearth
[2026-05-03 13:51:37,932][__main__][INFO] - ⏭ SKIP CPDA/hearth/NTN L=3 bd=32 seed=42 -> /zhome/6b/e/212868/GTN/outputs/ntn/hearth/CPDA_rg5_init0.1/L3_bd32_seed42 | already completed successfully (val_quality=0.5111111111111111) val=0.5111
[2026-05-03 13:51:37,934][HYDRA] 	#26 : model.L=3 model.bond_dim=32 seed=10090 trainer.ridge=5 trainer.ridge_decay=0.25 trainer.ridge_min=0.0001 +experiment=cpda_ntn_sweep model=cpda dataset=hearth
[2026-05-03 13:51:38,091][__main__][INFO] - ⏭ SKIP CPDA/hearth/NTN L=3 bd=32 seed=10090 -> /zhome/6b/e/212868/GTN/outputs/ntn/hearth/CPDA_rg5_init0.1/L3_bd32_seed10090 | already completed successfully (val_quality=0.5111111111111111) val=0.5111
[2026-05-03 13:51:38,094][HYDRA] 	#27 : model.L=3 model.bond_dim=32 seed=32874 trainer.ridge=5 trainer.ridge_decay=0.25 trainer.ridge_min=0.0001 +experiment=cpda_ntn_sweep model=cpda dataset=hearth
[2026-05-03 13:51:38,249][__main__][INFO] - ⏭ SKIP CPDA/hearth/NTN L=3 bd=32 seed=32874 -> /zhome/6b/e/212868/GTN/outputs/ntn/hearth/CPDA_rg5_init0.1/L3_bd32_seed32874 | already completed successfully (val_quality=0.5111111111111111) val=0.5111
[2026-05-03 13:51:38,252][HYDRA] 	#28 : model.L=3 model.bond_dim=32 seed=47311 trainer.ridge=5 trainer.ridge_decay=0.25 trainer.ridge_min=0.0001 +experiment=cpda_ntn_sweep model=cpda dataset=hearth
[2026-05-03 13:51:38,404][__main__][INFO] - ⏭ SKIP CPDA/hearth/NTN L=3 bd=32 seed=47311 -> /zhome/6b/e/212868/GTN/outputs/ntn/hearth/CPDA_rg5_init0.1/L3_bd32_seed47311 | already completed successfully (val_quality=0.5111111111111111) val=0.5111
[2026-05-03 13:51:38,407][HYDRA] 	#29 : model.L=3 model.bond_dim=32 seed=47303 trainer.ridge=5 trainer.ridge_decay=0.25 trainer.ridge_min=0.0001 +experiment=cpda_ntn_sweep model=cpda dataset=hearth
[2026-05-03 13:51:38,563][__main__][INFO] - ⏭ SKIP CPDA/hearth/NTN L=3 bd=32 seed=47303 -> /zhome/6b/e/212868/GTN/outputs/ntn/hearth/CPDA_rg5_init0.1/L3_bd32_seed47303 | already completed successfully (val_quality=0.5111111111111111) val=0.5111
[2026-05-03 13:51:38,565][HYDRA] 	#30 : model.L=3 model.bond_dim=16 seed=42 trainer.ridge=5 trainer.ridge_decay=0.25 trainer.ridge_min=0.0001 +experiment=cpda_ntn_sweep model=cpda dataset=hearth
[2026-05-03 13:51:38,715][__main__][INFO] - ⏭ SKIP CPDA/hearth/NTN L=3 bd=16 seed=42 -> /zhome/6b/e/212868/GTN/outputs/ntn/hearth/CPDA_rg5_init0.1/L3_bd16_seed42 | already completed successfully (val_quality=0.5111111111111111) val=0.5111
[2026-05-03 13:51:38,717][HYDRA] 	#31 : model.L=3 model.bond_dim=16 seed=10090 trainer.ridge=5 trainer.ridge_decay=0.25 trainer.ridge_min=0.0001 +experiment=cpda_ntn_sweep model=cpda dataset=hearth
[2026-05-03 13:51:38,869][__main__][INFO] - ⏭ SKIP CPDA/hearth/NTN L=3 bd=16 seed=10090 -> /zhome/6b/e/212868/GTN/outputs/ntn/hearth/CPDA_rg5_init0.1/L3_bd16_seed10090 | already completed successfully (val_quality=0.5111111111111111) val=0.5111
[2026-05-03 13:51:38,872][HYDRA] 	#32 : model.L=3 model.bond_dim=16 seed=32874 trainer.ridge=5 trainer.ridge_decay=0.25 trainer.ridge_min=0.0001 +experiment=cpda_ntn_sweep model=cpda dataset=hearth
[2026-05-03 13:51:39,029][__main__][INFO] - ⏭ SKIP CPDA/hearth/NTN L=3 bd=16 seed=32874 -> /zhome/6b/e/212868/GTN/outputs/ntn/hearth/CPDA_rg5_init0.1/L3_bd16_seed32874 | already completed successfully (val_quality=0.5111111111111111) val=0.5111
[2026-05-03 13:51:39,031][HYDRA] 	#33 : model.L=3 model.bond_dim=16 seed=47311 trainer.ridge=5 trainer.ridge_decay=0.25 trainer.ridge_min=0.0001 +experiment=cpda_ntn_sweep model=cpda dataset=hearth
[2026-05-03 13:51:39,184][__main__][INFO] - ⏭ SKIP CPDA/hearth/NTN L=3 bd=16 seed=47311 -> /zhome/6b/e/212868/GTN/outputs/ntn/hearth/CPDA_rg5_init0.1/L3_bd16_seed47311 | already completed successfully (val_quality=0.5111111111111111) val=0.5111
[2026-05-03 13:51:39,187][HYDRA] 	#34 : model.L=3 model.bond_dim=16 seed=47303 trainer.ridge=5 trainer.ridge_decay=0.25 trainer.ridge_min=0.0001 +experiment=cpda_ntn_sweep model=cpda dataset=hearth
[2026-05-03 13:51:39,341][__main__][INFO] - ⏭ SKIP CPDA/hearth/NTN L=3 bd=16 seed=47303 -> /zhome/6b/e/212868/GTN/outputs/ntn/hearth/CPDA_rg5_init0.1/L3_bd16_seed47303 | already completed successfully (val_quality=0.5111111111111111) val=0.5111
[2026-05-03 13:51:39,343][HYDRA] 	#35 : model.L=3 model.bond_dim=8 seed=42 trainer.ridge=5 trainer.ridge_decay=0.25 trainer.ridge_min=0.0001 +experiment=cpda_ntn_sweep model=cpda dataset=hearth
[2026-05-03 13:51:39,498][__main__][INFO] - ⏭ SKIP CPDA/hearth/NTN L=3 bd=8 seed=42 -> /zhome/6b/e/212868/GTN/outputs/ntn/hearth/CPDA_rg5_init0.1/L3_bd8_seed42 | already completed successfully (val_quality=0.5111111111111111) val=0.5111
[2026-05-03 13:51:39,501][HYDRA] 	#36 : model.L=3 model.bond_dim=8 seed=10090 trainer.ridge=5 trainer.ridge_decay=0.25 trainer.ridge_min=0.0001 +experiment=cpda_ntn_sweep model=cpda dataset=hearth
[2026-05-03 13:51:39,680][__main__][INFO] - ⏭ SKIP CPDA/hearth/NTN L=3 bd=8 seed=10090 -> /zhome/6b/e/212868/GTN/outputs/ntn/hearth/CPDA_rg5_init0.1/L3_bd8_seed10090 | already completed successfully (val_quality=0.5111111111111111) val=0.5111
[2026-05-03 13:51:39,682][HYDRA] 	#37 : model.L=3 model.bond_dim=8 seed=32874 trainer.ridge=5 trainer.ridge_decay=0.25 trainer.ridge_min=0.0001 +experiment=cpda_ntn_sweep model=cpda dataset=hearth
[2026-05-03 13:51:39,833][__main__][INFO] - ⏭ SKIP CPDA/hearth/NTN L=3 bd=8 seed=32874 -> /zhome/6b/e/212868/GTN/outputs/ntn/hearth/CPDA_rg5_init0.1/L3_bd8_seed32874 | already completed successfully (val_quality=0.5111111111111111) val=0.5111
[2026-05-03 13:51:39,836][HYDRA] 	#38 : model.L=3 model.bond_dim=8 seed=47311 trainer.ridge=5 trainer.ridge_decay=0.25 trainer.ridge_min=0.0001 +experiment=cpda_ntn_sweep model=cpda dataset=hearth
[2026-05-03 13:51:40,007][__main__][INFO] - ⏭ SKIP CPDA/hearth/NTN L=3 bd=8 seed=47311 -> /zhome/6b/e/212868/GTN/outputs/ntn/hearth/CPDA_rg5_init0.1/L3_bd8_seed47311 | already completed successfully (val_quality=0.5111111111111111) val=0.5111
[2026-05-03 13:51:40,021][HYDRA] 	#39 : model.L=3 model.bond_dim=8 seed=47303 trainer.ridge=5 trainer.ridge_decay=0.25 trainer.ridge_min=0.0001 +experiment=cpda_ntn_sweep model=cpda dataset=hearth
[2026-05-03 13:51:40,172][__main__][INFO] - ⏭ SKIP CPDA/hearth/NTN L=3 bd=8 seed=47303 -> /zhome/6b/e/212868/GTN/outputs/ntn/hearth/CPDA_rg5_init0.1/L3_bd8_seed47303 | already completed successfully (val_quality=0.5111111111111111) val=0.5111

------------------------------------------------------------
Sender: LSF System <lsfadmin@hpc.dtu.dk>
Subject: Job 28341043[61]: <ntn_grid_full[1-150]%20> in cluster <dcc> Done

Job <ntn_grid_full[1-150]%20> was submitted from host <hpclogin1> by user <nicci> in cluster <dcc> at Sun May  3 13:49:48 2026
Job was executed on host(s) <6*n-62-28-34>, in queue <hpc>, as user <nicci> in cluster <dcc> at Sun May  3 13:51:22 2026
</zhome/6b/e/212868> was used as the home directory.
</zhome/6b/e/212868/GTN> was used as the working directory.
Started at Sun May  3 13:51:22 2026
Terminated at Sun May  3 13:51:41 2026
Results reported at Sun May  3 13:51:41 2026

Your job looked like:

------------------------------------------------------------
# LSBATCH: User input
#!/bin/bash
#BSUB -q hpc
#BSUB -J "ntn_grid_full[1-150]%20"
#BSUB -W 8:00
#BSUB -n 6
#BSUB -R "rusage[mem=3GB]"
#BSUB -R "span[hosts=1]"
#BSUB -o logs/%J_%I.out
#BSUB -e logs/%J_%I.err

MODELS=("cpda" "cpda_typei" "lmpo2" "lmpo2_typei" "mpo2" "mpo2_typei" "mmpo2" "mmpo2_typei" "tnml_f" "tnml_p")

DATASETS=(
    "abalone" "adult" "ai4i" "appliances" "bank" "bike" "breast"
    "car_evaluation" "concrete" "energy_efficiency" "hearth"
    "iris" "mushrooms" "obesity" "popularity" "realstate"
    "seoulBike" "student_dropout" "student_perf" "wine"
    "winequalityc"
)

COMPLETED_DATASETS=(
    "abalone" "bike" "concrete" "energy_efficiency"
    "iris" "realstate" )

# Filter datasets
FILTERED_DATASETS=()
for ds in "${DATASETS[@]}"; do
    skip=false
    for completed in "${COMPLETED_DATASETS[@]}"; do
        if [[ "$ds" == "$completed" ]]; then
            skip=true
            break
        fi
    done

    if ! $skip; then
        FILTERED_DATASETS+=("$ds")
    fi
done

DATASETS=("${FILTERED_DATASETS[@]}")

NUM_MODELS=${#MODELS[@]}
NUM_DATASETS=${#DATASETS[@]}
NUM_EXPERIMENTS=$((NUM_DATASETS * NUM_MODELS))

if [ "$1" == "test" ]; then
    echo "SIMULATING ARRAY:"
    echo "-----------------"


(... more ...)
------------------------------------------------------------

Successfully completed.

Resource usage summary:

    CPU time :                                   15.79 sec.
    Max Memory :                                 396 MB
    Average Memory :                             396.00 MB
    Total Requested Memory :                     18432.00 MB
    Delta Memory :                               18036.00 MB
    Max Swap :                                   -
    Max Processes :                              4
    Max Threads :                                15
    Run time :                                   19 sec.
    Turnaround time :                            113 sec.

The output (if any) is above this job summary.



PS:

Read file <logs/28341043_61.err> for stderr output of this job.

