Task 49: Dataset=car_evaluation, Model=tnml_f, Experiment=uci_ntn_sweep
[2026-05-04 07:35:12,812][HYDRA] Launching 30 jobs locally
[2026-05-04 07:35:12,812][HYDRA] 	#0 : model.L=4 model.bond_dim=12 seed=42 trainer.ridge=5 trainer.ridge_decay=0.25 trainer.ridge_min=0.0001 +experiment=uci_ntn_sweep model=tnml_f dataset=car_evaluation
[2026-05-04 07:35:13,323][utils.tracking][INFO] - Loaded 18906 tracked runs from runs_tracking.csv
[2026-05-04 07:35:13,326][__main__][INFO] - ⏭ SKIP TNML_F/car_evaluation/NTN L=4 bd=12 seed=42 -> /zhome/6b/e/212868/GTN/outputs/ntn/car_evaluation/TNML_F_rg5_init0.1/L4_bd12_seed42 | already completed successfully (val_quality=0.6872586872586872) val=0.6873
[2026-05-04 07:35:13,329][HYDRA] 	#1 : model.L=4 model.bond_dim=12 seed=10090 trainer.ridge=5 trainer.ridge_decay=0.25 trainer.ridge_min=0.0001 +experiment=uci_ntn_sweep model=tnml_f dataset=car_evaluation
[2026-05-04 07:35:13,502][__main__][INFO] - ⏭ SKIP TNML_F/car_evaluation/NTN L=4 bd=12 seed=10090 -> /zhome/6b/e/212868/GTN/outputs/ntn/car_evaluation/TNML_F_rg5_init0.1/L4_bd12_seed10090 | previous run failed with singular matrix (permanent) 
[2026-05-04 07:35:13,505][HYDRA] 	#2 : model.L=4 model.bond_dim=12 seed=32874 trainer.ridge=5 trainer.ridge_decay=0.25 trainer.ridge_min=0.0001 +experiment=uci_ntn_sweep model=tnml_f dataset=car_evaluation
[2026-05-04 07:35:13,664][__main__][INFO] - ⏭ SKIP TNML_F/car_evaluation/NTN L=4 bd=12 seed=32874 -> /zhome/6b/e/212868/GTN/outputs/ntn/car_evaluation/TNML_F_rg5_init0.1/L4_bd12_seed32874 | previous run failed with singular matrix (permanent) val=0.6873
[2026-05-04 07:35:13,667][HYDRA] 	#3 : model.L=4 model.bond_dim=12 seed=47311 trainer.ridge=5 trainer.ridge_decay=0.25 trainer.ridge_min=0.0001 +experiment=uci_ntn_sweep model=tnml_f dataset=car_evaluation
[2026-05-04 07:35:13,830][__main__][INFO] - ⏭ SKIP TNML_F/car_evaluation/NTN L=4 bd=12 seed=47311 -> /zhome/6b/e/212868/GTN/outputs/ntn/car_evaluation/TNML_F_rg5_init0.1/L4_bd12_seed47311 | previous run failed with singular matrix (permanent) val=0.4170
[2026-05-04 07:35:13,833][HYDRA] 	#4 : model.L=4 model.bond_dim=12 seed=47303 trainer.ridge=5 trainer.ridge_decay=0.25 trainer.ridge_min=0.0001 +experiment=uci_ntn_sweep model=tnml_f dataset=car_evaluation
[2026-05-04 07:35:13,990][__main__][INFO] - ⏭ SKIP TNML_F/car_evaluation/NTN L=4 bd=12 seed=47303 -> /zhome/6b/e/212868/GTN/outputs/ntn/car_evaluation/TNML_F_rg5_init0.1/L4_bd12_seed47303 | previous run failed with singular matrix (permanent) val=0.6873
[2026-05-04 07:35:13,993][HYDRA] 	#5 : model.L=4 model.bond_dim=8 seed=42 trainer.ridge=5 trainer.ridge_decay=0.25 trainer.ridge_min=0.0001 +experiment=uci_ntn_sweep model=tnml_f dataset=car_evaluation
[2026-05-04 07:35:14,159][__main__][INFO] - ⏭ SKIP TNML_F/car_evaluation/NTN L=4 bd=8 seed=42 -> /zhome/6b/e/212868/GTN/outputs/ntn/car_evaluation/TNML_F_rg5_init0.1/L4_bd8_seed42 | already completed successfully (val_quality=0.22007722007722) val=0.2201
[2026-05-04 07:35:14,162][HYDRA] 	#6 : model.L=4 model.bond_dim=8 seed=10090 trainer.ridge=5 trainer.ridge_decay=0.25 trainer.ridge_min=0.0001 +experiment=uci_ntn_sweep model=tnml_f dataset=car_evaluation
[2026-05-04 07:35:14,332][__main__][INFO] - ⏭ SKIP TNML_F/car_evaluation/NTN L=4 bd=8 seed=10090 -> /zhome/6b/e/212868/GTN/outputs/ntn/car_evaluation/TNML_F_rg5_init0.1/L4_bd8_seed10090 | already completed successfully (val_quality=0.3127413127413127) val=0.3127
[2026-05-04 07:35:14,335][HYDRA] 	#7 : model.L=4 model.bond_dim=8 seed=32874 trainer.ridge=5 trainer.ridge_decay=0.25 trainer.ridge_min=0.0001 +experiment=uci_ntn_sweep model=tnml_f dataset=car_evaluation
[2026-05-04 07:35:14,495][__main__][INFO] - ⏭ SKIP TNML_F/car_evaluation/NTN L=4 bd=8 seed=32874 -> /zhome/6b/e/212868/GTN/outputs/ntn/car_evaluation/TNML_F_rg5_init0.1/L4_bd8_seed32874 | already completed successfully (val_quality=0.2316602316602316) val=0.2317
[2026-05-04 07:35:14,498][HYDRA] 	#8 : model.L=4 model.bond_dim=8 seed=47311 trainer.ridge=5 trainer.ridge_decay=0.25 trainer.ridge_min=0.0001 +experiment=uci_ntn_sweep model=tnml_f dataset=car_evaluation
[2026-05-04 07:35:14,658][__main__][INFO] - ⏭ SKIP TNML_F/car_evaluation/NTN L=4 bd=8 seed=47311 -> /zhome/6b/e/212868/GTN/outputs/ntn/car_evaluation/TNML_F_rg5_init0.1/L4_bd8_seed47311 | already completed successfully (val_quality=0.305019305019305) val=0.3050
[2026-05-04 07:35:14,660][HYDRA] 	#9 : model.L=4 model.bond_dim=8 seed=47303 trainer.ridge=5 trainer.ridge_decay=0.25 trainer.ridge_min=0.0001 +experiment=uci_ntn_sweep model=tnml_f dataset=car_evaluation
[2026-05-04 07:35:14,825][__main__][INFO] - ⏭ SKIP TNML_F/car_evaluation/NTN L=4 bd=8 seed=47303 -> /zhome/6b/e/212868/GTN/outputs/ntn/car_evaluation/TNML_F_rg5_init0.1/L4_bd8_seed47303 | already completed successfully (val_quality=0.3281853281853282) val=0.3282
[2026-05-04 07:35:14,827][HYDRA] 	#10 : model.L=4 model.bond_dim=4 seed=42 trainer.ridge=5 trainer.ridge_decay=0.25 trainer.ridge_min=0.0001 +experiment=uci_ntn_sweep model=tnml_f dataset=car_evaluation
[2026-05-04 07:35:14,985][__main__][INFO] - ⏭ SKIP TNML_F/car_evaluation/NTN L=4 bd=4 seed=42 -> /zhome/6b/e/212868/GTN/outputs/ntn/car_evaluation/TNML_F_rg5_init0.1/L4_bd4_seed42 | already completed successfully (val_quality=0.22007722007722) val=0.2201
[2026-05-04 07:35:14,988][HYDRA] 	#11 : model.L=4 model.bond_dim=4 seed=10090 trainer.ridge=5 trainer.ridge_decay=0.25 trainer.ridge_min=0.0001 +experiment=uci_ntn_sweep model=tnml_f dataset=car_evaluation
[2026-05-04 07:35:15,147][__main__][INFO] - ⏭ SKIP TNML_F/car_evaluation/NTN L=4 bd=4 seed=10090 -> /zhome/6b/e/212868/GTN/outputs/ntn/car_evaluation/TNML_F_rg5_init0.1/L4_bd4_seed10090 | already completed successfully (val_quality=0.22007722007722) val=0.2201
[2026-05-04 07:35:15,150][HYDRA] 	#12 : model.L=4 model.bond_dim=4 seed=32874 trainer.ridge=5 trainer.ridge_decay=0.25 trainer.ridge_min=0.0001 +experiment=uci_ntn_sweep model=tnml_f dataset=car_evaluation
[2026-05-04 07:35:15,314][__main__][INFO] - ⏭ SKIP TNML_F/car_evaluation/NTN L=4 bd=4 seed=32874 -> /zhome/6b/e/212868/GTN/outputs/ntn/car_evaluation/TNML_F_rg5_init0.1/L4_bd4_seed32874 | already completed successfully (val_quality=0.4054054054054054) val=0.4054
[2026-05-04 07:35:15,316][HYDRA] 	#13 : model.L=4 model.bond_dim=4 seed=47311 trainer.ridge=5 trainer.ridge_decay=0.25 trainer.ridge_min=0.0001 +experiment=uci_ntn_sweep model=tnml_f dataset=car_evaluation
[2026-05-04 07:35:15,480][__main__][INFO] - ⏭ SKIP TNML_F/car_evaluation/NTN L=4 bd=4 seed=47311 -> /zhome/6b/e/212868/GTN/outputs/ntn/car_evaluation/TNML_F_rg5_init0.1/L4_bd4_seed47311 | already completed successfully (val_quality=0.2509652509652509) val=0.2510
[2026-05-04 07:35:15,483][HYDRA] 	#14 : model.L=4 model.bond_dim=4 seed=47303 trainer.ridge=5 trainer.ridge_decay=0.25 trainer.ridge_min=0.0001 +experiment=uci_ntn_sweep model=tnml_f dataset=car_evaluation
[2026-05-04 07:35:15,643][__main__][INFO] - ⏭ SKIP TNML_F/car_evaluation/NTN L=4 bd=4 seed=47303 -> /zhome/6b/e/212868/GTN/outputs/ntn/car_evaluation/TNML_F_rg5_init0.1/L4_bd4_seed47303 | already completed successfully (val_quality=0.22007722007722) val=0.2201
[2026-05-04 07:35:15,646][HYDRA] 	#15 : model.L=3 model.bond_dim=12 seed=42 trainer.ridge=5 trainer.ridge_decay=0.25 trainer.ridge_min=0.0001 +experiment=uci_ntn_sweep model=tnml_f dataset=car_evaluation
[2026-05-04 07:35:15,811][__main__][INFO] - ⏭ SKIP TNML_F/car_evaluation/NTN L=3 bd=12 seed=42 -> /zhome/6b/e/212868/GTN/outputs/ntn/car_evaluation/TNML_F_rg5_init0.1/L3_bd12_seed42 | already completed successfully (val_quality=0.6872586872586872) val=0.6873
[2026-05-04 07:35:15,814][HYDRA] 	#16 : model.L=3 model.bond_dim=12 seed=10090 trainer.ridge=5 trainer.ridge_decay=0.25 trainer.ridge_min=0.0001 +experiment=uci_ntn_sweep model=tnml_f dataset=car_evaluation
[2026-05-04 07:35:15,973][__main__][INFO] - ⏭ SKIP TNML_F/car_evaluation/NTN L=3 bd=12 seed=10090 -> /zhome/6b/e/212868/GTN/outputs/ntn/car_evaluation/TNML_F_rg5_init0.1/L3_bd12_seed10090 | previous run failed with singular matrix (permanent) 
[2026-05-04 07:35:15,975][HYDRA] 	#17 : model.L=3 model.bond_dim=12 seed=32874 trainer.ridge=5 trainer.ridge_decay=0.25 trainer.ridge_min=0.0001 +experiment=uci_ntn_sweep model=tnml_f dataset=car_evaluation
[2026-05-04 07:35:16,138][__main__][INFO] - ⏭ SKIP TNML_F/car_evaluation/NTN L=3 bd=12 seed=32874 -> /zhome/6b/e/212868/GTN/outputs/ntn/car_evaluation/TNML_F_rg5_init0.1/L3_bd12_seed32874 | previous run failed with singular matrix (permanent) val=0.6873
[2026-05-04 07:35:16,153][HYDRA] 	#18 : model.L=3 model.bond_dim=12 seed=47311 trainer.ridge=5 trainer.ridge_decay=0.25 trainer.ridge_min=0.0001 +experiment=uci_ntn_sweep model=tnml_f dataset=car_evaluation
[2026-05-04 07:35:16,322][__main__][INFO] - ⏭ SKIP TNML_F/car_evaluation/NTN L=3 bd=12 seed=47311 -> /zhome/6b/e/212868/GTN/outputs/ntn/car_evaluation/TNML_F_rg5_init0.1/L3_bd12_seed47311 | previous run failed with singular matrix (permanent) val=0.4170
[2026-05-04 07:35:16,325][HYDRA] 	#19 : model.L=3 model.bond_dim=12 seed=47303 trainer.ridge=5 trainer.ridge_decay=0.25 trainer.ridge_min=0.0001 +experiment=uci_ntn_sweep model=tnml_f dataset=car_evaluation
[2026-05-04 07:35:16,492][__main__][INFO] - ⏭ SKIP TNML_F/car_evaluation/NTN L=3 bd=12 seed=47303 -> /zhome/6b/e/212868/GTN/outputs/ntn/car_evaluation/TNML_F_rg5_init0.1/L3_bd12_seed47303 | previous run failed with singular matrix (permanent) val=0.6873
[2026-05-04 07:35:16,495][HYDRA] 	#20 : model.L=3 model.bond_dim=8 seed=42 trainer.ridge=5 trainer.ridge_decay=0.25 trainer.ridge_min=0.0001 +experiment=uci_ntn_sweep model=tnml_f dataset=car_evaluation
[2026-05-04 07:35:16,653][__main__][INFO] - ⏭ SKIP TNML_F/car_evaluation/NTN L=3 bd=8 seed=42 -> /zhome/6b/e/212868/GTN/outputs/ntn/car_evaluation/TNML_F_rg5_init0.1/L3_bd8_seed42 | already completed successfully (val_quality=0.5945945945945946) val=0.5946
[2026-05-04 07:35:16,655][HYDRA] 	#21 : model.L=3 model.bond_dim=8 seed=10090 trainer.ridge=5 trainer.ridge_decay=0.25 trainer.ridge_min=0.0001 +experiment=uci_ntn_sweep model=tnml_f dataset=car_evaluation
[2026-05-04 07:35:16,821][__main__][INFO] - ⏭ SKIP TNML_F/car_evaluation/NTN L=3 bd=8 seed=10090 -> /zhome/6b/e/212868/GTN/outputs/ntn/car_evaluation/TNML_F_rg5_init0.1/L3_bd8_seed10090 | already completed successfully (val_quality=0.6872586872586872) val=0.6873
[2026-05-04 07:35:16,823][HYDRA] 	#22 : model.L=3 model.bond_dim=8 seed=32874 trainer.ridge=5 trainer.ridge_decay=0.25 trainer.ridge_min=0.0001 +experiment=uci_ntn_sweep model=tnml_f dataset=car_evaluation
[2026-05-04 07:35:16,983][__main__][INFO] - ⏭ SKIP TNML_F/car_evaluation/NTN L=3 bd=8 seed=32874 -> /zhome/6b/e/212868/GTN/outputs/ntn/car_evaluation/TNML_F_rg5_init0.1/L3_bd8_seed32874 | already completed successfully (val_quality=0.2316602316602316) val=0.2317
[2026-05-04 07:35:16,986][HYDRA] 	#23 : model.L=3 model.bond_dim=8 seed=47311 trainer.ridge=5 trainer.ridge_decay=0.25 trainer.ridge_min=0.0001 +experiment=uci_ntn_sweep model=tnml_f dataset=car_evaluation
[2026-05-04 07:35:17,142][__main__][INFO] - ⏭ SKIP TNML_F/car_evaluation/NTN L=3 bd=8 seed=47311 -> /zhome/6b/e/212868/GTN/outputs/ntn/car_evaluation/TNML_F_rg5_init0.1/L3_bd8_seed47311 | already completed successfully (val_quality=0.305019305019305) val=0.3050
[2026-05-04 07:35:17,145][HYDRA] 	#24 : model.L=3 model.bond_dim=8 seed=47303 trainer.ridge=5 trainer.ridge_decay=0.25 trainer.ridge_min=0.0001 +experiment=uci_ntn_sweep model=tnml_f dataset=car_evaluation
[2026-05-04 07:35:17,309][__main__][INFO] - ⏭ SKIP TNML_F/car_evaluation/NTN L=3 bd=8 seed=47303 -> /zhome/6b/e/212868/GTN/outputs/ntn/car_evaluation/TNML_F_rg5_init0.1/L3_bd8_seed47303 | already completed successfully (val_quality=0.3281853281853282) val=0.3282
[2026-05-04 07:35:17,312][HYDRA] 	#25 : model.L=3 model.bond_dim=4 seed=42 trainer.ridge=5 trainer.ridge_decay=0.25 trainer.ridge_min=0.0001 +experiment=uci_ntn_sweep model=tnml_f dataset=car_evaluation
[2026-05-04 07:35:17,471][__main__][INFO] - ⏭ SKIP TNML_F/car_evaluation/NTN L=3 bd=4 seed=42 -> /zhome/6b/e/212868/GTN/outputs/ntn/car_evaluation/TNML_F_rg5_init0.1/L3_bd4_seed42 | already completed successfully (val_quality=0.6872586872586872) val=0.6873
[2026-05-04 07:35:17,474][HYDRA] 	#26 : model.L=3 model.bond_dim=4 seed=10090 trainer.ridge=5 trainer.ridge_decay=0.25 trainer.ridge_min=0.0001 +experiment=uci_ntn_sweep model=tnml_f dataset=car_evaluation
[2026-05-04 07:35:17,922][__main__][INFO] - ⏭ SKIP TNML_F/car_evaluation/NTN L=3 bd=4 seed=10090 -> /zhome/6b/e/212868/GTN/outputs/ntn/car_evaluation/TNML_F_rg5_init0.1/L3_bd4_seed10090 | already completed successfully (val_quality=0.6872586872586872) val=0.6873
[2026-05-04 07:35:17,925][HYDRA] 	#27 : model.L=3 model.bond_dim=4 seed=32874 trainer.ridge=5 trainer.ridge_decay=0.25 trainer.ridge_min=0.0001 +experiment=uci_ntn_sweep model=tnml_f dataset=car_evaluation
[2026-05-04 07:35:18,088][__main__][INFO] - ⏭ SKIP TNML_F/car_evaluation/NTN L=3 bd=4 seed=32874 -> /zhome/6b/e/212868/GTN/outputs/ntn/car_evaluation/TNML_F_rg5_init0.1/L3_bd4_seed32874 | already completed successfully (val_quality=0.6872586872586872) val=0.6873
[2026-05-04 07:35:18,091][HYDRA] 	#28 : model.L=3 model.bond_dim=4 seed=47311 trainer.ridge=5 trainer.ridge_decay=0.25 trainer.ridge_min=0.0001 +experiment=uci_ntn_sweep model=tnml_f dataset=car_evaluation
[2026-05-04 07:35:18,263][__main__][INFO] - ⏭ SKIP TNML_F/car_evaluation/NTN L=3 bd=4 seed=47311 -> /zhome/6b/e/212868/GTN/outputs/ntn/car_evaluation/TNML_F_rg5_init0.1/L3_bd4_seed47311 | already completed successfully (val_quality=0.4980694980694981) val=0.4981
[2026-05-04 07:35:18,267][HYDRA] 	#29 : model.L=3 model.bond_dim=4 seed=47303 trainer.ridge=5 trainer.ridge_decay=0.25 trainer.ridge_min=0.0001 +experiment=uci_ntn_sweep model=tnml_f dataset=car_evaluation
[2026-05-04 07:35:18,435][__main__][INFO] - ⏭ SKIP TNML_F/car_evaluation/NTN L=3 bd=4 seed=47303 -> /zhome/6b/e/212868/GTN/outputs/ntn/car_evaluation/TNML_F_rg5_init0.1/L3_bd4_seed47303 | already completed successfully (val_quality=0.6872586872586872) val=0.6873

------------------------------------------------------------
Sender: LSF System <lsfadmin@hpc.dtu.dk>
Subject: Job 28342909[49]: <ntn_grid_full[1-110]%20> in cluster <dcc> Done

Job <ntn_grid_full[1-110]%20> was submitted from host <hpclogin1> by user <nicci> in cluster <dcc> at Mon May  4 07:33:04 2026
Job was executed on host(s) <6*n-62-31-13>, in queue <hpc>, as user <nicci> in cluster <dcc> at Mon May  4 07:35:01 2026
</zhome/6b/e/212868> was used as the home directory.
</zhome/6b/e/212868/GTN> was used as the working directory.
Started at Mon May  4 07:35:01 2026
Terminated at Mon May  4 07:35:19 2026
Results reported at Mon May  4 07:35:19 2026

Your job looked like:

------------------------------------------------------------
# LSBATCH: User input
#!/bin/bash
#BSUB -q hpc
#BSUB -J "ntn_grid_full[1-110]%20"
#BSUB -W 8:00
#BSUB -n 6
#BSUB -R "rusage[mem=5GB]"
#BSUB -R "span[hosts=1]"
#BSUB -o logs/%J_%I.out
#BSUB -e logs/%J_%I.err

MODELS=("cpda" "cpda_typei" "lmpo2" "lmpo2_typei" "mpo2" "mpo2_typei" "mmpo2" "mmpo2_typei" "tnml_f" "tnml_p")

DATASETS=(
    "abalone" "adult" "ai4i" "appliances" "bank" "bike" "breast"
    "car_evaluation" "concrete" "energy_efficiency" "hearth"
    "iris" "mushrooms" "obesity" "popularity" "realstate"
    "seoulBike" "student_dropout" "student_perf" "wine"
    "winequalityc"
)

COMPLETED_DATASETS=(
    "abalone" "ai4i" "hearth" "wine" "winequalityc" "bike" "concrete" "energy_efficiency"
    "iris" "realstate" )

# Filter datasets
FILTERED_DATASETS=()
for ds in "${DATASETS[@]}"; do
    skip=false
    for completed in "${COMPLETED_DATASETS[@]}"; do
        if [[ "$ds" == "$completed" ]]; then
            skip=true
            break
        fi
    done

    if ! $skip; then
        FILTERED_DATASETS+=("$ds")
    fi
done

DATASETS=("${FILTERED_DATASETS[@]}")

NUM_MODELS=${#MODELS[@]}
NUM_DATASETS=${#DATASETS[@]}
NUM_EXPERIMENTS=$((NUM_DATASETS * NUM_MODELS))

if [ "$1" == "test" ]; then
    echo "SIMULATING ARRAY:"
    echo "-----------------"


(... more ...)
------------------------------------------------------------

Successfully completed.

Resource usage summary:

    CPU time :                                   15.55 sec.
    Max Memory :                                 393 MB
    Average Memory :                             393.00 MB
    Total Requested Memory :                     30720.00 MB
    Delta Memory :                               30327.00 MB
    Max Swap :                                   -
    Max Processes :                              4
    Max Threads :                                15
    Run time :                                   18 sec.
    Turnaround time :                            135 sec.

The output (if any) is above this job summary.



PS:

Read file <logs/28342909_49.err> for stderr output of this job.

