Task 65: Dataset=obesity, Model=mpo2, Experiment=uci_ntn_sweep
[2026-05-04 07:35:43,231][HYDRA] Launching 30 jobs locally
[2026-05-04 07:35:43,231][HYDRA] 	#0 : model.L=4 model.bond_dim=12 seed=42 trainer.ridge=5 trainer.ridge_decay=0.25 trainer.ridge_min=0.0001 +experiment=uci_ntn_sweep model=mpo2 dataset=obesity
[2026-05-04 07:35:43,764][utils.tracking][INFO] - Loaded 18906 tracked runs from runs_tracking.csv
[2026-05-04 07:35:43,768][__main__][INFO] - ⏭ SKIP MPO2/obesity/NTN L=4 bd=12 seed=42 -> /zhome/6b/e/212868/GTN/outputs/ntn/obesity/MPO2_rg5_init0.1/L4_bd12_seed42 | already completed successfully (val_quality=0.7002525165232477) val=0.7003
[2026-05-04 07:35:43,771][HYDRA] 	#1 : model.L=4 model.bond_dim=12 seed=10090 trainer.ridge=5 trainer.ridge_decay=0.25 trainer.ridge_min=0.0001 +experiment=uci_ntn_sweep model=mpo2 dataset=obesity
[2026-05-04 07:35:43,933][__main__][INFO] - ⏭ SKIP MPO2/obesity/NTN L=4 bd=12 seed=10090 -> /zhome/6b/e/212868/GTN/outputs/ntn/obesity/MPO2_rg5_init0.1/L4_bd12_seed10090 | already completed successfully (val_quality=0.7134133807125027) val=0.7134
[2026-05-04 07:35:43,936][HYDRA] 	#2 : model.L=4 model.bond_dim=12 seed=32874 trainer.ridge=5 trainer.ridge_decay=0.25 trainer.ridge_min=0.0001 +experiment=uci_ntn_sweep model=mpo2 dataset=obesity
[2026-05-04 07:35:44,100][__main__][INFO] - ⏭ SKIP MPO2/obesity/NTN L=4 bd=12 seed=32874 -> /zhome/6b/e/212868/GTN/outputs/ntn/obesity/MPO2_rg5_init0.1/L4_bd12_seed32874 | already completed successfully (val_quality=0.7078026016346571) val=0.7078
[2026-05-04 07:35:44,102][HYDRA] 	#3 : model.L=4 model.bond_dim=12 seed=47311 trainer.ridge=5 trainer.ridge_decay=0.25 trainer.ridge_min=0.0001 +experiment=uci_ntn_sweep model=mpo2 dataset=obesity
[2026-05-04 07:35:44,268][__main__][INFO] - ⏭ SKIP MPO2/obesity/NTN L=4 bd=12 seed=47311 -> /zhome/6b/e/212868/GTN/outputs/ntn/obesity/MPO2_rg5_init0.1/L4_bd12_seed47311 | already completed successfully (val_quality=0.7138492407460875) val=0.7138
[2026-05-04 07:35:44,270][HYDRA] 	#4 : model.L=4 model.bond_dim=12 seed=47303 trainer.ridge=5 trainer.ridge_decay=0.25 trainer.ridge_min=0.0001 +experiment=uci_ntn_sweep model=mpo2 dataset=obesity
[2026-05-04 07:35:44,429][__main__][INFO] - ⏭ SKIP MPO2/obesity/NTN L=4 bd=12 seed=47303 -> /zhome/6b/e/212868/GTN/outputs/ntn/obesity/MPO2_rg5_init0.1/L4_bd12_seed47303 | already completed successfully (val_quality=0.707093059676358) val=0.7071
[2026-05-04 07:35:44,433][HYDRA] 	#5 : model.L=4 model.bond_dim=8 seed=42 trainer.ridge=5 trainer.ridge_decay=0.25 trainer.ridge_min=0.0001 +experiment=uci_ntn_sweep model=mpo2 dataset=obesity
[2026-05-04 07:35:44,601][__main__][INFO] - ⏭ SKIP MPO2/obesity/NTN L=4 bd=8 seed=42 -> /zhome/6b/e/212868/GTN/outputs/ntn/obesity/MPO2_rg5_init0.1/L4_bd8_seed42 | already completed successfully (val_quality=0.7033866556094077) val=0.7034
[2026-05-04 07:35:44,604][HYDRA] 	#6 : model.L=4 model.bond_dim=8 seed=10090 trainer.ridge=5 trainer.ridge_decay=0.25 trainer.ridge_min=0.0001 +experiment=uci_ntn_sweep model=mpo2 dataset=obesity
[2026-05-04 07:35:44,768][__main__][INFO] - ⏭ SKIP MPO2/obesity/NTN L=4 bd=8 seed=10090 -> /zhome/6b/e/212868/GTN/outputs/ntn/obesity/MPO2_rg5_init0.1/L4_bd8_seed10090 | already completed successfully (val_quality=0.707480262440858) val=0.7075
[2026-05-04 07:35:44,771][HYDRA] 	#7 : model.L=4 model.bond_dim=8 seed=32874 trainer.ridge=5 trainer.ridge_decay=0.25 trainer.ridge_min=0.0001 +experiment=uci_ntn_sweep model=mpo2 dataset=obesity
[2026-05-04 07:35:44,929][__main__][INFO] - ⏭ SKIP MPO2/obesity/NTN L=4 bd=8 seed=32874 -> /zhome/6b/e/212868/GTN/outputs/ntn/obesity/MPO2_rg5_init0.1/L4_bd8_seed32874 | already completed successfully (val_quality=0.6979208011578687) val=0.6979
[2026-05-04 07:35:44,932][HYDRA] 	#8 : model.L=4 model.bond_dim=8 seed=47311 trainer.ridge=5 trainer.ridge_decay=0.25 trainer.ridge_min=0.0001 +experiment=uci_ntn_sweep model=mpo2 dataset=obesity
[2026-05-04 07:35:45,095][__main__][INFO] - ⏭ SKIP MPO2/obesity/NTN L=4 bd=8 seed=47311 -> /zhome/6b/e/212868/GTN/outputs/ntn/obesity/MPO2_rg5_init0.1/L4_bd8_seed47311 | already completed successfully (val_quality=0.7002307051706027) val=0.7002
[2026-05-04 07:35:45,098][HYDRA] 	#9 : model.L=4 model.bond_dim=8 seed=47303 trainer.ridge=5 trainer.ridge_decay=0.25 trainer.ridge_min=0.0001 +experiment=uci_ntn_sweep model=mpo2 dataset=obesity
[2026-05-04 07:35:45,256][__main__][INFO] - ⏭ SKIP MPO2/obesity/NTN L=4 bd=8 seed=47303 -> /zhome/6b/e/212868/GTN/outputs/ntn/obesity/MPO2_rg5_init0.1/L4_bd8_seed47303 | already completed successfully (val_quality=0.6933266338701105) val=0.6933
[2026-05-04 07:35:45,259][HYDRA] 	#10 : model.L=4 model.bond_dim=4 seed=42 trainer.ridge=5 trainer.ridge_decay=0.25 trainer.ridge_min=0.0001 +experiment=uci_ntn_sweep model=mpo2 dataset=obesity
[2026-05-04 07:35:45,418][__main__][INFO] - ⏭ SKIP MPO2/obesity/NTN L=4 bd=4 seed=42 -> /zhome/6b/e/212868/GTN/outputs/ntn/obesity/MPO2_rg5_init0.1/L4_bd4_seed42 | already completed successfully (val_quality=0.6737753238014405) val=0.6738
[2026-05-04 07:35:45,421][HYDRA] 	#11 : model.L=4 model.bond_dim=4 seed=10090 trainer.ridge=5 trainer.ridge_decay=0.25 trainer.ridge_min=0.0001 +experiment=uci_ntn_sweep model=mpo2 dataset=obesity
[2026-05-04 07:35:45,581][__main__][INFO] - ⏭ SKIP MPO2/obesity/NTN L=4 bd=4 seed=10090 -> /zhome/6b/e/212868/GTN/outputs/ntn/obesity/MPO2_rg5_init0.1/L4_bd4_seed10090 | already completed successfully (val_quality=0.7295701011785378) val=0.7296
[2026-05-04 07:35:45,584][HYDRA] 	#12 : model.L=4 model.bond_dim=4 seed=32874 trainer.ridge=5 trainer.ridge_decay=0.25 trainer.ridge_min=0.0001 +experiment=uci_ntn_sweep model=mpo2 dataset=obesity
[2026-05-04 07:35:45,743][__main__][INFO] - ⏭ SKIP MPO2/obesity/NTN L=4 bd=4 seed=32874 -> /zhome/6b/e/212868/GTN/outputs/ntn/obesity/MPO2_rg5_init0.1/L4_bd4_seed32874 | already completed successfully (val_quality=0.7152847813340855) val=0.7153
[2026-05-04 07:35:45,746][HYDRA] 	#13 : model.L=4 model.bond_dim=4 seed=47311 trainer.ridge=5 trainer.ridge_decay=0.25 trainer.ridge_min=0.0001 +experiment=uci_ntn_sweep model=mpo2 dataset=obesity
[2026-05-04 07:35:45,910][__main__][INFO] - ⏭ SKIP MPO2/obesity/NTN L=4 bd=4 seed=47311 -> /zhome/6b/e/212868/GTN/outputs/ntn/obesity/MPO2_rg5_init0.1/L4_bd4_seed47311 | already completed successfully (val_quality=0.7046670938595894) val=0.7047
[2026-05-04 07:35:45,913][HYDRA] 	#14 : model.L=4 model.bond_dim=4 seed=47303 trainer.ridge=5 trainer.ridge_decay=0.25 trainer.ridge_min=0.0001 +experiment=uci_ntn_sweep model=mpo2 dataset=obesity
[2026-05-04 07:35:46,076][__main__][INFO] - ⏭ SKIP MPO2/obesity/NTN L=4 bd=4 seed=47303 -> /zhome/6b/e/212868/GTN/outputs/ntn/obesity/MPO2_rg5_init0.1/L4_bd4_seed47303 | already completed successfully (val_quality=0.7148300903932476) val=0.7148
[2026-05-04 07:35:46,091][HYDRA] 	#15 : model.L=3 model.bond_dim=12 seed=42 trainer.ridge=5 trainer.ridge_decay=0.25 trainer.ridge_min=0.0001 +experiment=uci_ntn_sweep model=mpo2 dataset=obesity
[2026-05-04 07:35:46,255][__main__][INFO] - ⏭ SKIP MPO2/obesity/NTN L=3 bd=12 seed=42 -> /zhome/6b/e/212868/GTN/outputs/ntn/obesity/MPO2_rg5_init0.1/L3_bd12_seed42 | already completed successfully (val_quality=0.6895056526870015) val=0.6895
[2026-05-04 07:35:46,258][HYDRA] 	#16 : model.L=3 model.bond_dim=12 seed=10090 trainer.ridge=5 trainer.ridge_decay=0.25 trainer.ridge_min=0.0001 +experiment=uci_ntn_sweep model=mpo2 dataset=obesity
[2026-05-04 07:35:46,417][__main__][INFO] - ⏭ SKIP MPO2/obesity/NTN L=3 bd=12 seed=10090 -> /zhome/6b/e/212868/GTN/outputs/ntn/obesity/MPO2_rg5_init0.1/L3_bd12_seed10090 | already completed successfully (val_quality=0.6932969841622642) val=0.6933
[2026-05-04 07:35:46,420][HYDRA] 	#17 : model.L=3 model.bond_dim=12 seed=32874 trainer.ridge=5 trainer.ridge_decay=0.25 trainer.ridge_min=0.0001 +experiment=uci_ntn_sweep model=mpo2 dataset=obesity
[2026-05-04 07:35:46,580][__main__][INFO] - ⏭ SKIP MPO2/obesity/NTN L=3 bd=12 seed=32874 -> /zhome/6b/e/212868/GTN/outputs/ntn/obesity/MPO2_rg5_init0.1/L3_bd12_seed32874 | already completed successfully (val_quality=0.68234740801977) val=0.6823
[2026-05-04 07:35:46,583][HYDRA] 	#18 : model.L=3 model.bond_dim=12 seed=47311 trainer.ridge=5 trainer.ridge_decay=0.25 trainer.ridge_min=0.0001 +experiment=uci_ntn_sweep model=mpo2 dataset=obesity
[2026-05-04 07:35:46,754][__main__][INFO] - ⏭ SKIP MPO2/obesity/NTN L=3 bd=12 seed=47311 -> /zhome/6b/e/212868/GTN/outputs/ntn/obesity/MPO2_rg5_init0.1/L3_bd12_seed47311 | already completed successfully (val_quality=0.6912015829647316) val=0.6912
[2026-05-04 07:35:46,757][HYDRA] 	#19 : model.L=3 model.bond_dim=12 seed=47303 trainer.ridge=5 trainer.ridge_decay=0.25 trainer.ridge_min=0.0001 +experiment=uci_ntn_sweep model=mpo2 dataset=obesity
[2026-05-04 07:35:46,942][__main__][INFO] - ⏭ SKIP MPO2/obesity/NTN L=3 bd=12 seed=47303 -> /zhome/6b/e/212868/GTN/outputs/ntn/obesity/MPO2_rg5_init0.1/L3_bd12_seed47303 | already completed successfully (val_quality=0.6904943525903584) val=0.6905
[2026-05-04 07:35:46,960][HYDRA] 	#20 : model.L=3 model.bond_dim=8 seed=42 trainer.ridge=5 trainer.ridge_decay=0.25 trainer.ridge_min=0.0001 +experiment=uci_ntn_sweep model=mpo2 dataset=obesity
[2026-05-04 07:35:47,129][__main__][INFO] - ⏭ SKIP MPO2/obesity/NTN L=3 bd=8 seed=42 -> /zhome/6b/e/212868/GTN/outputs/ntn/obesity/MPO2_rg5_init0.1/L3_bd8_seed42 | already completed successfully (val_quality=0.6801414422664419) val=0.6801
[2026-05-04 07:35:47,132][HYDRA] 	#21 : model.L=3 model.bond_dim=8 seed=10090 trainer.ridge=5 trainer.ridge_decay=0.25 trainer.ridge_min=0.0001 +experiment=uci_ntn_sweep model=mpo2 dataset=obesity
[2026-05-04 07:35:47,295][__main__][INFO] - ⏭ SKIP MPO2/obesity/NTN L=3 bd=8 seed=10090 -> /zhome/6b/e/212868/GTN/outputs/ntn/obesity/MPO2_rg5_init0.1/L3_bd8_seed10090 | already completed successfully (val_quality=0.6930114700414842) val=0.6930
[2026-05-04 07:35:47,298][HYDRA] 	#22 : model.L=3 model.bond_dim=8 seed=32874 trainer.ridge=5 trainer.ridge_decay=0.25 trainer.ridge_min=0.0001 +experiment=uci_ntn_sweep model=mpo2 dataset=obesity
[2026-05-04 07:35:47,471][__main__][INFO] - ⏭ SKIP MPO2/obesity/NTN L=3 bd=8 seed=32874 -> /zhome/6b/e/212868/GTN/outputs/ntn/obesity/MPO2_rg5_init0.1/L3_bd8_seed32874 | already completed successfully (val_quality=0.7016482558169312) val=0.7016
[2026-05-04 07:35:47,474][HYDRA] 	#23 : model.L=3 model.bond_dim=8 seed=47311 trainer.ridge=5 trainer.ridge_decay=0.25 trainer.ridge_min=0.0001 +experiment=uci_ntn_sweep model=mpo2 dataset=obesity
[2026-05-04 07:35:47,640][__main__][INFO] - ⏭ SKIP MPO2/obesity/NTN L=3 bd=8 seed=47311 -> /zhome/6b/e/212868/GTN/outputs/ntn/obesity/MPO2_rg5_init0.1/L3_bd8_seed47311 | already completed successfully (val_quality=0.6983153235438446) val=0.6983
[2026-05-04 07:35:47,643][HYDRA] 	#24 : model.L=3 model.bond_dim=8 seed=47303 trainer.ridge=5 trainer.ridge_decay=0.25 trainer.ridge_min=0.0001 +experiment=uci_ntn_sweep model=mpo2 dataset=obesity
[2026-05-04 07:35:47,801][__main__][INFO] - ⏭ SKIP MPO2/obesity/NTN L=3 bd=8 seed=47303 -> /zhome/6b/e/212868/GTN/outputs/ntn/obesity/MPO2_rg5_init0.1/L3_bd8_seed47303 | already completed successfully (val_quality=0.6992271368251766) val=0.6992
[2026-05-04 07:35:47,804][HYDRA] 	#25 : model.L=3 model.bond_dim=4 seed=42 trainer.ridge=5 trainer.ridge_decay=0.25 trainer.ridge_min=0.0001 +experiment=uci_ntn_sweep model=mpo2 dataset=obesity
[2026-05-04 07:35:47,967][__main__][INFO] - ⏭ SKIP MPO2/obesity/NTN L=3 bd=4 seed=42 -> /zhome/6b/e/212868/GTN/outputs/ntn/obesity/MPO2_rg5_init0.1/L3_bd4_seed42 | already completed successfully (val_quality=0.6783616553012537) val=0.6784
[2026-05-04 07:35:47,969][HYDRA] 	#26 : model.L=3 model.bond_dim=4 seed=10090 trainer.ridge=5 trainer.ridge_decay=0.25 trainer.ridge_min=0.0001 +experiment=uci_ntn_sweep model=mpo2 dataset=obesity
[2026-05-04 07:35:48,136][__main__][INFO] - ⏭ SKIP MPO2/obesity/NTN L=3 bd=4 seed=10090 -> /zhome/6b/e/212868/GTN/outputs/ntn/obesity/MPO2_rg5_init0.1/L3_bd4_seed10090 | already completed successfully (val_quality=0.6761130350835578) val=0.6761
[2026-05-04 07:35:48,139][HYDRA] 	#27 : model.L=3 model.bond_dim=4 seed=32874 trainer.ridge=5 trainer.ridge_decay=0.25 trainer.ridge_min=0.0001 +experiment=uci_ntn_sweep model=mpo2 dataset=obesity
[2026-05-04 07:35:48,588][__main__][INFO] - ⏭ SKIP MPO2/obesity/NTN L=3 bd=4 seed=32874 -> /zhome/6b/e/212868/GTN/outputs/ntn/obesity/MPO2_rg5_init0.1/L3_bd4_seed32874 | already completed successfully (val_quality=0.6655019755036847) val=0.6655
[2026-05-04 07:35:48,591][HYDRA] 	#28 : model.L=3 model.bond_dim=4 seed=47311 trainer.ridge=5 trainer.ridge_decay=0.25 trainer.ridge_min=0.0001 +experiment=uci_ntn_sweep model=mpo2 dataset=obesity
[2026-05-04 07:35:48,750][__main__][INFO] - ⏭ SKIP MPO2/obesity/NTN L=3 bd=4 seed=47311 -> /zhome/6b/e/212868/GTN/outputs/ntn/obesity/MPO2_rg5_init0.1/L3_bd4_seed47311 | already completed successfully (val_quality=0.6729150408020513) val=0.6729
[2026-05-04 07:35:48,804][HYDRA] 	#29 : model.L=3 model.bond_dim=4 seed=47303 trainer.ridge=5 trainer.ridge_decay=0.25 trainer.ridge_min=0.0001 +experiment=uci_ntn_sweep model=mpo2 dataset=obesity
[2026-05-04 07:35:48,968][__main__][INFO] - ⏭ SKIP MPO2/obesity/NTN L=3 bd=4 seed=47303 -> /zhome/6b/e/212868/GTN/outputs/ntn/obesity/MPO2_rg5_init0.1/L3_bd4_seed47303 | already completed successfully (val_quality=0.6730185709594951) val=0.6730

------------------------------------------------------------
Sender: LSF System <lsfadmin@hpc.dtu.dk>
Subject: Job 28342909[65]: <ntn_grid_full[1-110]%20> in cluster <dcc> Done

Job <ntn_grid_full[1-110]%20> was submitted from host <hpclogin1> by user <nicci> in cluster <dcc> at Mon May  4 07:33:04 2026
Job was executed on host(s) <6*n-62-31-13>, in queue <hpc>, as user <nicci> in cluster <dcc> at Mon May  4 07:35:32 2026
</zhome/6b/e/212868> was used as the home directory.
</zhome/6b/e/212868/GTN> was used as the working directory.
Started at Mon May  4 07:35:32 2026
Terminated at Mon May  4 07:35:50 2026
Results reported at Mon May  4 07:35:50 2026

Your job looked like:

------------------------------------------------------------
# LSBATCH: User input
#!/bin/bash
#BSUB -q hpc
#BSUB -J "ntn_grid_full[1-110]%20"
#BSUB -W 8:00
#BSUB -n 6
#BSUB -R "rusage[mem=5GB]"
#BSUB -R "span[hosts=1]"
#BSUB -o logs/%J_%I.out
#BSUB -e logs/%J_%I.err

MODELS=("cpda" "cpda_typei" "lmpo2" "lmpo2_typei" "mpo2" "mpo2_typei" "mmpo2" "mmpo2_typei" "tnml_f" "tnml_p")

DATASETS=(
    "abalone" "adult" "ai4i" "appliances" "bank" "bike" "breast"
    "car_evaluation" "concrete" "energy_efficiency" "hearth"
    "iris" "mushrooms" "obesity" "popularity" "realstate"
    "seoulBike" "student_dropout" "student_perf" "wine"
    "winequalityc"
)

COMPLETED_DATASETS=(
    "abalone" "ai4i" "hearth" "wine" "winequalityc" "bike" "concrete" "energy_efficiency"
    "iris" "realstate" )

# Filter datasets
FILTERED_DATASETS=()
for ds in "${DATASETS[@]}"; do
    skip=false
    for completed in "${COMPLETED_DATASETS[@]}"; do
        if [[ "$ds" == "$completed" ]]; then
            skip=true
            break
        fi
    done

    if ! $skip; then
        FILTERED_DATASETS+=("$ds")
    fi
done

DATASETS=("${FILTERED_DATASETS[@]}")

NUM_MODELS=${#MODELS[@]}
NUM_DATASETS=${#DATASETS[@]}
NUM_EXPERIMENTS=$((NUM_DATASETS * NUM_MODELS))

if [ "$1" == "test" ]; then
    echo "SIMULATING ARRAY:"
    echo "-----------------"


(... more ...)
------------------------------------------------------------

Successfully completed.

Resource usage summary:

    CPU time :                                   15.54 sec.
    Max Memory :                                 392 MB
    Average Memory :                             392.00 MB
    Total Requested Memory :                     30720.00 MB
    Delta Memory :                               30328.00 MB
    Max Swap :                                   -
    Max Processes :                              4
    Max Threads :                                15
    Run time :                                   17 sec.
    Turnaround time :                            166 sec.

The output (if any) is above this job summary.



PS:

Read file <logs/28342909_65.err> for stderr output of this job.

