Task 27: Dataset=appliances, Model=mmpo2, Experiment=uci_ntn_sweep
[2026-05-03 13:50:28,205][HYDRA] Launching 30 jobs locally
[2026-05-03 13:50:28,205][HYDRA] 	#0 : model.L=4 model.bond_dim=12 seed=42 trainer.ridge=5 trainer.ridge_decay=0.25 trainer.ridge_min=0.0001 +experiment=uci_ntn_sweep model=mmpo2 dataset=appliances
[2026-05-03 13:50:28,693][utils.tracking][INFO] - Loaded 18722 tracked runs from runs_tracking.csv
[2026-05-03 13:50:28,696][__main__][INFO] - ⏭ SKIP MMPO2/appliances/NTN L=4 bd=12 seed=42 -> /zhome/6b/e/212868/GTN/outputs/ntn/appliances/MMPO2_rg5_init0.1/L4_bd12_seed42 | already completed successfully (val_quality=0.3290054058009056) val=0.3290
[2026-05-03 13:50:28,699][HYDRA] 	#1 : model.L=4 model.bond_dim=12 seed=10090 trainer.ridge=5 trainer.ridge_decay=0.25 trainer.ridge_min=0.0001 +experiment=uci_ntn_sweep model=mmpo2 dataset=appliances
[2026-05-03 13:50:28,862][__main__][INFO] - ⏭ SKIP MMPO2/appliances/NTN L=4 bd=12 seed=10090 -> /zhome/6b/e/212868/GTN/outputs/ntn/appliances/MMPO2_rg5_init0.1/L4_bd12_seed10090 | already completed successfully (val_quality=0.3369061065132811) val=0.3369
[2026-05-03 13:50:28,865][HYDRA] 	#2 : model.L=4 model.bond_dim=12 seed=32874 trainer.ridge=5 trainer.ridge_decay=0.25 trainer.ridge_min=0.0001 +experiment=uci_ntn_sweep model=mmpo2 dataset=appliances
[2026-05-03 13:50:29,024][__main__][INFO] - ⏭ SKIP MMPO2/appliances/NTN L=4 bd=12 seed=32874 -> /zhome/6b/e/212868/GTN/outputs/ntn/appliances/MMPO2_rg5_init0.1/L4_bd12_seed32874 | already completed successfully (val_quality=0.3186258594495306) val=0.3186
[2026-05-03 13:50:29,027][HYDRA] 	#3 : model.L=4 model.bond_dim=12 seed=47311 trainer.ridge=5 trainer.ridge_decay=0.25 trainer.ridge_min=0.0001 +experiment=uci_ntn_sweep model=mmpo2 dataset=appliances
[2026-05-03 13:50:29,194][__main__][INFO] - ⏭ SKIP MMPO2/appliances/NTN L=4 bd=12 seed=47311 -> /zhome/6b/e/212868/GTN/outputs/ntn/appliances/MMPO2_rg5_init0.1/L4_bd12_seed47311 | already completed successfully (val_quality=0.3302285744589907) val=0.3302
[2026-05-03 13:50:29,197][HYDRA] 	#4 : model.L=4 model.bond_dim=12 seed=47303 trainer.ridge=5 trainer.ridge_decay=0.25 trainer.ridge_min=0.0001 +experiment=uci_ntn_sweep model=mmpo2 dataset=appliances
[2026-05-03 13:50:29,359][__main__][INFO] - ⏭ SKIP MMPO2/appliances/NTN L=4 bd=12 seed=47303 -> /zhome/6b/e/212868/GTN/outputs/ntn/appliances/MMPO2_rg5_init0.1/L4_bd12_seed47303 | already completed successfully (val_quality=0.3359927032985965) val=0.3360
[2026-05-03 13:50:29,361][HYDRA] 	#5 : model.L=4 model.bond_dim=8 seed=42 trainer.ridge=5 trainer.ridge_decay=0.25 trainer.ridge_min=0.0001 +experiment=uci_ntn_sweep model=mmpo2 dataset=appliances
[2026-05-03 13:50:29,541][__main__][INFO] - ⏭ SKIP MMPO2/appliances/NTN L=4 bd=8 seed=42 -> /zhome/6b/e/212868/GTN/outputs/ntn/appliances/MMPO2_rg5_init0.1/L4_bd8_seed42 | already completed successfully (val_quality=0.3219895418242379) val=0.3220
[2026-05-03 13:50:29,544][HYDRA] 	#6 : model.L=4 model.bond_dim=8 seed=10090 trainer.ridge=5 trainer.ridge_decay=0.25 trainer.ridge_min=0.0001 +experiment=uci_ntn_sweep model=mmpo2 dataset=appliances
[2026-05-03 13:50:29,707][__main__][INFO] - ⏭ SKIP MMPO2/appliances/NTN L=4 bd=8 seed=10090 -> /zhome/6b/e/212868/GTN/outputs/ntn/appliances/MMPO2_rg5_init0.1/L4_bd8_seed10090 | already completed successfully (val_quality=0.3182865240207411) val=0.3183
[2026-05-03 13:50:29,709][HYDRA] 	#7 : model.L=4 model.bond_dim=8 seed=32874 trainer.ridge=5 trainer.ridge_decay=0.25 trainer.ridge_min=0.0001 +experiment=uci_ntn_sweep model=mmpo2 dataset=appliances
[2026-05-03 13:50:29,897][__main__][INFO] - ⏭ SKIP MMPO2/appliances/NTN L=4 bd=8 seed=32874 -> /zhome/6b/e/212868/GTN/outputs/ntn/appliances/MMPO2_rg5_init0.1/L4_bd8_seed32874 | already completed successfully (val_quality=0.3182732264780573) val=0.3183
[2026-05-03 13:50:29,900][HYDRA] 	#8 : model.L=4 model.bond_dim=8 seed=47311 trainer.ridge=5 trainer.ridge_decay=0.25 trainer.ridge_min=0.0001 +experiment=uci_ntn_sweep model=mmpo2 dataset=appliances
[2026-05-03 13:50:30,079][__main__][INFO] - ⏭ SKIP MMPO2/appliances/NTN L=4 bd=8 seed=47311 -> /zhome/6b/e/212868/GTN/outputs/ntn/appliances/MMPO2_rg5_init0.1/L4_bd8_seed47311 | already completed successfully (val_quality=0.3148141621569239) val=0.3148
[2026-05-03 13:50:30,081][HYDRA] 	#9 : model.L=4 model.bond_dim=8 seed=47303 trainer.ridge=5 trainer.ridge_decay=0.25 trainer.ridge_min=0.0001 +experiment=uci_ntn_sweep model=mmpo2 dataset=appliances
[2026-05-03 13:50:30,242][__main__][INFO] - ⏭ SKIP MMPO2/appliances/NTN L=4 bd=8 seed=47303 -> /zhome/6b/e/212868/GTN/outputs/ntn/appliances/MMPO2_rg5_init0.1/L4_bd8_seed47303 | already completed successfully (val_quality=0.3085719485241536) val=0.3086
[2026-05-03 13:50:30,244][HYDRA] 	#10 : model.L=4 model.bond_dim=4 seed=42 trainer.ridge=5 trainer.ridge_decay=0.25 trainer.ridge_min=0.0001 +experiment=uci_ntn_sweep model=mmpo2 dataset=appliances
[2026-05-03 13:50:30,403][__main__][INFO] - ⏭ SKIP MMPO2/appliances/NTN L=4 bd=4 seed=42 -> /zhome/6b/e/212868/GTN/outputs/ntn/appliances/MMPO2_rg5_init0.1/L4_bd4_seed42 | already completed successfully (val_quality=0.2719098331728178) val=0.2719
[2026-05-03 13:50:30,406][HYDRA] 	#11 : model.L=4 model.bond_dim=4 seed=10090 trainer.ridge=5 trainer.ridge_decay=0.25 trainer.ridge_min=0.0001 +experiment=uci_ntn_sweep model=mmpo2 dataset=appliances
[2026-05-03 13:50:30,564][__main__][INFO] - ⏭ SKIP MMPO2/appliances/NTN L=4 bd=4 seed=10090 -> /zhome/6b/e/212868/GTN/outputs/ntn/appliances/MMPO2_rg5_init0.1/L4_bd4_seed10090 | already completed successfully (val_quality=0.2865816382354905) val=0.2866
[2026-05-03 13:50:30,567][HYDRA] 	#12 : model.L=4 model.bond_dim=4 seed=32874 trainer.ridge=5 trainer.ridge_decay=0.25 trainer.ridge_min=0.0001 +experiment=uci_ntn_sweep model=mmpo2 dataset=appliances
[2026-05-03 13:50:30,731][__main__][INFO] - ⏭ SKIP MMPO2/appliances/NTN L=4 bd=4 seed=32874 -> /zhome/6b/e/212868/GTN/outputs/ntn/appliances/MMPO2_rg5_init0.1/L4_bd4_seed32874 | already completed successfully (val_quality=0.2877670837115168) val=0.2878
[2026-05-03 13:50:30,733][HYDRA] 	#13 : model.L=4 model.bond_dim=4 seed=47311 trainer.ridge=5 trainer.ridge_decay=0.25 trainer.ridge_min=0.0001 +experiment=uci_ntn_sweep model=mmpo2 dataset=appliances
[2026-05-03 13:50:30,899][__main__][INFO] - ⏭ SKIP MMPO2/appliances/NTN L=4 bd=4 seed=47311 -> /zhome/6b/e/212868/GTN/outputs/ntn/appliances/MMPO2_rg5_init0.1/L4_bd4_seed47311 | already completed successfully (val_quality=0.2647108787635975) val=0.2647
[2026-05-03 13:50:30,901][HYDRA] 	#14 : model.L=4 model.bond_dim=4 seed=47303 trainer.ridge=5 trainer.ridge_decay=0.25 trainer.ridge_min=0.0001 +experiment=uci_ntn_sweep model=mmpo2 dataset=appliances
[2026-05-03 13:50:31,064][__main__][INFO] - ⏭ SKIP MMPO2/appliances/NTN L=4 bd=4 seed=47303 -> /zhome/6b/e/212868/GTN/outputs/ntn/appliances/MMPO2_rg5_init0.1/L4_bd4_seed47303 | already completed successfully (val_quality=0.2696781617148303) val=0.2697
[2026-05-03 13:50:31,067][HYDRA] 	#15 : model.L=3 model.bond_dim=12 seed=42 trainer.ridge=5 trainer.ridge_decay=0.25 trainer.ridge_min=0.0001 +experiment=uci_ntn_sweep model=mmpo2 dataset=appliances
[2026-05-03 13:50:31,228][__main__][INFO] - ⏭ SKIP MMPO2/appliances/NTN L=3 bd=12 seed=42 -> /zhome/6b/e/212868/GTN/outputs/ntn/appliances/MMPO2_rg5_init0.1/L3_bd12_seed42 | already completed successfully (val_quality=0.3353455628125207) val=0.3353
[2026-05-03 13:50:31,230][HYDRA] 	#16 : model.L=3 model.bond_dim=12 seed=10090 trainer.ridge=5 trainer.ridge_decay=0.25 trainer.ridge_min=0.0001 +experiment=uci_ntn_sweep model=mmpo2 dataset=appliances
[2026-05-03 13:50:31,391][__main__][INFO] - ⏭ SKIP MMPO2/appliances/NTN L=3 bd=12 seed=10090 -> /zhome/6b/e/212868/GTN/outputs/ntn/appliances/MMPO2_rg5_init0.1/L3_bd12_seed10090 | already completed successfully (val_quality=0.3416649010233099) val=0.3417
[2026-05-03 13:50:31,393][HYDRA] 	#17 : model.L=3 model.bond_dim=12 seed=32874 trainer.ridge=5 trainer.ridge_decay=0.25 trainer.ridge_min=0.0001 +experiment=uci_ntn_sweep model=mmpo2 dataset=appliances
[2026-05-03 13:50:31,553][__main__][INFO] - ⏭ SKIP MMPO2/appliances/NTN L=3 bd=12 seed=32874 -> /zhome/6b/e/212868/GTN/outputs/ntn/appliances/MMPO2_rg5_init0.1/L3_bd12_seed32874 | already completed successfully (val_quality=0.3360635604910048) val=0.3361
[2026-05-03 13:50:31,556][HYDRA] 	#18 : model.L=3 model.bond_dim=12 seed=47311 trainer.ridge=5 trainer.ridge_decay=0.25 trainer.ridge_min=0.0001 +experiment=uci_ntn_sweep model=mmpo2 dataset=appliances
[2026-05-03 13:50:31,716][__main__][INFO] - ⏭ SKIP MMPO2/appliances/NTN L=3 bd=12 seed=47311 -> /zhome/6b/e/212868/GTN/outputs/ntn/appliances/MMPO2_rg5_init0.1/L3_bd12_seed47311 | already completed successfully (val_quality=0.3366302913178115) val=0.3366
[2026-05-03 13:50:31,718][HYDRA] 	#19 : model.L=3 model.bond_dim=12 seed=47303 trainer.ridge=5 trainer.ridge_decay=0.25 trainer.ridge_min=0.0001 +experiment=uci_ntn_sweep model=mmpo2 dataset=appliances
[2026-05-03 13:50:31,881][__main__][INFO] - ⏭ SKIP MMPO2/appliances/NTN L=3 bd=12 seed=47303 -> /zhome/6b/e/212868/GTN/outputs/ntn/appliances/MMPO2_rg5_init0.1/L3_bd12_seed47303 | already completed successfully (val_quality=0.3312270851086841) val=0.3312
[2026-05-03 13:50:31,884][HYDRA] 	#20 : model.L=3 model.bond_dim=8 seed=42 trainer.ridge=5 trainer.ridge_decay=0.25 trainer.ridge_min=0.0001 +experiment=uci_ntn_sweep model=mmpo2 dataset=appliances
[2026-05-03 13:50:32,044][__main__][INFO] - ⏭ SKIP MMPO2/appliances/NTN L=3 bd=8 seed=42 -> /zhome/6b/e/212868/GTN/outputs/ntn/appliances/MMPO2_rg5_init0.1/L3_bd8_seed42 | already completed successfully (val_quality=0.3482560965694153) val=0.3483
[2026-05-03 13:50:32,047][HYDRA] 	#21 : model.L=3 model.bond_dim=8 seed=10090 trainer.ridge=5 trainer.ridge_decay=0.25 trainer.ridge_min=0.0001 +experiment=uci_ntn_sweep model=mmpo2 dataset=appliances
[2026-05-03 13:50:32,211][__main__][INFO] - ⏭ SKIP MMPO2/appliances/NTN L=3 bd=8 seed=10090 -> /zhome/6b/e/212868/GTN/outputs/ntn/appliances/MMPO2_rg5_init0.1/L3_bd8_seed10090 | already completed successfully (val_quality=0.3353093866778908) val=0.3353
[2026-05-03 13:50:32,213][HYDRA] 	#22 : model.L=3 model.bond_dim=8 seed=32874 trainer.ridge=5 trainer.ridge_decay=0.25 trainer.ridge_min=0.0001 +experiment=uci_ntn_sweep model=mmpo2 dataset=appliances
[2026-05-03 13:50:32,373][__main__][INFO] - ⏭ SKIP MMPO2/appliances/NTN L=3 bd=8 seed=32874 -> /zhome/6b/e/212868/GTN/outputs/ntn/appliances/MMPO2_rg5_init0.1/L3_bd8_seed32874 | already completed successfully (val_quality=0.3461227108160951) val=0.3461
[2026-05-03 13:50:32,376][HYDRA] 	#23 : model.L=3 model.bond_dim=8 seed=47311 trainer.ridge=5 trainer.ridge_decay=0.25 trainer.ridge_min=0.0001 +experiment=uci_ntn_sweep model=mmpo2 dataset=appliances
[2026-05-03 13:50:32,537][__main__][INFO] - ⏭ SKIP MMPO2/appliances/NTN L=3 bd=8 seed=47311 -> /zhome/6b/e/212868/GTN/outputs/ntn/appliances/MMPO2_rg5_init0.1/L3_bd8_seed47311 | already completed successfully (val_quality=0.3423019672240051) val=0.3423
[2026-05-03 13:50:32,539][HYDRA] 	#24 : model.L=3 model.bond_dim=8 seed=47303 trainer.ridge=5 trainer.ridge_decay=0.25 trainer.ridge_min=0.0001 +experiment=uci_ntn_sweep model=mmpo2 dataset=appliances
[2026-05-03 13:50:32,699][__main__][INFO] - ⏭ SKIP MMPO2/appliances/NTN L=3 bd=8 seed=47303 -> /zhome/6b/e/212868/GTN/outputs/ntn/appliances/MMPO2_rg5_init0.1/L3_bd8_seed47303 | already completed successfully (val_quality=0.3542057584908563) val=0.3542
[2026-05-03 13:50:32,702][HYDRA] 	#25 : model.L=3 model.bond_dim=4 seed=42 trainer.ridge=5 trainer.ridge_decay=0.25 trainer.ridge_min=0.0001 +experiment=uci_ntn_sweep model=mmpo2 dataset=appliances
[2026-05-03 13:50:32,863][__main__][INFO] - ⏭ SKIP MMPO2/appliances/NTN L=3 bd=4 seed=42 -> /zhome/6b/e/212868/GTN/outputs/ntn/appliances/MMPO2_rg5_init0.1/L3_bd4_seed42 | already completed successfully (val_quality=0.2797848648861007) val=0.2798
[2026-05-03 13:50:32,865][HYDRA] 	#26 : model.L=3 model.bond_dim=4 seed=10090 trainer.ridge=5 trainer.ridge_decay=0.25 trainer.ridge_min=0.0001 +experiment=uci_ntn_sweep model=mmpo2 dataset=appliances
[2026-05-03 13:50:33,029][__main__][INFO] - ⏭ SKIP MMPO2/appliances/NTN L=3 bd=4 seed=10090 -> /zhome/6b/e/212868/GTN/outputs/ntn/appliances/MMPO2_rg5_init0.1/L3_bd4_seed10090 | already completed successfully (val_quality=0.2775891009937944) val=0.2776
[2026-05-03 13:50:33,031][HYDRA] 	#27 : model.L=3 model.bond_dim=4 seed=32874 trainer.ridge=5 trainer.ridge_decay=0.25 trainer.ridge_min=0.0001 +experiment=uci_ntn_sweep model=mmpo2 dataset=appliances
[2026-05-03 13:50:33,424][__main__][INFO] - ⏭ SKIP MMPO2/appliances/NTN L=3 bd=4 seed=32874 -> /zhome/6b/e/212868/GTN/outputs/ntn/appliances/MMPO2_rg5_init0.1/L3_bd4_seed32874 | already completed successfully (val_quality=0.2863976683751722) val=0.2864
[2026-05-03 13:50:33,427][HYDRA] 	#28 : model.L=3 model.bond_dim=4 seed=47311 trainer.ridge=5 trainer.ridge_decay=0.25 trainer.ridge_min=0.0001 +experiment=uci_ntn_sweep model=mmpo2 dataset=appliances
[2026-05-03 13:50:33,587][__main__][INFO] - ⏭ SKIP MMPO2/appliances/NTN L=3 bd=4 seed=47311 -> /zhome/6b/e/212868/GTN/outputs/ntn/appliances/MMPO2_rg5_init0.1/L3_bd4_seed47311 | already completed successfully (val_quality=0.262168365794984) val=0.2622
[2026-05-03 13:50:33,590][HYDRA] 	#29 : model.L=3 model.bond_dim=4 seed=47303 trainer.ridge=5 trainer.ridge_decay=0.25 trainer.ridge_min=0.0001 +experiment=uci_ntn_sweep model=mmpo2 dataset=appliances
[2026-05-03 13:50:33,751][__main__][INFO] - ⏭ SKIP MMPO2/appliances/NTN L=3 bd=4 seed=47303 -> /zhome/6b/e/212868/GTN/outputs/ntn/appliances/MMPO2_rg5_init0.1/L3_bd4_seed47303 | already completed successfully (val_quality=0.2755775128015012) val=0.2756

------------------------------------------------------------
Sender: LSF System <lsfadmin@hpc.dtu.dk>
Subject: Job 28341043[27]: <ntn_grid_full[1-150]%20> in cluster <dcc> Done

Job <ntn_grid_full[1-150]%20> was submitted from host <hpclogin1> by user <nicci> in cluster <dcc> at Sun May  3 13:49:48 2026
Job was executed on host(s) <6*n-62-21-56>, in queue <hpc>, as user <nicci> in cluster <dcc> at Sun May  3 13:50:10 2026
</zhome/6b/e/212868> was used as the home directory.
</zhome/6b/e/212868/GTN> was used as the working directory.
Started at Sun May  3 13:50:10 2026
Terminated at Sun May  3 13:50:35 2026
Results reported at Sun May  3 13:50:35 2026

Your job looked like:

------------------------------------------------------------
# LSBATCH: User input
#!/bin/bash
#BSUB -q hpc
#BSUB -J "ntn_grid_full[1-150]%20"
#BSUB -W 8:00
#BSUB -n 6
#BSUB -R "rusage[mem=3GB]"
#BSUB -R "span[hosts=1]"
#BSUB -o logs/%J_%I.out
#BSUB -e logs/%J_%I.err

MODELS=("cpda" "cpda_typei" "lmpo2" "lmpo2_typei" "mpo2" "mpo2_typei" "mmpo2" "mmpo2_typei" "tnml_f" "tnml_p")

DATASETS=(
    "abalone" "adult" "ai4i" "appliances" "bank" "bike" "breast"
    "car_evaluation" "concrete" "energy_efficiency" "hearth"
    "iris" "mushrooms" "obesity" "popularity" "realstate"
    "seoulBike" "student_dropout" "student_perf" "wine"
    "winequalityc"
)

COMPLETED_DATASETS=(
    "abalone" "bike" "concrete" "energy_efficiency"
    "iris" "realstate" )

# Filter datasets
FILTERED_DATASETS=()
for ds in "${DATASETS[@]}"; do
    skip=false
    for completed in "${COMPLETED_DATASETS[@]}"; do
        if [[ "$ds" == "$completed" ]]; then
            skip=true
            break
        fi
    done

    if ! $skip; then
        FILTERED_DATASETS+=("$ds")
    fi
done

DATASETS=("${FILTERED_DATASETS[@]}")

NUM_MODELS=${#MODELS[@]}
NUM_DATASETS=${#DATASETS[@]}
NUM_EXPERIMENTS=$((NUM_DATASETS * NUM_MODELS))

if [ "$1" == "test" ]; then
    echo "SIMULATING ARRAY:"
    echo "-----------------"


(... more ...)
------------------------------------------------------------

Successfully completed.

Resource usage summary:

    CPU time :                                   14.64 sec.
    Max Memory :                                 405 MB
    Average Memory :                             385.00 MB
    Total Requested Memory :                     18432.00 MB
    Delta Memory :                               18027.00 MB
    Max Swap :                                   -
    Max Processes :                              4
    Max Threads :                                15
    Run time :                                   25 sec.
    Turnaround time :                            47 sec.

The output (if any) is above this job summary.



PS:

Read file <logs/28341043_27.err> for stderr output of this job.

