Task 10: Dataset=adult, Model=tnml_p, Experiment=uci_ntn_sweep
[2026-05-03 13:50:02,923][HYDRA] Launching 30 jobs locally
[2026-05-03 13:50:02,923][HYDRA] 	#0 : model.L=4 model.bond_dim=12 seed=42 trainer.ridge=5 trainer.ridge_decay=0.25 trainer.ridge_min=0.0001 +experiment=uci_ntn_sweep model=tnml_p dataset=adult
[2026-05-03 13:50:03,400][utils.tracking][INFO] - Loaded 18722 tracked runs from runs_tracking.csv
[2026-05-03 13:50:03,402][__main__][INFO] - ⏭ SKIP TNML_P/adult/NTN L=4 bd=12 seed=42 -> /zhome/6b/e/212868/GTN/outputs/ntn/adult/TNML_P_rg5_init0.1/L4_bd12_seed42 | previous run failed with singular matrix (permanent) 
[2026-05-03 13:50:03,405][HYDRA] 	#1 : model.L=4 model.bond_dim=12 seed=10090 trainer.ridge=5 trainer.ridge_decay=0.25 trainer.ridge_min=0.0001 +experiment=uci_ntn_sweep model=tnml_p dataset=adult
[2026-05-03 13:50:03,582][__main__][INFO] - ⏭ SKIP TNML_P/adult/NTN L=4 bd=12 seed=10090 -> /zhome/6b/e/212868/GTN/outputs/ntn/adult/TNML_P_rg5_init0.1/L4_bd12_seed10090 | previous run failed with singular matrix (permanent) 
[2026-05-03 13:50:03,585][HYDRA] 	#2 : model.L=4 model.bond_dim=12 seed=32874 trainer.ridge=5 trainer.ridge_decay=0.25 trainer.ridge_min=0.0001 +experiment=uci_ntn_sweep model=tnml_p dataset=adult
[2026-05-03 13:50:03,742][__main__][INFO] - ⏭ SKIP TNML_P/adult/NTN L=4 bd=12 seed=32874 -> /zhome/6b/e/212868/GTN/outputs/ntn/adult/TNML_P_rg5_init0.1/L4_bd12_seed32874 | previous run failed with singular matrix (permanent) 
[2026-05-03 13:50:03,745][HYDRA] 	#3 : model.L=4 model.bond_dim=12 seed=47311 trainer.ridge=5 trainer.ridge_decay=0.25 trainer.ridge_min=0.0001 +experiment=uci_ntn_sweep model=tnml_p dataset=adult
[2026-05-03 13:50:03,900][__main__][INFO] - ⏭ SKIP TNML_P/adult/NTN L=4 bd=12 seed=47311 -> /zhome/6b/e/212868/GTN/outputs/ntn/adult/TNML_P_rg5_init0.1/L4_bd12_seed47311 | previous run failed with singular matrix (permanent) 
[2026-05-03 13:50:03,903][HYDRA] 	#4 : model.L=4 model.bond_dim=12 seed=47303 trainer.ridge=5 trainer.ridge_decay=0.25 trainer.ridge_min=0.0001 +experiment=uci_ntn_sweep model=tnml_p dataset=adult
[2026-05-03 13:50:04,053][__main__][INFO] - ⏭ SKIP TNML_P/adult/NTN L=4 bd=12 seed=47303 -> /zhome/6b/e/212868/GTN/outputs/ntn/adult/TNML_P_rg5_init0.1/L4_bd12_seed47303 | previous run failed with singular matrix (permanent) 
[2026-05-03 13:50:04,056][HYDRA] 	#5 : model.L=4 model.bond_dim=8 seed=42 trainer.ridge=5 trainer.ridge_decay=0.25 trainer.ridge_min=0.0001 +experiment=uci_ntn_sweep model=tnml_p dataset=adult
[2026-05-03 13:50:04,206][__main__][INFO] - ⏭ SKIP TNML_P/adult/NTN L=4 bd=8 seed=42 -> /zhome/6b/e/212868/GTN/outputs/ntn/adult/TNML_P_rg5_init0.1/L4_bd8_seed42 | previous run failed with singular matrix (permanent) 
[2026-05-03 13:50:04,209][HYDRA] 	#6 : model.L=4 model.bond_dim=8 seed=10090 trainer.ridge=5 trainer.ridge_decay=0.25 trainer.ridge_min=0.0001 +experiment=uci_ntn_sweep model=tnml_p dataset=adult
[2026-05-03 13:50:04,363][__main__][INFO] - ⏭ SKIP TNML_P/adult/NTN L=4 bd=8 seed=10090 -> /zhome/6b/e/212868/GTN/outputs/ntn/adult/TNML_P_rg5_init0.1/L4_bd8_seed10090 | previous run failed with singular matrix (permanent) 
[2026-05-03 13:50:04,365][HYDRA] 	#7 : model.L=4 model.bond_dim=8 seed=32874 trainer.ridge=5 trainer.ridge_decay=0.25 trainer.ridge_min=0.0001 +experiment=uci_ntn_sweep model=tnml_p dataset=adult
[2026-05-03 13:50:04,517][__main__][INFO] - ⏭ SKIP TNML_P/adult/NTN L=4 bd=8 seed=32874 -> /zhome/6b/e/212868/GTN/outputs/ntn/adult/TNML_P_rg5_init0.1/L4_bd8_seed32874 | previous run failed with singular matrix (permanent) 
[2026-05-03 13:50:04,520][HYDRA] 	#8 : model.L=4 model.bond_dim=8 seed=47311 trainer.ridge=5 trainer.ridge_decay=0.25 trainer.ridge_min=0.0001 +experiment=uci_ntn_sweep model=tnml_p dataset=adult
[2026-05-03 13:50:04,670][__main__][INFO] - ⏭ SKIP TNML_P/adult/NTN L=4 bd=8 seed=47311 -> /zhome/6b/e/212868/GTN/outputs/ntn/adult/TNML_P_rg5_init0.1/L4_bd8_seed47311 | previous run failed with singular matrix (permanent) 
[2026-05-03 13:50:04,672][HYDRA] 	#9 : model.L=4 model.bond_dim=8 seed=47303 trainer.ridge=5 trainer.ridge_decay=0.25 trainer.ridge_min=0.0001 +experiment=uci_ntn_sweep model=tnml_p dataset=adult
[2026-05-03 13:50:04,822][__main__][INFO] - ⏭ SKIP TNML_P/adult/NTN L=4 bd=8 seed=47303 -> /zhome/6b/e/212868/GTN/outputs/ntn/adult/TNML_P_rg5_init0.1/L4_bd8_seed47303 | previous run failed with singular matrix (permanent) 
[2026-05-03 13:50:04,825][HYDRA] 	#10 : model.L=4 model.bond_dim=4 seed=42 trainer.ridge=5 trainer.ridge_decay=0.25 trainer.ridge_min=0.0001 +experiment=uci_ntn_sweep model=tnml_p dataset=adult
[2026-05-03 13:50:05,006][__main__][INFO] - ⏭ SKIP TNML_P/adult/NTN L=4 bd=4 seed=42 -> /zhome/6b/e/212868/GTN/outputs/ntn/adult/TNML_P_rg5_init0.1/L4_bd4_seed42 | previous run failed with singular matrix (permanent) 
[2026-05-03 13:50:05,010][HYDRA] 	#11 : model.L=4 model.bond_dim=4 seed=10090 trainer.ridge=5 trainer.ridge_decay=0.25 trainer.ridge_min=0.0001 +experiment=uci_ntn_sweep model=tnml_p dataset=adult
[2026-05-03 13:50:05,158][__main__][INFO] - ⏭ SKIP TNML_P/adult/NTN L=4 bd=4 seed=10090 -> /zhome/6b/e/212868/GTN/outputs/ntn/adult/TNML_P_rg5_init0.1/L4_bd4_seed10090 | previous run failed with singular matrix (permanent) 
[2026-05-03 13:50:05,161][HYDRA] 	#12 : model.L=4 model.bond_dim=4 seed=32874 trainer.ridge=5 trainer.ridge_decay=0.25 trainer.ridge_min=0.0001 +experiment=uci_ntn_sweep model=tnml_p dataset=adult
[2026-05-03 13:50:05,309][__main__][INFO] - ⏭ SKIP TNML_P/adult/NTN L=4 bd=4 seed=32874 -> /zhome/6b/e/212868/GTN/outputs/ntn/adult/TNML_P_rg5_init0.1/L4_bd4_seed32874 | previous run failed with singular matrix (permanent) 
[2026-05-03 13:50:05,312][HYDRA] 	#13 : model.L=4 model.bond_dim=4 seed=47311 trainer.ridge=5 trainer.ridge_decay=0.25 trainer.ridge_min=0.0001 +experiment=uci_ntn_sweep model=tnml_p dataset=adult
[2026-05-03 13:50:05,464][__main__][INFO] - ⏭ SKIP TNML_P/adult/NTN L=4 bd=4 seed=47311 -> /zhome/6b/e/212868/GTN/outputs/ntn/adult/TNML_P_rg5_init0.1/L4_bd4_seed47311 | previous run failed with singular matrix (permanent) 
[2026-05-03 13:50:05,468][HYDRA] 	#14 : model.L=4 model.bond_dim=4 seed=47303 trainer.ridge=5 trainer.ridge_decay=0.25 trainer.ridge_min=0.0001 +experiment=uci_ntn_sweep model=tnml_p dataset=adult
[2026-05-03 13:50:05,617][__main__][INFO] - ⏭ SKIP TNML_P/adult/NTN L=4 bd=4 seed=47303 -> /zhome/6b/e/212868/GTN/outputs/ntn/adult/TNML_P_rg5_init0.1/L4_bd4_seed47303 | previous run failed with singular matrix (permanent) 
[2026-05-03 13:50:05,619][HYDRA] 	#15 : model.L=3 model.bond_dim=12 seed=42 trainer.ridge=5 trainer.ridge_decay=0.25 trainer.ridge_min=0.0001 +experiment=uci_ntn_sweep model=tnml_p dataset=adult
[2026-05-03 13:50:05,785][__main__][INFO] - ⏭ SKIP TNML_P/adult/NTN L=3 bd=12 seed=42 -> /zhome/6b/e/212868/GTN/outputs/ntn/adult/TNML_P_rg5_init0.1/L3_bd12_seed42 | previous run failed with singular matrix (permanent) 
[2026-05-03 13:50:05,788][HYDRA] 	#16 : model.L=3 model.bond_dim=12 seed=10090 trainer.ridge=5 trainer.ridge_decay=0.25 trainer.ridge_min=0.0001 +experiment=uci_ntn_sweep model=tnml_p dataset=adult
[2026-05-03 13:50:05,969][__main__][INFO] - ⏭ SKIP TNML_P/adult/NTN L=3 bd=12 seed=10090 -> /zhome/6b/e/212868/GTN/outputs/ntn/adult/TNML_P_rg5_init0.1/L3_bd12_seed10090 | previous run failed with singular matrix (permanent) 
[2026-05-03 13:50:05,972][HYDRA] 	#17 : model.L=3 model.bond_dim=12 seed=32874 trainer.ridge=5 trainer.ridge_decay=0.25 trainer.ridge_min=0.0001 +experiment=uci_ntn_sweep model=tnml_p dataset=adult
[2026-05-03 13:50:06,126][__main__][INFO] - ⏭ SKIP TNML_P/adult/NTN L=3 bd=12 seed=32874 -> /zhome/6b/e/212868/GTN/outputs/ntn/adult/TNML_P_rg5_init0.1/L3_bd12_seed32874 | previous run failed with singular matrix (permanent) 
[2026-05-03 13:50:06,129][HYDRA] 	#18 : model.L=3 model.bond_dim=12 seed=47311 trainer.ridge=5 trainer.ridge_decay=0.25 trainer.ridge_min=0.0001 +experiment=uci_ntn_sweep model=tnml_p dataset=adult
[2026-05-03 13:50:06,279][__main__][INFO] - ⏭ SKIP TNML_P/adult/NTN L=3 bd=12 seed=47311 -> /zhome/6b/e/212868/GTN/outputs/ntn/adult/TNML_P_rg5_init0.1/L3_bd12_seed47311 | previous run failed with singular matrix (permanent) 
[2026-05-03 13:50:06,282][HYDRA] 	#19 : model.L=3 model.bond_dim=12 seed=47303 trainer.ridge=5 trainer.ridge_decay=0.25 trainer.ridge_min=0.0001 +experiment=uci_ntn_sweep model=tnml_p dataset=adult
[2026-05-03 13:50:06,432][__main__][INFO] - ⏭ SKIP TNML_P/adult/NTN L=3 bd=12 seed=47303 -> /zhome/6b/e/212868/GTN/outputs/ntn/adult/TNML_P_rg5_init0.1/L3_bd12_seed47303 | previous run failed with singular matrix (permanent) 
[2026-05-03 13:50:06,435][HYDRA] 	#20 : model.L=3 model.bond_dim=8 seed=42 trainer.ridge=5 trainer.ridge_decay=0.25 trainer.ridge_min=0.0001 +experiment=uci_ntn_sweep model=tnml_p dataset=adult
[2026-05-03 13:50:06,598][__main__][INFO] - ⏭ SKIP TNML_P/adult/NTN L=3 bd=8 seed=42 -> /zhome/6b/e/212868/GTN/outputs/ntn/adult/TNML_P_rg5_init0.1/L3_bd8_seed42 | previous run failed with singular matrix (permanent) 
[2026-05-03 13:50:06,601][HYDRA] 	#21 : model.L=3 model.bond_dim=8 seed=10090 trainer.ridge=5 trainer.ridge_decay=0.25 trainer.ridge_min=0.0001 +experiment=uci_ntn_sweep model=tnml_p dataset=adult
[2026-05-03 13:50:06,757][__main__][INFO] - ⏭ SKIP TNML_P/adult/NTN L=3 bd=8 seed=10090 -> /zhome/6b/e/212868/GTN/outputs/ntn/adult/TNML_P_rg5_init0.1/L3_bd8_seed10090 | previous run failed with singular matrix (permanent) 
[2026-05-03 13:50:06,760][HYDRA] 	#22 : model.L=3 model.bond_dim=8 seed=32874 trainer.ridge=5 trainer.ridge_decay=0.25 trainer.ridge_min=0.0001 +experiment=uci_ntn_sweep model=tnml_p dataset=adult
[2026-05-03 13:50:06,910][__main__][INFO] - ⏭ SKIP TNML_P/adult/NTN L=3 bd=8 seed=32874 -> /zhome/6b/e/212868/GTN/outputs/ntn/adult/TNML_P_rg5_init0.1/L3_bd8_seed32874 | previous run failed with singular matrix (permanent) 
[2026-05-03 13:50:06,913][HYDRA] 	#23 : model.L=3 model.bond_dim=8 seed=47311 trainer.ridge=5 trainer.ridge_decay=0.25 trainer.ridge_min=0.0001 +experiment=uci_ntn_sweep model=tnml_p dataset=adult
[2026-05-03 13:50:07,076][__main__][INFO] - ⏭ SKIP TNML_P/adult/NTN L=3 bd=8 seed=47311 -> /zhome/6b/e/212868/GTN/outputs/ntn/adult/TNML_P_rg5_init0.1/L3_bd8_seed47311 | previous run failed with singular matrix (permanent) 
[2026-05-03 13:50:07,079][HYDRA] 	#24 : model.L=3 model.bond_dim=8 seed=47303 trainer.ridge=5 trainer.ridge_decay=0.25 trainer.ridge_min=0.0001 +experiment=uci_ntn_sweep model=tnml_p dataset=adult
[2026-05-03 13:50:07,238][__main__][INFO] - ⏭ SKIP TNML_P/adult/NTN L=3 bd=8 seed=47303 -> /zhome/6b/e/212868/GTN/outputs/ntn/adult/TNML_P_rg5_init0.1/L3_bd8_seed47303 | previous run failed with singular matrix (permanent) 
[2026-05-03 13:50:07,241][HYDRA] 	#25 : model.L=3 model.bond_dim=4 seed=42 trainer.ridge=5 trainer.ridge_decay=0.25 trainer.ridge_min=0.0001 +experiment=uci_ntn_sweep model=tnml_p dataset=adult
[2026-05-03 13:50:07,396][__main__][INFO] - ⏭ SKIP TNML_P/adult/NTN L=3 bd=4 seed=42 -> /zhome/6b/e/212868/GTN/outputs/ntn/adult/TNML_P_rg5_init0.1/L3_bd4_seed42 | previous run failed with singular matrix (permanent) 
[2026-05-03 13:50:07,399][HYDRA] 	#26 : model.L=3 model.bond_dim=4 seed=10090 trainer.ridge=5 trainer.ridge_decay=0.25 trainer.ridge_min=0.0001 +experiment=uci_ntn_sweep model=tnml_p dataset=adult
[2026-05-03 13:50:07,946][__main__][INFO] - ⏭ SKIP TNML_P/adult/NTN L=3 bd=4 seed=10090 -> /zhome/6b/e/212868/GTN/outputs/ntn/adult/TNML_P_rg5_init0.1/L3_bd4_seed10090 | previous run failed with singular matrix (permanent) 
[2026-05-03 13:50:07,949][HYDRA] 	#27 : model.L=3 model.bond_dim=4 seed=32874 trainer.ridge=5 trainer.ridge_decay=0.25 trainer.ridge_min=0.0001 +experiment=uci_ntn_sweep model=tnml_p dataset=adult
[2026-05-03 13:50:08,101][__main__][INFO] - ⏭ SKIP TNML_P/adult/NTN L=3 bd=4 seed=32874 -> /zhome/6b/e/212868/GTN/outputs/ntn/adult/TNML_P_rg5_init0.1/L3_bd4_seed32874 | previous run failed with singular matrix (permanent) 
[2026-05-03 13:50:08,104][HYDRA] 	#28 : model.L=3 model.bond_dim=4 seed=47311 trainer.ridge=5 trainer.ridge_decay=0.25 trainer.ridge_min=0.0001 +experiment=uci_ntn_sweep model=tnml_p dataset=adult
[2026-05-03 13:50:08,254][__main__][INFO] - ⏭ SKIP TNML_P/adult/NTN L=3 bd=4 seed=47311 -> /zhome/6b/e/212868/GTN/outputs/ntn/adult/TNML_P_rg5_init0.1/L3_bd4_seed47311 | previous run failed with singular matrix (permanent) 
[2026-05-03 13:50:08,257][HYDRA] 	#29 : model.L=3 model.bond_dim=4 seed=47303 trainer.ridge=5 trainer.ridge_decay=0.25 trainer.ridge_min=0.0001 +experiment=uci_ntn_sweep model=tnml_p dataset=adult
[2026-05-03 13:50:08,415][__main__][INFO] - ⏭ SKIP TNML_P/adult/NTN L=3 bd=4 seed=47303 -> /zhome/6b/e/212868/GTN/outputs/ntn/adult/TNML_P_rg5_init0.1/L3_bd4_seed47303 | previous run failed with singular matrix (permanent) 

------------------------------------------------------------
Sender: LSF System <lsfadmin@hpc.dtu.dk>
Subject: Job 28341043[10]: <ntn_grid_full[1-150]%20> in cluster <dcc> Done

Job <ntn_grid_full[1-150]%20> was submitted from host <hpclogin1> by user <nicci> in cluster <dcc> at Sun May  3 13:49:48 2026
Job was executed on host(s) <6*n-62-11-54>, in queue <hpc>, as user <nicci> in cluster <dcc> at Sun May  3 13:49:49 2026
</zhome/6b/e/212868> was used as the home directory.
</zhome/6b/e/212868/GTN> was used as the working directory.
Started at Sun May  3 13:49:49 2026
Terminated at Sun May  3 13:50:09 2026
Results reported at Sun May  3 13:50:09 2026

Your job looked like:

------------------------------------------------------------
# LSBATCH: User input
#!/bin/bash
#BSUB -q hpc
#BSUB -J "ntn_grid_full[1-150]%20"
#BSUB -W 8:00
#BSUB -n 6
#BSUB -R "rusage[mem=3GB]"
#BSUB -R "span[hosts=1]"
#BSUB -o logs/%J_%I.out
#BSUB -e logs/%J_%I.err

MODELS=("cpda" "cpda_typei" "lmpo2" "lmpo2_typei" "mpo2" "mpo2_typei" "mmpo2" "mmpo2_typei" "tnml_f" "tnml_p")

DATASETS=(
    "abalone" "adult" "ai4i" "appliances" "bank" "bike" "breast"
    "car_evaluation" "concrete" "energy_efficiency" "hearth"
    "iris" "mushrooms" "obesity" "popularity" "realstate"
    "seoulBike" "student_dropout" "student_perf" "wine"
    "winequalityc"
)

COMPLETED_DATASETS=(
    "abalone" "bike" "concrete" "energy_efficiency"
    "iris" "realstate" )

# Filter datasets
FILTERED_DATASETS=()
for ds in "${DATASETS[@]}"; do
    skip=false
    for completed in "${COMPLETED_DATASETS[@]}"; do
        if [[ "$ds" == "$completed" ]]; then
            skip=true
            break
        fi
    done

    if ! $skip; then
        FILTERED_DATASETS+=("$ds")
    fi
done

DATASETS=("${FILTERED_DATASETS[@]}")

NUM_MODELS=${#MODELS[@]}
NUM_DATASETS=${#DATASETS[@]}
NUM_EXPERIMENTS=$((NUM_DATASETS * NUM_MODELS))

if [ "$1" == "test" ]; then
    echo "SIMULATING ARRAY:"
    echo "-----------------"


(... more ...)
------------------------------------------------------------

Successfully completed.

Resource usage summary:

    CPU time :                                   14.42 sec.
    Max Memory :                                 387 MB
    Average Memory :                             387.00 MB
    Total Requested Memory :                     18432.00 MB
    Delta Memory :                               18045.00 MB
    Max Swap :                                   -
    Max Processes :                              4
    Max Threads :                                15
    Run time :                                   20 sec.
    Turnaround time :                            21 sec.

The output (if any) is above this job summary.



PS:

Read file <logs/28341043_10.err> for stderr output of this job.

