Task 25: Dataset=concrete, Model=mpo2, Experiment=uci_ntn_sweep
[2026-05-05 12:28:48,754][HYDRA] Launching 30 jobs locally
[2026-05-05 12:28:48,755][HYDRA] 	#0 : model.L=4 model.bond_dim=12 seed=42 trainer.ridge=5 trainer.ridge_decay=0.25 trainer.ridge_min=0.0001 +experiment=uci_ntn_sweep model=mpo2 dataset=concrete
[2026-05-05 12:28:49,183][utils.tracking][INFO] - Loaded 13074 tracked runs from runs_tracking.csv
[2026-05-05 12:28:49,185][__main__][INFO] - ⏭ SKIP MPO2/concrete/NTN L=4 bd=12 seed=42 -> /zhome/6b/e/212868/GTN/outputs/ntn/concrete/MPO2_rg5_init0.1/L4_bd12_seed42 | already completed successfully (val_quality=0.9248792859544144) val=0.9249
[2026-05-05 12:28:49,188][HYDRA] 	#1 : model.L=4 model.bond_dim=12 seed=10090 trainer.ridge=5 trainer.ridge_decay=0.25 trainer.ridge_min=0.0001 +experiment=uci_ntn_sweep model=mpo2 dataset=concrete
[2026-05-05 12:28:49,347][__main__][INFO] - ⏭ SKIP MPO2/concrete/NTN L=4 bd=12 seed=10090 -> /zhome/6b/e/212868/GTN/outputs/ntn/concrete/MPO2_rg5_init0.1/L4_bd12_seed10090 | already completed successfully (val_quality=0.9157277281401696) val=0.9157
[2026-05-05 12:28:49,350][HYDRA] 	#2 : model.L=4 model.bond_dim=12 seed=32874 trainer.ridge=5 trainer.ridge_decay=0.25 trainer.ridge_min=0.0001 +experiment=uci_ntn_sweep model=mpo2 dataset=concrete
[2026-05-05 12:28:49,512][__main__][INFO] - ⏭ SKIP MPO2/concrete/NTN L=4 bd=12 seed=32874 -> /zhome/6b/e/212868/GTN/outputs/ntn/concrete/MPO2_rg5_init0.1/L4_bd12_seed32874 | already completed successfully (val_quality=0.920590350099742) val=0.9206
[2026-05-05 12:28:49,516][HYDRA] 	#3 : model.L=4 model.bond_dim=12 seed=47311 trainer.ridge=5 trainer.ridge_decay=0.25 trainer.ridge_min=0.0001 +experiment=uci_ntn_sweep model=mpo2 dataset=concrete
[2026-05-05 12:28:49,681][__main__][INFO] - ⏭ SKIP MPO2/concrete/NTN L=4 bd=12 seed=47311 -> /zhome/6b/e/212868/GTN/outputs/ntn/concrete/MPO2_rg5_init0.1/L4_bd12_seed47311 | already completed successfully (val_quality=0.919379978639386) val=0.9194
[2026-05-05 12:28:49,685][HYDRA] 	#4 : model.L=4 model.bond_dim=12 seed=47303 trainer.ridge=5 trainer.ridge_decay=0.25 trainer.ridge_min=0.0001 +experiment=uci_ntn_sweep model=mpo2 dataset=concrete
[2026-05-05 12:28:49,841][__main__][INFO] - ⏭ SKIP MPO2/concrete/NTN L=4 bd=12 seed=47303 -> /zhome/6b/e/212868/GTN/outputs/ntn/concrete/MPO2_rg5_init0.1/L4_bd12_seed47303 | already completed successfully (val_quality=0.916663829783684) val=0.9167
[2026-05-05 12:28:49,844][HYDRA] 	#5 : model.L=4 model.bond_dim=8 seed=42 trainer.ridge=5 trainer.ridge_decay=0.25 trainer.ridge_min=0.0001 +experiment=uci_ntn_sweep model=mpo2 dataset=concrete
[2026-05-05 12:28:50,032][__main__][INFO] - ⏭ SKIP MPO2/concrete/NTN L=4 bd=8 seed=42 -> /zhome/6b/e/212868/GTN/outputs/ntn/concrete/MPO2_rg5_init0.1/L4_bd8_seed42 | already completed successfully (val_quality=0.9221083848476256) val=0.9221
[2026-05-05 12:28:50,035][HYDRA] 	#6 : model.L=4 model.bond_dim=8 seed=10090 trainer.ridge=5 trainer.ridge_decay=0.25 trainer.ridge_min=0.0001 +experiment=uci_ntn_sweep model=mpo2 dataset=concrete
[2026-05-05 12:28:50,231][__main__][INFO] - ⏭ SKIP MPO2/concrete/NTN L=4 bd=8 seed=10090 -> /zhome/6b/e/212868/GTN/outputs/ntn/concrete/MPO2_rg5_init0.1/L4_bd8_seed10090 | already completed successfully (val_quality=0.9265777572335696) val=0.9266
[2026-05-05 12:28:50,241][HYDRA] 	#7 : model.L=4 model.bond_dim=8 seed=32874 trainer.ridge=5 trainer.ridge_decay=0.25 trainer.ridge_min=0.0001 +experiment=uci_ntn_sweep model=mpo2 dataset=concrete
[2026-05-05 12:28:50,399][__main__][INFO] - ⏭ SKIP MPO2/concrete/NTN L=4 bd=8 seed=32874 -> /zhome/6b/e/212868/GTN/outputs/ntn/concrete/MPO2_rg5_init0.1/L4_bd8_seed32874 | already completed successfully (val_quality=0.9158435233708314) val=0.9158
[2026-05-05 12:28:50,401][HYDRA] 	#8 : model.L=4 model.bond_dim=8 seed=47311 trainer.ridge=5 trainer.ridge_decay=0.25 trainer.ridge_min=0.0001 +experiment=uci_ntn_sweep model=mpo2 dataset=concrete
[2026-05-05 12:28:50,561][__main__][INFO] - ⏭ SKIP MPO2/concrete/NTN L=4 bd=8 seed=47311 -> /zhome/6b/e/212868/GTN/outputs/ntn/concrete/MPO2_rg5_init0.1/L4_bd8_seed47311 | already completed successfully (val_quality=0.9232559764623584) val=0.9233
[2026-05-05 12:28:50,563][HYDRA] 	#9 : model.L=4 model.bond_dim=8 seed=47303 trainer.ridge=5 trainer.ridge_decay=0.25 trainer.ridge_min=0.0001 +experiment=uci_ntn_sweep model=mpo2 dataset=concrete
[2026-05-05 12:28:50,721][__main__][INFO] - ⏭ SKIP MPO2/concrete/NTN L=4 bd=8 seed=47303 -> /zhome/6b/e/212868/GTN/outputs/ntn/concrete/MPO2_rg5_init0.1/L4_bd8_seed47303 | already completed successfully (val_quality=0.9127806484951704) val=0.9128
[2026-05-05 12:28:50,724][HYDRA] 	#10 : model.L=4 model.bond_dim=4 seed=42 trainer.ridge=5 trainer.ridge_decay=0.25 trainer.ridge_min=0.0001 +experiment=uci_ntn_sweep model=mpo2 dataset=concrete
[2026-05-05 12:28:50,880][__main__][INFO] - ⏭ SKIP MPO2/concrete/NTN L=4 bd=4 seed=42 -> /zhome/6b/e/212868/GTN/outputs/ntn/concrete/MPO2_rg5_init0.1/L4_bd4_seed42 | already completed successfully (val_quality=0.9191802333227296) val=0.9192
[2026-05-05 12:28:50,883][HYDRA] 	#11 : model.L=4 model.bond_dim=4 seed=10090 trainer.ridge=5 trainer.ridge_decay=0.25 trainer.ridge_min=0.0001 +experiment=uci_ntn_sweep model=mpo2 dataset=concrete
[2026-05-05 12:28:51,049][__main__][INFO] - ⏭ SKIP MPO2/concrete/NTN L=4 bd=4 seed=10090 -> /zhome/6b/e/212868/GTN/outputs/ntn/concrete/MPO2_rg5_init0.1/L4_bd4_seed10090 | already completed successfully (val_quality=0.8971595580152144) val=0.8972
[2026-05-05 12:28:51,052][HYDRA] 	#12 : model.L=4 model.bond_dim=4 seed=32874 trainer.ridge=5 trainer.ridge_decay=0.25 trainer.ridge_min=0.0001 +experiment=uci_ntn_sweep model=mpo2 dataset=concrete
[2026-05-05 12:28:51,210][__main__][INFO] - ⏭ SKIP MPO2/concrete/NTN L=4 bd=4 seed=32874 -> /zhome/6b/e/212868/GTN/outputs/ntn/concrete/MPO2_rg5_init0.1/L4_bd4_seed32874 | already completed successfully (val_quality=0.9144753853013896) val=0.9145
[2026-05-05 12:28:51,213][HYDRA] 	#13 : model.L=4 model.bond_dim=4 seed=47311 trainer.ridge=5 trainer.ridge_decay=0.25 trainer.ridge_min=0.0001 +experiment=uci_ntn_sweep model=mpo2 dataset=concrete
[2026-05-05 12:28:51,372][__main__][INFO] - ⏭ SKIP MPO2/concrete/NTN L=4 bd=4 seed=47311 -> /zhome/6b/e/212868/GTN/outputs/ntn/concrete/MPO2_rg5_init0.1/L4_bd4_seed47311 | already completed successfully (val_quality=0.9079282703495736) val=0.9079
[2026-05-05 12:28:51,375][HYDRA] 	#14 : model.L=4 model.bond_dim=4 seed=47303 trainer.ridge=5 trainer.ridge_decay=0.25 trainer.ridge_min=0.0001 +experiment=uci_ntn_sweep model=mpo2 dataset=concrete
[2026-05-05 12:28:51,541][__main__][INFO] - ⏭ SKIP MPO2/concrete/NTN L=4 bd=4 seed=47303 -> /zhome/6b/e/212868/GTN/outputs/ntn/concrete/MPO2_rg5_init0.1/L4_bd4_seed47303 | already completed successfully (val_quality=0.9132978177270804) val=0.9133
[2026-05-05 12:28:51,544][HYDRA] 	#15 : model.L=3 model.bond_dim=12 seed=42 trainer.ridge=5 trainer.ridge_decay=0.25 trainer.ridge_min=0.0001 +experiment=uci_ntn_sweep model=mpo2 dataset=concrete
[2026-05-05 12:28:51,696][__main__][INFO] - ⏭ SKIP MPO2/concrete/NTN L=3 bd=12 seed=42 -> /zhome/6b/e/212868/GTN/outputs/ntn/concrete/MPO2_rg5_init0.1/L3_bd12_seed42 | already completed successfully (val_quality=0.89268897671016) val=0.8927
[2026-05-05 12:28:51,698][HYDRA] 	#16 : model.L=3 model.bond_dim=12 seed=10090 trainer.ridge=5 trainer.ridge_decay=0.25 trainer.ridge_min=0.0001 +experiment=uci_ntn_sweep model=mpo2 dataset=concrete
[2026-05-05 12:28:51,858][__main__][INFO] - ⏭ SKIP MPO2/concrete/NTN L=3 bd=12 seed=10090 -> /zhome/6b/e/212868/GTN/outputs/ntn/concrete/MPO2_rg5_init0.1/L3_bd12_seed10090 | already completed successfully (val_quality=0.8906859213802708) val=0.8907
[2026-05-05 12:28:51,861][HYDRA] 	#17 : model.L=3 model.bond_dim=12 seed=32874 trainer.ridge=5 trainer.ridge_decay=0.25 trainer.ridge_min=0.0001 +experiment=uci_ntn_sweep model=mpo2 dataset=concrete
[2026-05-05 12:28:52,018][__main__][INFO] - ⏭ SKIP MPO2/concrete/NTN L=3 bd=12 seed=32874 -> /zhome/6b/e/212868/GTN/outputs/ntn/concrete/MPO2_rg5_init0.1/L3_bd12_seed32874 | already completed successfully (val_quality=0.8916584845982388) val=0.8917
[2026-05-05 12:28:52,021][HYDRA] 	#18 : model.L=3 model.bond_dim=12 seed=47311 trainer.ridge=5 trainer.ridge_decay=0.25 trainer.ridge_min=0.0001 +experiment=uci_ntn_sweep model=mpo2 dataset=concrete
[2026-05-05 12:28:52,231][__main__][INFO] - ⏭ SKIP MPO2/concrete/NTN L=3 bd=12 seed=47311 -> /zhome/6b/e/212868/GTN/outputs/ntn/concrete/MPO2_rg5_init0.1/L3_bd12_seed47311 | already completed successfully (val_quality=0.8923155930664839) val=0.8923
[2026-05-05 12:28:52,234][HYDRA] 	#19 : model.L=3 model.bond_dim=12 seed=47303 trainer.ridge=5 trainer.ridge_decay=0.25 trainer.ridge_min=0.0001 +experiment=uci_ntn_sweep model=mpo2 dataset=concrete
[2026-05-05 12:28:52,392][__main__][INFO] - ⏭ SKIP MPO2/concrete/NTN L=3 bd=12 seed=47303 -> /zhome/6b/e/212868/GTN/outputs/ntn/concrete/MPO2_rg5_init0.1/L3_bd12_seed47303 | already completed successfully (val_quality=0.8928397365284395) val=0.8928
[2026-05-05 12:28:52,395][HYDRA] 	#20 : model.L=3 model.bond_dim=8 seed=42 trainer.ridge=5 trainer.ridge_decay=0.25 trainer.ridge_min=0.0001 +experiment=uci_ntn_sweep model=mpo2 dataset=concrete
[2026-05-05 12:28:52,550][__main__][INFO] - ⏭ SKIP MPO2/concrete/NTN L=3 bd=8 seed=42 -> /zhome/6b/e/212868/GTN/outputs/ntn/concrete/MPO2_rg5_init0.1/L3_bd8_seed42 | already completed successfully (val_quality=0.8922063585274753) val=0.8922
[2026-05-05 12:28:52,553][HYDRA] 	#21 : model.L=3 model.bond_dim=8 seed=10090 trainer.ridge=5 trainer.ridge_decay=0.25 trainer.ridge_min=0.0001 +experiment=uci_ntn_sweep model=mpo2 dataset=concrete
[2026-05-05 12:28:52,708][__main__][INFO] - ⏭ SKIP MPO2/concrete/NTN L=3 bd=8 seed=10090 -> /zhome/6b/e/212868/GTN/outputs/ntn/concrete/MPO2_rg5_init0.1/L3_bd8_seed10090 | already completed successfully (val_quality=0.8890004360589586) val=0.8890
[2026-05-05 12:28:52,712][HYDRA] 	#22 : model.L=3 model.bond_dim=8 seed=32874 trainer.ridge=5 trainer.ridge_decay=0.25 trainer.ridge_min=0.0001 +experiment=uci_ntn_sweep model=mpo2 dataset=concrete
[2026-05-05 12:28:52,872][__main__][INFO] - ⏭ SKIP MPO2/concrete/NTN L=3 bd=8 seed=32874 -> /zhome/6b/e/212868/GTN/outputs/ntn/concrete/MPO2_rg5_init0.1/L3_bd8_seed32874 | already completed successfully (val_quality=0.8918589473429266) val=0.8919
[2026-05-05 12:28:52,875][HYDRA] 	#23 : model.L=3 model.bond_dim=8 seed=47311 trainer.ridge=5 trainer.ridge_decay=0.25 trainer.ridge_min=0.0001 +experiment=uci_ntn_sweep model=mpo2 dataset=concrete
[2026-05-05 12:28:53,035][__main__][INFO] - ⏭ SKIP MPO2/concrete/NTN L=3 bd=8 seed=47311 -> /zhome/6b/e/212868/GTN/outputs/ntn/concrete/MPO2_rg5_init0.1/L3_bd8_seed47311 | already completed successfully (val_quality=0.8909163638199117) val=0.8909
[2026-05-05 12:28:53,038][HYDRA] 	#24 : model.L=3 model.bond_dim=8 seed=47303 trainer.ridge=5 trainer.ridge_decay=0.25 trainer.ridge_min=0.0001 +experiment=uci_ntn_sweep model=mpo2 dataset=concrete
[2026-05-05 12:28:53,197][__main__][INFO] - ⏭ SKIP MPO2/concrete/NTN L=3 bd=8 seed=47303 -> /zhome/6b/e/212868/GTN/outputs/ntn/concrete/MPO2_rg5_init0.1/L3_bd8_seed47303 | already completed successfully (val_quality=0.8904569487437624) val=0.8905
[2026-05-05 12:28:53,200][HYDRA] 	#25 : model.L=3 model.bond_dim=4 seed=42 trainer.ridge=5 trainer.ridge_decay=0.25 trainer.ridge_min=0.0001 +experiment=uci_ntn_sweep model=mpo2 dataset=concrete
[2026-05-05 12:28:53,577][__main__][INFO] - ⏭ SKIP MPO2/concrete/NTN L=3 bd=4 seed=42 -> /zhome/6b/e/212868/GTN/outputs/ntn/concrete/MPO2_rg5_init0.1/L3_bd4_seed42 | already completed successfully (val_quality=0.8634427492844444) val=0.8634
[2026-05-05 12:28:53,580][HYDRA] 	#26 : model.L=3 model.bond_dim=4 seed=10090 trainer.ridge=5 trainer.ridge_decay=0.25 trainer.ridge_min=0.0001 +experiment=uci_ntn_sweep model=mpo2 dataset=concrete
[2026-05-05 12:28:53,744][__main__][INFO] - ⏭ SKIP MPO2/concrete/NTN L=3 bd=4 seed=10090 -> /zhome/6b/e/212868/GTN/outputs/ntn/concrete/MPO2_rg5_init0.1/L3_bd4_seed10090 | already completed successfully (val_quality=0.8758775849541203) val=0.8759
[2026-05-05 12:28:53,747][HYDRA] 	#27 : model.L=3 model.bond_dim=4 seed=32874 trainer.ridge=5 trainer.ridge_decay=0.25 trainer.ridge_min=0.0001 +experiment=uci_ntn_sweep model=mpo2 dataset=concrete
[2026-05-05 12:28:53,930][__main__][INFO] - ⏭ SKIP MPO2/concrete/NTN L=3 bd=4 seed=32874 -> /zhome/6b/e/212868/GTN/outputs/ntn/concrete/MPO2_rg5_init0.1/L3_bd4_seed32874 | already completed successfully (val_quality=0.8628544704523322) val=0.8629
[2026-05-05 12:28:53,933][HYDRA] 	#28 : model.L=3 model.bond_dim=4 seed=47311 trainer.ridge=5 trainer.ridge_decay=0.25 trainer.ridge_min=0.0001 +experiment=uci_ntn_sweep model=mpo2 dataset=concrete
[2026-05-05 12:28:54,089][__main__][INFO] - ⏭ SKIP MPO2/concrete/NTN L=3 bd=4 seed=47311 -> /zhome/6b/e/212868/GTN/outputs/ntn/concrete/MPO2_rg5_init0.1/L3_bd4_seed47311 | already completed successfully (val_quality=0.8674827865469164) val=0.8675
[2026-05-05 12:28:54,092][HYDRA] 	#29 : model.L=3 model.bond_dim=4 seed=47303 trainer.ridge=5 trainer.ridge_decay=0.25 trainer.ridge_min=0.0001 +experiment=uci_ntn_sweep model=mpo2 dataset=concrete
[2026-05-05 12:28:54,251][__main__][INFO] - ⏭ SKIP MPO2/concrete/NTN L=3 bd=4 seed=47303 -> /zhome/6b/e/212868/GTN/outputs/ntn/concrete/MPO2_rg5_init0.1/L3_bd4_seed47303 | already completed successfully (val_quality=0.8758422328091506) val=0.8758

------------------------------------------------------------
Sender: LSF System <lsfadmin@hpc.dtu.dk>
Subject: Job 28358285[25]: <ntn_grid_full[1-120]%20> in cluster <dcc> Done

Job <ntn_grid_full[1-120]%20> was submitted from host <hpclogin1> by user <nicci> in cluster <dcc> at Tue May  5 12:26:57 2026
Job was executed on host(s) <6*n-62-28-26>, in queue <hpc>, as user <nicci> in cluster <dcc> at Tue May  5 12:28:38 2026
</zhome/6b/e/212868> was used as the home directory.
</zhome/6b/e/212868/GTN> was used as the working directory.
Started at Tue May  5 12:28:38 2026
Terminated at Tue May  5 12:28:55 2026
Results reported at Tue May  5 12:28:55 2026

Your job looked like:

------------------------------------------------------------
# LSBATCH: User input
#!/bin/bash
#BSUB -q hpc
#BSUB -J "ntn_grid_full[1-120]%20"
#BSUB -W 6:00
#BSUB -n 6
#BSUB -R "rusage[mem=1GB]"
#BSUB -R "span[hosts=1]"
#BSUB -o logs/%J_%I_cpu_newntn.out
#BSUB -e logs/%J_%I_cpu_newntn.err

MODELS=("cpda" "cpda_typei" "lmpo2" "lmpo2_typei" "mpo2" "mpo2_typei" "mmpo2" "mmpo2_typei" "tnml_f" "tnml_p")

DATASETS=(
    "iris"
    "realstate"
    "concrete"
    "energy_efficiency"
    "breast"
    "car_evaluation"
    "wine"
    #medium
    # "winequalityc"
    "abalone"
    "appliances"
    "bank"
    "hearth"
    "student_perf"
    # BIG MAYBE?
    # "bike"
    # "obesity"
    # "student_dropout"
    # "adult"
    # "seoulBike"
    # "ai4i"
    # "mushrooms"
    # "popularity"
)

NUM_MODELS=${#MODELS[@]}
NUM_DATASETS=${#DATASETS[@]}
NUM_EXPERIMENTS=$((NUM_DATASETS * NUM_MODELS))

if [ "$1" == "test" ]; then
    echo "SIMULATING ARRAY:"
    echo "-----------------"

    for ((i=1; i<=NUM_EXPERIMENTS; i++)); do
        IDV=$((i - 1))
        MODEL_IDX=$((IDV % NUM_MODELS))
        DATASET_IDX=$((IDV / NUM_MODELS))

(... more ...)
------------------------------------------------------------

Successfully completed.

Resource usage summary:

    CPU time :                                   13.87 sec.
    Max Memory :                                 396 MB
    Average Memory :                             396.00 MB
    Total Requested Memory :                     6144.00 MB
    Delta Memory :                               5748.00 MB
    Max Swap :                                   -
    Max Processes :                              4
    Max Threads :                                15
    Run time :                                   17 sec.
    Turnaround time :                            118 sec.

The output (if any) is above this job summary.



PS:

Read file <logs/28358285_25_cpu_newntn.err> for stderr output of this job.

