Task 33: Dataset=energy_efficiency, Model=lmpo2, Experiment=uci_ntn_sweep
[2026-05-05 12:29:30,920][HYDRA] Launching 90 jobs locally
[2026-05-05 12:29:30,921][HYDRA] 	#0 : model.reduction_factor=0.3 model.L=4 model.bond_dim=12 seed=42 trainer.ridge=5 trainer.ridge_decay=0.25 trainer.ridge_min=0.0001 +experiment=uci_ntn_sweep model=lmpo2 dataset=energy_efficiency
[2026-05-05 12:29:31,396][utils.tracking][INFO] - Loaded 13074 tracked runs from runs_tracking.csv
[2026-05-05 12:29:31,398][__main__][INFO] - ⏭ SKIP LMPO2/energy_efficiency/NTN L=4 bd=12_rf0.3 seed=42 -> /zhome/6b/e/212868/GTN/outputs/ntn/energy_efficiency/LMPO2_rg5_init0.1/L4_bd12_seed42_rf0.3_bondmpo1 | already completed successfully (val_quality=0.90788788118395) val=0.9079
[2026-05-05 12:29:31,401][HYDRA] 	#1 : model.reduction_factor=0.3 model.L=4 model.bond_dim=12 seed=10090 trainer.ridge=5 trainer.ridge_decay=0.25 trainer.ridge_min=0.0001 +experiment=uci_ntn_sweep model=lmpo2 dataset=energy_efficiency
[2026-05-05 12:29:31,578][__main__][INFO] - ⏭ SKIP LMPO2/energy_efficiency/NTN L=4 bd=12_rf0.3 seed=10090 -> /zhome/6b/e/212868/GTN/outputs/ntn/energy_efficiency/LMPO2_rg5_init0.1/L4_bd12_seed10090_rf0.3_bondmpo1 | already completed successfully (val_quality=0.91885493439646) val=0.9189
[2026-05-05 12:29:31,581][HYDRA] 	#2 : model.reduction_factor=0.3 model.L=4 model.bond_dim=12 seed=32874 trainer.ridge=5 trainer.ridge_decay=0.25 trainer.ridge_min=0.0001 +experiment=uci_ntn_sweep model=lmpo2 dataset=energy_efficiency
[2026-05-05 12:29:31,755][__main__][INFO] - ⏭ SKIP LMPO2/energy_efficiency/NTN L=4 bd=12_rf0.3 seed=32874 -> /zhome/6b/e/212868/GTN/outputs/ntn/energy_efficiency/LMPO2_rg5_init0.1/L4_bd12_seed32874_rf0.3_bondmpo1 | already completed successfully (val_quality=0.9251661517990888) val=0.9252
[2026-05-05 12:29:31,758][HYDRA] 	#3 : model.reduction_factor=0.3 model.L=4 model.bond_dim=12 seed=47311 trainer.ridge=5 trainer.ridge_decay=0.25 trainer.ridge_min=0.0001 +experiment=uci_ntn_sweep model=lmpo2 dataset=energy_efficiency
[2026-05-05 12:29:31,930][__main__][INFO] - ⏭ SKIP LMPO2/energy_efficiency/NTN L=4 bd=12_rf0.3 seed=47311 -> /zhome/6b/e/212868/GTN/outputs/ntn/energy_efficiency/LMPO2_rg5_init0.1/L4_bd12_seed47311_rf0.3_bondmpo1 | already completed successfully (val_quality=0.9094564809632812) val=0.9095
[2026-05-05 12:29:31,933][HYDRA] 	#4 : model.reduction_factor=0.3 model.L=4 model.bond_dim=12 seed=47303 trainer.ridge=5 trainer.ridge_decay=0.25 trainer.ridge_min=0.0001 +experiment=uci_ntn_sweep model=lmpo2 dataset=energy_efficiency
[2026-05-05 12:29:32,114][__main__][INFO] - ⏭ SKIP LMPO2/energy_efficiency/NTN L=4 bd=12_rf0.3 seed=47303 -> /zhome/6b/e/212868/GTN/outputs/ntn/energy_efficiency/LMPO2_rg5_init0.1/L4_bd12_seed47303_rf0.3_bondmpo1 | already completed successfully (val_quality=0.9215171629543252) val=0.9215
[2026-05-05 12:29:32,117][HYDRA] 	#5 : model.reduction_factor=0.3 model.L=4 model.bond_dim=8 seed=42 trainer.ridge=5 trainer.ridge_decay=0.25 trainer.ridge_min=0.0001 +experiment=uci_ntn_sweep model=lmpo2 dataset=energy_efficiency
[2026-05-05 12:29:32,289][__main__][INFO] - ⏭ SKIP LMPO2/energy_efficiency/NTN L=4 bd=8_rf0.3 seed=42 -> /zhome/6b/e/212868/GTN/outputs/ntn/energy_efficiency/LMPO2_rg5_init0.1/L4_bd8_seed42_rf0.3_bondmpo1 | already completed successfully (val_quality=0.914796019426818) val=0.9148
[2026-05-05 12:29:32,293][HYDRA] 	#6 : model.reduction_factor=0.3 model.L=4 model.bond_dim=8 seed=10090 trainer.ridge=5 trainer.ridge_decay=0.25 trainer.ridge_min=0.0001 +experiment=uci_ntn_sweep model=lmpo2 dataset=energy_efficiency
[2026-05-05 12:29:32,472][__main__][INFO] - ⏭ SKIP LMPO2/energy_efficiency/NTN L=4 bd=8_rf0.3 seed=10090 -> /zhome/6b/e/212868/GTN/outputs/ntn/energy_efficiency/LMPO2_rg5_init0.1/L4_bd8_seed10090_rf0.3_bondmpo1 | already completed successfully (val_quality=0.9188409032851826) val=0.9188
[2026-05-05 12:29:32,475][HYDRA] 	#7 : model.reduction_factor=0.3 model.L=4 model.bond_dim=8 seed=32874 trainer.ridge=5 trainer.ridge_decay=0.25 trainer.ridge_min=0.0001 +experiment=uci_ntn_sweep model=lmpo2 dataset=energy_efficiency
[2026-05-05 12:29:32,658][__main__][INFO] - ⏭ SKIP LMPO2/energy_efficiency/NTN L=4 bd=8_rf0.3 seed=32874 -> /zhome/6b/e/212868/GTN/outputs/ntn/energy_efficiency/LMPO2_rg5_init0.1/L4_bd8_seed32874_rf0.3_bondmpo1 | already completed successfully (val_quality=0.9231736651056128) val=0.9232
[2026-05-05 12:29:32,661][HYDRA] 	#8 : model.reduction_factor=0.3 model.L=4 model.bond_dim=8 seed=47311 trainer.ridge=5 trainer.ridge_decay=0.25 trainer.ridge_min=0.0001 +experiment=uci_ntn_sweep model=lmpo2 dataset=energy_efficiency
[2026-05-05 12:29:32,841][__main__][INFO] - ⏭ SKIP LMPO2/energy_efficiency/NTN L=4 bd=8_rf0.3 seed=47311 -> /zhome/6b/e/212868/GTN/outputs/ntn/energy_efficiency/LMPO2_rg5_init0.1/L4_bd8_seed47311_rf0.3_bondmpo1 | already completed successfully (val_quality=0.9086842986964658) val=0.9087
[2026-05-05 12:29:32,843][HYDRA] 	#9 : model.reduction_factor=0.3 model.L=4 model.bond_dim=8 seed=47303 trainer.ridge=5 trainer.ridge_decay=0.25 trainer.ridge_min=0.0001 +experiment=uci_ntn_sweep model=lmpo2 dataset=energy_efficiency
[2026-05-05 12:29:33,027][__main__][INFO] - ⏭ SKIP LMPO2/energy_efficiency/NTN L=4 bd=8_rf0.3 seed=47303 -> /zhome/6b/e/212868/GTN/outputs/ntn/energy_efficiency/LMPO2_rg5_init0.1/L4_bd8_seed47303_rf0.3_bondmpo1 | already completed successfully (val_quality=0.9199446138446292) val=0.9199
[2026-05-05 12:29:33,035][HYDRA] 	#10 : model.reduction_factor=0.3 model.L=4 model.bond_dim=4 seed=42 trainer.ridge=5 trainer.ridge_decay=0.25 trainer.ridge_min=0.0001 +experiment=uci_ntn_sweep model=lmpo2 dataset=energy_efficiency
[2026-05-05 12:29:33,430][__main__][INFO] - ⏭ SKIP LMPO2/energy_efficiency/NTN L=4 bd=4_rf0.3 seed=42 -> /zhome/6b/e/212868/GTN/outputs/ntn/energy_efficiency/LMPO2_rg5_init0.1/L4_bd4_seed42_rf0.3_bondmpo1 | already completed successfully (val_quality=0.9159578508993528) val=0.9160
[2026-05-05 12:29:33,433][HYDRA] 	#11 : model.reduction_factor=0.3 model.L=4 model.bond_dim=4 seed=10090 trainer.ridge=5 trainer.ridge_decay=0.25 trainer.ridge_min=0.0001 +experiment=uci_ntn_sweep model=lmpo2 dataset=energy_efficiency
[2026-05-05 12:29:33,620][__main__][INFO] - ⏭ SKIP LMPO2/energy_efficiency/NTN L=4 bd=4_rf0.3 seed=10090 -> /zhome/6b/e/212868/GTN/outputs/ntn/energy_efficiency/LMPO2_rg5_init0.1/L4_bd4_seed10090_rf0.3_bondmpo1 | already completed successfully (val_quality=0.920219657589534) val=0.9202
[2026-05-05 12:29:33,623][HYDRA] 	#12 : model.reduction_factor=0.3 model.L=4 model.bond_dim=4 seed=32874 trainer.ridge=5 trainer.ridge_decay=0.25 trainer.ridge_min=0.0001 +experiment=uci_ntn_sweep model=lmpo2 dataset=energy_efficiency
[2026-05-05 12:29:33,798][__main__][INFO] - ⏭ SKIP LMPO2/energy_efficiency/NTN L=4 bd=4_rf0.3 seed=32874 -> /zhome/6b/e/212868/GTN/outputs/ntn/energy_efficiency/LMPO2_rg5_init0.1/L4_bd4_seed32874_rf0.3_bondmpo1 | already completed successfully (val_quality=0.9256233923409346) val=0.9256
[2026-05-05 12:29:33,802][HYDRA] 	#13 : model.reduction_factor=0.3 model.L=4 model.bond_dim=4 seed=47311 trainer.ridge=5 trainer.ridge_decay=0.25 trainer.ridge_min=0.0001 +experiment=uci_ntn_sweep model=lmpo2 dataset=energy_efficiency
[2026-05-05 12:29:33,987][__main__][INFO] - ⏭ SKIP LMPO2/energy_efficiency/NTN L=4 bd=4_rf0.3 seed=47311 -> /zhome/6b/e/212868/GTN/outputs/ntn/energy_efficiency/LMPO2_rg5_init0.1/L4_bd4_seed47311_rf0.3_bondmpo1 | already completed successfully (val_quality=0.9261071983221943) val=0.9261
[2026-05-05 12:29:33,990][HYDRA] 	#14 : model.reduction_factor=0.3 model.L=4 model.bond_dim=4 seed=47303 trainer.ridge=5 trainer.ridge_decay=0.25 trainer.ridge_min=0.0001 +experiment=uci_ntn_sweep model=lmpo2 dataset=energy_efficiency
[2026-05-05 12:29:34,166][__main__][INFO] - ⏭ SKIP LMPO2/energy_efficiency/NTN L=4 bd=4_rf0.3 seed=47303 -> /zhome/6b/e/212868/GTN/outputs/ntn/energy_efficiency/LMPO2_rg5_init0.1/L4_bd4_seed47303_rf0.3_bondmpo1 | already completed successfully (val_quality=0.92423512587059) val=0.9242
[2026-05-05 12:29:34,169][HYDRA] 	#15 : model.reduction_factor=0.3 model.L=3 model.bond_dim=12 seed=42 trainer.ridge=5 trainer.ridge_decay=0.25 trainer.ridge_min=0.0001 +experiment=uci_ntn_sweep model=lmpo2 dataset=energy_efficiency
[2026-05-05 12:29:34,341][__main__][INFO] - ⏭ SKIP LMPO2/energy_efficiency/NTN L=3 bd=12_rf0.3 seed=42 -> /zhome/6b/e/212868/GTN/outputs/ntn/energy_efficiency/LMPO2_rg5_init0.1/L3_bd12_seed42_rf0.3_bondmpo1 | already completed successfully (val_quality=0.9349589806001192) val=0.9350
[2026-05-05 12:29:34,344][HYDRA] 	#16 : model.reduction_factor=0.3 model.L=3 model.bond_dim=12 seed=10090 trainer.ridge=5 trainer.ridge_decay=0.25 trainer.ridge_min=0.0001 +experiment=uci_ntn_sweep model=lmpo2 dataset=energy_efficiency
[2026-05-05 12:29:34,518][__main__][INFO] - ⏭ SKIP LMPO2/energy_efficiency/NTN L=3 bd=12_rf0.3 seed=10090 -> /zhome/6b/e/212868/GTN/outputs/ntn/energy_efficiency/LMPO2_rg5_init0.1/L3_bd12_seed10090_rf0.3_bondmpo1 | already completed successfully (val_quality=0.9396754671272411) val=0.9397
[2026-05-05 12:29:34,520][HYDRA] 	#17 : model.reduction_factor=0.3 model.L=3 model.bond_dim=12 seed=32874 trainer.ridge=5 trainer.ridge_decay=0.25 trainer.ridge_min=0.0001 +experiment=uci_ntn_sweep model=lmpo2 dataset=energy_efficiency
[2026-05-05 12:29:34,701][__main__][INFO] - ⏭ SKIP LMPO2/energy_efficiency/NTN L=3 bd=12_rf0.3 seed=32874 -> /zhome/6b/e/212868/GTN/outputs/ntn/energy_efficiency/LMPO2_rg5_init0.1/L3_bd12_seed32874_rf0.3_bondmpo1 | already completed successfully (val_quality=0.9353569871911036) val=0.9354
[2026-05-05 12:29:34,703][HYDRA] 	#18 : model.reduction_factor=0.3 model.L=3 model.bond_dim=12 seed=47311 trainer.ridge=5 trainer.ridge_decay=0.25 trainer.ridge_min=0.0001 +experiment=uci_ntn_sweep model=lmpo2 dataset=energy_efficiency
[2026-05-05 12:29:34,882][__main__][INFO] - ⏭ SKIP LMPO2/energy_efficiency/NTN L=3 bd=12_rf0.3 seed=47311 -> /zhome/6b/e/212868/GTN/outputs/ntn/energy_efficiency/LMPO2_rg5_init0.1/L3_bd12_seed47311_rf0.3_bondmpo1 | already completed successfully (val_quality=0.9339353174924204) val=0.9339
[2026-05-05 12:29:34,885][HYDRA] 	#19 : model.reduction_factor=0.3 model.L=3 model.bond_dim=12 seed=47303 trainer.ridge=5 trainer.ridge_decay=0.25 trainer.ridge_min=0.0001 +experiment=uci_ntn_sweep model=lmpo2 dataset=energy_efficiency
[2026-05-05 12:29:35,058][__main__][INFO] - ⏭ SKIP LMPO2/energy_efficiency/NTN L=3 bd=12_rf0.3 seed=47303 -> /zhome/6b/e/212868/GTN/outputs/ntn/energy_efficiency/LMPO2_rg5_init0.1/L3_bd12_seed47303_rf0.3_bondmpo1 | already completed successfully (val_quality=0.9351816268595396) val=0.9352
[2026-05-05 12:29:35,062][HYDRA] 	#20 : model.reduction_factor=0.3 model.L=3 model.bond_dim=8 seed=42 trainer.ridge=5 trainer.ridge_decay=0.25 trainer.ridge_min=0.0001 +experiment=uci_ntn_sweep model=lmpo2 dataset=energy_efficiency
[2026-05-05 12:29:35,235][__main__][INFO] - ⏭ SKIP LMPO2/energy_efficiency/NTN L=3 bd=8_rf0.3 seed=42 -> /zhome/6b/e/212868/GTN/outputs/ntn/energy_efficiency/LMPO2_rg5_init0.1/L3_bd8_seed42_rf0.3_bondmpo1 | already completed successfully (val_quality=0.93384193482336) val=0.9338
[2026-05-05 12:29:35,258][HYDRA] 	#21 : model.reduction_factor=0.3 model.L=3 model.bond_dim=8 seed=10090 trainer.ridge=5 trainer.ridge_decay=0.25 trainer.ridge_min=0.0001 +experiment=uci_ntn_sweep model=lmpo2 dataset=energy_efficiency
[2026-05-05 12:29:35,432][__main__][INFO] - ⏭ SKIP LMPO2/energy_efficiency/NTN L=3 bd=8_rf0.3 seed=10090 -> /zhome/6b/e/212868/GTN/outputs/ntn/energy_efficiency/LMPO2_rg5_init0.1/L3_bd8_seed10090_rf0.3_bondmpo1 | already completed successfully (val_quality=0.933910418325412) val=0.9339
[2026-05-05 12:29:35,435][HYDRA] 	#22 : model.reduction_factor=0.3 model.L=3 model.bond_dim=8 seed=32874 trainer.ridge=5 trainer.ridge_decay=0.25 trainer.ridge_min=0.0001 +experiment=uci_ntn_sweep model=lmpo2 dataset=energy_efficiency
[2026-05-05 12:29:35,607][__main__][INFO] - ⏭ SKIP LMPO2/energy_efficiency/NTN L=3 bd=8_rf0.3 seed=32874 -> /zhome/6b/e/212868/GTN/outputs/ntn/energy_efficiency/LMPO2_rg5_init0.1/L3_bd8_seed32874_rf0.3_bondmpo1 | already completed successfully (val_quality=0.9337516345799954) val=0.9338
[2026-05-05 12:29:35,610][HYDRA] 	#23 : model.reduction_factor=0.3 model.L=3 model.bond_dim=8 seed=47311 trainer.ridge=5 trainer.ridge_decay=0.25 trainer.ridge_min=0.0001 +experiment=uci_ntn_sweep model=lmpo2 dataset=energy_efficiency
[2026-05-05 12:29:35,792][__main__][INFO] - ⏭ SKIP LMPO2/energy_efficiency/NTN L=3 bd=8_rf0.3 seed=47311 -> /zhome/6b/e/212868/GTN/outputs/ntn/energy_efficiency/LMPO2_rg5_init0.1/L3_bd8_seed47311_rf0.3_bondmpo1 | already completed successfully (val_quality=0.9341458433460542) val=0.9341
[2026-05-05 12:29:35,795][HYDRA] 	#24 : model.reduction_factor=0.3 model.L=3 model.bond_dim=8 seed=47303 trainer.ridge=5 trainer.ridge_decay=0.25 trainer.ridge_min=0.0001 +experiment=uci_ntn_sweep model=lmpo2 dataset=energy_efficiency
[2026-05-05 12:29:35,971][__main__][INFO] - ⏭ SKIP LMPO2/energy_efficiency/NTN L=3 bd=8_rf0.3 seed=47303 -> /zhome/6b/e/212868/GTN/outputs/ntn/energy_efficiency/LMPO2_rg5_init0.1/L3_bd8_seed47303_rf0.3_bondmpo1 | already completed successfully (val_quality=0.9349801069940455) val=0.9350
[2026-05-05 12:29:35,974][HYDRA] 	#25 : model.reduction_factor=0.3 model.L=3 model.bond_dim=4 seed=42 trainer.ridge=5 trainer.ridge_decay=0.25 trainer.ridge_min=0.0001 +experiment=uci_ntn_sweep model=lmpo2 dataset=energy_efficiency
[2026-05-05 12:29:36,372][__main__][INFO] - ⏭ SKIP LMPO2/energy_efficiency/NTN L=3 bd=4_rf0.3 seed=42 -> /zhome/6b/e/212868/GTN/outputs/ntn/energy_efficiency/LMPO2_rg5_init0.1/L3_bd4_seed42_rf0.3_bondmpo1 | already completed successfully (val_quality=0.934397249589907) val=0.9344
[2026-05-05 12:29:36,375][HYDRA] 	#26 : model.reduction_factor=0.3 model.L=3 model.bond_dim=4 seed=10090 trainer.ridge=5 trainer.ridge_decay=0.25 trainer.ridge_min=0.0001 +experiment=uci_ntn_sweep model=lmpo2 dataset=energy_efficiency
[2026-05-05 12:29:36,581][__main__][INFO] - ⏭ SKIP LMPO2/energy_efficiency/NTN L=3 bd=4_rf0.3 seed=10090 -> /zhome/6b/e/212868/GTN/outputs/ntn/energy_efficiency/LMPO2_rg5_init0.1/L3_bd4_seed10090_rf0.3_bondmpo1 | already completed successfully (val_quality=0.9380084583293992) val=0.9380
[2026-05-05 12:29:36,584][HYDRA] 	#27 : model.reduction_factor=0.3 model.L=3 model.bond_dim=4 seed=32874 trainer.ridge=5 trainer.ridge_decay=0.25 trainer.ridge_min=0.0001 +experiment=uci_ntn_sweep model=lmpo2 dataset=energy_efficiency
[2026-05-05 12:29:36,762][__main__][INFO] - ⏭ SKIP LMPO2/energy_efficiency/NTN L=3 bd=4_rf0.3 seed=32874 -> /zhome/6b/e/212868/GTN/outputs/ntn/energy_efficiency/LMPO2_rg5_init0.1/L3_bd4_seed32874_rf0.3_bondmpo1 | already completed successfully (val_quality=0.9320459584351692) val=0.9320
[2026-05-05 12:29:36,764][HYDRA] 	#28 : model.reduction_factor=0.3 model.L=3 model.bond_dim=4 seed=47311 trainer.ridge=5 trainer.ridge_decay=0.25 trainer.ridge_min=0.0001 +experiment=uci_ntn_sweep model=lmpo2 dataset=energy_efficiency
[2026-05-05 12:29:36,944][__main__][INFO] - ⏭ SKIP LMPO2/energy_efficiency/NTN L=3 bd=4_rf0.3 seed=47311 -> /zhome/6b/e/212868/GTN/outputs/ntn/energy_efficiency/LMPO2_rg5_init0.1/L3_bd4_seed47311_rf0.3_bondmpo1 | already completed successfully (val_quality=0.9351195261696524) val=0.9351
[2026-05-05 12:29:36,947][HYDRA] 	#29 : model.reduction_factor=0.3 model.L=3 model.bond_dim=4 seed=47303 trainer.ridge=5 trainer.ridge_decay=0.25 trainer.ridge_min=0.0001 +experiment=uci_ntn_sweep model=lmpo2 dataset=energy_efficiency
[2026-05-05 12:29:37,121][__main__][INFO] - ⏭ SKIP LMPO2/energy_efficiency/NTN L=3 bd=4_rf0.3 seed=47303 -> /zhome/6b/e/212868/GTN/outputs/ntn/energy_efficiency/LMPO2_rg5_init0.1/L3_bd4_seed47303_rf0.3_bondmpo1 | already completed successfully (val_quality=0.9353509005538182) val=0.9354
[2026-05-05 12:29:37,124][HYDRA] 	#30 : model.reduction_factor=0.5 model.L=4 model.bond_dim=12 seed=42 trainer.ridge=5 trainer.ridge_decay=0.25 trainer.ridge_min=0.0001 +experiment=uci_ntn_sweep model=lmpo2 dataset=energy_efficiency
[2026-05-05 12:29:37,385][__main__][INFO] - ⏭ SKIP LMPO2/energy_efficiency/NTN L=4 bd=12_rf0.5 seed=42 -> /zhome/6b/e/212868/GTN/outputs/ntn/energy_efficiency/LMPO2_rg5_init0.1/L4_bd12_seed42_rf0.5_bondmpo1 | already completed successfully (val_quality=0.9418989452067884) val=0.9419
[2026-05-05 12:29:37,388][HYDRA] 	#31 : model.reduction_factor=0.5 model.L=4 model.bond_dim=12 seed=10090 trainer.ridge=5 trainer.ridge_decay=0.25 trainer.ridge_min=0.0001 +experiment=uci_ntn_sweep model=lmpo2 dataset=energy_efficiency
[2026-05-05 12:29:37,568][__main__][INFO] - ⏭ SKIP LMPO2/energy_efficiency/NTN L=4 bd=12_rf0.5 seed=10090 -> /zhome/6b/e/212868/GTN/outputs/ntn/energy_efficiency/LMPO2_rg5_init0.1/L4_bd12_seed10090_rf0.5_bondmpo1 | already completed successfully (val_quality=0.913883479734084) val=0.9139
[2026-05-05 12:29:37,573][HYDRA] 	#32 : model.reduction_factor=0.5 model.L=4 model.bond_dim=12 seed=32874 trainer.ridge=5 trainer.ridge_decay=0.25 trainer.ridge_min=0.0001 +experiment=uci_ntn_sweep model=lmpo2 dataset=energy_efficiency
[2026-05-05 12:29:37,750][__main__][INFO] - ⏭ SKIP LMPO2/energy_efficiency/NTN L=4 bd=12_rf0.5 seed=32874 -> /zhome/6b/e/212868/GTN/outputs/ntn/energy_efficiency/LMPO2_rg5_init0.1/L4_bd12_seed32874_rf0.5_bondmpo1 | already completed successfully (val_quality=0.912446670827758) val=0.9124
[2026-05-05 12:29:37,754][HYDRA] 	#33 : model.reduction_factor=0.5 model.L=4 model.bond_dim=12 seed=47311 trainer.ridge=5 trainer.ridge_decay=0.25 trainer.ridge_min=0.0001 +experiment=uci_ntn_sweep model=lmpo2 dataset=energy_efficiency
[2026-05-05 12:29:37,947][__main__][INFO] - ⏭ SKIP LMPO2/energy_efficiency/NTN L=4 bd=12_rf0.5 seed=47311 -> /zhome/6b/e/212868/GTN/outputs/ntn/energy_efficiency/LMPO2_rg5_init0.1/L4_bd12_seed47311_rf0.5_bondmpo1 | already completed successfully (val_quality=0.9160652377379808) val=0.9161
[2026-05-05 12:29:37,950][HYDRA] 	#34 : model.reduction_factor=0.5 model.L=4 model.bond_dim=12 seed=47303 trainer.ridge=5 trainer.ridge_decay=0.25 trainer.ridge_min=0.0001 +experiment=uci_ntn_sweep model=lmpo2 dataset=energy_efficiency
[2026-05-05 12:29:38,121][__main__][INFO] - ⏭ SKIP LMPO2/energy_efficiency/NTN L=4 bd=12_rf0.5 seed=47303 -> /zhome/6b/e/212868/GTN/outputs/ntn/energy_efficiency/LMPO2_rg5_init0.1/L4_bd12_seed47303_rf0.5_bondmpo1 | already completed successfully (val_quality=0.9131092130745851) val=0.9131
[2026-05-05 12:29:38,123][HYDRA] 	#35 : model.reduction_factor=0.5 model.L=4 model.bond_dim=8 seed=42 trainer.ridge=5 trainer.ridge_decay=0.25 trainer.ridge_min=0.0001 +experiment=uci_ntn_sweep model=lmpo2 dataset=energy_efficiency
[2026-05-05 12:29:38,292][__main__][INFO] - ⏭ SKIP LMPO2/energy_efficiency/NTN L=4 bd=8_rf0.5 seed=42 -> /zhome/6b/e/212868/GTN/outputs/ntn/energy_efficiency/LMPO2_rg5_init0.1/L4_bd8_seed42_rf0.5_bondmpo1 | already completed successfully (val_quality=0.9115683439050688) val=0.9116
[2026-05-05 12:29:38,295][HYDRA] 	#36 : model.reduction_factor=0.5 model.L=4 model.bond_dim=8 seed=10090 trainer.ridge=5 trainer.ridge_decay=0.25 trainer.ridge_min=0.0001 +experiment=uci_ntn_sweep model=lmpo2 dataset=energy_efficiency
[2026-05-05 12:29:38,484][__main__][INFO] - ⏭ SKIP LMPO2/energy_efficiency/NTN L=4 bd=8_rf0.5 seed=10090 -> /zhome/6b/e/212868/GTN/outputs/ntn/energy_efficiency/LMPO2_rg5_init0.1/L4_bd8_seed10090_rf0.5_bondmpo1 | already completed successfully (val_quality=0.915102007281423) val=0.9151
[2026-05-05 12:29:38,487][HYDRA] 	#37 : model.reduction_factor=0.5 model.L=4 model.bond_dim=8 seed=32874 trainer.ridge=5 trainer.ridge_decay=0.25 trainer.ridge_min=0.0001 +experiment=uci_ntn_sweep model=lmpo2 dataset=energy_efficiency
[2026-05-05 12:29:38,657][__main__][INFO] - ⏭ SKIP LMPO2/energy_efficiency/NTN L=4 bd=8_rf0.5 seed=32874 -> /zhome/6b/e/212868/GTN/outputs/ntn/energy_efficiency/LMPO2_rg5_init0.1/L4_bd8_seed32874_rf0.5_bondmpo1 | already completed successfully (val_quality=0.9108653675527074) val=0.9109
[2026-05-05 12:29:38,659][HYDRA] 	#38 : model.reduction_factor=0.5 model.L=4 model.bond_dim=8 seed=47311 trainer.ridge=5 trainer.ridge_decay=0.25 trainer.ridge_min=0.0001 +experiment=uci_ntn_sweep model=lmpo2 dataset=energy_efficiency
[2026-05-05 12:29:38,830][__main__][INFO] - ⏭ SKIP LMPO2/energy_efficiency/NTN L=4 bd=8_rf0.5 seed=47311 -> /zhome/6b/e/212868/GTN/outputs/ntn/energy_efficiency/LMPO2_rg5_init0.1/L4_bd8_seed47311_rf0.5_bondmpo1 | already completed successfully (val_quality=0.93315647830471) val=0.9332
[2026-05-05 12:29:38,844][HYDRA] 	#39 : model.reduction_factor=0.5 model.L=4 model.bond_dim=8 seed=47303 trainer.ridge=5 trainer.ridge_decay=0.25 trainer.ridge_min=0.0001 +experiment=uci_ntn_sweep model=lmpo2 dataset=energy_efficiency
[2026-05-05 12:29:39,016][__main__][INFO] - ⏭ SKIP LMPO2/energy_efficiency/NTN L=4 bd=8_rf0.5 seed=47303 -> /zhome/6b/e/212868/GTN/outputs/ntn/energy_efficiency/LMPO2_rg5_init0.1/L4_bd8_seed47303_rf0.5_bondmpo1 | already completed successfully (val_quality=0.9162114738053236) val=0.9162
[2026-05-05 12:29:39,019][HYDRA] 	#40 : model.reduction_factor=0.5 model.L=4 model.bond_dim=4 seed=42 trainer.ridge=5 trainer.ridge_decay=0.25 trainer.ridge_min=0.0001 +experiment=uci_ntn_sweep model=lmpo2 dataset=energy_efficiency
[2026-05-05 12:29:39,200][__main__][INFO] - ⏭ SKIP LMPO2/energy_efficiency/NTN L=4 bd=4_rf0.5 seed=42 -> /zhome/6b/e/212868/GTN/outputs/ntn/energy_efficiency/LMPO2_rg5_init0.1/L4_bd4_seed42_rf0.5_bondmpo1 | already completed successfully (val_quality=0.9141398505890772) val=0.9141
[2026-05-05 12:29:39,202][HYDRA] 	#41 : model.reduction_factor=0.5 model.L=4 model.bond_dim=4 seed=10090 trainer.ridge=5 trainer.ridge_decay=0.25 trainer.ridge_min=0.0001 +experiment=uci_ntn_sweep model=lmpo2 dataset=energy_efficiency
[2026-05-05 12:29:39,380][__main__][INFO] - ⏭ SKIP LMPO2/energy_efficiency/NTN L=4 bd=4_rf0.5 seed=10090 -> /zhome/6b/e/212868/GTN/outputs/ntn/energy_efficiency/LMPO2_rg5_init0.1/L4_bd4_seed10090_rf0.5_bondmpo1 | already completed successfully (val_quality=0.92397740010494) val=0.9240
[2026-05-05 12:29:39,383][HYDRA] 	#42 : model.reduction_factor=0.5 model.L=4 model.bond_dim=4 seed=32874 trainer.ridge=5 trainer.ridge_decay=0.25 trainer.ridge_min=0.0001 +experiment=uci_ntn_sweep model=lmpo2 dataset=energy_efficiency
[2026-05-05 12:29:39,552][__main__][INFO] - ⏭ SKIP LMPO2/energy_efficiency/NTN L=4 bd=4_rf0.5 seed=32874 -> /zhome/6b/e/212868/GTN/outputs/ntn/energy_efficiency/LMPO2_rg5_init0.1/L4_bd4_seed32874_rf0.5_bondmpo1 | already completed successfully (val_quality=0.9119867476805464) val=0.9120
[2026-05-05 12:29:39,555][HYDRA] 	#43 : model.reduction_factor=0.5 model.L=4 model.bond_dim=4 seed=47311 trainer.ridge=5 trainer.ridge_decay=0.25 trainer.ridge_min=0.0001 +experiment=uci_ntn_sweep model=lmpo2 dataset=energy_efficiency
[2026-05-05 12:29:39,724][__main__][INFO] - ⏭ SKIP LMPO2/energy_efficiency/NTN L=4 bd=4_rf0.5 seed=47311 -> /zhome/6b/e/212868/GTN/outputs/ntn/energy_efficiency/LMPO2_rg5_init0.1/L4_bd4_seed47311_rf0.5_bondmpo1 | already completed successfully (val_quality=0.9324139894857242) val=0.9324
[2026-05-05 12:29:39,726][HYDRA] 	#44 : model.reduction_factor=0.5 model.L=4 model.bond_dim=4 seed=47303 trainer.ridge=5 trainer.ridge_decay=0.25 trainer.ridge_min=0.0001 +experiment=uci_ntn_sweep model=lmpo2 dataset=energy_efficiency
[2026-05-05 12:29:39,896][__main__][INFO] - ⏭ SKIP LMPO2/energy_efficiency/NTN L=4 bd=4_rf0.5 seed=47303 -> /zhome/6b/e/212868/GTN/outputs/ntn/energy_efficiency/LMPO2_rg5_init0.1/L4_bd4_seed47303_rf0.5_bondmpo1 | already completed successfully (val_quality=0.754842481468656) val=0.7548
[2026-05-05 12:29:39,900][HYDRA] 	#45 : model.reduction_factor=0.5 model.L=3 model.bond_dim=12 seed=42 trainer.ridge=5 trainer.ridge_decay=0.25 trainer.ridge_min=0.0001 +experiment=uci_ntn_sweep model=lmpo2 dataset=energy_efficiency
[2026-05-05 12:29:40,074][__main__][INFO] - ⏭ SKIP LMPO2/energy_efficiency/NTN L=3 bd=12_rf0.5 seed=42 -> /zhome/6b/e/212868/GTN/outputs/ntn/energy_efficiency/LMPO2_rg5_init0.1/L3_bd12_seed42_rf0.5_bondmpo1 | already completed successfully (val_quality=0.939432507664796) val=0.9394
[2026-05-05 12:29:40,077][HYDRA] 	#46 : model.reduction_factor=0.5 model.L=3 model.bond_dim=12 seed=10090 trainer.ridge=5 trainer.ridge_decay=0.25 trainer.ridge_min=0.0001 +experiment=uci_ntn_sweep model=lmpo2 dataset=energy_efficiency
[2026-05-05 12:29:40,249][__main__][INFO] - ⏭ SKIP LMPO2/energy_efficiency/NTN L=3 bd=12_rf0.5 seed=10090 -> /zhome/6b/e/212868/GTN/outputs/ntn/energy_efficiency/LMPO2_rg5_init0.1/L3_bd12_seed10090_rf0.5_bondmpo1 | already completed successfully (val_quality=0.932503841482995) val=0.9325
[2026-05-05 12:29:40,252][HYDRA] 	#47 : model.reduction_factor=0.5 model.L=3 model.bond_dim=12 seed=32874 trainer.ridge=5 trainer.ridge_decay=0.25 trainer.ridge_min=0.0001 +experiment=uci_ntn_sweep model=lmpo2 dataset=energy_efficiency
[2026-05-05 12:29:40,420][__main__][INFO] - ⏭ SKIP LMPO2/energy_efficiency/NTN L=3 bd=12_rf0.5 seed=32874 -> /zhome/6b/e/212868/GTN/outputs/ntn/energy_efficiency/LMPO2_rg5_init0.1/L3_bd12_seed32874_rf0.5_bondmpo1 | already completed successfully (val_quality=0.9348294443507604) val=0.9348
[2026-05-05 12:29:40,423][HYDRA] 	#48 : model.reduction_factor=0.5 model.L=3 model.bond_dim=12 seed=47311 trainer.ridge=5 trainer.ridge_decay=0.25 trainer.ridge_min=0.0001 +experiment=uci_ntn_sweep model=lmpo2 dataset=energy_efficiency
[2026-05-05 12:29:40,597][__main__][INFO] - ⏭ SKIP LMPO2/energy_efficiency/NTN L=3 bd=12_rf0.5 seed=47311 -> /zhome/6b/e/212868/GTN/outputs/ntn/energy_efficiency/LMPO2_rg5_init0.1/L3_bd12_seed47311_rf0.5_bondmpo1 | already completed successfully (val_quality=0.9325776699833368) val=0.9326
[2026-05-05 12:29:40,601][HYDRA] 	#49 : model.reduction_factor=0.5 model.L=3 model.bond_dim=12 seed=47303 trainer.ridge=5 trainer.ridge_decay=0.25 trainer.ridge_min=0.0001 +experiment=uci_ntn_sweep model=lmpo2 dataset=energy_efficiency
[2026-05-05 12:29:40,773][__main__][INFO] - ⏭ SKIP LMPO2/energy_efficiency/NTN L=3 bd=12_rf0.5 seed=47303 -> /zhome/6b/e/212868/GTN/outputs/ntn/energy_efficiency/LMPO2_rg5_init0.1/L3_bd12_seed47303_rf0.5_bondmpo1 | already completed successfully (val_quality=0.9351684005813622) val=0.9352
[2026-05-05 12:29:40,775][HYDRA] 	#50 : model.reduction_factor=0.5 model.L=3 model.bond_dim=8 seed=42 trainer.ridge=5 trainer.ridge_decay=0.25 trainer.ridge_min=0.0001 +experiment=uci_ntn_sweep model=lmpo2 dataset=energy_efficiency
[2026-05-05 12:29:40,945][__main__][INFO] - ⏭ SKIP LMPO2/energy_efficiency/NTN L=3 bd=8_rf0.5 seed=42 -> /zhome/6b/e/212868/GTN/outputs/ntn/energy_efficiency/LMPO2_rg5_init0.1/L3_bd8_seed42_rf0.5_bondmpo1 | already completed successfully (val_quality=0.9475234474988145) val=0.9475
[2026-05-05 12:29:40,948][HYDRA] 	#51 : model.reduction_factor=0.5 model.L=3 model.bond_dim=8 seed=10090 trainer.ridge=5 trainer.ridge_decay=0.25 trainer.ridge_min=0.0001 +experiment=uci_ntn_sweep model=lmpo2 dataset=energy_efficiency
[2026-05-05 12:29:41,167][__main__][INFO] - ⏭ SKIP LMPO2/energy_efficiency/NTN L=3 bd=8_rf0.5 seed=10090 -> /zhome/6b/e/212868/GTN/outputs/ntn/energy_efficiency/LMPO2_rg5_init0.1/L3_bd8_seed10090_rf0.5_bondmpo1 | already completed successfully (val_quality=0.9322755277908436) val=0.9323
[2026-05-05 12:29:41,170][HYDRA] 	#52 : model.reduction_factor=0.5 model.L=3 model.bond_dim=8 seed=32874 trainer.ridge=5 trainer.ridge_decay=0.25 trainer.ridge_min=0.0001 +experiment=uci_ntn_sweep model=lmpo2 dataset=energy_efficiency
[2026-05-05 12:29:41,344][__main__][INFO] - ⏭ SKIP LMPO2/energy_efficiency/NTN L=3 bd=8_rf0.5 seed=32874 -> /zhome/6b/e/212868/GTN/outputs/ntn/energy_efficiency/LMPO2_rg5_init0.1/L3_bd8_seed32874_rf0.5_bondmpo1 | already completed successfully (val_quality=0.9341098743845432) val=0.9341
[2026-05-05 12:29:41,346][HYDRA] 	#53 : model.reduction_factor=0.5 model.L=3 model.bond_dim=8 seed=47311 trainer.ridge=5 trainer.ridge_decay=0.25 trainer.ridge_min=0.0001 +experiment=uci_ntn_sweep model=lmpo2 dataset=energy_efficiency
[2026-05-05 12:29:41,755][__main__][INFO] - ⏭ SKIP LMPO2/energy_efficiency/NTN L=3 bd=8_rf0.5 seed=47311 -> /zhome/6b/e/212868/GTN/outputs/ntn/energy_efficiency/LMPO2_rg5_init0.1/L3_bd8_seed47311_rf0.5_bondmpo1 | already completed successfully (val_quality=0.9339498190838208) val=0.9339
[2026-05-05 12:29:41,758][HYDRA] 	#54 : model.reduction_factor=0.5 model.L=3 model.bond_dim=8 seed=47303 trainer.ridge=5 trainer.ridge_decay=0.25 trainer.ridge_min=0.0001 +experiment=uci_ntn_sweep model=lmpo2 dataset=energy_efficiency
[2026-05-05 12:29:42,130][__main__][INFO] - ⏭ SKIP LMPO2/energy_efficiency/NTN L=3 bd=8_rf0.5 seed=47303 -> /zhome/6b/e/212868/GTN/outputs/ntn/energy_efficiency/LMPO2_rg5_init0.1/L3_bd8_seed47303_rf0.5_bondmpo1 | already completed successfully (val_quality=0.6596344443995222) val=0.6596
[2026-05-05 12:29:42,133][HYDRA] 	#55 : model.reduction_factor=0.5 model.L=3 model.bond_dim=4 seed=42 trainer.ridge=5 trainer.ridge_decay=0.25 trainer.ridge_min=0.0001 +experiment=uci_ntn_sweep model=lmpo2 dataset=energy_efficiency
[2026-05-05 12:29:42,333][__main__][INFO] - ⏭ SKIP LMPO2/energy_efficiency/NTN L=3 bd=4_rf0.5 seed=42 -> /zhome/6b/e/212868/GTN/outputs/ntn/energy_efficiency/LMPO2_rg5_init0.1/L3_bd4_seed42_rf0.5_bondmpo1 | already completed successfully (val_quality=0.9452126640579964) val=0.9452
[2026-05-05 12:29:42,335][HYDRA] 	#56 : model.reduction_factor=0.5 model.L=3 model.bond_dim=4 seed=10090 trainer.ridge=5 trainer.ridge_decay=0.25 trainer.ridge_min=0.0001 +experiment=uci_ntn_sweep model=lmpo2 dataset=energy_efficiency
[2026-05-05 12:29:42,506][__main__][INFO] - ⏭ SKIP LMPO2/energy_efficiency/NTN L=3 bd=4_rf0.5 seed=10090 -> /zhome/6b/e/212868/GTN/outputs/ntn/energy_efficiency/LMPO2_rg5_init0.1/L3_bd4_seed10090_rf0.5_bondmpo1 | already completed successfully (val_quality=0.9340243744816996) val=0.9340
[2026-05-05 12:29:42,509][HYDRA] 	#57 : model.reduction_factor=0.5 model.L=3 model.bond_dim=4 seed=32874 trainer.ridge=5 trainer.ridge_decay=0.25 trainer.ridge_min=0.0001 +experiment=uci_ntn_sweep model=lmpo2 dataset=energy_efficiency
[2026-05-05 12:29:42,679][__main__][INFO] - ⏭ SKIP LMPO2/energy_efficiency/NTN L=3 bd=4_rf0.5 seed=32874 -> /zhome/6b/e/212868/GTN/outputs/ntn/energy_efficiency/LMPO2_rg5_init0.1/L3_bd4_seed32874_rf0.5_bondmpo1 | already completed successfully (val_quality=0.9344179312844136) val=0.9344
[2026-05-05 12:29:42,682][HYDRA] 	#58 : model.reduction_factor=0.5 model.L=3 model.bond_dim=4 seed=47311 trainer.ridge=5 trainer.ridge_decay=0.25 trainer.ridge_min=0.0001 +experiment=uci_ntn_sweep model=lmpo2 dataset=energy_efficiency
[2026-05-05 12:29:42,859][__main__][INFO] - ⏭ SKIP LMPO2/energy_efficiency/NTN L=3 bd=4_rf0.5 seed=47311 -> /zhome/6b/e/212868/GTN/outputs/ntn/energy_efficiency/LMPO2_rg5_init0.1/L3_bd4_seed47311_rf0.5_bondmpo1 | already completed successfully (val_quality=0.9320022268772804) val=0.9320
[2026-05-05 12:29:42,862][HYDRA] 	#59 : model.reduction_factor=0.5 model.L=3 model.bond_dim=4 seed=47303 trainer.ridge=5 trainer.ridge_decay=0.25 trainer.ridge_min=0.0001 +experiment=uci_ntn_sweep model=lmpo2 dataset=energy_efficiency
[2026-05-05 12:29:43,038][__main__][INFO] - ⏭ SKIP LMPO2/energy_efficiency/NTN L=3 bd=4_rf0.5 seed=47303 -> /zhome/6b/e/212868/GTN/outputs/ntn/energy_efficiency/LMPO2_rg5_init0.1/L3_bd4_seed47303_rf0.5_bondmpo1 | already completed successfully (val_quality=0.9426573509877364) val=0.9427
[2026-05-05 12:29:43,041][HYDRA] 	#60 : model.reduction_factor=0.9 model.L=4 model.bond_dim=12 seed=42 trainer.ridge=5 trainer.ridge_decay=0.25 trainer.ridge_min=0.0001 +experiment=uci_ntn_sweep model=lmpo2 dataset=energy_efficiency
[2026-05-05 12:29:43,220][__main__][INFO] - ⏭ SKIP LMPO2/energy_efficiency/NTN L=4 bd=12_rf0.9 seed=42 -> /zhome/6b/e/212868/GTN/outputs/ntn/energy_efficiency/LMPO2_rg5_init0.1/L4_bd12_seed42_rf0.9_bondmpo1 | already completed successfully (val_quality=0.925090126589586) val=0.9251
[2026-05-05 12:29:43,223][HYDRA] 	#61 : model.reduction_factor=0.9 model.L=4 model.bond_dim=12 seed=10090 trainer.ridge=5 trainer.ridge_decay=0.25 trainer.ridge_min=0.0001 +experiment=uci_ntn_sweep model=lmpo2 dataset=energy_efficiency
[2026-05-05 12:29:43,471][__main__][INFO] - ⏭ SKIP LMPO2/energy_efficiency/NTN L=4 bd=12_rf0.9 seed=10090 -> /zhome/6b/e/212868/GTN/outputs/ntn/energy_efficiency/LMPO2_rg5_init0.1/L4_bd12_seed10090_rf0.9_bondmpo1 | already completed successfully (val_quality=0.93362324710317) val=0.9336
[2026-05-05 12:29:43,475][HYDRA] 	#62 : model.reduction_factor=0.9 model.L=4 model.bond_dim=12 seed=32874 trainer.ridge=5 trainer.ridge_decay=0.25 trainer.ridge_min=0.0001 +experiment=uci_ntn_sweep model=lmpo2 dataset=energy_efficiency
[2026-05-05 12:29:43,654][__main__][INFO] - ⏭ SKIP LMPO2/energy_efficiency/NTN L=4 bd=12_rf0.9 seed=32874 -> /zhome/6b/e/212868/GTN/outputs/ntn/energy_efficiency/LMPO2_rg5_init0.1/L4_bd12_seed32874_rf0.9_bondmpo1 | already completed successfully (val_quality=0.916130348270975) val=0.9161
[2026-05-05 12:29:43,664][HYDRA] 	#63 : model.reduction_factor=0.9 model.L=4 model.bond_dim=12 seed=47311 trainer.ridge=5 trainer.ridge_decay=0.25 trainer.ridge_min=0.0001 +experiment=uci_ntn_sweep model=lmpo2 dataset=energy_efficiency
[2026-05-05 12:29:43,855][__main__][INFO] - ⏭ SKIP LMPO2/energy_efficiency/NTN L=4 bd=12_rf0.9 seed=47311 -> /zhome/6b/e/212868/GTN/outputs/ntn/energy_efficiency/LMPO2_rg5_init0.1/L4_bd12_seed47311_rf0.9_bondmpo1 | already completed successfully (val_quality=0.9214686545570746) val=0.9215
[2026-05-05 12:29:43,859][HYDRA] 	#64 : model.reduction_factor=0.9 model.L=4 model.bond_dim=12 seed=47303 trainer.ridge=5 trainer.ridge_decay=0.25 trainer.ridge_min=0.0001 +experiment=uci_ntn_sweep model=lmpo2 dataset=energy_efficiency
[2026-05-05 12:29:44,043][__main__][INFO] - ⏭ SKIP LMPO2/energy_efficiency/NTN L=4 bd=12_rf0.9 seed=47303 -> /zhome/6b/e/212868/GTN/outputs/ntn/energy_efficiency/LMPO2_rg5_init0.1/L4_bd12_seed47303_rf0.9_bondmpo1 | already completed successfully (val_quality=0.9346826888697862) val=0.9347
[2026-05-05 12:29:44,050][HYDRA] 	#65 : model.reduction_factor=0.9 model.L=4 model.bond_dim=8 seed=42 trainer.ridge=5 trainer.ridge_decay=0.25 trainer.ridge_min=0.0001 +experiment=uci_ntn_sweep model=lmpo2 dataset=energy_efficiency
[2026-05-05 12:29:44,225][__main__][INFO] - ⏭ SKIP LMPO2/energy_efficiency/NTN L=4 bd=8_rf0.9 seed=42 -> /zhome/6b/e/212868/GTN/outputs/ntn/energy_efficiency/LMPO2_rg5_init0.1/L4_bd8_seed42_rf0.9_bondmpo1 | already completed successfully (val_quality=0.9191884560013668) val=0.9192
[2026-05-05 12:29:44,228][HYDRA] 	#66 : model.reduction_factor=0.9 model.L=4 model.bond_dim=8 seed=10090 trainer.ridge=5 trainer.ridge_decay=0.25 trainer.ridge_min=0.0001 +experiment=uci_ntn_sweep model=lmpo2 dataset=energy_efficiency
[2026-05-05 12:29:44,401][__main__][INFO] - ⏭ SKIP LMPO2/energy_efficiency/NTN L=4 bd=8_rf0.9 seed=10090 -> /zhome/6b/e/212868/GTN/outputs/ntn/energy_efficiency/LMPO2_rg5_init0.1/L4_bd8_seed10090_rf0.9_bondmpo1 | already completed successfully (val_quality=0.9258515371796524) val=0.9259
[2026-05-05 12:29:44,403][HYDRA] 	#67 : model.reduction_factor=0.9 model.L=4 model.bond_dim=8 seed=32874 trainer.ridge=5 trainer.ridge_decay=0.25 trainer.ridge_min=0.0001 +experiment=uci_ntn_sweep model=lmpo2 dataset=energy_efficiency
[2026-05-05 12:29:44,579][__main__][INFO] - ⏭ SKIP LMPO2/energy_efficiency/NTN L=4 bd=8_rf0.9 seed=32874 -> /zhome/6b/e/212868/GTN/outputs/ntn/energy_efficiency/LMPO2_rg5_init0.1/L4_bd8_seed32874_rf0.9_bondmpo1 | already completed successfully (val_quality=0.9154065011664402) val=0.9154
[2026-05-05 12:29:44,581][HYDRA] 	#68 : model.reduction_factor=0.9 model.L=4 model.bond_dim=8 seed=47311 trainer.ridge=5 trainer.ridge_decay=0.25 trainer.ridge_min=0.0001 +experiment=uci_ntn_sweep model=lmpo2 dataset=energy_efficiency
[2026-05-05 12:29:44,754][__main__][INFO] - ⏭ SKIP LMPO2/energy_efficiency/NTN L=4 bd=8_rf0.9 seed=47311 -> /zhome/6b/e/212868/GTN/outputs/ntn/energy_efficiency/LMPO2_rg5_init0.1/L4_bd8_seed47311_rf0.9_bondmpo1 | already completed successfully (val_quality=0.9191046390402878) val=0.9191
[2026-05-05 12:29:44,757][HYDRA] 	#69 : model.reduction_factor=0.9 model.L=4 model.bond_dim=8 seed=47303 trainer.ridge=5 trainer.ridge_decay=0.25 trainer.ridge_min=0.0001 +experiment=uci_ntn_sweep model=lmpo2 dataset=energy_efficiency
[2026-05-05 12:29:44,931][__main__][INFO] - ⏭ SKIP LMPO2/energy_efficiency/NTN L=4 bd=8_rf0.9 seed=47303 -> /zhome/6b/e/212868/GTN/outputs/ntn/energy_efficiency/LMPO2_rg5_init0.1/L4_bd8_seed47303_rf0.9_bondmpo1 | already completed successfully (val_quality=0.9120624933053216) val=0.9121
[2026-05-05 12:29:44,934][HYDRA] 	#70 : model.reduction_factor=0.9 model.L=4 model.bond_dim=4 seed=42 trainer.ridge=5 trainer.ridge_decay=0.25 trainer.ridge_min=0.0001 +experiment=uci_ntn_sweep model=lmpo2 dataset=energy_efficiency
[2026-05-05 12:29:45,106][__main__][INFO] - ⏭ SKIP LMPO2/energy_efficiency/NTN L=4 bd=4_rf0.9 seed=42 -> /zhome/6b/e/212868/GTN/outputs/ntn/energy_efficiency/LMPO2_rg5_init0.1/L4_bd4_seed42_rf0.9_bondmpo1 | already completed successfully (val_quality=0.91411474133397) val=0.9141
[2026-05-05 12:29:45,108][HYDRA] 	#71 : model.reduction_factor=0.9 model.L=4 model.bond_dim=4 seed=10090 trainer.ridge=5 trainer.ridge_decay=0.25 trainer.ridge_min=0.0001 +experiment=uci_ntn_sweep model=lmpo2 dataset=energy_efficiency
[2026-05-05 12:29:45,285][__main__][INFO] - ⏭ SKIP LMPO2/energy_efficiency/NTN L=4 bd=4_rf0.9 seed=10090 -> /zhome/6b/e/212868/GTN/outputs/ntn/energy_efficiency/LMPO2_rg5_init0.1/L4_bd4_seed10090_rf0.9_bondmpo1 | already completed successfully (val_quality=0.9137926355724812) val=0.9138
[2026-05-05 12:29:45,287][HYDRA] 	#72 : model.reduction_factor=0.9 model.L=4 model.bond_dim=4 seed=32874 trainer.ridge=5 trainer.ridge_decay=0.25 trainer.ridge_min=0.0001 +experiment=uci_ntn_sweep model=lmpo2 dataset=energy_efficiency
[2026-05-05 12:29:45,463][__main__][INFO] - ⏭ SKIP LMPO2/energy_efficiency/NTN L=4 bd=4_rf0.9 seed=32874 -> /zhome/6b/e/212868/GTN/outputs/ntn/energy_efficiency/LMPO2_rg5_init0.1/L4_bd4_seed32874_rf0.9_bondmpo1 | already completed successfully (val_quality=0.9235594930317824) val=0.9236
[2026-05-05 12:29:45,466][HYDRA] 	#73 : model.reduction_factor=0.9 model.L=4 model.bond_dim=4 seed=47311 trainer.ridge=5 trainer.ridge_decay=0.25 trainer.ridge_min=0.0001 +experiment=uci_ntn_sweep model=lmpo2 dataset=energy_efficiency
[2026-05-05 12:29:45,641][__main__][INFO] - ⏭ SKIP LMPO2/energy_efficiency/NTN L=4 bd=4_rf0.9 seed=47311 -> /zhome/6b/e/212868/GTN/outputs/ntn/energy_efficiency/LMPO2_rg5_init0.1/L4_bd4_seed47311_rf0.9_bondmpo1 | already completed successfully (val_quality=0.9247585700170612) val=0.9248
[2026-05-05 12:29:45,644][HYDRA] 	#74 : model.reduction_factor=0.9 model.L=4 model.bond_dim=4 seed=47303 trainer.ridge=5 trainer.ridge_decay=0.25 trainer.ridge_min=0.0001 +experiment=uci_ntn_sweep model=lmpo2 dataset=energy_efficiency
[2026-05-05 12:29:45,820][__main__][INFO] - ⏭ SKIP LMPO2/energy_efficiency/NTN L=4 bd=4_rf0.9 seed=47303 -> /zhome/6b/e/212868/GTN/outputs/ntn/energy_efficiency/LMPO2_rg5_init0.1/L4_bd4_seed47303_rf0.9_bondmpo1 | already completed successfully (val_quality=0.9221857676372416) val=0.9222
[2026-05-05 12:29:45,823][HYDRA] 	#75 : model.reduction_factor=0.9 model.L=3 model.bond_dim=12 seed=42 trainer.ridge=5 trainer.ridge_decay=0.25 trainer.ridge_min=0.0001 +experiment=uci_ntn_sweep model=lmpo2 dataset=energy_efficiency
[2026-05-05 12:29:45,998][__main__][INFO] - ⏭ SKIP LMPO2/energy_efficiency/NTN L=3 bd=12_rf0.9 seed=42 -> /zhome/6b/e/212868/GTN/outputs/ntn/energy_efficiency/LMPO2_rg5_init0.1/L3_bd12_seed42_rf0.9_bondmpo1 | already completed successfully (val_quality=0.9469305512040956) val=0.9469
[2026-05-05 12:29:46,001][HYDRA] 	#76 : model.reduction_factor=0.9 model.L=3 model.bond_dim=12 seed=10090 trainer.ridge=5 trainer.ridge_decay=0.25 trainer.ridge_min=0.0001 +experiment=uci_ntn_sweep model=lmpo2 dataset=energy_efficiency
[2026-05-05 12:29:46,172][__main__][INFO] - ⏭ SKIP LMPO2/energy_efficiency/NTN L=3 bd=12_rf0.9 seed=10090 -> /zhome/6b/e/212868/GTN/outputs/ntn/energy_efficiency/LMPO2_rg5_init0.1/L3_bd12_seed10090_rf0.9_bondmpo1 | already completed successfully (val_quality=0.9340309624039732) val=0.9340
[2026-05-05 12:29:46,175][HYDRA] 	#77 : model.reduction_factor=0.9 model.L=3 model.bond_dim=12 seed=32874 trainer.ridge=5 trainer.ridge_decay=0.25 trainer.ridge_min=0.0001 +experiment=uci_ntn_sweep model=lmpo2 dataset=energy_efficiency
[2026-05-05 12:29:46,351][__main__][INFO] - ⏭ SKIP LMPO2/energy_efficiency/NTN L=3 bd=12_rf0.9 seed=32874 -> /zhome/6b/e/212868/GTN/outputs/ntn/energy_efficiency/LMPO2_rg5_init0.1/L3_bd12_seed32874_rf0.9_bondmpo1 | already completed successfully (val_quality=0.9410839401830384) val=0.9411
[2026-05-05 12:29:46,354][HYDRA] 	#78 : model.reduction_factor=0.9 model.L=3 model.bond_dim=12 seed=47311 trainer.ridge=5 trainer.ridge_decay=0.25 trainer.ridge_min=0.0001 +experiment=uci_ntn_sweep model=lmpo2 dataset=energy_efficiency
[2026-05-05 12:29:46,542][__main__][INFO] - ⏭ SKIP LMPO2/energy_efficiency/NTN L=3 bd=12_rf0.9 seed=47311 -> /zhome/6b/e/212868/GTN/outputs/ntn/energy_efficiency/LMPO2_rg5_init0.1/L3_bd12_seed47311_rf0.9_bondmpo1 | already completed successfully (val_quality=0.937685523486257) val=0.9377
[2026-05-05 12:29:46,544][HYDRA] 	#79 : model.reduction_factor=0.9 model.L=3 model.bond_dim=12 seed=47303 trainer.ridge=5 trainer.ridge_decay=0.25 trainer.ridge_min=0.0001 +experiment=uci_ntn_sweep model=lmpo2 dataset=energy_efficiency
[2026-05-05 12:29:46,730][__main__][INFO] - ⏭ SKIP LMPO2/energy_efficiency/NTN L=3 bd=12_rf0.9 seed=47303 -> /zhome/6b/e/212868/GTN/outputs/ntn/energy_efficiency/LMPO2_rg5_init0.1/L3_bd12_seed47303_rf0.9_bondmpo1 | already completed successfully (val_quality=0.9318984013290088) val=0.9319
[2026-05-05 12:29:46,733][HYDRA] 	#80 : model.reduction_factor=0.9 model.L=3 model.bond_dim=8 seed=42 trainer.ridge=5 trainer.ridge_decay=0.25 trainer.ridge_min=0.0001 +experiment=uci_ntn_sweep model=lmpo2 dataset=energy_efficiency
[2026-05-05 12:29:46,928][__main__][INFO] - ⏭ SKIP LMPO2/energy_efficiency/NTN L=3 bd=8_rf0.9 seed=42 -> /zhome/6b/e/212868/GTN/outputs/ntn/energy_efficiency/LMPO2_rg5_init0.1/L3_bd8_seed42_rf0.9_bondmpo1 | already completed successfully (val_quality=0.9335526285883572) val=0.9336
[2026-05-05 12:29:46,930][HYDRA] 	#81 : model.reduction_factor=0.9 model.L=3 model.bond_dim=8 seed=10090 trainer.ridge=5 trainer.ridge_decay=0.25 trainer.ridge_min=0.0001 +experiment=uci_ntn_sweep model=lmpo2 dataset=energy_efficiency
[2026-05-05 12:29:47,105][__main__][INFO] - ⏭ SKIP LMPO2/energy_efficiency/NTN L=3 bd=8_rf0.9 seed=10090 -> /zhome/6b/e/212868/GTN/outputs/ntn/energy_efficiency/LMPO2_rg5_init0.1/L3_bd8_seed10090_rf0.9_bondmpo1 | already completed successfully (val_quality=0.9355376725557288) val=0.9355
[2026-05-05 12:29:47,108][HYDRA] 	#82 : model.reduction_factor=0.9 model.L=3 model.bond_dim=8 seed=32874 trainer.ridge=5 trainer.ridge_decay=0.25 trainer.ridge_min=0.0001 +experiment=uci_ntn_sweep model=lmpo2 dataset=energy_efficiency
[2026-05-05 12:29:47,285][__main__][INFO] - ⏭ SKIP LMPO2/energy_efficiency/NTN L=3 bd=8_rf0.9 seed=32874 -> /zhome/6b/e/212868/GTN/outputs/ntn/energy_efficiency/LMPO2_rg5_init0.1/L3_bd8_seed32874_rf0.9_bondmpo1 | already completed successfully (val_quality=0.932388031706206) val=0.9324
[2026-05-05 12:29:47,287][HYDRA] 	#83 : model.reduction_factor=0.9 model.L=3 model.bond_dim=8 seed=47311 trainer.ridge=5 trainer.ridge_decay=0.25 trainer.ridge_min=0.0001 +experiment=uci_ntn_sweep model=lmpo2 dataset=energy_efficiency
[2026-05-05 12:29:47,671][__main__][INFO] - ⏭ SKIP LMPO2/energy_efficiency/NTN L=3 bd=8_rf0.9 seed=47311 -> /zhome/6b/e/212868/GTN/outputs/ntn/energy_efficiency/LMPO2_rg5_init0.1/L3_bd8_seed47311_rf0.9_bondmpo1 | already completed successfully (val_quality=0.9336304851220124) val=0.9336
[2026-05-05 12:29:47,674][HYDRA] 	#84 : model.reduction_factor=0.9 model.L=3 model.bond_dim=8 seed=47303 trainer.ridge=5 trainer.ridge_decay=0.25 trainer.ridge_min=0.0001 +experiment=uci_ntn_sweep model=lmpo2 dataset=energy_efficiency
[2026-05-05 12:29:47,848][__main__][INFO] - ⏭ SKIP LMPO2/energy_efficiency/NTN L=3 bd=8_rf0.9 seed=47303 -> /zhome/6b/e/212868/GTN/outputs/ntn/energy_efficiency/LMPO2_rg5_init0.1/L3_bd8_seed47303_rf0.9_bondmpo1 | already completed successfully (val_quality=0.9371909401502408) val=0.9372
[2026-05-05 12:29:47,851][HYDRA] 	#85 : model.reduction_factor=0.9 model.L=3 model.bond_dim=4 seed=42 trainer.ridge=5 trainer.ridge_decay=0.25 trainer.ridge_min=0.0001 +experiment=uci_ntn_sweep model=lmpo2 dataset=energy_efficiency
[2026-05-05 12:29:48,025][__main__][INFO] - ⏭ SKIP LMPO2/energy_efficiency/NTN L=3 bd=4_rf0.9 seed=42 -> /zhome/6b/e/212868/GTN/outputs/ntn/energy_efficiency/LMPO2_rg5_init0.1/L3_bd4_seed42_rf0.9_bondmpo1 | already completed successfully (val_quality=0.9429555958061516) val=0.9430
[2026-05-05 12:29:48,028][HYDRA] 	#86 : model.reduction_factor=0.9 model.L=3 model.bond_dim=4 seed=10090 trainer.ridge=5 trainer.ridge_decay=0.25 trainer.ridge_min=0.0001 +experiment=uci_ntn_sweep model=lmpo2 dataset=energy_efficiency
[2026-05-05 12:29:48,201][__main__][INFO] - ⏭ SKIP LMPO2/energy_efficiency/NTN L=3 bd=4_rf0.9 seed=10090 -> /zhome/6b/e/212868/GTN/outputs/ntn/energy_efficiency/LMPO2_rg5_init0.1/L3_bd4_seed10090_rf0.9_bondmpo1 | already completed successfully (val_quality=0.9358467484786668) val=0.9358
[2026-05-05 12:29:48,204][HYDRA] 	#87 : model.reduction_factor=0.9 model.L=3 model.bond_dim=4 seed=32874 trainer.ridge=5 trainer.ridge_decay=0.25 trainer.ridge_min=0.0001 +experiment=uci_ntn_sweep model=lmpo2 dataset=energy_efficiency
[2026-05-05 12:29:48,591][__main__][INFO] - ⏭ SKIP LMPO2/energy_efficiency/NTN L=3 bd=4_rf0.9 seed=32874 -> /zhome/6b/e/212868/GTN/outputs/ntn/energy_efficiency/LMPO2_rg5_init0.1/L3_bd4_seed32874_rf0.9_bondmpo1 | already completed successfully (val_quality=0.939982278100741) val=0.9400
[2026-05-05 12:29:48,595][HYDRA] 	#88 : model.reduction_factor=0.9 model.L=3 model.bond_dim=4 seed=47311 trainer.ridge=5 trainer.ridge_decay=0.25 trainer.ridge_min=0.0001 +experiment=uci_ntn_sweep model=lmpo2 dataset=energy_efficiency
[2026-05-05 12:29:48,768][__main__][INFO] - ⏭ SKIP LMPO2/energy_efficiency/NTN L=3 bd=4_rf0.9 seed=47311 -> /zhome/6b/e/212868/GTN/outputs/ntn/energy_efficiency/LMPO2_rg5_init0.1/L3_bd4_seed47311_rf0.9_bondmpo1 | already completed successfully (val_quality=0.9339004528899324) val=0.9339
[2026-05-05 12:29:48,770][HYDRA] 	#89 : model.reduction_factor=0.9 model.L=3 model.bond_dim=4 seed=47303 trainer.ridge=5 trainer.ridge_decay=0.25 trainer.ridge_min=0.0001 +experiment=uci_ntn_sweep model=lmpo2 dataset=energy_efficiency
[2026-05-05 12:29:48,954][__main__][INFO] - ⏭ SKIP LMPO2/energy_efficiency/NTN L=3 bd=4_rf0.9 seed=47303 -> /zhome/6b/e/212868/GTN/outputs/ntn/energy_efficiency/LMPO2_rg5_init0.1/L3_bd4_seed47303_rf0.9_bondmpo1 | already completed successfully (val_quality=0.9394022708963332) val=0.9394

------------------------------------------------------------
Sender: LSF System <lsfadmin@hpc.dtu.dk>
Subject: Job 28358285[33]: <ntn_grid_full[1-120]%20> in cluster <dcc> Done

Job <ntn_grid_full[1-120]%20> was submitted from host <hpclogin1> by user <nicci> in cluster <dcc> at Tue May  5 12:26:57 2026
Job was executed on host(s) <6*n-62-21-71>, in queue <hpc>, as user <nicci> in cluster <dcc> at Tue May  5 12:29:12 2026
</zhome/6b/e/212868> was used as the home directory.
</zhome/6b/e/212868/GTN> was used as the working directory.
Started at Tue May  5 12:29:12 2026
Terminated at Tue May  5 12:29:49 2026
Results reported at Tue May  5 12:29:49 2026

Your job looked like:

------------------------------------------------------------
# LSBATCH: User input
#!/bin/bash
#BSUB -q hpc
#BSUB -J "ntn_grid_full[1-120]%20"
#BSUB -W 6:00
#BSUB -n 6
#BSUB -R "rusage[mem=1GB]"
#BSUB -R "span[hosts=1]"
#BSUB -o logs/%J_%I_cpu_newntn.out
#BSUB -e logs/%J_%I_cpu_newntn.err

MODELS=("cpda" "cpda_typei" "lmpo2" "lmpo2_typei" "mpo2" "mpo2_typei" "mmpo2" "mmpo2_typei" "tnml_f" "tnml_p")

DATASETS=(
    "iris"
    "realstate"
    "concrete"
    "energy_efficiency"
    "breast"
    "car_evaluation"
    "wine"
    #medium
    # "winequalityc"
    "abalone"
    "appliances"
    "bank"
    "hearth"
    "student_perf"
    # BIG MAYBE?
    # "bike"
    # "obesity"
    # "student_dropout"
    # "adult"
    # "seoulBike"
    # "ai4i"
    # "mushrooms"
    # "popularity"
)

NUM_MODELS=${#MODELS[@]}
NUM_DATASETS=${#DATASETS[@]}
NUM_EXPERIMENTS=$((NUM_DATASETS * NUM_MODELS))

if [ "$1" == "test" ]; then
    echo "SIMULATING ARRAY:"
    echo "-----------------"

    for ((i=1; i<=NUM_EXPERIMENTS; i++)); do
        IDV=$((i - 1))
        MODEL_IDX=$((IDV % NUM_MODELS))
        DATASET_IDX=$((IDV / NUM_MODELS))

(... more ...)
------------------------------------------------------------

Successfully completed.

Resource usage summary:

    CPU time :                                   31.48 sec.
    Max Memory :                                 391 MB
    Average Memory :                             390.33 MB
    Total Requested Memory :                     6144.00 MB
    Delta Memory :                               5753.00 MB
    Max Swap :                                   -
    Max Processes :                              4
    Max Threads :                                15
    Run time :                                   37 sec.
    Turnaround time :                            172 sec.

The output (if any) is above this job summary.



PS:

Read file <logs/28358285_33_cpu_newntn.err> for stderr output of this job.

