Task 8: Dataset=iris, Model=mmpo2_typei, Experiment=uci_ntn_sweep
[2026-05-05 11:25:17,451][HYDRA] Launching 30 jobs locally
[2026-05-05 11:25:17,452][HYDRA] 	#0 : model.L=4 model.bond_dim=12 seed=42 trainer.ridge=5 trainer.ridge_decay=0.25 trainer.ridge_min=0.0001 +experiment=uci_ntn_sweep model=mmpo2_typei dataset=iris
[2026-05-05 11:25:17,696][utils.tracking][INFO] - Loaded 9933 tracked runs from runs_tracking.csv
[2026-05-05 11:25:17,697][__main__][INFO] - ▶ RUN MMPO2TypeI/iris/NTN L=4 bd=12 seed=42 -> /zhome/6b/e/212868/GTN/outputs/ntn/iris/MMPO2TypeI_rg5_init0.1/L4_bd12_seed42
Starting Ensemble Fit: 20 epochs
Models: [(1, 1), (2, 2), (3, 3), (4, 4)]
Total nodes: 10
Validation: Using separate validation set
Early stopping: patience=10, min_delta=0.001
Init    | Train: loss: 1.29485 | quality: 0.15238
        | Val:   loss: 1.23614 | quality: 0.22727

Epoch 1 | Train: loss: 0.42375 | quality: 0.83810
        | Val:   loss: 0.24864 | quality: 0.90909
 *
Epoch 2 | Train: loss: 0.23450 | quality: 0.96190
        | Val:   loss: 0.12944 | quality: 1.00000
 *
Epoch 3 | Train: loss: 0.10717 | quality: 0.98095
        | Val:   loss: 0.07068 | quality: 1.00000
 *
Epoch 4 | Train: loss: 0.05327 | quality: 0.99048
        | Val:   loss: 0.02177 | quality: 1.00000
 *
Epoch 5 | Train: loss: 0.02815 | quality: 1.00000
        | Val:   loss: 0.01538 | quality: 1.00000
 *
Epoch 6 | Train: loss: 0.56894 | quality: 0.91429
        | Val:   loss: 0.98637 | quality: 0.81818

Epoch 7 | Train: loss: 331988943097852492284578664434190848016143422152713241643562680210830982628396199058540836541151282353440428553805910288380646046546332234216631265906778601209784579972918117644642499773592464501957497042643370270695084181134098623905293292619864682193188575204726204872691548160.00000 | quality: 0.68571
        | Val:   loss: 75941457858948418002792481193667660728724847124850417058888794232768387191192719879678041666429643368156133281882436373930505329760853028953868503279636316512941136200944886580334134759949977253968712942559100592023641315668391296547232528904146859737075585517566010815089213440.00000 | quality: 0.86364


✗ NaN loss at epoch 8 - stopping training
[2026-05-05 11:25:26,545][__main__][WARNING] - ✗ SINGULAR MMPO2TypeI/iris/NTN L=4 bd=12 seed=42 -> /zhome/6b/e/212868/GTN/outputs/ntn/iris/MMPO2TypeI_rg5_init0.1/L4_bd12_seed42 | val=1.0000
[2026-05-05 11:25:26,548][HYDRA] 	#1 : model.L=4 model.bond_dim=12 seed=10090 trainer.ridge=5 trainer.ridge_decay=0.25 trainer.ridge_min=0.0001 +experiment=uci_ntn_sweep model=mmpo2_typei dataset=iris
[2026-05-05 11:25:26,778][__main__][INFO] - ▶ RUN MMPO2TypeI/iris/NTN L=4 bd=12 seed=10090 -> /zhome/6b/e/212868/GTN/outputs/ntn/iris/MMPO2TypeI_rg5_init0.1/L4_bd12_seed10090
Starting Ensemble Fit: 20 epochs
Models: [(1, 1), (2, 2), (3, 3), (4, 4)]
Total nodes: 10
Validation: Using separate validation set
Early stopping: patience=10, min_delta=0.001
Init    | Train: loss: 1.42014 | quality: 0.28571
        | Val:   loss: 1.61824 | quality: 0.13636

Epoch 1 | Train: loss: 0.42181 | quality: 0.80000
        | Val:   loss: 0.24997 | quality: 0.86364
 *
Epoch 2 | Train: loss: 0.21987 | quality: 0.96190
        | Val:   loss: 0.12360 | quality: 1.00000
 *
Epoch 3 | Train: loss: 0.09977 | quality: 0.98095
        | Val:   loss: 0.05680 | quality: 1.00000
 *
Epoch 4 | Train: loss: 0.05567 | quality: 0.99048
        | Val:   loss: 0.02261 | quality: 1.00000
 *
Epoch 5 | Train: loss: 0.02610 | quality: 1.00000
        | Val:   loss: 0.01907 | quality: 1.00000
 *
Epoch 6 | Train: loss: 0.01185 | quality: 1.00000
        | Val:   loss: 0.05061 | quality: 0.95455

Epoch 7 | Train: loss: 0.00710 | quality: 1.00000
        | Val:   loss: 0.08683 | quality: 0.95455

Epoch 8 | Train: loss: 7445247207827.79883 | quality: 0.37143
        | Val:   loss: 6289741178130.11035 | quality: 0.63636

Epoch 9 | Train: loss: 91338583474395423822496922143878961543604094854376778012546557076365126583341381147749229216224604706175841353751861569284884991577388395045147663701989309657513831207728150740992.00000 | quality: 0.33333
        | Val:   loss: 182323354483783628123365213031732625010334778593408536695977044361288424685365287400686303998182636337798407077918850053704927095655966172389615904889554852513826766331501057409024.00000 | quality: 0.27273


✗ NaN loss at epoch 10 - stopping training
[2026-05-05 11:25:28,468][__main__][WARNING] - ✗ SINGULAR MMPO2TypeI/iris/NTN L=4 bd=12 seed=10090 -> /zhome/6b/e/212868/GTN/outputs/ntn/iris/MMPO2TypeI_rg5_init0.1/L4_bd12_seed10090 | val=1.0000
[2026-05-05 11:25:28,470][HYDRA] 	#2 : model.L=4 model.bond_dim=12 seed=32874 trainer.ridge=5 trainer.ridge_decay=0.25 trainer.ridge_min=0.0001 +experiment=uci_ntn_sweep model=mmpo2_typei dataset=iris
[2026-05-05 11:25:28,636][__main__][INFO] - ▶ RUN MMPO2TypeI/iris/NTN L=4 bd=12 seed=32874 -> /zhome/6b/e/212868/GTN/outputs/ntn/iris/MMPO2TypeI_rg5_init0.1/L4_bd12_seed32874
Starting Ensemble Fit: 20 epochs
Models: [(1, 1), (2, 2), (3, 3), (4, 4)]
Total nodes: 10
Validation: Using separate validation set
Early stopping: patience=10, min_delta=0.001
Init    | Train: loss: 0.66869 | quality: 0.64762
        | Val:   loss: 0.48439 | quality: 0.86364

Epoch 1 | Train: loss: 0.42263 | quality: 0.82857
        | Val:   loss: 0.24336 | quality: 0.95455
 *
Epoch 2 | Train: loss: 0.23459 | quality: 0.96190
        | Val:   loss: 0.13010 | quality: 1.00000
 *
Epoch 3 | Train: loss: 0.10554 | quality: 0.98095
        | Val:   loss: 0.05834 | quality: 1.00000
 *
Epoch 4 | Train: loss: 0.05429 | quality: 0.99048
        | Val:   loss: 0.02276 | quality: 1.00000
 *
Epoch 5 | Train: loss: 0.02328 | quality: 1.00000
        | Val:   loss: 0.02037 | quality: 1.00000
 *
Epoch 6 | Train: loss: 0.00938 | quality: 1.00000
        | Val:   loss: 0.07469 | quality: 0.95455

Epoch 7 | Train: loss: 776308060857609178495289478798323213020345546992117738373120.00000 | quality: 0.28571
        | Val:   loss: 430867242044086290729177779410968546756735041912927269421056.00000 | quality: 0.59091


✗ NaN loss at epoch 8 - stopping training
[2026-05-05 11:25:30,173][__main__][WARNING] - ✗ SINGULAR MMPO2TypeI/iris/NTN L=4 bd=12 seed=32874 -> /zhome/6b/e/212868/GTN/outputs/ntn/iris/MMPO2TypeI_rg5_init0.1/L4_bd12_seed32874 | val=1.0000
[2026-05-05 11:25:30,175][HYDRA] 	#3 : model.L=4 model.bond_dim=12 seed=47311 trainer.ridge=5 trainer.ridge_decay=0.25 trainer.ridge_min=0.0001 +experiment=uci_ntn_sweep model=mmpo2_typei dataset=iris
[2026-05-05 11:25:30,335][__main__][INFO] - ▶ RUN MMPO2TypeI/iris/NTN L=4 bd=12 seed=47311 -> /zhome/6b/e/212868/GTN/outputs/ntn/iris/MMPO2TypeI_rg5_init0.1/L4_bd12_seed47311
Starting Ensemble Fit: 20 epochs
Models: [(1, 1), (2, 2), (3, 3), (4, 4)]
Total nodes: 10
Validation: Using separate validation set
Early stopping: patience=10, min_delta=0.001
Init    | Train: loss: 0.96581 | quality: 0.41905
        | Val:   loss: 0.71486 | quality: 0.63636

Epoch 1 | Train: loss: 0.43046 | quality: 0.82857
        | Val:   loss: 0.25204 | quality: 0.90909
 *
Epoch 2 | Train: loss: 0.23549 | quality: 0.95238
        | Val:   loss: 0.13132 | quality: 1.00000
 *
Epoch 3 | Train: loss: 0.10726 | quality: 0.98095
        | Val:   loss: 0.06283 | quality: 1.00000
 *
Epoch 4 | Train: loss: 0.05564 | quality: 0.99048
        | Val:   loss: 0.02120 | quality: 1.00000
 *
Epoch 5 | Train: loss: 0.02855 | quality: 1.00000
        | Val:   loss: 0.01812 | quality: 1.00000
 *
Epoch 6 | Train: loss: 0.01226 | quality: 1.00000
        | Val:   loss: 0.05131 | quality: 0.95455

Epoch 7 | Train: loss: 0.00456 | quality: 1.00000
        | Val:   loss: 0.13687 | quality: 0.95455

Epoch 8 | Train: loss: 0.00163 | quality: 1.00000
        | Val:   loss: 1.25952 | quality: 0.90909

Epoch 9 | Train: loss: 2425.99611 | quality: 0.55238
        | Val:   loss: 1982.09712 | quality: 0.72727

Epoch 10 | Train: loss: 592311282195201596941144969816819548994190645854929665468043303560076008026165867082013346398887531759605626489962255643295350784.00000 | quality: 0.41905
        | Val:   loss: 456689163137211716789069518037082214566452100774457722899271123151020026887096708685724349949723987611129597279372506249362931712.00000 | quality: 0.68182


✗ NaN loss at epoch 11 - stopping training
[2026-05-05 11:25:32,273][__main__][WARNING] - ✗ SINGULAR MMPO2TypeI/iris/NTN L=4 bd=12 seed=47311 -> /zhome/6b/e/212868/GTN/outputs/ntn/iris/MMPO2TypeI_rg5_init0.1/L4_bd12_seed47311 | val=1.0000
[2026-05-05 11:25:32,276][HYDRA] 	#4 : model.L=4 model.bond_dim=12 seed=47303 trainer.ridge=5 trainer.ridge_decay=0.25 trainer.ridge_min=0.0001 +experiment=uci_ntn_sweep model=mmpo2_typei dataset=iris
[2026-05-05 11:25:32,444][__main__][INFO] - ▶ RUN MMPO2TypeI/iris/NTN L=4 bd=12 seed=47303 -> /zhome/6b/e/212868/GTN/outputs/ntn/iris/MMPO2TypeI_rg5_init0.1/L4_bd12_seed47303
Starting Ensemble Fit: 20 epochs
Models: [(1, 1), (2, 2), (3, 3), (4, 4)]
Total nodes: 10
Validation: Using separate validation set
Early stopping: patience=10, min_delta=0.001
Init    | Train: loss: 1.29772 | quality: 0.24762
        | Val:   loss: 1.23227 | quality: 0.22727

Epoch 1 | Train: loss: 0.42141 | quality: 0.82857
        | Val:   loss: 0.24061 | quality: 0.90909
 *
Epoch 2 | Train: loss: 0.21893 | quality: 0.95238
        | Val:   loss: 0.12141 | quality: 1.00000
 *
Epoch 3 | Train: loss: 0.10418 | quality: 0.98095
        | Val:   loss: 0.05888 | quality: 1.00000
 *
Epoch 4 | Train: loss: 0.05676 | quality: 0.99048
        | Val:   loss: 0.02291 | quality: 1.00000
 *
Epoch 5 | Train: loss: 0.02835 | quality: 1.00000
        | Val:   loss: 0.01872 | quality: 1.00000
 *
Epoch 6 | Train: loss: 0.01512 | quality: 1.00000
        | Val:   loss: 0.03679 | quality: 0.95455

Epoch 7 | Train: loss: 0.00591 | quality: 1.00000
        | Val:   loss: 0.14840 | quality: 0.95455

Epoch 8 | Train: loss: 127502132092722715538778345417257197704705505325463049957522354114396160.00000 | quality: 0.43810
        | Val:   loss: 180707804893153204746271041129192495805382019313607337413245231404417024.00000 | quality: 0.54545


✗ NaN loss at epoch 9 - stopping training
[2026-05-05 11:25:34,032][__main__][WARNING] - ✗ SINGULAR MMPO2TypeI/iris/NTN L=4 bd=12 seed=47303 -> /zhome/6b/e/212868/GTN/outputs/ntn/iris/MMPO2TypeI_rg5_init0.1/L4_bd12_seed47303 | val=1.0000
[2026-05-05 11:25:34,034][HYDRA] 	#5 : model.L=4 model.bond_dim=8 seed=42 trainer.ridge=5 trainer.ridge_decay=0.25 trainer.ridge_min=0.0001 +experiment=uci_ntn_sweep model=mmpo2_typei dataset=iris
[2026-05-05 11:25:34,197][__main__][INFO] - ▶ RUN MMPO2TypeI/iris/NTN L=4 bd=8 seed=42 -> /zhome/6b/e/212868/GTN/outputs/ntn/iris/MMPO2TypeI_rg5_init0.1/L4_bd8_seed42
Starting Ensemble Fit: 20 epochs
Models: [(1, 1), (2, 2), (3, 3), (4, 4)]
Total nodes: 10
Validation: Using separate validation set
Early stopping: patience=10, min_delta=0.001
Init    | Train: loss: 1.26678 | quality: 0.12381
        | Val:   loss: 1.22046 | quality: 0.18182

Epoch 1 | Train: loss: 0.44109 | quality: 0.82857
        | Val:   loss: 0.26405 | quality: 0.95455
 *
Epoch 2 | Train: loss: 0.23279 | quality: 0.96190
        | Val:   loss: 0.12881 | quality: 1.00000
 *
Epoch 3 | Train: loss: 0.10788 | quality: 0.98095
        | Val:   loss: 0.05906 | quality: 1.00000
 *
Epoch 4 | Train: loss: 0.05775 | quality: 0.99048
        | Val:   loss: 0.02253 | quality: 1.00000
 *
Epoch 5 | Train: loss: 105875484388121167003648.00000 | quality: 0.38095
        | Val:   loss: 129987502252359554170880.00000 | quality: 0.50000

Epoch 6 | Train: loss: 165493355973154525872848063661718101023745934948601748690901068098721678381364378515883942984215065294896391906344750970267386112212001021606246822274833266714657912441041565992053249194833794744176409990813265841628874873314548149030194992124590184007353892816755356319184994753626637336576.00000 | quality: 0.36190
        | Val:   loss: 137394262000432867452191412294521535867131029616097662108081819632611713910084182226095407562928727519846513198878814199421680785045609396819994374336073610336742241295563896205912536800074327111438469875420245869426691679271432209478924370026667060690201706049812554592802751987004328640512.00000 | quality: 0.59091


✗ NaN loss at epoch 7 - stopping training
[2026-05-05 11:25:40,701][__main__][WARNING] - ✗ SINGULAR MMPO2TypeI/iris/NTN L=4 bd=8 seed=42 -> /zhome/6b/e/212868/GTN/outputs/ntn/iris/MMPO2TypeI_rg5_init0.1/L4_bd8_seed42 | val=1.0000
[2026-05-05 11:25:40,704][HYDRA] 	#6 : model.L=4 model.bond_dim=8 seed=10090 trainer.ridge=5 trainer.ridge_decay=0.25 trainer.ridge_min=0.0001 +experiment=uci_ntn_sweep model=mmpo2_typei dataset=iris
[2026-05-05 11:25:40,868][__main__][INFO] - ▶ RUN MMPO2TypeI/iris/NTN L=4 bd=8 seed=10090 -> /zhome/6b/e/212868/GTN/outputs/ntn/iris/MMPO2TypeI_rg5_init0.1/L4_bd8_seed10090
Starting Ensemble Fit: 20 epochs
Models: [(1, 1), (2, 2), (3, 3), (4, 4)]
Total nodes: 10
Validation: Using separate validation set
Early stopping: patience=10, min_delta=0.001
Init    | Train: loss: 1.39922 | quality: 0.31429
        | Val:   loss: 1.66957 | quality: 0.09091

Epoch 1 | Train: loss: 0.45812 | quality: 0.81905
        | Val:   loss: 0.26294 | quality: 0.90909
 *
Epoch 2 | Train: loss: 0.25976 | quality: 0.94286
        | Val:   loss: 0.13286 | quality: 1.00000
 *
Epoch 3 | Train: loss: 0.12040 | quality: 0.97143
        | Val:   loss: 0.06544 | quality: 1.00000
 *
Epoch 4 | Train: loss: 14.67932 | quality: 0.63810
        | Val:   loss: 4.72686 | quality: 0.68182

Epoch 5 | Train: loss: 435870568990142267421169877733838997090384226097182648727240704.00000 | quality: 0.48571
        | Val:   loss: 398190494348881862440922718552910714901196924277901268298498048.00000 | quality: 0.72727

Epoch 6 | Train: loss: 270930335554780534183514485455879768414483275544196341033555688298272279880944272897455616864458060424173248805022910507861562966012624246925247610077898215536156157216438935831926780701741667477597140969473410221879137990640695355729822309342130878757866377966300168192.00000 | quality: 0.53333
        | Val:   loss: 516252864119447679324115232681389156767191181896897499249254618970795754773037112701661335440314009711833415906255778239335291186340558402927675019566662995840439268213051723975929031810447014750788753352181602929846326821334777575382371939807569845249890296423853850624.00000 | quality: 0.31818


✗ NaN loss at epoch 7 - stopping training
[2026-05-05 11:25:42,277][__main__][WARNING] - ✗ SINGULAR MMPO2TypeI/iris/NTN L=4 bd=8 seed=10090 -> /zhome/6b/e/212868/GTN/outputs/ntn/iris/MMPO2TypeI_rg5_init0.1/L4_bd8_seed10090 | val=1.0000
[2026-05-05 11:25:42,279][HYDRA] 	#7 : model.L=4 model.bond_dim=8 seed=32874 trainer.ridge=5 trainer.ridge_decay=0.25 trainer.ridge_min=0.0001 +experiment=uci_ntn_sweep model=mmpo2_typei dataset=iris
[2026-05-05 11:25:42,442][__main__][INFO] - ▶ RUN MMPO2TypeI/iris/NTN L=4 bd=8 seed=32874 -> /zhome/6b/e/212868/GTN/outputs/ntn/iris/MMPO2TypeI_rg5_init0.1/L4_bd8_seed32874
Starting Ensemble Fit: 20 epochs
Models: [(1, 1), (2, 2), (3, 3), (4, 4)]
Total nodes: 10
Validation: Using separate validation set
Early stopping: patience=10, min_delta=0.001
Init    | Train: loss: 0.70613 | quality: 0.61905
        | Val:   loss: 0.53244 | quality: 0.81818

Epoch 1 | Train: loss: 0.44170 | quality: 0.83810
        | Val:   loss: 0.24877 | quality: 0.90909
 *
Epoch 2 | Train: loss: 0.24629 | quality: 0.96190
        | Val:   loss: 0.12676 | quality: 1.00000
 *
Epoch 3 | Train: loss: 0.11549 | quality: 0.98095
        | Val:   loss: 0.06363 | quality: 1.00000
 *
Epoch 4 | Train: loss: 0.08014 | quality: 0.97143
        | Val:   loss: 0.02508 | quality: 1.00000

Epoch 5 | Train: loss: 0.03633 | quality: 0.99048
        | Val:   loss: 0.01257 | quality: 1.00000
 *
Epoch 6 | Train: loss: 10539.45830 | quality: 0.46667
        | Val:   loss: 11117.40195 | quality: 0.50000

Epoch 7 | Train: loss: 7154842489447797407745478594044843171361014836463772352907313152.00000 | quality: 0.35238
        | Val:   loss: 9909745723938312536644158608754752098718999231187865175920214016.00000 | quality: 0.13636


✗ NaN loss at epoch 8 - stopping training
[2026-05-05 11:25:43,890][__main__][WARNING] - ✗ SINGULAR MMPO2TypeI/iris/NTN L=4 bd=8 seed=32874 -> /zhome/6b/e/212868/GTN/outputs/ntn/iris/MMPO2TypeI_rg5_init0.1/L4_bd8_seed32874 | val=1.0000
[2026-05-05 11:25:43,892][HYDRA] 	#8 : model.L=4 model.bond_dim=8 seed=47311 trainer.ridge=5 trainer.ridge_decay=0.25 trainer.ridge_min=0.0001 +experiment=uci_ntn_sweep model=mmpo2_typei dataset=iris
[2026-05-05 11:25:44,050][__main__][INFO] - ▶ RUN MMPO2TypeI/iris/NTN L=4 bd=8 seed=47311 -> /zhome/6b/e/212868/GTN/outputs/ntn/iris/MMPO2TypeI_rg5_init0.1/L4_bd8_seed47311
Starting Ensemble Fit: 20 epochs
Models: [(1, 1), (2, 2), (3, 3), (4, 4)]
Total nodes: 10
Validation: Using separate validation set
Early stopping: patience=10, min_delta=0.001
Init    | Train: loss: 0.94162 | quality: 0.42857
        | Val:   loss: 0.71707 | quality: 0.59091

Epoch 1 | Train: loss: 0.44110 | quality: 0.81905
        | Val:   loss: 0.25559 | quality: 0.90909
 *
Epoch 2 | Train: loss: 0.24648 | quality: 0.96190
        | Val:   loss: 0.12813 | quality: 1.00000
 *
Epoch 3 | Train: loss: 0.10974 | quality: 0.97143
        | Val:   loss: 0.05993 | quality: 1.00000
 *
Epoch 4 | Train: loss: 0.05847 | quality: 0.99048
        | Val:   loss: 0.02365 | quality: 1.00000
 *
Epoch 5 | Train: loss: 0.03313 | quality: 0.99048
        | Val:   loss: 0.01368 | quality: 1.00000

Epoch 6 | Train: loss: 0.01729 | quality: 1.00000
        | Val:   loss: 0.01456 | quality: 1.00000
 *
Epoch 7 | Train: loss: 0.41614 | quality: 0.93333
        | Val:   loss: 0.61677 | quality: 0.86364

Epoch 8 | Train: loss: 539577206795970035218141342465903019011924302350811982301771487852469671608115182736239641356335352064101719193509067269876152644141056.00000 | quality: 0.56190
        | Val:   loss: 603476035513534576452811417353636676031805201505272891308810626143140340008391097069306250187606668313998371033833157591612999505805312.00000 | quality: 0.40909


✗ NaN loss at epoch 9 - stopping training
[2026-05-05 11:25:46,339][__main__][WARNING] - ✗ SINGULAR MMPO2TypeI/iris/NTN L=4 bd=8 seed=47311 -> /zhome/6b/e/212868/GTN/outputs/ntn/iris/MMPO2TypeI_rg5_init0.1/L4_bd8_seed47311 | val=1.0000
[2026-05-05 11:25:46,341][HYDRA] 	#9 : model.L=4 model.bond_dim=8 seed=47303 trainer.ridge=5 trainer.ridge_decay=0.25 trainer.ridge_min=0.0001 +experiment=uci_ntn_sweep model=mmpo2_typei dataset=iris
[2026-05-05 11:25:46,512][__main__][INFO] - ▶ RUN MMPO2TypeI/iris/NTN L=4 bd=8 seed=47303 -> /zhome/6b/e/212868/GTN/outputs/ntn/iris/MMPO2TypeI_rg5_init0.1/L4_bd8_seed47303
Starting Ensemble Fit: 20 epochs
Models: [(1, 1), (2, 2), (3, 3), (4, 4)]
Total nodes: 10
Validation: Using separate validation set
Early stopping: patience=10, min_delta=0.001
Init    | Train: loss: 1.34872 | quality: 0.27619
        | Val:   loss: 1.28302 | quality: 0.22727

Epoch 1 | Train: loss: 0.46157 | quality: 0.83810
        | Val:   loss: 0.28499 | quality: 0.95455
 *
Epoch 2 | Train: loss: 0.25148 | quality: 0.96190
        | Val:   loss: 0.13613 | quality: 1.00000
 *
Epoch 3 | Train: loss: 0.11423 | quality: 0.97143
        | Val:   loss: 0.06311 | quality: 1.00000
 *
Epoch 4 | Train: loss: 0.06006 | quality: 0.98095
        | Val:   loss: 0.02377 | quality: 1.00000
 *
Epoch 5 | Train: loss: 0.03381 | quality: 0.99048
        | Val:   loss: 0.01278 | quality: 1.00000
 *
Epoch 6 | Train: loss: 0.01666 | quality: 1.00000
        | Val:   loss: 0.03331 | quality: 1.00000
 *
Epoch 7 | Train: loss: 0.00641 | quality: 1.00000
        | Val:   loss: 0.10840 | quality: 0.95455

Epoch 8 | Train: loss: 0.00229 | quality: 1.00000
        | Val:   loss: 0.19228 | quality: 0.95455

Epoch 9 | Train: loss: 0.00093 | quality: 1.00000
        | Val:   loss: 0.24819 | quality: 0.95455

Epoch 10 | Train: loss: 0.00032 | quality: 1.00000
        | Val:   loss: 0.22403 | quality: 0.95455

Epoch 11 | Train: loss: 0.00014 | quality: 1.00000
        | Val:   loss: 0.28461 | quality: 0.95455

Epoch 12 | Train: loss: 17617320272908086066686163512203143599299845387452416.00000 | quality: 0.30476
        | Val:   loss: 25266977163851919249150989827953536660856382425137152.00000 | quality: 0.59091


✗ NaN loss at epoch 13 - stopping training
[2026-05-05 11:25:48,197][__main__][WARNING] - ✗ SINGULAR MMPO2TypeI/iris/NTN L=4 bd=8 seed=47303 -> /zhome/6b/e/212868/GTN/outputs/ntn/iris/MMPO2TypeI_rg5_init0.1/L4_bd8_seed47303 | val=1.0000
[2026-05-05 11:25:48,199][HYDRA] 	#10 : model.L=4 model.bond_dim=4 seed=42 trainer.ridge=5 trainer.ridge_decay=0.25 trainer.ridge_min=0.0001 +experiment=uci_ntn_sweep model=mmpo2_typei dataset=iris
[2026-05-05 11:25:48,358][__main__][INFO] - ▶ RUN MMPO2TypeI/iris/NTN L=4 bd=4 seed=42 -> /zhome/6b/e/212868/GTN/outputs/ntn/iris/MMPO2TypeI_rg5_init0.1/L4_bd4_seed42
Starting Ensemble Fit: 20 epochs
Models: [(1, 1), (2, 2), (3, 3), (4, 4)]
Total nodes: 10
Validation: Using separate validation set
Early stopping: patience=10, min_delta=0.001
Init    | Train: loss: 1.26495 | quality: 0.18095
        | Val:   loss: 1.11572 | quality: 0.45455

Epoch 1 | Train: loss: 0.49965 | quality: 0.82857
        | Val:   loss: 0.28701 | quality: 0.90909
 *
Epoch 2 | Train: loss: 0.29718 | quality: 0.92381
        | Val:   loss: 0.15120 | quality: 0.95455
 *
Epoch 3 | Train: loss: 0.14120 | quality: 0.96190
        | Val:   loss: 0.07190 | quality: 1.00000
 *
Epoch 4 | Train: loss: 0.07215 | quality: 0.99048
        | Val:   loss: 0.03048 | quality: 1.00000
 *
Epoch 5 | Train: loss: 0.04207 | quality: 0.99048
        | Val:   loss: 0.01449 | quality: 1.00000

Epoch 6 | Train: loss: 112261270897.54082 | quality: 0.34286
        | Val:   loss: 78467349540.59218 | quality: 0.59091

Epoch 7 | Train: loss: 150594196844179277449820258248408966469898085344374036875466642765885288086636570120123856754354569528694453141288122137538472931958687342048122567935033081856.00000 | quality: 0.38095
        | Val:   loss: 131318196742722664331762580556655549899424303165457684079882873502702448547982403153743081347923979550450721355883162350023673337793558526467152984941428473856.00000 | quality: 0.63636


✗ NaN loss at epoch 8 - stopping training
[2026-05-05 11:25:53,844][__main__][WARNING] - ✗ SINGULAR MMPO2TypeI/iris/NTN L=4 bd=4 seed=42 -> /zhome/6b/e/212868/GTN/outputs/ntn/iris/MMPO2TypeI_rg5_init0.1/L4_bd4_seed42 | val=1.0000
[2026-05-05 11:25:53,847][HYDRA] 	#11 : model.L=4 model.bond_dim=4 seed=10090 trainer.ridge=5 trainer.ridge_decay=0.25 trainer.ridge_min=0.0001 +experiment=uci_ntn_sweep model=mmpo2_typei dataset=iris
[2026-05-05 11:25:54,020][__main__][INFO] - ▶ RUN MMPO2TypeI/iris/NTN L=4 bd=4 seed=10090 -> /zhome/6b/e/212868/GTN/outputs/ntn/iris/MMPO2TypeI_rg5_init0.1/L4_bd4_seed10090
Starting Ensemble Fit: 20 epochs
Models: [(1, 1), (2, 2), (3, 3), (4, 4)]
Total nodes: 10
Validation: Using separate validation set
Early stopping: patience=10, min_delta=0.001
Init    | Train: loss: 1.48473 | quality: 0.28571
        | Val:   loss: 1.70668 | quality: 0.13636

Epoch 1 | Train: loss: 0.52897 | quality: 0.79048
        | Val:   loss: 0.32119 | quality: 0.86364
 *
Epoch 2 | Train: loss: 0.29875 | quality: 0.92381
        | Val:   loss: 0.15263 | quality: 0.95455
 *
Epoch 3 | Train: loss: 0.13195 | quality: 0.97143
        | Val:   loss: 0.06631 | quality: 1.00000
 *
Epoch 4 | Train: loss: 0.07218 | quality: 0.99048
        | Val:   loss: 0.03272 | quality: 1.00000
 *
Epoch 5 | Train: loss: 0.04746 | quality: 0.99048
        | Val:   loss: 0.01856 | quality: 1.00000

Epoch 6 | Train: loss: 0.19906 | quality: 0.92381
        | Val:   loss: 0.39227 | quality: 0.90909

Epoch 7 | Train: loss: 1325992169610390318895278040552071791378432.00000 | quality: 0.38095
        | Val:   loss: 2582727256302126692761776255777332332068864.00000 | quality: 0.27273


✗ NaN loss at epoch 8 - stopping training
[2026-05-05 11:25:55,503][__main__][WARNING] - ✗ SINGULAR MMPO2TypeI/iris/NTN L=4 bd=4 seed=10090 -> /zhome/6b/e/212868/GTN/outputs/ntn/iris/MMPO2TypeI_rg5_init0.1/L4_bd4_seed10090 | val=1.0000
[2026-05-05 11:25:55,506][HYDRA] 	#12 : model.L=4 model.bond_dim=4 seed=32874 trainer.ridge=5 trainer.ridge_decay=0.25 trainer.ridge_min=0.0001 +experiment=uci_ntn_sweep model=mmpo2_typei dataset=iris
[2026-05-05 11:25:55,667][__main__][INFO] - ▶ RUN MMPO2TypeI/iris/NTN L=4 bd=4 seed=32874 -> /zhome/6b/e/212868/GTN/outputs/ntn/iris/MMPO2TypeI_rg5_init0.1/L4_bd4_seed32874
Starting Ensemble Fit: 20 epochs
Models: [(1, 1), (2, 2), (3, 3), (4, 4)]
Total nodes: 10
Validation: Using separate validation set
Early stopping: patience=10, min_delta=0.001
Init    | Train: loss: 0.67846 | quality: 0.63810
        | Val:   loss: 0.44458 | quality: 0.86364

Epoch 1 | Train: loss: 0.49445 | quality: 0.82857
        | Val:   loss: 0.29339 | quality: 0.95455
 *
Epoch 2 | Train: loss: 0.27671 | quality: 0.94286
        | Val:   loss: 0.14211 | quality: 1.00000
 *
Epoch 3 | Train: loss: 5.81276 | quality: 0.62857
        | Val:   loss: 2.68513 | quality: 0.63636

Epoch 4 | Train: loss: 25070593510152731331544835408248765903088567219031838333488246412411709809937104624740505819680032506628651768500644271555251253350282276611026684709445700508653917621452800.00000 | quality: 0.15238
        | Val:   loss: 19386500111504713386480130949527967040794254915796623222757582925799229050645817953134499451803617661086851425650525732515497297951476108387434815163266803774928846067859456.00000 | quality: 0.18182


✗ NaN loss at epoch 5 - stopping training
[2026-05-05 11:25:56,973][__main__][WARNING] - ✗ SINGULAR MMPO2TypeI/iris/NTN L=4 bd=4 seed=32874 -> /zhome/6b/e/212868/GTN/outputs/ntn/iris/MMPO2TypeI_rg5_init0.1/L4_bd4_seed32874 | val=1.0000
[2026-05-05 11:25:56,975][HYDRA] 	#13 : model.L=4 model.bond_dim=4 seed=47311 trainer.ridge=5 trainer.ridge_decay=0.25 trainer.ridge_min=0.0001 +experiment=uci_ntn_sweep model=mmpo2_typei dataset=iris
[2026-05-05 11:25:57,137][__main__][INFO] - ▶ RUN MMPO2TypeI/iris/NTN L=4 bd=4 seed=47311 -> /zhome/6b/e/212868/GTN/outputs/ntn/iris/MMPO2TypeI_rg5_init0.1/L4_bd4_seed47311
Starting Ensemble Fit: 20 epochs
Models: [(1, 1), (2, 2), (3, 3), (4, 4)]
Total nodes: 10
Validation: Using separate validation set
Early stopping: patience=10, min_delta=0.001
Init    | Train: loss: 0.88707 | quality: 0.42857
        | Val:   loss: 0.60355 | quality: 0.68182

Epoch 1 | Train: loss: 0.53014 | quality: 0.83810
        | Val:   loss: 0.32726 | quality: 0.90909
 *
Epoch 2 | Train: loss: 0.35756 | quality: 0.89524
        | Val:   loss: 0.16447 | quality: 0.95455
 *
Epoch 3 | Train: loss: 0.13294 | quality: 0.97143
        | Val:   loss: 0.06744 | quality: 1.00000
 *
Epoch 4 | Train: loss: 0.06959 | quality: 0.99048
        | Val:   loss: 0.03377 | quality: 1.00000
 *
Epoch 5 | Train: loss: 0.04118 | quality: 0.99048
        | Val:   loss: 0.01117 | quality: 1.00000

Epoch 6 | Train: loss: 0.02264 | quality: 1.00000
        | Val:   loss: 0.01662 | quality: 1.00000
 *
Epoch 7 | Train: loss: 3756124844387799574722989570243750206697188467430676291745939551972761312595714085166912830495374404509436376117839697363664277913474074679869662019319085139466058590540963810851865403941973320189703987644943391266512727906844460451710416284352068284196871766092640873705815691755520.00000 | quality: 0.37143
        | Val:   loss: 5095846360834566439043600343716810902205575424143206463678021660078245091383692420967712124529427868449724463984932318279204500604122388170706681424595233602180294921937785459000586127409621887225896870932813540135522284452399433765661759276745447931156675730250739978598774573367296.00000 | quality: 0.54545


✗ NaN loss at epoch 8 - stopping training
[2026-05-05 11:25:58,554][__main__][WARNING] - ✗ SINGULAR MMPO2TypeI/iris/NTN L=4 bd=4 seed=47311 -> /zhome/6b/e/212868/GTN/outputs/ntn/iris/MMPO2TypeI_rg5_init0.1/L4_bd4_seed47311 | val=1.0000
[2026-05-05 11:25:58,556][HYDRA] 	#14 : model.L=4 model.bond_dim=4 seed=47303 trainer.ridge=5 trainer.ridge_decay=0.25 trainer.ridge_min=0.0001 +experiment=uci_ntn_sweep model=mmpo2_typei dataset=iris
[2026-05-05 11:25:58,828][__main__][INFO] - ▶ RUN MMPO2TypeI/iris/NTN L=4 bd=4 seed=47303 -> /zhome/6b/e/212868/GTN/outputs/ntn/iris/MMPO2TypeI_rg5_init0.1/L4_bd4_seed47303
Starting Ensemble Fit: 20 epochs
Models: [(1, 1), (2, 2), (3, 3), (4, 4)]
Total nodes: 10
Validation: Using separate validation set
Early stopping: patience=10, min_delta=0.001
Init    | Train: loss: 1.29721 | quality: 0.25714
        | Val:   loss: 1.09326 | quality: 0.40909

Epoch 1 | Train: loss: 0.51200 | quality: 0.80952
        | Val:   loss: 0.32022 | quality: 0.90909
 *
Epoch 2 | Train: loss: 0.28535 | quality: 0.93333
        | Val:   loss: 0.15443 | quality: 0.95455
 *
Epoch 3 | Train: loss: 0.13565 | quality: 0.96190
        | Val:   loss: 0.07027 | quality: 1.00000
 *
Epoch 4 | Train: loss: 0.07207 | quality: 0.99048
        | Val:   loss: 0.03623 | quality: 1.00000
 *
Epoch 5 | Train: loss: 0.04195 | quality: 0.99048
        | Val:   loss: 0.01199 | quality: 1.00000

Epoch 6 | Train: loss: 0.02348 | quality: 1.00000
        | Val:   loss: 0.01081 | quality: 1.00000
 *
Epoch 7 | Train: loss: 2354982.36249 | quality: 0.41905
        | Val:   loss: 1436843.18575 | quality: 0.36364

Epoch 8 | Train: loss: 85983804681662178172540551371084840871909769937570583362553140959460229646466057899625375465080707300528057794529566178108894862795243909232417984083387927144433030490630529651559319393345807118919841573597858887059203808705904640.00000 | quality: 0.29524
        | Val:   loss: 41185366565392771992948342631826991875492372578711239394681981157491473889336467677004432847382273920511639278633309898257668112122192476227690377237983999527980636539000505681889154536476591856412803947074850737213114973299933184.00000 | quality: 0.59091


✗ NaN loss at epoch 9 - stopping training
[2026-05-05 11:26:00,297][__main__][WARNING] - ✗ SINGULAR MMPO2TypeI/iris/NTN L=4 bd=4 seed=47303 -> /zhome/6b/e/212868/GTN/outputs/ntn/iris/MMPO2TypeI_rg5_init0.1/L4_bd4_seed47303 | val=1.0000
[2026-05-05 11:26:00,299][HYDRA] 	#15 : model.L=3 model.bond_dim=12 seed=42 trainer.ridge=5 trainer.ridge_decay=0.25 trainer.ridge_min=0.0001 +experiment=uci_ntn_sweep model=mmpo2_typei dataset=iris
[2026-05-05 11:26:00,457][__main__][INFO] - ▶ RUN MMPO2TypeI/iris/NTN L=3 bd=12 seed=42 -> /zhome/6b/e/212868/GTN/outputs/ntn/iris/MMPO2TypeI_rg5_init0.1/L3_bd12_seed42
Starting Ensemble Fit: 20 epochs
Models: [(1, 1), (2, 2), (3, 3)]
Total nodes: 6
Validation: Using separate validation set
Early stopping: patience=10, min_delta=0.001
Init    | Train: loss: 1.29587 | quality: 0.15238
        | Val:   loss: 1.24365 | quality: 0.22727

Epoch 1 | Train: loss: 0.43916 | quality: 0.82857
        | Val:   loss: 0.25174 | quality: 0.95455
 *
Epoch 2 | Train: loss: 0.23268 | quality: 0.95238
        | Val:   loss: 0.12861 | quality: 1.00000
 *
Epoch 3 | Train: loss: 0.11735 | quality: 0.97143
        | Val:   loss: 0.06693 | quality: 1.00000
 *
Epoch 4 | Train: loss: 0.06764 | quality: 0.99048
        | Val:   loss: 0.03082 | quality: 1.00000
 *
Epoch 5 | Train: loss: 0.04029 | quality: 0.99048
        | Val:   loss: 0.01955 | quality: 1.00000

Epoch 6 | Train: loss: 0.02280 | quality: 1.00000
        | Val:   loss: 0.02505 | quality: 1.00000
 *
Epoch 7 | Train: loss: 0.04632 | quality: 0.99048
        | Val:   loss: 0.09652 | quality: 0.90909


✗ NaN loss at epoch 8 - stopping training
[2026-05-05 11:26:01,745][__main__][WARNING] - ✗ SINGULAR MMPO2TypeI/iris/NTN L=3 bd=12 seed=42 -> /zhome/6b/e/212868/GTN/outputs/ntn/iris/MMPO2TypeI_rg5_init0.1/L3_bd12_seed42 | val=1.0000
[2026-05-05 11:26:01,747][HYDRA] 	#16 : model.L=3 model.bond_dim=12 seed=10090 trainer.ridge=5 trainer.ridge_decay=0.25 trainer.ridge_min=0.0001 +experiment=uci_ntn_sweep model=mmpo2_typei dataset=iris
[2026-05-05 11:26:01,905][__main__][INFO] - ▶ RUN MMPO2TypeI/iris/NTN L=3 bd=12 seed=10090 -> /zhome/6b/e/212868/GTN/outputs/ntn/iris/MMPO2TypeI_rg5_init0.1/L3_bd12_seed10090
Starting Ensemble Fit: 20 epochs
Models: [(1, 1), (2, 2), (3, 3)]
Total nodes: 6
Validation: Using separate validation set
Early stopping: patience=10, min_delta=0.001
Init    | Train: loss: 1.41845 | quality: 0.28571
        | Val:   loss: 1.61747 | quality: 0.13636

Epoch 1 | Train: loss: 0.44372 | quality: 0.79048
        | Val:   loss: 0.25705 | quality: 0.86364
 *
Epoch 2 | Train: loss: 0.23733 | quality: 0.95238
        | Val:   loss: 0.13143 | quality: 0.95455
 *
Epoch 3 | Train: loss: 0.11812 | quality: 0.98095
        | Val:   loss: 0.06992 | quality: 1.00000
 *
Epoch 4 | Train: loss: 0.08186 | quality: 0.98095
        | Val:   loss: 0.03184 | quality: 1.00000

Epoch 5 | Train: loss: 0.04265 | quality: 0.99048
        | Val:   loss: 0.01799 | quality: 1.00000
 *
Epoch 6 | Train: loss: 0.04106 | quality: 0.99048
        | Val:   loss: 0.02398 | quality: 1.00000

Epoch 7 | Train: loss: 0.01461 | quality: 1.00000
        | Val:   loss: 0.09970 | quality: 0.95455

Epoch 8 | Train: loss: 0.00662 | quality: 1.00000
        | Val:   loss: 0.25019 | quality: 0.95455

Epoch 9 | Train: loss: 0.00303 | quality: 1.00000
        | Val:   loss: 0.32963 | quality: 0.95455

Epoch 10 | Train: loss: 0.00154 | quality: 1.00000
        | Val:   loss: 0.75355 | quality: 0.90909

Epoch 11 | Train: loss: 0.00078 | quality: 1.00000
        | Val:   loss: 0.71004 | quality: 0.90909

Epoch 12 | Train: loss: 28938425994851566776004971635805920909909136390209660032280166400.00000 | quality: 0.60000
        | Val:   loss: 24756790917329724275471529082667215662341148277482503936189399040.00000 | quality: 0.72727


✗ NaN loss at epoch 13 - stopping training
[2026-05-05 11:26:03,333][__main__][WARNING] - ✗ SINGULAR MMPO2TypeI/iris/NTN L=3 bd=12 seed=10090 -> /zhome/6b/e/212868/GTN/outputs/ntn/iris/MMPO2TypeI_rg5_init0.1/L3_bd12_seed10090 | val=1.0000
[2026-05-05 11:26:03,335][HYDRA] 	#17 : model.L=3 model.bond_dim=12 seed=32874 trainer.ridge=5 trainer.ridge_decay=0.25 trainer.ridge_min=0.0001 +experiment=uci_ntn_sweep model=mmpo2_typei dataset=iris
[2026-05-05 11:26:03,705][__main__][INFO] - ▶ RUN MMPO2TypeI/iris/NTN L=3 bd=12 seed=32874 -> /zhome/6b/e/212868/GTN/outputs/ntn/iris/MMPO2TypeI_rg5_init0.1/L3_bd12_seed32874
Starting Ensemble Fit: 20 epochs
Models: [(1, 1), (2, 2), (3, 3)]
Total nodes: 6
Validation: Using separate validation set
Early stopping: patience=10, min_delta=0.001
Init    | Train: loss: 0.66961 | quality: 0.64762
        | Val:   loss: 0.48671 | quality: 0.86364

Epoch 1 | Train: loss: 0.43946 | quality: 0.83810
        | Val:   loss: 0.24783 | quality: 0.95455
 *
Epoch 2 | Train: loss: 0.23450 | quality: 0.94286
        | Val:   loss: 0.12850 | quality: 1.00000
 *
Epoch 3 | Train: loss: 0.11814 | quality: 0.97143
        | Val:   loss: 0.06731 | quality: 1.00000
 *
Epoch 4 | Train: loss: 0.06940 | quality: 0.99048
        | Val:   loss: 0.03126 | quality: 1.00000
 *
Epoch 5 | Train: loss: 0.04065 | quality: 0.99048
        | Val:   loss: 0.01947 | quality: 1.00000

Epoch 6 | Train: loss: 0.02323 | quality: 1.00000
        | Val:   loss: 0.02408 | quality: 1.00000
 *
Epoch 7 | Train: loss: 0.01214 | quality: 1.00000
        | Val:   loss: 0.11694 | quality: 0.90909

Epoch 8 | Train: loss: 0.00702 | quality: 1.00000
        | Val:   loss: 0.20496 | quality: 0.90909

Epoch 9 | Train: loss: 0.00276 | quality: 1.00000
        | Val:   loss: 0.36790 | quality: 0.95455

Epoch 10 | Train: loss: 0.06441 | quality: 0.99048
        | Val:   loss: 0.40718 | quality: 0.95455

Epoch 11 | Train: loss: 28773870825781653449932509562525017399882314206412800.00000 | quality: 0.35238
        | Val:   loss: 11733045669089859133206997329956932999694175277416448.00000 | quality: 0.63636

Epoch 12 | Train: loss: 80290392308001417513997872753120859351212450397344870055262938604727493469914341029856914110501870882228164990498334743599033953260200490172416.00000 | quality: 0.78095
        | Val:   loss: 24282109574568670602928179347887478784134041732340106613828760535583518527637457813099545868541299234316587446992456757288877366733250534309888.00000 | quality: 0.86364


✗ NaN loss at epoch 13 - stopping training
[2026-05-05 11:26:05,279][__main__][WARNING] - ✗ SINGULAR MMPO2TypeI/iris/NTN L=3 bd=12 seed=32874 -> /zhome/6b/e/212868/GTN/outputs/ntn/iris/MMPO2TypeI_rg5_init0.1/L3_bd12_seed32874 | val=1.0000
[2026-05-05 11:26:05,281][HYDRA] 	#18 : model.L=3 model.bond_dim=12 seed=47311 trainer.ridge=5 trainer.ridge_decay=0.25 trainer.ridge_min=0.0001 +experiment=uci_ntn_sweep model=mmpo2_typei dataset=iris
[2026-05-05 11:26:05,448][__main__][INFO] - ▶ RUN MMPO2TypeI/iris/NTN L=3 bd=12 seed=47311 -> /zhome/6b/e/212868/GTN/outputs/ntn/iris/MMPO2TypeI_rg5_init0.1/L3_bd12_seed47311
Starting Ensemble Fit: 20 epochs
Models: [(1, 1), (2, 2), (3, 3)]
Total nodes: 6
Validation: Using separate validation set
Early stopping: patience=10, min_delta=0.001
Init    | Train: loss: 0.96505 | quality: 0.42857
        | Val:   loss: 0.71430 | quality: 0.68182

Epoch 1 | Train: loss: 0.44590 | quality: 0.82857
        | Val:   loss: 0.25660 | quality: 0.90909
 *
Epoch 2 | Train: loss: 0.23819 | quality: 0.93333
        | Val:   loss: 0.13116 | quality: 1.00000
 *
Epoch 3 | Train: loss: 0.11932 | quality: 0.98095
        | Val:   loss: 0.06846 | quality: 1.00000
 *
Epoch 4 | Train: loss: 0.06980 | quality: 0.99048
        | Val:   loss: 0.03176 | quality: 1.00000
 *
Epoch 5 | Train: loss: 0.04324 | quality: 0.99048
        | Val:   loss: 0.02076 | quality: 1.00000

Epoch 6 | Train: loss: 0.02631 | quality: 1.00000
        | Val:   loss: 0.02662 | quality: 1.00000
 *
Epoch 7 | Train: loss: 0.07048 | quality: 0.99048
        | Val:   loss: 0.03418 | quality: 1.00000

Epoch 8 | Train: loss: 2192838740999600896.00000 | quality: 0.70476
        | Val:   loss: 474623009805158016.00000 | quality: 0.86364

Epoch 9 | Train: loss: 720655453526704929422610589113956547164440764882237911380356347946254516792315400785691493543988755498969071616.00000 | quality: 0.21905
        | Val:   loss: 946765775701641776464181748513414922714761713959556768612829135517181467342262195729333012676002714959279554560.00000 | quality: 0.04545


✗ NaN loss at epoch 10 - stopping training
[2026-05-05 11:26:06,791][__main__][WARNING] - ✗ SINGULAR MMPO2TypeI/iris/NTN L=3 bd=12 seed=47311 -> /zhome/6b/e/212868/GTN/outputs/ntn/iris/MMPO2TypeI_rg5_init0.1/L3_bd12_seed47311 | val=1.0000
[2026-05-05 11:26:06,793][HYDRA] 	#19 : model.L=3 model.bond_dim=12 seed=47303 trainer.ridge=5 trainer.ridge_decay=0.25 trainer.ridge_min=0.0001 +experiment=uci_ntn_sweep model=mmpo2_typei dataset=iris
[2026-05-05 11:26:06,958][__main__][INFO] - ▶ RUN MMPO2TypeI/iris/NTN L=3 bd=12 seed=47303 -> /zhome/6b/e/212868/GTN/outputs/ntn/iris/MMPO2TypeI_rg5_init0.1/L3_bd12_seed47303
Starting Ensemble Fit: 20 epochs
Models: [(1, 1), (2, 2), (3, 3)]
Total nodes: 6
Validation: Using separate validation set
Early stopping: patience=10, min_delta=0.001
Init    | Train: loss: 1.30085 | quality: 0.25714
        | Val:   loss: 1.23920 | quality: 0.22727

Epoch 1 | Train: loss: 0.45383 | quality: 0.83810
        | Val:   loss: 0.25528 | quality: 0.95455
 *
Epoch 2 | Train: loss: 0.24050 | quality: 0.93333
        | Val:   loss: 0.12943 | quality: 1.00000
 *
Epoch 3 | Train: loss: 0.12075 | quality: 0.97143
        | Val:   loss: 0.06792 | quality: 1.00000
 *
Epoch 4 | Train: loss: 0.06902 | quality: 0.99048
        | Val:   loss: 0.03155 | quality: 1.00000
 *
Epoch 5 | Train: loss: 0.04033 | quality: 0.99048
        | Val:   loss: 0.02166 | quality: 1.00000

Epoch 6 | Train: loss: 0.02425 | quality: 1.00000
        | Val:   loss: 0.02730 | quality: 1.00000
 *
Epoch 7 | Train: loss: 0.01472 | quality: 1.00000
        | Val:   loss: 0.05313 | quality: 0.95455

Epoch 8 | Train: loss: 0.00618 | quality: 1.00000
        | Val:   loss: 0.18977 | quality: 0.95455

Epoch 9 | Train: loss: 0.00257 | quality: 1.00000
        | Val:   loss: 0.37664 | quality: 0.95455

Epoch 10 | Train: loss: 0.00177 | quality: 1.00000
        | Val:   loss: 0.36312 | quality: 0.95455

Epoch 11 | Train: loss: 0.00071 | quality: 1.00000
        | Val:   loss: 0.58481 | quality: 0.90909

Epoch 12 | Train: loss: 0.00036 | quality: 1.00000
        | Val:   loss: 0.62846 | quality: 0.95455

Epoch 13 | Train: loss: 0.00078 | quality: 1.00000
        | Val:   loss: 0.31802 | quality: 0.95455

Epoch 14 | Train: loss: 0.00050 | quality: 1.00000
        | Val:   loss: 0.58246 | quality: 0.90909

Epoch 15 | Train: loss: 0.00010 | quality: 1.00000
        | Val:   loss: 0.67731 | quality: 0.95455

Epoch 16 | Train: loss: 0.00004 | quality: 1.00000
        | Val:   loss: 0.96682 | quality: 0.90909


Early stopping at epoch 16 (best was epoch 6)

Best epoch: 6 (val_quality=1.000000)
[2026-05-05 11:26:08,493][__main__][INFO] - ✓ DONE MMPO2TypeI/iris/NTN L=3 bd=12 seed=47303 -> /zhome/6b/e/212868/GTN/outputs/ntn/iris/MMPO2TypeI_rg5_init0.1/L3_bd12_seed47303 | val=1.0000
[2026-05-05 11:26:08,495][HYDRA] 	#20 : model.L=3 model.bond_dim=8 seed=42 trainer.ridge=5 trainer.ridge_decay=0.25 trainer.ridge_min=0.0001 +experiment=uci_ntn_sweep model=mmpo2_typei dataset=iris
[2026-05-05 11:26:08,684][__main__][INFO] - ▶ RUN MMPO2TypeI/iris/NTN L=3 bd=8 seed=42 -> /zhome/6b/e/212868/GTN/outputs/ntn/iris/MMPO2TypeI_rg5_init0.1/L3_bd8_seed42
Starting Ensemble Fit: 20 epochs
Models: [(1, 1), (2, 2), (3, 3)]
Total nodes: 6
Validation: Using separate validation set
Early stopping: patience=10, min_delta=0.001
Init    | Train: loss: 1.25612 | quality: 0.13333
        | Val:   loss: 1.20809 | quality: 0.18182

Epoch 1 | Train: loss: 0.47781 | quality: 0.84762
        | Val:   loss: 0.28127 | quality: 0.95455
 *
Epoch 2 | Train: loss: 0.25523 | quality: 0.95238
        | Val:   loss: 0.13665 | quality: 0.95455
 *
Epoch 3 | Train: loss: 0.12216 | quality: 0.97143
        | Val:   loss: 0.06778 | quality: 1.00000
 *
Epoch 4 | Train: loss: 0.07287 | quality: 0.99048
        | Val:   loss: 0.03451 | quality: 1.00000
 *
Epoch 5 | Train: loss: 0.23291 | quality: 0.94286
        | Val:   loss: 0.04002 | quality: 1.00000

Epoch 6 | Train: loss: 5870051288772074536960.00000 | quality: 0.66667
        | Val:   loss: 449856521017007996928.00000 | quality: 0.86364

Epoch 7 | Train: loss: 190365805917700045319299517232529431215810503203635439217482414497912696237684694463663464608995395340397632253067264.00000 | quality: 0.61905
        | Val:   loss: 143933663833485182865985266417221345824293076114775429619709112335890083548182362839992314638722867939982903382900736.00000 | quality: 0.63636


✗ NaN loss at epoch 8 - stopping training
[2026-05-05 11:26:10,131][__main__][WARNING] - ✗ SINGULAR MMPO2TypeI/iris/NTN L=3 bd=8 seed=42 -> /zhome/6b/e/212868/GTN/outputs/ntn/iris/MMPO2TypeI_rg5_init0.1/L3_bd8_seed42 | val=1.0000
[2026-05-05 11:26:10,133][HYDRA] 	#21 : model.L=3 model.bond_dim=8 seed=10090 trainer.ridge=5 trainer.ridge_decay=0.25 trainer.ridge_min=0.0001 +experiment=uci_ntn_sweep model=mmpo2_typei dataset=iris
[2026-05-05 11:26:10,297][__main__][INFO] - ▶ RUN MMPO2TypeI/iris/NTN L=3 bd=8 seed=10090 -> /zhome/6b/e/212868/GTN/outputs/ntn/iris/MMPO2TypeI_rg5_init0.1/L3_bd8_seed10090
Starting Ensemble Fit: 20 epochs
Models: [(1, 1), (2, 2), (3, 3)]
Total nodes: 6
Validation: Using separate validation set
Early stopping: patience=10, min_delta=0.001
Init    | Train: loss: 1.38447 | quality: 0.30476
        | Val:   loss: 1.64441 | quality: 0.09091

Epoch 1 | Train: loss: 0.47068 | quality: 0.82857
        | Val:   loss: 0.26524 | quality: 0.90909
 *
Epoch 2 | Train: loss: 0.25699 | quality: 0.92381
        | Val:   loss: 0.13193 | quality: 1.00000
 *
Epoch 3 | Train: loss: 0.11951 | quality: 0.97143
        | Val:   loss: 0.06421 | quality: 1.00000
 *
Epoch 4 | Train: loss: 0.07123 | quality: 0.99048
        | Val:   loss: 0.03313 | quality: 1.00000
 *
Epoch 5 | Train: loss: 0.04621 | quality: 0.99048
        | Val:   loss: 0.01803 | quality: 1.00000

Epoch 6 | Train: loss: 0.02773 | quality: 1.00000
        | Val:   loss: 0.02612 | quality: 1.00000
 *
Epoch 7 | Train: loss: 0.01793 | quality: 1.00000
        | Val:   loss: 0.03886 | quality: 1.00000

Epoch 8 | Train: loss: 0.17322 | quality: 0.99048
        | Val:   loss: 0.12707 | quality: 0.95455

Epoch 9 | Train: loss: 92862309947802248308577151761765385873245562507663015052416787738886030154194697930835736705925543637487778741901853784515845834125376921824228787407679577195118888051138639780166741313200099404082550721135358477227800038395569926089982342488926941524156222205698559228264148337629959607641127713243136.00000 | quality: 0.62857
        | Val:   loss: 65475765598614830859761194330353787689347383531949380389316199330790130463494804284592351321864352451573207539958810519638833413228603109018237851770539551447569948228602051473696501033248768257380033289387913604513068206636411405470719242558156346933901437524987813668831190002962651249472288703119360.00000 | quality: 0.72727


✗ NaN loss at epoch 10 - stopping training
[2026-05-05 11:26:11,647][__main__][WARNING] - ✗ SINGULAR MMPO2TypeI/iris/NTN L=3 bd=8 seed=10090 -> /zhome/6b/e/212868/GTN/outputs/ntn/iris/MMPO2TypeI_rg5_init0.1/L3_bd8_seed10090 | val=1.0000
[2026-05-05 11:26:11,649][HYDRA] 	#22 : model.L=3 model.bond_dim=8 seed=32874 trainer.ridge=5 trainer.ridge_decay=0.25 trainer.ridge_min=0.0001 +experiment=uci_ntn_sweep model=mmpo2_typei dataset=iris
[2026-05-05 11:26:11,820][__main__][INFO] - ▶ RUN MMPO2TypeI/iris/NTN L=3 bd=8 seed=32874 -> /zhome/6b/e/212868/GTN/outputs/ntn/iris/MMPO2TypeI_rg5_init0.1/L3_bd8_seed32874
Starting Ensemble Fit: 20 epochs
Models: [(1, 1), (2, 2), (3, 3)]
Total nodes: 6
Validation: Using separate validation set
Early stopping: patience=10, min_delta=0.001
Init    | Train: loss: 0.70608 | quality: 0.60952
        | Val:   loss: 0.52953 | quality: 0.81818

Epoch 1 | Train: loss: 0.47464 | quality: 0.83810
        | Val:   loss: 0.26516 | quality: 0.90909
 *
Epoch 2 | Train: loss: 0.26160 | quality: 0.92381
        | Val:   loss: 0.13354 | quality: 0.95455
 *
Epoch 3 | Train: loss: 0.12099 | quality: 0.97143
        | Val:   loss: 0.06553 | quality: 1.00000
 *
Epoch 4 | Train: loss: 0.07200 | quality: 0.99048
        | Val:   loss: 0.03358 | quality: 1.00000
 *
Epoch 5 | Train: loss: 0.04592 | quality: 0.99048
        | Val:   loss: 0.01825 | quality: 1.00000

Epoch 6 | Train: loss: 0.10212 | quality: 0.99048
        | Val:   loss: 0.03037 | quality: 1.00000

Epoch 7 | Train: loss: 44710403544084201472.00000 | quality: 0.58095
        | Val:   loss: 44983878863542689792.00000 | quality: 0.72727

Epoch 8 | Train: loss: 142524101225195255253334177065718360793655674968767468994003534903127324039532754249901772830575591573474928230400.00000 | quality: 0.52381
        | Val:   loss: 273467782371720396482425289804905591420005277672899140042635984408161015181982582912924210105244893059321729908736.00000 | quality: 0.27273


✗ NaN loss at epoch 9 - stopping training
[2026-05-05 11:26:13,114][__main__][WARNING] - ✗ SINGULAR MMPO2TypeI/iris/NTN L=3 bd=8 seed=32874 -> /zhome/6b/e/212868/GTN/outputs/ntn/iris/MMPO2TypeI_rg5_init0.1/L3_bd8_seed32874 | val=1.0000
[2026-05-05 11:26:13,116][HYDRA] 	#23 : model.L=3 model.bond_dim=8 seed=47311 trainer.ridge=5 trainer.ridge_decay=0.25 trainer.ridge_min=0.0001 +experiment=uci_ntn_sweep model=mmpo2_typei dataset=iris
[2026-05-05 11:26:13,334][__main__][INFO] - ▶ RUN MMPO2TypeI/iris/NTN L=3 bd=8 seed=47311 -> /zhome/6b/e/212868/GTN/outputs/ntn/iris/MMPO2TypeI_rg5_init0.1/L3_bd8_seed47311
Starting Ensemble Fit: 20 epochs
Models: [(1, 1), (2, 2), (3, 3)]
Total nodes: 6
Validation: Using separate validation set
Early stopping: patience=10, min_delta=0.001
Init    | Train: loss: 0.94041 | quality: 0.44762
        | Val:   loss: 0.71843 | quality: 0.68182

Epoch 1 | Train: loss: 0.47439 | quality: 0.82857
        | Val:   loss: 0.27191 | quality: 0.90909
 *
Epoch 2 | Train: loss: 0.26165 | quality: 0.93333
        | Val:   loss: 0.13561 | quality: 0.95455
 *
Epoch 3 | Train: loss: 0.12021 | quality: 0.97143
        | Val:   loss: 0.06527 | quality: 1.00000
 *
Epoch 4 | Train: loss: 0.07149 | quality: 0.99048
        | Val:   loss: 0.03363 | quality: 1.00000
 *
Epoch 5 | Train: loss: 0.04627 | quality: 0.99048
        | Val:   loss: 0.01847 | quality: 1.00000

Epoch 6 | Train: loss: 0.14196 | quality: 0.99048
        | Val:   loss: 0.02593 | quality: 1.00000

Epoch 7 | Train: loss: 27124926475025728.00000 | quality: 0.71429
        | Val:   loss: 5764798319726623.00000 | quality: 0.86364

Epoch 8 | Train: loss: 217024830150809019639552206642963034451487372507403033354676064274159742946039132206240090287492825088.00000 | quality: 0.65714
        | Val:   loss: 39889858581664973897838900910001176935909024907374061368472534307175143722927813751876438808374280192.00000 | quality: 0.86364


✗ NaN loss at epoch 9 - stopping training
[2026-05-05 11:26:14,621][__main__][WARNING] - ✗ SINGULAR MMPO2TypeI/iris/NTN L=3 bd=8 seed=47311 -> /zhome/6b/e/212868/GTN/outputs/ntn/iris/MMPO2TypeI_rg5_init0.1/L3_bd8_seed47311 | val=1.0000
[2026-05-05 11:26:14,623][HYDRA] 	#24 : model.L=3 model.bond_dim=8 seed=47303 trainer.ridge=5 trainer.ridge_decay=0.25 trainer.ridge_min=0.0001 +experiment=uci_ntn_sweep model=mmpo2_typei dataset=iris
[2026-05-05 11:26:14,835][__main__][INFO] - ▶ RUN MMPO2TypeI/iris/NTN L=3 bd=8 seed=47303 -> /zhome/6b/e/212868/GTN/outputs/ntn/iris/MMPO2TypeI_rg5_init0.1/L3_bd8_seed47303
Starting Ensemble Fit: 20 epochs
Models: [(1, 1), (2, 2), (3, 3)]
Total nodes: 6
Validation: Using separate validation set
Early stopping: patience=10, min_delta=0.001
Init    | Train: loss: 1.34660 | quality: 0.26667
        | Val:   loss: 1.28909 | quality: 0.27273

Epoch 1 | Train: loss: 0.50324 | quality: 0.84762
        | Val:   loss: 0.30954 | quality: 0.95455
 *
Epoch 2 | Train: loss: 0.26934 | quality: 0.91429
        | Val:   loss: 0.14397 | quality: 0.95455
 *
Epoch 3 | Train: loss: 0.12365 | quality: 0.97143
        | Val:   loss: 0.06701 | quality: 1.00000
 *
Epoch 4 | Train: loss: 0.07162 | quality: 0.99048
        | Val:   loss: 0.03328 | quality: 1.00000
 *
Epoch 5 | Train: loss: 45.75928 | quality: 0.36190
        | Val:   loss: 72.12389 | quality: 0.27273

Epoch 6 | Train: loss: 1575987877400718548612406210710784824769205239808.00000 | quality: 0.36190
        | Val:   loss: 987218555555351929502391569463179375359249350656.00000 | quality: 0.59091

Epoch 7 | Train: loss: 2311608782729045613111415474820901800922354534324267486170928054164574801456645032548755057612227948314624.00000 | quality: 0.69524
        | Val:   loss: 432358657378495307837367635410976397717055215960009158138367375766226454662493204483596537401867388321792.00000 | quality: 0.86364


✗ NaN loss at epoch 8 - stopping training
[2026-05-05 11:26:16,691][__main__][WARNING] - ✗ SINGULAR MMPO2TypeI/iris/NTN L=3 bd=8 seed=47303 -> /zhome/6b/e/212868/GTN/outputs/ntn/iris/MMPO2TypeI_rg5_init0.1/L3_bd8_seed47303 | val=1.0000
[2026-05-05 11:26:16,693][HYDRA] 	#25 : model.L=3 model.bond_dim=4 seed=42 trainer.ridge=5 trainer.ridge_decay=0.25 trainer.ridge_min=0.0001 +experiment=uci_ntn_sweep model=mmpo2_typei dataset=iris
[2026-05-05 11:26:16,854][__main__][INFO] - ▶ RUN MMPO2TypeI/iris/NTN L=3 bd=4 seed=42 -> /zhome/6b/e/212868/GTN/outputs/ntn/iris/MMPO2TypeI_rg5_init0.1/L3_bd4_seed42
Starting Ensemble Fit: 20 epochs
Models: [(1, 1), (2, 2), (3, 3)]
Total nodes: 6
Validation: Using separate validation set
Early stopping: patience=10, min_delta=0.001
Init    | Train: loss: 1.27173 | quality: 0.15238
        | Val:   loss: 1.12848 | quality: 0.40909

Epoch 1 | Train: loss: 0.53125 | quality: 0.82857
        | Val:   loss: 0.30852 | quality: 0.90909
 *
Epoch 2 | Train: loss: 0.30592 | quality: 0.89524
        | Val:   loss: 0.15252 | quality: 0.95455
 *
Epoch 3 | Train: loss: 0.13772 | quality: 0.96190
        | Val:   loss: 0.06777 | quality: 1.00000
 *
Epoch 4 | Train: loss: 0.07991 | quality: 0.99048
        | Val:   loss: 0.03795 | quality: 1.00000
 *
Epoch 5 | Train: loss: 0.05471 | quality: 0.99048
        | Val:   loss: 0.01950 | quality: 1.00000

Epoch 6 | Train: loss: 0.03235 | quality: 0.99048
        | Val:   loss: 0.01133 | quality: 1.00000

Epoch 7 | Train: loss: 0.01978 | quality: 1.00000
        | Val:   loss: 0.03740 | quality: 1.00000
 *
Epoch 8 | Train: loss: 0.01148 | quality: 1.00000
        | Val:   loss: 0.06928 | quality: 0.95455

Epoch 9 | Train: loss: 0.32811 | quality: 0.99048
        | Val:   loss: 0.13409 | quality: 0.95455

Epoch 10 | Train: loss: 4865416103384813819396096.00000 | quality: 0.57143
        | Val:   loss: 4481539964434067755106304.00000 | quality: 0.72727

Epoch 11 | Train: loss: 37716788392296529622514613620951598561166581119258888556519893741973773487902447265475893328706813441903901308681774491865411965035959287808.00000 | quality: 0.52381
        | Val:   loss: 71654419433088342643094895202636524795983856337884333031006343305510133327351132153363202011506806581743004283985618535994340254729740746752.00000 | quality: 0.31818


✗ NaN loss at epoch 12 - stopping training
[2026-05-05 11:26:18,803][__main__][WARNING] - ✗ SINGULAR MMPO2TypeI/iris/NTN L=3 bd=4 seed=42 -> /zhome/6b/e/212868/GTN/outputs/ntn/iris/MMPO2TypeI_rg5_init0.1/L3_bd4_seed42 | val=1.0000
[2026-05-05 11:26:18,805][HYDRA] 	#26 : model.L=3 model.bond_dim=4 seed=10090 trainer.ridge=5 trainer.ridge_decay=0.25 trainer.ridge_min=0.0001 +experiment=uci_ntn_sweep model=mmpo2_typei dataset=iris
[2026-05-05 11:26:18,961][__main__][INFO] - ▶ RUN MMPO2TypeI/iris/NTN L=3 bd=4 seed=10090 -> /zhome/6b/e/212868/GTN/outputs/ntn/iris/MMPO2TypeI_rg5_init0.1/L3_bd4_seed10090
Starting Ensemble Fit: 20 epochs
Models: [(1, 1), (2, 2), (3, 3)]
Total nodes: 6
Validation: Using separate validation set
Early stopping: patience=10, min_delta=0.001
Init    | Train: loss: 1.47328 | quality: 0.27619
        | Val:   loss: 1.70223 | quality: 0.13636

Epoch 1 | Train: loss: 0.55596 | quality: 0.79048
        | Val:   loss: 0.33183 | quality: 0.86364
 *
Epoch 2 | Train: loss: 0.32529 | quality: 0.87619
        | Val:   loss: 0.16220 | quality: 0.95455
 *
Epoch 3 | Train: loss: 0.14757 | quality: 0.96190
        | Val:   loss: 0.06997 | quality: 1.00000
 *
Epoch 4 | Train: loss: 0.08216 | quality: 0.99048
        | Val:   loss: 0.03946 | quality: 1.00000
 *
Epoch 5 | Train: loss: 0.05254 | quality: 0.99048
        | Val:   loss: 0.01802 | quality: 1.00000

Epoch 6 | Train: loss: 0.03209 | quality: 0.99048
        | Val:   loss: 0.01297 | quality: 1.00000

Epoch 7 | Train: loss: 0.02087 | quality: 1.00000
        | Val:   loss: 0.01581 | quality: 1.00000
 *
Epoch 8 | Train: loss: 0.01264 | quality: 1.00000
        | Val:   loss: 0.02679 | quality: 1.00000

Epoch 9 | Train: loss: 0.64485 | quality: 0.99048
        | Val:   loss: 0.12831 | quality: 0.95455

Epoch 10 | Train: loss: 3364641541293944753618944.00000 | quality: 0.73333
        | Val:   loss: 846662773300470598336512.00000 | quality: 0.86364

Epoch 11 | Train: loss: 185058718550549018367528839068305657659774630917312291800629332688977209768563123021201388081963222285232320301292728993995953138112135168.00000 | quality: 0.66667
        | Val:   loss: 11507485522448289724853184128212905809651165202364336203445985442963782089150351892051637119958342216873957857921556815467014499239723008.00000 | quality: 0.86364


✗ NaN loss at epoch 12 - stopping training
[2026-05-05 11:26:20,310][__main__][WARNING] - ✗ SINGULAR MMPO2TypeI/iris/NTN L=3 bd=4 seed=10090 -> /zhome/6b/e/212868/GTN/outputs/ntn/iris/MMPO2TypeI_rg5_init0.1/L3_bd4_seed10090 | val=1.0000
[2026-05-05 11:26:20,312][HYDRA] 	#27 : model.L=3 model.bond_dim=4 seed=32874 trainer.ridge=5 trainer.ridge_decay=0.25 trainer.ridge_min=0.0001 +experiment=uci_ntn_sweep model=mmpo2_typei dataset=iris
[2026-05-05 11:26:20,468][__main__][INFO] - ▶ RUN MMPO2TypeI/iris/NTN L=3 bd=4 seed=32874 -> /zhome/6b/e/212868/GTN/outputs/ntn/iris/MMPO2TypeI_rg5_init0.1/L3_bd4_seed32874
Starting Ensemble Fit: 20 epochs
Models: [(1, 1), (2, 2), (3, 3)]
Total nodes: 6
Validation: Using separate validation set
Early stopping: patience=10, min_delta=0.001
Init    | Train: loss: 0.67846 | quality: 0.63810
        | Val:   loss: 0.44812 | quality: 0.86364

Epoch 1 | Train: loss: 0.52698 | quality: 0.82857
        | Val:   loss: 0.31960 | quality: 0.95455
 *
Epoch 2 | Train: loss: 0.31258 | quality: 0.90476
        | Val:   loss: 0.15367 | quality: 0.95455
 *
Epoch 3 | Train: loss: 0.13931 | quality: 0.96190
        | Val:   loss: 0.06853 | quality: 1.00000
 *
Epoch 4 | Train: loss: 0.07931 | quality: 0.99048
        | Val:   loss: 0.03803 | quality: 1.00000
 *
Epoch 5 | Train: loss: 0.05220 | quality: 0.99048
        | Val:   loss: 0.01785 | quality: 1.00000

Epoch 6 | Train: loss: 0.03723 | quality: 0.99048
        | Val:   loss: 0.01332 | quality: 1.00000

Epoch 7 | Train: loss: 0.02686 | quality: 1.00000
        | Val:   loss: 0.01720 | quality: 1.00000
 *
Epoch 8 | Train: loss: 0.01516 | quality: 1.00000
        | Val:   loss: 0.02080 | quality: 1.00000

Epoch 9 | Train: loss: 0.00695 | quality: 1.00000
        | Val:   loss: 0.12259 | quality: 0.95455

Epoch 10 | Train: loss: 0.81748 | quality: 0.98095
        | Val:   loss: 0.25336 | quality: 0.90909

Epoch 11 | Train: loss: 5935215952225724849455104.00000 | quality: 0.64762
        | Val:   loss: 1167220932849825583464448.00000 | quality: 0.86364

Epoch 12 | Train: loss: 31544558143414506943668438364682286062714895083219723296259790764264881278676551741196856064408764246938420754673226831290113894522958697725952.00000 | quality: 0.65714
        | Val:   loss: 5636918172304695125106230425441155275656612000746268090737825140282690366131885175578703045427328294464657015286987306801046812085423842525184.00000 | quality: 0.86364


✗ NaN loss at epoch 13 - stopping training
[2026-05-05 11:26:21,853][__main__][WARNING] - ✗ SINGULAR MMPO2TypeI/iris/NTN L=3 bd=4 seed=32874 -> /zhome/6b/e/212868/GTN/outputs/ntn/iris/MMPO2TypeI_rg5_init0.1/L3_bd4_seed32874 | val=1.0000
[2026-05-05 11:26:21,855][HYDRA] 	#28 : model.L=3 model.bond_dim=4 seed=47311 trainer.ridge=5 trainer.ridge_decay=0.25 trainer.ridge_min=0.0001 +experiment=uci_ntn_sweep model=mmpo2_typei dataset=iris
[2026-05-05 11:26:22,021][__main__][INFO] - ▶ RUN MMPO2TypeI/iris/NTN L=3 bd=4 seed=47311 -> /zhome/6b/e/212868/GTN/outputs/ntn/iris/MMPO2TypeI_rg5_init0.1/L3_bd4_seed47311
Starting Ensemble Fit: 20 epochs
Models: [(1, 1), (2, 2), (3, 3)]
Total nodes: 6
Validation: Using separate validation set
Early stopping: patience=10, min_delta=0.001
Init    | Train: loss: 0.89410 | quality: 0.42857
        | Val:   loss: 0.60182 | quality: 0.63636

Epoch 1 | Train: loss: 0.55141 | quality: 0.83810
        | Val:   loss: 0.34629 | quality: 0.90909
 *
Epoch 2 | Train: loss: 0.31368 | quality: 0.89524
        | Val:   loss: 0.16549 | quality: 0.95455
 *
Epoch 3 | Train: loss: 0.14283 | quality: 0.96190
        | Val:   loss: 0.07236 | quality: 1.00000
 *
Epoch 4 | Train: loss: 0.08242 | quality: 0.99048
        | Val:   loss: 0.03910 | quality: 1.00000
 *
Epoch 5 | Train: loss: 0.05464 | quality: 0.99048
        | Val:   loss: 0.01807 | quality: 1.00000

Epoch 6 | Train: loss: 0.03386 | quality: 0.99048
        | Val:   loss: 0.01223 | quality: 1.00000

Epoch 7 | Train: loss: 0.02246 | quality: 1.00000
        | Val:   loss: 0.01360 | quality: 1.00000
 *
Epoch 8 | Train: loss: 0.02019 | quality: 0.99048
        | Val:   loss: 0.02493 | quality: 1.00000

Epoch 9 | Train: loss: 0.00587 | quality: 1.00000
        | Val:   loss: 0.16222 | quality: 0.95455

Epoch 10 | Train: loss: 0.00277 | quality: 1.00000
        | Val:   loss: 0.27666 | quality: 0.95455

Epoch 11 | Train: loss: 0.00135 | quality: 1.00000
        | Val:   loss: 0.34340 | quality: 0.95455

Epoch 12 | Train: loss: 0.00078 | quality: 1.00000
        | Val:   loss: 0.39170 | quality: 0.95455

Epoch 13 | Train: loss: 0.00403 | quality: 1.00000
        | Val:   loss: 0.04455 | quality: 0.95455

Epoch 14 | Train: loss: 0.00101 | quality: 1.00000
        | Val:   loss: 0.27271 | quality: 0.95455

Epoch 15 | Train: loss: 0.00054 | quality: 1.00000
        | Val:   loss: 0.36466 | quality: 0.95455

Epoch 16 | Train: loss: 1871.97160 | quality: 0.30476
        | Val:   loss: 2758.50296 | quality: 0.27273

Epoch 17 | Train: loss: 96809647672647268675401449156980310949890959964412746585242590097459039405428191400551133907611996543867563138525579934075920540977531453440.00000 | quality: 0.38095
        | Val:   loss: 76375221990130757199439959639741096954874909162964733014640714295759280084508319204493891422435953597114267240358304209822182849419963006976.00000 | quality: 0.59091


Early stopping at epoch 17 (best was epoch 7)

Best epoch: 7 (val_quality=1.000000)
[2026-05-05 11:26:23,496][__main__][INFO] - ✓ DONE MMPO2TypeI/iris/NTN L=3 bd=4 seed=47311 -> /zhome/6b/e/212868/GTN/outputs/ntn/iris/MMPO2TypeI_rg5_init0.1/L3_bd4_seed47311 | val=1.0000
[2026-05-05 11:26:23,499][HYDRA] 	#29 : model.L=3 model.bond_dim=4 seed=47303 trainer.ridge=5 trainer.ridge_decay=0.25 trainer.ridge_min=0.0001 +experiment=uci_ntn_sweep model=mmpo2_typei dataset=iris
[2026-05-05 11:26:23,657][__main__][INFO] - ▶ RUN MMPO2TypeI/iris/NTN L=3 bd=4 seed=47303 -> /zhome/6b/e/212868/GTN/outputs/ntn/iris/MMPO2TypeI_rg5_init0.1/L3_bd4_seed47303
Starting Ensemble Fit: 20 epochs
Models: [(1, 1), (2, 2), (3, 3)]
Total nodes: 6
Validation: Using separate validation set
Early stopping: patience=10, min_delta=0.001
Init    | Train: loss: 1.28539 | quality: 0.24762
        | Val:   loss: 1.06864 | quality: 0.40909

Epoch 1 | Train: loss: 0.53684 | quality: 0.80952
        | Val:   loss: 0.34645 | quality: 0.90909
 *
Epoch 2 | Train: loss: 0.30801 | quality: 0.88571
        | Val:   loss: 0.16399 | quality: 0.95455
 *
Epoch 3 | Train: loss: 0.14189 | quality: 0.96190
        | Val:   loss: 0.07213 | quality: 1.00000
 *
Epoch 4 | Train: loss: 0.08124 | quality: 0.99048
        | Val:   loss: 0.03985 | quality: 1.00000
 *
Epoch 5 | Train: loss: 0.05834 | quality: 0.99048
        | Val:   loss: 0.01682 | quality: 1.00000

Epoch 6 | Train: loss: 0.03384 | quality: 0.99048
        | Val:   loss: 0.01249 | quality: 1.00000

Epoch 7 | Train: loss: 0.02207 | quality: 1.00000
        | Val:   loss: 0.01688 | quality: 1.00000
 *
Epoch 8 | Train: loss: 0.01190 | quality: 1.00000
        | Val:   loss: 0.04714 | quality: 0.95455

Epoch 9 | Train: loss: 0.00649 | quality: 1.00000
        | Val:   loss: 0.14547 | quality: 0.95455

Epoch 10 | Train: loss: 0.31563 | quality: 0.99048
        | Val:   loss: 0.23922 | quality: 0.95455

Epoch 11 | Train: loss: 2480387471486434517450752.00000 | quality: 0.56190
        | Val:   loss: 2112070174889951377752064.00000 | quality: 0.72727

Epoch 12 | Train: loss: 14679008834320581657381994523258256622303421838901307847286818811977425238264237704733831951133331696149500750296704901902243288461883736064.00000 | quality: 0.52381
        | Val:   loss: 27835313568488858657639274750467923483974405193779743125645525202041450937983141674546830094850663869972584731292772665954599582914962259968.00000 | quality: 0.31818


✗ NaN loss at epoch 13 - stopping training
[2026-05-05 11:26:25,537][__main__][WARNING] - ✗ SINGULAR MMPO2TypeI/iris/NTN L=3 bd=4 seed=47303 -> /zhome/6b/e/212868/GTN/outputs/ntn/iris/MMPO2TypeI_rg5_init0.1/L3_bd4_seed47303 | val=1.0000

------------------------------------------------------------
Sender: LSF System <lsfadmin@hpc.dtu.dk>
Subject: Job 28356913[8]: <ntn_grid_full[1-70]%20> in cluster <dcc> Done

Job <ntn_grid_full[1-70]%20> was submitted from host <hpclogin1> by user <nicci> in cluster <dcc> at Tue May  5 11:22:52 2026
Job was executed on host(s) <6*n-62-29-5>, in queue <hpc>, as user <nicci> in cluster <dcc> at Tue May  5 11:25:00 2026
</zhome/6b/e/212868> was used as the home directory.
</zhome/6b/e/212868/GTN> was used as the working directory.
Started at Tue May  5 11:25:00 2026
Terminated at Tue May  5 11:26:38 2026
Results reported at Tue May  5 11:26:38 2026

Your job looked like:

------------------------------------------------------------
# LSBATCH: User input
#!/bin/bash
#BSUB -q hpc
#BSUB -J "ntn_grid_full[1-70]%20"
#BSUB -W 6:00
#BSUB -n 6
#BSUB -R "rusage[mem=750MB]"
#BSUB -R "span[hosts=1]"
#BSUB -o logs/%J_%I_cpu_newntn.out
#BSUB -e logs/%J_%I_cpu_newntn.err

MODELS=("cpda" "cpda_typei" "lmpo2" "lmpo2_typei" "mpo2" "mpo2_typei" "mmpo2" "mmpo2_typei" "tnml_f" "tnml_p")

DATASETS=(
    "iris"
    "realstate"
    "concrete"
    "energy_efficiency"
    "breast"
    "car_evaluation"
    "wine"
    #medium
    # "winequalityc"
    # "abalone"
    # "appliances"
    # "bank"
    # "bike"
    # "hearth"
    # "obesity"
    # "student_dropout"
    # "student_perf"
    # BIG MAYBE?
    # "adult"
    # "seoulBike"
    # "ai4i"
    # "mushrooms"
    # "popularity"
)

NUM_MODELS=${#MODELS[@]}
NUM_DATASETS=${#DATASETS[@]}
NUM_EXPERIMENTS=$((NUM_DATASETS * NUM_MODELS))

if [ "$1" == "test" ]; then
    echo "SIMULATING ARRAY:"
    echo "-----------------"

    for ((i=1; i<=NUM_EXPERIMENTS; i++)); do
        IDV=$((i - 1))
        MODEL_IDX=$((IDV % NUM_MODELS))
        DATASET_IDX=$((IDV / NUM_MODELS))

(... more ...)
------------------------------------------------------------

Successfully completed.

Resource usage summary:

    CPU time :                                   103.00 sec.
    Max Memory :                                 523 MB
    Average Memory :                             142.00 MB
    Total Requested Memory :                     4500.00 MB
    Delta Memory :                               3977.00 MB
    Max Swap :                                   -
    Max Processes :                              6
    Max Threads :                                29
    Run time :                                   98 sec.
    Turnaround time :                            226 sec.

The output (if any) is above this job summary.



PS:

Read file <logs/28356913_8_cpu_newntn.err> for stderr output of this job.

