Task 7: Dataset=abalone, Model=mmpo2, Experiment=uci_ntn_sweep
[2026-05-05 11:12:06,128][HYDRA] Launching 30 jobs locally
[2026-05-05 11:12:06,128][HYDRA] 	#0 : model.L=4 model.bond_dim=12 seed=42 trainer.ridge=5 trainer.ridge_decay=0.25 trainer.ridge_min=0.0001 +experiment=uci_ntn_sweep model=mmpo2 dataset=abalone
[2026-05-05 11:12:06,522][utils.tracking][INFO] - Loaded 9933 tracked runs from runs_tracking.csv
[2026-05-05 11:12:06,525][__main__][INFO] - ⏭ SKIP MMPO2/abalone/NTN L=4 bd=12 seed=42 -> /zhome/6b/e/212868/GTN/outputs/ntn/abalone/MMPO2_rg5_init0.1/L4_bd12_seed42 | completed val=0.5342
[2026-05-05 11:12:06,540][HYDRA] 	#1 : model.L=4 model.bond_dim=12 seed=10090 trainer.ridge=5 trainer.ridge_decay=0.25 trainer.ridge_min=0.0001 +experiment=uci_ntn_sweep model=mmpo2 dataset=abalone
[2026-05-05 11:12:06,737][__main__][INFO] - ⏭ SKIP MMPO2/abalone/NTN L=4 bd=12 seed=10090 -> /zhome/6b/e/212868/GTN/outputs/ntn/abalone/MMPO2_rg5_init0.1/L4_bd12_seed10090 | completed val=0.5245
[2026-05-05 11:12:06,740][HYDRA] 	#2 : model.L=4 model.bond_dim=12 seed=32874 trainer.ridge=5 trainer.ridge_decay=0.25 trainer.ridge_min=0.0001 +experiment=uci_ntn_sweep model=mmpo2 dataset=abalone
[2026-05-05 11:12:06,900][__main__][INFO] - ⏭ SKIP MMPO2/abalone/NTN L=4 bd=12 seed=32874 -> /zhome/6b/e/212868/GTN/outputs/ntn/abalone/MMPO2_rg5_init0.1/L4_bd12_seed32874 | completed val=0.5333
[2026-05-05 11:12:06,904][HYDRA] 	#3 : model.L=4 model.bond_dim=12 seed=47311 trainer.ridge=5 trainer.ridge_decay=0.25 trainer.ridge_min=0.0001 +experiment=uci_ntn_sweep model=mmpo2 dataset=abalone
[2026-05-05 11:12:07,057][__main__][INFO] - ⏭ SKIP MMPO2/abalone/NTN L=4 bd=12 seed=47311 -> /zhome/6b/e/212868/GTN/outputs/ntn/abalone/MMPO2_rg5_init0.1/L4_bd12_seed47311 | completed val=0.5335
[2026-05-05 11:12:07,060][HYDRA] 	#4 : model.L=4 model.bond_dim=12 seed=47303 trainer.ridge=5 trainer.ridge_decay=0.25 trainer.ridge_min=0.0001 +experiment=uci_ntn_sweep model=mmpo2 dataset=abalone
[2026-05-05 11:12:07,216][__main__][INFO] - ⏭ SKIP MMPO2/abalone/NTN L=4 bd=12 seed=47303 -> /zhome/6b/e/212868/GTN/outputs/ntn/abalone/MMPO2_rg5_init0.1/L4_bd12_seed47303 | completed val=0.5313
[2026-05-05 11:12:07,218][HYDRA] 	#5 : model.L=4 model.bond_dim=8 seed=42 trainer.ridge=5 trainer.ridge_decay=0.25 trainer.ridge_min=0.0001 +experiment=uci_ntn_sweep model=mmpo2 dataset=abalone
[2026-05-05 11:12:07,369][__main__][INFO] - ⏭ SKIP MMPO2/abalone/NTN L=4 bd=8 seed=42 -> /zhome/6b/e/212868/GTN/outputs/ntn/abalone/MMPO2_rg5_init0.1/L4_bd8_seed42 | completed val=0.5284
[2026-05-05 11:12:07,371][HYDRA] 	#6 : model.L=4 model.bond_dim=8 seed=10090 trainer.ridge=5 trainer.ridge_decay=0.25 trainer.ridge_min=0.0001 +experiment=uci_ntn_sweep model=mmpo2 dataset=abalone
[2026-05-05 11:12:07,524][__main__][INFO] - ⏭ SKIP MMPO2/abalone/NTN L=4 bd=8 seed=10090 -> /zhome/6b/e/212868/GTN/outputs/ntn/abalone/MMPO2_rg5_init0.1/L4_bd8_seed10090 | completed val=0.5301
[2026-05-05 11:12:07,526][HYDRA] 	#7 : model.L=4 model.bond_dim=8 seed=32874 trainer.ridge=5 trainer.ridge_decay=0.25 trainer.ridge_min=0.0001 +experiment=uci_ntn_sweep model=mmpo2 dataset=abalone
[2026-05-05 11:12:07,675][__main__][INFO] - ⏭ SKIP MMPO2/abalone/NTN L=4 bd=8 seed=32874 -> /zhome/6b/e/212868/GTN/outputs/ntn/abalone/MMPO2_rg5_init0.1/L4_bd8_seed32874 | completed val=0.5260
[2026-05-05 11:12:07,677][HYDRA] 	#8 : model.L=4 model.bond_dim=8 seed=47311 trainer.ridge=5 trainer.ridge_decay=0.25 trainer.ridge_min=0.0001 +experiment=uci_ntn_sweep model=mmpo2 dataset=abalone
[2026-05-05 11:12:07,826][__main__][INFO] - ⏭ SKIP MMPO2/abalone/NTN L=4 bd=8 seed=47311 -> /zhome/6b/e/212868/GTN/outputs/ntn/abalone/MMPO2_rg5_init0.1/L4_bd8_seed47311 | completed val=0.5302
[2026-05-05 11:12:07,828][HYDRA] 	#9 : model.L=4 model.bond_dim=8 seed=47303 trainer.ridge=5 trainer.ridge_decay=0.25 trainer.ridge_min=0.0001 +experiment=uci_ntn_sweep model=mmpo2 dataset=abalone
[2026-05-05 11:12:07,979][__main__][INFO] - ⏭ SKIP MMPO2/abalone/NTN L=4 bd=8 seed=47303 -> /zhome/6b/e/212868/GTN/outputs/ntn/abalone/MMPO2_rg5_init0.1/L4_bd8_seed47303 | completed val=0.5279
[2026-05-05 11:12:07,981][HYDRA] 	#10 : model.L=4 model.bond_dim=4 seed=42 trainer.ridge=5 trainer.ridge_decay=0.25 trainer.ridge_min=0.0001 +experiment=uci_ntn_sweep model=mmpo2 dataset=abalone
[2026-05-05 11:12:08,133][__main__][INFO] - ⏭ SKIP MMPO2/abalone/NTN L=4 bd=4 seed=42 -> /zhome/6b/e/212868/GTN/outputs/ntn/abalone/MMPO2_rg5_init0.1/L4_bd4_seed42 | completed val=0.5376
[2026-05-05 11:12:08,136][HYDRA] 	#11 : model.L=4 model.bond_dim=4 seed=10090 trainer.ridge=5 trainer.ridge_decay=0.25 trainer.ridge_min=0.0001 +experiment=uci_ntn_sweep model=mmpo2 dataset=abalone
[2026-05-05 11:12:08,291][__main__][INFO] - ⏭ SKIP MMPO2/abalone/NTN L=4 bd=4 seed=10090 -> /zhome/6b/e/212868/GTN/outputs/ntn/abalone/MMPO2_rg5_init0.1/L4_bd4_seed10090 | completed val=0.5306
[2026-05-05 11:12:08,294][HYDRA] 	#12 : model.L=4 model.bond_dim=4 seed=32874 trainer.ridge=5 trainer.ridge_decay=0.25 trainer.ridge_min=0.0001 +experiment=uci_ntn_sweep model=mmpo2 dataset=abalone
[2026-05-05 11:12:08,447][__main__][INFO] - ⏭ SKIP MMPO2/abalone/NTN L=4 bd=4 seed=32874 -> /zhome/6b/e/212868/GTN/outputs/ntn/abalone/MMPO2_rg5_init0.1/L4_bd4_seed32874 | completed val=0.5320
[2026-05-05 11:12:08,449][HYDRA] 	#13 : model.L=4 model.bond_dim=4 seed=47311 trainer.ridge=5 trainer.ridge_decay=0.25 trainer.ridge_min=0.0001 +experiment=uci_ntn_sweep model=mmpo2 dataset=abalone
[2026-05-05 11:12:08,603][__main__][INFO] - ⏭ SKIP MMPO2/abalone/NTN L=4 bd=4 seed=47311 -> /zhome/6b/e/212868/GTN/outputs/ntn/abalone/MMPO2_rg5_init0.1/L4_bd4_seed47311 | completed val=0.5356
[2026-05-05 11:12:08,606][HYDRA] 	#14 : model.L=4 model.bond_dim=4 seed=47303 trainer.ridge=5 trainer.ridge_decay=0.25 trainer.ridge_min=0.0001 +experiment=uci_ntn_sweep model=mmpo2 dataset=abalone
[2026-05-05 11:12:08,763][__main__][INFO] - ⏭ SKIP MMPO2/abalone/NTN L=4 bd=4 seed=47303 -> /zhome/6b/e/212868/GTN/outputs/ntn/abalone/MMPO2_rg5_init0.1/L4_bd4_seed47303 | completed val=0.5362
[2026-05-05 11:12:08,765][HYDRA] 	#15 : model.L=3 model.bond_dim=12 seed=42 trainer.ridge=5 trainer.ridge_decay=0.25 trainer.ridge_min=0.0001 +experiment=uci_ntn_sweep model=mmpo2 dataset=abalone
[2026-05-05 11:12:08,914][__main__][INFO] - ⏭ SKIP MMPO2/abalone/NTN L=3 bd=12 seed=42 -> /zhome/6b/e/212868/GTN/outputs/ntn/abalone/MMPO2_rg5_init0.1/L3_bd12_seed42 | completed val=0.5281
[2026-05-05 11:12:08,917][HYDRA] 	#16 : model.L=3 model.bond_dim=12 seed=10090 trainer.ridge=5 trainer.ridge_decay=0.25 trainer.ridge_min=0.0001 +experiment=uci_ntn_sweep model=mmpo2 dataset=abalone
[2026-05-05 11:12:09,067][__main__][INFO] - ⏭ SKIP MMPO2/abalone/NTN L=3 bd=12 seed=10090 -> /zhome/6b/e/212868/GTN/outputs/ntn/abalone/MMPO2_rg5_init0.1/L3_bd12_seed10090 | completed val=0.5280
[2026-05-05 11:12:09,070][HYDRA] 	#17 : model.L=3 model.bond_dim=12 seed=32874 trainer.ridge=5 trainer.ridge_decay=0.25 trainer.ridge_min=0.0001 +experiment=uci_ntn_sweep model=mmpo2 dataset=abalone
[2026-05-05 11:12:09,225][__main__][INFO] - ⏭ SKIP MMPO2/abalone/NTN L=3 bd=12 seed=32874 -> /zhome/6b/e/212868/GTN/outputs/ntn/abalone/MMPO2_rg5_init0.1/L3_bd12_seed32874 | completed val=0.5254
[2026-05-05 11:12:09,227][HYDRA] 	#18 : model.L=3 model.bond_dim=12 seed=47311 trainer.ridge=5 trainer.ridge_decay=0.25 trainer.ridge_min=0.0001 +experiment=uci_ntn_sweep model=mmpo2 dataset=abalone
[2026-05-05 11:12:09,379][__main__][INFO] - ⏭ SKIP MMPO2/abalone/NTN L=3 bd=12 seed=47311 -> /zhome/6b/e/212868/GTN/outputs/ntn/abalone/MMPO2_rg5_init0.1/L3_bd12_seed47311 | completed val=0.5293
[2026-05-05 11:12:09,382][HYDRA] 	#19 : model.L=3 model.bond_dim=12 seed=47303 trainer.ridge=5 trainer.ridge_decay=0.25 trainer.ridge_min=0.0001 +experiment=uci_ntn_sweep model=mmpo2 dataset=abalone
[2026-05-05 11:12:09,529][__main__][INFO] - ⏭ SKIP MMPO2/abalone/NTN L=3 bd=12 seed=47303 -> /zhome/6b/e/212868/GTN/outputs/ntn/abalone/MMPO2_rg5_init0.1/L3_bd12_seed47303 | completed val=0.5341
[2026-05-05 11:12:09,532][HYDRA] 	#20 : model.L=3 model.bond_dim=8 seed=42 trainer.ridge=5 trainer.ridge_decay=0.25 trainer.ridge_min=0.0001 +experiment=uci_ntn_sweep model=mmpo2 dataset=abalone
[2026-05-05 11:12:09,719][__main__][INFO] - ⏭ SKIP MMPO2/abalone/NTN L=3 bd=8 seed=42 -> /zhome/6b/e/212868/GTN/outputs/ntn/abalone/MMPO2_rg5_init0.1/L3_bd8_seed42 | completed val=0.5346
[2026-05-05 11:12:09,722][HYDRA] 	#21 : model.L=3 model.bond_dim=8 seed=10090 trainer.ridge=5 trainer.ridge_decay=0.25 trainer.ridge_min=0.0001 +experiment=uci_ntn_sweep model=mmpo2 dataset=abalone
[2026-05-05 11:12:09,871][__main__][INFO] - ⏭ SKIP MMPO2/abalone/NTN L=3 bd=8 seed=10090 -> /zhome/6b/e/212868/GTN/outputs/ntn/abalone/MMPO2_rg5_init0.1/L3_bd8_seed10090 | completed val=0.5355
[2026-05-05 11:12:09,874][HYDRA] 	#22 : model.L=3 model.bond_dim=8 seed=32874 trainer.ridge=5 trainer.ridge_decay=0.25 trainer.ridge_min=0.0001 +experiment=uci_ntn_sweep model=mmpo2 dataset=abalone
[2026-05-05 11:12:10,029][__main__][INFO] - ⏭ SKIP MMPO2/abalone/NTN L=3 bd=8 seed=32874 -> /zhome/6b/e/212868/GTN/outputs/ntn/abalone/MMPO2_rg5_init0.1/L3_bd8_seed32874 | completed val=0.5321
[2026-05-05 11:12:10,031][HYDRA] 	#23 : model.L=3 model.bond_dim=8 seed=47311 trainer.ridge=5 trainer.ridge_decay=0.25 trainer.ridge_min=0.0001 +experiment=uci_ntn_sweep model=mmpo2 dataset=abalone
[2026-05-05 11:12:10,186][__main__][INFO] - ⏭ SKIP MMPO2/abalone/NTN L=3 bd=8 seed=47311 -> /zhome/6b/e/212868/GTN/outputs/ntn/abalone/MMPO2_rg5_init0.1/L3_bd8_seed47311 | completed val=0.5330
[2026-05-05 11:12:10,188][HYDRA] 	#24 : model.L=3 model.bond_dim=8 seed=47303 trainer.ridge=5 trainer.ridge_decay=0.25 trainer.ridge_min=0.0001 +experiment=uci_ntn_sweep model=mmpo2 dataset=abalone
[2026-05-05 11:12:10,342][__main__][INFO] - ⏭ SKIP MMPO2/abalone/NTN L=3 bd=8 seed=47303 -> /zhome/6b/e/212868/GTN/outputs/ntn/abalone/MMPO2_rg5_init0.1/L3_bd8_seed47303 | completed val=0.5303
[2026-05-05 11:12:10,344][HYDRA] 	#25 : model.L=3 model.bond_dim=4 seed=42 trainer.ridge=5 trainer.ridge_decay=0.25 trainer.ridge_min=0.0001 +experiment=uci_ntn_sweep model=mmpo2 dataset=abalone
[2026-05-05 11:12:10,723][__main__][INFO] - ⏭ SKIP MMPO2/abalone/NTN L=3 bd=4 seed=42 -> /zhome/6b/e/212868/GTN/outputs/ntn/abalone/MMPO2_rg5_init0.1/L3_bd4_seed42 | completed val=0.5340
[2026-05-05 11:12:10,726][HYDRA] 	#26 : model.L=3 model.bond_dim=4 seed=10090 trainer.ridge=5 trainer.ridge_decay=0.25 trainer.ridge_min=0.0001 +experiment=uci_ntn_sweep model=mmpo2 dataset=abalone
[2026-05-05 11:12:10,872][__main__][INFO] - ⏭ SKIP MMPO2/abalone/NTN L=3 bd=4 seed=10090 -> /zhome/6b/e/212868/GTN/outputs/ntn/abalone/MMPO2_rg5_init0.1/L3_bd4_seed10090 | completed val=0.5365
[2026-05-05 11:12:10,875][HYDRA] 	#27 : model.L=3 model.bond_dim=4 seed=32874 trainer.ridge=5 trainer.ridge_decay=0.25 trainer.ridge_min=0.0001 +experiment=uci_ntn_sweep model=mmpo2 dataset=abalone
[2026-05-05 11:12:11,021][__main__][INFO] - ⏭ SKIP MMPO2/abalone/NTN L=3 bd=4 seed=32874 -> /zhome/6b/e/212868/GTN/outputs/ntn/abalone/MMPO2_rg5_init0.1/L3_bd4_seed32874 | completed val=0.5359
[2026-05-05 11:12:11,023][HYDRA] 	#28 : model.L=3 model.bond_dim=4 seed=47311 trainer.ridge=5 trainer.ridge_decay=0.25 trainer.ridge_min=0.0001 +experiment=uci_ntn_sweep model=mmpo2 dataset=abalone
[2026-05-05 11:12:11,175][__main__][INFO] - ⏭ SKIP MMPO2/abalone/NTN L=3 bd=4 seed=47311 -> /zhome/6b/e/212868/GTN/outputs/ntn/abalone/MMPO2_rg5_init0.1/L3_bd4_seed47311 | completed val=0.5362
[2026-05-05 11:12:11,177][HYDRA] 	#29 : model.L=3 model.bond_dim=4 seed=47303 trainer.ridge=5 trainer.ridge_decay=0.25 trainer.ridge_min=0.0001 +experiment=uci_ntn_sweep model=mmpo2 dataset=abalone
[2026-05-05 11:12:11,328][__main__][INFO] - ⏭ SKIP MMPO2/abalone/NTN L=3 bd=4 seed=47303 -> /zhome/6b/e/212868/GTN/outputs/ntn/abalone/MMPO2_rg5_init0.1/L3_bd4_seed47303 | completed val=0.5345

------------------------------------------------------------
Sender: LSF System <lsfadmin@hpc.dtu.dk>
Subject: Job 28356235[7]: <ntn_grid_full[1-210]%20> in cluster <dcc> Done

Job <ntn_grid_full[1-210]%20> was submitted from host <hpclogin1> by user <nicci> in cluster <dcc> at Tue May  5 11:07:15 2026
Job was executed on host(s) <6*n-62-29-19>, in queue <hpc>, as user <nicci> in cluster <dcc> at Tue May  5 11:11:56 2026
</zhome/6b/e/212868> was used as the home directory.
</zhome/6b/e/212868/GTN> was used as the working directory.
Started at Tue May  5 11:11:56 2026
Terminated at Tue May  5 11:12:12 2026
Results reported at Tue May  5 11:12:12 2026

Your job looked like:

------------------------------------------------------------
# LSBATCH: User input
#!/bin/bash
#BSUB -q hpc
#BSUB -J "ntn_grid_full[1-210]%20"
#BSUB -W 4:00
#BSUB -n 6
#BSUB -R "rusage[mem=750MB]"
#BSUB -R "span[hosts=1]"
#BSUB -o logs/%J_%I_newntn.out
#BSUB -e logs/%J_%I_newntn.err

MODELS=("cpda" "cpda_typei" "lmpo2" "lmpo2_typei" "mpo2" "mpo2_typei" "mmpo2" "mmpo2_typei" "tnml_f" "tnml_p")

DATASETS=(
    "abalone" "adult" "ai4i" "appliances" "bank" "bike" "breast"
    "car_evaluation" "concrete" "energy_efficiency" "hearth"
    "iris" "mushrooms" "obesity" "popularity" "realstate"
    "seoulBike" "student_dropout" "student_perf" "wine"
    "winequalityc"
)
# COMPLETED_DATASETS=(
#     "abalone" "ai4i" "wine" "winequalityc" "bike" "concrete" "energy_efficiency"
#     "iris" "realstate" )

# Filter datasets
# FILTERED_DATASETS=()
# for ds in "${DATASETS[@]}"; do
#     skip=false
#     for completed in "${COMPLETED_DATASETS[@]}"; do
#         if [[ "$ds" == "$completed" ]]; then
#             skip=true
#             break
#         fi
#     done

#     if ! $skip; then
#         FILTERED_DATASETS+=("$ds")
#     fi
# done

# DATASETS=("${FILTERED_DATASETS[@]}")

NUM_MODELS=${#MODELS[@]}
NUM_DATASETS=${#DATASETS[@]}
NUM_EXPERIMENTS=$((NUM_DATASETS * NUM_MODELS))

if [ "$1" == "test" ]; then
    echo "SIMULATING ARRAY:"
    echo "-----------------"

    for ((i=1; i<=NUM_EXPERIMENTS; i++)); do

(... more ...)
------------------------------------------------------------

Successfully completed.

Resource usage summary:

    CPU time :                                   13.44 sec.
    Max Memory :                                 -
    Average Memory :                             -
    Total Requested Memory :                     4500.00 MB
    Delta Memory :                               -
    Max Swap :                                   -
    Max Processes :                              -
    Max Threads :                                -
    Run time :                                   16 sec.
    Turnaround time :                            297 sec.

The output (if any) is above this job summary.



PS:

Read file <logs/28356235_7_newntn.err> for stderr output of this job.

