Task 38: Dataset=energy_efficiency, Model=mmpo2_typei, Experiment=uci_ntn_sweep
[2026-05-05 11:32:35,532][HYDRA] Launching 30 jobs locally
[2026-05-05 11:32:35,532][HYDRA] 	#0 : model.L=4 model.bond_dim=12 seed=42 trainer.ridge=5 trainer.ridge_decay=0.25 trainer.ridge_min=0.0001 +experiment=uci_ntn_sweep model=mmpo2_typei dataset=energy_efficiency
[2026-05-05 11:32:35,733][utils.tracking][INFO] - Loaded 9933 tracked runs from runs_tracking.csv
[2026-05-05 11:32:35,735][__main__][INFO] - ▶ RUN MMPO2TypeI/energy_efficiency/NTN L=4 bd=12 seed=42 -> /zhome/6b/e/212868/GTN/outputs/ntn/energy_efficiency/MMPO2TypeI_rg5_init0.1/L4_bd12_seed42
Starting Ensemble Fit: 20 epochs
Models: [(1, 1), (2, 2), (3, 3), (4, 4)]
Total nodes: 10
Validation: Using separate validation set
Early stopping: patience=10, min_delta=0.001
Init    | Train: loss: 574.66469 | quality: -4.65715
        | Val:   loss: 671.54082 | quality: -5.56988

Epoch 1 | Train: loss: 48.11305 | quality: 0.52636
        | Val:   loss: 58.23240 | quality: 0.43030
 *
Epoch 2 | Train: loss: 8.85437 | quality: 0.91284
        | Val:   loss: 11.33277 | quality: 0.88913
 *
Epoch 3 | Train: loss: 5.51129 | quality: 0.94575
        | Val:   loss: 6.84341 | quality: 0.93305
 *
Epoch 4 | Train: loss: 4.37696 | quality: 0.95691
        | Val:   loss: 5.41146 | quality: 0.94706
 *
Epoch 5 | Train: loss: 1.97887 | quality: 0.98052
        | Val:   loss: 2.42612 | quality: 0.97626
 *
Epoch 6 | Train: loss: 0.68183 | quality: 0.99329
        | Val:   loss: 0.81970 | quality: 0.99198
 *
Epoch 7 | Train: loss: 0.28838 | quality: 0.99716
        | Val:   loss: 0.38471 | quality: 0.99624
 *
Epoch 8 | Train: loss: 0.17244 | quality: 0.99830
        | Val:   loss: 0.26694 | quality: 0.99739
 *
Epoch 9 | Train: loss: 0.13174 | quality: 0.99870
        | Val:   loss: 0.23932 | quality: 0.99766

Epoch 10 | Train: loss: 0.12187 | quality: 0.99880
        | Val:   loss: 0.23855 | quality: 0.99767

Epoch 11 | Train: loss: 0.11846 | quality: 0.99883
        | Val:   loss: 0.23595 | quality: 0.99769

Epoch 12 | Train: loss: 0.11633 | quality: 0.99885
        | Val:   loss: 0.23308 | quality: 0.99772

Epoch 13 | Train: loss: 0.11490 | quality: 0.99887
        | Val:   loss: 0.23094 | quality: 0.99774

Epoch 14 | Train: loss: 0.11386 | quality: 0.99888
        | Val:   loss: 0.22907 | quality: 0.99776

Epoch 15 | Train: loss: 0.11301 | quality: 0.99889
        | Val:   loss: 0.22766 | quality: 0.99777

Epoch 16 | Train: loss: 0.11226 | quality: 0.99889
        | Val:   loss: 0.22667 | quality: 0.99778

Epoch 17 | Train: loss: 0.11166 | quality: 0.99890
        | Val:   loss: 0.22552 | quality: 0.99779

Epoch 18 | Train: loss: 0.11117 | quality: 0.99891
        | Val:   loss: 0.22429 | quality: 0.99781


Early stopping at epoch 18 (best was epoch 8)

Best epoch: 8 (val_quality=0.997388)
[2026-05-05 11:32:53,923][__main__][INFO] - ✓ DONE MMPO2TypeI/energy_efficiency/NTN L=4 bd=12 seed=42 -> /zhome/6b/e/212868/GTN/outputs/ntn/energy_efficiency/MMPO2TypeI_rg5_init0.1/L4_bd12_seed42 | val=0.9974
[2026-05-05 11:32:53,926][HYDRA] 	#1 : model.L=4 model.bond_dim=12 seed=10090 trainer.ridge=5 trainer.ridge_decay=0.25 trainer.ridge_min=0.0001 +experiment=uci_ntn_sweep model=mmpo2_typei dataset=energy_efficiency
[2026-05-05 11:32:54,089][__main__][INFO] - ▶ RUN MMPO2TypeI/energy_efficiency/NTN L=4 bd=12 seed=10090 -> /zhome/6b/e/212868/GTN/outputs/ntn/energy_efficiency/MMPO2TypeI_rg5_init0.1/L4_bd12_seed10090
Starting Ensemble Fit: 20 epochs
Models: [(1, 1), (2, 2), (3, 3), (4, 4)]
Total nodes: 10
Validation: Using separate validation set
Early stopping: patience=10, min_delta=0.001
Init    | Train: loss: 592.94229 | quality: -4.83708
        | Val:   loss: 690.01663 | quality: -5.75063

Epoch 1 | Train: loss: 47.33612 | quality: 0.53401
        | Val:   loss: 58.48868 | quality: 0.42779
 *
Epoch 2 | Train: loss: 8.82071 | quality: 0.91317
        | Val:   loss: 11.29915 | quality: 0.88946
 *
Epoch 3 | Train: loss: 5.56240 | quality: 0.94524
        | Val:   loss: 6.91929 | quality: 0.93231
 *
Epoch 4 | Train: loss: 4.50220 | quality: 0.95568
        | Val:   loss: 5.58759 | quality: 0.94533
 *
Epoch 5 | Train: loss: 2.53560 | quality: 0.97504
        | Val:   loss: 3.14812 | quality: 0.96920
 *
Epoch 6 | Train: loss: 0.88185 | quality: 0.99132
        | Val:   loss: 1.08582 | quality: 0.98938
 *
Epoch 7 | Train: loss: 0.25087 | quality: 0.99753
        | Val:   loss: 0.32977 | quality: 0.99677
 *
Epoch 8 | Train: loss: 0.15271 | quality: 0.99850
        | Val:   loss: 0.25438 | quality: 0.99751

Epoch 9 | Train: loss: 0.12283 | quality: 0.99879
        | Val:   loss: 0.23508 | quality: 0.99770
 *
Epoch 10 | Train: loss: 0.11778 | quality: 0.99884
        | Val:   loss: 0.22504 | quality: 0.99780

Epoch 11 | Train: loss: 0.11540 | quality: 0.99886
        | Val:   loss: 0.22300 | quality: 0.99782

Epoch 12 | Train: loss: 0.11426 | quality: 0.99888
        | Val:   loss: 0.22116 | quality: 0.99784

Epoch 13 | Train: loss: 0.11335 | quality: 0.99888
        | Val:   loss: 0.21825 | quality: 0.99786

Epoch 14 | Train: loss: 0.11173 | quality: 0.99890
        | Val:   loss: 0.21295 | quality: 0.99792

Epoch 15 | Train: loss: 0.11070 | quality: 0.99891
        | Val:   loss: 0.20940 | quality: 0.99795

Epoch 16 | Train: loss: 0.10999 | quality: 0.99892
        | Val:   loss: 0.20756 | quality: 0.99797

Epoch 17 | Train: loss: 0.10948 | quality: 0.99892
        | Val:   loss: 0.20627 | quality: 0.99798

Epoch 18 | Train: loss: 0.10908 | quality: 0.99893
        | Val:   loss: 0.20533 | quality: 0.99799

Epoch 19 | Train: loss: 0.10868 | quality: 0.99893
        | Val:   loss: 0.20510 | quality: 0.99799


Early stopping at epoch 19 (best was epoch 9)

Best epoch: 9 (val_quality=0.997700)
[2026-05-05 11:33:01,179][__main__][INFO] - ✓ DONE MMPO2TypeI/energy_efficiency/NTN L=4 bd=12 seed=10090 -> /zhome/6b/e/212868/GTN/outputs/ntn/energy_efficiency/MMPO2TypeI_rg5_init0.1/L4_bd12_seed10090 | val=0.9977
[2026-05-05 11:33:01,181][HYDRA] 	#2 : model.L=4 model.bond_dim=12 seed=32874 trainer.ridge=5 trainer.ridge_decay=0.25 trainer.ridge_min=0.0001 +experiment=uci_ntn_sweep model=mmpo2_typei dataset=energy_efficiency
[2026-05-05 11:33:01,342][__main__][INFO] - ▶ RUN MMPO2TypeI/energy_efficiency/NTN L=4 bd=12 seed=32874 -> /zhome/6b/e/212868/GTN/outputs/ntn/energy_efficiency/MMPO2TypeI_rg5_init0.1/L4_bd12_seed32874
Starting Ensemble Fit: 20 epochs
Models: [(1, 1), (2, 2), (3, 3), (4, 4)]
Total nodes: 10
Validation: Using separate validation set
Early stopping: patience=10, min_delta=0.001
Init    | Train: loss: 589.15275 | quality: -4.79978
        | Val:   loss: 693.05508 | quality: -5.78036

Epoch 1 | Train: loss: 47.33438 | quality: 0.53403
        | Val:   loss: 58.67916 | quality: 0.42592
 *
Epoch 2 | Train: loss: 8.09806 | quality: 0.92028
        | Val:   loss: 10.34251 | quality: 0.89882
 *
Epoch 3 | Train: loss: 5.56187 | quality: 0.94525
        | Val:   loss: 6.88340 | quality: 0.93266
 *
Epoch 4 | Train: loss: 4.34468 | quality: 0.95723
        | Val:   loss: 5.33600 | quality: 0.94780
 *
Epoch 5 | Train: loss: 2.01390 | quality: 0.98017
        | Val:   loss: 2.54005 | quality: 0.97515
 *
Epoch 6 | Train: loss: 0.77437 | quality: 0.99238
        | Val:   loss: 0.89646 | quality: 0.99123
 *
Epoch 7 | Train: loss: 0.33265 | quality: 0.99673
        | Val:   loss: 0.42602 | quality: 0.99583
 *
Epoch 8 | Train: loss: 0.18324 | quality: 0.99820
        | Val:   loss: 0.28275 | quality: 0.99723
 *
Epoch 9 | Train: loss: 0.13451 | quality: 0.99868
        | Val:   loss: 0.25621 | quality: 0.99749

Epoch 10 | Train: loss: 0.12360 | quality: 0.99878
        | Val:   loss: 0.24007 | quality: 0.99765

Epoch 11 | Train: loss: 0.11959 | quality: 0.99882
        | Val:   loss: 0.23942 | quality: 0.99766

Epoch 12 | Train: loss: 0.11686 | quality: 0.99885
        | Val:   loss: 0.23528 | quality: 0.99770

Epoch 13 | Train: loss: 0.11480 | quality: 0.99887
        | Val:   loss: 0.23017 | quality: 0.99775

Epoch 14 | Train: loss: 0.11319 | quality: 0.99889
        | Val:   loss: 0.22654 | quality: 0.99778

Epoch 15 | Train: loss: 0.11223 | quality: 0.99890
        | Val:   loss: 0.22441 | quality: 0.99780

Epoch 16 | Train: loss: 0.11155 | quality: 0.99890
        | Val:   loss: 0.22289 | quality: 0.99782

Epoch 17 | Train: loss: 0.11102 | quality: 0.99891
        | Val:   loss: 0.22149 | quality: 0.99783

Epoch 18 | Train: loss: 0.11058 | quality: 0.99891
        | Val:   loss: 0.22024 | quality: 0.99785


Early stopping at epoch 18 (best was epoch 8)

Best epoch: 8 (val_quality=0.997234)
[2026-05-05 11:33:06,765][__main__][INFO] - ✓ DONE MMPO2TypeI/energy_efficiency/NTN L=4 bd=12 seed=32874 -> /zhome/6b/e/212868/GTN/outputs/ntn/energy_efficiency/MMPO2TypeI_rg5_init0.1/L4_bd12_seed32874 | val=0.9972
[2026-05-05 11:33:06,767][HYDRA] 	#3 : model.L=4 model.bond_dim=12 seed=47311 trainer.ridge=5 trainer.ridge_decay=0.25 trainer.ridge_min=0.0001 +experiment=uci_ntn_sweep model=mmpo2_typei dataset=energy_efficiency
[2026-05-05 11:33:06,926][__main__][INFO] - ▶ RUN MMPO2TypeI/energy_efficiency/NTN L=4 bd=12 seed=47311 -> /zhome/6b/e/212868/GTN/outputs/ntn/energy_efficiency/MMPO2TypeI_rg5_init0.1/L4_bd12_seed47311
Starting Ensemble Fit: 20 epochs
Models: [(1, 1), (2, 2), (3, 3), (4, 4)]
Total nodes: 10
Validation: Using separate validation set
Early stopping: patience=10, min_delta=0.001
Init    | Train: loss: 579.21108 | quality: -4.70191
        | Val:   loss: 675.94278 | quality: -5.61295

Epoch 1 | Train: loss: 51.95978 | quality: 0.48849
        | Val:   loss: 64.45105 | quality: 0.36946
 *
Epoch 2 | Train: loss: 8.78069 | quality: 0.91356
        | Val:   loss: 11.26201 | quality: 0.88982
 *
Epoch 3 | Train: loss: 5.57616 | quality: 0.94511
        | Val:   loss: 6.97966 | quality: 0.93172
 *
Epoch 4 | Train: loss: 4.59344 | quality: 0.95478
        | Val:   loss: 5.75396 | quality: 0.94371
 *
Epoch 5 | Train: loss: 2.01826 | quality: 0.98013
        | Val:   loss: 2.52996 | quality: 0.97525
 *
Epoch 6 | Train: loss: 0.69076 | quality: 0.99320
        | Val:   loss: 0.83255 | quality: 0.99185
 *
Epoch 7 | Train: loss: 0.31535 | quality: 0.99690
        | Val:   loss: 0.43100 | quality: 0.99578
 *
Epoch 8 | Train: loss: 0.17992 | quality: 0.99823
        | Val:   loss: 0.29172 | quality: 0.99715
 *
Epoch 9 | Train: loss: 0.13790 | quality: 0.99864
        | Val:   loss: 0.25703 | quality: 0.99749

Epoch 10 | Train: loss: 0.12719 | quality: 0.99875
        | Val:   loss: 0.24297 | quality: 0.99762

Epoch 11 | Train: loss: 0.12299 | quality: 0.99879
        | Val:   loss: 0.23954 | quality: 0.99766

Epoch 12 | Train: loss: 0.12076 | quality: 0.99881
        | Val:   loss: 0.23784 | quality: 0.99767

Epoch 13 | Train: loss: 0.11863 | quality: 0.99883
        | Val:   loss: 0.23792 | quality: 0.99767

Epoch 14 | Train: loss: 0.11703 | quality: 0.99885
        | Val:   loss: 0.23603 | quality: 0.99769

Epoch 15 | Train: loss: 0.11578 | quality: 0.99886
        | Val:   loss: 0.23461 | quality: 0.99770

Epoch 16 | Train: loss: 0.11495 | quality: 0.99887
        | Val:   loss: 0.23314 | quality: 0.99772

Epoch 17 | Train: loss: 0.11437 | quality: 0.99887
        | Val:   loss: 0.23267 | quality: 0.99772

Epoch 18 | Train: loss: 0.11391 | quality: 0.99888
        | Val:   loss: 0.23259 | quality: 0.99772


Early stopping at epoch 18 (best was epoch 8)

Best epoch: 8 (val_quality=0.997146)
[2026-05-05 11:33:12,742][__main__][INFO] - ✓ DONE MMPO2TypeI/energy_efficiency/NTN L=4 bd=12 seed=47311 -> /zhome/6b/e/212868/GTN/outputs/ntn/energy_efficiency/MMPO2TypeI_rg5_init0.1/L4_bd12_seed47311 | val=0.9971
[2026-05-05 11:33:12,745][HYDRA] 	#4 : model.L=4 model.bond_dim=12 seed=47303 trainer.ridge=5 trainer.ridge_decay=0.25 trainer.ridge_min=0.0001 +experiment=uci_ntn_sweep model=mmpo2_typei dataset=energy_efficiency
[2026-05-05 11:33:12,905][__main__][INFO] - ▶ RUN MMPO2TypeI/energy_efficiency/NTN L=4 bd=12 seed=47303 -> /zhome/6b/e/212868/GTN/outputs/ntn/energy_efficiency/MMPO2TypeI_rg5_init0.1/L4_bd12_seed47303
Starting Ensemble Fit: 20 epochs
Models: [(1, 1), (2, 2), (3, 3), (4, 4)]
Total nodes: 10
Validation: Using separate validation set
Early stopping: patience=10, min_delta=0.001
Init    | Train: loss: 566.05983 | quality: -4.57244
        | Val:   loss: 653.68171 | quality: -5.39516

Epoch 1 | Train: loss: 49.27961 | quality: 0.51488
        | Val:   loss: 61.29670 | quality: 0.40032
 *
Epoch 2 | Train: loss: 9.21248 | quality: 0.90931
        | Val:   loss: 11.90181 | quality: 0.88356
 *
Epoch 3 | Train: loss: 5.45955 | quality: 0.94625
        | Val:   loss: 6.81902 | quality: 0.93329
 *
Epoch 4 | Train: loss: 4.55998 | quality: 0.95511
        | Val:   loss: 5.68144 | quality: 0.94442
 *
Epoch 5 | Train: loss: 2.40117 | quality: 0.97636
        | Val:   loss: 2.93334 | quality: 0.97130
 *
Epoch 6 | Train: loss: 0.64707 | quality: 0.99363
        | Val:   loss: 0.72570 | quality: 0.99290
 *
Epoch 7 | Train: loss: 0.25449 | quality: 0.99749
        | Val:   loss: 0.31824 | quality: 0.99689
 *
Epoch 8 | Train: loss: 0.15724 | quality: 0.99845
        | Val:   loss: 0.23960 | quality: 0.99766

Epoch 9 | Train: loss: 0.12569 | quality: 0.99876
        | Val:   loss: 0.22242 | quality: 0.99782
 *
Epoch 10 | Train: loss: 0.12081 | quality: 0.99881
        | Val:   loss: 0.22327 | quality: 0.99782

Epoch 11 | Train: loss: 0.11758 | quality: 0.99884
        | Val:   loss: 0.22444 | quality: 0.99780

Epoch 12 | Train: loss: 0.11580 | quality: 0.99886
        | Val:   loss: 0.22386 | quality: 0.99781

Epoch 13 | Train: loss: 0.11463 | quality: 0.99887
        | Val:   loss: 0.22354 | quality: 0.99781

Epoch 14 | Train: loss: 0.11372 | quality: 0.99888
        | Val:   loss: 0.22298 | quality: 0.99782

Epoch 15 | Train: loss: 0.11301 | quality: 0.99889
        | Val:   loss: 0.22252 | quality: 0.99782

Epoch 16 | Train: loss: 0.11234 | quality: 0.99889
        | Val:   loss: 0.22147 | quality: 0.99783

Epoch 17 | Train: loss: 0.11204 | quality: 0.99890
        | Val:   loss: 0.22110 | quality: 0.99784

Epoch 18 | Train: loss: 0.11184 | quality: 0.99890
        | Val:   loss: 0.22061 | quality: 0.99784

Epoch 19 | Train: loss: 0.11168 | quality: 0.99890
        | Val:   loss: 0.22004 | quality: 0.99785


Early stopping at epoch 19 (best was epoch 9)

Best epoch: 9 (val_quality=0.997824)
[2026-05-05 11:33:18,451][__main__][INFO] - ✓ DONE MMPO2TypeI/energy_efficiency/NTN L=4 bd=12 seed=47303 -> /zhome/6b/e/212868/GTN/outputs/ntn/energy_efficiency/MMPO2TypeI_rg5_init0.1/L4_bd12_seed47303 | val=0.9978
[2026-05-05 11:33:18,453][HYDRA] 	#5 : model.L=4 model.bond_dim=8 seed=42 trainer.ridge=5 trainer.ridge_decay=0.25 trainer.ridge_min=0.0001 +experiment=uci_ntn_sweep model=mmpo2_typei dataset=energy_efficiency
[2026-05-05 11:33:18,612][__main__][INFO] - ▶ RUN MMPO2TypeI/energy_efficiency/NTN L=4 bd=8 seed=42 -> /zhome/6b/e/212868/GTN/outputs/ntn/energy_efficiency/MMPO2TypeI_rg5_init0.1/L4_bd8_seed42
Starting Ensemble Fit: 20 epochs
Models: [(1, 1), (2, 2), (3, 3), (4, 4)]
Total nodes: 10
Validation: Using separate validation set
Early stopping: patience=10, min_delta=0.001
Init    | Train: loss: 584.31477 | quality: -4.75215
        | Val:   loss: 682.02792 | quality: -5.67248

Epoch 1 | Train: loss: 64.36879 | quality: 0.36634
        | Val:   loss: 78.13216 | quality: 0.23561
 *
Epoch 2 | Train: loss: 10.41263 | quality: 0.89750
        | Val:   loss: 13.15276 | quality: 0.87132
 *
Epoch 3 | Train: loss: 6.53822 | quality: 0.93564
        | Val:   loss: 8.25311 | quality: 0.91926
 *
Epoch 4 | Train: loss: 4.98401 | quality: 0.95094
        | Val:   loss: 6.23715 | quality: 0.93898
 *
Epoch 5 | Train: loss: 3.46374 | quality: 0.96590
        | Val:   loss: 4.23539 | quality: 0.95856
 *
Epoch 6 | Train: loss: 1.44767 | quality: 0.98575
        | Val:   loss: 1.70348 | quality: 0.98333
 *
Epoch 7 | Train: loss: 0.55908 | quality: 0.99450
        | Val:   loss: 0.65598 | quality: 0.99358
 *
Epoch 8 | Train: loss: 0.26283 | quality: 0.99741
        | Val:   loss: 0.37333 | quality: 0.99635
 *
Epoch 9 | Train: loss: 0.16942 | quality: 0.99833
        | Val:   loss: 0.27980 | quality: 0.99726

Epoch 10 | Train: loss: 0.15982 | quality: 0.99843
        | Val:   loss: 0.27439 | quality: 0.99732
 *
Epoch 11 | Train: loss: 0.15140 | quality: 0.99851
        | Val:   loss: 0.27254 | quality: 0.99733

Epoch 12 | Train: loss: 0.14417 | quality: 0.99858
        | Val:   loss: 0.26142 | quality: 0.99744

Epoch 13 | Train: loss: 0.13956 | quality: 0.99863
        | Val:   loss: 0.25302 | quality: 0.99752

Epoch 14 | Train: loss: 0.13647 | quality: 0.99866
        | Val:   loss: 0.24737 | quality: 0.99758

Epoch 15 | Train: loss: 0.13421 | quality: 0.99868
        | Val:   loss: 0.24348 | quality: 0.99762

Epoch 16 | Train: loss: 0.13235 | quality: 0.99870
        | Val:   loss: 0.24093 | quality: 0.99764

Epoch 17 | Train: loss: 0.13057 | quality: 0.99871
        | Val:   loss: 0.23935 | quality: 0.99766

Epoch 18 | Train: loss: 0.12849 | quality: 0.99874
        | Val:   loss: 0.23767 | quality: 0.99767

Epoch 19 | Train: loss: 0.12661 | quality: 0.99875
        | Val:   loss: 0.23726 | quality: 0.99768

Epoch 20 | Train: loss: 0.12526 | quality: 0.99877
        | Val:   loss: 0.23720 | quality: 0.99768


Early stopping at epoch 20 (best was epoch 10)

Best epoch: 10 (val_quality=0.997316)
[2026-05-05 11:33:33,215][__main__][INFO] - ✓ DONE MMPO2TypeI/energy_efficiency/NTN L=4 bd=8 seed=42 -> /zhome/6b/e/212868/GTN/outputs/ntn/energy_efficiency/MMPO2TypeI_rg5_init0.1/L4_bd8_seed42 | val=0.9973
[2026-05-05 11:33:33,218][HYDRA] 	#6 : model.L=4 model.bond_dim=8 seed=10090 trainer.ridge=5 trainer.ridge_decay=0.25 trainer.ridge_min=0.0001 +experiment=uci_ntn_sweep model=mmpo2_typei dataset=energy_efficiency
[2026-05-05 11:33:33,384][__main__][INFO] - ▶ RUN MMPO2TypeI/energy_efficiency/NTN L=4 bd=8 seed=10090 -> /zhome/6b/e/212868/GTN/outputs/ntn/energy_efficiency/MMPO2TypeI_rg5_init0.1/L4_bd8_seed10090
Starting Ensemble Fit: 20 epochs
Models: [(1, 1), (2, 2), (3, 3), (4, 4)]
Total nodes: 10
Validation: Using separate validation set
Early stopping: patience=10, min_delta=0.001
Init    | Train: loss: 597.06780 | quality: -4.87769
        | Val:   loss: 695.25308 | quality: -5.80186

Epoch 1 | Train: loss: 57.21062 | quality: 0.43680
        | Val:   loss: 70.26602 | quality: 0.31257
 *
Epoch 2 | Train: loss: 10.90396 | quality: 0.89266
        | Val:   loss: 13.85579 | quality: 0.86444
 *
Epoch 3 | Train: loss: 6.34252 | quality: 0.93756
        | Val:   loss: 8.02901 | quality: 0.92145
 *
Epoch 4 | Train: loss: 4.91028 | quality: 0.95166
        | Val:   loss: 6.11821 | quality: 0.94014
 *
Epoch 5 | Train: loss: 3.59484 | quality: 0.96461
        | Val:   loss: 4.44406 | quality: 0.95652
 *
Epoch 6 | Train: loss: 1.31886 | quality: 0.98702
        | Val:   loss: 1.59056 | quality: 0.98444
 *
Epoch 7 | Train: loss: 0.45590 | quality: 0.99551
        | Val:   loss: 0.54042 | quality: 0.99471
 *
Epoch 8 | Train: loss: 0.21252 | quality: 0.99791
        | Val:   loss: 0.32733 | quality: 0.99680
 *
Epoch 9 | Train: loss: 0.16434 | quality: 0.99838
        | Val:   loss: 0.27785 | quality: 0.99728

Epoch 10 | Train: loss: 0.14747 | quality: 0.99855
        | Val:   loss: 0.26428 | quality: 0.99741

Epoch 11 | Train: loss: 0.13575 | quality: 0.99866
        | Val:   loss: 0.24385 | quality: 0.99761

Epoch 12 | Train: loss: 0.13145 | quality: 0.99871
        | Val:   loss: 0.23669 | quality: 0.99768

Epoch 13 | Train: loss: 0.12876 | quality: 0.99873
        | Val:   loss: 0.23246 | quality: 0.99773

Epoch 14 | Train: loss: 0.12586 | quality: 0.99876
        | Val:   loss: 0.23045 | quality: 0.99775

Epoch 15 | Train: loss: 0.12345 | quality: 0.99878
        | Val:   loss: 0.23089 | quality: 0.99774

Epoch 16 | Train: loss: 0.12150 | quality: 0.99880
        | Val:   loss: 0.23190 | quality: 0.99773

Epoch 17 | Train: loss: 0.11994 | quality: 0.99882
        | Val:   loss: 0.23236 | quality: 0.99773

Epoch 18 | Train: loss: 0.11880 | quality: 0.99883
        | Val:   loss: 0.23151 | quality: 0.99774


Early stopping at epoch 18 (best was epoch 8)

Best epoch: 8 (val_quality=0.996798)
[2026-05-05 11:33:37,962][__main__][INFO] - ✓ DONE MMPO2TypeI/energy_efficiency/NTN L=4 bd=8 seed=10090 -> /zhome/6b/e/212868/GTN/outputs/ntn/energy_efficiency/MMPO2TypeI_rg5_init0.1/L4_bd8_seed10090 | val=0.9968
[2026-05-05 11:33:37,964][HYDRA] 	#7 : model.L=4 model.bond_dim=8 seed=32874 trainer.ridge=5 trainer.ridge_decay=0.25 trainer.ridge_min=0.0001 +experiment=uci_ntn_sweep model=mmpo2_typei dataset=energy_efficiency
[2026-05-05 11:33:38,123][__main__][INFO] - ▶ RUN MMPO2TypeI/energy_efficiency/NTN L=4 bd=8 seed=32874 -> /zhome/6b/e/212868/GTN/outputs/ntn/energy_efficiency/MMPO2TypeI_rg5_init0.1/L4_bd8_seed32874
Starting Ensemble Fit: 20 epochs
Models: [(1, 1), (2, 2), (3, 3), (4, 4)]
Total nodes: 10
Validation: Using separate validation set
Early stopping: patience=10, min_delta=0.001
Init    | Train: loss: 593.37879 | quality: -4.84138
        | Val:   loss: 697.96366 | quality: -5.82838

Epoch 1 | Train: loss: 72.57200 | quality: 0.28558
        | Val:   loss: 87.36837 | quality: 0.14525
 *
Epoch 2 | Train: loss: 9.52014 | quality: 0.90628
        | Val:   loss: 12.05637 | quality: 0.88205
 *
Epoch 3 | Train: loss: 6.10786 | quality: 0.93987
        | Val:   loss: 7.71810 | quality: 0.92449
 *
Epoch 4 | Train: loss: 4.82940 | quality: 0.95246
        | Val:   loss: 6.03034 | quality: 0.94100
 *
Epoch 5 | Train: loss: 3.45121 | quality: 0.96603
        | Val:   loss: 4.24419 | quality: 0.95848
 *
Epoch 6 | Train: loss: 1.27200 | quality: 0.98748
        | Val:   loss: 1.53734 | quality: 0.98496
 *
Epoch 7 | Train: loss: 0.50329 | quality: 0.99505
        | Val:   loss: 0.66181 | quality: 0.99353
 *
Epoch 8 | Train: loss: 0.23327 | quality: 0.99770
        | Val:   loss: 0.32914 | quality: 0.99678
 *
Epoch 9 | Train: loss: 0.15769 | quality: 0.99845
        | Val:   loss: 0.27910 | quality: 0.99727

Epoch 10 | Train: loss: 0.14376 | quality: 0.99858
        | Val:   loss: 0.26572 | quality: 0.99740

Epoch 11 | Train: loss: 0.13516 | quality: 0.99867
        | Val:   loss: 0.24800 | quality: 0.99757

Epoch 12 | Train: loss: 0.13057 | quality: 0.99871
        | Val:   loss: 0.24123 | quality: 0.99764
 *
Epoch 13 | Train: loss: 0.12778 | quality: 0.99874
        | Val:   loss: 0.23929 | quality: 0.99766

Epoch 14 | Train: loss: 0.12507 | quality: 0.99877
        | Val:   loss: 0.24022 | quality: 0.99765

Epoch 15 | Train: loss: 0.12333 | quality: 0.99879
        | Val:   loss: 0.23996 | quality: 0.99765

Epoch 16 | Train: loss: 0.12256 | quality: 0.99879
        | Val:   loss: 0.23794 | quality: 0.99767

Epoch 17 | Train: loss: 0.12230 | quality: 0.99880
        | Val:   loss: 0.23707 | quality: 0.99768

Epoch 18 | Train: loss: 0.12216 | quality: 0.99880
        | Val:   loss: 0.23666 | quality: 0.99768

Epoch 19 | Train: loss: 0.12208 | quality: 0.99880
        | Val:   loss: 0.23648 | quality: 0.99769

Epoch 20 | Train: loss: 0.12200 | quality: 0.99880
        | Val:   loss: 0.23637 | quality: 0.99769


Best epoch: 12 (val_quality=0.997640)
[2026-05-05 11:33:43,250][__main__][INFO] - ✓ DONE MMPO2TypeI/energy_efficiency/NTN L=4 bd=8 seed=32874 -> /zhome/6b/e/212868/GTN/outputs/ntn/energy_efficiency/MMPO2TypeI_rg5_init0.1/L4_bd8_seed32874 | val=0.9976
[2026-05-05 11:33:43,253][HYDRA] 	#8 : model.L=4 model.bond_dim=8 seed=47311 trainer.ridge=5 trainer.ridge_decay=0.25 trainer.ridge_min=0.0001 +experiment=uci_ntn_sweep model=mmpo2_typei dataset=energy_efficiency
[2026-05-05 11:33:43,415][__main__][INFO] - ▶ RUN MMPO2TypeI/energy_efficiency/NTN L=4 bd=8 seed=47311 -> /zhome/6b/e/212868/GTN/outputs/ntn/energy_efficiency/MMPO2TypeI_rg5_init0.1/L4_bd8_seed47311
Starting Ensemble Fit: 20 epochs
Models: [(1, 1), (2, 2), (3, 3), (4, 4)]
Total nodes: 10
Validation: Using separate validation set
Early stopping: patience=10, min_delta=0.001
Init    | Train: loss: 567.55321 | quality: -4.58714
        | Val:   loss: 664.83568 | quality: -5.50428

Epoch 1 | Train: loss: 79.15019 | quality: 0.22082
        | Val:   loss: 95.22824 | quality: 0.06835
 *
Epoch 2 | Train: loss: 10.52683 | quality: 0.89637
        | Val:   loss: 13.24339 | quality: 0.87044
 *
Epoch 3 | Train: loss: 6.35448 | quality: 0.93744
        | Val:   loss: 8.03936 | quality: 0.92135
 *
Epoch 4 | Train: loss: 4.79580 | quality: 0.95279
        | Val:   loss: 6.00727 | quality: 0.94123
 *
Epoch 5 | Train: loss: 3.25935 | quality: 0.96791
        | Val:   loss: 3.98889 | quality: 0.96098
 *
Epoch 6 | Train: loss: 1.44021 | quality: 0.98582
        | Val:   loss: 1.68751 | quality: 0.98349
 *
Epoch 7 | Train: loss: 0.55464 | quality: 0.99454
        | Val:   loss: 0.64254 | quality: 0.99371
 *
Epoch 8 | Train: loss: 0.25133 | quality: 0.99753
        | Val:   loss: 0.34720 | quality: 0.99660
 *
Epoch 9 | Train: loss: 0.16582 | quality: 0.99837
        | Val:   loss: 0.27555 | quality: 0.99730

Epoch 10 | Train: loss: 0.15318 | quality: 0.99849
        | Val:   loss: 0.27851 | quality: 0.99728

Epoch 11 | Train: loss: 0.14211 | quality: 0.99860
        | Val:   loss: 0.25803 | quality: 0.99748
 *
Epoch 12 | Train: loss: 0.13696 | quality: 0.99865
        | Val:   loss: 0.25216 | quality: 0.99753

Epoch 13 | Train: loss: 0.13505 | quality: 0.99867
        | Val:   loss: 0.24988 | quality: 0.99756

Epoch 14 | Train: loss: 0.13393 | quality: 0.99868
        | Val:   loss: 0.24873 | quality: 0.99757

Epoch 15 | Train: loss: 0.13287 | quality: 0.99869
        | Val:   loss: 0.24783 | quality: 0.99758

Epoch 16 | Train: loss: 0.13170 | quality: 0.99870
        | Val:   loss: 0.24695 | quality: 0.99758

Epoch 17 | Train: loss: 0.13033 | quality: 0.99872
        | Val:   loss: 0.24582 | quality: 0.99760

Epoch 18 | Train: loss: 0.12882 | quality: 0.99873
        | Val:   loss: 0.24434 | quality: 0.99761

Epoch 19 | Train: loss: 0.12719 | quality: 0.99875
        | Val:   loss: 0.24326 | quality: 0.99762

Epoch 20 | Train: loss: 0.12539 | quality: 0.99877
        | Val:   loss: 0.24247 | quality: 0.99763


Best epoch: 11 (val_quality=0.997476)
[2026-05-05 11:33:47,841][__main__][INFO] - ✓ DONE MMPO2TypeI/energy_efficiency/NTN L=4 bd=8 seed=47311 -> /zhome/6b/e/212868/GTN/outputs/ntn/energy_efficiency/MMPO2TypeI_rg5_init0.1/L4_bd8_seed47311 | val=0.9975
[2026-05-05 11:33:47,843][HYDRA] 	#9 : model.L=4 model.bond_dim=8 seed=47303 trainer.ridge=5 trainer.ridge_decay=0.25 trainer.ridge_min=0.0001 +experiment=uci_ntn_sweep model=mmpo2_typei dataset=energy_efficiency
[2026-05-05 11:33:48,001][__main__][INFO] - ▶ RUN MMPO2TypeI/energy_efficiency/NTN L=4 bd=8 seed=47303 -> /zhome/6b/e/212868/GTN/outputs/ntn/energy_efficiency/MMPO2TypeI_rg5_init0.1/L4_bd8_seed47303
Starting Ensemble Fit: 20 epochs
Models: [(1, 1), (2, 2), (3, 3), (4, 4)]
Total nodes: 10
Validation: Using separate validation set
Early stopping: patience=10, min_delta=0.001
Init    | Train: loss: 572.08503 | quality: -4.63176
        | Val:   loss: 660.49058 | quality: -5.46177

Epoch 1 | Train: loss: 71.16776 | quality: 0.29941
        | Val:   loss: 84.82361 | quality: 0.17015
 *
Epoch 2 | Train: loss: 10.15974 | quality: 0.89998
        | Val:   loss: 12.81543 | quality: 0.87462
 *
Epoch 3 | Train: loss: 6.17772 | quality: 0.93918
        | Val:   loss: 7.79306 | quality: 0.92376
 *
Epoch 4 | Train: loss: 4.77161 | quality: 0.95303
        | Val:   loss: 5.95926 | quality: 0.94170
 *
Epoch 5 | Train: loss: 3.28749 | quality: 0.96764
        | Val:   loss: 4.03269 | quality: 0.96055
 *
Epoch 6 | Train: loss: 1.20337 | quality: 0.98815
        | Val:   loss: 1.42766 | quality: 0.98603
 *
Epoch 7 | Train: loss: 0.42678 | quality: 0.99580
        | Val:   loss: 0.54336 | quality: 0.99468
 *
Epoch 8 | Train: loss: 0.21366 | quality: 0.99790
        | Val:   loss: 0.31220 | quality: 0.99695
 *
Epoch 9 | Train: loss: 0.15329 | quality: 0.99849
        | Val:   loss: 0.26073 | quality: 0.99745

Epoch 10 | Train: loss: 0.14100 | quality: 0.99861
        | Val:   loss: 0.26142 | quality: 0.99744

Epoch 11 | Train: loss: 0.13325 | quality: 0.99869
        | Val:   loss: 0.25017 | quality: 0.99755

Epoch 12 | Train: loss: 0.12886 | quality: 0.99873
        | Val:   loss: 0.24112 | quality: 0.99764

Epoch 13 | Train: loss: 0.12590 | quality: 0.99876
        | Val:   loss: 0.23676 | quality: 0.99768

Epoch 14 | Train: loss: 0.12348 | quality: 0.99878
        | Val:   loss: 0.23497 | quality: 0.99770

Epoch 15 | Train: loss: 0.12172 | quality: 0.99880
        | Val:   loss: 0.23423 | quality: 0.99771

Epoch 16 | Train: loss: 0.12042 | quality: 0.99881
        | Val:   loss: 0.23340 | quality: 0.99772

Epoch 17 | Train: loss: 0.11941 | quality: 0.99882
        | Val:   loss: 0.23262 | quality: 0.99772

Epoch 18 | Train: loss: 0.11862 | quality: 0.99883
        | Val:   loss: 0.23187 | quality: 0.99773


Early stopping at epoch 18 (best was epoch 8)

Best epoch: 8 (val_quality=0.996946)
[2026-05-05 11:33:52,145][__main__][INFO] - ✓ DONE MMPO2TypeI/energy_efficiency/NTN L=4 bd=8 seed=47303 -> /zhome/6b/e/212868/GTN/outputs/ntn/energy_efficiency/MMPO2TypeI_rg5_init0.1/L4_bd8_seed47303 | val=0.9969
[2026-05-05 11:33:52,147][HYDRA] 	#10 : model.L=4 model.bond_dim=4 seed=42 trainer.ridge=5 trainer.ridge_decay=0.25 trainer.ridge_min=0.0001 +experiment=uci_ntn_sweep model=mmpo2_typei dataset=energy_efficiency
[2026-05-05 11:33:52,306][__main__][INFO] - ▶ RUN MMPO2TypeI/energy_efficiency/NTN L=4 bd=4 seed=42 -> /zhome/6b/e/212868/GTN/outputs/ntn/energy_efficiency/MMPO2TypeI_rg5_init0.1/L4_bd4_seed42
Starting Ensemble Fit: 20 epochs
Models: [(1, 1), (2, 2), (3, 3), (4, 4)]
Total nodes: 10
Validation: Using separate validation set
Early stopping: patience=10, min_delta=0.001
Init    | Train: loss: 585.16333 | quality: -4.76050
        | Val:   loss: 683.29269 | quality: -5.68485

Epoch 1 | Train: loss: 119.20911 | quality: -0.17353
        | Val:   loss: 142.33029 | quality: -0.39246
 *
Epoch 2 | Train: loss: 22.52644 | quality: 0.77824
        | Val:   loss: 28.88216 | quality: 0.71744
 *
Epoch 3 | Train: loss: 8.51077 | quality: 0.91622
        | Val:   loss: 10.85902 | quality: 0.89376
 *
Epoch 4 | Train: loss: 6.04902 | quality: 0.94045
        | Val:   loss: 7.58968 | quality: 0.92575
 *
Epoch 5 | Train: loss: 4.48818 | quality: 0.95582
        | Val:   loss: 5.57708 | quality: 0.94544
 *
Epoch 6 | Train: loss: 2.71357 | quality: 0.97329
        | Val:   loss: 3.33921 | quality: 0.96733
 *
Epoch 7 | Train: loss: 0.89310 | quality: 0.99121
        | Val:   loss: 1.07100 | quality: 0.98952
 *
Epoch 8 | Train: loss: 0.30938 | quality: 0.99695
        | Val:   loss: 0.38218 | quality: 0.99626
 *
Epoch 9 | Train: loss: 0.21653 | quality: 0.99787
        | Val:   loss: 0.29125 | quality: 0.99715

Epoch 10 | Train: loss: 0.19135 | quality: 0.99812
        | Val:   loss: 0.27815 | quality: 0.99728
 *
Epoch 11 | Train: loss: 0.17405 | quality: 0.99829
        | Val:   loss: 0.27502 | quality: 0.99731

Epoch 12 | Train: loss: 0.16447 | quality: 0.99838
        | Val:   loss: 0.27020 | quality: 0.99736

Epoch 13 | Train: loss: 0.15935 | quality: 0.99843
        | Val:   loss: 0.26817 | quality: 0.99738

Epoch 14 | Train: loss: 0.15602 | quality: 0.99846
        | Val:   loss: 0.26679 | quality: 0.99739

Epoch 15 | Train: loss: 0.15358 | quality: 0.99849
        | Val:   loss: 0.26529 | quality: 0.99740

Epoch 16 | Train: loss: 0.15161 | quality: 0.99851
        | Val:   loss: 0.26356 | quality: 0.99742

Epoch 17 | Train: loss: 0.14993 | quality: 0.99852
        | Val:   loss: 0.26164 | quality: 0.99744

Epoch 18 | Train: loss: 0.14844 | quality: 0.99854
        | Val:   loss: 0.25966 | quality: 0.99746

Epoch 19 | Train: loss: 0.14709 | quality: 0.99855
        | Val:   loss: 0.25768 | quality: 0.99748

Epoch 20 | Train: loss: 0.14587 | quality: 0.99856
        | Val:   loss: 0.25581 | quality: 0.99750


Early stopping at epoch 20 (best was epoch 10)

Best epoch: 10 (val_quality=0.997279)
[2026-05-05 11:34:09,697][__main__][INFO] - ✓ DONE MMPO2TypeI/energy_efficiency/NTN L=4 bd=4 seed=42 -> /zhome/6b/e/212868/GTN/outputs/ntn/energy_efficiency/MMPO2TypeI_rg5_init0.1/L4_bd4_seed42 | val=0.9973
[2026-05-05 11:34:09,700][HYDRA] 	#11 : model.L=4 model.bond_dim=4 seed=10090 trainer.ridge=5 trainer.ridge_decay=0.25 trainer.ridge_min=0.0001 +experiment=uci_ntn_sweep model=mmpo2_typei dataset=energy_efficiency
[2026-05-05 11:34:09,862][__main__][INFO] - ▶ RUN MMPO2TypeI/energy_efficiency/NTN L=4 bd=4 seed=10090 -> /zhome/6b/e/212868/GTN/outputs/ntn/energy_efficiency/MMPO2TypeI_rg5_init0.1/L4_bd4_seed10090
Starting Ensemble Fit: 20 epochs
Models: [(1, 1), (2, 2), (3, 3), (4, 4)]
Total nodes: 10
Validation: Using separate validation set
Early stopping: patience=10, min_delta=0.001
Init    | Train: loss: 608.60139 | quality: -4.99123
        | Val:   loss: 706.09879 | quality: -5.90797

Epoch 1 | Train: loss: 114.86064 | quality: -0.13072
        | Val:   loss: 133.84111 | quality: -0.30941
 *
Epoch 2 | Train: loss: 29.29015 | quality: 0.71166
        | Val:   loss: 35.63167 | quality: 0.65140
 *
Epoch 3 | Train: loss: 8.25901 | quality: 0.91870
        | Val:   loss: 10.63305 | quality: 0.89597
 *
Epoch 4 | Train: loss: 5.87543 | quality: 0.94216
        | Val:   loss: 7.44008 | quality: 0.92721
 *
Epoch 5 | Train: loss: 4.47557 | quality: 0.95594
        | Val:   loss: 5.61595 | quality: 0.94506
 *
Epoch 6 | Train: loss: 2.85431 | quality: 0.97190
        | Val:   loss: 3.53414 | quality: 0.96542
 *
Epoch 7 | Train: loss: 0.87553 | quality: 0.99138
        | Val:   loss: 1.10176 | quality: 0.98922
 *
Epoch 8 | Train: loss: 0.28410 | quality: 0.99720
        | Val:   loss: 0.36073 | quality: 0.99647
 *
Epoch 9 | Train: loss: 0.19366 | quality: 0.99809
        | Val:   loss: 0.25531 | quality: 0.99750
 *
Epoch 10 | Train: loss: 0.16864 | quality: 0.99834
        | Val:   loss: 0.25262 | quality: 0.99753

Epoch 11 | Train: loss: 0.16212 | quality: 0.99840
        | Val:   loss: 0.24669 | quality: 0.99759

Epoch 12 | Train: loss: 0.15899 | quality: 0.99843
        | Val:   loss: 0.24386 | quality: 0.99761

Epoch 13 | Train: loss: 0.15663 | quality: 0.99846
        | Val:   loss: 0.24418 | quality: 0.99761

Epoch 14 | Train: loss: 0.15521 | quality: 0.99847
        | Val:   loss: 0.24560 | quality: 0.99760

Epoch 15 | Train: loss: 0.15397 | quality: 0.99848
        | Val:   loss: 0.24717 | quality: 0.99758

Epoch 16 | Train: loss: 0.15225 | quality: 0.99850
        | Val:   loss: 0.24940 | quality: 0.99756

Epoch 17 | Train: loss: 0.14976 | quality: 0.99853
        | Val:   loss: 0.25177 | quality: 0.99754

Epoch 18 | Train: loss: 0.14673 | quality: 0.99856
        | Val:   loss: 0.25303 | quality: 0.99752

Epoch 19 | Train: loss: 0.14354 | quality: 0.99859
        | Val:   loss: 0.25270 | quality: 0.99753


Early stopping at epoch 19 (best was epoch 9)

Best epoch: 9 (val_quality=0.997502)
[2026-05-05 11:34:15,405][__main__][INFO] - ✓ DONE MMPO2TypeI/energy_efficiency/NTN L=4 bd=4 seed=10090 -> /zhome/6b/e/212868/GTN/outputs/ntn/energy_efficiency/MMPO2TypeI_rg5_init0.1/L4_bd4_seed10090 | val=0.9975
[2026-05-05 11:34:15,408][HYDRA] 	#12 : model.L=4 model.bond_dim=4 seed=32874 trainer.ridge=5 trainer.ridge_decay=0.25 trainer.ridge_min=0.0001 +experiment=uci_ntn_sweep model=mmpo2_typei dataset=energy_efficiency
[2026-05-05 11:34:15,576][__main__][INFO] - ▶ RUN MMPO2TypeI/energy_efficiency/NTN L=4 bd=4 seed=32874 -> /zhome/6b/e/212868/GTN/outputs/ntn/energy_efficiency/MMPO2TypeI_rg5_init0.1/L4_bd4_seed32874
Starting Ensemble Fit: 20 epochs
Models: [(1, 1), (2, 2), (3, 3), (4, 4)]
Total nodes: 10
Validation: Using separate validation set
Early stopping: patience=10, min_delta=0.001
Init    | Train: loss: 599.79995 | quality: -4.90459
        | Val:   loss: 706.24336 | quality: -5.90939

Epoch 1 | Train: loss: 123.48995 | quality: -0.21567
        | Val:   loss: 137.64540 | quality: -0.34663
 *
Epoch 2 | Train: loss: 18.56891 | quality: 0.81720
        | Val:   loss: 23.27045 | quality: 0.77234
 *
Epoch 3 | Train: loss: 8.96517 | quality: 0.91174
        | Val:   loss: 11.39986 | quality: 0.88847
 *
Epoch 4 | Train: loss: 6.12732 | quality: 0.93968
        | Val:   loss: 7.71647 | quality: 0.92451
 *
Epoch 5 | Train: loss: 4.72492 | quality: 0.95349
        | Val:   loss: 5.86737 | quality: 0.94260
 *
Epoch 6 | Train: loss: 3.56152 | quality: 0.96494
        | Val:   loss: 4.42837 | quality: 0.95668
 *
Epoch 7 | Train: loss: 1.46838 | quality: 0.98554
        | Val:   loss: 1.82869 | quality: 0.98211
 *
Epoch 8 | Train: loss: 0.41078 | quality: 0.99596
        | Val:   loss: 0.47772 | quality: 0.99533
 *
Epoch 9 | Train: loss: 0.22474 | quality: 0.99779
        | Val:   loss: 0.29628 | quality: 0.99710
 *
Epoch 10 | Train: loss: 0.19489 | quality: 0.99808
        | Val:   loss: 0.29581 | quality: 0.99711

Epoch 11 | Train: loss: 0.17966 | quality: 0.99823
        | Val:   loss: 0.29360 | quality: 0.99713

Epoch 12 | Train: loss: 0.17235 | quality: 0.99830
        | Val:   loss: 0.28727 | quality: 0.99719

Epoch 13 | Train: loss: 0.16849 | quality: 0.99834
        | Val:   loss: 0.28345 | quality: 0.99723

Epoch 14 | Train: loss: 0.16657 | quality: 0.99836
        | Val:   loss: 0.28094 | quality: 0.99725

Epoch 15 | Train: loss: 0.16495 | quality: 0.99838
        | Val:   loss: 0.27956 | quality: 0.99726

Epoch 16 | Train: loss: 0.16349 | quality: 0.99839
        | Val:   loss: 0.27950 | quality: 0.99727

Epoch 17 | Train: loss: 0.16225 | quality: 0.99840
        | Val:   loss: 0.27916 | quality: 0.99727

Epoch 18 | Train: loss: 0.16105 | quality: 0.99841
        | Val:   loss: 0.27866 | quality: 0.99727

Epoch 19 | Train: loss: 0.15979 | quality: 0.99843
        | Val:   loss: 0.27801 | quality: 0.99728


Early stopping at epoch 19 (best was epoch 9)

Best epoch: 9 (val_quality=0.997101)
[2026-05-05 11:34:19,403][__main__][INFO] - ✓ DONE MMPO2TypeI/energy_efficiency/NTN L=4 bd=4 seed=32874 -> /zhome/6b/e/212868/GTN/outputs/ntn/energy_efficiency/MMPO2TypeI_rg5_init0.1/L4_bd4_seed32874 | val=0.9971
[2026-05-05 11:34:19,406][HYDRA] 	#13 : model.L=4 model.bond_dim=4 seed=47311 trainer.ridge=5 trainer.ridge_decay=0.25 trainer.ridge_min=0.0001 +experiment=uci_ntn_sweep model=mmpo2_typei dataset=energy_efficiency
[2026-05-05 11:34:19,566][__main__][INFO] - ▶ RUN MMPO2TypeI/energy_efficiency/NTN L=4 bd=4 seed=47311 -> /zhome/6b/e/212868/GTN/outputs/ntn/energy_efficiency/MMPO2TypeI_rg5_init0.1/L4_bd4_seed47311
Starting Ensemble Fit: 20 epochs
Models: [(1, 1), (2, 2), (3, 3), (4, 4)]
Total nodes: 10
Validation: Using separate validation set
Early stopping: patience=10, min_delta=0.001
Init    | Train: loss: 579.59132 | quality: -4.70565
        | Val:   loss: 675.34080 | quality: -5.60706

Epoch 1 | Train: loss: 95.77023 | quality: 0.05721
        | Val:   loss: 110.79590 | quality: -0.08395
 *
Epoch 2 | Train: loss: 20.45527 | quality: 0.79863
        | Val:   loss: 25.46820 | quality: 0.75084
 *
Epoch 3 | Train: loss: 8.19220 | quality: 0.91935
        | Val:   loss: 10.44491 | quality: 0.89781
 *
Epoch 4 | Train: loss: 6.01994 | quality: 0.94074
        | Val:   loss: 7.54826 | quality: 0.92615
 *
Epoch 5 | Train: loss: 4.70862 | quality: 0.95365
        | Val:   loss: 5.79070 | quality: 0.94335
 *
Epoch 6 | Train: loss: 3.10299 | quality: 0.96945
        | Val:   loss: 3.87044 | quality: 0.96213
 *
Epoch 7 | Train: loss: 0.73121 | quality: 0.99280
        | Val:   loss: 0.85592 | quality: 0.99163
 *
Epoch 8 | Train: loss: 0.27529 | quality: 0.99729
        | Val:   loss: 0.33911 | quality: 0.99668
 *
Epoch 9 | Train: loss: 0.20564 | quality: 0.99798
        | Val:   loss: 0.27601 | quality: 0.99730

Epoch 10 | Train: loss: 0.16655 | quality: 0.99836
        | Val:   loss: 0.28821 | quality: 0.99718
 *
Epoch 11 | Train: loss: 0.15847 | quality: 0.99844
        | Val:   loss: 0.28886 | quality: 0.99717

Epoch 12 | Train: loss: 0.15421 | quality: 0.99848
        | Val:   loss: 0.28650 | quality: 0.99720

Epoch 13 | Train: loss: 0.15201 | quality: 0.99850
        | Val:   loss: 0.28386 | quality: 0.99722

Epoch 14 | Train: loss: 0.15086 | quality: 0.99851
        | Val:   loss: 0.28192 | quality: 0.99724

Epoch 15 | Train: loss: 0.15031 | quality: 0.99852
        | Val:   loss: 0.28041 | quality: 0.99726

Epoch 16 | Train: loss: 0.15000 | quality: 0.99852
        | Val:   loss: 0.27872 | quality: 0.99727

Epoch 17 | Train: loss: 0.14974 | quality: 0.99853
        | Val:   loss: 0.27718 | quality: 0.99729

Epoch 18 | Train: loss: 0.14943 | quality: 0.99853
        | Val:   loss: 0.27610 | quality: 0.99730

Epoch 19 | Train: loss: 0.14903 | quality: 0.99853
        | Val:   loss: 0.27541 | quality: 0.99731

Epoch 20 | Train: loss: 0.14856 | quality: 0.99854
        | Val:   loss: 0.27503 | quality: 0.99731


Early stopping at epoch 20 (best was epoch 10)

Best epoch: 10 (val_quality=0.997180)
[2026-05-05 11:34:26,047][__main__][INFO] - ✓ DONE MMPO2TypeI/energy_efficiency/NTN L=4 bd=4 seed=47311 -> /zhome/6b/e/212868/GTN/outputs/ntn/energy_efficiency/MMPO2TypeI_rg5_init0.1/L4_bd4_seed47311 | val=0.9972
[2026-05-05 11:34:26,050][HYDRA] 	#14 : model.L=4 model.bond_dim=4 seed=47303 trainer.ridge=5 trainer.ridge_decay=0.25 trainer.ridge_min=0.0001 +experiment=uci_ntn_sweep model=mmpo2_typei dataset=energy_efficiency
[2026-05-05 11:34:26,211][__main__][INFO] - ▶ RUN MMPO2TypeI/energy_efficiency/NTN L=4 bd=4 seed=47303 -> /zhome/6b/e/212868/GTN/outputs/ntn/energy_efficiency/MMPO2TypeI_rg5_init0.1/L4_bd4_seed47303
Starting Ensemble Fit: 20 epochs
Models: [(1, 1), (2, 2), (3, 3), (4, 4)]
Total nodes: 10
Validation: Using separate validation set
Early stopping: patience=10, min_delta=0.001
Init    | Train: loss: 552.69727 | quality: -4.44090
        | Val:   loss: 638.15074 | quality: -5.24322

Epoch 1 | Train: loss: 123.97242 | quality: -0.22042
        | Val:   loss: 140.67998 | quality: -0.37631
 *
Epoch 2 | Train: loss: 17.18774 | quality: 0.83080
        | Val:   loss: 21.35396 | quality: 0.79109
 *
Epoch 3 | Train: loss: 8.30650 | quality: 0.91823
        | Val:   loss: 10.36233 | quality: 0.89862
 *
Epoch 4 | Train: loss: 5.88248 | quality: 0.94209
        | Val:   loss: 7.32352 | quality: 0.92835
 *
Epoch 5 | Train: loss: 4.37987 | quality: 0.95688
        | Val:   loss: 5.48613 | quality: 0.94633
 *
Epoch 6 | Train: loss: 2.79143 | quality: 0.97252
        | Val:   loss: 3.45945 | quality: 0.96616
 *
Epoch 7 | Train: loss: 1.17313 | quality: 0.98845
        | Val:   loss: 1.46095 | quality: 0.98571
 *
Epoch 8 | Train: loss: 0.33900 | quality: 0.99666
        | Val:   loss: 0.44309 | quality: 0.99567
 *
Epoch 9 | Train: loss: 0.20360 | quality: 0.99800
        | Val:   loss: 0.27668 | quality: 0.99729
 *
Epoch 10 | Train: loss: 0.18912 | quality: 0.99814
        | Val:   loss: 0.26790 | quality: 0.99738

Epoch 11 | Train: loss: 0.18099 | quality: 0.99822
        | Val:   loss: 0.26818 | quality: 0.99738

Epoch 12 | Train: loss: 0.17584 | quality: 0.99827
        | Val:   loss: 0.26806 | quality: 0.99738

Epoch 13 | Train: loss: 0.17260 | quality: 0.99830
        | Val:   loss: 0.26935 | quality: 0.99736

Epoch 14 | Train: loss: 0.17066 | quality: 0.99832
        | Val:   loss: 0.27133 | quality: 0.99735

Epoch 15 | Train: loss: 0.16967 | quality: 0.99833
        | Val:   loss: 0.27402 | quality: 0.99732

Epoch 16 | Train: loss: 0.16754 | quality: 0.99835
        | Val:   loss: 0.27391 | quality: 0.99732

Epoch 17 | Train: loss: 0.16524 | quality: 0.99837
        | Val:   loss: 0.27259 | quality: 0.99733

Epoch 18 | Train: loss: 0.16486 | quality: 0.99838
        | Val:   loss: 0.27456 | quality: 0.99731

Epoch 19 | Train: loss: 0.16455 | quality: 0.99838
        | Val:   loss: 0.27696 | quality: 0.99729


Early stopping at epoch 19 (best was epoch 9)

Best epoch: 9 (val_quality=0.997293)
[2026-05-05 11:34:33,377][__main__][INFO] - ✓ DONE MMPO2TypeI/energy_efficiency/NTN L=4 bd=4 seed=47303 -> /zhome/6b/e/212868/GTN/outputs/ntn/energy_efficiency/MMPO2TypeI_rg5_init0.1/L4_bd4_seed47303 | val=0.9973
[2026-05-05 11:34:33,380][HYDRA] 	#15 : model.L=3 model.bond_dim=12 seed=42 trainer.ridge=5 trainer.ridge_decay=0.25 trainer.ridge_min=0.0001 +experiment=uci_ntn_sweep model=mmpo2_typei dataset=energy_efficiency
[2026-05-05 11:34:33,540][__main__][INFO] - ▶ RUN MMPO2TypeI/energy_efficiency/NTN L=3 bd=12 seed=42 -> /zhome/6b/e/212868/GTN/outputs/ntn/energy_efficiency/MMPO2TypeI_rg5_init0.1/L3_bd12_seed42
Starting Ensemble Fit: 20 epochs
Models: [(1, 1), (2, 2), (3, 3)]
Total nodes: 6
Validation: Using separate validation set
Early stopping: patience=10, min_delta=0.001
Init    | Train: loss: 574.85364 | quality: -4.65901
        | Val:   loss: 671.73816 | quality: -5.57181

Epoch 1 | Train: loss: 74.18283 | quality: 0.26972
        | Val:   loss: 85.68339 | quality: 0.16173
 *
Epoch 2 | Train: loss: 15.84445 | quality: 0.84402
        | Val:   loss: 19.00021 | quality: 0.81412
 *
Epoch 3 | Train: loss: 7.15451 | quality: 0.92957
        | Val:   loss: 8.86890 | quality: 0.91323
 *
Epoch 4 | Train: loss: 5.23810 | quality: 0.94843
        | Val:   loss: 6.50123 | quality: 0.93640
 *
Epoch 5 | Train: loss: 3.98564 | quality: 0.96076
        | Val:   loss: 4.99779 | quality: 0.95111
 *
Epoch 6 | Train: loss: 3.46893 | quality: 0.96585
        | Val:   loss: 4.25318 | quality: 0.95839
 *
Epoch 7 | Train: loss: 0.78276 | quality: 0.99229
        | Val:   loss: 0.95047 | quality: 0.99070
 *
Epoch 8 | Train: loss: 0.42659 | quality: 0.99580
        | Val:   loss: 0.57807 | quality: 0.99434
 *
Epoch 9 | Train: loss: 0.27947 | quality: 0.99725
        | Val:   loss: 0.36091 | quality: 0.99647
 *
Epoch 10 | Train: loss: 0.25786 | quality: 0.99746
        | Val:   loss: 0.34502 | quality: 0.99662

Epoch 11 | Train: loss: 0.24981 | quality: 0.99754
        | Val:   loss: 0.34155 | quality: 0.99666

Epoch 12 | Train: loss: 0.24540 | quality: 0.99758
        | Val:   loss: 0.33863 | quality: 0.99669

Epoch 13 | Train: loss: 0.24304 | quality: 0.99761
        | Val:   loss: 0.33682 | quality: 0.99670

Epoch 14 | Train: loss: 0.24166 | quality: 0.99762
        | Val:   loss: 0.33663 | quality: 0.99671

Epoch 15 | Train: loss: 0.24099 | quality: 0.99763
        | Val:   loss: 0.33702 | quality: 0.99670

Epoch 16 | Train: loss: 0.24089 | quality: 0.99763
        | Val:   loss: 0.33823 | quality: 0.99669

Epoch 17 | Train: loss: 0.24132 | quality: 0.99762
        | Val:   loss: 0.34028 | quality: 0.99667

Epoch 18 | Train: loss: 0.24236 | quality: 0.99761
        | Val:   loss: 0.34340 | quality: 0.99664

Epoch 19 | Train: loss: 0.24424 | quality: 0.99760
        | Val:   loss: 0.34781 | quality: 0.99660


Early stopping at epoch 19 (best was epoch 9)

Best epoch: 9 (val_quality=0.996469)
[2026-05-05 11:34:36,740][__main__][INFO] - ✓ DONE MMPO2TypeI/energy_efficiency/NTN L=3 bd=12 seed=42 -> /zhome/6b/e/212868/GTN/outputs/ntn/energy_efficiency/MMPO2TypeI_rg5_init0.1/L3_bd12_seed42 | val=0.9965
[2026-05-05 11:34:36,743][HYDRA] 	#16 : model.L=3 model.bond_dim=12 seed=10090 trainer.ridge=5 trainer.ridge_decay=0.25 trainer.ridge_min=0.0001 +experiment=uci_ntn_sweep model=mmpo2_typei dataset=energy_efficiency
[2026-05-05 11:34:36,903][__main__][INFO] - ▶ RUN MMPO2TypeI/energy_efficiency/NTN L=3 bd=12 seed=10090 -> /zhome/6b/e/212868/GTN/outputs/ntn/energy_efficiency/MMPO2TypeI_rg5_init0.1/L3_bd12_seed10090
Starting Ensemble Fit: 20 epochs
Models: [(1, 1), (2, 2), (3, 3)]
Total nodes: 6
Validation: Using separate validation set
Early stopping: patience=10, min_delta=0.001
Init    | Train: loss: 592.72211 | quality: -4.83491
        | Val:   loss: 689.80037 | quality: -5.74852

Epoch 1 | Train: loss: 83.90218 | quality: 0.17404
        | Val:   loss: 98.99663 | quality: 0.03149
 *
Epoch 2 | Train: loss: 14.97597 | quality: 0.85257
        | Val:   loss: 18.00342 | quality: 0.82387
 *
Epoch 3 | Train: loss: 6.96451 | quality: 0.93144
        | Val:   loss: 8.61218 | quality: 0.91574
 *
Epoch 4 | Train: loss: 5.09384 | quality: 0.94985
        | Val:   loss: 6.34333 | quality: 0.93794
 *
Epoch 5 | Train: loss: 3.82198 | quality: 0.96238
        | Val:   loss: 4.57872 | quality: 0.95521
 *
Epoch 6 | Train: loss: 2.61242 | quality: 0.97428
        | Val:   loss: 3.18007 | quality: 0.96889
 *
Epoch 7 | Train: loss: 1.12319 | quality: 0.98894
        | Val:   loss: 1.38278 | quality: 0.98647
 *
Epoch 8 | Train: loss: 0.40026 | quality: 0.99606
        | Val:   loss: 0.49665 | quality: 0.99514
 *
Epoch 9 | Train: loss: 0.26226 | quality: 0.99742
        | Val:   loss: 0.32598 | quality: 0.99681
 *
Epoch 10 | Train: loss: 0.23623 | quality: 0.99767
        | Val:   loss: 0.30272 | quality: 0.99704

Epoch 11 | Train: loss: 0.22415 | quality: 0.99779
        | Val:   loss: 0.29580 | quality: 0.99711

Epoch 12 | Train: loss: 0.21800 | quality: 0.99785
        | Val:   loss: 0.29677 | quality: 0.99710

Epoch 13 | Train: loss: 0.21503 | quality: 0.99788
        | Val:   loss: 0.29715 | quality: 0.99709

Epoch 14 | Train: loss: 0.21300 | quality: 0.99790
        | Val:   loss: 0.29678 | quality: 0.99710

Epoch 15 | Train: loss: 0.21122 | quality: 0.99792
        | Val:   loss: 0.29527 | quality: 0.99711

Epoch 16 | Train: loss: 0.20952 | quality: 0.99794
        | Val:   loss: 0.29297 | quality: 0.99713

Epoch 17 | Train: loss: 0.20794 | quality: 0.99795
        | Val:   loss: 0.29030 | quality: 0.99716

Epoch 18 | Train: loss: 0.20654 | quality: 0.99797
        | Val:   loss: 0.28756 | quality: 0.99719

Epoch 19 | Train: loss: 0.20531 | quality: 0.99798
        | Val:   loss: 0.28521 | quality: 0.99721


Early stopping at epoch 19 (best was epoch 9)

Best epoch: 9 (val_quality=0.996811)
[2026-05-05 11:34:40,087][__main__][INFO] - ✓ DONE MMPO2TypeI/energy_efficiency/NTN L=3 bd=12 seed=10090 -> /zhome/6b/e/212868/GTN/outputs/ntn/energy_efficiency/MMPO2TypeI_rg5_init0.1/L3_bd12_seed10090 | val=0.9968
[2026-05-05 11:34:40,089][HYDRA] 	#17 : model.L=3 model.bond_dim=12 seed=32874 trainer.ridge=5 trainer.ridge_decay=0.25 trainer.ridge_min=0.0001 +experiment=uci_ntn_sweep model=mmpo2_typei dataset=energy_efficiency
[2026-05-05 11:34:40,250][__main__][INFO] - ▶ RUN MMPO2TypeI/energy_efficiency/NTN L=3 bd=12 seed=32874 -> /zhome/6b/e/212868/GTN/outputs/ntn/energy_efficiency/MMPO2TypeI_rg5_init0.1/L3_bd12_seed32874
Starting Ensemble Fit: 20 epochs
Models: [(1, 1), (2, 2), (3, 3)]
Total nodes: 6
Validation: Using separate validation set
Early stopping: patience=10, min_delta=0.001
Init    | Train: loss: 589.15046 | quality: -4.79975
        | Val:   loss: 693.05522 | quality: -5.78036

Epoch 1 | Train: loss: 80.27553 | quality: 0.20975
        | Val:   loss: 94.91292 | quality: 0.07144
 *
Epoch 2 | Train: loss: 15.50794 | quality: 0.84734
        | Val:   loss: 18.65938 | quality: 0.81745
 *
Epoch 3 | Train: loss: 6.97539 | quality: 0.93133
        | Val:   loss: 8.62728 | quality: 0.91560
 *
Epoch 4 | Train: loss: 5.17407 | quality: 0.94907
        | Val:   loss: 6.47735 | quality: 0.93663
 *
Epoch 5 | Train: loss: 4.03427 | quality: 0.96029
        | Val:   loss: 4.73649 | quality: 0.95366
 *
Epoch 6 | Train: loss: 2.65082 | quality: 0.97390
        | Val:   loss: 3.24660 | quality: 0.96824
 *
Epoch 7 | Train: loss: 1.23431 | quality: 0.98785
        | Val:   loss: 1.46107 | quality: 0.98571
 *
Epoch 8 | Train: loss: 0.41656 | quality: 0.99590
        | Val:   loss: 0.52685 | quality: 0.99485
 *
Epoch 9 | Train: loss: 0.26271 | quality: 0.99741
        | Val:   loss: 0.35022 | quality: 0.99657
 *
Epoch 10 | Train: loss: 0.23741 | quality: 0.99766
        | Val:   loss: 0.32625 | quality: 0.99681

Epoch 11 | Train: loss: 0.21766 | quality: 0.99786
        | Val:   loss: 0.29743 | quality: 0.99709

Epoch 12 | Train: loss: 0.20923 | quality: 0.99794
        | Val:   loss: 0.28558 | quality: 0.99721

Epoch 13 | Train: loss: 0.20713 | quality: 0.99796
        | Val:   loss: 0.27999 | quality: 0.99726

Epoch 14 | Train: loss: 0.20568 | quality: 0.99798
        | Val:   loss: 0.27930 | quality: 0.99727

Epoch 15 | Train: loss: 0.20502 | quality: 0.99798
        | Val:   loss: 0.27812 | quality: 0.99728

Epoch 16 | Train: loss: 0.20489 | quality: 0.99798
        | Val:   loss: 0.27817 | quality: 0.99728

Epoch 17 | Train: loss: 0.20498 | quality: 0.99798
        | Val:   loss: 0.27858 | quality: 0.99727

Epoch 18 | Train: loss: 0.20524 | quality: 0.99798
        | Val:   loss: 0.27943 | quality: 0.99727

Epoch 19 | Train: loss: 0.20559 | quality: 0.99798
        | Val:   loss: 0.28043 | quality: 0.99726


Early stopping at epoch 19 (best was epoch 9)

Best epoch: 9 (val_quality=0.996574)
[2026-05-05 11:34:43,434][__main__][INFO] - ✓ DONE MMPO2TypeI/energy_efficiency/NTN L=3 bd=12 seed=32874 -> /zhome/6b/e/212868/GTN/outputs/ntn/energy_efficiency/MMPO2TypeI_rg5_init0.1/L3_bd12_seed32874 | val=0.9966
[2026-05-05 11:34:43,437][HYDRA] 	#18 : model.L=3 model.bond_dim=12 seed=47311 trainer.ridge=5 trainer.ridge_decay=0.25 trainer.ridge_min=0.0001 +experiment=uci_ntn_sweep model=mmpo2_typei dataset=energy_efficiency
[2026-05-05 11:34:43,596][__main__][INFO] - ▶ RUN MMPO2TypeI/energy_efficiency/NTN L=3 bd=12 seed=47311 -> /zhome/6b/e/212868/GTN/outputs/ntn/energy_efficiency/MMPO2TypeI_rg5_init0.1/L3_bd12_seed47311
Starting Ensemble Fit: 20 epochs
Models: [(1, 1), (2, 2), (3, 3)]
Total nodes: 6
Validation: Using separate validation set
Early stopping: patience=10, min_delta=0.001
Init    | Train: loss: 579.16108 | quality: -4.70141
        | Val:   loss: 675.94025 | quality: -5.61292

Epoch 1 | Train: loss: 86.47671 | quality: 0.14870
        | Val:   loss: 101.93560 | quality: 0.00273
 *
Epoch 2 | Train: loss: 17.21243 | quality: 0.83056
        | Val:   loss: 20.92608 | quality: 0.79527
 *
Epoch 3 | Train: loss: 7.44731 | quality: 0.92669
        | Val:   loss: 9.27987 | quality: 0.90921
 *
Epoch 4 | Train: loss: 5.54534 | quality: 0.94541
        | Val:   loss: 6.95233 | quality: 0.93198
 *
Epoch 5 | Train: loss: 3.73974 | quality: 0.96319
        | Val:   loss: 4.67557 | quality: 0.95426
 *
Epoch 6 | Train: loss: 2.71053 | quality: 0.97332
        | Val:   loss: 3.27529 | quality: 0.96796
 *
Epoch 7 | Train: loss: 1.67140 | quality: 0.98355
        | Val:   loss: 2.15312 | quality: 0.97894
 *
Epoch 8 | Train: loss: 0.54814 | quality: 0.99460
        | Val:   loss: 0.70685 | quality: 0.99308
 *
Epoch 9 | Train: loss: 0.30963 | quality: 0.99695
        | Val:   loss: 0.39561 | quality: 0.99613
 *
Epoch 10 | Train: loss: 0.28330 | quality: 0.99721
        | Val:   loss: 0.38384 | quality: 0.99624

Epoch 11 | Train: loss: 0.27385 | quality: 0.99730
        | Val:   loss: 0.37078 | quality: 0.99637

Epoch 12 | Train: loss: 0.27000 | quality: 0.99734
        | Val:   loss: 0.36334 | quality: 0.99645

Epoch 13 | Train: loss: 0.26965 | quality: 0.99735
        | Val:   loss: 0.36129 | quality: 0.99647

Epoch 14 | Train: loss: 0.27076 | quality: 0.99733
        | Val:   loss: 0.36084 | quality: 0.99647

Epoch 15 | Train: loss: 0.27266 | quality: 0.99732
        | Val:   loss: 0.36129 | quality: 0.99647

Epoch 16 | Train: loss: 0.27423 | quality: 0.99730
        | Val:   loss: 0.36123 | quality: 0.99647

Epoch 17 | Train: loss: 0.27534 | quality: 0.99729
        | Val:   loss: 0.36148 | quality: 0.99646

Epoch 18 | Train: loss: 0.27688 | quality: 0.99727
        | Val:   loss: 0.36263 | quality: 0.99645

Epoch 19 | Train: loss: 0.27889 | quality: 0.99725
        | Val:   loss: 0.36416 | quality: 0.99644


Early stopping at epoch 19 (best was epoch 9)

Best epoch: 9 (val_quality=0.996130)
[2026-05-05 11:34:46,784][__main__][INFO] - ✓ DONE MMPO2TypeI/energy_efficiency/NTN L=3 bd=12 seed=47311 -> /zhome/6b/e/212868/GTN/outputs/ntn/energy_efficiency/MMPO2TypeI_rg5_init0.1/L3_bd12_seed47311 | val=0.9961
[2026-05-05 11:34:46,786][HYDRA] 	#19 : model.L=3 model.bond_dim=12 seed=47303 trainer.ridge=5 trainer.ridge_decay=0.25 trainer.ridge_min=0.0001 +experiment=uci_ntn_sweep model=mmpo2_typei dataset=energy_efficiency
[2026-05-05 11:34:46,943][__main__][INFO] - ▶ RUN MMPO2TypeI/energy_efficiency/NTN L=3 bd=12 seed=47303 -> /zhome/6b/e/212868/GTN/outputs/ntn/energy_efficiency/MMPO2TypeI_rg5_init0.1/L3_bd12_seed47303
Starting Ensemble Fit: 20 epochs
Models: [(1, 1), (2, 2), (3, 3)]
Total nodes: 6
Validation: Using separate validation set
Early stopping: patience=10, min_delta=0.001
Init    | Train: loss: 566.22608 | quality: -4.57408
        | Val:   loss: 653.86615 | quality: -5.39696

Epoch 1 | Train: loss: 80.41371 | quality: 0.20839
        | Val:   loss: 95.41262 | quality: 0.06655
 *
Epoch 2 | Train: loss: 15.68302 | quality: 0.84561
        | Val:   loss: 19.05678 | quality: 0.81356
 *
Epoch 3 | Train: loss: 7.18648 | quality: 0.92925
        | Val:   loss: 8.92584 | quality: 0.91268
 *
Epoch 4 | Train: loss: 5.22658 | quality: 0.94855
        | Val:   loss: 6.51934 | quality: 0.93622
 *
Epoch 5 | Train: loss: 3.79382 | quality: 0.96265
        | Val:   loss: 4.63183 | quality: 0.95469
 *
Epoch 6 | Train: loss: 3.21426 | quality: 0.96836
        | Val:   loss: 3.64734 | quality: 0.96432
 *
Epoch 7 | Train: loss: 1.29517 | quality: 0.98725
        | Val:   loss: 1.51709 | quality: 0.98516
 *
Epoch 8 | Train: loss: 0.46829 | quality: 0.99539
        | Val:   loss: 0.57821 | quality: 0.99434
 *
Epoch 9 | Train: loss: 0.28587 | quality: 0.99719
        | Val:   loss: 0.38392 | quality: 0.99624
 *
Epoch 10 | Train: loss: 0.24332 | quality: 0.99760
        | Val:   loss: 0.33200 | quality: 0.99675

Epoch 11 | Train: loss: 0.22816 | quality: 0.99775
        | Val:   loss: 0.30860 | quality: 0.99698

Epoch 12 | Train: loss: 0.22053 | quality: 0.99783
        | Val:   loss: 0.29832 | quality: 0.99708

Epoch 13 | Train: loss: 0.21615 | quality: 0.99787
        | Val:   loss: 0.29416 | quality: 0.99712

Epoch 14 | Train: loss: 0.21347 | quality: 0.99790
        | Val:   loss: 0.29373 | quality: 0.99713

Epoch 15 | Train: loss: 0.21205 | quality: 0.99791
        | Val:   loss: 0.29413 | quality: 0.99712

Epoch 16 | Train: loss: 0.21166 | quality: 0.99792
        | Val:   loss: 0.29572 | quality: 0.99711

Epoch 17 | Train: loss: 0.21175 | quality: 0.99792
        | Val:   loss: 0.29758 | quality: 0.99709

Epoch 18 | Train: loss: 0.21202 | quality: 0.99791
        | Val:   loss: 0.29962 | quality: 0.99707

Epoch 19 | Train: loss: 0.21239 | quality: 0.99791
        | Val:   loss: 0.30164 | quality: 0.99705


Early stopping at epoch 19 (best was epoch 9)

Best epoch: 9 (val_quality=0.996244)
[2026-05-05 11:34:50,147][__main__][INFO] - ✓ DONE MMPO2TypeI/energy_efficiency/NTN L=3 bd=12 seed=47303 -> /zhome/6b/e/212868/GTN/outputs/ntn/energy_efficiency/MMPO2TypeI_rg5_init0.1/L3_bd12_seed47303 | val=0.9962
[2026-05-05 11:34:50,149][HYDRA] 	#20 : model.L=3 model.bond_dim=8 seed=42 trainer.ridge=5 trainer.ridge_decay=0.25 trainer.ridge_min=0.0001 +experiment=uci_ntn_sweep model=mmpo2_typei dataset=energy_efficiency
[2026-05-05 11:34:50,342][__main__][INFO] - ▶ RUN MMPO2TypeI/energy_efficiency/NTN L=3 bd=8 seed=42 -> /zhome/6b/e/212868/GTN/outputs/ntn/energy_efficiency/MMPO2TypeI_rg5_init0.1/L3_bd8_seed42
Starting Ensemble Fit: 20 epochs
Models: [(1, 1), (2, 2), (3, 3)]
Total nodes: 6
Validation: Using separate validation set
Early stopping: patience=10, min_delta=0.001
Init    | Train: loss: 584.22017 | quality: -4.75122
        | Val:   loss: 681.87150 | quality: -5.67095

Epoch 1 | Train: loss: 102.14655 | quality: -0.00556
        | Val:   loss: 118.94145 | quality: -0.16364
 *
Epoch 2 | Train: loss: 25.46477 | quality: 0.74932
        | Val:   loss: 29.70265 | quality: 0.70941
 *
Epoch 3 | Train: loss: 8.62092 | quality: 0.91513
        | Val:   loss: 10.69967 | quality: 0.89532
 *
Epoch 4 | Train: loss: 5.86662 | quality: 0.94225
        | Val:   loss: 7.32697 | quality: 0.92832
 *
Epoch 5 | Train: loss: 4.34682 | quality: 0.95721
        | Val:   loss: 5.42197 | quality: 0.94696
 *
Epoch 6 | Train: loss: 3.03883 | quality: 0.97008
        | Val:   loss: 3.75907 | quality: 0.96322
 *
Epoch 7 | Train: loss: 1.90642 | quality: 0.98123
        | Val:   loss: 2.40538 | quality: 0.97647
 *
Epoch 8 | Train: loss: 0.71143 | quality: 0.99300
        | Val:   loss: 0.92294 | quality: 0.99097
 *
Epoch 9 | Train: loss: 0.36265 | quality: 0.99643
        | Val:   loss: 0.45115 | quality: 0.99559
 *
Epoch 10 | Train: loss: 0.33455 | quality: 0.99671
        | Val:   loss: 0.42545 | quality: 0.99584

Epoch 11 | Train: loss: 0.32893 | quality: 0.99676
        | Val:   loss: 0.42457 | quality: 0.99585

Epoch 12 | Train: loss: 0.32564 | quality: 0.99679
        | Val:   loss: 0.42278 | quality: 0.99586

Epoch 13 | Train: loss: 0.32611 | quality: 0.99679
        | Val:   loss: 0.42040 | quality: 0.99589

Epoch 14 | Train: loss: 0.32770 | quality: 0.99677
        | Val:   loss: 0.41901 | quality: 0.99590

Epoch 15 | Train: loss: 0.33159 | quality: 0.99674
        | Val:   loss: 0.42090 | quality: 0.99588

Epoch 16 | Train: loss: 0.33561 | quality: 0.99670
        | Val:   loss: 0.42441 | quality: 0.99585

Epoch 17 | Train: loss: 0.34213 | quality: 0.99663
        | Val:   loss: 0.43271 | quality: 0.99577

Epoch 18 | Train: loss: 0.34563 | quality: 0.99660
        | Val:   loss: 0.44183 | quality: 0.99568

Epoch 19 | Train: loss: 0.33663 | quality: 0.99669
        | Val:   loss: 0.42845 | quality: 0.99581


Early stopping at epoch 19 (best was epoch 9)

Best epoch: 9 (val_quality=0.995586)
[2026-05-05 11:34:53,091][__main__][INFO] - ✓ DONE MMPO2TypeI/energy_efficiency/NTN L=3 bd=8 seed=42 -> /zhome/6b/e/212868/GTN/outputs/ntn/energy_efficiency/MMPO2TypeI_rg5_init0.1/L3_bd8_seed42 | val=0.9956
[2026-05-05 11:34:53,094][HYDRA] 	#21 : model.L=3 model.bond_dim=8 seed=10090 trainer.ridge=5 trainer.ridge_decay=0.25 trainer.ridge_min=0.0001 +experiment=uci_ntn_sweep model=mmpo2_typei dataset=energy_efficiency
[2026-05-05 11:34:53,252][__main__][INFO] - ▶ RUN MMPO2TypeI/energy_efficiency/NTN L=3 bd=8 seed=10090 -> /zhome/6b/e/212868/GTN/outputs/ntn/energy_efficiency/MMPO2TypeI_rg5_init0.1/L3_bd8_seed10090
Starting Ensemble Fit: 20 epochs
Models: [(1, 1), (2, 2), (3, 3)]
Total nodes: 6
Validation: Using separate validation set
Early stopping: patience=10, min_delta=0.001
Init    | Train: loss: 596.46580 | quality: -4.87177
        | Val:   loss: 694.62552 | quality: -5.79572

Epoch 1 | Train: loss: 103.99424 | quality: -0.02375
        | Val:   loss: 123.25981 | quality: -0.20589
 *
Epoch 2 | Train: loss: 24.86148 | quality: 0.75526
        | Val:   loss: 29.60924 | quality: 0.71032
 *
Epoch 3 | Train: loss: 8.43972 | quality: 0.91692
        | Val:   loss: 10.55215 | quality: 0.89677
 *
Epoch 4 | Train: loss: 5.84216 | quality: 0.94249
        | Val:   loss: 7.28922 | quality: 0.92869
 *
Epoch 5 | Train: loss: 4.75159 | quality: 0.95322
        | Val:   loss: 5.97332 | quality: 0.94156
 *
Epoch 6 | Train: loss: 2.94367 | quality: 0.97102
        | Val:   loss: 3.51512 | quality: 0.96561
 *
Epoch 7 | Train: loss: 1.72758 | quality: 0.98299
        | Val:   loss: 2.17857 | quality: 0.97869
 *
Epoch 8 | Train: loss: 0.58508 | quality: 0.99424
        | Val:   loss: 0.77059 | quality: 0.99246
 *
Epoch 9 | Train: loss: 0.32295 | quality: 0.99682
        | Val:   loss: 0.40669 | quality: 0.99602
 *
Epoch 10 | Train: loss: 0.29094 | quality: 0.99714
        | Val:   loss: 0.38154 | quality: 0.99627

Epoch 11 | Train: loss: 0.28564 | quality: 0.99719
        | Val:   loss: 0.36552 | quality: 0.99642

Epoch 12 | Train: loss: 0.28305 | quality: 0.99721
        | Val:   loss: 0.36583 | quality: 0.99642

Epoch 13 | Train: loss: 0.28514 | quality: 0.99719
        | Val:   loss: 0.36799 | quality: 0.99640

Epoch 14 | Train: loss: 0.28602 | quality: 0.99718
        | Val:   loss: 0.37210 | quality: 0.99636

Epoch 15 | Train: loss: 0.28777 | quality: 0.99717
        | Val:   loss: 0.37681 | quality: 0.99631

Epoch 16 | Train: loss: 0.28998 | quality: 0.99715
        | Val:   loss: 0.38233 | quality: 0.99626

Epoch 17 | Train: loss: 0.29333 | quality: 0.99711
        | Val:   loss: 0.38950 | quality: 0.99619

Epoch 18 | Train: loss: 0.29729 | quality: 0.99707
        | Val:   loss: 0.39718 | quality: 0.99611

Epoch 19 | Train: loss: 0.30238 | quality: 0.99702
        | Val:   loss: 0.40611 | quality: 0.99603


Early stopping at epoch 19 (best was epoch 9)

Best epoch: 9 (val_quality=0.996021)
[2026-05-05 11:34:56,101][__main__][INFO] - ✓ DONE MMPO2TypeI/energy_efficiency/NTN L=3 bd=8 seed=10090 -> /zhome/6b/e/212868/GTN/outputs/ntn/energy_efficiency/MMPO2TypeI_rg5_init0.1/L3_bd8_seed10090 | val=0.9960
[2026-05-05 11:34:56,103][HYDRA] 	#22 : model.L=3 model.bond_dim=8 seed=32874 trainer.ridge=5 trainer.ridge_decay=0.25 trainer.ridge_min=0.0001 +experiment=uci_ntn_sweep model=mmpo2_typei dataset=energy_efficiency
[2026-05-05 11:34:56,260][__main__][INFO] - ▶ RUN MMPO2TypeI/energy_efficiency/NTN L=3 bd=8 seed=32874 -> /zhome/6b/e/212868/GTN/outputs/ntn/energy_efficiency/MMPO2TypeI_rg5_init0.1/L3_bd8_seed32874
Starting Ensemble Fit: 20 epochs
Models: [(1, 1), (2, 2), (3, 3)]
Total nodes: 6
Validation: Using separate validation set
Early stopping: patience=10, min_delta=0.001
Init    | Train: loss: 592.92281 | quality: -4.83689
        | Val:   loss: 697.38649 | quality: -5.82274

Epoch 1 | Train: loss: 106.29523 | quality: -0.04640
        | Val:   loss: 124.34395 | quality: -0.21649
 *
Epoch 2 | Train: loss: 25.59390 | quality: 0.74805
        | Val:   loss: 30.13517 | quality: 0.70518
 *
Epoch 3 | Train: loss: 7.98299 | quality: 0.92141
        | Val:   loss: 9.86418 | quality: 0.90350
 *
Epoch 4 | Train: loss: 5.71867 | quality: 0.94370
        | Val:   loss: 7.11157 | quality: 0.93043
 *
Epoch 5 | Train: loss: 4.41015 | quality: 0.95659
        | Val:   loss: 5.52345 | quality: 0.94596
 *
Epoch 6 | Train: loss: 3.18403 | quality: 0.96866
        | Val:   loss: 3.81916 | quality: 0.96264
 *
Epoch 7 | Train: loss: 2.45978 | quality: 0.97579
        | Val:   loss: 2.99533 | quality: 0.97070
 *
Epoch 8 | Train: loss: 0.81689 | quality: 0.99196
        | Val:   loss: 1.03254 | quality: 0.98990
 *
Epoch 9 | Train: loss: 0.35377 | quality: 0.99652
        | Val:   loss: 0.43128 | quality: 0.99578
 *
Epoch 10 | Train: loss: 0.31079 | quality: 0.99694
        | Val:   loss: 0.38648 | quality: 0.99622

Epoch 11 | Train: loss: 0.30828 | quality: 0.99697
        | Val:   loss: 0.39321 | quality: 0.99615

Epoch 12 | Train: loss: 0.30088 | quality: 0.99704
        | Val:   loss: 0.38100 | quality: 0.99627

Epoch 13 | Train: loss: 0.29955 | quality: 0.99705
        | Val:   loss: 0.37664 | quality: 0.99632

Epoch 14 | Train: loss: 0.29803 | quality: 0.99707
        | Val:   loss: 0.37402 | quality: 0.99634

Epoch 15 | Train: loss: 0.29643 | quality: 0.99708
        | Val:   loss: 0.37227 | quality: 0.99636

Epoch 16 | Train: loss: 0.29472 | quality: 0.99710
        | Val:   loss: 0.37071 | quality: 0.99637

Epoch 17 | Train: loss: 0.29323 | quality: 0.99711
        | Val:   loss: 0.36958 | quality: 0.99638

Epoch 18 | Train: loss: 0.29228 | quality: 0.99712
        | Val:   loss: 0.36896 | quality: 0.99639

Epoch 19 | Train: loss: 0.29180 | quality: 0.99713
        | Val:   loss: 0.36871 | quality: 0.99639


Early stopping at epoch 19 (best was epoch 9)

Best epoch: 9 (val_quality=0.995781)
[2026-05-05 11:34:58,994][__main__][INFO] - ✓ DONE MMPO2TypeI/energy_efficiency/NTN L=3 bd=8 seed=32874 -> /zhome/6b/e/212868/GTN/outputs/ntn/energy_efficiency/MMPO2TypeI_rg5_init0.1/L3_bd8_seed32874 | val=0.9958
[2026-05-05 11:34:58,996][HYDRA] 	#23 : model.L=3 model.bond_dim=8 seed=47311 trainer.ridge=5 trainer.ridge_decay=0.25 trainer.ridge_min=0.0001 +experiment=uci_ntn_sweep model=mmpo2_typei dataset=energy_efficiency
[2026-05-05 11:34:59,153][__main__][INFO] - ▶ RUN MMPO2TypeI/energy_efficiency/NTN L=3 bd=8 seed=47311 -> /zhome/6b/e/212868/GTN/outputs/ntn/energy_efficiency/MMPO2TypeI_rg5_init0.1/L3_bd8_seed47311
Starting Ensemble Fit: 20 epochs
Models: [(1, 1), (2, 2), (3, 3)]
Total nodes: 6
Validation: Using separate validation set
Early stopping: patience=10, min_delta=0.001
Init    | Train: loss: 567.52621 | quality: -4.58688
        | Val:   loss: 664.73726 | quality: -5.50332

Epoch 1 | Train: loss: 119.51946 | quality: -0.17658
        | Val:   loss: 139.16122 | quality: -0.36145
 *
Epoch 2 | Train: loss: 27.38716 | quality: 0.73039
        | Val:   loss: 31.97490 | quality: 0.68718
 *
Epoch 3 | Train: loss: 8.27522 | quality: 0.91854
        | Val:   loss: 10.24196 | quality: 0.89980
 *
Epoch 4 | Train: loss: 5.73694 | quality: 0.94352
        | Val:   loss: 7.18496 | quality: 0.92971
 *
Epoch 5 | Train: loss: 4.20113 | quality: 0.95864
        | Val:   loss: 5.24889 | quality: 0.94865
 *
Epoch 6 | Train: loss: 2.95683 | quality: 0.97089
        | Val:   loss: 3.67082 | quality: 0.96409
 *
Epoch 7 | Train: loss: 1.39487 | quality: 0.98627
        | Val:   loss: 1.73629 | quality: 0.98301
 *
Epoch 8 | Train: loss: 0.51866 | quality: 0.99489
        | Val:   loss: 0.64955 | quality: 0.99365
 *
Epoch 9 | Train: loss: 0.33448 | quality: 0.99671
        | Val:   loss: 0.40005 | quality: 0.99609
 *
Epoch 10 | Train: loss: 0.31706 | quality: 0.99688
        | Val:   loss: 0.39159 | quality: 0.99617

Epoch 11 | Train: loss: 0.31193 | quality: 0.99693
        | Val:   loss: 0.38996 | quality: 0.99618

Epoch 12 | Train: loss: 0.31776 | quality: 0.99687
        | Val:   loss: 0.39564 | quality: 0.99613

Epoch 13 | Train: loss: 0.31937 | quality: 0.99686
        | Val:   loss: 0.39868 | quality: 0.99610

Epoch 14 | Train: loss: 0.32742 | quality: 0.99678
        | Val:   loss: 0.40780 | quality: 0.99601

Epoch 15 | Train: loss: 0.33499 | quality: 0.99670
        | Val:   loss: 0.41926 | quality: 0.99590

Epoch 16 | Train: loss: 0.32708 | quality: 0.99678
        | Val:   loss: 0.41202 | quality: 0.99597

Epoch 17 | Train: loss: 0.32326 | quality: 0.99682
        | Val:   loss: 0.40756 | quality: 0.99601

Epoch 18 | Train: loss: 0.32350 | quality: 0.99682
        | Val:   loss: 0.41127 | quality: 0.99598

Epoch 19 | Train: loss: 0.32488 | quality: 0.99680
        | Val:   loss: 0.41427 | quality: 0.99595


Early stopping at epoch 19 (best was epoch 9)

Best epoch: 9 (val_quality=0.996086)
[2026-05-05 11:35:02,361][__main__][INFO] - ✓ DONE MMPO2TypeI/energy_efficiency/NTN L=3 bd=8 seed=47311 -> /zhome/6b/e/212868/GTN/outputs/ntn/energy_efficiency/MMPO2TypeI_rg5_init0.1/L3_bd8_seed47311 | val=0.9961
[2026-05-05 11:35:02,367][HYDRA] 	#24 : model.L=3 model.bond_dim=8 seed=47303 trainer.ridge=5 trainer.ridge_decay=0.25 trainer.ridge_min=0.0001 +experiment=uci_ntn_sweep model=mmpo2_typei dataset=energy_efficiency
[2026-05-05 11:35:02,530][__main__][INFO] - ▶ RUN MMPO2TypeI/energy_efficiency/NTN L=3 bd=8 seed=47303 -> /zhome/6b/e/212868/GTN/outputs/ntn/energy_efficiency/MMPO2TypeI_rg5_init0.1/L3_bd8_seed47303
Starting Ensemble Fit: 20 epochs
Models: [(1, 1), (2, 2), (3, 3)]
Total nodes: 6
Validation: Using separate validation set
Early stopping: patience=10, min_delta=0.001
Init    | Train: loss: 571.79326 | quality: -4.62888
        | Val:   loss: 660.06663 | quality: -5.45762

Epoch 1 | Train: loss: 102.77084 | quality: -0.01170
        | Val:   loss: 119.58269 | quality: -0.16991
 *
Epoch 2 | Train: loss: 25.91277 | quality: 0.74491
        | Val:   loss: 30.48827 | quality: 0.70172
 *
Epoch 3 | Train: loss: 8.14721 | quality: 0.91980
        | Val:   loss: 10.07025 | quality: 0.90148
 *
Epoch 4 | Train: loss: 5.74634 | quality: 0.94343
        | Val:   loss: 7.14613 | quality: 0.93009
 *
Epoch 5 | Train: loss: 4.31176 | quality: 0.95755
        | Val:   loss: 5.39687 | quality: 0.94720
 *
Epoch 6 | Train: loss: 2.95069 | quality: 0.97095
        | Val:   loss: 3.62705 | quality: 0.96452
 *
Epoch 7 | Train: loss: 1.86747 | quality: 0.98162
        | Val:   loss: 2.36226 | quality: 0.97689
 *
Epoch 8 | Train: loss: 0.81471 | quality: 0.99198
        | Val:   loss: 1.09662 | quality: 0.98927
 *
Epoch 9 | Train: loss: 0.40329 | quality: 0.99603
        | Val:   loss: 0.52133 | quality: 0.99490
 *
Epoch 10 | Train: loss: 0.35948 | quality: 0.99646
        | Val:   loss: 0.48223 | quality: 0.99528

Epoch 11 | Train: loss: 0.36859 | quality: 0.99637
        | Val:   loss: 0.50201 | quality: 0.99509

Epoch 12 | Train: loss: 0.38081 | quality: 0.99625
        | Val:   loss: 0.51538 | quality: 0.99496

Epoch 13 | Train: loss: 0.37496 | quality: 0.99631
        | Val:   loss: 0.50664 | quality: 0.99504

Epoch 14 | Train: loss: 0.37145 | quality: 0.99634
        | Val:   loss: 0.50479 | quality: 0.99506

Epoch 15 | Train: loss: 0.36801 | quality: 0.99638
        | Val:   loss: 0.50443 | quality: 0.99507

Epoch 16 | Train: loss: 0.36097 | quality: 0.99645
        | Val:   loss: 0.50003 | quality: 0.99511

Epoch 17 | Train: loss: 0.35407 | quality: 0.99651
        | Val:   loss: 0.49607 | quality: 0.99515

Epoch 18 | Train: loss: 0.35077 | quality: 0.99655
        | Val:   loss: 0.49650 | quality: 0.99514

Epoch 19 | Train: loss: 0.35000 | quality: 0.99655
        | Val:   loss: 0.50029 | quality: 0.99511


Early stopping at epoch 19 (best was epoch 9)

Best epoch: 9 (val_quality=0.994900)
[2026-05-05 11:35:05,318][__main__][INFO] - ✓ DONE MMPO2TypeI/energy_efficiency/NTN L=3 bd=8 seed=47303 -> /zhome/6b/e/212868/GTN/outputs/ntn/energy_efficiency/MMPO2TypeI_rg5_init0.1/L3_bd8_seed47303 | val=0.9949
[2026-05-05 11:35:05,320][HYDRA] 	#25 : model.L=3 model.bond_dim=4 seed=42 trainer.ridge=5 trainer.ridge_decay=0.25 trainer.ridge_min=0.0001 +experiment=uci_ntn_sweep model=mmpo2_typei dataset=energy_efficiency
[2026-05-05 11:35:05,480][__main__][INFO] - ▶ RUN MMPO2TypeI/energy_efficiency/NTN L=3 bd=4 seed=42 -> /zhome/6b/e/212868/GTN/outputs/ntn/energy_efficiency/MMPO2TypeI_rg5_init0.1/L3_bd4_seed42
Starting Ensemble Fit: 20 epochs
Models: [(1, 1), (2, 2), (3, 3)]
Total nodes: 6
Validation: Using separate validation set
Early stopping: patience=10, min_delta=0.001
Init    | Train: loss: 585.44311 | quality: -4.76326
        | Val:   loss: 683.29083 | quality: -5.68483

Epoch 1 | Train: loss: 161.71167 | quality: -0.59193
        | Val:   loss: 185.20519 | quality: -0.81192
 *
Epoch 2 | Train: loss: 48.71946 | quality: 0.52039
        | Val:   loss: 57.08748 | quality: 0.44150
 *
Epoch 3 | Train: loss: 12.45837 | quality: 0.87736
        | Val:   loss: 15.36620 | quality: 0.84967
 *
Epoch 4 | Train: loss: 7.42232 | quality: 0.92693
        | Val:   loss: 9.27524 | quality: 0.90926
 *
Epoch 5 | Train: loss: 5.15144 | quality: 0.94929
        | Val:   loss: 6.49259 | quality: 0.93648
 *
Epoch 6 | Train: loss: 3.57796 | quality: 0.96478
        | Val:   loss: 4.46851 | quality: 0.95628
 *
Epoch 7 | Train: loss: 2.28670 | quality: 0.97749
        | Val:   loss: 2.84385 | quality: 0.97218
 *
Epoch 8 | Train: loss: 0.91642 | quality: 0.99098
        | Val:   loss: 1.15247 | quality: 0.98873
 *
Epoch 9 | Train: loss: 0.47570 | quality: 0.99532
        | Val:   loss: 0.59164 | quality: 0.99421
 *
Epoch 10 | Train: loss: 0.43465 | quality: 0.99572
        | Val:   loss: 0.55348 | quality: 0.99459

Epoch 11 | Train: loss: 0.40392 | quality: 0.99602
        | Val:   loss: 0.50383 | quality: 0.99507

Epoch 12 | Train: loss: 0.39317 | quality: 0.99613
        | Val:   loss: 0.48740 | quality: 0.99523
 *
Epoch 13 | Train: loss: 0.38778 | quality: 0.99618
        | Val:   loss: 0.47576 | quality: 0.99535

Epoch 14 | Train: loss: 0.38718 | quality: 0.99619
        | Val:   loss: 0.47380 | quality: 0.99536

Epoch 15 | Train: loss: 0.38892 | quality: 0.99617
        | Val:   loss: 0.47519 | quality: 0.99535

Epoch 16 | Train: loss: 0.39166 | quality: 0.99614
        | Val:   loss: 0.47791 | quality: 0.99532

Epoch 17 | Train: loss: 0.39477 | quality: 0.99611
        | Val:   loss: 0.48133 | quality: 0.99529

Epoch 18 | Train: loss: 0.39797 | quality: 0.99608
        | Val:   loss: 0.48516 | quality: 0.99525

Epoch 19 | Train: loss: 0.40111 | quality: 0.99605
        | Val:   loss: 0.48923 | quality: 0.99521

Epoch 20 | Train: loss: 0.40417 | quality: 0.99602
        | Val:   loss: 0.49346 | quality: 0.99517


Best epoch: 12 (val_quality=0.995232)
[2026-05-05 11:35:08,303][__main__][INFO] - ✓ DONE MMPO2TypeI/energy_efficiency/NTN L=3 bd=4 seed=42 -> /zhome/6b/e/212868/GTN/outputs/ntn/energy_efficiency/MMPO2TypeI_rg5_init0.1/L3_bd4_seed42 | val=0.9952
[2026-05-05 11:35:08,306][HYDRA] 	#26 : model.L=3 model.bond_dim=4 seed=10090 trainer.ridge=5 trainer.ridge_decay=0.25 trainer.ridge_min=0.0001 +experiment=uci_ntn_sweep model=mmpo2_typei dataset=energy_efficiency
[2026-05-05 11:35:08,468][__main__][INFO] - ▶ RUN MMPO2TypeI/energy_efficiency/NTN L=3 bd=4 seed=10090 -> /zhome/6b/e/212868/GTN/outputs/ntn/energy_efficiency/MMPO2TypeI_rg5_init0.1/L3_bd4_seed10090
Starting Ensemble Fit: 20 epochs
Models: [(1, 1), (2, 2), (3, 3)]
Total nodes: 6
Validation: Using separate validation set
Early stopping: patience=10, min_delta=0.001
Init    | Train: loss: 609.10108 | quality: -4.99615
        | Val:   loss: 707.03375 | quality: -5.91712

Epoch 1 | Train: loss: 166.78932 | quality: -0.64192
        | Val:   loss: 191.42211 | quality: -0.87274
 *
Epoch 2 | Train: loss: 48.82857 | quality: 0.51932
        | Val:   loss: 56.48748 | quality: 0.44737
 *
Epoch 3 | Train: loss: 12.18126 | quality: 0.88008
        | Val:   loss: 14.96881 | quality: 0.85356
 *
Epoch 4 | Train: loss: 7.20862 | quality: 0.92904
        | Val:   loss: 8.99876 | quality: 0.91196
 *
Epoch 5 | Train: loss: 5.25777 | quality: 0.94824
        | Val:   loss: 6.64090 | quality: 0.93503
 *
Epoch 6 | Train: loss: 3.56612 | quality: 0.96489
        | Val:   loss: 4.39491 | quality: 0.95700
 *
Epoch 7 | Train: loss: 2.18063 | quality: 0.97853
        | Val:   loss: 2.70701 | quality: 0.97352
 *
Epoch 8 | Train: loss: 0.95165 | quality: 0.99063
        | Val:   loss: 1.20389 | quality: 0.98822
 *
Epoch 9 | Train: loss: 0.46852 | quality: 0.99539
        | Val:   loss: 0.58034 | quality: 0.99432
 *
Epoch 10 | Train: loss: 0.38193 | quality: 0.99624
        | Val:   loss: 0.47893 | quality: 0.99531

Epoch 11 | Train: loss: 0.37215 | quality: 0.99634
        | Val:   loss: 0.46191 | quality: 0.99548
 *
Epoch 12 | Train: loss: 0.36663 | quality: 0.99639
        | Val:   loss: 0.45129 | quality: 0.99558

Epoch 13 | Train: loss: 0.36418 | quality: 0.99641
        | Val:   loss: 0.44467 | quality: 0.99565

Epoch 14 | Train: loss: 0.36365 | quality: 0.99642
        | Val:   loss: 0.44069 | quality: 0.99569

Epoch 15 | Train: loss: 0.36397 | quality: 0.99642
        | Val:   loss: 0.43902 | quality: 0.99570

Epoch 16 | Train: loss: 0.36492 | quality: 0.99641
        | Val:   loss: 0.44001 | quality: 0.99570

Epoch 17 | Train: loss: 0.36636 | quality: 0.99639
        | Val:   loss: 0.44286 | quality: 0.99567

Epoch 18 | Train: loss: 0.36848 | quality: 0.99637
        | Val:   loss: 0.44661 | quality: 0.99563

Epoch 19 | Train: loss: 0.37163 | quality: 0.99634
        | Val:   loss: 0.45135 | quality: 0.99558

Epoch 20 | Train: loss: 0.37562 | quality: 0.99630
        | Val:   loss: 0.45688 | quality: 0.99553


Best epoch: 11 (val_quality=0.995481)
[2026-05-05 11:35:10,959][__main__][INFO] - ✓ DONE MMPO2TypeI/energy_efficiency/NTN L=3 bd=4 seed=10090 -> /zhome/6b/e/212868/GTN/outputs/ntn/energy_efficiency/MMPO2TypeI_rg5_init0.1/L3_bd4_seed10090 | val=0.9955
[2026-05-05 11:35:10,961][HYDRA] 	#27 : model.L=3 model.bond_dim=4 seed=32874 trainer.ridge=5 trainer.ridge_decay=0.25 trainer.ridge_min=0.0001 +experiment=uci_ntn_sweep model=mmpo2_typei dataset=energy_efficiency
[2026-05-05 11:35:11,121][__main__][INFO] - ▶ RUN MMPO2TypeI/energy_efficiency/NTN L=3 bd=4 seed=32874 -> /zhome/6b/e/212868/GTN/outputs/ntn/energy_efficiency/MMPO2TypeI_rg5_init0.1/L3_bd4_seed32874
Starting Ensemble Fit: 20 epochs
Models: [(1, 1), (2, 2), (3, 3)]
Total nodes: 6
Validation: Using separate validation set
Early stopping: patience=10, min_delta=0.001
Init    | Train: loss: 600.60974 | quality: -4.91256
        | Val:   loss: 706.96551 | quality: -5.91645

Epoch 1 | Train: loss: 187.63365 | quality: -0.84712
        | Val:   loss: 209.96871 | quality: -1.05419
 *
Epoch 2 | Train: loss: 50.67277 | quality: 0.50116
        | Val:   loss: 59.34359 | quality: 0.41942
 *
Epoch 3 | Train: loss: 12.69817 | quality: 0.87500
        | Val:   loss: 15.73724 | quality: 0.84604
 *
Epoch 4 | Train: loss: 7.50303 | quality: 0.92614
        | Val:   loss: 9.38500 | quality: 0.90818
 *
Epoch 5 | Train: loss: 5.56021 | quality: 0.94526
        | Val:   loss: 6.99238 | quality: 0.93159
 *
Epoch 6 | Train: loss: 4.32812 | quality: 0.95739
        | Val:   loss: 5.40913 | quality: 0.94708
 *
Epoch 7 | Train: loss: 2.49932 | quality: 0.97540
        | Val:   loss: 3.17705 | quality: 0.96892
 *
Epoch 8 | Train: loss: 0.94156 | quality: 0.99073
        | Val:   loss: 1.21475 | quality: 0.98812
 *
Epoch 9 | Train: loss: 0.37296 | quality: 0.99633
        | Val:   loss: 0.45705 | quality: 0.99553
 *
Epoch 10 | Train: loss: 0.34024 | quality: 0.99665
        | Val:   loss: 0.41908 | quality: 0.99590

Epoch 11 | Train: loss: 0.31655 | quality: 0.99688
        | Val:   loss: 0.38787 | quality: 0.99621

Epoch 12 | Train: loss: 0.30331 | quality: 0.99701
        | Val:   loss: 0.36866 | quality: 0.99639

Epoch 13 | Train: loss: 0.29964 | quality: 0.99705
        | Val:   loss: 0.36111 | quality: 0.99647

Epoch 14 | Train: loss: 0.29957 | quality: 0.99705
        | Val:   loss: 0.35798 | quality: 0.99650

Epoch 15 | Train: loss: 0.30115 | quality: 0.99704
        | Val:   loss: 0.35747 | quality: 0.99650

Epoch 16 | Train: loss: 0.30370 | quality: 0.99701
        | Val:   loss: 0.35859 | quality: 0.99649

Epoch 17 | Train: loss: 0.30681 | quality: 0.99698
        | Val:   loss: 0.36064 | quality: 0.99647

Epoch 18 | Train: loss: 0.31011 | quality: 0.99695
        | Val:   loss: 0.36317 | quality: 0.99645

Epoch 19 | Train: loss: 0.31337 | quality: 0.99692
        | Val:   loss: 0.36590 | quality: 0.99642


Early stopping at epoch 19 (best was epoch 9)

Best epoch: 9 (val_quality=0.995529)
[2026-05-05 11:35:13,663][__main__][INFO] - ✓ DONE MMPO2TypeI/energy_efficiency/NTN L=3 bd=4 seed=32874 -> /zhome/6b/e/212868/GTN/outputs/ntn/energy_efficiency/MMPO2TypeI_rg5_init0.1/L3_bd4_seed32874 | val=0.9955
[2026-05-05 11:35:13,665][HYDRA] 	#28 : model.L=3 model.bond_dim=4 seed=47311 trainer.ridge=5 trainer.ridge_decay=0.25 trainer.ridge_min=0.0001 +experiment=uci_ntn_sweep model=mmpo2_typei dataset=energy_efficiency
[2026-05-05 11:35:13,853][__main__][INFO] - ▶ RUN MMPO2TypeI/energy_efficiency/NTN L=3 bd=4 seed=47311 -> /zhome/6b/e/212868/GTN/outputs/ntn/energy_efficiency/MMPO2TypeI_rg5_init0.1/L3_bd4_seed47311
Starting Ensemble Fit: 20 epochs
Models: [(1, 1), (2, 2), (3, 3)]
Total nodes: 6
Validation: Using separate validation set
Early stopping: patience=10, min_delta=0.001
Init    | Train: loss: 578.35695 | quality: -4.69350
        | Val:   loss: 673.88461 | quality: -5.59281

Epoch 1 | Train: loss: 144.69089 | quality: -0.42438
        | Val:   loss: 167.52963 | quality: -0.63899
 *
Epoch 2 | Train: loss: 48.06529 | quality: 0.52683
        | Val:   loss: 56.17583 | quality: 0.45042
 *
Epoch 3 | Train: loss: 12.00102 | quality: 0.88186
        | Val:   loss: 14.76943 | quality: 0.85551
 *
Epoch 4 | Train: loss: 7.13965 | quality: 0.92972
        | Val:   loss: 8.90453 | quality: 0.91288
 *
Epoch 5 | Train: loss: 5.37551 | quality: 0.94708
        | Val:   loss: 6.73850 | quality: 0.93408
 *
Epoch 6 | Train: loss: 4.16559 | quality: 0.95899
        | Val:   loss: 5.20474 | quality: 0.94908
 *
Epoch 7 | Train: loss: 2.74704 | quality: 0.97296
        | Val:   loss: 3.47257 | quality: 0.96603
 *
Epoch 8 | Train: loss: 1.24379 | quality: 0.98776
        | Val:   loss: 1.57203 | quality: 0.98462
 *
Epoch 9 | Train: loss: 0.61272 | quality: 0.99397
        | Val:   loss: 0.78563 | quality: 0.99231
 *
Epoch 10 | Train: loss: 0.46025 | quality: 0.99547
        | Val:   loss: 0.58224 | quality: 0.99430
 *
Epoch 11 | Train: loss: 0.39826 | quality: 0.99608
        | Val:   loss: 0.50056 | quality: 0.99510

Epoch 12 | Train: loss: 0.38480 | quality: 0.99621
        | Val:   loss: 0.48034 | quality: 0.99530

Epoch 13 | Train: loss: 0.37930 | quality: 0.99627
        | Val:   loss: 0.47051 | quality: 0.99540
 *
Epoch 14 | Train: loss: 0.37324 | quality: 0.99633
        | Val:   loss: 0.46125 | quality: 0.99549

Epoch 15 | Train: loss: 0.37251 | quality: 0.99633
        | Val:   loss: 0.45862 | quality: 0.99551

Epoch 16 | Train: loss: 0.36891 | quality: 0.99637
        | Val:   loss: 0.45306 | quality: 0.99557

Epoch 17 | Train: loss: 0.36810 | quality: 0.99638
        | Val:   loss: 0.45001 | quality: 0.99560

Epoch 18 | Train: loss: 0.36487 | quality: 0.99641
        | Val:   loss: 0.44403 | quality: 0.99566

Epoch 19 | Train: loss: 0.36289 | quality: 0.99643
        | Val:   loss: 0.43828 | quality: 0.99571

Epoch 20 | Train: loss: 0.36094 | quality: 0.99645
        | Val:   loss: 0.43244 | quality: 0.99577


Best epoch: 13 (val_quality=0.995397)
[2026-05-05 11:35:17,041][__main__][INFO] - ✓ DONE MMPO2TypeI/energy_efficiency/NTN L=3 bd=4 seed=47311 -> /zhome/6b/e/212868/GTN/outputs/ntn/energy_efficiency/MMPO2TypeI_rg5_init0.1/L3_bd4_seed47311 | val=0.9954
[2026-05-05 11:35:17,044][HYDRA] 	#29 : model.L=3 model.bond_dim=4 seed=47303 trainer.ridge=5 trainer.ridge_decay=0.25 trainer.ridge_min=0.0001 +experiment=uci_ntn_sweep model=mmpo2_typei dataset=energy_efficiency
[2026-05-05 11:35:17,209][__main__][INFO] - ▶ RUN MMPO2TypeI/energy_efficiency/NTN L=3 bd=4 seed=47303 -> /zhome/6b/e/212868/GTN/outputs/ntn/energy_efficiency/MMPO2TypeI_rg5_init0.1/L3_bd4_seed47303
Starting Ensemble Fit: 20 epochs
Models: [(1, 1), (2, 2), (3, 3)]
Total nodes: 6
Validation: Using separate validation set
Early stopping: patience=10, min_delta=0.001
Init    | Train: loss: 551.40313 | quality: -4.42816
        | Val:   loss: 636.52926 | quality: -5.22735

Epoch 1 | Train: loss: 183.13010 | quality: -0.80278
        | Val:   loss: 204.83790 | quality: -1.00399
 *
Epoch 2 | Train: loss: 51.85899 | quality: 0.48949
        | Val:   loss: 60.95671 | quality: 0.40364
 *
Epoch 3 | Train: loss: 12.28299 | quality: 0.87908
        | Val:   loss: 15.22364 | quality: 0.85106
 *
Epoch 4 | Train: loss: 7.57397 | quality: 0.92544
        | Val:   loss: 9.47195 | quality: 0.90733
 *
Epoch 5 | Train: loss: 5.27249 | quality: 0.94810
        | Val:   loss: 6.67239 | quality: 0.93472
 *
Epoch 6 | Train: loss: 3.84100 | quality: 0.96219
        | Val:   loss: 4.80388 | quality: 0.95300
 *
Epoch 7 | Train: loss: 2.59597 | quality: 0.97444
        | Val:   loss: 3.25136 | quality: 0.96819
 *
Epoch 8 | Train: loss: 1.27408 | quality: 0.98746
        | Val:   loss: 1.58260 | quality: 0.98452
 *
Epoch 9 | Train: loss: 0.57279 | quality: 0.99436
        | Val:   loss: 0.70324 | quality: 0.99312
 *
Epoch 10 | Train: loss: 0.48978 | quality: 0.99518
        | Val:   loss: 0.60739 | quality: 0.99406

Epoch 11 | Train: loss: 0.45623 | quality: 0.99551
        | Val:   loss: 0.56660 | quality: 0.99446
 *
Epoch 12 | Train: loss: 0.43302 | quality: 0.99574
        | Val:   loss: 0.53617 | quality: 0.99475

Epoch 13 | Train: loss: 0.42118 | quality: 0.99585
        | Val:   loss: 0.51802 | quality: 0.99493

Epoch 14 | Train: loss: 0.41451 | quality: 0.99592
        | Val:   loss: 0.50709 | quality: 0.99504

Epoch 15 | Train: loss: 0.41064 | quality: 0.99596
        | Val:   loss: 0.50055 | quality: 0.99510

Epoch 16 | Train: loss: 0.40872 | quality: 0.99598
        | Val:   loss: 0.49716 | quality: 0.99514

Epoch 17 | Train: loss: 0.40805 | quality: 0.99598
        | Val:   loss: 0.49591 | quality: 0.99515

Epoch 18 | Train: loss: 0.40824 | quality: 0.99598
        | Val:   loss: 0.49627 | quality: 0.99514

Epoch 19 | Train: loss: 0.40895 | quality: 0.99597
        | Val:   loss: 0.49788 | quality: 0.99513

Epoch 20 | Train: loss: 0.41002 | quality: 0.99596
        | Val:   loss: 0.50053 | quality: 0.99510


Best epoch: 11 (val_quality=0.994457)
[2026-05-05 11:35:21,970][__main__][INFO] - ✓ DONE MMPO2TypeI/energy_efficiency/NTN L=3 bd=4 seed=47303 -> /zhome/6b/e/212868/GTN/outputs/ntn/energy_efficiency/MMPO2TypeI_rg5_init0.1/L3_bd4_seed47303 | val=0.9945

------------------------------------------------------------
Sender: LSF System <lsfadmin@hpc.dtu.dk>
Subject: Job 28356913[38]: <ntn_grid_full[1-70]%20> in cluster <dcc> Done

Job <ntn_grid_full[1-70]%20> was submitted from host <hpclogin1> by user <nicci> in cluster <dcc> at Tue May  5 11:22:52 2026
Job was executed on host(s) <6*n-62-28-28>, in queue <hpc>, as user <nicci> in cluster <dcc> at Tue May  5 11:32:25 2026
</zhome/6b/e/212868> was used as the home directory.
</zhome/6b/e/212868/GTN> was used as the working directory.
Started at Tue May  5 11:32:25 2026
Terminated at Tue May  5 11:35:35 2026
Results reported at Tue May  5 11:35:35 2026

Your job looked like:

------------------------------------------------------------
# LSBATCH: User input
#!/bin/bash
#BSUB -q hpc
#BSUB -J "ntn_grid_full[1-70]%20"
#BSUB -W 6:00
#BSUB -n 6
#BSUB -R "rusage[mem=750MB]"
#BSUB -R "span[hosts=1]"
#BSUB -o logs/%J_%I_cpu_newntn.out
#BSUB -e logs/%J_%I_cpu_newntn.err

MODELS=("cpda" "cpda_typei" "lmpo2" "lmpo2_typei" "mpo2" "mpo2_typei" "mmpo2" "mmpo2_typei" "tnml_f" "tnml_p")

DATASETS=(
    "iris"
    "realstate"
    "concrete"
    "energy_efficiency"
    "breast"
    "car_evaluation"
    "wine"
    #medium
    # "winequalityc"
    # "abalone"
    # "appliances"
    # "bank"
    # "bike"
    # "hearth"
    # "obesity"
    # "student_dropout"
    # "student_perf"
    # BIG MAYBE?
    # "adult"
    # "seoulBike"
    # "ai4i"
    # "mushrooms"
    # "popularity"
)

NUM_MODELS=${#MODELS[@]}
NUM_DATASETS=${#DATASETS[@]}
NUM_EXPERIMENTS=$((NUM_DATASETS * NUM_MODELS))

if [ "$1" == "test" ]; then
    echo "SIMULATING ARRAY:"
    echo "-----------------"

    for ((i=1; i<=NUM_EXPERIMENTS; i++)); do
        IDV=$((i - 1))
        MODEL_IDX=$((IDV % NUM_MODELS))
        DATASET_IDX=$((IDV / NUM_MODELS))

(... more ...)
------------------------------------------------------------

Successfully completed.

Resource usage summary:

    CPU time :                                   479.00 sec.
    Max Memory :                                 760 MB
    Average Memory :                             270.75 MB
    Total Requested Memory :                     4500.00 MB
    Delta Memory :                               3740.00 MB
    Max Swap :                                   -
    Max Processes :                              12
    Max Threads :                                65
    Run time :                                   190 sec.
    Turnaround time :                            763 sec.

The output (if any) is above this job summary.



PS:

Read file <logs/28356913_38_cpu_newntn.err> for stderr output of this job.

