Task 14: Dataset=adult, Model=lmpo2_typei, Experiment=uci_ntn_sweep
[2026-05-05 11:14:59,068][HYDRA] Launching 90 jobs locally
[2026-05-05 11:14:59,068][HYDRA] 	#0 : model.reduction_factor=0.3 model.L=4 model.bond_dim=12 seed=42 trainer.ridge=5 trainer.ridge_decay=0.25 trainer.ridge_min=0.0001 +experiment=uci_ntn_sweep model=lmpo2_typei dataset=adult
[2026-05-05 11:14:59,513][utils.tracking][INFO] - Loaded 9933 tracked runs from runs_tracking.csv
[2026-05-05 11:14:59,515][__main__][INFO] - ▶ RUN LMPO2TypeI/adult/NTN L=4 bd=12_rf0.3 seed=42 -> /zhome/6b/e/212868/GTN/outputs/ntn/adult/LMPO2TypeI_rg5_init0.1/L4_bd12_seed42_rf0.3_bondmpo1
Starting Ensemble Fit: 20 epochs
Models: [(1, 2), (2, 4), (3, 6), (4, 8)]
Total nodes: 20
Validation: Using separate validation set
Early stopping: patience=10, min_delta=0.001
Init    | Train: loss: 1.39648 | quality: 0.16505
        | Val:   loss: 1.39661 | quality: 0.16858


------------------------------------------------------------
Sender: LSF System <lsfadmin@hpc.dtu.dk>
Subject: Job 28356235[14]: <ntn_grid_full[1-210]%20> in cluster <dcc> Exited

Job <ntn_grid_full[1-210]%20> was submitted from host <hpclogin1> by user <nicci> in cluster <dcc> at Tue May  5 11:07:15 2026
Job was executed on host(s) <6*n-62-21-78>, in queue <hpc>, as user <nicci> in cluster <dcc> at Tue May  5 11:14:41 2026
</zhome/6b/e/212868> was used as the home directory.
</zhome/6b/e/212868/GTN> was used as the working directory.
Started at Tue May  5 11:14:41 2026
Terminated at Tue May  5 11:22:57 2026
Results reported at Tue May  5 11:22:57 2026

Your job looked like:

------------------------------------------------------------
# LSBATCH: User input
#!/bin/bash
#BSUB -q hpc
#BSUB -J "ntn_grid_full[1-210]%20"
#BSUB -W 4:00
#BSUB -n 6
#BSUB -R "rusage[mem=750MB]"
#BSUB -R "span[hosts=1]"
#BSUB -o logs/%J_%I_newntn.out
#BSUB -e logs/%J_%I_newntn.err

MODELS=("cpda" "cpda_typei" "lmpo2" "lmpo2_typei" "mpo2" "mpo2_typei" "mmpo2" "mmpo2_typei" "tnml_f" "tnml_p")

DATASETS=(
    "abalone" "adult" "ai4i" "appliances" "bank" "bike" "breast"
    "car_evaluation" "concrete" "energy_efficiency" "hearth"
    "iris" "mushrooms" "obesity" "popularity" "realstate"
    "seoulBike" "student_dropout" "student_perf" "wine"
    "winequalityc"
)
# COMPLETED_DATASETS=(
#     "abalone" "ai4i" "wine" "winequalityc" "bike" "concrete" "energy_efficiency"
#     "iris" "realstate" )

# Filter datasets
# FILTERED_DATASETS=()
# for ds in "${DATASETS[@]}"; do
#     skip=false
#     for completed in "${COMPLETED_DATASETS[@]}"; do
#         if [[ "$ds" == "$completed" ]]; then
#             skip=true
#             break
#         fi
#     done

#     if ! $skip; then
#         FILTERED_DATASETS+=("$ds")
#     fi
# done

# DATASETS=("${FILTERED_DATASETS[@]}")

NUM_MODELS=${#MODELS[@]}
NUM_DATASETS=${#DATASETS[@]}
NUM_EXPERIMENTS=$((NUM_DATASETS * NUM_MODELS))

if [ "$1" == "test" ]; then
    echo "SIMULATING ARRAY:"
    echo "-----------------"

    for ((i=1; i<=NUM_EXPERIMENTS; i++)); do

(... more ...)
------------------------------------------------------------

TERM_MEMLIMIT: job killed after reaching LSF memory usage limit.
Exited with exit code 137.

Resource usage summary:

    CPU time :                                   2148.00 sec.
    Max Memory :                                 4500 MB
    Average Memory :                             1090.80 MB
    Total Requested Memory :                     4500.00 MB
    Delta Memory :                               0.00 MB
    Max Swap :                                   -
    Max Processes :                              12
    Max Threads :                                65
    Run time :                                   496 sec.
    Turnaround time :                            942 sec.

The output (if any) is above this job summary.



PS:

Read file <logs/28356235_14_newntn.err> for stderr output of this job.

