Task 24: Dataset=ai4i, Model=lmpo2_typei, Experiment=uci_ntn_sweep
[2026-05-05 11:18:37,683][HYDRA] Launching 90 jobs locally
[2026-05-05 11:18:37,684][HYDRA] 	#0 : model.reduction_factor=0.3 model.L=4 model.bond_dim=12 seed=42 trainer.ridge=5 trainer.ridge_decay=0.25 trainer.ridge_min=0.0001 +experiment=uci_ntn_sweep model=lmpo2_typei dataset=ai4i
[2026-05-05 11:18:38,177][utils.tracking][INFO] - Loaded 9933 tracked runs from runs_tracking.csv
[2026-05-05 11:18:38,178][__main__][INFO] - ▶ RUN LMPO2TypeI/ai4i/NTN L=4 bd=12_rf0.3 seed=42 -> /zhome/6b/e/212868/GTN/outputs/ntn/ai4i/LMPO2TypeI_rg5_init0.1/L4_bd12_seed42_rf0.3_bondmpo1
Starting Ensemble Fit: 20 epochs
Models: [(1, 2), (2, 4), (3, 6), (4, 8)]
Total nodes: 20
Validation: Using separate validation set
Early stopping: patience=10, min_delta=0.001
Init    | Train: loss: 0.17037 | quality: -4.02447
        | Val:   loss: 0.16948 | quality: -4.25959

Epoch 1 | Train: loss: 0.02371 | quality: 0.30070
        | Val:   loss: 0.02263 | quality: 0.29763
 *
Epoch 2 | Train: loss: 0.02117 | quality: 0.37562
        | Val:   loss: 0.02154 | quality: 0.33141
 *
Epoch 3 | Train: loss: 0.01889 | quality: 0.44289
        | Val:   loss: 0.02168 | quality: 0.32721

Epoch 4 | Train: loss: 0.01734 | quality: 0.48875
        | Val:   loss: 0.02259 | quality: 0.29892

Epoch 5 | Train: loss: 0.01647 | quality: 0.51440
        | Val:   loss: 0.02389 | quality: 0.25866

Epoch 6 | Train: loss: 0.01591 | quality: 0.53074
        | Val:   loss: 0.02376 | quality: 0.26269

Epoch 7 | Train: loss: 0.01554 | quality: 0.54167
        | Val:   loss: 0.02324 | quality: 0.27886

Epoch 8 | Train: loss: 0.01541 | quality: 0.54564
        | Val:   loss: 0.02384 | quality: 0.26009

Epoch 9 | Train: loss: 0.01537 | quality: 0.54659
        | Val:   loss: 0.02381 | quality: 0.26097

Epoch 10 | Train: loss: 0.01537 | quality: 0.54665
        | Val:   loss: 0.02383 | quality: 0.26038

Epoch 11 | Train: loss: 0.01537 | quality: 0.54668
        | Val:   loss: 0.02385 | quality: 0.25990

Epoch 12 | Train: loss: 0.01537 | quality: 0.54669
        | Val:   loss: 0.02385 | quality: 0.25982


Early stopping at epoch 12 (best was epoch 2)

Best epoch: 2 (val_quality=0.331411)
[2026-05-05 11:21:22,178][__main__][INFO] - ✓ DONE LMPO2TypeI/ai4i/NTN L=4 bd=12_rf0.3 seed=42 -> /zhome/6b/e/212868/GTN/outputs/ntn/ai4i/LMPO2TypeI_rg5_init0.1/L4_bd12_seed42_rf0.3_bondmpo1 | val=0.3314
[2026-05-05 11:21:22,180][HYDRA] 	#1 : model.reduction_factor=0.3 model.L=4 model.bond_dim=12 seed=10090 trainer.ridge=5 trainer.ridge_decay=0.25 trainer.ridge_min=0.0001 +experiment=uci_ntn_sweep model=lmpo2_typei dataset=ai4i
[2026-05-05 11:21:22,342][__main__][INFO] - ▶ RUN LMPO2TypeI/ai4i/NTN L=4 bd=12_rf0.3 seed=10090 -> /zhome/6b/e/212868/GTN/outputs/ntn/ai4i/LMPO2TypeI_rg5_init0.1/L4_bd12_seed10090_rf0.3_bondmpo1
Starting Ensemble Fit: 20 epochs
Models: [(1, 2), (2, 4), (3, 6), (4, 8)]
Total nodes: 20
Validation: Using separate validation set
Early stopping: patience=10, min_delta=0.001
Init    | Train: loss: 0.27463 | quality: -7.09917
        | Val:   loss: 0.27954 | quality: -7.67531

Epoch 1 | Train: loss: 0.02409 | quality: 0.28951
        | Val:   loss: 0.02246 | quality: 0.30287
 *
Epoch 2 | Train: loss: 0.02050 | quality: 0.39532
        | Val:   loss: 0.02132 | quality: 0.33837
 *
Epoch 3 | Train: loss: 0.01847 | quality: 0.45524
        | Val:   loss: 0.02269 | quality: 0.29571

Epoch 4 | Train: loss: 0.01709 | quality: 0.49609
        | Val:   loss: 0.02462 | quality: 0.23593

Epoch 5 | Train: loss: 0.01624 | quality: 0.52117
        | Val:   loss: 0.02505 | quality: 0.22272

Epoch 6 | Train: loss: 0.01572 | quality: 0.53640
        | Val:   loss: 0.02381 | quality: 0.26105

Epoch 7 | Train: loss: 0.01551 | quality: 0.54251
        | Val:   loss: 0.02422 | quality: 0.24821

Epoch 8 | Train: loss: 0.01540 | quality: 0.54584
        | Val:   loss: 0.02392 | quality: 0.25773

Epoch 9 | Train: loss: 0.01537 | quality: 0.54658
        | Val:   loss: 0.02382 | quality: 0.26087

Epoch 10 | Train: loss: 0.01537 | quality: 0.54662
        | Val:   loss: 0.02389 | quality: 0.25868


------------------------------------------------------------
Sender: LSF System <lsfadmin@hpc.dtu.dk>
Subject: Job 28356235[24]: <ntn_grid_full[1-210]%20> in cluster <dcc> Exited

Job <ntn_grid_full[1-210]%20> was submitted from host <hpclogin1> by user <nicci> in cluster <dcc> at Tue May  5 11:07:15 2026
Job was executed on host(s) <6*n-62-11-59>, in queue <hpc>, as user <nicci> in cluster <dcc> at Tue May  5 11:18:20 2026
</zhome/6b/e/212868> was used as the home directory.
</zhome/6b/e/212868/GTN> was used as the working directory.
Started at Tue May  5 11:18:20 2026
Terminated at Tue May  5 11:23:32 2026
Results reported at Tue May  5 11:23:32 2026

Your job looked like:

------------------------------------------------------------
# LSBATCH: User input
#!/bin/bash
#BSUB -q hpc
#BSUB -J "ntn_grid_full[1-210]%20"
#BSUB -W 4:00
#BSUB -n 6
#BSUB -R "rusage[mem=750MB]"
#BSUB -R "span[hosts=1]"
#BSUB -o logs/%J_%I_newntn.out
#BSUB -e logs/%J_%I_newntn.err

MODELS=("cpda" "cpda_typei" "lmpo2" "lmpo2_typei" "mpo2" "mpo2_typei" "mmpo2" "mmpo2_typei" "tnml_f" "tnml_p")

DATASETS=(
    "abalone" "adult" "ai4i" "appliances" "bank" "bike" "breast"
    "car_evaluation" "concrete" "energy_efficiency" "hearth"
    "iris" "mushrooms" "obesity" "popularity" "realstate"
    "seoulBike" "student_dropout" "student_perf" "wine"
    "winequalityc"
)
# COMPLETED_DATASETS=(
#     "abalone" "ai4i" "wine" "winequalityc" "bike" "concrete" "energy_efficiency"
#     "iris" "realstate" )

# Filter datasets
# FILTERED_DATASETS=()
# for ds in "${DATASETS[@]}"; do
#     skip=false
#     for completed in "${COMPLETED_DATASETS[@]}"; do
#         if [[ "$ds" == "$completed" ]]; then
#             skip=true
#             break
#         fi
#     done

#     if ! $skip; then
#         FILTERED_DATASETS+=("$ds")
#     fi
# done

# DATASETS=("${FILTERED_DATASETS[@]}")

NUM_MODELS=${#MODELS[@]}
NUM_DATASETS=${#DATASETS[@]}
NUM_EXPERIMENTS=$((NUM_DATASETS * NUM_MODELS))

if [ "$1" == "test" ]; then
    echo "SIMULATING ARRAY:"
    echo "-----------------"

    for ((i=1; i<=NUM_EXPERIMENTS; i++)); do

(... more ...)
------------------------------------------------------------

TERM_OWNER: job killed by owner.
Exited with exit code 130.

Resource usage summary:

    CPU time :                                   1427.00 sec.
    Max Memory :                                 877 MB
    Average Memory :                             373.00 MB
    Total Requested Memory :                     4500.00 MB
    Delta Memory :                               3623.00 MB
    Max Swap :                                   -
    Max Processes :                              6
    Max Threads :                                29
    Run time :                                   312 sec.
    Turnaround time :                            977 sec.

The output (if any) is above this job summary.



PS:

Read file <logs/28356235_24_newntn.err> for stderr output of this job.

