/zhome/6b/e/212868/.lsbatch/1777972972.28356913.7.shell: line 57: cd: ~/GTN: No such file or directory
Traceback (most recent call last):
  File "/zhome/6b/e/212868/GTN/model/base/NTN.py", line 979, in fit
    raise SingularMatrixError(
model.exceptions.SingularMatrixError: NaN loss encountered during NTN optimization at epoch 13
Traceback (most recent call last):
  File "/zhome/6b/e/212868/GTN/model/base/NTN.py", line 979, in fit
    raise SingularMatrixError(
model.exceptions.SingularMatrixError: NaN loss encountered during NTN optimization at epoch 12
Traceback (most recent call last):
  File "/zhome/6b/e/212868/GTN/model/base/NTN.py", line 979, in fit
    raise SingularMatrixError(
model.exceptions.SingularMatrixError: NaN loss encountered during NTN optimization at epoch 14
Traceback (most recent call last):
  File "/zhome/6b/e/212868/GTN/model/base/NTN.py", line 979, in fit
    raise SingularMatrixError(
model.exceptions.SingularMatrixError: NaN loss encountered during NTN optimization at epoch 5
Traceback (most recent call last):
  File "/zhome/6b/e/212868/GTN/model/base/NTN.py", line 979, in fit
    raise SingularMatrixError(
model.exceptions.SingularMatrixError: NaN loss encountered during NTN optimization at epoch 5
/zhome/6b/e/212868/GTN/.venv/lib/python3.12/site-packages/joblib/externals/loky/process_executor.py:782: UserWarning: A worker stopped while some jobs were given to the executor. This can be caused by a too short worker timeout or by a memory leak.
  warnings.warn(
Traceback (most recent call last):
  File "/zhome/6b/e/212868/GTN/model/base/NTN.py", line 979, in fit
    raise SingularMatrixError(
model.exceptions.SingularMatrixError: NaN loss encountered during NTN optimization at epoch 6
Traceback (most recent call last):
  File "/zhome/6b/e/212868/GTN/model/base/NTN.py", line 979, in fit
    raise SingularMatrixError(
model.exceptions.SingularMatrixError: NaN loss encountered during NTN optimization at epoch 5
Traceback (most recent call last):
  File "/zhome/6b/e/212868/GTN/model/base/NTN.py", line 979, in fit
    raise SingularMatrixError(
model.exceptions.SingularMatrixError: NaN loss encountered during NTN optimization at epoch 6
Traceback (most recent call last):
  File "/zhome/6b/e/212868/GTN/model/base/NTN.py", line 979, in fit
    raise SingularMatrixError(
model.exceptions.SingularMatrixError: NaN loss encountered during NTN optimization at epoch 13
Traceback (most recent call last):
  File "/zhome/6b/e/212868/GTN/model/base/NTN.py", line 979, in fit
    raise SingularMatrixError(
model.exceptions.SingularMatrixError: NaN loss encountered during NTN optimization at epoch 12
Traceback (most recent call last):
  File "/zhome/6b/e/212868/GTN/model/base/NTN.py", line 979, in fit
    raise SingularMatrixError(
model.exceptions.SingularMatrixError: NaN loss encountered during NTN optimization at epoch 4
Traceback (most recent call last):
  File "/zhome/6b/e/212868/GTN/model/base/NTN.py", line 979, in fit
    raise SingularMatrixError(
model.exceptions.SingularMatrixError: NaN loss encountered during NTN optimization at epoch 6
Traceback (most recent call last):
  File "/zhome/6b/e/212868/GTN/model/base/NTN.py", line 979, in fit
    raise SingularMatrixError(
model.exceptions.SingularMatrixError: NaN loss encountered during NTN optimization at epoch 5
Traceback (most recent call last):
  File "/zhome/6b/e/212868/GTN/model/base/NTN.py", line 979, in fit
    raise SingularMatrixError(
model.exceptions.SingularMatrixError: NaN loss encountered during NTN optimization at epoch 4
Traceback (most recent call last):
  File "/zhome/6b/e/212868/GTN/model/base/NTN.py", line 979, in fit
    raise SingularMatrixError(
model.exceptions.SingularMatrixError: NaN loss encountered during NTN optimization at epoch 13
Traceback (most recent call last):
  File "/zhome/6b/e/212868/GTN/model/base/NTN.py", line 979, in fit
    raise SingularMatrixError(
model.exceptions.SingularMatrixError: NaN loss encountered during NTN optimization at epoch 15
Traceback (most recent call last):
  File "/zhome/6b/e/212868/GTN/model/base/NTN.py", line 979, in fit
    raise SingularMatrixError(
model.exceptions.SingularMatrixError: NaN loss encountered during NTN optimization at epoch 15
Traceback (most recent call last):
  File "/zhome/6b/e/212868/GTN/model/base/NTN.py", line 979, in fit
    raise SingularMatrixError(
model.exceptions.SingularMatrixError: NaN loss encountered during NTN optimization at epoch 8
Traceback (most recent call last):
  File "/zhome/6b/e/212868/GTN/model/base/NTN.py", line 979, in fit
    raise SingularMatrixError(
model.exceptions.SingularMatrixError: NaN loss encountered during NTN optimization at epoch 8
Traceback (most recent call last):
  File "/zhome/6b/e/212868/GTN/model/base/NTN.py", line 979, in fit
    raise SingularMatrixError(
model.exceptions.SingularMatrixError: NaN loss encountered during NTN optimization at epoch 6
Traceback (most recent call last):
  File "/zhome/6b/e/212868/GTN/model/base/NTN.py", line 979, in fit
    raise SingularMatrixError(
model.exceptions.SingularMatrixError: NaN loss encountered during NTN optimization at epoch 7
Traceback (most recent call last):
  File "/zhome/6b/e/212868/GTN/model/base/NTN.py", line 979, in fit
    raise SingularMatrixError(
model.exceptions.SingularMatrixError: NaN loss encountered during NTN optimization at epoch 9
Traceback (most recent call last):
  File "/zhome/6b/e/212868/GTN/model/base/NTN.py", line 979, in fit
    raise SingularMatrixError(
model.exceptions.SingularMatrixError: NaN loss encountered during NTN optimization at epoch 8
