Task 81: Dataset=appliances, Model=cpda, Experiment=cpda_ntn_sweep
[2026-05-05 12:31:23,032][HYDRA] Launching 30 jobs locally
[2026-05-05 12:31:23,032][HYDRA] 	#0 : model.L=4 model.bond_dim=32 seed=42 trainer.ridge=5 trainer.ridge_decay=0.25 trainer.ridge_min=0.0001 +experiment=cpda_ntn_sweep model=cpda dataset=appliances
[2026-05-05 12:31:23,264][utils.tracking][INFO] - Loaded 13074 tracked runs from runs_tracking.csv
[2026-05-05 12:31:23,266][__main__][INFO] - ▶ RUN CPDA/appliances/NTN L=4 bd=32 seed=42 -> /zhome/6b/e/212868/GTN/outputs/ntn/appliances/CPDA_rg5_init0.1/L4_bd32_seed42
Starting Fit: 20 epochs.
Sweep Order: ['Node0', 'Node1', 'Node2', 'Node3', 'Node2', 'Node1']
Validation: Using separate validation set for best model selection
Early stopping: patience=10, min_delta=0.001
Init    | Train: loss: 20150.81453 | quality: -0.90101
        | Val:   loss: 17260.35004 | quality: -1.01887
Epoch 1 | Train: loss: 14367.29111 | quality: -0.35540
        | Val:   loss: 11957.74578 | quality: -0.39865
 *
Epoch 2 | Train: loss: 11564.49515 | quality: -0.09098
        | Val:   loss: 9737.17330 | quality: -0.13892
 *
Epoch 3 | Train: loss: 9578.56527 | quality: 0.09637
        | Val:   loss: 8257.25713 | quality: 0.03418
 *
Epoch 4 | Train: loss: 7986.86162 | quality: 0.24653
        | Val:   loss: 6975.20121 | quality: 0.18414
 *
Epoch 5 | Train: loss: 7258.57064 | quality: 0.31523
        | Val:   loss: 6560.38106 | quality: 0.23266
 *
Epoch 6 | Train: loss: 6740.58765 | quality: 0.36410
        | Val:   loss: 6415.88791 | quality: 0.24956
 *
Epoch 7 | Train: loss: 6476.78794 | quality: 0.38899
        | Val:   loss: 6485.24953 | quality: 0.24145

Epoch 8 | Train: loss: 6291.76389 | quality: 0.40644
        | Val:   loss: 6689.58475 | quality: 0.21755

Epoch 9 | Train: loss: 6147.16343 | quality: 0.42008
        | Val:   loss: 6807.70280 | quality: 0.20373

Epoch 10 | Train: loss: 6052.71648 | quality: 0.42899
        | Val:   loss: 6842.27738 | quality: 0.19969

Epoch 11 | Train: loss: 5989.46494 | quality: 0.43496
        | Val:   loss: 6902.48296 | quality: 0.19265

Epoch 12 | Train: loss: 5939.61963 | quality: 0.43966
        | Val:   loss: 7013.09502 | quality: 0.17971

Epoch 13 | Train: loss: 5897.90546 | quality: 0.44360
        | Val:   loss: 7150.70841 | quality: 0.16361

Epoch 14 | Train: loss: 5862.71616 | quality: 0.44692
        | Val:   loss: 7276.19383 | quality: 0.14893

Epoch 15 | Train: loss: 5832.45430 | quality: 0.44977
        | Val:   loss: 7363.44435 | quality: 0.13873

Epoch 16 | Train: loss: 5805.65182 | quality: 0.45230
        | Val:   loss: 7408.58139 | quality: 0.13345


⏸ Early stopping at epoch 16 (best was epoch 6)
[2026-05-05 12:35:13,807][__main__][INFO] - ✓ DONE CPDA/appliances/NTN L=4 bd=32 seed=42 -> /zhome/6b/e/212868/GTN/outputs/ntn/appliances/CPDA_rg5_init0.1/L4_bd32_seed42 | val=0.2496
[2026-05-05 12:35:13,810][HYDRA] 	#1 : model.L=4 model.bond_dim=32 seed=10090 trainer.ridge=5 trainer.ridge_decay=0.25 trainer.ridge_min=0.0001 +experiment=cpda_ntn_sweep model=cpda dataset=appliances
[2026-05-05 12:35:13,990][__main__][INFO] - ▶ RUN CPDA/appliances/NTN L=4 bd=32 seed=10090 -> /zhome/6b/e/212868/GTN/outputs/ntn/appliances/CPDA_rg5_init0.1/L4_bd32_seed10090
Starting Fit: 20 epochs.
Sweep Order: ['Node0', 'Node1', 'Node2', 'Node3', 'Node2', 'Node1']
Validation: Using separate validation set for best model selection
Early stopping: patience=10, min_delta=0.001
Init    | Train: loss: 20150.62556 | quality: -0.90099
        | Val:   loss: 17260.10401 | quality: -1.01884
Epoch 1 | Train: loss: 14162.74627 | quality: -0.33610
        | Val:   loss: 11842.67662 | quality: -0.38519
 *
Epoch 2 | Train: loss: 9992.78831 | quality: 0.05729
        | Val:   loss: 8702.86167 | quality: -0.01794
 *
Epoch 3 | Train: loss: 8116.30181 | quality: 0.23432
        | Val:   loss: 6871.68459 | quality: 0.19625
 *
Epoch 4 | Train: loss: 7681.55447 | quality: 0.27533
        | Val:   loss: 6708.34585 | quality: 0.21535
 *
Epoch 5 | Train: loss: 7177.25483 | quality: 0.32290
        | Val:   loss: 6554.27188 | quality: 0.23337
 *
Epoch 6 | Train: loss: 6735.71429 | quality: 0.36456
        | Val:   loss: 6494.29098 | quality: 0.24039
 *
Epoch 7 | Train: loss: 6399.94076 | quality: 0.39624
        | Val:   loss: 6531.68925 | quality: 0.23602

Epoch 8 | Train: loss: 6198.99378 | quality: 0.41519
        | Val:   loss: 6530.95075 | quality: 0.23610

Epoch 9 | Train: loss: 6092.99664 | quality: 0.42519
        | Val:   loss: 6566.33393 | quality: 0.23196

Epoch 10 | Train: loss: 6017.32711 | quality: 0.43233
        | Val:   loss: 6674.37992 | quality: 0.21933

Epoch 11 | Train: loss: 5957.50396 | quality: 0.43797
        | Val:   loss: 6781.25902 | quality: 0.20683

Epoch 12 | Train: loss: 5906.23626 | quality: 0.44281
        | Val:   loss: 6859.67510 | quality: 0.19765

Epoch 13 | Train: loss: 5862.14494 | quality: 0.44697
        | Val:   loss: 6923.71738 | quality: 0.19016

Epoch 14 | Train: loss: 5825.04475 | quality: 0.45047
        | Val:   loss: 6979.02963 | quality: 0.18369

Epoch 15 | Train: loss: 5791.08239 | quality: 0.45367
        | Val:   loss: 7033.11465 | quality: 0.17737

Epoch 16 | Train: loss: 5758.20376 | quality: 0.45678
        | Val:   loss: 7086.44007 | quality: 0.17113


⏸ Early stopping at epoch 16 (best was epoch 6)
[2026-05-05 12:38:01,707][__main__][INFO] - ✓ DONE CPDA/appliances/NTN L=4 bd=32 seed=10090 -> /zhome/6b/e/212868/GTN/outputs/ntn/appliances/CPDA_rg5_init0.1/L4_bd32_seed10090 | val=0.2404
[2026-05-05 12:38:01,712][HYDRA] 	#2 : model.L=4 model.bond_dim=32 seed=32874 trainer.ridge=5 trainer.ridge_decay=0.25 trainer.ridge_min=0.0001 +experiment=cpda_ntn_sweep model=cpda dataset=appliances
[2026-05-05 12:38:01,886][__main__][INFO] - ▶ RUN CPDA/appliances/NTN L=4 bd=32 seed=32874 -> /zhome/6b/e/212868/GTN/outputs/ntn/appliances/CPDA_rg5_init0.1/L4_bd32_seed32874
Starting Fit: 20 epochs.
Sweep Order: ['Node0', 'Node1', 'Node2', 'Node3', 'Node2', 'Node1']
Validation: Using separate validation set for best model selection
Early stopping: patience=10, min_delta=0.001
Init    | Train: loss: 20149.86180 | quality: -0.90092
        | Val:   loss: 17259.41862 | quality: -1.01876
Epoch 1 | Train: loss: 14486.16743 | quality: -0.36661
        | Val:   loss: 12116.85210 | quality: -0.41726
 *
Epoch 2 | Train: loss: 11059.61971 | quality: -0.04335
        | Val:   loss: 9512.85663 | quality: -0.11268
 *
Epoch 3 | Train: loss: 8619.52181 | quality: 0.18684
        | Val:   loss: 7453.91858 | quality: 0.12815
 *
Epoch 4 | Train: loss: 7754.61917 | quality: 0.26844
        | Val:   loss: 6779.34869 | quality: 0.20705
 *
Epoch 5 | Train: loss: 7281.61295 | quality: 0.31306
        | Val:   loss: 6526.83496 | quality: 0.23658
 *
Epoch 6 | Train: loss: 6833.68246 | quality: 0.35532
        | Val:   loss: 6423.71947 | quality: 0.24864
 *
Epoch 7 | Train: loss: 6552.16703 | quality: 0.38187
        | Val:   loss: 6310.57185 | quality: 0.26188
 *
Epoch 8 | Train: loss: 6378.24532 | quality: 0.39828
        | Val:   loss: 6264.98811 | quality: 0.26721
 *
Epoch 9 | Train: loss: 6281.14888 | quality: 0.40744
        | Val:   loss: 6248.74997 | quality: 0.26911
 *
Epoch 10 | Train: loss: 6218.60968 | quality: 0.41334
        | Val:   loss: 6243.09353 | quality: 0.26977
 *
Epoch 11 | Train: loss: 6169.62503 | quality: 0.41796
        | Val:   loss: 6240.74977 | quality: 0.27005
 *
Epoch 12 | Train: loss: 6126.76881 | quality: 0.42201
        | Val:   loss: 6235.78427 | quality: 0.27063
 *
Epoch 13 | Train: loss: 6087.29940 | quality: 0.42573
        | Val:   loss: 6228.44073 | quality: 0.27149
 *
Epoch 14 | Train: loss: 6050.97934 | quality: 0.42916
        | Val:   loss: 6222.23293 | quality: 0.27221
 *
Epoch 15 | Train: loss: 6017.56755 | quality: 0.43231
        | Val:   loss: 6219.87020 | quality: 0.27249
 *
Epoch 16 | Train: loss: 5986.04822 | quality: 0.43528
        | Val:   loss: 6219.74832 | quality: 0.27250
 *
Epoch 17 | Train: loss: 5955.76636 | quality: 0.43814
        | Val:   loss: 6218.36251 | quality: 0.27266
 *
Epoch 18 | Train: loss: 5926.85916 | quality: 0.44087
        | Val:   loss: 6214.05321 | quality: 0.27317
 *
Epoch 19 | Train: loss: 5899.59689 | quality: 0.44344
        | Val:   loss: 6206.69249 | quality: 0.27403
 *
Epoch 20 | Train: loss: 5874.10026 | quality: 0.44584
        | Val:   loss: 6195.53013 | quality: 0.27534
 *

Best epoch: 20 (val_quality=0.275335)
[2026-05-05 12:43:05,424][__main__][INFO] - ✓ DONE CPDA/appliances/NTN L=4 bd=32 seed=32874 -> /zhome/6b/e/212868/GTN/outputs/ntn/appliances/CPDA_rg5_init0.1/L4_bd32_seed32874 | val=0.2753
[2026-05-05 12:43:05,427][HYDRA] 	#3 : model.L=4 model.bond_dim=32 seed=47311 trainer.ridge=5 trainer.ridge_decay=0.25 trainer.ridge_min=0.0001 +experiment=cpda_ntn_sweep model=cpda dataset=appliances
[2026-05-05 12:43:05,599][__main__][INFO] - ▶ RUN CPDA/appliances/NTN L=4 bd=32 seed=47311 -> /zhome/6b/e/212868/GTN/outputs/ntn/appliances/CPDA_rg5_init0.1/L4_bd32_seed47311
Starting Fit: 20 epochs.
Sweep Order: ['Node0', 'Node1', 'Node2', 'Node3', 'Node2', 'Node1']
Validation: Using separate validation set for best model selection
Early stopping: patience=10, min_delta=0.001
Init    | Train: loss: 20151.32020 | quality: -0.90106
        | Val:   loss: 17260.71542 | quality: -1.01891
Epoch 1 | Train: loss: 13862.60896 | quality: -0.30779
        | Val:   loss: 11596.19400 | quality: -0.35636
 *
Epoch 2 | Train: loss: 9974.50561 | quality: 0.05901
        | Val:   loss: 8467.47109 | quality: 0.00960
 *
Epoch 3 | Train: loss: 8171.07076 | quality: 0.22915
        | Val:   loss: 7010.10266 | quality: 0.18006
 *
Epoch 4 | Train: loss: 7696.91634 | quality: 0.27388
        | Val:   loss: 6725.25686 | quality: 0.21338
 *
Epoch 5 | Train: loss: 7319.08337 | quality: 0.30952
        | Val:   loss: 6508.98513 | quality: 0.23867
 *
Epoch 6 | Train: loss: 6970.41159 | quality: 0.34242
        | Val:   loss: 6377.23242 | quality: 0.25408
 *
Epoch 7 | Train: loss: 6748.96943 | quality: 0.36331
        | Val:   loss: 6430.36669 | quality: 0.24787

Epoch 8 | Train: loss: 6613.04684 | quality: 0.37613
        | Val:   loss: 6442.53780 | quality: 0.24644

Epoch 9 | Train: loss: 6480.88856 | quality: 0.38860
        | Val:   loss: 6355.19312 | quality: 0.25666
 *
Epoch 10 | Train: loss: 6340.05449 | quality: 0.40188
        | Val:   loss: 6316.06519 | quality: 0.26124
 *
Epoch 11 | Train: loss: 6227.16639 | quality: 0.41253
        | Val:   loss: 6333.50884 | quality: 0.25920

Epoch 12 | Train: loss: 6150.56790 | quality: 0.41976
        | Val:   loss: 6344.00053 | quality: 0.25797

Epoch 13 | Train: loss: 6097.65067 | quality: 0.42475
        | Val:   loss: 6340.73440 | quality: 0.25835

Epoch 14 | Train: loss: 6055.92274 | quality: 0.42869
        | Val:   loss: 6328.69905 | quality: 0.25976

Epoch 15 | Train: loss: 6020.46883 | quality: 0.43203
        | Val:   loss: 6313.70288 | quality: 0.26151
 *
Epoch 16 | Train: loss: 5989.29593 | quality: 0.43498
        | Val:   loss: 6299.76177 | quality: 0.26314
 *
Epoch 17 | Train: loss: 5961.34831 | quality: 0.43761
        | Val:   loss: 6286.45744 | quality: 0.26470
 *
Epoch 18 | Train: loss: 5935.98591 | quality: 0.44000
        | Val:   loss: 6272.03466 | quality: 0.26639
 *
Epoch 19 | Train: loss: 5912.51300 | quality: 0.44222
        | Val:   loss: 6256.86603 | quality: 0.26816
 *
Epoch 20 | Train: loss: 5890.57091 | quality: 0.44429
        | Val:   loss: 6242.97555 | quality: 0.26979
 *

Best epoch: 20 (val_quality=0.269786)
[2026-05-05 12:46:34,943][__main__][INFO] - ✓ DONE CPDA/appliances/NTN L=4 bd=32 seed=47311 -> /zhome/6b/e/212868/GTN/outputs/ntn/appliances/CPDA_rg5_init0.1/L4_bd32_seed47311 | val=0.2698
[2026-05-05 12:46:34,948][HYDRA] 	#4 : model.L=4 model.bond_dim=32 seed=47303 trainer.ridge=5 trainer.ridge_decay=0.25 trainer.ridge_min=0.0001 +experiment=cpda_ntn_sweep model=cpda dataset=appliances
[2026-05-05 12:46:35,122][__main__][INFO] - ▶ RUN CPDA/appliances/NTN L=4 bd=32 seed=47303 -> /zhome/6b/e/212868/GTN/outputs/ntn/appliances/CPDA_rg5_init0.1/L4_bd32_seed47303
Starting Fit: 20 epochs.
Sweep Order: ['Node0', 'Node1', 'Node2', 'Node3', 'Node2', 'Node1']
Validation: Using separate validation set for best model selection
Early stopping: patience=10, min_delta=0.001
Init    | Train: loss: 20150.83086 | quality: -0.90101
        | Val:   loss: 17260.22978 | quality: -1.01886
Epoch 1 | Train: loss: 14206.93562 | quality: -0.34027
        | Val:   loss: 11819.78272 | quality: -0.38251
 *
Epoch 2 | Train: loss: 10039.32141 | quality: 0.05290
        | Val:   loss: 8612.34929 | quality: -0.00735
 *
Epoch 3 | Train: loss: 8038.62519 | quality: 0.24164
        | Val:   loss: 6862.57704 | quality: 0.19731
 *
Epoch 4 | Train: loss: 7583.54700 | quality: 0.28457
        | Val:   loss: 6539.13010 | quality: 0.23515
 *
Epoch 5 | Train: loss: 7190.48191 | quality: 0.32166
        | Val:   loss: 6372.36752 | quality: 0.25465
 *
Epoch 6 | Train: loss: 6869.94757 | quality: 0.35190
        | Val:   loss: 6462.80729 | quality: 0.24407

Epoch 7 | Train: loss: 6665.17260 | quality: 0.37121
        | Val:   loss: 6508.53710 | quality: 0.23872

Epoch 8 | Train: loss: 6531.38153 | quality: 0.38384
        | Val:   loss: 6477.15980 | quality: 0.24239

Epoch 9 | Train: loss: 6436.89162 | quality: 0.39275
        | Val:   loss: 6420.72938 | quality: 0.24899

Epoch 10 | Train: loss: 6367.78388 | quality: 0.39927
        | Val:   loss: 6393.39847 | quality: 0.25219

Epoch 11 | Train: loss: 6311.70245 | quality: 0.40456
        | Val:   loss: 6386.61274 | quality: 0.25299

Epoch 12 | Train: loss: 6261.95511 | quality: 0.40925
        | Val:   loss: 6384.89796 | quality: 0.25319

Epoch 13 | Train: loss: 6218.10494 | quality: 0.41339
        | Val:   loss: 6385.05099 | quality: 0.25317

Epoch 14 | Train: loss: 6181.37028 | quality: 0.41685
        | Val:   loss: 6388.53132 | quality: 0.25276

Epoch 15 | Train: loss: 6150.38985 | quality: 0.41978
        | Val:   loss: 6394.73698 | quality: 0.25203


⏸ Early stopping at epoch 15 (best was epoch 5)
[2026-05-05 12:50:14,897][__main__][INFO] - ✓ DONE CPDA/appliances/NTN L=4 bd=32 seed=47303 -> /zhome/6b/e/212868/GTN/outputs/ntn/appliances/CPDA_rg5_init0.1/L4_bd32_seed47303 | val=0.2547
[2026-05-05 12:50:14,900][HYDRA] 	#5 : model.L=4 model.bond_dim=16 seed=42 trainer.ridge=5 trainer.ridge_decay=0.25 trainer.ridge_min=0.0001 +experiment=cpda_ntn_sweep model=cpda dataset=appliances
[2026-05-05 12:50:15,070][__main__][INFO] - ▶ RUN CPDA/appliances/NTN L=4 bd=16 seed=42 -> /zhome/6b/e/212868/GTN/outputs/ntn/appliances/CPDA_rg5_init0.1/L4_bd16_seed42
Starting Fit: 20 epochs.
Sweep Order: ['Node0', 'Node1', 'Node2', 'Node3', 'Node2', 'Node1']
Validation: Using separate validation set for best model selection
Early stopping: patience=10, min_delta=0.001
Init    | Train: loss: 20151.72380 | quality: -0.90110
        | Val:   loss: 17261.14834 | quality: -1.01896
Epoch 1 | Train: loss: 16114.28475 | quality: -0.52021
        | Val:   loss: 13622.34151 | quality: -0.59335
 *
Epoch 2 | Train: loss: 12975.83776 | quality: -0.22413
        | Val:   loss: 10859.56460 | quality: -0.27020
 *
Epoch 3 | Train: loss: 8556.97699 | quality: 0.19274
        | Val:   loss: 7164.27818 | quality: 0.16202
 *
Epoch 4 | Train: loss: 8236.75432 | quality: 0.22295
        | Val:   loss: 7007.60662 | quality: 0.18035
 *
Epoch 5 | Train: loss: 7943.87853 | quality: 0.25058
        | Val:   loss: 6863.74859 | quality: 0.19718
 *
Epoch 6 | Train: loss: 7643.33192 | quality: 0.27893
        | Val:   loss: 6724.29236 | quality: 0.21349
 *
Epoch 7 | Train: loss: 7417.72653 | quality: 0.30022
        | Val:   loss: 6699.07820 | quality: 0.21644
 *
Epoch 8 | Train: loss: 7295.06985 | quality: 0.31179
        | Val:   loss: 6700.96407 | quality: 0.21622
 *
Epoch 9 | Train: loss: 7214.52608 | quality: 0.31939
        | Val:   loss: 6732.21782 | quality: 0.21256

Epoch 10 | Train: loss: 7164.10811 | quality: 0.32414
        | Val:   loss: 6750.97301 | quality: 0.21037

Epoch 11 | Train: loss: 7126.73891 | quality: 0.32767
        | Val:   loss: 6749.81014 | quality: 0.21050

Epoch 12 | Train: loss: 7093.75213 | quality: 0.33078
        | Val:   loss: 6734.45976 | quality: 0.21230

Epoch 13 | Train: loss: 7064.41196 | quality: 0.33355
        | Val:   loss: 6712.67437 | quality: 0.21485

Epoch 14 | Train: loss: 7039.39175 | quality: 0.33591
        | Val:   loss: 6686.95425 | quality: 0.21786
 *
Epoch 15 | Train: loss: 7018.12002 | quality: 0.33792
        | Val:   loss: 6658.77438 | quality: 0.22115
 *
Epoch 16 | Train: loss: 6999.70239 | quality: 0.33965
        | Val:   loss: 6629.82198 | quality: 0.22454
 *
Epoch 17 | Train: loss: 6983.37871 | quality: 0.34119
        | Val:   loss: 6601.48420 | quality: 0.22785
 *
Epoch 18 | Train: loss: 6968.54187 | quality: 0.34259
        | Val:   loss: 6574.90755 | quality: 0.23096
 *
Epoch 19 | Train: loss: 6954.69385 | quality: 0.34390
        | Val:   loss: 6551.15450 | quality: 0.23374
 *
Epoch 20 | Train: loss: 6941.44324 | quality: 0.34515
        | Val:   loss: 6531.10724 | quality: 0.23608
 *

Best epoch: 20 (val_quality=0.236084)
[2026-05-05 12:53:49,029][__main__][INFO] - ✓ DONE CPDA/appliances/NTN L=4 bd=16 seed=42 -> /zhome/6b/e/212868/GTN/outputs/ntn/appliances/CPDA_rg5_init0.1/L4_bd16_seed42 | val=0.2361
[2026-05-05 12:53:49,032][HYDRA] 	#6 : model.L=4 model.bond_dim=16 seed=10090 trainer.ridge=5 trainer.ridge_decay=0.25 trainer.ridge_min=0.0001 +experiment=cpda_ntn_sweep model=cpda dataset=appliances
[2026-05-05 12:53:49,201][__main__][INFO] - ▶ RUN CPDA/appliances/NTN L=4 bd=16 seed=10090 -> /zhome/6b/e/212868/GTN/outputs/ntn/appliances/CPDA_rg5_init0.1/L4_bd16_seed10090
Starting Fit: 20 epochs.
Sweep Order: ['Node0', 'Node1', 'Node2', 'Node3', 'Node2', 'Node1']
Validation: Using separate validation set for best model selection
Early stopping: patience=10, min_delta=0.001
Init    | Train: loss: 20149.27258 | quality: -0.90086
        | Val:   loss: 17259.01512 | quality: -1.01871
Epoch 1 | Train: loss: 15726.94691 | quality: -0.48367
        | Val:   loss: 13171.94698 | quality: -0.54067
 *
Epoch 2 | Train: loss: 12661.96623 | quality: -0.19452
        | Val:   loss: 10661.58235 | quality: -0.24704
 *
Epoch 3 | Train: loss: 8851.98100 | quality: 0.16491
        | Val:   loss: 7505.47830 | quality: 0.12212
 *
Epoch 4 | Train: loss: 7974.94352 | quality: 0.24765
        | Val:   loss: 6882.05062 | quality: 0.19504
 *
Epoch 5 | Train: loss: 7640.98930 | quality: 0.27916
        | Val:   loss: 6716.33452 | quality: 0.21442
 *
Epoch 6 | Train: loss: 7262.34019 | quality: 0.31488
        | Val:   loss: 6634.81803 | quality: 0.22395
 *
Epoch 7 | Train: loss: 7009.70400 | quality: 0.33871
        | Val:   loss: 6688.78553 | quality: 0.21764

Epoch 8 | Train: loss: 6862.13163 | quality: 0.35263
        | Val:   loss: 6817.28474 | quality: 0.20261

Epoch 9 | Train: loss: 6777.36519 | quality: 0.36063
        | Val:   loss: 6881.02058 | quality: 0.19516

Epoch 10 | Train: loss: 6730.45130 | quality: 0.36506
        | Val:   loss: 6837.96054 | quality: 0.20019

Epoch 11 | Train: loss: 6690.75276 | quality: 0.36880
        | Val:   loss: 6787.98829 | quality: 0.20604

Epoch 12 | Train: loss: 6650.34472 | quality: 0.37261
        | Val:   loss: 6743.91460 | quality: 0.21119

Epoch 13 | Train: loss: 6606.25499 | quality: 0.37677
        | Val:   loss: 6712.27569 | quality: 0.21489

Epoch 14 | Train: loss: 6560.15543 | quality: 0.38112
        | Val:   loss: 6697.44664 | quality: 0.21663

Epoch 15 | Train: loss: 6516.26714 | quality: 0.38526
        | Val:   loss: 6689.65502 | quality: 0.21754

Epoch 16 | Train: loss: 6478.88501 | quality: 0.38879
        | Val:   loss: 6675.33878 | quality: 0.21921


⏸ Early stopping at epoch 16 (best was epoch 6)
[2026-05-05 12:57:05,576][__main__][INFO] - ✓ DONE CPDA/appliances/NTN L=4 bd=16 seed=10090 -> /zhome/6b/e/212868/GTN/outputs/ntn/appliances/CPDA_rg5_init0.1/L4_bd16_seed10090 | val=0.2240
[2026-05-05 12:57:05,579][HYDRA] 	#7 : model.L=4 model.bond_dim=16 seed=32874 trainer.ridge=5 trainer.ridge_decay=0.25 trainer.ridge_min=0.0001 +experiment=cpda_ntn_sweep model=cpda dataset=appliances
[2026-05-05 12:57:05,765][__main__][INFO] - ▶ RUN CPDA/appliances/NTN L=4 bd=16 seed=32874 -> /zhome/6b/e/212868/GTN/outputs/ntn/appliances/CPDA_rg5_init0.1/L4_bd16_seed32874
Starting Fit: 20 epochs.
Sweep Order: ['Node0', 'Node1', 'Node2', 'Node3', 'Node2', 'Node1']
Validation: Using separate validation set for best model selection
Early stopping: patience=10, min_delta=0.001
Init    | Train: loss: 20147.74809 | quality: -0.90072
        | Val:   loss: 17257.33633 | quality: -1.01852
Epoch 1 | Train: loss: 15875.40295 | quality: -0.49767
        | Val:   loss: 13271.38357 | quality: -0.55230
 *
Epoch 2 | Train: loss: 12656.43163 | quality: -0.19400
        | Val:   loss: 10726.25889 | quality: -0.25460
 *
Epoch 3 | Train: loss: 10253.16314 | quality: 0.03273
        | Val:   loss: 9256.66776 | quality: -0.08271
 *
Epoch 4 | Train: loss: 8122.79222 | quality: 0.23370
        | Val:   loss: 6961.51563 | quality: 0.18574
 *
Epoch 5 | Train: loss: 7565.81053 | quality: 0.28625
        | Val:   loss: 6661.34610 | quality: 0.22085
 *
Epoch 6 | Train: loss: 7093.60851 | quality: 0.33080
        | Val:   loss: 6485.81435 | quality: 0.24138
 *
Epoch 7 | Train: loss: 6902.11419 | quality: 0.34886
        | Val:   loss: 6427.31540 | quality: 0.24822
 *
Epoch 8 | Train: loss: 6801.12729 | quality: 0.35839
        | Val:   loss: 6402.10257 | quality: 0.25117
 *
Epoch 9 | Train: loss: 6734.34285 | quality: 0.36469
        | Val:   loss: 6400.86303 | quality: 0.25132
 *
Epoch 10 | Train: loss: 6680.34991 | quality: 0.36978
        | Val:   loss: 6405.03633 | quality: 0.25083
 *
Epoch 11 | Train: loss: 6632.10174 | quality: 0.37433
        | Val:   loss: 6412.70303 | quality: 0.24993
 *
Epoch 12 | Train: loss: 6589.35227 | quality: 0.37837
        | Val:   loss: 6428.26675 | quality: 0.24811

Epoch 13 | Train: loss: 6553.27295 | quality: 0.38177
        | Val:   loss: 6450.76083 | quality: 0.24548

Epoch 14 | Train: loss: 6523.54110 | quality: 0.38457
        | Val:   loss: 6474.43195 | quality: 0.24271

Epoch 15 | Train: loss: 6499.22891 | quality: 0.38687
        | Val:   loss: 6495.85888 | quality: 0.24021

Epoch 16 | Train: loss: 6479.56201 | quality: 0.38872
        | Val:   loss: 6514.40592 | quality: 0.23804

Epoch 17 | Train: loss: 6463.60888 | quality: 0.39023
        | Val:   loss: 6529.98236 | quality: 0.23622

Epoch 18 | Train: loss: 6450.27780 | quality: 0.39149
        | Val:   loss: 6542.60099 | quality: 0.23474

Epoch 19 | Train: loss: 6438.68157 | quality: 0.39258
        | Val:   loss: 6552.59002 | quality: 0.23357

Epoch 20 | Train: loss: 6428.24384 | quality: 0.39357
        | Val:   loss: 6560.44962 | quality: 0.23265


Best epoch: 11 (val_quality=0.249933)
[2026-05-05 13:00:15,817][__main__][INFO] - ✓ DONE CPDA/appliances/NTN L=4 bd=16 seed=32874 -> /zhome/6b/e/212868/GTN/outputs/ntn/appliances/CPDA_rg5_init0.1/L4_bd16_seed32874 | val=0.2499
[2026-05-05 13:00:15,820][HYDRA] 	#8 : model.L=4 model.bond_dim=16 seed=47311 trainer.ridge=5 trainer.ridge_decay=0.25 trainer.ridge_min=0.0001 +experiment=cpda_ntn_sweep model=cpda dataset=appliances
[2026-05-05 13:00:15,995][__main__][INFO] - ▶ RUN CPDA/appliances/NTN L=4 bd=16 seed=47311 -> /zhome/6b/e/212868/GTN/outputs/ntn/appliances/CPDA_rg5_init0.1/L4_bd16_seed47311
Starting Fit: 20 epochs.
Sweep Order: ['Node0', 'Node1', 'Node2', 'Node3', 'Node2', 'Node1']
Validation: Using separate validation set for best model selection
Early stopping: patience=10, min_delta=0.001
Init    | Train: loss: 20156.99726 | quality: -0.90159
        | Val:   loss: 17265.97099 | quality: -1.01953
Epoch 1 | Train: loss: 15762.69148 | quality: -0.48704
        | Val:   loss: 13329.74271 | quality: -0.55912
 *
Epoch 2 | Train: loss: 12859.38296 | quality: -0.21314
        | Val:   loss: 10977.89617 | quality: -0.28404
 *
Epoch 3 | Train: loss: 9629.08999 | quality: 0.09160
        | Val:   loss: 8232.70767 | quality: 0.03706
 *
Epoch 4 | Train: loss: 8228.47265 | quality: 0.22373
        | Val:   loss: 6953.28904 | quality: 0.18670
 *
Epoch 5 | Train: loss: 7888.65147 | quality: 0.25579
        | Val:   loss: 6858.82661 | quality: 0.19775
 *
Epoch 6 | Train: loss: 7673.93880 | quality: 0.27605
        | Val:   loss: 6732.24533 | quality: 0.21256
 *
Epoch 7 | Train: loss: 7469.38684 | quality: 0.29534
        | Val:   loss: 6679.40522 | quality: 0.21874
 *
Epoch 8 | Train: loss: 7332.23021 | quality: 0.30828
        | Val:   loss: 6648.48464 | quality: 0.22236
 *
Epoch 9 | Train: loss: 7235.25490 | quality: 0.31743
        | Val:   loss: 6595.96443 | quality: 0.22850
 *
Epoch 10 | Train: loss: 7149.17937 | quality: 0.32555
        | Val:   loss: 6553.24351 | quality: 0.23350
 *
Epoch 11 | Train: loss: 7064.19330 | quality: 0.33357
        | Val:   loss: 6536.51206 | quality: 0.23545
 *
Epoch 12 | Train: loss: 6999.27183 | quality: 0.33969
        | Val:   loss: 6532.69699 | quality: 0.23590
 *
Epoch 13 | Train: loss: 6952.53648 | quality: 0.34410
        | Val:   loss: 6515.27738 | quality: 0.23794
 *
Epoch 14 | Train: loss: 6918.58833 | quality: 0.34731
        | Val:   loss: 6485.15765 | quality: 0.24146
 *
Epoch 15 | Train: loss: 6893.69526 | quality: 0.34965
        | Val:   loss: 6454.39307 | quality: 0.24506
 *
Epoch 16 | Train: loss: 6872.36604 | quality: 0.35167
        | Val:   loss: 6422.80371 | quality: 0.24875
 *
Epoch 17 | Train: loss: 6848.47235 | quality: 0.35392
        | Val:   loss: 6390.34587 | quality: 0.25255
 *
Epoch 18 | Train: loss: 6817.09625 | quality: 0.35688
        | Val:   loss: 6362.64712 | quality: 0.25579
 *
Epoch 19 | Train: loss: 6782.23086 | quality: 0.36017
        | Val:   loss: 6352.14524 | quality: 0.25702
 *
Epoch 20 | Train: loss: 6755.65745 | quality: 0.36268
        | Val:   loss: 6357.04645 | quality: 0.25644
 *

Best epoch: 20 (val_quality=0.256443)
[2026-05-05 13:03:39,364][__main__][INFO] - ✓ DONE CPDA/appliances/NTN L=4 bd=16 seed=47311 -> /zhome/6b/e/212868/GTN/outputs/ntn/appliances/CPDA_rg5_init0.1/L4_bd16_seed47311 | val=0.2564
[2026-05-05 13:03:39,367][HYDRA] 	#9 : model.L=4 model.bond_dim=16 seed=47303 trainer.ridge=5 trainer.ridge_decay=0.25 trainer.ridge_min=0.0001 +experiment=cpda_ntn_sweep model=cpda dataset=appliances
[2026-05-05 13:03:39,539][__main__][INFO] - ▶ RUN CPDA/appliances/NTN L=4 bd=16 seed=47303 -> /zhome/6b/e/212868/GTN/outputs/ntn/appliances/CPDA_rg5_init0.1/L4_bd16_seed47303
Starting Fit: 20 epochs.
Sweep Order: ['Node0', 'Node1', 'Node2', 'Node3', 'Node2', 'Node1']
Validation: Using separate validation set for best model selection
Early stopping: patience=10, min_delta=0.001
Init    | Train: loss: 20147.52565 | quality: -0.90070
        | Val:   loss: 17256.92201 | quality: -1.01847
Epoch 1 | Train: loss: 15385.78092 | quality: -0.45148
        | Val:   loss: 12807.40170 | quality: -0.49803
 *
Epoch 2 | Train: loss: 12424.73084 | quality: -0.17214
        | Val:   loss: 10324.06121 | quality: -0.20756
 *
Epoch 3 | Train: loss: 8610.44488 | quality: 0.18770
        | Val:   loss: 7170.27653 | quality: 0.16132
 *
Epoch 4 | Train: loss: 8196.23084 | quality: 0.22677
        | Val:   loss: 6951.42616 | quality: 0.18692
 *
Epoch 5 | Train: loss: 7839.61224 | quality: 0.26042
        | Val:   loss: 6767.86591 | quality: 0.20839
 *
Epoch 6 | Train: loss: 7516.01268 | quality: 0.29095
        | Val:   loss: 6548.66221 | quality: 0.23403
 *
Epoch 7 | Train: loss: 7356.12976 | quality: 0.30603
        | Val:   loss: 6527.50747 | quality: 0.23651
 *
Epoch 8 | Train: loss: 7247.19154 | quality: 0.31631
        | Val:   loss: 6477.43457 | quality: 0.24236
 *
Epoch 9 | Train: loss: 7173.03874 | quality: 0.32330
        | Val:   loss: 6459.24529 | quality: 0.24449
 *
Epoch 10 | Train: loss: 7120.29791 | quality: 0.32828
        | Val:   loss: 6458.77412 | quality: 0.24454
 *
Epoch 11 | Train: loss: 7083.99784 | quality: 0.33170
        | Val:   loss: 6470.29437 | quality: 0.24320

Epoch 12 | Train: loss: 7054.46240 | quality: 0.33449
        | Val:   loss: 6492.96256 | quality: 0.24055

Epoch 13 | Train: loss: 7027.34276 | quality: 0.33705
        | Val:   loss: 6520.61465 | quality: 0.23731

Epoch 14 | Train: loss: 7000.23344 | quality: 0.33960
        | Val:   loss: 6554.58715 | quality: 0.23334

Epoch 15 | Train: loss: 6972.81282 | quality: 0.34219
        | Val:   loss: 6599.71117 | quality: 0.22806

Epoch 16 | Train: loss: 6946.51692 | quality: 0.34467
        | Val:   loss: 6653.88316 | quality: 0.22172

Epoch 17 | Train: loss: 6923.14913 | quality: 0.34688
        | Val:   loss: 6712.90914 | quality: 0.21482

Epoch 18 | Train: loss: 6902.53754 | quality: 0.34882
        | Val:   loss: 6767.31294 | quality: 0.20846

Epoch 19 | Train: loss: 6884.25110 | quality: 0.35055
        | Val:   loss: 6806.75212 | quality: 0.20384

Epoch 20 | Train: loss: 6867.96875 | quality: 0.35208
        | Val:   loss: 6829.70325 | quality: 0.20116


⏸ Early stopping at epoch 20 (best was epoch 10)
[2026-05-05 13:06:51,609][__main__][INFO] - ✓ DONE CPDA/appliances/NTN L=4 bd=16 seed=47303 -> /zhome/6b/e/212868/GTN/outputs/ntn/appliances/CPDA_rg5_init0.1/L4_bd16_seed47303 | val=0.2445
[2026-05-05 13:06:51,612][HYDRA] 	#10 : model.L=4 model.bond_dim=8 seed=42 trainer.ridge=5 trainer.ridge_decay=0.25 trainer.ridge_min=0.0001 +experiment=cpda_ntn_sweep model=cpda dataset=appliances
[2026-05-05 13:06:51,793][__main__][INFO] - ▶ RUN CPDA/appliances/NTN L=4 bd=8 seed=42 -> /zhome/6b/e/212868/GTN/outputs/ntn/appliances/CPDA_rg5_init0.1/L4_bd8_seed42
Starting Fit: 20 epochs.
Sweep Order: ['Node0', 'Node1', 'Node2', 'Node3', 'Node2', 'Node1']
Validation: Using separate validation set for best model selection
Early stopping: patience=10, min_delta=0.001
Init    | Train: loss: 20150.83011 | quality: -0.90101
        | Val:   loss: 17260.77061 | quality: -1.01892
Epoch 1 | Train: loss: 16766.09648 | quality: -0.58170
        | Val:   loss: 14005.20058 | quality: -0.63813
 *
Epoch 2 | Train: loss: 14008.49352 | quality: -0.32155
        | Val:   loss: 11734.40182 | quality: -0.37252
 *
Epoch 3 | Train: loss: 10691.97670 | quality: -0.00867
        | Val:   loss: 9171.31470 | quality: -0.07273
 *
Epoch 4 | Train: loss: 8363.49915 | quality: 0.21099
        | Val:   loss: 7028.59346 | quality: 0.17790
 *
Epoch 5 | Train: loss: 7950.67459 | quality: 0.24994
        | Val:   loss: 6920.02586 | quality: 0.19059
 *
Epoch 6 | Train: loss: 7647.03084 | quality: 0.27859
        | Val:   loss: 6823.75798 | quality: 0.20185
 *
Epoch 7 | Train: loss: 7328.84528 | quality: 0.30860
        | Val:   loss: 6669.46710 | quality: 0.21990
 *
Epoch 8 | Train: loss: 7133.45063 | quality: 0.32704
        | Val:   loss: 6603.64399 | quality: 0.22760
 *
Epoch 9 | Train: loss: 7018.42675 | quality: 0.33789
        | Val:   loss: 6543.78787 | quality: 0.23460
 *
Epoch 10 | Train: loss: 6925.04881 | quality: 0.34670
        | Val:   loss: 6498.18491 | quality: 0.23993
 *
Epoch 11 | Train: loss: 6841.92701 | quality: 0.35454
        | Val:   loss: 6458.51867 | quality: 0.24457
 *
Epoch 12 | Train: loss: 6776.68640 | quality: 0.36069
        | Val:   loss: 6437.55519 | quality: 0.24703
 *
Epoch 13 | Train: loss: 6730.25390 | quality: 0.36507
        | Val:   loss: 6437.98353 | quality: 0.24698
 *
Epoch 14 | Train: loss: 6696.22287 | quality: 0.36828
        | Val:   loss: 6449.70297 | quality: 0.24561

Epoch 15 | Train: loss: 6668.99873 | quality: 0.37085
        | Val:   loss: 6464.44156 | quality: 0.24388

Epoch 16 | Train: loss: 6644.89547 | quality: 0.37313
        | Val:   loss: 6478.68418 | quality: 0.24222

Epoch 17 | Train: loss: 6621.61347 | quality: 0.37532
        | Val:   loss: 6490.65492 | quality: 0.24082

Epoch 18 | Train: loss: 6597.88457 | quality: 0.37756
        | Val:   loss: 6498.85013 | quality: 0.23986

Epoch 19 | Train: loss: 6573.37809 | quality: 0.37987
        | Val:   loss: 6503.19088 | quality: 0.23935

Epoch 20 | Train: loss: 6547.99098 | quality: 0.38227
        | Val:   loss: 6505.16217 | quality: 0.23912


Best epoch: 13 (val_quality=0.246976)
[2026-05-05 13:09:45,343][__main__][INFO] - ✓ DONE CPDA/appliances/NTN L=4 bd=8 seed=42 -> /zhome/6b/e/212868/GTN/outputs/ntn/appliances/CPDA_rg5_init0.1/L4_bd8_seed42 | val=0.2470
[2026-05-05 13:09:45,346][HYDRA] 	#11 : model.L=4 model.bond_dim=8 seed=10090 trainer.ridge=5 trainer.ridge_decay=0.25 trainer.ridge_min=0.0001 +experiment=cpda_ntn_sweep model=cpda dataset=appliances
[2026-05-05 13:09:45,514][__main__][INFO] - ▶ RUN CPDA/appliances/NTN L=4 bd=8 seed=10090 -> /zhome/6b/e/212868/GTN/outputs/ntn/appliances/CPDA_rg5_init0.1/L4_bd8_seed10090
Starting Fit: 20 epochs.
Sweep Order: ['Node0', 'Node1', 'Node2', 'Node3', 'Node2', 'Node1']
Validation: Using separate validation set for best model selection
Early stopping: patience=10, min_delta=0.001
Init    | Train: loss: 20160.01857 | quality: -0.90188
        | Val:   loss: 17269.39410 | quality: -1.01993
Epoch 1 | Train: loss: 16904.77664 | quality: -0.59478
        | Val:   loss: 14068.89714 | quality: -0.64558
 *
Epoch 2 | Train: loss: 14193.29750 | quality: -0.33898
        | Val:   loss: 11981.00400 | quality: -0.40137
 *
Epoch 3 | Train: loss: 10726.39580 | quality: -0.01192
        | Val:   loss: 9399.90831 | quality: -0.09947
 *
Epoch 4 | Train: loss: 8273.54885 | quality: 0.21948
        | Val:   loss: 7105.63248 | quality: 0.16888
 *
Epoch 5 | Train: loss: 7834.30516 | quality: 0.26092
        | Val:   loss: 6848.09388 | quality: 0.19901
 *
Epoch 6 | Train: loss: 7593.98778 | quality: 0.28359
        | Val:   loss: 6680.84999 | quality: 0.21857
 *
Epoch 7 | Train: loss: 7410.85444 | quality: 0.30087
        | Val:   loss: 6638.71486 | quality: 0.22350
 *
Epoch 8 | Train: loss: 7302.46408 | quality: 0.31109
        | Val:   loss: 6655.51533 | quality: 0.22153

Epoch 9 | Train: loss: 7238.49727 | quality: 0.31713
        | Val:   loss: 6619.39225 | quality: 0.22576
 *
Epoch 10 | Train: loss: 7193.68198 | quality: 0.32135
        | Val:   loss: 6581.15924 | quality: 0.23023
 *
Epoch 11 | Train: loss: 7156.95668 | quality: 0.32482
        | Val:   loss: 6557.00941 | quality: 0.23305
 *
Epoch 12 | Train: loss: 7125.21215 | quality: 0.32781
        | Val:   loss: 6545.90820 | quality: 0.23435
 *
Epoch 13 | Train: loss: 7097.74112 | quality: 0.33041
        | Val:   loss: 6543.95461 | quality: 0.23458
 *
Epoch 14 | Train: loss: 7073.87145 | quality: 0.33266
        | Val:   loss: 6546.63607 | quality: 0.23427
 *
Epoch 15 | Train: loss: 7052.94669 | quality: 0.33463
        | Val:   loss: 6550.41653 | quality: 0.23383
 *
Epoch 16 | Train: loss: 7034.50023 | quality: 0.33637
        | Val:   loss: 6553.42196 | quality: 0.23347
 *
Epoch 17 | Train: loss: 7018.13121 | quality: 0.33792
        | Val:   loss: 6555.41308 | quality: 0.23324
 *
Epoch 18 | Train: loss: 7003.46776 | quality: 0.33930
        | Val:   loss: 6557.06395 | quality: 0.23305
 *
Epoch 19 | Train: loss: 6990.18681 | quality: 0.34055
        | Val:   loss: 6559.23368 | quality: 0.23279
 *
Epoch 20 | Train: loss: 6978.01216 | quality: 0.34170
        | Val:   loss: 6562.58626 | quality: 0.23240
 *

Best epoch: 20 (val_quality=0.232402)
[2026-05-05 13:12:12,265][__main__][INFO] - ✓ DONE CPDA/appliances/NTN L=4 bd=8 seed=10090 -> /zhome/6b/e/212868/GTN/outputs/ntn/appliances/CPDA_rg5_init0.1/L4_bd8_seed10090 | val=0.2324
[2026-05-05 13:12:12,267][HYDRA] 	#12 : model.L=4 model.bond_dim=8 seed=32874 trainer.ridge=5 trainer.ridge_decay=0.25 trainer.ridge_min=0.0001 +experiment=cpda_ntn_sweep model=cpda dataset=appliances
[2026-05-05 13:12:12,440][__main__][INFO] - ▶ RUN CPDA/appliances/NTN L=4 bd=8 seed=32874 -> /zhome/6b/e/212868/GTN/outputs/ntn/appliances/CPDA_rg5_init0.1/L4_bd8_seed32874
Starting Fit: 20 epochs.
Sweep Order: ['Node0', 'Node1', 'Node2', 'Node3', 'Node2', 'Node1']
Validation: Using separate validation set for best model selection
Early stopping: patience=10, min_delta=0.001
Init    | Train: loss: 20159.04612 | quality: -0.90179
        | Val:   loss: 17268.24879 | quality: -1.01979
Epoch 1 | Train: loss: 16668.72465 | quality: -0.57251
        | Val:   loss: 13883.81167 | quality: -0.62393
 *
Epoch 2 | Train: loss: 14034.84662 | quality: -0.32404
        | Val:   loss: 11797.56774 | quality: -0.37991
 *
Epoch 3 | Train: loss: 11877.90189 | quality: -0.12055
        | Val:   loss: 10314.31907 | quality: -0.20642
 *
Epoch 4 | Train: loss: 8563.34402 | quality: 0.19214
        | Val:   loss: 7342.01251 | quality: 0.14124
 *
Epoch 5 | Train: loss: 8288.56066 | quality: 0.21806
        | Val:   loss: 7163.37287 | quality: 0.16213
 *
Epoch 6 | Train: loss: 8130.22092 | quality: 0.23300
        | Val:   loss: 7089.79466 | quality: 0.17074
 *
Epoch 7 | Train: loss: 7987.20875 | quality: 0.24649
        | Val:   loss: 7038.40562 | quality: 0.17675
 *
Epoch 8 | Train: loss: 7844.12399 | quality: 0.25999
        | Val:   loss: 6972.22857 | quality: 0.18449
 *
Epoch 9 | Train: loss: 7739.86392 | quality: 0.26983
        | Val:   loss: 6906.09912 | quality: 0.19222
 *
Epoch 10 | Train: loss: 7670.19020 | quality: 0.27640
        | Val:   loss: 6856.76255 | quality: 0.19799
 *
Epoch 11 | Train: loss: 7625.69893 | quality: 0.28060
        | Val:   loss: 6824.52211 | quality: 0.20176
 *
Epoch 12 | Train: loss: 7593.60065 | quality: 0.28363
        | Val:   loss: 6798.33511 | quality: 0.20483
 *
Epoch 13 | Train: loss: 7565.99881 | quality: 0.28623
        | Val:   loss: 6771.74460 | quality: 0.20794
 *
Epoch 14 | Train: loss: 7539.69782 | quality: 0.28871
        | Val:   loss: 6746.15408 | quality: 0.21093
 *
Epoch 15 | Train: loss: 7514.01239 | quality: 0.29113
        | Val:   loss: 6725.83217 | quality: 0.21331
 *
Epoch 16 | Train: loss: 7489.08955 | quality: 0.29349
        | Val:   loss: 6712.19280 | quality: 0.21490
 *
Epoch 17 | Train: loss: 7465.24647 | quality: 0.29574
        | Val:   loss: 6703.31167 | quality: 0.21594
 *
Epoch 18 | Train: loss: 7443.17890 | quality: 0.29782
        | Val:   loss: 6697.35138 | quality: 0.21664
 *
Epoch 19 | Train: loss: 7423.95215 | quality: 0.29963
        | Val:   loss: 6692.78310 | quality: 0.21717
 *
Epoch 20 | Train: loss: 7408.39362 | quality: 0.30110
        | Val:   loss: 6687.63039 | quality: 0.21778
 *

Best epoch: 20 (val_quality=0.217776)
[2026-05-05 13:14:52,053][__main__][INFO] - ✓ DONE CPDA/appliances/NTN L=4 bd=8 seed=32874 -> /zhome/6b/e/212868/GTN/outputs/ntn/appliances/CPDA_rg5_init0.1/L4_bd8_seed32874 | val=0.2178
[2026-05-05 13:14:52,056][HYDRA] 	#13 : model.L=4 model.bond_dim=8 seed=47311 trainer.ridge=5 trainer.ridge_decay=0.25 trainer.ridge_min=0.0001 +experiment=cpda_ntn_sweep model=cpda dataset=appliances
[2026-05-05 13:14:52,230][__main__][INFO] - ▶ RUN CPDA/appliances/NTN L=4 bd=8 seed=47311 -> /zhome/6b/e/212868/GTN/outputs/ntn/appliances/CPDA_rg5_init0.1/L4_bd8_seed47311
Starting Fit: 20 epochs.
Sweep Order: ['Node0', 'Node1', 'Node2', 'Node3', 'Node2', 'Node1']
Validation: Using separate validation set for best model selection
Early stopping: patience=10, min_delta=0.001
Init    | Train: loss: 20154.01652 | quality: -0.90131
        | Val:   loss: 17263.06016 | quality: -1.01919
Epoch 1 | Train: loss: 16829.31977 | quality: -0.58766
        | Val:   loss: 13974.94622 | quality: -0.63459
 *
Epoch 2 | Train: loss: 14227.06368 | quality: -0.34217
        | Val:   loss: 11955.82732 | quality: -0.39842
 *
Epoch 3 | Train: loss: 11680.53249 | quality: -0.10193
        | Val:   loss: 10105.37416 | quality: -0.18198
 *
Epoch 4 | Train: loss: 8664.11333 | quality: 0.18264
        | Val:   loss: 7513.45817 | quality: 0.12118
 *
Epoch 5 | Train: loss: 8411.10566 | quality: 0.20650
        | Val:   loss: 7263.69847 | quality: 0.15040
 *
Epoch 6 | Train: loss: 8140.67201 | quality: 0.23202
        | Val:   loss: 7152.48398 | quality: 0.16340
 *
Epoch 7 | Train: loss: 8013.03769 | quality: 0.24406
        | Val:   loss: 7110.88466 | quality: 0.16827
 *
Epoch 8 | Train: loss: 7932.91865 | quality: 0.25162
        | Val:   loss: 7096.58452 | quality: 0.16994
 *
Epoch 9 | Train: loss: 7867.26481 | quality: 0.25781
        | Val:   loss: 7076.21819 | quality: 0.17232
 *
Epoch 10 | Train: loss: 7805.82525 | quality: 0.26361
        | Val:   loss: 7040.98884 | quality: 0.17645
 *
Epoch 11 | Train: loss: 7743.29475 | quality: 0.26950
        | Val:   loss: 6990.88619 | quality: 0.18231
 *
Epoch 12 | Train: loss: 7683.71734 | quality: 0.27512
        | Val:   loss: 6935.51924 | quality: 0.18878
 *
Epoch 13 | Train: loss: 7633.87915 | quality: 0.27983
        | Val:   loss: 6892.59095 | quality: 0.19380
 *
Epoch 14 | Train: loss: 7596.83036 | quality: 0.28332
        | Val:   loss: 6872.46409 | quality: 0.19616
 *
Epoch 15 | Train: loss: 7570.13143 | quality: 0.28584
        | Val:   loss: 6868.92174 | quality: 0.19657
 *
Epoch 16 | Train: loss: 7550.06339 | quality: 0.28773
        | Val:   loss: 6869.44791 | quality: 0.19651
 *
Epoch 17 | Train: loss: 7534.03983 | quality: 0.28925
        | Val:   loss: 6868.02989 | quality: 0.19668
 *
Epoch 18 | Train: loss: 7520.57718 | quality: 0.29052
        | Val:   loss: 6865.54775 | quality: 0.19697
 *
Epoch 19 | Train: loss: 7508.96393 | quality: 0.29161
        | Val:   loss: 6861.70166 | quality: 0.19742
 *
Epoch 20 | Train: loss: 7498.81504 | quality: 0.29257
        | Val:   loss: 6855.48921 | quality: 0.19814


Best epoch: 19 (val_quality=0.197416)
[2026-05-05 13:18:29,970][__main__][INFO] - ✓ DONE CPDA/appliances/NTN L=4 bd=8 seed=47311 -> /zhome/6b/e/212868/GTN/outputs/ntn/appliances/CPDA_rg5_init0.1/L4_bd8_seed47311 | val=0.1974
[2026-05-05 13:18:29,973][HYDRA] 	#14 : model.L=4 model.bond_dim=8 seed=47303 trainer.ridge=5 trainer.ridge_decay=0.25 trainer.ridge_min=0.0001 +experiment=cpda_ntn_sweep model=cpda dataset=appliances
[2026-05-05 13:18:30,142][__main__][INFO] - ▶ RUN CPDA/appliances/NTN L=4 bd=8 seed=47303 -> /zhome/6b/e/212868/GTN/outputs/ntn/appliances/CPDA_rg5_init0.1/L4_bd8_seed47303
Starting Fit: 20 epochs.
Sweep Order: ['Node0', 'Node1', 'Node2', 'Node3', 'Node2', 'Node1']
Validation: Using separate validation set for best model selection
Early stopping: patience=10, min_delta=0.001
Init    | Train: loss: 20153.39810 | quality: -0.90125
        | Val:   loss: 17262.70157 | quality: -1.01914
Epoch 1 | Train: loss: 16570.50042 | quality: -0.56325
        | Val:   loss: 13876.82628 | quality: -0.62311
 *
Epoch 2 | Train: loss: 13861.45284 | quality: -0.30768
        | Val:   loss: 11568.39440 | quality: -0.35311
 *
Epoch 3 | Train: loss: 10554.61197 | quality: 0.00429
        | Val:   loss: 9021.04949 | quality: -0.05515
 *
Epoch 4 | Train: loss: 8381.94531 | quality: 0.20925
        | Val:   loss: 7050.15066 | quality: 0.17537
 *
Epoch 5 | Train: loss: 8096.29372 | quality: 0.23620
        | Val:   loss: 6978.45828 | quality: 0.18376
 *
Epoch 6 | Train: loss: 7828.59012 | quality: 0.26146
        | Val:   loss: 6837.86258 | quality: 0.20020
 *
Epoch 7 | Train: loss: 7569.73832 | quality: 0.28588
        | Val:   loss: 6755.49996 | quality: 0.20984
 *
Epoch 8 | Train: loss: 7400.35361 | quality: 0.30186
        | Val:   loss: 6748.61281 | quality: 0.21064
 *
Epoch 9 | Train: loss: 7302.09216 | quality: 0.31113
        | Val:   loss: 6737.06909 | quality: 0.21199
 *
Epoch 10 | Train: loss: 7216.26540 | quality: 0.31922
        | Val:   loss: 6671.00907 | quality: 0.21972
 *
Epoch 11 | Train: loss: 7147.10117 | quality: 0.32575
        | Val:   loss: 6617.43363 | quality: 0.22599
 *
Epoch 12 | Train: loss: 7096.36086 | quality: 0.33054
        | Val:   loss: 6595.53093 | quality: 0.22855
 *
Epoch 13 | Train: loss: 7058.14174 | quality: 0.33414
        | Val:   loss: 6586.96675 | quality: 0.22955
 *
Epoch 14 | Train: loss: 7028.43941 | quality: 0.33694
        | Val:   loss: 6581.88351 | quality: 0.23015
 *
Epoch 15 | Train: loss: 7004.96591 | quality: 0.33916
        | Val:   loss: 6577.07951 | quality: 0.23071
 *
Epoch 16 | Train: loss: 6986.37992 | quality: 0.34091
        | Val:   loss: 6571.85059 | quality: 0.23132
 *
Epoch 17 | Train: loss: 6971.67661 | quality: 0.34230
        | Val:   loss: 6566.40493 | quality: 0.23196
 *
Epoch 18 | Train: loss: 6959.95660 | quality: 0.34340
        | Val:   loss: 6561.06516 | quality: 0.23258
 *
Epoch 19 | Train: loss: 6950.41971 | quality: 0.34430
        | Val:   loss: 6556.06268 | quality: 0.23317

Epoch 20 | Train: loss: 6942.40899 | quality: 0.34506
        | Val:   loss: 6551.54287 | quality: 0.23369
 *

Best epoch: 20 (val_quality=0.233694)
[2026-05-05 13:19:42,695][__main__][INFO] - ✓ DONE CPDA/appliances/NTN L=4 bd=8 seed=47303 -> /zhome/6b/e/212868/GTN/outputs/ntn/appliances/CPDA_rg5_init0.1/L4_bd8_seed47303 | val=0.2337
[2026-05-05 13:19:42,698][HYDRA] 	#15 : model.L=3 model.bond_dim=32 seed=42 trainer.ridge=5 trainer.ridge_decay=0.25 trainer.ridge_min=0.0001 +experiment=cpda_ntn_sweep model=cpda dataset=appliances
[2026-05-05 13:19:42,869][__main__][INFO] - ▶ RUN CPDA/appliances/NTN L=3 bd=32 seed=42 -> /zhome/6b/e/212868/GTN/outputs/ntn/appliances/CPDA_rg5_init0.1/L3_bd32_seed42
