Task 107: Dataset=hearth, Model=mmpo2, Experiment=uci_ntn_sweep
[2026-05-05 13:05:43,709][HYDRA] Launching 30 jobs locally
[2026-05-05 13:05:43,709][HYDRA] 	#0 : model.L=4 model.bond_dim=12 seed=42 trainer.ridge=5 trainer.ridge_decay=0.25 trainer.ridge_min=0.0001 +experiment=uci_ntn_sweep model=mmpo2 dataset=hearth
[2026-05-05 13:05:44,194][utils.tracking][INFO] - Loaded 13074 tracked runs from runs_tracking.csv
[2026-05-05 13:05:44,196][__main__][INFO] - ▶ RUN MMPO2/hearth/NTN L=4 bd=12 seed=42 -> /zhome/6b/e/212868/GTN/outputs/ntn/hearth/MMPO2_rg5_init0.1/L4_bd12_seed42
Starting Fit: 20 epochs.
Sweep Order: ['0_MPS', '1_MPS', '2_MPS', '3_MPS', '2_MPS', '1_MPS']
Validation: Using separate validation set for best model selection
Early stopping: patience=10, min_delta=0.001
Init    | Train: loss: 1.60867 | quality: 0.23585
        | Val:   loss: 1.60930 | quality: 0.20000
Epoch 1 | Train: loss: 0.78294 | quality: 0.70283
        | Val:   loss: 1.27230 | quality: 0.44444
 *
Epoch 2 | Train: loss: 0.31745 | quality: 0.91509
        | Val:   loss: 1.63937 | quality: 0.42222

Epoch 3 | Train: loss: 0.03835 | quality: 0.99528
        | Val:   loss: 3.50760 | quality: 0.46667
 *
Epoch 4 | Train: loss: 0.00872 | quality: 1.00000
        | Val:   loss: 4.99005 | quality: 0.44444

Epoch 5 | Train: loss: 0.00005 | quality: 1.00000
        | Val:   loss: 11.14840 | quality: 0.46667
 *
Epoch 6 | Train: loss: 0.00000 | quality: 1.00000
        | Val:   loss: 18.13735 | quality: 0.46667

Epoch 7 | Train: loss: 0.00000 | quality: 1.00000
        | Val:   loss: 25.30880 | quality: 0.46667

Epoch 8 | Train: loss: 0.00000 | quality: 1.00000
        | Val:   loss: 32.52091 | quality: 0.46667

Epoch 9 | Train: loss: 265801145057726.65625 | quality: 0.13679
        | Val:   loss: 3167382241913719.00000 | quality: 0.11111


✗ NaN loss at epoch 10 - stopping training

✗ Exception at epoch 10: NaN loss encountered during NTN optimization at epoch 10
[2026-05-05 13:05:52,358][__main__][WARNING] - ✗ SINGULAR MMPO2/hearth/NTN L=4 bd=12 seed=42 -> /zhome/6b/e/212868/GTN/outputs/ntn/hearth/MMPO2_rg5_init0.1/L4_bd12_seed42 | val=0.4667
[2026-05-05 13:05:52,362][HYDRA] 	#1 : model.L=4 model.bond_dim=12 seed=10090 trainer.ridge=5 trainer.ridge_decay=0.25 trainer.ridge_min=0.0001 +experiment=uci_ntn_sweep model=mmpo2 dataset=hearth
[2026-05-05 13:05:52,530][__main__][INFO] - ▶ RUN MMPO2/hearth/NTN L=4 bd=12 seed=10090 -> /zhome/6b/e/212868/GTN/outputs/ntn/hearth/MMPO2_rg5_init0.1/L4_bd12_seed10090
Starting Fit: 20 epochs.
Sweep Order: ['0_MPS', '1_MPS', '2_MPS', '3_MPS', '2_MPS', '1_MPS']
Validation: Using separate validation set for best model selection
Early stopping: patience=10, min_delta=0.001
Init    | Train: loss: 1.60887 | quality: 0.17925
        | Val:   loss: 1.60656 | quality: 0.11111
Epoch 1 | Train: loss: 0.70580 | quality: 0.72170
        | Val:   loss: 1.24723 | quality: 0.44444
 *
Epoch 2 | Train: loss: 0.35251 | quality: 0.90094
        | Val:   loss: 1.82532 | quality: 0.44444
 *
Epoch 3 | Train: loss: 0.04899 | quality: 0.99528
        | Val:   loss: 4.18617 | quality: 0.46667
 *
Epoch 4 | Train: loss: 47.38060 | quality: 0.38679
        | Val:   loss: 22.68892 | quality: 0.33333

Epoch 5 | Train: loss: 113490328595683161566674455440413688589907408526956090892538201396179898912113435632796092579583802046676992.00000 | quality: 0.55189
        | Val:   loss: 52284909445714518318262014969631877706625687325290203789633810472309283760432856486529089021654565285527552.00000 | quality: 0.51111
 *

✗ NaN loss at epoch 6 - stopping training

✗ Exception at epoch 6: NaN loss encountered during NTN optimization at epoch 6
[2026-05-05 13:05:55,591][__main__][WARNING] - ✗ SINGULAR MMPO2/hearth/NTN L=4 bd=12 seed=10090 -> /zhome/6b/e/212868/GTN/outputs/ntn/hearth/MMPO2_rg5_init0.1/L4_bd12_seed10090 | val=0.5111
[2026-05-05 13:05:55,594][HYDRA] 	#2 : model.L=4 model.bond_dim=12 seed=32874 trainer.ridge=5 trainer.ridge_decay=0.25 trainer.ridge_min=0.0001 +experiment=uci_ntn_sweep model=mmpo2 dataset=hearth
[2026-05-05 13:05:55,769][__main__][INFO] - ▶ RUN MMPO2/hearth/NTN L=4 bd=12 seed=32874 -> /zhome/6b/e/212868/GTN/outputs/ntn/hearth/MMPO2_rg5_init0.1/L4_bd12_seed32874
Starting Fit: 20 epochs.
Sweep Order: ['0_MPS', '1_MPS', '2_MPS', '3_MPS', '2_MPS', '1_MPS']
Validation: Using separate validation set for best model selection
Early stopping: patience=10, min_delta=0.001
Init    | Train: loss: 1.60935 | quality: 0.18868
        | Val:   loss: 1.61086 | quality: 0.11111
Epoch 1 | Train: loss: 0.74375 | quality: 0.71226
        | Val:   loss: 1.32848 | quality: 0.40000
 *
Epoch 2 | Train: loss: 0.34190 | quality: 0.88679
        | Val:   loss: 1.93175 | quality: 0.40000
 *
Epoch 3 | Train: loss: 0.06312 | quality: 0.99528
        | Val:   loss: 3.86113 | quality: 0.40000
 *
Epoch 4 | Train: loss: 0.00084 | quality: 1.00000
        | Val:   loss: 8.09610 | quality: 0.44444
 *
Epoch 5 | Train: loss: 0.00000 | quality: 1.00000
        | Val:   loss: 14.30161 | quality: 0.42222

Epoch 6 | Train: loss: 0.00000 | quality: 1.00000
        | Val:   loss: 22.04175 | quality: 0.42222

Epoch 7 | Train: loss: 0.00000 | quality: 1.00000
        | Val:   loss: 29.35150 | quality: 0.42222

Epoch 8 | Train: loss: 0.00000 | quality: 1.00000
        | Val:   loss: 37.07600 | quality: 0.44444

Epoch 9 | Train: loss: 6280376337635.66016 | quality: 0.34434
        | Val:   loss: 3925348078902.32715 | quality: 0.35556


✗ NaN loss at epoch 10 - stopping training

✗ Exception at epoch 10: NaN loss encountered during NTN optimization at epoch 10
[2026-05-05 13:06:00,484][__main__][WARNING] - ✗ SINGULAR MMPO2/hearth/NTN L=4 bd=12 seed=32874 -> /zhome/6b/e/212868/GTN/outputs/ntn/hearth/MMPO2_rg5_init0.1/L4_bd12_seed32874 | val=0.4444
[2026-05-05 13:06:00,486][HYDRA] 	#3 : model.L=4 model.bond_dim=12 seed=47311 trainer.ridge=5 trainer.ridge_decay=0.25 trainer.ridge_min=0.0001 +experiment=uci_ntn_sweep model=mmpo2 dataset=hearth
[2026-05-05 13:06:00,654][__main__][INFO] - ▶ RUN MMPO2/hearth/NTN L=4 bd=12 seed=47311 -> /zhome/6b/e/212868/GTN/outputs/ntn/hearth/MMPO2_rg5_init0.1/L4_bd12_seed47311
Starting Fit: 20 epochs.
Sweep Order: ['0_MPS', '1_MPS', '2_MPS', '3_MPS', '2_MPS', '1_MPS']
Validation: Using separate validation set for best model selection
Early stopping: patience=10, min_delta=0.001
Init    | Train: loss: 1.60999 | quality: 0.14623
        | Val:   loss: 1.62213 | quality: 0.15556
Epoch 1 | Train: loss: 0.72085 | quality: 0.74528
        | Val:   loss: 1.23095 | quality: 0.48889
 *
Epoch 2 | Train: loss: 0.30615 | quality: 0.91981
        | Val:   loss: 1.59379 | quality: 0.53333
 *
Epoch 3 | Train: loss: 0.02931 | quality: 1.00000
        | Val:   loss: 3.52864 | quality: 0.51111

Epoch 4 | Train: loss: 0.00069 | quality: 1.00000
        | Val:   loss: 8.94211 | quality: 0.46667

Epoch 5 | Train: loss: 0.00000 | quality: 1.00000
        | Val:   loss: 16.46630 | quality: 0.48889

Epoch 6 | Train: loss: 0.00000 | quality: 1.00000
        | Val:   loss: 25.13410 | quality: 0.48889

Epoch 7 | Train: loss: 0.00000 | quality: 1.00000
        | Val:   loss: 34.39864 | quality: 0.48889

Epoch 8 | Train: loss: 0.00000 | quality: 1.00000
        | Val:   loss: 44.11644 | quality: 0.48889

Epoch 9 | Train: loss: 66713994408569840042105975941839359024248811637119655296554029847412736.00000 | quality: 0.44340
        | Val:   loss: 20944410694322051198814360457539301648895542773185384380188542030053376.00000 | quality: 0.42222


✗ NaN loss at epoch 10 - stopping training

✗ Exception at epoch 10: NaN loss encountered during NTN optimization at epoch 10
[2026-05-05 13:06:05,937][__main__][WARNING] - ✗ SINGULAR MMPO2/hearth/NTN L=4 bd=12 seed=47311 -> /zhome/6b/e/212868/GTN/outputs/ntn/hearth/MMPO2_rg5_init0.1/L4_bd12_seed47311 | val=0.5333
[2026-05-05 13:06:05,940][HYDRA] 	#4 : model.L=4 model.bond_dim=12 seed=47303 trainer.ridge=5 trainer.ridge_decay=0.25 trainer.ridge_min=0.0001 +experiment=uci_ntn_sweep model=mmpo2 dataset=hearth
[2026-05-05 13:06:06,106][__main__][INFO] - ▶ RUN MMPO2/hearth/NTN L=4 bd=12 seed=47303 -> /zhome/6b/e/212868/GTN/outputs/ntn/hearth/MMPO2_rg5_init0.1/L4_bd12_seed47303
Starting Fit: 20 epochs.
Sweep Order: ['0_MPS', '1_MPS', '2_MPS', '3_MPS', '2_MPS', '1_MPS']
Validation: Using separate validation set for best model selection
Early stopping: patience=10, min_delta=0.001
Init    | Train: loss: 1.61051 | quality: 0.15566
        | Val:   loss: 1.60949 | quality: 0.15556
Epoch 1 | Train: loss: 0.71112 | quality: 0.74057
        | Val:   loss: 1.18698 | quality: 0.48889
 *
Epoch 2 | Train: loss: 0.31687 | quality: 0.91509
        | Val:   loss: 1.87800 | quality: 0.40000

Epoch 3 | Train: loss: 2978.93248 | quality: 0.41981
        | Val:   loss: 3440.51881 | quality: 0.40000

Epoch 4 | Train: loss: 6686988826116079257583381684363584560271076544557787053982117886233466467540529717417175115054539961778816895388726589805040876131031643662679051043174176784384.00000 | quality: 0.15566
        | Val:   loss: 18090833525418669202535826601218160961182256175850842014405237565817370102803951459632326245819733590351313315828233081109250290641481099242858378983520927219712.00000 | quality: 0.15556


✗ NaN loss at epoch 5 - stopping training

✗ Exception at epoch 5: NaN loss encountered during NTN optimization at epoch 5
[2026-05-05 13:06:08,729][__main__][WARNING] - ✗ SINGULAR MMPO2/hearth/NTN L=4 bd=12 seed=47303 -> /zhome/6b/e/212868/GTN/outputs/ntn/hearth/MMPO2_rg5_init0.1/L4_bd12_seed47303 | val=0.4889
[2026-05-05 13:06:08,732][HYDRA] 	#5 : model.L=4 model.bond_dim=8 seed=42 trainer.ridge=5 trainer.ridge_decay=0.25 trainer.ridge_min=0.0001 +experiment=uci_ntn_sweep model=mmpo2 dataset=hearth
[2026-05-05 13:06:08,900][__main__][INFO] - ▶ RUN MMPO2/hearth/NTN L=4 bd=8 seed=42 -> /zhome/6b/e/212868/GTN/outputs/ntn/hearth/MMPO2_rg5_init0.1/L4_bd8_seed42
Starting Fit: 20 epochs.
Sweep Order: ['0_MPS', '1_MPS', '2_MPS', '3_MPS', '2_MPS', '1_MPS']
Validation: Using separate validation set for best model selection
Early stopping: patience=10, min_delta=0.001
Init    | Train: loss: 1.60910 | quality: 0.27358
        | Val:   loss: 1.60196 | quality: 0.20000
Epoch 1 | Train: loss: 0.86277 | quality: 0.65094
        | Val:   loss: 1.18295 | quality: 0.48889
 *
Epoch 2 | Train: loss: 0.53580 | quality: 0.80189
        | Val:   loss: 1.51116 | quality: 0.42222

Epoch 3 | Train: loss: 0.14481 | quality: 0.98585
        | Val:   loss: 3.45788 | quality: 0.40000

Epoch 4 | Train: loss: 0.01033 | quality: 1.00000
        | Val:   loss: 6.63242 | quality: 0.42222

Epoch 5 | Train: loss: 0.02673 | quality: 1.00000
        | Val:   loss: 5.60348 | quality: 0.44444

Epoch 6 | Train: loss: 0.00011 | quality: 1.00000
        | Val:   loss: 14.79412 | quality: 0.44444

Epoch 7 | Train: loss: 0.00000 | quality: 1.00000
        | Val:   loss: 24.29230 | quality: 0.46667

Epoch 8 | Train: loss: 0.00000 | quality: 1.00000
        | Val:   loss: 34.33006 | quality: 0.46667

Epoch 9 | Train: loss: 0.00000 | quality: 1.00000
        | Val:   loss: 44.66478 | quality: 0.46667

Epoch 10 | Train: loss: 0.00000 | quality: 1.00000
        | Val:   loss: 53.00083 | quality: 0.44444

Epoch 11 | Train: loss: 2634108624.09840 | quality: 0.50000
        | Val:   loss: 5600885416.58625 | quality: 0.42222


⏸ Early stopping at epoch 11 (best was epoch 1)
[2026-05-05 13:06:16,581][__main__][INFO] - ✓ DONE MMPO2/hearth/NTN L=4 bd=8 seed=42 -> /zhome/6b/e/212868/GTN/outputs/ntn/hearth/MMPO2_rg5_init0.1/L4_bd8_seed42 | val=0.4889
[2026-05-05 13:06:16,585][HYDRA] 	#6 : model.L=4 model.bond_dim=8 seed=10090 trainer.ridge=5 trainer.ridge_decay=0.25 trainer.ridge_min=0.0001 +experiment=uci_ntn_sweep model=mmpo2 dataset=hearth
[2026-05-05 13:06:16,785][__main__][INFO] - ▶ RUN MMPO2/hearth/NTN L=4 bd=8 seed=10090 -> /zhome/6b/e/212868/GTN/outputs/ntn/hearth/MMPO2_rg5_init0.1/L4_bd8_seed10090
Starting Fit: 20 epochs.
Sweep Order: ['0_MPS', '1_MPS', '2_MPS', '3_MPS', '2_MPS', '1_MPS']
Validation: Using separate validation set for best model selection
Early stopping: patience=10, min_delta=0.001
Init    | Train: loss: 1.60987 | quality: 0.14623
        | Val:   loss: 1.60831 | quality: 0.08889
Epoch 1 | Train: loss: 0.87667 | quality: 0.65094
        | Val:   loss: 1.16356 | quality: 0.48889
 *
Epoch 2 | Train: loss: 0.52455 | quality: 0.79717
        | Val:   loss: 1.43865 | quality: 0.44444

Epoch 3 | Train: loss: 0.15959 | quality: 0.98113
        | Val:   loss: 2.88139 | quality: 0.42222

Epoch 4 | Train: loss: 0.01165 | quality: 1.00000
        | Val:   loss: 6.87828 | quality: 0.42222

Epoch 5 | Train: loss: 0.00010 | quality: 1.00000
        | Val:   loss: 14.56149 | quality: 0.42222

Epoch 6 | Train: loss: 0.00000 | quality: 1.00000
        | Val:   loss: 23.35741 | quality: 0.42222

Epoch 7 | Train: loss: 0.00000 | quality: 1.00000
        | Val:   loss: 32.56830 | quality: 0.42222

Epoch 8 | Train: loss: 0.00000 | quality: 1.00000
        | Val:   loss: 42.23967 | quality: 0.42222

Epoch 9 | Train: loss: 79285423328199360425189477305024512.00000 | quality: 0.36321
        | Val:   loss: 88527423321133508526429052797452288.00000 | quality: 0.40000


✗ NaN loss at epoch 10 - stopping training

✗ Exception at epoch 10: NaN loss encountered during NTN optimization at epoch 10
[2026-05-05 13:06:25,748][__main__][WARNING] - ✗ SINGULAR MMPO2/hearth/NTN L=4 bd=8 seed=10090 -> /zhome/6b/e/212868/GTN/outputs/ntn/hearth/MMPO2_rg5_init0.1/L4_bd8_seed10090 | val=0.4889
[2026-05-05 13:06:25,750][HYDRA] 	#7 : model.L=4 model.bond_dim=8 seed=32874 trainer.ridge=5 trainer.ridge_decay=0.25 trainer.ridge_min=0.0001 +experiment=uci_ntn_sweep model=mmpo2 dataset=hearth
[2026-05-05 13:06:25,916][__main__][INFO] - ▶ RUN MMPO2/hearth/NTN L=4 bd=8 seed=32874 -> /zhome/6b/e/212868/GTN/outputs/ntn/hearth/MMPO2_rg5_init0.1/L4_bd8_seed32874
Starting Fit: 20 epochs.
Sweep Order: ['0_MPS', '1_MPS', '2_MPS', '3_MPS', '2_MPS', '1_MPS']
Validation: Using separate validation set for best model selection
Early stopping: patience=10, min_delta=0.001
Init    | Train: loss: 1.61022 | quality: 0.22642
        | Val:   loss: 1.60273 | quality: 0.28889
Epoch 1 | Train: loss: 0.88311 | quality: 0.66509
        | Val:   loss: 1.36059 | quality: 0.53333
 *
Epoch 2 | Train: loss: 0.54358 | quality: 0.81132
        | Val:   loss: 1.55947 | quality: 0.42222

Epoch 3 | Train: loss: 0.14360 | quality: 0.99057
        | Val:   loss: 2.59265 | quality: 0.48889

Epoch 4 | Train: loss: 4739.74750 | quality: 0.26887
        | Val:   loss: 1732.15006 | quality: 0.40000


✗ NaN loss at epoch 5 - stopping training

✗ Exception at epoch 5: NaN loss encountered during NTN optimization at epoch 5
[2026-05-05 13:06:28,556][__main__][WARNING] - ✗ SINGULAR MMPO2/hearth/NTN L=4 bd=8 seed=32874 -> /zhome/6b/e/212868/GTN/outputs/ntn/hearth/MMPO2_rg5_init0.1/L4_bd8_seed32874 | val=0.5333
[2026-05-05 13:06:28,558][HYDRA] 	#8 : model.L=4 model.bond_dim=8 seed=47311 trainer.ridge=5 trainer.ridge_decay=0.25 trainer.ridge_min=0.0001 +experiment=uci_ntn_sweep model=mmpo2 dataset=hearth
[2026-05-05 13:06:28,724][__main__][INFO] - ▶ RUN MMPO2/hearth/NTN L=4 bd=8 seed=47311 -> /zhome/6b/e/212868/GTN/outputs/ntn/hearth/MMPO2_rg5_init0.1/L4_bd8_seed47311
Starting Fit: 20 epochs.
Sweep Order: ['0_MPS', '1_MPS', '2_MPS', '3_MPS', '2_MPS', '1_MPS']
Validation: Using separate validation set for best model selection
Early stopping: patience=10, min_delta=0.001
Init    | Train: loss: 1.60849 | quality: 0.24528
        | Val:   loss: 1.60758 | quality: 0.11111
Epoch 1 | Train: loss: 0.88624 | quality: 0.66981
        | Val:   loss: 1.19182 | quality: 0.48889
 *
Epoch 2 | Train: loss: 0.49348 | quality: 0.83491
        | Val:   loss: 1.48026 | quality: 0.48889
 *
Epoch 3 | Train: loss: 0.14508 | quality: 0.97642
        | Val:   loss: 2.50793 | quality: 0.48889
 *
Epoch 4 | Train: loss: 0.01654 | quality: 1.00000
        | Val:   loss: 6.76361 | quality: 0.40000

Epoch 5 | Train: loss: 0.00016 | quality: 1.00000
        | Val:   loss: 15.20062 | quality: 0.44444

Epoch 6 | Train: loss: 0.00000 | quality: 1.00000
        | Val:   loss: 24.44074 | quality: 0.42222

Epoch 7 | Train: loss: 0.00000 | quality: 1.00000
        | Val:   loss: 34.92594 | quality: 0.42222

Epoch 8 | Train: loss: 0.00000 | quality: 1.00000
        | Val:   loss: 45.64158 | quality: 0.42222

Epoch 9 | Train: loss: 3277191614868803723174928061199431524058473883231992848318464.00000 | quality: 0.05189
        | Val:   loss: 18221164580097898895772564982193620864090373089020813647020032.00000 | quality: 0.06667


✗ NaN loss at epoch 10 - stopping training

✗ Exception at epoch 10: NaN loss encountered during NTN optimization at epoch 10
[2026-05-05 13:06:31,744][__main__][WARNING] - ✗ SINGULAR MMPO2/hearth/NTN L=4 bd=8 seed=47311 -> /zhome/6b/e/212868/GTN/outputs/ntn/hearth/MMPO2_rg5_init0.1/L4_bd8_seed47311 | val=0.4889
[2026-05-05 13:06:31,746][HYDRA] 	#9 : model.L=4 model.bond_dim=8 seed=47303 trainer.ridge=5 trainer.ridge_decay=0.25 trainer.ridge_min=0.0001 +experiment=uci_ntn_sweep model=mmpo2 dataset=hearth
[2026-05-05 13:06:31,906][__main__][INFO] - ▶ RUN MMPO2/hearth/NTN L=4 bd=8 seed=47303 -> /zhome/6b/e/212868/GTN/outputs/ntn/hearth/MMPO2_rg5_init0.1/L4_bd8_seed47303
Starting Fit: 20 epochs.
Sweep Order: ['0_MPS', '1_MPS', '2_MPS', '3_MPS', '2_MPS', '1_MPS']
Validation: Using separate validation set for best model selection
Early stopping: patience=10, min_delta=0.001
Init    | Train: loss: 1.61141 | quality: 0.08962
        | Val:   loss: 1.61754 | quality: 0.13333
Epoch 1 | Train: loss: 0.86725 | quality: 0.66981
        | Val:   loss: 1.21389 | quality: 0.46667
 *
Epoch 2 | Train: loss: 0.52166 | quality: 0.79717
        | Val:   loss: 1.52202 | quality: 0.37778

Epoch 3 | Train: loss: 0.17685 | quality: 0.97170
        | Val:   loss: 2.24738 | quality: 0.37778

Epoch 4 | Train: loss: 0.02921 | quality: 0.99528
        | Val:   loss: 5.58278 | quality: 0.46667
 *
Epoch 5 | Train: loss: 0.00030 | quality: 1.00000
        | Val:   loss: 13.97073 | quality: 0.48889
 *
Epoch 6 | Train: loss: 0.00000 | quality: 1.00000
        | Val:   loss: 24.52642 | quality: 0.48889

Epoch 7 | Train: loss: 0.00000 | quality: 1.00000
        | Val:   loss: 36.08299 | quality: 0.44444

Epoch 8 | Train: loss: 0.00000 | quality: 1.00000
        | Val:   loss: 48.34490 | quality: 0.44444

Epoch 9 | Train: loss: 1.57276 | quality: 0.49057
        | Val:   loss: 1.61518 | quality: 0.37778

Epoch 10 | Train: loss: 66198255001620030841153952823094958427941493251828183137999832077951070340146296498299703957059944476841873520468664342283399784261351593652653487617961099264.00000 | quality: 0.25000
        | Val:   loss: 69452417672754850564125274454968576761010260862953150884438723117205866288227667987575525615509344005482073073696676133210823622751856364205436558471768047616.00000 | quality: 0.28889


✗ NaN loss at epoch 11 - stopping training

✗ Exception at epoch 11: NaN loss encountered during NTN optimization at epoch 11
[2026-05-05 13:06:35,297][__main__][WARNING] - ✗ SINGULAR MMPO2/hearth/NTN L=4 bd=8 seed=47303 -> /zhome/6b/e/212868/GTN/outputs/ntn/hearth/MMPO2_rg5_init0.1/L4_bd8_seed47303 | val=0.4889
[2026-05-05 13:06:35,299][HYDRA] 	#10 : model.L=4 model.bond_dim=4 seed=42 trainer.ridge=5 trainer.ridge_decay=0.25 trainer.ridge_min=0.0001 +experiment=uci_ntn_sweep model=mmpo2 dataset=hearth
[2026-05-05 13:06:35,473][__main__][INFO] - ▶ RUN MMPO2/hearth/NTN L=4 bd=4 seed=42 -> /zhome/6b/e/212868/GTN/outputs/ntn/hearth/MMPO2_rg5_init0.1/L4_bd4_seed42
Starting Fit: 20 epochs.
Sweep Order: ['0_MPS', '1_MPS', '2_MPS', '3_MPS', '2_MPS', '1_MPS']
Validation: Using separate validation set for best model selection
Early stopping: patience=10, min_delta=0.001
Init    | Train: loss: 1.61324 | quality: 0.09906
        | Val:   loss: 1.62229 | quality: 0.22222
Epoch 1 | Train: loss: 1.14257 | quality: 0.60849
        | Val:   loss: 1.35816 | quality: 0.48889
 *
Epoch 2 | Train: loss: 0.75608 | quality: 0.71226
        | Val:   loss: 1.36896 | quality: 0.46667

Epoch 3 | Train: loss: 0.45648 | quality: 0.83962
        | Val:   loss: 1.76364 | quality: 0.37778

Epoch 4 | Train: loss: 0.15999 | quality: 0.97642
        | Val:   loss: 4.78338 | quality: 0.35556

Epoch 5 | Train: loss: 776.09333 | quality: 0.20755
        | Val:   loss: 1489.98040 | quality: 0.17778

Epoch 6 | Train: loss: 4868075065768119788826605399798649851477810479074504313233078012061117230260984899529517736737412954899600316324613069186257793988322918400.00000 | quality: 0.16509
        | Val:   loss: 5793723479258499319742911653876613139600967420091641365061227406284080656701561096978889576277233279026976776211123635770411780443618672640.00000 | quality: 0.20000


✗ NaN loss at epoch 7 - stopping training

✗ Exception at epoch 7: NaN loss encountered during NTN optimization at epoch 7
[2026-05-05 13:06:47,864][__main__][WARNING] - ✗ SINGULAR MMPO2/hearth/NTN L=4 bd=4 seed=42 -> /zhome/6b/e/212868/GTN/outputs/ntn/hearth/MMPO2_rg5_init0.1/L4_bd4_seed42 | val=0.4889
[2026-05-05 13:06:47,866][HYDRA] 	#11 : model.L=4 model.bond_dim=4 seed=10090 trainer.ridge=5 trainer.ridge_decay=0.25 trainer.ridge_min=0.0001 +experiment=uci_ntn_sweep model=mmpo2 dataset=hearth
[2026-05-05 13:06:48,059][__main__][INFO] - ▶ RUN MMPO2/hearth/NTN L=4 bd=4 seed=10090 -> /zhome/6b/e/212868/GTN/outputs/ntn/hearth/MMPO2_rg5_init0.1/L4_bd4_seed10090
Starting Fit: 20 epochs.
Sweep Order: ['0_MPS', '1_MPS', '2_MPS', '3_MPS', '2_MPS', '1_MPS']
Validation: Using separate validation set for best model selection
Early stopping: patience=10, min_delta=0.001
Init    | Train: loss: 1.61692 | quality: 0.13679
        | Val:   loss: 1.66486 | quality: 0.08889
Epoch 1 | Train: loss: 1.07308 | quality: 0.60377
        | Val:   loss: 1.29146 | quality: 0.51111
 *
Epoch 2 | Train: loss: 0.75937 | quality: 0.70755
        | Val:   loss: 1.25964 | quality: 0.42222

Epoch 3 | Train: loss: 0.49531 | quality: 0.80660
        | Val:   loss: 3.32371 | quality: 0.40000

Epoch 4 | Train: loss: 0.17398 | quality: 0.97170
        | Val:   loss: 6.99062 | quality: 0.44444

Epoch 5 | Train: loss: 0.52751 | quality: 0.92453
        | Val:   loss: 7.22538 | quality: 0.44444

Epoch 6 | Train: loss: 6095340372308437939351442911082860495217993246048256.00000 | quality: 0.12264
        | Val:   loss: 4390656708848464232545891802184916832784146877120512.00000 | quality: 0.13333


✗ NaN loss at epoch 7 - stopping training

✗ Exception at epoch 7: NaN loss encountered during NTN optimization at epoch 7
[2026-05-05 13:06:50,231][__main__][WARNING] - ✗ SINGULAR MMPO2/hearth/NTN L=4 bd=4 seed=10090 -> /zhome/6b/e/212868/GTN/outputs/ntn/hearth/MMPO2_rg5_init0.1/L4_bd4_seed10090 | val=0.5111
[2026-05-05 13:06:50,233][HYDRA] 	#12 : model.L=4 model.bond_dim=4 seed=32874 trainer.ridge=5 trainer.ridge_decay=0.25 trainer.ridge_min=0.0001 +experiment=uci_ntn_sweep model=mmpo2 dataset=hearth
[2026-05-05 13:06:50,403][__main__][INFO] - ▶ RUN MMPO2/hearth/NTN L=4 bd=4 seed=32874 -> /zhome/6b/e/212868/GTN/outputs/ntn/hearth/MMPO2_rg5_init0.1/L4_bd4_seed32874
Starting Fit: 20 epochs.
Sweep Order: ['0_MPS', '1_MPS', '2_MPS', '3_MPS', '2_MPS', '1_MPS']
Validation: Using separate validation set for best model selection
Early stopping: patience=10, min_delta=0.001
Init    | Train: loss: 1.60676 | quality: 0.23585
        | Val:   loss: 1.60032 | quality: 0.28889
Epoch 1 | Train: loss: 1.17370 | quality: 0.59906
        | Val:   loss: 1.38794 | quality: 0.48889
 *
Epoch 2 | Train: loss: 0.76278 | quality: 0.68396
        | Val:   loss: 1.18409 | quality: 0.46667

Epoch 3 | Train: loss: 0.52674 | quality: 0.79245
        | Val:   loss: 1.53756 | quality: 0.42222

Epoch 4 | Train: loss: 0.20720 | quality: 0.96226
        | Val:   loss: 3.07902 | quality: 0.44444

Epoch 5 | Train: loss: 0.03942 | quality: 0.99528
        | Val:   loss: 6.69384 | quality: 0.37778

Epoch 6 | Train: loss: 0.00145 | quality: 1.00000
        | Val:   loss: 14.80234 | quality: 0.40000

Epoch 7 | Train: loss: 0.00001 | quality: 1.00000
        | Val:   loss: 28.03785 | quality: 0.40000

Epoch 8 | Train: loss: 0.00000 | quality: 1.00000
        | Val:   loss: 43.21638 | quality: 0.42222

Epoch 9 | Train: loss: 0.00000 | quality: 1.00000
        | Val:   loss: 58.53027 | quality: 0.42222

Epoch 10 | Train: loss: 0.00000 | quality: 1.00000
        | Val:   loss: 73.51506 | quality: 0.42222

Epoch 11 | Train: loss: 31528.28719 | quality: 0.14623
        | Val:   loss: 26699.44687 | quality: 0.20000


⏸ Early stopping at epoch 11 (best was epoch 1)
[2026-05-05 13:06:54,975][__main__][INFO] - ✓ DONE MMPO2/hearth/NTN L=4 bd=4 seed=32874 -> /zhome/6b/e/212868/GTN/outputs/ntn/hearth/MMPO2_rg5_init0.1/L4_bd4_seed32874 | val=0.4889
[2026-05-05 13:06:54,977][HYDRA] 	#13 : model.L=4 model.bond_dim=4 seed=47311 trainer.ridge=5 trainer.ridge_decay=0.25 trainer.ridge_min=0.0001 +experiment=uci_ntn_sweep model=mmpo2 dataset=hearth
[2026-05-05 13:06:55,140][__main__][INFO] - ▶ RUN MMPO2/hearth/NTN L=4 bd=4 seed=47311 -> /zhome/6b/e/212868/GTN/outputs/ntn/hearth/MMPO2_rg5_init0.1/L4_bd4_seed47311
Starting Fit: 20 epochs.
Sweep Order: ['0_MPS', '1_MPS', '2_MPS', '3_MPS', '2_MPS', '1_MPS']
Validation: Using separate validation set for best model selection
Early stopping: patience=10, min_delta=0.001
Init    | Train: loss: 1.60866 | quality: 0.20283
        | Val:   loss: 1.60837 | quality: 0.11111
Epoch 1 | Train: loss: 1.15480 | quality: 0.59906
        | Val:   loss: 1.29053 | quality: 0.53333
 *
Epoch 2 | Train: loss: 0.75783 | quality: 0.68868
        | Val:   loss: 1.17260 | quality: 0.51111

Epoch 3 | Train: loss: 0.48013 | quality: 0.83019
        | Val:   loss: 1.52116 | quality: 0.42222

Epoch 4 | Train: loss: 0.17637 | quality: 0.97170
        | Val:   loss: 3.59525 | quality: 0.46667

Epoch 5 | Train: loss: 358.71509 | quality: 0.15094
        | Val:   loss: 335.10351 | quality: 0.13333


✗ NaN loss at epoch 6 - stopping training

✗ Exception at epoch 6: NaN loss encountered during NTN optimization at epoch 6
[2026-05-05 13:06:57,049][__main__][WARNING] - ✗ SINGULAR MMPO2/hearth/NTN L=4 bd=4 seed=47311 -> /zhome/6b/e/212868/GTN/outputs/ntn/hearth/MMPO2_rg5_init0.1/L4_bd4_seed47311 | val=0.5333
[2026-05-05 13:06:57,051][HYDRA] 	#14 : model.L=4 model.bond_dim=4 seed=47303 trainer.ridge=5 trainer.ridge_decay=0.25 trainer.ridge_min=0.0001 +experiment=uci_ntn_sweep model=mmpo2 dataset=hearth
[2026-05-05 13:06:57,222][__main__][INFO] - ▶ RUN MMPO2/hearth/NTN L=4 bd=4 seed=47303 -> /zhome/6b/e/212868/GTN/outputs/ntn/hearth/MMPO2_rg5_init0.1/L4_bd4_seed47303
Starting Fit: 20 epochs.
Sweep Order: ['0_MPS', '1_MPS', '2_MPS', '3_MPS', '2_MPS', '1_MPS']
Validation: Using separate validation set for best model selection
Early stopping: patience=10, min_delta=0.001
Init    | Train: loss: 1.60755 | quality: 0.20755
        | Val:   loss: 1.62327 | quality: 0.33333
Epoch 1 | Train: loss: 1.19728 | quality: 0.59434
        | Val:   loss: 1.37337 | quality: 0.53333
 *
Epoch 2 | Train: loss: 0.76231 | quality: 0.69811
        | Val:   loss: 1.26380 | quality: 0.44444

Epoch 3 | Train: loss: 0.48848 | quality: 0.79245
        | Val:   loss: 1.88380 | quality: 0.37778

Epoch 4 | Train: loss: 0.24407 | quality: 0.93868
        | Val:   loss: 2.65900 | quality: 0.44444

Epoch 5 | Train: loss: 25274386.00792 | quality: 0.31604
        | Val:   loss: 68347179.41395 | quality: 0.40000

Epoch 6 | Train: loss: 1529179184479594777309107798803373435228952353084718573897827577685757758433736840687865718224803485296710795635981103436846900750673577757124897048309311408942856959046827450319427461694502483493353968851127954351583610552159747372459541259005263301451697528766464.00000 | quality: 0.35377
        | Val:   loss: 4752087103785951647850927003538785227469764963485924439968971672130562146541205033448802627859147897135784994009831454563452373837317615550006299936974940257877218901548584186743231646847700205416482759561547668024194293449040595106506643925386677154834999941267456.00000 | quality: 0.44444


✗ NaN loss at epoch 7 - stopping training

✗ Exception at epoch 7: NaN loss encountered during NTN optimization at epoch 7
[2026-05-05 13:06:59,259][__main__][WARNING] - ✗ SINGULAR MMPO2/hearth/NTN L=4 bd=4 seed=47303 -> /zhome/6b/e/212868/GTN/outputs/ntn/hearth/MMPO2_rg5_init0.1/L4_bd4_seed47303 | val=0.5333
[2026-05-05 13:06:59,262][HYDRA] 	#15 : model.L=3 model.bond_dim=12 seed=42 trainer.ridge=5 trainer.ridge_decay=0.25 trainer.ridge_min=0.0001 +experiment=uci_ntn_sweep model=mmpo2 dataset=hearth
[2026-05-05 13:06:59,430][__main__][INFO] - ▶ RUN MMPO2/hearth/NTN L=3 bd=12 seed=42 -> /zhome/6b/e/212868/GTN/outputs/ntn/hearth/MMPO2_rg5_init0.1/L3_bd12_seed42
Starting Fit: 20 epochs.
Sweep Order: ['0_MPS', '1_MPS', '2_MPS', '1_MPS']
Validation: Using separate validation set for best model selection
Early stopping: patience=10, min_delta=0.001
Init    | Train: loss: 1.61025 | quality: 0.24057
        | Val:   loss: 1.60915 | quality: 0.17778
Epoch 1 | Train: loss: 0.78383 | quality: 0.73113
        | Val:   loss: 1.14098 | quality: 0.53333
 *
Epoch 2 | Train: loss: 0.42204 | quality: 0.90094
        | Val:   loss: 1.29826 | quality: 0.46667

Epoch 3 | Train: loss: 0.11328 | quality: 0.99528
        | Val:   loss: 2.13076 | quality: 0.46667

Epoch 4 | Train: loss: 0.01033 | quality: 1.00000
        | Val:   loss: 4.27890 | quality: 0.51111

Epoch 5 | Train: loss: 0.00040 | quality: 1.00000
        | Val:   loss: 7.70578 | quality: 0.51111

Epoch 6 | Train: loss: 0.00001 | quality: 1.00000
        | Val:   loss: 11.63362 | quality: 0.48889

Epoch 7 | Train: loss: 0.00000 | quality: 1.00000
        | Val:   loss: 15.80728 | quality: 0.48889

Epoch 8 | Train: loss: 0.00000 | quality: 1.00000
        | Val:   loss: 20.03792 | quality: 0.48889

Epoch 9 | Train: loss: 0.00000 | quality: 1.00000
        | Val:   loss: 24.22283 | quality: 0.48889

Epoch 10 | Train: loss: 0.00000 | quality: 1.00000
        | Val:   loss: 28.24107 | quality: 0.48889

Epoch 11 | Train: loss: 0.00000 | quality: 1.00000
        | Val:   loss: 32.62362 | quality: 0.48889


⏸ Early stopping at epoch 11 (best was epoch 1)
[2026-05-05 13:07:01,928][__main__][INFO] - ✓ DONE MMPO2/hearth/NTN L=3 bd=12 seed=42 -> /zhome/6b/e/212868/GTN/outputs/ntn/hearth/MMPO2_rg5_init0.1/L3_bd12_seed42 | val=0.5333
[2026-05-05 13:07:01,930][HYDRA] 	#16 : model.L=3 model.bond_dim=12 seed=10090 trainer.ridge=5 trainer.ridge_decay=0.25 trainer.ridge_min=0.0001 +experiment=uci_ntn_sweep model=mmpo2 dataset=hearth
[2026-05-05 13:07:02,099][__main__][INFO] - ▶ RUN MMPO2/hearth/NTN L=3 bd=12 seed=10090 -> /zhome/6b/e/212868/GTN/outputs/ntn/hearth/MMPO2_rg5_init0.1/L3_bd12_seed10090
Starting Fit: 20 epochs.
Sweep Order: ['0_MPS', '1_MPS', '2_MPS', '1_MPS']
Validation: Using separate validation set for best model selection
Early stopping: patience=10, min_delta=0.001
Init    | Train: loss: 1.61035 | quality: 0.25472
        | Val:   loss: 1.62592 | quality: 0.24444
Epoch 1 | Train: loss: 0.77300 | quality: 0.74528
        | Val:   loss: 1.20507 | quality: 0.48889
 *
Epoch 2 | Train: loss: 0.42565 | quality: 0.87736
        | Val:   loss: 1.43111 | quality: 0.46667

Epoch 3 | Train: loss: 0.11994 | quality: 0.99057
        | Val:   loss: 2.23391 | quality: 0.46667

Epoch 4 | Train: loss: 0.01001 | quality: 1.00000
        | Val:   loss: 4.18275 | quality: 0.53333
 *
Epoch 5 | Train: loss: 0.00037 | quality: 1.00000
        | Val:   loss: 7.21305 | quality: 0.51111

Epoch 6 | Train: loss: 0.00001 | quality: 1.00000
        | Val:   loss: 10.85270 | quality: 0.51111

Epoch 7 | Train: loss: 0.00000 | quality: 1.00000
        | Val:   loss: 14.78945 | quality: 0.51111

Epoch 8 | Train: loss: 0.00000 | quality: 1.00000
        | Val:   loss: 18.91994 | quality: 0.48889

Epoch 9 | Train: loss: 0.00000 | quality: 1.00000
        | Val:   loss: 23.10009 | quality: 0.48889

Epoch 10 | Train: loss: 0.00000 | quality: 1.00000
        | Val:   loss: 27.17357 | quality: 0.48889

Epoch 11 | Train: loss: 0.06896 | quality: 0.99528
        | Val:   loss: 35.23016 | quality: 0.51111

Epoch 12 | Train: loss: 442327919513419390087794622443290837657182803400810557168953333120985396366831384674926711761933196712035458321108748405475107979921332180604360989308238050344194033384308494059572034714184296955904.00000 | quality: 0.40094
        | Val:   loss: 793345625161568023877743458557056556537003485559496312837153029704189455414201193292830732171906707200917775402030113636908661928008413799868012227608272756115055905777697042623996199065934446460928.00000 | quality: 0.37778


✗ NaN loss at epoch 13 - stopping training

✗ Exception at epoch 13: NaN loss encountered during NTN optimization at epoch 13
[2026-05-05 13:07:05,035][__main__][WARNING] - ✗ SINGULAR MMPO2/hearth/NTN L=3 bd=12 seed=10090 -> /zhome/6b/e/212868/GTN/outputs/ntn/hearth/MMPO2_rg5_init0.1/L3_bd12_seed10090 | val=0.5333
[2026-05-05 13:07:05,037][HYDRA] 	#17 : model.L=3 model.bond_dim=12 seed=32874 trainer.ridge=5 trainer.ridge_decay=0.25 trainer.ridge_min=0.0001 +experiment=uci_ntn_sweep model=mmpo2 dataset=hearth
[2026-05-05 13:07:05,201][__main__][INFO] - ▶ RUN MMPO2/hearth/NTN L=3 bd=12 seed=32874 -> /zhome/6b/e/212868/GTN/outputs/ntn/hearth/MMPO2_rg5_init0.1/L3_bd12_seed32874
Starting Fit: 20 epochs.
Sweep Order: ['0_MPS', '1_MPS', '2_MPS', '1_MPS']
Validation: Using separate validation set for best model selection
Early stopping: patience=10, min_delta=0.001
Init    | Train: loss: 1.61389 | quality: 0.16038
        | Val:   loss: 1.60688 | quality: 0.13333
Epoch 1 | Train: loss: 0.82433 | quality: 0.73113
        | Val:   loss: 1.16520 | quality: 0.48889
 *
Epoch 2 | Train: loss: 0.43951 | quality: 0.88208
        | Val:   loss: 1.40123 | quality: 0.44444

Epoch 3 | Train: loss: 0.12027 | quality: 0.99057
        | Val:   loss: 2.25322 | quality: 0.48889
 *
Epoch 4 | Train: loss: 0.01088 | quality: 1.00000
        | Val:   loss: 4.18751 | quality: 0.51111
 *
Epoch 5 | Train: loss: 0.00042 | quality: 1.00000
        | Val:   loss: 7.04560 | quality: 0.53333
 *
Epoch 6 | Train: loss: 0.00001 | quality: 1.00000
        | Val:   loss: 10.54039 | quality: 0.53333

Epoch 7 | Train: loss: 0.00000 | quality: 1.00000
        | Val:   loss: 14.39252 | quality: 0.53333

Epoch 8 | Train: loss: 0.00000 | quality: 1.00000
        | Val:   loss: 18.34508 | quality: 0.53333

Epoch 9 | Train: loss: 0.00000 | quality: 1.00000
        | Val:   loss: 22.33511 | quality: 0.53333

Epoch 10 | Train: loss: 0.00000 | quality: 1.00000
        | Val:   loss: 26.36883 | quality: 0.53333

Epoch 11 | Train: loss: 0.00000 | quality: 1.00000
        | Val:   loss: 29.69433 | quality: 0.53333

Epoch 12 | Train: loss: 2562.41349 | quality: 0.27830
        | Val:   loss: 3854.08719 | quality: 0.17778

Epoch 13 | Train: loss: 5338985548920372945810188457851486208.00000 | quality: 0.12736
        | Val:   loss: 5564283456330905662377727124767244288.00000 | quality: 0.11111

Epoch 14 | Train: loss: 1401567629162541351088546783966399568778966269270842289108684604813685083662529222066722671076452384659215150733119456752481376053723190660441103763843133100787662558776748675663905695933929851040864604445291962196777413341021347819470410289802942807915280926957895680.00000 | quality: 0.12264
        | Val:   loss: 1161331605303331323179167081636666500351556951166498503875887528674439553539826067772993801953683226065879978368630614031228940556862120213892248172155091500140172635551407864177478812058039552167641243522472210192034330134034508765238199422783155329971994557553836032.00000 | quality: 0.11111


✗ NaN loss at epoch 15 - stopping training

✗ Exception at epoch 15: NaN loss encountered during NTN optimization at epoch 15
[2026-05-05 13:07:09,271][__main__][WARNING] - ✗ SINGULAR MMPO2/hearth/NTN L=3 bd=12 seed=32874 -> /zhome/6b/e/212868/GTN/outputs/ntn/hearth/MMPO2_rg5_init0.1/L3_bd12_seed32874 | val=0.5333
[2026-05-05 13:07:09,273][HYDRA] 	#18 : model.L=3 model.bond_dim=12 seed=47311 trainer.ridge=5 trainer.ridge_decay=0.25 trainer.ridge_min=0.0001 +experiment=uci_ntn_sweep model=mmpo2 dataset=hearth
[2026-05-05 13:07:09,441][__main__][INFO] - ▶ RUN MMPO2/hearth/NTN L=3 bd=12 seed=47311 -> /zhome/6b/e/212868/GTN/outputs/ntn/hearth/MMPO2_rg5_init0.1/L3_bd12_seed47311
Starting Fit: 20 epochs.
Sweep Order: ['0_MPS', '1_MPS', '2_MPS', '1_MPS']
Validation: Using separate validation set for best model selection
Early stopping: patience=10, min_delta=0.001
Init    | Train: loss: 1.60842 | quality: 0.23113
        | Val:   loss: 1.62738 | quality: 0.28889
Epoch 1 | Train: loss: 0.81544 | quality: 0.67925
        | Val:   loss: 1.13781 | quality: 0.53333
 *
Epoch 2 | Train: loss: 0.42042 | quality: 0.90094
        | Val:   loss: 1.30134 | quality: 0.48889

Epoch 3 | Train: loss: 0.11166 | quality: 0.99528
        | Val:   loss: 1.94877 | quality: 0.44444

Epoch 4 | Train: loss: 0.00952 | quality: 1.00000
        | Val:   loss: 3.77605 | quality: 0.48889

Epoch 5 | Train: loss: 0.00036 | quality: 1.00000
        | Val:   loss: 6.43851 | quality: 0.51111

Epoch 6 | Train: loss: 0.00001 | quality: 1.00000
        | Val:   loss: 9.52055 | quality: 0.51111

Epoch 7 | Train: loss: 0.00000 | quality: 1.00000
        | Val:   loss: 12.78734 | quality: 0.51111

Epoch 8 | Train: loss: 0.00000 | quality: 1.00000
        | Val:   loss: 16.16207 | quality: 0.53333
 *
Epoch 9 | Train: loss: 0.00000 | quality: 1.00000
        | Val:   loss: 19.61516 | quality: 0.51111

Epoch 10 | Train: loss: 0.00000 | quality: 1.00000
        | Val:   loss: 23.52446 | quality: 0.51111

Epoch 11 | Train: loss: 349167175.41919 | quality: 0.20755
        | Val:   loss: 316421617.82663 | quality: 0.13333

Epoch 12 | Train: loss: 1789156008404701447346672805121360178964153494199226303036431680551822141759059656704.00000 | quality: 0.12264
        | Val:   loss: 1556190033196444713896040767844306690764561050465820519141229857816278676546185592832.00000 | quality: 0.06667


✗ NaN loss at epoch 13 - stopping training

✗ Exception at epoch 13: NaN loss encountered during NTN optimization at epoch 13
[2026-05-05 13:07:12,220][__main__][WARNING] - ✗ SINGULAR MMPO2/hearth/NTN L=3 bd=12 seed=47311 -> /zhome/6b/e/212868/GTN/outputs/ntn/hearth/MMPO2_rg5_init0.1/L3_bd12_seed47311 | val=0.5333
[2026-05-05 13:07:12,222][HYDRA] 	#19 : model.L=3 model.bond_dim=12 seed=47303 trainer.ridge=5 trainer.ridge_decay=0.25 trainer.ridge_min=0.0001 +experiment=uci_ntn_sweep model=mmpo2 dataset=hearth
[2026-05-05 13:07:12,389][__main__][INFO] - ▶ RUN MMPO2/hearth/NTN L=3 bd=12 seed=47303 -> /zhome/6b/e/212868/GTN/outputs/ntn/hearth/MMPO2_rg5_init0.1/L3_bd12_seed47303
Starting Fit: 20 epochs.
Sweep Order: ['0_MPS', '1_MPS', '2_MPS', '1_MPS']
Validation: Using separate validation set for best model selection
Early stopping: patience=10, min_delta=0.001
Init    | Train: loss: 1.60983 | quality: 0.18396
        | Val:   loss: 1.61128 | quality: 0.13333
Epoch 1 | Train: loss: 0.79849 | quality: 0.70755
        | Val:   loss: 1.13211 | quality: 0.51111
 *
Epoch 2 | Train: loss: 0.44551 | quality: 0.87736
        | Val:   loss: 1.36129 | quality: 0.42222

Epoch 3 | Train: loss: 0.12697 | quality: 0.99057
        | Val:   loss: 2.07267 | quality: 0.42222

Epoch 4 | Train: loss: 0.01168 | quality: 1.00000
        | Val:   loss: 3.84576 | quality: 0.51111
 *
Epoch 5 | Train: loss: 0.00047 | quality: 1.00000
        | Val:   loss: 6.87528 | quality: 0.46667

Epoch 6 | Train: loss: 0.00001 | quality: 1.00000
        | Val:   loss: 10.52026 | quality: 0.46667

Epoch 7 | Train: loss: 0.00000 | quality: 1.00000
        | Val:   loss: 14.36186 | quality: 0.46667

Epoch 8 | Train: loss: 0.00000 | quality: 1.00000
        | Val:   loss: 18.21517 | quality: 0.46667

Epoch 9 | Train: loss: 0.00000 | quality: 1.00000
        | Val:   loss: 22.02652 | quality: 0.46667

Epoch 10 | Train: loss: 0.00000 | quality: 1.00000
        | Val:   loss: 25.84267 | quality: 0.46667

Epoch 11 | Train: loss: 0.00000 | quality: 1.00000
        | Val:   loss: 30.23514 | quality: 0.46667

Epoch 12 | Train: loss: 5.81727 | quality: 0.74057
        | Val:   loss: 57.59258 | quality: 0.37778

Epoch 13 | Train: loss: 63547407847.47327 | quality: 0.13208
        | Val:   loss: 54397846298.74754 | quality: 0.15556

Epoch 14 | Train: loss: 1905395830429016021513074181108411816094646141858643220933271516921203898893012581202016516177920.00000 | quality: 0.14151
        | Val:   loss: 1615696113021068563183866709450271508977557405926270104411201037745780037591951124724951875059712.00000 | quality: 0.13333


⏸ Early stopping at epoch 14 (best was epoch 4)
[2026-05-05 13:07:16,781][__main__][INFO] - ✓ DONE MMPO2/hearth/NTN L=3 bd=12 seed=47303 -> /zhome/6b/e/212868/GTN/outputs/ntn/hearth/MMPO2_rg5_init0.1/L3_bd12_seed47303 | val=0.5111
[2026-05-05 13:07:16,782][HYDRA] 	#20 : model.L=3 model.bond_dim=8 seed=42 trainer.ridge=5 trainer.ridge_decay=0.25 trainer.ridge_min=0.0001 +experiment=uci_ntn_sweep model=mmpo2 dataset=hearth
[2026-05-05 13:07:16,951][__main__][INFO] - ▶ RUN MMPO2/hearth/NTN L=3 bd=8 seed=42 -> /zhome/6b/e/212868/GTN/outputs/ntn/hearth/MMPO2_rg5_init0.1/L3_bd8_seed42
Starting Fit: 20 epochs.
Sweep Order: ['0_MPS', '1_MPS', '2_MPS', '1_MPS']
Validation: Using separate validation set for best model selection
Early stopping: patience=10, min_delta=0.001
Init    | Train: loss: 1.60938 | quality: 0.25000
        | Val:   loss: 1.59076 | quality: 0.24444
Epoch 1 | Train: loss: 0.88690 | quality: 0.66981
        | Val:   loss: 1.17433 | quality: 0.46667
 *
Epoch 2 | Train: loss: 0.57928 | quality: 0.81132
        | Val:   loss: 1.28510 | quality: 0.46667
 *
Epoch 3 | Train: loss: 0.24792 | quality: 0.97170
        | Val:   loss: 1.78434 | quality: 0.48889
 *
Epoch 4 | Train: loss: 0.03987 | quality: 1.00000
        | Val:   loss: 3.44989 | quality: 0.40000

Epoch 5 | Train: loss: 0.00221 | quality: 1.00000
        | Val:   loss: 6.57241 | quality: 0.44444

Epoch 6 | Train: loss: 0.00007 | quality: 1.00000
        | Val:   loss: 10.71131 | quality: 0.44444

Epoch 7 | Train: loss: 0.00000 | quality: 1.00000
        | Val:   loss: 15.24036 | quality: 0.44444

Epoch 8 | Train: loss: 0.00000 | quality: 1.00000
        | Val:   loss: 19.93390 | quality: 0.44444

Epoch 9 | Train: loss: 0.00000 | quality: 1.00000
        | Val:   loss: 24.64674 | quality: 0.44444

Epoch 10 | Train: loss: 0.00000 | quality: 1.00000
        | Val:   loss: 29.39166 | quality: 0.44444

Epoch 11 | Train: loss: 0.00000 | quality: 1.00000
        | Val:   loss: 33.94169 | quality: 0.46667

Epoch 12 | Train: loss: 2727432556568.90918 | quality: 0.36792
        | Val:   loss: 1131581000470.86938 | quality: 0.40000

Epoch 13 | Train: loss: 524658504004094662451866520710837673808604162783185443601423410882985923695307872033175337796967092091384329645403930624.00000 | quality: 0.13208
        | Val:   loss: 138069125732951795256665477357820186822481889384600141067071379186800826524516361942458772341788662927755412340914257920.00000 | quality: 0.13333


⏸ Early stopping at epoch 13 (best was epoch 3)
[2026-05-05 13:07:18,804][__main__][INFO] - ✓ DONE MMPO2/hearth/NTN L=3 bd=8 seed=42 -> /zhome/6b/e/212868/GTN/outputs/ntn/hearth/MMPO2_rg5_init0.1/L3_bd8_seed42 | val=0.4889
[2026-05-05 13:07:18,807][HYDRA] 	#21 : model.L=3 model.bond_dim=8 seed=10090 trainer.ridge=5 trainer.ridge_decay=0.25 trainer.ridge_min=0.0001 +experiment=uci_ntn_sweep model=mmpo2 dataset=hearth
[2026-05-05 13:07:18,978][__main__][INFO] - ▶ RUN MMPO2/hearth/NTN L=3 bd=8 seed=10090 -> /zhome/6b/e/212868/GTN/outputs/ntn/hearth/MMPO2_rg5_init0.1/L3_bd8_seed10090
Starting Fit: 20 epochs.
Sweep Order: ['0_MPS', '1_MPS', '2_MPS', '1_MPS']
Validation: Using separate validation set for best model selection
Early stopping: patience=10, min_delta=0.001
Init    | Train: loss: 1.61874 | quality: 0.09906
        | Val:   loss: 1.61776 | quality: 0.13333
Epoch 1 | Train: loss: 0.91713 | quality: 0.69340
        | Val:   loss: 1.13592 | quality: 0.51111
 *
Epoch 2 | Train: loss: 0.59513 | quality: 0.78774
        | Val:   loss: 1.31028 | quality: 0.44444

Epoch 3 | Train: loss: 0.25227 | quality: 0.94340
        | Val:   loss: 1.78956 | quality: 0.44444

Epoch 4 | Train: loss: 0.04290 | quality: 1.00000
        | Val:   loss: 3.17219 | quality: 0.48889

Epoch 5 | Train: loss: 0.00227 | quality: 1.00000
        | Val:   loss: 6.22133 | quality: 0.44444

Epoch 6 | Train: loss: 0.00007 | quality: 1.00000
        | Val:   loss: 10.61011 | quality: 0.46667

Epoch 7 | Train: loss: 0.00000 | quality: 1.00000
        | Val:   loss: 15.29330 | quality: 0.46667

Epoch 8 | Train: loss: 0.00000 | quality: 1.00000
        | Val:   loss: 20.02253 | quality: 0.46667

Epoch 9 | Train: loss: 0.00000 | quality: 1.00000
        | Val:   loss: 24.64022 | quality: 0.46667

Epoch 10 | Train: loss: 0.00000 | quality: 1.00000
        | Val:   loss: 29.07715 | quality: 0.46667

Epoch 11 | Train: loss: 0.00000 | quality: 1.00000
        | Val:   loss: 33.52494 | quality: 0.46667


⏸ Early stopping at epoch 11 (best was epoch 1)
[2026-05-05 13:07:21,373][__main__][INFO] - ✓ DONE MMPO2/hearth/NTN L=3 bd=8 seed=10090 -> /zhome/6b/e/212868/GTN/outputs/ntn/hearth/MMPO2_rg5_init0.1/L3_bd8_seed10090 | val=0.5111
[2026-05-05 13:07:21,376][HYDRA] 	#22 : model.L=3 model.bond_dim=8 seed=32874 trainer.ridge=5 trainer.ridge_decay=0.25 trainer.ridge_min=0.0001 +experiment=uci_ntn_sweep model=mmpo2 dataset=hearth
[2026-05-05 13:07:21,542][__main__][INFO] - ▶ RUN MMPO2/hearth/NTN L=3 bd=8 seed=32874 -> /zhome/6b/e/212868/GTN/outputs/ntn/hearth/MMPO2_rg5_init0.1/L3_bd8_seed32874
Starting Fit: 20 epochs.
Sweep Order: ['0_MPS', '1_MPS', '2_MPS', '1_MPS']
Validation: Using separate validation set for best model selection
Early stopping: patience=10, min_delta=0.001
Init    | Train: loss: 1.61427 | quality: 0.12264
        | Val:   loss: 1.62161 | quality: 0.11111
Epoch 1 | Train: loss: 0.93623 | quality: 0.63679
        | Val:   loss: 1.21960 | quality: 0.46667
 *
Epoch 2 | Train: loss: 0.59143 | quality: 0.81132
        | Val:   loss: 1.35024 | quality: 0.42222

Epoch 3 | Train: loss: 0.24342 | quality: 0.95755
        | Val:   loss: 1.93719 | quality: 0.44444

Epoch 4 | Train: loss: 0.04743 | quality: 1.00000
        | Val:   loss: 3.32392 | quality: 0.48889
 *
Epoch 5 | Train: loss: 0.00250 | quality: 1.00000
        | Val:   loss: 6.46055 | quality: 0.46667

Epoch 6 | Train: loss: 0.00007 | quality: 1.00000
        | Val:   loss: 10.48577 | quality: 0.46667

Epoch 7 | Train: loss: 0.00000 | quality: 1.00000
        | Val:   loss: 14.90934 | quality: 0.46667

Epoch 8 | Train: loss: 0.00000 | quality: 1.00000
        | Val:   loss: 19.43988 | quality: 0.46667

Epoch 9 | Train: loss: 0.00000 | quality: 1.00000
        | Val:   loss: 24.03835 | quality: 0.46667

Epoch 10 | Train: loss: 0.00000 | quality: 1.00000
        | Val:   loss: 28.68164 | quality: 0.46667

Epoch 11 | Train: loss: 0.00000 | quality: 1.00000
        | Val:   loss: 33.09708 | quality: 0.46667

Epoch 12 | Train: loss: 1996860.60392 | quality: 0.30660
        | Val:   loss: 1427153.61403 | quality: 0.40000

Epoch 13 | Train: loss: 927100970276065958539193599858088708617056226123203192524351399104872448.00000 | quality: 0.20755
        | Val:   loss: 462789032374618341388332836961871021913484217850932626796921998947647488.00000 | quality: 0.28889


✗ NaN loss at epoch 14 - stopping training

✗ Exception at epoch 14: NaN loss encountered during NTN optimization at epoch 14
[2026-05-05 13:07:23,441][__main__][WARNING] - ✗ SINGULAR MMPO2/hearth/NTN L=3 bd=8 seed=32874 -> /zhome/6b/e/212868/GTN/outputs/ntn/hearth/MMPO2_rg5_init0.1/L3_bd8_seed32874 | val=0.4889
[2026-05-05 13:07:23,443][HYDRA] 	#23 : model.L=3 model.bond_dim=8 seed=47311 trainer.ridge=5 trainer.ridge_decay=0.25 trainer.ridge_min=0.0001 +experiment=uci_ntn_sweep model=mmpo2 dataset=hearth
[2026-05-05 13:07:23,606][__main__][INFO] - ▶ RUN MMPO2/hearth/NTN L=3 bd=8 seed=47311 -> /zhome/6b/e/212868/GTN/outputs/ntn/hearth/MMPO2_rg5_init0.1/L3_bd8_seed47311
Starting Fit: 20 epochs.
Sweep Order: ['0_MPS', '1_MPS', '2_MPS', '1_MPS']
Validation: Using separate validation set for best model selection
Early stopping: patience=10, min_delta=0.001
Init    | Train: loss: 1.61250 | quality: 0.18396
        | Val:   loss: 1.61464 | quality: 0.15556
Epoch 1 | Train: loss: 0.98850 | quality: 0.67453
        | Val:   loss: 1.21054 | quality: 0.55556
 *
Epoch 2 | Train: loss: 0.60462 | quality: 0.81132
        | Val:   loss: 1.33979 | quality: 0.42222

Epoch 3 | Train: loss: 0.28327 | quality: 0.92453
        | Val:   loss: 1.82976 | quality: 0.46667

Epoch 4 | Train: loss: 0.05044 | quality: 1.00000
        | Val:   loss: 3.37666 | quality: 0.44444

Epoch 5 | Train: loss: 0.00269 | quality: 1.00000
        | Val:   loss: 6.41936 | quality: 0.46667

Epoch 6 | Train: loss: 0.00008 | quality: 1.00000
        | Val:   loss: 10.32560 | quality: 0.48889

Epoch 7 | Train: loss: 0.00000 | quality: 1.00000
        | Val:   loss: 14.60861 | quality: 0.48889

Epoch 8 | Train: loss: 0.00000 | quality: 1.00000
        | Val:   loss: 19.03331 | quality: 0.46667

Epoch 9 | Train: loss: 0.00000 | quality: 1.00000
        | Val:   loss: 23.54165 | quality: 0.46667

Epoch 10 | Train: loss: 0.00000 | quality: 1.00000
        | Val:   loss: 28.05407 | quality: 0.46667

Epoch 11 | Train: loss: 0.00000 | quality: 1.00000
        | Val:   loss: 32.64113 | quality: 0.46667


⏸ Early stopping at epoch 11 (best was epoch 1)
[2026-05-05 13:07:26,461][__main__][INFO] - ✓ DONE MMPO2/hearth/NTN L=3 bd=8 seed=47311 -> /zhome/6b/e/212868/GTN/outputs/ntn/hearth/MMPO2_rg5_init0.1/L3_bd8_seed47311 | val=0.5556
[2026-05-05 13:07:26,465][HYDRA] 	#24 : model.L=3 model.bond_dim=8 seed=47303 trainer.ridge=5 trainer.ridge_decay=0.25 trainer.ridge_min=0.0001 +experiment=uci_ntn_sweep model=mmpo2 dataset=hearth
[2026-05-05 13:07:26,645][__main__][INFO] - ▶ RUN MMPO2/hearth/NTN L=3 bd=8 seed=47303 -> /zhome/6b/e/212868/GTN/outputs/ntn/hearth/MMPO2_rg5_init0.1/L3_bd8_seed47303
Starting Fit: 20 epochs.
Sweep Order: ['0_MPS', '1_MPS', '2_MPS', '1_MPS']
Validation: Using separate validation set for best model selection
Early stopping: patience=10, min_delta=0.001
Init    | Train: loss: 1.60958 | quality: 0.21226
        | Val:   loss: 1.62257 | quality: 0.31111
Epoch 1 | Train: loss: 0.89336 | quality: 0.67453
        | Val:   loss: 1.17494 | quality: 0.46667
 *
Epoch 2 | Train: loss: 0.57560 | quality: 0.82075
        | Val:   loss: 1.37217 | quality: 0.37778

Epoch 3 | Train: loss: 0.24668 | quality: 0.97170
        | Val:   loss: 2.15314 | quality: 0.35556

Epoch 4 | Train: loss: 0.04777 | quality: 1.00000
        | Val:   loss: 3.49887 | quality: 0.37778

Epoch 5 | Train: loss: 0.00285 | quality: 1.00000
        | Val:   loss: 6.24907 | quality: 0.42222

Epoch 6 | Train: loss: 0.00009 | quality: 1.00000
        | Val:   loss: 10.02232 | quality: 0.44444

Epoch 7 | Train: loss: 0.00000 | quality: 1.00000
        | Val:   loss: 14.28544 | quality: 0.44444

Epoch 8 | Train: loss: 0.00000 | quality: 1.00000
        | Val:   loss: 18.68231 | quality: 0.44444

Epoch 9 | Train: loss: 0.00000 | quality: 1.00000
        | Val:   loss: 23.12325 | quality: 0.46667
 *
Epoch 10 | Train: loss: 0.00000 | quality: 1.00000
        | Val:   loss: 27.57648 | quality: 0.44444

Epoch 11 | Train: loss: 0.00000 | quality: 1.00000
        | Val:   loss: 32.45532 | quality: 0.44444

Epoch 12 | Train: loss: 0.00000 | quality: 1.00000
        | Val:   loss: 38.68258 | quality: 0.42222

Epoch 13 | Train: loss: 508996.55976 | quality: 0.26887
        | Val:   loss: 567292.23149 | quality: 0.28889

Epoch 14 | Train: loss: 23855542040492551903585070388848099328.00000 | quality: 0.18396
        | Val:   loss: 18986343384885554445329033428415283200.00000 | quality: 0.17778

Epoch 15 | Train: loss: 6015760577728853879745586161890872126107263666793982162211227245723048301690035094386512428170526124553612250354420571263455032927301383050895398069630149739269309705610619521111215174240866371580656249509354405902881425503198477923895486721084132936813921186696727234677938585600.00000 | quality: 0.18396
        | Val:   loss: 4785488559578259065957681628307346351073923493246600689966922129468232037731045908674402471258395314747762183374149670187767160964305011286946556235802539767709198842095355079293446384726752204855970723704198562059725894823217785931664892745034336222571103712659083823314112610304.00000 | quality: 0.15556


✗ NaN loss at epoch 16 - stopping training

✗ Exception at epoch 16: NaN loss encountered during NTN optimization at epoch 16
[2026-05-05 13:07:28,848][__main__][WARNING] - ✗ SINGULAR MMPO2/hearth/NTN L=3 bd=8 seed=47303 -> /zhome/6b/e/212868/GTN/outputs/ntn/hearth/MMPO2_rg5_init0.1/L3_bd8_seed47303 | val=0.4667
[2026-05-05 13:07:28,851][HYDRA] 	#25 : model.L=3 model.bond_dim=4 seed=42 trainer.ridge=5 trainer.ridge_decay=0.25 trainer.ridge_min=0.0001 +experiment=uci_ntn_sweep model=mmpo2 dataset=hearth
[2026-05-05 13:07:29,022][__main__][INFO] - ▶ RUN MMPO2/hearth/NTN L=3 bd=4 seed=42 -> /zhome/6b/e/212868/GTN/outputs/ntn/hearth/MMPO2_rg5_init0.1/L3_bd4_seed42
Starting Fit: 20 epochs.
Sweep Order: ['0_MPS', '1_MPS', '2_MPS', '1_MPS']
Validation: Using separate validation set for best model selection
Early stopping: patience=10, min_delta=0.001
Init    | Train: loss: 1.62020 | quality: 0.19811
        | Val:   loss: 1.64286 | quality: 0.26667
Epoch 1 | Train: loss: 1.08136 | quality: 0.59906
        | Val:   loss: 1.17707 | quality: 0.53333
 *
Epoch 2 | Train: loss: 0.83939 | quality: 0.67925
        | Val:   loss: 1.14244 | quality: 0.44444

Epoch 3 | Train: loss: 0.56591 | quality: 0.81132
        | Val:   loss: 1.32400 | quality: 0.44444

Epoch 4 | Train: loss: 0.26978 | quality: 0.93396
        | Val:   loss: 1.92688 | quality: 0.44444

Epoch 5 | Train: loss: 0.07698 | quality: 1.00000
        | Val:   loss: 3.62524 | quality: 0.46667

Epoch 6 | Train: loss: 0.00583 | quality: 1.00000
        | Val:   loss: 8.23420 | quality: 0.46667

Epoch 7 | Train: loss: 0.00020 | quality: 1.00000
        | Val:   loss: 14.47758 | quality: 0.46667

Epoch 8 | Train: loss: 0.00000 | quality: 1.00000
        | Val:   loss: 21.89623 | quality: 0.46667

Epoch 9 | Train: loss: 0.00000 | quality: 1.00000
        | Val:   loss: 29.44600 | quality: 0.46667

Epoch 10 | Train: loss: 0.00000 | quality: 1.00000
        | Val:   loss: 36.76030 | quality: 0.46667

Epoch 11 | Train: loss: 0.00000 | quality: 1.00000
        | Val:   loss: 44.29790 | quality: 0.46667


⏸ Early stopping at epoch 11 (best was epoch 1)
[2026-05-05 13:07:30,638][__main__][INFO] - ✓ DONE MMPO2/hearth/NTN L=3 bd=4 seed=42 -> /zhome/6b/e/212868/GTN/outputs/ntn/hearth/MMPO2_rg5_init0.1/L3_bd4_seed42 | val=0.5333
[2026-05-05 13:07:30,640][HYDRA] 	#26 : model.L=3 model.bond_dim=4 seed=10090 trainer.ridge=5 trainer.ridge_decay=0.25 trainer.ridge_min=0.0001 +experiment=uci_ntn_sweep model=mmpo2 dataset=hearth
[2026-05-05 13:07:30,923][__main__][INFO] - ▶ RUN MMPO2/hearth/NTN L=3 bd=4 seed=10090 -> /zhome/6b/e/212868/GTN/outputs/ntn/hearth/MMPO2_rg5_init0.1/L3_bd4_seed10090
Starting Fit: 20 epochs.
Sweep Order: ['0_MPS', '1_MPS', '2_MPS', '1_MPS']
Validation: Using separate validation set for best model selection
Early stopping: patience=10, min_delta=0.001
Init    | Train: loss: 1.61947 | quality: 0.17453
        | Val:   loss: 1.62239 | quality: 0.17778
Epoch 1 | Train: loss: 1.13238 | quality: 0.61792
        | Val:   loss: 1.22712 | quality: 0.60000
 *
Epoch 2 | Train: loss: 0.82264 | quality: 0.70283
        | Val:   loss: 1.15078 | quality: 0.48889

Epoch 3 | Train: loss: 0.52468 | quality: 0.81604
        | Val:   loss: 1.37377 | quality: 0.46667

Epoch 4 | Train: loss: 0.23115 | quality: 0.95755
        | Val:   loss: 2.33269 | quality: 0.40000

Epoch 5 | Train: loss: 0.06723 | quality: 0.98585
        | Val:   loss: 4.97333 | quality: 0.40000

Epoch 6 | Train: loss: 0.01258 | quality: 1.00000
        | Val:   loss: 9.61735 | quality: 0.40000

Epoch 7 | Train: loss: 0.00069 | quality: 1.00000
        | Val:   loss: 17.04950 | quality: 0.40000

Epoch 8 | Train: loss: 0.00002 | quality: 1.00000
        | Val:   loss: 27.16075 | quality: 0.40000

Epoch 9 | Train: loss: 0.00000 | quality: 1.00000
        | Val:   loss: 37.67952 | quality: 0.40000

Epoch 10 | Train: loss: 0.00000 | quality: 1.00000
        | Val:   loss: 47.84371 | quality: 0.40000

Epoch 11 | Train: loss: 0.00000 | quality: 1.00000
        | Val:   loss: 58.04747 | quality: 0.40000


⏸ Early stopping at epoch 11 (best was epoch 1)
[2026-05-05 13:07:33,286][__main__][INFO] - ✓ DONE MMPO2/hearth/NTN L=3 bd=4 seed=10090 -> /zhome/6b/e/212868/GTN/outputs/ntn/hearth/MMPO2_rg5_init0.1/L3_bd4_seed10090 | val=0.6000
[2026-05-05 13:07:33,288][HYDRA] 	#27 : model.L=3 model.bond_dim=4 seed=32874 trainer.ridge=5 trainer.ridge_decay=0.25 trainer.ridge_min=0.0001 +experiment=uci_ntn_sweep model=mmpo2 dataset=hearth
[2026-05-05 13:07:33,459][__main__][INFO] - ▶ RUN MMPO2/hearth/NTN L=3 bd=4 seed=32874 -> /zhome/6b/e/212868/GTN/outputs/ntn/hearth/MMPO2_rg5_init0.1/L3_bd4_seed32874
Starting Fit: 20 epochs.
Sweep Order: ['0_MPS', '1_MPS', '2_MPS', '1_MPS']
Validation: Using separate validation set for best model selection
Early stopping: patience=10, min_delta=0.001
Init    | Train: loss: 1.61252 | quality: 0.18868
        | Val:   loss: 1.62027 | quality: 0.13333
Epoch 1 | Train: loss: 1.16437 | quality: 0.61321
        | Val:   loss: 1.20564 | quality: 0.57778
 *
Epoch 2 | Train: loss: 0.83045 | quality: 0.69340
        | Val:   loss: 1.21890 | quality: 0.44444

Epoch 3 | Train: loss: 0.56209 | quality: 0.80660
        | Val:   loss: 1.64515 | quality: 0.37778

Epoch 4 | Train: loss: 0.27986 | quality: 0.93868
        | Val:   loss: 2.81930 | quality: 0.35556

Epoch 5 | Train: loss: 0.08814 | quality: 0.99057
        | Val:   loss: 5.15406 | quality: 0.33333

Epoch 6 | Train: loss: 0.00716 | quality: 1.00000
        | Val:   loss: 10.74094 | quality: 0.40000

Epoch 7 | Train: loss: 0.00023 | quality: 1.00000
        | Val:   loss: 19.24141 | quality: 0.40000

Epoch 8 | Train: loss: 0.00001 | quality: 1.00000
        | Val:   loss: 29.02667 | quality: 0.40000

Epoch 9 | Train: loss: 0.00000 | quality: 1.00000
        | Val:   loss: 39.71117 | quality: 0.37778

Epoch 10 | Train: loss: 1.27068 | quality: 0.63208
        | Val:   loss: 1.75485 | quality: 0.40000

Epoch 11 | Train: loss: 0.89248 | quality: 0.87264
        | Val:   loss: 3.45485 | quality: 0.44444


⏸ Early stopping at epoch 11 (best was epoch 1)
[2026-05-05 13:07:34,887][__main__][INFO] - ✓ DONE MMPO2/hearth/NTN L=3 bd=4 seed=32874 -> /zhome/6b/e/212868/GTN/outputs/ntn/hearth/MMPO2_rg5_init0.1/L3_bd4_seed32874 | val=0.5778
[2026-05-05 13:07:34,889][HYDRA] 	#28 : model.L=3 model.bond_dim=4 seed=47311 trainer.ridge=5 trainer.ridge_decay=0.25 trainer.ridge_min=0.0001 +experiment=uci_ntn_sweep model=mmpo2 dataset=hearth
[2026-05-05 13:07:35,061][__main__][INFO] - ▶ RUN MMPO2/hearth/NTN L=3 bd=4 seed=47311 -> /zhome/6b/e/212868/GTN/outputs/ntn/hearth/MMPO2_rg5_init0.1/L3_bd4_seed47311
Starting Fit: 20 epochs.
Sweep Order: ['0_MPS', '1_MPS', '2_MPS', '1_MPS']
Validation: Using separate validation set for best model selection
Early stopping: patience=10, min_delta=0.001
Init    | Train: loss: 1.61621 | quality: 0.17453
        | Val:   loss: 1.65421 | quality: 0.22222
Epoch 1 | Train: loss: 1.10594 | quality: 0.62736
        | Val:   loss: 1.26328 | quality: 0.48889
 *
Epoch 2 | Train: loss: 0.83681 | quality: 0.67925
        | Val:   loss: 1.19536 | quality: 0.42222

Epoch 3 | Train: loss: 0.59611 | quality: 0.78302
        | Val:   loss: 1.61829 | quality: 0.46667

Epoch 4 | Train: loss: 0.31393 | quality: 0.91038
        | Val:   loss: 2.44654 | quality: 0.48889
 *
Epoch 5 | Train: loss: 0.10225 | quality: 0.99057
        | Val:   loss: 4.66728 | quality: 0.48889
 *
Epoch 6 | Train: loss: 0.01280 | quality: 1.00000
        | Val:   loss: 9.30292 | quality: 0.48889
 *
Epoch 7 | Train: loss: 0.00048 | quality: 1.00000
        | Val:   loss: 17.42108 | quality: 0.48889

Epoch 8 | Train: loss: 0.00001 | quality: 1.00000
        | Val:   loss: 26.73160 | quality: 0.46667

Epoch 9 | Train: loss: 0.00000 | quality: 1.00000
        | Val:   loss: 36.42274 | quality: 0.46667

Epoch 10 | Train: loss: 0.00000 | quality: 1.00000
        | Val:   loss: 45.51363 | quality: 0.44444

Epoch 11 | Train: loss: 0.00000 | quality: 1.00000
        | Val:   loss: 54.40823 | quality: 0.44444

Epoch 12 | Train: loss: 0.00000 | quality: 1.00000
        | Val:   loss: 63.28345 | quality: 0.44444

Epoch 13 | Train: loss: 0.00000 | quality: 1.00000
        | Val:   loss: 72.32724 | quality: 0.44444

Epoch 14 | Train: loss: 0.00000 | quality: 1.00000
        | Val:   loss: 84.28251 | quality: 0.44444

Epoch 15 | Train: loss: 17584943587301930268217530996752384.00000 | quality: 0.16509
        | Val:   loss: 9213113685923449666792789177794560.00000 | quality: 0.13333

Epoch 16 | Train: loss: 1271104484919904100975239029674585079638477639767359609569488774162704171505690478853989119056764729355601394123973544671161943700398336213798858345640664322112592796243695095054613737559919764053459184941971398679212615723208279490587952408856858962476557926400.00000 | quality: 0.12264
        | Val:   loss: 555757776376640617063482714956854333095059264715787366586758614553740415713639776466156803672890174158575108170233926909614298644425150065510285358063986104737440096882094366461175218145376983640161769077013768308066241650771285463434233923181143033321824976896.00000 | quality: 0.11111


⏸ Early stopping at epoch 16 (best was epoch 6)
[2026-05-05 13:07:38,317][__main__][INFO] - ✓ DONE MMPO2/hearth/NTN L=3 bd=4 seed=47311 -> /zhome/6b/e/212868/GTN/outputs/ntn/hearth/MMPO2_rg5_init0.1/L3_bd4_seed47311 | val=0.4889
[2026-05-05 13:07:38,319][HYDRA] 	#29 : model.L=3 model.bond_dim=4 seed=47303 trainer.ridge=5 trainer.ridge_decay=0.25 trainer.ridge_min=0.0001 +experiment=uci_ntn_sweep model=mmpo2 dataset=hearth
[2026-05-05 13:07:38,482][__main__][INFO] - ▶ RUN MMPO2/hearth/NTN L=3 bd=4 seed=47303 -> /zhome/6b/e/212868/GTN/outputs/ntn/hearth/MMPO2_rg5_init0.1/L3_bd4_seed47303
Starting Fit: 20 epochs.
Sweep Order: ['0_MPS', '1_MPS', '2_MPS', '1_MPS']
Validation: Using separate validation set for best model selection
Early stopping: patience=10, min_delta=0.001
Init    | Train: loss: 1.61889 | quality: 0.19340
        | Val:   loss: 1.63018 | quality: 0.11111
Epoch 1 | Train: loss: 1.05597 | quality: 0.61792
        | Val:   loss: 1.18107 | quality: 0.55556
 *
Epoch 2 | Train: loss: 0.81468 | quality: 0.71698
        | Val:   loss: 1.15592 | quality: 0.44444

Epoch 3 | Train: loss: 0.57132 | quality: 0.78302
        | Val:   loss: 1.37586 | quality: 0.40000

Epoch 4 | Train: loss: 0.28613 | quality: 0.92925
        | Val:   loss: 1.98732 | quality: 0.40000

Epoch 5 | Train: loss: 0.07482 | quality: 1.00000
        | Val:   loss: 4.08220 | quality: 0.40000

Epoch 6 | Train: loss: 0.00588 | quality: 1.00000
        | Val:   loss: 8.71566 | quality: 0.40000

Epoch 7 | Train: loss: 0.00020 | quality: 1.00000
        | Val:   loss: 15.63435 | quality: 0.40000

Epoch 8 | Train: loss: 0.00000 | quality: 1.00000
        | Val:   loss: 23.77990 | quality: 0.40000

Epoch 9 | Train: loss: 0.00000 | quality: 1.00000
        | Val:   loss: 32.36247 | quality: 0.40000

Epoch 10 | Train: loss: 0.00000 | quality: 1.00000
        | Val:   loss: 40.55933 | quality: 0.40000

Epoch 11 | Train: loss: 0.00000 | quality: 1.00000
        | Val:   loss: 48.45213 | quality: 0.40000


⏸ Early stopping at epoch 11 (best was epoch 1)
[2026-05-05 13:07:41,424][__main__][INFO] - ✓ DONE MMPO2/hearth/NTN L=3 bd=4 seed=47303 -> /zhome/6b/e/212868/GTN/outputs/ntn/hearth/MMPO2_rg5_init0.1/L3_bd4_seed47303 | val=0.5556

------------------------------------------------------------
Sender: LSF System <lsfadmin@hpc.dtu.dk>
Subject: Job 28358285[107]: <ntn_grid_full[1-120]%20> in cluster <dcc> Done

Job <ntn_grid_full[1-120]%20> was submitted from host <hpclogin1> by user <nicci> in cluster <dcc> at Tue May  5 12:26:57 2026
Job was executed on host(s) <6*n-62-31-14>, in queue <hpc>, as user <nicci> in cluster <dcc> at Tue May  5 13:05:32 2026
</zhome/6b/e/212868> was used as the home directory.
</zhome/6b/e/212868/GTN> was used as the working directory.
Started at Tue May  5 13:05:32 2026
Terminated at Tue May  5 13:07:54 2026
Results reported at Tue May  5 13:07:54 2026

Your job looked like:

------------------------------------------------------------
# LSBATCH: User input
#!/bin/bash
#BSUB -q hpc
#BSUB -J "ntn_grid_full[1-120]%20"
#BSUB -W 6:00
#BSUB -n 6
#BSUB -R "rusage[mem=1GB]"
#BSUB -R "span[hosts=1]"
#BSUB -o logs/%J_%I_cpu_newntn.out
#BSUB -e logs/%J_%I_cpu_newntn.err

MODELS=("cpda" "cpda_typei" "lmpo2" "lmpo2_typei" "mpo2" "mpo2_typei" "mmpo2" "mmpo2_typei" "tnml_f" "tnml_p")

DATASETS=(
    "iris"
    "realstate"
    "concrete"
    "energy_efficiency"
    "breast"
    "car_evaluation"
    "wine"
    #medium
    # "winequalityc"
    "abalone"
    "appliances"
    "bank"
    "hearth"
    "student_perf"
    # BIG MAYBE?
    # "bike"
    # "obesity"
    # "student_dropout"
    # "adult"
    # "seoulBike"
    # "ai4i"
    # "mushrooms"
    # "popularity"
)

NUM_MODELS=${#MODELS[@]}
NUM_DATASETS=${#DATASETS[@]}
NUM_EXPERIMENTS=$((NUM_DATASETS * NUM_MODELS))

if [ "$1" == "test" ]; then
    echo "SIMULATING ARRAY:"
    echo "-----------------"

    for ((i=1; i<=NUM_EXPERIMENTS; i++)); do
        IDV=$((i - 1))
        MODEL_IDX=$((IDV % NUM_MODELS))
        DATASET_IDX=$((IDV / NUM_MODELS))

(... more ...)
------------------------------------------------------------

Successfully completed.

Resource usage summary:

    CPU time :                                   284.00 sec.
    Max Memory :                                 807 MB
    Average Memory :                             146.33 MB
    Total Requested Memory :                     6144.00 MB
    Delta Memory :                               5337.00 MB
    Max Swap :                                   -
    Max Processes :                              12
    Max Threads :                                65
    Run time :                                   142 sec.
    Turnaround time :                            2457 sec.

The output (if any) is above this job summary.



PS:

Read file <logs/28358285_107_cpu_newntn.err> for stderr output of this job.

