Task 89: Dataset=appliances, Model=tnml_f, Experiment=uci_ntn_sweep
[2026-05-05 12:31:40,369][HYDRA] Launching 30 jobs locally
[2026-05-05 12:31:40,370][HYDRA] 	#0 : model.L=4 model.bond_dim=12 seed=42 trainer.ridge=5 trainer.ridge_decay=0.25 trainer.ridge_min=0.0001 +experiment=uci_ntn_sweep model=tnml_f dataset=appliances
[2026-05-05 12:31:40,814][utils.tracking][INFO] - Loaded 13074 tracked runs from runs_tracking.csv
[2026-05-05 12:31:40,815][__main__][INFO] - ▶ RUN TNML_F/appliances/NTN L=4 bd=12 seed=42 -> /zhome/6b/e/212868/GTN/outputs/ntn/appliances/TNML_F_rg5_init0.1/L4_bd12_seed42
Starting Fit: 20 epochs.
Sweep Order: ['Node0', 'Node1', 'Node2', 'Node3', 'Node4', 'Node5', 'Node6', 'Node7', 'Node8', 'Node9', 'Node10', 'Node11', 'Node12', 'Node13', 'Node14', 'Node15', 'Node16', 'Node17', 'Node18', 'Node19', 'Node20', 'Node21', 'Node22', 'Node23', 'Node24', 'Node25', 'Node26', 'Node25', 'Node24', 'Node23', 'Node22', 'Node21', 'Node20', 'Node19', 'Node18', 'Node17', 'Node16', 'Node15', 'Node14', 'Node13', 'Node12', 'Node11', 'Node10', 'Node9', 'Node8', 'Node7', 'Node6', 'Node5', 'Node4', 'Node3', 'Node2', 'Node1']
Validation: Using separate validation set for best model selection
Early stopping: patience=10, min_delta=0.001
Init    | Train: loss: 20150.75286 | quality: -0.90100
        | Val:   loss: 17260.20270 | quality: -1.01885
Epoch 1 | Train: loss: 19729.14851 | quality: -0.86123
        | Val:   loss: 17136.88204 | quality: -1.00443
 *
Epoch 2 | Train: loss: 19394.81565 | quality: -0.82969
        | Val:   loss: 17153.70113 | quality: -1.00640

Epoch 3 | Train: loss: 18914.14908 | quality: -0.78434
        | Val:   loss: 17266.69345 | quality: -1.01961

Epoch 4 | Train: loss: 18237.34585 | quality: -0.72050
        | Val:   loss: 17183.52375 | quality: -1.00988

Epoch 5 | Train: loss: 17314.94831 | quality: -0.63348
        | Val:   loss: 16628.23016 | quality: -0.94493
 *
Epoch 6 | Train: loss: 16420.91571 | quality: -0.54913
        | Val:   loss: 16458.33334 | quality: -0.92506
 *
Epoch 7 | Train: loss: 15603.27593 | quality: -0.47200
        | Val:   loss: 16247.62343 | quality: -0.90042
 *
Epoch 8 | Train: loss: 14534.54670 | quality: -0.37118
        | Val:   loss: 16049.55154 | quality: -0.87725
 *
Epoch 9 | Train: loss: 12475.51690 | quality: -0.17693
        | Val:   loss: 16166.89317 | quality: -0.89097

Epoch 10 | Train: loss: 10798.14114 | quality: -0.01869
        | Val:   loss: 16762.39388 | quality: -0.96063

Epoch 11 | Train: loss: 9203.75956 | quality: 0.13173
        | Val:   loss: 17655.77713 | quality: -1.06512

Epoch 12 | Train: loss: 7965.66965 | quality: 0.24853
        | Val:   loss: 18400.69222 | quality: -1.15225

Epoch 13 | Train: loss: 7199.05337 | quality: 0.32085
        | Val:   loss: 19103.82774 | quality: -1.23449

Epoch 14 | Train: loss: 6675.90846 | quality: 0.37020
        | Val:   loss: 19873.71556 | quality: -1.32454

Epoch 15 | Train: loss: 6299.32756 | quality: 0.40573
        | Val:   loss: 20304.23916 | quality: -1.37490

Epoch 16 | Train: loss: 6038.20206 | quality: 0.43036
        | Val:   loss: 20536.01662 | quality: -1.40201

Epoch 17 | Train: loss: 5847.29175 | quality: 0.44837
        | Val:   loss: 20716.04379 | quality: -1.42307

Epoch 18 | Train: loss: 5698.54275 | quality: 0.46240
        | Val:   loss: 20848.44292 | quality: -1.43855


⏸ Early stopping at epoch 18 (best was epoch 8)
[2026-05-05 12:46:36,783][__main__][INFO] - ✓ DONE TNML_F/appliances/NTN L=4 bd=12 seed=42 -> /zhome/6b/e/212868/GTN/outputs/ntn/appliances/TNML_F_rg5_init0.1/L4_bd12_seed42 | val=-0.8772
[2026-05-05 12:46:36,786][HYDRA] 	#1 : model.L=4 model.bond_dim=12 seed=10090 trainer.ridge=5 trainer.ridge_decay=0.25 trainer.ridge_min=0.0001 +experiment=uci_ntn_sweep model=tnml_f dataset=appliances
[2026-05-05 12:46:36,960][__main__][INFO] - ▶ RUN TNML_F/appliances/NTN L=4 bd=12 seed=10090 -> /zhome/6b/e/212868/GTN/outputs/ntn/appliances/TNML_F_rg5_init0.1/L4_bd12_seed10090
Starting Fit: 20 epochs.
Sweep Order: ['Node0', 'Node1', 'Node2', 'Node3', 'Node4', 'Node5', 'Node6', 'Node7', 'Node8', 'Node9', 'Node10', 'Node11', 'Node12', 'Node13', 'Node14', 'Node15', 'Node16', 'Node17', 'Node18', 'Node19', 'Node20', 'Node21', 'Node22', 'Node23', 'Node24', 'Node25', 'Node26', 'Node25', 'Node24', 'Node23', 'Node22', 'Node21', 'Node20', 'Node19', 'Node18', 'Node17', 'Node16', 'Node15', 'Node14', 'Node13', 'Node12', 'Node11', 'Node10', 'Node9', 'Node8', 'Node7', 'Node6', 'Node5', 'Node4', 'Node3', 'Node2', 'Node1']
Validation: Using separate validation set for best model selection
Early stopping: patience=10, min_delta=0.001
Init    | Train: loss: 20150.75286 | quality: -0.90100
        | Val:   loss: 17260.20270 | quality: -1.01885
Epoch 1 | Train: loss: 19492.75159 | quality: -0.83893
        | Val:   loss: 16994.51177 | quality: -0.98778
 *
Epoch 2 | Train: loss: 19020.98229 | quality: -0.79442
        | Val:   loss: 16649.18291 | quality: -0.94738
 *
Epoch 3 | Train: loss: 18615.47317 | quality: -0.75617
        | Val:   loss: 16824.12188 | quality: -0.96785

Epoch 4 | Train: loss: 18008.33765 | quality: -0.69889
        | Val:   loss: 16645.61842 | quality: -0.94697
 *
Epoch 5 | Train: loss: 17321.70231 | quality: -0.63411
        | Val:   loss: 16407.71658 | quality: -0.91914
 *
Epoch 6 | Train: loss: 16610.28877 | quality: -0.56700
        | Val:   loss: 16479.53549 | quality: -0.92754

Epoch 7 | Train: loss: 16053.57670 | quality: -0.51448
        | Val:   loss: 17006.82026 | quality: -0.98922

Epoch 8 | Train: loss: 14976.47105 | quality: -0.41287
        | Val:   loss: 18219.85930 | quality: -1.13110

Epoch 9 | Train: loss: 13148.43987 | quality: -0.24041
        | Val:   loss: 18474.69925 | quality: -1.16091

Epoch 10 | Train: loss: 11445.56688 | quality: -0.07976
        | Val:   loss: 18513.28071 | quality: -1.16542

Epoch 11 | Train: loss: 9653.06986 | quality: 0.08934
        | Val:   loss: 18594.11239 | quality: -1.17487

Epoch 12 | Train: loss: 8264.65467 | quality: 0.22032
        | Val:   loss: 18982.70917 | quality: -1.22033

Epoch 13 | Train: loss: 7451.20317 | quality: 0.29706
        | Val:   loss: 19284.46768 | quality: -1.25562

Epoch 14 | Train: loss: 6940.83713 | quality: 0.34521
        | Val:   loss: 19325.82360 | quality: -1.26046

Epoch 15 | Train: loss: 6588.26599 | quality: 0.37847
        | Val:   loss: 19309.53173 | quality: -1.25855


⏸ Early stopping at epoch 15 (best was epoch 5)
[2026-05-05 12:58:12,663][__main__][INFO] - ✓ DONE TNML_F/appliances/NTN L=4 bd=12 seed=10090 -> /zhome/6b/e/212868/GTN/outputs/ntn/appliances/TNML_F_rg5_init0.1/L4_bd12_seed10090 | val=-0.9191
[2026-05-05 12:58:12,665][HYDRA] 	#2 : model.L=4 model.bond_dim=12 seed=32874 trainer.ridge=5 trainer.ridge_decay=0.25 trainer.ridge_min=0.0001 +experiment=uci_ntn_sweep model=tnml_f dataset=appliances
[2026-05-05 12:58:12,838][__main__][INFO] - ▶ RUN TNML_F/appliances/NTN L=4 bd=12 seed=32874 -> /zhome/6b/e/212868/GTN/outputs/ntn/appliances/TNML_F_rg5_init0.1/L4_bd12_seed32874
Starting Fit: 20 epochs.
Sweep Order: ['Node0', 'Node1', 'Node2', 'Node3', 'Node4', 'Node5', 'Node6', 'Node7', 'Node8', 'Node9', 'Node10', 'Node11', 'Node12', 'Node13', 'Node14', 'Node15', 'Node16', 'Node17', 'Node18', 'Node19', 'Node20', 'Node21', 'Node22', 'Node23', 'Node24', 'Node25', 'Node26', 'Node25', 'Node24', 'Node23', 'Node22', 'Node21', 'Node20', 'Node19', 'Node18', 'Node17', 'Node16', 'Node15', 'Node14', 'Node13', 'Node12', 'Node11', 'Node10', 'Node9', 'Node8', 'Node7', 'Node6', 'Node5', 'Node4', 'Node3', 'Node2', 'Node1']
Validation: Using separate validation set for best model selection
Early stopping: patience=10, min_delta=0.001
Init    | Train: loss: 20150.75286 | quality: -0.90100
        | Val:   loss: 17260.20270 | quality: -1.01885
Epoch 1 | Train: loss: 19806.90158 | quality: -0.86857
        | Val:   loss: 17294.53265 | quality: -1.02287

Epoch 2 | Train: loss: 19464.69981 | quality: -0.83628
        | Val:   loss: 17460.42633 | quality: -1.04227

Epoch 3 | Train: loss: 19234.23731 | quality: -0.81454
        | Val:   loss: 17259.13822 | quality: -1.01873
 *
Epoch 4 | Train: loss: 18712.40916 | quality: -0.76531
        | Val:   loss: 16729.16989 | quality: -0.95674
 *
Epoch 5 | Train: loss: 17880.81899 | quality: -0.68686
        | Val:   loss: 17058.02587 | quality: -0.99520

Epoch 6 | Train: loss: 17101.75721 | quality: -0.61336
        | Val:   loss: 17074.98535 | quality: -0.99719

Epoch 7 | Train: loss: 16489.20015 | quality: -0.55558
        | Val:   loss: 16904.45557 | quality: -0.97724

Epoch 8 | Train: loss: 15314.62482 | quality: -0.44477
        | Val:   loss: 17510.36676 | quality: -1.04811

Epoch 9 | Train: loss: 13415.76699 | quality: -0.26563
        | Val:   loss: 18408.65220 | quality: -1.15318

Epoch 10 | Train: loss: 11698.96253 | quality: -0.10367
        | Val:   loss: 19191.25796 | quality: -1.24472

Epoch 11 | Train: loss: 10016.47007 | quality: 0.05505
        | Val:   loss: 19641.96115 | quality: -1.29744

Epoch 12 | Train: loss: 8547.78226 | quality: 0.19361
        | Val:   loss: 20568.87758 | quality: -1.40585

Epoch 13 | Train: loss: 7640.66899 | quality: 0.27919
        | Val:   loss: 21633.91831 | quality: -1.53043

Epoch 14 | Train: loss: 7119.64111 | quality: 0.32834
        | Val:   loss: 22358.78841 | quality: -1.61521


⏸ Early stopping at epoch 14 (best was epoch 4)
[2026-05-05 13:09:18,202][__main__][INFO] - ✓ DONE TNML_F/appliances/NTN L=4 bd=12 seed=32874 -> /zhome/6b/e/212868/GTN/outputs/ntn/appliances/TNML_F_rg5_init0.1/L4_bd12_seed32874 | val=-0.9567
[2026-05-05 13:09:18,206][HYDRA] 	#3 : model.L=4 model.bond_dim=12 seed=47311 trainer.ridge=5 trainer.ridge_decay=0.25 trainer.ridge_min=0.0001 +experiment=uci_ntn_sweep model=tnml_f dataset=appliances
[2026-05-05 13:09:18,373][__main__][INFO] - ▶ RUN TNML_F/appliances/NTN L=4 bd=12 seed=47311 -> /zhome/6b/e/212868/GTN/outputs/ntn/appliances/TNML_F_rg5_init0.1/L4_bd12_seed47311
