NTN: mmpo2_typei adult
Task 11: Dataset=adult, Model=mmpo2_typei, Experiment=uci_ntn_sweep
[2026-05-13 04:43:07,422][HYDRA] Launching 30 jobs locally
[2026-05-13 04:43:07,422][HYDRA] 	#0 : model.L=4 model.bond_dim=12 seed=42 trainer.ridge=5 trainer.ridge_decay=0.25 trainer.ridge_min=0.0001 +experiment=uci_ntn_sweep model=mmpo2_typei dataset=adult
[2026-05-13 04:43:07,857][utils.tracking][INFO] - Loaded 17517 tracked runs from runs_tracking.csv
[2026-05-13 04:43:07,859][__main__][INFO] - ⏭ SKIP MMPO2TypeI/adult/NTN L=4 bd=12 seed=42 -> /zhome/6b/e/212868/GTN/outputs/ntn/adult/MMPO2TypeI_rg5_init0.1/L4_bd12_seed42 | previous run failed with singular matrix (permanent) val=0.5460
[2026-05-13 04:43:07,862][HYDRA] 	#1 : model.L=4 model.bond_dim=12 seed=10090 trainer.ridge=5 trainer.ridge_decay=0.25 trainer.ridge_min=0.0001 +experiment=uci_ntn_sweep model=mmpo2_typei dataset=adult
[2026-05-13 04:43:08,012][__main__][INFO] - ▶ RUN MMPO2TypeI/adult/NTN L=4 bd=12 seed=10090 -> /zhome/6b/e/212868/GTN/outputs/ntn/adult/MMPO2TypeI_rg5_init0.1/L4_bd12_seed10090
Starting Ensemble Fit: 20 epochs
Models: [(1, 1), (2, 2), (3, 3), (4, 4)]
Total nodes: 10
Validation: Using separate validation set
Early stopping: patience=10, min_delta=0.001
Init    | Train: loss: 1.45271 | quality: 0.19299
        | Val:   loss: 1.45180 | quality: 0.19724


------------------------------------------------------------
Sender: LSF System <lsfadmin@hpc.dtu.dk>
Subject: Job 28391462[11]: <ntn_grid_missing[1-17]%20> in cluster <dcc> Exited

Job <ntn_grid_missing[1-17]%20> was submitted from host <hpclogin1> by user <nicci> in cluster <dcc> at Fri May  8 10:10:51 2026
Job was executed on host(s) <12*n-62-18-8>, in queue <gpua100>, as user <nicci> in cluster <dcc> at Wed May 13 04:42:26 2026
</zhome/6b/e/212868> was used as the home directory.
</zhome/6b/e/212868/GTN> was used as the working directory.
Started at Wed May 13 04:42:26 2026
Terminated at Wed May 13 16:43:15 2026
Results reported at Wed May 13 16:43:15 2026

Your job looked like:

------------------------------------------------------------
# LSBATCH: User input
#!/bin/bash
#BSUB -q gpua100
#BSUB -J "ntn_grid_missing[1-17]%20"
#BSUB -W 12:00
#BSUB -n 12
#BSUB -R "rusage[mem=750MB]"
#BSUB -R "span[hosts=1]"
#BSUB -o logs/%J_%I_gpua_newntn.out
#BSUB -e logs/%J_%I_gpua_newntn.err
#BSUB -gpu "num=1:mode=exclusive_process"

cd "~/GTN"
source .venv/bin/activate
source missing.env

NUM_EXPERIMENTS=${#COMBINATIONS_NTN[@]}

mkdir -p logs

IDV=$((LSB_JOBINDEX - 1))
read MODEL DATASET <<< "${COMBINATIONS_NTN[$IDV]}"
echo "NTN: $MODEL $DATASET"

if [[ "$MODEL" == "cpda" || "$MODEL" == "cpda_typei" ]]; then
    EXPERIMENT="cpda_ntn_sweep"
else
    EXPERIMENT="uci_ntn_sweep"
fi

echo "Task $LSB_JOBINDEX: Dataset=$DATASET, Model=$MODEL, Experiment=$EXPERIMENT"

export OMP_NUM_THREADS=6
export MKL_NUM_THREADS=6
export OPENBLAS_NUM_THREADS=6
export NUMEXPR_NUM_THREADS=6

python run.py --multirun \
    +experiment=$EXPERIMENT \
    model=$MODEL \
    dataset=$DATASET

------------------------------------------------------------

TERM_RUNLIMIT: job killed after reaching LSF run time limit.
Exited with exit code 140.

Resource usage summary:

    CPU time :                                   43291.00 sec.
    Max Memory :                                 931 MB
    Average Memory :                             865.09 MB
    Total Requested Memory :                     9000.00 MB
    Delta Memory :                               8069.00 MB
    Max Swap :                                   -
    Max Processes :                              12
    Max Threads :                                71
    Run time :                                   43249 sec.
    Turnaround time :                            455544 sec.

The output (if any) is above this job summary.



PS:

Read file <logs/28391462_11_gpua_newntn.err> for stderr output of this job.

