NTN: lmpo2_typei adult
Task 1: Dataset=adult, Model=lmpo2_typei, Experiment=uci_ntn_sweep
[2026-05-08 10:23:46,437][HYDRA] Launching 90 jobs locally
[2026-05-08 10:23:46,438][HYDRA] 	#0 : model.reduction_factor=0.3 model.L=4 model.bond_dim=12 seed=42 trainer.ridge=5 trainer.ridge_decay=0.25 trainer.ridge_min=0.0001 +experiment=uci_ntn_sweep model=lmpo2_typei dataset=adult
[2026-05-08 10:23:47,490][utils.tracking][INFO] - Loaded 17517 tracked runs from runs_tracking.csv
[2026-05-08 10:23:47,508][__main__][INFO] - ▶ RUN LMPO2TypeI/adult/NTN L=4 bd=12_rf0.3 seed=42 -> /zhome/6b/e/212868/GTN/outputs/ntn/adult/LMPO2TypeI_rg5_init0.1/L4_bd12_seed42_rf0.3_bondmpo1
Starting Ensemble Fit: 20 epochs
Models: [(1, 2), (2, 4), (3, 6), (4, 8)]
Total nodes: 20
Validation: Using separate validation set
Early stopping: patience=10, min_delta=0.001
Init    | Train: loss: 1.39648 | quality: 0.16505
        | Val:   loss: 1.39661 | quality: 0.16858

[2026-05-08 10:24:28,341][__main__][ERROR] - CUDA out of memory: CUDA out of memory. Tried to allocate 66.89 GiB. GPU 0 has a total capacity of 39.49 GiB of which 37.02 GiB is free. Including non-PyTorch memory, this process has 2.46 GiB memory in use. Of the allocated memory 1.51 GiB is allocated by PyTorch, and 442.42 MiB is reserved by PyTorch but unallocated. If reserved but unallocated memory is large try setting PYTORCH_CUDA_ALLOC_CONF=expandable_segments:True to avoid fragmentation.  See documentation for Memory Management  (https://docs.pytorch.org/docs/stable/notes/cuda.html#optimizing-memory-usage-with-pytorch-cuda-alloc-conf)
[2026-05-08 10:24:28,349][__main__][WARNING] - ✗ OOM LMPO2TypeI/adult/NTN L=4 bd=12_rf0.3 seed=42 -> /zhome/6b/e/212868/GTN/outputs/ntn/adult/LMPO2TypeI_rg5_init0.1/L4_bd12_seed42_rf0.3_bondmpo1 | val=None
[2026-05-08 10:24:28,351][HYDRA] 	#1 : model.reduction_factor=0.3 model.L=4 model.bond_dim=12 seed=10090 trainer.ridge=5 trainer.ridge_decay=0.25 trainer.ridge_min=0.0001 +experiment=uci_ntn_sweep model=lmpo2_typei dataset=adult
[2026-05-08 10:24:28,477][__main__][INFO] - ▶ RUN LMPO2TypeI/adult/NTN L=4 bd=12_rf0.3 seed=10090 -> /zhome/6b/e/212868/GTN/outputs/ntn/adult/LMPO2TypeI_rg5_init0.1/L4_bd12_seed10090_rf0.3_bondmpo1
Starting Ensemble Fit: 20 epochs
Models: [(1, 2), (2, 4), (3, 6), (4, 8)]
Total nodes: 20
Validation: Using separate validation set
Early stopping: patience=10, min_delta=0.001
Init    | Train: loss: 1.38360 | quality: 0.29606
        | Val:   loss: 1.38422 | quality: 0.29375

[2026-05-08 10:24:41,022][__main__][ERROR] - CUDA out of memory: CUDA out of memory. Tried to allocate 66.89 GiB. GPU 0 has a total capacity of 39.49 GiB of which 37.02 GiB is free. Including non-PyTorch memory, this process has 2.46 GiB memory in use. Of the allocated memory 1.54 GiB is allocated by PyTorch, and 407.86 MiB is reserved by PyTorch but unallocated. If reserved but unallocated memory is large try setting PYTORCH_CUDA_ALLOC_CONF=expandable_segments:True to avoid fragmentation.  See documentation for Memory Management  (https://docs.pytorch.org/docs/stable/notes/cuda.html#optimizing-memory-usage-with-pytorch-cuda-alloc-conf)
[2026-05-08 10:24:41,028][__main__][WARNING] - ✗ OOM LMPO2TypeI/adult/NTN L=4 bd=12_rf0.3 seed=10090 -> /zhome/6b/e/212868/GTN/outputs/ntn/adult/LMPO2TypeI_rg5_init0.1/L4_bd12_seed10090_rf0.3_bondmpo1 | val=None
[2026-05-08 10:24:41,030][HYDRA] 	#2 : model.reduction_factor=0.3 model.L=4 model.bond_dim=12 seed=32874 trainer.ridge=5 trainer.ridge_decay=0.25 trainer.ridge_min=0.0001 +experiment=uci_ntn_sweep model=lmpo2_typei dataset=adult
[2026-05-08 10:24:41,155][__main__][INFO] - ▶ RUN LMPO2TypeI/adult/NTN L=4 bd=12_rf0.3 seed=32874 -> /zhome/6b/e/212868/GTN/outputs/ntn/adult/LMPO2TypeI_rg5_init0.1/L4_bd12_seed32874_rf0.3_bondmpo1
Starting Ensemble Fit: 20 epochs
Models: [(1, 2), (2, 4), (3, 6), (4, 8)]
Total nodes: 20
Validation: Using separate validation set
Early stopping: patience=10, min_delta=0.001
Init    | Train: loss: 1.37030 | quality: 0.36076
        | Val:   loss: 1.37128 | quality: 0.35736

[2026-05-08 10:24:53,856][__main__][ERROR] - CUDA out of memory: CUDA out of memory. Tried to allocate 66.89 GiB. GPU 0 has a total capacity of 39.49 GiB of which 37.02 GiB is free. Including non-PyTorch memory, this process has 2.47 GiB memory in use. Of the allocated memory 1.54 GiB is allocated by PyTorch, and 410.43 MiB is reserved by PyTorch but unallocated. If reserved but unallocated memory is large try setting PYTORCH_CUDA_ALLOC_CONF=expandable_segments:True to avoid fragmentation.  See documentation for Memory Management  (https://docs.pytorch.org/docs/stable/notes/cuda.html#optimizing-memory-usage-with-pytorch-cuda-alloc-conf)
[2026-05-08 10:24:53,862][__main__][WARNING] - ✗ OOM LMPO2TypeI/adult/NTN L=4 bd=12_rf0.3 seed=32874 -> /zhome/6b/e/212868/GTN/outputs/ntn/adult/LMPO2TypeI_rg5_init0.1/L4_bd12_seed32874_rf0.3_bondmpo1 | val=None
[2026-05-08 10:24:53,864][HYDRA] 	#3 : model.reduction_factor=0.3 model.L=4 model.bond_dim=12 seed=47311 trainer.ridge=5 trainer.ridge_decay=0.25 trainer.ridge_min=0.0001 +experiment=uci_ntn_sweep model=lmpo2_typei dataset=adult
[2026-05-08 10:24:54,011][__main__][INFO] - ▶ RUN LMPO2TypeI/adult/NTN L=4 bd=12_rf0.3 seed=47311 -> /zhome/6b/e/212868/GTN/outputs/ntn/adult/LMPO2TypeI_rg5_init0.1/L4_bd12_seed47311_rf0.3_bondmpo1
Starting Ensemble Fit: 20 epochs
Models: [(1, 2), (2, 4), (3, 6), (4, 8)]
Total nodes: 20
Validation: Using separate validation set
Early stopping: patience=10, min_delta=0.001
Init    | Train: loss: 1.37911 | quality: 0.36705
        | Val:   loss: 1.37818 | quality: 0.36814

[2026-05-08 10:25:08,117][__main__][ERROR] - CUDA out of memory: CUDA out of memory. Tried to allocate 66.89 GiB. GPU 0 has a total capacity of 39.49 GiB of which 37.02 GiB is free. Including non-PyTorch memory, this process has 2.47 GiB memory in use. Of the allocated memory 1.58 GiB is allocated by PyTorch, and 376.72 MiB is reserved by PyTorch but unallocated. If reserved but unallocated memory is large try setting PYTORCH_CUDA_ALLOC_CONF=expandable_segments:True to avoid fragmentation.  See documentation for Memory Management  (https://docs.pytorch.org/docs/stable/notes/cuda.html#optimizing-memory-usage-with-pytorch-cuda-alloc-conf)
[2026-05-08 10:25:08,124][__main__][WARNING] - ✗ OOM LMPO2TypeI/adult/NTN L=4 bd=12_rf0.3 seed=47311 -> /zhome/6b/e/212868/GTN/outputs/ntn/adult/LMPO2TypeI_rg5_init0.1/L4_bd12_seed47311_rf0.3_bondmpo1 | val=None
[2026-05-08 10:25:08,127][HYDRA] 	#4 : model.reduction_factor=0.3 model.L=4 model.bond_dim=12 seed=47303 trainer.ridge=5 trainer.ridge_decay=0.25 trainer.ridge_min=0.0001 +experiment=uci_ntn_sweep model=lmpo2_typei dataset=adult
[2026-05-08 10:25:08,261][__main__][INFO] - ▶ RUN LMPO2TypeI/adult/NTN L=4 bd=12_rf0.3 seed=47303 -> /zhome/6b/e/212868/GTN/outputs/ntn/adult/LMPO2TypeI_rg5_init0.1/L4_bd12_seed47303_rf0.3_bondmpo1
Starting Ensemble Fit: 20 epochs
Models: [(1, 2), (2, 4), (3, 6), (4, 8)]
Total nodes: 20
Validation: Using separate validation set
Early stopping: patience=10, min_delta=0.001
Init    | Train: loss: 1.40995 | quality: 0.17523
        | Val:   loss: 1.40881 | quality: 0.17813

[2026-05-08 10:25:20,954][__main__][ERROR] - CUDA out of memory: CUDA out of memory. Tried to allocate 66.89 GiB. GPU 0 has a total capacity of 39.49 GiB of which 37.01 GiB is free. Including non-PyTorch memory, this process has 2.47 GiB memory in use. Of the allocated memory 1.61 GiB is allocated by PyTorch, and 345.71 MiB is reserved by PyTorch but unallocated. If reserved but unallocated memory is large try setting PYTORCH_CUDA_ALLOC_CONF=expandable_segments:True to avoid fragmentation.  See documentation for Memory Management  (https://docs.pytorch.org/docs/stable/notes/cuda.html#optimizing-memory-usage-with-pytorch-cuda-alloc-conf)
[2026-05-08 10:25:20,960][__main__][WARNING] - ✗ OOM LMPO2TypeI/adult/NTN L=4 bd=12_rf0.3 seed=47303 -> /zhome/6b/e/212868/GTN/outputs/ntn/adult/LMPO2TypeI_rg5_init0.1/L4_bd12_seed47303_rf0.3_bondmpo1 | val=None
[2026-05-08 10:25:20,962][HYDRA] 	#5 : model.reduction_factor=0.3 model.L=4 model.bond_dim=8 seed=42 trainer.ridge=5 trainer.ridge_decay=0.25 trainer.ridge_min=0.0001 +experiment=uci_ntn_sweep model=lmpo2_typei dataset=adult
[2026-05-08 10:25:21,090][__main__][INFO] - ⏭ SKIP LMPO2TypeI/adult/NTN L=4 bd=8_rf0.3 seed=42 -> /zhome/6b/e/212868/GTN/outputs/ntn/adult/LMPO2TypeI_rg5_init0.1/L4_bd8_seed42_rf0.3_bondmpo1 | previous run failed with singular matrix (permanent) val=0.5610
[2026-05-08 10:25:21,092][HYDRA] 	#6 : model.reduction_factor=0.3 model.L=4 model.bond_dim=8 seed=10090 trainer.ridge=5 trainer.ridge_decay=0.25 trainer.ridge_min=0.0001 +experiment=uci_ntn_sweep model=lmpo2_typei dataset=adult
[2026-05-08 10:25:21,215][__main__][INFO] - ⏭ SKIP LMPO2TypeI/adult/NTN L=4 bd=8_rf0.3 seed=10090 -> /zhome/6b/e/212868/GTN/outputs/ntn/adult/LMPO2TypeI_rg5_init0.1/L4_bd8_seed10090_rf0.3_bondmpo1 | previous run failed with singular matrix (permanent) val=0.5620
[2026-05-08 10:25:21,216][HYDRA] 	#7 : model.reduction_factor=0.3 model.L=4 model.bond_dim=8 seed=32874 trainer.ridge=5 trainer.ridge_decay=0.25 trainer.ridge_min=0.0001 +experiment=uci_ntn_sweep model=lmpo2_typei dataset=adult
[2026-05-08 10:25:21,335][__main__][INFO] - ⏭ SKIP LMPO2TypeI/adult/NTN L=4 bd=8_rf0.3 seed=32874 -> /zhome/6b/e/212868/GTN/outputs/ntn/adult/LMPO2TypeI_rg5_init0.1/L4_bd8_seed32874_rf0.3_bondmpo1 | previous run failed with singular matrix (permanent) val=0.5592
[2026-05-08 10:25:21,336][HYDRA] 	#8 : model.reduction_factor=0.3 model.L=4 model.bond_dim=8 seed=47311 trainer.ridge=5 trainer.ridge_decay=0.25 trainer.ridge_min=0.0001 +experiment=uci_ntn_sweep model=lmpo2_typei dataset=adult
[2026-05-08 10:25:21,450][__main__][INFO] - ⏭ SKIP LMPO2TypeI/adult/NTN L=4 bd=8_rf0.3 seed=47311 -> /zhome/6b/e/212868/GTN/outputs/ntn/adult/LMPO2TypeI_rg5_init0.1/L4_bd8_seed47311_rf0.3_bondmpo1 | previous run failed with singular matrix (permanent) val=0.5606
[2026-05-08 10:25:21,452][HYDRA] 	#9 : model.reduction_factor=0.3 model.L=4 model.bond_dim=8 seed=47303 trainer.ridge=5 trainer.ridge_decay=0.25 trainer.ridge_min=0.0001 +experiment=uci_ntn_sweep model=lmpo2_typei dataset=adult
[2026-05-08 10:25:21,565][__main__][INFO] - ⏭ SKIP LMPO2TypeI/adult/NTN L=4 bd=8_rf0.3 seed=47303 -> /zhome/6b/e/212868/GTN/outputs/ntn/adult/LMPO2TypeI_rg5_init0.1/L4_bd8_seed47303_rf0.3_bondmpo1 | previous run failed with singular matrix (permanent) val=0.5613
[2026-05-08 10:25:21,567][HYDRA] 	#10 : model.reduction_factor=0.3 model.L=4 model.bond_dim=4 seed=42 trainer.ridge=5 trainer.ridge_decay=0.25 trainer.ridge_min=0.0001 +experiment=uci_ntn_sweep model=lmpo2_typei dataset=adult
[2026-05-08 10:25:21,680][__main__][INFO] - ⏭ SKIP LMPO2TypeI/adult/NTN L=4 bd=4_rf0.3 seed=42 -> /zhome/6b/e/212868/GTN/outputs/ntn/adult/LMPO2TypeI_rg5_init0.1/L4_bd4_seed42_rf0.3_bondmpo1 | previous run failed with singular matrix (permanent) val=0.5613
[2026-05-08 10:25:21,681][HYDRA] 	#11 : model.reduction_factor=0.3 model.L=4 model.bond_dim=4 seed=10090 trainer.ridge=5 trainer.ridge_decay=0.25 trainer.ridge_min=0.0001 +experiment=uci_ntn_sweep model=lmpo2_typei dataset=adult
[2026-05-08 10:25:21,796][__main__][INFO] - ⏭ SKIP LMPO2TypeI/adult/NTN L=4 bd=4_rf0.3 seed=10090 -> /zhome/6b/e/212868/GTN/outputs/ntn/adult/LMPO2TypeI_rg5_init0.1/L4_bd4_seed10090_rf0.3_bondmpo1 | previous run failed with singular matrix (permanent) val=0.5614
[2026-05-08 10:25:21,797][HYDRA] 	#12 : model.reduction_factor=0.3 model.L=4 model.bond_dim=4 seed=32874 trainer.ridge=5 trainer.ridge_decay=0.25 trainer.ridge_min=0.0001 +experiment=uci_ntn_sweep model=lmpo2_typei dataset=adult
[2026-05-08 10:25:21,912][__main__][INFO] - ▶ RUN LMPO2TypeI/adult/NTN L=4 bd=4_rf0.3 seed=32874 -> /zhome/6b/e/212868/GTN/outputs/ntn/adult/LMPO2TypeI_rg5_init0.1/L4_bd4_seed32874_rf0.3_bondmpo1
Starting Ensemble Fit: 20 epochs
Models: [(1, 2), (2, 4), (3, 6), (4, 8)]
Total nodes: 20
Validation: Using separate validation set
Early stopping: patience=10, min_delta=0.001
Init    | Train: loss: 1.37030 | quality: 0.36208
        | Val:   loss: 1.37131 | quality: 0.35872


------------------------------------------------------------
Sender: LSF System <lsfadmin@hpc.dtu.dk>
Subject: Job 28391462[1]: <ntn_grid_missing[1-17]%20> in cluster <dcc> Exited

Job <ntn_grid_missing[1-17]%20> was submitted from host <hpclogin1> by user <nicci> in cluster <dcc> at Fri May  8 10:10:51 2026
Job was executed on host(s) <12*n-62-12-22>, in queue <gpua100>, as user <nicci> in cluster <dcc> at Fri May  8 10:21:37 2026
</zhome/6b/e/212868> was used as the home directory.
</zhome/6b/e/212868/GTN> was used as the working directory.
Started at Fri May  8 10:21:37 2026
Terminated at Fri May  8 22:21:45 2026
Results reported at Fri May  8 22:21:45 2026

Your job looked like:

------------------------------------------------------------
# LSBATCH: User input
#!/bin/bash
#BSUB -q gpua100
#BSUB -J "ntn_grid_missing[1-17]%20"
#BSUB -W 12:00
#BSUB -n 12
#BSUB -R "rusage[mem=750MB]"
#BSUB -R "span[hosts=1]"
#BSUB -o logs/%J_%I_gpua_newntn.out
#BSUB -e logs/%J_%I_gpua_newntn.err
#BSUB -gpu "num=1:mode=exclusive_process"

cd "~/GTN"
source .venv/bin/activate
source missing.env

NUM_EXPERIMENTS=${#COMBINATIONS_NTN[@]}

mkdir -p logs

IDV=$((LSB_JOBINDEX - 1))
read MODEL DATASET <<< "${COMBINATIONS_NTN[$IDV]}"
echo "NTN: $MODEL $DATASET"

if [[ "$MODEL" == "cpda" || "$MODEL" == "cpda_typei" ]]; then
    EXPERIMENT="cpda_ntn_sweep"
else
    EXPERIMENT="uci_ntn_sweep"
fi

echo "Task $LSB_JOBINDEX: Dataset=$DATASET, Model=$MODEL, Experiment=$EXPERIMENT"

export OMP_NUM_THREADS=6
export MKL_NUM_THREADS=6
export OPENBLAS_NUM_THREADS=6
export NUMEXPR_NUM_THREADS=6

python run.py --multirun \
    +experiment=$EXPERIMENT \
    model=$MODEL \
    dataset=$DATASET

------------------------------------------------------------

TERM_RUNLIMIT: job killed after reaching LSF run time limit.
Exited with exit code 140.

Resource usage summary:

    CPU time :                                   43115.00 sec.
    Max Memory :                                 1036 MB
    Average Memory :                             984.05 MB
    Total Requested Memory :                     9000.00 MB
    Delta Memory :                               7964.00 MB
    Max Swap :                                   -
    Max Processes :                              12
    Max Threads :                                71
    Run time :                                   43208 sec.
    Turnaround time :                            43854 sec.

The output (if any) is above this job summary.



PS:

Read file <logs/28391462_1_gpua_newntn.err> for stderr output of this job.

