NTN: lmpo2_typei obesity
Task 6: Dataset=obesity, Model=lmpo2_typei, Experiment=uci_ntn_sweep
[2026-05-27 14:09:54,520][HYDRA] Launching 90 jobs locally
[2026-05-27 14:09:54,521][HYDRA] 	#0 : model.reduction_factor=0.3 model.L=4 model.bond_dim=12 seed=42 trainer.ridge=5 trainer.ridge_decay=0.25 trainer.ridge_min=0.0001 +experiment=uci_ntn_sweep model=lmpo2_typei dataset=obesity
[2026-05-27 14:09:54,826][utils.tracking][INFO] - Loaded 19170 tracked runs from runs_tracking.csv
[2026-05-27 14:09:54,830][__main__][INFO] - ♻ RETRY LMPO2TypeI/obesity/NTN L=4 bd=12_rf0.3 seed=42 -> /zhome/6b/e/212868/GTN/outputs/ntn/obesity/LMPO2TypeI_rg5_init0.1/L4_bd12_seed42_rf0.3_bondmpo1 | OOM
[2026-05-27 14:09:54,831][__main__][INFO] - ▶ RUN LMPO2TypeI/obesity/NTN L=4 bd=12_rf0.3 seed=42 -> /zhome/6b/e/212868/GTN/outputs/ntn/obesity/LMPO2TypeI_rg5_init0.1/L4_bd12_seed42_rf0.3_bondmpo1
Starting Ensemble Fit: 20 epochs
Models: [(1, 2), (2, 4), (3, 6), (4, 8)]
Total nodes: 20
Validation: Using separate validation set
Early stopping: patience=10, min_delta=0.001
Init    | Train: loss: 12.82200 | quality: -2.36446
        | Val:   loss: 12.22233 | quality: -2.39570


------------------------------------------------------------
Sender: LSF System <lsfadmin@hpc.dtu.dk>
Subject: Job 28513910[6]: <ntn_grid_full[1-16]%20> in cluster <dcc> Exited

Job <ntn_grid_full[1-16]%20> was submitted from host <hpclogin1> by user <nicci> in cluster <dcc> at Wed May 27 14:09:26 2026
Job was executed on host(s) <10*n-62-21-93>, in queue <hpc>, as user <nicci> in cluster <dcc> at Wed May 27 14:09:26 2026
</zhome/6b/e/212868> was used as the home directory.
</zhome/6b/e/212868/GTN> was used as the working directory.
Started at Wed May 27 14:09:26 2026
Terminated at Wed May 27 14:10:42 2026
Results reported at Wed May 27 14:10:42 2026

Your job looked like:

------------------------------------------------------------
# LSBATCH: User input
#!/bin/bash
#BSUB -q hpc
#BSUB -J "ntn_grid_full[1-16]%20"
#BSUB -W 24:00
#BSUB -n 10
#BSUB -R "rusage[mem=8GB]"
#BSUB -R "span[hosts=1]"
#BSUB -o logs/%J_%I_cpu_newntn.out
#BSUB -e logs/%J_%I_cpu_newntn.err

cd "~/GTN"
source .venv/bin/activate
source missing.env

NUM_EXPERIMENTS=${#COMBINATIONS_NTN[@]}

mkdir -p logs

IDV=$((LSB_JOBINDEX - 1))
read MODEL DATASET <<< "${COMBINATIONS_NTN[$IDV]}"
echo "NTN: $MODEL $DATASET"

if [[ "$MODEL" == "cpda" || "$MODEL" == "cpda_typei" ]]; then
    EXPERIMENT="cpda_ntn_sweep"
else
    EXPERIMENT="uci_ntn_sweep"
fi

echo "Task $LSB_JOBINDEX: Dataset=$DATASET, Model=$MODEL, Experiment=$EXPERIMENT"

export OMP_NUM_THREADS=10
export MKL_NUM_THREADS=10
export OPENBLAS_NUM_THREADS=10
export NUMEXPR_NUM_THREADS=10

python run.py --multirun \
    +experiment=$EXPERIMENT \
    model=$MODEL \
    dataset=$DATASET

------------------------------------------------------------

TERM_MEMLIMIT: job killed after reaching LSF memory usage limit.
Exited with exit code 137.

Resource usage summary:

    CPU time :                                   246.00 sec.
    Max Memory :                                 81920 MB
    Average Memory :                             132.33 MB
    Total Requested Memory :                     81920.00 MB
    Delta Memory :                               0.00 MB
    Max Swap :                                   -
    Max Processes :                              4
    Max Threads :                                23
    Run time :                                   76 sec.
    Turnaround time :                            76 sec.

The output (if any) is above this job summary.



PS:

Read file <logs/28513910_6_cpu_newntn.err> for stderr output of this job.

