
Loading dataset: CIFAR10 (n_patches=4, model=cmpo2)
  Train: 42500, Val: 7500, Test: 10000
  Shape: (4, 256), Classes: 10

Loading dataset: CIFAR10 (n_patches=16, model=cmpo2)
  Train: 42500, Val: 7500, Test: 10000
  Shape: (16, 64), Classes: 10
  Device: cuda
======================================================================
EXPERIMENT PLAN SUMMARY
======================================================================
Total experiments: 432
Grid combinations: 144
Seeds per combination: 3

Parameter Grid:
  n_patches: [4, 16] (n=2)
  n_sites: [3, 4] (n=2)
  rank_pixel: [8, 16, 32] (n=3)
  rank_patch: [8, 16, 32] (n=3)
  lr: [0.001, 0.0001] (n=2)
  weight_decay: [0.1, 0.01] (n=2)
  init_strength: [0.01] (n=1)

Fixed Parameters:
  batch_size: 64
  n_epochs: 1000
  patience: 30
  min_delta: 1e-08
  optimizer: adamw

Example runs (first 5):
  1. CMPO2_GTN-np4-ns3-rp8-rpa8-init0.01-lr1em03-wd1em01-seed42
  2. CMPO2_GTN-np4-ns3-rp8-rpa8-init0.01-lr1em03-wd1em01-seed7
  3. CMPO2_GTN-np4-ns3-rp8-rpa8-init0.01-lr1em03-wd1em01-seed123
  4. CMPO2_GTN-np4-ns3-rp8-rpa8-init0.01-lr1em03-wd1em02-seed42
  5. CMPO2_GTN-np4-ns3-rp8-rpa8-init0.01-lr1em03-wd1em02-seed7
  ... (427 more)


[1/432] Running: CMPO2_GTN-np4-ns3-rp8-rpa8-init0.01-lr1em03-wd1em01-seed42
  AIM run started: 957cc034bf964dccbf73001a
  Test Acc=0.2438

[2/432] Running: CMPO2_GTN-np4-ns3-rp8-rpa8-init0.01-lr1em03-wd1em01-seed7
  AIM run started: 1f319c6f6a1e490ca92ba88b
  Test Acc=0.2524

[3/432] Running: CMPO2_GTN-np4-ns3-rp8-rpa8-init0.01-lr1em03-wd1em01-seed123
  AIM run started: 8b387abab5654da6a259a530
  Test Acc=0.2519

[4/432] Running: CMPO2_GTN-np4-ns3-rp8-rpa8-init0.01-lr1em03-wd1em02-seed42
  AIM run started: 7b419cf8b1504057b1beef3f
  Test Acc=0.2126

[5/432] Running: CMPO2_GTN-np4-ns3-rp8-rpa8-init0.01-lr1em03-wd1em02-seed7
  AIM run started: 9ca802f4b21149008b601db9
  Test Acc=0.2177

[6/432] Running: CMPO2_GTN-np4-ns3-rp8-rpa8-init0.01-lr1em03-wd1em02-seed123
  AIM run started: 27dfd43756784188be6f2901
  Test Acc=0.2214

[7/432] Running: CMPO2_GTN-np4-ns3-rp8-rpa8-init0.01-lr1em04-wd1em01-seed42
  AIM error (attempt 1/3): Expecting value: line 1 column 1 (char 0)
  Retrying in 10s...
  AIM error (attempt 2/3): Expecting value: line 1 column 1 (char 0)
  Retrying in 10s...
