
Loading dataset: winequalityc
  Task: classification
  Train: 4547 samples
  Val: 975 samples
  Test: 975 samples
  Input dim: 11
  Output dim: 7
  Device: cuda
======================================================================
EXPERIMENT PLAN SUMMARY
======================================================================
Total experiments: 360
Grid combinations: 72
Seeds per combination: 5

Parameter Grid:
  model: ['MPO2', 'MPO2TypeI_GTN', 'MMPO2', 'MMPO2TypeI_GTN'] (n=4)
  L: [3, 4] (n=2)
  bond_dim: [8, 12, 16] (n=3)
  lr: [0.01, 0.001, 0.0001] (n=3)

Fixed Parameters:
  output_site: 1
  batch_size: 64
  n_epochs: 1000
  patience: 40
  min_delta: 1e-08
  optimizer: adamw
  init_strength: 0.01
  rank: 5

Example runs (first 5):
  1. MPO2-L3-d8-seed42
  2. MPO2-L3-d8-seed7
  3. MPO2-L3-d8-seed123
  4. MPO2-L3-d8-seed256
  5. MPO2-L3-d8-seed999
  ... (355 more)


[181/360] Running: MMPO2-L3-d8-seed42
[AIM_AUTH] ERROR: Server returned non-JSON response during connect
[AIM_AUTH] This usually means authentication failed or server is unreachable
[AIM_AUTH] Check CF_ACCESS_CLIENT_ID and CF_ACCESS_CLIENT_SECRET are set correctly
  AIM error (attempt 1/3): Expecting value: line 1 column 1 (char 0)
  Retrying in 10s...
[AIM_AUTH] ERROR: Server returned non-JSON response during connect
[AIM_AUTH] This usually means authentication failed or server is unreachable
[AIM_AUTH] Check CF_ACCESS_CLIENT_ID and CF_ACCESS_CLIENT_SECRET are set correctly
  AIM error (attempt 2/3): Expecting value: line 1 column 1 (char 0)
  Retrying in 10s...
[AIM_AUTH] ERROR: Server returned non-JSON response during connect
[AIM_AUTH] This usually means authentication failed or server is unreachable
[AIM_AUTH] Check CF_ACCESS_CLIENT_ID and CF_ACCESS_CLIENT_SECRET are set correctly

------------------------------------------------------------
Sender: LSF System <lsfadmin@hpc.dtu.dk>
Subject: Job 27666438: <gtn-winequalityc> in cluster <dcc> Exited

Job <gtn-winequalityc> was submitted from host <hpclogin1> by user <nicci> in cluster <dcc> at Thu Jan 22 09:21:36 2026
Job was executed on host(s) <8*n-62-20-6>, in queue <gpuv100>, as user <nicci> in cluster <dcc> at Fri Jan 23 07:25:36 2026
</zhome/6b/e/212868> was used as the home directory.
</zhome/6b/e/212868/GTN> was used as the working directory.
Started at Fri Jan 23 07:25:36 2026
Terminated at Fri Jan 23 07:27:07 2026
Results reported at Fri Jan 23 07:27:07 2026

Your job looked like:

------------------------------------------------------------
# LSBATCH: User input
#!/bin/sh
#BSUB -q gpuv100
#BSUB -J gtn-winequalityc
#BSUB -W 12:00
#BSUB -n 8
#BSUB -gpu "num=1:mode=exclusive_process"
#BSUB -R "rusage[mem=16GB]"
#BSUB -R "span[hosts=1]"
#BSUB -o logs/gtn-winequalityc_%J.out
#BSUB -e logs/gtn-winequalityc_%J.err
#BSUB -u nicci@dtu.dk

export HOME=/zhome/6b/e/212868

cd $HOME/GTN
source .venv/bin/activate

set -a
source $HOME/aim
set +a

python experiments/run_grid_search_gtn.py --config experiments/configs/uci_gtn_winequalityc.json --output-dir results/gtn_winequalityc

------------------------------------------------------------

Exited with exit code 1.

Resource usage summary:

    CPU time :                                   6.16 sec.
    Max Memory :                                 443 MB
    Average Memory :                             443.00 MB
    Total Requested Memory :                     131072.00 MB
    Delta Memory :                               130629.00 MB
    Max Swap :                                   -
    Max Processes :                              4
    Max Threads :                                6
    Run time :                                   92 sec.
    Turnaround time :                            79531 sec.

The output (if any) is above this job summary.



PS:

Read file <logs/gtn-winequalityc_27666438.err> for stderr output of this job.

