Grid search already complete. Found .complete file in results/gtn_abalone_lmpo2
Delete .complete file to re-run experiments.

------------------------------------------------------------
Sender: LSF System <lsfadmin@hpc.dtu.dk>
Subject: Job 27707800: <gtn-abalone> in cluster <dcc> Done

Job <gtn-abalone> was submitted from host <hpclogin1> by user <nicci> in cluster <dcc> at Thu Jan 29 14:46:37 2026
Job was executed on host(s) <n-62-12-23>, in queue <gpua100>, as user <nicci> in cluster <dcc> at Thu Jan 29 14:46:37 2026
</zhome/6b/e/212868> was used as the home directory.
</zhome/6b/e/212868/GTN> was used as the working directory.
Started at Thu Jan 29 14:46:37 2026
Terminated at Thu Jan 29 14:46:45 2026
Results reported at Thu Jan 29 14:46:45 2026

Your job looked like:

------------------------------------------------------------
# LSBATCH: User input
#!/bin/sh
#BSUB -q gpua100
#BSUB -J gtn-abalone
#BSUB -W 24:00
#BSUB -n 1
#BSUB -gpu "num=1:mode=exclusive_process"
#BSUB -R "rusage[mem=16GB]"
#BSUB -R "span[hosts=1]"
#BSUB -o logs/gtn-abalone_%J.out
#BSUB -e logs/gtn-abalone_%J.err
#BSUB -u nicci@dtu.dk

export HOME=/zhome/6b/e/212868

cd $HOME/GTN
source .venv/bin/activate

set -a
source $HOME/aim
set +a

python experiments/run_grid_search_gtn.py --config experiments/configs/uci_gtn_abalone_lmpo2.json --output-dir results/gtn_abalone_lmpo2

------------------------------------------------------------

Successfully completed.

Resource usage summary:

    CPU time :                                   4.48 sec.
    Max Memory :                                 -
    Average Memory :                             -
    Total Requested Memory :                     16384.00 MB
    Delta Memory :                               -
    Max Swap :                                   -
    Max Processes :                              -
    Max Threads :                                -
    Run time :                                   8 sec.
    Turnaround time :                            8 sec.

The output (if any) is above this job summary.



PS:

Read file <logs/gtn-abalone_27707800.err> for stderr output of this job.

