
Loading dataset: student_dropout
  Task: classification
  Train: 3096 samples
  Val: 664 samples
  Test: 664 samples
  Input dim: 36
  Output dim: 3
  Device: cuda
======================================================================
EXPERIMENT PLAN SUMMARY
======================================================================
Total experiments: 180
Grid combinations: 36
Seeds per combination: 5

Parameter Grid:
  model: ['MPO2', 'MPO2TypeI_GTN'] (n=2)
  L: [3, 4] (n=2)
  bond_dim: [8, 12, 16] (n=3)
  lr: [0.01, 0.001, 0.0001] (n=3)

Fixed Parameters:
  output_site: 1
  batch_size: 64
  n_epochs: 1000
  patience: 40
  min_delta: 1e-08
  optimizer: adamw
  init_strength: 0.01
  rank: 5

Example runs (first 5):
  1. MPO2-L3-d8-seed42
  2. MPO2-L3-d8-seed7
  3. MPO2-L3-d8-seed123
  4. MPO2-L3-d8-seed256
  5. MPO2-L3-d8-seed999
  ... (175 more)


[1/180] Running: MPO2-L3-d8-seed42
  AIM run started: 73d5b15f52de43e19b5bece8
  ✓ SUCCESS: Test Acc=0.7334

[2/180] Running: MPO2-L3-d8-seed7
  AIM run started: aaf8d442dcbb428190c5db5c
  ✓ SUCCESS: Test Acc=0.7063

[3/180] Running: MPO2-L3-d8-seed123
  AIM run started: 1a1b35be5bfb45b38bd16d7f
  ✓ SUCCESS: Test Acc=0.7033

[4/180] Running: MPO2-L3-d8-seed256
  AIM run started: 4412b427c1c14714843ab534
  ✓ SUCCESS: Test Acc=0.7380

[5/180] Running: MPO2-L3-d8-seed999
  AIM run started: 74ff0854d5594c4cae02e373
  ✓ SUCCESS: Test Acc=0.7184

[16/180] Running: MPO2-L3-d12-seed42
  AIM run started: da4372a569d643e2b3f1d4f7
  ✓ SUCCESS: Test Acc=0.6913

[17/180] Running: MPO2-L3-d12-seed7
  AIM run started: 26cf50bc36ed42098464cfa2
  ✓ SUCCESS: Test Acc=0.6747

[18/180] Running: MPO2-L3-d12-seed123
  AIM run started: 530ba3e870a04ef7883c1c1e
  ✓ SUCCESS: Test Acc=0.6898

[19/180] Running: MPO2-L3-d12-seed256
  AIM run started: 78e94d1c228147fabb04c3f7
  ✓ SUCCESS: Test Acc=0.6883

[20/180] Running: MPO2-L3-d12-seed999
  AIM run started: 96703707d3f84ce69aa6bddb
  ✓ SUCCESS: Test Acc=0.6837

[31/180] Running: MPO2-L3-d16-seed42
  AIM run started: 73c39fd1167a407db0b67199
  ✓ SUCCESS: Test Acc=0.6928

[32/180] Running: MPO2-L3-d16-seed7
  AIM run started: 945e03cd17dc4f588d9b2bc3
  ✓ SUCCESS: Test Acc=0.6943

[33/180] Running: MPO2-L3-d16-seed123
  AIM run started: 2f0ab9f7a9704a66a773910d
  ✓ SUCCESS: Test Acc=0.6943

[34/180] Running: MPO2-L3-d16-seed256
  AIM run started: b8208b09ed994f5abe15dd7c
  ✓ SUCCESS: Test Acc=0.6792

[35/180] Running: MPO2-L3-d16-seed999
  AIM run started: 0c252bf3e1294ee5a5b509c8
  ✓ SUCCESS: Test Acc=0.6852

[46/180] Running: MPO2-L4-d8-seed42
  AIM run started: c6ee32e95715402a8c4d3895
  ✓ SUCCESS: Test Acc=0.6566

[47/180] Running: MPO2-L4-d8-seed7
  AIM run started: 70d50b28bde24b1e874e005f
  ✓ SUCCESS: Test Acc=0.6657

[48/180] Running: MPO2-L4-d8-seed123
  AIM run started: 9fa13da15987406383d8d424
  ✓ SUCCESS: Test Acc=0.6160

[49/180] Running: MPO2-L4-d8-seed256
  AIM run started: a2d98770438c4e9198786d89
  ✓ SUCCESS: Test Acc=0.6461

[50/180] Running: MPO2-L4-d8-seed999
  AIM run started: 61ca864cb9014fdda4ce1900
  ✓ SUCCESS: Test Acc=0.6536

[61/180] Running: MPO2-L4-d12-seed42
  AIM run started: 6b994ec7de7f43da972ae375
  ✓ SUCCESS: Test Acc=0.6551

[62/180] Running: MPO2-L4-d12-seed7
  AIM run started: 0603b902360243f5a89236e1
  ✓ SUCCESS: Test Acc=0.6476

[63/180] Running: MPO2-L4-d12-seed123
  AIM run started: c59c823954d748bb9a35d971
  ✓ SUCCESS: Test Acc=0.6536

[64/180] Running: MPO2-L4-d12-seed256
  AIM run started: a93b08a5958e4f33a4d3b4ef
  ✓ SUCCESS: Test Acc=0.6310

[65/180] Running: MPO2-L4-d12-seed999
  AIM run started: 788be5d2012b4bd5b12dc647
  ✓ SUCCESS: Test Acc=0.6355

[76/180] Running: MPO2-L4-d16-seed42
  AIM run started: da0dcd25f32c406394979cfe
  ✓ SUCCESS: Test Acc=0.6596

[77/180] Running: MPO2-L4-d16-seed7
  AIM run started: 1567dedaf2504364bf77b6a8
  ✓ SUCCESS: Test Acc=0.6431

[78/180] Running: MPO2-L4-d16-seed123
  AIM run started: 9c821801e3c040dfa6d35516
  ✓ SUCCESS: Test Acc=0.6627

[79/180] Running: MPO2-L4-d16-seed256
  AIM run started: 5caa36c94d9343e7b27688ca
  ✓ SUCCESS: Test Acc=0.6446

[80/180] Running: MPO2-L4-d16-seed999
  AIM run started: 713a857f61704b6fb994be8c
  ✓ SUCCESS: Test Acc=0.6476

[91/180] Running: MPO2TypeI_GTN-L3-d8-seed42
  AIM run started: bcde38a1d4794cb3aee170c4
  ✓ SUCCESS: Test Acc=0.7048

[92/180] Running: MPO2TypeI_GTN-L3-d8-seed7
  AIM run started: 7ba30f65931242dfa80c7da4
  ✓ SUCCESS: Test Acc=0.7093

[93/180] Running: MPO2TypeI_GTN-L3-d8-seed123
  AIM run started: 81d3736cce5d426eb876f0aa
  ✓ SUCCESS: Test Acc=0.6837

[94/180] Running: MPO2TypeI_GTN-L3-d8-seed256
  AIM run started: 67ffbfa77c6d4ee1a0931db1
  ✓ SUCCESS: Test Acc=0.6958

[95/180] Running: MPO2TypeI_GTN-L3-d8-seed999
  AIM run started: 95692e79add34d99bc4cc4dd
  ✓ SUCCESS: Test Acc=0.7184

[106/180] Running: MPO2TypeI_GTN-L3-d12-seed42
  AIM run started: fe2d9ac110104e6593512aef
  ✓ SUCCESS: Test Acc=0.7139

[107/180] Running: MPO2TypeI_GTN-L3-d12-seed7
  AIM run started: f540fe8eb6c247ceaee93600
  ✓ SUCCESS: Test Acc=0.6822

[108/180] Running: MPO2TypeI_GTN-L3-d12-seed123
  AIM run started: 8c50c22970fe45078487f8b0
  ✓ SUCCESS: Test Acc=0.6898

[109/180] Running: MPO2TypeI_GTN-L3-d12-seed256
  AIM run started: 6559a88fbe984a5c91a32a39
  ✓ SUCCESS: Test Acc=0.6596

[110/180] Running: MPO2TypeI_GTN-L3-d12-seed999
  AIM run started: 40d3a7cb46864754adbb9d47
  ✓ SUCCESS: Test Acc=0.6867

[121/180] Running: MPO2TypeI_GTN-L3-d16-seed42
  AIM run started: e2712db673624750a8dd6395
  ✓ SUCCESS: Test Acc=0.6928

[122/180] Running: MPO2TypeI_GTN-L3-d16-seed7
  AIM run started: de321826ebd5470aadd7493d
  ✓ SUCCESS: Test Acc=0.6958

[123/180] Running: MPO2TypeI_GTN-L3-d16-seed123
  AIM run started: 5a2643e68c41461899e843a2
  ✓ SUCCESS: Test Acc=0.6958

[124/180] Running: MPO2TypeI_GTN-L3-d16-seed256
  AIM run started: 2b72abb6b88e4c529025394a
  ✓ SUCCESS: Test Acc=0.6958

[125/180] Running: MPO2TypeI_GTN-L3-d16-seed999
  AIM run started: 8bc91b5b7ee24b11ad09475b
  ✓ SUCCESS: Test Acc=0.6852

[136/180] Running: MPO2TypeI_GTN-L4-d8-seed42
  AIM run started: 449506d8344d426d80df2de0
  ✓ SUCCESS: Test Acc=0.6898

[137/180] Running: MPO2TypeI_GTN-L4-d8-seed7
  AIM run started: 19b495e3f427483baa3df858
  ✓ SUCCESS: Test Acc=0.6973

[138/180] Running: MPO2TypeI_GTN-L4-d8-seed123
  AIM run started: c343588ea9364ca6bd4d3878
  ✓ SUCCESS: Test Acc=0.5708

[139/180] Running: MPO2TypeI_GTN-L4-d8-seed256
  AIM run started: 271ffafe2fbd467293131474
  ✓ SUCCESS: Test Acc=0.6852

[140/180] Running: MPO2TypeI_GTN-L4-d8-seed999
  AIM run started: 13ec96cd5b1043f9ac6b9c2b
  ✓ SUCCESS: Test Acc=0.6958

[151/180] Running: MPO2TypeI_GTN-L4-d12-seed42
  AIM run started: b5a719ce23014af08ff91c63
  ✓ SUCCESS: Test Acc=0.6973

[152/180] Running: MPO2TypeI_GTN-L4-d12-seed7
  AIM run started: 721f69a2202147aca878ccc7
  ✓ SUCCESS: Test Acc=0.6867

[153/180] Running: MPO2TypeI_GTN-L4-d12-seed123
  AIM run started: cf54903abbd84e7b8ab5111e
  ✓ SUCCESS: Test Acc=0.6943

[154/180] Running: MPO2TypeI_GTN-L4-d12-seed256
  AIM run started: 8a3356fa5be1491db26579dc
  ✓ SUCCESS: Test Acc=0.6852

[155/180] Running: MPO2TypeI_GTN-L4-d12-seed999
  AIM run started: d667bf33b8c548b095fe763a
  ✓ SUCCESS: Test Acc=0.7033

[166/180] Running: MPO2TypeI_GTN-L4-d16-seed42
  AIM run started: 670545e01c0a46b49cc6d53f
  ✓ SUCCESS: Test Acc=0.6627

[167/180] Running: MPO2TypeI_GTN-L4-d16-seed7
  AIM run started: ce6a0318fcaa4634b2d023f2
  ✓ SUCCESS: Test Acc=0.6943

[168/180] Running: MPO2TypeI_GTN-L4-d16-seed123
  AIM run started: 0fc8c4e943c8496a82431ff6
  ✓ SUCCESS: Test Acc=0.6777

[169/180] Running: MPO2TypeI_GTN-L4-d16-seed256
  AIM run started: fa1b5d390ecf41608e81d309
  ✓ SUCCESS: Test Acc=0.6883

[170/180] Running: MPO2TypeI_GTN-L4-d16-seed999
  AIM run started: 952dc527348e46efb56bc535
  ✓ SUCCESS: Test Acc=0.6611

======================================================================
GRID SEARCH SUMMARY
======================================================================
Total runs: 180
Completed: 60
Skipped: 120
Failed: 0
Time: 2972.8s (16.5s per run)

Top 5 Configurations by Test Accuracy:

1. MPO2-L3-d8-seed256
   Test Accuracy: 73.80
   Model: MPO2, Seed: 256
   Key params: bond_dim=8, lr=0.01, wd=0

2. MPO2-L3-d8-seed42
   Test Accuracy: 73.34
   Model: MPO2, Seed: 42
   Key params: bond_dim=8, lr=0.01, wd=0

3. MPO2-L3-d8-seed999
   Test Accuracy: 71.84
   Model: MPO2, Seed: 999
   Key params: bond_dim=8, lr=0.01, wd=0

4. MPO2TypeI_GTN-L3-d8-seed999
   Test Accuracy: 71.84
   Model: MPO2TypeI_GTN, Seed: 999
   Key params: bond_dim=8, lr=0.01, wd=0

5. MPO2TypeI_GTN-L3-d12-seed42
   Test Accuracy: 71.39
   Model: MPO2TypeI_GTN, Seed: 42
   Key params: bond_dim=12, lr=0.01, wd=0

Summary saved to: results/gtn_student_dropout/summary.json
======================================================================

------------------------------------------------------------
Sender: LSF System <lsfadmin@hpc.dtu.dk>
Subject: Job 27666432: <gtn-student-dropout> in cluster <dcc> Done

Job <gtn-student-dropout> was submitted from host <hpclogin1> by user <nicci> in cluster <dcc> at Thu Jan 22 09:21:34 2026
Job was executed on host(s) <8*n-62-18-12>, in queue <gpua100>, as user <nicci> in cluster <dcc> at Fri Jan 23 03:25:40 2026
</zhome/6b/e/212868> was used as the home directory.
</zhome/6b/e/212868/GTN> was used as the working directory.
Started at Fri Jan 23 03:25:40 2026
Terminated at Fri Jan 23 04:15:32 2026
Results reported at Fri Jan 23 04:15:32 2026

Your job looked like:

------------------------------------------------------------
# LSBATCH: User input
#!/bin/sh
#BSUB -q gpua100
#BSUB -J gtn-student-dropout
#BSUB -W 24:00
#BSUB -n 8
#BSUB -gpu "num=1:mode=exclusive_process"
#BSUB -R "rusage[mem=32GB]"
#BSUB -R "span[hosts=1]"
#BSUB -o logs/gtn-student-dropout_%J.out
#BSUB -e logs/gtn-student-dropout_%J.err
#BSUB -u nicci@dtu.dk

export HOME=/zhome/6b/e/212868

cd $HOME/GTN
source .venv/bin/activate

set -a
source $HOME/aim
set +a

python experiments/run_grid_search_gtn.py --config experiments/configs/uci_gtn_student_dropout.json --output-dir results/gtn_student_dropout

------------------------------------------------------------

Successfully completed.

Resource usage summary:

    CPU time :                                   1872.20 sec.
    Max Memory :                                 888 MB
    Average Memory :                             822.64 MB
    Total Requested Memory :                     262144.00 MB
    Delta Memory :                               261256.00 MB
    Max Swap :                                   -
    Max Processes :                              4
    Max Threads :                                16
    Run time :                                   2994 sec.
    Turnaround time :                            68038 sec.

The output (if any) is above this job summary.



PS:

Read file <logs/gtn-student-dropout_27666432.err> for stderr output of this job.

