
Loading dataset: hearth
  Task: classification
  Train: 212 samples
  Val: 45 samples
  Test: 46 samples
  Input dim: 11
  Output dim: 5
  Device: cuda
======================================================================
EXPERIMENT PLAN SUMMARY
======================================================================
Total experiments: 240
Grid combinations: 48
Seeds per combination: 5

Parameter Grid:
  model: ['MPO2', 'MPO2TypeI_GTN', 'MMPO2', 'MMPO2TypeI_GTN'] (n=4)
  L: [3, 4] (n=2)
  bond_dim: [8, 12, 16] (n=3)
  lr: [0.001, 0.0001] (n=2)

Fixed Parameters:
  batch_size: 64
  n_epochs: 1000
  patience: 40
  min_delta: 1e-08
  optimizer: adamw
  init_strength: 0.01

Example runs (first 5):
  1. MPO2-L3-d8-seed42
  2. MPO2-L3-d8-seed7
  3. MPO2-L3-d8-seed123
  4. MPO2-L3-d8-seed256
  5. MPO2-L3-d8-seed999
  ... (235 more)


[65/240] Running: MPO2TypeI_GTN-L3-d8-seed999
  AIM run started: 99e512fe2c444957add5dc99
  ✓ SUCCESS: Test Acc=0.5652

[71/240] Running: MPO2TypeI_GTN-L3-d12-seed42

------------------------------------------------------------
Sender: LSF System <lsfadmin@hpc.dtu.dk>
Subject: Job 27707867: <gtn-hearth> in cluster <dcc> Exited

Job <gtn-hearth> was submitted from host <hpclogin1> by user <nicci> in cluster <dcc> at Thu Jan 29 14:53:06 2026
Job was executed on host(s) <4*n-62-20-10>, in queue <gpuv100>, as user <nicci> in cluster <dcc> at Thu Jan 29 14:53:35 2026
</zhome/6b/e/212868> was used as the home directory.
</zhome/6b/e/212868/GTN> was used as the working directory.
Started at Thu Jan 29 14:53:35 2026
Terminated at Thu Jan 29 14:56:43 2026
Results reported at Thu Jan 29 14:56:43 2026

Your job looked like:

------------------------------------------------------------
# LSBATCH: User input
#!/bin/sh
#BSUB -q gpuv100
#BSUB -J gtn-hearth
#BSUB -W 3:00
#BSUB -n 4
#BSUB -gpu "num=1:mode=exclusive_process"
#BSUB -R "rusage[mem=4GB]"
#BSUB -R "span[hosts=1]"
#BSUB -o logs/gtn-hearth_%J.out
#BSUB -e logs/gtn-hearth_%J.err
#BSUB -u nicci@dtu.dk

export HOME=/zhome/6b/e/212868

cd $HOME/GTN
source .venv/bin/activate

set -a
source $HOME/aim
set +a

python experiments/run_grid_search_gtn.py --config experiments/configs/uci_gtn_hearth.json --output-dir results/gtn_hearth

------------------------------------------------------------

TERM_OWNER: job killed by owner.
Exited with exit code 143.

Resource usage summary:

    CPU time :                                   31.00 sec.
    Max Memory :                                 829 MB
    Average Memory :                             729.33 MB
    Total Requested Memory :                     16384.00 MB
    Delta Memory :                               15555.00 MB
    Max Swap :                                   -
    Max Processes :                              4
    Max Threads :                                16
    Run time :                                   189 sec.
    Turnaround time :                            217 sec.

The output (if any) is above this job summary.



PS:

Read file <logs/gtn-hearth_27707867.err> for stderr output of this job.

