Grid search already complete. Found .complete file in results/gtn_bank_lmpo2
Delete .complete file to re-run experiments.

------------------------------------------------------------
Sender: LSF System <lsfadmin@hpc.dtu.dk>
Subject: Job 27685590: <gtn-bank-lmpo2> in cluster <dcc> Done

Job <gtn-bank-lmpo2> was submitted from host <hpclogin1> by user <nicci> in cluster <dcc> at Sun Jan 25 14:07:45 2026
Job was executed on host(s) <8*n-62-12-23>, in queue <gpua100>, as user <nicci> in cluster <dcc> at Sun Jan 25 14:08:15 2026
</zhome/6b/e/212868> was used as the home directory.
</zhome/6b/e/212868/GTN> was used as the working directory.
Started at Sun Jan 25 14:08:15 2026
Terminated at Sun Jan 25 14:08:21 2026
Results reported at Sun Jan 25 14:08:21 2026

Your job looked like:

------------------------------------------------------------
# LSBATCH: User input
#!/bin/sh
#BSUB -q gpua100
#BSUB -J gtn-bank-lmpo2
#BSUB -W 24:00
#BSUB -n 8
#BSUB -gpu "num=1:mode=exclusive_process"
#BSUB -R "rusage[mem=32GB]"
#BSUB -R "span[hosts=1]"
#BSUB -o logs/gtn-bank-lmpo2_%J.out
#BSUB -e logs/gtn-bank-lmpo2_%J.err
#BSUB -u nicci@dtu.dk

export HOME=/zhome/6b/e/212868

cd $HOME/GTN
source .venv/bin/activate

set -a
source $HOME/aim
set +a

python experiments/run_grid_search_gtn.py --config experiments/configs/uci_gtn_bank_lmpo2.json --output-dir results/gtn_bank_lmpo2

------------------------------------------------------------

Successfully completed.

Resource usage summary:

    CPU time :                                   3.86 sec.
    Max Memory :                                 -
    Average Memory :                             -
    Total Requested Memory :                     262144.00 MB
    Delta Memory :                               -
    Max Swap :                                   -
    Max Processes :                              -
    Max Threads :                                -
    Run time :                                   6 sec.
    Turnaround time :                            36 sec.

The output (if any) is above this job summary.



PS:

Read file <logs/gtn-bank-lmpo2_27685590.err> for stderr output of this job.

