
Loading dataset: hearth
  Task: classification
  Train: 212 samples
  Val: 45 samples
  Test: 46 samples
  Input dim: 11
  Output dim: 5
  Device: cuda
======================================================================
EXPERIMENT PLAN SUMMARY
======================================================================
Total experiments: 360
Grid combinations: 72
Seeds per combination: 5

Parameter Grid:
  model: ['LMPO2', 'LMPO2TypeI_GTN'] (n=2)
  L: [3, 4] (n=2)
  bond_dim: [8, 12, 16] (n=3)
  lr: [0.001, 0.0001] (n=2)
  reduction_factor: [0.1, 0.3, 0.5] (n=3)

Fixed Parameters:
  batch_size: 64
  n_epochs: 1000
  patience: 40
  min_delta: 1e-08
  optimizer: adamw
  init_strength: 0.01
  bond_dim_mpo: 2

Example runs (first 5):
  1. LMPO2-L3-d8-rf0.1-seed42
  2. LMPO2-L3-d8-rf0.1-seed7
  3. LMPO2-L3-d8-rf0.1-seed123
  4. LMPO2-L3-d8-rf0.1-seed256
  5. LMPO2-L3-d8-rf0.1-seed999
  ... (355 more)


[4/360] Running: LMPO2-L3-d8-rf0.1-seed256
  AIM run started: 5ac02170544a40b79a911951
  ✓ SUCCESS: Test Acc=0.5000

[5/360] Running: LMPO2-L3-d8-rf0.1-seed999
  AIM run started: 586a5a85e2be4766b1327868
  ✓ SUCCESS: Test Acc=0.4348

[6/360] Running: LMPO2-L3-d8-rf0.3-seed42
  AIM run started: 077e2a4b2a8a443496e637cf
  ✓ SUCCESS: Test Acc=0.5217

[7/360] Running: LMPO2-L3-d8-rf0.3-seed7
  AIM run started: bbfbafe30e1547a68fbb81e3
  ✓ SUCCESS: Test Acc=0.5000

[8/360] Running: LMPO2-L3-d8-rf0.3-seed123
  AIM run started: 2ed9a7ff2b4a49bb8a435b3a
  ✓ SUCCESS: Test Acc=0.3478

[9/360] Running: LMPO2-L3-d8-rf0.3-seed256
  AIM run started: c6032518631b4edcb1c49fd3
  ✓ SUCCESS: Test Acc=0.5217

[10/360] Running: LMPO2-L3-d8-rf0.3-seed999
  AIM run started: 056511936ecc41e88bd9f381
  ✓ SUCCESS: Test Acc=0.4565

[11/360] Running: LMPO2-L3-d8-rf0.5-seed42
  AIM run started: 22ce53a1004744bc8e4dd74f
  ✓ SUCCESS: Test Acc=0.3261

[12/360] Running: LMPO2-L3-d8-rf0.5-seed7
  AIM run started: 73a8ae04137045c2a2a70d80
  ✓ SUCCESS: Test Acc=0.4783

[13/360] Running: LMPO2-L3-d8-rf0.5-seed123
  AIM run started: c441f9020ea54540b3444801
  ✓ SUCCESS: Test Acc=0.4565

[14/360] Running: LMPO2-L3-d8-rf0.5-seed256
  AIM run started: f33ab2d0f3a845499e17e2ed
  ✓ SUCCESS: Test Acc=0.5652

[15/360] Running: LMPO2-L3-d8-rf0.5-seed999
  AIM run started: d4dfe541bf0649e896dca8b0
  ✓ SUCCESS: Test Acc=0.5000

[31/360] Running: LMPO2-L3-d12-rf0.1-seed42
  AIM run started: 0212eac7e658461393e18426
  ✓ SUCCESS: Test Acc=0.3913

[32/360] Running: LMPO2-L3-d12-rf0.1-seed7
  AIM run started: 5a7b90568d5f40b39828e26e
  ✓ SUCCESS: Test Acc=0.3043

[33/360] Running: LMPO2-L3-d12-rf0.1-seed123
  AIM run started: 55bb96248e124bc1baf2e6a5
  ✓ SUCCESS: Test Acc=0.2174

[34/360] Running: LMPO2-L3-d12-rf0.1-seed256
  AIM run started: a832f02305b44ac0a8b96414
  ✓ SUCCESS: Test Acc=0.3696

[35/360] Running: LMPO2-L3-d12-rf0.1-seed999
  AIM run started: e22d10d2a2f7420fb996dd2c
  ✓ SUCCESS: Test Acc=0.4130

[36/360] Running: LMPO2-L3-d12-rf0.3-seed42
  AIM run started: dc57d86c0523496fbd265c49
  ✓ SUCCESS: Test Acc=0.3913

[37/360] Running: LMPO2-L3-d12-rf0.3-seed7
  AIM run started: df07d0e20d924ac5a2ea4b9a
  ✓ SUCCESS: Test Acc=0.3696

[38/360] Running: LMPO2-L3-d12-rf0.3-seed123
  AIM run started: 4cd42b4e51ad4232a7708f3c
  ✓ SUCCESS: Test Acc=0.3043

[39/360] Running: LMPO2-L3-d12-rf0.3-seed256
  AIM run started: db61b3cd9d9648bba0bba716
  ✓ SUCCESS: Test Acc=0.4565

[40/360] Running: LMPO2-L3-d12-rf0.3-seed999
  AIM run started: da61e646f2134e8b837a6dd5
  ✓ SUCCESS: Test Acc=0.3913

[41/360] Running: LMPO2-L3-d12-rf0.5-seed42
  AIM run started: e06265e91f614744b4e68b46
  ✓ SUCCESS: Test Acc=0.3913

[42/360] Running: LMPO2-L3-d12-rf0.5-seed7
  AIM run started: 093d3cf11b574698a779527e
  ✓ SUCCESS: Test Acc=0.4783

[43/360] Running: LMPO2-L3-d12-rf0.5-seed123
  AIM run started: 857c091b939f4457a6da28bf
  ✓ SUCCESS: Test Acc=0.4783

[44/360] Running: LMPO2-L3-d12-rf0.5-seed256
  AIM run started: eee3cc0b1b3843e884c145f5
  ✓ SUCCESS: Test Acc=0.4348

[45/360] Running: LMPO2-L3-d12-rf0.5-seed999
  AIM run started: 4a68650e72904231891e973e
  ✓ SUCCESS: Test Acc=0.4348

[61/360] Running: LMPO2-L3-d16-rf0.1-seed42
  AIM run started: 0e49c0f26e0f485bbca6f0ff
  ✓ SUCCESS: Test Acc=0.3043

[62/360] Running: LMPO2-L3-d16-rf0.1-seed7
  AIM run started: b9112d95cec046dfa642cc90
  ✓ SUCCESS: Test Acc=0.2609

[63/360] Running: LMPO2-L3-d16-rf0.1-seed123
  AIM run started: b61454f813cf441d8e28999b
  ✓ SUCCESS: Test Acc=0.2174

[64/360] Running: LMPO2-L3-d16-rf0.1-seed256
  AIM run started: 3f96358d52f24a3d8e4635e1
  ✓ SUCCESS: Test Acc=0.3478

[65/360] Running: LMPO2-L3-d16-rf0.1-seed999
  AIM run started: c408c73c065e4bef916acd73
  ✓ SUCCESS: Test Acc=0.2174

[66/360] Running: LMPO2-L3-d16-rf0.3-seed42
  AIM run started: 5400ed2d680d408ea1380dc0
  ✓ SUCCESS: Test Acc=0.3696

[67/360] Running: LMPO2-L3-d16-rf0.3-seed7
  AIM run started: 5dcafd4091cd4e9e823b383c
  ✓ SUCCESS: Test Acc=0.4565

[68/360] Running: LMPO2-L3-d16-rf0.3-seed123
  AIM run started: e4cd7f7d3d27496485cf5ef8
  ✓ SUCCESS: Test Acc=0.4565

[69/360] Running: LMPO2-L3-d16-rf0.3-seed256
  AIM run started: 12d1174e3bf54cbdb510b65f
  ✓ SUCCESS: Test Acc=0.4130

[70/360] Running: LMPO2-L3-d16-rf0.3-seed999
  AIM run started: 8e417ea0b6ba4731afa10894
  ✓ SUCCESS: Test Acc=0.4130

[71/360] Running: LMPO2-L3-d16-rf0.5-seed42
  AIM run started: 930778b13ffc45d6ac9da749
  ✓ SUCCESS: Test Acc=0.5000

[72/360] Running: LMPO2-L3-d16-rf0.5-seed7
  AIM run started: 851e563543bd4744afbac32e
  ✓ SUCCESS: Test Acc=0.4348

[73/360] Running: LMPO2-L3-d16-rf0.5-seed123
  AIM run started: 8f6d255624294640be81f8fb
  ✓ SUCCESS: Test Acc=0.4348

[74/360] Running: LMPO2-L3-d16-rf0.5-seed256
  AIM run started: 8fdea0e0dd2d46d4885eddad
  ✓ SUCCESS: Test Acc=0.3913

[75/360] Running: LMPO2-L3-d16-rf0.5-seed999
  AIM run started: cc41517b61a84b308ec44abd
  ✓ SUCCESS: Test Acc=0.3913

[91/360] Running: LMPO2-L4-d8-rf0.1-seed42
  AIM run started: 5d5a1ee7885f4e8cbccfd6d0
  ✓ SUCCESS: Test Acc=0.2174

[92/360] Running: LMPO2-L4-d8-rf0.1-seed7
  AIM run started: f869d37964be4edfbbbc7d33
  ✓ SUCCESS: Test Acc=0.2609

[93/360] Running: LMPO2-L4-d8-rf0.1-seed123
  AIM run started: 963bac9e582243bc99a66992
  ✓ SUCCESS: Test Acc=0.3478

[94/360] Running: LMPO2-L4-d8-rf0.1-seed256
  AIM run started: d4a2f15b7cb845da852567d0
  ✓ SUCCESS: Test Acc=0.2391

[95/360] Running: LMPO2-L4-d8-rf0.1-seed999
  AIM run started: fd7e66c8435149d586dee0dd
  ✓ SUCCESS: Test Acc=0.3478

[96/360] Running: LMPO2-L4-d8-rf0.3-seed42
  AIM run started: 7aeda01de3114b97b4439f3e
  ✓ SUCCESS: Test Acc=0.3696

[97/360] Running: LMPO2-L4-d8-rf0.3-seed7
  AIM run started: 8327ad875b9b4cf98247a27a
  ✓ SUCCESS: Test Acc=0.2826

[98/360] Running: LMPO2-L4-d8-rf0.3-seed123
  AIM run started: 12a03cce192840c7a6256745
  ✓ SUCCESS: Test Acc=0.4783

[99/360] Running: LMPO2-L4-d8-rf0.3-seed256
  AIM run started: 2ecb89c157df49e2a7e97945
  ✓ SUCCESS: Test Acc=0.4783

[100/360] Running: LMPO2-L4-d8-rf0.3-seed999
  AIM run started: d9e0677c3877439cb7dd0bf9
  ✓ SUCCESS: Test Acc=0.3043

[101/360] Running: LMPO2-L4-d8-rf0.5-seed42
  AIM run started: a15c1c271090466dbbbb9717
  ✓ SUCCESS: Test Acc=0.4130

[102/360] Running: LMPO2-L4-d8-rf0.5-seed7
  AIM run started: fa9cd0e8a278412b82dce40a
  ✓ SUCCESS: Test Acc=0.4348

[103/360] Running: LMPO2-L4-d8-rf0.5-seed123
  AIM run started: 6a27bd932d364ef5b534508d
  ✓ SUCCESS: Test Acc=0.4565

[104/360] Running: LMPO2-L4-d8-rf0.5-seed256
  AIM run started: 91fda0ad73ac45fc929e7c01
  ✓ SUCCESS: Test Acc=0.4348

[105/360] Running: LMPO2-L4-d8-rf0.5-seed999
  AIM run started: c029a29feb0c48fb9c964214
  ✓ SUCCESS: Test Acc=0.4348

[121/360] Running: LMPO2-L4-d12-rf0.1-seed42
  AIM run started: c4a8da95fc694a3a9ad2c548
  ✓ SUCCESS: Test Acc=0.3261

[122/360] Running: LMPO2-L4-d12-rf0.1-seed7
  AIM run started: 3117b8c5352f4764a6e15636
  ✓ SUCCESS: Test Acc=0.2609

[123/360] Running: LMPO2-L4-d12-rf0.1-seed123
  AIM run started: b049d13043e04aeab35885dd
  ✓ SUCCESS: Test Acc=0.2609

[124/360] Running: LMPO2-L4-d12-rf0.1-seed256
  AIM run started: 62294697a79849ffb84d98e2
  ✓ SUCCESS: Test Acc=0.1957

[125/360] Running: LMPO2-L4-d12-rf0.1-seed999
  AIM run started: 13219111f2c4456e9f95610a
  ✓ SUCCESS: Test Acc=0.2826

[126/360] Running: LMPO2-L4-d12-rf0.3-seed42
  AIM run started: 3f3c3d0a7e724b4ba867e5d8
  ✓ SUCCESS: Test Acc=0.4348

[127/360] Running: LMPO2-L4-d12-rf0.3-seed7
  AIM run started: a131555285e742f7b23dfab0
  ✓ SUCCESS: Test Acc=0.3478

[128/360] Running: LMPO2-L4-d12-rf0.3-seed123
  AIM run started: ffafc2b9577e440db5846b4b
  ✓ SUCCESS: Test Acc=0.3913

[129/360] Running: LMPO2-L4-d12-rf0.3-seed256
  AIM run started: 5146277ba41f4c04b5c89c2c
  ✓ SUCCESS: Test Acc=0.5217

[130/360] Running: LMPO2-L4-d12-rf0.3-seed999
  AIM run started: 9afc7496d09b4c098b909788
  ✓ SUCCESS: Test Acc=0.3043

[131/360] Running: LMPO2-L4-d12-rf0.5-seed42
  AIM run started: 9cfcb09eab16405b809b8e52
  ✓ SUCCESS: Test Acc=0.2391

[132/360] Running: LMPO2-L4-d12-rf0.5-seed7
  AIM run started: 93f0037bb826466ba7b543d6
  ✓ SUCCESS: Test Acc=0.4348

[133/360] Running: LMPO2-L4-d12-rf0.5-seed123
  AIM run started: b6355f629df14d088323aa9d
  ✓ SUCCESS: Test Acc=0.3043

[134/360] Running: LMPO2-L4-d12-rf0.5-seed256
  AIM run started: 026ae783357f4df3bd98bd37
  ✓ SUCCESS: Test Acc=0.3696

[135/360] Running: LMPO2-L4-d12-rf0.5-seed999
  AIM run started: 4f884f67cbab4cd9bc6fb7c9
  ✓ SUCCESS: Test Acc=0.3696

[151/360] Running: LMPO2-L4-d16-rf0.1-seed42
  AIM run started: 14a30a1d2ef9412a924a6b01
  ✓ SUCCESS: Test Acc=0.2174

[152/360] Running: LMPO2-L4-d16-rf0.1-seed7
  AIM run started: 4951458920714a7f82bc0d7f
  ✓ SUCCESS: Test Acc=0.2174

[153/360] Running: LMPO2-L4-d16-rf0.1-seed123
  AIM run started: b8b85aee93414a4eaf9b14d5
  ✓ SUCCESS: Test Acc=0.2826

[154/360] Running: LMPO2-L4-d16-rf0.1-seed256
  AIM run started: 229eb6600e814891bd9d2a55
  ✓ SUCCESS: Test Acc=0.1739

[155/360] Running: LMPO2-L4-d16-rf0.1-seed999
  AIM run started: 338805185755426299a878b6
  ✓ SUCCESS: Test Acc=0.1957

[156/360] Running: LMPO2-L4-d16-rf0.3-seed42
  AIM run started: 9a363b01c5fb4ed9bc68cc4f
  ✓ SUCCESS: Test Acc=0.3696

[157/360] Running: LMPO2-L4-d16-rf0.3-seed7
  AIM run started: 3b9b53d78df648aeb86a39fb
  ✓ SUCCESS: Test Acc=0.4130

[158/360] Running: LMPO2-L4-d16-rf0.3-seed123
  AIM run started: 9dd2c064e2914f1eb4b2049d
  ✓ SUCCESS: Test Acc=0.3913

[159/360] Running: LMPO2-L4-d16-rf0.3-seed256
  AIM run started: 03584f6dee28461caadb79b3
  ✓ SUCCESS: Test Acc=0.2609

[160/360] Running: LMPO2-L4-d16-rf0.3-seed999
  AIM run started: 3ee49750a86c476eb236b6a4
  ✓ SUCCESS: Test Acc=0.3043

[161/360] Running: LMPO2-L4-d16-rf0.5-seed42
  AIM run started: ac87bcada87e4cbe966ef86f
  ✓ SUCCESS: Test Acc=0.2826

[162/360] Running: LMPO2-L4-d16-rf0.5-seed7
  AIM run started: 31038e3af04d4023b04e69e8
  ✓ SUCCESS: Test Acc=0.3043

[163/360] Running: LMPO2-L4-d16-rf0.5-seed123
  AIM run started: 8034a04abb994e6099324af0
  ✓ SUCCESS: Test Acc=0.4565

[164/360] Running: LMPO2-L4-d16-rf0.5-seed256
  AIM run started: b7d08e22e7544cfd850f566e
  ✓ SUCCESS: Test Acc=0.3478

[165/360] Running: LMPO2-L4-d16-rf0.5-seed999
  AIM run started: c73bf99de9d3455bbec0b8f5
  ✓ SUCCESS: Test Acc=0.3043

[181/360] Running: LMPO2TypeI_GTN-L3-d8-rf0.1-seed42
  AIM run started: 744fe2dbded247efb4aaab46
  ✓ SUCCESS: Test Acc=0.5652

[182/360] Running: LMPO2TypeI_GTN-L3-d8-rf0.1-seed7
  AIM run started: a3756ca1cf42432aa3c71eaf
  ✓ SUCCESS: Test Acc=0.5217

[183/360] Running: LMPO2TypeI_GTN-L3-d8-rf0.1-seed123
  AIM run started: 9a524d332c9b4e7696837c88
  ✓ SUCCESS: Test Acc=0.4565

[184/360] Running: LMPO2TypeI_GTN-L3-d8-rf0.1-seed256
  AIM run started: 2da46bb14f9e414cb2dfe2b9
  ✓ SUCCESS: Test Acc=0.5435

[185/360] Running: LMPO2TypeI_GTN-L3-d8-rf0.1-seed999
  AIM run started: 3238676650324bc89f7eab55
  ✓ SUCCESS: Test Acc=0.4348

[186/360] Running: LMPO2TypeI_GTN-L3-d8-rf0.3-seed42
  AIM run started: 9da2369297a04d1686f3e465
  ✓ SUCCESS: Test Acc=0.5435

[187/360] Running: LMPO2TypeI_GTN-L3-d8-rf0.3-seed7
  AIM run started: 36ebf165174f40e0aaf3a606
  ✓ SUCCESS: Test Acc=0.5217

[188/360] Running: LMPO2TypeI_GTN-L3-d8-rf0.3-seed123
  AIM run started: 964ed6cc5cc84d48a01640a2
  ✓ SUCCESS: Test Acc=0.5435

[189/360] Running: LMPO2TypeI_GTN-L3-d8-rf0.3-seed256
  AIM run started: 4ba96b1f335b4cdbb2615f34
  ✓ SUCCESS: Test Acc=0.4783

[190/360] Running: LMPO2TypeI_GTN-L3-d8-rf0.3-seed999
  AIM run started: 1d3b3e721a55479ea6051045
  ✓ SUCCESS: Test Acc=0.4783

[191/360] Running: LMPO2TypeI_GTN-L3-d8-rf0.5-seed42
  AIM run started: 0195e2b0244c4ee2990e596c
  ✓ SUCCESS: Test Acc=0.4783

[192/360] Running: LMPO2TypeI_GTN-L3-d8-rf0.5-seed7
  AIM run started: 3c806d75be3844568c99b486
  ✓ SUCCESS: Test Acc=0.5435

[193/360] Running: LMPO2TypeI_GTN-L3-d8-rf0.5-seed123
  AIM run started: 74193edae9d34a359a887e12
  ✓ SUCCESS: Test Acc=0.4130

[194/360] Running: LMPO2TypeI_GTN-L3-d8-rf0.5-seed256
  AIM run started: f659ad85b81c49a6a7c7517b
  ✓ SUCCESS: Test Acc=0.5217

[195/360] Running: LMPO2TypeI_GTN-L3-d8-rf0.5-seed999
  AIM run started: 4380637a446a436c94fb9e3c
  ✓ SUCCESS: Test Acc=0.4783

[211/360] Running: LMPO2TypeI_GTN-L3-d12-rf0.1-seed42
  AIM run started: 49e5fbb823b64a809e5ef501
  ✓ SUCCESS: Test Acc=0.5000

[212/360] Running: LMPO2TypeI_GTN-L3-d12-rf0.1-seed7
  AIM run started: 21a75f1a54e84fc785bf9c4f
  ✓ SUCCESS: Test Acc=0.4348

[213/360] Running: LMPO2TypeI_GTN-L3-d12-rf0.1-seed123
  AIM run started: 401298c9ecb24a4cace04f5a
  ✓ SUCCESS: Test Acc=0.5000

[214/360] Running: LMPO2TypeI_GTN-L3-d12-rf0.1-seed256
  AIM run started: 4228b4edeafc477eab8d0bb5
  ✓ SUCCESS: Test Acc=0.4783

[215/360] Running: LMPO2TypeI_GTN-L3-d12-rf0.1-seed999
  AIM run started: 34bea0aef1934f26ad117f33
  ✓ SUCCESS: Test Acc=0.5000

[216/360] Running: LMPO2TypeI_GTN-L3-d12-rf0.3-seed42
  AIM run started: c5d91d30ec2e488f85645054
  ✓ SUCCESS: Test Acc=0.5435

[217/360] Running: LMPO2TypeI_GTN-L3-d12-rf0.3-seed7
  AIM run started: 00bf7ff239594f888536201b
  ✓ SUCCESS: Test Acc=0.4130

[218/360] Running: LMPO2TypeI_GTN-L3-d12-rf0.3-seed123
  AIM run started: f3819e092bae476889a50184
  ✓ SUCCESS: Test Acc=0.3913

[219/360] Running: LMPO2TypeI_GTN-L3-d12-rf0.3-seed256
  AIM run started: 28214184254643ba853f743e
  ✓ SUCCESS: Test Acc=0.3913

[220/360] Running: LMPO2TypeI_GTN-L3-d12-rf0.3-seed999
  AIM run started: 901ef9ac1c1348d1949b7c17
  ✓ SUCCESS: Test Acc=0.4130

[221/360] Running: LMPO2TypeI_GTN-L3-d12-rf0.5-seed42
  AIM run started: 417e75020a6740fea9ada76a
  ✓ SUCCESS: Test Acc=0.5217

[222/360] Running: LMPO2TypeI_GTN-L3-d12-rf0.5-seed7
  AIM run started: b0bc207a6a0d48e5a813976e
  ✓ SUCCESS: Test Acc=0.5217

[223/360] Running: LMPO2TypeI_GTN-L3-d12-rf0.5-seed123
  AIM run started: 25b407dadc7e46c18317daa1
  ✓ SUCCESS: Test Acc=0.4783

[224/360] Running: LMPO2TypeI_GTN-L3-d12-rf0.5-seed256
  AIM run started: 6b7792f59d8d453d8b2ac153
  ✓ SUCCESS: Test Acc=0.4783

[225/360] Running: LMPO2TypeI_GTN-L3-d12-rf0.5-seed999
  AIM run started: 189dee467d694f0984f3aa02
  ✓ SUCCESS: Test Acc=0.5435

[241/360] Running: LMPO2TypeI_GTN-L3-d16-rf0.1-seed42
  AIM run started: b723a587f1624c70a836e799
  ✓ SUCCESS: Test Acc=0.5870

[242/360] Running: LMPO2TypeI_GTN-L3-d16-rf0.1-seed7
  AIM run started: 64572f91273c4325b0ea8c3c
  ✓ SUCCESS: Test Acc=0.4565

[243/360] Running: LMPO2TypeI_GTN-L3-d16-rf0.1-seed123
  AIM run started: f7b4ad403dc04b20b84800b2
  ✓ SUCCESS: Test Acc=0.4783

[244/360] Running: LMPO2TypeI_GTN-L3-d16-rf0.1-seed256
  AIM run started: b641719cd2964be0998ace73
  ✓ SUCCESS: Test Acc=0.4783

[245/360] Running: LMPO2TypeI_GTN-L3-d16-rf0.1-seed999
  AIM run started: fe656e13a26a4e8f858cfcef
  ✓ SUCCESS: Test Acc=0.4130

[246/360] Running: LMPO2TypeI_GTN-L3-d16-rf0.3-seed42
  AIM run started: b261d7a974ee44bf8afeee6c
  ✓ SUCCESS: Test Acc=0.5000

[247/360] Running: LMPO2TypeI_GTN-L3-d16-rf0.3-seed7
  AIM run started: d54b807dbc594210bde239fa
  ✓ SUCCESS: Test Acc=0.4783

[248/360] Running: LMPO2TypeI_GTN-L3-d16-rf0.3-seed123
  AIM run started: ad4083d605c7496b9cfa0b13
  ✓ SUCCESS: Test Acc=0.5000

[249/360] Running: LMPO2TypeI_GTN-L3-d16-rf0.3-seed256
  AIM run started: 16e8cd35401a46d49ec6d80b
  ✓ SUCCESS: Test Acc=0.4783

[250/360] Running: LMPO2TypeI_GTN-L3-d16-rf0.3-seed999
  AIM run started: c10efe6439964df5a102e676
  ✓ SUCCESS: Test Acc=0.5217

[251/360] Running: LMPO2TypeI_GTN-L3-d16-rf0.5-seed42
  AIM run started: ac62157e4c174e479be7d6c9
  ✓ SUCCESS: Test Acc=0.3913

[252/360] Running: LMPO2TypeI_GTN-L3-d16-rf0.5-seed7
  AIM run started: bb3b727f93fc4006a14366ef
  ✓ SUCCESS: Test Acc=0.5217

[253/360] Running: LMPO2TypeI_GTN-L3-d16-rf0.5-seed123
  AIM run started: 01aa62c806c343978699b2cc
  ✓ SUCCESS: Test Acc=0.5000

[254/360] Running: LMPO2TypeI_GTN-L3-d16-rf0.5-seed256
  AIM run started: 44011767c9d04fd19d3f5a62
  ✓ SUCCESS: Test Acc=0.5435

[255/360] Running: LMPO2TypeI_GTN-L3-d16-rf0.5-seed999
  AIM run started: 9bc013bb40f44a6ba1c0d0bc
  ✓ SUCCESS: Test Acc=0.4783

[271/360] Running: LMPO2TypeI_GTN-L4-d8-rf0.1-seed42
  AIM run started: 91b80c972bac464595def2f3
  ✓ SUCCESS: Test Acc=0.5435

[272/360] Running: LMPO2TypeI_GTN-L4-d8-rf0.1-seed7
  AIM run started: a42e599c0dc04991be9e267c
  ✓ SUCCESS: Test Acc=0.4348

[273/360] Running: LMPO2TypeI_GTN-L4-d8-rf0.1-seed123
  AIM run started: e2afdcfc7828454b96a3de78
  ✓ SUCCESS: Test Acc=0.5217

[274/360] Running: LMPO2TypeI_GTN-L4-d8-rf0.1-seed256
  AIM run started: fb498ae155a7451bb68feb1e
  ✓ SUCCESS: Test Acc=0.4565

[275/360] Running: LMPO2TypeI_GTN-L4-d8-rf0.1-seed999
  AIM run started: 7c7ddcf7e6b5432aacefc920
  ✓ SUCCESS: Test Acc=0.4783

[276/360] Running: LMPO2TypeI_GTN-L4-d8-rf0.3-seed42
  AIM run started: 594bdba37a50463398293a60
  ✓ SUCCESS: Test Acc=0.4348

[277/360] Running: LMPO2TypeI_GTN-L4-d8-rf0.3-seed7
  AIM run started: 6fe8d7668bfd4176a4a1574d
  ✓ SUCCESS: Test Acc=0.4783

[278/360] Running: LMPO2TypeI_GTN-L4-d8-rf0.3-seed123
  AIM run started: efa3c231c40f4341bbdd113f
  ✓ SUCCESS: Test Acc=0.4130

[279/360] Running: LMPO2TypeI_GTN-L4-d8-rf0.3-seed256
  AIM run started: 3c24425360114bdd990b1550
  ✓ SUCCESS: Test Acc=0.4565

[280/360] Running: LMPO2TypeI_GTN-L4-d8-rf0.3-seed999
  AIM run started: ce357b21e2d046239e213a9d
  ✓ SUCCESS: Test Acc=0.5000

[281/360] Running: LMPO2TypeI_GTN-L4-d8-rf0.5-seed42
  AIM run started: 55b7dbf1d9264f4da1a52333
  ✓ SUCCESS: Test Acc=0.5217

[282/360] Running: LMPO2TypeI_GTN-L4-d8-rf0.5-seed7
  AIM run started: ed8cbb2f12bd4a16866c6267
  ✓ SUCCESS: Test Acc=0.4783

[283/360] Running: LMPO2TypeI_GTN-L4-d8-rf0.5-seed123
  AIM run started: 8e64101c8df84d099d81127e
  ✓ SUCCESS: Test Acc=0.4348

[284/360] Running: LMPO2TypeI_GTN-L4-d8-rf0.5-seed256
  AIM run started: 0b27f6e4c4094d379d76442e
  ✓ SUCCESS: Test Acc=0.4130

[285/360] Running: LMPO2TypeI_GTN-L4-d8-rf0.5-seed999
  AIM run started: a015c5eff86f49518629c82a
  ✓ SUCCESS: Test Acc=0.4783

[301/360] Running: LMPO2TypeI_GTN-L4-d12-rf0.1-seed42
  AIM run started: 5b266e7041f14f209964daac
  ✓ SUCCESS: Test Acc=0.5217

[302/360] Running: LMPO2TypeI_GTN-L4-d12-rf0.1-seed7
  AIM run started: 08b87ac0bb774abfb41cb6f0
  ✓ SUCCESS: Test Acc=0.4130

[303/360] Running: LMPO2TypeI_GTN-L4-d12-rf0.1-seed123
  AIM run started: 56b5d71946034349a8ddec09
  ✓ SUCCESS: Test Acc=0.5000

[304/360] Running: LMPO2TypeI_GTN-L4-d12-rf0.1-seed256
  AIM run started: 66b8cbb2254440878bb38b61
  ✓ SUCCESS: Test Acc=0.4783

[305/360] Running: LMPO2TypeI_GTN-L4-d12-rf0.1-seed999
  AIM run started: 81e1272fa4a44bbdb8344516
  ✓ SUCCESS: Test Acc=0.4348

[306/360] Running: LMPO2TypeI_GTN-L4-d12-rf0.3-seed42
  AIM run started: dc546d37c9114ffcb09f3daa
  ✓ SUCCESS: Test Acc=0.5217

[307/360] Running: LMPO2TypeI_GTN-L4-d12-rf0.3-seed7
  AIM run started: c2ecd30dd3b2448bb9a386b7
  ✓ SUCCESS: Test Acc=0.4348

[308/360] Running: LMPO2TypeI_GTN-L4-d12-rf0.3-seed123
  AIM run started: b4f57087523f4dc2816c45b3
  ✓ SUCCESS: Test Acc=0.5217

[309/360] Running: LMPO2TypeI_GTN-L4-d12-rf0.3-seed256
  AIM run started: d5f0a910dffe4ff49bf81978
  ✓ SUCCESS: Test Acc=0.5435

[310/360] Running: LMPO2TypeI_GTN-L4-d12-rf0.3-seed999
  AIM run started: 9798fc5dcaa84ca58cfc96f1
  ✓ SUCCESS: Test Acc=0.3913

[311/360] Running: LMPO2TypeI_GTN-L4-d12-rf0.5-seed42
  AIM run started: 78d38ae2c62d443eb509af91
  ✓ SUCCESS: Test Acc=0.5217

[312/360] Running: LMPO2TypeI_GTN-L4-d12-rf0.5-seed7
  AIM run started: 02560fa16d704d6fb62a3359
  ✓ SUCCESS: Test Acc=0.5435

[313/360] Running: LMPO2TypeI_GTN-L4-d12-rf0.5-seed123
  AIM run started: 6486bd45176a41619dbe5f3b
  ✓ SUCCESS: Test Acc=0.5217

[314/360] Running: LMPO2TypeI_GTN-L4-d12-rf0.5-seed256
  AIM run started: 01055996942143f98fd7091b
  ✓ SUCCESS: Test Acc=0.4130

[315/360] Running: LMPO2TypeI_GTN-L4-d12-rf0.5-seed999
  AIM run started: 71bd7b94fa334f11913fd111
  ✓ SUCCESS: Test Acc=0.5217

[331/360] Running: LMPO2TypeI_GTN-L4-d16-rf0.1-seed42
  AIM run started: 1a0872c722504528aed801f0
  ✓ SUCCESS: Test Acc=0.4783

[332/360] Running: LMPO2TypeI_GTN-L4-d16-rf0.1-seed7
  AIM run started: a5f635c14cd54d3282fea287
  ✓ SUCCESS: Test Acc=0.4130

[333/360] Running: LMPO2TypeI_GTN-L4-d16-rf0.1-seed123
  AIM run started: 1aaf11d40b234315be142155
  ✓ SUCCESS: Test Acc=0.4783

[334/360] Running: LMPO2TypeI_GTN-L4-d16-rf0.1-seed256
  AIM run started: c13126d5ab4142dd925f9c51
  ✓ SUCCESS: Test Acc=0.4783

[335/360] Running: LMPO2TypeI_GTN-L4-d16-rf0.1-seed999
  AIM run started: 36398b2d4fc84fb39781a911
  ✓ SUCCESS: Test Acc=0.5217

[336/360] Running: LMPO2TypeI_GTN-L4-d16-rf0.3-seed42
  AIM run started: 79a7937025a04e8b867e5da4
  ✓ SUCCESS: Test Acc=0.5000

[337/360] Running: LMPO2TypeI_GTN-L4-d16-rf0.3-seed7
  AIM run started: 1e1c8f9dbdd64f6995e35544
  ✓ SUCCESS: Test Acc=0.4783

[338/360] Running: LMPO2TypeI_GTN-L4-d16-rf0.3-seed123
  AIM run started: 589e9956435d46d484da7e8b
  ✓ SUCCESS: Test Acc=0.4130

[339/360] Running: LMPO2TypeI_GTN-L4-d16-rf0.3-seed256
  AIM run started: 283b8d88f3d24c02aaf2fda5
  ✓ SUCCESS: Test Acc=0.3696

[340/360] Running: LMPO2TypeI_GTN-L4-d16-rf0.3-seed999
  AIM run started: a0d1158544064fd4ba6bb644
  ✓ SUCCESS: Test Acc=0.5217

[341/360] Running: LMPO2TypeI_GTN-L4-d16-rf0.5-seed42
  AIM run started: 2ac0fb5e078f4d589de44685
  ✓ SUCCESS: Test Acc=0.5435

[342/360] Running: LMPO2TypeI_GTN-L4-d16-rf0.5-seed7
  AIM run started: 7fdb027f5b43466b8a52fc8c
  ✓ SUCCESS: Test Acc=0.5217

[343/360] Running: LMPO2TypeI_GTN-L4-d16-rf0.5-seed123
  AIM run started: 9c3b83b6f6204cb28bc17244
  ✓ SUCCESS: Test Acc=0.5000

[344/360] Running: LMPO2TypeI_GTN-L4-d16-rf0.5-seed256
  AIM run started: 1375b74d9d824f9f99d2aa24
  ✓ SUCCESS: Test Acc=0.4348

[345/360] Running: LMPO2TypeI_GTN-L4-d16-rf0.5-seed999
  AIM run started: c18252bd84704e68830398b9
  ✓ SUCCESS: Test Acc=0.5652

======================================================================
GRID SEARCH SUMMARY
======================================================================
Total runs: 360
Completed: 177
Skipped: 183
Failed: 0
Time: 37029.0s (102.9s per run)

Top 5 Configurations by Test Accuracy:

1. LMPO2TypeI_GTN-L3-d16-rf0.1-seed42
   Test Accuracy: 58.70
   Model: LMPO2TypeI_GTN, Seed: 42
   Key params: bond_dim=16, lr=0.001, wd=0

2. LMPO2-L3-d8-rf0.5-seed256
   Test Accuracy: 56.52
   Model: LMPO2, Seed: 256
   Key params: bond_dim=8, lr=0.001, wd=0

3. LMPO2TypeI_GTN-L3-d8-rf0.1-seed42
   Test Accuracy: 56.52
   Model: LMPO2TypeI_GTN, Seed: 42
   Key params: bond_dim=8, lr=0.001, wd=0

4. LMPO2TypeI_GTN-L4-d16-rf0.5-seed999
   Test Accuracy: 56.52
   Model: LMPO2TypeI_GTN, Seed: 999
   Key params: bond_dim=16, lr=0.001, wd=0

5. LMPO2TypeI_GTN-L3-d8-rf0.1-seed256
   Test Accuracy: 54.35
   Model: LMPO2TypeI_GTN, Seed: 256
   Key params: bond_dim=8, lr=0.001, wd=0

Summary saved to: results/gtn_hearth/summary.json
Grid search complete. Marked as .complete
======================================================================

------------------------------------------------------------
Sender: LSF System <lsfadmin@hpc.dtu.dk>
Subject: Job 27697244: <gtn-hearth> in cluster <dcc> Done

Job <gtn-hearth> was submitted from host <hpclogin1> by user <nicci> in cluster <dcc> at Tue Jan 27 14:46:02 2026
Job was executed on host(s) <8*n-62-20-10>, in queue <gpuv100>, as user <nicci> in cluster <dcc> at Wed Jan 28 06:18:31 2026
</zhome/6b/e/212868> was used as the home directory.
</zhome/6b/e/212868/GTN> was used as the working directory.
Started at Wed Jan 28 06:18:31 2026
Terminated at Wed Jan 28 16:39:03 2026
Results reported at Wed Jan 28 16:39:03 2026

Your job looked like:

------------------------------------------------------------
# LSBATCH: User input
#!/bin/sh
#BSUB -q gpuv100
#BSUB -J gtn-hearth
#BSUB -W 12:00
#BSUB -n 8
#BSUB -gpu "num=1:mode=exclusive_process"
#BSUB -R "rusage[mem=16GB]"
#BSUB -R "span[hosts=1]"
#BSUB -o logs/gtn-hearth_%J.out
#BSUB -e logs/gtn-hearth_%J.err
#BSUB -u nicci@dtu.dk

export HOME=/zhome/6b/e/212868

cd $HOME/GTN
source .venv/bin/activate

set -a
source $HOME/aim
set +a

python experiments/run_grid_search_gtn.py --config experiments/configs/uci_gtn_hearth_lmpo2.json --output-dir results/gtn_hearth

------------------------------------------------------------

Successfully completed.

Resource usage summary:

    CPU time :                                   4872.00 sec.
    Max Memory :                                 935 MB
    Average Memory :                             913.02 MB
    Total Requested Memory :                     131072.00 MB
    Delta Memory :                               130137.00 MB
    Max Swap :                                   -
    Max Processes :                              4
    Max Threads :                                17
    Run time :                                   37233 sec.
    Turnaround time :                            93181 sec.

The output (if any) is above this job summary.



PS:

Read file <logs/gtn-hearth_27697244.err> for stderr output of this job.

