
Loading dataset: adult

------------------------------------------------------------
Sender: LSF System <lsfadmin@hpc.dtu.dk>
Subject: Job 27707802: <gtn-adult> in cluster <dcc> Exited

Job <gtn-adult> was submitted from host <hpclogin1> by user <nicci> in cluster <dcc> at Thu Jan 29 14:46:37 2026
Job was executed on host(s) <n-62-18-11>, in queue <gpua100>, as user <nicci> in cluster <dcc> at Thu Jan 29 14:46:38 2026
</zhome/6b/e/212868> was used as the home directory.
</zhome/6b/e/212868/GTN> was used as the working directory.
Started at Thu Jan 29 14:46:38 2026
Terminated at Thu Jan 29 14:47:39 2026
Results reported at Thu Jan 29 14:47:39 2026

Your job looked like:

------------------------------------------------------------
# LSBATCH: User input
#!/bin/sh
#BSUB -q gpua100
#BSUB -J gtn-adult
#BSUB -W 24:00
#BSUB -n 1
#BSUB -gpu "num=1:mode=exclusive_process"
#BSUB -R "rusage[mem=16GB]"
#BSUB -R "span[hosts=1]"
#BSUB -o logs/gtn-adult_%J.out
#BSUB -e logs/gtn-adult_%J.err
#BSUB -u nicci@dtu.dk

export HOME=/zhome/6b/e/212868

cd $HOME/GTN
source .venv/bin/activate

set -a
source $HOME/aim
set +a

python experiments/run_grid_search_gtn.py --config experiments/configs/uci_gtn_adult_lmpo2.json --output-dir results/gtn_adult_lmpo2

------------------------------------------------------------

TERM_OWNER: job killed by owner.
Exited with exit code 130.

Resource usage summary:

    CPU time :                                   6.23 sec.
    Max Memory :                                 408 MB
    Average Memory :                             407.00 MB
    Total Requested Memory :                     16384.00 MB
    Delta Memory :                               15976.00 MB
    Max Swap :                                   -
    Max Processes :                              4
    Max Threads :                                6
    Run time :                                   137 sec.
    Turnaround time :                            62 sec.

The output (if any) is above this job summary.



PS:

Read file <logs/gtn-adult_27707802.err> for stderr output of this job.

