/zhome/6b/e/212868/GTN/.venv/lib/python3.12/site-packages/aim/ext/utils.py:11: UserWarning: pkg_resources is deprecated as an API. See https://setuptools.pypa.io/en/latest/pkg_resources.html. The pkg_resources package is slated for removal as early as 2025-11-30. Refrain from using this package or pin to Setuptools<81.
  import pkg_resources
Remote Server is unavailable, please check network connection: no close frame received or sent.
Exception ignored in: <finalize object at 0x7f6d25a399e0; dead>
Traceback (most recent call last):
  File "/zhome/6b/e/212868/.local/share/uv/python/cpython-3.12.11-linux-x86_64-gnu/lib/python3.12/weakref.py", line 590, in __call__
    return info.func(*info.args, **(info.kwargs or {}))
           ^^^^^^^^^^^^^^^^^^^^^^^^^^^^^^^^^^^^^^^^^^^^
  File "/zhome/6b/e/212868/GTN/.venv/lib/python3.12/site-packages/aim/ext/transport/remote_resource.py", line 16, in _close
    self.rpc_client.release_resource(self.hash, self.handler)
  File "/zhome/6b/e/212868/GTN/.venv/lib/python3.12/site-packages/aim/ext/transport/client.py", line 232, in release_resource
    del self._resource_pool[resource_handler]
        ~~~~~~~~~~~~~~~~~~~^^^^^^^^^^^^^^^^^^
  File "/zhome/6b/e/212868/.local/share/uv/python/cpython-3.12.11-linux-x86_64-gnu/lib/python3.12/weakref.py", line 145, in __delitem__
    del self.data[key]
        ~~~~~~~~~^^^^^
KeyError: 'f6423260-3614-4749-98ee-10be83402a2b'
Exception ignored in: <finalize object at 0x7f6ce01cd060; dead>
Traceback (most recent call last):
  File "/zhome/6b/e/212868/.local/share/uv/python/cpython-3.12.11-linux-x86_64-gnu/lib/python3.12/weakref.py", line 590, in __call__
    return info.func(*info.args, **(info.kwargs or {}))
           ^^^^^^^^^^^^^^^^^^^^^^^^^^^^^^^^^^^^^^^^^^^^
  File "/zhome/6b/e/212868/GTN/.venv/lib/python3.12/site-packages/aim/ext/transport/remote_resource.py", line 16, in _close
    self.rpc_client.release_resource(self.hash, self.handler)
  File "/zhome/6b/e/212868/GTN/.venv/lib/python3.12/site-packages/aim/ext/transport/client.py", line 232, in release_resource
    del self._resource_pool[resource_handler]
        ~~~~~~~~~~~~~~~~~~~^^^^^^^^^^^^^^^^^^
  File "/zhome/6b/e/212868/.local/share/uv/python/cpython-3.12.11-linux-x86_64-gnu/lib/python3.12/weakref.py", line 145, in __delitem__
    del self.data[key]
        ~~~~~~~~~^^^^^
KeyError: 'c9ba08e6-efd1-45dc-aac2-81922170e35f'
Exception ignored in: <finalize object at 0x7f6ce2745240; dead>
Traceback (most recent call last):
  File "/zhome/6b/e/212868/.local/share/uv/python/cpython-3.12.11-linux-x86_64-gnu/lib/python3.12/weakref.py", line 590, in __call__
    return info.func(*info.args, **(info.kwargs or {}))
           ^^^^^^^^^^^^^^^^^^^^^^^^^^^^^^^^^^^^^^^^^^^^
  File "/zhome/6b/e/212868/GTN/.venv/lib/python3.12/site-packages/aim/ext/transport/remote_resource.py", line 16, in _close
    self.rpc_client.release_resource(self.hash, self.handler)
  File "/zhome/6b/e/212868/GTN/.venv/lib/python3.12/site-packages/aim/ext/transport/client.py", line 232, in release_resource
    del self._resource_pool[resource_handler]
        ~~~~~~~~~~~~~~~~~~~^^^^^^^^^^^^^^^^^^
  File "/zhome/6b/e/212868/.local/share/uv/python/cpython-3.12.11-linux-x86_64-gnu/lib/python3.12/weakref.py", line 145, in __delitem__
    del self.data[key]
        ~~~~~~~~~^^^^^
KeyError: 'c67abb0c-7cfb-4113-a38a-31ca14cfe7b4'
Exception ignored in: <finalize object at 0x7f6cdfa15c00; dead>
Traceback (most recent call last):
  File "/zhome/6b/e/212868/.local/share/uv/python/cpython-3.12.11-linux-x86_64-gnu/lib/python3.12/weakref.py", line 590, in __call__
    return info.func(*info.args, **(info.kwargs or {}))
           ^^^^^^^^^^^^^^^^^^^^^^^^^^^^^^^^^^^^^^^^^^^^
  File "/zhome/6b/e/212868/GTN/.venv/lib/python3.12/site-packages/aim/ext/transport/remote_resource.py", line 16, in _close
    self.rpc_client.release_resource(self.hash, self.handler)
  File "/zhome/6b/e/212868/GTN/.venv/lib/python3.12/site-packages/aim/ext/transport/client.py", line 232, in release_resource
    del self._resource_pool[resource_handler]
        ~~~~~~~~~~~~~~~~~~~^^^^^^^^^^^^^^^^^^
  File "/zhome/6b/e/212868/.local/share/uv/python/cpython-3.12.11-linux-x86_64-gnu/lib/python3.12/weakref.py", line 145, in __delitem__
    del self.data[key]
        ~~~~~~~~~^^^^^
KeyError: '156dc80d-45aa-46f0-993a-3f933afcc75b'
Exception ignored in: <finalize object at 0x7f6ce01cc620; dead>
Traceback (most recent call last):
  File "/zhome/6b/e/212868/.local/share/uv/python/cpython-3.12.11-linux-x86_64-gnu/lib/python3.12/weakref.py", line 590, in __call__
    return info.func(*info.args, **(info.kwargs or {}))
           ^^^^^^^^^^^^^^^^^^^^^^^^^^^^^^^^^^^^^^^^^^^^
  File "/zhome/6b/e/212868/GTN/.venv/lib/python3.12/site-packages/aim/ext/transport/remote_resource.py", line 16, in _close
    self.rpc_client.release_resource(self.hash, self.handler)
  File "/zhome/6b/e/212868/GTN/.venv/lib/python3.12/site-packages/aim/ext/transport/client.py", line 232, in release_resource
    del self._resource_pool[resource_handler]
        ~~~~~~~~~~~~~~~~~~~^^^^^^^^^^^^^^^^^^
  File "/zhome/6b/e/212868/.local/share/uv/python/cpython-3.12.11-linux-x86_64-gnu/lib/python3.12/weakref.py", line 145, in __delitem__
    del self.data[key]
        ~~~~~~~~~^^^^^
KeyError: '48d0c6de-43ff-4fb1-b90f-26ea68680c44'
Exception ignored in: <finalize object at 0x7f6d24e31fa0; dead>
Traceback (most recent call last):
  File "/zhome/6b/e/212868/.local/share/uv/python/cpython-3.12.11-linux-x86_64-gnu/lib/python3.12/weakref.py", line 590, in __call__
    return info.func(*info.args, **(info.kwargs or {}))
           ^^^^^^^^^^^^^^^^^^^^^^^^^^^^^^^^^^^^^^^^^^^^
  File "/zhome/6b/e/212868/GTN/.venv/lib/python3.12/site-packages/aim/ext/transport/remote_resource.py", line 16, in _close
    self.rpc_client.release_resource(self.hash, self.handler)
  File "/zhome/6b/e/212868/GTN/.venv/lib/python3.12/site-packages/aim/ext/transport/client.py", line 232, in release_resource
    del self._resource_pool[resource_handler]
        ~~~~~~~~~~~~~~~~~~~^^^^^^^^^^^^^^^^^^
  File "/zhome/6b/e/212868/.local/share/uv/python/cpython-3.12.11-linux-x86_64-gnu/lib/python3.12/weakref.py", line 145, in __delitem__
    del self.data[key]
        ~~~~~~~~~^^^^^
KeyError: 'fe036ea1-25b4-4371-927a-2f5f9fb2c810'
Exception ignored in: <finalize object at 0x7f6ce2745ea0; dead>
Traceback (most recent call last):
  File "/zhome/6b/e/212868/.local/share/uv/python/cpython-3.12.11-linux-x86_64-gnu/lib/python3.12/weakref.py", line 590, in __call__
    return info.func(*info.args, **(info.kwargs or {}))
           ^^^^^^^^^^^^^^^^^^^^^^^^^^^^^^^^^^^^^^^^^^^^
  File "/zhome/6b/e/212868/GTN/.venv/lib/python3.12/site-packages/aim/ext/transport/remote_resource.py", line 16, in _close
    self.rpc_client.release_resource(self.hash, self.handler)
  File "/zhome/6b/e/212868/GTN/.venv/lib/python3.12/site-packages/aim/ext/transport/client.py", line 232, in release_resource
    del self._resource_pool[resource_handler]
        ~~~~~~~~~~~~~~~~~~~^^^^^^^^^^^^^^^^^^
  File "/zhome/6b/e/212868/.local/share/uv/python/cpython-3.12.11-linux-x86_64-gnu/lib/python3.12/weakref.py", line 145, in __delitem__
    del self.data[key]
        ~~~~~~~~~^^^^^
KeyError: 'ce44d4f0-5660-440f-9212-08def165d095'
Remote Server is unavailable, please check network connection: no close frame received or sent.
Exception ignored in: <finalize object at 0x7f6d24af1b00; dead>
Traceback (most recent call last):
  File "/zhome/6b/e/212868/.local/share/uv/python/cpython-3.12.11-linux-x86_64-gnu/lib/python3.12/weakref.py", line 590, in __call__
    return info.func(*info.args, **(info.kwargs or {}))
           ^^^^^^^^^^^^^^^^^^^^^^^^^^^^^^^^^^^^^^^^^^^^
  File "/zhome/6b/e/212868/GTN/.venv/lib/python3.12/site-packages/aim/ext/transport/remote_resource.py", line 16, in _close
    self.rpc_client.release_resource(self.hash, self.handler)
  File "/zhome/6b/e/212868/GTN/.venv/lib/python3.12/site-packages/aim/ext/transport/client.py", line 232, in release_resource
    del self._resource_pool[resource_handler]
        ~~~~~~~~~~~~~~~~~~~^^^^^^^^^^^^^^^^^^
  File "/zhome/6b/e/212868/.local/share/uv/python/cpython-3.12.11-linux-x86_64-gnu/lib/python3.12/weakref.py", line 145, in __delitem__
    del self.data[key]
        ~~~~~~~~~^^^^^
KeyError: '69ced5e4-0558-4756-8150-fd2328213585'
Exception ignored in: <finalize object at 0x7f6d46448e60; dead>
Traceback (most recent call last):
  File "/zhome/6b/e/212868/.local/share/uv/python/cpython-3.12.11-linux-x86_64-gnu/lib/python3.12/weakref.py", line 590, in __call__
    return info.func(*info.args, **(info.kwargs or {}))
           ^^^^^^^^^^^^^^^^^^^^^^^^^^^^^^^^^^^^^^^^^^^^
  File "/zhome/6b/e/212868/GTN/.venv/lib/python3.12/site-packages/aim/ext/transport/remote_resource.py", line 16, in _close
    self.rpc_client.release_resource(self.hash, self.handler)
  File "/zhome/6b/e/212868/GTN/.venv/lib/python3.12/site-packages/aim/ext/transport/client.py", line 232, in release_resource
    del self._resource_pool[resource_handler]
        ~~~~~~~~~~~~~~~~~~~^^^^^^^^^^^^^^^^^^
  File "/zhome/6b/e/212868/.local/share/uv/python/cpython-3.12.11-linux-x86_64-gnu/lib/python3.12/weakref.py", line 145, in __delitem__
    del self.data[key]
        ~~~~~~~~~^^^^^
KeyError: 'cdfffacd-a2c9-433b-8544-2d8e7ef88c6c'
Exception ignored in: <finalize object at 0x7f6cdfdc0ea0; dead>
Traceback (most recent call last):
  File "/zhome/6b/e/212868/.local/share/uv/python/cpython-3.12.11-linux-x86_64-gnu/lib/python3.12/weakref.py", line 590, in __call__
    return info.func(*info.args, **(info.kwargs or {}))
           ^^^^^^^^^^^^^^^^^^^^^^^^^^^^^^^^^^^^^^^^^^^^
  File "/zhome/6b/e/212868/GTN/.venv/lib/python3.12/site-packages/aim/ext/transport/remote_resource.py", line 16, in _close
    self.rpc_client.release_resource(self.hash, self.handler)
  File "/zhome/6b/e/212868/GTN/.venv/lib/python3.12/site-packages/aim/ext/transport/client.py", line 232, in release_resource
    del self._resource_pool[resource_handler]
        ~~~~~~~~~~~~~~~~~~~^^^^^^^^^^^^^^^^^^
  File "/zhome/6b/e/212868/.local/share/uv/python/cpython-3.12.11-linux-x86_64-gnu/lib/python3.12/weakref.py", line 145, in __delitem__
    del self.data[key]
        ~~~~~~~~~^^^^^
KeyError: '6d37ebe6-2bea-4029-96ac-626ea2469f9c'
Exception ignored in: <finalize object at 0x7f6ce1e79300; dead>
Traceback (most recent call last):
  File "/zhome/6b/e/212868/.local/share/uv/python/cpython-3.12.11-linux-x86_64-gnu/lib/python3.12/weakref.py", line 590, in __call__
    return info.func(*info.args, **(info.kwargs or {}))
           ^^^^^^^^^^^^^^^^^^^^^^^^^^^^^^^^^^^^^^^^^^^^
  File "/zhome/6b/e/212868/GTN/.venv/lib/python3.12/site-packages/aim/ext/transport/remote_resource.py", line 16, in _close
    self.rpc_client.release_resource(self.hash, self.handler)
  File "/zhome/6b/e/212868/GTN/.venv/lib/python3.12/site-packages/aim/ext/transport/client.py", line 232, in release_resource
    del self._resource_pool[resource_handler]
        ~~~~~~~~~~~~~~~~~~~^^^^^^^^^^^^^^^^^^
  File "/zhome/6b/e/212868/.local/share/uv/python/cpython-3.12.11-linux-x86_64-gnu/lib/python3.12/weakref.py", line 145, in __delitem__
    del self.data[key]
        ~~~~~~~~~^^^^^
KeyError: '1cb84bbb-8854-4792-9675-c7ee3b2ec7e8'
Exception ignored in: <finalize object at 0x7f6d46449200; dead>
Traceback (most recent call last):
  File "/zhome/6b/e/212868/.local/share/uv/python/cpython-3.12.11-linux-x86_64-gnu/lib/python3.12/weakref.py", line 590, in __call__
    return info.func(*info.args, **(info.kwargs or {}))
           ^^^^^^^^^^^^^^^^^^^^^^^^^^^^^^^^^^^^^^^^^^^^
  File "/zhome/6b/e/212868/GTN/.venv/lib/python3.12/site-packages/aim/ext/transport/remote_resource.py", line 16, in _close
    self.rpc_client.release_resource(self.hash, self.handler)
  File "/zhome/6b/e/212868/GTN/.venv/lib/python3.12/site-packages/aim/ext/transport/client.py", line 232, in release_resource
    del self._resource_pool[resource_handler]
        ~~~~~~~~~~~~~~~~~~~^^^^^^^^^^^^^^^^^^
  File "/zhome/6b/e/212868/.local/share/uv/python/cpython-3.12.11-linux-x86_64-gnu/lib/python3.12/weakref.py", line 145, in __delitem__
    del self.data[key]
        ~~~~~~~~~^^^^^
KeyError: 'bb543d22-462c-478f-98ca-38bbe6ad448d'
Exception ignored in: <finalize object at 0x7f6d25a399e0; dead>
Traceback (most recent call last):
  File "/zhome/6b/e/212868/.local/share/uv/python/cpython-3.12.11-linux-x86_64-gnu/lib/python3.12/weakref.py", line 590, in __call__
    return info.func(*info.args, **(info.kwargs or {}))
           ^^^^^^^^^^^^^^^^^^^^^^^^^^^^^^^^^^^^^^^^^^^^
  File "/zhome/6b/e/212868/GTN/.venv/lib/python3.12/site-packages/aim/ext/transport/remote_resource.py", line 16, in _close
    self.rpc_client.release_resource(self.hash, self.handler)
  File "/zhome/6b/e/212868/GTN/.venv/lib/python3.12/site-packages/aim/ext/transport/client.py", line 232, in release_resource
    del self._resource_pool[resource_handler]
        ~~~~~~~~~~~~~~~~~~~^^^^^^^^^^^^^^^^^^
  File "/zhome/6b/e/212868/.local/share/uv/python/cpython-3.12.11-linux-x86_64-gnu/lib/python3.12/weakref.py", line 145, in __delitem__
    del self.data[key]
        ~~~~~~~~~^^^^^
KeyError: 'aa98b114-1341-4193-85f6-d6bf19490959'
Exception ignored in: <finalize object at 0x7f6ce27b5ce0; dead>
Traceback (most recent call last):
  File "/zhome/6b/e/212868/.local/share/uv/python/cpython-3.12.11-linux-x86_64-gnu/lib/python3.12/weakref.py", line 590, in __call__
    return info.func(*info.args, **(info.kwargs or {}))
           ^^^^^^^^^^^^^^^^^^^^^^^^^^^^^^^^^^^^^^^^^^^^
  File "/zhome/6b/e/212868/GTN/.venv/lib/python3.12/site-packages/aim/ext/transport/remote_resource.py", line 16, in _close
    self.rpc_client.release_resource(self.hash, self.handler)
  File "/zhome/6b/e/212868/GTN/.venv/lib/python3.12/site-packages/aim/ext/transport/client.py", line 232, in release_resource
    del self._resource_pool[resource_handler]
        ~~~~~~~~~~~~~~~~~~~^^^^^^^^^^^^^^^^^^
  File "/zhome/6b/e/212868/.local/share/uv/python/cpython-3.12.11-linux-x86_64-gnu/lib/python3.12/weakref.py", line 145, in __delitem__
    del self.data[key]
        ~~~~~~~~~^^^^^
KeyError: '7af847c5-cddf-4c8c-b557-2ca47c22333a'
Exception ignored in: <finalize object at 0x7f6cdfa14040; dead>
Traceback (most recent call last):
  File "/zhome/6b/e/212868/.local/share/uv/python/cpython-3.12.11-linux-x86_64-gnu/lib/python3.12/weakref.py", line 590, in __call__
    return info.func(*info.args, **(info.kwargs or {}))
           ^^^^^^^^^^^^^^^^^^^^^^^^^^^^^^^^^^^^^^^^^^^^
  File "/zhome/6b/e/212868/GTN/.venv/lib/python3.12/site-packages/aim/ext/transport/remote_resource.py", line 16, in _close
    self.rpc_client.release_resource(self.hash, self.handler)
  File "/zhome/6b/e/212868/GTN/.venv/lib/python3.12/site-packages/aim/ext/transport/client.py", line 232, in release_resource
    del self._resource_pool[resource_handler]
        ~~~~~~~~~~~~~~~~~~~^^^^^^^^^^^^^^^^^^
  File "/zhome/6b/e/212868/.local/share/uv/python/cpython-3.12.11-linux-x86_64-gnu/lib/python3.12/weakref.py", line 145, in __delitem__
    del self.data[key]
        ~~~~~~~~~^^^^^
KeyError: 'b23eb8f6-91bb-4876-8715-eaf6c667ca06'
Exception ignored in: <finalize object at 0x7f6cdfa17c60; dead>
Traceback (most recent call last):
  File "/zhome/6b/e/212868/.local/share/uv/python/cpython-3.12.11-linux-x86_64-gnu/lib/python3.12/weakref.py", line 590, in __call__
    return info.func(*info.args, **(info.kwargs or {}))
           ^^^^^^^^^^^^^^^^^^^^^^^^^^^^^^^^^^^^^^^^^^^^
  File "/zhome/6b/e/212868/GTN/.venv/lib/python3.12/site-packages/aim/ext/transport/remote_resource.py", line 16, in _close
    self.rpc_client.release_resource(self.hash, self.handler)
  File "/zhome/6b/e/212868/GTN/.venv/lib/python3.12/site-packages/aim/ext/transport/client.py", line 232, in release_resource
    del self._resource_pool[resource_handler]
        ~~~~~~~~~~~~~~~~~~~^^^^^^^^^^^^^^^^^^
  File "/zhome/6b/e/212868/.local/share/uv/python/cpython-3.12.11-linux-x86_64-gnu/lib/python3.12/weakref.py", line 145, in __delitem__
    del self.data[key]
        ~~~~~~~~~^^^^^
KeyError: 'dc62ab1d-4a4e-4e41-aa83-7891ab4f5112'
Exception ignored in: <finalize object at 0x7f6cdfa17360; dead>
Traceback (most recent call last):
  File "/zhome/6b/e/212868/.local/share/uv/python/cpython-3.12.11-linux-x86_64-gnu/lib/python3.12/weakref.py", line 590, in __call__
    return info.func(*info.args, **(info.kwargs or {}))
           ^^^^^^^^^^^^^^^^^^^^^^^^^^^^^^^^^^^^^^^^^^^^
  File "/zhome/6b/e/212868/GTN/.venv/lib/python3.12/site-packages/aim/ext/transport/remote_resource.py", line 16, in _close
    self.rpc_client.release_resource(self.hash, self.handler)
  File "/zhome/6b/e/212868/GTN/.venv/lib/python3.12/site-packages/aim/ext/transport/client.py", line 232, in release_resource
    del self._resource_pool[resource_handler]
        ~~~~~~~~~~~~~~~~~~~^^^^^^^^^^^^^^^^^^
  File "/zhome/6b/e/212868/.local/share/uv/python/cpython-3.12.11-linux-x86_64-gnu/lib/python3.12/weakref.py", line 145, in __delitem__
    del self.data[key]
        ~~~~~~~~~^^^^^
KeyError: 'b94f267a-3d63-41f0-b031-ff88fe1bfe02'
Exception ignored in: <finalize object at 0x7f6d24e31c60; dead>
Traceback (most recent call last):
  File "/zhome/6b/e/212868/.local/share/uv/python/cpython-3.12.11-linux-x86_64-gnu/lib/python3.12/weakref.py", line 590, in __call__
    return info.func(*info.args, **(info.kwargs or {}))
           ^^^^^^^^^^^^^^^^^^^^^^^^^^^^^^^^^^^^^^^^^^^^
  File "/zhome/6b/e/212868/GTN/.venv/lib/python3.12/site-packages/aim/ext/transport/remote_resource.py", line 16, in _close
    self.rpc_client.release_resource(self.hash, self.handler)
  File "/zhome/6b/e/212868/GTN/.venv/lib/python3.12/site-packages/aim/ext/transport/client.py", line 232, in release_resource
    del self._resource_pool[resource_handler]
        ~~~~~~~~~~~~~~~~~~~^^^^^^^^^^^^^^^^^^
  File "/zhome/6b/e/212868/.local/share/uv/python/cpython-3.12.11-linux-x86_64-gnu/lib/python3.12/weakref.py", line 145, in __delitem__
    del self.data[key]
        ~~~~~~~~~^^^^^
KeyError: 'e11648b6-cf0f-4272-af82-779c85fda885'
Exception ignored in: <finalize object at 0x7f6d24e31fa0; dead>
Traceback (most recent call last):
  File "/zhome/6b/e/212868/.local/share/uv/python/cpython-3.12.11-linux-x86_64-gnu/lib/python3.12/weakref.py", line 590, in __call__
    return info.func(*info.args, **(info.kwargs or {}))
           ^^^^^^^^^^^^^^^^^^^^^^^^^^^^^^^^^^^^^^^^^^^^
  File "/zhome/6b/e/212868/GTN/.venv/lib/python3.12/site-packages/aim/ext/transport/remote_resource.py", line 16, in _close
    self.rpc_client.release_resource(self.hash, self.handler)
  File "/zhome/6b/e/212868/GTN/.venv/lib/python3.12/site-packages/aim/ext/transport/client.py", line 232, in release_resource
    del self._resource_pool[resource_handler]
        ~~~~~~~~~~~~~~~~~~~^^^^^^^^^^^^^^^^^^
  File "/zhome/6b/e/212868/.local/share/uv/python/cpython-3.12.11-linux-x86_64-gnu/lib/python3.12/weakref.py", line 145, in __delitem__
    del self.data[key]
        ~~~~~~~~~^^^^^
KeyError: 'bcc85f89-dea0-4910-a311-6dece1487c49'
Exception ignored in: <finalize object at 0x7f6ce27b6e60; dead>
Traceback (most recent call last):
  File "/zhome/6b/e/212868/.local/share/uv/python/cpython-3.12.11-linux-x86_64-gnu/lib/python3.12/weakref.py", line 590, in __call__
    return info.func(*info.args, **(info.kwargs or {}))
           ^^^^^^^^^^^^^^^^^^^^^^^^^^^^^^^^^^^^^^^^^^^^
  File "/zhome/6b/e/212868/GTN/.venv/lib/python3.12/site-packages/aim/ext/transport/remote_resource.py", line 16, in _close
    self.rpc_client.release_resource(self.hash, self.handler)
  File "/zhome/6b/e/212868/GTN/.venv/lib/python3.12/site-packages/aim/ext/transport/client.py", line 232, in release_resource
    del self._resource_pool[resource_handler]
        ~~~~~~~~~~~~~~~~~~~^^^^^^^^^^^^^^^^^^
  File "/zhome/6b/e/212868/.local/share/uv/python/cpython-3.12.11-linux-x86_64-gnu/lib/python3.12/weakref.py", line 145, in __delitem__
    del self.data[key]
        ~~~~~~~~~^^^^^
KeyError: '47d467dc-699a-40de-8ceb-6663eeb4cace'
Exception ignored in: <finalize object at 0x7f6d541c0260; dead>
Traceback (most recent call last):
  File "/zhome/6b/e/212868/.local/share/uv/python/cpython-3.12.11-linux-x86_64-gnu/lib/python3.12/weakref.py", line 590, in __call__
    return info.func(*info.args, **(info.kwargs or {}))
           ^^^^^^^^^^^^^^^^^^^^^^^^^^^^^^^^^^^^^^^^^^^^
  File "/zhome/6b/e/212868/GTN/.venv/lib/python3.12/site-packages/aim/ext/transport/remote_resource.py", line 16, in _close
    self.rpc_client.release_resource(self.hash, self.handler)
  File "/zhome/6b/e/212868/GTN/.venv/lib/python3.12/site-packages/aim/ext/transport/client.py", line 232, in release_resource
    del self._resource_pool[resource_handler]
        ~~~~~~~~~~~~~~~~~~~^^^^^^^^^^^^^^^^^^
  File "/zhome/6b/e/212868/.local/share/uv/python/cpython-3.12.11-linux-x86_64-gnu/lib/python3.12/weakref.py", line 145, in __delitem__
    del self.data[key]
        ~~~~~~~~~^^^^^
KeyError: '505f10a8-ef95-4396-ad00-9c88c1052192'
