
Loading dataset: appliances
  Task: regression
  Train: 13814 samples
  Val: 2960 samples
  Test: 2961 samples
  Input dim: 27
  Output dim: 1
  Device: cuda
======================================================================
EXPERIMENT PLAN SUMMARY
======================================================================
Total experiments: 360
Grid combinations: 72
Seeds per combination: 5

Parameter Grid:
  model: ['LMPO2', 'LMPO2TypeI_GTN'] (n=2)
  L: [3, 4] (n=2)
  bond_dim: [8, 12, 16] (n=3)
  lr: [0.001, 0.0001] (n=2)
  reduction_factor: [0.1, 0.3, 0.5] (n=3)

Fixed Parameters:
  batch_size: 64
  n_epochs: 1000
  patience: 40
  min_delta: 1e-08
  optimizer: adamw
  init_strength: 0.01
  bond_dim_mpo: 2

Example runs (first 5):
  1. LMPO2-L3-d8-rf0.1-seed42
  2. LMPO2-L3-d8-rf0.1-seed7
  3. LMPO2-L3-d8-rf0.1-seed123
  4. LMPO2-L3-d8-rf0.1-seed256
  5. LMPO2-L3-d8-rf0.1-seed999
  ... (355 more)


[95/360] Running: LMPO2-L4-d8-rf0.1-seed999
  AIM run started: 1ef01f4881344e519509c15c
  ✓ SUCCESS: Test R²=0.2039

[96/360] Running: LMPO2-L4-d8-rf0.3-seed42
  AIM run started: e072d58e1c37476c8a320685
  ✓ SUCCESS: Test R²=0.3910

[97/360] Running: LMPO2-L4-d8-rf0.3-seed7
  AIM run started: 45546e718a85445f8f9c13c8
  ✓ SUCCESS: Test R²=0.3489

[98/360] Running: LMPO2-L4-d8-rf0.3-seed123
  AIM run started: 33db2c984d494f98870c88d4
  ✓ SUCCESS: Test R²=0.3791

[99/360] Running: LMPO2-L4-d8-rf0.3-seed256
  AIM run started: 777c07a0af4f4d988f4679da
  ✓ SUCCESS: Test R²=0.3718

[100/360] Running: LMPO2-L4-d8-rf0.3-seed999
  AIM run started: 636ef818160142d5b82e5f72
  ✓ SUCCESS: Test R²=0.4015

[101/360] Running: LMPO2-L4-d8-rf0.5-seed42
  AIM run started: ba91abeee2c64d3ca180534e
  ✓ SUCCESS: Test R²=0.3881

[102/360] Running: LMPO2-L4-d8-rf0.5-seed7
  AIM run started: ee86003d320f446fb2b756e9
  ✓ SUCCESS: Test R²=0.3052

[103/360] Running: LMPO2-L4-d8-rf0.5-seed123
  AIM run started: aa91054aec1a4ae1944625b0
  ✓ SUCCESS: Test R²=0.3736

[104/360] Running: LMPO2-L4-d8-rf0.5-seed256
  AIM run started: 6cacdc0ce2ec4e31a3aee8b1
  ✓ SUCCESS: Test R²=0.4004

[105/360] Running: LMPO2-L4-d8-rf0.5-seed999
  AIM run started: 0846ab7724f7439d8500bd3f
  ✓ SUCCESS: Test R²=0.3779

[118/360] Running: LMPO2-L4-d8-rf0.5-seed123
  AIM run started: 183a3dfff6a24d9ca5b0c1d1
  ✓ SUCCESS: Test R²=0.2760

[121/360] Running: LMPO2-L4-d12-rf0.1-seed42
  AIM run started: 49792b68967c4194a2070c18
  ✓ SUCCESS: Test R²=-0.8811

[122/360] Running: LMPO2-L4-d12-rf0.1-seed7
  AIM run started: 9fac3508bafd4ab999abd00b
  ✓ SUCCESS: Test R²=-1.1174

[123/360] Running: LMPO2-L4-d12-rf0.1-seed123
  AIM run started: e15088409a5c45f4b81c7a93
  ✓ SUCCESS: Test R²=-1.0446

[124/360] Running: LMPO2-L4-d12-rf0.1-seed256
  AIM run started: 7a694bd69ad44e909bcab113
  ✓ SUCCESS: Test R²=-10.6415

[125/360] Running: LMPO2-L4-d12-rf0.1-seed999
  AIM run started: b1a39629df3f4a8d8ecdeace
  ✓ SUCCESS: Test R²=-0.8169

[126/360] Running: LMPO2-L4-d12-rf0.3-seed42
  AIM run started: 53b03fa92712474ea6c67041
  ✓ SUCCESS: Test R²=0.3425

[127/360] Running: LMPO2-L4-d12-rf0.3-seed7
  AIM run started: 93d9288bd3034d4baf28ab60
  ✓ SUCCESS: Test R²=0.3465

[128/360] Running: LMPO2-L4-d12-rf0.3-seed123
  AIM run started: 046fdf22d07a46a681ecf2f9
  ✓ SUCCESS: Test R²=0.3730

[129/360] Running: LMPO2-L4-d12-rf0.3-seed256
  AIM run started: 1928dcc0573c4f83beb31e92
  ✓ SUCCESS: Test R²=0.3561

[130/360] Running: LMPO2-L4-d12-rf0.3-seed999
  AIM run started: 2a211dc04979462c9b5174fa
  ✓ SUCCESS: Test R²=0.3533

[131/360] Running: LMPO2-L4-d12-rf0.5-seed42
  AIM run started: ecc770650f234b0bb240cbaf
  ✓ SUCCESS: Test R²=0.3780

[132/360] Running: LMPO2-L4-d12-rf0.5-seed7
  AIM run started: 01811c87ca8f47cf81157064
  ✓ SUCCESS: Test R²=0.3811

[133/360] Running: LMPO2-L4-d12-rf0.5-seed123
  AIM run started: 0169d5f2a99c419fad52ab92
  ✓ SUCCESS: Test R²=0.3758

[134/360] Running: LMPO2-L4-d12-rf0.5-seed256
  AIM run started: a8cbb9eae045499494480b87
  ✓ SUCCESS: Test R²=0.3677

[135/360] Running: LMPO2-L4-d12-rf0.5-seed999
  AIM run started: 715a57b2142b433e81642429
  ✓ SUCCESS: Test R²=0.3897

[141/360] Running: LMPO2-L4-d12-rf0.3-seed42
  AIM run started: fe4df679d1b0423cae12324d
  ✓ SUCCESS: Test R²=0.2710

[150/360] Running: LMPO2-L4-d12-rf0.5-seed999
  AIM run started: 549e4d19baa74a64930ecbac
  ✓ SUCCESS: Test R²=0.3137

[151/360] Running: LMPO2-L4-d16-rf0.1-seed42
  AIM run started: 7c3ce8fe2ba3423999d6b357
  ✓ SUCCESS: Test R²=-1.0242

[152/360] Running: LMPO2-L4-d16-rf0.1-seed7
  AIM run started: a42287078d2947e7a9d7f251
  ✓ SUCCESS: Test R²=-1.1771

[153/360] Running: LMPO2-L4-d16-rf0.1-seed123
  AIM run started: 5d0db19170d34b9d9db39009
  ✓ SUCCESS: Test R²=-5.3111

[154/360] Running: LMPO2-L4-d16-rf0.1-seed256
  AIM run started: a69069a433754df995e7a4e0
  ✓ SUCCESS: Test R²=-0.9827

[155/360] Running: LMPO2-L4-d16-rf0.1-seed999
  AIM run started: 818a06f743bf46b483ba0d7b
  ✓ SUCCESS: Test R²=-7.4853

[156/360] Running: LMPO2-L4-d16-rf0.3-seed42
  AIM run started: da4de8844a55449a8b879797
  ✓ SUCCESS: Test R²=0.3387

[157/360] Running: LMPO2-L4-d16-rf0.3-seed7
  AIM run started: 4871dff86a144f7fbe4516a2
  ✓ SUCCESS: Test R²=0.3616

[158/360] Running: LMPO2-L4-d16-rf0.3-seed123
  AIM run started: f8c5f64a24ab4270abc15d07
  ✓ SUCCESS: Test R²=0.3591

[159/360] Running: LMPO2-L4-d16-rf0.3-seed256
  AIM run started: e1225789a2714a11b00fe970
  ✓ SUCCESS: Test R²=0.3818

[160/360] Running: LMPO2-L4-d16-rf0.3-seed999
  AIM error (attempt 1/3): Expecting value: line 1 column 1 (char 0)
  Retrying in 10s...
  AIM error (attempt 2/3): Expecting value: line 1 column 1 (char 0)
  Retrying in 10s...

------------------------------------------------------------
Sender: LSF System <lsfadmin@hpc.dtu.dk>
Subject: Job 27697230: <gtn-appliances> in cluster <dcc> Exited

Job <gtn-appliances> was submitted from host <hpclogin1> by user <nicci> in cluster <dcc> at Tue Jan 27 14:45:58 2026
Job was executed on host(s) <8*n-62-18-11>, in queue <gpua100>, as user <nicci> in cluster <dcc> at Wed Jan 28 21:10:37 2026
</zhome/6b/e/212868> was used as the home directory.
</zhome/6b/e/212868/GTN> was used as the working directory.
Started at Wed Jan 28 21:10:37 2026
Terminated at Thu Jan 29 03:18:49 2026
Results reported at Thu Jan 29 03:18:49 2026

Your job looked like:

------------------------------------------------------------
# LSBATCH: User input
#!/bin/sh
#BSUB -q gpua100
#BSUB -J gtn-appliances
#BSUB -W 24:00
#BSUB -n 8
#BSUB -gpu "num=1:mode=exclusive_process"
#BSUB -R "rusage[mem=32GB]"
#BSUB -R "span[hosts=1]"
#BSUB -o logs/gtn-appliances_%J.out
#BSUB -e logs/gtn-appliances_%J.err
#BSUB -u nicci@dtu.dk

export HOME=/zhome/6b/e/212868

cd $HOME/GTN
source .venv/bin/activate

set -a
source $HOME/aim
set +a

python experiments/run_grid_search_gtn.py --config experiments/configs/uci_gtn_appliances_lmpo2.json --output-dir results/gtn_appliances

------------------------------------------------------------

Exited with exit code 1.

Resource usage summary:

    CPU time :                                   22081.96 sec.
    Max Memory :                                 921 MB
    Average Memory :                             890.25 MB
    Total Requested Memory :                     262144.00 MB
    Delta Memory :                               261223.00 MB
    Max Swap :                                   -
    Max Processes :                              4
    Max Threads :                                15
    Run time :                                   22093 sec.
    Turnaround time :                            131571 sec.

The output (if any) is above this job summary.



PS:

Read file <logs/gtn-appliances_27697230.err> for stderr output of this job.

