
Loading dataset: popularity
  Task: regression
  Train: 27750 samples
  Val: 5947 samples
  Test: 5947 samples
  Input dim: 58
  Output dim: 1
  Device: cuda
======================================================================
EXPERIMENT PLAN SUMMARY
======================================================================
Total experiments: 120
Grid combinations: 24
Seeds per combination: 5

Parameter Grid:
  model: ['MPO2', 'MPO2TypeI_GTN'] (n=2)
  L: [3, 4] (n=2)
  bond_dim: [8, 12, 16] (n=3)
  lr: [0.001, 0.0001] (n=2)

Fixed Parameters:
  batch_size: 64
  n_epochs: 1000
  patience: 40
  min_delta: 1e-08
  optimizer: adamw
  init_strength: 0.01

Example runs (first 5):
  1. MPO2-L3-d8-seed42
  2. MPO2-L3-d8-seed7
  3. MPO2-L3-d8-seed123
  4. MPO2-L3-d8-seed256
  5. MPO2-L3-d8-seed999
  ... (115 more)


[1/120] Running: MPO2-L3-d8-seed42
  AIM run started: 3ac5a96d4f03429ebf726e6c
  ✓ SUCCESS: Test R²=-0.2008

[2/120] Running: MPO2-L3-d8-seed7
  AIM run started: a0cd831f438a474d83178036
  ✓ SUCCESS: Test R²=-0.1915

[3/120] Running: MPO2-L3-d8-seed123
  AIM run started: 386d1940ff26430687275305
  ✓ SUCCESS: Test R²=-0.0913

[4/120] Running: MPO2-L3-d8-seed256
  AIM run started: cc661f69f406405298c08cb9
  ✓ SUCCESS: Test R²=-0.0912

[5/120] Running: MPO2-L3-d8-seed999
  AIM run started: 9c81f8063f864f31827f814f
  ✓ SUCCESS: Test R²=-0.1485

[11/120] Running: MPO2-L3-d12-seed42
  AIM run started: c97db4596285497cb7b30dff
  ✓ SUCCESS: Test R²=-0.3581

[12/120] Running: MPO2-L3-d12-seed7
  AIM run started: 0ddc176fd4c04d42b8b9c884
  ✓ SUCCESS: Test R²=-0.0671

[13/120] Running: MPO2-L3-d12-seed123
  AIM run started: 061bfee7631a47e6acfc3646
  ✓ SUCCESS: Test R²=-0.2723

[14/120] Running: MPO2-L3-d12-seed256
  AIM run started: 4befa2507e194fa8915f2dd7
  ✓ SUCCESS: Test R²=-0.3650

[15/120] Running: MPO2-L3-d12-seed999
  AIM run started: 0975dbdd2b9849f6b2893fee
  ✓ SUCCESS: Test R²=-0.3638

[21/120] Running: MPO2-L3-d16-seed42
  AIM run started: d376977896e2487d91457042
  ✓ SUCCESS: Test R²=-0.0728

[22/120] Running: MPO2-L3-d16-seed7
  AIM run started: f319d6086dc74ff9867b3632
  ✓ SUCCESS: Test R²=-0.4072

[23/120] Running: MPO2-L3-d16-seed123
  AIM run started: fb325d7d55d645d38de66594
  ✓ SUCCESS: Test R²=-0.4846

[24/120] Running: MPO2-L3-d16-seed256
  AIM run started: 857912564d394e48a76991a1
  ✓ SUCCESS: Test R²=-0.4631

[25/120] Running: MPO2-L3-d16-seed999
  AIM run started: 87e07234324449a3a3a53682
  ✓ SUCCESS: Test R²=-0.6110

[31/120] Running: MPO2-L4-d8-seed42
  AIM run started: 6ad2e752340d4232af75c646
  ✓ SUCCESS: Test R²=-0.0823

[32/120] Running: MPO2-L4-d8-seed7
  AIM run started: cdd0143c87a040f6b68ebd45
  ✓ SUCCESS: Test R²=-0.3111

[33/120] Running: MPO2-L4-d8-seed123
  AIM run started: d670fa05761e4f3fbbcf8050
  ✓ SUCCESS: Test R²=-0.0965

[34/120] Running: MPO2-L4-d8-seed256
  AIM run started: e195f63723bb4de3976b2675
  ✓ SUCCESS: Test R²=-0.4160

[35/120] Running: MPO2-L4-d8-seed999
  AIM run started: 209b3bee1fa149579b1ba29a
  ✓ SUCCESS: Test R²=-1.2705

[41/120] Running: MPO2-L4-d12-seed42
  AIM run started: c34981e1128746179e8f0aab
  ✓ SUCCESS: Test R²=-0.0830

[42/120] Running: MPO2-L4-d12-seed7
  AIM run started: 24c24e600302457283a917b5
  ✓ SUCCESS: Test R²=-0.0804

[43/120] Running: MPO2-L4-d12-seed123
  AIM run started: 5ec81ab2ff4f4b3a81a1ee88
  ✓ SUCCESS: Test R²=-0.0823

[44/120] Running: MPO2-L4-d12-seed256
  AIM run started: 00bd11697c494b06b35e03c6
  ✓ SUCCESS: Test R²=-0.0953

[45/120] Running: MPO2-L4-d12-seed999
  AIM run started: 12b0caba5a004ef9b84a0ebd
  ✓ SUCCESS: Test R²=-0.0830

[51/120] Running: MPO2-L4-d16-seed42
  AIM run started: 3f77dcb1cbfc4c6e8f08353a
  ✓ SUCCESS: Test R²=-0.2151

[52/120] Running: MPO2-L4-d16-seed7
  AIM run started: bc9d23c3c21b42629a24ac08
  ✓ SUCCESS: Test R²=-0.0825

[53/120] Running: MPO2-L4-d16-seed123
  AIM run started: 4c36e022348f4fdaa83fc5eb
  ✓ SUCCESS: Test R²=-0.0875

[54/120] Running: MPO2-L4-d16-seed256
  AIM run started: 332bce04eeaf4089a775ee1e
  ✓ SUCCESS: Test R²=-0.0767

[55/120] Running: MPO2-L4-d16-seed999
  AIM run started: 32680e9ceff84e2b9238d3c1
  ✓ SUCCESS: Test R²=-0.0830

[61/120] Running: MPO2TypeI_GTN-L3-d8-seed42
  AIM run started: d901e58f3cff4d259c337cce
  ✓ SUCCESS: Test R²=-0.1731

[62/120] Running: MPO2TypeI_GTN-L3-d8-seed7
  AIM run started: ecf6ca3cdf45420eb2dcab49
  ✓ SUCCESS: Test R²=-0.2454

[63/120] Running: MPO2TypeI_GTN-L3-d8-seed123
  AIM run started: 594c233c2d5043a5be5cdc2a
  ✓ SUCCESS: Test R²=-0.3320

[64/120] Running: MPO2TypeI_GTN-L3-d8-seed256
  AIM run started: a2c8fa3dd5e94e1686cdbb84
  ✓ SUCCESS: Test R²=-0.1973

[65/120] Running: MPO2TypeI_GTN-L3-d8-seed999
  AIM run started: cccc533f18954b17b3b05289
  ✓ SUCCESS: Test R²=-0.2398

[71/120] Running: MPO2TypeI_GTN-L3-d12-seed42
  AIM run started: 8cdd108f018e48caa183f832
  ✓ SUCCESS: Test R²=-0.4095

[72/120] Running: MPO2TypeI_GTN-L3-d12-seed7
  AIM run started: 28e40447dbfe41e08e28efc9
  ✓ SUCCESS: Test R²=-0.3330

[73/120] Running: MPO2TypeI_GTN-L3-d12-seed123
  AIM run started: b30498bfa9cd4be9951e35bc
  ✓ SUCCESS: Test R²=-0.3663

[74/120] Running: MPO2TypeI_GTN-L3-d12-seed256
  AIM run started: 6122f9b425584ad88b5ea7de
  ✓ SUCCESS: Test R²=-0.4052

[75/120] Running: MPO2TypeI_GTN-L3-d12-seed999
  AIM run started: 987213e30c51403aa6167cfd
  ✓ SUCCESS: Test R²=-0.3735

[81/120] Running: MPO2TypeI_GTN-L3-d16-seed42
  AIM run started: 96f9a6114aba4ecfb24e4849
  ✓ SUCCESS: Test R²=-0.5332

[82/120] Running: MPO2TypeI_GTN-L3-d16-seed7
  AIM run started: b491b80ce767488b85a4fef7
  ✓ SUCCESS: Test R²=-0.4008

[83/120] Running: MPO2TypeI_GTN-L3-d16-seed123
  AIM run started: 01c73bd818894ec4aaf82eaa
  ✓ SUCCESS: Test R²=-0.4487

[84/120] Running: MPO2TypeI_GTN-L3-d16-seed256
  AIM run started: ecc31209c1e34fccafec0b4c
  ✓ SUCCESS: Test R²=-0.5415

[85/120] Running: MPO2TypeI_GTN-L3-d16-seed999
  AIM run started: beec7401292a491f903c0d92
  ✓ SUCCESS: Test R²=-0.4521

[91/120] Running: MPO2TypeI_GTN-L4-d8-seed42
  AIM run started: 68ffc07c50c34f8a840ea9e8
  ✓ SUCCESS: Test R²=-0.0960

[92/120] Running: MPO2TypeI_GTN-L4-d8-seed7
  AIM run started: adc734387d044f36a093f39e
  ✓ SUCCESS: Test R²=0.0106

[93/120] Running: MPO2TypeI_GTN-L4-d8-seed123
  AIM run started: 752609b800e74be68e9bf1e5
  ✓ SUCCESS: Test R²=-0.0087

[94/120] Running: MPO2TypeI_GTN-L4-d8-seed256
  AIM run started: 3b470c28a831406486c507f6
  ✓ SUCCESS: Test R²=0.0581

[95/120] Running: MPO2TypeI_GTN-L4-d8-seed999
  AIM run started: 69bd35523a1f45739b423e14
  ✓ SUCCESS: Test R²=-0.0116

[101/120] Running: MPO2TypeI_GTN-L4-d12-seed42
  AIM run started: 86726ee0b18c4378ac91bc96
  ✓ SUCCESS: Test R²=0.0496

[102/120] Running: MPO2TypeI_GTN-L4-d12-seed7
  AIM run started: 0bd10ef0d2164c55b48410bc
  ✓ SUCCESS: Test R²=0.0184

[103/120] Running: MPO2TypeI_GTN-L4-d12-seed123
  AIM run started: 4de8e23409cb46d59f5f8731
  ✓ SUCCESS: Test R²=0.0504

[104/120] Running: MPO2TypeI_GTN-L4-d12-seed256
  AIM run started: 9967702daeb04f3a87a05080
  ✓ SUCCESS: Test R²=0.0358

[105/120] Running: MPO2TypeI_GTN-L4-d12-seed999
  AIM run started: 0301d734895948259a4da8d6
  ✓ SUCCESS: Test R²=0.0408

[111/120] Running: MPO2TypeI_GTN-L4-d16-seed42
  AIM run started: c5e821fdac584131b3a757dd
  ✓ SUCCESS: Test R²=0.0336

[112/120] Running: MPO2TypeI_GTN-L4-d16-seed7
  AIM run started: 327518991a5e47bc896a5069
  ✓ SUCCESS: Test R²=0.0290

[113/120] Running: MPO2TypeI_GTN-L4-d16-seed123
  AIM run started: cc9f69f6058f43059bd7cc21
  ✓ SUCCESS: Test R²=0.0391

[114/120] Running: MPO2TypeI_GTN-L4-d16-seed256
  AIM run started: 9190336b35c94a3abecc73a0
  ✓ SUCCESS: Test R²=0.0308

[115/120] Running: MPO2TypeI_GTN-L4-d16-seed999
  AIM run started: c4add727f1e247a6b39f6a8c
  ✓ SUCCESS: Test R²=0.0362

======================================================================
GRID SEARCH SUMMARY
======================================================================
Total runs: 120
Completed: 60
Skipped: 60
Failed: 0
Time: 59459.4s (495.5s per run)

Top 5 Configurations by Test R²:

1. MPO2TypeI_GTN-L4-d8-seed256
   Test R²: 0.06
   Model: MPO2TypeI_GTN, Seed: 256
   Key params: bond_dim=8, lr=0.001, wd=0

2. MPO2TypeI_GTN-L4-d12-seed123
   Test R²: 0.05
   Model: MPO2TypeI_GTN, Seed: 123
   Key params: bond_dim=12, lr=0.001, wd=0

3. MPO2TypeI_GTN-L4-d12-seed42
   Test R²: 0.05
   Model: MPO2TypeI_GTN, Seed: 42
   Key params: bond_dim=12, lr=0.001, wd=0

4. MPO2TypeI_GTN-L4-d12-seed999
   Test R²: 0.04
   Model: MPO2TypeI_GTN, Seed: 999
   Key params: bond_dim=12, lr=0.001, wd=0

5. MPO2TypeI_GTN-L4-d16-seed123
   Test R²: 0.04
   Model: MPO2TypeI_GTN, Seed: 123
   Key params: bond_dim=16, lr=0.001, wd=0

Summary saved to: results/gtn_popularity/summary.json
Grid search complete. Marked as .complete
======================================================================

------------------------------------------------------------
Sender: LSF System <lsfadmin@hpc.dtu.dk>
Subject: Job 27708115: <gtn-popularity> in cluster <dcc> Done

Job <gtn-popularity> was submitted from host <hpclogin1> by user <nicci> in cluster <dcc> at Thu Jan 29 15:09:46 2026
Job was executed on host(s) <4*n-62-12-23>, in queue <gpua100>, as user <nicci> in cluster <dcc> at Sun Feb  1 04:20:21 2026
</zhome/6b/e/212868> was used as the home directory.
</zhome/6b/e/212868/GTN> was used as the working directory.
Started at Sun Feb  1 04:20:21 2026
Terminated at Sun Feb  1 20:52:29 2026
Results reported at Sun Feb  1 20:52:29 2026

Your job looked like:

------------------------------------------------------------
# LSBATCH: User input
#!/bin/sh
#BSUB -q gpua100
#BSUB -J gtn-popularity
#BSUB -W 24:00
#BSUB -n 4
#BSUB -gpu "num=1:mode=exclusive_process"
#BSUB -R "rusage[mem=300MB]"
#BSUB -R "span[hosts=1]"
#BSUB -o logs/gtn-popularity_%J.out
#BSUB -e logs/gtn-popularity_%J.err
#BSUB -u nicci@dtu.dk

export HOME=/zhome/6b/e/212868

cd $HOME/GTN
source .venv/bin/activate

set -a
source $HOME/aim
set +a

python experiments/run_grid_search_gtn.py --config experiments/configs/uci_gtn_popularity.json --output-dir results/gtn_popularity

------------------------------------------------------------

Successfully completed.

Resource usage summary:

    CPU time :                                   59486.68 sec.
    Max Memory :                                 883 MB
    Average Memory :                             868.60 MB
    Total Requested Memory :                     1200.00 MB
    Delta Memory :                               317.00 MB
    Max Swap :                                   -
    Max Processes :                              4
    Max Threads :                                15
    Run time :                                   59528 sec.
    Turnaround time :                            279763 sec.

The output (if any) is above this job summary.



PS:

Read file <logs/gtn-popularity_27708115.err> for stderr output of this job.

