======================================================================
EXPERIMENT PLAN SUMMARY
======================================================================
Total experiments: 360
Grid combinations: 72
Seeds per combination: 5

Parameter Grid:
  model: ['LMPO2', 'LMPO2TypeI'] (n=2)
  L: [3, 4] (n=2)
  bond_dim: [8, 12, 16] (n=3)
  jitter_start: [5.0, 0.1] (n=2)
  reduction_factor: [0.1, 0.3, 0.5] (n=3)

Fixed Parameters:
  batch_size: 1024
  n_epochs: 15
  jitter_decay: 0.25
  adaptive_jitter: False
  patience: 4
  min_delta: 1e-06
  train_selection: True
  init_strength: 0.01
  bond_dim_mpo: 2

Example runs (first 5):
  1. LMPO2-L3-d8-jit5-rf0.1-seed42
  2. LMPO2-L3-d8-jit5-rf0.1-seed7
  3. LMPO2-L3-d8-jit5-rf0.1-seed123
  4. LMPO2-L3-d8-jit5-rf0.1-seed256
  5. LMPO2-L3-d8-jit5-rf0.1-seed999
  ... (355 more)

Loading dataset: bank...
  Dataset: bank
  Train: 31647 samples
  Val: 6782 samples
  Test: 6782 samples
  Features: 33 (+1 bias = 33)
  Task: classification
  Device: cuda


[2/360] Running: LMPO2-L3-d8-jit5-rf0.1-seed7
  AIM run started: cd4fb130e9ac4a809bc2f954
  AIM run finalized: cd4fb130e9ac4a809bc2f954
  Experiment log saved to: experiment_logs/ntn_bank_LMPO2_L3_d8_j5_s7.json
  ✓ Test: Acc=0.4679 | Val: Acc=N/A (singular)

[3/360] Running: LMPO2-L3-d8-jit5-rf0.1-seed123
  AIM run started: 458727da399a48469d4e7575
  AIM run finalized: 458727da399a48469d4e7575
  Experiment log saved to: experiment_logs/ntn_bank_LMPO2_L3_d8_j5_s123.json
  ✓ Test: Acc=0.5041 | Val: Acc=N/A (singular)

[4/360] Running: LMPO2-L3-d8-jit5-rf0.1-seed256
  AIM run started: 6f08e9715e8840778b3cfe05
  AIM run finalized: 6f08e9715e8840778b3cfe05
  Experiment log saved to: experiment_logs/ntn_bank_LMPO2_L3_d8_j5_s256.json
  ✓ Test: Acc=0.6187 | Val: Acc=N/A (singular)

[5/360] Running: LMPO2-L3-d8-jit5-rf0.1-seed999
  AIM run started: 21ecdbc5920145baadf65ba5
  AIM run finalized: 21ecdbc5920145baadf65ba5
  Experiment log saved to: experiment_logs/ntn_bank_LMPO2_L3_d8_j5_s999.json
  ✓ Test: Acc=0.6881 | Val: Acc=N/A (singular)

[6/360] Running: LMPO2-L3-d8-jit5-rf0.3-seed42
  AIM run started: d1b94e24e5fd4b09938aa02f
  AIM run finalized: d1b94e24e5fd4b09938aa02f
  Experiment log saved to: experiment_logs/ntn_bank_LMPO2_L3_d8_j5_s42.json
  ✓ Test: Acc=0.6392 | Val: Acc=N/A (singular)

[7/360] Running: LMPO2-L3-d8-jit5-rf0.3-seed7
  AIM run started: a176f75ac49343f486f42a62
  AIM run finalized: a176f75ac49343f486f42a62
  Experiment log saved to: experiment_logs/ntn_bank_LMPO2_L3_d8_j5_s7.json
  ✓ Test: Acc=0.7138 | Val: Acc=N/A (singular)

[8/360] Running: LMPO2-L3-d8-jit5-rf0.3-seed123
  AIM run started: 597a699e87234ad093d106ef
  AIM run finalized: 597a699e87234ad093d106ef
  Experiment log saved to: experiment_logs/ntn_bank_LMPO2_L3_d8_j5_s123.json
  ✓ Test: Acc=0.5367 | Val: Acc=N/A (singular)

[9/360] Running: LMPO2-L3-d8-jit5-rf0.3-seed256
  AIM run started: 79c3c94f08164f5ea4a4dd08
  AIM run finalized: 79c3c94f08164f5ea4a4dd08
  Experiment log saved to: experiment_logs/ntn_bank_LMPO2_L3_d8_j5_s256.json
  ✓ Test: Acc=0.7878 | Val: Acc=N/A (singular)

[10/360] Running: LMPO2-L3-d8-jit5-rf0.3-seed999
  AIM run started: e8e5bb748db943a98b865ca0
  AIM run finalized: e8e5bb748db943a98b865ca0
  Experiment log saved to: experiment_logs/ntn_bank_LMPO2_L3_d8_j5_s999.json
  ✓ Test: Acc=0.5100 | Val: Acc=N/A (singular)

[11/360] Running: LMPO2-L3-d8-jit5-rf0.5-seed42
  AIM run started: 30347c4288504449a7525e0c
  AIM run finalized: 30347c4288504449a7525e0c
  Experiment log saved to: experiment_logs/ntn_bank_LMPO2_L3_d8_j5_s42.json
  ✓ Test: Acc=0.6738 | Val: Acc=N/A (singular)

[12/360] Running: LMPO2-L3-d8-jit5-rf0.5-seed7
  AIM run started: f379026d54744be88274bc3c
  AIM run finalized: f379026d54744be88274bc3c
  Experiment log saved to: experiment_logs/ntn_bank_LMPO2_L3_d8_j5_s7.json
  ✓ Test: Acc=0.7794 | Val: Acc=N/A (singular)

[13/360] Running: LMPO2-L3-d8-jit5-rf0.5-seed123
  AIM run started: 2b0a1934caf54dce9ec8876b
  AIM run finalized: 2b0a1934caf54dce9ec8876b
  Experiment log saved to: experiment_logs/ntn_bank_LMPO2_L3_d8_j5_s123.json
  ✓ Test: Acc=0.8315 | Val: Acc=N/A (singular)

[14/360] Running: LMPO2-L3-d8-jit5-rf0.5-seed256
  AIM run started: 5507936efa1546edbf77db00
  AIM run finalized: 5507936efa1546edbf77db00
  Experiment log saved to: experiment_logs/ntn_bank_LMPO2_L3_d8_j5_s256.json
  ✓ Test: Acc=0.5811 | Val: Acc=N/A (singular)

[15/360] Running: LMPO2-L3-d8-jit5-rf0.5-seed999
  AIM run started: 63b8870595fa4a82b8f16ee6
  AIM run finalized: 63b8870595fa4a82b8f16ee6
  Experiment log saved to: experiment_logs/ntn_bank_LMPO2_L3_d8_j5_s999.json
  ✓ Test: Acc=0.8366 | Val: Acc=N/A (singular)

[16/360] Running: LMPO2-L3-d8-jit0.1-rf0.1-seed42
  AIM run started: e66067916bde40e39e7f61d5
  AIM run finalized: e66067916bde40e39e7f61d5
  Experiment log saved to: experiment_logs/ntn_bank_LMPO2_L3_d8_j0.1_s42.json
  ✓ Test: Acc=0.5605 | Val: Acc=N/A (singular)

[17/360] Running: LMPO2-L3-d8-jit0.1-rf0.1-seed7
  AIM run started: 30b1f13b33c243cc92128ba2
  AIM run finalized: 30b1f13b33c243cc92128ba2
  Experiment log saved to: experiment_logs/ntn_bank_LMPO2_L3_d8_j0.1_s7.json
  ✓ Test: Acc=0.4679 | Val: Acc=N/A (singular)

[18/360] Running: LMPO2-L3-d8-jit0.1-rf0.1-seed123
  AIM run started: ec4690ce302d47a68ed5713a
  AIM run finalized: ec4690ce302d47a68ed5713a
  Experiment log saved to: experiment_logs/ntn_bank_LMPO2_L3_d8_j0.1_s123.json
  ✓ Test: Acc=0.5041 | Val: Acc=N/A (singular)

[19/360] Running: LMPO2-L3-d8-jit0.1-rf0.1-seed256
  AIM run started: 8ec9b915fa1f4a9e93ec7c47
  AIM run finalized: 8ec9b915fa1f4a9e93ec7c47
  Experiment log saved to: experiment_logs/ntn_bank_LMPO2_L3_d8_j0.1_s256.json
  ✓ Test: Acc=0.6187 | Val: Acc=N/A (singular)

[20/360] Running: LMPO2-L3-d8-jit0.1-rf0.1-seed999
  AIM run started: b644b3d1adce4f71b3de16f7
  AIM run finalized: b644b3d1adce4f71b3de16f7
  Experiment log saved to: experiment_logs/ntn_bank_LMPO2_L3_d8_j0.1_s999.json
  ✓ Test: Acc=0.6402 | Val: Acc=N/A (singular)

[21/360] Running: LMPO2-L3-d8-jit0.1-rf0.3-seed42
  AIM run started: cac386f3590544c49b06289a
  AIM run finalized: cac386f3590544c49b06289a
  Experiment log saved to: experiment_logs/ntn_bank_LMPO2_L3_d8_j0.1_s42.json
  ✓ Test: Acc=0.6392 | Val: Acc=N/A (singular)

[22/360] Running: LMPO2-L3-d8-jit0.1-rf0.3-seed7
  AIM run started: 7900e623604a49e690fa7e56
  AIM run finalized: 7900e623604a49e690fa7e56
  Experiment log saved to: experiment_logs/ntn_bank_LMPO2_L3_d8_j0.1_s7.json
  ✓ Test: Acc=0.3670 | Val: Acc=N/A (singular)

[23/360] Running: LMPO2-L3-d8-jit0.1-rf0.3-seed123
  AIM run started: 3ba3eae62c3f4530a1a9fe83

------------------------------------------------------------
Sender: LSF System <lsfadmin@hpc.dtu.dk>
Subject: Job 27716562: <ntn-bank> in cluster <dcc> Exited

Job <ntn-bank> was submitted from host <hpclogin1> by user <nicci> in cluster <dcc> at Mon Feb  2 09:45:13 2026
Job was executed on host(s) <4*n-62-18-8>, in queue <gpua100>, as user <nicci> in cluster <dcc> at Wed Feb  4 03:58:18 2026
</zhome/6b/e/212868> was used as the home directory.
</zhome/6b/e/212868/GTN> was used as the working directory.
Started at Wed Feb  4 03:58:18 2026
Terminated at Wed Feb  4 04:00:25 2026
Results reported at Wed Feb  4 04:00:25 2026

Your job looked like:

------------------------------------------------------------
# LSBATCH: User input
#!/bin/sh
#BSUB -q gpua100
#BSUB -J ntn-bank
#BSUB -W 24:00
#BSUB -n 4
#BSUB -gpu "num=1:mode=exclusive_process"
#BSUB -R "rusage[mem=500MB]"
#BSUB -R "span[hosts=1]"
#BSUB -o logs/ntn-bank_%J.out
#BSUB -e logs/ntn-bank_%J.err
#BSUB -u nicci@dtu.dk

export HOME=/zhome/6b/e/212868

cd $HOME/GTN
source .venv/bin/activate

set -a
source $HOME/aim
set +a

python experiments/run_grid_search.py --config experiments/configs/uci_ntn_bank_lmpo2.json 

------------------------------------------------------------

Exited with exit code 137.

Resource usage summary:

    CPU time :                                   43.11 sec.
    Max Memory :                                 979 MB
    Average Memory :                             818.67 MB
    Total Requested Memory :                     2000.00 MB
    Delta Memory :                               1021.00 MB
    Max Swap :                                   -
    Max Processes :                              4
    Max Threads :                                15
    Run time :                                   127 sec.
    Turnaround time :                            152112 sec.

The output (if any) is above this job summary.



PS:

Read file <logs/ntn-bank_27716562.err> for stderr output of this job.

