======================================================================
EXPERIMENT PLAN SUMMARY
======================================================================
Total experiments: 360
Grid combinations: 72
Seeds per combination: 5

Parameter Grid:
  model: ['LMPO2', 'LMPO2TypeI'] (n=2)
  L: [3, 4] (n=2)
  bond_dim: [8, 12, 16] (n=3)
  jitter_start: [5.0, 0.1] (n=2)
  reduction_factor: [0.1, 0.3, 0.5] (n=3)

Fixed Parameters:
  batch_size: 1024
  n_epochs: 15
  jitter_decay: 0.25
  adaptive_jitter: False
  patience: 4
  min_delta: 1e-06
  train_selection: True
  init_strength: 0.01
  bond_dim_mpo: 2

Example runs (first 5):
  1. LMPO2-L3-d8-jit5-rf0.1-seed42
  2. LMPO2-L3-d8-jit5-rf0.1-seed7
  3. LMPO2-L3-d8-jit5-rf0.1-seed123
  4. LMPO2-L3-d8-jit5-rf0.1-seed256
  5. LMPO2-L3-d8-jit5-rf0.1-seed999
  ... (355 more)

Loading dataset: seoulBike...

------------------------------------------------------------
Sender: LSF System <lsfadmin@hpc.dtu.dk>
Subject: Job 27697298: <ntn-seoulBike> in cluster <dcc> Exited

Job <ntn-seoulBike> was submitted from host <hpclogin1> by user <nicci> in cluster <dcc> at Tue Jan 27 14:46:16 2026
Job was executed on host(s) <8*n-62-11-13>, in queue <gpuv100>, as user <nicci> in cluster <dcc> at Thu Jan 29 06:03:24 2026
</zhome/6b/e/212868> was used as the home directory.
</zhome/6b/e/212868/GTN> was used as the working directory.
Started at Thu Jan 29 06:03:24 2026
Terminated at Thu Jan 29 06:03:34 2026
Results reported at Thu Jan 29 06:03:34 2026

Your job looked like:

------------------------------------------------------------
# LSBATCH: User input
#!/bin/sh
#BSUB -q gpuv100
#BSUB -J ntn-seoulBike
#BSUB -W 12:00
#BSUB -n 8
#BSUB -gpu "num=1:mode=exclusive_process"
#BSUB -R "rusage[mem=32GB]"
#BSUB -R "span[hosts=1]"
#BSUB -o logs/ntn-seoulBike_%J.out
#BSUB -e logs/ntn-seoulBike_%J.err
#BSUB -u nicci@dtu.dk

export HOME=/zhome/6b/e/212868

cd $HOME/GTN
source .venv/bin/activate

set -a
source $HOME/aim
set +a

python experiments/run_grid_search.py --config experiments/configs/uci_ntn_seoulBike_lmpo2.json 

------------------------------------------------------------

Exited with exit code 1.

Resource usage summary:

    CPU time :                                   4.95 sec.
    Max Memory :                                 -
    Average Memory :                             -
    Total Requested Memory :                     262144.00 MB
    Delta Memory :                               -
    Max Swap :                                   -
    Max Processes :                              -
    Max Threads :                                -
    Run time :                                   78 sec.
    Turnaround time :                            141438 sec.

The output (if any) is above this job summary.



PS:

Read file <logs/ntn-seoulBike_27697298.err> for stderr output of this job.

