======================================================================
EXPERIMENT PLAN SUMMARY
======================================================================
Total experiments: 60
Grid combinations: 12
Seeds per combination: 5

Parameter Grid:
  model: ['MPO2', 'MPO2TypeI', 'MMPO2', 'MMPO2TypeI'] (n=4)
  L: [3] (n=1)
  bond_dim: [8, 12, 16] (n=3)
  jitter_start: [5.0] (n=1)

Fixed Parameters:
  batch_size: 512
  n_epochs: 100
  jitter_decay: 0.25
  adaptive_jitter: False
  patience: 10
  min_delta: 1e-05
  train_selection: True
  init_strength: 0.01

Example runs (first 5):
  1. MPO2-L3-d8-jit5-seed42
  2. MPO2-L3-d8-jit5-seed7
  3. MPO2-L3-d8-jit5-seed123
  4. MPO2-L3-d8-jit5-seed256
  5. MPO2-L3-d8-jit5-seed999
  ... (55 more)

Loading dataset: appliances...
  Dataset: appliances
  Train: 13814 samples
  Val: 2960 samples
  Test: 2961 samples
  Features: 27 (+1 bias = 27)
  Task: regression
  Device: cuda


[6/60] Running: MPO2-L3-d12-jit5-seed42
  AIM run started: 0a6789a7e3fe47d2b2d322fb

------------------------------------------------------------
Sender: LSF System <lsfadmin@hpc.dtu.dk>
Subject: Job 27742020: <ntn-appliances> in cluster <dcc> Exited

Job <ntn-appliances> was submitted from host <hpclogin1> by user <nicci> in cluster <dcc> at Fri Feb  6 09:30:06 2026
Job was executed on host(s) <4*n-62-18-9>, in queue <gpua100>, as user <nicci> in cluster <dcc> at Fri Feb  6 09:32:53 2026
</zhome/6b/e/212868> was used as the home directory.
</zhome/6b/e/212868/GTN> was used as the working directory.
Started at Fri Feb  6 09:32:53 2026
Terminated at Fri Feb  6 09:33:26 2026
Results reported at Fri Feb  6 09:33:26 2026

Your job looked like:

------------------------------------------------------------
# LSBATCH: User input
#!/bin/sh
#BSUB -q gpua100
#BSUB -J ntn-appliances
#BSUB -W 24:00
#BSUB -n 4
#BSUB -gpu "num=1:mode=exclusive_process"
#BSUB -R "rusage[mem=500MB]"
#BSUB -R "span[hosts=1]"
#BSUB -o logs/ntn-appliances_%J.out
#BSUB -e logs/ntn-appliances_%J.err
#BSUB -u nicci@dtu.dk

export HOME=/zhome/6b/e/212868

cd $HOME/GTN
source .venv/bin/activate

set -a
source $HOME/aim
set +a

python experiments/run_grid_search.py --config experiments/configs/uci_ntn_appliances.json 

------------------------------------------------------------

Exited with exit code 137.

Resource usage summary:

    CPU time :                                   11.68 sec.
    Max Memory :                                 439 MB
    Average Memory :                             439.00 MB
    Total Requested Memory :                     2000.00 MB
    Delta Memory :                               1561.00 MB
    Max Swap :                                   -
    Max Processes :                              4
    Max Threads :                                6
    Run time :                                   33 sec.
    Turnaround time :                            200 sec.

The output (if any) is above this job summary.



PS:

Read file <logs/ntn-appliances_27742020.err> for stderr output of this job.

