======================================================================
EXPERIMENT PLAN SUMMARY
======================================================================
Total experiments: 180
Grid combinations: 36
Seeds per combination: 5

Parameter Grid:
  model: ['LMPO2', 'LMPO2TypeI'] (n=2)
  L: [3, 4] (n=2)
  bond_dim: [8, 12, 16] (n=3)
  jitter_start: [5.0] (n=1)
  reduction_factor: [0.1, 0.3, 0.5] (n=3)

Fixed Parameters:
  batch_size: 1024
  n_epochs: 100
  jitter_decay: 0.25
  adaptive_jitter: False
  patience: 10
  min_delta: 1e-06
  train_selection: True
  init_strength: 0.01
  bond_dim_mpo: 1

Example runs (first 5):
  1. LMPO2-L3-d8-jit5-rf0.1-seed42
  2. LMPO2-L3-d8-jit5-rf0.1-seed7
  3. LMPO2-L3-d8-jit5-rf0.1-seed123
  4. LMPO2-L3-d8-jit5-rf0.1-seed256
  5. LMPO2-L3-d8-jit5-rf0.1-seed999
  ... (175 more)

Loading dataset: wine...
  Dataset: wine
  Train: 124 samples
  Val: 27 samples
  Test: 27 samples
  Features: 13 (+1 bias = 13)
  Task: classification
  Device: cuda


[102/180] Running: LMPO2TypeI-L3-d8-jit5-rf0.5-seed7
  AIM run started: 82edceed1872405f8480b1ba
  AIM run finalized: 82edceed1872405f8480b1ba
  Experiment log saved to: experiment_logs/ntn_wine_LMPO2TypeI_L3_d8_j5_s7.json
  ✗ FAILED: Unknown error

[103/180] Running: LMPO2TypeI-L3-d8-jit5-rf0.5-seed123
  AIM run started: 5bfe80433269448896ec5f09
  AIM run finalized: 5bfe80433269448896ec5f09
  Experiment log saved to: experiment_logs/ntn_wine_LMPO2TypeI_L3_d8_j5_s123.json
  ✗ FAILED: Unknown error

[104/180] Running: LMPO2TypeI-L3-d8-jit5-rf0.5-seed256
  AIM run started: d04600b50baa467688dd24f2
  AIM run finalized: d04600b50baa467688dd24f2
  Experiment log saved to: experiment_logs/ntn_wine_LMPO2TypeI_L3_d8_j5_s256.json
  ✗ FAILED: Unknown error

[105/180] Running: LMPO2TypeI-L3-d8-jit5-rf0.5-seed999
  AIM run started: 81d87f0683bd4321b493d0ce
  AIM run finalized: 81d87f0683bd4321b493d0ce
  Experiment log saved to: experiment_logs/ntn_wine_LMPO2TypeI_L3_d8_j5_s999.json
  ✗ FAILED: Unknown error

[106/180] Running: LMPO2TypeI-L3-d12-jit5-rf0.1-seed42
  AIM run started: 37d41cbd4b954829a6764594
  AIM run finalized: 37d41cbd4b954829a6764594
  Experiment log saved to: experiment_logs/ntn_wine_LMPO2TypeI_L3_d12_j5_s42.json
  ✗ FAILED: Unknown error

[107/180] Running: LMPO2TypeI-L3-d12-jit5-rf0.1-seed7
  AIM run started: f397bb922f4b4e668e0b46d3
  AIM run finalized: f397bb922f4b4e668e0b46d3
  Experiment log saved to: experiment_logs/ntn_wine_LMPO2TypeI_L3_d12_j5_s7.json
  ✗ FAILED: Unknown error

[108/180] Running: LMPO2TypeI-L3-d12-jit5-rf0.1-seed123
  AIM run started: 2980780af23545ab8cca21ec
  AIM run finalized: 2980780af23545ab8cca21ec
  Experiment log saved to: experiment_logs/ntn_wine_LMPO2TypeI_L3_d12_j5_s123.json
  ✗ FAILED: Unknown error

[109/180] Running: LMPO2TypeI-L3-d12-jit5-rf0.1-seed256
  AIM run started: 6b62597e0a1147d389c379b5
  AIM run finalized: 6b62597e0a1147d389c379b5
  Experiment log saved to: experiment_logs/ntn_wine_LMPO2TypeI_L3_d12_j5_s256.json
  ✗ FAILED: Unknown error

[110/180] Running: LMPO2TypeI-L3-d12-jit5-rf0.1-seed999
  AIM run started: a4e87275bf88473d9d95c0f1
  AIM run finalized: a4e87275bf88473d9d95c0f1
  Experiment log saved to: experiment_logs/ntn_wine_LMPO2TypeI_L3_d12_j5_s999.json
  ✗ FAILED: Unknown error

[111/180] Running: LMPO2TypeI-L3-d12-jit5-rf0.3-seed42
  AIM run started: 6d05737e3ca74d47acbf35aa
  AIM run finalized: 6d05737e3ca74d47acbf35aa
  Experiment log saved to: experiment_logs/ntn_wine_LMPO2TypeI_L3_d12_j5_s42.json
  ✗ FAILED: Unknown error

[112/180] Running: LMPO2TypeI-L3-d12-jit5-rf0.3-seed7
  AIM run started: fcc7e23d72bf4d41a89093c3
  AIM run finalized: fcc7e23d72bf4d41a89093c3
  Experiment log saved to: experiment_logs/ntn_wine_LMPO2TypeI_L3_d12_j5_s7.json
  ✗ FAILED: Unknown error

[113/180] Running: LMPO2TypeI-L3-d12-jit5-rf0.3-seed123
  AIM run started: 98b8bf28d31b49f6be4295e4

------------------------------------------------------------
Sender: LSF System <lsfadmin@hpc.dtu.dk>
Subject: Job 27742053: <ntn-wine> in cluster <dcc> Exited

Job <ntn-wine> was submitted from host <hpclogin1> by user <nicci> in cluster <dcc> at Fri Feb  6 09:30:14 2026
Job was executed on host(s) <4*n-62-20-14>, in queue <gpuv100>, as user <nicci> in cluster <dcc> at Fri Feb  6 10:48:32 2026
</zhome/6b/e/212868> was used as the home directory.
</zhome/6b/e/212868/GTN> was used as the working directory.
Started at Fri Feb  6 10:48:32 2026
Terminated at Fri Feb  6 10:50:02 2026
Results reported at Fri Feb  6 10:50:02 2026

Your job looked like:

------------------------------------------------------------
# LSBATCH: User input
#!/bin/sh
#BSUB -q gpuv100
#BSUB -J ntn-wine
#BSUB -W 6:00
#BSUB -n 4
#BSUB -gpu "num=1:mode=exclusive_process"
#BSUB -R "rusage[mem=500MB]"
#BSUB -R "span[hosts=1]"
#BSUB -o logs/ntn-wine_%J.out
#BSUB -e logs/ntn-wine_%J.err
#BSUB -u nicci@dtu.dk

export HOME=/zhome/6b/e/212868

cd $HOME/GTN
source .venv/bin/activate

set -a
source $HOME/aim
set +a

python experiments/run_grid_search.py --config experiments/configs/uci_ntn_wine_lmpo2.json 

------------------------------------------------------------

Exited with exit code 137.

Resource usage summary:

    CPU time :                                   20.21 sec.
    Max Memory :                                 856 MB
    Average Memory :                             726.67 MB
    Total Requested Memory :                     2000.00 MB
    Delta Memory :                               1144.00 MB
    Max Swap :                                   -
    Max Processes :                              4
    Max Threads :                                14
    Run time :                                   193 sec.
    Turnaround time :                            4788 sec.

The output (if any) is above this job summary.



PS:

Read file <logs/ntn-wine_27742053.err> for stderr output of this job.

