======================================================================
EXPERIMENT PLAN SUMMARY
======================================================================
Total experiments: 360
Grid combinations: 72
Seeds per combination: 5

Parameter Grid:
  model: ['LMPO2', 'LMPO2TypeI'] (n=2)
  L: [3, 4] (n=2)
  bond_dim: [8, 12, 16] (n=3)
  jitter_start: [5.0, 0.1] (n=2)
  reduction_factor: [0.1, 0.3, 0.5] (n=3)

Fixed Parameters:
  batch_size: 1024
  n_epochs: 15
  jitter_decay: 0.25
  adaptive_jitter: False
  patience: 4
  min_delta: 1e-06
  train_selection: True
  init_strength: 0.01
  bond_dim_mpo: 2

Example runs (first 5):
  1. LMPO2-L3-d8-jit5-rf0.1-seed42
  2. LMPO2-L3-d8-jit5-rf0.1-seed7
  3. LMPO2-L3-d8-jit5-rf0.1-seed123
  4. LMPO2-L3-d8-jit5-rf0.1-seed256
  5. LMPO2-L3-d8-jit5-rf0.1-seed999
  ... (355 more)

Loading dataset: abalone...
  Dataset: abalone
  Train: 2923 samples
  Val: 627 samples
  Test: 627 samples
  Features: 11 (+1 bias = 11)
  Task: regression
  Device: cuda


[13/360] Running: LMPO2-L3-d8-jit5-rf0.5-seed123
  AIM run started: a42c331c9705488984e4b1df
  AIM run finalized: a42c331c9705488984e4b1df
  Experiment log saved to: experiment_logs/ntn_abalone_LMPO2_L3_d8_j5_s123.json
  ✓ Test: R²=0.5852 | Val: R²=0.5217

[14/360] Running: LMPO2-L3-d8-jit5-rf0.5-seed256
  AIM run started: 65a2bd9dccf44685933d5200
  AIM run finalized: 65a2bd9dccf44685933d5200
  Experiment log saved to: experiment_logs/ntn_abalone_LMPO2_L3_d8_j5_s256.json
  ✓ Test: R²=0.5956 | Val: R²=0.5269

[15/360] Running: LMPO2-L3-d8-jit5-rf0.5-seed999
  AIM run started: 4875c13a13584521b2661945
  AIM run finalized: 4875c13a13584521b2661945
  Experiment log saved to: experiment_logs/ntn_abalone_LMPO2_L3_d8_j5_s999.json
  ✓ Test: R²=0.5768 | Val: R²=0.5122

[16/360] Running: LMPO2-L3-d8-jit0.1-rf0.1-seed42
  AIM run started: 2f6a73312ab94b50a95aa32f
  AIM run finalized: 2f6a73312ab94b50a95aa32f
  Experiment log saved to: experiment_logs/ntn_abalone_LMPO2_L3_d8_j0.1_s42.json
  ✓ Test: R²=0.5935 | Val: R²=0.5322

[17/360] Running: LMPO2-L3-d8-jit0.1-rf0.1-seed7
  AIM run started: 4eb5dc93211f4cacb1d5cfa8
  AIM run finalized: 4eb5dc93211f4cacb1d5cfa8
  Experiment log saved to: experiment_logs/ntn_abalone_LMPO2_L3_d8_j0.1_s7.json
  ✓ Test: R²=0.5735 | Val: R²=0.5166

[18/360] Running: LMPO2-L3-d8-jit0.1-rf0.1-seed123
  AIM run started: 2627019e219b4b88afa7874a
  AIM run finalized: 2627019e219b4b88afa7874a
  Experiment log saved to: experiment_logs/ntn_abalone_LMPO2_L3_d8_j0.1_s123.json
  ✓ Test: R²=0.5635 | Val: R²=0.5202

[19/360] Running: LMPO2-L3-d8-jit0.1-rf0.1-seed256
  AIM run started: 50c44128bb3e4a38bd2e37cd
  AIM run finalized: 50c44128bb3e4a38bd2e37cd
  Experiment log saved to: experiment_logs/ntn_abalone_LMPO2_L3_d8_j0.1_s256.json
  ✓ Test: R²=0.6017 | Val: R²=0.5297

[20/360] Running: LMPO2-L3-d8-jit0.1-rf0.1-seed999
  AIM run started: 8b32e1db77454da198869189
  AIM run finalized: 8b32e1db77454da198869189
  Experiment log saved to: experiment_logs/ntn_abalone_LMPO2_L3_d8_j0.1_s999.json
  ✓ Test: R²=0.5721 | Val: R²=0.5374

[21/360] Running: LMPO2-L3-d8-jit0.1-rf0.3-seed42
  AIM run started: e7f96539c9c94d0390f13bac
  AIM run finalized: e7f96539c9c94d0390f13bac
  Experiment log saved to: experiment_logs/ntn_abalone_LMPO2_L3_d8_j0.1_s42.json
  ✓ Test: R²=0.5990 | Val: R²=0.5319

[22/360] Running: LMPO2-L3-d8-jit0.1-rf0.3-seed7
  AIM run started: 88c052e1851e4a908de9aa1e
  AIM run finalized: 88c052e1851e4a908de9aa1e
  Experiment log saved to: experiment_logs/ntn_abalone_LMPO2_L3_d8_j0.1_s7.json
  ✓ Test: R²=0.5757 | Val: R²=0.5210

[23/360] Running: LMPO2-L3-d8-jit0.1-rf0.3-seed123
  AIM run started: 28355bce7db44a73a4683308
  AIM run finalized: 28355bce7db44a73a4683308
  Experiment log saved to: experiment_logs/ntn_abalone_LMPO2_L3_d8_j0.1_s123.json
  ✓ Test: R²=0.5914 | Val: R²=0.5227

[24/360] Running: LMPO2-L3-d8-jit0.1-rf0.3-seed256
  AIM run started: a0db55f99a55477cbed2ff20
  AIM run finalized: a0db55f99a55477cbed2ff20
  Experiment log saved to: experiment_logs/ntn_abalone_LMPO2_L3_d8_j0.1_s256.json
  ✓ Test: R²=0.5979 | Val: R²=0.5358

[25/360] Running: LMPO2-L3-d8-jit0.1-rf0.3-seed999
  AIM run started: dc32331e4c434e75878764ae
  AIM run finalized: dc32331e4c434e75878764ae
  Experiment log saved to: experiment_logs/ntn_abalone_LMPO2_L3_d8_j0.1_s999.json
  ✓ Test: R²=0.5866 | Val: R²=0.5344

[26/360] Running: LMPO2-L3-d8-jit0.1-rf0.5-seed42
  AIM run started: 3b20233ce6e1467bbd368ec4
  AIM run finalized: 3b20233ce6e1467bbd368ec4
  Experiment log saved to: experiment_logs/ntn_abalone_LMPO2_L3_d8_j0.1_s42.json
  ✓ Test: R²=0.5945 | Val: R²=0.5227

[27/360] Running: LMPO2-L3-d8-jit0.1-rf0.5-seed7
  AIM run started: 3f49f22497c84235ae124589
  AIM run finalized: 3f49f22497c84235ae124589
  Experiment log saved to: experiment_logs/ntn_abalone_LMPO2_L3_d8_j0.1_s7.json
  ✓ Test: R²=0.5761 | Val: R²=0.5260

[28/360] Running: LMPO2-L3-d8-jit0.1-rf0.5-seed123
  AIM run started: 4f05c49b92cb445d84affd68
  AIM run finalized: 4f05c49b92cb445d84affd68
  Experiment log saved to: experiment_logs/ntn_abalone_LMPO2_L3_d8_j0.1_s123.json
  ✓ Test: R²=0.5967 | Val: R²=0.5251

[29/360] Running: LMPO2-L3-d8-jit0.1-rf0.5-seed256
  AIM run started: 05f084cb3c8543bfbf329dd9
  AIM run finalized: 05f084cb3c8543bfbf329dd9
  Experiment log saved to: experiment_logs/ntn_abalone_LMPO2_L3_d8_j0.1_s256.json
  ✓ Test: R²=0.5877 | Val: R²=0.5297

[30/360] Running: LMPO2-L3-d8-jit0.1-rf0.5-seed999
  AIM run started: c43a5d3be04b4d4caa7f15d1
  AIM run finalized: c43a5d3be04b4d4caa7f15d1
  Experiment log saved to: experiment_logs/ntn_abalone_LMPO2_L3_d8_j0.1_s999.json
  ✓ Test: R²=0.5993 | Val: R²=0.5337

[31/360] Running: LMPO2-L3-d12-jit5-rf0.1-seed42
  AIM run started: 525d9068acff4cdb90a71353
  AIM run finalized: 525d9068acff4cdb90a71353
  Experiment log saved to: experiment_logs/ntn_abalone_LMPO2_L3_d12_j5_s42.json
  ✓ Test: R²=0.5750 | Val: R²=0.5261

[32/360] Running: LMPO2-L3-d12-jit5-rf0.1-seed7
  AIM run started: 98c842e1694d412db6e4059b
  AIM run finalized: 98c842e1694d412db6e4059b
  Experiment log saved to: experiment_logs/ntn_abalone_LMPO2_L3_d12_j5_s7.json
  ✓ Test: R²=0.5582 | Val: R²=0.5227

[33/360] Running: LMPO2-L3-d12-jit5-rf0.1-seed123
  AIM run started: 8400134155744292b715db57
  AIM run finalized: 8400134155744292b715db57
  Experiment log saved to: experiment_logs/ntn_abalone_LMPO2_L3_d12_j5_s123.json
  ✓ Test: R²=0.6007 | Val: R²=0.5377

[34/360] Running: LMPO2-L3-d12-jit5-rf0.1-seed256
  AIM run started: ab5c1fbb8528468585969962
  AIM run finalized: ab5c1fbb8528468585969962
  Experiment log saved to: experiment_logs/ntn_abalone_LMPO2_L3_d12_j5_s256.json
  ✓ Test: R²=0.5897 | Val: R²=0.5229

[35/360] Running: LMPO2-L3-d12-jit5-rf0.1-seed999
  AIM run started: 69d0eb1de6f041a4bdcf145c
  AIM run finalized: 69d0eb1de6f041a4bdcf145c
  Experiment log saved to: experiment_logs/ntn_abalone_LMPO2_L3_d12_j5_s999.json
  ✓ Test: R²=0.5895 | Val: R²=0.5230

[36/360] Running: LMPO2-L3-d12-jit5-rf0.3-seed42
  AIM run started: f617105acbf643df98408861
  AIM run finalized: f617105acbf643df98408861
  Experiment log saved to: experiment_logs/ntn_abalone_LMPO2_L3_d12_j5_s42.json
  ✓ Test: R²=0.6001 | Val: R²=0.5335

[37/360] Running: LMPO2-L3-d12-jit5-rf0.3-seed7
  AIM run started: 15698b09dd354897b1c4a0df
  AIM run finalized: 15698b09dd354897b1c4a0df
  Experiment log saved to: experiment_logs/ntn_abalone_LMPO2_L3_d12_j5_s7.json
  ✓ Test: R²=0.5782 | Val: R²=0.5233

[38/360] Running: LMPO2-L3-d12-jit5-rf0.3-seed123
  AIM run started: 65a514389d1146dabd433db5
  AIM run finalized: 65a514389d1146dabd433db5
  Experiment log saved to: experiment_logs/ntn_abalone_LMPO2_L3_d12_j5_s123.json
  ✓ Test: R²=0.6022 | Val: R²=0.5302

[39/360] Running: LMPO2-L3-d12-jit5-rf0.3-seed256
  AIM run started: c2932b70b4844ddfaa50d2b3
  AIM run finalized: c2932b70b4844ddfaa50d2b3
  Experiment log saved to: experiment_logs/ntn_abalone_LMPO2_L3_d12_j5_s256.json
  ✓ Test: R²=0.5793 | Val: R²=0.5242

[40/360] Running: LMPO2-L3-d12-jit5-rf0.3-seed999
  AIM run started: a240a4c9a5fb43e8a962dc4d
  AIM run finalized: a240a4c9a5fb43e8a962dc4d
  Experiment log saved to: experiment_logs/ntn_abalone_LMPO2_L3_d12_j5_s999.json
  ✓ Test: R²=0.5924 | Val: R²=0.5310

[41/360] Running: LMPO2-L3-d12-jit5-rf0.5-seed42
  AIM run started: 9160a0f46a554deea89942c0

------------------------------------------------------------
Sender: LSF System <lsfadmin@hpc.dtu.dk>
Subject: Job 27716554: <ntn-abalone> in cluster <dcc> Exited

Job <ntn-abalone> was submitted from host <hpclogin1> by user <nicci> in cluster <dcc> at Mon Feb  2 09:45:11 2026
Job was executed on host(s) <4*n-62-12-23>, in queue <gpua100>, as user <nicci> in cluster <dcc> at Wed Feb  4 03:46:59 2026
</zhome/6b/e/212868> was used as the home directory.
</zhome/6b/e/212868/GTN> was used as the working directory.
Started at Wed Feb  4 03:46:59 2026
Terminated at Wed Feb  4 03:51:00 2026
Results reported at Wed Feb  4 03:51:00 2026

Your job looked like:

------------------------------------------------------------
# LSBATCH: User input
#!/bin/sh
#BSUB -q gpua100
#BSUB -J ntn-abalone
#BSUB -W 24:00
#BSUB -n 4
#BSUB -gpu "num=1:mode=exclusive_process"
#BSUB -R "rusage[mem=500MB]"
#BSUB -R "span[hosts=1]"
#BSUB -o logs/ntn-abalone_%J.out
#BSUB -e logs/ntn-abalone_%J.err
#BSUB -u nicci@dtu.dk

export HOME=/zhome/6b/e/212868

cd $HOME/GTN
source .venv/bin/activate

set -a
source $HOME/aim
set +a

python experiments/run_grid_search.py --config experiments/configs/uci_ntn_abalone_lmpo2.json 

------------------------------------------------------------

Exited with exit code 137.

Resource usage summary:

    CPU time :                                   52.11 sec.
    Max Memory :                                 1555 MB
    Average Memory :                             1363.50 MB
    Total Requested Memory :                     2000.00 MB
    Delta Memory :                               445.00 MB
    Max Swap :                                   -
    Max Processes :                              4
    Max Threads :                                15
    Run time :                                   241 sec.
    Turnaround time :                            151549 sec.

The output (if any) is above this job summary.



PS:

Read file <logs/ntn-abalone_27716554.err> for stderr output of this job.

