======================================================================
EXPERIMENT PLAN SUMMARY
======================================================================
Total experiments: 180
Grid combinations: 36
Seeds per combination: 5

Parameter Grid:
  model: ['LMPO2', 'LMPO2TypeI'] (n=2)
  L: [3, 4] (n=2)
  bond_dim: [8, 12, 16] (n=3)
  jitter_start: [5.0] (n=1)
  reduction_factor: [0.1, 0.3, 0.5] (n=3)

Fixed Parameters:
  batch_size: 1024
  n_epochs: 100
  jitter_decay: 0.25
  adaptive_jitter: False
  patience: 10
  min_delta: 1e-06
  train_selection: True
  init_strength: 0.01
  bond_dim_mpo: 1

Example runs (first 5):
  1. LMPO2-L3-d8-jit5-rf0.1-seed42
  2. LMPO2-L3-d8-jit5-rf0.1-seed7
  3. LMPO2-L3-d8-jit5-rf0.1-seed123
  4. LMPO2-L3-d8-jit5-rf0.1-seed256
  5. LMPO2-L3-d8-jit5-rf0.1-seed999
  ... (175 more)

Loading dataset: hearth...
  Dataset: hearth
  Train: 212 samples
  Val: 45 samples
  Test: 46 samples
  Features: 11 (+1 bias = 11)
  Task: classification
  Device: cuda


[89/180] Running: LMPO2-L4-d16-jit5-rf0.5-seed256
  AIM run started: 289b99028d9f4e52ba4872a1
  AIM run finalized: 289b99028d9f4e52ba4872a1
  Experiment log saved to: experiment_logs/ntn_hearth_LMPO2_L4_d16_j5_s256.json
  ✗ FAILED: Unknown error

[90/180] Running: LMPO2-L4-d16-jit5-rf0.5-seed999
  AIM run started: 2b00b62ffa9849aa88fe3bc3
  AIM run finalized: 2b00b62ffa9849aa88fe3bc3
  Experiment log saved to: experiment_logs/ntn_hearth_LMPO2_L4_d16_j5_s999.json
  ✗ FAILED: Unknown error

[91/180] Running: LMPO2TypeI-L3-d8-jit5-rf0.1-seed42
  AIM run started: 0046914ef41b411bbb82a78c
  AIM run finalized: 0046914ef41b411bbb82a78c
  Experiment log saved to: experiment_logs/ntn_hearth_LMPO2TypeI_L3_d8_j5_s42.json
  ✗ FAILED: Unknown error

[92/180] Running: LMPO2TypeI-L3-d8-jit5-rf0.1-seed7
  AIM run started: 5ed5658564c348bbb9138935
  AIM run finalized: 5ed5658564c348bbb9138935
  Experiment log saved to: experiment_logs/ntn_hearth_LMPO2TypeI_L3_d8_j5_s7.json
  ✗ FAILED: Unknown error

[93/180] Running: LMPO2TypeI-L3-d8-jit5-rf0.1-seed123
  AIM run started: 27a98b32ff164e98a318288d
  AIM run finalized: 27a98b32ff164e98a318288d
  Experiment log saved to: experiment_logs/ntn_hearth_LMPO2TypeI_L3_d8_j5_s123.json
  ✗ FAILED: Unknown error

[94/180] Running: LMPO2TypeI-L3-d8-jit5-rf0.1-seed256
  AIM run started: a1ee0ef773244f7ea9f6a4b8
  AIM run finalized: a1ee0ef773244f7ea9f6a4b8
  Experiment log saved to: experiment_logs/ntn_hearth_LMPO2TypeI_L3_d8_j5_s256.json
  ✗ FAILED: Unknown error

[95/180] Running: LMPO2TypeI-L3-d8-jit5-rf0.1-seed999
  AIM run started: 478efe86050e49899ebddad2
  AIM run finalized: 478efe86050e49899ebddad2
  Experiment log saved to: experiment_logs/ntn_hearth_LMPO2TypeI_L3_d8_j5_s999.json
  ✗ FAILED: Unknown error

[96/180] Running: LMPO2TypeI-L3-d8-jit5-rf0.3-seed42
  AIM run started: 89e215c257cb49599434aee3
  AIM run finalized: 89e215c257cb49599434aee3
  Experiment log saved to: experiment_logs/ntn_hearth_LMPO2TypeI_L3_d8_j5_s42.json
  ✗ FAILED: Unknown error

[97/180] Running: LMPO2TypeI-L3-d8-jit5-rf0.3-seed7
  AIM run started: 9f8cd3e4f0a342fc87c268b5
  AIM run finalized: 9f8cd3e4f0a342fc87c268b5
  Experiment log saved to: experiment_logs/ntn_hearth_LMPO2TypeI_L3_d8_j5_s7.json
  ✗ FAILED: Unknown error

[98/180] Running: LMPO2TypeI-L3-d8-jit5-rf0.3-seed123
  AIM run started: 969f5dac737c49168254e2f3
  AIM run finalized: 969f5dac737c49168254e2f3
  Experiment log saved to: experiment_logs/ntn_hearth_LMPO2TypeI_L3_d8_j5_s123.json
  ✗ FAILED: Unknown error

[99/180] Running: LMPO2TypeI-L3-d8-jit5-rf0.3-seed256
  AIM run started: 312ba05cec4d417bac5c9df6
  AIM run finalized: 312ba05cec4d417bac5c9df6
  Experiment log saved to: experiment_logs/ntn_hearth_LMPO2TypeI_L3_d8_j5_s256.json
  ✗ FAILED: Unknown error

[100/180] Running: LMPO2TypeI-L3-d8-jit5-rf0.3-seed999
  AIM run started: 235c5921cc204a818f4a7205
  AIM run finalized: 235c5921cc204a818f4a7205
  Experiment log saved to: experiment_logs/ntn_hearth_LMPO2TypeI_L3_d8_j5_s999.json
  ✗ FAILED: Unknown error

[101/180] Running: LMPO2TypeI-L3-d8-jit5-rf0.5-seed42
  AIM run started: eaea0de3c8a849a39a5b575a
  AIM run finalized: eaea0de3c8a849a39a5b575a
  Experiment log saved to: experiment_logs/ntn_hearth_LMPO2TypeI_L3_d8_j5_s42.json
  ✗ FAILED: Unknown error

[102/180] Running: LMPO2TypeI-L3-d8-jit5-rf0.5-seed7
  AIM run started: 31c537d1bbf54cd787457697
  AIM run finalized: 31c537d1bbf54cd787457697
  Experiment log saved to: experiment_logs/ntn_hearth_LMPO2TypeI_L3_d8_j5_s7.json
  ✗ FAILED: Unknown error

[103/180] Running: LMPO2TypeI-L3-d8-jit5-rf0.5-seed123
  AIM run started: 9c5d9b5fa4144908a0a05c02
  AIM run finalized: 9c5d9b5fa4144908a0a05c02
  Experiment log saved to: experiment_logs/ntn_hearth_LMPO2TypeI_L3_d8_j5_s123.json
  ✗ FAILED: Unknown error

[104/180] Running: LMPO2TypeI-L3-d8-jit5-rf0.5-seed256
  AIM run started: a21e1d5e7a8749a0ba5e9f86
  AIM run finalized: a21e1d5e7a8749a0ba5e9f86
  Experiment log saved to: experiment_logs/ntn_hearth_LMPO2TypeI_L3_d8_j5_s256.json
  ✗ FAILED: Unknown error

[105/180] Running: LMPO2TypeI-L3-d8-jit5-rf0.5-seed999
  AIM run started: 456ff8603f084f52a667d97d
  AIM run finalized: 456ff8603f084f52a667d97d
  Experiment log saved to: experiment_logs/ntn_hearth_LMPO2TypeI_L3_d8_j5_s999.json
  ✗ FAILED: Unknown error

[106/180] Running: LMPO2TypeI-L3-d12-jit5-rf0.1-seed42
  AIM run started: 96f410b4e685467aa0a7cbff

------------------------------------------------------------
Sender: LSF System <lsfadmin@hpc.dtu.dk>
Subject: Job 27742035: <ntn-hearth> in cluster <dcc> Exited

Job <ntn-hearth> was submitted from host <hpclogin1> by user <nicci> in cluster <dcc> at Fri Feb  6 09:30:10 2026
Job was executed on host(s) <4*n-62-20-14>, in queue <gpuv100>, as user <nicci> in cluster <dcc> at Fri Feb  6 10:10:34 2026
</zhome/6b/e/212868> was used as the home directory.
</zhome/6b/e/212868/GTN> was used as the working directory.
Started at Fri Feb  6 10:10:34 2026
Terminated at Fri Feb  6 10:12:40 2026
Results reported at Fri Feb  6 10:12:40 2026

Your job looked like:

------------------------------------------------------------
# LSBATCH: User input
#!/bin/sh
#BSUB -q gpuv100
#BSUB -J ntn-hearth
#BSUB -W 6:00
#BSUB -n 4
#BSUB -gpu "num=1:mode=exclusive_process"
#BSUB -R "rusage[mem=500MB]"
#BSUB -R "span[hosts=1]"
#BSUB -o logs/ntn-hearth_%J.out
#BSUB -e logs/ntn-hearth_%J.err
#BSUB -u nicci@dtu.dk

export HOME=/zhome/6b/e/212868

cd $HOME/GTN
source .venv/bin/activate

set -a
source $HOME/aim
set +a

python experiments/run_grid_search.py --config experiments/configs/uci_ntn_hearth_lmpo2.json 

------------------------------------------------------------

Exited with exit code 137.

Resource usage summary:

    CPU time :                                   27.70 sec.
    Max Memory :                                 879 MB
    Average Memory :                             829.33 MB
    Total Requested Memory :                     2000.00 MB
    Delta Memory :                               1121.00 MB
    Max Swap :                                   -
    Max Processes :                              4
    Max Threads :                                14
    Run time :                                   126 sec.
    Turnaround time :                            2550 sec.

The output (if any) is above this job summary.



PS:

Read file <logs/ntn-hearth_27742035.err> for stderr output of this job.

