======================================================================
EXPERIMENT PLAN SUMMARY
======================================================================
Total experiments: 360
Grid combinations: 72
Seeds per combination: 5

Parameter Grid:
  model: ['LMPO2', 'LMPO2TypeI'] (n=2)
  L: [3, 4] (n=2)
  bond_dim: [8, 12, 16] (n=3)
  jitter_start: [5.0, 0.1] (n=2)
  reduction_factor: [0.1, 0.3, 0.5] (n=3)

Fixed Parameters:
  output_site: 1
  batch_size: 1024
  n_epochs: 15
  jitter_decay: 0.25
  adaptive_jitter: False
  patience: 4
  min_delta: 1e-06
  train_selection: True
  init_strength: 0.01
  rank: 5

Example runs (first 5):
  1. LMPO2-L3-d8-jit5-rf0.1-seed42
  2. LMPO2-L3-d8-jit5-rf0.1-seed7
  3. LMPO2-L3-d8-jit5-rf0.1-seed123
  4. LMPO2-L3-d8-jit5-rf0.1-seed256
  5. LMPO2-L3-d8-jit5-rf0.1-seed999
  ... (355 more)

Loading dataset: student_dropout...
  Dataset: student_dropout
  Train: 3096 samples
  Val: 664 samples
  Test: 664 samples
  Features: 36 (+1 bias = 36)
  Task: classification
  Device: cuda


[1/360] Running: LMPO2-L3-d8-jit5-rf0.1-seed42
  AIM run started: 6c1bf30aeda54283aa55f7d2
  AIM run finalized: 6c1bf30aeda54283aa55f7d2
  Experiment log saved to: experiment_logs/ntn_student_dropout_lmpo2_LMPO2_L3_d8_j5_s42.json
  ✓ Test: Acc=0.6792 | Val: Acc=0.6792

[2/360] Running: LMPO2-L3-d8-jit5-rf0.1-seed7
  AIM run started: 2c620d10482c4468b425181c
  AIM run finalized: 2c620d10482c4468b425181c
  Experiment log saved to: experiment_logs/ntn_student_dropout_lmpo2_LMPO2_L3_d8_j5_s7.json
  ✓ Test: Acc=0.4202 | Val: Acc=0.4157

[3/360] Running: LMPO2-L3-d8-jit5-rf0.1-seed123
  AIM run started: 092cab9c38bb436cbcb1bc90
  AIM run finalized: 092cab9c38bb436cbcb1bc90
  Experiment log saved to: experiment_logs/ntn_student_dropout_lmpo2_LMPO2_L3_d8_j5_s123.json
  ✓ Test: Acc=0.3102 | Val: Acc=0.3223

[4/360] Running: LMPO2-L3-d8-jit5-rf0.1-seed256
  AIM run started: abbf119f687c46d69631aa4c
  AIM run finalized: abbf119f687c46d69631aa4c
  Experiment log saved to: experiment_logs/ntn_student_dropout_lmpo2_LMPO2_L3_d8_j5_s256.json
  ✓ Test: Acc=0.3464 | Val: Acc=0.3027

[5/360] Running: LMPO2-L3-d8-jit5-rf0.1-seed999
  AIM run started: 3a85edfbbad341ab83205b71
  AIM run finalized: 3a85edfbbad341ab83205b71
  Experiment log saved to: experiment_logs/ntn_student_dropout_lmpo2_LMPO2_L3_d8_j5_s999.json
  ✓ Test: Acc=0.3780 | Val: Acc=0.3494

[6/360] Running: LMPO2-L3-d8-jit5-rf0.3-seed42
  AIM run started: 8aea7b7300c847a9815fcdf4
  AIM run finalized: 8aea7b7300c847a9815fcdf4
  Experiment log saved to: experiment_logs/ntn_student_dropout_lmpo2_LMPO2_L3_d8_j5_s42.json
  ✓ Test: Acc=0.6792 | Val: Acc=0.6792

[7/360] Running: LMPO2-L3-d8-jit5-rf0.3-seed7
  AIM run started: d8e8ec66efab468aba55c452
  AIM run finalized: d8e8ec66efab468aba55c452
  Experiment log saved to: experiment_logs/ntn_student_dropout_lmpo2_LMPO2_L3_d8_j5_s7.json
  ✓ Test: Acc=0.4202 | Val: Acc=0.4157

[8/360] Running: LMPO2-L3-d8-jit5-rf0.3-seed123
  AIM run started: 47bbdbef8e11482388810c92

------------------------------------------------------------
Sender: LSF System <lsfadmin@hpc.dtu.dk>
Subject: Job 27666475: <ntn-student-dropout-lmpo2> in cluster <dcc> Exited

Job <ntn-student-dropout-lmpo2> was submitted from host <hpclogin1> by user <nicci> in cluster <dcc> at Thu Jan 22 09:21:45 2026
Job was executed on host(s) <8*n-62-18-12>, in queue <gpua100>, as user <nicci> in cluster <dcc> at Fri Jan 23 04:49:32 2026
</zhome/6b/e/212868> was used as the home directory.
</zhome/6b/e/212868/GTN> was used as the working directory.
Started at Fri Jan 23 04:49:32 2026
Terminated at Fri Jan 23 04:50:48 2026
Results reported at Fri Jan 23 04:50:48 2026

Your job looked like:

------------------------------------------------------------
# LSBATCH: User input
#!/bin/sh
#BSUB -q gpua100
#BSUB -J ntn-student-dropout-lmpo2
#BSUB -W 24:00
#BSUB -n 8
#BSUB -gpu "num=1:mode=exclusive_process"
#BSUB -R "rusage[mem=64GB]"
#BSUB -R "span[hosts=1]"
#BSUB -o logs/ntn-student-dropout-lmpo2_%J.out
#BSUB -e logs/ntn-student-dropout-lmpo2_%J.err
#BSUB -u nicci@dtu.dk

export HOME=/zhome/6b/e/212868

cd $HOME/GTN
source .venv/bin/activate

set -a
source $HOME/aim
set +a

python experiments/run_grid_search.py --config experiments/configs/uci_ntn_student_dropout_lmpo2.json 

------------------------------------------------------------

Exited with exit code 137.

Resource usage summary:

    CPU time :                                   22.46 sec.
    Max Memory :                                 797 MB
    Average Memory :                             679.33 MB
    Total Requested Memory :                     524288.00 MB
    Delta Memory :                               523491.00 MB
    Max Swap :                                   -
    Max Processes :                              4
    Max Threads :                                13
    Run time :                                   78 sec.
    Turnaround time :                            70143 sec.

The output (if any) is above this job summary.



PS:

Read file <logs/ntn-student-dropout-lmpo2_27666475.err> for stderr output of this job.

