======================================================================
EXPERIMENT PLAN SUMMARY
======================================================================
Total experiments: 360
Grid combinations: 72
Seeds per combination: 5

Parameter Grid:
  model: ['LMPO2', 'LMPO2TypeI'] (n=2)
  L: [3, 4] (n=2)
  bond_dim: [8, 12, 16] (n=3)
  jitter_start: [5.0, 0.1] (n=2)
  reduction_factor: [0.1, 0.3, 0.5] (n=3)

Fixed Parameters:
  batch_size: 1024
  n_epochs: 15
  jitter_decay: 0.25
  adaptive_jitter: False
  patience: 4
  min_delta: 1e-06
  train_selection: True
  init_strength: 0.01
  bond_dim_mpo: 2

Example runs (first 5):
  1. LMPO2-L3-d8-jit5-rf0.1-seed42
  2. LMPO2-L3-d8-jit5-rf0.1-seed7
  3. LMPO2-L3-d8-jit5-rf0.1-seed123
  4. LMPO2-L3-d8-jit5-rf0.1-seed256
  5. LMPO2-L3-d8-jit5-rf0.1-seed999
  ... (355 more)

Loading dataset: concrete...
  Dataset: concrete
  Train: 721 samples
  Val: 154 samples
  Test: 155 samples
  Features: 8 (+1 bias = 8)
  Task: regression
  Device: cuda


[1/360] Running: LMPO2-L3-d8-jit5-rf0.1-seed42
  AIM run started: afb9b30f2bf843c59fcf23c5
  AIM run finalized: afb9b30f2bf843c59fcf23c5
  Experiment log saved to: experiment_logs/ntn_concrete_LMPO2_L3_d8_j5_s42.json
  ✗ FAILED: Unknown error

[2/360] Running: LMPO2-L3-d8-jit5-rf0.1-seed7
  AIM run started: a6b3ed1dbf664b4b9b94f3f3
  AIM run finalized: a6b3ed1dbf664b4b9b94f3f3
  Experiment log saved to: experiment_logs/ntn_concrete_LMPO2_L3_d8_j5_s7.json
  ✗ FAILED: Unknown error

[3/360] Running: LMPO2-L3-d8-jit5-rf0.1-seed123
  AIM run started: c7afe0c6f68e4b268086a9eb
  AIM run finalized: c7afe0c6f68e4b268086a9eb
  Experiment log saved to: experiment_logs/ntn_concrete_LMPO2_L3_d8_j5_s123.json
  ✗ FAILED: Unknown error

[4/360] Running: LMPO2-L3-d8-jit5-rf0.1-seed256
  AIM run started: 68166cb0eac645439ff5f6db
  AIM run finalized: 68166cb0eac645439ff5f6db
  Experiment log saved to: experiment_logs/ntn_concrete_LMPO2_L3_d8_j5_s256.json
  ✗ FAILED: Unknown error

[5/360] Running: LMPO2-L3-d8-jit5-rf0.1-seed999
  AIM run started: 6e6deb0946a345bc824517e8
  AIM run finalized: 6e6deb0946a345bc824517e8
  Experiment log saved to: experiment_logs/ntn_concrete_LMPO2_L3_d8_j5_s999.json
  ✗ FAILED: Unknown error

[6/360] Running: LMPO2-L3-d8-jit5-rf0.3-seed42
  AIM run started: 2ff61dba0e524a09b3287999
  AIM run finalized: 2ff61dba0e524a09b3287999
  Experiment log saved to: experiment_logs/ntn_concrete_LMPO2_L3_d8_j5_s42.json
  ✗ FAILED: Unknown error

[7/360] Running: LMPO2-L3-d8-jit5-rf0.3-seed7
  AIM run started: b4808a718b00462ead6a9d94
  AIM run finalized: b4808a718b00462ead6a9d94
  Experiment log saved to: experiment_logs/ntn_concrete_LMPO2_L3_d8_j5_s7.json
  ✗ FAILED: Unknown error

[8/360] Running: LMPO2-L3-d8-jit5-rf0.3-seed123
  AIM run started: 28ca6abd03f44f41b0e379d3
  AIM run finalized: 28ca6abd03f44f41b0e379d3
  Experiment log saved to: experiment_logs/ntn_concrete_LMPO2_L3_d8_j5_s123.json
  ✗ FAILED: Unknown error

[9/360] Running: LMPO2-L3-d8-jit5-rf0.3-seed256
  AIM run started: 4df389a221514a349f4d43ec
  AIM run finalized: 4df389a221514a349f4d43ec
  Experiment log saved to: experiment_logs/ntn_concrete_LMPO2_L3_d8_j5_s256.json
  ✗ FAILED: Unknown error

[10/360] Running: LMPO2-L3-d8-jit5-rf0.3-seed999
  AIM run started: ade0a132d3a94163a040e324
  AIM run finalized: ade0a132d3a94163a040e324
  Experiment log saved to: experiment_logs/ntn_concrete_LMPO2_L3_d8_j5_s999.json
  ✗ FAILED: Unknown error

[11/360] Running: LMPO2-L3-d8-jit5-rf0.5-seed42
  AIM run started: 510e78addcda4309aab349a3
  AIM run finalized: 510e78addcda4309aab349a3
  Experiment log saved to: experiment_logs/ntn_concrete_LMPO2_L3_d8_j5_s42.json
  ✗ FAILED: Unknown error

[12/360] Running: LMPO2-L3-d8-jit5-rf0.5-seed7
  AIM run started: 79877b1123924278a2bbd4fa
  AIM run finalized: 79877b1123924278a2bbd4fa
  Experiment log saved to: experiment_logs/ntn_concrete_LMPO2_L3_d8_j5_s7.json
  ✗ FAILED: Unknown error

[13/360] Running: LMPO2-L3-d8-jit5-rf0.5-seed123
  AIM run started: 7ffc52df37f84c7f9486dbab
  AIM run finalized: 7ffc52df37f84c7f9486dbab
  Experiment log saved to: experiment_logs/ntn_concrete_LMPO2_L3_d8_j5_s123.json
  ✗ FAILED: Unknown error

[14/360] Running: LMPO2-L3-d8-jit5-rf0.5-seed256
  AIM run started: f728fb675ded420485fdef14
  AIM run finalized: f728fb675ded420485fdef14
  Experiment log saved to: experiment_logs/ntn_concrete_LMPO2_L3_d8_j5_s256.json
  ✗ FAILED: Unknown error

[15/360] Running: LMPO2-L3-d8-jit5-rf0.5-seed999
  AIM run started: 8c9b701c360d471d8b82a481
  AIM run finalized: 8c9b701c360d471d8b82a481
  Experiment log saved to: experiment_logs/ntn_concrete_LMPO2_L3_d8_j5_s999.json
  ✗ FAILED: Unknown error

[16/360] Running: LMPO2-L3-d8-jit0.1-rf0.1-seed42
  AIM run started: 8eb1c19a7ede43c8bc8ffe5c
  AIM run finalized: 8eb1c19a7ede43c8bc8ffe5c
  Experiment log saved to: experiment_logs/ntn_concrete_LMPO2_L3_d8_j0.1_s42.json
  ✗ FAILED: Unknown error

[17/360] Running: LMPO2-L3-d8-jit0.1-rf0.1-seed7
  AIM run started: d78d11c238be4df78ab46227
  AIM run finalized: d78d11c238be4df78ab46227
  Experiment log saved to: experiment_logs/ntn_concrete_LMPO2_L3_d8_j0.1_s7.json
  ✗ FAILED: Unknown error

[18/360] Running: LMPO2-L3-d8-jit0.1-rf0.1-seed123
  AIM run started: 707a253722ea457ebcec7738
  AIM run finalized: 707a253722ea457ebcec7738
  Experiment log saved to: experiment_logs/ntn_concrete_LMPO2_L3_d8_j0.1_s123.json
  ✗ FAILED: Unknown error

[19/360] Running: LMPO2-L3-d8-jit0.1-rf0.1-seed256
  AIM run started: 739f40355d234b43b3532d8f
  AIM run finalized: 739f40355d234b43b3532d8f
  Experiment log saved to: experiment_logs/ntn_concrete_LMPO2_L3_d8_j0.1_s256.json
  ✗ FAILED: Unknown error

[20/360] Running: LMPO2-L3-d8-jit0.1-rf0.1-seed999
  AIM run started: f0b3c044ad56440e9856e5cc
  AIM run finalized: f0b3c044ad56440e9856e5cc
  Experiment log saved to: experiment_logs/ntn_concrete_LMPO2_L3_d8_j0.1_s999.json
  ✗ FAILED: Unknown error

[21/360] Running: LMPO2-L3-d8-jit0.1-rf0.3-seed42
  AIM run started: d2a225f0b7cf4130b2591c6d
  AIM run finalized: d2a225f0b7cf4130b2591c6d
  Experiment log saved to: experiment_logs/ntn_concrete_LMPO2_L3_d8_j0.1_s42.json
  ✗ FAILED: Unknown error

[22/360] Running: LMPO2-L3-d8-jit0.1-rf0.3-seed7
  AIM run started: 2605d9fab0a54248bbc5314f
  AIM run finalized: 2605d9fab0a54248bbc5314f
  Experiment log saved to: experiment_logs/ntn_concrete_LMPO2_L3_d8_j0.1_s7.json
  ✗ FAILED: Unknown error

[23/360] Running: LMPO2-L3-d8-jit0.1-rf0.3-seed123
  AIM run started: e82f4c6aad0649b1bdb27f04
  AIM run finalized: e82f4c6aad0649b1bdb27f04
  Experiment log saved to: experiment_logs/ntn_concrete_LMPO2_L3_d8_j0.1_s123.json
  ✗ FAILED: Unknown error

[24/360] Running: LMPO2-L3-d8-jit0.1-rf0.3-seed256
  AIM run started: bd0f60991474490f92dee1b5
  AIM run finalized: bd0f60991474490f92dee1b5
  Experiment log saved to: experiment_logs/ntn_concrete_LMPO2_L3_d8_j0.1_s256.json
  ✗ FAILED: Unknown error

[25/360] Running: LMPO2-L3-d8-jit0.1-rf0.3-seed999
  AIM run started: a33aab1c482c497184214354
  AIM run finalized: a33aab1c482c497184214354
  Experiment log saved to: experiment_logs/ntn_concrete_LMPO2_L3_d8_j0.1_s999.json
  ✗ FAILED: Unknown error

[26/360] Running: LMPO2-L3-d8-jit0.1-rf0.5-seed42
  AIM run started: 8a7a3172bc72426e9dd2c041
  AIM run finalized: 8a7a3172bc72426e9dd2c041
  Experiment log saved to: experiment_logs/ntn_concrete_LMPO2_L3_d8_j0.1_s42.json
  ✗ FAILED: Unknown error

[27/360] Running: LMPO2-L3-d8-jit0.1-rf0.5-seed7
  AIM run started: 90303b11ac0547958555da21
  AIM run finalized: 90303b11ac0547958555da21
  Experiment log saved to: experiment_logs/ntn_concrete_LMPO2_L3_d8_j0.1_s7.json
  ✗ FAILED: Unknown error

[28/360] Running: LMPO2-L3-d8-jit0.1-rf0.5-seed123
  AIM run started: f64e30dd3f6d43b2b45bb496
  AIM run finalized: f64e30dd3f6d43b2b45bb496
  Experiment log saved to: experiment_logs/ntn_concrete_LMPO2_L3_d8_j0.1_s123.json
  ✗ FAILED: Unknown error

[29/360] Running: LMPO2-L3-d8-jit0.1-rf0.5-seed256
  AIM run started: 79e69244a9ce494ab9e9f603
  AIM run finalized: 79e69244a9ce494ab9e9f603
  Experiment log saved to: experiment_logs/ntn_concrete_LMPO2_L3_d8_j0.1_s256.json
  ✗ FAILED: Unknown error

[30/360] Running: LMPO2-L3-d8-jit0.1-rf0.5-seed999
  AIM run started: 700872b911054fd4b19b38f7
  AIM run finalized: 700872b911054fd4b19b38f7
  Experiment log saved to: experiment_logs/ntn_concrete_LMPO2_L3_d8_j0.1_s999.json
  ✗ FAILED: Unknown error

[31/360] Running: LMPO2-L3-d12-jit5-rf0.1-seed42
  AIM run started: 980ed1f09aff4ce09c32aabc
  AIM run finalized: 980ed1f09aff4ce09c32aabc
  Experiment log saved to: experiment_logs/ntn_concrete_LMPO2_L3_d12_j5_s42.json
  ✗ FAILED: Unknown error

[32/360] Running: LMPO2-L3-d12-jit5-rf0.1-seed7
  AIM run started: 8aaae65345864222873454c8
  AIM run finalized: 8aaae65345864222873454c8
  Experiment log saved to: experiment_logs/ntn_concrete_LMPO2_L3_d12_j5_s7.json
  ✗ FAILED: Unknown error

[33/360] Running: LMPO2-L3-d12-jit5-rf0.1-seed123
  AIM run started: f9c4f5319d0e4238a1fb1c70
  AIM run finalized: f9c4f5319d0e4238a1fb1c70
  Experiment log saved to: experiment_logs/ntn_concrete_LMPO2_L3_d12_j5_s123.json
  ✗ FAILED: Unknown error

[34/360] Running: LMPO2-L3-d12-jit5-rf0.1-seed256
  AIM run started: a3c44d5d1a9e4f898be5ce67
  AIM run finalized: a3c44d5d1a9e4f898be5ce67
  Experiment log saved to: experiment_logs/ntn_concrete_LMPO2_L3_d12_j5_s256.json
  ✗ FAILED: Unknown error

[35/360] Running: LMPO2-L3-d12-jit5-rf0.1-seed999
  AIM run started: d628952461e84b48b36cc992
  AIM run finalized: d628952461e84b48b36cc992
  Experiment log saved to: experiment_logs/ntn_concrete_LMPO2_L3_d12_j5_s999.json
  ✗ FAILED: Unknown error

[36/360] Running: LMPO2-L3-d12-jit5-rf0.3-seed42
  AIM run started: 1df5c846927f4bf6802891c5
  AIM run finalized: 1df5c846927f4bf6802891c5
  Experiment log saved to: experiment_logs/ntn_concrete_LMPO2_L3_d12_j5_s42.json
  ✗ FAILED: Unknown error

[37/360] Running: LMPO2-L3-d12-jit5-rf0.3-seed7
  AIM run started: 084aa4f2b84c4c928e1480d8
  AIM run finalized: 084aa4f2b84c4c928e1480d8
  Experiment log saved to: experiment_logs/ntn_concrete_LMPO2_L3_d12_j5_s7.json
  ✗ FAILED: Unknown error

[38/360] Running: LMPO2-L3-d12-jit5-rf0.3-seed123
  AIM run started: b44cb58b0e67407a97760459
  AIM run finalized: b44cb58b0e67407a97760459
  Experiment log saved to: experiment_logs/ntn_concrete_LMPO2_L3_d12_j5_s123.json
  ✗ FAILED: Unknown error

[39/360] Running: LMPO2-L3-d12-jit5-rf0.3-seed256
  AIM run started: 9bdf060859a540a499b4b387
  AIM run finalized: 9bdf060859a540a499b4b387
  Experiment log saved to: experiment_logs/ntn_concrete_LMPO2_L3_d12_j5_s256.json
  ✗ FAILED: Unknown error

[40/360] Running: LMPO2-L3-d12-jit5-rf0.3-seed999
  AIM run started: 89b355cdab72422aaf91b130
  AIM run finalized: 89b355cdab72422aaf91b130
  Experiment log saved to: experiment_logs/ntn_concrete_LMPO2_L3_d12_j5_s999.json
  ✗ FAILED: Unknown error

[41/360] Running: LMPO2-L3-d12-jit5-rf0.5-seed42
  AIM run started: 5fbedf46b7c14bd5846792dc
  AIM run finalized: 5fbedf46b7c14bd5846792dc
  Experiment log saved to: experiment_logs/ntn_concrete_LMPO2_L3_d12_j5_s42.json
  ✗ FAILED: Unknown error

[42/360] Running: LMPO2-L3-d12-jit5-rf0.5-seed7
  AIM run started: 0acbdebec37f4da1851a988e
  AIM run finalized: 0acbdebec37f4da1851a988e
  Experiment log saved to: experiment_logs/ntn_concrete_LMPO2_L3_d12_j5_s7.json
  ✗ FAILED: Unknown error

[43/360] Running: LMPO2-L3-d12-jit5-rf0.5-seed123
  AIM run started: 5cb0faaa6ddd409e8ba0fa26
  AIM run finalized: 5cb0faaa6ddd409e8ba0fa26
  Experiment log saved to: experiment_logs/ntn_concrete_LMPO2_L3_d12_j5_s123.json
  ✗ FAILED: Unknown error

[44/360] Running: LMPO2-L3-d12-jit5-rf0.5-seed256
  AIM run started: 7f79e06c82324c9083e37fd4
  AIM run finalized: 7f79e06c82324c9083e37fd4
  Experiment log saved to: experiment_logs/ntn_concrete_LMPO2_L3_d12_j5_s256.json
  ✗ FAILED: Unknown error

[45/360] Running: LMPO2-L3-d12-jit5-rf0.5-seed999
  AIM run started: 37b0874b80044b978678c6b9
  AIM run finalized: 37b0874b80044b978678c6b9
  Experiment log saved to: experiment_logs/ntn_concrete_LMPO2_L3_d12_j5_s999.json
  ✗ FAILED: Unknown error

[46/360] Running: LMPO2-L3-d12-jit0.1-rf0.1-seed42
  AIM run started: c7e0b819ab5a4ebeb87a0c6b
  AIM run finalized: c7e0b819ab5a4ebeb87a0c6b
  Experiment log saved to: experiment_logs/ntn_concrete_LMPO2_L3_d12_j0.1_s42.json
  ✗ FAILED: Unknown error

[47/360] Running: LMPO2-L3-d12-jit0.1-rf0.1-seed7
  AIM run started: 6bcf29f18ff744c8a949dc36
  AIM run finalized: 6bcf29f18ff744c8a949dc36
  Experiment log saved to: experiment_logs/ntn_concrete_LMPO2_L3_d12_j0.1_s7.json
  ✗ FAILED: Unknown error

[48/360] Running: LMPO2-L3-d12-jit0.1-rf0.1-seed123
  AIM run started: 25c4a60e0b06466f9489fac1
  AIM run finalized: 25c4a60e0b06466f9489fac1
  Experiment log saved to: experiment_logs/ntn_concrete_LMPO2_L3_d12_j0.1_s123.json
  ✗ FAILED: Unknown error

[49/360] Running: LMPO2-L3-d12-jit0.1-rf0.1-seed256
  AIM run started: 0f26bd515b16438a92345b08
  AIM run finalized: 0f26bd515b16438a92345b08
  Experiment log saved to: experiment_logs/ntn_concrete_LMPO2_L3_d12_j0.1_s256.json
  ✗ FAILED: Unknown error

[50/360] Running: LMPO2-L3-d12-jit0.1-rf0.1-seed999
  AIM run started: 715aa8423fcd49408f8a0fe9
  AIM run finalized: 715aa8423fcd49408f8a0fe9
  Experiment log saved to: experiment_logs/ntn_concrete_LMPO2_L3_d12_j0.1_s999.json
  ✗ FAILED: Unknown error

[51/360] Running: LMPO2-L3-d12-jit0.1-rf0.3-seed42
  AIM run started: f828b5cdeee34e4697c8b9eb
  AIM run finalized: f828b5cdeee34e4697c8b9eb
  Experiment log saved to: experiment_logs/ntn_concrete_LMPO2_L3_d12_j0.1_s42.json
  ✗ FAILED: Unknown error

[52/360] Running: LMPO2-L3-d12-jit0.1-rf0.3-seed7
  AIM run started: 6230f930abba4197b7c2e775
  AIM run finalized: 6230f930abba4197b7c2e775
  Experiment log saved to: experiment_logs/ntn_concrete_LMPO2_L3_d12_j0.1_s7.json
  ✗ FAILED: Unknown error

[53/360] Running: LMPO2-L3-d12-jit0.1-rf0.3-seed123
  AIM run started: 3fd9526e884c4530a48fb3d8
  AIM run finalized: 3fd9526e884c4530a48fb3d8
  Experiment log saved to: experiment_logs/ntn_concrete_LMPO2_L3_d12_j0.1_s123.json
  ✗ FAILED: Unknown error

[54/360] Running: LMPO2-L3-d12-jit0.1-rf0.3-seed256
  AIM run started: e78ef85de96643f295d45bc0
  AIM run finalized: e78ef85de96643f295d45bc0
  Experiment log saved to: experiment_logs/ntn_concrete_LMPO2_L3_d12_j0.1_s256.json
  ✗ FAILED: Unknown error

[55/360] Running: LMPO2-L3-d12-jit0.1-rf0.3-seed999
  AIM run started: bb2c299e3727405dae1e35b5
  AIM run finalized: bb2c299e3727405dae1e35b5
  Experiment log saved to: experiment_logs/ntn_concrete_LMPO2_L3_d12_j0.1_s999.json
  ✗ FAILED: Unknown error

[56/360] Running: LMPO2-L3-d12-jit0.1-rf0.5-seed42
  AIM run started: eabfa48523e74e67b193fa4f
  AIM run finalized: eabfa48523e74e67b193fa4f
  Experiment log saved to: experiment_logs/ntn_concrete_LMPO2_L3_d12_j0.1_s42.json
  ✗ FAILED: Unknown error

[57/360] Running: LMPO2-L3-d12-jit0.1-rf0.5-seed7
  AIM run started: 8cda6288ff5e414882555193
  AIM run finalized: 8cda6288ff5e414882555193
  Experiment log saved to: experiment_logs/ntn_concrete_LMPO2_L3_d12_j0.1_s7.json
  ✗ FAILED: Unknown error

[58/360] Running: LMPO2-L3-d12-jit0.1-rf0.5-seed123
  AIM run started: 38c4c87c9a8740b8b3aa6697
  AIM run finalized: 38c4c87c9a8740b8b3aa6697
  Experiment log saved to: experiment_logs/ntn_concrete_LMPO2_L3_d12_j0.1_s123.json
  ✗ FAILED: Unknown error

[59/360] Running: LMPO2-L3-d12-jit0.1-rf0.5-seed256
  AIM run started: 14143c20023d400793a12b7d
  AIM run finalized: 14143c20023d400793a12b7d
  Experiment log saved to: experiment_logs/ntn_concrete_LMPO2_L3_d12_j0.1_s256.json
  ✗ FAILED: Unknown error

[60/360] Running: LMPO2-L3-d12-jit0.1-rf0.5-seed999
  AIM run started: fb8a7d2cc38646f8af23f00b
  AIM run finalized: fb8a7d2cc38646f8af23f00b
  Experiment log saved to: experiment_logs/ntn_concrete_LMPO2_L3_d12_j0.1_s999.json
  ✗ FAILED: Unknown error

[61/360] Running: LMPO2-L3-d16-jit5-rf0.1-seed42
  AIM run started: f238b7552ba4449f892bfb50
  AIM run finalized: f238b7552ba4449f892bfb50
  Experiment log saved to: experiment_logs/ntn_concrete_LMPO2_L3_d16_j5_s42.json
  ✗ FAILED: Unknown error

[62/360] Running: LMPO2-L3-d16-jit5-rf0.1-seed7
  AIM run started: cbb5ab0c3e564219b610e8c4
  AIM run finalized: cbb5ab0c3e564219b610e8c4
  Experiment log saved to: experiment_logs/ntn_concrete_LMPO2_L3_d16_j5_s7.json
  ✗ FAILED: Unknown error

[63/360] Running: LMPO2-L3-d16-jit5-rf0.1-seed123
  AIM run started: 764496730bc9473695a00bfe
  AIM run finalized: 764496730bc9473695a00bfe
  Experiment log saved to: experiment_logs/ntn_concrete_LMPO2_L3_d16_j5_s123.json
  ✗ FAILED: Unknown error

[64/360] Running: LMPO2-L3-d16-jit5-rf0.1-seed256
  AIM run started: a5c5ca8b6d8046cabf113075
  AIM run finalized: a5c5ca8b6d8046cabf113075
  Experiment log saved to: experiment_logs/ntn_concrete_LMPO2_L3_d16_j5_s256.json
  ✗ FAILED: Unknown error

[65/360] Running: LMPO2-L3-d16-jit5-rf0.1-seed999
  AIM run started: 1be3df09b7dd46df8ba606e8
  AIM run finalized: 1be3df09b7dd46df8ba606e8
  Experiment log saved to: experiment_logs/ntn_concrete_LMPO2_L3_d16_j5_s999.json
  ✗ FAILED: Unknown error

[66/360] Running: LMPO2-L3-d16-jit5-rf0.3-seed42
  AIM run started: f19c8407bdee4277ba12db5a
  AIM run finalized: f19c8407bdee4277ba12db5a
  Experiment log saved to: experiment_logs/ntn_concrete_LMPO2_L3_d16_j5_s42.json
  ✗ FAILED: Unknown error

[67/360] Running: LMPO2-L3-d16-jit5-rf0.3-seed7
  AIM run started: c74f022ce4e64c3690573c8c
  AIM run finalized: c74f022ce4e64c3690573c8c
  Experiment log saved to: experiment_logs/ntn_concrete_LMPO2_L3_d16_j5_s7.json
  ✗ FAILED: Unknown error

[68/360] Running: LMPO2-L3-d16-jit5-rf0.3-seed123
  AIM run started: df80b38baff546ab8e93fe1c
  AIM run finalized: df80b38baff546ab8e93fe1c
  Experiment log saved to: experiment_logs/ntn_concrete_LMPO2_L3_d16_j5_s123.json
  ✗ FAILED: Unknown error

[69/360] Running: LMPO2-L3-d16-jit5-rf0.3-seed256
  AIM run started: c2e362b000ec47a19bb779b5
  AIM run finalized: c2e362b000ec47a19bb779b5
  Experiment log saved to: experiment_logs/ntn_concrete_LMPO2_L3_d16_j5_s256.json
  ✗ FAILED: Unknown error

[70/360] Running: LMPO2-L3-d16-jit5-rf0.3-seed999
  AIM run started: dfba0b73a3c7482f8a1c90f4
  AIM run finalized: dfba0b73a3c7482f8a1c90f4
  Experiment log saved to: experiment_logs/ntn_concrete_LMPO2_L3_d16_j5_s999.json
  ✗ FAILED: Unknown error

[71/360] Running: LMPO2-L3-d16-jit5-rf0.5-seed42
  AIM run started: 9c349fe1513d48dba4538a76
  AIM run finalized: 9c349fe1513d48dba4538a76
  Experiment log saved to: experiment_logs/ntn_concrete_LMPO2_L3_d16_j5_s42.json
  ✗ FAILED: Unknown error

[72/360] Running: LMPO2-L3-d16-jit5-rf0.5-seed7
  AIM run started: 13e76e5830234bb2adb55367
  AIM run finalized: 13e76e5830234bb2adb55367
  Experiment log saved to: experiment_logs/ntn_concrete_LMPO2_L3_d16_j5_s7.json
  ✗ FAILED: Unknown error

[73/360] Running: LMPO2-L3-d16-jit5-rf0.5-seed123
  AIM run started: cbc524d998b249d8a312da26
  AIM run finalized: cbc524d998b249d8a312da26
  Experiment log saved to: experiment_logs/ntn_concrete_LMPO2_L3_d16_j5_s123.json
  ✗ FAILED: Unknown error

[74/360] Running: LMPO2-L3-d16-jit5-rf0.5-seed256
  AIM run started: ec09d9f6e63946c8a6ce4b2a
  AIM run finalized: ec09d9f6e63946c8a6ce4b2a
  Experiment log saved to: experiment_logs/ntn_concrete_LMPO2_L3_d16_j5_s256.json
  ✗ FAILED: Unknown error

[75/360] Running: LMPO2-L3-d16-jit5-rf0.5-seed999
  AIM run started: db37916e4ff744bca5f780ad
  AIM run finalized: db37916e4ff744bca5f780ad
  Experiment log saved to: experiment_logs/ntn_concrete_LMPO2_L3_d16_j5_s999.json
  ✗ FAILED: Unknown error

[76/360] Running: LMPO2-L3-d16-jit0.1-rf0.1-seed42
  AIM run started: 00278b9675d74c8fb3b996f9
  AIM run finalized: 00278b9675d74c8fb3b996f9
  Experiment log saved to: experiment_logs/ntn_concrete_LMPO2_L3_d16_j0.1_s42.json
  ✗ FAILED: Unknown error

[77/360] Running: LMPO2-L3-d16-jit0.1-rf0.1-seed7
  AIM run started: 6def3409ab01431bba8d95d7
  AIM run finalized: 6def3409ab01431bba8d95d7
  Experiment log saved to: experiment_logs/ntn_concrete_LMPO2_L3_d16_j0.1_s7.json
  ✗ FAILED: Unknown error

[78/360] Running: LMPO2-L3-d16-jit0.1-rf0.1-seed123
  AIM run started: 6b042be116f544699b4aca40
  AIM run finalized: 6b042be116f544699b4aca40
  Experiment log saved to: experiment_logs/ntn_concrete_LMPO2_L3_d16_j0.1_s123.json
  ✗ FAILED: Unknown error

[79/360] Running: LMPO2-L3-d16-jit0.1-rf0.1-seed256
  AIM run started: 13eb403a855646b79267706a
  AIM run finalized: 13eb403a855646b79267706a
  Experiment log saved to: experiment_logs/ntn_concrete_LMPO2_L3_d16_j0.1_s256.json
  ✗ FAILED: Unknown error

[80/360] Running: LMPO2-L3-d16-jit0.1-rf0.1-seed999
  AIM run started: 50f64ff5abd844fcb7dbe303
  AIM run finalized: 50f64ff5abd844fcb7dbe303
  Experiment log saved to: experiment_logs/ntn_concrete_LMPO2_L3_d16_j0.1_s999.json
  ✗ FAILED: Unknown error

[81/360] Running: LMPO2-L3-d16-jit0.1-rf0.3-seed42
  AIM run started: 1f2c317837aa483192da18cb
  AIM run finalized: 1f2c317837aa483192da18cb
  Experiment log saved to: experiment_logs/ntn_concrete_LMPO2_L3_d16_j0.1_s42.json
  ✗ FAILED: Unknown error

[82/360] Running: LMPO2-L3-d16-jit0.1-rf0.3-seed7
  AIM run started: 2e179c789a6f4abdba4c982d
  AIM run finalized: 2e179c789a6f4abdba4c982d
  Experiment log saved to: experiment_logs/ntn_concrete_LMPO2_L3_d16_j0.1_s7.json
  ✗ FAILED: Unknown error

[83/360] Running: LMPO2-L3-d16-jit0.1-rf0.3-seed123
  AIM run started: b473c1557ffa4925b9c037ce
  AIM run finalized: b473c1557ffa4925b9c037ce
  Experiment log saved to: experiment_logs/ntn_concrete_LMPO2_L3_d16_j0.1_s123.json
  ✗ FAILED: Unknown error

[84/360] Running: LMPO2-L3-d16-jit0.1-rf0.3-seed256
  AIM run started: a63c7462b63043c78e6b75a0
  AIM run finalized: a63c7462b63043c78e6b75a0
  Experiment log saved to: experiment_logs/ntn_concrete_LMPO2_L3_d16_j0.1_s256.json
  ✗ FAILED: Unknown error

[85/360] Running: LMPO2-L3-d16-jit0.1-rf0.3-seed999
  AIM run started: a87f9ef2eeab4e5984fc14ed
  AIM run finalized: a87f9ef2eeab4e5984fc14ed
  Experiment log saved to: experiment_logs/ntn_concrete_LMPO2_L3_d16_j0.1_s999.json
  ✗ FAILED: Unknown error

[86/360] Running: LMPO2-L3-d16-jit0.1-rf0.5-seed42
  AIM run started: 1e45005582d84a9b810a29b9

------------------------------------------------------------
Sender: LSF System <lsfadmin@hpc.dtu.dk>
Subject: Job 27697282: <ntn-concrete> in cluster <dcc> Exited

Job <ntn-concrete> was submitted from host <hpclogin1> by user <nicci> in cluster <dcc> at Tue Jan 27 14:46:12 2026
Job was executed on host(s) <8*n-62-11-13>, in queue <gpuv100>, as user <nicci> in cluster <dcc> at Thu Jan 29 04:53:28 2026
</zhome/6b/e/212868> was used as the home directory.
</zhome/6b/e/212868/GTN> was used as the working directory.
Started at Thu Jan 29 04:53:28 2026
Terminated at Thu Jan 29 05:05:05 2026
Results reported at Thu Jan 29 05:05:05 2026

Your job looked like:

------------------------------------------------------------
# LSBATCH: User input
#!/bin/sh
#BSUB -q gpuv100
#BSUB -J ntn-concrete
#BSUB -W 12:00
#BSUB -n 8
#BSUB -gpu "num=1:mode=exclusive_process"
#BSUB -R "rusage[mem=32GB]"
#BSUB -R "span[hosts=1]"
#BSUB -o logs/ntn-concrete_%J.out
#BSUB -e logs/ntn-concrete_%J.err
#BSUB -u nicci@dtu.dk

export HOME=/zhome/6b/e/212868

cd $HOME/GTN
source .venv/bin/activate

set -a
source $HOME/aim
set +a

python experiments/run_grid_search.py --config experiments/configs/uci_ntn_concrete_lmpo2.json 

------------------------------------------------------------

Exited with exit code 137.

Resource usage summary:

    CPU time :                                   136.94 sec.
    Max Memory :                                 1761 MB
    Average Memory :                             1350.25 MB
    Total Requested Memory :                     262144.00 MB
    Delta Memory :                               260383.00 MB
    Max Swap :                                   -
    Max Processes :                              4
    Max Threads :                                14
    Run time :                                   708 sec.
    Turnaround time :                            137933 sec.

The output (if any) is above this job summary.



PS:

Read file <logs/ntn-concrete_27697282.err> for stderr output of this job.

