======================================================================
EXPERIMENT PLAN SUMMARY
======================================================================
Total experiments: 180
Grid combinations: 36
Seeds per combination: 5

Parameter Grid:
  model: ['LMPO2', 'LMPO2TypeI'] (n=2)
  L: [3, 4] (n=2)
  bond_dim: [8, 12, 16] (n=3)
  jitter_start: [5.0] (n=1)
  reduction_factor: [0.1, 0.3, 0.5] (n=3)

Fixed Parameters:
  batch_size: 1024
  n_epochs: 100
  jitter_decay: 0.25
  adaptive_jitter: False
  patience: 10
  min_delta: 1e-06
  train_selection: True
  init_strength: 0.01
  bond_dim_mpo: 1

Example runs (first 5):
  1. LMPO2-L3-d8-jit5-rf0.1-seed42
  2. LMPO2-L3-d8-jit5-rf0.1-seed7
  3. LMPO2-L3-d8-jit5-rf0.1-seed123
  4. LMPO2-L3-d8-jit5-rf0.1-seed256
  5. LMPO2-L3-d8-jit5-rf0.1-seed999
  ... (175 more)

Loading dataset: bike...
  Dataset: bike
  Train: 12165 samples
  Val: 2607 samples
  Test: 2607 samples
  Features: 12 (+1 bias = 12)
  Task: regression
  Device: cuda

[2/180] LMPO2-L3-d8-jit5-rf0.1-seed7 - RETRYING (None)

[2/180] Running: LMPO2-L3-d8-jit5-rf0.1-seed7
  AIM run started: 4efbd02893db403cb45b36fc
  AIM run finalized: 4efbd02893db403cb45b36fc
  Experiment log saved to: experiment_logs/ntn_bike_LMPO2_L3_d8_j5_s7.json
  ✗ FAILED: Unknown error
[3/180] LMPO2-L3-d8-jit5-rf0.1-seed123 - RETRYING (None)

[3/180] Running: LMPO2-L3-d8-jit5-rf0.1-seed123
  AIM run started: 982944172e1243c88349e67b
  AIM run finalized: 982944172e1243c88349e67b
  Experiment log saved to: experiment_logs/ntn_bike_LMPO2_L3_d8_j5_s123.json
  ✗ FAILED: Unknown error
[4/180] LMPO2-L3-d8-jit5-rf0.1-seed256 - RETRYING (None)

[4/180] Running: LMPO2-L3-d8-jit5-rf0.1-seed256
  AIM run started: 2f08d5b5df4348faa3ee23d1
  AIM run finalized: 2f08d5b5df4348faa3ee23d1
  Experiment log saved to: experiment_logs/ntn_bike_LMPO2_L3_d8_j5_s256.json
  ✗ FAILED: Unknown error
[5/180] LMPO2-L3-d8-jit5-rf0.1-seed999 - RETRYING (None)

[5/180] Running: LMPO2-L3-d8-jit5-rf0.1-seed999
  AIM run started: bf440ebb6c6d47f0bbd9a50e
  AIM run finalized: bf440ebb6c6d47f0bbd9a50e
  Experiment log saved to: experiment_logs/ntn_bike_LMPO2_L3_d8_j5_s999.json
  ✗ FAILED: Unknown error
[8/180] LMPO2-L3-d8-jit5-rf0.3-seed123 - RETRYING (None)

[8/180] Running: LMPO2-L3-d8-jit5-rf0.3-seed123
  AIM run started: d0cf19bdb77645168f4ba23c
  AIM run finalized: d0cf19bdb77645168f4ba23c
  Experiment log saved to: experiment_logs/ntn_bike_LMPO2_L3_d8_j5_s123.json
  ✗ FAILED: Unknown error
[10/180] LMPO2-L3-d8-jit5-rf0.3-seed999 - RETRYING (None)

[10/180] Running: LMPO2-L3-d8-jit5-rf0.3-seed999
  AIM run started: c0c0b6be6e2a45a48ac3b201
  AIM run finalized: c0c0b6be6e2a45a48ac3b201
  Experiment log saved to: experiment_logs/ntn_bike_LMPO2_L3_d8_j5_s999.json
  ✗ FAILED: Unknown error

[13/180] Running: LMPO2-L3-d8-jit5-rf0.5-seed123
  AIM run started: db847d1d46fc42fca727dc75

------------------------------------------------------------
Sender: LSF System <lsfadmin@hpc.dtu.dk>
Subject: Job 27742025: <ntn-bike> in cluster <dcc> Exited

Job <ntn-bike> was submitted from host <hpclogin1> by user <nicci> in cluster <dcc> at Fri Feb  6 09:30:07 2026
Job was executed on host(s) <4*n-62-20-11>, in queue <gpuv100>, as user <nicci> in cluster <dcc> at Fri Feb  6 09:31:26 2026
</zhome/6b/e/212868> was used as the home directory.
</zhome/6b/e/212868/GTN> was used as the working directory.
Started at Fri Feb  6 09:31:26 2026
Terminated at Fri Feb  6 09:33:33 2026
Results reported at Fri Feb  6 09:33:33 2026

Your job looked like:

------------------------------------------------------------
# LSBATCH: User input
#!/bin/sh
#BSUB -q gpuv100
#BSUB -J ntn-bike
#BSUB -W 12:00
#BSUB -n 4
#BSUB -gpu "num=1:mode=exclusive_process"
#BSUB -R "rusage[mem=500MB]"
#BSUB -R "span[hosts=1]"
#BSUB -o logs/ntn-bike_%J.out
#BSUB -e logs/ntn-bike_%J.err
#BSUB -u nicci@dtu.dk

export HOME=/zhome/6b/e/212868

cd $HOME/GTN
source .venv/bin/activate

set -a
source $HOME/aim
set +a

python experiments/run_grid_search.py --config experiments/configs/uci_ntn_bike_lmpo2.json 

------------------------------------------------------------

Exited with exit code 137.

Resource usage summary:

    CPU time :                                   80.00 sec.
    Max Memory :                                 1611 MB
    Average Memory :                             1222.67 MB
    Total Requested Memory :                     2000.00 MB
    Delta Memory :                               389.00 MB
    Max Swap :                                   -
    Max Processes :                              4
    Max Threads :                                16
    Run time :                                   166 sec.
    Turnaround time :                            206 sec.

The output (if any) is above this job summary.



PS:

Read file <logs/ntn-bike_27742025.err> for stderr output of this job.

