
Loading dataset: iris
  Task: classification
  Train: 105 samples
  Val: 22 samples
  Test: 23 samples
  Input dim: 4
  Output dim: 3
  Device: cuda
======================================================================
EXPERIMENT PLAN SUMMARY
======================================================================
Total experiments: 360
Grid combinations: 72
Seeds per combination: 5

Parameter Grid:
  model: ['MPO2', 'MPO2TypeI_GTN', 'MMPO2', 'MMPO2TypeI_GTN'] (n=4)
  L: [3, 4] (n=2)
  bond_dim: [8, 12, 16] (n=3)
  lr: [0.01, 0.001, 0.0001] (n=3)

Fixed Parameters:
  output_site: 1
  batch_size: 64
  n_epochs: 1000
  patience: 40
  min_delta: 1e-08
  optimizer: adamw
  init_strength: 0.01
  rank: 5

Example runs (first 5):
  1. MPO2-L3-d8-seed42
  2. MPO2-L3-d8-seed7
  3. MPO2-L3-d8-seed123
  4. MPO2-L3-d8-seed256
  5. MPO2-L3-d8-seed999
  ... (355 more)

[271/360] MMPO2TypeI_GTN-L3-d8-seed42 - RETRYING (Expected all tensors to be on the same device, but got mat2 is on cuda:0, differ...)

[271/360] Running: MMPO2TypeI_GTN-L3-d8-seed42
  AIM run started: d1eb5085740c49e9b02813f4
  ✗ FAILED: Expected all tensors to be on the same device, but got mat2 is on cuda:0, different from other tensors on cpu (when checking argument in method wrapper_CUDA_mm)
[272/360] MMPO2TypeI_GTN-L3-d8-seed7 - RETRYING (Expected all tensors to be on the same device, but got mat2 is on cuda:0, differ...)

[272/360] Running: MMPO2TypeI_GTN-L3-d8-seed7
  AIM run started: d4742fdfc4844c7ab0bffd9c
  ✗ FAILED: Expected all tensors to be on the same device, but got mat2 is on cuda:0, different from other tensors on cpu (when checking argument in method wrapper_CUDA_mm)
[273/360] MMPO2TypeI_GTN-L3-d8-seed123 - RETRYING (Expected all tensors to be on the same device, but got mat2 is on cuda:0, differ...)

[273/360] Running: MMPO2TypeI_GTN-L3-d8-seed123
  AIM run started: 8f8f268df66a4c719955fd22
  ✗ FAILED: Expected all tensors to be on the same device, but got mat2 is on cuda:0, different from other tensors on cpu (when checking argument in method wrapper_CUDA_mm)
[274/360] MMPO2TypeI_GTN-L3-d8-seed256 - RETRYING (Expected all tensors to be on the same device, but got mat2 is on cuda:0, differ...)

[274/360] Running: MMPO2TypeI_GTN-L3-d8-seed256
  AIM run started: 8a5893a3d1aa44e3aa1aa84b
  ✗ FAILED: Expected all tensors to be on the same device, but got mat2 is on cuda:0, different from other tensors on cpu (when checking argument in method wrapper_CUDA_mm)
[275/360] MMPO2TypeI_GTN-L3-d8-seed999 - RETRYING (Expected all tensors to be on the same device, but got mat2 is on cuda:0, differ...)

[275/360] Running: MMPO2TypeI_GTN-L3-d8-seed999
  AIM run started: 4d0b95ab6e28410994fb1d23
  ✗ FAILED: Expected all tensors to be on the same device, but got mat2 is on cuda:0, different from other tensors on cpu (when checking argument in method wrapper_CUDA_mm)
[276/360] MMPO2TypeI_GTN-L3-d8-seed42 - RETRYING (Expected all tensors to be on the same device, but got mat2 is on cuda:0, differ...)

[276/360] Running: MMPO2TypeI_GTN-L3-d8-seed42
  AIM run started: d59486cc2d4746d5b58c8697
  ✗ FAILED: Expected all tensors to be on the same device, but got mat2 is on cuda:0, different from other tensors on cpu (when checking argument in method wrapper_CUDA_mm)
[277/360] MMPO2TypeI_GTN-L3-d8-seed7 - RETRYING (Expected all tensors to be on the same device, but got mat2 is on cuda:0, differ...)

[277/360] Running: MMPO2TypeI_GTN-L3-d8-seed7
  AIM run started: 6c49b31834b442049566973f
  ✗ FAILED: Expected all tensors to be on the same device, but got mat2 is on cuda:0, different from other tensors on cpu (when checking argument in method wrapper_CUDA_mm)
[278/360] MMPO2TypeI_GTN-L3-d8-seed123 - RETRYING (Expected all tensors to be on the same device, but got mat2 is on cuda:0, differ...)

[278/360] Running: MMPO2TypeI_GTN-L3-d8-seed123
  AIM run started: 628304d2472b43298529b369
  ✗ FAILED: Expected all tensors to be on the same device, but got mat2 is on cuda:0, different from other tensors on cpu (when checking argument in method wrapper_CUDA_mm)
[279/360] MMPO2TypeI_GTN-L3-d8-seed256 - RETRYING (Expected all tensors to be on the same device, but got mat2 is on cuda:0, differ...)

[279/360] Running: MMPO2TypeI_GTN-L3-d8-seed256
  AIM run started: 51f98ea8fc024f7693b526ee
  ✗ FAILED: Expected all tensors to be on the same device, but got mat2 is on cuda:0, different from other tensors on cpu (when checking argument in method wrapper_CUDA_mm)
[280/360] MMPO2TypeI_GTN-L3-d8-seed999 - RETRYING (Expected all tensors to be on the same device, but got mat2 is on cuda:0, differ...)

[280/360] Running: MMPO2TypeI_GTN-L3-d8-seed999
  AIM run started: dd9a30803d944a48b4c31d46
  ✗ FAILED: Expected all tensors to be on the same device, but got mat2 is on cuda:0, different from other tensors on cpu (when checking argument in method wrapper_CUDA_mm)
[281/360] MMPO2TypeI_GTN-L3-d8-seed42 - RETRYING (Expected all tensors to be on the same device, but got mat2 is on cuda:0, differ...)

[281/360] Running: MMPO2TypeI_GTN-L3-d8-seed42
  AIM run started: bafffb3ea7c943d9a7e275e3
  ✗ FAILED: Expected all tensors to be on the same device, but got mat2 is on cuda:0, different from other tensors on cpu (when checking argument in method wrapper_CUDA_mm)
[282/360] MMPO2TypeI_GTN-L3-d8-seed7 - RETRYING (Expected all tensors to be on the same device, but got mat2 is on cuda:0, differ...)

[282/360] Running: MMPO2TypeI_GTN-L3-d8-seed7
  AIM run started: 926d54efc4d344ffaf8d3f9a
  ✗ FAILED: Expected all tensors to be on the same device, but got mat2 is on cuda:0, different from other tensors on cpu (when checking argument in method wrapper_CUDA_mm)
[283/360] MMPO2TypeI_GTN-L3-d8-seed123 - RETRYING (Expected all tensors to be on the same device, but got mat2 is on cuda:0, differ...)

[283/360] Running: MMPO2TypeI_GTN-L3-d8-seed123
  AIM run started: 92b36dadf7224d07944e56c5
  ✗ FAILED: Expected all tensors to be on the same device, but got mat2 is on cuda:0, different from other tensors on cpu (when checking argument in method wrapper_CUDA_mm)
[284/360] MMPO2TypeI_GTN-L3-d8-seed256 - RETRYING (Expected all tensors to be on the same device, but got mat2 is on cuda:0, differ...)

[284/360] Running: MMPO2TypeI_GTN-L3-d8-seed256
  AIM run started: 14b443b44a8241a39fd169a8
  ✗ FAILED: Expected all tensors to be on the same device, but got mat2 is on cuda:0, different from other tensors on cpu (when checking argument in method wrapper_CUDA_mm)
[285/360] MMPO2TypeI_GTN-L3-d8-seed999 - RETRYING (Expected all tensors to be on the same device, but got mat2 is on cuda:0, differ...)

[285/360] Running: MMPO2TypeI_GTN-L3-d8-seed999
  AIM run started: 9ec742f7eba446028190a540
  ✗ FAILED: Expected all tensors to be on the same device, but got mat2 is on cuda:0, different from other tensors on cpu (when checking argument in method wrapper_CUDA_mm)
[286/360] MMPO2TypeI_GTN-L3-d12-seed42 - RETRYING (Expected all tensors to be on the same device, but got mat2 is on cuda:0, differ...)

[286/360] Running: MMPO2TypeI_GTN-L3-d12-seed42
  AIM run started: df19bbc183a44115bd7a3d15
  ✗ FAILED: Expected all tensors to be on the same device, but got mat2 is on cuda:0, different from other tensors on cpu (when checking argument in method wrapper_CUDA_mm)
[287/360] MMPO2TypeI_GTN-L3-d12-seed7 - RETRYING (Expected all tensors to be on the same device, but got mat2 is on cuda:0, differ...)

[287/360] Running: MMPO2TypeI_GTN-L3-d12-seed7
  AIM run started: 5c3cf1752f694e36b1134f3b
  ✗ FAILED: Expected all tensors to be on the same device, but got mat2 is on cuda:0, different from other tensors on cpu (when checking argument in method wrapper_CUDA_mm)
[288/360] MMPO2TypeI_GTN-L3-d12-seed123 - RETRYING (Expected all tensors to be on the same device, but got mat2 is on cuda:0, differ...)

[288/360] Running: MMPO2TypeI_GTN-L3-d12-seed123
  AIM run started: 5ac95c28434c4c1cb29ebce5
  ✗ FAILED: Expected all tensors to be on the same device, but got mat2 is on cuda:0, different from other tensors on cpu (when checking argument in method wrapper_CUDA_mm)
[289/360] MMPO2TypeI_GTN-L3-d12-seed256 - RETRYING (Expected all tensors to be on the same device, but got mat2 is on cuda:0, differ...)

[289/360] Running: MMPO2TypeI_GTN-L3-d12-seed256
  AIM run started: 35d941664ac9438aab67472a
  ✗ FAILED: Expected all tensors to be on the same device, but got mat2 is on cuda:0, different from other tensors on cpu (when checking argument in method wrapper_CUDA_mm)
[290/360] MMPO2TypeI_GTN-L3-d12-seed999 - RETRYING (Expected all tensors to be on the same device, but got mat2 is on cuda:0, differ...)

[290/360] Running: MMPO2TypeI_GTN-L3-d12-seed999
  AIM run started: 2175594baf824fa1807d0f8c
  ✗ FAILED: Expected all tensors to be on the same device, but got mat2 is on cuda:0, different from other tensors on cpu (when checking argument in method wrapper_CUDA_mm)
[291/360] MMPO2TypeI_GTN-L3-d12-seed42 - RETRYING (Expected all tensors to be on the same device, but got mat2 is on cuda:0, differ...)

[291/360] Running: MMPO2TypeI_GTN-L3-d12-seed42
  AIM run started: bd66194e3059465f8c7cbbc0
  ✗ FAILED: Expected all tensors to be on the same device, but got mat2 is on cuda:0, different from other tensors on cpu (when checking argument in method wrapper_CUDA_mm)
[292/360] MMPO2TypeI_GTN-L3-d12-seed7 - RETRYING (Expected all tensors to be on the same device, but got mat2 is on cuda:0, differ...)

[292/360] Running: MMPO2TypeI_GTN-L3-d12-seed7
  AIM run started: 67fe8e0b58d945d8a1e31141
  ✗ FAILED: Expected all tensors to be on the same device, but got mat2 is on cuda:0, different from other tensors on cpu (when checking argument in method wrapper_CUDA_mm)
[293/360] MMPO2TypeI_GTN-L3-d12-seed123 - RETRYING (Expected all tensors to be on the same device, but got mat2 is on cuda:0, differ...)

[293/360] Running: MMPO2TypeI_GTN-L3-d12-seed123
  AIM run started: bb974707329e422da4064186
  ✗ FAILED: Expected all tensors to be on the same device, but got mat2 is on cuda:0, different from other tensors on cpu (when checking argument in method wrapper_CUDA_mm)
[294/360] MMPO2TypeI_GTN-L3-d12-seed256 - RETRYING (Expected all tensors to be on the same device, but got mat2 is on cuda:0, differ...)

[294/360] Running: MMPO2TypeI_GTN-L3-d12-seed256
  AIM run started: 67bdafa40f124a5ca594234d
  ✗ FAILED: Expected all tensors to be on the same device, but got mat2 is on cuda:0, different from other tensors on cpu (when checking argument in method wrapper_CUDA_mm)
[295/360] MMPO2TypeI_GTN-L3-d12-seed999 - RETRYING (Expected all tensors to be on the same device, but got mat2 is on cuda:0, differ...)

[295/360] Running: MMPO2TypeI_GTN-L3-d12-seed999
  AIM run started: 6d07584fe1554387b41aec08
  ✗ FAILED: Expected all tensors to be on the same device, but got mat2 is on cuda:0, different from other tensors on cpu (when checking argument in method wrapper_CUDA_mm)
[296/360] MMPO2TypeI_GTN-L3-d12-seed42 - RETRYING (Expected all tensors to be on the same device, but got mat2 is on cuda:0, differ...)

[296/360] Running: MMPO2TypeI_GTN-L3-d12-seed42
  AIM run started: aedc1031cf4246f580340d85
  ✗ FAILED: Expected all tensors to be on the same device, but got mat2 is on cuda:0, different from other tensors on cpu (when checking argument in method wrapper_CUDA_mm)
[297/360] MMPO2TypeI_GTN-L3-d12-seed7 - RETRYING (Expected all tensors to be on the same device, but got mat2 is on cuda:0, differ...)

[297/360] Running: MMPO2TypeI_GTN-L3-d12-seed7
  AIM run started: 8b991cde8615470cada4e3b4
  ✗ FAILED: Expected all tensors to be on the same device, but got mat2 is on cuda:0, different from other tensors on cpu (when checking argument in method wrapper_CUDA_mm)
[298/360] MMPO2TypeI_GTN-L3-d12-seed123 - RETRYING (Expected all tensors to be on the same device, but got mat2 is on cuda:0, differ...)

[298/360] Running: MMPO2TypeI_GTN-L3-d12-seed123
  AIM run started: b91d9144e91043018c01874f
  ✗ FAILED: Expected all tensors to be on the same device, but got mat2 is on cuda:0, different from other tensors on cpu (when checking argument in method wrapper_CUDA_mm)
[299/360] MMPO2TypeI_GTN-L3-d12-seed256 - RETRYING (Expected all tensors to be on the same device, but got mat2 is on cuda:0, differ...)

[299/360] Running: MMPO2TypeI_GTN-L3-d12-seed256
  AIM run started: 866db87cd1ad46fea85aa586
  ✗ FAILED: Expected all tensors to be on the same device, but got mat2 is on cuda:0, different from other tensors on cpu (when checking argument in method wrapper_CUDA_mm)
[300/360] MMPO2TypeI_GTN-L3-d12-seed999 - RETRYING (Expected all tensors to be on the same device, but got mat2 is on cuda:0, differ...)

[300/360] Running: MMPO2TypeI_GTN-L3-d12-seed999
  AIM run started: a2fc636d84d9497aa997d858
  ✗ FAILED: Expected all tensors to be on the same device, but got mat2 is on cuda:0, different from other tensors on cpu (when checking argument in method wrapper_CUDA_mm)
[301/360] MMPO2TypeI_GTN-L3-d16-seed42 - RETRYING (Expected all tensors to be on the same device, but got mat2 is on cuda:0, differ...)

[301/360] Running: MMPO2TypeI_GTN-L3-d16-seed42
  AIM run started: dcd6fcadb1ec4228abc5e8f9
  ✗ FAILED: Expected all tensors to be on the same device, but got mat2 is on cuda:0, different from other tensors on cpu (when checking argument in method wrapper_CUDA_mm)
[302/360] MMPO2TypeI_GTN-L3-d16-seed7 - RETRYING (Expected all tensors to be on the same device, but got mat2 is on cuda:0, differ...)

[302/360] Running: MMPO2TypeI_GTN-L3-d16-seed7
  AIM run started: d86d51cf143149f9bcc8fdc9
  ✗ FAILED: Expected all tensors to be on the same device, but got mat2 is on cuda:0, different from other tensors on cpu (when checking argument in method wrapper_CUDA_mm)
[303/360] MMPO2TypeI_GTN-L3-d16-seed123 - RETRYING (Expected all tensors to be on the same device, but got mat2 is on cuda:0, differ...)

[303/360] Running: MMPO2TypeI_GTN-L3-d16-seed123
  AIM run started: 4489dc7600574f6890258a3a
  ✗ FAILED: Expected all tensors to be on the same device, but got mat2 is on cuda:0, different from other tensors on cpu (when checking argument in method wrapper_CUDA_mm)
[304/360] MMPO2TypeI_GTN-L3-d16-seed256 - RETRYING (Expected all tensors to be on the same device, but got mat2 is on cuda:0, differ...)

[304/360] Running: MMPO2TypeI_GTN-L3-d16-seed256
  AIM run started: 2557d6d2cf3d4063bccb8be6
  ✗ FAILED: Expected all tensors to be on the same device, but got mat2 is on cuda:0, different from other tensors on cpu (when checking argument in method wrapper_CUDA_mm)
[305/360] MMPO2TypeI_GTN-L3-d16-seed999 - RETRYING (Expected all tensors to be on the same device, but got mat2 is on cuda:0, differ...)

[305/360] Running: MMPO2TypeI_GTN-L3-d16-seed999
  AIM run started: 1a929ab2b6294ce282952d1f
  ✗ FAILED: Expected all tensors to be on the same device, but got mat2 is on cuda:0, different from other tensors on cpu (when checking argument in method wrapper_CUDA_mm)
[306/360] MMPO2TypeI_GTN-L3-d16-seed42 - RETRYING (Expected all tensors to be on the same device, but got mat2 is on cuda:0, differ...)

[306/360] Running: MMPO2TypeI_GTN-L3-d16-seed42
  AIM run started: 16b8bec19468477da8bdb05f
  ✗ FAILED: Expected all tensors to be on the same device, but got mat2 is on cuda:0, different from other tensors on cpu (when checking argument in method wrapper_CUDA_mm)
[307/360] MMPO2TypeI_GTN-L3-d16-seed7 - RETRYING (Expected all tensors to be on the same device, but got mat2 is on cuda:0, differ...)

[307/360] Running: MMPO2TypeI_GTN-L3-d16-seed7
  AIM run started: ce0f980c97e24e17ad37d155
  ✗ FAILED: Expected all tensors to be on the same device, but got mat2 is on cuda:0, different from other tensors on cpu (when checking argument in method wrapper_CUDA_mm)
[308/360] MMPO2TypeI_GTN-L3-d16-seed123 - RETRYING (Expected all tensors to be on the same device, but got mat2 is on cuda:0, differ...)

[308/360] Running: MMPO2TypeI_GTN-L3-d16-seed123
  AIM run started: c2c8f4e795f8431686dfad30
  ✗ FAILED: Expected all tensors to be on the same device, but got mat2 is on cuda:0, different from other tensors on cpu (when checking argument in method wrapper_CUDA_mm)
[309/360] MMPO2TypeI_GTN-L3-d16-seed256 - RETRYING (Expected all tensors to be on the same device, but got mat2 is on cuda:0, differ...)

[309/360] Running: MMPO2TypeI_GTN-L3-d16-seed256
  AIM run started: dcd2bb5b86244f18852719ae
  ✗ FAILED: Expected all tensors to be on the same device, but got mat2 is on cuda:0, different from other tensors on cpu (when checking argument in method wrapper_CUDA_mm)
[310/360] MMPO2TypeI_GTN-L3-d16-seed999 - RETRYING (Expected all tensors to be on the same device, but got mat2 is on cuda:0, differ...)

[310/360] Running: MMPO2TypeI_GTN-L3-d16-seed999
  AIM run started: 8d2e24a9da7b4cb9984e68a9
  ✗ FAILED: Expected all tensors to be on the same device, but got mat2 is on cuda:0, different from other tensors on cpu (when checking argument in method wrapper_CUDA_mm)
[311/360] MMPO2TypeI_GTN-L3-d16-seed42 - RETRYING (Expected all tensors to be on the same device, but got mat2 is on cuda:0, differ...)

[311/360] Running: MMPO2TypeI_GTN-L3-d16-seed42
  AIM run started: 9ffcc11cee5e4b689dfda883
  ✗ FAILED: Expected all tensors to be on the same device, but got mat2 is on cuda:0, different from other tensors on cpu (when checking argument in method wrapper_CUDA_mm)
[312/360] MMPO2TypeI_GTN-L3-d16-seed7 - RETRYING (Expected all tensors to be on the same device, but got mat2 is on cuda:0, differ...)

[312/360] Running: MMPO2TypeI_GTN-L3-d16-seed7
  AIM run started: 4ccb9a1413ed4f799beccea9
  ✗ FAILED: Expected all tensors to be on the same device, but got mat2 is on cuda:0, different from other tensors on cpu (when checking argument in method wrapper_CUDA_mm)
[313/360] MMPO2TypeI_GTN-L3-d16-seed123 - RETRYING (Expected all tensors to be on the same device, but got mat2 is on cuda:0, differ...)

[313/360] Running: MMPO2TypeI_GTN-L3-d16-seed123
  AIM run started: 1d7279a47a5e44b5ba2741da
  ✗ FAILED: Expected all tensors to be on the same device, but got mat2 is on cuda:0, different from other tensors on cpu (when checking argument in method wrapper_CUDA_mm)
[314/360] MMPO2TypeI_GTN-L3-d16-seed256 - RETRYING (Expected all tensors to be on the same device, but got mat2 is on cuda:0, differ...)

[314/360] Running: MMPO2TypeI_GTN-L3-d16-seed256
  AIM run started: 1ea50e89dc9341bb89f10115
  ✗ FAILED: Expected all tensors to be on the same device, but got mat2 is on cuda:0, different from other tensors on cpu (when checking argument in method wrapper_CUDA_mm)
[315/360] MMPO2TypeI_GTN-L3-d16-seed999 - RETRYING (Expected all tensors to be on the same device, but got mat2 is on cuda:0, differ...)

[315/360] Running: MMPO2TypeI_GTN-L3-d16-seed999
  AIM run started: 1180821c3dd5463aba7b60bd
  ✗ FAILED: Expected all tensors to be on the same device, but got mat2 is on cuda:0, different from other tensors on cpu (when checking argument in method wrapper_CUDA_mm)
[316/360] MMPO2TypeI_GTN-L4-d8-seed42 - RETRYING (Expected all tensors to be on the same device, but got mat2 is on cuda:0, differ...)

[316/360] Running: MMPO2TypeI_GTN-L4-d8-seed42
  AIM run started: e5e58131d702471eaa966500
  ✗ FAILED: Expected all tensors to be on the same device, but got mat2 is on cuda:0, different from other tensors on cpu (when checking argument in method wrapper_CUDA_mm)
[317/360] MMPO2TypeI_GTN-L4-d8-seed7 - RETRYING (Expected all tensors to be on the same device, but got mat2 is on cuda:0, differ...)

[317/360] Running: MMPO2TypeI_GTN-L4-d8-seed7
  AIM run started: 13a02b30ea3340ad9b53e71d
  ✗ FAILED: Expected all tensors to be on the same device, but got mat2 is on cuda:0, different from other tensors on cpu (when checking argument in method wrapper_CUDA_mm)
[318/360] MMPO2TypeI_GTN-L4-d8-seed123 - RETRYING (Expected all tensors to be on the same device, but got mat2 is on cuda:0, differ...)

[318/360] Running: MMPO2TypeI_GTN-L4-d8-seed123
  AIM run started: 9a624f2d3bd947bfae6d97dd
  ✗ FAILED: Expected all tensors to be on the same device, but got mat2 is on cuda:0, different from other tensors on cpu (when checking argument in method wrapper_CUDA_mm)
[319/360] MMPO2TypeI_GTN-L4-d8-seed256 - RETRYING (Expected all tensors to be on the same device, but got mat2 is on cuda:0, differ...)

[319/360] Running: MMPO2TypeI_GTN-L4-d8-seed256
  AIM run started: 2abad8c9af5a455f9e3707f4
  ✗ FAILED: Expected all tensors to be on the same device, but got mat2 is on cuda:0, different from other tensors on cpu (when checking argument in method wrapper_CUDA_mm)
[320/360] MMPO2TypeI_GTN-L4-d8-seed999 - RETRYING (Expected all tensors to be on the same device, but got mat2 is on cuda:0, differ...)

[320/360] Running: MMPO2TypeI_GTN-L4-d8-seed999
  AIM run started: c4a6f732ae3c4ca9ad65026c
  ✗ FAILED: Expected all tensors to be on the same device, but got mat2 is on cuda:0, different from other tensors on cpu (when checking argument in method wrapper_CUDA_mm)
[321/360] MMPO2TypeI_GTN-L4-d8-seed42 - RETRYING (Expected all tensors to be on the same device, but got mat2 is on cuda:0, differ...)

[321/360] Running: MMPO2TypeI_GTN-L4-d8-seed42
  AIM run started: 0759bb924edd4428934ee8e8
  ✗ FAILED: Expected all tensors to be on the same device, but got mat2 is on cuda:0, different from other tensors on cpu (when checking argument in method wrapper_CUDA_mm)
[322/360] MMPO2TypeI_GTN-L4-d8-seed7 - RETRYING (Expected all tensors to be on the same device, but got mat2 is on cuda:0, differ...)

[322/360] Running: MMPO2TypeI_GTN-L4-d8-seed7
  AIM run started: 53c9b11b206a4fc58fdce376
  ✗ FAILED: Expected all tensors to be on the same device, but got mat2 is on cuda:0, different from other tensors on cpu (when checking argument in method wrapper_CUDA_mm)
[323/360] MMPO2TypeI_GTN-L4-d8-seed123 - RETRYING (Expected all tensors to be on the same device, but got mat2 is on cuda:0, differ...)

[323/360] Running: MMPO2TypeI_GTN-L4-d8-seed123
  AIM run started: 7f5a2ca61f2e44a38b50c694
  ✗ FAILED: Expected all tensors to be on the same device, but got mat2 is on cuda:0, different from other tensors on cpu (when checking argument in method wrapper_CUDA_mm)
[324/360] MMPO2TypeI_GTN-L4-d8-seed256 - RETRYING (Expected all tensors to be on the same device, but got mat2 is on cuda:0, differ...)

[324/360] Running: MMPO2TypeI_GTN-L4-d8-seed256
  AIM run started: 523d6cf034c04a12958d46b0
  ✗ FAILED: Expected all tensors to be on the same device, but got mat2 is on cuda:0, different from other tensors on cpu (when checking argument in method wrapper_CUDA_mm)
[325/360] MMPO2TypeI_GTN-L4-d8-seed999 - RETRYING (Expected all tensors to be on the same device, but got mat2 is on cuda:0, differ...)

[325/360] Running: MMPO2TypeI_GTN-L4-d8-seed999
  AIM run started: 33d070fb35ac4274a47f5c11
  ✗ FAILED: Expected all tensors to be on the same device, but got mat2 is on cuda:0, different from other tensors on cpu (when checking argument in method wrapper_CUDA_mm)
[326/360] MMPO2TypeI_GTN-L4-d8-seed42 - RETRYING (Expected all tensors to be on the same device, but got mat2 is on cuda:0, differ...)

[326/360] Running: MMPO2TypeI_GTN-L4-d8-seed42
  AIM run started: ad7f7f9bb86448c38e23b19a
  ✗ FAILED: Expected all tensors to be on the same device, but got mat2 is on cuda:0, different from other tensors on cpu (when checking argument in method wrapper_CUDA_mm)
[327/360] MMPO2TypeI_GTN-L4-d8-seed7 - RETRYING (Expected all tensors to be on the same device, but got mat2 is on cuda:0, differ...)

[327/360] Running: MMPO2TypeI_GTN-L4-d8-seed7
  AIM run started: 1ff4cbc31b024b68954a02ee
  ✗ FAILED: Expected all tensors to be on the same device, but got mat2 is on cuda:0, different from other tensors on cpu (when checking argument in method wrapper_CUDA_mm)
[328/360] MMPO2TypeI_GTN-L4-d8-seed123 - RETRYING (Expected all tensors to be on the same device, but got mat2 is on cuda:0, differ...)

[328/360] Running: MMPO2TypeI_GTN-L4-d8-seed123
  AIM run started: 379662c1f84443d5a0f86585
  ✗ FAILED: Expected all tensors to be on the same device, but got mat2 is on cuda:0, different from other tensors on cpu (when checking argument in method wrapper_CUDA_mm)
[329/360] MMPO2TypeI_GTN-L4-d8-seed256 - RETRYING (Expected all tensors to be on the same device, but got mat2 is on cuda:0, differ...)

[329/360] Running: MMPO2TypeI_GTN-L4-d8-seed256
  AIM run started: 88442247c8d9483699ef0dd1
  ✗ FAILED: Expected all tensors to be on the same device, but got mat2 is on cuda:0, different from other tensors on cpu (when checking argument in method wrapper_CUDA_mm)
[330/360] MMPO2TypeI_GTN-L4-d8-seed999 - RETRYING (Expected all tensors to be on the same device, but got mat2 is on cuda:0, differ...)

[330/360] Running: MMPO2TypeI_GTN-L4-d8-seed999
  AIM run started: bd6b36f3a5fd43c7b9d8c178
  ✗ FAILED: Expected all tensors to be on the same device, but got mat2 is on cuda:0, different from other tensors on cpu (when checking argument in method wrapper_CUDA_mm)
[331/360] MMPO2TypeI_GTN-L4-d12-seed42 - RETRYING (Expected all tensors to be on the same device, but got mat2 is on cuda:0, differ...)

[331/360] Running: MMPO2TypeI_GTN-L4-d12-seed42
  AIM run started: cc396379ed624e918156caee
  ✗ FAILED: Expected all tensors to be on the same device, but got mat2 is on cuda:0, different from other tensors on cpu (when checking argument in method wrapper_CUDA_mm)
[332/360] MMPO2TypeI_GTN-L4-d12-seed7 - RETRYING (Expected all tensors to be on the same device, but got mat2 is on cuda:0, differ...)

[332/360] Running: MMPO2TypeI_GTN-L4-d12-seed7
  AIM run started: 92ae690829db485a954d61e1
  ✗ FAILED: Expected all tensors to be on the same device, but got mat2 is on cuda:0, different from other tensors on cpu (when checking argument in method wrapper_CUDA_mm)
[333/360] MMPO2TypeI_GTN-L4-d12-seed123 - RETRYING (Expected all tensors to be on the same device, but got mat2 is on cuda:0, differ...)

[333/360] Running: MMPO2TypeI_GTN-L4-d12-seed123
  AIM run started: d19a2c5b7e1547b98d6cb0a7
  ✗ FAILED: Expected all tensors to be on the same device, but got mat2 is on cuda:0, different from other tensors on cpu (when checking argument in method wrapper_CUDA_mm)
[334/360] MMPO2TypeI_GTN-L4-d12-seed256 - RETRYING (Expected all tensors to be on the same device, but got mat2 is on cuda:0, differ...)

[334/360] Running: MMPO2TypeI_GTN-L4-d12-seed256
  AIM run started: 7cc56144de2147ae8c1bda30
  ✗ FAILED: Expected all tensors to be on the same device, but got mat2 is on cuda:0, different from other tensors on cpu (when checking argument in method wrapper_CUDA_mm)
[335/360] MMPO2TypeI_GTN-L4-d12-seed999 - RETRYING (Expected all tensors to be on the same device, but got mat2 is on cuda:0, differ...)

[335/360] Running: MMPO2TypeI_GTN-L4-d12-seed999
  AIM run started: 7c50cff02914490a85637409
  ✗ FAILED: Expected all tensors to be on the same device, but got mat2 is on cuda:0, different from other tensors on cpu (when checking argument in method wrapper_CUDA_mm)
[336/360] MMPO2TypeI_GTN-L4-d12-seed42 - RETRYING (Expected all tensors to be on the same device, but got mat2 is on cuda:0, differ...)

[336/360] Running: MMPO2TypeI_GTN-L4-d12-seed42
  AIM run started: c447b532292743a3b27c7d75
  ✗ FAILED: Expected all tensors to be on the same device, but got mat2 is on cuda:0, different from other tensors on cpu (when checking argument in method wrapper_CUDA_mm)
[337/360] MMPO2TypeI_GTN-L4-d12-seed7 - RETRYING (Expected all tensors to be on the same device, but got mat2 is on cuda:0, differ...)

[337/360] Running: MMPO2TypeI_GTN-L4-d12-seed7
  AIM run started: bfd4a6967aa847e580bb7ea9
  ✗ FAILED: Expected all tensors to be on the same device, but got mat2 is on cuda:0, different from other tensors on cpu (when checking argument in method wrapper_CUDA_mm)
[338/360] MMPO2TypeI_GTN-L4-d12-seed123 - RETRYING (Expected all tensors to be on the same device, but got mat2 is on cuda:0, differ...)

[338/360] Running: MMPO2TypeI_GTN-L4-d12-seed123
  AIM run started: 64eb531a137941a099aed857
  ✗ FAILED: Expected all tensors to be on the same device, but got mat2 is on cuda:0, different from other tensors on cpu (when checking argument in method wrapper_CUDA_mm)
[339/360] MMPO2TypeI_GTN-L4-d12-seed256 - RETRYING (Expected all tensors to be on the same device, but got mat2 is on cuda:0, differ...)

[339/360] Running: MMPO2TypeI_GTN-L4-d12-seed256
  AIM run started: ff53d005be2d4a7e9d7d7227
  ✗ FAILED: Expected all tensors to be on the same device, but got mat2 is on cuda:0, different from other tensors on cpu (when checking argument in method wrapper_CUDA_mm)
[340/360] MMPO2TypeI_GTN-L4-d12-seed999 - RETRYING (Expected all tensors to be on the same device, but got mat2 is on cuda:0, differ...)

[340/360] Running: MMPO2TypeI_GTN-L4-d12-seed999
  AIM run started: 57ee426e94cf4045ae083a1f
  ✗ FAILED: Expected all tensors to be on the same device, but got mat2 is on cuda:0, different from other tensors on cpu (when checking argument in method wrapper_CUDA_mm)
[341/360] MMPO2TypeI_GTN-L4-d12-seed42 - RETRYING (Expected all tensors to be on the same device, but got mat2 is on cuda:0, differ...)

[341/360] Running: MMPO2TypeI_GTN-L4-d12-seed42
  AIM run started: 3f3519656c1641be8ba8271e
  ✗ FAILED: Expected all tensors to be on the same device, but got mat2 is on cuda:0, different from other tensors on cpu (when checking argument in method wrapper_CUDA_mm)
[342/360] MMPO2TypeI_GTN-L4-d12-seed7 - RETRYING (Expected all tensors to be on the same device, but got mat2 is on cuda:0, differ...)

[342/360] Running: MMPO2TypeI_GTN-L4-d12-seed7
  AIM run started: 8b0e283985a84309a05622c0
  ✗ FAILED: Expected all tensors to be on the same device, but got mat2 is on cuda:0, different from other tensors on cpu (when checking argument in method wrapper_CUDA_mm)
[343/360] MMPO2TypeI_GTN-L4-d12-seed123 - RETRYING (Expected all tensors to be on the same device, but got mat2 is on cuda:0, differ...)

[343/360] Running: MMPO2TypeI_GTN-L4-d12-seed123
  AIM run started: 7be1227ee3e74b78bd257a83
  ✗ FAILED: Expected all tensors to be on the same device, but got mat2 is on cuda:0, different from other tensors on cpu (when checking argument in method wrapper_CUDA_mm)
[344/360] MMPO2TypeI_GTN-L4-d12-seed256 - RETRYING (Expected all tensors to be on the same device, but got mat2 is on cuda:0, differ...)

[344/360] Running: MMPO2TypeI_GTN-L4-d12-seed256
  AIM run started: 9b627a08e691491989b22ebf
  ✗ FAILED: Expected all tensors to be on the same device, but got mat2 is on cuda:0, different from other tensors on cpu (when checking argument in method wrapper_CUDA_mm)
[345/360] MMPO2TypeI_GTN-L4-d12-seed999 - RETRYING (Expected all tensors to be on the same device, but got mat2 is on cuda:0, differ...)

[345/360] Running: MMPO2TypeI_GTN-L4-d12-seed999
  AIM run started: 1720b1e944684ef7812b5eae
  ✗ FAILED: Expected all tensors to be on the same device, but got mat2 is on cuda:0, different from other tensors on cpu (when checking argument in method wrapper_CUDA_mm)
[346/360] MMPO2TypeI_GTN-L4-d16-seed42 - RETRYING (Expected all tensors to be on the same device, but got mat2 is on cuda:0, differ...)

[346/360] Running: MMPO2TypeI_GTN-L4-d16-seed42
  AIM run started: 6d2d3c0a0a16477fb5867b79
  ✗ FAILED: Expected all tensors to be on the same device, but got mat2 is on cuda:0, different from other tensors on cpu (when checking argument in method wrapper_CUDA_mm)
[347/360] MMPO2TypeI_GTN-L4-d16-seed7 - RETRYING (Expected all tensors to be on the same device, but got mat2 is on cuda:0, differ...)

[347/360] Running: MMPO2TypeI_GTN-L4-d16-seed7
  AIM run started: cec57c34687c4573851f7bee
  ✗ FAILED: Expected all tensors to be on the same device, but got mat2 is on cuda:0, different from other tensors on cpu (when checking argument in method wrapper_CUDA_mm)
[348/360] MMPO2TypeI_GTN-L4-d16-seed123 - RETRYING (Expected all tensors to be on the same device, but got mat2 is on cuda:0, differ...)

[348/360] Running: MMPO2TypeI_GTN-L4-d16-seed123
  AIM run started: 07b314bbd1ba4d23becb615c
  ✗ FAILED: Expected all tensors to be on the same device, but got mat2 is on cuda:0, different from other tensors on cpu (when checking argument in method wrapper_CUDA_mm)
[349/360] MMPO2TypeI_GTN-L4-d16-seed256 - RETRYING (Expected all tensors to be on the same device, but got mat2 is on cuda:0, differ...)

[349/360] Running: MMPO2TypeI_GTN-L4-d16-seed256
  AIM run started: 2d79ffba78964a8eb8b4b4ba
  ✗ FAILED: Expected all tensors to be on the same device, but got mat2 is on cuda:0, different from other tensors on cpu (when checking argument in method wrapper_CUDA_mm)
[350/360] MMPO2TypeI_GTN-L4-d16-seed999 - RETRYING (Expected all tensors to be on the same device, but got mat2 is on cuda:0, differ...)

[350/360] Running: MMPO2TypeI_GTN-L4-d16-seed999
  AIM run started: dbe6febc88ac41c2abba21ed
  ✗ FAILED: Expected all tensors to be on the same device, but got mat2 is on cuda:0, different from other tensors on cpu (when checking argument in method wrapper_CUDA_mm)
[351/360] MMPO2TypeI_GTN-L4-d16-seed42 - RETRYING (Expected all tensors to be on the same device, but got mat2 is on cuda:0, differ...)

[351/360] Running: MMPO2TypeI_GTN-L4-d16-seed42
  AIM run started: a2fa5631b9734779ab0a70db
  ✗ FAILED: Expected all tensors to be on the same device, but got mat2 is on cuda:0, different from other tensors on cpu (when checking argument in method wrapper_CUDA_mm)
[352/360] MMPO2TypeI_GTN-L4-d16-seed7 - RETRYING (Expected all tensors to be on the same device, but got mat2 is on cuda:0, differ...)

[352/360] Running: MMPO2TypeI_GTN-L4-d16-seed7
  AIM run started: 06f1cf8a2ff84d0f9fc74b90
  ✗ FAILED: Expected all tensors to be on the same device, but got mat2 is on cuda:0, different from other tensors on cpu (when checking argument in method wrapper_CUDA_mm)
[353/360] MMPO2TypeI_GTN-L4-d16-seed123 - RETRYING (Expected all tensors to be on the same device, but got mat2 is on cuda:0, differ...)

[353/360] Running: MMPO2TypeI_GTN-L4-d16-seed123
  AIM run started: d1e077cef5c14926995f1f47
  ✗ FAILED: Expected all tensors to be on the same device, but got mat2 is on cuda:0, different from other tensors on cpu (when checking argument in method wrapper_CUDA_mm)
[354/360] MMPO2TypeI_GTN-L4-d16-seed256 - RETRYING (Expected all tensors to be on the same device, but got mat2 is on cuda:0, differ...)

[354/360] Running: MMPO2TypeI_GTN-L4-d16-seed256
  AIM run started: dd8ea77a83224b51b46d5c2d
  ✗ FAILED: Expected all tensors to be on the same device, but got mat2 is on cuda:0, different from other tensors on cpu (when checking argument in method wrapper_CUDA_mm)
[355/360] MMPO2TypeI_GTN-L4-d16-seed999 - RETRYING (Expected all tensors to be on the same device, but got mat2 is on cuda:0, differ...)

[355/360] Running: MMPO2TypeI_GTN-L4-d16-seed999
  AIM run started: e7b2c1b3cfdc41b187c5ea0e
  ✗ FAILED: Expected all tensors to be on the same device, but got mat2 is on cuda:0, different from other tensors on cpu (when checking argument in method wrapper_CUDA_mm)
[356/360] MMPO2TypeI_GTN-L4-d16-seed42 - RETRYING (Expected all tensors to be on the same device, but got mat2 is on cuda:0, differ...)

[356/360] Running: MMPO2TypeI_GTN-L4-d16-seed42
  AIM run started: ea5753bd189243a6a824e52f
  ✗ FAILED: Expected all tensors to be on the same device, but got mat2 is on cuda:0, different from other tensors on cpu (when checking argument in method wrapper_CUDA_mm)
[357/360] MMPO2TypeI_GTN-L4-d16-seed7 - RETRYING (Expected all tensors to be on the same device, but got mat2 is on cuda:0, differ...)

[357/360] Running: MMPO2TypeI_GTN-L4-d16-seed7
  AIM run started: 1e696dc4f73b445fabe3838d
  ✗ FAILED: Expected all tensors to be on the same device, but got mat2 is on cuda:0, different from other tensors on cpu (when checking argument in method wrapper_CUDA_mm)
[358/360] MMPO2TypeI_GTN-L4-d16-seed123 - RETRYING (Expected all tensors to be on the same device, but got mat2 is on cuda:0, differ...)

[358/360] Running: MMPO2TypeI_GTN-L4-d16-seed123
  AIM run started: bc2c83bafe1f48cca0378da9
  ✗ FAILED: Expected all tensors to be on the same device, but got mat2 is on cuda:0, different from other tensors on cpu (when checking argument in method wrapper_CUDA_mm)
[359/360] MMPO2TypeI_GTN-L4-d16-seed256 - RETRYING (Expected all tensors to be on the same device, but got mat2 is on cuda:0, differ...)

[359/360] Running: MMPO2TypeI_GTN-L4-d16-seed256
  AIM run started: ca7cbebf2bb94e95a658ebca
  ✗ FAILED: Expected all tensors to be on the same device, but got mat2 is on cuda:0, different from other tensors on cpu (when checking argument in method wrapper_CUDA_mm)
[360/360] MMPO2TypeI_GTN-L4-d16-seed999 - RETRYING (Expected all tensors to be on the same device, but got mat2 is on cuda:0, differ...)

[360/360] Running: MMPO2TypeI_GTN-L4-d16-seed999
  AIM run started: 00bd141a177146fab9b12073
  ✗ FAILED: Expected all tensors to be on the same device, but got mat2 is on cuda:0, different from other tensors on cpu (when checking argument in method wrapper_CUDA_mm)

======================================================================
GRID SEARCH SUMMARY
======================================================================
Total runs: 360
Completed: 0
Skipped: 270
Failed: 90
Time: 1356.8s (3.8s per run)
Grid search complete. Marked as .complete
======================================================================

------------------------------------------------------------
Sender: LSF System <lsfadmin@hpc.dtu.dk>
Subject: Job 27685603: <gtn-iris> in cluster <dcc> Done

Job <gtn-iris> was submitted from host <hpclogin1> by user <nicci> in cluster <dcc> at Sun Jan 25 14:07:50 2026
Job was executed on host(s) <8*n-62-20-5>, in queue <gpuv100>, as user <nicci> in cluster <dcc> at Sun Jan 25 15:50:15 2026
</zhome/6b/e/212868> was used as the home directory.
</zhome/6b/e/212868/GTN> was used as the working directory.
Started at Sun Jan 25 15:50:15 2026
Terminated at Sun Jan 25 16:13:08 2026
Results reported at Sun Jan 25 16:13:08 2026

Your job looked like:

------------------------------------------------------------
# LSBATCH: User input
#!/bin/sh
#BSUB -q gpuv100
#BSUB -J gtn-iris
#BSUB -W 3:00
#BSUB -n 8
#BSUB -gpu "num=1:mode=exclusive_process"
#BSUB -R "rusage[mem=8GB]"
#BSUB -R "span[hosts=1]"
#BSUB -o logs/gtn-iris_%J.out
#BSUB -e logs/gtn-iris_%J.err
#BSUB -u nicci@dtu.dk

export HOME=/zhome/6b/e/212868

cd $HOME/GTN
source .venv/bin/activate

set -a
source $HOME/aim
set +a

python experiments/run_grid_search_gtn.py --config experiments/configs/uci_gtn_iris.json --output-dir results/gtn_iris

------------------------------------------------------------

Successfully completed.

Resource usage summary:

    CPU time :                                   67.32 sec.
    Max Memory :                                 554 MB
    Average Memory :                             542.00 MB
    Total Requested Memory :                     65536.00 MB
    Delta Memory :                               64982.00 MB
    Max Swap :                                   -
    Max Processes :                              4
    Max Threads :                                14
    Run time :                                   1373 sec.
    Turnaround time :                            7518 sec.

The output (if any) is above this job summary.



PS:

Read file <logs/gtn-iris_27685603.err> for stderr output of this job.

