[2026-04-14 22:19:45,922][HYDRA] Launching 30 jobs locally
[2026-04-14 22:19:45,923][HYDRA] 	#0 : model.L=3 model.bond_dim=4 seed=42 trainer.ridge=5 trainer.ridge_decay=0.25 trainer.ridge_min=0.0001 +experiment=uci_ntn_sweep model=mmpo2 dataset=ai4i
[2026-04-14 22:19:46,261][__main__][INFO] - Configuration:
model:
  name: MMPO2
  L: 3
  bond_dim: 4
  output_site: null
  init_strength: 0.1
dataset:
  name: ai4i
  task: regression
  cap: 50
  size: large
  batch_size: 128
slurm:
  partition: titans
  time: '24:00:00'
  mem: 2gb
  gpu_arch: Ampere
  cpus: 1
  gpu: 1
hpc:
  queue: gpuv100
  time: '24:00'
  mem: 500MB
  cpus: 4
  gpu: 1
trainer:
  type: ntn
  n_epochs: 20
  ridge: 5
  ridge_decay: 0.25
  ridge_min: 0.0001
  adaptive_ridge: false
  patience: 10
  min_delta: 0.001
  train_selection: true
seed: 42
experiment_name: ${model.name}_${dataset.name}_${trainer.type}_rg${trainer.ridge}_init${model.init_strength}
skip_completed: true
update_tracking: false

[2026-04-14 22:19:46,269][__main__][INFO] - Output directory: /zhome/6b/e/212868/GTN/outputs/ntn/ai4i/MMPO2_rg5_init0.1/L3_bd4_seed42
[2026-04-14 22:19:46,344][utils.tracking][INFO] - Loaded 17231 tracked runs from runs_tracking.csv
[2026-04-14 22:19:46,346][__main__][INFO] - Loading dataset: ai4i
[2026-04-14 22:19:48,485][__main__][INFO] -   Samples: train=7000, val=1500, test=1500
[2026-04-14 22:19:48,485][__main__][INFO] -   Features: 10 (including bias), Task: regression
[2026-04-14 22:19:48,485][__main__][INFO] -   Device: cuda
[2026-04-14 22:19:48,485][__main__][INFO] - Creating model: MMPO2
Starting Fit: 20 epochs.
Sweep Order: ['0_MPS', '1_MPS', '2_MPS', '1_MPS']
Validation: Using separate validation set for best model selection
Early stopping: patience=10, min_delta=0.001
Init    | Train: loss: 277.71797 | quality: -8189.37702
        | Val:   loss: 258.57126 | quality: -8023.62535
Epoch 1 | Train: loss: 0.02429 | quality: 0.28365
        | Val:   loss: 0.02175 | quality: 0.32515
 *
Epoch 2 | Train: loss: 0.02065 | quality: 0.39092
        | Val:   loss: 0.02022 | quality: 0.37244
 *
Epoch 3 | Train: loss: 0.01962 | quality: 0.42125
        | Val:   loss: 0.01990 | quality: 0.38237
 *
Epoch 4 | Train: loss: 0.01930 | quality: 0.43073
        | Val:   loss: 0.02052 | quality: 0.36303

Epoch 5 | Train: loss: 0.01918 | quality: 0.43421
        | Val:   loss: 0.02070 | quality: 0.35750

Epoch 6 | Train: loss: 0.01912 | quality: 0.43608
        | Val:   loss: 0.02090 | quality: 0.35152

Epoch 7 | Train: loss: 0.01909 | quality: 0.43701
        | Val:   loss: 0.02102 | quality: 0.34774

Epoch 8 | Train: loss: 0.01907 | quality: 0.43765
        | Val:   loss: 0.02110 | quality: 0.34503

Epoch 9 | Train: loss: 0.01905 | quality: 0.43810
        | Val:   loss: 0.02118 | quality: 0.34258

Epoch 10 | Train: loss: 0.01905 | quality: 0.43827
        | Val:   loss: 0.02121 | quality: 0.34177

Epoch 11 | Train: loss: 0.01904 | quality: 0.43840
        | Val:   loss: 0.02123 | quality: 0.34116

Epoch 12 | Train: loss: 0.01904 | quality: 0.43848
        | Val:   loss: 0.02125 | quality: 0.34066

Epoch 13 | Train: loss: 0.01904 | quality: 0.43855
        | Val:   loss: 0.02126 | quality: 0.34029


⏸ Early stopping at epoch 13 (best was epoch 3)
[2026-04-14 22:19:51,440][__main__][INFO] - Results saved to: /zhome/6b/e/212868/GTN/outputs/ntn/ai4i/MMPO2_rg5_init0.1/L3_bd4_seed42/results.json
[2026-04-14 22:19:51,441][__main__][INFO] - ✓ Train R²: 0.4212
[2026-04-14 22:19:51,441][__main__][INFO] - ✓ Val R²: 0.3824
[2026-04-14 22:19:51,443][HYDRA] 	#1 : model.L=3 model.bond_dim=4 seed=10090 trainer.ridge=5 trainer.ridge_decay=0.25 trainer.ridge_min=0.0001 +experiment=uci_ntn_sweep model=mmpo2 dataset=ai4i
[2026-04-14 22:19:51,579][__main__][INFO] - Configuration:
model:
  name: MMPO2
  L: 3
  bond_dim: 4
  output_site: null
  init_strength: 0.1
dataset:
  name: ai4i
  task: regression
  cap: 50
  size: large
  batch_size: 128
slurm:
  partition: titans
  time: '24:00:00'
  mem: 2gb
  gpu_arch: Ampere
  cpus: 1
  gpu: 1
hpc:
  queue: gpuv100
  time: '24:00'
  mem: 500MB
  cpus: 4
  gpu: 1
trainer:
  type: ntn
  n_epochs: 20
  ridge: 5
  ridge_decay: 0.25
  ridge_min: 0.0001
  adaptive_ridge: false
  patience: 10
  min_delta: 0.001
  train_selection: true
seed: 10090
experiment_name: ${model.name}_${dataset.name}_${trainer.type}_rg${trainer.ridge}_init${model.init_strength}
skip_completed: true
update_tracking: false

[2026-04-14 22:19:51,583][__main__][INFO] - Output directory: /zhome/6b/e/212868/GTN/outputs/ntn/ai4i/MMPO2_rg5_init0.1/L3_bd4_seed10090
[2026-04-14 22:19:51,584][__main__][INFO] - Loading dataset: ai4i
[2026-04-14 22:19:53,407][__main__][INFO] -   Samples: train=7000, val=1500, test=1500
[2026-04-14 22:19:53,408][__main__][INFO] -   Features: 10 (including bias), Task: regression
[2026-04-14 22:19:53,408][__main__][INFO] -   Device: cuda
[2026-04-14 22:19:53,408][__main__][INFO] - Creating model: MMPO2
Starting Fit: 20 epochs.
Sweep Order: ['0_MPS', '1_MPS', '2_MPS', '1_MPS']
Validation: Using separate validation set for best model selection
Early stopping: patience=10, min_delta=0.001
Init    | Train: loss: 1834.77628 | quality: -54109.68523
        | Val:   loss: 1738.93219 | quality: -53965.86117
Epoch 1 | Train: loss: 0.02458 | quality: 0.27517
        | Val:   loss: 0.02133 | quality: 0.33807
 *
Epoch 2 | Train: loss: 0.02054 | quality: 0.39423
        | Val:   loss: 0.02010 | quality: 0.37627
 *
Epoch 3 | Train: loss: 0.01987 | quality: 0.41392
        | Val:   loss: 0.02003 | quality: 0.37838
 *
Epoch 4 | Train: loss: 0.01951 | quality: 0.42468
        | Val:   loss: 0.02052 | quality: 0.36311

Epoch 5 | Train: loss: 0.01941 | quality: 0.42747
        | Val:   loss: 0.02062 | quality: 0.35991

Epoch 6 | Train: loss: 0.01936 | quality: 0.42911
        | Val:   loss: 0.02064 | quality: 0.35959

Epoch 7 | Train: loss: 0.01929 | quality: 0.43119
        | Val:   loss: 0.02064 | quality: 0.35958

Epoch 8 | Train: loss: 0.01926 | quality: 0.43206
        | Val:   loss: 0.02073 | quality: 0.35659

Epoch 9 | Train: loss: 0.01925 | quality: 0.43228
        | Val:   loss: 0.02078 | quality: 0.35512

Epoch 10 | Train: loss: 0.01925 | quality: 0.43238
        | Val:   loss: 0.02082 | quality: 0.35386

Epoch 11 | Train: loss: 0.01924 | quality: 0.43245
        | Val:   loss: 0.02084 | quality: 0.35318

Epoch 12 | Train: loss: 0.01924 | quality: 0.43250
        | Val:   loss: 0.02085 | quality: 0.35282

Epoch 13 | Train: loss: 0.01924 | quality: 0.43254
        | Val:   loss: 0.02086 | quality: 0.35267


⏸ Early stopping at epoch 13 (best was epoch 3)
[2026-04-14 22:19:56,050][__main__][INFO] - Results saved to: /zhome/6b/e/212868/GTN/outputs/ntn/ai4i/MMPO2_rg5_init0.1/L3_bd4_seed10090/results.json
[2026-04-14 22:19:56,051][__main__][INFO] - ✓ Train R²: 0.4139
[2026-04-14 22:19:56,051][__main__][INFO] - ✓ Val R²: 0.3784
[2026-04-14 22:19:56,054][HYDRA] 	#2 : model.L=3 model.bond_dim=4 seed=32874 trainer.ridge=5 trainer.ridge_decay=0.25 trainer.ridge_min=0.0001 +experiment=uci_ntn_sweep model=mmpo2 dataset=ai4i
[2026-04-14 22:19:56,215][__main__][INFO] - Configuration:
model:
  name: MMPO2
  L: 3
  bond_dim: 4
  output_site: null
  init_strength: 0.1
dataset:
  name: ai4i
  task: regression
  cap: 50
  size: large
  batch_size: 128
slurm:
  partition: titans
  time: '24:00:00'
  mem: 2gb
  gpu_arch: Ampere
  cpus: 1
  gpu: 1
hpc:
  queue: gpuv100
  time: '24:00'
  mem: 500MB
  cpus: 4
  gpu: 1
trainer:
  type: ntn
  n_epochs: 20
  ridge: 5
  ridge_decay: 0.25
  ridge_min: 0.0001
  adaptive_ridge: false
  patience: 10
  min_delta: 0.001
  train_selection: true
seed: 32874
experiment_name: ${model.name}_${dataset.name}_${trainer.type}_rg${trainer.ridge}_init${model.init_strength}
skip_completed: true
update_tracking: false

[2026-04-14 22:19:56,219][__main__][INFO] - Output directory: /zhome/6b/e/212868/GTN/outputs/ntn/ai4i/MMPO2_rg5_init0.1/L3_bd4_seed32874
[2026-04-14 22:19:56,220][__main__][INFO] - Loading dataset: ai4i
[2026-04-14 22:19:58,053][__main__][INFO] -   Samples: train=7000, val=1500, test=1500
[2026-04-14 22:19:58,054][__main__][INFO] -   Features: 10 (including bias), Task: regression
[2026-04-14 22:19:58,054][__main__][INFO] -   Device: cuda
[2026-04-14 22:19:58,054][__main__][INFO] - Creating model: MMPO2
Starting Fit: 20 epochs.
Sweep Order: ['0_MPS', '1_MPS', '2_MPS', '1_MPS']
Validation: Using separate validation set for best model selection
Early stopping: patience=10, min_delta=0.001
Init    | Train: loss: 240.70279 | quality: -7097.73614
        | Val:   loss: 252.56145 | quality: -7837.11403
Epoch 1 | Train: loss: 0.02460 | quality: 0.27460
        | Val:   loss: 0.02173 | quality: 0.32569
 *
Epoch 2 | Train: loss: 0.02025 | quality: 0.40288
        | Val:   loss: 0.02067 | quality: 0.35838
 *
Epoch 3 | Train: loss: 0.01965 | quality: 0.42061
        | Val:   loss: 0.02078 | quality: 0.35526

Epoch 4 | Train: loss: 0.01949 | quality: 0.42506
        | Val:   loss: 0.02090 | quality: 0.35129

Epoch 5 | Train: loss: 0.01939 | quality: 0.42822
        | Val:   loss: 0.02094 | quality: 0.35020

Epoch 6 | Train: loss: 0.01932 | quality: 0.43008
        | Val:   loss: 0.02091 | quality: 0.35113

Epoch 7 | Train: loss: 0.01928 | quality: 0.43132
        | Val:   loss: 0.02086 | quality: 0.35250

Epoch 8 | Train: loss: 0.01924 | quality: 0.43267
        | Val:   loss: 0.02084 | quality: 0.35336

Epoch 9 | Train: loss: 0.01918 | quality: 0.43432
        | Val:   loss: 0.02092 | quality: 0.35090

Epoch 10 | Train: loss: 0.01913 | quality: 0.43591
        | Val:   loss: 0.02102 | quality: 0.34750

Epoch 11 | Train: loss: 0.01909 | quality: 0.43691
        | Val:   loss: 0.02115 | quality: 0.34356

Epoch 12 | Train: loss: 0.01907 | quality: 0.43746
        | Val:   loss: 0.02123 | quality: 0.34101


⏸ Early stopping at epoch 12 (best was epoch 2)
[2026-04-14 22:20:01,024][__main__][INFO] - Results saved to: /zhome/6b/e/212868/GTN/outputs/ntn/ai4i/MMPO2_rg5_init0.1/L3_bd4_seed32874/results.json
[2026-04-14 22:20:01,025][__main__][INFO] - ✓ Train R²: 0.4029
[2026-04-14 22:20:01,025][__main__][INFO] - ✓ Val R²: 0.3584
[2026-04-14 22:20:01,027][HYDRA] 	#3 : model.L=3 model.bond_dim=4 seed=47311 trainer.ridge=5 trainer.ridge_decay=0.25 trainer.ridge_min=0.0001 +experiment=uci_ntn_sweep model=mmpo2 dataset=ai4i
[2026-04-14 22:20:01,223][__main__][INFO] - Configuration:
model:
  name: MMPO2
  L: 3
  bond_dim: 4
  output_site: null
  init_strength: 0.1
dataset:
  name: ai4i
  task: regression
  cap: 50
  size: large
  batch_size: 128
slurm:
  partition: titans
  time: '24:00:00'
  mem: 2gb
  gpu_arch: Ampere
  cpus: 1
  gpu: 1
hpc:
  queue: gpuv100
  time: '24:00'
  mem: 500MB
  cpus: 4
  gpu: 1
trainer:
  type: ntn
  n_epochs: 20
  ridge: 5
  ridge_decay: 0.25
  ridge_min: 0.0001
  adaptive_ridge: false
  patience: 10
  min_delta: 0.001
  train_selection: true
seed: 47311
experiment_name: ${model.name}_${dataset.name}_${trainer.type}_rg${trainer.ridge}_init${model.init_strength}
skip_completed: true
update_tracking: false

[2026-04-14 22:20:01,227][__main__][INFO] - Output directory: /zhome/6b/e/212868/GTN/outputs/ntn/ai4i/MMPO2_rg5_init0.1/L3_bd4_seed47311
[2026-04-14 22:20:01,228][__main__][INFO] - Loading dataset: ai4i
[2026-04-14 22:20:03,053][__main__][INFO] -   Samples: train=7000, val=1500, test=1500
[2026-04-14 22:20:03,054][__main__][INFO] -   Features: 10 (including bias), Task: regression
[2026-04-14 22:20:03,054][__main__][INFO] -   Device: cuda
[2026-04-14 22:20:03,054][__main__][INFO] - Creating model: MMPO2
Starting Fit: 20 epochs.
Sweep Order: ['0_MPS', '1_MPS', '2_MPS', '1_MPS']
Validation: Using separate validation set for best model selection
Early stopping: patience=10, min_delta=0.001
Init    | Train: loss: 370.13081 | quality: -10914.78970
        | Val:   loss: 264.58831 | quality: -8210.36121
Epoch 1 | Train: loss: 0.02442 | quality: 0.27969
        | Val:   loss: 0.02145 | quality: 0.33438
 *
Epoch 2 | Train: loss: 0.02059 | quality: 0.39276
        | Val:   loss: 0.02018 | quality: 0.37375
 *
Epoch 3 | Train: loss: 0.01995 | quality: 0.41167
        | Val:   loss: 0.02039 | quality: 0.36719

Epoch 4 | Train: loss: 0.01962 | quality: 0.42147
        | Val:   loss: 0.02072 | quality: 0.35707

Epoch 5 | Train: loss: 0.01937 | quality: 0.42878
        | Val:   loss: 0.02093 | quality: 0.35030

Epoch 6 | Train: loss: 0.01922 | quality: 0.43330
        | Val:   loss: 0.02106 | quality: 0.34629

Epoch 7 | Train: loss: 0.01915 | quality: 0.43534
        | Val:   loss: 0.02113 | quality: 0.34434

Epoch 8 | Train: loss: 0.01911 | quality: 0.43652
        | Val:   loss: 0.02116 | quality: 0.34320

Epoch 9 | Train: loss: 0.01908 | quality: 0.43721
        | Val:   loss: 0.02121 | quality: 0.34185

Epoch 10 | Train: loss: 0.01907 | quality: 0.43761
        | Val:   loss: 0.02125 | quality: 0.34046

Epoch 11 | Train: loss: 0.01906 | quality: 0.43786
        | Val:   loss: 0.02128 | quality: 0.33961

Epoch 12 | Train: loss: 0.01905 | quality: 0.43804
        | Val:   loss: 0.02129 | quality: 0.33942


⏸ Early stopping at epoch 12 (best was epoch 2)
[2026-04-14 22:20:05,489][__main__][INFO] - Results saved to: /zhome/6b/e/212868/GTN/outputs/ntn/ai4i/MMPO2_rg5_init0.1/L3_bd4_seed47311/results.json
[2026-04-14 22:20:05,489][__main__][INFO] - ✓ Train R²: 0.3928
[2026-04-14 22:20:05,489][__main__][INFO] - ✓ Val R²: 0.3737
[2026-04-14 22:20:05,491][HYDRA] 	#4 : model.L=3 model.bond_dim=4 seed=47303 trainer.ridge=5 trainer.ridge_decay=0.25 trainer.ridge_min=0.0001 +experiment=uci_ntn_sweep model=mmpo2 dataset=ai4i
[2026-04-14 22:20:05,645][__main__][INFO] - Configuration:
model:
  name: MMPO2
  L: 3
  bond_dim: 4
  output_site: null
  init_strength: 0.1
dataset:
  name: ai4i
  task: regression
  cap: 50
  size: large
  batch_size: 128
slurm:
  partition: titans
  time: '24:00:00'
  mem: 2gb
  gpu_arch: Ampere
  cpus: 1
  gpu: 1
hpc:
  queue: gpuv100
  time: '24:00'
  mem: 500MB
  cpus: 4
  gpu: 1
trainer:
  type: ntn
  n_epochs: 20
  ridge: 5
  ridge_decay: 0.25
  ridge_min: 0.0001
  adaptive_ridge: false
  patience: 10
  min_delta: 0.001
  train_selection: true
seed: 47303
experiment_name: ${model.name}_${dataset.name}_${trainer.type}_rg${trainer.ridge}_init${model.init_strength}
skip_completed: true
update_tracking: false

[2026-04-14 22:20:05,650][__main__][INFO] - Output directory: /zhome/6b/e/212868/GTN/outputs/ntn/ai4i/MMPO2_rg5_init0.1/L3_bd4_seed47303
[2026-04-14 22:20:05,651][__main__][INFO] - Loading dataset: ai4i
[2026-04-14 22:20:07,491][__main__][INFO] -   Samples: train=7000, val=1500, test=1500
[2026-04-14 22:20:07,492][__main__][INFO] -   Features: 10 (including bias), Task: regression
[2026-04-14 22:20:07,492][__main__][INFO] -   Device: cuda
[2026-04-14 22:20:07,492][__main__][INFO] - Creating model: MMPO2
Starting Fit: 20 epochs.
Sweep Order: ['0_MPS', '1_MPS', '2_MPS', '1_MPS']
Validation: Using separate validation set for best model selection
Early stopping: patience=10, min_delta=0.001
Init    | Train: loss: 1861.02124 | quality: -54883.69390
        | Val:   loss: 1900.72993 | quality: -58987.17009
Epoch 1 | Train: loss: 0.02515 | quality: 0.25819
        | Val:   loss: 0.02182 | quality: 0.32295
 *
Epoch 2 | Train: loss: 0.02019 | quality: 0.40463
        | Val:   loss: 0.01999 | quality: 0.37951
 *
Epoch 3 | Train: loss: 0.01965 | quality: 0.42040
        | Val:   loss: 0.02027 | quality: 0.37082

Epoch 4 | Train: loss: 0.01948 | quality: 0.42546
        | Val:   loss: 0.02057 | quality: 0.36177

Epoch 5 | Train: loss: 0.01937 | quality: 0.42869
        | Val:   loss: 0.02079 | quality: 0.35487

Epoch 6 | Train: loss: 0.01930 | quality: 0.43077
        | Val:   loss: 0.02082 | quality: 0.35385

Epoch 7 | Train: loss: 0.01925 | quality: 0.43218
        | Val:   loss: 0.02082 | quality: 0.35382

Epoch 8 | Train: loss: 0.01921 | quality: 0.43336
        | Val:   loss: 0.02085 | quality: 0.35298

Epoch 9 | Train: loss: 0.01918 | quality: 0.43429
        | Val:   loss: 0.02088 | quality: 0.35198

Epoch 10 | Train: loss: 0.01916 | quality: 0.43484
        | Val:   loss: 0.02092 | quality: 0.35081

Epoch 11 | Train: loss: 0.01915 | quality: 0.43525
        | Val:   loss: 0.02095 | quality: 0.34976

Epoch 12 | Train: loss: 0.01914 | quality: 0.43559
        | Val:   loss: 0.02098 | quality: 0.34878


⏸ Early stopping at epoch 12 (best was epoch 2)
[2026-04-14 22:20:09,954][__main__][INFO] - Results saved to: /zhome/6b/e/212868/GTN/outputs/ntn/ai4i/MMPO2_rg5_init0.1/L3_bd4_seed47303/results.json
[2026-04-14 22:20:09,954][__main__][INFO] - ✓ Train R²: 0.4046
[2026-04-14 22:20:09,954][__main__][INFO] - ✓ Val R²: 0.3795
[2026-04-14 22:20:09,956][HYDRA] 	#5 : model.L=3 model.bond_dim=8 seed=42 trainer.ridge=5 trainer.ridge_decay=0.25 trainer.ridge_min=0.0001 +experiment=uci_ntn_sweep model=mmpo2 dataset=ai4i
[2026-04-14 22:20:10,092][__main__][INFO] - Configuration:
model:
  name: MMPO2
  L: 3
  bond_dim: 8
  output_site: null
  init_strength: 0.1
dataset:
  name: ai4i
  task: regression
  cap: 50
  size: large
  batch_size: 128
slurm:
  partition: titans
  time: '24:00:00'
  mem: 2gb
  gpu_arch: Ampere
  cpus: 1
  gpu: 1
hpc:
  queue: gpuv100
  time: '24:00'
  mem: 500MB
  cpus: 4
  gpu: 1
trainer:
  type: ntn
  n_epochs: 20
  ridge: 5
  ridge_decay: 0.25
  ridge_min: 0.0001
  adaptive_ridge: false
  patience: 10
  min_delta: 0.001
  train_selection: true
seed: 42
experiment_name: ${model.name}_${dataset.name}_${trainer.type}_rg${trainer.ridge}_init${model.init_strength}
skip_completed: true
update_tracking: false

[2026-04-14 22:20:10,096][__main__][INFO] - Output directory: /zhome/6b/e/212868/GTN/outputs/ntn/ai4i/MMPO2_rg5_init0.1/L3_bd8_seed42
[2026-04-14 22:20:10,097][__main__][INFO] - Loading dataset: ai4i
[2026-04-14 22:20:11,938][__main__][INFO] -   Samples: train=7000, val=1500, test=1500
[2026-04-14 22:20:11,939][__main__][INFO] -   Features: 10 (including bias), Task: regression
[2026-04-14 22:20:11,939][__main__][INFO] -   Device: cuda
[2026-04-14 22:20:11,939][__main__][INFO] - Creating model: MMPO2
Starting Fit: 20 epochs.
Sweep Order: ['0_MPS', '1_MPS', '2_MPS', '1_MPS']
Validation: Using separate validation set for best model selection
Early stopping: patience=10, min_delta=0.001
Init    | Train: loss: 493.96457 | quality: -14566.85863
        | Val:   loss: 444.63219 | quality: -13797.93018
Epoch 1 | Train: loss: 0.02370 | quality: 0.30119
        | Val:   loss: 0.02111 | quality: 0.34499
 *
Epoch 2 | Train: loss: 0.01931 | quality: 0.43044
        | Val:   loss: 0.02082 | quality: 0.35383
 *
Epoch 3 | Train: loss: 0.01902 | quality: 0.43902
        | Val:   loss: 0.02118 | quality: 0.34278

Epoch 4 | Train: loss: 0.01899 | quality: 0.44009
        | Val:   loss: 0.02127 | quality: 0.33981

Epoch 5 | Train: loss: 0.01898 | quality: 0.44030
        | Val:   loss: 0.02130 | quality: 0.33900

Epoch 6 | Train: loss: 0.01898 | quality: 0.44033
        | Val:   loss: 0.02131 | quality: 0.33864

Epoch 7 | Train: loss: 0.01898 | quality: 0.44033
        | Val:   loss: 0.02132 | quality: 0.33850

Epoch 8 | Train: loss: 0.01898 | quality: 0.44033
        | Val:   loss: 0.02132 | quality: 0.33846

Epoch 9 | Train: loss: 0.01898 | quality: 0.44033
        | Val:   loss: 0.02132 | quality: 0.33845

Epoch 10 | Train: loss: 0.01898 | quality: 0.44033
        | Val:   loss: 0.02132 | quality: 0.33845

Epoch 11 | Train: loss: 0.01898 | quality: 0.44033
        | Val:   loss: 0.02132 | quality: 0.33845

Epoch 12 | Train: loss: 0.01898 | quality: 0.44033
        | Val:   loss: 0.02132 | quality: 0.33845


⏸ Early stopping at epoch 12 (best was epoch 2)
[2026-04-14 22:20:14,875][__main__][INFO] - Results saved to: /zhome/6b/e/212868/GTN/outputs/ntn/ai4i/MMPO2_rg5_init0.1/L3_bd8_seed42/results.json
[2026-04-14 22:20:14,876][__main__][INFO] - ✓ Train R²: 0.4304
[2026-04-14 22:20:14,876][__main__][INFO] - ✓ Val R²: 0.3538
[2026-04-14 22:20:14,878][HYDRA] 	#6 : model.L=3 model.bond_dim=8 seed=10090 trainer.ridge=5 trainer.ridge_decay=0.25 trainer.ridge_min=0.0001 +experiment=uci_ntn_sweep model=mmpo2 dataset=ai4i
[2026-04-14 22:20:15,023][__main__][INFO] - Configuration:
model:
  name: MMPO2
  L: 3
  bond_dim: 8
  output_site: null
  init_strength: 0.1
dataset:
  name: ai4i
  task: regression
  cap: 50
  size: large
  batch_size: 128
slurm:
  partition: titans
  time: '24:00:00'
  mem: 2gb
  gpu_arch: Ampere
  cpus: 1
  gpu: 1
hpc:
  queue: gpuv100
  time: '24:00'
  mem: 500MB
  cpus: 4
  gpu: 1
trainer:
  type: ntn
  n_epochs: 20
  ridge: 5
  ridge_decay: 0.25
  ridge_min: 0.0001
  adaptive_ridge: false
  patience: 10
  min_delta: 0.001
  train_selection: true
seed: 10090
experiment_name: ${model.name}_${dataset.name}_${trainer.type}_rg${trainer.ridge}_init${model.init_strength}
skip_completed: true
update_tracking: false

[2026-04-14 22:20:15,026][__main__][INFO] - Output directory: /zhome/6b/e/212868/GTN/outputs/ntn/ai4i/MMPO2_rg5_init0.1/L3_bd8_seed10090
[2026-04-14 22:20:15,027][__main__][INFO] - Loading dataset: ai4i
[2026-04-14 22:20:16,852][__main__][INFO] -   Samples: train=7000, val=1500, test=1500
[2026-04-14 22:20:16,853][__main__][INFO] -   Features: 10 (including bias), Task: regression
[2026-04-14 22:20:16,853][__main__][INFO] -   Device: cuda
[2026-04-14 22:20:16,853][__main__][INFO] - Creating model: MMPO2
Starting Fit: 20 epochs.
Sweep Order: ['0_MPS', '1_MPS', '2_MPS', '1_MPS']
Validation: Using separate validation set for best model selection
Early stopping: patience=10, min_delta=0.001
Init    | Train: loss: 948.46745 | quality: -27970.92466
        | Val:   loss: 873.75051 | quality: -27115.39518
Epoch 1 | Train: loss: 0.02388 | quality: 0.29577
        | Val:   loss: 0.02107 | quality: 0.34596
 *
Epoch 2 | Train: loss: 0.01975 | quality: 0.41743
        | Val:   loss: 0.02073 | quality: 0.35661
 *
Epoch 3 | Train: loss: 0.01908 | quality: 0.43730
        | Val:   loss: 0.02119 | quality: 0.34245

Epoch 4 | Train: loss: 0.01900 | quality: 0.43968
        | Val:   loss: 0.02129 | quality: 0.33922

Epoch 5 | Train: loss: 0.01898 | quality: 0.44023
        | Val:   loss: 0.02130 | quality: 0.33888

Epoch 6 | Train: loss: 0.01898 | quality: 0.44033
        | Val:   loss: 0.02131 | quality: 0.33857

Epoch 7 | Train: loss: 0.01898 | quality: 0.44033
        | Val:   loss: 0.02132 | quality: 0.33848

Epoch 8 | Train: loss: 0.01898 | quality: 0.44033
        | Val:   loss: 0.02132 | quality: 0.33845

Epoch 9 | Train: loss: 0.01898 | quality: 0.44033
        | Val:   loss: 0.02132 | quality: 0.33845

Epoch 10 | Train: loss: 0.01898 | quality: 0.44033
        | Val:   loss: 0.02132 | quality: 0.33845

Epoch 11 | Train: loss: 0.01898 | quality: 0.44033
        | Val:   loss: 0.02132 | quality: 0.33845

Epoch 12 | Train: loss: 0.01898 | quality: 0.44033
        | Val:   loss: 0.02132 | quality: 0.33845


⏸ Early stopping at epoch 12 (best was epoch 2)
[2026-04-14 22:20:19,751][__main__][INFO] - Results saved to: /zhome/6b/e/212868/GTN/outputs/ntn/ai4i/MMPO2_rg5_init0.1/L3_bd8_seed10090/results.json
[2026-04-14 22:20:19,752][__main__][INFO] - ✓ Train R²: 0.4174
[2026-04-14 22:20:19,752][__main__][INFO] - ✓ Val R²: 0.3566
[2026-04-14 22:20:19,755][HYDRA] 	#7 : model.L=3 model.bond_dim=8 seed=32874 trainer.ridge=5 trainer.ridge_decay=0.25 trainer.ridge_min=0.0001 +experiment=uci_ntn_sweep model=mmpo2 dataset=ai4i
[2026-04-14 22:20:19,910][__main__][INFO] - Configuration:
model:
  name: MMPO2
  L: 3
  bond_dim: 8
  output_site: null
  init_strength: 0.1
dataset:
  name: ai4i
  task: regression
  cap: 50
  size: large
  batch_size: 128
slurm:
  partition: titans
  time: '24:00:00'
  mem: 2gb
  gpu_arch: Ampere
  cpus: 1
  gpu: 1
hpc:
  queue: gpuv100
  time: '24:00'
  mem: 500MB
  cpus: 4
  gpu: 1
trainer:
  type: ntn
  n_epochs: 20
  ridge: 5
  ridge_decay: 0.25
  ridge_min: 0.0001
  adaptive_ridge: false
  patience: 10
  min_delta: 0.001
  train_selection: true
seed: 32874
experiment_name: ${model.name}_${dataset.name}_${trainer.type}_rg${trainer.ridge}_init${model.init_strength}
skip_completed: true
update_tracking: false

[2026-04-14 22:20:19,914][__main__][INFO] - Output directory: /zhome/6b/e/212868/GTN/outputs/ntn/ai4i/MMPO2_rg5_init0.1/L3_bd8_seed32874
[2026-04-14 22:20:19,915][__main__][INFO] - Loading dataset: ai4i
[2026-04-14 22:20:21,736][__main__][INFO] -   Samples: train=7000, val=1500, test=1500
[2026-04-14 22:20:21,738][__main__][INFO] -   Features: 10 (including bias), Task: regression
[2026-04-14 22:20:21,738][__main__][INFO] -   Device: cuda
[2026-04-14 22:20:21,738][__main__][INFO] - Creating model: MMPO2
Starting Fit: 20 epochs.
Sweep Order: ['0_MPS', '1_MPS', '2_MPS', '1_MPS']
Validation: Using separate validation set for best model selection
Early stopping: patience=10, min_delta=0.001
Init    | Train: loss: 265.38624 | quality: -7825.69330
        | Val:   loss: 266.71539 | quality: -8276.37418
Epoch 1 | Train: loss: 0.02301 | quality: 0.32133
        | Val:   loss: 0.02075 | quality: 0.35605
 *
Epoch 2 | Train: loss: 0.01974 | quality: 0.41789
        | Val:   loss: 0.02039 | quality: 0.36732
 *
Epoch 3 | Train: loss: 0.01913 | quality: 0.43570
        | Val:   loss: 0.02062 | quality: 0.36008

Epoch 4 | Train: loss: 0.01899 | quality: 0.44009
        | Val:   loss: 0.02114 | quality: 0.34388

Epoch 5 | Train: loss: 0.01898 | quality: 0.44031
        | Val:   loss: 0.02127 | quality: 0.33992

Epoch 6 | Train: loss: 0.01898 | quality: 0.44033
        | Val:   loss: 0.02130 | quality: 0.33884

Epoch 7 | Train: loss: 0.01898 | quality: 0.44033
        | Val:   loss: 0.02131 | quality: 0.33855

Epoch 8 | Train: loss: 0.01898 | quality: 0.44033
        | Val:   loss: 0.02132 | quality: 0.33847

Epoch 9 | Train: loss: 0.01898 | quality: 0.44033
        | Val:   loss: 0.02132 | quality: 0.33845

Epoch 10 | Train: loss: 0.01898 | quality: 0.44033
        | Val:   loss: 0.02132 | quality: 0.33845

Epoch 11 | Train: loss: 0.01898 | quality: 0.44033
        | Val:   loss: 0.02132 | quality: 0.33845

Epoch 12 | Train: loss: 0.01898 | quality: 0.44033
        | Val:   loss: 0.02132 | quality: 0.33845


⏸ Early stopping at epoch 12 (best was epoch 2)
[2026-04-14 22:20:24,649][__main__][INFO] - Results saved to: /zhome/6b/e/212868/GTN/outputs/ntn/ai4i/MMPO2_rg5_init0.1/L3_bd8_seed32874/results.json
[2026-04-14 22:20:24,650][__main__][INFO] - ✓ Train R²: 0.4179
[2026-04-14 22:20:24,650][__main__][INFO] - ✓ Val R²: 0.3673
[2026-04-14 22:20:24,651][HYDRA] 	#8 : model.L=3 model.bond_dim=8 seed=47311 trainer.ridge=5 trainer.ridge_decay=0.25 trainer.ridge_min=0.0001 +experiment=uci_ntn_sweep model=mmpo2 dataset=ai4i
[2026-04-14 22:20:24,786][__main__][INFO] - Configuration:
model:
  name: MMPO2
  L: 3
  bond_dim: 8
  output_site: null
  init_strength: 0.1
dataset:
  name: ai4i
  task: regression
  cap: 50
  size: large
  batch_size: 128
slurm:
  partition: titans
  time: '24:00:00'
  mem: 2gb
  gpu_arch: Ampere
  cpus: 1
  gpu: 1
hpc:
  queue: gpuv100
  time: '24:00'
  mem: 500MB
  cpus: 4
  gpu: 1
trainer:
  type: ntn
  n_epochs: 20
  ridge: 5
  ridge_decay: 0.25
  ridge_min: 0.0001
  adaptive_ridge: false
  patience: 10
  min_delta: 0.001
  train_selection: true
seed: 47311
experiment_name: ${model.name}_${dataset.name}_${trainer.type}_rg${trainer.ridge}_init${model.init_strength}
skip_completed: true
update_tracking: false

[2026-04-14 22:20:24,790][__main__][INFO] - Output directory: /zhome/6b/e/212868/GTN/outputs/ntn/ai4i/MMPO2_rg5_init0.1/L3_bd8_seed47311
[2026-04-14 22:20:24,790][__main__][INFO] - Loading dataset: ai4i
[2026-04-14 22:20:26,614][__main__][INFO] -   Samples: train=7000, val=1500, test=1500
[2026-04-14 22:20:26,615][__main__][INFO] -   Features: 10 (including bias), Task: regression
[2026-04-14 22:20:26,615][__main__][INFO] -   Device: cuda
[2026-04-14 22:20:26,615][__main__][INFO] - Creating model: MMPO2
Starting Fit: 20 epochs.
Sweep Order: ['0_MPS', '1_MPS', '2_MPS', '1_MPS']
Validation: Using separate validation set for best model selection
Early stopping: patience=10, min_delta=0.001
Init    | Train: loss: 128.72485 | quality: -3795.31550
        | Val:   loss: 125.83169 | quality: -3904.12128
Epoch 1 | Train: loss: 0.02354 | quality: 0.30588
        | Val:   loss: 0.02108 | quality: 0.34565
 *
Epoch 2 | Train: loss: 0.01945 | quality: 0.42652
        | Val:   loss: 0.02076 | quality: 0.35564
 *
Epoch 3 | Train: loss: 0.01907 | quality: 0.43767
        | Val:   loss: 0.02115 | quality: 0.34350

Epoch 4 | Train: loss: 0.01899 | quality: 0.43993
        | Val:   loss: 0.02127 | quality: 0.33997

Epoch 5 | Train: loss: 0.01898 | quality: 0.44029
        | Val:   loss: 0.02130 | quality: 0.33902

Epoch 6 | Train: loss: 0.01898 | quality: 0.44033
        | Val:   loss: 0.02131 | quality: 0.33864

Epoch 7 | Train: loss: 0.01898 | quality: 0.44033
        | Val:   loss: 0.02132 | quality: 0.33850

Epoch 8 | Train: loss: 0.01898 | quality: 0.44033
        | Val:   loss: 0.02132 | quality: 0.33846

Epoch 9 | Train: loss: 0.01898 | quality: 0.44033
        | Val:   loss: 0.02132 | quality: 0.33845

Epoch 10 | Train: loss: 0.01898 | quality: 0.44033
        | Val:   loss: 0.02132 | quality: 0.33845

Epoch 11 | Train: loss: 0.01898 | quality: 0.44033
        | Val:   loss: 0.02132 | quality: 0.33845

Epoch 12 | Train: loss: 0.01898 | quality: 0.44033
        | Val:   loss: 0.02132 | quality: 0.33845


⏸ Early stopping at epoch 12 (best was epoch 2)
[2026-04-14 22:20:29,522][__main__][INFO] - Results saved to: /zhome/6b/e/212868/GTN/outputs/ntn/ai4i/MMPO2_rg5_init0.1/L3_bd8_seed47311/results.json
[2026-04-14 22:20:29,523][__main__][INFO] - ✓ Train R²: 0.4265
[2026-04-14 22:20:29,523][__main__][INFO] - ✓ Val R²: 0.3556
[2026-04-14 22:20:29,525][HYDRA] 	#9 : model.L=3 model.bond_dim=8 seed=47303 trainer.ridge=5 trainer.ridge_decay=0.25 trainer.ridge_min=0.0001 +experiment=uci_ntn_sweep model=mmpo2 dataset=ai4i
[2026-04-14 22:20:29,661][__main__][INFO] - Configuration:
model:
  name: MMPO2
  L: 3
  bond_dim: 8
  output_site: null
  init_strength: 0.1
dataset:
  name: ai4i
  task: regression
  cap: 50
  size: large
  batch_size: 128
slurm:
  partition: titans
  time: '24:00:00'
  mem: 2gb
  gpu_arch: Ampere
  cpus: 1
  gpu: 1
hpc:
  queue: gpuv100
  time: '24:00'
  mem: 500MB
  cpus: 4
  gpu: 1
trainer:
  type: ntn
  n_epochs: 20
  ridge: 5
  ridge_decay: 0.25
  ridge_min: 0.0001
  adaptive_ridge: false
  patience: 10
  min_delta: 0.001
  train_selection: true
seed: 47303
experiment_name: ${model.name}_${dataset.name}_${trainer.type}_rg${trainer.ridge}_init${model.init_strength}
skip_completed: true
update_tracking: false

[2026-04-14 22:20:29,664][__main__][INFO] - Output directory: /zhome/6b/e/212868/GTN/outputs/ntn/ai4i/MMPO2_rg5_init0.1/L3_bd8_seed47303
[2026-04-14 22:20:29,665][__main__][INFO] - Loading dataset: ai4i
[2026-04-14 22:20:31,816][__main__][INFO] -   Samples: train=7000, val=1500, test=1500
[2026-04-14 22:20:31,816][__main__][INFO] -   Features: 10 (including bias), Task: regression
[2026-04-14 22:20:31,816][__main__][INFO] -   Device: cuda
[2026-04-14 22:20:31,817][__main__][INFO] - Creating model: MMPO2
Starting Fit: 20 epochs.
Sweep Order: ['0_MPS', '1_MPS', '2_MPS', '1_MPS']
Validation: Using separate validation set for best model selection
Early stopping: patience=10, min_delta=0.001
Init    | Train: loss: 9617.53448 | quality: -283636.51304
        | Val:   loss: 8628.25297 | quality: -267772.36791
Epoch 1 | Train: loss: 0.02365 | quality: 0.30252
        | Val:   loss: 0.02110 | quality: 0.34530
 *
Epoch 2 | Train: loss: 0.01958 | quality: 0.42255
        | Val:   loss: 0.02069 | quality: 0.35801
 *
Epoch 3 | Train: loss: 0.01907 | quality: 0.43769
        | Val:   loss: 0.02104 | quality: 0.34689

Epoch 4 | Train: loss: 0.01899 | quality: 0.43991
        | Val:   loss: 0.02127 | quality: 0.33992

Epoch 5 | Train: loss: 0.01898 | quality: 0.44029
        | Val:   loss: 0.02130 | quality: 0.33885

Epoch 6 | Train: loss: 0.01898 | quality: 0.44033
        | Val:   loss: 0.02131 | quality: 0.33856

Epoch 7 | Train: loss: 0.01898 | quality: 0.44033
        | Val:   loss: 0.02132 | quality: 0.33847

Epoch 8 | Train: loss: 0.01898 | quality: 0.44033
        | Val:   loss: 0.02132 | quality: 0.33845

Epoch 9 | Train: loss: 0.01898 | quality: 0.44033
        | Val:   loss: 0.02132 | quality: 0.33845

Epoch 10 | Train: loss: 0.01898 | quality: 0.44033
        | Val:   loss: 0.02132 | quality: 0.33845

Epoch 11 | Train: loss: 0.01898 | quality: 0.44033
        | Val:   loss: 0.02132 | quality: 0.33845

Epoch 12 | Train: loss: 0.01898 | quality: 0.44033
        | Val:   loss: 0.02132 | quality: 0.33845


⏸ Early stopping at epoch 12 (best was epoch 2)
[2026-04-14 22:20:34,724][__main__][INFO] - Results saved to: /zhome/6b/e/212868/GTN/outputs/ntn/ai4i/MMPO2_rg5_init0.1/L3_bd8_seed47303/results.json
[2026-04-14 22:20:34,725][__main__][INFO] - ✓ Train R²: 0.4226
[2026-04-14 22:20:34,725][__main__][INFO] - ✓ Val R²: 0.3580
[2026-04-14 22:20:34,726][HYDRA] 	#10 : model.L=3 model.bond_dim=12 seed=42 trainer.ridge=5 trainer.ridge_decay=0.25 trainer.ridge_min=0.0001 +experiment=uci_ntn_sweep model=mmpo2 dataset=ai4i
[2026-04-14 22:20:34,891][__main__][INFO] - Configuration:
model:
  name: MMPO2
  L: 3
  bond_dim: 12
  output_site: null
  init_strength: 0.1
dataset:
  name: ai4i
  task: regression
  cap: 50
  size: large
  batch_size: 128
slurm:
  partition: titans
  time: '24:00:00'
  mem: 2gb
  gpu_arch: Ampere
  cpus: 1
  gpu: 1
hpc:
  queue: gpuv100
  time: '24:00'
  mem: 500MB
  cpus: 4
  gpu: 1
trainer:
  type: ntn
  n_epochs: 20
  ridge: 5
  ridge_decay: 0.25
  ridge_min: 0.0001
  adaptive_ridge: false
  patience: 10
  min_delta: 0.001
  train_selection: true
seed: 42
experiment_name: ${model.name}_${dataset.name}_${trainer.type}_rg${trainer.ridge}_init${model.init_strength}
skip_completed: true
update_tracking: false

[2026-04-14 22:20:34,895][__main__][INFO] - Output directory: /zhome/6b/e/212868/GTN/outputs/ntn/ai4i/MMPO2_rg5_init0.1/L3_bd12_seed42
[2026-04-14 22:20:34,895][__main__][INFO] - Loading dataset: ai4i
[2026-04-14 22:20:36,720][__main__][INFO] -   Samples: train=7000, val=1500, test=1500
[2026-04-14 22:20:36,721][__main__][INFO] -   Features: 10 (including bias), Task: regression
[2026-04-14 22:20:36,721][__main__][INFO] -   Device: cuda
[2026-04-14 22:20:36,721][__main__][INFO] - Creating model: MMPO2
Starting Fit: 20 epochs.
Sweep Order: ['0_MPS', '1_MPS', '2_MPS', '1_MPS']
Validation: Using separate validation set for best model selection
Early stopping: patience=10, min_delta=0.001
Init    | Train: loss: 500.50805 | quality: -14759.83706
        | Val:   loss: 414.16513 | quality: -12852.40067
Epoch 1 | Train: loss: 0.02312 | quality: 0.31805
        | Val:   loss: 0.02098 | quality: 0.34884
 *
Epoch 2 | Train: loss: 0.01981 | quality: 0.41583
        | Val:   loss: 0.02081 | quality: 0.35415
 *
Epoch 3 | Train: loss: 0.01917 | quality: 0.43475
        | Val:   loss: 0.02100 | quality: 0.34815

Epoch 4 | Train: loss: 0.01901 | quality: 0.43937
        | Val:   loss: 0.02117 | quality: 0.34297

Epoch 5 | Train: loss: 0.01898 | quality: 0.44021
        | Val:   loss: 0.02129 | quality: 0.33936

Epoch 6 | Train: loss: 0.01898 | quality: 0.44032
        | Val:   loss: 0.02131 | quality: 0.33867

Epoch 7 | Train: loss: 0.01898 | quality: 0.44033
        | Val:   loss: 0.02131 | quality: 0.33851

Epoch 8 | Train: loss: 0.01898 | quality: 0.44033
        | Val:   loss: 0.02132 | quality: 0.33847

Epoch 9 | Train: loss: 0.01898 | quality: 0.44033
        | Val:   loss: 0.02132 | quality: 0.33845

Epoch 10 | Train: loss: 0.01898 | quality: 0.44033
        | Val:   loss: 0.02132 | quality: 0.33845

Epoch 11 | Train: loss: 0.01898 | quality: 0.44033
        | Val:   loss: 0.02132 | quality: 0.33845

Epoch 12 | Train: loss: 0.01898 | quality: 0.44033
        | Val:   loss: 0.02132 | quality: 0.33845


⏸ Early stopping at epoch 12 (best was epoch 2)
[2026-04-14 22:20:40,468][__main__][INFO] - Results saved to: /zhome/6b/e/212868/GTN/outputs/ntn/ai4i/MMPO2_rg5_init0.1/L3_bd12_seed42/results.json
[2026-04-14 22:20:40,468][__main__][INFO] - ✓ Train R²: 0.4158
[2026-04-14 22:20:40,468][__main__][INFO] - ✓ Val R²: 0.3541
[2026-04-14 22:20:40,470][HYDRA] 	#11 : model.L=3 model.bond_dim=12 seed=10090 trainer.ridge=5 trainer.ridge_decay=0.25 trainer.ridge_min=0.0001 +experiment=uci_ntn_sweep model=mmpo2 dataset=ai4i
[2026-04-14 22:20:40,606][__main__][INFO] - Configuration:
model:
  name: MMPO2
  L: 3
  bond_dim: 12
  output_site: null
  init_strength: 0.1
dataset:
  name: ai4i
  task: regression
  cap: 50
  size: large
  batch_size: 128
slurm:
  partition: titans
  time: '24:00:00'
  mem: 2gb
  gpu_arch: Ampere
  cpus: 1
  gpu: 1
hpc:
  queue: gpuv100
  time: '24:00'
  mem: 500MB
  cpus: 4
  gpu: 1
trainer:
  type: ntn
  n_epochs: 20
  ridge: 5
  ridge_decay: 0.25
  ridge_min: 0.0001
  adaptive_ridge: false
  patience: 10
  min_delta: 0.001
  train_selection: true
seed: 10090
experiment_name: ${model.name}_${dataset.name}_${trainer.type}_rg${trainer.ridge}_init${model.init_strength}
skip_completed: true
update_tracking: false

[2026-04-14 22:20:40,610][__main__][INFO] - Output directory: /zhome/6b/e/212868/GTN/outputs/ntn/ai4i/MMPO2_rg5_init0.1/L3_bd12_seed10090
[2026-04-14 22:20:40,611][__main__][INFO] - Loading dataset: ai4i
[2026-04-14 22:20:42,638][__main__][INFO] -   Samples: train=7000, val=1500, test=1500
[2026-04-14 22:20:42,639][__main__][INFO] -   Features: 10 (including bias), Task: regression
[2026-04-14 22:20:42,639][__main__][INFO] -   Device: cuda
[2026-04-14 22:20:42,639][__main__][INFO] - Creating model: MMPO2
Starting Fit: 20 epochs.
Sweep Order: ['0_MPS', '1_MPS', '2_MPS', '1_MPS']
Validation: Using separate validation set for best model selection
Early stopping: patience=10, min_delta=0.001
Init    | Train: loss: 2509.43482 | quality: -74006.51763
        | Val:   loss: 2315.59620 | quality: -71862.33020
Epoch 1 | Train: loss: 0.02294 | quality: 0.32336
        | Val:   loss: 0.02092 | quality: 0.35078
 *
Epoch 2 | Train: loss: 0.01957 | quality: 0.42290
        | Val:   loss: 0.02048 | quality: 0.36435
 *
Epoch 3 | Train: loss: 0.01905 | quality: 0.43830
        | Val:   loss: 0.02090 | quality: 0.35145

Epoch 4 | Train: loss: 0.01899 | quality: 0.44000
        | Val:   loss: 0.02119 | quality: 0.34250

Epoch 5 | Train: loss: 0.01898 | quality: 0.44028
        | Val:   loss: 0.02127 | quality: 0.33985

Epoch 6 | Train: loss: 0.01898 | quality: 0.44033
        | Val:   loss: 0.02130 | quality: 0.33893

Epoch 7 | Train: loss: 0.01898 | quality: 0.44033
        | Val:   loss: 0.02131 | quality: 0.33859

Epoch 8 | Train: loss: 0.01898 | quality: 0.44033
        | Val:   loss: 0.02132 | quality: 0.33848

Epoch 9 | Train: loss: 0.01898 | quality: 0.44033
        | Val:   loss: 0.02132 | quality: 0.33846

Epoch 10 | Train: loss: 0.01898 | quality: 0.44033
        | Val:   loss: 0.02132 | quality: 0.33846

Epoch 11 | Train: loss: 0.01898 | quality: 0.44033
        | Val:   loss: 0.02132 | quality: 0.33846

Epoch 12 | Train: loss: 0.01898 | quality: 0.44033
        | Val:   loss: 0.02132 | quality: 0.33846


⏸ Early stopping at epoch 12 (best was epoch 2)
[2026-04-14 22:20:46,360][__main__][INFO] - Results saved to: /zhome/6b/e/212868/GTN/outputs/ntn/ai4i/MMPO2_rg5_init0.1/L3_bd12_seed10090/results.json
[2026-04-14 22:20:46,360][__main__][INFO] - ✓ Train R²: 0.4229
[2026-04-14 22:20:46,360][__main__][INFO] - ✓ Val R²: 0.3643
[2026-04-14 22:20:46,362][HYDRA] 	#12 : model.L=3 model.bond_dim=12 seed=32874 trainer.ridge=5 trainer.ridge_decay=0.25 trainer.ridge_min=0.0001 +experiment=uci_ntn_sweep model=mmpo2 dataset=ai4i
[2026-04-14 22:20:46,728][__main__][INFO] - Configuration:
model:
  name: MMPO2
  L: 3
  bond_dim: 12
  output_site: null
  init_strength: 0.1
dataset:
  name: ai4i
  task: regression
  cap: 50
  size: large
  batch_size: 128
slurm:
  partition: titans
  time: '24:00:00'
  mem: 2gb
  gpu_arch: Ampere
  cpus: 1
  gpu: 1
hpc:
  queue: gpuv100
  time: '24:00'
  mem: 500MB
  cpus: 4
  gpu: 1
trainer:
  type: ntn
  n_epochs: 20
  ridge: 5
  ridge_decay: 0.25
  ridge_min: 0.0001
  adaptive_ridge: false
  patience: 10
  min_delta: 0.001
  train_selection: true
seed: 32874
experiment_name: ${model.name}_${dataset.name}_${trainer.type}_rg${trainer.ridge}_init${model.init_strength}
skip_completed: true
update_tracking: false

[2026-04-14 22:20:46,732][__main__][INFO] - Output directory: /zhome/6b/e/212868/GTN/outputs/ntn/ai4i/MMPO2_rg5_init0.1/L3_bd12_seed32874
[2026-04-14 22:20:46,732][__main__][INFO] - Loading dataset: ai4i
[2026-04-14 22:20:48,554][__main__][INFO] -   Samples: train=7000, val=1500, test=1500
[2026-04-14 22:20:48,555][__main__][INFO] -   Features: 10 (including bias), Task: regression
[2026-04-14 22:20:48,555][__main__][INFO] -   Device: cuda
[2026-04-14 22:20:48,555][__main__][INFO] - Creating model: MMPO2
Starting Fit: 20 epochs.
Sweep Order: ['0_MPS', '1_MPS', '2_MPS', '1_MPS']
Validation: Using separate validation set for best model selection
Early stopping: patience=10, min_delta=0.001
Init    | Train: loss: 194.04708 | quality: -5721.77979
        | Val:   loss: 263.57101 | quality: -8178.78996
Epoch 1 | Train: loss: 0.02276 | quality: 0.32863
        | Val:   loss: 0.02105 | quality: 0.34677
 *
Epoch 2 | Train: loss: 0.01940 | quality: 0.42797
        | Val:   loss: 0.02086 | quality: 0.35258
 *
Epoch 3 | Train: loss: 0.01906 | quality: 0.43780
        | Val:   loss: 0.02107 | quality: 0.34625

Epoch 4 | Train: loss: 0.01899 | quality: 0.43995
        | Val:   loss: 0.02126 | quality: 0.34019

Epoch 5 | Train: loss: 0.01898 | quality: 0.44027
        | Val:   loss: 0.02129 | quality: 0.33915

Epoch 6 | Train: loss: 0.01898 | quality: 0.44033
        | Val:   loss: 0.02131 | quality: 0.33870

Epoch 7 | Train: loss: 0.01898 | quality: 0.44033
        | Val:   loss: 0.02131 | quality: 0.33852

Epoch 8 | Train: loss: 0.01898 | quality: 0.44033
        | Val:   loss: 0.02132 | quality: 0.33846

Epoch 9 | Train: loss: 0.01898 | quality: 0.44033
        | Val:   loss: 0.02132 | quality: 0.33845

Epoch 10 | Train: loss: 0.01898 | quality: 0.44033
        | Val:   loss: 0.02132 | quality: 0.33845

Epoch 11 | Train: loss: 0.01898 | quality: 0.44033
        | Val:   loss: 0.02132 | quality: 0.33845

Epoch 12 | Train: loss: 0.01898 | quality: 0.44033
        | Val:   loss: 0.02132 | quality: 0.33845


⏸ Early stopping at epoch 12 (best was epoch 2)
[2026-04-14 22:20:52,289][__main__][INFO] - Results saved to: /zhome/6b/e/212868/GTN/outputs/ntn/ai4i/MMPO2_rg5_init0.1/L3_bd12_seed32874/results.json
[2026-04-14 22:20:52,289][__main__][INFO] - ✓ Train R²: 0.4280
[2026-04-14 22:20:52,289][__main__][INFO] - ✓ Val R²: 0.3526
[2026-04-14 22:20:52,291][HYDRA] 	#13 : model.L=3 model.bond_dim=12 seed=47311 trainer.ridge=5 trainer.ridge_decay=0.25 trainer.ridge_min=0.0001 +experiment=uci_ntn_sweep model=mmpo2 dataset=ai4i
[2026-04-14 22:20:52,427][__main__][INFO] - Configuration:
model:
  name: MMPO2
  L: 3
  bond_dim: 12
  output_site: null
  init_strength: 0.1
dataset:
  name: ai4i
  task: regression
  cap: 50
  size: large
  batch_size: 128
slurm:
  partition: titans
  time: '24:00:00'
  mem: 2gb
  gpu_arch: Ampere
  cpus: 1
  gpu: 1
hpc:
  queue: gpuv100
  time: '24:00'
  mem: 500MB
  cpus: 4
  gpu: 1
trainer:
  type: ntn
  n_epochs: 20
  ridge: 5
  ridge_decay: 0.25
  ridge_min: 0.0001
  adaptive_ridge: false
  patience: 10
  min_delta: 0.001
  train_selection: true
seed: 47311
experiment_name: ${model.name}_${dataset.name}_${trainer.type}_rg${trainer.ridge}_init${model.init_strength}
skip_completed: true
update_tracking: false

[2026-04-14 22:20:52,430][__main__][INFO] - Output directory: /zhome/6b/e/212868/GTN/outputs/ntn/ai4i/MMPO2_rg5_init0.1/L3_bd12_seed47311
[2026-04-14 22:20:52,431][__main__][INFO] - Loading dataset: ai4i
[2026-04-14 22:20:57,430][__main__][INFO] -   Samples: train=7000, val=1500, test=1500
[2026-04-14 22:20:57,431][__main__][INFO] -   Features: 10 (including bias), Task: regression
[2026-04-14 22:20:57,431][__main__][INFO] -   Device: cuda
[2026-04-14 22:20:57,431][__main__][INFO] - Creating model: MMPO2
Starting Fit: 20 epochs.
Sweep Order: ['0_MPS', '1_MPS', '2_MPS', '1_MPS']
Validation: Using separate validation set for best model selection
Early stopping: patience=10, min_delta=0.001
Init    | Train: loss: 1271.37696 | quality: -37494.07729
        | Val:   loss: 1080.65929 | quality: -33536.70203
Epoch 1 | Train: loss: 0.02324 | quality: 0.31469
        | Val:   loss: 0.02103 | quality: 0.34728
 *
Epoch 2 | Train: loss: 0.01959 | quality: 0.42226
        | Val:   loss: 0.02067 | quality: 0.35840
 *
Epoch 3 | Train: loss: 0.01907 | quality: 0.43765
        | Val:   loss: 0.02107 | quality: 0.34620

Epoch 4 | Train: loss: 0.01899 | quality: 0.43996
        | Val:   loss: 0.02127 | quality: 0.33997

Epoch 5 | Train: loss: 0.01898 | quality: 0.44029
        | Val:   loss: 0.02130 | quality: 0.33900

Epoch 6 | Train: loss: 0.01898 | quality: 0.44033
        | Val:   loss: 0.02131 | quality: 0.33863

Epoch 7 | Train: loss: 0.01898 | quality: 0.44033
        | Val:   loss: 0.02132 | quality: 0.33850

Epoch 8 | Train: loss: 0.01898 | quality: 0.44033
        | Val:   loss: 0.02132 | quality: 0.33846

Epoch 9 | Train: loss: 0.01898 | quality: 0.44033
        | Val:   loss: 0.02132 | quality: 0.33845

Epoch 10 | Train: loss: 0.01898 | quality: 0.44033
        | Val:   loss: 0.02132 | quality: 0.33845

Epoch 11 | Train: loss: 0.01898 | quality: 0.44033
        | Val:   loss: 0.02132 | quality: 0.33845

Epoch 12 | Train: loss: 0.01898 | quality: 0.44033
        | Val:   loss: 0.02132 | quality: 0.33845


⏸ Early stopping at epoch 12 (best was epoch 2)
[2026-04-14 22:21:01,151][__main__][INFO] - Results saved to: /zhome/6b/e/212868/GTN/outputs/ntn/ai4i/MMPO2_rg5_init0.1/L3_bd12_seed47311/results.json
[2026-04-14 22:21:01,152][__main__][INFO] - ✓ Train R²: 0.4223
[2026-04-14 22:21:01,152][__main__][INFO] - ✓ Val R²: 0.3584
[2026-04-14 22:21:01,154][HYDRA] 	#14 : model.L=3 model.bond_dim=12 seed=47303 trainer.ridge=5 trainer.ridge_decay=0.25 trainer.ridge_min=0.0001 +experiment=uci_ntn_sweep model=mmpo2 dataset=ai4i
[2026-04-14 22:21:01,291][__main__][INFO] - Configuration:
model:
  name: MMPO2
  L: 3
  bond_dim: 12
  output_site: null
  init_strength: 0.1
dataset:
  name: ai4i
  task: regression
  cap: 50
  size: large
  batch_size: 128
slurm:
  partition: titans
  time: '24:00:00'
  mem: 2gb
  gpu_arch: Ampere
  cpus: 1
  gpu: 1
hpc:
  queue: gpuv100
  time: '24:00'
  mem: 500MB
  cpus: 4
  gpu: 1
trainer:
  type: ntn
  n_epochs: 20
  ridge: 5
  ridge_decay: 0.25
  ridge_min: 0.0001
  adaptive_ridge: false
  patience: 10
  min_delta: 0.001
  train_selection: true
seed: 47303
experiment_name: ${model.name}_${dataset.name}_${trainer.type}_rg${trainer.ridge}_init${model.init_strength}
skip_completed: true
update_tracking: false

[2026-04-14 22:21:01,295][__main__][INFO] - Output directory: /zhome/6b/e/212868/GTN/outputs/ntn/ai4i/MMPO2_rg5_init0.1/L3_bd12_seed47303
[2026-04-14 22:21:01,296][__main__][INFO] - Loading dataset: ai4i
[2026-04-14 22:21:05,621][__main__][INFO] -   Samples: train=7000, val=1500, test=1500
[2026-04-14 22:21:05,622][__main__][INFO] -   Features: 10 (including bias), Task: regression
[2026-04-14 22:21:05,622][__main__][INFO] -   Device: cuda
[2026-04-14 22:21:05,622][__main__][INFO] - Creating model: MMPO2
Starting Fit: 20 epochs.
Sweep Order: ['0_MPS', '1_MPS', '2_MPS', '1_MPS']
Validation: Using separate validation set for best model selection
Early stopping: patience=10, min_delta=0.001
Init    | Train: loss: 372.60808 | quality: -10987.84852
        | Val:   loss: 345.59465 | quality: -10724.35131
Epoch 1 | Train: loss: 0.02325 | quality: 0.31425
        | Val:   loss: 0.02098 | quality: 0.34892
 *
Epoch 2 | Train: loss: 0.01965 | quality: 0.42056
        | Val:   loss: 0.02037 | quality: 0.36791
 *
Epoch 3 | Train: loss: 0.01906 | quality: 0.43795
        | Val:   loss: 0.02085 | quality: 0.35301

Epoch 4 | Train: loss: 0.01899 | quality: 0.44004
        | Val:   loss: 0.02120 | quality: 0.34214

Epoch 5 | Train: loss: 0.01898 | quality: 0.44029
        | Val:   loss: 0.02128 | quality: 0.33958

Epoch 6 | Train: loss: 0.01898 | quality: 0.44033
        | Val:   loss: 0.02131 | quality: 0.33880

Epoch 7 | Train: loss: 0.01898 | quality: 0.44033
        | Val:   loss: 0.02131 | quality: 0.33854

Epoch 8 | Train: loss: 0.01898 | quality: 0.44033
        | Val:   loss: 0.02132 | quality: 0.33847

Epoch 9 | Train: loss: 0.01898 | quality: 0.44033
        | Val:   loss: 0.02132 | quality: 0.33845

Epoch 10 | Train: loss: 0.01898 | quality: 0.44033
        | Val:   loss: 0.02132 | quality: 0.33845

Epoch 11 | Train: loss: 0.01898 | quality: 0.44033
        | Val:   loss: 0.02132 | quality: 0.33845

Epoch 12 | Train: loss: 0.01898 | quality: 0.44033
        | Val:   loss: 0.02132 | quality: 0.33845


⏸ Early stopping at epoch 12 (best was epoch 2)
[2026-04-14 22:21:09,330][__main__][INFO] - Results saved to: /zhome/6b/e/212868/GTN/outputs/ntn/ai4i/MMPO2_rg5_init0.1/L3_bd12_seed47303/results.json
[2026-04-14 22:21:09,331][__main__][INFO] - ✓ Train R²: 0.4206
[2026-04-14 22:21:09,331][__main__][INFO] - ✓ Val R²: 0.3679
[2026-04-14 22:21:09,333][HYDRA] 	#15 : model.L=4 model.bond_dim=4 seed=42 trainer.ridge=5 trainer.ridge_decay=0.25 trainer.ridge_min=0.0001 +experiment=uci_ntn_sweep model=mmpo2 dataset=ai4i
[2026-04-14 22:21:09,469][__main__][INFO] - Configuration:
model:
  name: MMPO2
  L: 4
  bond_dim: 4
  output_site: null
  init_strength: 0.1
dataset:
  name: ai4i
  task: regression
  cap: 50
  size: large
  batch_size: 128
slurm:
  partition: titans
  time: '24:00:00'
  mem: 2gb
  gpu_arch: Ampere
  cpus: 1
  gpu: 1
hpc:
  queue: gpuv100
  time: '24:00'
  mem: 500MB
  cpus: 4
  gpu: 1
trainer:
  type: ntn
  n_epochs: 20
  ridge: 5
  ridge_decay: 0.25
  ridge_min: 0.0001
  adaptive_ridge: false
  patience: 10
  min_delta: 0.001
  train_selection: true
seed: 42
experiment_name: ${model.name}_${dataset.name}_${trainer.type}_rg${trainer.ridge}_init${model.init_strength}
skip_completed: true
update_tracking: false

[2026-04-14 22:21:09,473][__main__][INFO] - Output directory: /zhome/6b/e/212868/GTN/outputs/ntn/ai4i/MMPO2_rg5_init0.1/L4_bd4_seed42
[2026-04-14 22:21:09,473][__main__][INFO] - Loading dataset: ai4i
[2026-04-14 22:21:13,679][__main__][INFO] -   Samples: train=7000, val=1500, test=1500
[2026-04-14 22:21:13,680][__main__][INFO] -   Features: 10 (including bias), Task: regression
[2026-04-14 22:21:13,680][__main__][INFO] -   Device: cuda
[2026-04-14 22:21:13,680][__main__][INFO] - Creating model: MMPO2
Starting Fit: 20 epochs.
Sweep Order: ['0_MPS', '1_MPS', '2_MPS', '3_MPS', '2_MPS', '1_MPS']
Validation: Using separate validation set for best model selection
Early stopping: patience=10, min_delta=0.001
Init    | Train: loss: 1444.15530 | quality: -42589.60551
        | Val:   loss: 927.45434 | quality: -28782.06586
Epoch 1 | Train: loss: 0.02395 | quality: 0.29366
        | Val:   loss: 0.02148 | quality: 0.33326
 *
Epoch 2 | Train: loss: 0.01820 | quality: 0.46332
        | Val:   loss: 0.01993 | quality: 0.38135
 *
Epoch 3 | Train: loss: 0.01700 | quality: 0.49854
        | Val:   loss: 0.02164 | quality: 0.32840

Epoch 4 | Train: loss: 0.01659 | quality: 0.51084
        | Val:   loss: 0.02183 | quality: 0.32259

Epoch 5 | Train: loss: 0.01643 | quality: 0.51547
        | Val:   loss: 0.02181 | quality: 0.32300

Epoch 6 | Train: loss: 0.01633 | quality: 0.51826
        | Val:   loss: 0.02176 | quality: 0.32477

Epoch 7 | Train: loss: 0.01629 | quality: 0.51944
        | Val:   loss: 0.02182 | quality: 0.32286

Epoch 8 | Train: loss: 0.01627 | quality: 0.52024
        | Val:   loss: 0.02191 | quality: 0.31989

Epoch 9 | Train: loss: 0.01625 | quality: 0.52077
        | Val:   loss: 0.02201 | quality: 0.31690

Epoch 10 | Train: loss: 0.01624 | quality: 0.52119
        | Val:   loss: 0.02206 | quality: 0.31529

Epoch 11 | Train: loss: 0.01622 | quality: 0.52158
        | Val:   loss: 0.02209 | quality: 0.31431

Epoch 12 | Train: loss: 0.01621 | quality: 0.52196
        | Val:   loss: 0.02211 | quality: 0.31373


⏸ Early stopping at epoch 12 (best was epoch 2)
[2026-04-14 22:21:17,885][__main__][INFO] - Results saved to: /zhome/6b/e/212868/GTN/outputs/ntn/ai4i/MMPO2_rg5_init0.1/L4_bd4_seed42/results.json
[2026-04-14 22:21:17,886][__main__][INFO] - ✓ Train R²: 0.4633
[2026-04-14 22:21:17,886][__main__][INFO] - ✓ Val R²: 0.3813
[2026-04-14 22:21:17,888][HYDRA] 	#16 : model.L=4 model.bond_dim=4 seed=10090 trainer.ridge=5 trainer.ridge_decay=0.25 trainer.ridge_min=0.0001 +experiment=uci_ntn_sweep model=mmpo2 dataset=ai4i
[2026-04-14 22:21:18,023][__main__][INFO] - Configuration:
model:
  name: MMPO2
  L: 4
  bond_dim: 4
  output_site: null
  init_strength: 0.1
dataset:
  name: ai4i
  task: regression
  cap: 50
  size: large
  batch_size: 128
slurm:
  partition: titans
  time: '24:00:00'
  mem: 2gb
  gpu_arch: Ampere
  cpus: 1
  gpu: 1
hpc:
  queue: gpuv100
  time: '24:00'
  mem: 500MB
  cpus: 4
  gpu: 1
trainer:
  type: ntn
  n_epochs: 20
  ridge: 5
  ridge_decay: 0.25
  ridge_min: 0.0001
  adaptive_ridge: false
  patience: 10
  min_delta: 0.001
  train_selection: true
seed: 10090
experiment_name: ${model.name}_${dataset.name}_${trainer.type}_rg${trainer.ridge}_init${model.init_strength}
skip_completed: true
update_tracking: false

[2026-04-14 22:21:18,026][__main__][INFO] - Output directory: /zhome/6b/e/212868/GTN/outputs/ntn/ai4i/MMPO2_rg5_init0.1/L4_bd4_seed10090
[2026-04-14 22:21:18,027][__main__][INFO] - Loading dataset: ai4i
[2026-04-14 22:21:22,190][__main__][INFO] -   Samples: train=7000, val=1500, test=1500
[2026-04-14 22:21:22,190][__main__][INFO] -   Features: 10 (including bias), Task: regression
[2026-04-14 22:21:22,190][__main__][INFO] -   Device: cuda
[2026-04-14 22:21:22,190][__main__][INFO] - Creating model: MMPO2
Starting Fit: 20 epochs.
Sweep Order: ['0_MPS', '1_MPS', '2_MPS', '3_MPS', '2_MPS', '1_MPS']
Validation: Using separate validation set for best model selection
Early stopping: patience=10, min_delta=0.001
Init    | Train: loss: 51422.38841 | quality: -1516533.03340
        | Val:   loss: 29600.51931 | quality: -918635.80614
Epoch 1 | Train: loss: 0.02459 | quality: 0.27480
        | Val:   loss: 0.02161 | quality: 0.32933
 *
Epoch 2 | Train: loss: 0.01935 | quality: 0.42927
        | Val:   loss: 0.02168 | quality: 0.32721

Epoch 3 | Train: loss: 0.01800 | quality: 0.46915
        | Val:   loss: 0.02312 | quality: 0.28235

Epoch 4 | Train: loss: 0.01717 | quality: 0.49361
        | Val:   loss: 0.02332 | quality: 0.27623

Epoch 5 | Train: loss: 0.01684 | quality: 0.50340
        | Val:   loss: 0.02346 | quality: 0.27187

Epoch 6 | Train: loss: 0.01666 | quality: 0.50867
        | Val:   loss: 0.02348 | quality: 0.27144

Epoch 7 | Train: loss: 0.01651 | quality: 0.51305
        | Val:   loss: 0.02317 | quality: 0.28093

Epoch 8 | Train: loss: 0.01640 | quality: 0.51642
        | Val:   loss: 0.02316 | quality: 0.28116

Epoch 9 | Train: loss: 0.01632 | quality: 0.51877
        | Val:   loss: 0.02307 | quality: 0.28401

Epoch 10 | Train: loss: 0.01627 | quality: 0.52025
        | Val:   loss: 0.02297 | quality: 0.28708

Epoch 11 | Train: loss: 0.01623 | quality: 0.52135
        | Val:   loss: 0.02291 | quality: 0.28911


⏸ Early stopping at epoch 11 (best was epoch 1)
[2026-04-14 22:21:26,055][__main__][INFO] - Results saved to: /zhome/6b/e/212868/GTN/outputs/ntn/ai4i/MMPO2_rg5_init0.1/L4_bd4_seed10090/results.json
[2026-04-14 22:21:26,056][__main__][INFO] - ✓ Train R²: 0.2748
[2026-04-14 22:21:26,056][__main__][INFO] - ✓ Val R²: 0.3293
[2026-04-14 22:21:26,057][HYDRA] 	#17 : model.L=4 model.bond_dim=4 seed=32874 trainer.ridge=5 trainer.ridge_decay=0.25 trainer.ridge_min=0.0001 +experiment=uci_ntn_sweep model=mmpo2 dataset=ai4i
[2026-04-14 22:21:26,192][__main__][INFO] - Configuration:
model:
  name: MMPO2
  L: 4
  bond_dim: 4
  output_site: null
  init_strength: 0.1
dataset:
  name: ai4i
  task: regression
  cap: 50
  size: large
  batch_size: 128
slurm:
  partition: titans
  time: '24:00:00'
  mem: 2gb
  gpu_arch: Ampere
  cpus: 1
  gpu: 1
hpc:
  queue: gpuv100
  time: '24:00'
  mem: 500MB
  cpus: 4
  gpu: 1
trainer:
  type: ntn
  n_epochs: 20
  ridge: 5
  ridge_decay: 0.25
  ridge_min: 0.0001
  adaptive_ridge: false
  patience: 10
  min_delta: 0.001
  train_selection: true
seed: 32874
experiment_name: ${model.name}_${dataset.name}_${trainer.type}_rg${trainer.ridge}_init${model.init_strength}
skip_completed: true
update_tracking: false

[2026-04-14 22:21:26,195][__main__][INFO] - Output directory: /zhome/6b/e/212868/GTN/outputs/ntn/ai4i/MMPO2_rg5_init0.1/L4_bd4_seed32874
[2026-04-14 22:21:26,196][__main__][INFO] - Loading dataset: ai4i
[2026-04-14 22:21:30,590][__main__][INFO] -   Samples: train=7000, val=1500, test=1500
[2026-04-14 22:21:30,591][__main__][INFO] -   Features: 10 (including bias), Task: regression
[2026-04-14 22:21:30,591][__main__][INFO] -   Device: cuda
[2026-04-14 22:21:30,591][__main__][INFO] - Creating model: MMPO2
Starting Fit: 20 epochs.
Sweep Order: ['0_MPS', '1_MPS', '2_MPS', '3_MPS', '2_MPS', '1_MPS']
Validation: Using separate validation set for best model selection
Early stopping: patience=10, min_delta=0.001
Init    | Train: loss: 39891.20319 | quality: -1176458.69297
        | Val:   loss: 28993.49296 | quality: -899797.05741
Epoch 1 | Train: loss: 0.02384 | quality: 0.29706
        | Val:   loss: 0.02111 | quality: 0.34499
 *
Epoch 2 | Train: loss: 0.01933 | quality: 0.42986
        | Val:   loss: 0.02126 | quality: 0.34028

Epoch 3 | Train: loss: 0.01799 | quality: 0.46959
        | Val:   loss: 0.02278 | quality: 0.29294

Epoch 4 | Train: loss: 0.01725 | quality: 0.49123
        | Val:   loss: 0.02325 | quality: 0.27834

Epoch 5 | Train: loss: 0.01691 | quality: 0.50117
        | Val:   loss: 0.02279 | quality: 0.29265

Epoch 6 | Train: loss: 0.01661 | quality: 0.51020
        | Val:   loss: 0.02257 | quality: 0.29954

Epoch 7 | Train: loss: 0.01635 | quality: 0.51784
        | Val:   loss: 0.02291 | quality: 0.28906

Epoch 8 | Train: loss: 0.01623 | quality: 0.52142
        | Val:   loss: 0.02306 | quality: 0.28432

Epoch 9 | Train: loss: 0.01617 | quality: 0.52326
        | Val:   loss: 0.02304 | quality: 0.28509

Epoch 10 | Train: loss: 0.01613 | quality: 0.52428
        | Val:   loss: 0.02296 | quality: 0.28756

Epoch 11 | Train: loss: 0.01611 | quality: 0.52501
        | Val:   loss: 0.02288 | quality: 0.29006


⏸ Early stopping at epoch 11 (best was epoch 1)
[2026-04-14 22:21:34,461][__main__][INFO] - Results saved to: /zhome/6b/e/212868/GTN/outputs/ntn/ai4i/MMPO2_rg5_init0.1/L4_bd4_seed32874/results.json
[2026-04-14 22:21:34,461][__main__][INFO] - ✓ Train R²: 0.2971
[2026-04-14 22:21:34,461][__main__][INFO] - ✓ Val R²: 0.3450
[2026-04-14 22:21:34,464][HYDRA] 	#18 : model.L=4 model.bond_dim=4 seed=47311 trainer.ridge=5 trainer.ridge_decay=0.25 trainer.ridge_min=0.0001 +experiment=uci_ntn_sweep model=mmpo2 dataset=ai4i
[2026-04-14 22:21:34,597][__main__][INFO] - Configuration:
model:
  name: MMPO2
  L: 4
  bond_dim: 4
  output_site: null
  init_strength: 0.1
dataset:
  name: ai4i
  task: regression
  cap: 50
  size: large
  batch_size: 128
slurm:
  partition: titans
  time: '24:00:00'
  mem: 2gb
  gpu_arch: Ampere
  cpus: 1
  gpu: 1
hpc:
  queue: gpuv100
  time: '24:00'
  mem: 500MB
  cpus: 4
  gpu: 1
trainer:
  type: ntn
  n_epochs: 20
  ridge: 5
  ridge_decay: 0.25
  ridge_min: 0.0001
  adaptive_ridge: false
  patience: 10
  min_delta: 0.001
  train_selection: true
seed: 47311
experiment_name: ${model.name}_${dataset.name}_${trainer.type}_rg${trainer.ridge}_init${model.init_strength}
skip_completed: true
update_tracking: false

[2026-04-14 22:21:34,600][__main__][INFO] - Output directory: /zhome/6b/e/212868/GTN/outputs/ntn/ai4i/MMPO2_rg5_init0.1/L4_bd4_seed47311
[2026-04-14 22:21:34,601][__main__][INFO] - Loading dataset: ai4i
[2026-04-14 22:21:39,184][__main__][INFO] -   Samples: train=7000, val=1500, test=1500
[2026-04-14 22:21:39,185][__main__][INFO] -   Features: 10 (including bias), Task: regression
[2026-04-14 22:21:39,185][__main__][INFO] -   Device: cuda
[2026-04-14 22:21:39,185][__main__][INFO] - Creating model: MMPO2
Starting Fit: 20 epochs.
Sweep Order: ['0_MPS', '1_MPS', '2_MPS', '3_MPS', '2_MPS', '1_MPS']
Validation: Using separate validation set for best model selection
Early stopping: patience=10, min_delta=0.001
Init    | Train: loss: 12494.76664 | quality: -368491.00206
        | Val:   loss: 10441.45608 | quality: -324044.18871
Epoch 1 | Train: loss: 0.02424 | quality: 0.28509
        | Val:   loss: 0.02191 | quality: 0.32006
 *
Epoch 2 | Train: loss: 0.02088 | quality: 0.38435
        | Val:   loss: 0.01999 | quality: 0.37952
 *
Epoch 3 | Train: loss: 0.01753 | quality: 0.48307
        | Val:   loss: 0.02095 | quality: 0.34982

Epoch 4 | Train: loss: 0.01670 | quality: 0.50745
        | Val:   loss: 0.02218 | quality: 0.31160

Epoch 5 | Train: loss: 0.01642 | quality: 0.51561
        | Val:   loss: 0.02201 | quality: 0.31704

Epoch 6 | Train: loss: 0.01633 | quality: 0.51842
        | Val:   loss: 0.02157 | quality: 0.33067

Epoch 7 | Train: loss: 0.01627 | quality: 0.52007
        | Val:   loss: 0.02136 | quality: 0.33711

Epoch 8 | Train: loss: 0.01624 | quality: 0.52113
        | Val:   loss: 0.02136 | quality: 0.33697

Epoch 9 | Train: loss: 0.01621 | quality: 0.52188
        | Val:   loss: 0.02150 | quality: 0.33261

Epoch 10 | Train: loss: 0.01619 | quality: 0.52247
        | Val:   loss: 0.02170 | quality: 0.32660

Epoch 11 | Train: loss: 0.01617 | quality: 0.52298
        | Val:   loss: 0.02192 | quality: 0.31957

Epoch 12 | Train: loss: 0.01616 | quality: 0.52344
        | Val:   loss: 0.02217 | quality: 0.31189


⏸ Early stopping at epoch 12 (best was epoch 2)
[2026-04-14 22:21:43,391][__main__][INFO] - Results saved to: /zhome/6b/e/212868/GTN/outputs/ntn/ai4i/MMPO2_rg5_init0.1/L4_bd4_seed47311/results.json
[2026-04-14 22:21:43,391][__main__][INFO] - ✓ Train R²: 0.3844
[2026-04-14 22:21:43,391][__main__][INFO] - ✓ Val R²: 0.3795
[2026-04-14 22:21:43,393][HYDRA] 	#19 : model.L=4 model.bond_dim=4 seed=47303 trainer.ridge=5 trainer.ridge_decay=0.25 trainer.ridge_min=0.0001 +experiment=uci_ntn_sweep model=mmpo2 dataset=ai4i
[2026-04-14 22:21:43,528][__main__][INFO] - Configuration:
model:
  name: MMPO2
  L: 4
  bond_dim: 4
  output_site: null
  init_strength: 0.1
dataset:
  name: ai4i
  task: regression
  cap: 50
  size: large
  batch_size: 128
slurm:
  partition: titans
  time: '24:00:00'
  mem: 2gb
  gpu_arch: Ampere
  cpus: 1
  gpu: 1
hpc:
  queue: gpuv100
  time: '24:00'
  mem: 500MB
  cpus: 4
  gpu: 1
trainer:
  type: ntn
  n_epochs: 20
  ridge: 5
  ridge_decay: 0.25
  ridge_min: 0.0001
  adaptive_ridge: false
  patience: 10
  min_delta: 0.001
  train_selection: true
seed: 47303
experiment_name: ${model.name}_${dataset.name}_${trainer.type}_rg${trainer.ridge}_init${model.init_strength}
skip_completed: true
update_tracking: false

[2026-04-14 22:21:43,531][__main__][INFO] - Output directory: /zhome/6b/e/212868/GTN/outputs/ntn/ai4i/MMPO2_rg5_init0.1/L4_bd4_seed47303
[2026-04-14 22:21:43,532][__main__][INFO] - Loading dataset: ai4i
[2026-04-14 22:21:47,842][__main__][INFO] -   Samples: train=7000, val=1500, test=1500
[2026-04-14 22:21:47,843][__main__][INFO] -   Features: 10 (including bias), Task: regression
[2026-04-14 22:21:47,843][__main__][INFO] -   Device: cuda
[2026-04-14 22:21:47,843][__main__][INFO] - Creating model: MMPO2
Starting Fit: 20 epochs.
Sweep Order: ['0_MPS', '1_MPS', '2_MPS', '3_MPS', '2_MPS', '1_MPS']
Validation: Using separate validation set for best model selection
Early stopping: patience=10, min_delta=0.001
Init    | Train: loss: 26064.52936 | quality: -768686.47372
        | Val:   loss: 21800.41488 | quality: -676563.59979
Epoch 1 | Train: loss: 0.02345 | quality: 0.30830
        | Val:   loss: 0.02134 | quality: 0.33759
 *
Epoch 2 | Train: loss: 0.01843 | quality: 0.45655
        | Val:   loss: 0.02052 | quality: 0.36304
 *
Epoch 3 | Train: loss: 0.01745 | quality: 0.48535
        | Val:   loss: 0.02264 | quality: 0.29735

Epoch 4 | Train: loss: 0.01672 | quality: 0.50688
        | Val:   loss: 0.02440 | quality: 0.24265

Epoch 5 | Train: loss: 0.01646 | quality: 0.51450
        | Val:   loss: 0.02300 | quality: 0.28617

Epoch 6 | Train: loss: 0.01637 | quality: 0.51716
        | Val:   loss: 0.02261 | quality: 0.29844

Epoch 7 | Train: loss: 0.01632 | quality: 0.51855
        | Val:   loss: 0.02253 | quality: 0.30068

Epoch 8 | Train: loss: 0.01630 | quality: 0.51937
        | Val:   loss: 0.02251 | quality: 0.30130

Epoch 9 | Train: loss: 0.01628 | quality: 0.51989
        | Val:   loss: 0.02250 | quality: 0.30160

Epoch 10 | Train: loss: 0.01627 | quality: 0.52029
        | Val:   loss: 0.02250 | quality: 0.30160

Epoch 11 | Train: loss: 0.01626 | quality: 0.52061
        | Val:   loss: 0.02251 | quality: 0.30135

Epoch 12 | Train: loss: 0.01625 | quality: 0.52088
        | Val:   loss: 0.02252 | quality: 0.30104


⏸ Early stopping at epoch 12 (best was epoch 2)
[2026-04-14 22:21:52,027][__main__][INFO] - Results saved to: /zhome/6b/e/212868/GTN/outputs/ntn/ai4i/MMPO2_rg5_init0.1/L4_bd4_seed47303/results.json
[2026-04-14 22:21:52,027][__main__][INFO] - ✓ Train R²: 0.4565
[2026-04-14 22:21:52,027][__main__][INFO] - ✓ Val R²: 0.3630
[2026-04-14 22:21:52,029][HYDRA] 	#20 : model.L=4 model.bond_dim=8 seed=42 trainer.ridge=5 trainer.ridge_decay=0.25 trainer.ridge_min=0.0001 +experiment=uci_ntn_sweep model=mmpo2 dataset=ai4i
[2026-04-14 22:21:52,162][__main__][INFO] - Configuration:
model:
  name: MMPO2
  L: 4
  bond_dim: 8
  output_site: null
  init_strength: 0.1
dataset:
  name: ai4i
  task: regression
  cap: 50
  size: large
  batch_size: 128
slurm:
  partition: titans
  time: '24:00:00'
  mem: 2gb
  gpu_arch: Ampere
  cpus: 1
  gpu: 1
hpc:
  queue: gpuv100
  time: '24:00'
  mem: 500MB
  cpus: 4
  gpu: 1
trainer:
  type: ntn
  n_epochs: 20
  ridge: 5
  ridge_decay: 0.25
  ridge_min: 0.0001
  adaptive_ridge: false
  patience: 10
  min_delta: 0.001
  train_selection: true
seed: 42
experiment_name: ${model.name}_${dataset.name}_${trainer.type}_rg${trainer.ridge}_init${model.init_strength}
skip_completed: true
update_tracking: false

[2026-04-14 22:21:52,166][__main__][INFO] - Output directory: /zhome/6b/e/212868/GTN/outputs/ntn/ai4i/MMPO2_rg5_init0.1/L4_bd8_seed42
[2026-04-14 22:21:52,166][__main__][INFO] - Loading dataset: ai4i
[2026-04-14 22:21:56,631][__main__][INFO] -   Samples: train=7000, val=1500, test=1500
[2026-04-14 22:21:56,631][__main__][INFO] -   Features: 10 (including bias), Task: regression
[2026-04-14 22:21:56,631][__main__][INFO] -   Device: cuda
[2026-04-14 22:21:56,632][__main__][INFO] - Creating model: MMPO2
Starting Fit: 20 epochs.
Sweep Order: ['0_MPS', '1_MPS', '2_MPS', '3_MPS', '2_MPS', '1_MPS']
Validation: Using separate validation set for best model selection
Early stopping: patience=10, min_delta=0.001
Init    | Train: loss: 41521.50430 | quality: -1224539.05629
        | Val:   loss: 31829.01036 | quality: -987795.87335
Epoch 1 | Train: loss: 0.02343 | quality: 0.30911
        | Val:   loss: 0.02126 | quality: 0.34029
 *
Epoch 2 | Train: loss: 0.01752 | quality: 0.48343
        | Val:   loss: 0.02445 | quality: 0.24122

Epoch 3 | Train: loss: 0.01613 | quality: 0.52435
        | Val:   loss: 0.02575 | quality: 0.20089

Epoch 4 | Train: loss: 0.01579 | quality: 0.53420
        | Val:   loss: 0.02476 | quality: 0.23174

Epoch 5 | Train: loss: 0.01561 | quality: 0.53954
        | Val:   loss: 0.02480 | quality: 0.23019

Epoch 6 | Train: loss: 0.01550 | quality: 0.54289
        | Val:   loss: 0.02504 | quality: 0.22280

Epoch 7 | Train: loss: 0.01546 | quality: 0.54415
        | Val:   loss: 0.02491 | quality: 0.22685

Epoch 8 | Train: loss: 0.01544 | quality: 0.54464
        | Val:   loss: 0.02490 | quality: 0.22721

Epoch 9 | Train: loss: 0.01543 | quality: 0.54494
        | Val:   loss: 0.02487 | quality: 0.22816

Epoch 10 | Train: loss: 0.01542 | quality: 0.54516
        | Val:   loss: 0.02481 | quality: 0.22989

Epoch 11 | Train: loss: 0.01542 | quality: 0.54535
        | Val:   loss: 0.02474 | quality: 0.23214


⏸ Early stopping at epoch 11 (best was epoch 1)
[2026-04-14 22:22:01,251][__main__][INFO] - Results saved to: /zhome/6b/e/212868/GTN/outputs/ntn/ai4i/MMPO2_rg5_init0.1/L4_bd8_seed42/results.json
[2026-04-14 22:22:01,251][__main__][INFO] - ✓ Train R²: 0.3091
[2026-04-14 22:22:01,251][__main__][INFO] - ✓ Val R²: 0.3403
[2026-04-14 22:22:01,253][HYDRA] 	#21 : model.L=4 model.bond_dim=8 seed=10090 trainer.ridge=5 trainer.ridge_decay=0.25 trainer.ridge_min=0.0001 +experiment=uci_ntn_sweep model=mmpo2 dataset=ai4i
[2026-04-14 22:22:01,390][__main__][INFO] - Configuration:
model:
  name: MMPO2
  L: 4
  bond_dim: 8
  output_site: null
  init_strength: 0.1
dataset:
  name: ai4i
  task: regression
  cap: 50
  size: large
  batch_size: 128
slurm:
  partition: titans
  time: '24:00:00'
  mem: 2gb
  gpu_arch: Ampere
  cpus: 1
  gpu: 1
hpc:
  queue: gpuv100
  time: '24:00'
  mem: 500MB
  cpus: 4
  gpu: 1
trainer:
  type: ntn
  n_epochs: 20
  ridge: 5
  ridge_decay: 0.25
  ridge_min: 0.0001
  adaptive_ridge: false
  patience: 10
  min_delta: 0.001
  train_selection: true
seed: 10090
experiment_name: ${model.name}_${dataset.name}_${trainer.type}_rg${trainer.ridge}_init${model.init_strength}
skip_completed: true
update_tracking: false

[2026-04-14 22:22:01,393][__main__][INFO] - Output directory: /zhome/6b/e/212868/GTN/outputs/ntn/ai4i/MMPO2_rg5_init0.1/L4_bd8_seed10090
[2026-04-14 22:22:01,394][__main__][INFO] - Loading dataset: ai4i
[2026-04-14 22:22:05,709][__main__][INFO] -   Samples: train=7000, val=1500, test=1500
[2026-04-14 22:22:05,709][__main__][INFO] -   Features: 10 (including bias), Task: regression
[2026-04-14 22:22:05,709][__main__][INFO] -   Device: cuda
[2026-04-14 22:22:05,710][__main__][INFO] - Creating model: MMPO2
Starting Fit: 20 epochs.
Sweep Order: ['0_MPS', '1_MPS', '2_MPS', '3_MPS', '2_MPS', '1_MPS']
Validation: Using separate validation set for best model selection
Early stopping: patience=10, min_delta=0.001
Init    | Train: loss: 23773.00932 | quality: -701105.63519
        | Val:   loss: 14920.48745 | quality: -463048.61043
Epoch 1 | Train: loss: 0.02367 | quality: 0.30202
        | Val:   loss: 0.02096 | quality: 0.34966
 *
Epoch 2 | Train: loss: 0.01764 | quality: 0.47979
        | Val:   loss: 0.02323 | quality: 0.27893

Epoch 3 | Train: loss: 0.01607 | quality: 0.52615
        | Val:   loss: 0.02324 | quality: 0.27887

Epoch 4 | Train: loss: 0.01579 | quality: 0.53429
        | Val:   loss: 0.02318 | quality: 0.28050

Epoch 5 | Train: loss: 0.01564 | quality: 0.53866
        | Val:   loss: 0.02332 | quality: 0.27641

Epoch 6 | Train: loss: 0.01551 | quality: 0.54251
        | Val:   loss: 0.02384 | quality: 0.26013

Epoch 7 | Train: loss: 0.01546 | quality: 0.54416
        | Val:   loss: 0.02421 | quality: 0.24879

Epoch 8 | Train: loss: 0.01543 | quality: 0.54484
        | Val:   loss: 0.02447 | quality: 0.24058

Epoch 9 | Train: loss: 0.01542 | quality: 0.54517
        | Val:   loss: 0.02458 | quality: 0.23727

Epoch 10 | Train: loss: 0.01542 | quality: 0.54536
        | Val:   loss: 0.02459 | quality: 0.23694

Epoch 11 | Train: loss: 0.01541 | quality: 0.54548
        | Val:   loss: 0.02458 | quality: 0.23723


⏸ Early stopping at epoch 11 (best was epoch 1)
[2026-04-14 22:22:10,306][__main__][INFO] - Results saved to: /zhome/6b/e/212868/GTN/outputs/ntn/ai4i/MMPO2_rg5_init0.1/L4_bd8_seed10090/results.json
[2026-04-14 22:22:10,307][__main__][INFO] - ✓ Train R²: 0.3020
[2026-04-14 22:22:10,307][__main__][INFO] - ✓ Val R²: 0.3497
[2026-04-14 22:22:10,308][HYDRA] 	#22 : model.L=4 model.bond_dim=8 seed=32874 trainer.ridge=5 trainer.ridge_decay=0.25 trainer.ridge_min=0.0001 +experiment=uci_ntn_sweep model=mmpo2 dataset=ai4i
[2026-04-14 22:22:10,465][__main__][INFO] - Configuration:
model:
  name: MMPO2
  L: 4
  bond_dim: 8
  output_site: null
  init_strength: 0.1
dataset:
  name: ai4i
  task: regression
  cap: 50
  size: large
  batch_size: 128
slurm:
  partition: titans
  time: '24:00:00'
  mem: 2gb
  gpu_arch: Ampere
  cpus: 1
  gpu: 1
hpc:
  queue: gpuv100
  time: '24:00'
  mem: 500MB
  cpus: 4
  gpu: 1
trainer:
  type: ntn
  n_epochs: 20
  ridge: 5
  ridge_decay: 0.25
  ridge_min: 0.0001
  adaptive_ridge: false
  patience: 10
  min_delta: 0.001
  train_selection: true
seed: 32874
experiment_name: ${model.name}_${dataset.name}_${trainer.type}_rg${trainer.ridge}_init${model.init_strength}
skip_completed: true
update_tracking: false

[2026-04-14 22:22:10,469][__main__][INFO] - Output directory: /zhome/6b/e/212868/GTN/outputs/ntn/ai4i/MMPO2_rg5_init0.1/L4_bd8_seed32874
[2026-04-14 22:22:10,470][__main__][INFO] - Loading dataset: ai4i
[2026-04-14 22:22:14,846][__main__][INFO] -   Samples: train=7000, val=1500, test=1500
[2026-04-14 22:22:14,847][__main__][INFO] -   Features: 10 (including bias), Task: regression
[2026-04-14 22:22:14,847][__main__][INFO] -   Device: cuda
[2026-04-14 22:22:14,847][__main__][INFO] - Creating model: MMPO2
Starting Fit: 20 epochs.
Sweep Order: ['0_MPS', '1_MPS', '2_MPS', '3_MPS', '2_MPS', '1_MPS']
Validation: Using separate validation set for best model selection
Early stopping: patience=10, min_delta=0.001
Init    | Train: loss: 1280.17821 | quality: -37753.64121
        | Val:   loss: 1379.71986 | quality: -42817.89211
Epoch 1 | Train: loss: 0.02368 | quality: 0.30153
        | Val:   loss: 0.02135 | quality: 0.33746
 *
Epoch 2 | Train: loss: 0.01739 | quality: 0.48728
        | Val:   loss: 0.02405 | quality: 0.25377

Epoch 3 | Train: loss: 0.01611 | quality: 0.52501
        | Val:   loss: 0.02479 | quality: 0.23077

Epoch 4 | Train: loss: 0.01578 | quality: 0.53473
        | Val:   loss: 0.02434 | quality: 0.24477

Epoch 5 | Train: loss: 0.01560 | quality: 0.53991
        | Val:   loss: 0.02454 | quality: 0.23827

Epoch 6 | Train: loss: 0.01548 | quality: 0.54361
        | Val:   loss: 0.02486 | quality: 0.22861

Epoch 7 | Train: loss: 0.01544 | quality: 0.54470
        | Val:   loss: 0.02481 | quality: 0.23013

Epoch 8 | Train: loss: 0.01542 | quality: 0.54519
        | Val:   loss: 0.02470 | quality: 0.23344

Epoch 9 | Train: loss: 0.01541 | quality: 0.54548
        | Val:   loss: 0.02460 | quality: 0.23644

Epoch 10 | Train: loss: 0.01541 | quality: 0.54568
        | Val:   loss: 0.02452 | quality: 0.23907

Epoch 11 | Train: loss: 0.01540 | quality: 0.54582
        | Val:   loss: 0.02444 | quality: 0.24146


⏸ Early stopping at epoch 11 (best was epoch 1)
[2026-04-14 22:22:19,426][__main__][INFO] - Results saved to: /zhome/6b/e/212868/GTN/outputs/ntn/ai4i/MMPO2_rg5_init0.1/L4_bd8_seed32874/results.json
[2026-04-14 22:22:19,427][__main__][INFO] - ✓ Train R²: 0.3015
[2026-04-14 22:22:19,427][__main__][INFO] - ✓ Val R²: 0.3375
[2026-04-14 22:22:19,429][HYDRA] 	#23 : model.L=4 model.bond_dim=8 seed=47311 trainer.ridge=5 trainer.ridge_decay=0.25 trainer.ridge_min=0.0001 +experiment=uci_ntn_sweep model=mmpo2 dataset=ai4i
[2026-04-14 22:22:19,567][__main__][INFO] - Configuration:
model:
  name: MMPO2
  L: 4
  bond_dim: 8
  output_site: null
  init_strength: 0.1
dataset:
  name: ai4i
  task: regression
  cap: 50
  size: large
  batch_size: 128
slurm:
  partition: titans
  time: '24:00:00'
  mem: 2gb
  gpu_arch: Ampere
  cpus: 1
  gpu: 1
hpc:
  queue: gpuv100
  time: '24:00'
  mem: 500MB
  cpus: 4
  gpu: 1
trainer:
  type: ntn
  n_epochs: 20
  ridge: 5
  ridge_decay: 0.25
  ridge_min: 0.0001
  adaptive_ridge: false
  patience: 10
  min_delta: 0.001
  train_selection: true
seed: 47311
experiment_name: ${model.name}_${dataset.name}_${trainer.type}_rg${trainer.ridge}_init${model.init_strength}
skip_completed: true
update_tracking: false

[2026-04-14 22:22:19,571][__main__][INFO] - Output directory: /zhome/6b/e/212868/GTN/outputs/ntn/ai4i/MMPO2_rg5_init0.1/L4_bd8_seed47311
[2026-04-14 22:22:19,572][__main__][INFO] - Loading dataset: ai4i
[2026-04-14 22:22:23,573][__main__][INFO] -   Samples: train=7000, val=1500, test=1500
[2026-04-14 22:22:23,573][__main__][INFO] -   Features: 10 (including bias), Task: regression
[2026-04-14 22:22:23,573][__main__][INFO] -   Device: cuda
[2026-04-14 22:22:23,573][__main__][INFO] - Creating model: MMPO2
Starting Fit: 20 epochs.
Sweep Order: ['0_MPS', '1_MPS', '2_MPS', '3_MPS', '2_MPS', '1_MPS']
Validation: Using separate validation set for best model selection
Early stopping: patience=10, min_delta=0.001
Init    | Train: loss: 66778.09422 | quality: -1969399.01634
        | Val:   loss: 43721.60913 | quality: -1356876.52477
Epoch 1 | Train: loss: 0.02347 | quality: 0.30786
        | Val:   loss: 0.02117 | quality: 0.34285
 *
Epoch 2 | Train: loss: 0.01705 | quality: 0.49725
        | Val:   loss: 0.02571 | quality: 0.20207

Epoch 3 | Train: loss: 0.01618 | quality: 0.52283
        | Val:   loss: 0.02476 | quality: 0.23159

Epoch 4 | Train: loss: 0.01576 | quality: 0.53534
        | Val:   loss: 0.02428 | quality: 0.24635

Epoch 5 | Train: loss: 0.01561 | quality: 0.53949
        | Val:   loss: 0.02490 | quality: 0.22714

Epoch 6 | Train: loss: 0.01552 | quality: 0.54226
        | Val:   loss: 0.02487 | quality: 0.22817

Epoch 7 | Train: loss: 0.01547 | quality: 0.54386
        | Val:   loss: 0.02461 | quality: 0.23639

Epoch 8 | Train: loss: 0.01544 | quality: 0.54457
        | Val:   loss: 0.02473 | quality: 0.23249

Epoch 9 | Train: loss: 0.01543 | quality: 0.54491
        | Val:   loss: 0.02482 | quality: 0.22979

Epoch 10 | Train: loss: 0.01542 | quality: 0.54510
        | Val:   loss: 0.02478 | quality: 0.23110

Epoch 11 | Train: loss: 0.01542 | quality: 0.54524
        | Val:   loss: 0.02471 | quality: 0.23324


⏸ Early stopping at epoch 11 (best was epoch 1)
[2026-04-14 22:22:28,165][__main__][INFO] - Results saved to: /zhome/6b/e/212868/GTN/outputs/ntn/ai4i/MMPO2_rg5_init0.1/L4_bd8_seed47311/results.json
[2026-04-14 22:22:28,165][__main__][INFO] - ✓ Train R²: 0.3079
[2026-04-14 22:22:28,165][__main__][INFO] - ✓ Val R²: 0.3428
[2026-04-14 22:22:28,167][HYDRA] 	#24 : model.L=4 model.bond_dim=8 seed=47303 trainer.ridge=5 trainer.ridge_decay=0.25 trainer.ridge_min=0.0001 +experiment=uci_ntn_sweep model=mmpo2 dataset=ai4i
[2026-04-14 22:22:28,302][__main__][INFO] - Configuration:
model:
  name: MMPO2
  L: 4
  bond_dim: 8
  output_site: null
  init_strength: 0.1
dataset:
  name: ai4i
  task: regression
  cap: 50
  size: large
  batch_size: 128
slurm:
  partition: titans
  time: '24:00:00'
  mem: 2gb
  gpu_arch: Ampere
  cpus: 1
  gpu: 1
hpc:
  queue: gpuv100
  time: '24:00'
  mem: 500MB
  cpus: 4
  gpu: 1
trainer:
  type: ntn
  n_epochs: 20
  ridge: 5
  ridge_decay: 0.25
  ridge_min: 0.0001
  adaptive_ridge: false
  patience: 10
  min_delta: 0.001
  train_selection: true
seed: 47303
experiment_name: ${model.name}_${dataset.name}_${trainer.type}_rg${trainer.ridge}_init${model.init_strength}
skip_completed: true
update_tracking: false

[2026-04-14 22:22:28,305][__main__][INFO] - Output directory: /zhome/6b/e/212868/GTN/outputs/ntn/ai4i/MMPO2_rg5_init0.1/L4_bd8_seed47303
[2026-04-14 22:22:28,305][__main__][INFO] - Loading dataset: ai4i
[2026-04-14 22:22:32,342][__main__][INFO] -   Samples: train=7000, val=1500, test=1500
[2026-04-14 22:22:32,343][__main__][INFO] -   Features: 10 (including bias), Task: regression
[2026-04-14 22:22:32,343][__main__][INFO] -   Device: cuda
[2026-04-14 22:22:32,343][__main__][INFO] - Creating model: MMPO2
Starting Fit: 20 epochs.
Sweep Order: ['0_MPS', '1_MPS', '2_MPS', '3_MPS', '2_MPS', '1_MPS']
Validation: Using separate validation set for best model selection
Early stopping: patience=10, min_delta=0.001
Init    | Train: loss: 9279.44389 | quality: -273665.64408
        | Val:   loss: 7798.72478 | quality: -242028.38973
Epoch 1 | Train: loss: 0.02340 | quality: 0.30987
        | Val:   loss: 0.02117 | quality: 0.34296
 *
Epoch 2 | Train: loss: 0.01746 | quality: 0.48503
        | Val:   loss: 0.02407 | quality: 0.25297

Epoch 3 | Train: loss: 0.01629 | quality: 0.51971
        | Val:   loss: 0.02507 | quality: 0.22211

Epoch 4 | Train: loss: 0.01581 | quality: 0.53372
        | Val:   loss: 0.02406 | quality: 0.25316

Epoch 5 | Train: loss: 0.01564 | quality: 0.53882
        | Val:   loss: 0.02386 | quality: 0.25945

Epoch 6 | Train: loss: 0.01553 | quality: 0.54208
        | Val:   loss: 0.02434 | quality: 0.24460

Epoch 7 | Train: loss: 0.01547 | quality: 0.54379
        | Val:   loss: 0.02441 | quality: 0.24256

Epoch 8 | Train: loss: 0.01544 | quality: 0.54456
        | Val:   loss: 0.02447 | quality: 0.24058

Epoch 9 | Train: loss: 0.01543 | quality: 0.54489
        | Val:   loss: 0.02450 | quality: 0.23950

Epoch 10 | Train: loss: 0.01543 | quality: 0.54509
        | Val:   loss: 0.02448 | quality: 0.24037

Epoch 11 | Train: loss: 0.01542 | quality: 0.54523
        | Val:   loss: 0.02443 | quality: 0.24174


⏸ Early stopping at epoch 11 (best was epoch 1)
[2026-04-14 22:22:36,938][__main__][INFO] - Results saved to: /zhome/6b/e/212868/GTN/outputs/ntn/ai4i/MMPO2_rg5_init0.1/L4_bd8_seed47303/results.json
[2026-04-14 22:22:36,938][__main__][INFO] - ✓ Train R²: 0.3099
[2026-04-14 22:22:36,938][__main__][INFO] - ✓ Val R²: 0.3430
[2026-04-14 22:22:36,940][HYDRA] 	#25 : model.L=4 model.bond_dim=12 seed=42 trainer.ridge=5 trainer.ridge_decay=0.25 trainer.ridge_min=0.0001 +experiment=uci_ntn_sweep model=mmpo2 dataset=ai4i
[2026-04-14 22:22:37,076][__main__][INFO] - Configuration:
model:
  name: MMPO2
  L: 4
  bond_dim: 12
  output_site: null
  init_strength: 0.1
dataset:
  name: ai4i
  task: regression
  cap: 50
  size: large
  batch_size: 128
slurm:
  partition: titans
  time: '24:00:00'
  mem: 2gb
  gpu_arch: Ampere
  cpus: 1
  gpu: 1
hpc:
  queue: gpuv100
  time: '24:00'
  mem: 500MB
  cpus: 4
  gpu: 1
trainer:
  type: ntn
  n_epochs: 20
  ridge: 5
  ridge_decay: 0.25
  ridge_min: 0.0001
  adaptive_ridge: false
  patience: 10
  min_delta: 0.001
  train_selection: true
seed: 42
experiment_name: ${model.name}_${dataset.name}_${trainer.type}_rg${trainer.ridge}_init${model.init_strength}
skip_completed: true
update_tracking: false

[2026-04-14 22:22:37,079][__main__][INFO] - Output directory: /zhome/6b/e/212868/GTN/outputs/ntn/ai4i/MMPO2_rg5_init0.1/L4_bd12_seed42
[2026-04-14 22:22:37,080][__main__][INFO] - Loading dataset: ai4i
[2026-04-14 22:22:41,088][__main__][INFO] -   Samples: train=7000, val=1500, test=1500
[2026-04-14 22:22:41,089][__main__][INFO] -   Features: 10 (including bias), Task: regression
[2026-04-14 22:22:41,089][__main__][INFO] -   Device: cuda
[2026-04-14 22:22:41,089][__main__][INFO] - Creating model: MMPO2
Starting Fit: 20 epochs.
Sweep Order: ['0_MPS', '1_MPS', '2_MPS', '3_MPS', '2_MPS', '1_MPS']
Validation: Using separate validation set for best model selection
Early stopping: patience=10, min_delta=0.001
Init    | Train: loss: 16787.24366 | quality: -495083.47842
        | Val:   loss: 12043.00061 | quality: -373747.29477
Epoch 1 | Train: loss: 0.02329 | quality: 0.31311
        | Val:   loss: 0.02093 | quality: 0.35058
 *
Epoch 2 | Train: loss: 0.01747 | quality: 0.48472
        | Val:   loss: 0.02346 | quality: 0.27202

Epoch 3 | Train: loss: 0.01619 | quality: 0.52241
        | Val:   loss: 0.02455 | quality: 0.23813

Epoch 4 | Train: loss: 0.01575 | quality: 0.53559
        | Val:   loss: 0.02353 | quality: 0.26976

Epoch 5 | Train: loss: 0.01551 | quality: 0.54245
        | Val:   loss: 0.02298 | quality: 0.28694

Epoch 6 | Train: loss: 0.01540 | quality: 0.54576
        | Val:   loss: 0.02369 | quality: 0.26474

Epoch 7 | Train: loss: 0.01538 | quality: 0.54656
        | Val:   loss: 0.02386 | quality: 0.25962

Epoch 8 | Train: loss: 0.01537 | quality: 0.54667
        | Val:   loss: 0.02387 | quality: 0.25908

Epoch 9 | Train: loss: 0.01537 | quality: 0.54670
        | Val:   loss: 0.02388 | quality: 0.25887

Epoch 10 | Train: loss: 0.01537 | quality: 0.54672
        | Val:   loss: 0.02389 | quality: 0.25868

Epoch 11 | Train: loss: 0.01537 | quality: 0.54672
        | Val:   loss: 0.02389 | quality: 0.25858


⏸ Early stopping at epoch 11 (best was epoch 1)
[2026-04-14 22:22:46,995][__main__][INFO] - Results saved to: /zhome/6b/e/212868/GTN/outputs/ntn/ai4i/MMPO2_rg5_init0.1/L4_bd12_seed42/results.json
[2026-04-14 22:22:46,996][__main__][INFO] - ✓ Train R²: 0.3131
[2026-04-14 22:22:46,996][__main__][INFO] - ✓ Val R²: 0.3506
[2026-04-14 22:22:46,997][HYDRA] 	#26 : model.L=4 model.bond_dim=12 seed=10090 trainer.ridge=5 trainer.ridge_decay=0.25 trainer.ridge_min=0.0001 +experiment=uci_ntn_sweep model=mmpo2 dataset=ai4i
[2026-04-14 22:22:47,133][__main__][INFO] - Configuration:
model:
  name: MMPO2
  L: 4
  bond_dim: 12
  output_site: null
  init_strength: 0.1
dataset:
  name: ai4i
  task: regression
  cap: 50
  size: large
  batch_size: 128
slurm:
  partition: titans
  time: '24:00:00'
  mem: 2gb
  gpu_arch: Ampere
  cpus: 1
  gpu: 1
hpc:
  queue: gpuv100
  time: '24:00'
  mem: 500MB
  cpus: 4
  gpu: 1
trainer:
  type: ntn
  n_epochs: 20
  ridge: 5
  ridge_decay: 0.25
  ridge_min: 0.0001
  adaptive_ridge: false
  patience: 10
  min_delta: 0.001
  train_selection: true
seed: 10090
experiment_name: ${model.name}_${dataset.name}_${trainer.type}_rg${trainer.ridge}_init${model.init_strength}
skip_completed: true
update_tracking: false

[2026-04-14 22:22:47,136][__main__][INFO] - Output directory: /zhome/6b/e/212868/GTN/outputs/ntn/ai4i/MMPO2_rg5_init0.1/L4_bd12_seed10090
[2026-04-14 22:22:47,137][__main__][INFO] - Loading dataset: ai4i
[2026-04-14 22:22:51,297][__main__][INFO] -   Samples: train=7000, val=1500, test=1500
[2026-04-14 22:22:51,298][__main__][INFO] -   Features: 10 (including bias), Task: regression
[2026-04-14 22:22:51,298][__main__][INFO] -   Device: cuda
[2026-04-14 22:22:51,298][__main__][INFO] - Creating model: MMPO2
Starting Fit: 20 epochs.
Sweep Order: ['0_MPS', '1_MPS', '2_MPS', '3_MPS', '2_MPS', '1_MPS']
Validation: Using separate validation set for best model selection
Early stopping: patience=10, min_delta=0.001
Init    | Train: loss: 26964.93359 | quality: -795240.93182
        | Val:   loss: 29051.39726 | quality: -901594.08748
Epoch 1 | Train: loss: 0.02343 | quality: 0.30889
        | Val:   loss: 0.02125 | quality: 0.34063
 *
Epoch 2 | Train: loss: 0.01691 | quality: 0.50143
        | Val:   loss: 0.02421 | quality: 0.24875

Epoch 3 | Train: loss: 0.01603 | quality: 0.52728
        | Val:   loss: 0.02408 | quality: 0.25264

Epoch 4 | Train: loss: 0.01571 | quality: 0.53667
        | Val:   loss: 0.02329 | quality: 0.27712

Epoch 5 | Train: loss: 0.01549 | quality: 0.54303
        | Val:   loss: 0.02293 | quality: 0.28836

Epoch 6 | Train: loss: 0.01541 | quality: 0.54563
        | Val:   loss: 0.02344 | quality: 0.27244

Epoch 7 | Train: loss: 0.01538 | quality: 0.54653
        | Val:   loss: 0.02393 | quality: 0.25744

Epoch 8 | Train: loss: 0.01537 | quality: 0.54669
        | Val:   loss: 0.02394 | quality: 0.25718

Epoch 9 | Train: loss: 0.01537 | quality: 0.54671
        | Val:   loss: 0.02391 | quality: 0.25783

Epoch 10 | Train: loss: 0.01537 | quality: 0.54672
        | Val:   loss: 0.02390 | quality: 0.25818

Epoch 11 | Train: loss: 0.01537 | quality: 0.54672
        | Val:   loss: 0.02390 | quality: 0.25832


⏸ Early stopping at epoch 11 (best was epoch 1)
[2026-04-14 22:22:57,190][__main__][INFO] - Results saved to: /zhome/6b/e/212868/GTN/outputs/ntn/ai4i/MMPO2_rg5_init0.1/L4_bd12_seed10090/results.json
[2026-04-14 22:22:57,191][__main__][INFO] - ✓ Train R²: 0.3089
[2026-04-14 22:22:57,191][__main__][INFO] - ✓ Val R²: 0.3406
[2026-04-14 22:22:57,193][HYDRA] 	#27 : model.L=4 model.bond_dim=12 seed=32874 trainer.ridge=5 trainer.ridge_decay=0.25 trainer.ridge_min=0.0001 +experiment=uci_ntn_sweep model=mmpo2 dataset=ai4i
[2026-04-14 22:22:57,329][__main__][INFO] - Configuration:
model:
  name: MMPO2
  L: 4
  bond_dim: 12
  output_site: null
  init_strength: 0.1
dataset:
  name: ai4i
  task: regression
  cap: 50
  size: large
  batch_size: 128
slurm:
  partition: titans
  time: '24:00:00'
  mem: 2gb
  gpu_arch: Ampere
  cpus: 1
  gpu: 1
hpc:
  queue: gpuv100
  time: '24:00'
  mem: 500MB
  cpus: 4
  gpu: 1
trainer:
  type: ntn
  n_epochs: 20
  ridge: 5
  ridge_decay: 0.25
  ridge_min: 0.0001
  adaptive_ridge: false
  patience: 10
  min_delta: 0.001
  train_selection: true
seed: 32874
experiment_name: ${model.name}_${dataset.name}_${trainer.type}_rg${trainer.ridge}_init${model.init_strength}
skip_completed: true
update_tracking: false

[2026-04-14 22:22:57,333][__main__][INFO] - Output directory: /zhome/6b/e/212868/GTN/outputs/ntn/ai4i/MMPO2_rg5_init0.1/L4_bd12_seed32874
[2026-04-14 22:22:57,333][__main__][INFO] - Loading dataset: ai4i
[2026-04-14 22:23:01,181][__main__][INFO] -   Samples: train=7000, val=1500, test=1500
[2026-04-14 22:23:01,181][__main__][INFO] -   Features: 10 (including bias), Task: regression
[2026-04-14 22:23:01,181][__main__][INFO] -   Device: cuda
[2026-04-14 22:23:01,182][__main__][INFO] - Creating model: MMPO2
Starting Fit: 20 epochs.
Sweep Order: ['0_MPS', '1_MPS', '2_MPS', '3_MPS', '2_MPS', '1_MPS']
Validation: Using separate validation set for best model selection
Early stopping: patience=10, min_delta=0.001
Init    | Train: loss: 7081.54865 | quality: -208845.96070
        | Val:   loss: 2446.48708 | quality: -75924.46104
Epoch 1 | Train: loss: 0.02311 | quality: 0.31848
        | Val:   loss: 0.02088 | quality: 0.35201
 *
Epoch 2 | Train: loss: 0.01792 | quality: 0.47142
        | Val:   loss: 0.02162 | quality: 0.32899

Epoch 3 | Train: loss: 0.01622 | quality: 0.52156
        | Val:   loss: 0.02448 | quality: 0.24022

Epoch 4 | Train: loss: 0.01563 | quality: 0.53906
        | Val:   loss: 0.02443 | quality: 0.24176

Epoch 5 | Train: loss: 0.01545 | quality: 0.54438
        | Val:   loss: 0.02384 | quality: 0.26024

Epoch 6 | Train: loss: 0.01539 | quality: 0.54606
        | Val:   loss: 0.02390 | quality: 0.25819

Epoch 7 | Train: loss: 0.01538 | quality: 0.54655
        | Val:   loss: 0.02393 | quality: 0.25733

Epoch 8 | Train: loss: 0.01537 | quality: 0.54667
        | Val:   loss: 0.02391 | quality: 0.25808

Epoch 9 | Train: loss: 0.01537 | quality: 0.54670
        | Val:   loss: 0.02390 | quality: 0.25833

Epoch 10 | Train: loss: 0.01537 | quality: 0.54671
        | Val:   loss: 0.02390 | quality: 0.25833

Epoch 11 | Train: loss: 0.01537 | quality: 0.54672
        | Val:   loss: 0.02390 | quality: 0.25833


⏸ Early stopping at epoch 11 (best was epoch 1)
[2026-04-14 22:23:07,070][__main__][INFO] - Results saved to: /zhome/6b/e/212868/GTN/outputs/ntn/ai4i/MMPO2_rg5_init0.1/L4_bd12_seed32874/results.json
[2026-04-14 22:23:07,071][__main__][INFO] - ✓ Train R²: 0.3185
[2026-04-14 22:23:07,071][__main__][INFO] - ✓ Val R²: 0.3520
[2026-04-14 22:23:07,073][HYDRA] 	#28 : model.L=4 model.bond_dim=12 seed=47311 trainer.ridge=5 trainer.ridge_decay=0.25 trainer.ridge_min=0.0001 +experiment=uci_ntn_sweep model=mmpo2 dataset=ai4i
[2026-04-14 22:23:07,208][__main__][INFO] - Configuration:
model:
  name: MMPO2
  L: 4
  bond_dim: 12
  output_site: null
  init_strength: 0.1
dataset:
  name: ai4i
  task: regression
  cap: 50
  size: large
  batch_size: 128
slurm:
  partition: titans
  time: '24:00:00'
  mem: 2gb
  gpu_arch: Ampere
  cpus: 1
  gpu: 1
hpc:
  queue: gpuv100
  time: '24:00'
  mem: 500MB
  cpus: 4
  gpu: 1
trainer:
  type: ntn
  n_epochs: 20
  ridge: 5
  ridge_decay: 0.25
  ridge_min: 0.0001
  adaptive_ridge: false
  patience: 10
  min_delta: 0.001
  train_selection: true
seed: 47311
experiment_name: ${model.name}_${dataset.name}_${trainer.type}_rg${trainer.ridge}_init${model.init_strength}
skip_completed: true
update_tracking: false

[2026-04-14 22:23:07,211][__main__][INFO] - Output directory: /zhome/6b/e/212868/GTN/outputs/ntn/ai4i/MMPO2_rg5_init0.1/L4_bd12_seed47311
[2026-04-14 22:23:07,212][__main__][INFO] - Loading dataset: ai4i
[2026-04-14 22:23:11,306][__main__][INFO] -   Samples: train=7000, val=1500, test=1500
[2026-04-14 22:23:11,307][__main__][INFO] -   Features: 10 (including bias), Task: regression
[2026-04-14 22:23:11,307][__main__][INFO] -   Device: cuda
[2026-04-14 22:23:11,307][__main__][INFO] - Creating model: MMPO2
Starting Fit: 20 epochs.
Sweep Order: ['0_MPS', '1_MPS', '2_MPS', '3_MPS', '2_MPS', '1_MPS']
Validation: Using separate validation set for best model selection
Early stopping: patience=10, min_delta=0.001
Init    | Train: loss: 3110.87596 | quality: -91744.04361
        | Val:   loss: 2706.67007 | quality: -83999.10550
Epoch 1 | Train: loss: 0.02305 | quality: 0.32013
        | Val:   loss: 0.02094 | quality: 0.35026
 *
Epoch 2 | Train: loss: 0.01743 | quality: 0.48588
        | Val:   loss: 0.02405 | quality: 0.25373

Epoch 3 | Train: loss: 0.01612 | quality: 0.52471
        | Val:   loss: 0.02460 | quality: 0.23660

Epoch 4 | Train: loss: 0.01565 | quality: 0.53835
        | Val:   loss: 0.02448 | quality: 0.24023

Epoch 5 | Train: loss: 0.01546 | quality: 0.54419
        | Val:   loss: 0.02463 | quality: 0.23561

Epoch 6 | Train: loss: 0.01538 | quality: 0.54629
        | Val:   loss: 0.02442 | quality: 0.24206

Epoch 7 | Train: loss: 0.01537 | quality: 0.54664
        | Val:   loss: 0.02408 | quality: 0.25257

Epoch 8 | Train: loss: 0.01537 | quality: 0.54670
        | Val:   loss: 0.02395 | quality: 0.25666

Epoch 9 | Train: loss: 0.01537 | quality: 0.54671
        | Val:   loss: 0.02391 | quality: 0.25790

Epoch 10 | Train: loss: 0.01537 | quality: 0.54672
        | Val:   loss: 0.02391 | quality: 0.25803

Epoch 11 | Train: loss: 0.01537 | quality: 0.54672
        | Val:   loss: 0.02391 | quality: 0.25807


⏸ Early stopping at epoch 11 (best was epoch 1)
[2026-04-14 22:23:17,177][__main__][INFO] - Results saved to: /zhome/6b/e/212868/GTN/outputs/ntn/ai4i/MMPO2_rg5_init0.1/L4_bd12_seed47311/results.json
[2026-04-14 22:23:17,177][__main__][INFO] - ✓ Train R²: 0.3201
[2026-04-14 22:23:17,177][__main__][INFO] - ✓ Val R²: 0.3503
[2026-04-14 22:23:17,179][HYDRA] 	#29 : model.L=4 model.bond_dim=12 seed=47303 trainer.ridge=5 trainer.ridge_decay=0.25 trainer.ridge_min=0.0001 +experiment=uci_ntn_sweep model=mmpo2 dataset=ai4i
[2026-04-14 22:23:17,311][__main__][INFO] - Configuration:
model:
  name: MMPO2
  L: 4
  bond_dim: 12
  output_site: null
  init_strength: 0.1
dataset:
  name: ai4i
  task: regression
  cap: 50
  size: large
  batch_size: 128
slurm:
  partition: titans
  time: '24:00:00'
  mem: 2gb
  gpu_arch: Ampere
  cpus: 1
  gpu: 1
hpc:
  queue: gpuv100
  time: '24:00'
  mem: 500MB
  cpus: 4
  gpu: 1
trainer:
  type: ntn
  n_epochs: 20
  ridge: 5
  ridge_decay: 0.25
  ridge_min: 0.0001
  adaptive_ridge: false
  patience: 10
  min_delta: 0.001
  train_selection: true
seed: 47303
experiment_name: ${model.name}_${dataset.name}_${trainer.type}_rg${trainer.ridge}_init${model.init_strength}
skip_completed: true
update_tracking: false

[2026-04-14 22:23:17,314][__main__][INFO] - Output directory: /zhome/6b/e/212868/GTN/outputs/ntn/ai4i/MMPO2_rg5_init0.1/L4_bd12_seed47303
[2026-04-14 22:23:17,315][__main__][INFO] - Loading dataset: ai4i
[2026-04-14 22:23:21,318][__main__][INFO] -   Samples: train=7000, val=1500, test=1500
[2026-04-14 22:23:21,319][__main__][INFO] -   Features: 10 (including bias), Task: regression
[2026-04-14 22:23:21,319][__main__][INFO] -   Device: cuda
[2026-04-14 22:23:21,319][__main__][INFO] - Creating model: MMPO2
Starting Fit: 20 epochs.
Sweep Order: ['0_MPS', '1_MPS', '2_MPS', '3_MPS', '2_MPS', '1_MPS']
Validation: Using separate validation set for best model selection
Early stopping: patience=10, min_delta=0.001
Init    | Train: loss: 9672.91507 | quality: -285269.78103
        | Val:   loss: 4445.88911 | quality: -137974.86899
Epoch 1 | Train: loss: 0.02310 | quality: 0.31874
        | Val:   loss: 0.02091 | quality: 0.35091
 *
Epoch 2 | Train: loss: 0.01741 | quality: 0.48653
        | Val:   loss: 0.02480 | quality: 0.23034

Epoch 3 | Train: loss: 0.01607 | quality: 0.52602
        | Val:   loss: 0.02509 | quality: 0.22146

Epoch 4 | Train: loss: 0.01567 | quality: 0.53799
        | Val:   loss: 0.02438 | quality: 0.24338

Epoch 5 | Train: loss: 0.01548 | quality: 0.54336
        | Val:   loss: 0.02424 | quality: 0.24770

Epoch 6 | Train: loss: 0.01541 | quality: 0.54541
        | Val:   loss: 0.02422 | quality: 0.24821

Epoch 7 | Train: loss: 0.01538 | quality: 0.54643
        | Val:   loss: 0.02403 | quality: 0.25414

Epoch 8 | Train: loss: 0.01537 | quality: 0.54666
        | Val:   loss: 0.02392 | quality: 0.25752

Epoch 9 | Train: loss: 0.01537 | quality: 0.54670
        | Val:   loss: 0.02391 | quality: 0.25785

Epoch 10 | Train: loss: 0.01537 | quality: 0.54671
        | Val:   loss: 0.02391 | quality: 0.25791

Epoch 11 | Train: loss: 0.01537 | quality: 0.54671
        | Val:   loss: 0.02391 | quality: 0.25794


⏸ Early stopping at epoch 11 (best was epoch 1)
[2026-04-14 22:23:27,193][__main__][INFO] - Results saved to: /zhome/6b/e/212868/GTN/outputs/ntn/ai4i/MMPO2_rg5_init0.1/L4_bd12_seed47303/results.json
[2026-04-14 22:23:27,193][__main__][INFO] - ✓ Train R²: 0.3187
[2026-04-14 22:23:27,193][__main__][INFO] - ✓ Val R²: 0.3509

------------------------------------------------------------
Sender: LSF System <lsfadmin@hpc.dtu.dk>
Subject: Job 28194349: <ntn-mmpo2-ai4i> in cluster <dcc> Done

Job <ntn-mmpo2-ai4i> was submitted from host <hpclogin1> by user <nicci> in cluster <dcc> at Mon Apr 13 09:06:55 2026
Job was executed on host(s) <4*n-62-20-2>, in queue <gpuv100>, as user <nicci> in cluster <dcc> at Tue Apr 14 22:19:26 2026
</zhome/6b/e/212868> was used as the home directory.
</zhome/6b/e/212868/GTN/submit_ntn> was used as the working directory.
Started at Tue Apr 14 22:19:26 2026
Terminated at Tue Apr 14 22:23:28 2026
Results reported at Tue Apr 14 22:23:28 2026

Your job looked like:

------------------------------------------------------------
# LSBATCH: User input
#!/bin/sh
#BSUB -q gpuv100
#BSUB -J ntn-mmpo2-ai4i
#BSUB -W 24:00
#BSUB -n 4
#BSUB -gpu "num=1:mode=exclusive_process"
#BSUB -R "rusage[mem=500MB]"
#BSUB -R "span[hosts=1]"
#BSUB -o logs/ntn-mmpo2-ai4i_%J.out
#BSUB -e logs/ntn-mmpo2-ai4i_%J.err
#BSUB -u nicci@dtu.dk

export HOME=/zhome/6b/e/212868
cd $HOME/GTN
source .venv/bin/activate

set -a && source $HOME/aim && set +a

python run.py --multirun +experiment=uci_ntn_sweep model=mmpo2 dataset=ai4i

------------------------------------------------------------

Successfully completed.

Resource usage summary:

    CPU time :                                   134.00 sec.
    Max Memory :                                 661 MB
    Average Memory :                             562.75 MB
    Total Requested Memory :                     2000.00 MB
    Delta Memory :                               1339.00 MB
    Max Swap :                                   -
    Max Processes :                              4
    Max Threads :                                9
    Run time :                                   242 sec.
    Turnaround time :                            134193 sec.

The output (if any) is above this job summary.



PS:

Read file <logs/ntn-mmpo2-ai4i_28194349.err> for stderr output of this job.

