[2026-04-13 22:00:47,852][HYDRA] Launching 30 jobs locally
[2026-04-13 22:00:47,852][HYDRA] 	#0 : model.L=3 model.bond_dim=4 seed=42 trainer.ridge=5 trainer.ridge_decay=0.25 trainer.ridge_min=0.0001 +experiment=uci_ntn_sweep model=mpo2 dataset=wine
[2026-04-13 22:00:47,981][__main__][INFO] - Configuration:
model:
  name: MPO2
  L: 3
  bond_dim: 4
  output_site: null
  init_strength: 0.1
dataset:
  name: wine
  task: classification
  cap: 50
  size: small
  batch_size: 256
slurm:
  partition: titans
  time: '12:00:00'
  mem: 2gb
  gpu_arch: Ampere
  cpus: 1
  gpu: 1
hpc:
  queue: gpuv100
  time: '12:00'
  mem: 500MB
  cpus: 4
  gpu: 1
trainer:
  type: ntn
  n_epochs: 20
  ridge: 5
  ridge_decay: 0.25
  ridge_min: 0.0001
  adaptive_ridge: false
  patience: 10
  min_delta: 0.001
  train_selection: true
seed: 42
experiment_name: ${model.name}_${dataset.name}_${trainer.type}_rg${trainer.ridge}_init${model.init_strength}
skip_completed: true
update_tracking: false

[2026-04-13 22:00:47,991][__main__][INFO] - Output directory: /zhome/6b/e/212868/GTN/outputs/ntn/wine/MPO2_rg5_init0.1/L3_bd4_seed42
[2026-04-13 22:00:48,060][utils.tracking][INFO] - Loaded 17231 tracked runs from runs_tracking.csv
[2026-04-13 22:00:48,061][__main__][INFO] - Loading dataset: wine
[2026-04-13 22:00:49,722][__main__][INFO] -   Samples: train=124, val=27, test=27
[2026-04-13 22:00:49,728][__main__][INFO] -   Features: 14 (including bias), Task: classification
[2026-04-13 22:00:49,728][__main__][INFO] -   Device: cuda
[2026-04-13 22:00:49,728][__main__][INFO] - Creating model: MPO2
Starting Fit: 20 epochs.
Sweep Order: ['Node0', 'Node1', 'Node2', 'Node1']
Validation: Using separate validation set for best model selection
Early stopping: patience=10, min_delta=0.001
Init    | Train: loss: 38.36229 | quality: 0.34677
        | Val:   loss: 52.00247 | quality: 0.37037
Epoch 1 | Train: loss: 2.78269 | quality: 0.03226
        | Val:   loss: 2.63530 | quality: 0.03704

Epoch 2 | Train: loss: 1.05531 | quality: 0.75806
        | Val:   loss: 1.06367 | quality: 0.70370
 *
Epoch 3 | Train: loss: 0.71895 | quality: 0.86290
        | Val:   loss: 0.75613 | quality: 0.81481
 *
Epoch 4 | Train: loss: 0.34751 | quality: 0.95161
        | Val:   loss: 0.36783 | quality: 0.96296
 *
Epoch 5 | Train: loss: 0.06462 | quality: 1.00000
        | Val:   loss: 0.09799 | quality: 0.96296
 *
Epoch 6 | Train: loss: 0.00886 | quality: 1.00000
        | Val:   loss: 0.08026 | quality: 0.96296

Epoch 7 | Train: loss: 0.00175 | quality: 1.00000
        | Val:   loss: 0.09092 | quality: 0.96296

Epoch 8 | Train: loss: 0.00037 | quality: 1.00000
        | Val:   loss: 0.10674 | quality: 0.96296

Epoch 9 | Train: loss: 0.00011 | quality: 1.00000
        | Val:   loss: 0.12070 | quality: 0.96296

Epoch 10 | Train: loss: 0.00010 | quality: 1.00000
        | Val:   loss: 0.11972 | quality: 0.96296

Epoch 11 | Train: loss: 0.00009 | quality: 1.00000
        | Val:   loss: 0.11759 | quality: 0.96296

Epoch 12 | Train: loss: 0.00009 | quality: 1.00000
        | Val:   loss: 0.11637 | quality: 0.96296

Epoch 13 | Train: loss: 0.00009 | quality: 1.00000
        | Val:   loss: 0.11619 | quality: 0.96296

Epoch 14 | Train: loss: 0.00009 | quality: 1.00000
        | Val:   loss: 0.11657 | quality: 0.96296

Epoch 15 | Train: loss: 0.00009 | quality: 1.00000
        | Val:   loss: 0.11709 | quality: 0.96296


⏸ Early stopping at epoch 15 (best was epoch 5)
[2026-04-13 22:00:51,813][__main__][INFO] - Results saved to: /zhome/6b/e/212868/GTN/outputs/ntn/wine/MPO2_rg5_init0.1/L3_bd4_seed42/results.json
[2026-04-13 22:00:51,813][__main__][INFO] - ✓ Train Accuracy: 1.0000
[2026-04-13 22:00:51,814][__main__][INFO] - ✓ Val Accuracy: 0.9630
[2026-04-13 22:00:51,820][HYDRA] 	#1 : model.L=3 model.bond_dim=4 seed=10090 trainer.ridge=5 trainer.ridge_decay=0.25 trainer.ridge_min=0.0001 +experiment=uci_ntn_sweep model=mpo2 dataset=wine
[2026-04-13 22:00:51,999][__main__][INFO] - Configuration:
model:
  name: MPO2
  L: 3
  bond_dim: 4
  output_site: null
  init_strength: 0.1
dataset:
  name: wine
  task: classification
  cap: 50
  size: small
  batch_size: 256
slurm:
  partition: titans
  time: '12:00:00'
  mem: 2gb
  gpu_arch: Ampere
  cpus: 1
  gpu: 1
hpc:
  queue: gpuv100
  time: '12:00'
  mem: 500MB
  cpus: 4
  gpu: 1
trainer:
  type: ntn
  n_epochs: 20
  ridge: 5
  ridge_decay: 0.25
  ridge_min: 0.0001
  adaptive_ridge: false
  patience: 10
  min_delta: 0.001
  train_selection: true
seed: 10090
experiment_name: ${model.name}_${dataset.name}_${trainer.type}_rg${trainer.ridge}_init${model.init_strength}
skip_completed: true
update_tracking: false

[2026-04-13 22:00:52,003][__main__][INFO] - Output directory: /zhome/6b/e/212868/GTN/outputs/ntn/wine/MPO2_rg5_init0.1/L3_bd4_seed10090
[2026-04-13 22:00:52,004][__main__][INFO] - Loading dataset: wine
[2026-04-13 22:00:53,066][__main__][INFO] -   Samples: train=124, val=27, test=27
[2026-04-13 22:00:53,067][__main__][INFO] -   Features: 14 (including bias), Task: classification
[2026-04-13 22:00:53,067][__main__][INFO] -   Device: cuda
[2026-04-13 22:00:53,067][__main__][INFO] - Creating model: MPO2
Starting Fit: 20 epochs.
Sweep Order: ['Node0', 'Node1', 'Node2', 'Node1']
Validation: Using separate validation set for best model selection
Early stopping: patience=10, min_delta=0.001
Init    | Train: loss: 16.71069 | quality: 0.50806
        | Val:   loss: 14.86062 | quality: 0.51852
Epoch 1 | Train: loss: 1.09850 | quality: 0.80645
        | Val:   loss: 1.09850 | quality: 0.81481
 *
Epoch 2 | Train: loss: 1.09861 | quality: 0.76613
        | Val:   loss: 1.09861 | quality: 0.66667

Epoch 3 | Train: loss: 1.09861 | quality: 0.62097
        | Val:   loss: 1.09861 | quality: 0.59259

Epoch 4 | Train: loss: 1.09861 | quality: 0.04839
        | Val:   loss: 1.09861 | quality: 0.07407

Epoch 5 | Train: loss: 1.09861 | quality: 0.32258
        | Val:   loss: 1.09861 | quality: 0.37037

Epoch 6 | Train: loss: 1.09861 | quality: 0.32258
        | Val:   loss: 1.09861 | quality: 0.37037

Epoch 7 | Train: loss: 1.09861 | quality: 0.32258
        | Val:   loss: 1.09861 | quality: 0.37037

Epoch 8 | Train: loss: 1.09861 | quality: 0.32258
        | Val:   loss: 1.09861 | quality: 0.37037

Epoch 9 | Train: loss: 1.09861 | quality: 0.32258
        | Val:   loss: 1.09861 | quality: 0.37037

Epoch 10 | Train: loss: 1.09861 | quality: 0.32258
        | Val:   loss: 1.09861 | quality: 0.37037

Epoch 11 | Train: loss: 1.09861 | quality: 0.32258
        | Val:   loss: 1.09861 | quality: 0.37037


⏸ Early stopping at epoch 11 (best was epoch 1)
[2026-04-13 22:00:53,257][__main__][INFO] - Results saved to: /zhome/6b/e/212868/GTN/outputs/ntn/wine/MPO2_rg5_init0.1/L3_bd4_seed10090/results.json
[2026-04-13 22:00:53,257][__main__][INFO] - ✓ Train Accuracy: 0.8065
[2026-04-13 22:00:53,257][__main__][INFO] - ✓ Val Accuracy: 0.8148
[2026-04-13 22:00:53,262][HYDRA] 	#2 : model.L=3 model.bond_dim=4 seed=32874 trainer.ridge=5 trainer.ridge_decay=0.25 trainer.ridge_min=0.0001 +experiment=uci_ntn_sweep model=mpo2 dataset=wine
[2026-04-13 22:00:53,393][__main__][INFO] - Configuration:
model:
  name: MPO2
  L: 3
  bond_dim: 4
  output_site: null
  init_strength: 0.1
dataset:
  name: wine
  task: classification
  cap: 50
  size: small
  batch_size: 256
slurm:
  partition: titans
  time: '12:00:00'
  mem: 2gb
  gpu_arch: Ampere
  cpus: 1
  gpu: 1
hpc:
  queue: gpuv100
  time: '12:00'
  mem: 500MB
  cpus: 4
  gpu: 1
trainer:
  type: ntn
  n_epochs: 20
  ridge: 5
  ridge_decay: 0.25
  ridge_min: 0.0001
  adaptive_ridge: false
  patience: 10
  min_delta: 0.001
  train_selection: true
seed: 32874
experiment_name: ${model.name}_${dataset.name}_${trainer.type}_rg${trainer.ridge}_init${model.init_strength}
skip_completed: true
update_tracking: false

[2026-04-13 22:00:53,397][__main__][INFO] - Output directory: /zhome/6b/e/212868/GTN/outputs/ntn/wine/MPO2_rg5_init0.1/L3_bd4_seed32874
[2026-04-13 22:00:53,397][__main__][INFO] - Loading dataset: wine
[2026-04-13 22:00:54,420][__main__][INFO] -   Samples: train=124, val=27, test=27
[2026-04-13 22:00:54,421][__main__][INFO] -   Features: 14 (including bias), Task: classification
[2026-04-13 22:00:54,421][__main__][INFO] -   Device: cuda
[2026-04-13 22:00:54,421][__main__][INFO] - Creating model: MPO2
Starting Fit: 20 epochs.
Sweep Order: ['Node0', 'Node1', 'Node2', 'Node1']
Validation: Using separate validation set for best model selection
Early stopping: patience=10, min_delta=0.001
Init    | Train: loss: 36.38049 | quality: 0.33065
        | Val:   loss: 32.58905 | quality: 0.33333
Epoch 1 | Train: loss: 0.87584 | quality: 0.86290
        | Val:   loss: 0.91436 | quality: 0.77778
 *
Epoch 2 | Train: loss: 1.09861 | quality: 0.79032
        | Val:   loss: 1.09861 | quality: 0.74074

Epoch 3 | Train: loss: 1.09861 | quality: 0.76613
        | Val:   loss: 1.09861 | quality: 0.74074

Epoch 4 | Train: loss: 1.09861 | quality: 0.70161
        | Val:   loss: 1.09861 | quality: 0.66667

Epoch 5 | Train: loss: 1.09861 | quality: 0.13710
        | Val:   loss: 1.09861 | quality: 0.22222

Epoch 6 | Train: loss: 1.09861 | quality: 0.32258
        | Val:   loss: 1.09861 | quality: 0.37037

Epoch 7 | Train: loss: 1.09861 | quality: 0.32258
        | Val:   loss: 1.09861 | quality: 0.37037

Epoch 8 | Train: loss: 1.09861 | quality: 0.32258
        | Val:   loss: 1.09861 | quality: 0.37037

Epoch 9 | Train: loss: 1.09861 | quality: 0.32258
        | Val:   loss: 1.09861 | quality: 0.37037

Epoch 10 | Train: loss: 1.09861 | quality: 0.32258
        | Val:   loss: 1.09861 | quality: 0.37037

Epoch 11 | Train: loss: 1.09861 | quality: 0.32258
        | Val:   loss: 1.09861 | quality: 0.37037


⏸ Early stopping at epoch 11 (best was epoch 1)
[2026-04-13 22:00:54,612][__main__][INFO] - Results saved to: /zhome/6b/e/212868/GTN/outputs/ntn/wine/MPO2_rg5_init0.1/L3_bd4_seed32874/results.json
[2026-04-13 22:00:54,613][__main__][INFO] - ✓ Train Accuracy: 0.8629
[2026-04-13 22:00:54,613][__main__][INFO] - ✓ Val Accuracy: 0.7778
[2026-04-13 22:00:54,618][HYDRA] 	#3 : model.L=3 model.bond_dim=4 seed=47311 trainer.ridge=5 trainer.ridge_decay=0.25 trainer.ridge_min=0.0001 +experiment=uci_ntn_sweep model=mpo2 dataset=wine
[2026-04-13 22:00:54,787][__main__][INFO] - Configuration:
model:
  name: MPO2
  L: 3
  bond_dim: 4
  output_site: null
  init_strength: 0.1
dataset:
  name: wine
  task: classification
  cap: 50
  size: small
  batch_size: 256
slurm:
  partition: titans
  time: '12:00:00'
  mem: 2gb
  gpu_arch: Ampere
  cpus: 1
  gpu: 1
hpc:
  queue: gpuv100
  time: '12:00'
  mem: 500MB
  cpus: 4
  gpu: 1
trainer:
  type: ntn
  n_epochs: 20
  ridge: 5
  ridge_decay: 0.25
  ridge_min: 0.0001
  adaptive_ridge: false
  patience: 10
  min_delta: 0.001
  train_selection: true
seed: 47311
experiment_name: ${model.name}_${dataset.name}_${trainer.type}_rg${trainer.ridge}_init${model.init_strength}
skip_completed: true
update_tracking: false

[2026-04-13 22:00:54,791][__main__][INFO] - Output directory: /zhome/6b/e/212868/GTN/outputs/ntn/wine/MPO2_rg5_init0.1/L3_bd4_seed47311
[2026-04-13 22:00:54,791][__main__][INFO] - Loading dataset: wine
[2026-04-13 22:00:55,924][__main__][INFO] -   Samples: train=124, val=27, test=27
[2026-04-13 22:00:55,925][__main__][INFO] -   Features: 14 (including bias), Task: classification
[2026-04-13 22:00:55,925][__main__][INFO] -   Device: cuda
[2026-04-13 22:00:55,925][__main__][INFO] - Creating model: MPO2
Starting Fit: 20 epochs.
Sweep Order: ['Node0', 'Node1', 'Node2', 'Node1']
Validation: Using separate validation set for best model selection
Early stopping: patience=10, min_delta=0.001
Init    | Train: loss: 52.33408 | quality: 0.20968
        | Val:   loss: 49.72956 | quality: 0.18519
Epoch 1 | Train: loss: 51.13079 | quality: 0.00806
        | Val:   loss: 36.95750 | quality: 0.00000

Epoch 2 | Train: loss: 324429.78758 | quality: 0.05645
        | Val:   loss: 218025.60736 | quality: 0.07407

Epoch 3 | Train: loss: 51084455624222255446268498071261282304.00000 | quality: 0.00806
        | Val:   loss: 33513873399445911554403881578221535232.00000 | quality: 0.00000

Epoch 4 | Train: loss: 2272800497479635702961391160887081672996399603028781279403877159505594649940168894098395816521387932027270405015919249827416782602510983646206669650840604157894047670439819318930327678017436332754141192990713713779978919694073115705344.00000 | quality: 0.02419
        | Val:   loss: 1481758198488205411819563909894536455001141139840113901770749686041388939693368378513208430262476932564926641552130601964977334578978638442372332772921605433833806887655305197088877817848654421017589732407421464120254471743052135268352.00000 | quality: 0.00000


✗ Singular matrix at epoch 5 - stopping training
[2026-04-13 22:00:56,039][__main__][INFO] - Results saved to: /zhome/6b/e/212868/GTN/outputs/ntn/wine/MPO2_rg5_init0.1/L3_bd4_seed47311/results.json
[2026-04-13 22:00:56,040][__main__][WARNING] - ✗ Training failed (singular matrix)
[2026-04-13 22:00:56,065][HYDRA] 	#4 : model.L=3 model.bond_dim=4 seed=47303 trainer.ridge=5 trainer.ridge_decay=0.25 trainer.ridge_min=0.0001 +experiment=uci_ntn_sweep model=mpo2 dataset=wine
[2026-04-13 22:00:56,198][__main__][INFO] - Configuration:
model:
  name: MPO2
  L: 3
  bond_dim: 4
  output_site: null
  init_strength: 0.1
dataset:
  name: wine
  task: classification
  cap: 50
  size: small
  batch_size: 256
slurm:
  partition: titans
  time: '12:00:00'
  mem: 2gb
  gpu_arch: Ampere
  cpus: 1
  gpu: 1
hpc:
  queue: gpuv100
  time: '12:00'
  mem: 500MB
  cpus: 4
  gpu: 1
trainer:
  type: ntn
  n_epochs: 20
  ridge: 5
  ridge_decay: 0.25
  ridge_min: 0.0001
  adaptive_ridge: false
  patience: 10
  min_delta: 0.001
  train_selection: true
seed: 47303
experiment_name: ${model.name}_${dataset.name}_${trainer.type}_rg${trainer.ridge}_init${model.init_strength}
skip_completed: true
update_tracking: false

[2026-04-13 22:00:56,202][__main__][INFO] - Output directory: /zhome/6b/e/212868/GTN/outputs/ntn/wine/MPO2_rg5_init0.1/L3_bd4_seed47303
[2026-04-13 22:00:56,202][__main__][INFO] - Loading dataset: wine
[2026-04-13 22:00:57,229][__main__][INFO] -   Samples: train=124, val=27, test=27
[2026-04-13 22:00:57,229][__main__][INFO] -   Features: 14 (including bias), Task: classification
[2026-04-13 22:00:57,229][__main__][INFO] -   Device: cuda
[2026-04-13 22:00:57,229][__main__][INFO] - Creating model: MPO2
Starting Fit: 20 epochs.
Sweep Order: ['Node0', 'Node1', 'Node2', 'Node1']
Validation: Using separate validation set for best model selection
Early stopping: patience=10, min_delta=0.001
Init    | Train: loss: 59.36144 | quality: 0.19355
        | Val:   loss: 49.38676 | quality: 0.14815
Epoch 1 | Train: loss: 153.67187 | quality: 0.15323
        | Val:   loss: 116.34453 | quality: 0.22222
 *
Epoch 2 | Train: loss: 12173029776.96611 | quality: 0.08871
        | Val:   loss: 7756990055.36440 | quality: 0.03704

Epoch 3 | Train: loss: 192634177231571678474228519272467757056312397752048904137573662720.00000 | quality: 0.08871
        | Val:   loss: 123531050029788480716690065255413666047785886388175775694212562944.00000 | quality: 0.03704

Epoch 4 | Train: loss: nan | quality: 0.01613
        | Val:   loss: nan | quality: 0.00000


✗ Singular matrix at epoch 5 - stopping training
[2026-04-13 22:00:57,382][__main__][INFO] - Results saved to: /zhome/6b/e/212868/GTN/outputs/ntn/wine/MPO2_rg5_init0.1/L3_bd4_seed47303/results.json
[2026-04-13 22:00:57,382][__main__][WARNING] - ✗ Training failed (singular matrix)
[2026-04-13 22:00:57,385][HYDRA] 	#5 : model.L=3 model.bond_dim=8 seed=42 trainer.ridge=5 trainer.ridge_decay=0.25 trainer.ridge_min=0.0001 +experiment=uci_ntn_sweep model=mpo2 dataset=wine
[2026-04-13 22:00:57,535][__main__][INFO] - Configuration:
model:
  name: MPO2
  L: 3
  bond_dim: 8
  output_site: null
  init_strength: 0.1
dataset:
  name: wine
  task: classification
  cap: 50
  size: small
  batch_size: 256
slurm:
  partition: titans
  time: '12:00:00'
  mem: 2gb
  gpu_arch: Ampere
  cpus: 1
  gpu: 1
hpc:
  queue: gpuv100
  time: '12:00'
  mem: 500MB
  cpus: 4
  gpu: 1
trainer:
  type: ntn
  n_epochs: 20
  ridge: 5
  ridge_decay: 0.25
  ridge_min: 0.0001
  adaptive_ridge: false
  patience: 10
  min_delta: 0.001
  train_selection: true
seed: 42
experiment_name: ${model.name}_${dataset.name}_${trainer.type}_rg${trainer.ridge}_init${model.init_strength}
skip_completed: true
update_tracking: false

[2026-04-13 22:00:57,539][__main__][INFO] - Output directory: /zhome/6b/e/212868/GTN/outputs/ntn/wine/MPO2_rg5_init0.1/L3_bd8_seed42
[2026-04-13 22:00:57,539][__main__][INFO] - Loading dataset: wine
[2026-04-13 22:00:58,642][__main__][INFO] -   Samples: train=124, val=27, test=27
[2026-04-13 22:00:58,642][__main__][INFO] -   Features: 14 (including bias), Task: classification
[2026-04-13 22:00:58,642][__main__][INFO] -   Device: cuda
[2026-04-13 22:00:58,642][__main__][INFO] - Creating model: MPO2
Starting Fit: 20 epochs.
Sweep Order: ['Node0', 'Node1', 'Node2', 'Node1']
Validation: Using separate validation set for best model selection
Early stopping: patience=10, min_delta=0.001
Init    | Train: loss: 60.22694 | quality: 0.22581
        | Val:   loss: 48.37710 | quality: 0.11111
Epoch 1 | Train: loss: 4.78436 | quality: 0.21774
        | Val:   loss: 3.01998 | quality: 0.14815
 *
Epoch 2 | Train: loss: 0.83087 | quality: 0.69355
        | Val:   loss: 0.87060 | quality: 0.66667
 *
Epoch 3 | Train: loss: 0.58142 | quality: 0.94355
        | Val:   loss: 0.61154 | quality: 0.88889
 *
Epoch 4 | Train: loss: 0.27933 | quality: 0.99194
        | Val:   loss: 0.30111 | quality: 0.96296
 *
Epoch 5 | Train: loss: 0.04648 | quality: 1.00000
        | Val:   loss: 0.11288 | quality: 0.96296
 *
Epoch 6 | Train: loss: 0.00688 | quality: 1.00000
        | Val:   loss: 0.07939 | quality: 0.96296

Epoch 7 | Train: loss: 0.00141 | quality: 1.00000
        | Val:   loss: 0.09543 | quality: 0.96296

Epoch 8 | Train: loss: 0.00031 | quality: 1.00000
        | Val:   loss: 0.11777 | quality: 0.96296

Epoch 9 | Train: loss: 0.00009 | quality: 1.00000
        | Val:   loss: 0.13476 | quality: 0.96296

Epoch 10 | Train: loss: 0.00009 | quality: 1.00000
        | Val:   loss: 0.13153 | quality: 0.96296

Epoch 11 | Train: loss: 0.00009 | quality: 1.00000
        | Val:   loss: 0.12770 | quality: 0.96296

Epoch 12 | Train: loss: 0.00009 | quality: 1.00000
        | Val:   loss: 0.12466 | quality: 0.96296

Epoch 13 | Train: loss: 0.00009 | quality: 1.00000
        | Val:   loss: 0.12281 | quality: 0.96296

Epoch 14 | Train: loss: 0.00009 | quality: 1.00000
        | Val:   loss: 0.12189 | quality: 0.96296

Epoch 15 | Train: loss: 0.00009 | quality: 1.00000
        | Val:   loss: 0.12146 | quality: 0.96296


⏸ Early stopping at epoch 15 (best was epoch 5)
[2026-04-13 22:00:58,929][__main__][INFO] - Results saved to: /zhome/6b/e/212868/GTN/outputs/ntn/wine/MPO2_rg5_init0.1/L3_bd8_seed42/results.json
[2026-04-13 22:00:58,929][__main__][INFO] - ✓ Train Accuracy: 1.0000
[2026-04-13 22:00:58,929][__main__][INFO] - ✓ Val Accuracy: 0.9630
[2026-04-13 22:00:58,943][HYDRA] 	#6 : model.L=3 model.bond_dim=8 seed=10090 trainer.ridge=5 trainer.ridge_decay=0.25 trainer.ridge_min=0.0001 +experiment=uci_ntn_sweep model=mpo2 dataset=wine
[2026-04-13 22:00:59,077][__main__][INFO] - Configuration:
model:
  name: MPO2
  L: 3
  bond_dim: 8
  output_site: null
  init_strength: 0.1
dataset:
  name: wine
  task: classification
  cap: 50
  size: small
  batch_size: 256
slurm:
  partition: titans
  time: '12:00:00'
  mem: 2gb
  gpu_arch: Ampere
  cpus: 1
  gpu: 1
hpc:
  queue: gpuv100
  time: '12:00'
  mem: 500MB
  cpus: 4
  gpu: 1
trainer:
  type: ntn
  n_epochs: 20
  ridge: 5
  ridge_decay: 0.25
  ridge_min: 0.0001
  adaptive_ridge: false
  patience: 10
  min_delta: 0.001
  train_selection: true
seed: 10090
experiment_name: ${model.name}_${dataset.name}_${trainer.type}_rg${trainer.ridge}_init${model.init_strength}
skip_completed: true
update_tracking: false

[2026-04-13 22:00:59,087][__main__][INFO] - Output directory: /zhome/6b/e/212868/GTN/outputs/ntn/wine/MPO2_rg5_init0.1/L3_bd8_seed10090
[2026-04-13 22:00:59,087][__main__][INFO] - Loading dataset: wine
[2026-04-13 22:01:00,112][__main__][INFO] -   Samples: train=124, val=27, test=27
[2026-04-13 22:01:00,113][__main__][INFO] -   Features: 14 (including bias), Task: classification
[2026-04-13 22:01:00,113][__main__][INFO] -   Device: cuda
[2026-04-13 22:01:00,113][__main__][INFO] - Creating model: MPO2
Starting Fit: 20 epochs.
Sweep Order: ['Node0', 'Node1', 'Node2', 'Node1']
Validation: Using separate validation set for best model selection
Early stopping: patience=10, min_delta=0.001
Init    | Train: loss: 48.18832 | quality: 0.18548
        | Val:   loss: 47.50383 | quality: 0.14815
Epoch 1 | Train: loss: 0.90130 | quality: 0.76613
        | Val:   loss: 0.90204 | quality: 0.77778
 *
Epoch 2 | Train: loss: 1.09860 | quality: 0.75806
        | Val:   loss: 1.09861 | quality: 0.70370

Epoch 3 | Train: loss: 1.09861 | quality: 0.74194
        | Val:   loss: 1.09861 | quality: 0.70370

Epoch 4 | Train: loss: 1.09861 | quality: 0.78226
        | Val:   loss: 1.09861 | quality: 0.66667

Epoch 5 | Train: loss: 1.09861 | quality: 0.12903
        | Val:   loss: 1.09861 | quality: 0.03704

Epoch 6 | Train: loss: 1.09861 | quality: 0.32258
        | Val:   loss: 1.09861 | quality: 0.37037

Epoch 7 | Train: loss: 1.09861 | quality: 0.32258
        | Val:   loss: 1.09861 | quality: 0.37037

Epoch 8 | Train: loss: 1.09861 | quality: 0.32258
        | Val:   loss: 1.09861 | quality: 0.37037

Epoch 9 | Train: loss: 1.09861 | quality: 0.32258
        | Val:   loss: 1.09861 | quality: 0.37037

Epoch 10 | Train: loss: 1.09861 | quality: 0.32258
        | Val:   loss: 1.09861 | quality: 0.37037

Epoch 11 | Train: loss: 1.09861 | quality: 0.32258
        | Val:   loss: 1.09861 | quality: 0.37037


⏸ Early stopping at epoch 11 (best was epoch 1)
[2026-04-13 22:01:00,321][__main__][INFO] - Results saved to: /zhome/6b/e/212868/GTN/outputs/ntn/wine/MPO2_rg5_init0.1/L3_bd8_seed10090/results.json
[2026-04-13 22:01:00,321][__main__][INFO] - ✓ Train Accuracy: 0.7661
[2026-04-13 22:01:00,321][__main__][INFO] - ✓ Val Accuracy: 0.7778
[2026-04-13 22:01:00,357][HYDRA] 	#7 : model.L=3 model.bond_dim=8 seed=32874 trainer.ridge=5 trainer.ridge_decay=0.25 trainer.ridge_min=0.0001 +experiment=uci_ntn_sweep model=mpo2 dataset=wine
[2026-04-13 22:01:00,554][__main__][INFO] - Configuration:
model:
  name: MPO2
  L: 3
  bond_dim: 8
  output_site: null
  init_strength: 0.1
dataset:
  name: wine
  task: classification
  cap: 50
  size: small
  batch_size: 256
slurm:
  partition: titans
  time: '12:00:00'
  mem: 2gb
  gpu_arch: Ampere
  cpus: 1
  gpu: 1
hpc:
  queue: gpuv100
  time: '12:00'
  mem: 500MB
  cpus: 4
  gpu: 1
trainer:
  type: ntn
  n_epochs: 20
  ridge: 5
  ridge_decay: 0.25
  ridge_min: 0.0001
  adaptive_ridge: false
  patience: 10
  min_delta: 0.001
  train_selection: true
seed: 32874
experiment_name: ${model.name}_${dataset.name}_${trainer.type}_rg${trainer.ridge}_init${model.init_strength}
skip_completed: true
update_tracking: false

[2026-04-13 22:01:00,558][__main__][INFO] - Output directory: /zhome/6b/e/212868/GTN/outputs/ntn/wine/MPO2_rg5_init0.1/L3_bd8_seed32874
[2026-04-13 22:01:00,558][__main__][INFO] - Loading dataset: wine
[2026-04-13 22:01:01,822][__main__][INFO] -   Samples: train=124, val=27, test=27
[2026-04-13 22:01:01,822][__main__][INFO] -   Features: 14 (including bias), Task: classification
[2026-04-13 22:01:01,822][__main__][INFO] -   Device: cuda
[2026-04-13 22:01:01,822][__main__][INFO] - Creating model: MPO2
Starting Fit: 20 epochs.
Sweep Order: ['Node0', 'Node1', 'Node2', 'Node1']
Validation: Using separate validation set for best model selection
Early stopping: patience=10, min_delta=0.001
Init    | Train: loss: 66.67484 | quality: 0.16129
        | Val:   loss: 100.00155 | quality: 0.03704
Epoch 1 | Train: loss: 11.99789 | quality: 0.33065
        | Val:   loss: 7.64157 | quality: 0.44444
 *
Epoch 2 | Train: loss: 31.36597 | quality: 0.14516
        | Val:   loss: 27.20006 | quality: 0.25926

Epoch 3 | Train: loss: 10148841075938.03125 | quality: 0.43548
        | Val:   loss: 15134095679971.55859 | quality: 0.37037

Epoch 4 | Train: loss: 1699528869434154717811433585538138630561334004216686389979548248366758199880573280879378432.00000 | quality: 0.62097
        | Val:   loss: 1129035674376959074988276552409037811275782240393593415044447000861015334090890713493405696.00000 | quality: 0.51852
 *

✗ Singular matrix at epoch 5 - stopping training
[2026-04-13 22:01:01,930][__main__][INFO] - Results saved to: /zhome/6b/e/212868/GTN/outputs/ntn/wine/MPO2_rg5_init0.1/L3_bd8_seed32874/results.json
[2026-04-13 22:01:01,930][__main__][WARNING] - ✗ Training failed (singular matrix)
[2026-04-13 22:01:01,933][HYDRA] 	#8 : model.L=3 model.bond_dim=8 seed=47311 trainer.ridge=5 trainer.ridge_decay=0.25 trainer.ridge_min=0.0001 +experiment=uci_ntn_sweep model=mpo2 dataset=wine
[2026-04-13 22:01:02,078][__main__][INFO] - Configuration:
model:
  name: MPO2
  L: 3
  bond_dim: 8
  output_site: null
  init_strength: 0.1
dataset:
  name: wine
  task: classification
  cap: 50
  size: small
  batch_size: 256
slurm:
  partition: titans
  time: '12:00:00'
  mem: 2gb
  gpu_arch: Ampere
  cpus: 1
  gpu: 1
hpc:
  queue: gpuv100
  time: '12:00'
  mem: 500MB
  cpus: 4
  gpu: 1
trainer:
  type: ntn
  n_epochs: 20
  ridge: 5
  ridge_decay: 0.25
  ridge_min: 0.0001
  adaptive_ridge: false
  patience: 10
  min_delta: 0.001
  train_selection: true
seed: 47311
experiment_name: ${model.name}_${dataset.name}_${trainer.type}_rg${trainer.ridge}_init${model.init_strength}
skip_completed: true
update_tracking: false

[2026-04-13 22:01:02,081][__main__][INFO] - Output directory: /zhome/6b/e/212868/GTN/outputs/ntn/wine/MPO2_rg5_init0.1/L3_bd8_seed47311
[2026-04-13 22:01:02,082][__main__][INFO] - Loading dataset: wine
[2026-04-13 22:01:03,885][__main__][INFO] -   Samples: train=124, val=27, test=27
[2026-04-13 22:01:03,886][__main__][INFO] -   Features: 14 (including bias), Task: classification
[2026-04-13 22:01:03,886][__main__][INFO] -   Device: cuda
[2026-04-13 22:01:03,886][__main__][INFO] - Creating model: MPO2
Starting Fit: 20 epochs.
Sweep Order: ['Node0', 'Node1', 'Node2', 'Node1']
Validation: Using separate validation set for best model selection
Early stopping: patience=10, min_delta=0.001
Init    | Train: loss: 50.25736 | quality: 0.23387
        | Val:   loss: 67.36693 | quality: 0.18519
Epoch 1 | Train: loss: 21.57857 | quality: 0.21774
        | Val:   loss: 15.34917 | quality: 0.22222
 *
Epoch 2 | Train: loss: 573.61011 | quality: 0.25806
        | Val:   loss: 441.60429 | quality: 0.29630
 *
Epoch 3 | Train: loss: 17192158735391309824.00000 | quality: 0.71774
        | Val:   loss: 27270067237492359168.00000 | quality: 0.74074
 *
Epoch 4 | Train: loss: 8962507745503139698394787329419766743802886549439413415558618180464204686432478665993577730656091092710561846171577395007455232.00000 | quality: 0.49194
        | Val:   loss: 2629766264899781842880390753709769250553468362068800141816812943943068705790340398032902148929822478495788849238187451319582720.00000 | quality: 0.37037


✗ Singular matrix at epoch 5 - stopping training
[2026-04-13 22:01:03,980][__main__][INFO] - Results saved to: /zhome/6b/e/212868/GTN/outputs/ntn/wine/MPO2_rg5_init0.1/L3_bd8_seed47311/results.json
[2026-04-13 22:01:03,980][__main__][WARNING] - ✗ Training failed (singular matrix)
[2026-04-13 22:01:03,983][HYDRA] 	#9 : model.L=3 model.bond_dim=8 seed=47303 trainer.ridge=5 trainer.ridge_decay=0.25 trainer.ridge_min=0.0001 +experiment=uci_ntn_sweep model=mpo2 dataset=wine
[2026-04-13 22:01:04,126][__main__][INFO] - Configuration:
model:
  name: MPO2
  L: 3
  bond_dim: 8
  output_site: null
  init_strength: 0.1
dataset:
  name: wine
  task: classification
  cap: 50
  size: small
  batch_size: 256
slurm:
  partition: titans
  time: '12:00:00'
  mem: 2gb
  gpu_arch: Ampere
  cpus: 1
  gpu: 1
hpc:
  queue: gpuv100
  time: '12:00'
  mem: 500MB
  cpus: 4
  gpu: 1
trainer:
  type: ntn
  n_epochs: 20
  ridge: 5
  ridge_decay: 0.25
  ridge_min: 0.0001
  adaptive_ridge: false
  patience: 10
  min_delta: 0.001
  train_selection: true
seed: 47303
experiment_name: ${model.name}_${dataset.name}_${trainer.type}_rg${trainer.ridge}_init${model.init_strength}
skip_completed: true
update_tracking: false

[2026-04-13 22:01:04,129][__main__][INFO] - Output directory: /zhome/6b/e/212868/GTN/outputs/ntn/wine/MPO2_rg5_init0.1/L3_bd8_seed47303
[2026-04-13 22:01:04,130][__main__][INFO] - Loading dataset: wine
[2026-04-13 22:01:05,212][__main__][INFO] -   Samples: train=124, val=27, test=27
[2026-04-13 22:01:05,213][__main__][INFO] -   Features: 14 (including bias), Task: classification
[2026-04-13 22:01:05,213][__main__][INFO] -   Device: cuda
[2026-04-13 22:01:05,213][__main__][INFO] - Creating model: MPO2
Starting Fit: 20 epochs.
Sweep Order: ['Node0', 'Node1', 'Node2', 'Node1']
Validation: Using separate validation set for best model selection
Early stopping: patience=10, min_delta=0.001
Init    | Train: loss: 61.35411 | quality: 0.22581
        | Val:   loss: 72.60055 | quality: 0.11111
Epoch 1 | Train: loss: 0.67637 | quality: 0.73387
        | Val:   loss: 0.72561 | quality: 0.70370
 *
Epoch 2 | Train: loss: 1.09854 | quality: 0.75806
        | Val:   loss: 1.09856 | quality: 0.74074
 *
Epoch 3 | Train: loss: 1.09861 | quality: 0.76613
        | Val:   loss: 1.09861 | quality: 0.74074
 *
Epoch 4 | Train: loss: 1.09861 | quality: 0.81452
        | Val:   loss: 1.09861 | quality: 0.74074
 *
Epoch 5 | Train: loss: 1.09861 | quality: 0.53226
        | Val:   loss: 1.09861 | quality: 0.44444

Epoch 6 | Train: loss: 1.09861 | quality: 0.32258
        | Val:   loss: 1.09861 | quality: 0.37037

Epoch 7 | Train: loss: 1.09861 | quality: 0.32258
        | Val:   loss: 1.09861 | quality: 0.37037

Epoch 8 | Train: loss: 1.09861 | quality: 0.32258
        | Val:   loss: 1.09861 | quality: 0.37037

Epoch 9 | Train: loss: 1.09861 | quality: 0.32258
        | Val:   loss: 1.09861 | quality: 0.37037

Epoch 10 | Train: loss: 1.09861 | quality: 0.32258
        | Val:   loss: 1.09861 | quality: 0.37037

Epoch 11 | Train: loss: 1.09861 | quality: 0.32258
        | Val:   loss: 1.09861 | quality: 0.37037

Epoch 12 | Train: loss: 1.09861 | quality: 0.32258
        | Val:   loss: 1.09861 | quality: 0.37037

Epoch 13 | Train: loss: 1.09861 | quality: 0.32258
        | Val:   loss: 1.09861 | quality: 0.37037

Epoch 14 | Train: loss: 1.09861 | quality: 0.32258
        | Val:   loss: 1.09861 | quality: 0.37037


⏸ Early stopping at epoch 14 (best was epoch 4)
[2026-04-13 22:01:05,497][__main__][INFO] - Results saved to: /zhome/6b/e/212868/GTN/outputs/ntn/wine/MPO2_rg5_init0.1/L3_bd8_seed47303/results.json
[2026-04-13 22:01:05,497][__main__][INFO] - ✓ Train Accuracy: 0.8145
[2026-04-13 22:01:05,498][__main__][INFO] - ✓ Val Accuracy: 0.7407
[2026-04-13 22:01:05,504][HYDRA] 	#10 : model.L=3 model.bond_dim=12 seed=42 trainer.ridge=5 trainer.ridge_decay=0.25 trainer.ridge_min=0.0001 +experiment=uci_ntn_sweep model=mpo2 dataset=wine
[2026-04-13 22:01:05,648][__main__][INFO] - Configuration:
model:
  name: MPO2
  L: 3
  bond_dim: 12
  output_site: null
  init_strength: 0.1
dataset:
  name: wine
  task: classification
  cap: 50
  size: small
  batch_size: 256
slurm:
  partition: titans
  time: '12:00:00'
  mem: 2gb
  gpu_arch: Ampere
  cpus: 1
  gpu: 1
hpc:
  queue: gpuv100
  time: '12:00'
  mem: 500MB
  cpus: 4
  gpu: 1
trainer:
  type: ntn
  n_epochs: 20
  ridge: 5
  ridge_decay: 0.25
  ridge_min: 0.0001
  adaptive_ridge: false
  patience: 10
  min_delta: 0.001
  train_selection: true
seed: 42
experiment_name: ${model.name}_${dataset.name}_${trainer.type}_rg${trainer.ridge}_init${model.init_strength}
skip_completed: true
update_tracking: false

[2026-04-13 22:01:05,651][__main__][INFO] - Output directory: /zhome/6b/e/212868/GTN/outputs/ntn/wine/MPO2_rg5_init0.1/L3_bd12_seed42
[2026-04-13 22:01:05,652][__main__][INFO] - Loading dataset: wine
[2026-04-13 22:01:06,683][__main__][INFO] -   Samples: train=124, val=27, test=27
[2026-04-13 22:01:06,683][__main__][INFO] -   Features: 14 (including bias), Task: classification
[2026-04-13 22:01:06,683][__main__][INFO] -   Device: cuda
[2026-04-13 22:01:06,683][__main__][INFO] - Creating model: MPO2

------------------------------------------------------------
Sender: LSF System <lsfadmin@hpc.dtu.dk>
Subject: Job 28194272: <ntn-mpo2-wine> in cluster <dcc> Exited

Job <ntn-mpo2-wine> was submitted from host <hpclogin1> by user <nicci> in cluster <dcc> at Mon Apr 13 09:05:15 2026
Job was executed on host(s) <4*n-62-20-12>, in queue <gpuv100>, as user <nicci> in cluster <dcc> at Mon Apr 13 22:00:37 2026
</zhome/6b/e/212868> was used as the home directory.
</zhome/6b/e/212868/GTN/submit_ntn> was used as the working directory.
Started at Mon Apr 13 22:00:37 2026
Terminated at Tue Apr 14 10:01:21 2026
Results reported at Tue Apr 14 10:01:21 2026

Your job looked like:

------------------------------------------------------------
# LSBATCH: User input
#!/bin/sh
#BSUB -q gpuv100
#BSUB -J ntn-mpo2-wine
#BSUB -W 12:00
#BSUB -n 4
#BSUB -gpu "num=1:mode=exclusive_process"
#BSUB -R "rusage[mem=500MB]"
#BSUB -R "span[hosts=1]"
#BSUB -o logs/ntn-mpo2-wine_%J.out
#BSUB -e logs/ntn-mpo2-wine_%J.err
#BSUB -u nicci@dtu.dk

export HOME=/zhome/6b/e/212868
cd $HOME/GTN
source .venv/bin/activate

set -a && source $HOME/aim && set +a

python run.py --multirun +experiment=uci_ntn_sweep model=mpo2 dataset=wine

------------------------------------------------------------

TERM_RUNLIMIT: job killed after reaching LSF run time limit.
Exited with exit code 140.

Resource usage summary:

    CPU time :                                   43274.00 sec.
    Max Memory :                                 864 MB
    Average Memory :                             855.89 MB
    Total Requested Memory :                     2000.00 MB
    Delta Memory :                               1136.00 MB
    Max Swap :                                   -
    Max Processes :                              4
    Max Threads :                                10
    Run time :                                   43244 sec.
    Turnaround time :                            89766 sec.

The output (if any) is above this job summary.



PS:

Read file <logs/ntn-mpo2-wine_28194272.err> for stderr output of this job.

