[2026-04-11 21:39:49,384][HYDRA] Launching 30 jobs locally
[2026-04-11 21:39:49,384][HYDRA] 	#0 : model.L=3 model.bond_dim=4 seed=42 trainer.ridge=5 trainer.ridge_decay=0.25 trainer.ridge_min=0.0001 +experiment=uci_ntn_sweep model=mpo2_typei dataset=bank
[2026-04-11 21:39:49,501][__main__][INFO] - Configuration:
model:
  name: MPO2TypeI
  L: 3
  bond_dim: 4
  output_site: null
  init_strength: 0.1
dataset:
  name: bank
  task: classification
  cap: 50
  size: large
  batch_size: 128
slurm:
  partition: titans
  time: '24:00:00'
  mem: 2gb
  gpu_arch: Ampere
  cpus: 1
  gpu: 1
hpc:
  queue: gpuv100
  time: '24:00'
  mem: 500MB
  cpus: 4
  gpu: 1
trainer:
  type: ntn
  n_epochs: 20
  ridge: 5
  ridge_decay: 0.25
  ridge_min: 0.0001
  adaptive_ridge: false
  patience: 10
  min_delta: 0.001
  train_selection: true
seed: 42
experiment_name: ${model.name}_${dataset.name}_${trainer.type}_rg${trainer.ridge}_init${model.init_strength}
skip_completed: true
update_tracking: false

[2026-04-11 21:39:49,509][__main__][INFO] - Output directory: /zhome/6b/e/212868/GTN/outputs/ntn/bank/MPO2TypeI_rg5_init0.1/L3_bd4_seed42
[2026-04-11 21:39:49,574][utils.tracking][INFO] - Loaded 17231 tracked runs from runs_tracking.csv
[2026-04-11 21:39:49,576][__main__][INFO] - Loading dataset: bank
[2026-04-11 21:39:50,087][HYDRA] 	#1 : model.L=3 model.bond_dim=4 seed=10090 trainer.ridge=5 trainer.ridge_decay=0.25 trainer.ridge_min=0.0001 +experiment=uci_ntn_sweep model=mpo2_typei dataset=bank
[2026-04-11 21:39:50,577][__main__][INFO] - Configuration:
model:
  name: MPO2TypeI
  L: 3
  bond_dim: 4
  output_site: null
  init_strength: 0.1
dataset:
  name: bank
  task: classification
  cap: 50
  size: large
  batch_size: 128
slurm:
  partition: titans
  time: '24:00:00'
  mem: 2gb
  gpu_arch: Ampere
  cpus: 1
  gpu: 1
hpc:
  queue: gpuv100
  time: '24:00'
  mem: 500MB
  cpus: 4
  gpu: 1
trainer:
  type: ntn
  n_epochs: 20
  ridge: 5
  ridge_decay: 0.25
  ridge_min: 0.0001
  adaptive_ridge: false
  patience: 10
  min_delta: 0.001
  train_selection: true
seed: 10090
experiment_name: ${model.name}_${dataset.name}_${trainer.type}_rg${trainer.ridge}_init${model.init_strength}
skip_completed: true
update_tracking: false

[2026-04-11 21:39:50,582][__main__][INFO] - Output directory: /zhome/6b/e/212868/GTN/outputs/ntn/bank/MPO2TypeI_rg5_init0.1/L3_bd4_seed10090
[2026-04-11 21:39:50,582][__main__][INFO] - Loading dataset: bank
[2026-04-11 21:39:51,084][HYDRA] 	#2 : model.L=3 model.bond_dim=4 seed=32874 trainer.ridge=5 trainer.ridge_decay=0.25 trainer.ridge_min=0.0001 +experiment=uci_ntn_sweep model=mpo2_typei dataset=bank
[2026-04-11 21:39:51,258][__main__][INFO] - Configuration:
model:
  name: MPO2TypeI
  L: 3
  bond_dim: 4
  output_site: null
  init_strength: 0.1
dataset:
  name: bank
  task: classification
  cap: 50
  size: large
  batch_size: 128
slurm:
  partition: titans
  time: '24:00:00'
  mem: 2gb
  gpu_arch: Ampere
  cpus: 1
  gpu: 1
hpc:
  queue: gpuv100
  time: '24:00'
  mem: 500MB
  cpus: 4
  gpu: 1
trainer:
  type: ntn
  n_epochs: 20
  ridge: 5
  ridge_decay: 0.25
  ridge_min: 0.0001
  adaptive_ridge: false
  patience: 10
  min_delta: 0.001
  train_selection: true
seed: 32874
experiment_name: ${model.name}_${dataset.name}_${trainer.type}_rg${trainer.ridge}_init${model.init_strength}
skip_completed: true
update_tracking: false

[2026-04-11 21:39:51,259][__main__][INFO] - Output directory: /zhome/6b/e/212868/GTN/outputs/ntn/bank/MPO2TypeI_rg5_init0.1/L3_bd4_seed32874
[2026-04-11 21:39:51,266][__main__][INFO] - Loading dataset: bank
[2026-04-11 21:39:51,794][HYDRA] 	#3 : model.L=3 model.bond_dim=4 seed=47311 trainer.ridge=5 trainer.ridge_decay=0.25 trainer.ridge_min=0.0001 +experiment=uci_ntn_sweep model=mpo2_typei dataset=bank
[2026-04-11 21:39:51,924][__main__][INFO] - Configuration:
model:
  name: MPO2TypeI
  L: 3
  bond_dim: 4
  output_site: null
  init_strength: 0.1
dataset:
  name: bank
  task: classification
  cap: 50
  size: large
  batch_size: 128
slurm:
  partition: titans
  time: '24:00:00'
  mem: 2gb
  gpu_arch: Ampere
  cpus: 1
  gpu: 1
hpc:
  queue: gpuv100
  time: '24:00'
  mem: 500MB
  cpus: 4
  gpu: 1
trainer:
  type: ntn
  n_epochs: 20
  ridge: 5
  ridge_decay: 0.25
  ridge_min: 0.0001
  adaptive_ridge: false
  patience: 10
  min_delta: 0.001
  train_selection: true
seed: 47311
experiment_name: ${model.name}_${dataset.name}_${trainer.type}_rg${trainer.ridge}_init${model.init_strength}
skip_completed: true
update_tracking: false

[2026-04-11 21:39:51,929][__main__][INFO] - Output directory: /zhome/6b/e/212868/GTN/outputs/ntn/bank/MPO2TypeI_rg5_init0.1/L3_bd4_seed47311
[2026-04-11 21:39:51,929][__main__][INFO] - Loading dataset: bank
[2026-04-11 21:39:52,433][HYDRA] 	#4 : model.L=3 model.bond_dim=4 seed=47303 trainer.ridge=5 trainer.ridge_decay=0.25 trainer.ridge_min=0.0001 +experiment=uci_ntn_sweep model=mpo2_typei dataset=bank
[2026-04-11 21:39:52,555][__main__][INFO] - Configuration:
model:
  name: MPO2TypeI
  L: 3
  bond_dim: 4
  output_site: null
  init_strength: 0.1
dataset:
  name: bank
  task: classification
  cap: 50
  size: large
  batch_size: 128
slurm:
  partition: titans
  time: '24:00:00'
  mem: 2gb
  gpu_arch: Ampere
  cpus: 1
  gpu: 1
hpc:
  queue: gpuv100
  time: '24:00'
  mem: 500MB
  cpus: 4
  gpu: 1
trainer:
  type: ntn
  n_epochs: 20
  ridge: 5
  ridge_decay: 0.25
  ridge_min: 0.0001
  adaptive_ridge: false
  patience: 10
  min_delta: 0.001
  train_selection: true
seed: 47303
experiment_name: ${model.name}_${dataset.name}_${trainer.type}_rg${trainer.ridge}_init${model.init_strength}
skip_completed: true
update_tracking: false

[2026-04-11 21:39:52,555][__main__][INFO] - Output directory: /zhome/6b/e/212868/GTN/outputs/ntn/bank/MPO2TypeI_rg5_init0.1/L3_bd4_seed47303
[2026-04-11 21:39:52,556][__main__][INFO] - Loading dataset: bank
[2026-04-11 21:39:53,058][HYDRA] 	#5 : model.L=3 model.bond_dim=8 seed=42 trainer.ridge=5 trainer.ridge_decay=0.25 trainer.ridge_min=0.0001 +experiment=uci_ntn_sweep model=mpo2_typei dataset=bank
[2026-04-11 21:39:53,182][__main__][INFO] - Configuration:
model:
  name: MPO2TypeI
  L: 3
  bond_dim: 8
  output_site: null
  init_strength: 0.1
dataset:
  name: bank
  task: classification
  cap: 50
  size: large
  batch_size: 128
slurm:
  partition: titans
  time: '24:00:00'
  mem: 2gb
  gpu_arch: Ampere
  cpus: 1
  gpu: 1
hpc:
  queue: gpuv100
  time: '24:00'
  mem: 500MB
  cpus: 4
  gpu: 1
trainer:
  type: ntn
  n_epochs: 20
  ridge: 5
  ridge_decay: 0.25
  ridge_min: 0.0001
  adaptive_ridge: false
  patience: 10
  min_delta: 0.001
  train_selection: true
seed: 42
experiment_name: ${model.name}_${dataset.name}_${trainer.type}_rg${trainer.ridge}_init${model.init_strength}
skip_completed: true
update_tracking: false

[2026-04-11 21:39:53,186][__main__][INFO] - Output directory: /zhome/6b/e/212868/GTN/outputs/ntn/bank/MPO2TypeI_rg5_init0.1/L3_bd8_seed42
[2026-04-11 21:39:53,186][__main__][INFO] - Loading dataset: bank
[2026-04-11 21:39:53,686][HYDRA] 	#6 : model.L=3 model.bond_dim=8 seed=10090 trainer.ridge=5 trainer.ridge_decay=0.25 trainer.ridge_min=0.0001 +experiment=uci_ntn_sweep model=mpo2_typei dataset=bank
[2026-04-11 21:39:53,805][__main__][INFO] - Configuration:
model:
  name: MPO2TypeI
  L: 3
  bond_dim: 8
  output_site: null
  init_strength: 0.1
dataset:
  name: bank
  task: classification
  cap: 50
  size: large
  batch_size: 128
slurm:
  partition: titans
  time: '24:00:00'
  mem: 2gb
  gpu_arch: Ampere
  cpus: 1
  gpu: 1
hpc:
  queue: gpuv100
  time: '24:00'
  mem: 500MB
  cpus: 4
  gpu: 1
trainer:
  type: ntn
  n_epochs: 20
  ridge: 5
  ridge_decay: 0.25
  ridge_min: 0.0001
  adaptive_ridge: false
  patience: 10
  min_delta: 0.001
  train_selection: true
seed: 10090
experiment_name: ${model.name}_${dataset.name}_${trainer.type}_rg${trainer.ridge}_init${model.init_strength}
skip_completed: true
update_tracking: false

[2026-04-11 21:39:53,806][__main__][INFO] - Output directory: /zhome/6b/e/212868/GTN/outputs/ntn/bank/MPO2TypeI_rg5_init0.1/L3_bd8_seed10090
[2026-04-11 21:39:53,807][__main__][INFO] - Loading dataset: bank
[2026-04-11 21:39:54,306][HYDRA] 	#7 : model.L=3 model.bond_dim=8 seed=32874 trainer.ridge=5 trainer.ridge_decay=0.25 trainer.ridge_min=0.0001 +experiment=uci_ntn_sweep model=mpo2_typei dataset=bank
[2026-04-11 21:39:54,521][__main__][INFO] - Configuration:
model:
  name: MPO2TypeI
  L: 3
  bond_dim: 8
  output_site: null
  init_strength: 0.1
dataset:
  name: bank
  task: classification
  cap: 50
  size: large
  batch_size: 128
slurm:
  partition: titans
  time: '24:00:00'
  mem: 2gb
  gpu_arch: Ampere
  cpus: 1
  gpu: 1
hpc:
  queue: gpuv100
  time: '24:00'
  mem: 500MB
  cpus: 4
  gpu: 1
trainer:
  type: ntn
  n_epochs: 20
  ridge: 5
  ridge_decay: 0.25
  ridge_min: 0.0001
  adaptive_ridge: false
  patience: 10
  min_delta: 0.001
  train_selection: true
seed: 32874
experiment_name: ${model.name}_${dataset.name}_${trainer.type}_rg${trainer.ridge}_init${model.init_strength}
skip_completed: true
update_tracking: false

[2026-04-11 21:39:54,526][__main__][INFO] - Output directory: /zhome/6b/e/212868/GTN/outputs/ntn/bank/MPO2TypeI_rg5_init0.1/L3_bd8_seed32874
[2026-04-11 21:39:54,526][__main__][INFO] - Loading dataset: bank
[2026-04-11 21:39:55,026][HYDRA] 	#8 : model.L=3 model.bond_dim=8 seed=47311 trainer.ridge=5 trainer.ridge_decay=0.25 trainer.ridge_min=0.0001 +experiment=uci_ntn_sweep model=mpo2_typei dataset=bank
[2026-04-11 21:39:55,159][__main__][INFO] - Configuration:
model:
  name: MPO2TypeI
  L: 3
  bond_dim: 8
  output_site: null
  init_strength: 0.1
dataset:
  name: bank
  task: classification
  cap: 50
  size: large
  batch_size: 128
slurm:
  partition: titans
  time: '24:00:00'
  mem: 2gb
  gpu_arch: Ampere
  cpus: 1
  gpu: 1
hpc:
  queue: gpuv100
  time: '24:00'
  mem: 500MB
  cpus: 4
  gpu: 1
trainer:
  type: ntn
  n_epochs: 20
  ridge: 5
  ridge_decay: 0.25
  ridge_min: 0.0001
  adaptive_ridge: false
  patience: 10
  min_delta: 0.001
  train_selection: true
seed: 47311
experiment_name: ${model.name}_${dataset.name}_${trainer.type}_rg${trainer.ridge}_init${model.init_strength}
skip_completed: true
update_tracking: false

[2026-04-11 21:39:55,159][__main__][INFO] - Output directory: /zhome/6b/e/212868/GTN/outputs/ntn/bank/MPO2TypeI_rg5_init0.1/L3_bd8_seed47311
[2026-04-11 21:39:55,160][__main__][INFO] - Loading dataset: bank
[2026-04-11 21:39:55,660][HYDRA] 	#9 : model.L=3 model.bond_dim=8 seed=47303 trainer.ridge=5 trainer.ridge_decay=0.25 trainer.ridge_min=0.0001 +experiment=uci_ntn_sweep model=mpo2_typei dataset=bank
[2026-04-11 21:39:55,794][__main__][INFO] - Configuration:
model:
  name: MPO2TypeI
  L: 3
  bond_dim: 8
  output_site: null
  init_strength: 0.1
dataset:
  name: bank
  task: classification
  cap: 50
  size: large
  batch_size: 128
slurm:
  partition: titans
  time: '24:00:00'
  mem: 2gb
  gpu_arch: Ampere
  cpus: 1
  gpu: 1
hpc:
  queue: gpuv100
  time: '24:00'
  mem: 500MB
  cpus: 4
  gpu: 1
trainer:
  type: ntn
  n_epochs: 20
  ridge: 5
  ridge_decay: 0.25
  ridge_min: 0.0001
  adaptive_ridge: false
  patience: 10
  min_delta: 0.001
  train_selection: true
seed: 47303
experiment_name: ${model.name}_${dataset.name}_${trainer.type}_rg${trainer.ridge}_init${model.init_strength}
skip_completed: true
update_tracking: false

[2026-04-11 21:39:55,798][__main__][INFO] - Output directory: /zhome/6b/e/212868/GTN/outputs/ntn/bank/MPO2TypeI_rg5_init0.1/L3_bd8_seed47303
[2026-04-11 21:39:55,798][__main__][INFO] - Loading dataset: bank
[2026-04-11 21:39:56,298][HYDRA] 	#10 : model.L=3 model.bond_dim=12 seed=42 trainer.ridge=5 trainer.ridge_decay=0.25 trainer.ridge_min=0.0001 +experiment=uci_ntn_sweep model=mpo2_typei dataset=bank
[2026-04-11 21:39:56,417][__main__][INFO] - Configuration:
model:
  name: MPO2TypeI
  L: 3
  bond_dim: 12
  output_site: null
  init_strength: 0.1
dataset:
  name: bank
  task: classification
  cap: 50
  size: large
  batch_size: 128
slurm:
  partition: titans
  time: '24:00:00'
  mem: 2gb
  gpu_arch: Ampere
  cpus: 1
  gpu: 1
hpc:
  queue: gpuv100
  time: '24:00'
  mem: 500MB
  cpus: 4
  gpu: 1
trainer:
  type: ntn
  n_epochs: 20
  ridge: 5
  ridge_decay: 0.25
  ridge_min: 0.0001
  adaptive_ridge: false
  patience: 10
  min_delta: 0.001
  train_selection: true
seed: 42
experiment_name: ${model.name}_${dataset.name}_${trainer.type}_rg${trainer.ridge}_init${model.init_strength}
skip_completed: true
update_tracking: false

[2026-04-11 21:39:56,418][__main__][INFO] - Output directory: /zhome/6b/e/212868/GTN/outputs/ntn/bank/MPO2TypeI_rg5_init0.1/L3_bd12_seed42
[2026-04-11 21:39:56,418][__main__][INFO] - Loading dataset: bank
[2026-04-11 21:39:57,392][HYDRA] 	#11 : model.L=3 model.bond_dim=12 seed=10090 trainer.ridge=5 trainer.ridge_decay=0.25 trainer.ridge_min=0.0001 +experiment=uci_ntn_sweep model=mpo2_typei dataset=bank
[2026-04-11 21:39:57,516][__main__][INFO] - Configuration:
model:
  name: MPO2TypeI
  L: 3
  bond_dim: 12
  output_site: null
  init_strength: 0.1
dataset:
  name: bank
  task: classification
  cap: 50
  size: large
  batch_size: 128
slurm:
  partition: titans
  time: '24:00:00'
  mem: 2gb
  gpu_arch: Ampere
  cpus: 1
  gpu: 1
hpc:
  queue: gpuv100
  time: '24:00'
  mem: 500MB
  cpus: 4
  gpu: 1
trainer:
  type: ntn
  n_epochs: 20
  ridge: 5
  ridge_decay: 0.25
  ridge_min: 0.0001
  adaptive_ridge: false
  patience: 10
  min_delta: 0.001
  train_selection: true
seed: 10090
experiment_name: ${model.name}_${dataset.name}_${trainer.type}_rg${trainer.ridge}_init${model.init_strength}
skip_completed: true
update_tracking: false

[2026-04-11 21:39:57,520][__main__][INFO] - Output directory: /zhome/6b/e/212868/GTN/outputs/ntn/bank/MPO2TypeI_rg5_init0.1/L3_bd12_seed10090
[2026-04-11 21:39:57,520][__main__][INFO] - Loading dataset: bank
[2026-04-11 21:39:58,020][HYDRA] 	#12 : model.L=3 model.bond_dim=12 seed=32874 trainer.ridge=5 trainer.ridge_decay=0.25 trainer.ridge_min=0.0001 +experiment=uci_ntn_sweep model=mpo2_typei dataset=bank
[2026-04-11 21:39:58,138][__main__][INFO] - Configuration:
model:
  name: MPO2TypeI
  L: 3
  bond_dim: 12
  output_site: null
  init_strength: 0.1
dataset:
  name: bank
  task: classification
  cap: 50
  size: large
  batch_size: 128
slurm:
  partition: titans
  time: '24:00:00'
  mem: 2gb
  gpu_arch: Ampere
  cpus: 1
  gpu: 1
hpc:
  queue: gpuv100
  time: '24:00'
  mem: 500MB
  cpus: 4
  gpu: 1
trainer:
  type: ntn
  n_epochs: 20
  ridge: 5
  ridge_decay: 0.25
  ridge_min: 0.0001
  adaptive_ridge: false
  patience: 10
  min_delta: 0.001
  train_selection: true
seed: 32874
experiment_name: ${model.name}_${dataset.name}_${trainer.type}_rg${trainer.ridge}_init${model.init_strength}
skip_completed: true
update_tracking: false

[2026-04-11 21:39:58,138][__main__][INFO] - Output directory: /zhome/6b/e/212868/GTN/outputs/ntn/bank/MPO2TypeI_rg5_init0.1/L3_bd12_seed32874
[2026-04-11 21:39:58,139][__main__][INFO] - Loading dataset: bank
[2026-04-11 21:39:58,638][HYDRA] 	#13 : model.L=3 model.bond_dim=12 seed=47311 trainer.ridge=5 trainer.ridge_decay=0.25 trainer.ridge_min=0.0001 +experiment=uci_ntn_sweep model=mpo2_typei dataset=bank
[2026-04-11 21:39:58,804][__main__][INFO] - Configuration:
model:
  name: MPO2TypeI
  L: 3
  bond_dim: 12
  output_site: null
  init_strength: 0.1
dataset:
  name: bank
  task: classification
  cap: 50
  size: large
  batch_size: 128
slurm:
  partition: titans
  time: '24:00:00'
  mem: 2gb
  gpu_arch: Ampere
  cpus: 1
  gpu: 1
hpc:
  queue: gpuv100
  time: '24:00'
  mem: 500MB
  cpus: 4
  gpu: 1
trainer:
  type: ntn
  n_epochs: 20
  ridge: 5
  ridge_decay: 0.25
  ridge_min: 0.0001
  adaptive_ridge: false
  patience: 10
  min_delta: 0.001
  train_selection: true
seed: 47311
experiment_name: ${model.name}_${dataset.name}_${trainer.type}_rg${trainer.ridge}_init${model.init_strength}
skip_completed: true
update_tracking: false

[2026-04-11 21:39:58,808][__main__][INFO] - Output directory: /zhome/6b/e/212868/GTN/outputs/ntn/bank/MPO2TypeI_rg5_init0.1/L3_bd12_seed47311
[2026-04-11 21:39:58,809][__main__][INFO] - Loading dataset: bank
[2026-04-11 21:39:59,308][HYDRA] 	#14 : model.L=3 model.bond_dim=12 seed=47303 trainer.ridge=5 trainer.ridge_decay=0.25 trainer.ridge_min=0.0001 +experiment=uci_ntn_sweep model=mpo2_typei dataset=bank
[2026-04-11 21:39:59,426][__main__][INFO] - Configuration:
model:
  name: MPO2TypeI
  L: 3
  bond_dim: 12
  output_site: null
  init_strength: 0.1
dataset:
  name: bank
  task: classification
  cap: 50
  size: large
  batch_size: 128
slurm:
  partition: titans
  time: '24:00:00'
  mem: 2gb
  gpu_arch: Ampere
  cpus: 1
  gpu: 1
hpc:
  queue: gpuv100
  time: '24:00'
  mem: 500MB
  cpus: 4
  gpu: 1
trainer:
  type: ntn
  n_epochs: 20
  ridge: 5
  ridge_decay: 0.25
  ridge_min: 0.0001
  adaptive_ridge: false
  patience: 10
  min_delta: 0.001
  train_selection: true
seed: 47303
experiment_name: ${model.name}_${dataset.name}_${trainer.type}_rg${trainer.ridge}_init${model.init_strength}
skip_completed: true
update_tracking: false

[2026-04-11 21:39:59,427][__main__][INFO] - Output directory: /zhome/6b/e/212868/GTN/outputs/ntn/bank/MPO2TypeI_rg5_init0.1/L3_bd12_seed47303
[2026-04-11 21:39:59,427][__main__][INFO] - Loading dataset: bank
[2026-04-11 21:39:59,927][HYDRA] 	#15 : model.L=4 model.bond_dim=4 seed=42 trainer.ridge=5 trainer.ridge_decay=0.25 trainer.ridge_min=0.0001 +experiment=uci_ntn_sweep model=mpo2_typei dataset=bank
[2026-04-11 21:40:00,053][__main__][INFO] - Configuration:
model:
  name: MPO2TypeI
  L: 4
  bond_dim: 4
  output_site: null
  init_strength: 0.1
dataset:
  name: bank
  task: classification
  cap: 50
  size: large
  batch_size: 128
slurm:
  partition: titans
  time: '24:00:00'
  mem: 2gb
  gpu_arch: Ampere
  cpus: 1
  gpu: 1
hpc:
  queue: gpuv100
  time: '24:00'
  mem: 500MB
  cpus: 4
  gpu: 1
trainer:
  type: ntn
  n_epochs: 20
  ridge: 5
  ridge_decay: 0.25
  ridge_min: 0.0001
  adaptive_ridge: false
  patience: 10
  min_delta: 0.001
  train_selection: true
seed: 42
experiment_name: ${model.name}_${dataset.name}_${trainer.type}_rg${trainer.ridge}_init${model.init_strength}
skip_completed: true
update_tracking: false

[2026-04-11 21:40:00,057][__main__][INFO] - Output directory: /zhome/6b/e/212868/GTN/outputs/ntn/bank/MPO2TypeI_rg5_init0.1/L4_bd4_seed42
[2026-04-11 21:40:00,057][__main__][INFO] - Loading dataset: bank
[2026-04-11 21:40:00,558][HYDRA] 	#16 : model.L=4 model.bond_dim=4 seed=10090 trainer.ridge=5 trainer.ridge_decay=0.25 trainer.ridge_min=0.0001 +experiment=uci_ntn_sweep model=mpo2_typei dataset=bank
[2026-04-11 21:40:00,678][__main__][INFO] - Configuration:
model:
  name: MPO2TypeI
  L: 4
  bond_dim: 4
  output_site: null
  init_strength: 0.1
dataset:
  name: bank
  task: classification
  cap: 50
  size: large
  batch_size: 128
slurm:
  partition: titans
  time: '24:00:00'
  mem: 2gb
  gpu_arch: Ampere
  cpus: 1
  gpu: 1
hpc:
  queue: gpuv100
  time: '24:00'
  mem: 500MB
  cpus: 4
  gpu: 1
trainer:
  type: ntn
  n_epochs: 20
  ridge: 5
  ridge_decay: 0.25
  ridge_min: 0.0001
  adaptive_ridge: false
  patience: 10
  min_delta: 0.001
  train_selection: true
seed: 10090
experiment_name: ${model.name}_${dataset.name}_${trainer.type}_rg${trainer.ridge}_init${model.init_strength}
skip_completed: true
update_tracking: false

[2026-04-11 21:40:00,679][__main__][INFO] - Output directory: /zhome/6b/e/212868/GTN/outputs/ntn/bank/MPO2TypeI_rg5_init0.1/L4_bd4_seed10090
[2026-04-11 21:40:00,680][__main__][INFO] - Loading dataset: bank
[2026-04-11 21:40:01,181][HYDRA] 	#17 : model.L=4 model.bond_dim=4 seed=32874 trainer.ridge=5 trainer.ridge_decay=0.25 trainer.ridge_min=0.0001 +experiment=uci_ntn_sweep model=mpo2_typei dataset=bank
[2026-04-11 21:40:01,304][__main__][INFO] - Configuration:
model:
  name: MPO2TypeI
  L: 4
  bond_dim: 4
  output_site: null
  init_strength: 0.1
dataset:
  name: bank
  task: classification
  cap: 50
  size: large
  batch_size: 128
slurm:
  partition: titans
  time: '24:00:00'
  mem: 2gb
  gpu_arch: Ampere
  cpus: 1
  gpu: 1
hpc:
  queue: gpuv100
  time: '24:00'
  mem: 500MB
  cpus: 4
  gpu: 1
trainer:
  type: ntn
  n_epochs: 20
  ridge: 5
  ridge_decay: 0.25
  ridge_min: 0.0001
  adaptive_ridge: false
  patience: 10
  min_delta: 0.001
  train_selection: true
seed: 32874
experiment_name: ${model.name}_${dataset.name}_${trainer.type}_rg${trainer.ridge}_init${model.init_strength}
skip_completed: true
update_tracking: false

[2026-04-11 21:40:01,308][__main__][INFO] - Output directory: /zhome/6b/e/212868/GTN/outputs/ntn/bank/MPO2TypeI_rg5_init0.1/L4_bd4_seed32874
[2026-04-11 21:40:01,309][__main__][INFO] - Loading dataset: bank
[2026-04-11 21:40:01,808][HYDRA] 	#18 : model.L=4 model.bond_dim=4 seed=47311 trainer.ridge=5 trainer.ridge_decay=0.25 trainer.ridge_min=0.0001 +experiment=uci_ntn_sweep model=mpo2_typei dataset=bank
[2026-04-11 21:40:01,926][__main__][INFO] - Configuration:
model:
  name: MPO2TypeI
  L: 4
  bond_dim: 4
  output_site: null
  init_strength: 0.1
dataset:
  name: bank
  task: classification
  cap: 50
  size: large
  batch_size: 128
slurm:
  partition: titans
  time: '24:00:00'
  mem: 2gb
  gpu_arch: Ampere
  cpus: 1
  gpu: 1
hpc:
  queue: gpuv100
  time: '24:00'
  mem: 500MB
  cpus: 4
  gpu: 1
trainer:
  type: ntn
  n_epochs: 20
  ridge: 5
  ridge_decay: 0.25
  ridge_min: 0.0001
  adaptive_ridge: false
  patience: 10
  min_delta: 0.001
  train_selection: true
seed: 47311
experiment_name: ${model.name}_${dataset.name}_${trainer.type}_rg${trainer.ridge}_init${model.init_strength}
skip_completed: true
update_tracking: false

[2026-04-11 21:40:01,927][__main__][INFO] - Output directory: /zhome/6b/e/212868/GTN/outputs/ntn/bank/MPO2TypeI_rg5_init0.1/L4_bd4_seed47311
[2026-04-11 21:40:01,927][__main__][INFO] - Loading dataset: bank
[2026-04-11 21:40:02,426][HYDRA] 	#19 : model.L=4 model.bond_dim=4 seed=47303 trainer.ridge=5 trainer.ridge_decay=0.25 trainer.ridge_min=0.0001 +experiment=uci_ntn_sweep model=mpo2_typei dataset=bank
[2026-04-11 21:40:02,551][__main__][INFO] - Configuration:
model:
  name: MPO2TypeI
  L: 4
  bond_dim: 4
  output_site: null
  init_strength: 0.1
dataset:
  name: bank
  task: classification
  cap: 50
  size: large
  batch_size: 128
slurm:
  partition: titans
  time: '24:00:00'
  mem: 2gb
  gpu_arch: Ampere
  cpus: 1
  gpu: 1
hpc:
  queue: gpuv100
  time: '24:00'
  mem: 500MB
  cpus: 4
  gpu: 1
trainer:
  type: ntn
  n_epochs: 20
  ridge: 5
  ridge_decay: 0.25
  ridge_min: 0.0001
  adaptive_ridge: false
  patience: 10
  min_delta: 0.001
  train_selection: true
seed: 47303
experiment_name: ${model.name}_${dataset.name}_${trainer.type}_rg${trainer.ridge}_init${model.init_strength}
skip_completed: true
update_tracking: false

[2026-04-11 21:40:02,555][__main__][INFO] - Output directory: /zhome/6b/e/212868/GTN/outputs/ntn/bank/MPO2TypeI_rg5_init0.1/L4_bd4_seed47303
[2026-04-11 21:40:02,556][__main__][INFO] - Loading dataset: bank
[2026-04-11 21:40:03,529][HYDRA] 	#20 : model.L=4 model.bond_dim=8 seed=42 trainer.ridge=5 trainer.ridge_decay=0.25 trainer.ridge_min=0.0001 +experiment=uci_ntn_sweep model=mpo2_typei dataset=bank
[2026-04-11 21:40:03,764][__main__][INFO] - Configuration:
model:
  name: MPO2TypeI
  L: 4
  bond_dim: 8
  output_site: null
  init_strength: 0.1
dataset:
  name: bank
  task: classification
  cap: 50
  size: large
  batch_size: 128
slurm:
  partition: titans
  time: '24:00:00'
  mem: 2gb
  gpu_arch: Ampere
  cpus: 1
  gpu: 1
hpc:
  queue: gpuv100
  time: '24:00'
  mem: 500MB
  cpus: 4
  gpu: 1
trainer:
  type: ntn
  n_epochs: 20
  ridge: 5
  ridge_decay: 0.25
  ridge_min: 0.0001
  adaptive_ridge: false
  patience: 10
  min_delta: 0.001
  train_selection: true
seed: 42
experiment_name: ${model.name}_${dataset.name}_${trainer.type}_rg${trainer.ridge}_init${model.init_strength}
skip_completed: true
update_tracking: false

[2026-04-11 21:40:03,768][__main__][INFO] - Output directory: /zhome/6b/e/212868/GTN/outputs/ntn/bank/MPO2TypeI_rg5_init0.1/L4_bd8_seed42
[2026-04-11 21:40:03,768][__main__][INFO] - Loading dataset: bank
[2026-04-11 21:40:04,268][HYDRA] 	#21 : model.L=4 model.bond_dim=8 seed=10090 trainer.ridge=5 trainer.ridge_decay=0.25 trainer.ridge_min=0.0001 +experiment=uci_ntn_sweep model=mpo2_typei dataset=bank
[2026-04-11 21:40:04,386][__main__][INFO] - Configuration:
model:
  name: MPO2TypeI
  L: 4
  bond_dim: 8
  output_site: null
  init_strength: 0.1
dataset:
  name: bank
  task: classification
  cap: 50
  size: large
  batch_size: 128
slurm:
  partition: titans
  time: '24:00:00'
  mem: 2gb
  gpu_arch: Ampere
  cpus: 1
  gpu: 1
hpc:
  queue: gpuv100
  time: '24:00'
  mem: 500MB
  cpus: 4
  gpu: 1
trainer:
  type: ntn
  n_epochs: 20
  ridge: 5
  ridge_decay: 0.25
  ridge_min: 0.0001
  adaptive_ridge: false
  patience: 10
  min_delta: 0.001
  train_selection: true
seed: 10090
experiment_name: ${model.name}_${dataset.name}_${trainer.type}_rg${trainer.ridge}_init${model.init_strength}
skip_completed: true
update_tracking: false

[2026-04-11 21:40:04,387][__main__][INFO] - Output directory: /zhome/6b/e/212868/GTN/outputs/ntn/bank/MPO2TypeI_rg5_init0.1/L4_bd8_seed10090
[2026-04-11 21:40:04,387][__main__][INFO] - Loading dataset: bank
[2026-04-11 21:40:04,887][HYDRA] 	#22 : model.L=4 model.bond_dim=8 seed=32874 trainer.ridge=5 trainer.ridge_decay=0.25 trainer.ridge_min=0.0001 +experiment=uci_ntn_sweep model=mpo2_typei dataset=bank
[2026-04-11 21:40:05,034][__main__][INFO] - Configuration:
model:
  name: MPO2TypeI
  L: 4
  bond_dim: 8
  output_site: null
  init_strength: 0.1
dataset:
  name: bank
  task: classification
  cap: 50
  size: large
  batch_size: 128
slurm:
  partition: titans
  time: '24:00:00'
  mem: 2gb
  gpu_arch: Ampere
  cpus: 1
  gpu: 1
hpc:
  queue: gpuv100
  time: '24:00'
  mem: 500MB
  cpus: 4
  gpu: 1
trainer:
  type: ntn
  n_epochs: 20
  ridge: 5
  ridge_decay: 0.25
  ridge_min: 0.0001
  adaptive_ridge: false
  patience: 10
  min_delta: 0.001
  train_selection: true
seed: 32874
experiment_name: ${model.name}_${dataset.name}_${trainer.type}_rg${trainer.ridge}_init${model.init_strength}
skip_completed: true
update_tracking: false

[2026-04-11 21:40:05,039][__main__][INFO] - Output directory: /zhome/6b/e/212868/GTN/outputs/ntn/bank/MPO2TypeI_rg5_init0.1/L4_bd8_seed32874
[2026-04-11 21:40:05,039][__main__][INFO] - Loading dataset: bank
[2026-04-11 21:40:05,538][HYDRA] 	#23 : model.L=4 model.bond_dim=8 seed=47311 trainer.ridge=5 trainer.ridge_decay=0.25 trainer.ridge_min=0.0001 +experiment=uci_ntn_sweep model=mpo2_typei dataset=bank
[2026-04-11 21:40:05,656][__main__][INFO] - Configuration:
model:
  name: MPO2TypeI
  L: 4
  bond_dim: 8
  output_site: null
  init_strength: 0.1
dataset:
  name: bank
  task: classification
  cap: 50
  size: large
  batch_size: 128
slurm:
  partition: titans
  time: '24:00:00'
  mem: 2gb
  gpu_arch: Ampere
  cpus: 1
  gpu: 1
hpc:
  queue: gpuv100
  time: '24:00'
  mem: 500MB
  cpus: 4
  gpu: 1
trainer:
  type: ntn
  n_epochs: 20
  ridge: 5
  ridge_decay: 0.25
  ridge_min: 0.0001
  adaptive_ridge: false
  patience: 10
  min_delta: 0.001
  train_selection: true
seed: 47311
experiment_name: ${model.name}_${dataset.name}_${trainer.type}_rg${trainer.ridge}_init${model.init_strength}
skip_completed: true
update_tracking: false

[2026-04-11 21:40:05,657][__main__][INFO] - Output directory: /zhome/6b/e/212868/GTN/outputs/ntn/bank/MPO2TypeI_rg5_init0.1/L4_bd8_seed47311
[2026-04-11 21:40:05,658][__main__][INFO] - Loading dataset: bank
[2026-04-11 21:40:06,159][HYDRA] 	#24 : model.L=4 model.bond_dim=8 seed=47303 trainer.ridge=5 trainer.ridge_decay=0.25 trainer.ridge_min=0.0001 +experiment=uci_ntn_sweep model=mpo2_typei dataset=bank
[2026-04-11 21:40:06,281][__main__][INFO] - Configuration:
model:
  name: MPO2TypeI
  L: 4
  bond_dim: 8
  output_site: null
  init_strength: 0.1
dataset:
  name: bank
  task: classification
  cap: 50
  size: large
  batch_size: 128
slurm:
  partition: titans
  time: '24:00:00'
  mem: 2gb
  gpu_arch: Ampere
  cpus: 1
  gpu: 1
hpc:
  queue: gpuv100
  time: '24:00'
  mem: 500MB
  cpus: 4
  gpu: 1
trainer:
  type: ntn
  n_epochs: 20
  ridge: 5
  ridge_decay: 0.25
  ridge_min: 0.0001
  adaptive_ridge: false
  patience: 10
  min_delta: 0.001
  train_selection: true
seed: 47303
experiment_name: ${model.name}_${dataset.name}_${trainer.type}_rg${trainer.ridge}_init${model.init_strength}
skip_completed: true
update_tracking: false

[2026-04-11 21:40:06,285][__main__][INFO] - Output directory: /zhome/6b/e/212868/GTN/outputs/ntn/bank/MPO2TypeI_rg5_init0.1/L4_bd8_seed47303
[2026-04-11 21:40:06,286][__main__][INFO] - Loading dataset: bank
[2026-04-11 21:40:06,785][HYDRA] 	#25 : model.L=4 model.bond_dim=12 seed=42 trainer.ridge=5 trainer.ridge_decay=0.25 trainer.ridge_min=0.0001 +experiment=uci_ntn_sweep model=mpo2_typei dataset=bank
[2026-04-11 21:40:06,922][__main__][INFO] - Configuration:
model:
  name: MPO2TypeI
  L: 4
  bond_dim: 12
  output_site: null
  init_strength: 0.1
dataset:
  name: bank
  task: classification
  cap: 50
  size: large
  batch_size: 128
slurm:
  partition: titans
  time: '24:00:00'
  mem: 2gb
  gpu_arch: Ampere
  cpus: 1
  gpu: 1
hpc:
  queue: gpuv100
  time: '24:00'
  mem: 500MB
  cpus: 4
  gpu: 1
trainer:
  type: ntn
  n_epochs: 20
  ridge: 5
  ridge_decay: 0.25
  ridge_min: 0.0001
  adaptive_ridge: false
  patience: 10
  min_delta: 0.001
  train_selection: true
seed: 42
experiment_name: ${model.name}_${dataset.name}_${trainer.type}_rg${trainer.ridge}_init${model.init_strength}
skip_completed: true
update_tracking: false

[2026-04-11 21:40:06,922][__main__][INFO] - Output directory: /zhome/6b/e/212868/GTN/outputs/ntn/bank/MPO2TypeI_rg5_init0.1/L4_bd12_seed42
[2026-04-11 21:40:06,923][__main__][INFO] - Loading dataset: bank
[2026-04-11 21:40:07,421][HYDRA] 	#26 : model.L=4 model.bond_dim=12 seed=10090 trainer.ridge=5 trainer.ridge_decay=0.25 trainer.ridge_min=0.0001 +experiment=uci_ntn_sweep model=mpo2_typei dataset=bank
[2026-04-11 21:40:07,546][__main__][INFO] - Configuration:
model:
  name: MPO2TypeI
  L: 4
  bond_dim: 12
  output_site: null
  init_strength: 0.1
dataset:
  name: bank
  task: classification
  cap: 50
  size: large
  batch_size: 128
slurm:
  partition: titans
  time: '24:00:00'
  mem: 2gb
  gpu_arch: Ampere
  cpus: 1
  gpu: 1
hpc:
  queue: gpuv100
  time: '24:00'
  mem: 500MB
  cpus: 4
  gpu: 1
trainer:
  type: ntn
  n_epochs: 20
  ridge: 5
  ridge_decay: 0.25
  ridge_min: 0.0001
  adaptive_ridge: false
  patience: 10
  min_delta: 0.001
  train_selection: true
seed: 10090
experiment_name: ${model.name}_${dataset.name}_${trainer.type}_rg${trainer.ridge}_init${model.init_strength}
skip_completed: true
update_tracking: false

[2026-04-11 21:40:07,551][__main__][INFO] - Output directory: /zhome/6b/e/212868/GTN/outputs/ntn/bank/MPO2TypeI_rg5_init0.1/L4_bd12_seed10090
[2026-04-11 21:40:07,551][__main__][INFO] - Loading dataset: bank
[2026-04-11 21:40:08,052][HYDRA] 	#27 : model.L=4 model.bond_dim=12 seed=32874 trainer.ridge=5 trainer.ridge_decay=0.25 trainer.ridge_min=0.0001 +experiment=uci_ntn_sweep model=mpo2_typei dataset=bank
[2026-04-11 21:40:08,405][__main__][INFO] - Configuration:
model:
  name: MPO2TypeI
  L: 4
  bond_dim: 12
  output_site: null
  init_strength: 0.1
dataset:
  name: bank
  task: classification
  cap: 50
  size: large
  batch_size: 128
slurm:
  partition: titans
  time: '24:00:00'
  mem: 2gb
  gpu_arch: Ampere
  cpus: 1
  gpu: 1
hpc:
  queue: gpuv100
  time: '24:00'
  mem: 500MB
  cpus: 4
  gpu: 1
trainer:
  type: ntn
  n_epochs: 20
  ridge: 5
  ridge_decay: 0.25
  ridge_min: 0.0001
  adaptive_ridge: false
  patience: 10
  min_delta: 0.001
  train_selection: true
seed: 32874
experiment_name: ${model.name}_${dataset.name}_${trainer.type}_rg${trainer.ridge}_init${model.init_strength}
skip_completed: true
update_tracking: false

[2026-04-11 21:40:08,405][__main__][INFO] - Output directory: /zhome/6b/e/212868/GTN/outputs/ntn/bank/MPO2TypeI_rg5_init0.1/L4_bd12_seed32874
[2026-04-11 21:40:08,406][__main__][INFO] - Loading dataset: bank
[2026-04-11 21:40:08,905][HYDRA] 	#28 : model.L=4 model.bond_dim=12 seed=47311 trainer.ridge=5 trainer.ridge_decay=0.25 trainer.ridge_min=0.0001 +experiment=uci_ntn_sweep model=mpo2_typei dataset=bank
[2026-04-11 21:40:09,027][__main__][INFO] - Configuration:
model:
  name: MPO2TypeI
  L: 4
  bond_dim: 12
  output_site: null
  init_strength: 0.1
dataset:
  name: bank
  task: classification
  cap: 50
  size: large
  batch_size: 128
slurm:
  partition: titans
  time: '24:00:00'
  mem: 2gb
  gpu_arch: Ampere
  cpus: 1
  gpu: 1
hpc:
  queue: gpuv100
  time: '24:00'
  mem: 500MB
  cpus: 4
  gpu: 1
trainer:
  type: ntn
  n_epochs: 20
  ridge: 5
  ridge_decay: 0.25
  ridge_min: 0.0001
  adaptive_ridge: false
  patience: 10
  min_delta: 0.001
  train_selection: true
seed: 47311
experiment_name: ${model.name}_${dataset.name}_${trainer.type}_rg${trainer.ridge}_init${model.init_strength}
skip_completed: true
update_tracking: false

[2026-04-11 21:40:09,031][__main__][INFO] - Output directory: /zhome/6b/e/212868/GTN/outputs/ntn/bank/MPO2TypeI_rg5_init0.1/L4_bd12_seed47311
[2026-04-11 21:40:09,032][__main__][INFO] - Loading dataset: bank
[2026-04-11 21:40:09,531][HYDRA] 	#29 : model.L=4 model.bond_dim=12 seed=47303 trainer.ridge=5 trainer.ridge_decay=0.25 trainer.ridge_min=0.0001 +experiment=uci_ntn_sweep model=mpo2_typei dataset=bank
[2026-04-11 21:40:09,649][__main__][INFO] - Configuration:
model:
  name: MPO2TypeI
  L: 4
  bond_dim: 12
  output_site: null
  init_strength: 0.1
dataset:
  name: bank
  task: classification
  cap: 50
  size: large
  batch_size: 128
slurm:
  partition: titans
  time: '24:00:00'
  mem: 2gb
  gpu_arch: Ampere
  cpus: 1
  gpu: 1
hpc:
  queue: gpuv100
  time: '24:00'
  mem: 500MB
  cpus: 4
  gpu: 1
trainer:
  type: ntn
  n_epochs: 20
  ridge: 5
  ridge_decay: 0.25
  ridge_min: 0.0001
  adaptive_ridge: false
  patience: 10
  min_delta: 0.001
  train_selection: true
seed: 47303
experiment_name: ${model.name}_${dataset.name}_${trainer.type}_rg${trainer.ridge}_init${model.init_strength}
skip_completed: true
update_tracking: false

[2026-04-11 21:40:09,650][__main__][INFO] - Output directory: /zhome/6b/e/212868/GTN/outputs/ntn/bank/MPO2TypeI_rg5_init0.1/L4_bd12_seed47303
[2026-04-11 21:40:09,650][__main__][INFO] - Loading dataset: bank

------------------------------------------------------------
Sender: LSF System <lsfadmin@hpc.dtu.dk>
Subject: Job 28191397: <ntn-mpo2-typei-bank> in cluster <dcc> Exited

Job <ntn-mpo2-typei-bank> was submitted from host <hpclogin1> by user <nicci> in cluster <dcc> at Sat Apr 11 21:35:05 2026
Job was executed on host(s) <4*n-62-20-10>, in queue <gpuv100>, as user <nicci> in cluster <dcc> at Sat Apr 11 21:39:39 2026
</zhome/6b/e/212868> was used as the home directory.
</zhome/6b/e/212868/GTN/submit_ntn> was used as the working directory.
Started at Sat Apr 11 21:39:39 2026
Terminated at Sat Apr 11 21:40:11 2026
Results reported at Sat Apr 11 21:40:11 2026

Your job looked like:

------------------------------------------------------------
# LSBATCH: User input
#!/bin/sh
#BSUB -q gpuv100
#BSUB -J ntn-mpo2-typei-bank
#BSUB -W 24:00
#BSUB -n 4
#BSUB -gpu "num=1:mode=exclusive_process"
#BSUB -R "rusage[mem=500MB]"
#BSUB -R "span[hosts=1]"
#BSUB -o logs/ntn-mpo2-typei-bank_%J.out
#BSUB -e logs/ntn-mpo2-typei-bank_%J.err
#BSUB -u nicci@dtu.dk

export HOME=/zhome/6b/e/212868
cd $HOME/GTN
source .venv/bin/activate

set -a && source $HOME/aim && set +a

python run.py --multirun +experiment=uci_ntn_sweep model=mpo2_typei dataset=bank

------------------------------------------------------------

Exited with exit code 1.

Resource usage summary:

    CPU time :                                   11.00 sec.
    Max Memory :                                 407 MB
    Average Memory :                             309.67 MB
    Total Requested Memory :                     2000.00 MB
    Delta Memory :                               1593.00 MB
    Max Swap :                                   -
    Max Processes :                              4
    Max Threads :                                8
    Run time :                                   32 sec.
    Turnaround time :                            306 sec.

The output (if any) is above this job summary.



PS:

Read file <logs/ntn-mpo2-typei-bank_28191397.err> for stderr output of this job.

