[2026-04-16 22:29:13,857][HYDRA] Launching 30 jobs locally
[2026-04-16 22:29:13,858][HYDRA] 	#0 : model.L=3 model.bond_dim=4 seed=42 trainer.ridge=5 trainer.ridge_decay=0.25 trainer.ridge_min=0.0001 +experiment=uci_ntn_sweep model=mmpo2 dataset=hearth
[2026-04-16 22:29:13,997][__main__][INFO] - Configuration:
model:
  name: MMPO2
  L: 3
  bond_dim: 4
  output_site: null
  init_strength: 0.1
dataset:
  name: hearth
  task: classification
  cap: 50
  size: small
  batch_size: 256
slurm:
  partition: titans
  time: '12:00:00'
  mem: 2gb
  gpu_arch: Ampere
  cpus: 1
  gpu: 1
hpc:
  queue: gpuv100
  time: '12:00'
  mem: 500MB
  cpus: 4
  gpu: 1
trainer:
  type: ntn
  n_epochs: 20
  ridge: 5
  ridge_decay: 0.25
  ridge_min: 0.0001
  adaptive_ridge: false
  patience: 10
  min_delta: 0.001
  train_selection: true
seed: 42
experiment_name: ${model.name}_${dataset.name}_${trainer.type}_rg${trainer.ridge}_init${model.init_strength}
skip_completed: true
update_tracking: false

[2026-04-16 22:29:14,003][__main__][INFO] - Output directory: /zhome/6b/e/212868/GTN/outputs/ntn/hearth/MMPO2_rg5_init0.1/L3_bd4_seed42
[2026-04-16 22:29:14,047][utils.tracking][INFO] - Loaded 9266 tracked runs from runs_tracking.csv
[2026-04-16 22:29:14,049][__main__][INFO] - Loading dataset: hearth
[2026-04-16 22:29:15,396][__main__][INFO] -   Samples: train=212, val=45, test=46
[2026-04-16 22:29:15,397][__main__][INFO] -   Features: 12 (including bias), Task: classification
[2026-04-16 22:29:15,397][__main__][INFO] -   Device: cuda
[2026-04-16 22:29:15,397][__main__][INFO] - Creating model: MMPO2
Starting Fit: 20 epochs.
Sweep Order: ['0_MPS', '1_MPS', '2_MPS', '1_MPS']
Validation: Using separate validation set for best model selection
Early stopping: patience=10, min_delta=0.001
Init    | Train: loss: 15.76084 | quality: 0.19811
        | Val:   loss: 24.94074 | quality: 0.26667
Epoch 1 | Train: loss: 1.18952 | quality: 0.55189
        | Val:   loss: 1.30822 | quality: 0.53333
 *
Epoch 2 | Train: loss: 0.84215 | quality: 0.69340
        | Val:   loss: 1.21659 | quality: 0.40000

Epoch 3 | Train: loss: 0.58236 | quality: 0.80189
        | Val:   loss: 1.43372 | quality: 0.42222

Epoch 4 | Train: loss: 0.29655 | quality: 0.94340
        | Val:   loss: 2.27589 | quality: 0.44444

Epoch 5 | Train: loss: 0.09083 | quality: 0.98113
        | Val:   loss: 4.58932 | quality: 0.44444

Epoch 6 | Train: loss: 0.01061 | quality: 1.00000
        | Val:   loss: 10.53273 | quality: 0.44444

Epoch 7 | Train: loss: 0.00044 | quality: 1.00000
        | Val:   loss: 19.91426 | quality: 0.40000

Epoch 8 | Train: loss: 0.00001 | quality: 1.00000
        | Val:   loss: 30.97505 | quality: 0.42222

Epoch 9 | Train: loss: 0.00000 | quality: 1.00000
        | Val:   loss: 42.64597 | quality: 0.42222

Epoch 10 | Train: loss: 0.00000 | quality: 1.00000
        | Val:   loss: 54.98332 | quality: 0.40000

Epoch 11 | Train: loss: 0.00000 | quality: 1.00000
        | Val:   loss: 66.68338 | quality: 0.40000


⏸ Early stopping at epoch 11 (best was epoch 1)
[2026-04-16 22:29:16,136][__main__][INFO] - Results saved to: /zhome/6b/e/212868/GTN/outputs/ntn/hearth/MMPO2_rg5_init0.1/L3_bd4_seed42/results.json
[2026-04-16 22:29:16,136][__main__][INFO] - ✓ Train Accuracy: 0.5519
[2026-04-16 22:29:16,136][__main__][INFO] - ✓ Val Accuracy: 0.5333
[2026-04-16 22:29:16,138][HYDRA] 	#1 : model.L=3 model.bond_dim=4 seed=10090 trainer.ridge=5 trainer.ridge_decay=0.25 trainer.ridge_min=0.0001 +experiment=uci_ntn_sweep model=mmpo2 dataset=hearth
[2026-04-16 22:29:16,281][__main__][INFO] - Configuration:
model:
  name: MMPO2
  L: 3
  bond_dim: 4
  output_site: null
  init_strength: 0.1
dataset:
  name: hearth
  task: classification
  cap: 50
  size: small
  batch_size: 256
slurm:
  partition: titans
  time: '12:00:00'
  mem: 2gb
  gpu_arch: Ampere
  cpus: 1
  gpu: 1
hpc:
  queue: gpuv100
  time: '12:00'
  mem: 500MB
  cpus: 4
  gpu: 1
trainer:
  type: ntn
  n_epochs: 20
  ridge: 5
  ridge_decay: 0.25
  ridge_min: 0.0001
  adaptive_ridge: false
  patience: 10
  min_delta: 0.001
  train_selection: true
seed: 10090
experiment_name: ${model.name}_${dataset.name}_${trainer.type}_rg${trainer.ridge}_init${model.init_strength}
skip_completed: true
update_tracking: false

[2026-04-16 22:29:16,285][__main__][INFO] - Output directory: /zhome/6b/e/212868/GTN/outputs/ntn/hearth/MMPO2_rg5_init0.1/L3_bd4_seed10090
[2026-04-16 22:29:16,285][__main__][INFO] - Loading dataset: hearth
[2026-04-16 22:29:17,560][__main__][INFO] -   Samples: train=212, val=45, test=46
[2026-04-16 22:29:17,560][__main__][INFO] -   Features: 12 (including bias), Task: classification
[2026-04-16 22:29:17,560][__main__][INFO] -   Device: cuda
[2026-04-16 22:29:17,560][__main__][INFO] - Creating model: MMPO2
Starting Fit: 20 epochs.
Sweep Order: ['0_MPS', '1_MPS', '2_MPS', '1_MPS']
Validation: Using separate validation set for best model selection
Early stopping: patience=10, min_delta=0.001
Init    | Train: loss: 18.63193 | quality: 0.17453
        | Val:   loss: 19.54485 | quality: 0.17778
Epoch 1 | Train: loss: 1.18547 | quality: 0.60377
        | Val:   loss: 1.31739 | quality: 0.55556
 *
Epoch 2 | Train: loss: 0.83880 | quality: 0.67453
        | Val:   loss: 1.09578 | quality: 0.46667

Epoch 3 | Train: loss: 0.58900 | quality: 0.80660
        | Val:   loss: 1.19281 | quality: 0.44444

Epoch 4 | Train: loss: 0.31448 | quality: 0.92925
        | Val:   loss: 1.76855 | quality: 0.44444

Epoch 5 | Train: loss: 0.09209 | quality: 0.99057
        | Val:   loss: 3.24257 | quality: 0.42222

Epoch 6 | Train: loss: 0.00961 | quality: 1.00000
        | Val:   loss: 7.16669 | quality: 0.42222

Epoch 7 | Train: loss: 0.00035 | quality: 1.00000
        | Val:   loss: 13.72920 | quality: 0.42222

Epoch 8 | Train: loss: 0.00001 | quality: 1.00000
        | Val:   loss: 21.59822 | quality: 0.42222

Epoch 9 | Train: loss: 0.00000 | quality: 1.00000
        | Val:   loss: 29.73287 | quality: 0.40000

Epoch 10 | Train: loss: 0.00000 | quality: 1.00000
        | Val:   loss: 37.65757 | quality: 0.40000

Epoch 11 | Train: loss: 0.00000 | quality: 1.00000
        | Val:   loss: 45.51181 | quality: 0.40000


⏸ Early stopping at epoch 11 (best was epoch 1)
[2026-04-16 22:29:17,913][__main__][INFO] - Results saved to: /zhome/6b/e/212868/GTN/outputs/ntn/hearth/MMPO2_rg5_init0.1/L3_bd4_seed10090/results.json
[2026-04-16 22:29:17,914][__main__][INFO] - ✓ Train Accuracy: 0.6038
[2026-04-16 22:29:17,914][__main__][INFO] - ✓ Val Accuracy: 0.5556
[2026-04-16 22:29:17,916][HYDRA] 	#2 : model.L=3 model.bond_dim=4 seed=32874 trainer.ridge=5 trainer.ridge_decay=0.25 trainer.ridge_min=0.0001 +experiment=uci_ntn_sweep model=mmpo2 dataset=hearth
[2026-04-16 22:29:18,117][__main__][INFO] - Configuration:
model:
  name: MMPO2
  L: 3
  bond_dim: 4
  output_site: null
  init_strength: 0.1
dataset:
  name: hearth
  task: classification
  cap: 50
  size: small
  batch_size: 256
slurm:
  partition: titans
  time: '12:00:00'
  mem: 2gb
  gpu_arch: Ampere
  cpus: 1
  gpu: 1
hpc:
  queue: gpuv100
  time: '12:00'
  mem: 500MB
  cpus: 4
  gpu: 1
trainer:
  type: ntn
  n_epochs: 20
  ridge: 5
  ridge_decay: 0.25
  ridge_min: 0.0001
  adaptive_ridge: false
  patience: 10
  min_delta: 0.001
  train_selection: true
seed: 32874
experiment_name: ${model.name}_${dataset.name}_${trainer.type}_rg${trainer.ridge}_init${model.init_strength}
skip_completed: true
update_tracking: false

[2026-04-16 22:29:18,120][__main__][INFO] - Output directory: /zhome/6b/e/212868/GTN/outputs/ntn/hearth/MMPO2_rg5_init0.1/L3_bd4_seed32874
[2026-04-16 22:29:18,121][__main__][INFO] - Loading dataset: hearth
[2026-04-16 22:29:19,446][__main__][INFO] -   Samples: train=212, val=45, test=46
[2026-04-16 22:29:19,447][__main__][INFO] -   Features: 12 (including bias), Task: classification
[2026-04-16 22:29:19,447][__main__][INFO] -   Device: cuda
[2026-04-16 22:29:19,447][__main__][INFO] - Creating model: MMPO2
Starting Fit: 20 epochs.
Sweep Order: ['0_MPS', '1_MPS', '2_MPS', '1_MPS']
Validation: Using separate validation set for best model selection
Early stopping: patience=10, min_delta=0.001
Init    | Train: loss: 15.31386 | quality: 0.18868
        | Val:   loss: 22.49343 | quality: 0.13333
Epoch 1 | Train: loss: 10.77169 | quality: 0.36321
        | Val:   loss: 26.27801 | quality: 0.33333
 *
Epoch 2 | Train: loss: 418071296012678136136221944421022444830932938243674208627889739165391136073539171826291825237714729987205847246895828832338540698287573062643925344622610206470525525943863043064602820608.00000 | quality: 0.24057
        | Val:   loss: 1076352470773552547627076009738431423658515150720700331870517419607759954508572305198141842678355269388121407837735081165286224306096777695431987847822365030936636615279217691452545957888.00000 | quality: 0.24444


✗ Singular matrix at epoch 3 - stopping training
[2026-04-16 22:29:19,560][__main__][INFO] - Results saved to: /zhome/6b/e/212868/GTN/outputs/ntn/hearth/MMPO2_rg5_init0.1/L3_bd4_seed32874/results.json
[2026-04-16 22:29:19,561][__main__][WARNING] - ✗ Training failed (singular matrix)
[2026-04-16 22:29:19,562][HYDRA] 	#3 : model.L=3 model.bond_dim=4 seed=47311 trainer.ridge=5 trainer.ridge_decay=0.25 trainer.ridge_min=0.0001 +experiment=uci_ntn_sweep model=mmpo2 dataset=hearth
[2026-04-16 22:29:19,709][__main__][INFO] - Configuration:
model:
  name: MMPO2
  L: 3
  bond_dim: 4
  output_site: null
  init_strength: 0.1
dataset:
  name: hearth
  task: classification
  cap: 50
  size: small
  batch_size: 256
slurm:
  partition: titans
  time: '12:00:00'
  mem: 2gb
  gpu_arch: Ampere
  cpus: 1
  gpu: 1
hpc:
  queue: gpuv100
  time: '12:00'
  mem: 500MB
  cpus: 4
  gpu: 1
trainer:
  type: ntn
  n_epochs: 20
  ridge: 5
  ridge_decay: 0.25
  ridge_min: 0.0001
  adaptive_ridge: false
  patience: 10
  min_delta: 0.001
  train_selection: true
seed: 47311
experiment_name: ${model.name}_${dataset.name}_${trainer.type}_rg${trainer.ridge}_init${model.init_strength}
skip_completed: true
update_tracking: false

[2026-04-16 22:29:19,712][__main__][INFO] - Output directory: /zhome/6b/e/212868/GTN/outputs/ntn/hearth/MMPO2_rg5_init0.1/L3_bd4_seed47311
[2026-04-16 22:29:19,713][__main__][INFO] - Loading dataset: hearth
[2026-04-16 22:29:20,864][__main__][INFO] -   Samples: train=212, val=45, test=46
[2026-04-16 22:29:20,865][__main__][INFO] -   Features: 12 (including bias), Task: classification
[2026-04-16 22:29:20,865][__main__][INFO] -   Device: cuda
[2026-04-16 22:29:20,865][__main__][INFO] - Creating model: MMPO2
Starting Fit: 20 epochs.
Sweep Order: ['0_MPS', '1_MPS', '2_MPS', '1_MPS']
Validation: Using separate validation set for best model selection
Early stopping: patience=10, min_delta=0.001
Init    | Train: loss: 13.08242 | quality: 0.17453
        | Val:   loss: 25.78196 | quality: 0.22222
Epoch 1 | Train: loss: 1.93052 | quality: 0.44340
        | Val:   loss: 5.37666 | quality: 0.28889
 *
Epoch 2 | Train: loss: 729.55445 | quality: 0.20755
        | Val:   loss: 3537.88957 | quality: 0.15556

Epoch 3 | Train: loss: 9922556223632522473657398204123087634432.00000 | quality: 0.33962
        | Val:   loss: 39517508032309901886553692731148752388096.00000 | quality: 0.26667

Epoch 4 | Train: loss: 31205599682394780221494316786578714205726622285177317457185781046737846109933652960210666175430999531135658306337999015455604441953708159700745761458089398124614305522898884351839665453475414049887202291804824619186051118395598910265670744476432995336077469798105088.00000 | quality: 0.36792
        | Val:   loss: 48262108194493881338381815442526051208147611476018127154581230187828763527201459329562647154286029173693866301634921599200114640258084762922058763526550135704690308438237523655773192536119792899163573979138333006277617518719588566683980949822406689342319843176611840.00000 | quality: 0.24444


✗ Singular matrix at epoch 5 - stopping training
[2026-04-16 22:29:21,004][__main__][INFO] - Results saved to: /zhome/6b/e/212868/GTN/outputs/ntn/hearth/MMPO2_rg5_init0.1/L3_bd4_seed47311/results.json
[2026-04-16 22:29:21,004][__main__][WARNING] - ✗ Training failed (singular matrix)
[2026-04-16 22:29:21,006][HYDRA] 	#4 : model.L=3 model.bond_dim=4 seed=47303 trainer.ridge=5 trainer.ridge_decay=0.25 trainer.ridge_min=0.0001 +experiment=uci_ntn_sweep model=mmpo2 dataset=hearth
[2026-04-16 22:29:21,149][__main__][INFO] - Configuration:
model:
  name: MMPO2
  L: 3
  bond_dim: 4
  output_site: null
  init_strength: 0.1
dataset:
  name: hearth
  task: classification
  cap: 50
  size: small
  batch_size: 256
slurm:
  partition: titans
  time: '12:00:00'
  mem: 2gb
  gpu_arch: Ampere
  cpus: 1
  gpu: 1
hpc:
  queue: gpuv100
  time: '12:00'
  mem: 500MB
  cpus: 4
  gpu: 1
trainer:
  type: ntn
  n_epochs: 20
  ridge: 5
  ridge_decay: 0.25
  ridge_min: 0.0001
  adaptive_ridge: false
  patience: 10
  min_delta: 0.001
  train_selection: true
seed: 47303
experiment_name: ${model.name}_${dataset.name}_${trainer.type}_rg${trainer.ridge}_init${model.init_strength}
skip_completed: true
update_tracking: false

[2026-04-16 22:29:21,152][__main__][INFO] - Output directory: /zhome/6b/e/212868/GTN/outputs/ntn/hearth/MMPO2_rg5_init0.1/L3_bd4_seed47303
[2026-04-16 22:29:21,152][__main__][INFO] - Loading dataset: hearth
[2026-04-16 22:29:22,201][__main__][INFO] -   Samples: train=212, val=45, test=46
[2026-04-16 22:29:22,202][__main__][INFO] -   Features: 12 (including bias), Task: classification
[2026-04-16 22:29:22,202][__main__][INFO] -   Device: cuda
[2026-04-16 22:29:22,202][__main__][INFO] - Creating model: MMPO2
Starting Fit: 20 epochs.
Sweep Order: ['0_MPS', '1_MPS', '2_MPS', '1_MPS']
Validation: Using separate validation set for best model selection
Early stopping: patience=10, min_delta=0.001
Init    | Train: loss: 19.93050 | quality: 0.19340
        | Val:   loss: 25.54730 | quality: 0.11111
Epoch 1 | Train: loss: 7.86934 | quality: 0.34434
        | Val:   loss: 13.97408 | quality: 0.35556
 *
Epoch 2 | Train: loss: 742862.76287 | quality: 0.22642
        | Val:   loss: 1819893.59878 | quality: 0.15556

Epoch 3 | Train: loss: 92513680377896976384.00000 | quality: 0.12264
        | Val:   loss: 231852761139488915456.00000 | quality: 0.15556

Epoch 4 | Train: loss: 25331944421876389289063900127642194157711753633780411551423139463821890877244885520900395641995800846621936888552266298004948910080.00000 | quality: 0.14151
        | Val:   loss: 63465051079288556178908316493689187710205438687756076133686350419160918265138865448878379637081060993861686176940963258103947591680.00000 | quality: 0.15556


✗ Singular matrix at epoch 5 - stopping training
[2026-04-16 22:29:22,347][__main__][INFO] - Results saved to: /zhome/6b/e/212868/GTN/outputs/ntn/hearth/MMPO2_rg5_init0.1/L3_bd4_seed47303/results.json
[2026-04-16 22:29:22,347][__main__][WARNING] - ✗ Training failed (singular matrix)
[2026-04-16 22:29:22,349][HYDRA] 	#5 : model.L=3 model.bond_dim=8 seed=42 trainer.ridge=5 trainer.ridge_decay=0.25 trainer.ridge_min=0.0001 +experiment=uci_ntn_sweep model=mmpo2 dataset=hearth
[2026-04-16 22:29:22,513][__main__][INFO] - Configuration:
model:
  name: MMPO2
  L: 3
  bond_dim: 8
  output_site: null
  init_strength: 0.1
dataset:
  name: hearth
  task: classification
  cap: 50
  size: small
  batch_size: 256
slurm:
  partition: titans
  time: '12:00:00'
  mem: 2gb
  gpu_arch: Ampere
  cpus: 1
  gpu: 1
hpc:
  queue: gpuv100
  time: '12:00'
  mem: 500MB
  cpus: 4
  gpu: 1
trainer:
  type: ntn
  n_epochs: 20
  ridge: 5
  ridge_decay: 0.25
  ridge_min: 0.0001
  adaptive_ridge: false
  patience: 10
  min_delta: 0.001
  train_selection: true
seed: 42
experiment_name: ${model.name}_${dataset.name}_${trainer.type}_rg${trainer.ridge}_init${model.init_strength}
skip_completed: true
update_tracking: false

[2026-04-16 22:29:22,517][__main__][INFO] - Output directory: /zhome/6b/e/212868/GTN/outputs/ntn/hearth/MMPO2_rg5_init0.1/L3_bd8_seed42
[2026-04-16 22:29:22,517][__main__][INFO] - Loading dataset: hearth
[2026-04-16 22:29:23,566][__main__][INFO] -   Samples: train=212, val=45, test=46
[2026-04-16 22:29:23,567][__main__][INFO] -   Features: 12 (including bias), Task: classification
[2026-04-16 22:29:23,567][__main__][INFO] -   Device: cuda
[2026-04-16 22:29:23,567][__main__][INFO] - Creating model: MMPO2
Starting Fit: 20 epochs.
Sweep Order: ['0_MPS', '1_MPS', '2_MPS', '1_MPS']
Validation: Using separate validation set for best model selection
Early stopping: patience=10, min_delta=0.001
Init    | Train: loss: 18.32545 | quality: 0.25000
        | Val:   loss: 12.03400 | quality: 0.24444
Epoch 1 | Train: loss: 108.43542 | quality: 0.15566
        | Val:   loss: 59.03529 | quality: 0.11111

Epoch 2 | Train: loss: 239907547182829.28125 | quality: 0.17925
        | Val:   loss: 164113972292996.87500 | quality: 0.17778

Epoch 3 | Train: loss: 364241911704200672482021527133775478364586850045131693579117417961899181062677506573184532480.00000 | quality: 0.14623
        | Val:   loss: 260148439075342436751072084971954784965178418463365545006790762335208277426269987471028649984.00000 | quality: 0.17778


✗ Singular matrix at epoch 4 - stopping training
[2026-04-16 22:29:23,712][__main__][INFO] - Results saved to: /zhome/6b/e/212868/GTN/outputs/ntn/hearth/MMPO2_rg5_init0.1/L3_bd8_seed42/results.json
[2026-04-16 22:29:23,712][__main__][WARNING] - ✗ Training failed (singular matrix)
[2026-04-16 22:29:23,715][HYDRA] 	#6 : model.L=3 model.bond_dim=8 seed=10090 trainer.ridge=5 trainer.ridge_decay=0.25 trainer.ridge_min=0.0001 +experiment=uci_ntn_sweep model=mmpo2 dataset=hearth
[2026-04-16 22:29:23,860][__main__][INFO] - Configuration:
model:
  name: MMPO2
  L: 3
  bond_dim: 8
  output_site: null
  init_strength: 0.1
dataset:
  name: hearth
  task: classification
  cap: 50
  size: small
  batch_size: 256
slurm:
  partition: titans
  time: '12:00:00'
  mem: 2gb
  gpu_arch: Ampere
  cpus: 1
  gpu: 1
hpc:
  queue: gpuv100
  time: '12:00'
  mem: 500MB
  cpus: 4
  gpu: 1
trainer:
  type: ntn
  n_epochs: 20
  ridge: 5
  ridge_decay: 0.25
  ridge_min: 0.0001
  adaptive_ridge: false
  patience: 10
  min_delta: 0.001
  train_selection: true
seed: 10090
experiment_name: ${model.name}_${dataset.name}_${trainer.type}_rg${trainer.ridge}_init${model.init_strength}
skip_completed: true
update_tracking: false

[2026-04-16 22:29:23,863][__main__][INFO] - Output directory: /zhome/6b/e/212868/GTN/outputs/ntn/hearth/MMPO2_rg5_init0.1/L3_bd8_seed10090
[2026-04-16 22:29:23,863][__main__][INFO] - Loading dataset: hearth
[2026-04-16 22:29:25,229][__main__][INFO] -   Samples: train=212, val=45, test=46
[2026-04-16 22:29:25,229][__main__][INFO] -   Features: 12 (including bias), Task: classification
[2026-04-16 22:29:25,230][__main__][INFO] -   Device: cuda
[2026-04-16 22:29:25,230][__main__][INFO] - Creating model: MMPO2
Starting Fit: 20 epochs.
Sweep Order: ['0_MPS', '1_MPS', '2_MPS', '1_MPS']
Validation: Using separate validation set for best model selection
Early stopping: patience=10, min_delta=0.001
Init    | Train: loss: 29.01418 | quality: 0.09906
        | Val:   loss: 34.87792 | quality: 0.13333
Epoch 1 | Train: loss: 174.50728 | quality: 0.08962
        | Val:   loss: 89.45643 | quality: 0.06667

Epoch 2 | Train: loss: 258763795096247.25000 | quality: 0.13679
        | Val:   loss: 131944176945411.71875 | quality: 0.17778
 *
Epoch 3 | Train: loss: 194768506064009467014331012528356176856571025785557674495698424208501386115423730046861312.00000 | quality: 0.13208
        | Val:   loss: 109031313086531744364627904826520807927198589531628216357892279168276377179569073543970816.00000 | quality: 0.15556


✗ Singular matrix at epoch 4 - stopping training
[2026-04-16 22:29:25,402][__main__][INFO] - Results saved to: /zhome/6b/e/212868/GTN/outputs/ntn/hearth/MMPO2_rg5_init0.1/L3_bd8_seed10090/results.json
[2026-04-16 22:29:25,402][__main__][WARNING] - ✗ Training failed (singular matrix)
[2026-04-16 22:29:25,406][HYDRA] 	#7 : model.L=3 model.bond_dim=8 seed=32874 trainer.ridge=5 trainer.ridge_decay=0.25 trainer.ridge_min=0.0001 +experiment=uci_ntn_sweep model=mmpo2 dataset=hearth
[2026-04-16 22:29:25,624][__main__][INFO] - Configuration:
model:
  name: MMPO2
  L: 3
  bond_dim: 8
  output_site: null
  init_strength: 0.1
dataset:
  name: hearth
  task: classification
  cap: 50
  size: small
  batch_size: 256
slurm:
  partition: titans
  time: '12:00:00'
  mem: 2gb
  gpu_arch: Ampere
  cpus: 1
  gpu: 1
hpc:
  queue: gpuv100
  time: '12:00'
  mem: 500MB
  cpus: 4
  gpu: 1
trainer:
  type: ntn
  n_epochs: 20
  ridge: 5
  ridge_decay: 0.25
  ridge_min: 0.0001
  adaptive_ridge: false
  patience: 10
  min_delta: 0.001
  train_selection: true
seed: 32874
experiment_name: ${model.name}_${dataset.name}_${trainer.type}_rg${trainer.ridge}_init${model.init_strength}
skip_completed: true
update_tracking: false

[2026-04-16 22:29:25,628][__main__][INFO] - Output directory: /zhome/6b/e/212868/GTN/outputs/ntn/hearth/MMPO2_rg5_init0.1/L3_bd8_seed32874
[2026-04-16 22:29:25,629][__main__][INFO] - Loading dataset: hearth
[2026-04-16 22:29:26,812][__main__][INFO] -   Samples: train=212, val=45, test=46
[2026-04-16 22:29:26,812][__main__][INFO] -   Features: 12 (including bias), Task: classification
[2026-04-16 22:29:26,812][__main__][INFO] -   Device: cuda
[2026-04-16 22:29:26,813][__main__][INFO] - Creating model: MMPO2
Starting Fit: 20 epochs.
Sweep Order: ['0_MPS', '1_MPS', '2_MPS', '1_MPS']
Validation: Using separate validation set for best model selection
Early stopping: patience=10, min_delta=0.001
Init    | Train: loss: 19.39012 | quality: 0.12264
        | Val:   loss: 25.41788 | quality: 0.11111
Epoch 1 | Train: loss: 102.09479 | quality: 0.12736
        | Val:   loss: 85.61358 | quality: 0.04444

Epoch 2 | Train: loss: 4825910970774492001133745832717517323679878045021739789181913209791540853301881874746927914299638919259065080748861223864312850700126914609152.00000 | quality: 0.12264
        | Val:   loss: 2729132002890417579953842240809028026705944027600855272485285238844828776171920498570358792555616552337262335995909398702340292385071400222720.00000 | quality: 0.08889


✗ Singular matrix at epoch 3 - stopping training
[2026-04-16 22:29:26,917][__main__][INFO] - Results saved to: /zhome/6b/e/212868/GTN/outputs/ntn/hearth/MMPO2_rg5_init0.1/L3_bd8_seed32874/results.json
[2026-04-16 22:29:26,917][__main__][WARNING] - ✗ Training failed (singular matrix)
[2026-04-16 22:29:26,919][HYDRA] 	#8 : model.L=3 model.bond_dim=8 seed=47311 trainer.ridge=5 trainer.ridge_decay=0.25 trainer.ridge_min=0.0001 +experiment=uci_ntn_sweep model=mmpo2 dataset=hearth
[2026-04-16 22:29:27,308][__main__][INFO] - Configuration:
model:
  name: MMPO2
  L: 3
  bond_dim: 8
  output_site: null
  init_strength: 0.1
dataset:
  name: hearth
  task: classification
  cap: 50
  size: small
  batch_size: 256
slurm:
  partition: titans
  time: '12:00:00'
  mem: 2gb
  gpu_arch: Ampere
  cpus: 1
  gpu: 1
hpc:
  queue: gpuv100
  time: '12:00'
  mem: 500MB
  cpus: 4
  gpu: 1
trainer:
  type: ntn
  n_epochs: 20
  ridge: 5
  ridge_decay: 0.25
  ridge_min: 0.0001
  adaptive_ridge: false
  patience: 10
  min_delta: 0.001
  train_selection: true
seed: 47311
experiment_name: ${model.name}_${dataset.name}_${trainer.type}_rg${trainer.ridge}_init${model.init_strength}
skip_completed: true
update_tracking: false

[2026-04-16 22:29:27,312][__main__][INFO] - Output directory: /zhome/6b/e/212868/GTN/outputs/ntn/hearth/MMPO2_rg5_init0.1/L3_bd8_seed47311
[2026-04-16 22:29:27,313][__main__][INFO] - Loading dataset: hearth
[2026-04-16 22:29:28,574][__main__][INFO] -   Samples: train=212, val=45, test=46
[2026-04-16 22:29:28,575][__main__][INFO] -   Features: 12 (including bias), Task: classification
[2026-04-16 22:29:28,575][__main__][INFO] -   Device: cuda
[2026-04-16 22:29:28,575][__main__][INFO] - Creating model: MMPO2
Starting Fit: 20 epochs.
Sweep Order: ['0_MPS', '1_MPS', '2_MPS', '1_MPS']
Validation: Using separate validation set for best model selection
Early stopping: patience=10, min_delta=0.001
Init    | Train: loss: 22.65198 | quality: 0.18396
        | Val:   loss: 25.51882 | quality: 0.15556
Epoch 1 | Train: loss: 837.21082 | quality: 0.09906
        | Val:   loss: 709.67111 | quality: 0.11111

Epoch 2 | Train: loss: 2065713594989854163083085071860575724768866598912.00000 | quality: 0.12264
        | Val:   loss: 1819602910228097263456163753577566066602344972288.00000 | quality: 0.15556

Epoch 3 | Train: loss: nan | quality: 0.54717
        | Val:   loss: nan | quality: 0.51111
 *

✗ Singular matrix at epoch 4 - stopping training
[2026-04-16 22:29:28,695][__main__][INFO] - Results saved to: /zhome/6b/e/212868/GTN/outputs/ntn/hearth/MMPO2_rg5_init0.1/L3_bd8_seed47311/results.json
[2026-04-16 22:29:28,695][__main__][WARNING] - ✗ Training failed (singular matrix)
[2026-04-16 22:29:28,697][HYDRA] 	#9 : model.L=3 model.bond_dim=8 seed=47303 trainer.ridge=5 trainer.ridge_decay=0.25 trainer.ridge_min=0.0001 +experiment=uci_ntn_sweep model=mmpo2 dataset=hearth
[2026-04-16 22:29:28,849][__main__][INFO] - Configuration:
model:
  name: MMPO2
  L: 3
  bond_dim: 8
  output_site: null
  init_strength: 0.1
dataset:
  name: hearth
  task: classification
  cap: 50
  size: small
  batch_size: 256
slurm:
  partition: titans
  time: '12:00:00'
  mem: 2gb
  gpu_arch: Ampere
  cpus: 1
  gpu: 1
hpc:
  queue: gpuv100
  time: '12:00'
  mem: 500MB
  cpus: 4
  gpu: 1
trainer:
  type: ntn
  n_epochs: 20
  ridge: 5
  ridge_decay: 0.25
  ridge_min: 0.0001
  adaptive_ridge: false
  patience: 10
  min_delta: 0.001
  train_selection: true
seed: 47303
experiment_name: ${model.name}_${dataset.name}_${trainer.type}_rg${trainer.ridge}_init${model.init_strength}
skip_completed: true
update_tracking: false

[2026-04-16 22:29:28,852][__main__][INFO] - Output directory: /zhome/6b/e/212868/GTN/outputs/ntn/hearth/MMPO2_rg5_init0.1/L3_bd8_seed47303
[2026-04-16 22:29:28,853][__main__][INFO] - Loading dataset: hearth
[2026-04-16 22:29:29,933][__main__][INFO] -   Samples: train=212, val=45, test=46
[2026-04-16 22:29:29,933][__main__][INFO] -   Features: 12 (including bias), Task: classification
[2026-04-16 22:29:29,933][__main__][INFO] -   Device: cuda
[2026-04-16 22:29:29,933][__main__][INFO] - Creating model: MMPO2
Starting Fit: 20 epochs.
Sweep Order: ['0_MPS', '1_MPS', '2_MPS', '1_MPS']
Validation: Using separate validation set for best model selection
Early stopping: patience=10, min_delta=0.001
Init    | Train: loss: 20.37538 | quality: 0.21226
        | Val:   loss: 34.80068 | quality: 0.31111
Epoch 1 | Train: loss: 100.34581 | quality: 0.10377
        | Val:   loss: 37.62611 | quality: 0.04444

Epoch 2 | Train: loss: 429622566334657057924317184.00000 | quality: 0.06132
        | Val:   loss: 196118896327700722952962048.00000 | quality: 0.04444

Epoch 3 | Train: loss: 191049181008954361782419861934662862829563365576324984018016195576199978121148360954039870659091072087850248692754689853739856728765660147383835071812787309234838007675556720800065126400.00000 | quality: 0.06604
        | Val:   loss: 101423041133717293040876748892799723890589068279278013132320588120890825831991065561624272986644831607598435188303280922709026818466536111846117775074973766825819950326939253828571103232.00000 | quality: 0.06667


✗ Singular matrix at epoch 4 - stopping training
[2026-04-16 22:29:30,134][__main__][INFO] - Results saved to: /zhome/6b/e/212868/GTN/outputs/ntn/hearth/MMPO2_rg5_init0.1/L3_bd8_seed47303/results.json
[2026-04-16 22:29:30,134][__main__][WARNING] - ✗ Training failed (singular matrix)
[2026-04-16 22:29:30,144][HYDRA] 	#10 : model.L=3 model.bond_dim=12 seed=42 trainer.ridge=5 trainer.ridge_decay=0.25 trainer.ridge_min=0.0001 +experiment=uci_ntn_sweep model=mmpo2 dataset=hearth
[2026-04-16 22:29:30,328][__main__][INFO] - Configuration:
model:
  name: MMPO2
  L: 3
  bond_dim: 12
  output_site: null
  init_strength: 0.1
dataset:
  name: hearth
  task: classification
  cap: 50
  size: small
  batch_size: 256
slurm:
  partition: titans
  time: '12:00:00'
  mem: 2gb
  gpu_arch: Ampere
  cpus: 1
  gpu: 1
hpc:
  queue: gpuv100
  time: '12:00'
  mem: 500MB
  cpus: 4
  gpu: 1
trainer:
  type: ntn
  n_epochs: 20
  ridge: 5
  ridge_decay: 0.25
  ridge_min: 0.0001
  adaptive_ridge: false
  patience: 10
  min_delta: 0.001
  train_selection: true
seed: 42
experiment_name: ${model.name}_${dataset.name}_${trainer.type}_rg${trainer.ridge}_init${model.init_strength}
skip_completed: true
update_tracking: false

[2026-04-16 22:29:30,331][__main__][INFO] - Output directory: /zhome/6b/e/212868/GTN/outputs/ntn/hearth/MMPO2_rg5_init0.1/L3_bd12_seed42
[2026-04-16 22:29:30,331][__main__][INFO] - Loading dataset: hearth
[2026-04-16 22:29:31,386][__main__][INFO] -   Samples: train=212, val=45, test=46
[2026-04-16 22:29:31,387][__main__][INFO] -   Features: 12 (including bias), Task: classification
[2026-04-16 22:29:31,387][__main__][INFO] -   Device: cuda
[2026-04-16 22:29:31,387][__main__][INFO] - Creating model: MMPO2

------------------------------------------------------------
Sender: LSF System <lsfadmin@hpc.dtu.dk>
Subject: Job 28222763: <ntn-mmpo2-hearth> in cluster <dcc> Exited

Job <ntn-mmpo2-hearth> was submitted from host <hpclogin1> by user <nicci> in cluster <dcc> at Thu Apr 16 09:38:01 2026
Job was executed on host(s) <4*n-62-11-14>, in queue <gpuv100>, as user <nicci> in cluster <dcc> at Thu Apr 16 22:29:03 2026
</zhome/6b/e/212868> was used as the home directory.
</zhome/6b/e/212868/GTN/submit_ntn> was used as the working directory.
Started at Thu Apr 16 22:29:03 2026
Terminated at Fri Apr 17 10:30:38 2026
Results reported at Fri Apr 17 10:30:38 2026

Your job looked like:

------------------------------------------------------------
# LSBATCH: User input
#!/bin/sh
#BSUB -q gpuv100
#BSUB -J ntn-mmpo2-hearth
#BSUB -W 12:00
#BSUB -n 4
#BSUB -gpu "num=1:mode=exclusive_process"
#BSUB -R "rusage[mem=500MB]"
#BSUB -R "span[hosts=1]"
#BSUB -o logs/ntn-mmpo2-hearth_%J.out
#BSUB -e logs/ntn-mmpo2-hearth_%J.err
#BSUB -u nicci@dtu.dk

export HOME=/zhome/6b/e/212868
cd $HOME/GTN
source .venv/bin/activate

set -a && source $HOME/aim && set +a

python run.py --multirun +experiment=uci_ntn_sweep model=mmpo2 dataset=hearth

------------------------------------------------------------

TERM_RUNLIMIT: job killed after reaching LSF run time limit.
Exited with exit code 140.

Resource usage summary:

    CPU time :                                   43407.00 sec.
    Max Memory :                                 873 MB
    Average Memory :                             871.88 MB
    Total Requested Memory :                     2000.00 MB
    Delta Memory :                               1127.00 MB
    Max Swap :                                   -
    Max Processes :                              4
    Max Threads :                                10
    Run time :                                   43295 sec.
    Turnaround time :                            89557 sec.

The output (if any) is above this job summary.



PS:

Read file <logs/ntn-mmpo2-hearth_28222763.err> for stderr output of this job.

