[2026-04-16 21:56:11,180][HYDRA] Launching 30 jobs locally
[2026-04-16 21:56:11,181][HYDRA] 	#0 : model.L=3 model.bond_dim=4 seed=42 trainer.ridge=5 trainer.ridge_decay=0.25 trainer.ridge_min=0.0001 +experiment=uci_ntn_sweep model=mpo2 dataset=hearth
[2026-04-16 21:56:11,301][__main__][INFO] - Configuration:
model:
  name: MPO2
  L: 3
  bond_dim: 4
  output_site: null
  init_strength: 0.1
dataset:
  name: hearth
  task: classification
  cap: 50
  size: small
  batch_size: 256
slurm:
  partition: titans
  time: '12:00:00'
  mem: 2gb
  gpu_arch: Ampere
  cpus: 1
  gpu: 1
hpc:
  queue: gpuv100
  time: '12:00'
  mem: 500MB
  cpus: 4
  gpu: 1
trainer:
  type: ntn
  n_epochs: 20
  ridge: 5
  ridge_decay: 0.25
  ridge_min: 0.0001
  adaptive_ridge: false
  patience: 10
  min_delta: 0.001
  train_selection: true
seed: 42
experiment_name: ${model.name}_${dataset.name}_${trainer.type}_rg${trainer.ridge}_init${model.init_strength}
skip_completed: true
update_tracking: false

[2026-04-16 21:56:11,309][__main__][INFO] - Output directory: /zhome/6b/e/212868/GTN/outputs/ntn/hearth/MPO2_rg5_init0.1/L3_bd4_seed42
[2026-04-16 21:56:11,349][utils.tracking][INFO] - Loaded 9266 tracked runs from runs_tracking.csv
[2026-04-16 21:56:11,350][__main__][INFO] - Loading dataset: hearth
[2026-04-16 21:56:14,143][__main__][INFO] -   Samples: train=212, val=45, test=46
[2026-04-16 21:56:14,143][__main__][INFO] -   Features: 12 (including bias), Task: classification
[2026-04-16 21:56:14,143][__main__][INFO] -   Device: cuda
[2026-04-16 21:56:14,144][__main__][INFO] - Creating model: MPO2
Starting Fit: 20 epochs.
Sweep Order: ['Node0', 'Node1', 'Node2', 'Node1']
Validation: Using separate validation set for best model selection
Early stopping: patience=10, min_delta=0.001
Init    | Train: loss: 25.27911 | quality: 0.29245
        | Val:   loss: 35.39260 | quality: 0.20000
Epoch 1 | Train: loss: 114.49806 | quality: 0.16509
        | Val:   loss: 29.11866 | quality: 0.20000

Epoch 2 | Train: loss: 182892854636713521806867169280.00000 | quality: 0.15094
        | Val:   loss: 63667462101289085691471331328.00000 | quality: 0.24444
 *
Epoch 3 | Train: loss: 768251094766980612407846123057596202102146033329170452334157052696129658938697061512377403247832288677477107980401495388400226011591467995536493635501795979372742551268628180022769866952504818794496.00000 | quality: 0.13679
        | Val:   loss: 359465678723794631563992891709530683490674022105158694972224944241371252551595059350043851313873969081219450194788707770257670515720280059566286156142148699347741953994553879358654754971144771600384.00000 | quality: 0.13333


✗ Singular matrix at epoch 4 - stopping training
[2026-04-16 21:56:14,477][__main__][INFO] - Results saved to: /zhome/6b/e/212868/GTN/outputs/ntn/hearth/MPO2_rg5_init0.1/L3_bd4_seed42/results.json
[2026-04-16 21:56:14,477][__main__][WARNING] - ✗ Training failed (singular matrix)
[2026-04-16 21:56:14,479][HYDRA] 	#1 : model.L=3 model.bond_dim=4 seed=10090 trainer.ridge=5 trainer.ridge_decay=0.25 trainer.ridge_min=0.0001 +experiment=uci_ntn_sweep model=mpo2 dataset=hearth
[2026-04-16 21:56:15,362][__main__][INFO] - Configuration:
model:
  name: MPO2
  L: 3
  bond_dim: 4
  output_site: null
  init_strength: 0.1
dataset:
  name: hearth
  task: classification
  cap: 50
  size: small
  batch_size: 256
slurm:
  partition: titans
  time: '12:00:00'
  mem: 2gb
  gpu_arch: Ampere
  cpus: 1
  gpu: 1
hpc:
  queue: gpuv100
  time: '12:00'
  mem: 500MB
  cpus: 4
  gpu: 1
trainer:
  type: ntn
  n_epochs: 20
  ridge: 5
  ridge_decay: 0.25
  ridge_min: 0.0001
  adaptive_ridge: false
  patience: 10
  min_delta: 0.001
  train_selection: true
seed: 10090
experiment_name: ${model.name}_${dataset.name}_${trainer.type}_rg${trainer.ridge}_init${model.init_strength}
skip_completed: true
update_tracking: false

[2026-04-16 21:56:15,367][__main__][INFO] - Output directory: /zhome/6b/e/212868/GTN/outputs/ntn/hearth/MPO2_rg5_init0.1/L3_bd4_seed10090
[2026-04-16 21:56:15,367][__main__][INFO] - Loading dataset: hearth
[2026-04-16 21:56:16,580][__main__][INFO] -   Samples: train=212, val=45, test=46
[2026-04-16 21:56:16,580][__main__][INFO] -   Features: 12 (including bias), Task: classification
[2026-04-16 21:56:16,580][__main__][INFO] -   Device: cuda
[2026-04-16 21:56:16,580][__main__][INFO] - Creating model: MPO2
Starting Fit: 20 epochs.
Sweep Order: ['Node0', 'Node1', 'Node2', 'Node1']
Validation: Using separate validation set for best model selection
Early stopping: patience=10, min_delta=0.001
Init    | Train: loss: 34.16501 | quality: 0.16038
        | Val:   loss: 33.19561 | quality: 0.24444
Epoch 1 | Train: loss: 1.20736 | quality: 0.60377
        | Val:   loss: 1.32521 | quality: 0.40000
 *
Epoch 2 | Train: loss: 0.87259 | quality: 0.67453
        | Val:   loss: 1.19521 | quality: 0.44444
 *
Epoch 3 | Train: loss: 0.56726 | quality: 0.83491
        | Val:   loss: 1.39160 | quality: 0.48889
 *
Epoch 4 | Train: loss: 0.22843 | quality: 0.94340
        | Val:   loss: 2.32833 | quality: 0.46667

Epoch 5 | Train: loss: 0.04457 | quality: 1.00000
        | Val:   loss: 4.71465 | quality: 0.44444

Epoch 6 | Train: loss: 0.00273 | quality: 1.00000
        | Val:   loss: 9.01922 | quality: 0.42222

Epoch 7 | Train: loss: 0.00008 | quality: 1.00000
        | Val:   loss: 14.66582 | quality: 0.40000

Epoch 8 | Train: loss: 0.00000 | quality: 1.00000
        | Val:   loss: 21.00830 | quality: 0.40000

Epoch 9 | Train: loss: 0.00000 | quality: 1.00000
        | Val:   loss: 27.55874 | quality: 0.40000

Epoch 10 | Train: loss: 0.00000 | quality: 1.00000
        | Val:   loss: 34.00558 | quality: 0.40000

Epoch 11 | Train: loss: 0.00000 | quality: 1.00000
        | Val:   loss: 40.41597 | quality: 0.40000

Epoch 12 | Train: loss: 0.00000 | quality: 1.00000
        | Val:   loss: 46.75544 | quality: 0.40000

Epoch 13 | Train: loss: 0.00000 | quality: 1.00000
        | Val:   loss: 51.39447 | quality: 0.37778


⏸ Early stopping at epoch 13 (best was epoch 3)
[2026-04-16 21:56:16,814][__main__][INFO] - Results saved to: /zhome/6b/e/212868/GTN/outputs/ntn/hearth/MPO2_rg5_init0.1/L3_bd4_seed10090/results.json
[2026-04-16 21:56:16,815][__main__][INFO] - ✓ Train Accuracy: 0.8349
[2026-04-16 21:56:16,815][__main__][INFO] - ✓ Val Accuracy: 0.4889
[2026-04-16 21:56:16,817][HYDRA] 	#2 : model.L=3 model.bond_dim=4 seed=32874 trainer.ridge=5 trainer.ridge_decay=0.25 trainer.ridge_min=0.0001 +experiment=uci_ntn_sweep model=mpo2 dataset=hearth
[2026-04-16 21:56:16,950][__main__][INFO] - Configuration:
model:
  name: MPO2
  L: 3
  bond_dim: 4
  output_site: null
  init_strength: 0.1
dataset:
  name: hearth
  task: classification
  cap: 50
  size: small
  batch_size: 256
slurm:
  partition: titans
  time: '12:00:00'
  mem: 2gb
  gpu_arch: Ampere
  cpus: 1
  gpu: 1
hpc:
  queue: gpuv100
  time: '12:00'
  mem: 500MB
  cpus: 4
  gpu: 1
trainer:
  type: ntn
  n_epochs: 20
  ridge: 5
  ridge_decay: 0.25
  ridge_min: 0.0001
  adaptive_ridge: false
  patience: 10
  min_delta: 0.001
  train_selection: true
seed: 32874
experiment_name: ${model.name}_${dataset.name}_${trainer.type}_rg${trainer.ridge}_init${model.init_strength}
skip_completed: true
update_tracking: false

[2026-04-16 21:56:16,954][__main__][INFO] - Output directory: /zhome/6b/e/212868/GTN/outputs/ntn/hearth/MPO2_rg5_init0.1/L3_bd4_seed32874
[2026-04-16 21:56:16,954][__main__][INFO] - Loading dataset: hearth
[2026-04-16 21:56:18,304][__main__][INFO] -   Samples: train=212, val=45, test=46
[2026-04-16 21:56:18,306][__main__][INFO] -   Features: 12 (including bias), Task: classification
[2026-04-16 21:56:18,306][__main__][INFO] -   Device: cuda
[2026-04-16 21:56:18,306][__main__][INFO] - Creating model: MPO2
Starting Fit: 20 epochs.
Sweep Order: ['Node0', 'Node1', 'Node2', 'Node1']
Validation: Using separate validation set for best model selection
Early stopping: patience=10, min_delta=0.001
Init    | Train: loss: 29.11512 | quality: 0.21226
        | Val:   loss: 23.70202 | quality: 0.22222
Epoch 1 | Train: loss: 55.86895 | quality: 0.17925
        | Val:   loss: 31.98236 | quality: 0.17778

Epoch 2 | Train: loss: 89587928301170524160.00000 | quality: 0.13679
        | Val:   loss: 51726604498188165120.00000 | quality: 0.15556

Epoch 3 | Train: loss: 4695777694243180511683511091233252655257611133551025793892355071906203601587993246265994457076515127418818929557258011306435590334971904.00000 | quality: 0.11321
        | Val:   loss: 3160816703897406349940406936354386988824062991803124561923876670118485487675226419719090802562779334719631863174783393247358577601937408.00000 | quality: 0.17778


✗ Singular matrix at epoch 4 - stopping training
[2026-04-16 21:56:18,381][__main__][INFO] - Results saved to: /zhome/6b/e/212868/GTN/outputs/ntn/hearth/MPO2_rg5_init0.1/L3_bd4_seed32874/results.json
[2026-04-16 21:56:18,381][__main__][WARNING] - ✗ Training failed (singular matrix)
[2026-04-16 21:56:18,383][HYDRA] 	#3 : model.L=3 model.bond_dim=4 seed=47311 trainer.ridge=5 trainer.ridge_decay=0.25 trainer.ridge_min=0.0001 +experiment=uci_ntn_sweep model=mpo2 dataset=hearth
[2026-04-16 21:56:18,528][__main__][INFO] - Configuration:
model:
  name: MPO2
  L: 3
  bond_dim: 4
  output_site: null
  init_strength: 0.1
dataset:
  name: hearth
  task: classification
  cap: 50
  size: small
  batch_size: 256
slurm:
  partition: titans
  time: '12:00:00'
  mem: 2gb
  gpu_arch: Ampere
  cpus: 1
  gpu: 1
hpc:
  queue: gpuv100
  time: '12:00'
  mem: 500MB
  cpus: 4
  gpu: 1
trainer:
  type: ntn
  n_epochs: 20
  ridge: 5
  ridge_decay: 0.25
  ridge_min: 0.0001
  adaptive_ridge: false
  patience: 10
  min_delta: 0.001
  train_selection: true
seed: 47311
experiment_name: ${model.name}_${dataset.name}_${trainer.type}_rg${trainer.ridge}_init${model.init_strength}
skip_completed: true
update_tracking: false

[2026-04-16 21:56:18,533][__main__][INFO] - Output directory: /zhome/6b/e/212868/GTN/outputs/ntn/hearth/MPO2_rg5_init0.1/L3_bd4_seed47311
[2026-04-16 21:56:18,533][__main__][INFO] - Loading dataset: hearth
[2026-04-16 21:56:19,750][__main__][INFO] -   Samples: train=212, val=45, test=46
[2026-04-16 21:56:19,750][__main__][INFO] -   Features: 12 (including bias), Task: classification
[2026-04-16 21:56:19,750][__main__][INFO] -   Device: cuda
[2026-04-16 21:56:19,750][__main__][INFO] - Creating model: MPO2
Starting Fit: 20 epochs.
Sweep Order: ['Node0', 'Node1', 'Node2', 'Node1']
Validation: Using separate validation set for best model selection
Early stopping: patience=10, min_delta=0.001
Init    | Train: loss: 27.93166 | quality: 0.14623
        | Val:   loss: 45.85913 | quality: 0.20000
Epoch 1 | Train: loss: 1.40684 | quality: 0.50943
        | Val:   loss: 1.29628 | quality: 0.46667
 *
Epoch 2 | Train: loss: 1.75569 | quality: 0.59906
        | Val:   loss: 1.32585 | quality: 0.48889
 *
Epoch 3 | Train: loss: 20255.42766 | quality: 0.25943
        | Val:   loss: 7573.99823 | quality: 0.31111

Epoch 4 | Train: loss: 44541422110267007620620937592832.00000 | quality: 0.22642
        | Val:   loss: 24193420562536721360689949573120.00000 | quality: 0.22222

Epoch 5 | Train: loss: 8157910459677220162321892450277584170249914151564735170857738633893108934768045918479072909289890100247434893573433371894159512835216896109727607982645592428408522593061966483188033544872897996434530448590241792.00000 | quality: 0.19340
        | Val:   loss: 5064534798464647133303017951648006723263170952155249338568282642011461223226920620571263613382916899590956145410014459180694120716918231436223109934857160416283042289836969014695764342047765354266738964396244992.00000 | quality: 0.20000


✗ Singular matrix at epoch 6 - stopping training
[2026-04-16 21:56:19,855][__main__][INFO] - Results saved to: /zhome/6b/e/212868/GTN/outputs/ntn/hearth/MPO2_rg5_init0.1/L3_bd4_seed47311/results.json
[2026-04-16 21:56:19,855][__main__][WARNING] - ✗ Training failed (singular matrix)
[2026-04-16 21:56:19,857][HYDRA] 	#4 : model.L=3 model.bond_dim=4 seed=47303 trainer.ridge=5 trainer.ridge_decay=0.25 trainer.ridge_min=0.0001 +experiment=uci_ntn_sweep model=mpo2 dataset=hearth
[2026-04-16 21:56:19,988][__main__][INFO] - Configuration:
model:
  name: MPO2
  L: 3
  bond_dim: 4
  output_site: null
  init_strength: 0.1
dataset:
  name: hearth
  task: classification
  cap: 50
  size: small
  batch_size: 256
slurm:
  partition: titans
  time: '12:00:00'
  mem: 2gb
  gpu_arch: Ampere
  cpus: 1
  gpu: 1
hpc:
  queue: gpuv100
  time: '12:00'
  mem: 500MB
  cpus: 4
  gpu: 1
trainer:
  type: ntn
  n_epochs: 20
  ridge: 5
  ridge_decay: 0.25
  ridge_min: 0.0001
  adaptive_ridge: false
  patience: 10
  min_delta: 0.001
  train_selection: true
seed: 47303
experiment_name: ${model.name}_${dataset.name}_${trainer.type}_rg${trainer.ridge}_init${model.init_strength}
skip_completed: true
update_tracking: false

[2026-04-16 21:56:19,992][__main__][INFO] - Output directory: /zhome/6b/e/212868/GTN/outputs/ntn/hearth/MPO2_rg5_init0.1/L3_bd4_seed47303
[2026-04-16 21:56:19,993][__main__][INFO] - Loading dataset: hearth
[2026-04-16 21:56:21,482][__main__][INFO] -   Samples: train=212, val=45, test=46
[2026-04-16 21:56:21,482][__main__][INFO] -   Features: 12 (including bias), Task: classification
[2026-04-16 21:56:21,482][__main__][INFO] -   Device: cuda
[2026-04-16 21:56:21,482][__main__][INFO] - Creating model: MPO2
Starting Fit: 20 epochs.
Sweep Order: ['Node0', 'Node1', 'Node2', 'Node1']
Validation: Using separate validation set for best model selection
Early stopping: patience=10, min_delta=0.001
Init    | Train: loss: 40.76367 | quality: 0.18396
        | Val:   loss: 33.86534 | quality: 0.24444
Epoch 1 | Train: loss: 853.83315 | quality: 0.14151
        | Val:   loss: 671.43214 | quality: 0.08889

Epoch 2 | Train: loss: 964371391488742129664.00000 | quality: 0.15094
        | Val:   loss: 578284537718211543040.00000 | quality: 0.15556

Epoch 3 | Train: loss: 37049201422419545128484512561556220726313145729215729762133167210203553951493440754576554420299102652186936309343329805216287555584.00000 | quality: 0.19340
        | Val:   loss: 24534908473884866730741772561781316206424942705375682189528327782908538471218212570005856432230214956614065370818724659569753063424.00000 | quality: 0.22222


✗ Singular matrix at epoch 4 - stopping training
[2026-04-16 21:56:21,558][__main__][INFO] - Results saved to: /zhome/6b/e/212868/GTN/outputs/ntn/hearth/MPO2_rg5_init0.1/L3_bd4_seed47303/results.json
[2026-04-16 21:56:21,558][__main__][WARNING] - ✗ Training failed (singular matrix)
[2026-04-16 21:56:21,560][HYDRA] 	#5 : model.L=3 model.bond_dim=8 seed=42 trainer.ridge=5 trainer.ridge_decay=0.25 trainer.ridge_min=0.0001 +experiment=uci_ntn_sweep model=mpo2 dataset=hearth
[2026-04-16 21:56:21,723][__main__][INFO] - Configuration:
model:
  name: MPO2
  L: 3
  bond_dim: 8
  output_site: null
  init_strength: 0.1
dataset:
  name: hearth
  task: classification
  cap: 50
  size: small
  batch_size: 256
slurm:
  partition: titans
  time: '12:00:00'
  mem: 2gb
  gpu_arch: Ampere
  cpus: 1
  gpu: 1
hpc:
  queue: gpuv100
  time: '12:00'
  mem: 500MB
  cpus: 4
  gpu: 1
trainer:
  type: ntn
  n_epochs: 20
  ridge: 5
  ridge_decay: 0.25
  ridge_min: 0.0001
  adaptive_ridge: false
  patience: 10
  min_delta: 0.001
  train_selection: true
seed: 42
experiment_name: ${model.name}_${dataset.name}_${trainer.type}_rg${trainer.ridge}_init${model.init_strength}
skip_completed: true
update_tracking: false

[2026-04-16 21:56:21,727][__main__][INFO] - Output directory: /zhome/6b/e/212868/GTN/outputs/ntn/hearth/MPO2_rg5_init0.1/L3_bd8_seed42
[2026-04-16 21:56:21,727][__main__][INFO] - Loading dataset: hearth
[2026-04-16 21:56:23,017][__main__][INFO] -   Samples: train=212, val=45, test=46
[2026-04-16 21:56:23,017][__main__][INFO] -   Features: 12 (including bias), Task: classification
[2026-04-16 21:56:23,017][__main__][INFO] -   Device: cuda
[2026-04-16 21:56:23,018][__main__][INFO] - Creating model: MPO2
Starting Fit: 20 epochs.
Sweep Order: ['Node0', 'Node1', 'Node2', 'Node1']
Validation: Using separate validation set for best model selection
Early stopping: patience=10, min_delta=0.001
Init    | Train: loss: 31.84354 | quality: 0.19340
        | Val:   loss: 28.15394 | quality: 0.17778
Epoch 1 | Train: loss: 78.57910 | quality: 0.10849
        | Val:   loss: 123.12011 | quality: 0.17778

Epoch 2 | Train: loss: nan | quality: 0.54717
        | Val:   loss: nan | quality: 0.15556


✗ Singular matrix at epoch 3 - stopping training
[2026-04-16 21:56:23,083][__main__][INFO] - Results saved to: /zhome/6b/e/212868/GTN/outputs/ntn/hearth/MPO2_rg5_init0.1/L3_bd8_seed42/results.json
[2026-04-16 21:56:23,083][__main__][WARNING] - ✗ Training failed (singular matrix)
[2026-04-16 21:56:23,085][HYDRA] 	#6 : model.L=3 model.bond_dim=8 seed=10090 trainer.ridge=5 trainer.ridge_decay=0.25 trainer.ridge_min=0.0001 +experiment=uci_ntn_sweep model=mpo2 dataset=hearth
[2026-04-16 21:56:23,249][__main__][INFO] - Configuration:
model:
  name: MPO2
  L: 3
  bond_dim: 8
  output_site: null
  init_strength: 0.1
dataset:
  name: hearth
  task: classification
  cap: 50
  size: small
  batch_size: 256
slurm:
  partition: titans
  time: '12:00:00'
  mem: 2gb
  gpu_arch: Ampere
  cpus: 1
  gpu: 1
hpc:
  queue: gpuv100
  time: '12:00'
  mem: 500MB
  cpus: 4
  gpu: 1
trainer:
  type: ntn
  n_epochs: 20
  ridge: 5
  ridge_decay: 0.25
  ridge_min: 0.0001
  adaptive_ridge: false
  patience: 10
  min_delta: 0.001
  train_selection: true
seed: 10090
experiment_name: ${model.name}_${dataset.name}_${trainer.type}_rg${trainer.ridge}_init${model.init_strength}
skip_completed: true
update_tracking: false

[2026-04-16 21:56:23,253][__main__][INFO] - Output directory: /zhome/6b/e/212868/GTN/outputs/ntn/hearth/MPO2_rg5_init0.1/L3_bd8_seed10090
[2026-04-16 21:56:23,254][__main__][INFO] - Loading dataset: hearth
[2026-04-16 21:56:24,547][__main__][INFO] -   Samples: train=212, val=45, test=46
[2026-04-16 21:56:24,548][__main__][INFO] -   Features: 12 (including bias), Task: classification
[2026-04-16 21:56:24,548][__main__][INFO] -   Device: cuda
[2026-04-16 21:56:24,548][__main__][INFO] - Creating model: MPO2
Starting Fit: 20 epochs.
Sweep Order: ['Node0', 'Node1', 'Node2', 'Node1']
Validation: Using separate validation set for best model selection
Early stopping: patience=10, min_delta=0.001
Init    | Train: loss: 60.28424 | quality: 0.08019
        | Val:   loss: 74.57345 | quality: 0.11111
Epoch 1 | Train: loss: 4154.12583 | quality: 0.14151
        | Val:   loss: 3089.60749 | quality: 0.11111
 *
Epoch 2 | Train: loss: 2018532748831463640662016.00000 | quality: 0.16981
        | Val:   loss: 1431602910024701780688896.00000 | quality: 0.20000
 *
Epoch 3 | Train: loss: 8932267425500431641111516929886321237713349121541640372872674098635426756067358824911361536484121610170866158037183946693972900657856991390919074775040.00000 | quality: 0.20283
        | Val:   loss: 5974541056811522838019923770182602974637952605857021463019710879479455007425445143434158659410359322566584054201175788873273419373619617718133910929408.00000 | quality: 0.20000
 *

✗ Singular matrix at epoch 4 - stopping training
[2026-04-16 21:56:24,630][__main__][INFO] - Results saved to: /zhome/6b/e/212868/GTN/outputs/ntn/hearth/MPO2_rg5_init0.1/L3_bd8_seed10090/results.json
[2026-04-16 21:56:24,630][__main__][WARNING] - ✗ Training failed (singular matrix)
[2026-04-16 21:56:24,632][HYDRA] 	#7 : model.L=3 model.bond_dim=8 seed=32874 trainer.ridge=5 trainer.ridge_decay=0.25 trainer.ridge_min=0.0001 +experiment=uci_ntn_sweep model=mpo2 dataset=hearth
[2026-04-16 21:56:24,782][__main__][INFO] - Configuration:
model:
  name: MPO2
  L: 3
  bond_dim: 8
  output_site: null
  init_strength: 0.1
dataset:
  name: hearth
  task: classification
  cap: 50
  size: small
  batch_size: 256
slurm:
  partition: titans
  time: '12:00:00'
  mem: 2gb
  gpu_arch: Ampere
  cpus: 1
  gpu: 1
hpc:
  queue: gpuv100
  time: '12:00'
  mem: 500MB
  cpus: 4
  gpu: 1
trainer:
  type: ntn
  n_epochs: 20
  ridge: 5
  ridge_decay: 0.25
  ridge_min: 0.0001
  adaptive_ridge: false
  patience: 10
  min_delta: 0.001
  train_selection: true
seed: 32874
experiment_name: ${model.name}_${dataset.name}_${trainer.type}_rg${trainer.ridge}_init${model.init_strength}
skip_completed: true
update_tracking: false

[2026-04-16 21:56:24,786][__main__][INFO] - Output directory: /zhome/6b/e/212868/GTN/outputs/ntn/hearth/MPO2_rg5_init0.1/L3_bd8_seed32874
[2026-04-16 21:56:24,787][__main__][INFO] - Loading dataset: hearth
[2026-04-16 21:56:26,044][__main__][INFO] -   Samples: train=212, val=45, test=46
[2026-04-16 21:56:26,044][__main__][INFO] -   Features: 12 (including bias), Task: classification
[2026-04-16 21:56:26,044][__main__][INFO] -   Device: cuda
[2026-04-16 21:56:26,044][__main__][INFO] - Creating model: MPO2
Starting Fit: 20 epochs.
Sweep Order: ['Node0', 'Node1', 'Node2', 'Node1']
Validation: Using separate validation set for best model selection
Early stopping: patience=10, min_delta=0.001
Init    | Train: loss: 30.72053 | quality: 0.26415
        | Val:   loss: 36.75289 | quality: 0.20000
Epoch 1 | Train: loss: 202.90256 | quality: 0.16509
        | Val:   loss: 99.86811 | quality: 0.22222
 *
Epoch 2 | Train: loss: 39303738090897732462612185531371622907076810260446482588699013018364802441733504943329774489624102097577685842996049913452670118394859489436339759341888059065574314984101439548052601676268306432.00000 | quality: 0.10377
        | Val:   loss: 19903559585496350876959869152928409230457267080739733437794407647027747107943881951783290878084097922511472153251543348498384949657653579920261865850923224982732677720612226966623178534011535360.00000 | quality: 0.20000


✗ Singular matrix at epoch 3 - stopping training
[2026-04-16 21:56:26,124][__main__][INFO] - Results saved to: /zhome/6b/e/212868/GTN/outputs/ntn/hearth/MPO2_rg5_init0.1/L3_bd8_seed32874/results.json
[2026-04-16 21:56:26,124][__main__][WARNING] - ✗ Training failed (singular matrix)
[2026-04-16 21:56:26,126][HYDRA] 	#8 : model.L=3 model.bond_dim=8 seed=47311 trainer.ridge=5 trainer.ridge_decay=0.25 trainer.ridge_min=0.0001 +experiment=uci_ntn_sweep model=mpo2 dataset=hearth
[2026-04-16 21:56:26,269][__main__][INFO] - Configuration:
model:
  name: MPO2
  L: 3
  bond_dim: 8
  output_site: null
  init_strength: 0.1
dataset:
  name: hearth
  task: classification
  cap: 50
  size: small
  batch_size: 256
slurm:
  partition: titans
  time: '12:00:00'
  mem: 2gb
  gpu_arch: Ampere
  cpus: 1
  gpu: 1
hpc:
  queue: gpuv100
  time: '12:00'
  mem: 500MB
  cpus: 4
  gpu: 1
trainer:
  type: ntn
  n_epochs: 20
  ridge: 5
  ridge_decay: 0.25
  ridge_min: 0.0001
  adaptive_ridge: false
  patience: 10
  min_delta: 0.001
  train_selection: true
seed: 47311
experiment_name: ${model.name}_${dataset.name}_${trainer.type}_rg${trainer.ridge}_init${model.init_strength}
skip_completed: true
update_tracking: false

[2026-04-16 21:56:26,274][__main__][INFO] - Output directory: /zhome/6b/e/212868/GTN/outputs/ntn/hearth/MPO2_rg5_init0.1/L3_bd8_seed47311
[2026-04-16 21:56:26,275][__main__][INFO] - Loading dataset: hearth
[2026-04-16 21:56:27,444][__main__][INFO] -   Samples: train=212, val=45, test=46
[2026-04-16 21:56:27,445][__main__][INFO] -   Features: 12 (including bias), Task: classification
[2026-04-16 21:56:27,445][__main__][INFO] -   Device: cuda
[2026-04-16 21:56:27,445][__main__][INFO] - Creating model: MPO2
Starting Fit: 20 epochs.
Sweep Order: ['Node0', 'Node1', 'Node2', 'Node1']
Validation: Using separate validation set for best model selection
Early stopping: patience=10, min_delta=0.001
Init    | Train: loss: 36.28034 | quality: 0.20755
        | Val:   loss: 46.48463 | quality: 0.17778
Epoch 1 | Train: loss: 667.97930 | quality: 0.13208
        | Val:   loss: 315.46779 | quality: 0.17778

Epoch 2 | Train: loss: 134255408455120699392.00000 | quality: 0.10849
        | Val:   loss: 80772860863433031680.00000 | quality: 0.11111

Epoch 3 | Train: loss: 11376233267800110663148651535322609967371779957118631938753165126880399190766035541880601525437989303601021628791363338363547418624.00000 | quality: 0.16981
        | Val:   loss: 7785625964846480132907053115765768507628315194359262599850325123959859473155610449968388830013462216543219795343628004575552733184.00000 | quality: 0.17778


✗ Singular matrix at epoch 4 - stopping training
[2026-04-16 21:56:27,528][__main__][INFO] - Results saved to: /zhome/6b/e/212868/GTN/outputs/ntn/hearth/MPO2_rg5_init0.1/L3_bd8_seed47311/results.json
[2026-04-16 21:56:27,528][__main__][WARNING] - ✗ Training failed (singular matrix)
[2026-04-16 21:56:27,530][HYDRA] 	#9 : model.L=3 model.bond_dim=8 seed=47303 trainer.ridge=5 trainer.ridge_decay=0.25 trainer.ridge_min=0.0001 +experiment=uci_ntn_sweep model=mpo2 dataset=hearth
[2026-04-16 21:56:27,700][__main__][INFO] - Configuration:
model:
  name: MPO2
  L: 3
  bond_dim: 8
  output_site: null
  init_strength: 0.1
dataset:
  name: hearth
  task: classification
  cap: 50
  size: small
  batch_size: 256
slurm:
  partition: titans
  time: '12:00:00'
  mem: 2gb
  gpu_arch: Ampere
  cpus: 1
  gpu: 1
hpc:
  queue: gpuv100
  time: '12:00'
  mem: 500MB
  cpus: 4
  gpu: 1
trainer:
  type: ntn
  n_epochs: 20
  ridge: 5
  ridge_decay: 0.25
  ridge_min: 0.0001
  adaptive_ridge: false
  patience: 10
  min_delta: 0.001
  train_selection: true
seed: 47303
experiment_name: ${model.name}_${dataset.name}_${trainer.type}_rg${trainer.ridge}_init${model.init_strength}
skip_completed: true
update_tracking: false

[2026-04-16 21:56:27,705][__main__][INFO] - Output directory: /zhome/6b/e/212868/GTN/outputs/ntn/hearth/MPO2_rg5_init0.1/L3_bd8_seed47303
[2026-04-16 21:56:27,705][__main__][INFO] - Loading dataset: hearth
[2026-04-16 21:56:28,887][__main__][INFO] -   Samples: train=212, val=45, test=46
[2026-04-16 21:56:28,888][__main__][INFO] -   Features: 12 (including bias), Task: classification
[2026-04-16 21:56:28,888][__main__][INFO] -   Device: cuda
[2026-04-16 21:56:28,888][__main__][INFO] - Creating model: MPO2
Starting Fit: 20 epochs.
Sweep Order: ['Node0', 'Node1', 'Node2', 'Node1']
Validation: Using separate validation set for best model selection
Early stopping: patience=10, min_delta=0.001
Init    | Train: loss: 43.89589 | quality: 0.23585
        | Val:   loss: 54.29382 | quality: 0.22222
Epoch 1 | Train: loss: 41077.79472 | quality: 0.07547
        | Val:   loss: 25001.69286 | quality: 0.13333

Epoch 2 | Train: loss: 705846672989291143510354986274914304.00000 | quality: 0.14623
        | Val:   loss: 440056562990637384052358821156225024.00000 | quality: 0.15556

Epoch 3 | Train: loss: 185140873401781479690620896378462435868399715306395273342360288317101306104691699099387729293850611106216175785201740649671301423259480749231179875619948263039501951390293895853122027256518612143379998471729709056.00000 | quality: 0.14151
        | Val:   loss: 117748493773318590295876626944204460664348437231231065463197898118027208100059866702457656608436239705152446760538083382480658295681201982751894294529266385614484146966894761536734587270053710569189880906775527424.00000 | quality: 0.17778


✗ Singular matrix at epoch 4 - stopping training
[2026-04-16 21:56:28,971][__main__][INFO] - Results saved to: /zhome/6b/e/212868/GTN/outputs/ntn/hearth/MPO2_rg5_init0.1/L3_bd8_seed47303/results.json
[2026-04-16 21:56:28,971][__main__][WARNING] - ✗ Training failed (singular matrix)
[2026-04-16 21:56:28,972][HYDRA] 	#10 : model.L=3 model.bond_dim=12 seed=42 trainer.ridge=5 trainer.ridge_decay=0.25 trainer.ridge_min=0.0001 +experiment=uci_ntn_sweep model=mpo2 dataset=hearth
[2026-04-16 21:56:29,140][__main__][INFO] - Configuration:
model:
  name: MPO2
  L: 3
  bond_dim: 12
  output_site: null
  init_strength: 0.1
dataset:
  name: hearth
  task: classification
  cap: 50
  size: small
  batch_size: 256
slurm:
  partition: titans
  time: '12:00:00'
  mem: 2gb
  gpu_arch: Ampere
  cpus: 1
  gpu: 1
hpc:
  queue: gpuv100
  time: '12:00'
  mem: 500MB
  cpus: 4
  gpu: 1
trainer:
  type: ntn
  n_epochs: 20
  ridge: 5
  ridge_decay: 0.25
  ridge_min: 0.0001
  adaptive_ridge: false
  patience: 10
  min_delta: 0.001
  train_selection: true
seed: 42
experiment_name: ${model.name}_${dataset.name}_${trainer.type}_rg${trainer.ridge}_init${model.init_strength}
skip_completed: true
update_tracking: false

[2026-04-16 21:56:29,143][__main__][INFO] - Output directory: /zhome/6b/e/212868/GTN/outputs/ntn/hearth/MPO2_rg5_init0.1/L3_bd12_seed42
[2026-04-16 21:56:29,144][__main__][INFO] - Loading dataset: hearth
[2026-04-16 21:56:30,906][__main__][INFO] -   Samples: train=212, val=45, test=46
[2026-04-16 21:56:30,906][__main__][INFO] -   Features: 12 (including bias), Task: classification
[2026-04-16 21:56:30,906][__main__][INFO] -   Device: cuda
[2026-04-16 21:56:30,907][__main__][INFO] - Creating model: MPO2
Starting Fit: 20 epochs.
Sweep Order: ['Node0', 'Node1', 'Node2', 'Node1']
Validation: Using separate validation set for best model selection
Early stopping: patience=10, min_delta=0.001
Init    | Train: loss: 38.87599 | quality: 0.21698
        | Val:   loss: 36.46079 | quality: 0.24444
Epoch 1 | Train: loss: 54205.89888 | quality: 0.07075
        | Val:   loss: 25504.27349 | quality: 0.08889

Epoch 2 | Train: loss: 14294752086295465426944.00000 | quality: 0.12736
        | Val:   loss: 7604778300142247739392.00000 | quality: 0.20000

Epoch 3 | Train: loss: 918635951148765316463908176618040029873595594260231479094565964938333875029557189863918073257702936944885391304519289775959049366405120.00000 | quality: 0.14151
        | Val:   loss: 576069408491559007566694143043695947796355260161419299762869849264915796050933905968368298490720088030495729475084307276169459772948480.00000 | quality: 0.15556


✗ Singular matrix at epoch 4 - stopping training
[2026-04-16 21:56:31,031][__main__][INFO] - Results saved to: /zhome/6b/e/212868/GTN/outputs/ntn/hearth/MPO2_rg5_init0.1/L3_bd12_seed42/results.json
[2026-04-16 21:56:31,031][__main__][WARNING] - ✗ Training failed (singular matrix)
[2026-04-16 21:56:31,033][HYDRA] 	#11 : model.L=3 model.bond_dim=12 seed=10090 trainer.ridge=5 trainer.ridge_decay=0.25 trainer.ridge_min=0.0001 +experiment=uci_ntn_sweep model=mpo2 dataset=hearth
[2026-04-16 21:56:31,170][__main__][INFO] - Configuration:
model:
  name: MPO2
  L: 3
  bond_dim: 12
  output_site: null
  init_strength: 0.1
dataset:
  name: hearth
  task: classification
  cap: 50
  size: small
  batch_size: 256
slurm:
  partition: titans
  time: '12:00:00'
  mem: 2gb
  gpu_arch: Ampere
  cpus: 1
  gpu: 1
hpc:
  queue: gpuv100
  time: '12:00'
  mem: 500MB
  cpus: 4
  gpu: 1
trainer:
  type: ntn
  n_epochs: 20
  ridge: 5
  ridge_decay: 0.25
  ridge_min: 0.0001
  adaptive_ridge: false
  patience: 10
  min_delta: 0.001
  train_selection: true
seed: 10090
experiment_name: ${model.name}_${dataset.name}_${trainer.type}_rg${trainer.ridge}_init${model.init_strength}
skip_completed: true
update_tracking: false

[2026-04-16 21:56:31,174][__main__][INFO] - Output directory: /zhome/6b/e/212868/GTN/outputs/ntn/hearth/MPO2_rg5_init0.1/L3_bd12_seed10090
[2026-04-16 21:56:31,175][__main__][INFO] - Loading dataset: hearth
[2026-04-16 21:56:38,764][__main__][INFO] -   Samples: train=212, val=45, test=46
[2026-04-16 21:56:38,765][__main__][INFO] -   Features: 12 (including bias), Task: classification
[2026-04-16 21:56:38,765][__main__][INFO] -   Device: cuda
[2026-04-16 21:56:38,765][__main__][INFO] - Creating model: MPO2

------------------------------------------------------------
Sender: LSF System <lsfadmin@hpc.dtu.dk>
Subject: Job 28222761: <ntn-mpo2-hearth> in cluster <dcc> Exited

Job <ntn-mpo2-hearth> was submitted from host <hpclogin1> by user <nicci> in cluster <dcc> at Thu Apr 16 09:38:00 2026
Job was executed on host(s) <4*n-62-20-4>, in queue <gpuv100>, as user <nicci> in cluster <dcc> at Thu Apr 16 21:55:48 2026
</zhome/6b/e/212868> was used as the home directory.
</zhome/6b/e/212868/GTN/submit_ntn> was used as the working directory.
Started at Thu Apr 16 21:55:48 2026
Terminated at Fri Apr 17 09:56:42 2026
Results reported at Fri Apr 17 09:56:42 2026

Your job looked like:

------------------------------------------------------------
# LSBATCH: User input
#!/bin/sh
#BSUB -q gpuv100
#BSUB -J ntn-mpo2-hearth
#BSUB -W 12:00
#BSUB -n 4
#BSUB -gpu "num=1:mode=exclusive_process"
#BSUB -R "rusage[mem=500MB]"
#BSUB -R "span[hosts=1]"
#BSUB -o logs/ntn-mpo2-hearth_%J.out
#BSUB -e logs/ntn-mpo2-hearth_%J.err
#BSUB -u nicci@dtu.dk

export HOME=/zhome/6b/e/212868
cd $HOME/GTN
source .venv/bin/activate

set -a && source $HOME/aim && set +a

python run.py --multirun +experiment=uci_ntn_sweep model=mpo2 dataset=hearth

------------------------------------------------------------

TERM_RUNLIMIT: job killed after reaching LSF run time limit.
Exited with exit code 140.

Resource usage summary:

    CPU time :                                   43266.00 sec.
    Max Memory :                                 867 MB
    Average Memory :                             859.98 MB
    Total Requested Memory :                     2000.00 MB
    Delta Memory :                               1133.00 MB
    Max Swap :                                   -
    Max Processes :                              4
    Max Threads :                                10
    Run time :                                   43254 sec.
    Turnaround time :                            87522 sec.

The output (if any) is above this job summary.



PS:

Read file <logs/ntn-mpo2-hearth_28222761.err> for stderr output of this job.

