[2026-04-16 03:57:27,523][HYDRA] Launching 90 jobs locally
[2026-04-16 03:57:27,524][HYDRA] 	#0 : model.reduction_factor=0.3 model.L=3 model.bond_dim=4 seed=42 trainer.ridge=5 trainer.ridge_decay=0.25 trainer.ridge_min=0.0001 +experiment=uci_ntn_sweep model=lmpo2_typei dataset=breast
[2026-04-16 03:57:27,659][__main__][INFO] - Configuration:
model:
  name: LMPO2TypeI
  L: 3
  bond_dim: 4
  output_site: null
  init_strength: 0.1
  reduction_factor: 0.3
  bond_dim_mpo: 1
  reduced_dim: null
dataset:
  name: breast
  task: classification
  cap: 50
  size: small
  batch_size: 256
slurm:
  partition: titans
  time: '12:00:00'
  mem: 2gb
  gpu_arch: Ampere
  cpus: 1
  gpu: 1
hpc:
  queue: gpuv100
  time: '12:00'
  mem: 500MB
  cpus: 4
  gpu: 1
trainer:
  type: ntn
  n_epochs: 20
  ridge: 5
  ridge_decay: 0.25
  ridge_min: 0.0001
  adaptive_ridge: false
  patience: 10
  min_delta: 0.001
  train_selection: true
seed: 42
experiment_name: ${model.name}_${dataset.name}_${trainer.type}_rg${trainer.ridge}_init${model.init_strength}
skip_completed: true
update_tracking: false

[2026-04-16 03:57:27,691][__main__][INFO] - Output directory: /zhome/6b/e/212868/GTN/outputs/ntn/breast/LMPO2TypeI_rg5_init0.1/L3_bd4_seed42_rf0.3_bondmpo1
[2026-04-16 03:57:27,856][utils.tracking][INFO] - Loaded 9266 tracked runs from runs_tracking.csv
[2026-04-16 03:57:27,859][__main__][INFO] - ⏭ Skipping: already completed successfully (from results.json)
[2026-04-16 03:57:27,859][__main__][INFO] -   Previous val_quality: 0.9882352941176471
[2026-04-16 03:57:27,862][HYDRA] 	#1 : model.reduction_factor=0.3 model.L=3 model.bond_dim=4 seed=10090 trainer.ridge=5 trainer.ridge_decay=0.25 trainer.ridge_min=0.0001 +experiment=uci_ntn_sweep model=lmpo2_typei dataset=breast
[2026-04-16 03:57:28,249][__main__][INFO] - Configuration:
model:
  name: LMPO2TypeI
  L: 3
  bond_dim: 4
  output_site: null
  init_strength: 0.1
  reduction_factor: 0.3
  bond_dim_mpo: 1
  reduced_dim: null
dataset:
  name: breast
  task: classification
  cap: 50
  size: small
  batch_size: 256
slurm:
  partition: titans
  time: '12:00:00'
  mem: 2gb
  gpu_arch: Ampere
  cpus: 1
  gpu: 1
hpc:
  queue: gpuv100
  time: '12:00'
  mem: 500MB
  cpus: 4
  gpu: 1
trainer:
  type: ntn
  n_epochs: 20
  ridge: 5
  ridge_decay: 0.25
  ridge_min: 0.0001
  adaptive_ridge: false
  patience: 10
  min_delta: 0.001
  train_selection: true
seed: 10090
experiment_name: ${model.name}_${dataset.name}_${trainer.type}_rg${trainer.ridge}_init${model.init_strength}
skip_completed: true
update_tracking: false

[2026-04-16 03:57:28,249][__main__][INFO] - Output directory: /zhome/6b/e/212868/GTN/outputs/ntn/breast/LMPO2TypeI_rg5_init0.1/L3_bd4_seed10090_rf0.3_bondmpo1
[2026-04-16 03:57:28,252][__main__][INFO] - ⏭ Skipping: already completed successfully (from results.json)
[2026-04-16 03:57:28,252][__main__][INFO] -   Previous val_quality: 0.9882352941176471
[2026-04-16 03:57:28,266][HYDRA] 	#2 : model.reduction_factor=0.3 model.L=3 model.bond_dim=4 seed=32874 trainer.ridge=5 trainer.ridge_decay=0.25 trainer.ridge_min=0.0001 +experiment=uci_ntn_sweep model=lmpo2_typei dataset=breast
[2026-04-16 03:57:28,406][__main__][INFO] - Configuration:
model:
  name: LMPO2TypeI
  L: 3
  bond_dim: 4
  output_site: null
  init_strength: 0.1
  reduction_factor: 0.3
  bond_dim_mpo: 1
  reduced_dim: null
dataset:
  name: breast
  task: classification
  cap: 50
  size: small
  batch_size: 256
slurm:
  partition: titans
  time: '12:00:00'
  mem: 2gb
  gpu_arch: Ampere
  cpus: 1
  gpu: 1
hpc:
  queue: gpuv100
  time: '12:00'
  mem: 500MB
  cpus: 4
  gpu: 1
trainer:
  type: ntn
  n_epochs: 20
  ridge: 5
  ridge_decay: 0.25
  ridge_min: 0.0001
  adaptive_ridge: false
  patience: 10
  min_delta: 0.001
  train_selection: true
seed: 32874
experiment_name: ${model.name}_${dataset.name}_${trainer.type}_rg${trainer.ridge}_init${model.init_strength}
skip_completed: true
update_tracking: false

[2026-04-16 03:57:28,407][__main__][INFO] - Output directory: /zhome/6b/e/212868/GTN/outputs/ntn/breast/LMPO2TypeI_rg5_init0.1/L3_bd4_seed32874_rf0.3_bondmpo1
[2026-04-16 03:57:28,411][__main__][INFO] - ♻ Re-running: previous run failed with OOM error (may succeed with memory optimizations)
[2026-04-16 03:57:28,411][__main__][INFO] -   Best val_quality before failure: 0.9294117647058824
[2026-04-16 03:57:28,411][__main__][INFO] - Loading dataset: breast
[2026-04-16 03:57:31,240][__main__][INFO] -   Samples: train=398, val=85, test=86
[2026-04-16 03:57:31,240][__main__][INFO] -   Features: 31 (including bias), Task: classification
[2026-04-16 03:57:31,240][__main__][INFO] -   Device: cuda
[2026-04-16 03:57:31,240][__main__][INFO] - Creating model: LMPO2TypeI
Starting Ensemble Fit: 20 epochs
Models: [(1, 2), (2, 4), (3, 6)]
Total nodes: 12
Validation: Using separate validation set
Early stopping: patience=10, min_delta=0.001
Init    | Train: loss: 0.72380 | quality: 0.41457
        | Val:   loss: 0.67399 | quality: 0.43529

Epoch 1 | Train: loss: 0.06198 | quality: 0.98492
        | Val:   loss: 0.13139 | quality: 0.95294
 *
Epoch 2 | Train: loss: 0.00592 | quality: 1.00000
        | Val:   loss: 0.17101 | quality: 0.94118

Epoch 3 | Train: loss: 0.00008 | quality: 1.00000
        | Val:   loss: 0.31510 | quality: 0.95294
 *
Epoch 4 | Train: loss: 2359424370138341862212730015113863675552829027607490382616592384.00000 | quality: 0.45477
        | Val:   loss: 3289562759190044358701379252695693088419646116000084545826193408.00000 | quality: 0.42353


✗ Singular matrix at epoch 5 - stopping training
[2026-04-16 03:57:37,633][__main__][INFO] - Results saved to: /zhome/6b/e/212868/GTN/outputs/ntn/breast/LMPO2TypeI_rg5_init0.1/L3_bd4_seed32874_rf0.3_bondmpo1/results.json
[2026-04-16 03:57:37,633][__main__][WARNING] - ✗ Training failed (singular matrix)
[2026-04-16 03:57:37,634][HYDRA] 	#3 : model.reduction_factor=0.3 model.L=3 model.bond_dim=4 seed=47311 trainer.ridge=5 trainer.ridge_decay=0.25 trainer.ridge_min=0.0001 +experiment=uci_ntn_sweep model=lmpo2_typei dataset=breast
[2026-04-16 03:57:37,765][__main__][INFO] - Configuration:
model:
  name: LMPO2TypeI
  L: 3
  bond_dim: 4
  output_site: null
  init_strength: 0.1
  reduction_factor: 0.3
  bond_dim_mpo: 1
  reduced_dim: null
dataset:
  name: breast
  task: classification
  cap: 50
  size: small
  batch_size: 256
slurm:
  partition: titans
  time: '12:00:00'
  mem: 2gb
  gpu_arch: Ampere
  cpus: 1
  gpu: 1
hpc:
  queue: gpuv100
  time: '12:00'
  mem: 500MB
  cpus: 4
  gpu: 1
trainer:
  type: ntn
  n_epochs: 20
  ridge: 5
  ridge_decay: 0.25
  ridge_min: 0.0001
  adaptive_ridge: false
  patience: 10
  min_delta: 0.001
  train_selection: true
seed: 47311
experiment_name: ${model.name}_${dataset.name}_${trainer.type}_rg${trainer.ridge}_init${model.init_strength}
skip_completed: true
update_tracking: false

[2026-04-16 03:57:37,768][__main__][INFO] - Output directory: /zhome/6b/e/212868/GTN/outputs/ntn/breast/LMPO2TypeI_rg5_init0.1/L3_bd4_seed47311_rf0.3_bondmpo1
[2026-04-16 03:57:37,771][__main__][INFO] - ♻ Re-running: previous run failed with OOM error (may succeed with memory optimizations)
[2026-04-16 03:57:37,771][__main__][INFO] -   Best val_quality before failure: 0.9294117647058824
[2026-04-16 03:57:37,771][__main__][INFO] - Loading dataset: breast
[2026-04-16 03:57:39,289][__main__][INFO] -   Samples: train=398, val=85, test=86
[2026-04-16 03:57:39,289][__main__][INFO] -   Features: 31 (including bias), Task: classification
[2026-04-16 03:57:39,289][__main__][INFO] -   Device: cuda
[2026-04-16 03:57:39,290][__main__][INFO] - Creating model: LMPO2TypeI
