[2026-04-14 23:26:57,404][HYDRA] Launching 30 jobs locally
[2026-04-14 23:26:57,404][HYDRA] 	#0 : model.L=3 model.bond_dim=4 seed=42 trainer.ridge=5 trainer.ridge_decay=0.25 trainer.ridge_min=0.0001 +experiment=uci_ntn_sweep model=mmpo2 dataset=mushrooms
[2026-04-14 23:26:57,531][__main__][INFO] - Configuration:
model:
  name: MMPO2
  L: 3
  bond_dim: 4
  output_site: null
  init_strength: 0.1
dataset:
  name: mushrooms
  task: classification
  cap: 50
  size: large
  batch_size: 128
slurm:
  partition: titans
  time: '24:00:00'
  mem: 2gb
  gpu_arch: Ampere
  cpus: 1
  gpu: 1
hpc:
  queue: gpuv100
  time: '24:00'
  mem: 500MB
  cpus: 4
  gpu: 1
trainer:
  type: ntn
  n_epochs: 20
  ridge: 5
  ridge_decay: 0.25
  ridge_min: 0.0001
  adaptive_ridge: false
  patience: 10
  min_delta: 0.001
  train_selection: true
seed: 42
experiment_name: ${model.name}_${dataset.name}_${trainer.type}_rg${trainer.ridge}_init${model.init_strength}
skip_completed: true
update_tracking: false

[2026-04-14 23:26:57,538][__main__][INFO] - Output directory: /zhome/6b/e/212868/GTN/outputs/ntn/mushrooms/MMPO2_rg5_init0.1/L3_bd4_seed42
[2026-04-14 23:26:57,605][utils.tracking][INFO] - Loaded 17231 tracked runs from runs_tracking.csv
[2026-04-14 23:26:57,607][__main__][INFO] - Loading dataset: mushrooms
[2026-04-14 23:27:01,800][__main__][INFO] -   Samples: train=5686, val=1219, test=1219
[2026-04-14 23:27:01,801][__main__][INFO] -   Features: 51 (including bias), Task: classification
[2026-04-14 23:27:01,801][__main__][INFO] -   Device: cuda
[2026-04-14 23:27:01,801][__main__][INFO] - Creating model: MMPO2
Starting Fit: 20 epochs.
Sweep Order: ['0_MPS', '1_MPS', '2_MPS', '1_MPS']
Validation: Using separate validation set for best model selection
Early stopping: patience=10, min_delta=0.001
Init    | Train: loss: 13.14173 | quality: 0.47890
        | Val:   loss: 14.07420 | quality: 0.45119
Epoch 1 | Train: loss: 0.69311 | quality: 0.83064
        | Val:   loss: 0.69311 | quality: 0.82281
 *
Epoch 2 | Train: loss: 0.69315 | quality: 0.80848
        | Val:   loss: 0.69315 | quality: 0.79902

Epoch 3 | Train: loss: 0.69315 | quality: 0.71773
        | Val:   loss: 0.69315 | quality: 0.70960

Epoch 4 | Train: loss: 0.69315 | quality: 0.51899
        | Val:   loss: 0.69315 | quality: 0.52174

[2026-04-14 23:27:05,701][__main__][ERROR] - CUDA out of memory: CUDA out of memory. Tried to allocate 18.00 MiB. GPU 0 has a total capacity of 31.73 GiB of which 14.75 MiB is free. Including non-PyTorch memory, this process has 31.71 GiB memory in use. Of the allocated memory 31.24 GiB is allocated by PyTorch, and 72.24 MiB is reserved by PyTorch but unallocated. If reserved but unallocated memory is large try setting PYTORCH_CUDA_ALLOC_CONF=expandable_segments:True to avoid fragmentation.  See documentation for Memory Management  (https://docs.pytorch.org/docs/stable/notes/cuda.html#optimizing-memory-usage-with-pytorch-cuda-alloc-conf)
[2026-04-14 23:27:05,710][__main__][INFO] - Results saved to: /zhome/6b/e/212868/GTN/outputs/ntn/mushrooms/MMPO2_rg5_init0.1/L3_bd4_seed42/results.json
[2026-04-14 23:27:05,710][__main__][WARNING] - ✗ Training failed (CUDA out of memory)
[2026-04-14 23:27:05,710][__main__][INFO] -   Best val_quality before failure: 0.8228
[2026-04-14 23:27:05,759][HYDRA] 	#1 : model.L=3 model.bond_dim=4 seed=10090 trainer.ridge=5 trainer.ridge_decay=0.25 trainer.ridge_min=0.0001 +experiment=uci_ntn_sweep model=mmpo2 dataset=mushrooms
[2026-04-14 23:27:05,900][__main__][INFO] - Configuration:
model:
  name: MMPO2
  L: 3
  bond_dim: 4
  output_site: null
  init_strength: 0.1
dataset:
  name: mushrooms
  task: classification
  cap: 50
  size: large
  batch_size: 128
slurm:
  partition: titans
  time: '24:00:00'
  mem: 2gb
  gpu_arch: Ampere
  cpus: 1
  gpu: 1
hpc:
  queue: gpuv100
  time: '24:00'
  mem: 500MB
  cpus: 4
  gpu: 1
trainer:
  type: ntn
  n_epochs: 20
  ridge: 5
  ridge_decay: 0.25
  ridge_min: 0.0001
  adaptive_ridge: false
  patience: 10
  min_delta: 0.001
  train_selection: true
seed: 10090
experiment_name: ${model.name}_${dataset.name}_${trainer.type}_rg${trainer.ridge}_init${model.init_strength}
skip_completed: true
update_tracking: false

[2026-04-14 23:27:05,903][__main__][INFO] - Output directory: /zhome/6b/e/212868/GTN/outputs/ntn/mushrooms/MMPO2_rg5_init0.1/L3_bd4_seed10090
[2026-04-14 23:27:05,904][__main__][INFO] - Loading dataset: mushrooms
[2026-04-14 23:27:08,279][__main__][INFO] -   Samples: train=5686, val=1219, test=1219
[2026-04-14 23:27:08,280][__main__][INFO] -   Features: 51 (including bias), Task: classification
[2026-04-14 23:27:08,280][__main__][INFO] -   Device: cuda
[2026-04-14 23:27:08,280][__main__][INFO] - Creating model: MMPO2
Starting Fit: 20 epochs.
Sweep Order: ['0_MPS', '1_MPS', '2_MPS', '1_MPS']
Validation: Using separate validation set for best model selection
Early stopping: patience=10, min_delta=0.001
Init    | Train: loss: 7.05402 | quality: 0.58917
        | Val:   loss: 7.10493 | quality: 0.58491
Epoch 1 | Train: loss: 0.69314 | quality: 0.48101
        | Val:   loss: 0.69314 | quality: 0.47826

Epoch 2 | Train: loss: 0.69315 | quality: 0.48101
        | Val:   loss: 0.69315 | quality: 0.47826

Epoch 3 | Train: loss: 0.69315 | quality: 0.48101
        | Val:   loss: 0.69315 | quality: 0.47826

Epoch 4 | Train: loss: 0.69315 | quality: 0.51899
        | Val:   loss: 0.69315 | quality: 0.52174

[2026-04-14 23:27:11,938][__main__][ERROR] - CUDA out of memory: CUDA out of memory. Tried to allocate 18.00 MiB. GPU 0 has a total capacity of 31.73 GiB of which 8.75 MiB is free. Including non-PyTorch memory, this process has 31.72 GiB memory in use. Of the allocated memory 31.25 GiB is allocated by PyTorch, and 73.25 MiB is reserved by PyTorch but unallocated. If reserved but unallocated memory is large try setting PYTORCH_CUDA_ALLOC_CONF=expandable_segments:True to avoid fragmentation.  See documentation for Memory Management  (https://docs.pytorch.org/docs/stable/notes/cuda.html#optimizing-memory-usage-with-pytorch-cuda-alloc-conf)
[2026-04-14 23:27:11,954][__main__][INFO] - Results saved to: /zhome/6b/e/212868/GTN/outputs/ntn/mushrooms/MMPO2_rg5_init0.1/L3_bd4_seed10090/results.json
[2026-04-14 23:27:11,954][__main__][WARNING] - ✗ Training failed (CUDA out of memory)
[2026-04-14 23:27:11,954][__main__][INFO] -   Best val_quality before failure: 0.5217
[2026-04-14 23:27:12,012][HYDRA] 	#2 : model.L=3 model.bond_dim=4 seed=32874 trainer.ridge=5 trainer.ridge_decay=0.25 trainer.ridge_min=0.0001 +experiment=uci_ntn_sweep model=mmpo2 dataset=mushrooms
[2026-04-14 23:27:12,209][__main__][INFO] - Configuration:
model:
  name: MMPO2
  L: 3
  bond_dim: 4
  output_site: null
  init_strength: 0.1
dataset:
  name: mushrooms
  task: classification
  cap: 50
  size: large
  batch_size: 128
slurm:
  partition: titans
  time: '24:00:00'
  mem: 2gb
  gpu_arch: Ampere
  cpus: 1
  gpu: 1
hpc:
  queue: gpuv100
  time: '24:00'
  mem: 500MB
  cpus: 4
  gpu: 1
trainer:
  type: ntn
  n_epochs: 20
  ridge: 5
  ridge_decay: 0.25
  ridge_min: 0.0001
  adaptive_ridge: false
  patience: 10
  min_delta: 0.001
  train_selection: true
seed: 32874
experiment_name: ${model.name}_${dataset.name}_${trainer.type}_rg${trainer.ridge}_init${model.init_strength}
skip_completed: true
update_tracking: false

[2026-04-14 23:27:12,213][__main__][INFO] - Output directory: /zhome/6b/e/212868/GTN/outputs/ntn/mushrooms/MMPO2_rg5_init0.1/L3_bd4_seed32874
[2026-04-14 23:27:12,213][__main__][INFO] - Loading dataset: mushrooms
[2026-04-14 23:27:19,759][__main__][INFO] -   Samples: train=5686, val=1219, test=1219
[2026-04-14 23:27:19,760][__main__][INFO] -   Features: 51 (including bias), Task: classification
[2026-04-14 23:27:19,760][__main__][INFO] -   Device: cuda
[2026-04-14 23:27:19,760][__main__][INFO] - Creating model: MMPO2
Starting Fit: 20 epochs.
Sweep Order: ['0_MPS', '1_MPS', '2_MPS', '1_MPS']
Validation: Using separate validation set for best model selection
Early stopping: patience=10, min_delta=0.001
Init    | Train: loss: 7.01060 | quality: 0.54625
        | Val:   loss: 6.85006 | quality: 0.55209
Epoch 1 | Train: loss: 0.69282 | quality: 0.48716
        | Val:   loss: 0.69283 | quality: 0.48400

Epoch 2 | Train: loss: 0.69315 | quality: 0.48101
        | Val:   loss: 0.69315 | quality: 0.47826

Epoch 3 | Train: loss: 0.69315 | quality: 0.51425
        | Val:   loss: 0.69315 | quality: 0.51764

Epoch 4 | Train: loss: 0.69315 | quality: 0.48189
        | Val:   loss: 0.69315 | quality: 0.49057

[2026-04-14 23:27:23,379][__main__][ERROR] - CUDA out of memory: CUDA out of memory. Tried to allocate 18.00 MiB. GPU 0 has a total capacity of 31.73 GiB of which 2.75 MiB is free. Including non-PyTorch memory, this process has 31.73 GiB memory in use. Of the allocated memory 31.25 GiB is allocated by PyTorch, and 73.25 MiB is reserved by PyTorch but unallocated. If reserved but unallocated memory is large try setting PYTORCH_CUDA_ALLOC_CONF=expandable_segments:True to avoid fragmentation.  See documentation for Memory Management  (https://docs.pytorch.org/docs/stable/notes/cuda.html#optimizing-memory-usage-with-pytorch-cuda-alloc-conf)
[2026-04-14 23:27:23,388][__main__][INFO] - Results saved to: /zhome/6b/e/212868/GTN/outputs/ntn/mushrooms/MMPO2_rg5_init0.1/L3_bd4_seed32874/results.json
[2026-04-14 23:27:23,388][__main__][WARNING] - ✗ Training failed (CUDA out of memory)
[2026-04-14 23:27:23,388][__main__][INFO] -   Best val_quality before failure: 0.5176
[2026-04-14 23:27:23,436][HYDRA] 	#3 : model.L=3 model.bond_dim=4 seed=47311 trainer.ridge=5 trainer.ridge_decay=0.25 trainer.ridge_min=0.0001 +experiment=uci_ntn_sweep model=mmpo2 dataset=mushrooms
[2026-04-14 23:27:23,571][__main__][INFO] - Configuration:
model:
  name: MMPO2
  L: 3
  bond_dim: 4
  output_site: null
  init_strength: 0.1
dataset:
  name: mushrooms
  task: classification
  cap: 50
  size: large
  batch_size: 128
slurm:
  partition: titans
  time: '24:00:00'
  mem: 2gb
  gpu_arch: Ampere
  cpus: 1
  gpu: 1
hpc:
  queue: gpuv100
  time: '24:00'
  mem: 500MB
  cpus: 4
  gpu: 1
trainer:
  type: ntn
  n_epochs: 20
  ridge: 5
  ridge_decay: 0.25
  ridge_min: 0.0001
  adaptive_ridge: false
  patience: 10
  min_delta: 0.001
  train_selection: true
seed: 47311
experiment_name: ${model.name}_${dataset.name}_${trainer.type}_rg${trainer.ridge}_init${model.init_strength}
skip_completed: true
update_tracking: false

[2026-04-14 23:27:23,575][__main__][INFO] - Output directory: /zhome/6b/e/212868/GTN/outputs/ntn/mushrooms/MMPO2_rg5_init0.1/L3_bd4_seed47311
[2026-04-14 23:27:23,575][__main__][INFO] - Loading dataset: mushrooms
[2026-04-14 23:27:34,615][__main__][INFO] -   Samples: train=5686, val=1219, test=1219
[2026-04-14 23:27:34,616][__main__][INFO] -   Features: 51 (including bias), Task: classification
[2026-04-14 23:27:34,616][__main__][INFO] -   Device: cuda
[2026-04-14 23:27:34,617][__main__][INFO] - Creating model: MMPO2
Starting Fit: 20 epochs.
Sweep Order: ['0_MPS', '1_MPS', '2_MPS', '1_MPS']
Validation: Using separate validation set for best model selection
Early stopping: patience=10, min_delta=0.001
Init    | Train: loss: 9.11056 | quality: 0.53975
        | Val:   loss: 9.49650 | quality: 0.53076
Epoch 1 | Train: loss: 0.69315 | quality: 0.75413
        | Val:   loss: 0.69315 | quality: 0.74487
 *
Epoch 2 | Train: loss: 0.69315 | quality: 0.48101
        | Val:   loss: 0.69315 | quality: 0.47826

Epoch 3 | Train: loss: 0.69315 | quality: 0.70911
        | Val:   loss: 0.69315 | quality: 0.70960

Epoch 4 | Train: loss: 0.69315 | quality: 0.51249
        | Val:   loss: 0.69315 | quality: 0.51600

[2026-04-14 23:27:38,242][__main__][ERROR] - CUDA out of memory: CUDA out of memory. Tried to allocate 18.00 MiB. GPU 0 has a total capacity of 31.73 GiB of which 2.75 MiB is free. Including non-PyTorch memory, this process has 31.73 GiB memory in use. Of the allocated memory 31.25 GiB is allocated by PyTorch, and 73.25 MiB is reserved by PyTorch but unallocated. If reserved but unallocated memory is large try setting PYTORCH_CUDA_ALLOC_CONF=expandable_segments:True to avoid fragmentation.  See documentation for Memory Management  (https://docs.pytorch.org/docs/stable/notes/cuda.html#optimizing-memory-usage-with-pytorch-cuda-alloc-conf)
[2026-04-14 23:27:38,250][__main__][INFO] - Results saved to: /zhome/6b/e/212868/GTN/outputs/ntn/mushrooms/MMPO2_rg5_init0.1/L3_bd4_seed47311/results.json
[2026-04-14 23:27:38,250][__main__][WARNING] - ✗ Training failed (CUDA out of memory)
[2026-04-14 23:27:38,251][__main__][INFO] -   Best val_quality before failure: 0.7449
[2026-04-14 23:27:38,300][HYDRA] 	#4 : model.L=3 model.bond_dim=4 seed=47303 trainer.ridge=5 trainer.ridge_decay=0.25 trainer.ridge_min=0.0001 +experiment=uci_ntn_sweep model=mmpo2 dataset=mushrooms
[2026-04-14 23:27:38,435][__main__][INFO] - Configuration:
model:
  name: MMPO2
  L: 3
  bond_dim: 4
  output_site: null
  init_strength: 0.1
dataset:
  name: mushrooms
  task: classification
  cap: 50
  size: large
  batch_size: 128
slurm:
  partition: titans
  time: '24:00:00'
  mem: 2gb
  gpu_arch: Ampere
  cpus: 1
  gpu: 1
hpc:
  queue: gpuv100
  time: '24:00'
  mem: 500MB
  cpus: 4
  gpu: 1
trainer:
  type: ntn
  n_epochs: 20
  ridge: 5
  ridge_decay: 0.25
  ridge_min: 0.0001
  adaptive_ridge: false
  patience: 10
  min_delta: 0.001
  train_selection: true
seed: 47303
experiment_name: ${model.name}_${dataset.name}_${trainer.type}_rg${trainer.ridge}_init${model.init_strength}
skip_completed: true
update_tracking: false

[2026-04-14 23:27:38,439][__main__][INFO] - Output directory: /zhome/6b/e/212868/GTN/outputs/ntn/mushrooms/MMPO2_rg5_init0.1/L3_bd4_seed47303
[2026-04-14 23:27:38,440][__main__][INFO] - Loading dataset: mushrooms
[2026-04-14 23:27:42,439][__main__][INFO] -   Samples: train=5686, val=1219, test=1219
[2026-04-14 23:27:42,439][__main__][INFO] -   Features: 51 (including bias), Task: classification
[2026-04-14 23:27:42,439][__main__][INFO] -   Device: cuda
[2026-04-14 23:27:42,439][__main__][INFO] - Creating model: MMPO2
Starting Fit: 20 epochs.
Sweep Order: ['0_MPS', '1_MPS', '2_MPS', '1_MPS']
Validation: Using separate validation set for best model selection
Early stopping: patience=10, min_delta=0.001
Init    | Train: loss: 3.95806 | quality: 0.63788
        | Val:   loss: 3.76764 | quality: 0.65217
Epoch 1 | Train: loss: 0.69315 | quality: 0.61906
        | Val:   loss: 0.69315 | quality: 0.61444

Epoch 2 | Train: loss: 0.69315 | quality: 0.57756
        | Val:   loss: 0.69315 | quality: 0.57588

Epoch 3 | Train: loss: 0.69315 | quality: 0.37003
        | Val:   loss: 0.69315 | quality: 0.38556

Epoch 4 | Train: loss: 0.69315 | quality: 0.51899
        | Val:   loss: 0.69315 | quality: 0.52174

[2026-04-14 23:27:46,106][__main__][ERROR] - CUDA out of memory: CUDA out of memory. Tried to allocate 18.00 MiB. GPU 0 has a total capacity of 31.73 GiB of which 2.75 MiB is free. Including non-PyTorch memory, this process has 31.73 GiB memory in use. Of the allocated memory 31.25 GiB is allocated by PyTorch, and 73.25 MiB is reserved by PyTorch but unallocated. If reserved but unallocated memory is large try setting PYTORCH_CUDA_ALLOC_CONF=expandable_segments:True to avoid fragmentation.  See documentation for Memory Management  (https://docs.pytorch.org/docs/stable/notes/cuda.html#optimizing-memory-usage-with-pytorch-cuda-alloc-conf)
[2026-04-14 23:27:46,115][__main__][INFO] - Results saved to: /zhome/6b/e/212868/GTN/outputs/ntn/mushrooms/MMPO2_rg5_init0.1/L3_bd4_seed47303/results.json
[2026-04-14 23:27:46,115][__main__][WARNING] - ✗ Training failed (CUDA out of memory)
[2026-04-14 23:27:46,115][__main__][INFO] -   Best val_quality before failure: 0.6144
[2026-04-14 23:27:46,166][HYDRA] 	#5 : model.L=3 model.bond_dim=8 seed=42 trainer.ridge=5 trainer.ridge_decay=0.25 trainer.ridge_min=0.0001 +experiment=uci_ntn_sweep model=mmpo2 dataset=mushrooms
[2026-04-14 23:27:46,313][__main__][INFO] - Configuration:
model:
  name: MMPO2
  L: 3
  bond_dim: 8
  output_site: null
  init_strength: 0.1
dataset:
  name: mushrooms
  task: classification
  cap: 50
  size: large
  batch_size: 128
slurm:
  partition: titans
  time: '24:00:00'
  mem: 2gb
  gpu_arch: Ampere
  cpus: 1
  gpu: 1
hpc:
  queue: gpuv100
  time: '24:00'
  mem: 500MB
  cpus: 4
  gpu: 1
trainer:
  type: ntn
  n_epochs: 20
  ridge: 5
  ridge_decay: 0.25
  ridge_min: 0.0001
  adaptive_ridge: false
  patience: 10
  min_delta: 0.001
  train_selection: true
seed: 42
experiment_name: ${model.name}_${dataset.name}_${trainer.type}_rg${trainer.ridge}_init${model.init_strength}
skip_completed: true
update_tracking: false

[2026-04-14 23:27:46,318][__main__][INFO] - Output directory: /zhome/6b/e/212868/GTN/outputs/ntn/mushrooms/MMPO2_rg5_init0.1/L3_bd8_seed42
[2026-04-14 23:27:46,318][__main__][INFO] - Loading dataset: mushrooms
[2026-04-14 23:27:52,762][__main__][INFO] -   Samples: train=5686, val=1219, test=1219
[2026-04-14 23:27:52,763][__main__][INFO] -   Features: 51 (including bias), Task: classification
[2026-04-14 23:27:52,763][__main__][INFO] -   Device: cuda
[2026-04-14 23:27:52,763][__main__][INFO] - Creating model: MMPO2
Starting Fit: 20 epochs.
Sweep Order: ['0_MPS', '1_MPS', '2_MPS', '1_MPS']
Validation: Using separate validation set for best model selection
Early stopping: patience=10, min_delta=0.001
Init    | Train: loss: 3.12539 | quality: 0.69574
        | Val:   loss: 3.18326 | quality: 0.69975
Epoch 1 | Train: loss: 0.69315 | quality: 0.83292
        | Val:   loss: 0.69315 | quality: 0.82281
 *
Epoch 2 | Train: loss: 0.69315 | quality: 0.75572
        | Val:   loss: 0.69315 | quality: 0.74815

[2026-04-14 23:27:55,546][__main__][ERROR] - CUDA out of memory: CUDA out of memory. Tried to allocate 82.00 MiB. GPU 0 has a total capacity of 31.73 GiB of which 38.75 MiB is free. Including non-PyTorch memory, this process has 31.69 GiB memory in use. Of the allocated memory 31.06 GiB is allocated by PyTorch, and 235.01 MiB is reserved by PyTorch but unallocated. If reserved but unallocated memory is large try setting PYTORCH_CUDA_ALLOC_CONF=expandable_segments:True to avoid fragmentation.  See documentation for Memory Management  (https://docs.pytorch.org/docs/stable/notes/cuda.html#optimizing-memory-usage-with-pytorch-cuda-alloc-conf)
[2026-04-14 23:27:55,555][__main__][INFO] - Results saved to: /zhome/6b/e/212868/GTN/outputs/ntn/mushrooms/MMPO2_rg5_init0.1/L3_bd8_seed42/results.json
[2026-04-14 23:27:55,555][__main__][WARNING] - ✗ Training failed (CUDA out of memory)
[2026-04-14 23:27:55,555][__main__][INFO] -   Best val_quality before failure: 0.8228
[2026-04-14 23:27:55,581][HYDRA] 	#6 : model.L=3 model.bond_dim=8 seed=10090 trainer.ridge=5 trainer.ridge_decay=0.25 trainer.ridge_min=0.0001 +experiment=uci_ntn_sweep model=mmpo2 dataset=mushrooms
[2026-04-14 23:27:55,714][__main__][INFO] - Configuration:
model:
  name: MMPO2
  L: 3
  bond_dim: 8
  output_site: null
  init_strength: 0.1
dataset:
  name: mushrooms
  task: classification
  cap: 50
  size: large
  batch_size: 128
slurm:
  partition: titans
  time: '24:00:00'
  mem: 2gb
  gpu_arch: Ampere
  cpus: 1
  gpu: 1
hpc:
  queue: gpuv100
  time: '24:00'
  mem: 500MB
  cpus: 4
  gpu: 1
trainer:
  type: ntn
  n_epochs: 20
  ridge: 5
  ridge_decay: 0.25
  ridge_min: 0.0001
  adaptive_ridge: false
  patience: 10
  min_delta: 0.001
  train_selection: true
seed: 10090
experiment_name: ${model.name}_${dataset.name}_${trainer.type}_rg${trainer.ridge}_init${model.init_strength}
skip_completed: true
update_tracking: false

[2026-04-14 23:27:55,717][__main__][INFO] - Output directory: /zhome/6b/e/212868/GTN/outputs/ntn/mushrooms/MMPO2_rg5_init0.1/L3_bd8_seed10090
[2026-04-14 23:27:55,718][__main__][INFO] - Loading dataset: mushrooms
[2026-04-14 23:27:57,644][__main__][INFO] -   Samples: train=5686, val=1219, test=1219
[2026-04-14 23:27:57,645][__main__][INFO] -   Features: 51 (including bias), Task: classification
[2026-04-14 23:27:57,645][__main__][INFO] -   Device: cuda
[2026-04-14 23:27:57,645][__main__][INFO] - Creating model: MMPO2
Starting Fit: 20 epochs.
Sweep Order: ['0_MPS', '1_MPS', '2_MPS', '1_MPS']
Validation: Using separate validation set for best model selection
Early stopping: patience=10, min_delta=0.001
Init    | Train: loss: 15.36864 | quality: 0.34172
        | Val:   loss: 15.49083 | quality: 0.33224
Epoch 1 | Train: loss: 0.69288 | quality: 0.64439
        | Val:   loss: 0.69289 | quality: 0.64971
 *
Epoch 2 | Train: loss: 0.69315 | quality: 0.51899
        | Val:   loss: 0.69315 | quality: 0.52174

[2026-04-14 23:28:00,355][__main__][ERROR] - CUDA out of memory: CUDA out of memory. Tried to allocate 82.00 MiB. GPU 0 has a total capacity of 31.73 GiB of which 38.75 MiB is free. Including non-PyTorch memory, this process has 31.69 GiB memory in use. Of the allocated memory 31.06 GiB is allocated by PyTorch, and 235.01 MiB is reserved by PyTorch but unallocated. If reserved but unallocated memory is large try setting PYTORCH_CUDA_ALLOC_CONF=expandable_segments:True to avoid fragmentation.  See documentation for Memory Management  (https://docs.pytorch.org/docs/stable/notes/cuda.html#optimizing-memory-usage-with-pytorch-cuda-alloc-conf)
[2026-04-14 23:28:00,381][__main__][INFO] - Results saved to: /zhome/6b/e/212868/GTN/outputs/ntn/mushrooms/MMPO2_rg5_init0.1/L3_bd8_seed10090/results.json
[2026-04-14 23:28:00,382][__main__][WARNING] - ✗ Training failed (CUDA out of memory)
[2026-04-14 23:28:00,382][__main__][INFO] -   Best val_quality before failure: 0.6497
[2026-04-14 23:28:00,408][HYDRA] 	#7 : model.L=3 model.bond_dim=8 seed=32874 trainer.ridge=5 trainer.ridge_decay=0.25 trainer.ridge_min=0.0001 +experiment=uci_ntn_sweep model=mmpo2 dataset=mushrooms
[2026-04-14 23:28:00,541][__main__][INFO] - Configuration:
model:
  name: MMPO2
  L: 3
  bond_dim: 8
  output_site: null
  init_strength: 0.1
dataset:
  name: mushrooms
  task: classification
  cap: 50
  size: large
  batch_size: 128
slurm:
  partition: titans
  time: '24:00:00'
  mem: 2gb
  gpu_arch: Ampere
  cpus: 1
  gpu: 1
hpc:
  queue: gpuv100
  time: '24:00'
  mem: 500MB
  cpus: 4
  gpu: 1
trainer:
  type: ntn
  n_epochs: 20
  ridge: 5
  ridge_decay: 0.25
  ridge_min: 0.0001
  adaptive_ridge: false
  patience: 10
  min_delta: 0.001
  train_selection: true
seed: 32874
experiment_name: ${model.name}_${dataset.name}_${trainer.type}_rg${trainer.ridge}_init${model.init_strength}
skip_completed: true
update_tracking: false

[2026-04-14 23:28:00,544][__main__][INFO] - Output directory: /zhome/6b/e/212868/GTN/outputs/ntn/mushrooms/MMPO2_rg5_init0.1/L3_bd8_seed32874
[2026-04-14 23:28:00,545][__main__][INFO] - Loading dataset: mushrooms
[2026-04-14 23:28:03,953][__main__][INFO] -   Samples: train=5686, val=1219, test=1219
[2026-04-14 23:28:03,953][__main__][INFO] -   Features: 51 (including bias), Task: classification
[2026-04-14 23:28:03,953][__main__][INFO] -   Device: cuda
[2026-04-14 23:28:03,953][__main__][INFO] - Creating model: MMPO2
Starting Fit: 20 epochs.
Sweep Order: ['0_MPS', '1_MPS', '2_MPS', '1_MPS']
Validation: Using separate validation set for best model selection
Early stopping: patience=10, min_delta=0.001
Init    | Train: loss: 14.31447 | quality: 0.40943
        | Val:   loss: 14.63118 | quality: 0.41509
Epoch 1 | Train: loss: 1.97323 | quality: 0.48101
        | Val:   loss: 1.98177 | quality: 0.47826
 *
Epoch 2 | Train: loss: 0.69276 | quality: 0.51899
        | Val:   loss: 0.69276 | quality: 0.52174
 *
[2026-04-14 23:28:06,674][__main__][ERROR] - CUDA out of memory: CUDA out of memory. Tried to allocate 82.00 MiB. GPU 0 has a total capacity of 31.73 GiB of which 38.75 MiB is free. Including non-PyTorch memory, this process has 31.69 GiB memory in use. Of the allocated memory 31.06 GiB is allocated by PyTorch, and 235.01 MiB is reserved by PyTorch but unallocated. If reserved but unallocated memory is large try setting PYTORCH_CUDA_ALLOC_CONF=expandable_segments:True to avoid fragmentation.  See documentation for Memory Management  (https://docs.pytorch.org/docs/stable/notes/cuda.html#optimizing-memory-usage-with-pytorch-cuda-alloc-conf)
[2026-04-14 23:28:06,684][__main__][INFO] - Results saved to: /zhome/6b/e/212868/GTN/outputs/ntn/mushrooms/MMPO2_rg5_init0.1/L3_bd8_seed32874/results.json
[2026-04-14 23:28:06,684][__main__][WARNING] - ✗ Training failed (CUDA out of memory)
[2026-04-14 23:28:06,684][__main__][INFO] -   Best val_quality before failure: 0.5217
[2026-04-14 23:28:06,720][HYDRA] 	#8 : model.L=3 model.bond_dim=8 seed=47311 trainer.ridge=5 trainer.ridge_decay=0.25 trainer.ridge_min=0.0001 +experiment=uci_ntn_sweep model=mmpo2 dataset=mushrooms
[2026-04-14 23:28:06,876][__main__][INFO] - Configuration:
model:
  name: MMPO2
  L: 3
  bond_dim: 8
  output_site: null
  init_strength: 0.1
dataset:
  name: mushrooms
  task: classification
  cap: 50
  size: large
  batch_size: 128
slurm:
  partition: titans
  time: '24:00:00'
  mem: 2gb
  gpu_arch: Ampere
  cpus: 1
  gpu: 1
hpc:
  queue: gpuv100
  time: '24:00'
  mem: 500MB
  cpus: 4
  gpu: 1
trainer:
  type: ntn
  n_epochs: 20
  ridge: 5
  ridge_decay: 0.25
  ridge_min: 0.0001
  adaptive_ridge: false
  patience: 10
  min_delta: 0.001
  train_selection: true
seed: 47311
experiment_name: ${model.name}_${dataset.name}_${trainer.type}_rg${trainer.ridge}_init${model.init_strength}
skip_completed: true
update_tracking: false

[2026-04-14 23:28:06,879][__main__][INFO] - Output directory: /zhome/6b/e/212868/GTN/outputs/ntn/mushrooms/MMPO2_rg5_init0.1/L3_bd8_seed47311
[2026-04-14 23:28:06,880][__main__][INFO] - Loading dataset: mushrooms
[2026-04-14 23:28:09,076][__main__][INFO] -   Samples: train=5686, val=1219, test=1219
[2026-04-14 23:28:09,077][__main__][INFO] -   Features: 51 (including bias), Task: classification
[2026-04-14 23:28:09,077][__main__][INFO] -   Device: cuda
[2026-04-14 23:28:09,077][__main__][INFO] - Creating model: MMPO2
Starting Fit: 20 epochs.
Sweep Order: ['0_MPS', '1_MPS', '2_MPS', '1_MPS']
Validation: Using separate validation set for best model selection
Early stopping: patience=10, min_delta=0.001
Init    | Train: loss: 3.46187 | quality: 0.72336
        | Val:   loss: 3.56261 | quality: 0.72683
Epoch 1 | Train: loss: 0.69315 | quality: 0.73162
        | Val:   loss: 0.69315 | quality: 0.70960

Epoch 2 | Train: loss: 0.69315 | quality: 0.57756
        | Val:   loss: 0.69315 | quality: 0.57588

[2026-04-14 23:28:11,801][__main__][ERROR] - CUDA out of memory: CUDA out of memory. Tried to allocate 82.00 MiB. GPU 0 has a total capacity of 31.73 GiB of which 38.75 MiB is free. Including non-PyTorch memory, this process has 31.69 GiB memory in use. Of the allocated memory 31.06 GiB is allocated by PyTorch, and 235.01 MiB is reserved by PyTorch but unallocated. If reserved but unallocated memory is large try setting PYTORCH_CUDA_ALLOC_CONF=expandable_segments:True to avoid fragmentation.  See documentation for Memory Management  (https://docs.pytorch.org/docs/stable/notes/cuda.html#optimizing-memory-usage-with-pytorch-cuda-alloc-conf)
[2026-04-14 23:28:11,816][__main__][INFO] - Results saved to: /zhome/6b/e/212868/GTN/outputs/ntn/mushrooms/MMPO2_rg5_init0.1/L3_bd8_seed47311/results.json
[2026-04-14 23:28:11,816][__main__][WARNING] - ✗ Training failed (CUDA out of memory)
[2026-04-14 23:28:11,816][__main__][INFO] -   Best val_quality before failure: 0.7096
[2026-04-14 23:28:11,846][HYDRA] 	#9 : model.L=3 model.bond_dim=8 seed=47303 trainer.ridge=5 trainer.ridge_decay=0.25 trainer.ridge_min=0.0001 +experiment=uci_ntn_sweep model=mmpo2 dataset=mushrooms
[2026-04-14 23:28:11,980][__main__][INFO] - Configuration:
model:
  name: MMPO2
  L: 3
  bond_dim: 8
  output_site: null
  init_strength: 0.1
dataset:
  name: mushrooms
  task: classification
  cap: 50
  size: large
  batch_size: 128
slurm:
  partition: titans
  time: '24:00:00'
  mem: 2gb
  gpu_arch: Ampere
  cpus: 1
  gpu: 1
hpc:
  queue: gpuv100
  time: '24:00'
  mem: 500MB
  cpus: 4
  gpu: 1
trainer:
  type: ntn
  n_epochs: 20
  ridge: 5
  ridge_decay: 0.25
  ridge_min: 0.0001
  adaptive_ridge: false
  patience: 10
  min_delta: 0.001
  train_selection: true
seed: 47303
experiment_name: ${model.name}_${dataset.name}_${trainer.type}_rg${trainer.ridge}_init${model.init_strength}
skip_completed: true
update_tracking: false

[2026-04-14 23:28:11,983][__main__][INFO] - Output directory: /zhome/6b/e/212868/GTN/outputs/ntn/mushrooms/MMPO2_rg5_init0.1/L3_bd8_seed47303
[2026-04-14 23:28:11,984][__main__][INFO] - Loading dataset: mushrooms
[2026-04-14 23:28:15,930][__main__][INFO] -   Samples: train=5686, val=1219, test=1219
[2026-04-14 23:28:15,930][__main__][INFO] -   Features: 51 (including bias), Task: classification
[2026-04-14 23:28:15,930][__main__][INFO] -   Device: cuda
[2026-04-14 23:28:15,930][__main__][INFO] - Creating model: MMPO2
Starting Fit: 20 epochs.
Sweep Order: ['0_MPS', '1_MPS', '2_MPS', '1_MPS']
Validation: Using separate validation set for best model selection
Early stopping: patience=10, min_delta=0.001
Init    | Train: loss: 6.10988 | quality: 0.63665
        | Val:   loss: 6.61938 | quality: 0.62346
Epoch 1 | Train: loss: 0.69302 | quality: 0.75062
        | Val:   loss: 0.69302 | quality: 0.75308
 *
Epoch 2 | Train: loss: 0.69315 | quality: 0.49367
        | Val:   loss: 0.69315 | quality: 0.49467

[2026-04-14 23:28:18,653][__main__][ERROR] - CUDA out of memory: CUDA out of memory. Tried to allocate 82.00 MiB. GPU 0 has a total capacity of 31.73 GiB of which 38.75 MiB is free. Including non-PyTorch memory, this process has 31.69 GiB memory in use. Of the allocated memory 31.06 GiB is allocated by PyTorch, and 235.01 MiB is reserved by PyTorch but unallocated. If reserved but unallocated memory is large try setting PYTORCH_CUDA_ALLOC_CONF=expandable_segments:True to avoid fragmentation.  See documentation for Memory Management  (https://docs.pytorch.org/docs/stable/notes/cuda.html#optimizing-memory-usage-with-pytorch-cuda-alloc-conf)
[2026-04-14 23:28:18,664][__main__][INFO] - Results saved to: /zhome/6b/e/212868/GTN/outputs/ntn/mushrooms/MMPO2_rg5_init0.1/L3_bd8_seed47303/results.json
[2026-04-14 23:28:18,664][__main__][WARNING] - ✗ Training failed (CUDA out of memory)
[2026-04-14 23:28:18,664][__main__][INFO] -   Best val_quality before failure: 0.7531
[2026-04-14 23:28:18,693][HYDRA] 	#10 : model.L=3 model.bond_dim=12 seed=42 trainer.ridge=5 trainer.ridge_decay=0.25 trainer.ridge_min=0.0001 +experiment=uci_ntn_sweep model=mmpo2 dataset=mushrooms
[2026-04-14 23:28:18,841][__main__][INFO] - Configuration:
model:
  name: MMPO2
  L: 3
  bond_dim: 12
  output_site: null
  init_strength: 0.1
dataset:
  name: mushrooms
  task: classification
  cap: 50
  size: large
  batch_size: 128
slurm:
  partition: titans
  time: '24:00:00'
  mem: 2gb
  gpu_arch: Ampere
  cpus: 1
  gpu: 1
hpc:
  queue: gpuv100
  time: '24:00'
  mem: 500MB
  cpus: 4
  gpu: 1
trainer:
  type: ntn
  n_epochs: 20
  ridge: 5
  ridge_decay: 0.25
  ridge_min: 0.0001
  adaptive_ridge: false
  patience: 10
  min_delta: 0.001
  train_selection: true
seed: 42
experiment_name: ${model.name}_${dataset.name}_${trainer.type}_rg${trainer.ridge}_init${model.init_strength}
skip_completed: true
update_tracking: false

[2026-04-14 23:28:18,845][__main__][INFO] - Output directory: /zhome/6b/e/212868/GTN/outputs/ntn/mushrooms/MMPO2_rg5_init0.1/L3_bd12_seed42
[2026-04-14 23:28:18,845][__main__][INFO] - Loading dataset: mushrooms
[2026-04-14 23:28:20,856][__main__][INFO] -   Samples: train=5686, val=1219, test=1219
[2026-04-14 23:28:20,856][__main__][INFO] -   Features: 51 (including bias), Task: classification
[2026-04-14 23:28:20,856][__main__][INFO] -   Device: cuda
[2026-04-14 23:28:20,856][__main__][INFO] - Creating model: MMPO2
Starting Fit: 20 epochs.
Sweep Order: ['0_MPS', '1_MPS', '2_MPS', '1_MPS']
Validation: Using separate validation set for best model selection
Early stopping: patience=10, min_delta=0.001
Init    | Train: loss: 14.20808 | quality: 0.44460
        | Val:   loss: 14.22921 | quality: 0.44873
Epoch 1 | Train: loss: 0.69313 | quality: 0.77664
        | Val:   loss: 0.69313 | quality: 0.77523
 *
Epoch 2 | Train: loss: 0.69315 | quality: 0.54819
        | Val:   loss: 0.69315 | quality: 0.54471

[2026-04-14 23:28:26,334][__main__][ERROR] - CUDA out of memory: CUDA out of memory. Tried to allocate 412.00 MiB. GPU 0 has a total capacity of 31.73 GiB of which 264.75 MiB is free. Including non-PyTorch memory, this process has 31.47 GiB memory in use. Of the allocated memory 30.72 GiB is allocated by PyTorch, and 357.48 MiB is reserved by PyTorch but unallocated. If reserved but unallocated memory is large try setting PYTORCH_CUDA_ALLOC_CONF=expandable_segments:True to avoid fragmentation.  See documentation for Memory Management  (https://docs.pytorch.org/docs/stable/notes/cuda.html#optimizing-memory-usage-with-pytorch-cuda-alloc-conf)
[2026-04-14 23:28:26,343][__main__][INFO] - Results saved to: /zhome/6b/e/212868/GTN/outputs/ntn/mushrooms/MMPO2_rg5_init0.1/L3_bd12_seed42/results.json
[2026-04-14 23:28:26,343][__main__][WARNING] - ✗ Training failed (CUDA out of memory)
[2026-04-14 23:28:26,343][__main__][INFO] -   Best val_quality before failure: 0.7752
[2026-04-14 23:28:26,382][HYDRA] 	#11 : model.L=3 model.bond_dim=12 seed=10090 trainer.ridge=5 trainer.ridge_decay=0.25 trainer.ridge_min=0.0001 +experiment=uci_ntn_sweep model=mmpo2 dataset=mushrooms
[2026-04-14 23:28:26,514][__main__][INFO] - Configuration:
model:
  name: MMPO2
  L: 3
  bond_dim: 12
  output_site: null
  init_strength: 0.1
dataset:
  name: mushrooms
  task: classification
  cap: 50
  size: large
  batch_size: 128
slurm:
  partition: titans
  time: '24:00:00'
  mem: 2gb
  gpu_arch: Ampere
  cpus: 1
  gpu: 1
hpc:
  queue: gpuv100
  time: '24:00'
  mem: 500MB
  cpus: 4
  gpu: 1
trainer:
  type: ntn
  n_epochs: 20
  ridge: 5
  ridge_decay: 0.25
  ridge_min: 0.0001
  adaptive_ridge: false
  patience: 10
  min_delta: 0.001
  train_selection: true
seed: 10090
experiment_name: ${model.name}_${dataset.name}_${trainer.type}_rg${trainer.ridge}_init${model.init_strength}
skip_completed: true
update_tracking: false

[2026-04-14 23:28:26,518][__main__][INFO] - Output directory: /zhome/6b/e/212868/GTN/outputs/ntn/mushrooms/MMPO2_rg5_init0.1/L3_bd12_seed10090
[2026-04-14 23:28:26,518][__main__][INFO] - Loading dataset: mushrooms
[2026-04-14 23:28:30,002][__main__][INFO] -   Samples: train=5686, val=1219, test=1219
[2026-04-14 23:28:30,004][__main__][INFO] -   Features: 51 (including bias), Task: classification
[2026-04-14 23:28:30,004][__main__][INFO] -   Device: cuda
[2026-04-14 23:28:30,004][__main__][INFO] - Creating model: MMPO2
Starting Fit: 20 epochs.
Sweep Order: ['0_MPS', '1_MPS', '2_MPS', '1_MPS']
Validation: Using separate validation set for best model selection
Early stopping: patience=10, min_delta=0.001
Init    | Train: loss: 8.71119 | quality: 0.58758
        | Val:   loss: 8.45820 | quality: 0.60049
Epoch 1 | Train: loss: 0.69097 | quality: 0.57756
        | Val:   loss: 0.69102 | quality: 0.57588

Epoch 2 | Train: loss: 0.69315 | quality: 0.51899
        | Val:   loss: 0.69315 | quality: 0.52174

[2026-04-14 23:28:35,381][__main__][ERROR] - CUDA out of memory: CUDA out of memory. Tried to allocate 412.00 MiB. GPU 0 has a total capacity of 31.73 GiB of which 264.75 MiB is free. Including non-PyTorch memory, this process has 31.47 GiB memory in use. Of the allocated memory 30.72 GiB is allocated by PyTorch, and 357.48 MiB is reserved by PyTorch but unallocated. If reserved but unallocated memory is large try setting PYTORCH_CUDA_ALLOC_CONF=expandable_segments:True to avoid fragmentation.  See documentation for Memory Management  (https://docs.pytorch.org/docs/stable/notes/cuda.html#optimizing-memory-usage-with-pytorch-cuda-alloc-conf)
[2026-04-14 23:28:35,403][__main__][INFO] - Results saved to: /zhome/6b/e/212868/GTN/outputs/ntn/mushrooms/MMPO2_rg5_init0.1/L3_bd12_seed10090/results.json
[2026-04-14 23:28:35,403][__main__][WARNING] - ✗ Training failed (CUDA out of memory)
[2026-04-14 23:28:35,404][__main__][INFO] -   Best val_quality before failure: 0.5759
[2026-04-14 23:28:35,433][HYDRA] 	#12 : model.L=3 model.bond_dim=12 seed=32874 trainer.ridge=5 trainer.ridge_decay=0.25 trainer.ridge_min=0.0001 +experiment=uci_ntn_sweep model=mmpo2 dataset=mushrooms
[2026-04-14 23:28:35,570][__main__][INFO] - Configuration:
model:
  name: MMPO2
  L: 3
  bond_dim: 12
  output_site: null
  init_strength: 0.1
dataset:
  name: mushrooms
  task: classification
  cap: 50
  size: large
  batch_size: 128
slurm:
  partition: titans
  time: '24:00:00'
  mem: 2gb
  gpu_arch: Ampere
  cpus: 1
  gpu: 1
hpc:
  queue: gpuv100
  time: '24:00'
  mem: 500MB
  cpus: 4
  gpu: 1
trainer:
  type: ntn
  n_epochs: 20
  ridge: 5
  ridge_decay: 0.25
  ridge_min: 0.0001
  adaptive_ridge: false
  patience: 10
  min_delta: 0.001
  train_selection: true
seed: 32874
experiment_name: ${model.name}_${dataset.name}_${trainer.type}_rg${trainer.ridge}_init${model.init_strength}
skip_completed: true
update_tracking: false

[2026-04-14 23:28:35,579][__main__][INFO] - Output directory: /zhome/6b/e/212868/GTN/outputs/ntn/mushrooms/MMPO2_rg5_init0.1/L3_bd12_seed32874
[2026-04-14 23:28:35,580][__main__][INFO] - Loading dataset: mushrooms
[2026-04-14 23:28:38,343][__main__][INFO] -   Samples: train=5686, val=1219, test=1219
[2026-04-14 23:28:38,344][__main__][INFO] -   Features: 51 (including bias), Task: classification
[2026-04-14 23:28:38,344][__main__][INFO] -   Device: cuda
[2026-04-14 23:28:38,344][__main__][INFO] - Creating model: MMPO2
Starting Fit: 20 epochs.
Sweep Order: ['0_MPS', '1_MPS', '2_MPS', '1_MPS']
Validation: Using separate validation set for best model selection
Early stopping: patience=10, min_delta=0.001
Init    | Train: loss: 18.36111 | quality: 0.39940
        | Val:   loss: 19.25305 | quality: 0.40361
Epoch 1 | Train: loss: 2.63304 | quality: 0.48101
        | Val:   loss: 2.64284 | quality: 0.47826
 *
Epoch 2 | Train: loss: 0.66461 | quality: 0.57756
        | Val:   loss: 0.66504 | quality: 0.57588
 *
[2026-04-14 23:28:43,693][__main__][ERROR] - CUDA out of memory: CUDA out of memory. Tried to allocate 412.00 MiB. GPU 0 has a total capacity of 31.73 GiB of which 264.75 MiB is free. Including non-PyTorch memory, this process has 31.47 GiB memory in use. Of the allocated memory 30.72 GiB is allocated by PyTorch, and 357.48 MiB is reserved by PyTorch but unallocated. If reserved but unallocated memory is large try setting PYTORCH_CUDA_ALLOC_CONF=expandable_segments:True to avoid fragmentation.  See documentation for Memory Management  (https://docs.pytorch.org/docs/stable/notes/cuda.html#optimizing-memory-usage-with-pytorch-cuda-alloc-conf)
[2026-04-14 23:28:43,706][__main__][INFO] - Results saved to: /zhome/6b/e/212868/GTN/outputs/ntn/mushrooms/MMPO2_rg5_init0.1/L3_bd12_seed32874/results.json
[2026-04-14 23:28:43,706][__main__][WARNING] - ✗ Training failed (CUDA out of memory)
[2026-04-14 23:28:43,706][__main__][INFO] -   Best val_quality before failure: 0.5759
[2026-04-14 23:28:43,733][HYDRA] 	#13 : model.L=3 model.bond_dim=12 seed=47311 trainer.ridge=5 trainer.ridge_decay=0.25 trainer.ridge_min=0.0001 +experiment=uci_ntn_sweep model=mmpo2 dataset=mushrooms
[2026-04-14 23:28:43,870][__main__][INFO] - Configuration:
model:
  name: MMPO2
  L: 3
  bond_dim: 12
  output_site: null
  init_strength: 0.1
dataset:
  name: mushrooms
  task: classification
  cap: 50
  size: large
  batch_size: 128
slurm:
  partition: titans
  time: '24:00:00'
  mem: 2gb
  gpu_arch: Ampere
  cpus: 1
  gpu: 1
hpc:
  queue: gpuv100
  time: '24:00'
  mem: 500MB
  cpus: 4
  gpu: 1
trainer:
  type: ntn
  n_epochs: 20
  ridge: 5
  ridge_decay: 0.25
  ridge_min: 0.0001
  adaptive_ridge: false
  patience: 10
  min_delta: 0.001
  train_selection: true
seed: 47311
experiment_name: ${model.name}_${dataset.name}_${trainer.type}_rg${trainer.ridge}_init${model.init_strength}
skip_completed: true
update_tracking: false

[2026-04-14 23:28:43,874][__main__][INFO] - Output directory: /zhome/6b/e/212868/GTN/outputs/ntn/mushrooms/MMPO2_rg5_init0.1/L3_bd12_seed47311
[2026-04-14 23:28:43,875][__main__][INFO] - Loading dataset: mushrooms
[2026-04-14 23:28:48,258][__main__][INFO] -   Samples: train=5686, val=1219, test=1219
[2026-04-14 23:28:48,258][__main__][INFO] -   Features: 51 (including bias), Task: classification
[2026-04-14 23:28:48,258][__main__][INFO] -   Device: cuda
[2026-04-14 23:28:48,258][__main__][INFO] - Creating model: MMPO2
Starting Fit: 20 epochs.
Sweep Order: ['0_MPS', '1_MPS', '2_MPS', '1_MPS']
Validation: Using separate validation set for best model selection
Early stopping: patience=10, min_delta=0.001
Init    | Train: loss: 7.05829 | quality: 0.78473
        | Val:   loss: 7.11521 | quality: 0.77276
Epoch 1 | Train: loss: 0.69275 | quality: 0.82870
        | Val:   loss: 0.69276 | quality: 0.82199
 *
Epoch 2 | Train: loss: 0.69315 | quality: 0.82976
        | Val:   loss: 0.69315 | quality: 0.82199
 *
[2026-04-14 23:28:53,631][__main__][ERROR] - CUDA out of memory: CUDA out of memory. Tried to allocate 412.00 MiB. GPU 0 has a total capacity of 31.73 GiB of which 264.75 MiB is free. Including non-PyTorch memory, this process has 31.47 GiB memory in use. Of the allocated memory 30.72 GiB is allocated by PyTorch, and 357.48 MiB is reserved by PyTorch but unallocated. If reserved but unallocated memory is large try setting PYTORCH_CUDA_ALLOC_CONF=expandable_segments:True to avoid fragmentation.  See documentation for Memory Management  (https://docs.pytorch.org/docs/stable/notes/cuda.html#optimizing-memory-usage-with-pytorch-cuda-alloc-conf)
[2026-04-14 23:28:53,642][__main__][INFO] - Results saved to: /zhome/6b/e/212868/GTN/outputs/ntn/mushrooms/MMPO2_rg5_init0.1/L3_bd12_seed47311/results.json
[2026-04-14 23:28:53,642][__main__][WARNING] - ✗ Training failed (CUDA out of memory)
[2026-04-14 23:28:53,642][__main__][INFO] -   Best val_quality before failure: 0.8220
[2026-04-14 23:28:53,675][HYDRA] 	#14 : model.L=3 model.bond_dim=12 seed=47303 trainer.ridge=5 trainer.ridge_decay=0.25 trainer.ridge_min=0.0001 +experiment=uci_ntn_sweep model=mmpo2 dataset=mushrooms
[2026-04-14 23:28:53,808][__main__][INFO] - Configuration:
model:
  name: MMPO2
  L: 3
  bond_dim: 12
  output_site: null
  init_strength: 0.1
dataset:
  name: mushrooms
  task: classification
  cap: 50
  size: large
  batch_size: 128
slurm:
  partition: titans
  time: '24:00:00'
  mem: 2gb
  gpu_arch: Ampere
  cpus: 1
  gpu: 1
hpc:
  queue: gpuv100
  time: '24:00'
  mem: 500MB
  cpus: 4
  gpu: 1
trainer:
  type: ntn
  n_epochs: 20
  ridge: 5
  ridge_decay: 0.25
  ridge_min: 0.0001
  adaptive_ridge: false
  patience: 10
  min_delta: 0.001
  train_selection: true
seed: 47303
experiment_name: ${model.name}_${dataset.name}_${trainer.type}_rg${trainer.ridge}_init${model.init_strength}
skip_completed: true
update_tracking: false

[2026-04-14 23:28:53,812][__main__][INFO] - Output directory: /zhome/6b/e/212868/GTN/outputs/ntn/mushrooms/MMPO2_rg5_init0.1/L3_bd12_seed47303
[2026-04-14 23:28:53,812][__main__][INFO] - Loading dataset: mushrooms
[2026-04-14 23:28:57,354][__main__][INFO] -   Samples: train=5686, val=1219, test=1219
[2026-04-14 23:28:57,354][__main__][INFO] -   Features: 51 (including bias), Task: classification
[2026-04-14 23:28:57,354][__main__][INFO] -   Device: cuda
[2026-04-14 23:28:57,354][__main__][INFO] - Creating model: MMPO2
Starting Fit: 20 epochs.
Sweep Order: ['0_MPS', '1_MPS', '2_MPS', '1_MPS']
Validation: Using separate validation set for best model selection
Early stopping: patience=10, min_delta=0.001
Init    | Train: loss: 6.75188 | quality: 0.54344
        | Val:   loss: 7.06700 | quality: 0.53651
Epoch 1 | Train: loss: 0.69314 | quality: 0.48101
        | Val:   loss: 0.69314 | quality: 0.47826

Epoch 2 | Train: loss: 0.69315 | quality: 0.48101
        | Val:   loss: 0.69315 | quality: 0.47826

[2026-04-14 23:29:02,759][__main__][ERROR] - CUDA out of memory: CUDA out of memory. Tried to allocate 412.00 MiB. GPU 0 has a total capacity of 31.73 GiB of which 264.75 MiB is free. Including non-PyTorch memory, this process has 31.47 GiB memory in use. Of the allocated memory 30.72 GiB is allocated by PyTorch, and 357.48 MiB is reserved by PyTorch but unallocated. If reserved but unallocated memory is large try setting PYTORCH_CUDA_ALLOC_CONF=expandable_segments:True to avoid fragmentation.  See documentation for Memory Management  (https://docs.pytorch.org/docs/stable/notes/cuda.html#optimizing-memory-usage-with-pytorch-cuda-alloc-conf)
[2026-04-14 23:29:02,835][__main__][INFO] - Results saved to: /zhome/6b/e/212868/GTN/outputs/ntn/mushrooms/MMPO2_rg5_init0.1/L3_bd12_seed47303/results.json
[2026-04-14 23:29:02,836][__main__][WARNING] - ✗ Training failed (CUDA out of memory)
[2026-04-14 23:29:02,836][__main__][INFO] -   Best val_quality before failure: 0.4783
[2026-04-14 23:29:02,863][HYDRA] 	#15 : model.L=4 model.bond_dim=4 seed=42 trainer.ridge=5 trainer.ridge_decay=0.25 trainer.ridge_min=0.0001 +experiment=uci_ntn_sweep model=mmpo2 dataset=mushrooms
[2026-04-14 23:29:03,004][__main__][INFO] - Configuration:
model:
  name: MMPO2
  L: 4
  bond_dim: 4
  output_site: null
  init_strength: 0.1
dataset:
  name: mushrooms
  task: classification
  cap: 50
  size: large
  batch_size: 128
slurm:
  partition: titans
  time: '24:00:00'
  mem: 2gb
  gpu_arch: Ampere
  cpus: 1
  gpu: 1
hpc:
  queue: gpuv100
  time: '24:00'
  mem: 500MB
  cpus: 4
  gpu: 1
trainer:
  type: ntn
  n_epochs: 20
  ridge: 5
  ridge_decay: 0.25
  ridge_min: 0.0001
  adaptive_ridge: false
  patience: 10
  min_delta: 0.001
  train_selection: true
seed: 42
experiment_name: ${model.name}_${dataset.name}_${trainer.type}_rg${trainer.ridge}_init${model.init_strength}
skip_completed: true
update_tracking: false

[2026-04-14 23:29:03,008][__main__][INFO] - Output directory: /zhome/6b/e/212868/GTN/outputs/ntn/mushrooms/MMPO2_rg5_init0.1/L4_bd4_seed42
[2026-04-14 23:29:03,008][__main__][INFO] - Loading dataset: mushrooms
[2026-04-14 23:29:06,822][__main__][INFO] -   Samples: train=5686, val=1219, test=1219
[2026-04-14 23:29:06,823][__main__][INFO] -   Features: 51 (including bias), Task: classification
[2026-04-14 23:29:06,823][__main__][INFO] -   Device: cuda
[2026-04-14 23:29:06,823][__main__][INFO] - Creating model: MMPO2
Starting Fit: 20 epochs.
Sweep Order: ['0_MPS', '1_MPS', '2_MPS', '3_MPS', '2_MPS', '1_MPS']
Validation: Using separate validation set for best model selection
Early stopping: patience=10, min_delta=0.001
Init    | Train: loss: 30.81653 | quality: 0.56437
        | Val:   loss: 31.00286 | quality: 0.55947
[2026-04-14 23:29:11,479][__main__][ERROR] - CUDA out of memory: CUDA out of memory. Tried to allocate 1.01 GiB. GPU 0 has a total capacity of 31.73 GiB of which 546.75 MiB is free. Including non-PyTorch memory, this process has 31.20 GiB memory in use. Of the allocated memory 30.74 GiB is allocated by PyTorch, and 55.01 MiB is reserved by PyTorch but unallocated. If reserved but unallocated memory is large try setting PYTORCH_CUDA_ALLOC_CONF=expandable_segments:True to avoid fragmentation.  See documentation for Memory Management  (https://docs.pytorch.org/docs/stable/notes/cuda.html#optimizing-memory-usage-with-pytorch-cuda-alloc-conf)
[2026-04-14 23:29:11,500][__main__][INFO] - Results saved to: /zhome/6b/e/212868/GTN/outputs/ntn/mushrooms/MMPO2_rg5_init0.1/L4_bd4_seed42/results.json
[2026-04-14 23:29:11,500][__main__][WARNING] - ✗ Training failed (CUDA out of memory)
[2026-04-14 23:29:11,505][HYDRA] 	#16 : model.L=4 model.bond_dim=4 seed=10090 trainer.ridge=5 trainer.ridge_decay=0.25 trainer.ridge_min=0.0001 +experiment=uci_ntn_sweep model=mmpo2 dataset=mushrooms
[2026-04-14 23:29:11,667][__main__][INFO] - Configuration:
model:
  name: MMPO2
  L: 4
  bond_dim: 4
  output_site: null
  init_strength: 0.1
dataset:
  name: mushrooms
  task: classification
  cap: 50
  size: large
  batch_size: 128
slurm:
  partition: titans
  time: '24:00:00'
  mem: 2gb
  gpu_arch: Ampere
  cpus: 1
  gpu: 1
hpc:
  queue: gpuv100
  time: '24:00'
  mem: 500MB
  cpus: 4
  gpu: 1
trainer:
  type: ntn
  n_epochs: 20
  ridge: 5
  ridge_decay: 0.25
  ridge_min: 0.0001
  adaptive_ridge: false
  patience: 10
  min_delta: 0.001
  train_selection: true
seed: 10090
experiment_name: ${model.name}_${dataset.name}_${trainer.type}_rg${trainer.ridge}_init${model.init_strength}
skip_completed: true
update_tracking: false

[2026-04-14 23:29:11,674][__main__][INFO] - Output directory: /zhome/6b/e/212868/GTN/outputs/ntn/mushrooms/MMPO2_rg5_init0.1/L4_bd4_seed10090
[2026-04-14 23:29:11,675][__main__][INFO] - Loading dataset: mushrooms
[2026-04-14 23:29:13,552][__main__][INFO] -   Samples: train=5686, val=1219, test=1219
[2026-04-14 23:29:13,553][__main__][INFO] -   Features: 51 (including bias), Task: classification
[2026-04-14 23:29:13,553][__main__][INFO] -   Device: cuda
[2026-04-14 23:29:13,553][__main__][INFO] - Creating model: MMPO2
Starting Fit: 20 epochs.
Sweep Order: ['0_MPS', '1_MPS', '2_MPS', '3_MPS', '2_MPS', '1_MPS']
Validation: Using separate validation set for best model selection
Early stopping: patience=10, min_delta=0.001
Init    | Train: loss: 38.51613 | quality: 0.50879
        | Val:   loss: 39.59597 | quality: 0.49057
[2026-04-14 23:29:18,098][__main__][ERROR] - CUDA out of memory: CUDA out of memory. Tried to allocate 1.01 GiB. GPU 0 has a total capacity of 31.73 GiB of which 546.75 MiB is free. Including non-PyTorch memory, this process has 31.20 GiB memory in use. Of the allocated memory 30.74 GiB is allocated by PyTorch, and 55.01 MiB is reserved by PyTorch but unallocated. If reserved but unallocated memory is large try setting PYTORCH_CUDA_ALLOC_CONF=expandable_segments:True to avoid fragmentation.  See documentation for Memory Management  (https://docs.pytorch.org/docs/stable/notes/cuda.html#optimizing-memory-usage-with-pytorch-cuda-alloc-conf)
[2026-04-14 23:29:18,112][__main__][INFO] - Results saved to: /zhome/6b/e/212868/GTN/outputs/ntn/mushrooms/MMPO2_rg5_init0.1/L4_bd4_seed10090/results.json
[2026-04-14 23:29:18,112][__main__][WARNING] - ✗ Training failed (CUDA out of memory)
[2026-04-14 23:29:18,116][HYDRA] 	#17 : model.L=4 model.bond_dim=4 seed=32874 trainer.ridge=5 trainer.ridge_decay=0.25 trainer.ridge_min=0.0001 +experiment=uci_ntn_sweep model=mmpo2 dataset=mushrooms
[2026-04-14 23:29:18,249][__main__][INFO] - Configuration:
model:
  name: MMPO2
  L: 4
  bond_dim: 4
  output_site: null
  init_strength: 0.1
dataset:
  name: mushrooms
  task: classification
  cap: 50
  size: large
  batch_size: 128
slurm:
  partition: titans
  time: '24:00:00'
  mem: 2gb
  gpu_arch: Ampere
  cpus: 1
  gpu: 1
hpc:
  queue: gpuv100
  time: '24:00'
  mem: 500MB
  cpus: 4
  gpu: 1
trainer:
  type: ntn
  n_epochs: 20
  ridge: 5
  ridge_decay: 0.25
  ridge_min: 0.0001
  adaptive_ridge: false
  patience: 10
  min_delta: 0.001
  train_selection: true
seed: 32874
experiment_name: ${model.name}_${dataset.name}_${trainer.type}_rg${trainer.ridge}_init${model.init_strength}
skip_completed: true
update_tracking: false

[2026-04-14 23:29:18,252][__main__][INFO] - Output directory: /zhome/6b/e/212868/GTN/outputs/ntn/mushrooms/MMPO2_rg5_init0.1/L4_bd4_seed32874
[2026-04-14 23:29:18,253][__main__][INFO] - Loading dataset: mushrooms
[2026-04-14 23:29:20,952][__main__][INFO] -   Samples: train=5686, val=1219, test=1219
[2026-04-14 23:29:20,953][__main__][INFO] -   Features: 51 (including bias), Task: classification
[2026-04-14 23:29:20,953][__main__][INFO] -   Device: cuda
[2026-04-14 23:29:20,953][__main__][INFO] - Creating model: MMPO2
Starting Fit: 20 epochs.
Sweep Order: ['0_MPS', '1_MPS', '2_MPS', '3_MPS', '2_MPS', '1_MPS']
Validation: Using separate validation set for best model selection
Early stopping: patience=10, min_delta=0.001
Init    | Train: loss: 15.22448 | quality: 0.59603
        | Val:   loss: 15.07833 | quality: 0.58901
[2026-04-14 23:29:25,509][__main__][ERROR] - CUDA out of memory: CUDA out of memory. Tried to allocate 1.01 GiB. GPU 0 has a total capacity of 31.73 GiB of which 546.75 MiB is free. Including non-PyTorch memory, this process has 31.20 GiB memory in use. Of the allocated memory 30.74 GiB is allocated by PyTorch, and 55.01 MiB is reserved by PyTorch but unallocated. If reserved but unallocated memory is large try setting PYTORCH_CUDA_ALLOC_CONF=expandable_segments:True to avoid fragmentation.  See documentation for Memory Management  (https://docs.pytorch.org/docs/stable/notes/cuda.html#optimizing-memory-usage-with-pytorch-cuda-alloc-conf)
[2026-04-14 23:29:25,524][__main__][INFO] - Results saved to: /zhome/6b/e/212868/GTN/outputs/ntn/mushrooms/MMPO2_rg5_init0.1/L4_bd4_seed32874/results.json
[2026-04-14 23:29:25,524][__main__][WARNING] - ✗ Training failed (CUDA out of memory)
[2026-04-14 23:29:25,574][HYDRA] 	#18 : model.L=4 model.bond_dim=4 seed=47311 trainer.ridge=5 trainer.ridge_decay=0.25 trainer.ridge_min=0.0001 +experiment=uci_ntn_sweep model=mmpo2 dataset=mushrooms
[2026-04-14 23:29:25,707][__main__][INFO] - Configuration:
model:
  name: MMPO2
  L: 4
  bond_dim: 4
  output_site: null
  init_strength: 0.1
dataset:
  name: mushrooms
  task: classification
  cap: 50
  size: large
  batch_size: 128
slurm:
  partition: titans
  time: '24:00:00'
  mem: 2gb
  gpu_arch: Ampere
  cpus: 1
  gpu: 1
hpc:
  queue: gpuv100
  time: '24:00'
  mem: 500MB
  cpus: 4
  gpu: 1
trainer:
  type: ntn
  n_epochs: 20
  ridge: 5
  ridge_decay: 0.25
  ridge_min: 0.0001
  adaptive_ridge: false
  patience: 10
  min_delta: 0.001
  train_selection: true
seed: 47311
experiment_name: ${model.name}_${dataset.name}_${trainer.type}_rg${trainer.ridge}_init${model.init_strength}
skip_completed: true
update_tracking: false

[2026-04-14 23:29:25,711][__main__][INFO] - Output directory: /zhome/6b/e/212868/GTN/outputs/ntn/mushrooms/MMPO2_rg5_init0.1/L4_bd4_seed47311
[2026-04-14 23:29:25,711][__main__][INFO] - Loading dataset: mushrooms
[2026-04-14 23:29:28,698][__main__][INFO] -   Samples: train=5686, val=1219, test=1219
[2026-04-14 23:29:28,699][__main__][INFO] -   Features: 51 (including bias), Task: classification
[2026-04-14 23:29:28,699][__main__][INFO] -   Device: cuda
[2026-04-14 23:29:28,699][__main__][INFO] - Creating model: MMPO2
Starting Fit: 20 epochs.
Sweep Order: ['0_MPS', '1_MPS', '2_MPS', '3_MPS', '2_MPS', '1_MPS']
Validation: Using separate validation set for best model selection
Early stopping: patience=10, min_delta=0.001
Init    | Train: loss: 11.17162 | quality: 0.43598
        | Val:   loss: 10.86494 | quality: 0.44545
[2026-04-14 23:29:33,258][__main__][ERROR] - CUDA out of memory: CUDA out of memory. Tried to allocate 1.01 GiB. GPU 0 has a total capacity of 31.73 GiB of which 546.75 MiB is free. Including non-PyTorch memory, this process has 31.20 GiB memory in use. Of the allocated memory 30.74 GiB is allocated by PyTorch, and 55.01 MiB is reserved by PyTorch but unallocated. If reserved but unallocated memory is large try setting PYTORCH_CUDA_ALLOC_CONF=expandable_segments:True to avoid fragmentation.  See documentation for Memory Management  (https://docs.pytorch.org/docs/stable/notes/cuda.html#optimizing-memory-usage-with-pytorch-cuda-alloc-conf)
[2026-04-14 23:29:33,282][__main__][INFO] - Results saved to: /zhome/6b/e/212868/GTN/outputs/ntn/mushrooms/MMPO2_rg5_init0.1/L4_bd4_seed47311/results.json
[2026-04-14 23:29:33,282][__main__][WARNING] - ✗ Training failed (CUDA out of memory)
[2026-04-14 23:29:33,287][HYDRA] 	#19 : model.L=4 model.bond_dim=4 seed=47303 trainer.ridge=5 trainer.ridge_decay=0.25 trainer.ridge_min=0.0001 +experiment=uci_ntn_sweep model=mmpo2 dataset=mushrooms
[2026-04-14 23:29:33,437][__main__][INFO] - Configuration:
model:
  name: MMPO2
  L: 4
  bond_dim: 4
  output_site: null
  init_strength: 0.1
dataset:
  name: mushrooms
  task: classification
  cap: 50
  size: large
  batch_size: 128
slurm:
  partition: titans
  time: '24:00:00'
  mem: 2gb
  gpu_arch: Ampere
  cpus: 1
  gpu: 1
hpc:
  queue: gpuv100
  time: '24:00'
  mem: 500MB
  cpus: 4
  gpu: 1
trainer:
  type: ntn
  n_epochs: 20
  ridge: 5
  ridge_decay: 0.25
  ridge_min: 0.0001
  adaptive_ridge: false
  patience: 10
  min_delta: 0.001
  train_selection: true
seed: 47303
experiment_name: ${model.name}_${dataset.name}_${trainer.type}_rg${trainer.ridge}_init${model.init_strength}
skip_completed: true
update_tracking: false

[2026-04-14 23:29:33,440][__main__][INFO] - Output directory: /zhome/6b/e/212868/GTN/outputs/ntn/mushrooms/MMPO2_rg5_init0.1/L4_bd4_seed47303
[2026-04-14 23:29:33,441][__main__][INFO] - Loading dataset: mushrooms
[2026-04-14 23:29:36,374][__main__][INFO] -   Samples: train=5686, val=1219, test=1219
[2026-04-14 23:29:36,375][__main__][INFO] -   Features: 51 (including bias), Task: classification
[2026-04-14 23:29:36,375][__main__][INFO] -   Device: cuda
[2026-04-14 23:29:36,375][__main__][INFO] - Creating model: MMPO2
Starting Fit: 20 epochs.
Sweep Order: ['0_MPS', '1_MPS', '2_MPS', '3_MPS', '2_MPS', '1_MPS']
Validation: Using separate validation set for best model selection
Early stopping: patience=10, min_delta=0.001
Init    | Train: loss: 17.73016 | quality: 0.67482
        | Val:   loss: 18.29937 | quality: 0.66038
[2026-04-14 23:29:40,917][__main__][ERROR] - CUDA out of memory: CUDA out of memory. Tried to allocate 1.01 GiB. GPU 0 has a total capacity of 31.73 GiB of which 546.75 MiB is free. Including non-PyTorch memory, this process has 31.20 GiB memory in use. Of the allocated memory 30.74 GiB is allocated by PyTorch, and 55.01 MiB is reserved by PyTorch but unallocated. If reserved but unallocated memory is large try setting PYTORCH_CUDA_ALLOC_CONF=expandable_segments:True to avoid fragmentation.  See documentation for Memory Management  (https://docs.pytorch.org/docs/stable/notes/cuda.html#optimizing-memory-usage-with-pytorch-cuda-alloc-conf)
[2026-04-14 23:29:40,931][__main__][INFO] - Results saved to: /zhome/6b/e/212868/GTN/outputs/ntn/mushrooms/MMPO2_rg5_init0.1/L4_bd4_seed47303/results.json
[2026-04-14 23:29:40,931][__main__][WARNING] - ✗ Training failed (CUDA out of memory)
[2026-04-14 23:29:40,934][HYDRA] 	#20 : model.L=4 model.bond_dim=8 seed=42 trainer.ridge=5 trainer.ridge_decay=0.25 trainer.ridge_min=0.0001 +experiment=uci_ntn_sweep model=mmpo2 dataset=mushrooms
[2026-04-14 23:29:41,065][__main__][INFO] - Configuration:
model:
  name: MMPO2
  L: 4
  bond_dim: 8
  output_site: null
  init_strength: 0.1
dataset:
  name: mushrooms
  task: classification
  cap: 50
  size: large
  batch_size: 128
slurm:
  partition: titans
  time: '24:00:00'
  mem: 2gb
  gpu_arch: Ampere
  cpus: 1
  gpu: 1
hpc:
  queue: gpuv100
  time: '24:00'
  mem: 500MB
  cpus: 4
  gpu: 1
trainer:
  type: ntn
  n_epochs: 20
  ridge: 5
  ridge_decay: 0.25
  ridge_min: 0.0001
  adaptive_ridge: false
  patience: 10
  min_delta: 0.001
  train_selection: true
seed: 42
experiment_name: ${model.name}_${dataset.name}_${trainer.type}_rg${trainer.ridge}_init${model.init_strength}
skip_completed: true
update_tracking: false

[2026-04-14 23:29:41,068][__main__][INFO] - Output directory: /zhome/6b/e/212868/GTN/outputs/ntn/mushrooms/MMPO2_rg5_init0.1/L4_bd8_seed42
[2026-04-14 23:29:41,069][__main__][INFO] - Loading dataset: mushrooms
[2026-04-14 23:29:45,211][__main__][INFO] -   Samples: train=5686, val=1219, test=1219
[2026-04-14 23:29:45,211][__main__][INFO] -   Features: 51 (including bias), Task: classification
[2026-04-14 23:29:45,211][__main__][INFO] -   Device: cuda
[2026-04-14 23:29:45,211][__main__][INFO] - Creating model: MMPO2
Starting Fit: 20 epochs.
Sweep Order: ['0_MPS', '1_MPS', '2_MPS', '3_MPS', '2_MPS', '1_MPS']
Validation: Using separate validation set for best model selection
Early stopping: patience=10, min_delta=0.001
Init    | Train: loss: 19.52977 | quality: 0.47045
        | Val:   loss: 18.91661 | quality: 0.48154
[2026-04-14 23:30:28,561][__main__][ERROR] - CUDA out of memory: CUDA out of memory. Tried to allocate 1.01 GiB. GPU 0 has a total capacity of 31.73 GiB of which 396.75 MiB is free. Including non-PyTorch memory, this process has 31.34 GiB memory in use. Of the allocated memory 30.52 GiB is allocated by PyTorch, and 427.70 MiB is reserved by PyTorch but unallocated. If reserved but unallocated memory is large try setting PYTORCH_CUDA_ALLOC_CONF=expandable_segments:True to avoid fragmentation.  See documentation for Memory Management  (https://docs.pytorch.org/docs/stable/notes/cuda.html#optimizing-memory-usage-with-pytorch-cuda-alloc-conf)
[2026-04-14 23:30:28,576][__main__][INFO] - Results saved to: /zhome/6b/e/212868/GTN/outputs/ntn/mushrooms/MMPO2_rg5_init0.1/L4_bd8_seed42/results.json
[2026-04-14 23:30:28,576][__main__][WARNING] - ✗ Training failed (CUDA out of memory)
[2026-04-14 23:30:28,585][HYDRA] 	#21 : model.L=4 model.bond_dim=8 seed=10090 trainer.ridge=5 trainer.ridge_decay=0.25 trainer.ridge_min=0.0001 +experiment=uci_ntn_sweep model=mmpo2 dataset=mushrooms
[2026-04-14 23:30:28,934][__main__][INFO] - Configuration:
model:
  name: MMPO2
  L: 4
  bond_dim: 8
  output_site: null
  init_strength: 0.1
dataset:
  name: mushrooms
  task: classification
  cap: 50
  size: large
  batch_size: 128
slurm:
  partition: titans
  time: '24:00:00'
  mem: 2gb
  gpu_arch: Ampere
  cpus: 1
  gpu: 1
hpc:
  queue: gpuv100
  time: '24:00'
  mem: 500MB
  cpus: 4
  gpu: 1
trainer:
  type: ntn
  n_epochs: 20
  ridge: 5
  ridge_decay: 0.25
  ridge_min: 0.0001
  adaptive_ridge: false
  patience: 10
  min_delta: 0.001
  train_selection: true
seed: 10090
experiment_name: ${model.name}_${dataset.name}_${trainer.type}_rg${trainer.ridge}_init${model.init_strength}
skip_completed: true
update_tracking: false

[2026-04-14 23:30:28,937][__main__][INFO] - Output directory: /zhome/6b/e/212868/GTN/outputs/ntn/mushrooms/MMPO2_rg5_init0.1/L4_bd8_seed10090
[2026-04-14 23:30:28,938][__main__][INFO] - Loading dataset: mushrooms
[2026-04-14 23:30:34,361][__main__][INFO] -   Samples: train=5686, val=1219, test=1219
[2026-04-14 23:30:34,362][__main__][INFO] -   Features: 51 (including bias), Task: classification
[2026-04-14 23:30:34,362][__main__][INFO] -   Device: cuda
[2026-04-14 23:30:34,363][__main__][INFO] - Creating model: MMPO2
Starting Fit: 20 epochs.
Sweep Order: ['0_MPS', '1_MPS', '2_MPS', '3_MPS', '2_MPS', '1_MPS']
Validation: Using separate validation set for best model selection
Early stopping: patience=10, min_delta=0.001
Init    | Train: loss: 21.71684 | quality: 0.46483
        | Val:   loss: 20.40903 | quality: 0.49057
[2026-04-14 23:31:17,640][__main__][ERROR] - CUDA out of memory: CUDA out of memory. Tried to allocate 1.01 GiB. GPU 0 has a total capacity of 31.73 GiB of which 396.75 MiB is free. Including non-PyTorch memory, this process has 31.34 GiB memory in use. Of the allocated memory 30.52 GiB is allocated by PyTorch, and 427.70 MiB is reserved by PyTorch but unallocated. If reserved but unallocated memory is large try setting PYTORCH_CUDA_ALLOC_CONF=expandable_segments:True to avoid fragmentation.  See documentation for Memory Management  (https://docs.pytorch.org/docs/stable/notes/cuda.html#optimizing-memory-usage-with-pytorch-cuda-alloc-conf)
[2026-04-14 23:31:17,691][__main__][INFO] - Results saved to: /zhome/6b/e/212868/GTN/outputs/ntn/mushrooms/MMPO2_rg5_init0.1/L4_bd8_seed10090/results.json
[2026-04-14 23:31:17,691][__main__][WARNING] - ✗ Training failed (CUDA out of memory)
[2026-04-14 23:31:17,700][HYDRA] 	#22 : model.L=4 model.bond_dim=8 seed=32874 trainer.ridge=5 trainer.ridge_decay=0.25 trainer.ridge_min=0.0001 +experiment=uci_ntn_sweep model=mmpo2 dataset=mushrooms
[2026-04-14 23:31:17,835][__main__][INFO] - Configuration:
model:
  name: MMPO2
  L: 4
  bond_dim: 8
  output_site: null
  init_strength: 0.1
dataset:
  name: mushrooms
  task: classification
  cap: 50
  size: large
  batch_size: 128
slurm:
  partition: titans
  time: '24:00:00'
  mem: 2gb
  gpu_arch: Ampere
  cpus: 1
  gpu: 1
hpc:
  queue: gpuv100
  time: '24:00'
  mem: 500MB
  cpus: 4
  gpu: 1
trainer:
  type: ntn
  n_epochs: 20
  ridge: 5
  ridge_decay: 0.25
  ridge_min: 0.0001
  adaptive_ridge: false
  patience: 10
  min_delta: 0.001
  train_selection: true
seed: 32874
experiment_name: ${model.name}_${dataset.name}_${trainer.type}_rg${trainer.ridge}_init${model.init_strength}
skip_completed: true
update_tracking: false

[2026-04-14 23:31:17,839][__main__][INFO] - Output directory: /zhome/6b/e/212868/GTN/outputs/ntn/mushrooms/MMPO2_rg5_init0.1/L4_bd8_seed32874
[2026-04-14 23:31:17,840][__main__][INFO] - Loading dataset: mushrooms
[2026-04-14 23:31:21,442][__main__][INFO] -   Samples: train=5686, val=1219, test=1219
[2026-04-14 23:31:21,442][__main__][INFO] -   Features: 51 (including bias), Task: classification
[2026-04-14 23:31:21,442][__main__][INFO] -   Device: cuda
[2026-04-14 23:31:21,443][__main__][INFO] - Creating model: MMPO2
Starting Fit: 20 epochs.
Sweep Order: ['0_MPS', '1_MPS', '2_MPS', '3_MPS', '2_MPS', '1_MPS']
Validation: Using separate validation set for best model selection
Early stopping: patience=10, min_delta=0.001
Init    | Train: loss: 10.95508 | quality: 0.67323
        | Val:   loss: 10.61962 | quality: 0.70139
[2026-04-14 23:32:04,407][__main__][ERROR] - CUDA out of memory: CUDA out of memory. Tried to allocate 1.01 GiB. GPU 0 has a total capacity of 31.73 GiB of which 396.75 MiB is free. Including non-PyTorch memory, this process has 31.34 GiB memory in use. Of the allocated memory 30.52 GiB is allocated by PyTorch, and 427.70 MiB is reserved by PyTorch but unallocated. If reserved but unallocated memory is large try setting PYTORCH_CUDA_ALLOC_CONF=expandable_segments:True to avoid fragmentation.  See documentation for Memory Management  (https://docs.pytorch.org/docs/stable/notes/cuda.html#optimizing-memory-usage-with-pytorch-cuda-alloc-conf)
[2026-04-14 23:32:04,420][__main__][INFO] - Results saved to: /zhome/6b/e/212868/GTN/outputs/ntn/mushrooms/MMPO2_rg5_init0.1/L4_bd8_seed32874/results.json
[2026-04-14 23:32:04,420][__main__][WARNING] - ✗ Training failed (CUDA out of memory)
[2026-04-14 23:32:04,429][HYDRA] 	#23 : model.L=4 model.bond_dim=8 seed=47311 trainer.ridge=5 trainer.ridge_decay=0.25 trainer.ridge_min=0.0001 +experiment=uci_ntn_sweep model=mmpo2 dataset=mushrooms
[2026-04-14 23:32:04,563][__main__][INFO] - Configuration:
model:
  name: MMPO2
  L: 4
  bond_dim: 8
  output_site: null
  init_strength: 0.1
dataset:
  name: mushrooms
  task: classification
  cap: 50
  size: large
  batch_size: 128
slurm:
  partition: titans
  time: '24:00:00'
  mem: 2gb
  gpu_arch: Ampere
  cpus: 1
  gpu: 1
hpc:
  queue: gpuv100
  time: '24:00'
  mem: 500MB
  cpus: 4
  gpu: 1
trainer:
  type: ntn
  n_epochs: 20
  ridge: 5
  ridge_decay: 0.25
  ridge_min: 0.0001
  adaptive_ridge: false
  patience: 10
  min_delta: 0.001
  train_selection: true
seed: 47311
experiment_name: ${model.name}_${dataset.name}_${trainer.type}_rg${trainer.ridge}_init${model.init_strength}
skip_completed: true
update_tracking: false

[2026-04-14 23:32:04,567][__main__][INFO] - Output directory: /zhome/6b/e/212868/GTN/outputs/ntn/mushrooms/MMPO2_rg5_init0.1/L4_bd8_seed47311
[2026-04-14 23:32:04,568][__main__][INFO] - Loading dataset: mushrooms
[2026-04-14 23:32:14,984][__main__][INFO] -   Samples: train=5686, val=1219, test=1219
[2026-04-14 23:32:14,985][__main__][INFO] -   Features: 51 (including bias), Task: classification
[2026-04-14 23:32:14,985][__main__][INFO] -   Device: cuda
[2026-04-14 23:32:14,985][__main__][INFO] - Creating model: MMPO2
Starting Fit: 20 epochs.
Sweep Order: ['0_MPS', '1_MPS', '2_MPS', '3_MPS', '2_MPS', '1_MPS']
Validation: Using separate validation set for best model selection
Early stopping: patience=10, min_delta=0.001
Init    | Train: loss: 20.55375 | quality: 0.48259
        | Val:   loss: 19.88217 | quality: 0.47170
[2026-04-14 23:32:57,978][__main__][ERROR] - CUDA out of memory: CUDA out of memory. Tried to allocate 1.01 GiB. GPU 0 has a total capacity of 31.73 GiB of which 396.75 MiB is free. Including non-PyTorch memory, this process has 31.34 GiB memory in use. Of the allocated memory 30.52 GiB is allocated by PyTorch, and 427.70 MiB is reserved by PyTorch but unallocated. If reserved but unallocated memory is large try setting PYTORCH_CUDA_ALLOC_CONF=expandable_segments:True to avoid fragmentation.  See documentation for Memory Management  (https://docs.pytorch.org/docs/stable/notes/cuda.html#optimizing-memory-usage-with-pytorch-cuda-alloc-conf)
[2026-04-14 23:32:57,993][__main__][INFO] - Results saved to: /zhome/6b/e/212868/GTN/outputs/ntn/mushrooms/MMPO2_rg5_init0.1/L4_bd8_seed47311/results.json
[2026-04-14 23:32:57,993][__main__][WARNING] - ✗ Training failed (CUDA out of memory)
[2026-04-14 23:32:58,002][HYDRA] 	#24 : model.L=4 model.bond_dim=8 seed=47303 trainer.ridge=5 trainer.ridge_decay=0.25 trainer.ridge_min=0.0001 +experiment=uci_ntn_sweep model=mmpo2 dataset=mushrooms
[2026-04-14 23:32:58,137][__main__][INFO] - Configuration:
model:
  name: MMPO2
  L: 4
  bond_dim: 8
  output_site: null
  init_strength: 0.1
dataset:
  name: mushrooms
  task: classification
  cap: 50
  size: large
  batch_size: 128
slurm:
  partition: titans
  time: '24:00:00'
  mem: 2gb
  gpu_arch: Ampere
  cpus: 1
  gpu: 1
hpc:
  queue: gpuv100
  time: '24:00'
  mem: 500MB
  cpus: 4
  gpu: 1
trainer:
  type: ntn
  n_epochs: 20
  ridge: 5
  ridge_decay: 0.25
  ridge_min: 0.0001
  adaptive_ridge: false
  patience: 10
  min_delta: 0.001
  train_selection: true
seed: 47303
experiment_name: ${model.name}_${dataset.name}_${trainer.type}_rg${trainer.ridge}_init${model.init_strength}
skip_completed: true
update_tracking: false

[2026-04-14 23:32:58,140][__main__][INFO] - Output directory: /zhome/6b/e/212868/GTN/outputs/ntn/mushrooms/MMPO2_rg5_init0.1/L4_bd8_seed47303
[2026-04-14 23:32:58,141][__main__][INFO] - Loading dataset: mushrooms
[2026-04-14 23:33:00,643][__main__][INFO] -   Samples: train=5686, val=1219, test=1219
[2026-04-14 23:33:00,644][__main__][INFO] -   Features: 51 (including bias), Task: classification
[2026-04-14 23:33:00,644][__main__][INFO] -   Device: cuda
[2026-04-14 23:33:00,644][__main__][INFO] - Creating model: MMPO2
Starting Fit: 20 epochs.
Sweep Order: ['0_MPS', '1_MPS', '2_MPS', '3_MPS', '2_MPS', '1_MPS']
Validation: Using separate validation set for best model selection
Early stopping: patience=10, min_delta=0.001
Init    | Train: loss: 32.64179 | quality: 0.40116
        | Val:   loss: 32.04658 | quality: 0.41017
[2026-04-14 23:33:43,723][__main__][ERROR] - CUDA out of memory: CUDA out of memory. Tried to allocate 1.01 GiB. GPU 0 has a total capacity of 31.73 GiB of which 396.75 MiB is free. Including non-PyTorch memory, this process has 31.34 GiB memory in use. Of the allocated memory 30.52 GiB is allocated by PyTorch, and 427.70 MiB is reserved by PyTorch but unallocated. If reserved but unallocated memory is large try setting PYTORCH_CUDA_ALLOC_CONF=expandable_segments:True to avoid fragmentation.  See documentation for Memory Management  (https://docs.pytorch.org/docs/stable/notes/cuda.html#optimizing-memory-usage-with-pytorch-cuda-alloc-conf)
[2026-04-14 23:33:43,734][__main__][INFO] - Results saved to: /zhome/6b/e/212868/GTN/outputs/ntn/mushrooms/MMPO2_rg5_init0.1/L4_bd8_seed47303/results.json
[2026-04-14 23:33:43,735][__main__][WARNING] - ✗ Training failed (CUDA out of memory)
[2026-04-14 23:33:43,743][HYDRA] 	#25 : model.L=4 model.bond_dim=12 seed=42 trainer.ridge=5 trainer.ridge_decay=0.25 trainer.ridge_min=0.0001 +experiment=uci_ntn_sweep model=mmpo2 dataset=mushrooms
[2026-04-14 23:33:43,877][__main__][INFO] - Configuration:
model:
  name: MMPO2
  L: 4
  bond_dim: 12
  output_site: null
  init_strength: 0.1
dataset:
  name: mushrooms
  task: classification
  cap: 50
  size: large
  batch_size: 128
slurm:
  partition: titans
  time: '24:00:00'
  mem: 2gb
  gpu_arch: Ampere
  cpus: 1
  gpu: 1
hpc:
  queue: gpuv100
  time: '24:00'
  mem: 500MB
  cpus: 4
  gpu: 1
trainer:
  type: ntn
  n_epochs: 20
  ridge: 5
  ridge_decay: 0.25
  ridge_min: 0.0001
  adaptive_ridge: false
  patience: 10
  min_delta: 0.001
  train_selection: true
seed: 42
experiment_name: ${model.name}_${dataset.name}_${trainer.type}_rg${trainer.ridge}_init${model.init_strength}
skip_completed: true
update_tracking: false

[2026-04-14 23:33:43,881][__main__][INFO] - Output directory: /zhome/6b/e/212868/GTN/outputs/ntn/mushrooms/MMPO2_rg5_init0.1/L4_bd12_seed42
[2026-04-14 23:33:43,881][__main__][INFO] - Loading dataset: mushrooms
[2026-04-14 23:33:46,513][__main__][INFO] -   Samples: train=5686, val=1219, test=1219
[2026-04-14 23:33:46,514][__main__][INFO] -   Features: 51 (including bias), Task: classification
[2026-04-14 23:33:46,514][__main__][INFO] -   Device: cuda
[2026-04-14 23:33:46,514][__main__][INFO] - Creating model: MMPO2
Starting Fit: 20 epochs.
Sweep Order: ['0_MPS', '1_MPS', '2_MPS', '3_MPS', '2_MPS', '1_MPS']
Validation: Using separate validation set for best model selection
Early stopping: patience=10, min_delta=0.001
Init    | Train: loss: 16.77262 | quality: 0.33415
        | Val:   loss: 17.00985 | quality: 0.33798
[2026-04-14 23:34:53,754][__main__][ERROR] - CUDA out of memory: CUDA out of memory. Tried to allocate 1.52 GiB. GPU 0 has a total capacity of 31.73 GiB of which 912.75 MiB is free. Including non-PyTorch memory, this process has 30.84 GiB memory in use. Of the allocated memory 30.38 GiB is allocated by PyTorch, and 55.26 MiB is reserved by PyTorch but unallocated. If reserved but unallocated memory is large try setting PYTORCH_CUDA_ALLOC_CONF=expandable_segments:True to avoid fragmentation.  See documentation for Memory Management  (https://docs.pytorch.org/docs/stable/notes/cuda.html#optimizing-memory-usage-with-pytorch-cuda-alloc-conf)
[2026-04-14 23:34:53,766][__main__][INFO] - Results saved to: /zhome/6b/e/212868/GTN/outputs/ntn/mushrooms/MMPO2_rg5_init0.1/L4_bd12_seed42/results.json
[2026-04-14 23:34:53,766][__main__][WARNING] - ✗ Training failed (CUDA out of memory)
[2026-04-14 23:34:53,775][HYDRA] 	#26 : model.L=4 model.bond_dim=12 seed=10090 trainer.ridge=5 trainer.ridge_decay=0.25 trainer.ridge_min=0.0001 +experiment=uci_ntn_sweep model=mmpo2 dataset=mushrooms
[2026-04-14 23:34:53,910][__main__][INFO] - Configuration:
model:
  name: MMPO2
  L: 4
  bond_dim: 12
  output_site: null
  init_strength: 0.1
dataset:
  name: mushrooms
  task: classification
  cap: 50
  size: large
  batch_size: 128
slurm:
  partition: titans
  time: '24:00:00'
  mem: 2gb
  gpu_arch: Ampere
  cpus: 1
  gpu: 1
hpc:
  queue: gpuv100
  time: '24:00'
  mem: 500MB
  cpus: 4
  gpu: 1
trainer:
  type: ntn
  n_epochs: 20
  ridge: 5
  ridge_decay: 0.25
  ridge_min: 0.0001
  adaptive_ridge: false
  patience: 10
  min_delta: 0.001
  train_selection: true
seed: 10090
experiment_name: ${model.name}_${dataset.name}_${trainer.type}_rg${trainer.ridge}_init${model.init_strength}
skip_completed: true
update_tracking: false

[2026-04-14 23:34:53,914][__main__][INFO] - Output directory: /zhome/6b/e/212868/GTN/outputs/ntn/mushrooms/MMPO2_rg5_init0.1/L4_bd12_seed10090
[2026-04-14 23:34:53,914][__main__][INFO] - Loading dataset: mushrooms
[2026-04-14 23:34:55,796][__main__][INFO] -   Samples: train=5686, val=1219, test=1219
[2026-04-14 23:34:55,797][__main__][INFO] -   Features: 51 (including bias), Task: classification
[2026-04-14 23:34:55,797][__main__][INFO] -   Device: cuda
[2026-04-14 23:34:55,797][__main__][INFO] - Creating model: MMPO2
Starting Fit: 20 epochs.
Sweep Order: ['0_MPS', '1_MPS', '2_MPS', '3_MPS', '2_MPS', '1_MPS']
Validation: Using separate validation set for best model selection
Early stopping: patience=10, min_delta=0.001
Init    | Train: loss: 13.78883 | quality: 0.60429
        | Val:   loss: 14.46458 | quality: 0.57916
[2026-04-14 23:36:00,577][__main__][ERROR] - CUDA out of memory: CUDA out of memory. Tried to allocate 1.52 GiB. GPU 0 has a total capacity of 31.73 GiB of which 912.75 MiB is free. Including non-PyTorch memory, this process has 30.84 GiB memory in use. Of the allocated memory 30.38 GiB is allocated by PyTorch, and 55.26 MiB is reserved by PyTorch but unallocated. If reserved but unallocated memory is large try setting PYTORCH_CUDA_ALLOC_CONF=expandable_segments:True to avoid fragmentation.  See documentation for Memory Management  (https://docs.pytorch.org/docs/stable/notes/cuda.html#optimizing-memory-usage-with-pytorch-cuda-alloc-conf)
[2026-04-14 23:36:00,588][__main__][INFO] - Results saved to: /zhome/6b/e/212868/GTN/outputs/ntn/mushrooms/MMPO2_rg5_init0.1/L4_bd12_seed10090/results.json
[2026-04-14 23:36:00,588][__main__][WARNING] - ✗ Training failed (CUDA out of memory)
[2026-04-14 23:36:00,597][HYDRA] 	#27 : model.L=4 model.bond_dim=12 seed=32874 trainer.ridge=5 trainer.ridge_decay=0.25 trainer.ridge_min=0.0001 +experiment=uci_ntn_sweep model=mmpo2 dataset=mushrooms
[2026-04-14 23:36:00,732][__main__][INFO] - Configuration:
model:
  name: MMPO2
  L: 4
  bond_dim: 12
  output_site: null
  init_strength: 0.1
dataset:
  name: mushrooms
  task: classification
  cap: 50
  size: large
  batch_size: 128
slurm:
  partition: titans
  time: '24:00:00'
  mem: 2gb
  gpu_arch: Ampere
  cpus: 1
  gpu: 1
hpc:
  queue: gpuv100
  time: '24:00'
  mem: 500MB
  cpus: 4
  gpu: 1
trainer:
  type: ntn
  n_epochs: 20
  ridge: 5
  ridge_decay: 0.25
  ridge_min: 0.0001
  adaptive_ridge: false
  patience: 10
  min_delta: 0.001
  train_selection: true
seed: 32874
experiment_name: ${model.name}_${dataset.name}_${trainer.type}_rg${trainer.ridge}_init${model.init_strength}
skip_completed: true
update_tracking: false

[2026-04-14 23:36:00,736][__main__][INFO] - Output directory: /zhome/6b/e/212868/GTN/outputs/ntn/mushrooms/MMPO2_rg5_init0.1/L4_bd12_seed32874
[2026-04-14 23:36:00,736][__main__][INFO] - Loading dataset: mushrooms
[2026-04-14 23:36:04,640][__main__][INFO] -   Samples: train=5686, val=1219, test=1219
[2026-04-14 23:36:04,640][__main__][INFO] -   Features: 51 (including bias), Task: classification
[2026-04-14 23:36:04,640][__main__][INFO] -   Device: cuda
[2026-04-14 23:36:04,640][__main__][INFO] - Creating model: MMPO2
Starting Fit: 20 epochs.
Sweep Order: ['0_MPS', '1_MPS', '2_MPS', '3_MPS', '2_MPS', '1_MPS']
Validation: Using separate validation set for best model selection
Early stopping: patience=10, min_delta=0.001
Init    | Train: loss: 31.02543 | quality: 0.30637
        | Val:   loss: 30.70897 | quality: 0.30599
[2026-04-14 23:37:09,727][__main__][ERROR] - CUDA out of memory: CUDA out of memory. Tried to allocate 1.52 GiB. GPU 0 has a total capacity of 31.73 GiB of which 912.75 MiB is free. Including non-PyTorch memory, this process has 30.84 GiB memory in use. Of the allocated memory 30.38 GiB is allocated by PyTorch, and 55.26 MiB is reserved by PyTorch but unallocated. If reserved but unallocated memory is large try setting PYTORCH_CUDA_ALLOC_CONF=expandable_segments:True to avoid fragmentation.  See documentation for Memory Management  (https://docs.pytorch.org/docs/stable/notes/cuda.html#optimizing-memory-usage-with-pytorch-cuda-alloc-conf)
[2026-04-14 23:37:09,738][__main__][INFO] - Results saved to: /zhome/6b/e/212868/GTN/outputs/ntn/mushrooms/MMPO2_rg5_init0.1/L4_bd12_seed32874/results.json
[2026-04-14 23:37:09,738][__main__][WARNING] - ✗ Training failed (CUDA out of memory)
[2026-04-14 23:37:09,746][HYDRA] 	#28 : model.L=4 model.bond_dim=12 seed=47311 trainer.ridge=5 trainer.ridge_decay=0.25 trainer.ridge_min=0.0001 +experiment=uci_ntn_sweep model=mmpo2 dataset=mushrooms
[2026-04-14 23:37:09,890][__main__][INFO] - Configuration:
model:
  name: MMPO2
  L: 4
  bond_dim: 12
  output_site: null
  init_strength: 0.1
dataset:
  name: mushrooms
  task: classification
  cap: 50
  size: large
  batch_size: 128
slurm:
  partition: titans
  time: '24:00:00'
  mem: 2gb
  gpu_arch: Ampere
  cpus: 1
  gpu: 1
hpc:
  queue: gpuv100
  time: '24:00'
  mem: 500MB
  cpus: 4
  gpu: 1
trainer:
  type: ntn
  n_epochs: 20
  ridge: 5
  ridge_decay: 0.25
  ridge_min: 0.0001
  adaptive_ridge: false
  patience: 10
  min_delta: 0.001
  train_selection: true
seed: 47311
experiment_name: ${model.name}_${dataset.name}_${trainer.type}_rg${trainer.ridge}_init${model.init_strength}
skip_completed: true
update_tracking: false

[2026-04-14 23:37:09,894][__main__][INFO] - Output directory: /zhome/6b/e/212868/GTN/outputs/ntn/mushrooms/MMPO2_rg5_init0.1/L4_bd12_seed47311
[2026-04-14 23:37:09,894][__main__][INFO] - Loading dataset: mushrooms
[2026-04-14 23:37:17,061][__main__][INFO] -   Samples: train=5686, val=1219, test=1219
[2026-04-14 23:37:17,062][__main__][INFO] -   Features: 51 (including bias), Task: classification
[2026-04-14 23:37:17,062][__main__][INFO] -   Device: cuda
[2026-04-14 23:37:17,062][__main__][INFO] - Creating model: MMPO2
Starting Fit: 20 epochs.
Sweep Order: ['0_MPS', '1_MPS', '2_MPS', '3_MPS', '2_MPS', '1_MPS']
Validation: Using separate validation set for best model selection
Early stopping: patience=10, min_delta=0.001
Init    | Train: loss: 56.96373 | quality: 0.44689
        | Val:   loss: 56.81961 | quality: 0.43970
[2026-04-14 23:38:21,887][__main__][ERROR] - CUDA out of memory: CUDA out of memory. Tried to allocate 1.52 GiB. GPU 0 has a total capacity of 31.73 GiB of which 912.75 MiB is free. Including non-PyTorch memory, this process has 30.84 GiB memory in use. Of the allocated memory 30.38 GiB is allocated by PyTorch, and 55.26 MiB is reserved by PyTorch but unallocated. If reserved but unallocated memory is large try setting PYTORCH_CUDA_ALLOC_CONF=expandable_segments:True to avoid fragmentation.  See documentation for Memory Management  (https://docs.pytorch.org/docs/stable/notes/cuda.html#optimizing-memory-usage-with-pytorch-cuda-alloc-conf)
[2026-04-14 23:38:21,920][__main__][INFO] - Results saved to: /zhome/6b/e/212868/GTN/outputs/ntn/mushrooms/MMPO2_rg5_init0.1/L4_bd12_seed47311/results.json
[2026-04-14 23:38:21,920][__main__][WARNING] - ✗ Training failed (CUDA out of memory)
[2026-04-14 23:38:21,929][HYDRA] 	#29 : model.L=4 model.bond_dim=12 seed=47303 trainer.ridge=5 trainer.ridge_decay=0.25 trainer.ridge_min=0.0001 +experiment=uci_ntn_sweep model=mmpo2 dataset=mushrooms
[2026-04-14 23:38:22,068][__main__][INFO] - Configuration:
model:
  name: MMPO2
  L: 4
  bond_dim: 12
  output_site: null
  init_strength: 0.1
dataset:
  name: mushrooms
  task: classification
  cap: 50
  size: large
  batch_size: 128
slurm:
  partition: titans
  time: '24:00:00'
  mem: 2gb
  gpu_arch: Ampere
  cpus: 1
  gpu: 1
hpc:
  queue: gpuv100
  time: '24:00'
  mem: 500MB
  cpus: 4
  gpu: 1
trainer:
  type: ntn
  n_epochs: 20
  ridge: 5
  ridge_decay: 0.25
  ridge_min: 0.0001
  adaptive_ridge: false
  patience: 10
  min_delta: 0.001
  train_selection: true
seed: 47303
experiment_name: ${model.name}_${dataset.name}_${trainer.type}_rg${trainer.ridge}_init${model.init_strength}
skip_completed: true
update_tracking: false

[2026-04-14 23:38:22,072][__main__][INFO] - Output directory: /zhome/6b/e/212868/GTN/outputs/ntn/mushrooms/MMPO2_rg5_init0.1/L4_bd12_seed47303
[2026-04-14 23:38:22,073][__main__][INFO] - Loading dataset: mushrooms
[2026-04-14 23:38:24,100][__main__][INFO] -   Samples: train=5686, val=1219, test=1219
[2026-04-14 23:38:24,101][__main__][INFO] -   Features: 51 (including bias), Task: classification
[2026-04-14 23:38:24,101][__main__][INFO] -   Device: cuda
[2026-04-14 23:38:24,101][__main__][INFO] - Creating model: MMPO2
Starting Fit: 20 epochs.
Sweep Order: ['0_MPS', '1_MPS', '2_MPS', '3_MPS', '2_MPS', '1_MPS']
Validation: Using separate validation set for best model selection
Early stopping: patience=10, min_delta=0.001
Init    | Train: loss: 10.96496 | quality: 0.57773
        | Val:   loss: 10.26585 | quality: 0.57916
[2026-04-14 23:39:28,918][__main__][ERROR] - CUDA out of memory: CUDA out of memory. Tried to allocate 1.52 GiB. GPU 0 has a total capacity of 31.73 GiB of which 912.75 MiB is free. Including non-PyTorch memory, this process has 30.84 GiB memory in use. Of the allocated memory 30.38 GiB is allocated by PyTorch, and 55.26 MiB is reserved by PyTorch but unallocated. If reserved but unallocated memory is large try setting PYTORCH_CUDA_ALLOC_CONF=expandable_segments:True to avoid fragmentation.  See documentation for Memory Management  (https://docs.pytorch.org/docs/stable/notes/cuda.html#optimizing-memory-usage-with-pytorch-cuda-alloc-conf)
[2026-04-14 23:39:28,932][__main__][INFO] - Results saved to: /zhome/6b/e/212868/GTN/outputs/ntn/mushrooms/MMPO2_rg5_init0.1/L4_bd12_seed47303/results.json
[2026-04-14 23:39:28,932][__main__][WARNING] - ✗ Training failed (CUDA out of memory)

------------------------------------------------------------
Sender: LSF System <lsfadmin@hpc.dtu.dk>
Subject: Job 28194368: <ntn-mmpo2-mushrooms> in cluster <dcc> Done

Job <ntn-mmpo2-mushrooms> was submitted from host <hpclogin1> by user <nicci> in cluster <dcc> at Mon Apr 13 09:07:00 2026
Job was executed on host(s) <4*n-62-20-11>, in queue <gpuv100>, as user <nicci> in cluster <dcc> at Tue Apr 14 23:26:47 2026
</zhome/6b/e/212868> was used as the home directory.
</zhome/6b/e/212868/GTN/submit_ntn> was used as the working directory.
Started at Tue Apr 14 23:26:47 2026
Terminated at Tue Apr 14 23:39:29 2026
Results reported at Tue Apr 14 23:39:29 2026

Your job looked like:

------------------------------------------------------------
# LSBATCH: User input
#!/bin/sh
#BSUB -q gpuv100
#BSUB -J ntn-mmpo2-mushrooms
#BSUB -W 24:00
#BSUB -n 4
#BSUB -gpu "num=1:mode=exclusive_process"
#BSUB -R "rusage[mem=500MB]"
#BSUB -R "span[hosts=1]"
#BSUB -o logs/ntn-mmpo2-mushrooms_%J.out
#BSUB -e logs/ntn-mmpo2-mushrooms_%J.err
#BSUB -u nicci@dtu.dk

export HOME=/zhome/6b/e/212868
cd $HOME/GTN
source .venv/bin/activate

set -a && source $HOME/aim && set +a

python run.py --multirun +experiment=uci_ntn_sweep model=mmpo2 dataset=mushrooms

------------------------------------------------------------

Successfully completed.

Resource usage summary:

    CPU time :                                   691.00 sec.
    Max Memory :                                 745 MB
    Average Memory :                             701.50 MB
    Total Requested Memory :                     2000.00 MB
    Delta Memory :                               1255.00 MB
    Max Swap :                                   -
    Max Processes :                              4
    Max Threads :                                10
    Run time :                                   762 sec.
    Turnaround time :                            138749 sec.

The output (if any) is above this job summary.



PS:

Read file <logs/ntn-mmpo2-mushrooms_28194368.err> for stderr output of this job.

