Node: comp-gpu01
Array Job ID: 409998, Task ID: 6
Start: 2026-04-05-19:43:25
Running: model=tnml_f dataset=ai4i
[2026-04-05 19:43:32,737][HYDRA] Launching 1 jobs locally
[2026-04-05 19:43:32,737][HYDRA] 	#0 : trainer=gtn model=tnml_f dataset=ai4i
[2026-04-05 19:43:32,873][__main__][INFO] - Configuration:
model:
  name: TNML_F
  L: 3
  bond_dim: 6
  output_site: null
  init_strength: 0.1
dataset:
  name: ai4i
  task: regression
  cap: 50
  size: large
  batch_size: 128
slurm:
  partition: titans
  time: '24:00:00'
  mem: 2gb
  gpu_arch: Ampere
  cpus: 1
  gpu: 1
hpc:
  queue: gpuv100
  time: '24:00'
  mem: 500MB
  cpus: 4
  gpu: 1
trainer:
  type: gtn
  n_epochs: 1000
  lr: 0.005
  optimizer: adamw
  ridge: 0.005
  loss_fn: null
  patience: 100
  min_delta: 0.001
  train_selection: true
seed: 42
experiment_name: ${model.name}_${dataset.name}_${trainer.type}_rg${trainer.ridge}_init${model.init_strength}
skip_completed: true
update_tracking: false

[2026-04-05 19:43:32,878][__main__][INFO] - Output directory: /home/nicci/GTN/outputs/gtn/ai4i/TNML_F_rg0.005_init0.1/L3_bd6_seed42
[2026-04-05 19:43:32,948][utils.tracking][INFO] - Loaded 14828 tracked runs from runs_tracking.csv
[2026-04-05 19:43:32,950][__main__][INFO] - Loading dataset: ai4i
[2026-04-05 19:43:35,112][__main__][INFO] -   Samples: train=7000, val=1500, test=1500
[2026-04-05 19:43:35,112][__main__][INFO] -   Features: 10 (including bias), Task: regression
[2026-04-05 19:43:35,112][__main__][INFO] -   Device: cuda
[2026-04-05 19:43:35,112][__main__][INFO] - Creating model: TNML_F
[2026-04-05 19:46:47,573][__main__][INFO] - Early stopping at epoch 324 (no improvement for 100 epochs)
[2026-04-05 19:46:47,586][__main__][INFO] - Results saved to: /home/nicci/GTN/outputs/gtn/ai4i/TNML_F_rg0.005_init0.1/L3_bd6_seed42/results.json
[2026-04-05 19:46:47,586][__main__][INFO] - ✓ Train R²: -0.0179
[2026-04-05 19:46:47,586][__main__][INFO] - ✓ Val R²: -0.0313
Done: 2026-04-05-19:46:48
