Node: comp-gpu01
Array Job ID: 409953, Task ID: 1
Start: 2026-04-05-12:58:42
Running: model=tnml_p dataset=abalone
[2026-04-05 12:58:49,057][HYDRA] Launching 1 jobs locally
[2026-04-05 12:58:49,057][HYDRA] 	#0 : trainer=gtn model=tnml_p dataset=abalone
[2026-04-05 12:58:49,192][__main__][INFO] - Configuration:
model:
  name: TNML_P
  L: 3
  bond_dim: 6
  output_site: null
  init_strength: 0.1
dataset:
  name: abalone
  task: regression
  cap: 50
  size: large
  batch_size: 128
slurm:
  partition: titans
  time: '24:00:00'
  mem: 2gb
  gpu_arch: Ampere
  cpus: 1
  gpu: 1
hpc:
  queue: gpuv100
  time: '24:00'
  mem: 500MB
  cpus: 4
  gpu: 1
trainer:
  type: gtn
  n_epochs: 1000
  lr: 0.005
  optimizer: adamw
  ridge: 0.005
  loss_fn: null
  patience: 100
  min_delta: 0.001
  train_selection: true
seed: 42
experiment_name: ${model.name}_${dataset.name}_${trainer.type}_rg${trainer.ridge}_init${model.init_strength}
skip_completed: true
update_tracking: false

[2026-04-05 12:58:49,195][__main__][INFO] - Output directory: /home/nicci/GTN/outputs/gtn/abalone/TNML_P_rg0.005_init0.1/L3_bd6_seed42
[2026-04-05 12:58:49,258][utils.tracking][INFO] - Loaded 14828 tracked runs from runs_tracking.csv
[2026-04-05 12:58:49,260][__main__][INFO] - Loading dataset: abalone
[2026-04-05 12:58:51,709][__main__][INFO] -   Samples: train=2923, val=627, test=627
[2026-04-05 12:58:51,710][__main__][INFO] -   Features: 12 (including bias), Task: regression
[2026-04-05 12:58:51,710][__main__][INFO] -   Device: cuda
[2026-04-05 12:58:51,710][__main__][INFO] - Creating model: TNML_P
Done: 2026-04-05-12:58:54
