Node: comp-gpu05
Array Job ID: 409193, Task ID: 5
Start: 2026-04-01-22:07:24
Running: model=cpda dataset=concrete
[2026-04-01 22:07:34,905][HYDRA] Launching 40 jobs locally
[2026-04-01 22:07:34,905][HYDRA] 	#0 : model.L=3 model.bond_dim=8 seed=42 trainer.lr=0.005 trainer.ridge=0.005 trainer.optimizer=adamw +experiment=cpda_gtn_sweep model=cpda dataset=concrete
[2026-04-01 22:07:35,016][__main__][INFO] - Configuration:
model:
  name: CPDA
  L: 3
  bond_dim: 8
  output_site: null
  init_strength: 0.1
dataset:
  name: concrete
  task: regression
  cap: 50
  size: medium
  batch_size: 256
slurm:
  partition: titans
  time: '12:00:00'
  mem: 2gb
  gpu_arch: Ampere
  cpus: 1
  gpu: 1
hpc:
  queue: gpuv100
  time: '12:00'
  mem: 500MB
  cpus: 4
  gpu: 1
trainer:
  type: gtn
  n_epochs: 1000
  lr: 0.005
  optimizer: adamw
  ridge: 0.005
  loss_fn: null
  patience: 100
  min_delta: 0.001
  train_selection: true
seed: 42
experiment_name: ${model.name}_${dataset.name}_${trainer.type}_rg${trainer.ridge}_init${model.init_strength}
skip_completed: true

[2026-04-01 22:07:35,019][__main__][INFO] - Output directory: /home/nicci/GTN/outputs/gtn/concrete/CPDA_rg0.005_init0.1/L3_bd8_seed42
[2026-04-01 22:07:35,019][__main__][INFO] - Loading dataset: concrete
[2026-04-01 22:07:36,810][__main__][INFO] -   Samples: train=721, val=154, test=155
[2026-04-01 22:07:36,811][__main__][INFO] -   Features: 9 (including bias), Task: regression
[2026-04-01 22:07:36,811][__main__][INFO] -   Device: cuda
[2026-04-01 22:07:36,811][__main__][INFO] - Creating model: CPDA
[2026-04-01 22:07:57,608][__main__][INFO] - Results saved to: /home/nicci/GTN/outputs/gtn/concrete/CPDA_rg0.005_init0.1/L3_bd8_seed42/results.json
[2026-04-01 22:07:57,608][__main__][INFO] - ✓ Train R²: 0.6745
[2026-04-01 22:07:57,608][__main__][INFO] - ✓ Val R²: 0.4435
[2026-04-01 22:07:57,610][HYDRA] 	#1 : model.L=3 model.bond_dim=8 seed=10090 trainer.lr=0.005 trainer.ridge=0.005 trainer.optimizer=adamw +experiment=cpda_gtn_sweep model=cpda dataset=concrete
[2026-04-01 22:07:57,724][__main__][INFO] - Configuration:
model:
  name: CPDA
  L: 3
  bond_dim: 8
  output_site: null
  init_strength: 0.1
dataset:
  name: concrete
  task: regression
  cap: 50
  size: medium
  batch_size: 256
slurm:
  partition: titans
  time: '12:00:00'
  mem: 2gb
  gpu_arch: Ampere
  cpus: 1
  gpu: 1
hpc:
  queue: gpuv100
  time: '12:00'
  mem: 500MB
  cpus: 4
  gpu: 1
trainer:
  type: gtn
  n_epochs: 1000
  lr: 0.005
  optimizer: adamw
  ridge: 0.005
  loss_fn: null
  patience: 100
  min_delta: 0.001
  train_selection: true
seed: 10090
experiment_name: ${model.name}_${dataset.name}_${trainer.type}_rg${trainer.ridge}_init${model.init_strength}
skip_completed: true

[2026-04-01 22:07:57,726][__main__][INFO] - Output directory: /home/nicci/GTN/outputs/gtn/concrete/CPDA_rg0.005_init0.1/L3_bd8_seed10090
[2026-04-01 22:07:57,726][__main__][INFO] - Loading dataset: concrete
[2026-04-01 22:07:59,045][__main__][INFO] -   Samples: train=721, val=154, test=155
[2026-04-01 22:07:59,045][__main__][INFO] -   Features: 9 (including bias), Task: regression
[2026-04-01 22:07:59,045][__main__][INFO] -   Device: cuda
[2026-04-01 22:07:59,045][__main__][INFO] - Creating model: CPDA
[2026-04-01 22:08:18,224][__main__][INFO] - Results saved to: /home/nicci/GTN/outputs/gtn/concrete/CPDA_rg0.005_init0.1/L3_bd8_seed10090/results.json
[2026-04-01 22:08:18,225][__main__][INFO] - ✓ Train R²: 0.8874
[2026-04-01 22:08:18,225][__main__][INFO] - ✓ Val R²: 0.8016
[2026-04-01 22:08:18,226][HYDRA] 	#2 : model.L=3 model.bond_dim=8 seed=32874 trainer.lr=0.005 trainer.ridge=0.005 trainer.optimizer=adamw +experiment=cpda_gtn_sweep model=cpda dataset=concrete
[2026-04-01 22:08:18,341][__main__][INFO] - Configuration:
model:
  name: CPDA
  L: 3
  bond_dim: 8
  output_site: null
  init_strength: 0.1
dataset:
  name: concrete
  task: regression
  cap: 50
  size: medium
  batch_size: 256
slurm:
  partition: titans
  time: '12:00:00'
  mem: 2gb
  gpu_arch: Ampere
  cpus: 1
  gpu: 1
hpc:
  queue: gpuv100
  time: '12:00'
  mem: 500MB
  cpus: 4
  gpu: 1
trainer:
  type: gtn
  n_epochs: 1000
  lr: 0.005
  optimizer: adamw
  ridge: 0.005
  loss_fn: null
  patience: 100
  min_delta: 0.001
  train_selection: true
seed: 32874
experiment_name: ${model.name}_${dataset.name}_${trainer.type}_rg${trainer.ridge}_init${model.init_strength}
skip_completed: true

[2026-04-01 22:08:18,342][__main__][INFO] - Output directory: /home/nicci/GTN/outputs/gtn/concrete/CPDA_rg0.005_init0.1/L3_bd8_seed32874
[2026-04-01 22:08:18,342][__main__][INFO] - Loading dataset: concrete
[2026-04-01 22:08:19,650][__main__][INFO] -   Samples: train=721, val=154, test=155
[2026-04-01 22:08:19,651][__main__][INFO] -   Features: 9 (including bias), Task: regression
[2026-04-01 22:08:19,651][__main__][INFO] -   Device: cuda
[2026-04-01 22:08:19,651][__main__][INFO] - Creating model: CPDA
[2026-04-01 22:08:39,095][__main__][INFO] - Results saved to: /home/nicci/GTN/outputs/gtn/concrete/CPDA_rg0.005_init0.1/L3_bd8_seed32874/results.json
[2026-04-01 22:08:39,095][__main__][INFO] - ✓ Train R²: 0.9029
[2026-04-01 22:08:39,095][__main__][INFO] - ✓ Val R²: 0.8380
[2026-04-01 22:08:39,097][HYDRA] 	#3 : model.L=3 model.bond_dim=8 seed=47311 trainer.lr=0.005 trainer.ridge=0.005 trainer.optimizer=adamw +experiment=cpda_gtn_sweep model=cpda dataset=concrete
[2026-04-01 22:08:39,209][__main__][INFO] - Configuration:
model:
  name: CPDA
  L: 3
  bond_dim: 8
  output_site: null
  init_strength: 0.1
dataset:
  name: concrete
  task: regression
  cap: 50
  size: medium
  batch_size: 256
slurm:
  partition: titans
  time: '12:00:00'
  mem: 2gb
  gpu_arch: Ampere
  cpus: 1
  gpu: 1
hpc:
  queue: gpuv100
  time: '12:00'
  mem: 500MB
  cpus: 4
  gpu: 1
trainer:
  type: gtn
  n_epochs: 1000
  lr: 0.005
  optimizer: adamw
  ridge: 0.005
  loss_fn: null
  patience: 100
  min_delta: 0.001
  train_selection: true
seed: 47311
experiment_name: ${model.name}_${dataset.name}_${trainer.type}_rg${trainer.ridge}_init${model.init_strength}
skip_completed: true

[2026-04-01 22:08:39,211][__main__][INFO] - Output directory: /home/nicci/GTN/outputs/gtn/concrete/CPDA_rg0.005_init0.1/L3_bd8_seed47311
[2026-04-01 22:08:39,211][__main__][INFO] - Loading dataset: concrete
[2026-04-01 22:08:40,521][__main__][INFO] -   Samples: train=721, val=154, test=155
[2026-04-01 22:08:40,521][__main__][INFO] -   Features: 9 (including bias), Task: regression
[2026-04-01 22:08:40,521][__main__][INFO] -   Device: cuda
[2026-04-01 22:08:40,521][__main__][INFO] - Creating model: CPDA
[2026-04-01 22:08:59,906][__main__][INFO] - Results saved to: /home/nicci/GTN/outputs/gtn/concrete/CPDA_rg0.005_init0.1/L3_bd8_seed47311/results.json
[2026-04-01 22:08:59,906][__main__][INFO] - ✓ Train R²: 0.8556
[2026-04-01 22:08:59,906][__main__][INFO] - ✓ Val R²: 0.6992
[2026-04-01 22:08:59,907][HYDRA] 	#4 : model.L=3 model.bond_dim=8 seed=47303 trainer.lr=0.005 trainer.ridge=0.005 trainer.optimizer=adamw +experiment=cpda_gtn_sweep model=cpda dataset=concrete
[2026-04-01 22:09:00,019][__main__][INFO] - Configuration:
model:
  name: CPDA
  L: 3
  bond_dim: 8
  output_site: null
  init_strength: 0.1
dataset:
  name: concrete
  task: regression
  cap: 50
  size: medium
  batch_size: 256
slurm:
  partition: titans
  time: '12:00:00'
  mem: 2gb
  gpu_arch: Ampere
  cpus: 1
  gpu: 1
hpc:
  queue: gpuv100
  time: '12:00'
  mem: 500MB
  cpus: 4
  gpu: 1
trainer:
  type: gtn
  n_epochs: 1000
  lr: 0.005
  optimizer: adamw
  ridge: 0.005
  loss_fn: null
  patience: 100
  min_delta: 0.001
  train_selection: true
seed: 47303
experiment_name: ${model.name}_${dataset.name}_${trainer.type}_rg${trainer.ridge}_init${model.init_strength}
skip_completed: true

[2026-04-01 22:09:00,020][__main__][INFO] - Output directory: /home/nicci/GTN/outputs/gtn/concrete/CPDA_rg0.005_init0.1/L3_bd8_seed47303
[2026-04-01 22:09:00,020][__main__][INFO] - Loading dataset: concrete
[2026-04-01 22:09:01,998][__main__][INFO] -   Samples: train=721, val=154, test=155
[2026-04-01 22:09:01,999][__main__][INFO] -   Features: 9 (including bias), Task: regression
[2026-04-01 22:09:01,999][__main__][INFO] -   Device: cuda
[2026-04-01 22:09:01,999][__main__][INFO] - Creating model: CPDA
[2026-04-01 22:09:20,780][__main__][INFO] - Results saved to: /home/nicci/GTN/outputs/gtn/concrete/CPDA_rg0.005_init0.1/L3_bd8_seed47303/results.json
[2026-04-01 22:09:20,780][__main__][INFO] - ✓ Train R²: 0.8900
[2026-04-01 22:09:20,780][__main__][INFO] - ✓ Val R²: 0.8440
[2026-04-01 22:09:20,781][HYDRA] 	#5 : model.L=3 model.bond_dim=16 seed=42 trainer.lr=0.005 trainer.ridge=0.005 trainer.optimizer=adamw +experiment=cpda_gtn_sweep model=cpda dataset=concrete
[2026-04-01 22:09:20,895][__main__][INFO] - Configuration:
model:
  name: CPDA
  L: 3
  bond_dim: 16
  output_site: null
  init_strength: 0.1
dataset:
  name: concrete
  task: regression
  cap: 50
  size: medium
  batch_size: 256
slurm:
  partition: titans
  time: '12:00:00'
  mem: 2gb
  gpu_arch: Ampere
  cpus: 1
  gpu: 1
hpc:
  queue: gpuv100
  time: '12:00'
  mem: 500MB
  cpus: 4
  gpu: 1
trainer:
  type: gtn
  n_epochs: 1000
  lr: 0.005
  optimizer: adamw
  ridge: 0.005
  loss_fn: null
  patience: 100
  min_delta: 0.001
  train_selection: true
seed: 42
experiment_name: ${model.name}_${dataset.name}_${trainer.type}_rg${trainer.ridge}_init${model.init_strength}
skip_completed: true

[2026-04-01 22:09:20,895][__main__][INFO] - Output directory: /home/nicci/GTN/outputs/gtn/concrete/CPDA_rg0.005_init0.1/L3_bd16_seed42
[2026-04-01 22:09:20,896][__main__][INFO] - Loading dataset: concrete
[2026-04-01 22:09:22,204][__main__][INFO] -   Samples: train=721, val=154, test=155
[2026-04-01 22:09:22,204][__main__][INFO] -   Features: 9 (including bias), Task: regression
[2026-04-01 22:09:22,205][__main__][INFO] -   Device: cuda
[2026-04-01 22:09:22,205][__main__][INFO] - Creating model: CPDA
[2026-04-01 22:09:41,033][__main__][INFO] - Results saved to: /home/nicci/GTN/outputs/gtn/concrete/CPDA_rg0.005_init0.1/L3_bd16_seed42/results.json
[2026-04-01 22:09:41,034][__main__][INFO] - ✓ Train R²: 0.8712
[2026-04-01 22:09:41,034][__main__][INFO] - ✓ Val R²: 0.7305
[2026-04-01 22:09:41,035][HYDRA] 	#6 : model.L=3 model.bond_dim=16 seed=10090 trainer.lr=0.005 trainer.ridge=0.005 trainer.optimizer=adamw +experiment=cpda_gtn_sweep model=cpda dataset=concrete
[2026-04-01 22:09:41,151][__main__][INFO] - Configuration:
model:
  name: CPDA
  L: 3
  bond_dim: 16
  output_site: null
  init_strength: 0.1
dataset:
  name: concrete
  task: regression
  cap: 50
  size: medium
  batch_size: 256
slurm:
  partition: titans
  time: '12:00:00'
  mem: 2gb
  gpu_arch: Ampere
  cpus: 1
  gpu: 1
hpc:
  queue: gpuv100
  time: '12:00'
  mem: 500MB
  cpus: 4
  gpu: 1
trainer:
  type: gtn
  n_epochs: 1000
  lr: 0.005
  optimizer: adamw
  ridge: 0.005
  loss_fn: null
  patience: 100
  min_delta: 0.001
  train_selection: true
seed: 10090
experiment_name: ${model.name}_${dataset.name}_${trainer.type}_rg${trainer.ridge}_init${model.init_strength}
skip_completed: true

[2026-04-01 22:09:41,153][__main__][INFO] - Output directory: /home/nicci/GTN/outputs/gtn/concrete/CPDA_rg0.005_init0.1/L3_bd16_seed10090
[2026-04-01 22:09:41,153][__main__][INFO] - Loading dataset: concrete
[2026-04-01 22:09:42,475][__main__][INFO] -   Samples: train=721, val=154, test=155
[2026-04-01 22:09:42,476][__main__][INFO] -   Features: 9 (including bias), Task: regression
[2026-04-01 22:09:42,476][__main__][INFO] -   Device: cuda
[2026-04-01 22:09:42,476][__main__][INFO] - Creating model: CPDA
[2026-04-01 22:10:01,563][__main__][INFO] - Results saved to: /home/nicci/GTN/outputs/gtn/concrete/CPDA_rg0.005_init0.1/L3_bd16_seed10090/results.json
[2026-04-01 22:10:01,564][__main__][INFO] - ✓ Train R²: 0.8636
[2026-04-01 22:10:01,564][__main__][INFO] - ✓ Val R²: 0.7523
[2026-04-01 22:10:01,565][HYDRA] 	#7 : model.L=3 model.bond_dim=16 seed=32874 trainer.lr=0.005 trainer.ridge=0.005 trainer.optimizer=adamw +experiment=cpda_gtn_sweep model=cpda dataset=concrete
[2026-04-01 22:10:01,682][__main__][INFO] - Configuration:
model:
  name: CPDA
  L: 3
  bond_dim: 16
  output_site: null
  init_strength: 0.1
dataset:
  name: concrete
  task: regression
  cap: 50
  size: medium
  batch_size: 256
slurm:
  partition: titans
  time: '12:00:00'
  mem: 2gb
  gpu_arch: Ampere
  cpus: 1
  gpu: 1
hpc:
  queue: gpuv100
  time: '12:00'
  mem: 500MB
  cpus: 4
  gpu: 1
trainer:
  type: gtn
  n_epochs: 1000
  lr: 0.005
  optimizer: adamw
  ridge: 0.005
  loss_fn: null
  patience: 100
  min_delta: 0.001
  train_selection: true
seed: 32874
experiment_name: ${model.name}_${dataset.name}_${trainer.type}_rg${trainer.ridge}_init${model.init_strength}
skip_completed: true

[2026-04-01 22:10:01,682][__main__][INFO] - Output directory: /home/nicci/GTN/outputs/gtn/concrete/CPDA_rg0.005_init0.1/L3_bd16_seed32874
[2026-04-01 22:10:01,682][__main__][INFO] - Loading dataset: concrete
[2026-04-01 22:10:03,000][__main__][INFO] -   Samples: train=721, val=154, test=155
[2026-04-01 22:10:03,000][__main__][INFO] -   Features: 9 (including bias), Task: regression
[2026-04-01 22:10:03,000][__main__][INFO] -   Device: cuda
[2026-04-01 22:10:03,000][__main__][INFO] - Creating model: CPDA
[2026-04-01 22:10:22,167][__main__][INFO] - Results saved to: /home/nicci/GTN/outputs/gtn/concrete/CPDA_rg0.005_init0.1/L3_bd16_seed32874/results.json
[2026-04-01 22:10:22,167][__main__][INFO] - ✓ Train R²: 0.9056
[2026-04-01 22:10:22,167][__main__][INFO] - ✓ Val R²: 0.8273
[2026-04-01 22:10:22,169][HYDRA] 	#8 : model.L=3 model.bond_dim=16 seed=47311 trainer.lr=0.005 trainer.ridge=0.005 trainer.optimizer=adamw +experiment=cpda_gtn_sweep model=cpda dataset=concrete
[2026-04-01 22:10:22,285][__main__][INFO] - Configuration:
model:
  name: CPDA
  L: 3
  bond_dim: 16
  output_site: null
  init_strength: 0.1
dataset:
  name: concrete
  task: regression
  cap: 50
  size: medium
  batch_size: 256
slurm:
  partition: titans
  time: '12:00:00'
  mem: 2gb
  gpu_arch: Ampere
  cpus: 1
  gpu: 1
hpc:
  queue: gpuv100
  time: '12:00'
  mem: 500MB
  cpus: 4
  gpu: 1
trainer:
  type: gtn
  n_epochs: 1000
  lr: 0.005
  optimizer: adamw
  ridge: 0.005
  loss_fn: null
  patience: 100
  min_delta: 0.001
  train_selection: true
seed: 47311
experiment_name: ${model.name}_${dataset.name}_${trainer.type}_rg${trainer.ridge}_init${model.init_strength}
skip_completed: true

[2026-04-01 22:10:22,286][__main__][INFO] - Output directory: /home/nicci/GTN/outputs/gtn/concrete/CPDA_rg0.005_init0.1/L3_bd16_seed47311
[2026-04-01 22:10:22,286][__main__][INFO] - Loading dataset: concrete
[2026-04-01 22:10:23,597][__main__][INFO] -   Samples: train=721, val=154, test=155
[2026-04-01 22:10:23,597][__main__][INFO] -   Features: 9 (including bias), Task: regression
[2026-04-01 22:10:23,597][__main__][INFO] -   Device: cuda
[2026-04-01 22:10:23,597][__main__][INFO] - Creating model: CPDA
[2026-04-01 22:10:42,590][__main__][INFO] - Results saved to: /home/nicci/GTN/outputs/gtn/concrete/CPDA_rg0.005_init0.1/L3_bd16_seed47311/results.json
[2026-04-01 22:10:42,591][__main__][INFO] - ✓ Train R²: 0.8857
[2026-04-01 22:10:42,591][__main__][INFO] - ✓ Val R²: 0.6909
[2026-04-01 22:10:42,592][HYDRA] 	#9 : model.L=3 model.bond_dim=16 seed=47303 trainer.lr=0.005 trainer.ridge=0.005 trainer.optimizer=adamw +experiment=cpda_gtn_sweep model=cpda dataset=concrete
[2026-04-01 22:10:42,708][__main__][INFO] - Configuration:
model:
  name: CPDA
  L: 3
  bond_dim: 16
  output_site: null
  init_strength: 0.1
dataset:
  name: concrete
  task: regression
  cap: 50
  size: medium
  batch_size: 256
slurm:
  partition: titans
  time: '12:00:00'
  mem: 2gb
  gpu_arch: Ampere
  cpus: 1
  gpu: 1
hpc:
  queue: gpuv100
  time: '12:00'
  mem: 500MB
  cpus: 4
  gpu: 1
trainer:
  type: gtn
  n_epochs: 1000
  lr: 0.005
  optimizer: adamw
  ridge: 0.005
  loss_fn: null
  patience: 100
  min_delta: 0.001
  train_selection: true
seed: 47303
experiment_name: ${model.name}_${dataset.name}_${trainer.type}_rg${trainer.ridge}_init${model.init_strength}
skip_completed: true

[2026-04-01 22:10:42,709][__main__][INFO] - Output directory: /home/nicci/GTN/outputs/gtn/concrete/CPDA_rg0.005_init0.1/L3_bd16_seed47303
[2026-04-01 22:10:42,709][__main__][INFO] - Loading dataset: concrete
[2026-04-01 22:10:44,023][__main__][INFO] -   Samples: train=721, val=154, test=155
[2026-04-01 22:10:44,023][__main__][INFO] -   Features: 9 (including bias), Task: regression
[2026-04-01 22:10:44,023][__main__][INFO] -   Device: cuda
[2026-04-01 22:10:44,023][__main__][INFO] - Creating model: CPDA
[2026-04-01 22:11:03,178][__main__][INFO] - Results saved to: /home/nicci/GTN/outputs/gtn/concrete/CPDA_rg0.005_init0.1/L3_bd16_seed47303/results.json
[2026-04-01 22:11:03,178][__main__][INFO] - ✓ Train R²: 0.9080
[2026-04-01 22:11:03,178][__main__][INFO] - ✓ Val R²: 0.8456
[2026-04-01 22:11:03,179][HYDRA] 	#10 : model.L=3 model.bond_dim=32 seed=42 trainer.lr=0.005 trainer.ridge=0.005 trainer.optimizer=adamw +experiment=cpda_gtn_sweep model=cpda dataset=concrete
[2026-04-01 22:11:03,296][__main__][INFO] - Configuration:
model:
  name: CPDA
  L: 3
  bond_dim: 32
  output_site: null
  init_strength: 0.1
dataset:
  name: concrete
  task: regression
  cap: 50
  size: medium
  batch_size: 256
slurm:
  partition: titans
  time: '12:00:00'
  mem: 2gb
  gpu_arch: Ampere
  cpus: 1
  gpu: 1
hpc:
  queue: gpuv100
  time: '12:00'
  mem: 500MB
  cpus: 4
  gpu: 1
trainer:
  type: gtn
  n_epochs: 1000
  lr: 0.005
  optimizer: adamw
  ridge: 0.005
  loss_fn: null
  patience: 100
  min_delta: 0.001
  train_selection: true
seed: 42
experiment_name: ${model.name}_${dataset.name}_${trainer.type}_rg${trainer.ridge}_init${model.init_strength}
skip_completed: true

[2026-04-01 22:11:03,297][__main__][INFO] - Output directory: /home/nicci/GTN/outputs/gtn/concrete/CPDA_rg0.005_init0.1/L3_bd32_seed42
[2026-04-01 22:11:03,297][__main__][INFO] - Loading dataset: concrete
[2026-04-01 22:11:04,605][__main__][INFO] -   Samples: train=721, val=154, test=155
[2026-04-01 22:11:04,606][__main__][INFO] -   Features: 9 (including bias), Task: regression
[2026-04-01 22:11:04,606][__main__][INFO] -   Device: cuda
[2026-04-01 22:11:04,606][__main__][INFO] - Creating model: CPDA
[2026-04-01 22:11:24,173][__main__][INFO] - Results saved to: /home/nicci/GTN/outputs/gtn/concrete/CPDA_rg0.005_init0.1/L3_bd32_seed42/results.json
[2026-04-01 22:11:24,173][__main__][INFO] - ✓ Train R²: 0.8868
[2026-04-01 22:11:24,173][__main__][INFO] - ✓ Val R²: 0.7993
[2026-04-01 22:11:24,175][HYDRA] 	#11 : model.L=3 model.bond_dim=32 seed=10090 trainer.lr=0.005 trainer.ridge=0.005 trainer.optimizer=adamw +experiment=cpda_gtn_sweep model=cpda dataset=concrete
[2026-04-01 22:11:24,428][__main__][INFO] - Configuration:
model:
  name: CPDA
  L: 3
  bond_dim: 32
  output_site: null
  init_strength: 0.1
dataset:
  name: concrete
  task: regression
  cap: 50
  size: medium
  batch_size: 256
slurm:
  partition: titans
  time: '12:00:00'
  mem: 2gb
  gpu_arch: Ampere
  cpus: 1
  gpu: 1
hpc:
  queue: gpuv100
  time: '12:00'
  mem: 500MB
  cpus: 4
  gpu: 1
trainer:
  type: gtn
  n_epochs: 1000
  lr: 0.005
  optimizer: adamw
  ridge: 0.005
  loss_fn: null
  patience: 100
  min_delta: 0.001
  train_selection: true
seed: 10090
experiment_name: ${model.name}_${dataset.name}_${trainer.type}_rg${trainer.ridge}_init${model.init_strength}
skip_completed: true

[2026-04-01 22:11:24,428][__main__][INFO] - Output directory: /home/nicci/GTN/outputs/gtn/concrete/CPDA_rg0.005_init0.1/L3_bd32_seed10090
[2026-04-01 22:11:24,428][__main__][INFO] - Loading dataset: concrete
[2026-04-01 22:11:25,759][__main__][INFO] -   Samples: train=721, val=154, test=155
[2026-04-01 22:11:25,760][__main__][INFO] -   Features: 9 (including bias), Task: regression
[2026-04-01 22:11:25,760][__main__][INFO] -   Device: cuda
[2026-04-01 22:11:25,760][__main__][INFO] - Creating model: CPDA
[2026-04-01 22:11:45,349][__main__][INFO] - Results saved to: /home/nicci/GTN/outputs/gtn/concrete/CPDA_rg0.005_init0.1/L3_bd32_seed10090/results.json
[2026-04-01 22:11:45,349][__main__][INFO] - ✓ Train R²: 0.9146
[2026-04-01 22:11:45,350][__main__][INFO] - ✓ Val R²: 0.8486
[2026-04-01 22:11:45,351][HYDRA] 	#12 : model.L=3 model.bond_dim=32 seed=32874 trainer.lr=0.005 trainer.ridge=0.005 trainer.optimizer=adamw +experiment=cpda_gtn_sweep model=cpda dataset=concrete
[2026-04-01 22:11:45,462][__main__][INFO] - Configuration:
model:
  name: CPDA
  L: 3
  bond_dim: 32
  output_site: null
  init_strength: 0.1
dataset:
  name: concrete
  task: regression
  cap: 50
  size: medium
  batch_size: 256
slurm:
  partition: titans
  time: '12:00:00'
  mem: 2gb
  gpu_arch: Ampere
  cpus: 1
  gpu: 1
hpc:
  queue: gpuv100
  time: '12:00'
  mem: 500MB
  cpus: 4
  gpu: 1
trainer:
  type: gtn
  n_epochs: 1000
  lr: 0.005
  optimizer: adamw
  ridge: 0.005
  loss_fn: null
  patience: 100
  min_delta: 0.001
  train_selection: true
seed: 32874
experiment_name: ${model.name}_${dataset.name}_${trainer.type}_rg${trainer.ridge}_init${model.init_strength}
skip_completed: true

[2026-04-01 22:11:45,463][__main__][INFO] - Output directory: /home/nicci/GTN/outputs/gtn/concrete/CPDA_rg0.005_init0.1/L3_bd32_seed32874
[2026-04-01 22:11:45,463][__main__][INFO] - Loading dataset: concrete
[2026-04-01 22:11:46,790][__main__][INFO] -   Samples: train=721, val=154, test=155
[2026-04-01 22:11:46,790][__main__][INFO] -   Features: 9 (including bias), Task: regression
[2026-04-01 22:11:46,790][__main__][INFO] -   Device: cuda
[2026-04-01 22:11:46,790][__main__][INFO] - Creating model: CPDA
[2026-04-01 22:12:06,412][__main__][INFO] - Results saved to: /home/nicci/GTN/outputs/gtn/concrete/CPDA_rg0.005_init0.1/L3_bd32_seed32874/results.json
[2026-04-01 22:12:06,412][__main__][INFO] - ✓ Train R²: 0.9009
[2026-04-01 22:12:06,412][__main__][INFO] - ✓ Val R²: 0.8401
[2026-04-01 22:12:06,414][HYDRA] 	#13 : model.L=3 model.bond_dim=32 seed=47311 trainer.lr=0.005 trainer.ridge=0.005 trainer.optimizer=adamw +experiment=cpda_gtn_sweep model=cpda dataset=concrete
[2026-04-01 22:12:06,527][__main__][INFO] - Configuration:
model:
  name: CPDA
  L: 3
  bond_dim: 32
  output_site: null
  init_strength: 0.1
dataset:
  name: concrete
  task: regression
  cap: 50
  size: medium
  batch_size: 256
slurm:
  partition: titans
  time: '12:00:00'
  mem: 2gb
  gpu_arch: Ampere
  cpus: 1
  gpu: 1
hpc:
  queue: gpuv100
  time: '12:00'
  mem: 500MB
  cpus: 4
  gpu: 1
trainer:
  type: gtn
  n_epochs: 1000
  lr: 0.005
  optimizer: adamw
  ridge: 0.005
  loss_fn: null
  patience: 100
  min_delta: 0.001
  train_selection: true
seed: 47311
experiment_name: ${model.name}_${dataset.name}_${trainer.type}_rg${trainer.ridge}_init${model.init_strength}
skip_completed: true

[2026-04-01 22:12:06,528][__main__][INFO] - Output directory: /home/nicci/GTN/outputs/gtn/concrete/CPDA_rg0.005_init0.1/L3_bd32_seed47311
[2026-04-01 22:12:06,528][__main__][INFO] - Loading dataset: concrete
[2026-04-01 22:12:07,927][__main__][INFO] -   Samples: train=721, val=154, test=155
[2026-04-01 22:12:07,927][__main__][INFO] -   Features: 9 (including bias), Task: regression
[2026-04-01 22:12:07,927][__main__][INFO] -   Device: cuda
[2026-04-01 22:12:07,927][__main__][INFO] - Creating model: CPDA
[2026-04-01 22:12:27,081][__main__][INFO] - Results saved to: /home/nicci/GTN/outputs/gtn/concrete/CPDA_rg0.005_init0.1/L3_bd32_seed47311/results.json
[2026-04-01 22:12:27,082][__main__][INFO] - ✓ Train R²: 0.8912
[2026-04-01 22:12:27,082][__main__][INFO] - ✓ Val R²: 0.8061
[2026-04-01 22:12:27,083][HYDRA] 	#14 : model.L=3 model.bond_dim=32 seed=47303 trainer.lr=0.005 trainer.ridge=0.005 trainer.optimizer=adamw +experiment=cpda_gtn_sweep model=cpda dataset=concrete
[2026-04-01 22:12:27,199][__main__][INFO] - Configuration:
model:
  name: CPDA
  L: 3
  bond_dim: 32
  output_site: null
  init_strength: 0.1
dataset:
  name: concrete
  task: regression
  cap: 50
  size: medium
  batch_size: 256
slurm:
  partition: titans
  time: '12:00:00'
  mem: 2gb
  gpu_arch: Ampere
  cpus: 1
  gpu: 1
hpc:
  queue: gpuv100
  time: '12:00'
  mem: 500MB
  cpus: 4
  gpu: 1
trainer:
  type: gtn
  n_epochs: 1000
  lr: 0.005
  optimizer: adamw
  ridge: 0.005
  loss_fn: null
  patience: 100
  min_delta: 0.001
  train_selection: true
seed: 47303
experiment_name: ${model.name}_${dataset.name}_${trainer.type}_rg${trainer.ridge}_init${model.init_strength}
skip_completed: true

[2026-04-01 22:12:27,200][__main__][INFO] - Output directory: /home/nicci/GTN/outputs/gtn/concrete/CPDA_rg0.005_init0.1/L3_bd32_seed47303
[2026-04-01 22:12:27,200][__main__][INFO] - Loading dataset: concrete
[2026-04-01 22:12:28,506][__main__][INFO] -   Samples: train=721, val=154, test=155
[2026-04-01 22:12:28,506][__main__][INFO] -   Features: 9 (including bias), Task: regression
[2026-04-01 22:12:28,506][__main__][INFO] -   Device: cuda
[2026-04-01 22:12:28,506][__main__][INFO] - Creating model: CPDA
[2026-04-01 22:12:47,795][__main__][INFO] - Results saved to: /home/nicci/GTN/outputs/gtn/concrete/CPDA_rg0.005_init0.1/L3_bd32_seed47303/results.json
[2026-04-01 22:12:47,795][__main__][INFO] - ✓ Train R²: 0.8874
[2026-04-01 22:12:47,795][__main__][INFO] - ✓ Val R²: 0.7996
[2026-04-01 22:12:47,796][HYDRA] 	#15 : model.L=3 model.bond_dim=64 seed=42 trainer.lr=0.005 trainer.ridge=0.005 trainer.optimizer=adamw +experiment=cpda_gtn_sweep model=cpda dataset=concrete
[2026-04-01 22:12:47,910][__main__][INFO] - Configuration:
model:
  name: CPDA
  L: 3
  bond_dim: 64
  output_site: null
  init_strength: 0.1
dataset:
  name: concrete
  task: regression
  cap: 50
  size: medium
  batch_size: 256
slurm:
  partition: titans
  time: '12:00:00'
  mem: 2gb
  gpu_arch: Ampere
  cpus: 1
  gpu: 1
hpc:
  queue: gpuv100
  time: '12:00'
  mem: 500MB
  cpus: 4
  gpu: 1
trainer:
  type: gtn
  n_epochs: 1000
  lr: 0.005
  optimizer: adamw
  ridge: 0.005
  loss_fn: null
  patience: 100
  min_delta: 0.001
  train_selection: true
seed: 42
experiment_name: ${model.name}_${dataset.name}_${trainer.type}_rg${trainer.ridge}_init${model.init_strength}
skip_completed: true

[2026-04-01 22:12:47,913][__main__][INFO] - Output directory: /home/nicci/GTN/outputs/gtn/concrete/CPDA_rg0.005_init0.1/L3_bd64_seed42
[2026-04-01 22:12:47,913][__main__][INFO] - Loading dataset: concrete
[2026-04-01 22:12:49,222][__main__][INFO] -   Samples: train=721, val=154, test=155
[2026-04-01 22:12:49,222][__main__][INFO] -   Features: 9 (including bias), Task: regression
[2026-04-01 22:12:49,223][__main__][INFO] -   Device: cuda
[2026-04-01 22:12:49,223][__main__][INFO] - Creating model: CPDA
[2026-04-01 22:13:09,064][__main__][INFO] - Results saved to: /home/nicci/GTN/outputs/gtn/concrete/CPDA_rg0.005_init0.1/L3_bd64_seed42/results.json
[2026-04-01 22:13:09,064][__main__][INFO] - ✓ Train R²: 0.8848
[2026-04-01 22:13:09,064][__main__][INFO] - ✓ Val R²: 0.7799
[2026-04-01 22:13:09,065][HYDRA] 	#16 : model.L=3 model.bond_dim=64 seed=10090 trainer.lr=0.005 trainer.ridge=0.005 trainer.optimizer=adamw +experiment=cpda_gtn_sweep model=cpda dataset=concrete
[2026-04-01 22:13:09,178][__main__][INFO] - Configuration:
model:
  name: CPDA
  L: 3
  bond_dim: 64
  output_site: null
  init_strength: 0.1
dataset:
  name: concrete
  task: regression
  cap: 50
  size: medium
  batch_size: 256
slurm:
  partition: titans
  time: '12:00:00'
  mem: 2gb
  gpu_arch: Ampere
  cpus: 1
  gpu: 1
hpc:
  queue: gpuv100
  time: '12:00'
  mem: 500MB
  cpus: 4
  gpu: 1
trainer:
  type: gtn
  n_epochs: 1000
  lr: 0.005
  optimizer: adamw
  ridge: 0.005
  loss_fn: null
  patience: 100
  min_delta: 0.001
  train_selection: true
seed: 10090
experiment_name: ${model.name}_${dataset.name}_${trainer.type}_rg${trainer.ridge}_init${model.init_strength}
skip_completed: true

[2026-04-01 22:13:09,179][__main__][INFO] - Output directory: /home/nicci/GTN/outputs/gtn/concrete/CPDA_rg0.005_init0.1/L3_bd64_seed10090
[2026-04-01 22:13:09,180][__main__][INFO] - Loading dataset: concrete
[2026-04-01 22:13:10,559][__main__][INFO] -   Samples: train=721, val=154, test=155
[2026-04-01 22:13:10,560][__main__][INFO] -   Features: 9 (including bias), Task: regression
[2026-04-01 22:13:10,560][__main__][INFO] -   Device: cuda
[2026-04-01 22:13:10,560][__main__][INFO] - Creating model: CPDA
[2026-04-01 22:13:30,339][__main__][INFO] - Results saved to: /home/nicci/GTN/outputs/gtn/concrete/CPDA_rg0.005_init0.1/L3_bd64_seed10090/results.json
[2026-04-01 22:13:30,339][__main__][INFO] - ✓ Train R²: 0.9027
[2026-04-01 22:13:30,339][__main__][INFO] - ✓ Val R²: 0.8286
[2026-04-01 22:13:30,340][HYDRA] 	#17 : model.L=3 model.bond_dim=64 seed=32874 trainer.lr=0.005 trainer.ridge=0.005 trainer.optimizer=adamw +experiment=cpda_gtn_sweep model=cpda dataset=concrete
[2026-04-01 22:13:30,609][__main__][INFO] - Configuration:
model:
  name: CPDA
  L: 3
  bond_dim: 64
  output_site: null
  init_strength: 0.1
dataset:
  name: concrete
  task: regression
  cap: 50
  size: medium
  batch_size: 256
slurm:
  partition: titans
  time: '12:00:00'
  mem: 2gb
  gpu_arch: Ampere
  cpus: 1
  gpu: 1
hpc:
  queue: gpuv100
  time: '12:00'
  mem: 500MB
  cpus: 4
  gpu: 1
trainer:
  type: gtn
  n_epochs: 1000
  lr: 0.005
  optimizer: adamw
  ridge: 0.005
  loss_fn: null
  patience: 100
  min_delta: 0.001
  train_selection: true
seed: 32874
experiment_name: ${model.name}_${dataset.name}_${trainer.type}_rg${trainer.ridge}_init${model.init_strength}
skip_completed: true

[2026-04-01 22:13:30,610][__main__][INFO] - Output directory: /home/nicci/GTN/outputs/gtn/concrete/CPDA_rg0.005_init0.1/L3_bd64_seed32874
[2026-04-01 22:13:30,610][__main__][INFO] - Loading dataset: concrete
[2026-04-01 22:13:31,918][__main__][INFO] -   Samples: train=721, val=154, test=155
[2026-04-01 22:13:31,918][__main__][INFO] -   Features: 9 (including bias), Task: regression
[2026-04-01 22:13:31,918][__main__][INFO] -   Device: cuda
[2026-04-01 22:13:31,918][__main__][INFO] - Creating model: CPDA
[2026-04-01 22:13:51,748][__main__][INFO] - Results saved to: /home/nicci/GTN/outputs/gtn/concrete/CPDA_rg0.005_init0.1/L3_bd64_seed32874/results.json
[2026-04-01 22:13:51,748][__main__][INFO] - ✓ Train R²: 0.9127
[2026-04-01 22:13:51,749][__main__][INFO] - ✓ Val R²: 0.8438
[2026-04-01 22:13:51,750][HYDRA] 	#18 : model.L=3 model.bond_dim=64 seed=47311 trainer.lr=0.005 trainer.ridge=0.005 trainer.optimizer=adamw +experiment=cpda_gtn_sweep model=cpda dataset=concrete
[2026-04-01 22:13:51,869][__main__][INFO] - Configuration:
model:
  name: CPDA
  L: 3
  bond_dim: 64
  output_site: null
  init_strength: 0.1
dataset:
  name: concrete
  task: regression
  cap: 50
  size: medium
  batch_size: 256
slurm:
  partition: titans
  time: '12:00:00'
  mem: 2gb
  gpu_arch: Ampere
  cpus: 1
  gpu: 1
hpc:
  queue: gpuv100
  time: '12:00'
  mem: 500MB
  cpus: 4
  gpu: 1
trainer:
  type: gtn
  n_epochs: 1000
  lr: 0.005
  optimizer: adamw
  ridge: 0.005
  loss_fn: null
  patience: 100
  min_delta: 0.001
  train_selection: true
seed: 47311
experiment_name: ${model.name}_${dataset.name}_${trainer.type}_rg${trainer.ridge}_init${model.init_strength}
skip_completed: true

[2026-04-01 22:13:51,872][__main__][INFO] - Output directory: /home/nicci/GTN/outputs/gtn/concrete/CPDA_rg0.005_init0.1/L3_bd64_seed47311
[2026-04-01 22:13:51,872][__main__][INFO] - Loading dataset: concrete
[2026-04-01 22:13:53,208][__main__][INFO] -   Samples: train=721, val=154, test=155
[2026-04-01 22:13:53,208][__main__][INFO] -   Features: 9 (including bias), Task: regression
[2026-04-01 22:13:53,208][__main__][INFO] -   Device: cuda
[2026-04-01 22:13:53,208][__main__][INFO] - Creating model: CPDA
[2026-04-01 22:14:13,059][__main__][INFO] - Results saved to: /home/nicci/GTN/outputs/gtn/concrete/CPDA_rg0.005_init0.1/L3_bd64_seed47311/results.json
[2026-04-01 22:14:13,060][__main__][INFO] - ✓ Train R²: 0.9012
[2026-04-01 22:14:13,060][__main__][INFO] - ✓ Val R²: 0.8296
[2026-04-01 22:14:13,061][HYDRA] 	#19 : model.L=3 model.bond_dim=64 seed=47303 trainer.lr=0.005 trainer.ridge=0.005 trainer.optimizer=adamw +experiment=cpda_gtn_sweep model=cpda dataset=concrete
[2026-04-01 22:14:13,178][__main__][INFO] - Configuration:
model:
  name: CPDA
  L: 3
  bond_dim: 64
  output_site: null
  init_strength: 0.1
dataset:
  name: concrete
  task: regression
  cap: 50
  size: medium
  batch_size: 256
slurm:
  partition: titans
  time: '12:00:00'
  mem: 2gb
  gpu_arch: Ampere
  cpus: 1
  gpu: 1
hpc:
  queue: gpuv100
  time: '12:00'
  mem: 500MB
  cpus: 4
  gpu: 1
trainer:
  type: gtn
  n_epochs: 1000
  lr: 0.005
  optimizer: adamw
  ridge: 0.005
  loss_fn: null
  patience: 100
  min_delta: 0.001
  train_selection: true
seed: 47303
experiment_name: ${model.name}_${dataset.name}_${trainer.type}_rg${trainer.ridge}_init${model.init_strength}
skip_completed: true

[2026-04-01 22:14:13,178][__main__][INFO] - Output directory: /home/nicci/GTN/outputs/gtn/concrete/CPDA_rg0.005_init0.1/L3_bd64_seed47303
[2026-04-01 22:14:13,179][__main__][INFO] - Loading dataset: concrete
[2026-04-01 22:14:14,489][__main__][INFO] -   Samples: train=721, val=154, test=155
[2026-04-01 22:14:14,489][__main__][INFO] -   Features: 9 (including bias), Task: regression
[2026-04-01 22:14:14,489][__main__][INFO] -   Device: cuda
[2026-04-01 22:14:14,490][__main__][INFO] - Creating model: CPDA
[2026-04-01 22:14:34,477][__main__][INFO] - Results saved to: /home/nicci/GTN/outputs/gtn/concrete/CPDA_rg0.005_init0.1/L3_bd64_seed47303/results.json
[2026-04-01 22:14:34,478][__main__][INFO] - ✓ Train R²: 0.9117
[2026-04-01 22:14:34,478][__main__][INFO] - ✓ Val R²: 0.8566
[2026-04-01 22:14:34,479][HYDRA] 	#20 : model.L=4 model.bond_dim=8 seed=42 trainer.lr=0.005 trainer.ridge=0.005 trainer.optimizer=adamw +experiment=cpda_gtn_sweep model=cpda dataset=concrete
[2026-04-01 22:14:34,593][__main__][INFO] - Configuration:
model:
  name: CPDA
  L: 4
  bond_dim: 8
  output_site: null
  init_strength: 0.1
dataset:
  name: concrete
  task: regression
  cap: 50
  size: medium
  batch_size: 256
slurm:
  partition: titans
  time: '12:00:00'
  mem: 2gb
  gpu_arch: Ampere
  cpus: 1
  gpu: 1
hpc:
  queue: gpuv100
  time: '12:00'
  mem: 500MB
  cpus: 4
  gpu: 1
trainer:
  type: gtn
  n_epochs: 1000
  lr: 0.005
  optimizer: adamw
  ridge: 0.005
  loss_fn: null
  patience: 100
  min_delta: 0.001
  train_selection: true
seed: 42
experiment_name: ${model.name}_${dataset.name}_${trainer.type}_rg${trainer.ridge}_init${model.init_strength}
skip_completed: true

[2026-04-01 22:14:34,594][__main__][INFO] - Output directory: /home/nicci/GTN/outputs/gtn/concrete/CPDA_rg0.005_init0.1/L4_bd8_seed42
[2026-04-01 22:14:34,594][__main__][INFO] - Loading dataset: concrete
[2026-04-01 22:14:35,904][__main__][INFO] -   Samples: train=721, val=154, test=155
[2026-04-01 22:14:35,904][__main__][INFO] -   Features: 9 (including bias), Task: regression
[2026-04-01 22:14:35,904][__main__][INFO] -   Device: cuda
[2026-04-01 22:14:35,904][__main__][INFO] - Creating model: CPDA
[2026-04-01 22:14:56,326][__main__][INFO] - Results saved to: /home/nicci/GTN/outputs/gtn/concrete/CPDA_rg0.005_init0.1/L4_bd8_seed42/results.json
[2026-04-01 22:14:56,326][__main__][INFO] - ✓ Train R²: -0.0858
[2026-04-01 22:14:56,326][__main__][INFO] - ✓ Val R²: -0.7339
[2026-04-01 22:14:56,328][HYDRA] 	#21 : model.L=4 model.bond_dim=8 seed=10090 trainer.lr=0.005 trainer.ridge=0.005 trainer.optimizer=adamw +experiment=cpda_gtn_sweep model=cpda dataset=concrete
[2026-04-01 22:14:56,445][__main__][INFO] - Configuration:
model:
  name: CPDA
  L: 4
  bond_dim: 8
  output_site: null
  init_strength: 0.1
dataset:
  name: concrete
  task: regression
  cap: 50
  size: medium
  batch_size: 256
slurm:
  partition: titans
  time: '12:00:00'
  mem: 2gb
  gpu_arch: Ampere
  cpus: 1
  gpu: 1
hpc:
  queue: gpuv100
  time: '12:00'
  mem: 500MB
  cpus: 4
  gpu: 1
trainer:
  type: gtn
  n_epochs: 1000
  lr: 0.005
  optimizer: adamw
  ridge: 0.005
  loss_fn: null
  patience: 100
  min_delta: 0.001
  train_selection: true
seed: 10090
experiment_name: ${model.name}_${dataset.name}_${trainer.type}_rg${trainer.ridge}_init${model.init_strength}
skip_completed: true

[2026-04-01 22:14:56,445][__main__][INFO] - Output directory: /home/nicci/GTN/outputs/gtn/concrete/CPDA_rg0.005_init0.1/L4_bd8_seed10090
[2026-04-01 22:14:56,445][__main__][INFO] - Loading dataset: concrete
[2026-04-01 22:14:57,758][__main__][INFO] -   Samples: train=721, val=154, test=155
[2026-04-01 22:14:57,759][__main__][INFO] -   Features: 9 (including bias), Task: regression
[2026-04-01 22:14:57,759][__main__][INFO] -   Device: cuda
[2026-04-01 22:14:57,759][__main__][INFO] - Creating model: CPDA
[2026-04-01 22:15:18,358][__main__][INFO] - Results saved to: /home/nicci/GTN/outputs/gtn/concrete/CPDA_rg0.005_init0.1/L4_bd8_seed10090/results.json
[2026-04-01 22:15:18,358][__main__][INFO] - ✓ Train R²: 0.5856
[2026-04-01 22:15:18,358][__main__][INFO] - ✓ Val R²: 0.3527
[2026-04-01 22:15:18,359][HYDRA] 	#22 : model.L=4 model.bond_dim=8 seed=32874 trainer.lr=0.005 trainer.ridge=0.005 trainer.optimizer=adamw +experiment=cpda_gtn_sweep model=cpda dataset=concrete
[2026-04-01 22:15:18,471][__main__][INFO] - Configuration:
model:
  name: CPDA
  L: 4
  bond_dim: 8
  output_site: null
  init_strength: 0.1
dataset:
  name: concrete
  task: regression
  cap: 50
  size: medium
  batch_size: 256
slurm:
  partition: titans
  time: '12:00:00'
  mem: 2gb
  gpu_arch: Ampere
  cpus: 1
  gpu: 1
hpc:
  queue: gpuv100
  time: '12:00'
  mem: 500MB
  cpus: 4
  gpu: 1
trainer:
  type: gtn
  n_epochs: 1000
  lr: 0.005
  optimizer: adamw
  ridge: 0.005
  loss_fn: null
  patience: 100
  min_delta: 0.001
  train_selection: true
seed: 32874
experiment_name: ${model.name}_${dataset.name}_${trainer.type}_rg${trainer.ridge}_init${model.init_strength}
skip_completed: true

[2026-04-01 22:15:18,472][__main__][INFO] - Output directory: /home/nicci/GTN/outputs/gtn/concrete/CPDA_rg0.005_init0.1/L4_bd8_seed32874
[2026-04-01 22:15:18,472][__main__][INFO] - Loading dataset: concrete
[2026-04-01 22:15:19,779][__main__][INFO] -   Samples: train=721, val=154, test=155
[2026-04-01 22:15:19,779][__main__][INFO] -   Features: 9 (including bias), Task: regression
[2026-04-01 22:15:19,779][__main__][INFO] -   Device: cuda
[2026-04-01 22:15:19,779][__main__][INFO] - Creating model: CPDA
[2026-04-01 22:15:39,830][__main__][INFO] - Results saved to: /home/nicci/GTN/outputs/gtn/concrete/CPDA_rg0.005_init0.1/L4_bd8_seed32874/results.json
[2026-04-01 22:15:39,830][__main__][INFO] - ✓ Train R²: 0.5686
[2026-04-01 22:15:39,830][__main__][INFO] - ✓ Val R²: 0.2194
[2026-04-01 22:15:39,831][HYDRA] 	#23 : model.L=4 model.bond_dim=8 seed=47311 trainer.lr=0.005 trainer.ridge=0.005 trainer.optimizer=adamw +experiment=cpda_gtn_sweep model=cpda dataset=concrete
[2026-04-01 22:15:39,947][__main__][INFO] - Configuration:
model:
  name: CPDA
  L: 4
  bond_dim: 8
  output_site: null
  init_strength: 0.1
dataset:
  name: concrete
  task: regression
  cap: 50
  size: medium
  batch_size: 256
slurm:
  partition: titans
  time: '12:00:00'
  mem: 2gb
  gpu_arch: Ampere
  cpus: 1
  gpu: 1
hpc:
  queue: gpuv100
  time: '12:00'
  mem: 500MB
  cpus: 4
  gpu: 1
trainer:
  type: gtn
  n_epochs: 1000
  lr: 0.005
  optimizer: adamw
  ridge: 0.005
  loss_fn: null
  patience: 100
  min_delta: 0.001
  train_selection: true
seed: 47311
experiment_name: ${model.name}_${dataset.name}_${trainer.type}_rg${trainer.ridge}_init${model.init_strength}
skip_completed: true

[2026-04-01 22:15:39,947][__main__][INFO] - Output directory: /home/nicci/GTN/outputs/gtn/concrete/CPDA_rg0.005_init0.1/L4_bd8_seed47311
[2026-04-01 22:15:39,948][__main__][INFO] - Loading dataset: concrete
[2026-04-01 22:15:41,256][__main__][INFO] -   Samples: train=721, val=154, test=155
[2026-04-01 22:15:41,256][__main__][INFO] -   Features: 9 (including bias), Task: regression
[2026-04-01 22:15:41,256][__main__][INFO] -   Device: cuda
[2026-04-01 22:15:41,256][__main__][INFO] - Creating model: CPDA
[2026-04-01 22:16:01,371][__main__][INFO] - Results saved to: /home/nicci/GTN/outputs/gtn/concrete/CPDA_rg0.005_init0.1/L4_bd8_seed47311/results.json
[2026-04-01 22:16:01,371][__main__][INFO] - ✓ Train R²: -0.4487
[2026-04-01 22:16:01,371][__main__][INFO] - ✓ Val R²: -0.7097
[2026-04-01 22:16:01,372][HYDRA] 	#24 : model.L=4 model.bond_dim=8 seed=47303 trainer.lr=0.005 trainer.ridge=0.005 trainer.optimizer=adamw +experiment=cpda_gtn_sweep model=cpda dataset=concrete
[2026-04-01 22:16:01,486][__main__][INFO] - Configuration:
model:
  name: CPDA
  L: 4
  bond_dim: 8
  output_site: null
  init_strength: 0.1
dataset:
  name: concrete
  task: regression
  cap: 50
  size: medium
  batch_size: 256
slurm:
  partition: titans
  time: '12:00:00'
  mem: 2gb
  gpu_arch: Ampere
  cpus: 1
  gpu: 1
hpc:
  queue: gpuv100
  time: '12:00'
  mem: 500MB
  cpus: 4
  gpu: 1
trainer:
  type: gtn
  n_epochs: 1000
  lr: 0.005
  optimizer: adamw
  ridge: 0.005
  loss_fn: null
  patience: 100
  min_delta: 0.001
  train_selection: true
seed: 47303
experiment_name: ${model.name}_${dataset.name}_${trainer.type}_rg${trainer.ridge}_init${model.init_strength}
skip_completed: true

[2026-04-01 22:16:01,488][__main__][INFO] - Output directory: /home/nicci/GTN/outputs/gtn/concrete/CPDA_rg0.005_init0.1/L4_bd8_seed47303
[2026-04-01 22:16:01,489][__main__][INFO] - Loading dataset: concrete
[2026-04-01 22:16:02,794][__main__][INFO] -   Samples: train=721, val=154, test=155
[2026-04-01 22:16:02,794][__main__][INFO] -   Features: 9 (including bias), Task: regression
[2026-04-01 22:16:02,794][__main__][INFO] -   Device: cuda
[2026-04-01 22:16:02,795][__main__][INFO] - Creating model: CPDA
[2026-04-01 22:16:23,183][__main__][INFO] - Results saved to: /home/nicci/GTN/outputs/gtn/concrete/CPDA_rg0.005_init0.1/L4_bd8_seed47303/results.json
[2026-04-01 22:16:23,183][__main__][INFO] - ✓ Train R²: -0.3489
[2026-04-01 22:16:23,183][__main__][INFO] - ✓ Val R²: -1.0581
[2026-04-01 22:16:23,185][HYDRA] 	#25 : model.L=4 model.bond_dim=16 seed=42 trainer.lr=0.005 trainer.ridge=0.005 trainer.optimizer=adamw +experiment=cpda_gtn_sweep model=cpda dataset=concrete
[2026-04-01 22:16:23,304][__main__][INFO] - Configuration:
model:
  name: CPDA
  L: 4
  bond_dim: 16
  output_site: null
  init_strength: 0.1
dataset:
  name: concrete
  task: regression
  cap: 50
  size: medium
  batch_size: 256
slurm:
  partition: titans
  time: '12:00:00'
  mem: 2gb
  gpu_arch: Ampere
  cpus: 1
  gpu: 1
hpc:
  queue: gpuv100
  time: '12:00'
  mem: 500MB
  cpus: 4
  gpu: 1
trainer:
  type: gtn
  n_epochs: 1000
  lr: 0.005
  optimizer: adamw
  ridge: 0.005
  loss_fn: null
  patience: 100
  min_delta: 0.001
  train_selection: true
seed: 42
experiment_name: ${model.name}_${dataset.name}_${trainer.type}_rg${trainer.ridge}_init${model.init_strength}
skip_completed: true

[2026-04-01 22:16:23,304][__main__][INFO] - Output directory: /home/nicci/GTN/outputs/gtn/concrete/CPDA_rg0.005_init0.1/L4_bd16_seed42
[2026-04-01 22:16:23,305][__main__][INFO] - Loading dataset: concrete
[2026-04-01 22:16:24,611][__main__][INFO] -   Samples: train=721, val=154, test=155
[2026-04-01 22:16:24,611][__main__][INFO] -   Features: 9 (including bias), Task: regression
[2026-04-01 22:16:24,611][__main__][INFO] -   Device: cuda
[2026-04-01 22:16:24,611][__main__][INFO] - Creating model: CPDA
[2026-04-01 22:16:44,867][__main__][INFO] - Results saved to: /home/nicci/GTN/outputs/gtn/concrete/CPDA_rg0.005_init0.1/L4_bd16_seed42/results.json
[2026-04-01 22:16:44,867][__main__][INFO] - ✓ Train R²: 0.4665
[2026-04-01 22:16:44,867][__main__][INFO] - ✓ Val R²: -6.2901
[2026-04-01 22:16:44,869][HYDRA] 	#26 : model.L=4 model.bond_dim=16 seed=10090 trainer.lr=0.005 trainer.ridge=0.005 trainer.optimizer=adamw +experiment=cpda_gtn_sweep model=cpda dataset=concrete
[2026-04-01 22:16:44,987][__main__][INFO] - Configuration:
model:
  name: CPDA
  L: 4
  bond_dim: 16
  output_site: null
  init_strength: 0.1
dataset:
  name: concrete
  task: regression
  cap: 50
  size: medium
  batch_size: 256
slurm:
  partition: titans
  time: '12:00:00'
  mem: 2gb
  gpu_arch: Ampere
  cpus: 1
  gpu: 1
hpc:
  queue: gpuv100
  time: '12:00'
  mem: 500MB
  cpus: 4
  gpu: 1
trainer:
  type: gtn
  n_epochs: 1000
  lr: 0.005
  optimizer: adamw
  ridge: 0.005
  loss_fn: null
  patience: 100
  min_delta: 0.001
  train_selection: true
seed: 10090
experiment_name: ${model.name}_${dataset.name}_${trainer.type}_rg${trainer.ridge}_init${model.init_strength}
skip_completed: true

[2026-04-01 22:16:44,988][__main__][INFO] - Output directory: /home/nicci/GTN/outputs/gtn/concrete/CPDA_rg0.005_init0.1/L4_bd16_seed10090
[2026-04-01 22:16:44,988][__main__][INFO] - Loading dataset: concrete
[2026-04-01 22:16:46,295][__main__][INFO] -   Samples: train=721, val=154, test=155
[2026-04-01 22:16:46,295][__main__][INFO] -   Features: 9 (including bias), Task: regression
[2026-04-01 22:16:46,295][__main__][INFO] -   Device: cuda
[2026-04-01 22:16:46,295][__main__][INFO] - Creating model: CPDA
[2026-04-01 22:17:06,663][__main__][INFO] - Results saved to: /home/nicci/GTN/outputs/gtn/concrete/CPDA_rg0.005_init0.1/L4_bd16_seed10090/results.json
[2026-04-01 22:17:06,663][__main__][INFO] - ✓ Train R²: 0.5494
[2026-04-01 22:17:06,663][__main__][INFO] - ✓ Val R²: -0.0135
[2026-04-01 22:17:06,664][HYDRA] 	#27 : model.L=4 model.bond_dim=16 seed=32874 trainer.lr=0.005 trainer.ridge=0.005 trainer.optimizer=adamw +experiment=cpda_gtn_sweep model=cpda dataset=concrete
[2026-04-01 22:17:06,777][__main__][INFO] - Configuration:
model:
  name: CPDA
  L: 4
  bond_dim: 16
  output_site: null
  init_strength: 0.1
dataset:
  name: concrete
  task: regression
  cap: 50
  size: medium
  batch_size: 256
slurm:
  partition: titans
  time: '12:00:00'
  mem: 2gb
  gpu_arch: Ampere
  cpus: 1
  gpu: 1
hpc:
  queue: gpuv100
  time: '12:00'
  mem: 500MB
  cpus: 4
  gpu: 1
trainer:
  type: gtn
  n_epochs: 1000
  lr: 0.005
  optimizer: adamw
  ridge: 0.005
  loss_fn: null
  patience: 100
  min_delta: 0.001
  train_selection: true
seed: 32874
experiment_name: ${model.name}_${dataset.name}_${trainer.type}_rg${trainer.ridge}_init${model.init_strength}
skip_completed: true

[2026-04-01 22:17:06,778][__main__][INFO] - Output directory: /home/nicci/GTN/outputs/gtn/concrete/CPDA_rg0.005_init0.1/L4_bd16_seed32874
[2026-04-01 22:17:06,778][__main__][INFO] - Loading dataset: concrete
[2026-04-01 22:17:08,089][__main__][INFO] -   Samples: train=721, val=154, test=155
[2026-04-01 22:17:08,089][__main__][INFO] -   Features: 9 (including bias), Task: regression
[2026-04-01 22:17:08,089][__main__][INFO] -   Device: cuda
[2026-04-01 22:17:08,089][__main__][INFO] - Creating model: CPDA
[2026-04-01 22:17:28,276][__main__][INFO] - Results saved to: /home/nicci/GTN/outputs/gtn/concrete/CPDA_rg0.005_init0.1/L4_bd16_seed32874/results.json
[2026-04-01 22:17:28,277][__main__][INFO] - ✓ Train R²: 0.6265
[2026-04-01 22:17:28,277][__main__][INFO] - ✓ Val R²: 0.2107
[2026-04-01 22:17:28,278][HYDRA] 	#28 : model.L=4 model.bond_dim=16 seed=47311 trainer.lr=0.005 trainer.ridge=0.005 trainer.optimizer=adamw +experiment=cpda_gtn_sweep model=cpda dataset=concrete
[2026-04-01 22:17:28,397][__main__][INFO] - Configuration:
model:
  name: CPDA
  L: 4
  bond_dim: 16
  output_site: null
  init_strength: 0.1
dataset:
  name: concrete
  task: regression
  cap: 50
  size: medium
  batch_size: 256
slurm:
  partition: titans
  time: '12:00:00'
  mem: 2gb
  gpu_arch: Ampere
  cpus: 1
  gpu: 1
hpc:
  queue: gpuv100
  time: '12:00'
  mem: 500MB
  cpus: 4
  gpu: 1
trainer:
  type: gtn
  n_epochs: 1000
  lr: 0.005
  optimizer: adamw
  ridge: 0.005
  loss_fn: null
  patience: 100
  min_delta: 0.001
  train_selection: true
seed: 47311
experiment_name: ${model.name}_${dataset.name}_${trainer.type}_rg${trainer.ridge}_init${model.init_strength}
skip_completed: true

[2026-04-01 22:17:28,397][__main__][INFO] - Output directory: /home/nicci/GTN/outputs/gtn/concrete/CPDA_rg0.005_init0.1/L4_bd16_seed47311
[2026-04-01 22:17:28,397][__main__][INFO] - Loading dataset: concrete
[2026-04-01 22:17:29,824][__main__][INFO] -   Samples: train=721, val=154, test=155
[2026-04-01 22:17:29,824][__main__][INFO] -   Features: 9 (including bias), Task: regression
[2026-04-01 22:17:29,825][__main__][INFO] -   Device: cuda
[2026-04-01 22:17:29,825][__main__][INFO] - Creating model: CPDA
[2026-04-01 22:17:50,171][__main__][INFO] - Results saved to: /home/nicci/GTN/outputs/gtn/concrete/CPDA_rg0.005_init0.1/L4_bd16_seed47311/results.json
[2026-04-01 22:17:50,171][__main__][INFO] - ✓ Train R²: 0.5894
[2026-04-01 22:17:50,171][__main__][INFO] - ✓ Val R²: -4.3825
[2026-04-01 22:17:50,172][HYDRA] 	#29 : model.L=4 model.bond_dim=16 seed=47303 trainer.lr=0.005 trainer.ridge=0.005 trainer.optimizer=adamw +experiment=cpda_gtn_sweep model=cpda dataset=concrete
[2026-04-01 22:17:50,285][__main__][INFO] - Configuration:
model:
  name: CPDA
  L: 4
  bond_dim: 16
  output_site: null
  init_strength: 0.1
dataset:
  name: concrete
  task: regression
  cap: 50
  size: medium
  batch_size: 256
slurm:
  partition: titans
  time: '12:00:00'
  mem: 2gb
  gpu_arch: Ampere
  cpus: 1
  gpu: 1
hpc:
  queue: gpuv100
  time: '12:00'
  mem: 500MB
  cpus: 4
  gpu: 1
trainer:
  type: gtn
  n_epochs: 1000
  lr: 0.005
  optimizer: adamw
  ridge: 0.005
  loss_fn: null
  patience: 100
  min_delta: 0.001
  train_selection: true
seed: 47303
experiment_name: ${model.name}_${dataset.name}_${trainer.type}_rg${trainer.ridge}_init${model.init_strength}
skip_completed: true

[2026-04-01 22:17:50,286][__main__][INFO] - Output directory: /home/nicci/GTN/outputs/gtn/concrete/CPDA_rg0.005_init0.1/L4_bd16_seed47303
[2026-04-01 22:17:50,286][__main__][INFO] - Loading dataset: concrete
[2026-04-01 22:17:51,675][__main__][INFO] -   Samples: train=721, val=154, test=155
[2026-04-01 22:17:51,675][__main__][INFO] -   Features: 9 (including bias), Task: regression
[2026-04-01 22:17:51,675][__main__][INFO] -   Device: cuda
[2026-04-01 22:17:51,675][__main__][INFO] - Creating model: CPDA
[2026-04-01 22:18:11,832][__main__][INFO] - Results saved to: /home/nicci/GTN/outputs/gtn/concrete/CPDA_rg0.005_init0.1/L4_bd16_seed47303/results.json
[2026-04-01 22:18:11,832][__main__][INFO] - ✓ Train R²: 0.6195
[2026-04-01 22:18:11,832][__main__][INFO] - ✓ Val R²: -4.6815
[2026-04-01 22:18:11,833][HYDRA] 	#30 : model.L=4 model.bond_dim=32 seed=42 trainer.lr=0.005 trainer.ridge=0.005 trainer.optimizer=adamw +experiment=cpda_gtn_sweep model=cpda dataset=concrete
[2026-04-01 22:18:11,945][__main__][INFO] - Configuration:
model:
  name: CPDA
  L: 4
  bond_dim: 32
  output_site: null
  init_strength: 0.1
dataset:
  name: concrete
  task: regression
  cap: 50
  size: medium
  batch_size: 256
slurm:
  partition: titans
  time: '12:00:00'
  mem: 2gb
  gpu_arch: Ampere
  cpus: 1
  gpu: 1
hpc:
  queue: gpuv100
  time: '12:00'
  mem: 500MB
  cpus: 4
  gpu: 1
trainer:
  type: gtn
  n_epochs: 1000
  lr: 0.005
  optimizer: adamw
  ridge: 0.005
  loss_fn: null
  patience: 100
  min_delta: 0.001
  train_selection: true
seed: 42
experiment_name: ${model.name}_${dataset.name}_${trainer.type}_rg${trainer.ridge}_init${model.init_strength}
skip_completed: true

[2026-04-01 22:18:11,946][__main__][INFO] - Output directory: /home/nicci/GTN/outputs/gtn/concrete/CPDA_rg0.005_init0.1/L4_bd32_seed42
[2026-04-01 22:18:11,946][__main__][INFO] - Loading dataset: concrete
[2026-04-01 22:18:13,254][__main__][INFO] -   Samples: train=721, val=154, test=155
[2026-04-01 22:18:13,254][__main__][INFO] -   Features: 9 (including bias), Task: regression
[2026-04-01 22:18:13,254][__main__][INFO] -   Device: cuda
[2026-04-01 22:18:13,254][__main__][INFO] - Creating model: CPDA
[2026-04-01 22:18:33,473][__main__][INFO] - Results saved to: /home/nicci/GTN/outputs/gtn/concrete/CPDA_rg0.005_init0.1/L4_bd32_seed42/results.json
[2026-04-01 22:18:33,473][__main__][INFO] - ✓ Train R²: 0.5003
[2026-04-01 22:18:33,473][__main__][INFO] - ✓ Val R²: -1.2084
[2026-04-01 22:18:33,474][HYDRA] 	#31 : model.L=4 model.bond_dim=32 seed=10090 trainer.lr=0.005 trainer.ridge=0.005 trainer.optimizer=adamw +experiment=cpda_gtn_sweep model=cpda dataset=concrete
[2026-04-01 22:18:33,587][__main__][INFO] - Configuration:
model:
  name: CPDA
  L: 4
  bond_dim: 32
  output_site: null
  init_strength: 0.1
dataset:
  name: concrete
  task: regression
  cap: 50
  size: medium
  batch_size: 256
slurm:
  partition: titans
  time: '12:00:00'
  mem: 2gb
  gpu_arch: Ampere
  cpus: 1
  gpu: 1
hpc:
  queue: gpuv100
  time: '12:00'
  mem: 500MB
  cpus: 4
  gpu: 1
trainer:
  type: gtn
  n_epochs: 1000
  lr: 0.005
  optimizer: adamw
  ridge: 0.005
  loss_fn: null
  patience: 100
  min_delta: 0.001
  train_selection: true
seed: 10090
experiment_name: ${model.name}_${dataset.name}_${trainer.type}_rg${trainer.ridge}_init${model.init_strength}
skip_completed: true

[2026-04-01 22:18:33,588][__main__][INFO] - Output directory: /home/nicci/GTN/outputs/gtn/concrete/CPDA_rg0.005_init0.1/L4_bd32_seed10090
[2026-04-01 22:18:33,588][__main__][INFO] - Loading dataset: concrete
[2026-04-01 22:18:34,897][__main__][INFO] -   Samples: train=721, val=154, test=155
[2026-04-01 22:18:34,897][__main__][INFO] -   Features: 9 (including bias), Task: regression
[2026-04-01 22:18:34,897][__main__][INFO] -   Device: cuda
[2026-04-01 22:18:34,897][__main__][INFO] - Creating model: CPDA
[2026-04-01 22:18:54,879][__main__][INFO] - Results saved to: /home/nicci/GTN/outputs/gtn/concrete/CPDA_rg0.005_init0.1/L4_bd32_seed10090/results.json
[2026-04-01 22:18:54,879][__main__][INFO] - ✓ Train R²: 0.5471
[2026-04-01 22:18:54,879][__main__][INFO] - ✓ Val R²: -3.3750
[2026-04-01 22:18:54,880][HYDRA] 	#32 : model.L=4 model.bond_dim=32 seed=32874 trainer.lr=0.005 trainer.ridge=0.005 trainer.optimizer=adamw +experiment=cpda_gtn_sweep model=cpda dataset=concrete
[2026-04-01 22:18:54,993][__main__][INFO] - Configuration:
model:
  name: CPDA
  L: 4
  bond_dim: 32
  output_site: null
  init_strength: 0.1
dataset:
  name: concrete
  task: regression
  cap: 50
  size: medium
  batch_size: 256
slurm:
  partition: titans
  time: '12:00:00'
  mem: 2gb
  gpu_arch: Ampere
  cpus: 1
  gpu: 1
hpc:
  queue: gpuv100
  time: '12:00'
  mem: 500MB
  cpus: 4
  gpu: 1
trainer:
  type: gtn
  n_epochs: 1000
  lr: 0.005
  optimizer: adamw
  ridge: 0.005
  loss_fn: null
  patience: 100
  min_delta: 0.001
  train_selection: true
seed: 32874
experiment_name: ${model.name}_${dataset.name}_${trainer.type}_rg${trainer.ridge}_init${model.init_strength}
skip_completed: true

[2026-04-01 22:18:54,994][__main__][INFO] - Output directory: /home/nicci/GTN/outputs/gtn/concrete/CPDA_rg0.005_init0.1/L4_bd32_seed32874
[2026-04-01 22:18:54,994][__main__][INFO] - Loading dataset: concrete
[2026-04-01 22:18:56,299][__main__][INFO] -   Samples: train=721, val=154, test=155
[2026-04-01 22:18:56,299][__main__][INFO] -   Features: 9 (including bias), Task: regression
[2026-04-01 22:18:56,299][__main__][INFO] -   Device: cuda
[2026-04-01 22:18:56,300][__main__][INFO] - Creating model: CPDA
[2026-04-01 22:19:16,008][__main__][INFO] - Results saved to: /home/nicci/GTN/outputs/gtn/concrete/CPDA_rg0.005_init0.1/L4_bd32_seed32874/results.json
[2026-04-01 22:19:16,009][__main__][INFO] - ✓ Train R²: 0.3623
[2026-04-01 22:19:16,009][__main__][INFO] - ✓ Val R²: -7.6491
[2026-04-01 22:19:16,010][HYDRA] 	#33 : model.L=4 model.bond_dim=32 seed=47311 trainer.lr=0.005 trainer.ridge=0.005 trainer.optimizer=adamw +experiment=cpda_gtn_sweep model=cpda dataset=concrete
[2026-04-01 22:19:16,122][__main__][INFO] - Configuration:
model:
  name: CPDA
  L: 4
  bond_dim: 32
  output_site: null
  init_strength: 0.1
dataset:
  name: concrete
  task: regression
  cap: 50
  size: medium
  batch_size: 256
slurm:
  partition: titans
  time: '12:00:00'
  mem: 2gb
  gpu_arch: Ampere
  cpus: 1
  gpu: 1
hpc:
  queue: gpuv100
  time: '12:00'
  mem: 500MB
  cpus: 4
  gpu: 1
trainer:
  type: gtn
  n_epochs: 1000
  lr: 0.005
  optimizer: adamw
  ridge: 0.005
  loss_fn: null
  patience: 100
  min_delta: 0.001
  train_selection: true
seed: 47311
experiment_name: ${model.name}_${dataset.name}_${trainer.type}_rg${trainer.ridge}_init${model.init_strength}
skip_completed: true

[2026-04-01 22:19:16,122][__main__][INFO] - Output directory: /home/nicci/GTN/outputs/gtn/concrete/CPDA_rg0.005_init0.1/L4_bd32_seed47311
[2026-04-01 22:19:16,122][__main__][INFO] - Loading dataset: concrete
[2026-04-01 22:19:17,430][__main__][INFO] -   Samples: train=721, val=154, test=155
[2026-04-01 22:19:17,430][__main__][INFO] -   Features: 9 (including bias), Task: regression
[2026-04-01 22:19:17,430][__main__][INFO] -   Device: cuda
[2026-04-01 22:19:17,430][__main__][INFO] - Creating model: CPDA
[2026-04-01 22:19:37,664][__main__][INFO] - Results saved to: /home/nicci/GTN/outputs/gtn/concrete/CPDA_rg0.005_init0.1/L4_bd32_seed47311/results.json
[2026-04-01 22:19:37,664][__main__][INFO] - ✓ Train R²: 0.2169
[2026-04-01 22:19:37,664][__main__][INFO] - ✓ Val R²: -6.9766
[2026-04-01 22:19:37,665][HYDRA] 	#34 : model.L=4 model.bond_dim=32 seed=47303 trainer.lr=0.005 trainer.ridge=0.005 trainer.optimizer=adamw +experiment=cpda_gtn_sweep model=cpda dataset=concrete
[2026-04-01 22:19:37,781][__main__][INFO] - Configuration:
model:
  name: CPDA
  L: 4
  bond_dim: 32
  output_site: null
  init_strength: 0.1
dataset:
  name: concrete
  task: regression
  cap: 50
  size: medium
  batch_size: 256
slurm:
  partition: titans
  time: '12:00:00'
  mem: 2gb
  gpu_arch: Ampere
  cpus: 1
  gpu: 1
hpc:
  queue: gpuv100
  time: '12:00'
  mem: 500MB
  cpus: 4
  gpu: 1
trainer:
  type: gtn
  n_epochs: 1000
  lr: 0.005
  optimizer: adamw
  ridge: 0.005
  loss_fn: null
  patience: 100
  min_delta: 0.001
  train_selection: true
seed: 47303
experiment_name: ${model.name}_${dataset.name}_${trainer.type}_rg${trainer.ridge}_init${model.init_strength}
skip_completed: true

[2026-04-01 22:19:37,781][__main__][INFO] - Output directory: /home/nicci/GTN/outputs/gtn/concrete/CPDA_rg0.005_init0.1/L4_bd32_seed47303
[2026-04-01 22:19:37,781][__main__][INFO] - Loading dataset: concrete
[2026-04-01 22:19:39,090][__main__][INFO] -   Samples: train=721, val=154, test=155
[2026-04-01 22:19:39,090][__main__][INFO] -   Features: 9 (including bias), Task: regression
[2026-04-01 22:19:39,090][__main__][INFO] -   Device: cuda
[2026-04-01 22:19:39,091][__main__][INFO] - Creating model: CPDA
[2026-04-01 22:19:59,458][__main__][INFO] - Results saved to: /home/nicci/GTN/outputs/gtn/concrete/CPDA_rg0.005_init0.1/L4_bd32_seed47303/results.json
[2026-04-01 22:19:59,458][__main__][INFO] - ✓ Train R²: 0.5422
[2026-04-01 22:19:59,458][__main__][INFO] - ✓ Val R²: -7.5939
[2026-04-01 22:19:59,459][HYDRA] 	#35 : model.L=4 model.bond_dim=64 seed=42 trainer.lr=0.005 trainer.ridge=0.005 trainer.optimizer=adamw +experiment=cpda_gtn_sweep model=cpda dataset=concrete
[2026-04-01 22:19:59,577][__main__][INFO] - Configuration:
model:
  name: CPDA
  L: 4
  bond_dim: 64
  output_site: null
  init_strength: 0.1
dataset:
  name: concrete
  task: regression
  cap: 50
  size: medium
  batch_size: 256
slurm:
  partition: titans
  time: '12:00:00'
  mem: 2gb
  gpu_arch: Ampere
  cpus: 1
  gpu: 1
hpc:
  queue: gpuv100
  time: '12:00'
  mem: 500MB
  cpus: 4
  gpu: 1
trainer:
  type: gtn
  n_epochs: 1000
  lr: 0.005
  optimizer: adamw
  ridge: 0.005
  loss_fn: null
  patience: 100
  min_delta: 0.001
  train_selection: true
seed: 42
experiment_name: ${model.name}_${dataset.name}_${trainer.type}_rg${trainer.ridge}_init${model.init_strength}
skip_completed: true

[2026-04-01 22:19:59,578][__main__][INFO] - Output directory: /home/nicci/GTN/outputs/gtn/concrete/CPDA_rg0.005_init0.1/L4_bd64_seed42
[2026-04-01 22:19:59,578][__main__][INFO] - Loading dataset: concrete
[2026-04-01 22:20:00,884][__main__][INFO] -   Samples: train=721, val=154, test=155
[2026-04-01 22:20:00,884][__main__][INFO] -   Features: 9 (including bias), Task: regression
[2026-04-01 22:20:00,884][__main__][INFO] -   Device: cuda
[2026-04-01 22:20:00,884][__main__][INFO] - Creating model: CPDA
[2026-04-01 22:20:21,138][__main__][INFO] - Results saved to: /home/nicci/GTN/outputs/gtn/concrete/CPDA_rg0.005_init0.1/L4_bd64_seed42/results.json
[2026-04-01 22:20:21,139][__main__][INFO] - ✓ Train R²: 0.0976
[2026-04-01 22:20:21,139][__main__][INFO] - ✓ Val R²: -7.5998
[2026-04-01 22:20:21,140][HYDRA] 	#36 : model.L=4 model.bond_dim=64 seed=10090 trainer.lr=0.005 trainer.ridge=0.005 trainer.optimizer=adamw +experiment=cpda_gtn_sweep model=cpda dataset=concrete
[2026-04-01 22:20:21,252][__main__][INFO] - Configuration:
model:
  name: CPDA
  L: 4
  bond_dim: 64
  output_site: null
  init_strength: 0.1
dataset:
  name: concrete
  task: regression
  cap: 50
  size: medium
  batch_size: 256
slurm:
  partition: titans
  time: '12:00:00'
  mem: 2gb
  gpu_arch: Ampere
  cpus: 1
  gpu: 1
hpc:
  queue: gpuv100
  time: '12:00'
  mem: 500MB
  cpus: 4
  gpu: 1
trainer:
  type: gtn
  n_epochs: 1000
  lr: 0.005
  optimizer: adamw
  ridge: 0.005
  loss_fn: null
  patience: 100
  min_delta: 0.001
  train_selection: true
seed: 10090
experiment_name: ${model.name}_${dataset.name}_${trainer.type}_rg${trainer.ridge}_init${model.init_strength}
skip_completed: true

[2026-04-01 22:20:21,252][__main__][INFO] - Output directory: /home/nicci/GTN/outputs/gtn/concrete/CPDA_rg0.005_init0.1/L4_bd64_seed10090
[2026-04-01 22:20:21,253][__main__][INFO] - Loading dataset: concrete
[2026-04-01 22:20:22,560][__main__][INFO] -   Samples: train=721, val=154, test=155
[2026-04-01 22:20:22,561][__main__][INFO] -   Features: 9 (including bias), Task: regression
[2026-04-01 22:20:22,561][__main__][INFO] -   Device: cuda
[2026-04-01 22:20:22,561][__main__][INFO] - Creating model: CPDA
[2026-04-01 22:20:42,807][__main__][INFO] - Results saved to: /home/nicci/GTN/outputs/gtn/concrete/CPDA_rg0.005_init0.1/L4_bd64_seed10090/results.json
[2026-04-01 22:20:42,807][__main__][INFO] - ✓ Train R²: 0.4995
[2026-04-01 22:20:42,807][__main__][INFO] - ✓ Val R²: -2.9696
[2026-04-01 22:20:42,808][HYDRA] 	#37 : model.L=4 model.bond_dim=64 seed=32874 trainer.lr=0.005 trainer.ridge=0.005 trainer.optimizer=adamw +experiment=cpda_gtn_sweep model=cpda dataset=concrete
[2026-04-01 22:20:42,921][__main__][INFO] - Configuration:
model:
  name: CPDA
  L: 4
  bond_dim: 64
  output_site: null
  init_strength: 0.1
dataset:
  name: concrete
  task: regression
  cap: 50
  size: medium
  batch_size: 256
slurm:
  partition: titans
  time: '12:00:00'
  mem: 2gb
  gpu_arch: Ampere
  cpus: 1
  gpu: 1
hpc:
  queue: gpuv100
  time: '12:00'
  mem: 500MB
  cpus: 4
  gpu: 1
trainer:
  type: gtn
  n_epochs: 1000
  lr: 0.005
  optimizer: adamw
  ridge: 0.005
  loss_fn: null
  patience: 100
  min_delta: 0.001
  train_selection: true
seed: 32874
experiment_name: ${model.name}_${dataset.name}_${trainer.type}_rg${trainer.ridge}_init${model.init_strength}
skip_completed: true

[2026-04-01 22:20:42,921][__main__][INFO] - Output directory: /home/nicci/GTN/outputs/gtn/concrete/CPDA_rg0.005_init0.1/L4_bd64_seed32874
[2026-04-01 22:20:42,922][__main__][INFO] - Loading dataset: concrete
[2026-04-01 22:20:44,239][__main__][INFO] -   Samples: train=721, val=154, test=155
[2026-04-01 22:20:44,239][__main__][INFO] -   Features: 9 (including bias), Task: regression
[2026-04-01 22:20:44,239][__main__][INFO] -   Device: cuda
[2026-04-01 22:20:44,239][__main__][INFO] - Creating model: CPDA
[2026-04-01 22:21:04,716][__main__][INFO] - Results saved to: /home/nicci/GTN/outputs/gtn/concrete/CPDA_rg0.005_init0.1/L4_bd64_seed32874/results.json
[2026-04-01 22:21:04,716][__main__][INFO] - ✓ Train R²: 0.4554
[2026-04-01 22:21:04,716][__main__][INFO] - ✓ Val R²: -13.1049
[2026-04-01 22:21:04,717][HYDRA] 	#38 : model.L=4 model.bond_dim=64 seed=47311 trainer.lr=0.005 trainer.ridge=0.005 trainer.optimizer=adamw +experiment=cpda_gtn_sweep model=cpda dataset=concrete
[2026-04-01 22:21:04,836][__main__][INFO] - Configuration:
model:
  name: CPDA
  L: 4
  bond_dim: 64
  output_site: null
  init_strength: 0.1
dataset:
  name: concrete
  task: regression
  cap: 50
  size: medium
  batch_size: 256
slurm:
  partition: titans
  time: '12:00:00'
  mem: 2gb
  gpu_arch: Ampere
  cpus: 1
  gpu: 1
hpc:
  queue: gpuv100
  time: '12:00'
  mem: 500MB
  cpus: 4
  gpu: 1
trainer:
  type: gtn
  n_epochs: 1000
  lr: 0.005
  optimizer: adamw
  ridge: 0.005
  loss_fn: null
  patience: 100
  min_delta: 0.001
  train_selection: true
seed: 47311
experiment_name: ${model.name}_${dataset.name}_${trainer.type}_rg${trainer.ridge}_init${model.init_strength}
skip_completed: true

[2026-04-01 22:21:04,836][__main__][INFO] - Output directory: /home/nicci/GTN/outputs/gtn/concrete/CPDA_rg0.005_init0.1/L4_bd64_seed47311
[2026-04-01 22:21:04,837][__main__][INFO] - Loading dataset: concrete
[2026-04-01 22:21:06,149][__main__][INFO] -   Samples: train=721, val=154, test=155
[2026-04-01 22:21:06,149][__main__][INFO] -   Features: 9 (including bias), Task: regression
[2026-04-01 22:21:06,149][__main__][INFO] -   Device: cuda
[2026-04-01 22:21:06,149][__main__][INFO] - Creating model: CPDA
[2026-04-01 22:21:26,424][__main__][INFO] - Results saved to: /home/nicci/GTN/outputs/gtn/concrete/CPDA_rg0.005_init0.1/L4_bd64_seed47311/results.json
[2026-04-01 22:21:26,424][__main__][INFO] - ✓ Train R²: 0.5099
[2026-04-01 22:21:26,424][__main__][INFO] - ✓ Val R²: -14.3985
[2026-04-01 22:21:26,425][HYDRA] 	#39 : model.L=4 model.bond_dim=64 seed=47303 trainer.lr=0.005 trainer.ridge=0.005 trainer.optimizer=adamw +experiment=cpda_gtn_sweep model=cpda dataset=concrete
[2026-04-01 22:21:26,545][__main__][INFO] - Configuration:
model:
  name: CPDA
  L: 4
  bond_dim: 64
  output_site: null
  init_strength: 0.1
dataset:
  name: concrete
  task: regression
  cap: 50
  size: medium
  batch_size: 256
slurm:
  partition: titans
  time: '12:00:00'
  mem: 2gb
  gpu_arch: Ampere
  cpus: 1
  gpu: 1
hpc:
  queue: gpuv100
  time: '12:00'
  mem: 500MB
  cpus: 4
  gpu: 1
trainer:
  type: gtn
  n_epochs: 1000
  lr: 0.005
  optimizer: adamw
  ridge: 0.005
  loss_fn: null
  patience: 100
  min_delta: 0.001
  train_selection: true
seed: 47303
experiment_name: ${model.name}_${dataset.name}_${trainer.type}_rg${trainer.ridge}_init${model.init_strength}
skip_completed: true

[2026-04-01 22:21:26,546][__main__][INFO] - Output directory: /home/nicci/GTN/outputs/gtn/concrete/CPDA_rg0.005_init0.1/L4_bd64_seed47303
[2026-04-01 22:21:26,546][__main__][INFO] - Loading dataset: concrete
[2026-04-01 22:21:27,904][__main__][INFO] -   Samples: train=721, val=154, test=155
[2026-04-01 22:21:27,904][__main__][INFO] -   Features: 9 (including bias), Task: regression
[2026-04-01 22:21:27,904][__main__][INFO] -   Device: cuda
[2026-04-01 22:21:27,904][__main__][INFO] - Creating model: CPDA
[2026-04-01 22:21:48,136][__main__][INFO] - Results saved to: /home/nicci/GTN/outputs/gtn/concrete/CPDA_rg0.005_init0.1/L4_bd64_seed47303/results.json
[2026-04-01 22:21:48,137][__main__][INFO] - ✓ Train R²: 0.6583
[2026-04-01 22:21:48,137][__main__][INFO] - ✓ Val R²: -1.9307
Done: 2026-04-01-22:21:49
