Node: comp-gpu01
Array Job ID: 418732, Task ID: 2
Start: 2026-04-24-07:56:21
Running: model=tnml_p dataset=breast
[2026-04-24 07:56:42,237][HYDRA] Launching 30 jobs locally
[2026-04-24 07:56:42,237][HYDRA] 	#0 : model.L=3 model.bond_dim=4 seed=42 trainer.ridge=5 trainer.ridge_decay=0.25 trainer.ridge_min=0.0001 +experiment=uci_ntn_sweep model=tnml_p dataset=breast
[2026-04-24 07:56:42,393][__main__][INFO] - Configuration:
model:
  name: TNML_P
  L: 3
  bond_dim: 4
  output_site: null
  init_strength: 0.1
dataset:
  name: breast
  task: classification
  cap: 50
  size: small
  batch_size: 256
slurm:
  partition: titans
  time: '12:00:00'
  mem: 2gb
  gpu_arch: Ampere
  cpus: 1
  gpu: 1
hpc:
  queue: gpuv100
  time: '12:00'
  mem: 500MB
  cpus: 4
  gpu: 1
trainer:
  type: ntn
  n_epochs: 20
  ridge: 5
  ridge_decay: 0.25
  ridge_min: 0.0001
  adaptive_ridge: false
  patience: 10
  min_delta: 0.001
  train_selection: true
seed: 42
experiment_name: ${model.name}_${dataset.name}_${trainer.type}_rg${trainer.ridge}_init${model.init_strength}
skip_completed: true
update_tracking: false

[2026-04-24 07:56:42,396][__main__][INFO] - Output directory: /home/nicci/GTN/outputs/ntn/breast/TNML_P_rg5_init0.1/L3_bd4_seed42
[2026-04-24 07:56:42,461][utils.tracking][INFO] - Loaded 17231 tracked runs from runs_tracking.csv
[2026-04-24 07:56:42,463][__main__][INFO] - Loading dataset: breast
[2026-04-24 07:56:44,439][__main__][INFO] -   Samples: train=398, val=85, test=86
[2026-04-24 07:56:44,441][__main__][INFO] -   Features: 31 (including bias), Task: classification
[2026-04-24 07:56:44,441][__main__][INFO] -   Device: cuda
[2026-04-24 07:56:44,441][__main__][INFO] - Creating model: TNML_P
Starting Fit: 20 epochs.
Sweep Order: ['Node0', 'Node1', 'Node2', 'Node3', 'Node4', 'Node5', 'Node6', 'Node7', 'Node8', 'Node9', 'Node10', 'Node11', 'Node12', 'Node13', 'Node14', 'Node15', 'Node16', 'Node17', 'Node18', 'Node19', 'Node20', 'Node21', 'Node22', 'Node23', 'Node24', 'Node25', 'Node26', 'Node27', 'Node28', 'Node29', 'Node28', 'Node27', 'Node26', 'Node25', 'Node24', 'Node23', 'Node22', 'Node21', 'Node20', 'Node19', 'Node18', 'Node17', 'Node16', 'Node15', 'Node14', 'Node13', 'Node12', 'Node11', 'Node10', 'Node9', 'Node8', 'Node7', 'Node6', 'Node5', 'Node4', 'Node3', 'Node2', 'Node1']
Validation: Using separate validation set for best model selection
Early stopping: patience=10, min_delta=0.001
Init    | Train: loss: 6511574509197604568070386352128.00000 | quality: 0.46734
        | Val:   loss: 1566927207313605848826118144.00000 | quality: 0.43529

✗ Singular matrix at epoch 1 - stopping training
[2026-04-24 07:56:45,127][__main__][INFO] - Results saved to: /home/nicci/GTN/outputs/ntn/breast/TNML_P_rg5_init0.1/L3_bd4_seed42/results.json
[2026-04-24 07:56:45,127][__main__][WARNING] - ✗ Training failed (singular matrix)
[2026-04-24 07:56:45,129][HYDRA] 	#1 : model.L=3 model.bond_dim=4 seed=10090 trainer.ridge=5 trainer.ridge_decay=0.25 trainer.ridge_min=0.0001 +experiment=uci_ntn_sweep model=tnml_p dataset=breast
[2026-04-24 07:56:45,278][__main__][INFO] - Configuration:
model:
  name: TNML_P
  L: 3
  bond_dim: 4
  output_site: null
  init_strength: 0.1
dataset:
  name: breast
  task: classification
  cap: 50
  size: small
  batch_size: 256
slurm:
  partition: titans
  time: '12:00:00'
  mem: 2gb
  gpu_arch: Ampere
  cpus: 1
  gpu: 1
hpc:
  queue: gpuv100
  time: '12:00'
  mem: 500MB
  cpus: 4
  gpu: 1
trainer:
  type: ntn
  n_epochs: 20
  ridge: 5
  ridge_decay: 0.25
  ridge_min: 0.0001
  adaptive_ridge: false
  patience: 10
  min_delta: 0.001
  train_selection: true
seed: 10090
experiment_name: ${model.name}_${dataset.name}_${trainer.type}_rg${trainer.ridge}_init${model.init_strength}
skip_completed: true
update_tracking: false

[2026-04-24 07:56:45,278][__main__][INFO] - Output directory: /home/nicci/GTN/outputs/ntn/breast/TNML_P_rg5_init0.1/L3_bd4_seed10090
[2026-04-24 07:56:45,279][__main__][INFO] - Loading dataset: breast
[2026-04-24 07:56:46,782][__main__][INFO] -   Samples: train=398, val=85, test=86
[2026-04-24 07:56:46,782][__main__][INFO] -   Features: 31 (including bias), Task: classification
[2026-04-24 07:56:46,782][__main__][INFO] -   Device: cuda
[2026-04-24 07:56:46,783][__main__][INFO] - Creating model: TNML_P
Starting Fit: 20 epochs.
Sweep Order: ['Node0', 'Node1', 'Node2', 'Node3', 'Node4', 'Node5', 'Node6', 'Node7', 'Node8', 'Node9', 'Node10', 'Node11', 'Node12', 'Node13', 'Node14', 'Node15', 'Node16', 'Node17', 'Node18', 'Node19', 'Node20', 'Node21', 'Node22', 'Node23', 'Node24', 'Node25', 'Node26', 'Node27', 'Node28', 'Node29', 'Node28', 'Node27', 'Node26', 'Node25', 'Node24', 'Node23', 'Node22', 'Node21', 'Node20', 'Node19', 'Node18', 'Node17', 'Node16', 'Node15', 'Node14', 'Node13', 'Node12', 'Node11', 'Node10', 'Node9', 'Node8', 'Node7', 'Node6', 'Node5', 'Node4', 'Node3', 'Node2', 'Node1']
Validation: Using separate validation set for best model selection
Early stopping: patience=10, min_delta=0.001
Init    | Train: loss: 621794878846943663444430159872.00000 | quality: 0.52764
        | Val:   loss: 698300528703201787884077056.00000 | quality: 0.52941

✗ Singular matrix at epoch 1 - stopping training
[2026-04-24 07:56:46,900][__main__][INFO] - Results saved to: /home/nicci/GTN/outputs/ntn/breast/TNML_P_rg5_init0.1/L3_bd4_seed10090/results.json
[2026-04-24 07:56:46,900][__main__][WARNING] - ✗ Training failed (singular matrix)
[2026-04-24 07:56:46,902][HYDRA] 	#2 : model.L=3 model.bond_dim=4 seed=32874 trainer.ridge=5 trainer.ridge_decay=0.25 trainer.ridge_min=0.0001 +experiment=uci_ntn_sweep model=tnml_p dataset=breast
[2026-04-24 07:56:47,199][__main__][INFO] - Configuration:
model:
  name: TNML_P
  L: 3
  bond_dim: 4
  output_site: null
  init_strength: 0.1
dataset:
  name: breast
  task: classification
  cap: 50
  size: small
  batch_size: 256
slurm:
  partition: titans
  time: '12:00:00'
  mem: 2gb
  gpu_arch: Ampere
  cpus: 1
  gpu: 1
hpc:
  queue: gpuv100
  time: '12:00'
  mem: 500MB
  cpus: 4
  gpu: 1
trainer:
  type: ntn
  n_epochs: 20
  ridge: 5
  ridge_decay: 0.25
  ridge_min: 0.0001
  adaptive_ridge: false
  patience: 10
  min_delta: 0.001
  train_selection: true
seed: 32874
experiment_name: ${model.name}_${dataset.name}_${trainer.type}_rg${trainer.ridge}_init${model.init_strength}
skip_completed: true
update_tracking: false

[2026-04-24 07:56:47,200][__main__][INFO] - Output directory: /home/nicci/GTN/outputs/ntn/breast/TNML_P_rg5_init0.1/L3_bd4_seed32874
[2026-04-24 07:56:47,200][__main__][INFO] - Loading dataset: breast
[2026-04-24 07:56:48,783][__main__][INFO] -   Samples: train=398, val=85, test=86
[2026-04-24 07:56:48,783][__main__][INFO] -   Features: 31 (including bias), Task: classification
[2026-04-24 07:56:48,783][__main__][INFO] -   Device: cuda
[2026-04-24 07:56:48,783][__main__][INFO] - Creating model: TNML_P
Starting Fit: 20 epochs.
Sweep Order: ['Node0', 'Node1', 'Node2', 'Node3', 'Node4', 'Node5', 'Node6', 'Node7', 'Node8', 'Node9', 'Node10', 'Node11', 'Node12', 'Node13', 'Node14', 'Node15', 'Node16', 'Node17', 'Node18', 'Node19', 'Node20', 'Node21', 'Node22', 'Node23', 'Node24', 'Node25', 'Node26', 'Node27', 'Node28', 'Node29', 'Node28', 'Node27', 'Node26', 'Node25', 'Node24', 'Node23', 'Node22', 'Node21', 'Node20', 'Node19', 'Node18', 'Node17', 'Node16', 'Node15', 'Node14', 'Node13', 'Node12', 'Node11', 'Node10', 'Node9', 'Node8', 'Node7', 'Node6', 'Node5', 'Node4', 'Node3', 'Node2', 'Node1']
Validation: Using separate validation set for best model selection
Early stopping: patience=10, min_delta=0.001
Init    | Train: loss: 906949890947675961129735028736.00000 | quality: 0.46231
        | Val:   loss: 161435389300060790456320.00000 | quality: 0.52941

✗ Singular matrix at epoch 1 - stopping training
[2026-04-24 07:56:48,900][__main__][INFO] - Results saved to: /home/nicci/GTN/outputs/ntn/breast/TNML_P_rg5_init0.1/L3_bd4_seed32874/results.json
[2026-04-24 07:56:48,901][__main__][WARNING] - ✗ Training failed (singular matrix)
[2026-04-24 07:56:48,902][HYDRA] 	#3 : model.L=3 model.bond_dim=4 seed=47311 trainer.ridge=5 trainer.ridge_decay=0.25 trainer.ridge_min=0.0001 +experiment=uci_ntn_sweep model=tnml_p dataset=breast
[2026-04-24 07:56:49,052][__main__][INFO] - Configuration:
model:
  name: TNML_P
  L: 3
  bond_dim: 4
  output_site: null
  init_strength: 0.1
dataset:
  name: breast
  task: classification
  cap: 50
  size: small
  batch_size: 256
slurm:
  partition: titans
  time: '12:00:00'
  mem: 2gb
  gpu_arch: Ampere
  cpus: 1
  gpu: 1
hpc:
  queue: gpuv100
  time: '12:00'
  mem: 500MB
  cpus: 4
  gpu: 1
trainer:
  type: ntn
  n_epochs: 20
  ridge: 5
  ridge_decay: 0.25
  ridge_min: 0.0001
  adaptive_ridge: false
  patience: 10
  min_delta: 0.001
  train_selection: true
seed: 47311
experiment_name: ${model.name}_${dataset.name}_${trainer.type}_rg${trainer.ridge}_init${model.init_strength}
skip_completed: true
update_tracking: false

[2026-04-24 07:56:49,053][__main__][INFO] - Output directory: /home/nicci/GTN/outputs/ntn/breast/TNML_P_rg5_init0.1/L3_bd4_seed47311
[2026-04-24 07:56:49,054][__main__][INFO] - Loading dataset: breast
[2026-04-24 07:56:50,640][__main__][INFO] -   Samples: train=398, val=85, test=86
[2026-04-24 07:56:50,640][__main__][INFO] -   Features: 31 (including bias), Task: classification
[2026-04-24 07:56:50,640][__main__][INFO] -   Device: cuda
[2026-04-24 07:56:50,640][__main__][INFO] - Creating model: TNML_P
Starting Fit: 20 epochs.
Sweep Order: ['Node0', 'Node1', 'Node2', 'Node3', 'Node4', 'Node5', 'Node6', 'Node7', 'Node8', 'Node9', 'Node10', 'Node11', 'Node12', 'Node13', 'Node14', 'Node15', 'Node16', 'Node17', 'Node18', 'Node19', 'Node20', 'Node21', 'Node22', 'Node23', 'Node24', 'Node25', 'Node26', 'Node27', 'Node28', 'Node29', 'Node28', 'Node27', 'Node26', 'Node25', 'Node24', 'Node23', 'Node22', 'Node21', 'Node20', 'Node19', 'Node18', 'Node17', 'Node16', 'Node15', 'Node14', 'Node13', 'Node12', 'Node11', 'Node10', 'Node9', 'Node8', 'Node7', 'Node6', 'Node5', 'Node4', 'Node3', 'Node2', 'Node1']
Validation: Using separate validation set for best model selection
Early stopping: patience=10, min_delta=0.001
Init    | Train: loss: 68701480614791071384433852416.00000 | quality: 0.45980
        | Val:   loss: 482315876730867613696.00000 | quality: 0.56471

✗ Singular matrix at epoch 1 - stopping training
[2026-04-24 07:56:50,756][__main__][INFO] - Results saved to: /home/nicci/GTN/outputs/ntn/breast/TNML_P_rg5_init0.1/L3_bd4_seed47311/results.json
[2026-04-24 07:56:50,756][__main__][WARNING] - ✗ Training failed (singular matrix)
[2026-04-24 07:56:50,757][HYDRA] 	#4 : model.L=3 model.bond_dim=4 seed=47303 trainer.ridge=5 trainer.ridge_decay=0.25 trainer.ridge_min=0.0001 +experiment=uci_ntn_sweep model=tnml_p dataset=breast
[2026-04-24 07:56:50,892][__main__][INFO] - Configuration:
model:
  name: TNML_P
  L: 3
  bond_dim: 4
  output_site: null
  init_strength: 0.1
dataset:
  name: breast
  task: classification
  cap: 50
  size: small
  batch_size: 256
slurm:
  partition: titans
  time: '12:00:00'
  mem: 2gb
  gpu_arch: Ampere
  cpus: 1
  gpu: 1
hpc:
  queue: gpuv100
  time: '12:00'
  mem: 500MB
  cpus: 4
  gpu: 1
trainer:
  type: ntn
  n_epochs: 20
  ridge: 5
  ridge_decay: 0.25
  ridge_min: 0.0001
  adaptive_ridge: false
  patience: 10
  min_delta: 0.001
  train_selection: true
seed: 47303
experiment_name: ${model.name}_${dataset.name}_${trainer.type}_rg${trainer.ridge}_init${model.init_strength}
skip_completed: true
update_tracking: false

[2026-04-24 07:56:50,893][__main__][INFO] - Output directory: /home/nicci/GTN/outputs/ntn/breast/TNML_P_rg5_init0.1/L3_bd4_seed47303
[2026-04-24 07:56:50,893][__main__][INFO] - Loading dataset: breast
[2026-04-24 07:56:52,392][__main__][INFO] -   Samples: train=398, val=85, test=86
[2026-04-24 07:56:52,393][__main__][INFO] -   Features: 31 (including bias), Task: classification
[2026-04-24 07:56:52,393][__main__][INFO] -   Device: cuda
[2026-04-24 07:56:52,393][__main__][INFO] - Creating model: TNML_P
Starting Fit: 20 epochs.
Sweep Order: ['Node0', 'Node1', 'Node2', 'Node3', 'Node4', 'Node5', 'Node6', 'Node7', 'Node8', 'Node9', 'Node10', 'Node11', 'Node12', 'Node13', 'Node14', 'Node15', 'Node16', 'Node17', 'Node18', 'Node19', 'Node20', 'Node21', 'Node22', 'Node23', 'Node24', 'Node25', 'Node26', 'Node27', 'Node28', 'Node29', 'Node28', 'Node27', 'Node26', 'Node25', 'Node24', 'Node23', 'Node22', 'Node21', 'Node20', 'Node19', 'Node18', 'Node17', 'Node16', 'Node15', 'Node14', 'Node13', 'Node12', 'Node11', 'Node10', 'Node9', 'Node8', 'Node7', 'Node6', 'Node5', 'Node4', 'Node3', 'Node2', 'Node1']
Validation: Using separate validation set for best model selection
Early stopping: patience=10, min_delta=0.001
Init    | Train: loss: 295900268652223748087620829184.00000 | quality: 0.48241
        | Val:   loss: 108054269657709477888.00000 | quality: 0.55294

✗ Singular matrix at epoch 1 - stopping training
[2026-04-24 07:56:52,510][__main__][INFO] - Results saved to: /home/nicci/GTN/outputs/ntn/breast/TNML_P_rg5_init0.1/L3_bd4_seed47303/results.json
[2026-04-24 07:56:52,510][__main__][WARNING] - ✗ Training failed (singular matrix)
[2026-04-24 07:56:52,512][HYDRA] 	#5 : model.L=3 model.bond_dim=8 seed=42 trainer.ridge=5 trainer.ridge_decay=0.25 trainer.ridge_min=0.0001 +experiment=uci_ntn_sweep model=tnml_p dataset=breast
[2026-04-24 07:56:52,656][__main__][INFO] - Configuration:
model:
  name: TNML_P
  L: 3
  bond_dim: 8
  output_site: null
  init_strength: 0.1
dataset:
  name: breast
  task: classification
  cap: 50
  size: small
  batch_size: 256
slurm:
  partition: titans
  time: '12:00:00'
  mem: 2gb
  gpu_arch: Ampere
  cpus: 1
  gpu: 1
hpc:
  queue: gpuv100
  time: '12:00'
  mem: 500MB
  cpus: 4
  gpu: 1
trainer:
  type: ntn
  n_epochs: 20
  ridge: 5
  ridge_decay: 0.25
  ridge_min: 0.0001
  adaptive_ridge: false
  patience: 10
  min_delta: 0.001
  train_selection: true
seed: 42
experiment_name: ${model.name}_${dataset.name}_${trainer.type}_rg${trainer.ridge}_init${model.init_strength}
skip_completed: true
update_tracking: false

[2026-04-24 07:56:52,656][__main__][INFO] - Output directory: /home/nicci/GTN/outputs/ntn/breast/TNML_P_rg5_init0.1/L3_bd8_seed42
[2026-04-24 07:56:52,657][__main__][INFO] - Loading dataset: breast
[2026-04-24 07:56:54,155][__main__][INFO] -   Samples: train=398, val=85, test=86
[2026-04-24 07:56:54,155][__main__][INFO] -   Features: 31 (including bias), Task: classification
[2026-04-24 07:56:54,155][__main__][INFO] -   Device: cuda
[2026-04-24 07:56:54,156][__main__][INFO] - Creating model: TNML_P
Starting Fit: 20 epochs.
Sweep Order: ['Node0', 'Node1', 'Node2', 'Node3', 'Node4', 'Node5', 'Node6', 'Node7', 'Node8', 'Node9', 'Node10', 'Node11', 'Node12', 'Node13', 'Node14', 'Node15', 'Node16', 'Node17', 'Node18', 'Node19', 'Node20', 'Node21', 'Node22', 'Node23', 'Node24', 'Node25', 'Node26', 'Node27', 'Node28', 'Node29', 'Node28', 'Node27', 'Node26', 'Node25', 'Node24', 'Node23', 'Node22', 'Node21', 'Node20', 'Node19', 'Node18', 'Node17', 'Node16', 'Node15', 'Node14', 'Node13', 'Node12', 'Node11', 'Node10', 'Node9', 'Node8', 'Node7', 'Node6', 'Node5', 'Node4', 'Node3', 'Node2', 'Node1']
Validation: Using separate validation set for best model selection
Early stopping: patience=10, min_delta=0.001
Init    | Train: loss: 11152892981963496919588923244544.00000 | quality: 0.48492
        | Val:   loss: 250333313090132471971840.00000 | quality: 0.54118

✗ Singular matrix at epoch 1 - stopping training
[2026-04-24 07:56:54,363][__main__][INFO] - Results saved to: /home/nicci/GTN/outputs/ntn/breast/TNML_P_rg5_init0.1/L3_bd8_seed42/results.json
[2026-04-24 07:56:54,363][__main__][WARNING] - ✗ Training failed (singular matrix)
[2026-04-24 07:56:54,365][HYDRA] 	#6 : model.L=3 model.bond_dim=8 seed=10090 trainer.ridge=5 trainer.ridge_decay=0.25 trainer.ridge_min=0.0001 +experiment=uci_ntn_sweep model=tnml_p dataset=breast
[2026-04-24 07:56:54,514][__main__][INFO] - Configuration:
model:
  name: TNML_P
  L: 3
  bond_dim: 8
  output_site: null
  init_strength: 0.1
dataset:
  name: breast
  task: classification
  cap: 50
  size: small
  batch_size: 256
slurm:
  partition: titans
  time: '12:00:00'
  mem: 2gb
  gpu_arch: Ampere
  cpus: 1
  gpu: 1
hpc:
  queue: gpuv100
  time: '12:00'
  mem: 500MB
  cpus: 4
  gpu: 1
trainer:
  type: ntn
  n_epochs: 20
  ridge: 5
  ridge_decay: 0.25
  ridge_min: 0.0001
  adaptive_ridge: false
  patience: 10
  min_delta: 0.001
  train_selection: true
seed: 10090
experiment_name: ${model.name}_${dataset.name}_${trainer.type}_rg${trainer.ridge}_init${model.init_strength}
skip_completed: true
update_tracking: false

[2026-04-24 07:56:54,515][__main__][INFO] - Output directory: /home/nicci/GTN/outputs/ntn/breast/TNML_P_rg5_init0.1/L3_bd8_seed10090
[2026-04-24 07:56:54,516][__main__][INFO] - Loading dataset: breast
[2026-04-24 07:56:56,014][__main__][INFO] -   Samples: train=398, val=85, test=86
[2026-04-24 07:56:56,014][__main__][INFO] -   Features: 31 (including bias), Task: classification
[2026-04-24 07:56:56,014][__main__][INFO] -   Device: cuda
[2026-04-24 07:56:56,014][__main__][INFO] - Creating model: TNML_P
Starting Fit: 20 epochs.
Sweep Order: ['Node0', 'Node1', 'Node2', 'Node3', 'Node4', 'Node5', 'Node6', 'Node7', 'Node8', 'Node9', 'Node10', 'Node11', 'Node12', 'Node13', 'Node14', 'Node15', 'Node16', 'Node17', 'Node18', 'Node19', 'Node20', 'Node21', 'Node22', 'Node23', 'Node24', 'Node25', 'Node26', 'Node27', 'Node28', 'Node29', 'Node28', 'Node27', 'Node26', 'Node25', 'Node24', 'Node23', 'Node22', 'Node21', 'Node20', 'Node19', 'Node18', 'Node17', 'Node16', 'Node15', 'Node14', 'Node13', 'Node12', 'Node11', 'Node10', 'Node9', 'Node8', 'Node7', 'Node6', 'Node5', 'Node4', 'Node3', 'Node2', 'Node1']
Validation: Using separate validation set for best model selection
Early stopping: patience=10, min_delta=0.001
Init    | Train: loss: 5678130015532367831181100580864.00000 | quality: 0.47487
        | Val:   loss: 63208829890778575667200.00000 | quality: 0.49412

✗ Singular matrix at epoch 1 - stopping training
[2026-04-24 07:56:56,132][__main__][INFO] - Results saved to: /home/nicci/GTN/outputs/ntn/breast/TNML_P_rg5_init0.1/L3_bd8_seed10090/results.json
[2026-04-24 07:56:56,132][__main__][WARNING] - ✗ Training failed (singular matrix)
[2026-04-24 07:56:56,134][HYDRA] 	#7 : model.L=3 model.bond_dim=8 seed=32874 trainer.ridge=5 trainer.ridge_decay=0.25 trainer.ridge_min=0.0001 +experiment=uci_ntn_sweep model=tnml_p dataset=breast
[2026-04-24 07:56:56,271][__main__][INFO] - Configuration:
model:
  name: TNML_P
  L: 3
  bond_dim: 8
  output_site: null
  init_strength: 0.1
dataset:
  name: breast
  task: classification
  cap: 50
  size: small
  batch_size: 256
slurm:
  partition: titans
  time: '12:00:00'
  mem: 2gb
  gpu_arch: Ampere
  cpus: 1
  gpu: 1
hpc:
  queue: gpuv100
  time: '12:00'
  mem: 500MB
  cpus: 4
  gpu: 1
trainer:
  type: ntn
  n_epochs: 20
  ridge: 5
  ridge_decay: 0.25
  ridge_min: 0.0001
  adaptive_ridge: false
  patience: 10
  min_delta: 0.001
  train_selection: true
seed: 32874
experiment_name: ${model.name}_${dataset.name}_${trainer.type}_rg${trainer.ridge}_init${model.init_strength}
skip_completed: true
update_tracking: false

[2026-04-24 07:56:56,271][__main__][INFO] - Output directory: /home/nicci/GTN/outputs/ntn/breast/TNML_P_rg5_init0.1/L3_bd8_seed32874
[2026-04-24 07:56:56,272][__main__][INFO] - Loading dataset: breast
[2026-04-24 07:56:57,767][__main__][INFO] -   Samples: train=398, val=85, test=86
[2026-04-24 07:56:57,767][__main__][INFO] -   Features: 31 (including bias), Task: classification
[2026-04-24 07:56:57,767][__main__][INFO] -   Device: cuda
[2026-04-24 07:56:57,767][__main__][INFO] - Creating model: TNML_P
Starting Fit: 20 epochs.
Sweep Order: ['Node0', 'Node1', 'Node2', 'Node3', 'Node4', 'Node5', 'Node6', 'Node7', 'Node8', 'Node9', 'Node10', 'Node11', 'Node12', 'Node13', 'Node14', 'Node15', 'Node16', 'Node17', 'Node18', 'Node19', 'Node20', 'Node21', 'Node22', 'Node23', 'Node24', 'Node25', 'Node26', 'Node27', 'Node28', 'Node29', 'Node28', 'Node27', 'Node26', 'Node25', 'Node24', 'Node23', 'Node22', 'Node21', 'Node20', 'Node19', 'Node18', 'Node17', 'Node16', 'Node15', 'Node14', 'Node13', 'Node12', 'Node11', 'Node10', 'Node9', 'Node8', 'Node7', 'Node6', 'Node5', 'Node4', 'Node3', 'Node2', 'Node1']
Validation: Using separate validation set for best model selection
Early stopping: patience=10, min_delta=0.001
Init    | Train: loss: 1028283949567519578967244800.00000 | quality: 0.47990
        | Val:   loss: 11802586674251071225856.00000 | quality: 0.54118

✗ Singular matrix at epoch 1 - stopping training
[2026-04-24 07:56:57,887][__main__][INFO] - Results saved to: /home/nicci/GTN/outputs/ntn/breast/TNML_P_rg5_init0.1/L3_bd8_seed32874/results.json
[2026-04-24 07:56:57,887][__main__][WARNING] - ✗ Training failed (singular matrix)
[2026-04-24 07:56:57,889][HYDRA] 	#8 : model.L=3 model.bond_dim=8 seed=47311 trainer.ridge=5 trainer.ridge_decay=0.25 trainer.ridge_min=0.0001 +experiment=uci_ntn_sweep model=tnml_p dataset=breast
[2026-04-24 07:56:58,030][__main__][INFO] - Configuration:
model:
  name: TNML_P
  L: 3
  bond_dim: 8
  output_site: null
  init_strength: 0.1
dataset:
  name: breast
  task: classification
  cap: 50
  size: small
  batch_size: 256
slurm:
  partition: titans
  time: '12:00:00'
  mem: 2gb
  gpu_arch: Ampere
  cpus: 1
  gpu: 1
hpc:
  queue: gpuv100
  time: '12:00'
  mem: 500MB
  cpus: 4
  gpu: 1
trainer:
  type: ntn
  n_epochs: 20
  ridge: 5
  ridge_decay: 0.25
  ridge_min: 0.0001
  adaptive_ridge: false
  patience: 10
  min_delta: 0.001
  train_selection: true
seed: 47311
experiment_name: ${model.name}_${dataset.name}_${trainer.type}_rg${trainer.ridge}_init${model.init_strength}
skip_completed: true
update_tracking: false

[2026-04-24 07:56:58,031][__main__][INFO] - Output directory: /home/nicci/GTN/outputs/ntn/breast/TNML_P_rg5_init0.1/L3_bd8_seed47311
[2026-04-24 07:56:58,031][__main__][INFO] - Loading dataset: breast
[2026-04-24 07:56:59,528][__main__][INFO] -   Samples: train=398, val=85, test=86
[2026-04-24 07:56:59,528][__main__][INFO] -   Features: 31 (including bias), Task: classification
[2026-04-24 07:56:59,528][__main__][INFO] -   Device: cuda
[2026-04-24 07:56:59,528][__main__][INFO] - Creating model: TNML_P
Starting Fit: 20 epochs.
Sweep Order: ['Node0', 'Node1', 'Node2', 'Node3', 'Node4', 'Node5', 'Node6', 'Node7', 'Node8', 'Node9', 'Node10', 'Node11', 'Node12', 'Node13', 'Node14', 'Node15', 'Node16', 'Node17', 'Node18', 'Node19', 'Node20', 'Node21', 'Node22', 'Node23', 'Node24', 'Node25', 'Node26', 'Node27', 'Node28', 'Node29', 'Node28', 'Node27', 'Node26', 'Node25', 'Node24', 'Node23', 'Node22', 'Node21', 'Node20', 'Node19', 'Node18', 'Node17', 'Node16', 'Node15', 'Node14', 'Node13', 'Node12', 'Node11', 'Node10', 'Node9', 'Node8', 'Node7', 'Node6', 'Node5', 'Node4', 'Node3', 'Node2', 'Node1']
Validation: Using separate validation set for best model selection
Early stopping: patience=10, min_delta=0.001
Init    | Train: loss: 8704639866046825979969536000.00000 | quality: 0.48492
        | Val:   loss: 22814109347529142627091873792.00000 | quality: 0.42353

✗ Singular matrix at epoch 1 - stopping training
[2026-04-24 07:56:59,649][__main__][INFO] - Results saved to: /home/nicci/GTN/outputs/ntn/breast/TNML_P_rg5_init0.1/L3_bd8_seed47311/results.json
[2026-04-24 07:56:59,649][__main__][WARNING] - ✗ Training failed (singular matrix)
[2026-04-24 07:56:59,651][HYDRA] 	#9 : model.L=3 model.bond_dim=8 seed=47303 trainer.ridge=5 trainer.ridge_decay=0.25 trainer.ridge_min=0.0001 +experiment=uci_ntn_sweep model=tnml_p dataset=breast
[2026-04-24 07:56:59,796][__main__][INFO] - Configuration:
model:
  name: TNML_P
  L: 3
  bond_dim: 8
  output_site: null
  init_strength: 0.1
dataset:
  name: breast
  task: classification
  cap: 50
  size: small
  batch_size: 256
slurm:
  partition: titans
  time: '12:00:00'
  mem: 2gb
  gpu_arch: Ampere
  cpus: 1
  gpu: 1
hpc:
  queue: gpuv100
  time: '12:00'
  mem: 500MB
  cpus: 4
  gpu: 1
trainer:
  type: ntn
  n_epochs: 20
  ridge: 5
  ridge_decay: 0.25
  ridge_min: 0.0001
  adaptive_ridge: false
  patience: 10
  min_delta: 0.001
  train_selection: true
seed: 47303
experiment_name: ${model.name}_${dataset.name}_${trainer.type}_rg${trainer.ridge}_init${model.init_strength}
skip_completed: true
update_tracking: false

[2026-04-24 07:56:59,797][__main__][INFO] - Output directory: /home/nicci/GTN/outputs/ntn/breast/TNML_P_rg5_init0.1/L3_bd8_seed47303
[2026-04-24 07:56:59,797][__main__][INFO] - Loading dataset: breast
[2026-04-24 07:57:01,317][__main__][INFO] -   Samples: train=398, val=85, test=86
[2026-04-24 07:57:01,317][__main__][INFO] -   Features: 31 (including bias), Task: classification
[2026-04-24 07:57:01,317][__main__][INFO] -   Device: cuda
[2026-04-24 07:57:01,317][__main__][INFO] - Creating model: TNML_P
Starting Fit: 20 epochs.
Sweep Order: ['Node0', 'Node1', 'Node2', 'Node3', 'Node4', 'Node5', 'Node6', 'Node7', 'Node8', 'Node9', 'Node10', 'Node11', 'Node12', 'Node13', 'Node14', 'Node15', 'Node16', 'Node17', 'Node18', 'Node19', 'Node20', 'Node21', 'Node22', 'Node23', 'Node24', 'Node25', 'Node26', 'Node27', 'Node28', 'Node29', 'Node28', 'Node27', 'Node26', 'Node25', 'Node24', 'Node23', 'Node22', 'Node21', 'Node20', 'Node19', 'Node18', 'Node17', 'Node16', 'Node15', 'Node14', 'Node13', 'Node12', 'Node11', 'Node10', 'Node9', 'Node8', 'Node7', 'Node6', 'Node5', 'Node4', 'Node3', 'Node2', 'Node1']
Validation: Using separate validation set for best model selection
Early stopping: patience=10, min_delta=0.001
Init    | Train: loss: 34182208970820149343718211584.00000 | quality: 0.45477
        | Val:   loss: 25840335038509001023361646592.00000 | quality: 0.51765

✗ Singular matrix at epoch 1 - stopping training
[2026-04-24 07:57:01,431][__main__][INFO] - Results saved to: /home/nicci/GTN/outputs/ntn/breast/TNML_P_rg5_init0.1/L3_bd8_seed47303/results.json
[2026-04-24 07:57:01,431][__main__][WARNING] - ✗ Training failed (singular matrix)
[2026-04-24 07:57:01,433][HYDRA] 	#10 : model.L=3 model.bond_dim=12 seed=42 trainer.ridge=5 trainer.ridge_decay=0.25 trainer.ridge_min=0.0001 +experiment=uci_ntn_sweep model=tnml_p dataset=breast
[2026-04-24 07:57:01,570][__main__][INFO] - Configuration:
model:
  name: TNML_P
  L: 3
  bond_dim: 12
  output_site: null
  init_strength: 0.1
dataset:
  name: breast
  task: classification
  cap: 50
  size: small
  batch_size: 256
slurm:
  partition: titans
  time: '12:00:00'
  mem: 2gb
  gpu_arch: Ampere
  cpus: 1
  gpu: 1
hpc:
  queue: gpuv100
  time: '12:00'
  mem: 500MB
  cpus: 4
  gpu: 1
trainer:
  type: ntn
  n_epochs: 20
  ridge: 5
  ridge_decay: 0.25
  ridge_min: 0.0001
  adaptive_ridge: false
  patience: 10
  min_delta: 0.001
  train_selection: true
seed: 42
experiment_name: ${model.name}_${dataset.name}_${trainer.type}_rg${trainer.ridge}_init${model.init_strength}
skip_completed: true
update_tracking: false

[2026-04-24 07:57:01,570][__main__][INFO] - Output directory: /home/nicci/GTN/outputs/ntn/breast/TNML_P_rg5_init0.1/L3_bd12_seed42
[2026-04-24 07:57:01,571][__main__][INFO] - Loading dataset: breast
[2026-04-24 07:57:03,074][__main__][INFO] -   Samples: train=398, val=85, test=86
[2026-04-24 07:57:03,074][__main__][INFO] -   Features: 31 (including bias), Task: classification
[2026-04-24 07:57:03,074][__main__][INFO] -   Device: cuda
[2026-04-24 07:57:03,074][__main__][INFO] - Creating model: TNML_P
Starting Fit: 20 epochs.
Sweep Order: ['Node0', 'Node1', 'Node2', 'Node3', 'Node4', 'Node5', 'Node6', 'Node7', 'Node8', 'Node9', 'Node10', 'Node11', 'Node12', 'Node13', 'Node14', 'Node15', 'Node16', 'Node17', 'Node18', 'Node19', 'Node20', 'Node21', 'Node22', 'Node23', 'Node24', 'Node25', 'Node26', 'Node27', 'Node28', 'Node29', 'Node28', 'Node27', 'Node26', 'Node25', 'Node24', 'Node23', 'Node22', 'Node21', 'Node20', 'Node19', 'Node18', 'Node17', 'Node16', 'Node15', 'Node14', 'Node13', 'Node12', 'Node11', 'Node10', 'Node9', 'Node8', 'Node7', 'Node6', 'Node5', 'Node4', 'Node3', 'Node2', 'Node1']
Validation: Using separate validation set for best model selection
Early stopping: patience=10, min_delta=0.001
Init    | Train: loss: 44147210608715617239578968064.00000 | quality: 0.52513
        | Val:   loss: 11709044927952230400.00000 | quality: 0.50588

✗ Singular matrix at epoch 1 - stopping training
[2026-04-24 07:57:03,291][__main__][INFO] - Results saved to: /home/nicci/GTN/outputs/ntn/breast/TNML_P_rg5_init0.1/L3_bd12_seed42/results.json
[2026-04-24 07:57:03,292][__main__][WARNING] - ✗ Training failed (singular matrix)
[2026-04-24 07:57:03,293][HYDRA] 	#11 : model.L=3 model.bond_dim=12 seed=10090 trainer.ridge=5 trainer.ridge_decay=0.25 trainer.ridge_min=0.0001 +experiment=uci_ntn_sweep model=tnml_p dataset=breast
[2026-04-24 07:57:03,437][__main__][INFO] - Configuration:
model:
  name: TNML_P
  L: 3
  bond_dim: 12
  output_site: null
  init_strength: 0.1
dataset:
  name: breast
  task: classification
  cap: 50
  size: small
  batch_size: 256
slurm:
  partition: titans
  time: '12:00:00'
  mem: 2gb
  gpu_arch: Ampere
  cpus: 1
  gpu: 1
hpc:
  queue: gpuv100
  time: '12:00'
  mem: 500MB
  cpus: 4
  gpu: 1
trainer:
  type: ntn
  n_epochs: 20
  ridge: 5
  ridge_decay: 0.25
  ridge_min: 0.0001
  adaptive_ridge: false
  patience: 10
  min_delta: 0.001
  train_selection: true
seed: 10090
experiment_name: ${model.name}_${dataset.name}_${trainer.type}_rg${trainer.ridge}_init${model.init_strength}
skip_completed: true
update_tracking: false

[2026-04-24 07:57:03,438][__main__][INFO] - Output directory: /home/nicci/GTN/outputs/ntn/breast/TNML_P_rg5_init0.1/L3_bd12_seed10090
[2026-04-24 07:57:03,438][__main__][INFO] - Loading dataset: breast
[2026-04-24 07:57:05,058][__main__][INFO] -   Samples: train=398, val=85, test=86
[2026-04-24 07:57:05,058][__main__][INFO] -   Features: 31 (including bias), Task: classification
[2026-04-24 07:57:05,058][__main__][INFO] -   Device: cuda
[2026-04-24 07:57:05,058][__main__][INFO] - Creating model: TNML_P
Starting Fit: 20 epochs.
Sweep Order: ['Node0', 'Node1', 'Node2', 'Node3', 'Node4', 'Node5', 'Node6', 'Node7', 'Node8', 'Node9', 'Node10', 'Node11', 'Node12', 'Node13', 'Node14', 'Node15', 'Node16', 'Node17', 'Node18', 'Node19', 'Node20', 'Node21', 'Node22', 'Node23', 'Node24', 'Node25', 'Node26', 'Node27', 'Node28', 'Node29', 'Node28', 'Node27', 'Node26', 'Node25', 'Node24', 'Node23', 'Node22', 'Node21', 'Node20', 'Node19', 'Node18', 'Node17', 'Node16', 'Node15', 'Node14', 'Node13', 'Node12', 'Node11', 'Node10', 'Node9', 'Node8', 'Node7', 'Node6', 'Node5', 'Node4', 'Node3', 'Node2', 'Node1']
Validation: Using separate validation set for best model selection
Early stopping: patience=10, min_delta=0.001
Init    | Train: loss: 303806429404132278272.00000 | quality: 0.51256
        | Val:   loss: 14955900251163997503488.00000 | quality: 0.51765

✗ Singular matrix at epoch 1 - stopping training
[2026-04-24 07:57:05,192][__main__][INFO] - Results saved to: /home/nicci/GTN/outputs/ntn/breast/TNML_P_rg5_init0.1/L3_bd12_seed10090/results.json
[2026-04-24 07:57:05,192][__main__][WARNING] - ✗ Training failed (singular matrix)
[2026-04-24 07:57:05,194][HYDRA] 	#12 : model.L=3 model.bond_dim=12 seed=32874 trainer.ridge=5 trainer.ridge_decay=0.25 trainer.ridge_min=0.0001 +experiment=uci_ntn_sweep model=tnml_p dataset=breast
[2026-04-24 07:57:05,330][__main__][INFO] - Configuration:
model:
  name: TNML_P
  L: 3
  bond_dim: 12
  output_site: null
  init_strength: 0.1
dataset:
  name: breast
  task: classification
  cap: 50
  size: small
  batch_size: 256
slurm:
  partition: titans
  time: '12:00:00'
  mem: 2gb
  gpu_arch: Ampere
  cpus: 1
  gpu: 1
hpc:
  queue: gpuv100
  time: '12:00'
  mem: 500MB
  cpus: 4
  gpu: 1
trainer:
  type: ntn
  n_epochs: 20
  ridge: 5
  ridge_decay: 0.25
  ridge_min: 0.0001
  adaptive_ridge: false
  patience: 10
  min_delta: 0.001
  train_selection: true
seed: 32874
experiment_name: ${model.name}_${dataset.name}_${trainer.type}_rg${trainer.ridge}_init${model.init_strength}
skip_completed: true
update_tracking: false

[2026-04-24 07:57:05,330][__main__][INFO] - Output directory: /home/nicci/GTN/outputs/ntn/breast/TNML_P_rg5_init0.1/L3_bd12_seed32874
[2026-04-24 07:57:05,331][__main__][INFO] - Loading dataset: breast
[2026-04-24 07:57:06,826][__main__][INFO] -   Samples: train=398, val=85, test=86
[2026-04-24 07:57:06,826][__main__][INFO] -   Features: 31 (including bias), Task: classification
[2026-04-24 07:57:06,826][__main__][INFO] -   Device: cuda
[2026-04-24 07:57:06,826][__main__][INFO] - Creating model: TNML_P
Starting Fit: 20 epochs.
Sweep Order: ['Node0', 'Node1', 'Node2', 'Node3', 'Node4', 'Node5', 'Node6', 'Node7', 'Node8', 'Node9', 'Node10', 'Node11', 'Node12', 'Node13', 'Node14', 'Node15', 'Node16', 'Node17', 'Node18', 'Node19', 'Node20', 'Node21', 'Node22', 'Node23', 'Node24', 'Node25', 'Node26', 'Node27', 'Node28', 'Node29', 'Node28', 'Node27', 'Node26', 'Node25', 'Node24', 'Node23', 'Node22', 'Node21', 'Node20', 'Node19', 'Node18', 'Node17', 'Node16', 'Node15', 'Node14', 'Node13', 'Node12', 'Node11', 'Node10', 'Node9', 'Node8', 'Node7', 'Node6', 'Node5', 'Node4', 'Node3', 'Node2', 'Node1']
Validation: Using separate validation set for best model selection
Early stopping: patience=10, min_delta=0.001
Init    | Train: loss: 260949154870569205760.00000 | quality: 0.52764
        | Val:   loss: 21919669318437426077999562752.00000 | quality: 0.41176

✗ Singular matrix at epoch 1 - stopping training
[2026-04-24 07:57:06,965][__main__][INFO] - Results saved to: /home/nicci/GTN/outputs/ntn/breast/TNML_P_rg5_init0.1/L3_bd12_seed32874/results.json
[2026-04-24 07:57:06,965][__main__][WARNING] - ✗ Training failed (singular matrix)
[2026-04-24 07:57:06,966][HYDRA] 	#13 : model.L=3 model.bond_dim=12 seed=47311 trainer.ridge=5 trainer.ridge_decay=0.25 trainer.ridge_min=0.0001 +experiment=uci_ntn_sweep model=tnml_p dataset=breast
[2026-04-24 07:57:07,110][__main__][INFO] - Configuration:
model:
  name: TNML_P
  L: 3
  bond_dim: 12
  output_site: null
  init_strength: 0.1
dataset:
  name: breast
  task: classification
  cap: 50
  size: small
  batch_size: 256
slurm:
  partition: titans
  time: '12:00:00'
  mem: 2gb
  gpu_arch: Ampere
  cpus: 1
  gpu: 1
hpc:
  queue: gpuv100
  time: '12:00'
  mem: 500MB
  cpus: 4
  gpu: 1
trainer:
  type: ntn
  n_epochs: 20
  ridge: 5
  ridge_decay: 0.25
  ridge_min: 0.0001
  adaptive_ridge: false
  patience: 10
  min_delta: 0.001
  train_selection: true
seed: 47311
experiment_name: ${model.name}_${dataset.name}_${trainer.type}_rg${trainer.ridge}_init${model.init_strength}
skip_completed: true
update_tracking: false

[2026-04-24 07:57:07,110][__main__][INFO] - Output directory: /home/nicci/GTN/outputs/ntn/breast/TNML_P_rg5_init0.1/L3_bd12_seed47311
[2026-04-24 07:57:07,111][__main__][INFO] - Loading dataset: breast
[2026-04-24 07:57:08,610][__main__][INFO] -   Samples: train=398, val=85, test=86
[2026-04-24 07:57:08,611][__main__][INFO] -   Features: 31 (including bias), Task: classification
[2026-04-24 07:57:08,611][__main__][INFO] -   Device: cuda
[2026-04-24 07:57:08,611][__main__][INFO] - Creating model: TNML_P
Starting Fit: 20 epochs.
Sweep Order: ['Node0', 'Node1', 'Node2', 'Node3', 'Node4', 'Node5', 'Node6', 'Node7', 'Node8', 'Node9', 'Node10', 'Node11', 'Node12', 'Node13', 'Node14', 'Node15', 'Node16', 'Node17', 'Node18', 'Node19', 'Node20', 'Node21', 'Node22', 'Node23', 'Node24', 'Node25', 'Node26', 'Node27', 'Node28', 'Node29', 'Node28', 'Node27', 'Node26', 'Node25', 'Node24', 'Node23', 'Node22', 'Node21', 'Node20', 'Node19', 'Node18', 'Node17', 'Node16', 'Node15', 'Node14', 'Node13', 'Node12', 'Node11', 'Node10', 'Node9', 'Node8', 'Node7', 'Node6', 'Node5', 'Node4', 'Node3', 'Node2', 'Node1']
Validation: Using separate validation set for best model selection
Early stopping: patience=10, min_delta=0.001
Init    | Train: loss: 7456069437824739189601884700672.00000 | quality: 0.50754
        | Val:   loss: 8252421557044945715831242752.00000 | quality: 0.48235

✗ Singular matrix at epoch 1 - stopping training
[2026-04-24 07:57:08,750][__main__][INFO] - Results saved to: /home/nicci/GTN/outputs/ntn/breast/TNML_P_rg5_init0.1/L3_bd12_seed47311/results.json
[2026-04-24 07:57:08,750][__main__][WARNING] - ✗ Training failed (singular matrix)
[2026-04-24 07:57:08,752][HYDRA] 	#14 : model.L=3 model.bond_dim=12 seed=47303 trainer.ridge=5 trainer.ridge_decay=0.25 trainer.ridge_min=0.0001 +experiment=uci_ntn_sweep model=tnml_p dataset=breast
[2026-04-24 07:57:08,889][__main__][INFO] - Configuration:
model:
  name: TNML_P
  L: 3
  bond_dim: 12
  output_site: null
  init_strength: 0.1
dataset:
  name: breast
  task: classification
  cap: 50
  size: small
  batch_size: 256
slurm:
  partition: titans
  time: '12:00:00'
  mem: 2gb
  gpu_arch: Ampere
  cpus: 1
  gpu: 1
hpc:
  queue: gpuv100
  time: '12:00'
  mem: 500MB
  cpus: 4
  gpu: 1
trainer:
  type: ntn
  n_epochs: 20
  ridge: 5
  ridge_decay: 0.25
  ridge_min: 0.0001
  adaptive_ridge: false
  patience: 10
  min_delta: 0.001
  train_selection: true
seed: 47303
experiment_name: ${model.name}_${dataset.name}_${trainer.type}_rg${trainer.ridge}_init${model.init_strength}
skip_completed: true
update_tracking: false

[2026-04-24 07:57:08,889][__main__][INFO] - Output directory: /home/nicci/GTN/outputs/ntn/breast/TNML_P_rg5_init0.1/L3_bd12_seed47303
[2026-04-24 07:57:08,890][__main__][INFO] - Loading dataset: breast
[2026-04-24 07:57:10,415][__main__][INFO] -   Samples: train=398, val=85, test=86
[2026-04-24 07:57:10,415][__main__][INFO] -   Features: 31 (including bias), Task: classification
[2026-04-24 07:57:10,415][__main__][INFO] -   Device: cuda
[2026-04-24 07:57:10,416][__main__][INFO] - Creating model: TNML_P
Starting Fit: 20 epochs.
Sweep Order: ['Node0', 'Node1', 'Node2', 'Node3', 'Node4', 'Node5', 'Node6', 'Node7', 'Node8', 'Node9', 'Node10', 'Node11', 'Node12', 'Node13', 'Node14', 'Node15', 'Node16', 'Node17', 'Node18', 'Node19', 'Node20', 'Node21', 'Node22', 'Node23', 'Node24', 'Node25', 'Node26', 'Node27', 'Node28', 'Node29', 'Node28', 'Node27', 'Node26', 'Node25', 'Node24', 'Node23', 'Node22', 'Node21', 'Node20', 'Node19', 'Node18', 'Node17', 'Node16', 'Node15', 'Node14', 'Node13', 'Node12', 'Node11', 'Node10', 'Node9', 'Node8', 'Node7', 'Node6', 'Node5', 'Node4', 'Node3', 'Node2', 'Node1']
Validation: Using separate validation set for best model selection
Early stopping: patience=10, min_delta=0.001
Init    | Train: loss: 1672130404825792572817408.00000 | quality: 0.48995
        | Val:   loss: 7576766692689255229785374720.00000 | quality: 0.49412

✗ Singular matrix at epoch 1 - stopping training
[2026-04-24 07:57:10,555][__main__][INFO] - Results saved to: /home/nicci/GTN/outputs/ntn/breast/TNML_P_rg5_init0.1/L3_bd12_seed47303/results.json
[2026-04-24 07:57:10,555][__main__][WARNING] - ✗ Training failed (singular matrix)
[2026-04-24 07:57:10,557][HYDRA] 	#15 : model.L=4 model.bond_dim=4 seed=42 trainer.ridge=5 trainer.ridge_decay=0.25 trainer.ridge_min=0.0001 +experiment=uci_ntn_sweep model=tnml_p dataset=breast
[2026-04-24 07:57:10,700][__main__][INFO] - Configuration:
model:
  name: TNML_P
  L: 4
  bond_dim: 4
  output_site: null
  init_strength: 0.1
dataset:
  name: breast
  task: classification
  cap: 50
  size: small
  batch_size: 256
slurm:
  partition: titans
  time: '12:00:00'
  mem: 2gb
  gpu_arch: Ampere
  cpus: 1
  gpu: 1
hpc:
  queue: gpuv100
  time: '12:00'
  mem: 500MB
  cpus: 4
  gpu: 1
trainer:
  type: ntn
  n_epochs: 20
  ridge: 5
  ridge_decay: 0.25
  ridge_min: 0.0001
  adaptive_ridge: false
  patience: 10
  min_delta: 0.001
  train_selection: true
seed: 42
experiment_name: ${model.name}_${dataset.name}_${trainer.type}_rg${trainer.ridge}_init${model.init_strength}
skip_completed: true
update_tracking: false

[2026-04-24 07:57:10,701][__main__][INFO] - Output directory: /home/nicci/GTN/outputs/ntn/breast/TNML_P_rg5_init0.1/L4_bd4_seed42
[2026-04-24 07:57:10,701][__main__][INFO] - Loading dataset: breast
[2026-04-24 07:57:12,200][__main__][INFO] -   Samples: train=398, val=85, test=86
[2026-04-24 07:57:12,200][__main__][INFO] -   Features: 31 (including bias), Task: classification
[2026-04-24 07:57:12,201][__main__][INFO] -   Device: cuda
[2026-04-24 07:57:12,201][__main__][INFO] - Creating model: TNML_P
Starting Fit: 20 epochs.
Sweep Order: ['Node0', 'Node1', 'Node2', 'Node3', 'Node4', 'Node5', 'Node6', 'Node7', 'Node8', 'Node9', 'Node10', 'Node11', 'Node12', 'Node13', 'Node14', 'Node15', 'Node16', 'Node17', 'Node18', 'Node19', 'Node20', 'Node21', 'Node22', 'Node23', 'Node24', 'Node25', 'Node26', 'Node27', 'Node28', 'Node29', 'Node28', 'Node27', 'Node26', 'Node25', 'Node24', 'Node23', 'Node22', 'Node21', 'Node20', 'Node19', 'Node18', 'Node17', 'Node16', 'Node15', 'Node14', 'Node13', 'Node12', 'Node11', 'Node10', 'Node9', 'Node8', 'Node7', 'Node6', 'Node5', 'Node4', 'Node3', 'Node2', 'Node1']
Validation: Using separate validation set for best model selection
Early stopping: patience=10, min_delta=0.001
Init    | Train: loss: 80362525833066078399267354741772910592.00000 | quality: 0.53518
        | Val:   loss: 31009205922900796655513108480.00000 | quality: 0.44706

✗ Singular matrix at epoch 1 - stopping training
[2026-04-24 07:57:12,568][__main__][INFO] - Results saved to: /home/nicci/GTN/outputs/ntn/breast/TNML_P_rg5_init0.1/L4_bd4_seed42/results.json
[2026-04-24 07:57:12,568][__main__][WARNING] - ✗ Training failed (singular matrix)
[2026-04-24 07:57:12,570][HYDRA] 	#16 : model.L=4 model.bond_dim=4 seed=10090 trainer.ridge=5 trainer.ridge_decay=0.25 trainer.ridge_min=0.0001 +experiment=uci_ntn_sweep model=tnml_p dataset=breast
[2026-04-24 07:57:12,712][__main__][INFO] - Configuration:
model:
  name: TNML_P
  L: 4
  bond_dim: 4
  output_site: null
  init_strength: 0.1
dataset:
  name: breast
  task: classification
  cap: 50
  size: small
  batch_size: 256
slurm:
  partition: titans
  time: '12:00:00'
  mem: 2gb
  gpu_arch: Ampere
  cpus: 1
  gpu: 1
hpc:
  queue: gpuv100
  time: '12:00'
  mem: 500MB
  cpus: 4
  gpu: 1
trainer:
  type: ntn
  n_epochs: 20
  ridge: 5
  ridge_decay: 0.25
  ridge_min: 0.0001
  adaptive_ridge: false
  patience: 10
  min_delta: 0.001
  train_selection: true
seed: 10090
experiment_name: ${model.name}_${dataset.name}_${trainer.type}_rg${trainer.ridge}_init${model.init_strength}
skip_completed: true
update_tracking: false

[2026-04-24 07:57:12,713][__main__][INFO] - Output directory: /home/nicci/GTN/outputs/ntn/breast/TNML_P_rg5_init0.1/L4_bd4_seed10090
[2026-04-24 07:57:12,713][__main__][INFO] - Loading dataset: breast
[2026-04-24 07:57:14,221][__main__][INFO] -   Samples: train=398, val=85, test=86
[2026-04-24 07:57:14,221][__main__][INFO] -   Features: 31 (including bias), Task: classification
[2026-04-24 07:57:14,221][__main__][INFO] -   Device: cuda
[2026-04-24 07:57:14,221][__main__][INFO] - Creating model: TNML_P
Starting Fit: 20 epochs.
Sweep Order: ['Node0', 'Node1', 'Node2', 'Node3', 'Node4', 'Node5', 'Node6', 'Node7', 'Node8', 'Node9', 'Node10', 'Node11', 'Node12', 'Node13', 'Node14', 'Node15', 'Node16', 'Node17', 'Node18', 'Node19', 'Node20', 'Node21', 'Node22', 'Node23', 'Node24', 'Node25', 'Node26', 'Node27', 'Node28', 'Node29', 'Node28', 'Node27', 'Node26', 'Node25', 'Node24', 'Node23', 'Node22', 'Node21', 'Node20', 'Node19', 'Node18', 'Node17', 'Node16', 'Node15', 'Node14', 'Node13', 'Node12', 'Node11', 'Node10', 'Node9', 'Node8', 'Node7', 'Node6', 'Node5', 'Node4', 'Node3', 'Node2', 'Node1']
Validation: Using separate validation set for best model selection
Early stopping: patience=10, min_delta=0.001
Init    | Train: loss: 5189004526881879799433848160256.00000 | quality: 0.47236
        | Val:   loss: 2691896962881095418093556989952.00000 | quality: 0.48235

✗ Singular matrix at epoch 1 - stopping training
[2026-04-24 07:57:14,333][__main__][INFO] - Results saved to: /home/nicci/GTN/outputs/ntn/breast/TNML_P_rg5_init0.1/L4_bd4_seed10090/results.json
[2026-04-24 07:57:14,333][__main__][WARNING] - ✗ Training failed (singular matrix)
[2026-04-24 07:57:14,335][HYDRA] 	#17 : model.L=4 model.bond_dim=4 seed=32874 trainer.ridge=5 trainer.ridge_decay=0.25 trainer.ridge_min=0.0001 +experiment=uci_ntn_sweep model=tnml_p dataset=breast
[2026-04-24 07:57:14,470][__main__][INFO] - Configuration:
model:
  name: TNML_P
  L: 4
  bond_dim: 4
  output_site: null
  init_strength: 0.1
dataset:
  name: breast
  task: classification
  cap: 50
  size: small
  batch_size: 256
slurm:
  partition: titans
  time: '12:00:00'
  mem: 2gb
  gpu_arch: Ampere
  cpus: 1
  gpu: 1
hpc:
  queue: gpuv100
  time: '12:00'
  mem: 500MB
  cpus: 4
  gpu: 1
trainer:
  type: ntn
  n_epochs: 20
  ridge: 5
  ridge_decay: 0.25
  ridge_min: 0.0001
  adaptive_ridge: false
  patience: 10
  min_delta: 0.001
  train_selection: true
seed: 32874
experiment_name: ${model.name}_${dataset.name}_${trainer.type}_rg${trainer.ridge}_init${model.init_strength}
skip_completed: true
update_tracking: false

[2026-04-24 07:57:14,470][__main__][INFO] - Output directory: /home/nicci/GTN/outputs/ntn/breast/TNML_P_rg5_init0.1/L4_bd4_seed32874
[2026-04-24 07:57:14,471][__main__][INFO] - Loading dataset: breast
[2026-04-24 07:57:15,967][__main__][INFO] -   Samples: train=398, val=85, test=86
[2026-04-24 07:57:15,967][__main__][INFO] -   Features: 31 (including bias), Task: classification
[2026-04-24 07:57:15,967][__main__][INFO] -   Device: cuda
[2026-04-24 07:57:15,967][__main__][INFO] - Creating model: TNML_P
Starting Fit: 20 epochs.
Sweep Order: ['Node0', 'Node1', 'Node2', 'Node3', 'Node4', 'Node5', 'Node6', 'Node7', 'Node8', 'Node9', 'Node10', 'Node11', 'Node12', 'Node13', 'Node14', 'Node15', 'Node16', 'Node17', 'Node18', 'Node19', 'Node20', 'Node21', 'Node22', 'Node23', 'Node24', 'Node25', 'Node26', 'Node27', 'Node28', 'Node29', 'Node28', 'Node27', 'Node26', 'Node25', 'Node24', 'Node23', 'Node22', 'Node21', 'Node20', 'Node19', 'Node18', 'Node17', 'Node16', 'Node15', 'Node14', 'Node13', 'Node12', 'Node11', 'Node10', 'Node9', 'Node8', 'Node7', 'Node6', 'Node5', 'Node4', 'Node3', 'Node2', 'Node1']
Validation: Using separate validation set for best model selection
Early stopping: patience=10, min_delta=0.001
Init    | Train: loss: 146224934093092728221684402195791872.00000 | quality: 0.46482
        | Val:   loss: 44195818501451895630626553856.00000 | quality: 0.56471

✗ Singular matrix at epoch 1 - stopping training
[2026-04-24 07:57:16,081][__main__][INFO] - Results saved to: /home/nicci/GTN/outputs/ntn/breast/TNML_P_rg5_init0.1/L4_bd4_seed32874/results.json
[2026-04-24 07:57:16,081][__main__][WARNING] - ✗ Training failed (singular matrix)
[2026-04-24 07:57:16,083][HYDRA] 	#18 : model.L=4 model.bond_dim=4 seed=47311 trainer.ridge=5 trainer.ridge_decay=0.25 trainer.ridge_min=0.0001 +experiment=uci_ntn_sweep model=tnml_p dataset=breast
[2026-04-24 07:57:16,224][__main__][INFO] - Configuration:
model:
  name: TNML_P
  L: 4
  bond_dim: 4
  output_site: null
  init_strength: 0.1
dataset:
  name: breast
  task: classification
  cap: 50
  size: small
  batch_size: 256
slurm:
  partition: titans
  time: '12:00:00'
  mem: 2gb
  gpu_arch: Ampere
  cpus: 1
  gpu: 1
hpc:
  queue: gpuv100
  time: '12:00'
  mem: 500MB
  cpus: 4
  gpu: 1
trainer:
  type: ntn
  n_epochs: 20
  ridge: 5
  ridge_decay: 0.25
  ridge_min: 0.0001
  adaptive_ridge: false
  patience: 10
  min_delta: 0.001
  train_selection: true
seed: 47311
experiment_name: ${model.name}_${dataset.name}_${trainer.type}_rg${trainer.ridge}_init${model.init_strength}
skip_completed: true
update_tracking: false

[2026-04-24 07:57:16,224][__main__][INFO] - Output directory: /home/nicci/GTN/outputs/ntn/breast/TNML_P_rg5_init0.1/L4_bd4_seed47311
[2026-04-24 07:57:16,225][__main__][INFO] - Loading dataset: breast
[2026-04-24 07:57:17,726][__main__][INFO] -   Samples: train=398, val=85, test=86
[2026-04-24 07:57:17,727][__main__][INFO] -   Features: 31 (including bias), Task: classification
[2026-04-24 07:57:17,727][__main__][INFO] -   Device: cuda
[2026-04-24 07:57:17,727][__main__][INFO] - Creating model: TNML_P
Starting Fit: 20 epochs.
Sweep Order: ['Node0', 'Node1', 'Node2', 'Node3', 'Node4', 'Node5', 'Node6', 'Node7', 'Node8', 'Node9', 'Node10', 'Node11', 'Node12', 'Node13', 'Node14', 'Node15', 'Node16', 'Node17', 'Node18', 'Node19', 'Node20', 'Node21', 'Node22', 'Node23', 'Node24', 'Node25', 'Node26', 'Node27', 'Node28', 'Node29', 'Node28', 'Node27', 'Node26', 'Node25', 'Node24', 'Node23', 'Node22', 'Node21', 'Node20', 'Node19', 'Node18', 'Node17', 'Node16', 'Node15', 'Node14', 'Node13', 'Node12', 'Node11', 'Node10', 'Node9', 'Node8', 'Node7', 'Node6', 'Node5', 'Node4', 'Node3', 'Node2', 'Node1']
Validation: Using separate validation set for best model selection
Early stopping: patience=10, min_delta=0.001
Init    | Train: loss: 334833465873834116047510007139806050516992.00000 | quality: 0.54271
        | Val:   loss: 295133707763934153136478101995752783872.00000 | quality: 0.40000

✗ Singular matrix at epoch 1 - stopping training
[2026-04-24 07:57:17,823][__main__][INFO] - Results saved to: /home/nicci/GTN/outputs/ntn/breast/TNML_P_rg5_init0.1/L4_bd4_seed47311/results.json
[2026-04-24 07:57:17,823][__main__][WARNING] - ✗ Training failed (singular matrix)
[2026-04-24 07:57:17,824][HYDRA] 	#19 : model.L=4 model.bond_dim=4 seed=47303 trainer.ridge=5 trainer.ridge_decay=0.25 trainer.ridge_min=0.0001 +experiment=uci_ntn_sweep model=tnml_p dataset=breast
[2026-04-24 07:57:17,957][__main__][INFO] - Configuration:
model:
  name: TNML_P
  L: 4
  bond_dim: 4
  output_site: null
  init_strength: 0.1
dataset:
  name: breast
  task: classification
  cap: 50
  size: small
  batch_size: 256
slurm:
  partition: titans
  time: '12:00:00'
  mem: 2gb
  gpu_arch: Ampere
  cpus: 1
  gpu: 1
hpc:
  queue: gpuv100
  time: '12:00'
  mem: 500MB
  cpus: 4
  gpu: 1
trainer:
  type: ntn
  n_epochs: 20
  ridge: 5
  ridge_decay: 0.25
  ridge_min: 0.0001
  adaptive_ridge: false
  patience: 10
  min_delta: 0.001
  train_selection: true
seed: 47303
experiment_name: ${model.name}_${dataset.name}_${trainer.type}_rg${trainer.ridge}_init${model.init_strength}
skip_completed: true
update_tracking: false

[2026-04-24 07:57:17,958][__main__][INFO] - Output directory: /home/nicci/GTN/outputs/ntn/breast/TNML_P_rg5_init0.1/L4_bd4_seed47303
[2026-04-24 07:57:17,959][__main__][INFO] - Loading dataset: breast
[2026-04-24 07:57:19,466][__main__][INFO] -   Samples: train=398, val=85, test=86
[2026-04-24 07:57:19,466][__main__][INFO] -   Features: 31 (including bias), Task: classification
[2026-04-24 07:57:19,466][__main__][INFO] -   Device: cuda
[2026-04-24 07:57:19,467][__main__][INFO] - Creating model: TNML_P
Starting Fit: 20 epochs.
Sweep Order: ['Node0', 'Node1', 'Node2', 'Node3', 'Node4', 'Node5', 'Node6', 'Node7', 'Node8', 'Node9', 'Node10', 'Node11', 'Node12', 'Node13', 'Node14', 'Node15', 'Node16', 'Node17', 'Node18', 'Node19', 'Node20', 'Node21', 'Node22', 'Node23', 'Node24', 'Node25', 'Node26', 'Node27', 'Node28', 'Node29', 'Node28', 'Node27', 'Node26', 'Node25', 'Node24', 'Node23', 'Node22', 'Node21', 'Node20', 'Node19', 'Node18', 'Node17', 'Node16', 'Node15', 'Node14', 'Node13', 'Node12', 'Node11', 'Node10', 'Node9', 'Node8', 'Node7', 'Node6', 'Node5', 'Node4', 'Node3', 'Node2', 'Node1']
Validation: Using separate validation set for best model selection
Early stopping: patience=10, min_delta=0.001
Init    | Train: loss: 407328348628612768366853026944375712645120.00000 | quality: 0.48241
        | Val:   loss: 275080748808355167689106259968.00000 | quality: 0.48235

✗ Singular matrix at epoch 1 - stopping training
[2026-04-24 07:57:19,587][__main__][INFO] - Results saved to: /home/nicci/GTN/outputs/ntn/breast/TNML_P_rg5_init0.1/L4_bd4_seed47303/results.json
[2026-04-24 07:57:19,587][__main__][WARNING] - ✗ Training failed (singular matrix)
[2026-04-24 07:57:19,589][HYDRA] 	#20 : model.L=4 model.bond_dim=8 seed=42 trainer.ridge=5 trainer.ridge_decay=0.25 trainer.ridge_min=0.0001 +experiment=uci_ntn_sweep model=tnml_p dataset=breast
[2026-04-24 07:57:19,732][__main__][INFO] - Configuration:
model:
  name: TNML_P
  L: 4
  bond_dim: 8
  output_site: null
  init_strength: 0.1
dataset:
  name: breast
  task: classification
  cap: 50
  size: small
  batch_size: 256
slurm:
  partition: titans
  time: '12:00:00'
  mem: 2gb
  gpu_arch: Ampere
  cpus: 1
  gpu: 1
hpc:
  queue: gpuv100
  time: '12:00'
  mem: 500MB
  cpus: 4
  gpu: 1
trainer:
  type: ntn
  n_epochs: 20
  ridge: 5
  ridge_decay: 0.25
  ridge_min: 0.0001
  adaptive_ridge: false
  patience: 10
  min_delta: 0.001
  train_selection: true
seed: 42
experiment_name: ${model.name}_${dataset.name}_${trainer.type}_rg${trainer.ridge}_init${model.init_strength}
skip_completed: true
update_tracking: false

[2026-04-24 07:57:19,732][__main__][INFO] - Output directory: /home/nicci/GTN/outputs/ntn/breast/TNML_P_rg5_init0.1/L4_bd8_seed42
[2026-04-24 07:57:19,733][__main__][INFO] - Loading dataset: breast
[2026-04-24 07:57:21,233][__main__][INFO] -   Samples: train=398, val=85, test=86
[2026-04-24 07:57:21,234][__main__][INFO] -   Features: 31 (including bias), Task: classification
[2026-04-24 07:57:21,234][__main__][INFO] -   Device: cuda
[2026-04-24 07:57:21,234][__main__][INFO] - Creating model: TNML_P
Starting Fit: 20 epochs.
Sweep Order: ['Node0', 'Node1', 'Node2', 'Node3', 'Node4', 'Node5', 'Node6', 'Node7', 'Node8', 'Node9', 'Node10', 'Node11', 'Node12', 'Node13', 'Node14', 'Node15', 'Node16', 'Node17', 'Node18', 'Node19', 'Node20', 'Node21', 'Node22', 'Node23', 'Node24', 'Node25', 'Node26', 'Node27', 'Node28', 'Node29', 'Node28', 'Node27', 'Node26', 'Node25', 'Node24', 'Node23', 'Node22', 'Node21', 'Node20', 'Node19', 'Node18', 'Node17', 'Node16', 'Node15', 'Node14', 'Node13', 'Node12', 'Node11', 'Node10', 'Node9', 'Node8', 'Node7', 'Node6', 'Node5', 'Node4', 'Node3', 'Node2', 'Node1']
Validation: Using separate validation set for best model selection
Early stopping: patience=10, min_delta=0.001
Init    | Train: loss: 190857674914448564602840720904539865088.00000 | quality: 0.46482
        | Val:   loss: 17993774525857284081483962299977826304.00000 | quality: 0.49412

✗ Singular matrix at epoch 1 - stopping training
[2026-04-24 07:57:21,401][__main__][INFO] - Results saved to: /home/nicci/GTN/outputs/ntn/breast/TNML_P_rg5_init0.1/L4_bd8_seed42/results.json
[2026-04-24 07:57:21,401][__main__][WARNING] - ✗ Training failed (singular matrix)
[2026-04-24 07:57:21,403][HYDRA] 	#21 : model.L=4 model.bond_dim=8 seed=10090 trainer.ridge=5 trainer.ridge_decay=0.25 trainer.ridge_min=0.0001 +experiment=uci_ntn_sweep model=tnml_p dataset=breast
[2026-04-24 07:57:21,540][__main__][INFO] - Configuration:
model:
  name: TNML_P
  L: 4
  bond_dim: 8
  output_site: null
  init_strength: 0.1
dataset:
  name: breast
  task: classification
  cap: 50
  size: small
  batch_size: 256
slurm:
  partition: titans
  time: '12:00:00'
  mem: 2gb
  gpu_arch: Ampere
  cpus: 1
  gpu: 1
hpc:
  queue: gpuv100
  time: '12:00'
  mem: 500MB
  cpus: 4
  gpu: 1
trainer:
  type: ntn
  n_epochs: 20
  ridge: 5
  ridge_decay: 0.25
  ridge_min: 0.0001
  adaptive_ridge: false
  patience: 10
  min_delta: 0.001
  train_selection: true
seed: 10090
experiment_name: ${model.name}_${dataset.name}_${trainer.type}_rg${trainer.ridge}_init${model.init_strength}
skip_completed: true
update_tracking: false

[2026-04-24 07:57:21,540][__main__][INFO] - Output directory: /home/nicci/GTN/outputs/ntn/breast/TNML_P_rg5_init0.1/L4_bd8_seed10090
[2026-04-24 07:57:21,541][__main__][INFO] - Loading dataset: breast
[2026-04-24 07:57:23,047][__main__][INFO] -   Samples: train=398, val=85, test=86
[2026-04-24 07:57:23,047][__main__][INFO] -   Features: 31 (including bias), Task: classification
[2026-04-24 07:57:23,047][__main__][INFO] -   Device: cuda
[2026-04-24 07:57:23,047][__main__][INFO] - Creating model: TNML_P
Starting Fit: 20 epochs.
Sweep Order: ['Node0', 'Node1', 'Node2', 'Node3', 'Node4', 'Node5', 'Node6', 'Node7', 'Node8', 'Node9', 'Node10', 'Node11', 'Node12', 'Node13', 'Node14', 'Node15', 'Node16', 'Node17', 'Node18', 'Node19', 'Node20', 'Node21', 'Node22', 'Node23', 'Node24', 'Node25', 'Node26', 'Node27', 'Node28', 'Node29', 'Node28', 'Node27', 'Node26', 'Node25', 'Node24', 'Node23', 'Node22', 'Node21', 'Node20', 'Node19', 'Node18', 'Node17', 'Node16', 'Node15', 'Node14', 'Node13', 'Node12', 'Node11', 'Node10', 'Node9', 'Node8', 'Node7', 'Node6', 'Node5', 'Node4', 'Node3', 'Node2', 'Node1']
Validation: Using separate validation set for best model selection
Early stopping: patience=10, min_delta=0.001
Init    | Train: loss: 862165139720026263654074459183203867426816.00000 | quality: 0.52764
        | Val:   loss: 55841655211769674549107359744.00000 | quality: 0.50588

✗ Singular matrix at epoch 1 - stopping training
[2026-04-24 07:57:23,159][__main__][INFO] - Results saved to: /home/nicci/GTN/outputs/ntn/breast/TNML_P_rg5_init0.1/L4_bd8_seed10090/results.json
[2026-04-24 07:57:23,159][__main__][WARNING] - ✗ Training failed (singular matrix)
[2026-04-24 07:57:23,161][HYDRA] 	#22 : model.L=4 model.bond_dim=8 seed=32874 trainer.ridge=5 trainer.ridge_decay=0.25 trainer.ridge_min=0.0001 +experiment=uci_ntn_sweep model=tnml_p dataset=breast
[2026-04-24 07:57:23,312][__main__][INFO] - Configuration:
model:
  name: TNML_P
  L: 4
  bond_dim: 8
  output_site: null
  init_strength: 0.1
dataset:
  name: breast
  task: classification
  cap: 50
  size: small
  batch_size: 256
slurm:
  partition: titans
  time: '12:00:00'
  mem: 2gb
  gpu_arch: Ampere
  cpus: 1
  gpu: 1
hpc:
  queue: gpuv100
  time: '12:00'
  mem: 500MB
  cpus: 4
  gpu: 1
trainer:
  type: ntn
  n_epochs: 20
  ridge: 5
  ridge_decay: 0.25
  ridge_min: 0.0001
  adaptive_ridge: false
  patience: 10
  min_delta: 0.001
  train_selection: true
seed: 32874
experiment_name: ${model.name}_${dataset.name}_${trainer.type}_rg${trainer.ridge}_init${model.init_strength}
skip_completed: true
update_tracking: false

[2026-04-24 07:57:23,313][__main__][INFO] - Output directory: /home/nicci/GTN/outputs/ntn/breast/TNML_P_rg5_init0.1/L4_bd8_seed32874
[2026-04-24 07:57:23,313][__main__][INFO] - Loading dataset: breast
[2026-04-24 07:57:24,814][__main__][INFO] -   Samples: train=398, val=85, test=86
[2026-04-24 07:57:24,814][__main__][INFO] -   Features: 31 (including bias), Task: classification
[2026-04-24 07:57:24,814][__main__][INFO] -   Device: cuda
[2026-04-24 07:57:24,814][__main__][INFO] - Creating model: TNML_P
Starting Fit: 20 epochs.
Sweep Order: ['Node0', 'Node1', 'Node2', 'Node3', 'Node4', 'Node5', 'Node6', 'Node7', 'Node8', 'Node9', 'Node10', 'Node11', 'Node12', 'Node13', 'Node14', 'Node15', 'Node16', 'Node17', 'Node18', 'Node19', 'Node20', 'Node21', 'Node22', 'Node23', 'Node24', 'Node25', 'Node26', 'Node27', 'Node28', 'Node29', 'Node28', 'Node27', 'Node26', 'Node25', 'Node24', 'Node23', 'Node22', 'Node21', 'Node20', 'Node19', 'Node18', 'Node17', 'Node16', 'Node15', 'Node14', 'Node13', 'Node12', 'Node11', 'Node10', 'Node9', 'Node8', 'Node7', 'Node6', 'Node5', 'Node4', 'Node3', 'Node2', 'Node1']
Validation: Using separate validation set for best model selection
Early stopping: patience=10, min_delta=0.001
Init    | Train: loss: 2309447921044990133288907966997630216568832.00000 | quality: 0.47990
        | Val:   loss: 195472217372160143531381358592.00000 | quality: 0.48235

✗ Singular matrix at epoch 1 - stopping training
[2026-04-24 07:57:24,916][__main__][INFO] - Results saved to: /home/nicci/GTN/outputs/ntn/breast/TNML_P_rg5_init0.1/L4_bd8_seed32874/results.json
[2026-04-24 07:57:24,916][__main__][WARNING] - ✗ Training failed (singular matrix)
[2026-04-24 07:57:24,917][HYDRA] 	#23 : model.L=4 model.bond_dim=8 seed=47311 trainer.ridge=5 trainer.ridge_decay=0.25 trainer.ridge_min=0.0001 +experiment=uci_ntn_sweep model=tnml_p dataset=breast
[2026-04-24 07:57:25,057][__main__][INFO] - Configuration:
model:
  name: TNML_P
  L: 4
  bond_dim: 8
  output_site: null
  init_strength: 0.1
dataset:
  name: breast
  task: classification
  cap: 50
  size: small
  batch_size: 256
slurm:
  partition: titans
  time: '12:00:00'
  mem: 2gb
  gpu_arch: Ampere
  cpus: 1
  gpu: 1
hpc:
  queue: gpuv100
  time: '12:00'
  mem: 500MB
  cpus: 4
  gpu: 1
trainer:
  type: ntn
  n_epochs: 20
  ridge: 5
  ridge_decay: 0.25
  ridge_min: 0.0001
  adaptive_ridge: false
  patience: 10
  min_delta: 0.001
  train_selection: true
seed: 47311
experiment_name: ${model.name}_${dataset.name}_${trainer.type}_rg${trainer.ridge}_init${model.init_strength}
skip_completed: true
update_tracking: false

[2026-04-24 07:57:25,058][__main__][INFO] - Output directory: /home/nicci/GTN/outputs/ntn/breast/TNML_P_rg5_init0.1/L4_bd8_seed47311
[2026-04-24 07:57:25,059][__main__][INFO] - Loading dataset: breast
[2026-04-24 07:57:26,559][__main__][INFO] -   Samples: train=398, val=85, test=86
[2026-04-24 07:57:26,559][__main__][INFO] -   Features: 31 (including bias), Task: classification
[2026-04-24 07:57:26,559][__main__][INFO] -   Device: cuda
[2026-04-24 07:57:26,560][__main__][INFO] - Creating model: TNML_P
Starting Fit: 20 epochs.
Sweep Order: ['Node0', 'Node1', 'Node2', 'Node3', 'Node4', 'Node5', 'Node6', 'Node7', 'Node8', 'Node9', 'Node10', 'Node11', 'Node12', 'Node13', 'Node14', 'Node15', 'Node16', 'Node17', 'Node18', 'Node19', 'Node20', 'Node21', 'Node22', 'Node23', 'Node24', 'Node25', 'Node26', 'Node27', 'Node28', 'Node29', 'Node28', 'Node27', 'Node26', 'Node25', 'Node24', 'Node23', 'Node22', 'Node21', 'Node20', 'Node19', 'Node18', 'Node17', 'Node16', 'Node15', 'Node14', 'Node13', 'Node12', 'Node11', 'Node10', 'Node9', 'Node8', 'Node7', 'Node6', 'Node5', 'Node4', 'Node3', 'Node2', 'Node1']
Validation: Using separate validation set for best model selection
Early stopping: patience=10, min_delta=0.001
Init    | Train: loss: 442212203374540563306909769138176.00000 | quality: 0.51508
        | Val:   loss: 10614694566939343119224197515873091584.00000 | quality: 0.55294

✗ Singular matrix at epoch 1 - stopping training
[2026-04-24 07:57:26,709][__main__][INFO] - Results saved to: /home/nicci/GTN/outputs/ntn/breast/TNML_P_rg5_init0.1/L4_bd8_seed47311/results.json
[2026-04-24 07:57:26,710][__main__][WARNING] - ✗ Training failed (singular matrix)
[2026-04-24 07:57:26,711][HYDRA] 	#24 : model.L=4 model.bond_dim=8 seed=47303 trainer.ridge=5 trainer.ridge_decay=0.25 trainer.ridge_min=0.0001 +experiment=uci_ntn_sweep model=tnml_p dataset=breast
[2026-04-24 07:57:26,861][__main__][INFO] - Configuration:
model:
  name: TNML_P
  L: 4
  bond_dim: 8
  output_site: null
  init_strength: 0.1
dataset:
  name: breast
  task: classification
  cap: 50
  size: small
  batch_size: 256
slurm:
  partition: titans
  time: '12:00:00'
  mem: 2gb
  gpu_arch: Ampere
  cpus: 1
  gpu: 1
hpc:
  queue: gpuv100
  time: '12:00'
  mem: 500MB
  cpus: 4
  gpu: 1
trainer:
  type: ntn
  n_epochs: 20
  ridge: 5
  ridge_decay: 0.25
  ridge_min: 0.0001
  adaptive_ridge: false
  patience: 10
  min_delta: 0.001
  train_selection: true
seed: 47303
experiment_name: ${model.name}_${dataset.name}_${trainer.type}_rg${trainer.ridge}_init${model.init_strength}
skip_completed: true
update_tracking: false

[2026-04-24 07:57:26,862][__main__][INFO] - Output directory: /home/nicci/GTN/outputs/ntn/breast/TNML_P_rg5_init0.1/L4_bd8_seed47303
[2026-04-24 07:57:26,863][__main__][INFO] - Loading dataset: breast
[2026-04-24 07:57:28,605][__main__][INFO] -   Samples: train=398, val=85, test=86
[2026-04-24 07:57:28,605][__main__][INFO] -   Features: 31 (including bias), Task: classification
[2026-04-24 07:57:28,605][__main__][INFO] -   Device: cuda
[2026-04-24 07:57:28,605][__main__][INFO] - Creating model: TNML_P
Starting Fit: 20 epochs.
Sweep Order: ['Node0', 'Node1', 'Node2', 'Node3', 'Node4', 'Node5', 'Node6', 'Node7', 'Node8', 'Node9', 'Node10', 'Node11', 'Node12', 'Node13', 'Node14', 'Node15', 'Node16', 'Node17', 'Node18', 'Node19', 'Node20', 'Node21', 'Node22', 'Node23', 'Node24', 'Node25', 'Node26', 'Node27', 'Node28', 'Node29', 'Node28', 'Node27', 'Node26', 'Node25', 'Node24', 'Node23', 'Node22', 'Node21', 'Node20', 'Node19', 'Node18', 'Node17', 'Node16', 'Node15', 'Node14', 'Node13', 'Node12', 'Node11', 'Node10', 'Node9', 'Node8', 'Node7', 'Node6', 'Node5', 'Node4', 'Node3', 'Node2', 'Node1']
Validation: Using separate validation set for best model selection
Early stopping: patience=10, min_delta=0.001
Init    | Train: loss: 225259637546302067347526629725974546087936.00000 | quality: 0.49497
        | Val:   loss: 138756084458530939144688061418223697920.00000 | quality: 0.41176

✗ Singular matrix at epoch 1 - stopping training
[2026-04-24 07:57:28,713][__main__][INFO] - Results saved to: /home/nicci/GTN/outputs/ntn/breast/TNML_P_rg5_init0.1/L4_bd8_seed47303/results.json
[2026-04-24 07:57:28,713][__main__][WARNING] - ✗ Training failed (singular matrix)
[2026-04-24 07:57:28,715][HYDRA] 	#25 : model.L=4 model.bond_dim=12 seed=42 trainer.ridge=5 trainer.ridge_decay=0.25 trainer.ridge_min=0.0001 +experiment=uci_ntn_sweep model=tnml_p dataset=breast
[2026-04-24 07:57:28,860][__main__][INFO] - Configuration:
model:
  name: TNML_P
  L: 4
  bond_dim: 12
  output_site: null
  init_strength: 0.1
dataset:
  name: breast
  task: classification
  cap: 50
  size: small
  batch_size: 256
slurm:
  partition: titans
  time: '12:00:00'
  mem: 2gb
  gpu_arch: Ampere
  cpus: 1
  gpu: 1
hpc:
  queue: gpuv100
  time: '12:00'
  mem: 500MB
  cpus: 4
  gpu: 1
trainer:
  type: ntn
  n_epochs: 20
  ridge: 5
  ridge_decay: 0.25
  ridge_min: 0.0001
  adaptive_ridge: false
  patience: 10
  min_delta: 0.001
  train_selection: true
seed: 42
experiment_name: ${model.name}_${dataset.name}_${trainer.type}_rg${trainer.ridge}_init${model.init_strength}
skip_completed: true
update_tracking: false

[2026-04-24 07:57:28,861][__main__][INFO] - Output directory: /home/nicci/GTN/outputs/ntn/breast/TNML_P_rg5_init0.1/L4_bd12_seed42
[2026-04-24 07:57:28,861][__main__][INFO] - Loading dataset: breast
[2026-04-24 07:57:30,637][__main__][INFO] -   Samples: train=398, val=85, test=86
[2026-04-24 07:57:30,637][__main__][INFO] -   Features: 31 (including bias), Task: classification
[2026-04-24 07:57:30,637][__main__][INFO] -   Device: cuda
[2026-04-24 07:57:30,637][__main__][INFO] - Creating model: TNML_P
Starting Fit: 20 epochs.
Sweep Order: ['Node0', 'Node1', 'Node2', 'Node3', 'Node4', 'Node5', 'Node6', 'Node7', 'Node8', 'Node9', 'Node10', 'Node11', 'Node12', 'Node13', 'Node14', 'Node15', 'Node16', 'Node17', 'Node18', 'Node19', 'Node20', 'Node21', 'Node22', 'Node23', 'Node24', 'Node25', 'Node26', 'Node27', 'Node28', 'Node29', 'Node28', 'Node27', 'Node26', 'Node25', 'Node24', 'Node23', 'Node22', 'Node21', 'Node20', 'Node19', 'Node18', 'Node17', 'Node16', 'Node15', 'Node14', 'Node13', 'Node12', 'Node11', 'Node10', 'Node9', 'Node8', 'Node7', 'Node6', 'Node5', 'Node4', 'Node3', 'Node2', 'Node1']
Validation: Using separate validation set for best model selection
Early stopping: patience=10, min_delta=0.001
Init    | Train: loss: 6355437533194111833578646171287552.00000 | quality: 0.46985
        | Val:   loss: 129764235928709449159540736.00000 | quality: 0.47059

✗ Singular matrix at epoch 1 - stopping training
[2026-04-24 07:57:30,888][__main__][INFO] - Results saved to: /home/nicci/GTN/outputs/ntn/breast/TNML_P_rg5_init0.1/L4_bd12_seed42/results.json
[2026-04-24 07:57:30,888][__main__][WARNING] - ✗ Training failed (singular matrix)
[2026-04-24 07:57:30,890][HYDRA] 	#26 : model.L=4 model.bond_dim=12 seed=10090 trainer.ridge=5 trainer.ridge_decay=0.25 trainer.ridge_min=0.0001 +experiment=uci_ntn_sweep model=tnml_p dataset=breast
[2026-04-24 07:57:31,040][__main__][INFO] - Configuration:
model:
  name: TNML_P
  L: 4
  bond_dim: 12
  output_site: null
  init_strength: 0.1
dataset:
  name: breast
  task: classification
  cap: 50
  size: small
  batch_size: 256
slurm:
  partition: titans
  time: '12:00:00'
  mem: 2gb
  gpu_arch: Ampere
  cpus: 1
  gpu: 1
hpc:
  queue: gpuv100
  time: '12:00'
  mem: 500MB
  cpus: 4
  gpu: 1
trainer:
  type: ntn
  n_epochs: 20
  ridge: 5
  ridge_decay: 0.25
  ridge_min: 0.0001
  adaptive_ridge: false
  patience: 10
  min_delta: 0.001
  train_selection: true
seed: 10090
experiment_name: ${model.name}_${dataset.name}_${trainer.type}_rg${trainer.ridge}_init${model.init_strength}
skip_completed: true
update_tracking: false

[2026-04-24 07:57:31,041][__main__][INFO] - Output directory: /home/nicci/GTN/outputs/ntn/breast/TNML_P_rg5_init0.1/L4_bd12_seed10090
[2026-04-24 07:57:31,042][__main__][INFO] - Loading dataset: breast
[2026-04-24 07:57:32,622][__main__][INFO] -   Samples: train=398, val=85, test=86
[2026-04-24 07:57:32,623][__main__][INFO] -   Features: 31 (including bias), Task: classification
[2026-04-24 07:57:32,623][__main__][INFO] -   Device: cuda
[2026-04-24 07:57:32,623][__main__][INFO] - Creating model: TNML_P
Starting Fit: 20 epochs.
Sweep Order: ['Node0', 'Node1', 'Node2', 'Node3', 'Node4', 'Node5', 'Node6', 'Node7', 'Node8', 'Node9', 'Node10', 'Node11', 'Node12', 'Node13', 'Node14', 'Node15', 'Node16', 'Node17', 'Node18', 'Node19', 'Node20', 'Node21', 'Node22', 'Node23', 'Node24', 'Node25', 'Node26', 'Node27', 'Node28', 'Node29', 'Node28', 'Node27', 'Node26', 'Node25', 'Node24', 'Node23', 'Node22', 'Node21', 'Node20', 'Node19', 'Node18', 'Node17', 'Node16', 'Node15', 'Node14', 'Node13', 'Node12', 'Node11', 'Node10', 'Node9', 'Node8', 'Node7', 'Node6', 'Node5', 'Node4', 'Node3', 'Node2', 'Node1']
Validation: Using separate validation set for best model selection
Early stopping: patience=10, min_delta=0.001
Init    | Train: loss: 566983622659841197378378438537869046841344.00000 | quality: 0.46734
        | Val:   loss: 393012576234304747304594938411830214656.00000 | quality: 0.50588

✗ Singular matrix at epoch 1 - stopping training
[2026-04-24 07:57:32,763][__main__][INFO] - Results saved to: /home/nicci/GTN/outputs/ntn/breast/TNML_P_rg5_init0.1/L4_bd12_seed10090/results.json
[2026-04-24 07:57:32,764][__main__][WARNING] - ✗ Training failed (singular matrix)
[2026-04-24 07:57:32,765][HYDRA] 	#27 : model.L=4 model.bond_dim=12 seed=32874 trainer.ridge=5 trainer.ridge_decay=0.25 trainer.ridge_min=0.0001 +experiment=uci_ntn_sweep model=tnml_p dataset=breast
[2026-04-24 07:57:32,909][__main__][INFO] - Configuration:
model:
  name: TNML_P
  L: 4
  bond_dim: 12
  output_site: null
  init_strength: 0.1
dataset:
  name: breast
  task: classification
  cap: 50
  size: small
  batch_size: 256
slurm:
  partition: titans
  time: '12:00:00'
  mem: 2gb
  gpu_arch: Ampere
  cpus: 1
  gpu: 1
hpc:
  queue: gpuv100
  time: '12:00'
  mem: 500MB
  cpus: 4
  gpu: 1
trainer:
  type: ntn
  n_epochs: 20
  ridge: 5
  ridge_decay: 0.25
  ridge_min: 0.0001
  adaptive_ridge: false
  patience: 10
  min_delta: 0.001
  train_selection: true
seed: 32874
experiment_name: ${model.name}_${dataset.name}_${trainer.type}_rg${trainer.ridge}_init${model.init_strength}
skip_completed: true
update_tracking: false

[2026-04-24 07:57:32,910][__main__][INFO] - Output directory: /home/nicci/GTN/outputs/ntn/breast/TNML_P_rg5_init0.1/L4_bd12_seed32874
[2026-04-24 07:57:32,910][__main__][INFO] - Loading dataset: breast
[2026-04-24 07:57:34,408][__main__][INFO] -   Samples: train=398, val=85, test=86
[2026-04-24 07:57:34,408][__main__][INFO] -   Features: 31 (including bias), Task: classification
[2026-04-24 07:57:34,408][__main__][INFO] -   Device: cuda
[2026-04-24 07:57:34,408][__main__][INFO] - Creating model: TNML_P
Starting Fit: 20 epochs.
Sweep Order: ['Node0', 'Node1', 'Node2', 'Node3', 'Node4', 'Node5', 'Node6', 'Node7', 'Node8', 'Node9', 'Node10', 'Node11', 'Node12', 'Node13', 'Node14', 'Node15', 'Node16', 'Node17', 'Node18', 'Node19', 'Node20', 'Node21', 'Node22', 'Node23', 'Node24', 'Node25', 'Node26', 'Node27', 'Node28', 'Node29', 'Node28', 'Node27', 'Node26', 'Node25', 'Node24', 'Node23', 'Node22', 'Node21', 'Node20', 'Node19', 'Node18', 'Node17', 'Node16', 'Node15', 'Node14', 'Node13', 'Node12', 'Node11', 'Node10', 'Node9', 'Node8', 'Node7', 'Node6', 'Node5', 'Node4', 'Node3', 'Node2', 'Node1']
Validation: Using separate validation set for best model selection
Early stopping: patience=10, min_delta=0.001
Init    | Train: loss: 1001317087094989508185965705420524941737984.00000 | quality: 0.51759
        | Val:   loss: 28446792415712613221468733440.00000 | quality: 0.51765

✗ Singular matrix at epoch 1 - stopping training
[2026-04-24 07:57:34,543][__main__][INFO] - Results saved to: /home/nicci/GTN/outputs/ntn/breast/TNML_P_rg5_init0.1/L4_bd12_seed32874/results.json
[2026-04-24 07:57:34,544][__main__][WARNING] - ✗ Training failed (singular matrix)
[2026-04-24 07:57:34,545][HYDRA] 	#28 : model.L=4 model.bond_dim=12 seed=47311 trainer.ridge=5 trainer.ridge_decay=0.25 trainer.ridge_min=0.0001 +experiment=uci_ntn_sweep model=tnml_p dataset=breast
[2026-04-24 07:57:34,688][__main__][INFO] - Configuration:
model:
  name: TNML_P
  L: 4
  bond_dim: 12
  output_site: null
  init_strength: 0.1
dataset:
  name: breast
  task: classification
  cap: 50
  size: small
  batch_size: 256
slurm:
  partition: titans
  time: '12:00:00'
  mem: 2gb
  gpu_arch: Ampere
  cpus: 1
  gpu: 1
hpc:
  queue: gpuv100
  time: '12:00'
  mem: 500MB
  cpus: 4
  gpu: 1
trainer:
  type: ntn
  n_epochs: 20
  ridge: 5
  ridge_decay: 0.25
  ridge_min: 0.0001
  adaptive_ridge: false
  patience: 10
  min_delta: 0.001
  train_selection: true
seed: 47311
experiment_name: ${model.name}_${dataset.name}_${trainer.type}_rg${trainer.ridge}_init${model.init_strength}
skip_completed: true
update_tracking: false

[2026-04-24 07:57:34,688][__main__][INFO] - Output directory: /home/nicci/GTN/outputs/ntn/breast/TNML_P_rg5_init0.1/L4_bd12_seed47311
[2026-04-24 07:57:34,689][__main__][INFO] - Loading dataset: breast
[2026-04-24 07:57:36,186][__main__][INFO] -   Samples: train=398, val=85, test=86
[2026-04-24 07:57:36,186][__main__][INFO] -   Features: 31 (including bias), Task: classification
[2026-04-24 07:57:36,186][__main__][INFO] -   Device: cuda
[2026-04-24 07:57:36,186][__main__][INFO] - Creating model: TNML_P
Starting Fit: 20 epochs.
Sweep Order: ['Node0', 'Node1', 'Node2', 'Node3', 'Node4', 'Node5', 'Node6', 'Node7', 'Node8', 'Node9', 'Node10', 'Node11', 'Node12', 'Node13', 'Node14', 'Node15', 'Node16', 'Node17', 'Node18', 'Node19', 'Node20', 'Node21', 'Node22', 'Node23', 'Node24', 'Node25', 'Node26', 'Node27', 'Node28', 'Node29', 'Node28', 'Node27', 'Node26', 'Node25', 'Node24', 'Node23', 'Node22', 'Node21', 'Node20', 'Node19', 'Node18', 'Node17', 'Node16', 'Node15', 'Node14', 'Node13', 'Node12', 'Node11', 'Node10', 'Node9', 'Node8', 'Node7', 'Node6', 'Node5', 'Node4', 'Node3', 'Node2', 'Node1']
Validation: Using separate validation set for best model selection
Early stopping: patience=10, min_delta=0.001
Init    | Train: loss: 2698114474174080465283698893320105070952448.00000 | quality: 0.50251
        | Val:   loss: 178759136801142885059356159255018209280.00000 | quality: 0.48235

✗ Singular matrix at epoch 1 - stopping training
[2026-04-24 07:57:36,320][__main__][INFO] - Results saved to: /home/nicci/GTN/outputs/ntn/breast/TNML_P_rg5_init0.1/L4_bd12_seed47311/results.json
[2026-04-24 07:57:36,320][__main__][WARNING] - ✗ Training failed (singular matrix)
[2026-04-24 07:57:36,322][HYDRA] 	#29 : model.L=4 model.bond_dim=12 seed=47303 trainer.ridge=5 trainer.ridge_decay=0.25 trainer.ridge_min=0.0001 +experiment=uci_ntn_sweep model=tnml_p dataset=breast
[2026-04-24 07:57:36,461][__main__][INFO] - Configuration:
model:
  name: TNML_P
  L: 4
  bond_dim: 12
  output_site: null
  init_strength: 0.1
dataset:
  name: breast
  task: classification
  cap: 50
  size: small
  batch_size: 256
slurm:
  partition: titans
  time: '12:00:00'
  mem: 2gb
  gpu_arch: Ampere
  cpus: 1
  gpu: 1
hpc:
  queue: gpuv100
  time: '12:00'
  mem: 500MB
  cpus: 4
  gpu: 1
trainer:
  type: ntn
  n_epochs: 20
  ridge: 5
  ridge_decay: 0.25
  ridge_min: 0.0001
  adaptive_ridge: false
  patience: 10
  min_delta: 0.001
  train_selection: true
seed: 47303
experiment_name: ${model.name}_${dataset.name}_${trainer.type}_rg${trainer.ridge}_init${model.init_strength}
skip_completed: true
update_tracking: false

[2026-04-24 07:57:36,461][__main__][INFO] - Output directory: /home/nicci/GTN/outputs/ntn/breast/TNML_P_rg5_init0.1/L4_bd12_seed47303
[2026-04-24 07:57:36,462][__main__][INFO] - Loading dataset: breast
[2026-04-24 07:57:37,960][__main__][INFO] -   Samples: train=398, val=85, test=86
[2026-04-24 07:57:37,961][__main__][INFO] -   Features: 31 (including bias), Task: classification
[2026-04-24 07:57:37,961][__main__][INFO] -   Device: cuda
[2026-04-24 07:57:37,961][__main__][INFO] - Creating model: TNML_P
Starting Fit: 20 epochs.
Sweep Order: ['Node0', 'Node1', 'Node2', 'Node3', 'Node4', 'Node5', 'Node6', 'Node7', 'Node8', 'Node9', 'Node10', 'Node11', 'Node12', 'Node13', 'Node14', 'Node15', 'Node16', 'Node17', 'Node18', 'Node19', 'Node20', 'Node21', 'Node22', 'Node23', 'Node24', 'Node25', 'Node26', 'Node27', 'Node28', 'Node29', 'Node28', 'Node27', 'Node26', 'Node25', 'Node24', 'Node23', 'Node22', 'Node21', 'Node20', 'Node19', 'Node18', 'Node17', 'Node16', 'Node15', 'Node14', 'Node13', 'Node12', 'Node11', 'Node10', 'Node9', 'Node8', 'Node7', 'Node6', 'Node5', 'Node4', 'Node3', 'Node2', 'Node1']
Validation: Using separate validation set for best model selection
Early stopping: patience=10, min_delta=0.001
Init    | Train: loss: 31610637932603124999826440192.00000 | quality: 0.52261
        | Val:   loss: 219266335150341112557691117508101144576.00000 | quality: 0.54118

✗ Singular matrix at epoch 1 - stopping training
[2026-04-24 07:57:38,127][__main__][INFO] - Results saved to: /home/nicci/GTN/outputs/ntn/breast/TNML_P_rg5_init0.1/L4_bd12_seed47303/results.json
[2026-04-24 07:57:38,127][__main__][WARNING] - ✗ Training failed (singular matrix)
Done: 2026-04-24-07:57:39
