Node: comp-gpu01
Array Job ID: 418732, Task ID: 4
Start: 2026-04-24-07:56:21
Running: model=tnml_p dataset=hearth
[2026-04-24 07:56:42,046][HYDRA] Launching 30 jobs locally
[2026-04-24 07:56:42,046][HYDRA] 	#0 : model.L=3 model.bond_dim=4 seed=42 trainer.ridge=5 trainer.ridge_decay=0.25 trainer.ridge_min=0.0001 +experiment=uci_ntn_sweep model=tnml_p dataset=hearth
[2026-04-24 07:56:42,192][__main__][INFO] - Configuration:
model:
  name: TNML_P
  L: 3
  bond_dim: 4
  output_site: null
  init_strength: 0.1
dataset:
  name: hearth
  task: classification
  cap: 50
  size: small
  batch_size: 256
slurm:
  partition: titans
  time: '12:00:00'
  mem: 2gb
  gpu_arch: Ampere
  cpus: 1
  gpu: 1
hpc:
  queue: gpuv100
  time: '12:00'
  mem: 500MB
  cpus: 4
  gpu: 1
trainer:
  type: ntn
  n_epochs: 20
  ridge: 5
  ridge_decay: 0.25
  ridge_min: 0.0001
  adaptive_ridge: false
  patience: 10
  min_delta: 0.001
  train_selection: true
seed: 42
experiment_name: ${model.name}_${dataset.name}_${trainer.type}_rg${trainer.ridge}_init${model.init_strength}
skip_completed: true
update_tracking: false

[2026-04-24 07:56:42,203][__main__][INFO] - Output directory: /home/nicci/GTN/outputs/ntn/hearth/TNML_P_rg5_init0.1/L3_bd4_seed42
[2026-04-24 07:56:42,320][utils.tracking][INFO] - Loaded 17231 tracked runs from runs_tracking.csv
[2026-04-24 07:56:42,323][__main__][INFO] - Loading dataset: hearth
[2026-04-24 07:56:43,921][__main__][INFO] -   Samples: train=212, val=45, test=46
[2026-04-24 07:56:43,921][__main__][INFO] -   Features: 12 (including bias), Task: classification
[2026-04-24 07:56:43,921][__main__][INFO] -   Device: cuda
[2026-04-24 07:56:43,921][__main__][INFO] - Creating model: TNML_P
Starting Fit: 20 epochs.
Sweep Order: ['Node0', 'Node1', 'Node2', 'Node3', 'Node4', 'Node5', 'Node6', 'Node7', 'Node8', 'Node9', 'Node10', 'Node9', 'Node8', 'Node7', 'Node6', 'Node5', 'Node4', 'Node3', 'Node2', 'Node1']
Validation: Using separate validation set for best model selection
Early stopping: patience=10, min_delta=0.001
Init    | Train: loss: 8012.32696 | quality: 0.23113
        | Val:   loss: 2715.52634 | quality: 0.33333

✗ Singular matrix at epoch 1 - stopping training
[2026-04-24 07:56:45,127][__main__][INFO] - Results saved to: /home/nicci/GTN/outputs/ntn/hearth/TNML_P_rg5_init0.1/L3_bd4_seed42/results.json
[2026-04-24 07:56:45,127][__main__][WARNING] - ✗ Training failed (singular matrix)
[2026-04-24 07:56:45,129][HYDRA] 	#1 : model.L=3 model.bond_dim=4 seed=10090 trainer.ridge=5 trainer.ridge_decay=0.25 trainer.ridge_min=0.0001 +experiment=uci_ntn_sweep model=tnml_p dataset=hearth
[2026-04-24 07:56:45,278][__main__][INFO] - Configuration:
model:
  name: TNML_P
  L: 3
  bond_dim: 4
  output_site: null
  init_strength: 0.1
dataset:
  name: hearth
  task: classification
  cap: 50
  size: small
  batch_size: 256
slurm:
  partition: titans
  time: '12:00:00'
  mem: 2gb
  gpu_arch: Ampere
  cpus: 1
  gpu: 1
hpc:
  queue: gpuv100
  time: '12:00'
  mem: 500MB
  cpus: 4
  gpu: 1
trainer:
  type: ntn
  n_epochs: 20
  ridge: 5
  ridge_decay: 0.25
  ridge_min: 0.0001
  adaptive_ridge: false
  patience: 10
  min_delta: 0.001
  train_selection: true
seed: 10090
experiment_name: ${model.name}_${dataset.name}_${trainer.type}_rg${trainer.ridge}_init${model.init_strength}
skip_completed: true
update_tracking: false

[2026-04-24 07:56:45,278][__main__][INFO] - Output directory: /home/nicci/GTN/outputs/ntn/hearth/TNML_P_rg5_init0.1/L3_bd4_seed10090
[2026-04-24 07:56:45,279][__main__][INFO] - Loading dataset: hearth
[2026-04-24 07:56:46,296][__main__][INFO] -   Samples: train=212, val=45, test=46
[2026-04-24 07:56:46,296][__main__][INFO] -   Features: 12 (including bias), Task: classification
[2026-04-24 07:56:46,296][__main__][INFO] -   Device: cuda
[2026-04-24 07:56:46,296][__main__][INFO] - Creating model: TNML_P
Starting Fit: 20 epochs.
Sweep Order: ['Node0', 'Node1', 'Node2', 'Node3', 'Node4', 'Node5', 'Node6', 'Node7', 'Node8', 'Node9', 'Node10', 'Node9', 'Node8', 'Node7', 'Node6', 'Node5', 'Node4', 'Node3', 'Node2', 'Node1']
Validation: Using separate validation set for best model selection
Early stopping: patience=10, min_delta=0.001
Init    | Train: loss: 10293.67442 | quality: 0.22642
        | Val:   loss: 6433.89165 | quality: 0.13333

✗ Singular matrix at epoch 1 - stopping training
[2026-04-24 07:56:46,371][__main__][INFO] - Results saved to: /home/nicci/GTN/outputs/ntn/hearth/TNML_P_rg5_init0.1/L3_bd4_seed10090/results.json
[2026-04-24 07:56:46,371][__main__][WARNING] - ✗ Training failed (singular matrix)
[2026-04-24 07:56:46,373][HYDRA] 	#2 : model.L=3 model.bond_dim=4 seed=32874 trainer.ridge=5 trainer.ridge_decay=0.25 trainer.ridge_min=0.0001 +experiment=uci_ntn_sweep model=tnml_p dataset=hearth
[2026-04-24 07:56:46,516][__main__][INFO] - Configuration:
model:
  name: TNML_P
  L: 3
  bond_dim: 4
  output_site: null
  init_strength: 0.1
dataset:
  name: hearth
  task: classification
  cap: 50
  size: small
  batch_size: 256
slurm:
  partition: titans
  time: '12:00:00'
  mem: 2gb
  gpu_arch: Ampere
  cpus: 1
  gpu: 1
hpc:
  queue: gpuv100
  time: '12:00'
  mem: 500MB
  cpus: 4
  gpu: 1
trainer:
  type: ntn
  n_epochs: 20
  ridge: 5
  ridge_decay: 0.25
  ridge_min: 0.0001
  adaptive_ridge: false
  patience: 10
  min_delta: 0.001
  train_selection: true
seed: 32874
experiment_name: ${model.name}_${dataset.name}_${trainer.type}_rg${trainer.ridge}_init${model.init_strength}
skip_completed: true
update_tracking: false

[2026-04-24 07:56:46,517][__main__][INFO] - Output directory: /home/nicci/GTN/outputs/ntn/hearth/TNML_P_rg5_init0.1/L3_bd4_seed32874
[2026-04-24 07:56:46,518][__main__][INFO] - Loading dataset: hearth
[2026-04-24 07:56:47,548][__main__][INFO] -   Samples: train=212, val=45, test=46
[2026-04-24 07:56:47,548][__main__][INFO] -   Features: 12 (including bias), Task: classification
[2026-04-24 07:56:47,548][__main__][INFO] -   Device: cuda
[2026-04-24 07:56:47,548][__main__][INFO] - Creating model: TNML_P
Starting Fit: 20 epochs.
Sweep Order: ['Node0', 'Node1', 'Node2', 'Node3', 'Node4', 'Node5', 'Node6', 'Node7', 'Node8', 'Node9', 'Node10', 'Node9', 'Node8', 'Node7', 'Node6', 'Node5', 'Node4', 'Node3', 'Node2', 'Node1']
Validation: Using separate validation set for best model selection
Early stopping: patience=10, min_delta=0.001
Init    | Train: loss: 365159.82527 | quality: 0.19340
        | Val:   loss: 15024.57642 | quality: 0.13333

✗ Singular matrix at epoch 1 - stopping training
[2026-04-24 07:56:47,621][__main__][INFO] - Results saved to: /home/nicci/GTN/outputs/ntn/hearth/TNML_P_rg5_init0.1/L3_bd4_seed32874/results.json
[2026-04-24 07:56:47,621][__main__][WARNING] - ✗ Training failed (singular matrix)
[2026-04-24 07:56:47,622][HYDRA] 	#3 : model.L=3 model.bond_dim=4 seed=47311 trainer.ridge=5 trainer.ridge_decay=0.25 trainer.ridge_min=0.0001 +experiment=uci_ntn_sweep model=tnml_p dataset=hearth
[2026-04-24 07:56:47,759][__main__][INFO] - Configuration:
model:
  name: TNML_P
  L: 3
  bond_dim: 4
  output_site: null
  init_strength: 0.1
dataset:
  name: hearth
  task: classification
  cap: 50
  size: small
  batch_size: 256
slurm:
  partition: titans
  time: '12:00:00'
  mem: 2gb
  gpu_arch: Ampere
  cpus: 1
  gpu: 1
hpc:
  queue: gpuv100
  time: '12:00'
  mem: 500MB
  cpus: 4
  gpu: 1
trainer:
  type: ntn
  n_epochs: 20
  ridge: 5
  ridge_decay: 0.25
  ridge_min: 0.0001
  adaptive_ridge: false
  patience: 10
  min_delta: 0.001
  train_selection: true
seed: 47311
experiment_name: ${model.name}_${dataset.name}_${trainer.type}_rg${trainer.ridge}_init${model.init_strength}
skip_completed: true
update_tracking: false

[2026-04-24 07:56:47,759][__main__][INFO] - Output directory: /home/nicci/GTN/outputs/ntn/hearth/TNML_P_rg5_init0.1/L3_bd4_seed47311
[2026-04-24 07:56:47,760][__main__][INFO] - Loading dataset: hearth
[2026-04-24 07:56:49,012][__main__][INFO] -   Samples: train=212, val=45, test=46
[2026-04-24 07:56:49,012][__main__][INFO] -   Features: 12 (including bias), Task: classification
[2026-04-24 07:56:49,012][__main__][INFO] -   Device: cuda
[2026-04-24 07:56:49,012][__main__][INFO] - Creating model: TNML_P
Starting Fit: 20 epochs.
Sweep Order: ['Node0', 'Node1', 'Node2', 'Node3', 'Node4', 'Node5', 'Node6', 'Node7', 'Node8', 'Node9', 'Node10', 'Node9', 'Node8', 'Node7', 'Node6', 'Node5', 'Node4', 'Node3', 'Node2', 'Node1']
Validation: Using separate validation set for best model selection
Early stopping: patience=10, min_delta=0.001
Init    | Train: loss: 35797.03668 | quality: 0.14623
        | Val:   loss: 3186.22348 | quality: 0.17778

✗ Singular matrix at epoch 1 - stopping training
[2026-04-24 07:56:49,090][__main__][INFO] - Results saved to: /home/nicci/GTN/outputs/ntn/hearth/TNML_P_rg5_init0.1/L3_bd4_seed47311/results.json
[2026-04-24 07:56:49,091][__main__][WARNING] - ✗ Training failed (singular matrix)
[2026-04-24 07:56:49,092][HYDRA] 	#4 : model.L=3 model.bond_dim=4 seed=47303 trainer.ridge=5 trainer.ridge_decay=0.25 trainer.ridge_min=0.0001 +experiment=uci_ntn_sweep model=tnml_p dataset=hearth
[2026-04-24 07:56:49,233][__main__][INFO] - Configuration:
model:
  name: TNML_P
  L: 3
  bond_dim: 4
  output_site: null
  init_strength: 0.1
dataset:
  name: hearth
  task: classification
  cap: 50
  size: small
  batch_size: 256
slurm:
  partition: titans
  time: '12:00:00'
  mem: 2gb
  gpu_arch: Ampere
  cpus: 1
  gpu: 1
hpc:
  queue: gpuv100
  time: '12:00'
  mem: 500MB
  cpus: 4
  gpu: 1
trainer:
  type: ntn
  n_epochs: 20
  ridge: 5
  ridge_decay: 0.25
  ridge_min: 0.0001
  adaptive_ridge: false
  patience: 10
  min_delta: 0.001
  train_selection: true
seed: 47303
experiment_name: ${model.name}_${dataset.name}_${trainer.type}_rg${trainer.ridge}_init${model.init_strength}
skip_completed: true
update_tracking: false

[2026-04-24 07:56:49,234][__main__][INFO] - Output directory: /home/nicci/GTN/outputs/ntn/hearth/TNML_P_rg5_init0.1/L3_bd4_seed47303
[2026-04-24 07:56:49,234][__main__][INFO] - Loading dataset: hearth
[2026-04-24 07:56:50,274][__main__][INFO] -   Samples: train=212, val=45, test=46
[2026-04-24 07:56:50,274][__main__][INFO] -   Features: 12 (including bias), Task: classification
[2026-04-24 07:56:50,275][__main__][INFO] -   Device: cuda
[2026-04-24 07:56:50,275][__main__][INFO] - Creating model: TNML_P
Starting Fit: 20 epochs.
Sweep Order: ['Node0', 'Node1', 'Node2', 'Node3', 'Node4', 'Node5', 'Node6', 'Node7', 'Node8', 'Node9', 'Node10', 'Node9', 'Node8', 'Node7', 'Node6', 'Node5', 'Node4', 'Node3', 'Node2', 'Node1']
Validation: Using separate validation set for best model selection
Early stopping: patience=10, min_delta=0.001
Init    | Train: loss: 13983.95306 | quality: 0.18396
        | Val:   loss: 2897.55356 | quality: 0.24444

✗ Singular matrix at epoch 1 - stopping training
[2026-04-24 07:56:50,344][__main__][INFO] - Results saved to: /home/nicci/GTN/outputs/ntn/hearth/TNML_P_rg5_init0.1/L3_bd4_seed47303/results.json
[2026-04-24 07:56:50,344][__main__][WARNING] - ✗ Training failed (singular matrix)
[2026-04-24 07:56:50,346][HYDRA] 	#5 : model.L=3 model.bond_dim=8 seed=42 trainer.ridge=5 trainer.ridge_decay=0.25 trainer.ridge_min=0.0001 +experiment=uci_ntn_sweep model=tnml_p dataset=hearth
[2026-04-24 07:56:50,645][__main__][INFO] - Configuration:
model:
  name: TNML_P
  L: 3
  bond_dim: 8
  output_site: null
  init_strength: 0.1
dataset:
  name: hearth
  task: classification
  cap: 50
  size: small
  batch_size: 256
slurm:
  partition: titans
  time: '12:00:00'
  mem: 2gb
  gpu_arch: Ampere
  cpus: 1
  gpu: 1
hpc:
  queue: gpuv100
  time: '12:00'
  mem: 500MB
  cpus: 4
  gpu: 1
trainer:
  type: ntn
  n_epochs: 20
  ridge: 5
  ridge_decay: 0.25
  ridge_min: 0.0001
  adaptive_ridge: false
  patience: 10
  min_delta: 0.001
  train_selection: true
seed: 42
experiment_name: ${model.name}_${dataset.name}_${trainer.type}_rg${trainer.ridge}_init${model.init_strength}
skip_completed: true
update_tracking: false

[2026-04-24 07:56:50,646][__main__][INFO] - Output directory: /home/nicci/GTN/outputs/ntn/hearth/TNML_P_rg5_init0.1/L3_bd8_seed42
[2026-04-24 07:56:50,646][__main__][INFO] - Loading dataset: hearth
[2026-04-24 07:56:51,730][__main__][INFO] -   Samples: train=212, val=45, test=46
[2026-04-24 07:56:51,730][__main__][INFO] -   Features: 12 (including bias), Task: classification
[2026-04-24 07:56:51,730][__main__][INFO] -   Device: cuda
[2026-04-24 07:56:51,730][__main__][INFO] - Creating model: TNML_P
Starting Fit: 20 epochs.
Sweep Order: ['Node0', 'Node1', 'Node2', 'Node3', 'Node4', 'Node5', 'Node6', 'Node7', 'Node8', 'Node9', 'Node10', 'Node9', 'Node8', 'Node7', 'Node6', 'Node5', 'Node4', 'Node3', 'Node2', 'Node1']
Validation: Using separate validation set for best model selection
Early stopping: patience=10, min_delta=0.001
Init    | Train: loss: 24600.41708 | quality: 0.14151
        | Val:   loss: 3714.60346 | quality: 0.11111

✗ Singular matrix at epoch 1 - stopping training
[2026-04-24 07:56:51,882][__main__][INFO] - Results saved to: /home/nicci/GTN/outputs/ntn/hearth/TNML_P_rg5_init0.1/L3_bd8_seed42/results.json
[2026-04-24 07:56:51,882][__main__][WARNING] - ✗ Training failed (singular matrix)
[2026-04-24 07:56:51,884][HYDRA] 	#6 : model.L=3 model.bond_dim=8 seed=10090 trainer.ridge=5 trainer.ridge_decay=0.25 trainer.ridge_min=0.0001 +experiment=uci_ntn_sweep model=tnml_p dataset=hearth
[2026-04-24 07:56:52,025][__main__][INFO] - Configuration:
model:
  name: TNML_P
  L: 3
  bond_dim: 8
  output_site: null
  init_strength: 0.1
dataset:
  name: hearth
  task: classification
  cap: 50
  size: small
  batch_size: 256
slurm:
  partition: titans
  time: '12:00:00'
  mem: 2gb
  gpu_arch: Ampere
  cpus: 1
  gpu: 1
hpc:
  queue: gpuv100
  time: '12:00'
  mem: 500MB
  cpus: 4
  gpu: 1
trainer:
  type: ntn
  n_epochs: 20
  ridge: 5
  ridge_decay: 0.25
  ridge_min: 0.0001
  adaptive_ridge: false
  patience: 10
  min_delta: 0.001
  train_selection: true
seed: 10090
experiment_name: ${model.name}_${dataset.name}_${trainer.type}_rg${trainer.ridge}_init${model.init_strength}
skip_completed: true
update_tracking: false

[2026-04-24 07:56:52,026][__main__][INFO] - Output directory: /home/nicci/GTN/outputs/ntn/hearth/TNML_P_rg5_init0.1/L3_bd8_seed10090
[2026-04-24 07:56:52,027][__main__][INFO] - Loading dataset: hearth
[2026-04-24 07:56:53,056][__main__][INFO] -   Samples: train=212, val=45, test=46
[2026-04-24 07:56:53,056][__main__][INFO] -   Features: 12 (including bias), Task: classification
[2026-04-24 07:56:53,056][__main__][INFO] -   Device: cuda
[2026-04-24 07:56:53,057][__main__][INFO] - Creating model: TNML_P
Starting Fit: 20 epochs.
Sweep Order: ['Node0', 'Node1', 'Node2', 'Node3', 'Node4', 'Node5', 'Node6', 'Node7', 'Node8', 'Node9', 'Node10', 'Node9', 'Node8', 'Node7', 'Node6', 'Node5', 'Node4', 'Node3', 'Node2', 'Node1']
Validation: Using separate validation set for best model selection
Early stopping: patience=10, min_delta=0.001
Init    | Train: loss: 15573.68325 | quality: 0.25000
        | Val:   loss: 6204.40514 | quality: 0.20000

✗ Singular matrix at epoch 1 - stopping training
[2026-04-24 07:56:53,144][__main__][INFO] - Results saved to: /home/nicci/GTN/outputs/ntn/hearth/TNML_P_rg5_init0.1/L3_bd8_seed10090/results.json
[2026-04-24 07:56:53,144][__main__][WARNING] - ✗ Training failed (singular matrix)
[2026-04-24 07:56:53,145][HYDRA] 	#7 : model.L=3 model.bond_dim=8 seed=32874 trainer.ridge=5 trainer.ridge_decay=0.25 trainer.ridge_min=0.0001 +experiment=uci_ntn_sweep model=tnml_p dataset=hearth
[2026-04-24 07:56:53,282][__main__][INFO] - Configuration:
model:
  name: TNML_P
  L: 3
  bond_dim: 8
  output_site: null
  init_strength: 0.1
dataset:
  name: hearth
  task: classification
  cap: 50
  size: small
  batch_size: 256
slurm:
  partition: titans
  time: '12:00:00'
  mem: 2gb
  gpu_arch: Ampere
  cpus: 1
  gpu: 1
hpc:
  queue: gpuv100
  time: '12:00'
  mem: 500MB
  cpus: 4
  gpu: 1
trainer:
  type: ntn
  n_epochs: 20
  ridge: 5
  ridge_decay: 0.25
  ridge_min: 0.0001
  adaptive_ridge: false
  patience: 10
  min_delta: 0.001
  train_selection: true
seed: 32874
experiment_name: ${model.name}_${dataset.name}_${trainer.type}_rg${trainer.ridge}_init${model.init_strength}
skip_completed: true
update_tracking: false

[2026-04-24 07:56:53,283][__main__][INFO] - Output directory: /home/nicci/GTN/outputs/ntn/hearth/TNML_P_rg5_init0.1/L3_bd8_seed32874
[2026-04-24 07:56:53,283][__main__][INFO] - Loading dataset: hearth
[2026-04-24 07:56:54,355][__main__][INFO] -   Samples: train=212, val=45, test=46
[2026-04-24 07:56:54,355][__main__][INFO] -   Features: 12 (including bias), Task: classification
[2026-04-24 07:56:54,355][__main__][INFO] -   Device: cuda
[2026-04-24 07:56:54,356][__main__][INFO] - Creating model: TNML_P
Starting Fit: 20 epochs.
Sweep Order: ['Node0', 'Node1', 'Node2', 'Node3', 'Node4', 'Node5', 'Node6', 'Node7', 'Node8', 'Node9', 'Node10', 'Node9', 'Node8', 'Node7', 'Node6', 'Node5', 'Node4', 'Node3', 'Node2', 'Node1']
Validation: Using separate validation set for best model selection
Early stopping: patience=10, min_delta=0.001
Init    | Train: loss: 97866.63484 | quality: 0.19340
        | Val:   loss: 4372.97785 | quality: 0.11111

✗ Singular matrix at epoch 1 - stopping training
[2026-04-24 07:56:54,445][__main__][INFO] - Results saved to: /home/nicci/GTN/outputs/ntn/hearth/TNML_P_rg5_init0.1/L3_bd8_seed32874/results.json
[2026-04-24 07:56:54,445][__main__][WARNING] - ✗ Training failed (singular matrix)
[2026-04-24 07:56:54,447][HYDRA] 	#8 : model.L=3 model.bond_dim=8 seed=47311 trainer.ridge=5 trainer.ridge_decay=0.25 trainer.ridge_min=0.0001 +experiment=uci_ntn_sweep model=tnml_p dataset=hearth
[2026-04-24 07:56:54,592][__main__][INFO] - Configuration:
model:
  name: TNML_P
  L: 3
  bond_dim: 8
  output_site: null
  init_strength: 0.1
dataset:
  name: hearth
  task: classification
  cap: 50
  size: small
  batch_size: 256
slurm:
  partition: titans
  time: '12:00:00'
  mem: 2gb
  gpu_arch: Ampere
  cpus: 1
  gpu: 1
hpc:
  queue: gpuv100
  time: '12:00'
  mem: 500MB
  cpus: 4
  gpu: 1
trainer:
  type: ntn
  n_epochs: 20
  ridge: 5
  ridge_decay: 0.25
  ridge_min: 0.0001
  adaptive_ridge: false
  patience: 10
  min_delta: 0.001
  train_selection: true
seed: 47311
experiment_name: ${model.name}_${dataset.name}_${trainer.type}_rg${trainer.ridge}_init${model.init_strength}
skip_completed: true
update_tracking: false

[2026-04-24 07:56:54,594][__main__][INFO] - Output directory: /home/nicci/GTN/outputs/ntn/hearth/TNML_P_rg5_init0.1/L3_bd8_seed47311
[2026-04-24 07:56:54,594][__main__][INFO] - Loading dataset: hearth
[2026-04-24 07:56:55,622][__main__][INFO] -   Samples: train=212, val=45, test=46
[2026-04-24 07:56:55,622][__main__][INFO] -   Features: 12 (including bias), Task: classification
[2026-04-24 07:56:55,622][__main__][INFO] -   Device: cuda
[2026-04-24 07:56:55,622][__main__][INFO] - Creating model: TNML_P
Starting Fit: 20 epochs.
Sweep Order: ['Node0', 'Node1', 'Node2', 'Node3', 'Node4', 'Node5', 'Node6', 'Node7', 'Node8', 'Node9', 'Node10', 'Node9', 'Node8', 'Node7', 'Node6', 'Node5', 'Node4', 'Node3', 'Node2', 'Node1']
Validation: Using separate validation set for best model selection
Early stopping: patience=10, min_delta=0.001
Init    | Train: loss: 10186.11404 | quality: 0.14623
        | Val:   loss: 9507.93095 | quality: 0.15556

✗ Singular matrix at epoch 1 - stopping training
[2026-04-24 07:56:55,710][__main__][INFO] - Results saved to: /home/nicci/GTN/outputs/ntn/hearth/TNML_P_rg5_init0.1/L3_bd8_seed47311/results.json
[2026-04-24 07:56:55,710][__main__][WARNING] - ✗ Training failed (singular matrix)
[2026-04-24 07:56:55,712][HYDRA] 	#9 : model.L=3 model.bond_dim=8 seed=47303 trainer.ridge=5 trainer.ridge_decay=0.25 trainer.ridge_min=0.0001 +experiment=uci_ntn_sweep model=tnml_p dataset=hearth
[2026-04-24 07:56:55,855][__main__][INFO] - Configuration:
model:
  name: TNML_P
  L: 3
  bond_dim: 8
  output_site: null
  init_strength: 0.1
dataset:
  name: hearth
  task: classification
  cap: 50
  size: small
  batch_size: 256
slurm:
  partition: titans
  time: '12:00:00'
  mem: 2gb
  gpu_arch: Ampere
  cpus: 1
  gpu: 1
hpc:
  queue: gpuv100
  time: '12:00'
  mem: 500MB
  cpus: 4
  gpu: 1
trainer:
  type: ntn
  n_epochs: 20
  ridge: 5
  ridge_decay: 0.25
  ridge_min: 0.0001
  adaptive_ridge: false
  patience: 10
  min_delta: 0.001
  train_selection: true
seed: 47303
experiment_name: ${model.name}_${dataset.name}_${trainer.type}_rg${trainer.ridge}_init${model.init_strength}
skip_completed: true
update_tracking: false

[2026-04-24 07:56:55,856][__main__][INFO] - Output directory: /home/nicci/GTN/outputs/ntn/hearth/TNML_P_rg5_init0.1/L3_bd8_seed47303
[2026-04-24 07:56:55,857][__main__][INFO] - Loading dataset: hearth
[2026-04-24 07:56:56,869][__main__][INFO] -   Samples: train=212, val=45, test=46
[2026-04-24 07:56:56,869][__main__][INFO] -   Features: 12 (including bias), Task: classification
[2026-04-24 07:56:56,869][__main__][INFO] -   Device: cuda
[2026-04-24 07:56:56,869][__main__][INFO] - Creating model: TNML_P
Starting Fit: 20 epochs.
Sweep Order: ['Node0', 'Node1', 'Node2', 'Node3', 'Node4', 'Node5', 'Node6', 'Node7', 'Node8', 'Node9', 'Node10', 'Node9', 'Node8', 'Node7', 'Node6', 'Node5', 'Node4', 'Node3', 'Node2', 'Node1']
Validation: Using separate validation set for best model selection
Early stopping: patience=10, min_delta=0.001
Init    | Train: loss: 106385.90535 | quality: 0.21698
        | Val:   loss: 6073.84640 | quality: 0.24444

✗ Singular matrix at epoch 1 - stopping training
[2026-04-24 07:56:56,953][__main__][INFO] - Results saved to: /home/nicci/GTN/outputs/ntn/hearth/TNML_P_rg5_init0.1/L3_bd8_seed47303/results.json
[2026-04-24 07:56:56,953][__main__][WARNING] - ✗ Training failed (singular matrix)
[2026-04-24 07:56:56,954][HYDRA] 	#10 : model.L=3 model.bond_dim=12 seed=42 trainer.ridge=5 trainer.ridge_decay=0.25 trainer.ridge_min=0.0001 +experiment=uci_ntn_sweep model=tnml_p dataset=hearth
[2026-04-24 07:56:57,093][__main__][INFO] - Configuration:
model:
  name: TNML_P
  L: 3
  bond_dim: 12
  output_site: null
  init_strength: 0.1
dataset:
  name: hearth
  task: classification
  cap: 50
  size: small
  batch_size: 256
slurm:
  partition: titans
  time: '12:00:00'
  mem: 2gb
  gpu_arch: Ampere
  cpus: 1
  gpu: 1
hpc:
  queue: gpuv100
  time: '12:00'
  mem: 500MB
  cpus: 4
  gpu: 1
trainer:
  type: ntn
  n_epochs: 20
  ridge: 5
  ridge_decay: 0.25
  ridge_min: 0.0001
  adaptive_ridge: false
  patience: 10
  min_delta: 0.001
  train_selection: true
seed: 42
experiment_name: ${model.name}_${dataset.name}_${trainer.type}_rg${trainer.ridge}_init${model.init_strength}
skip_completed: true
update_tracking: false

[2026-04-24 07:56:57,093][__main__][INFO] - Output directory: /home/nicci/GTN/outputs/ntn/hearth/TNML_P_rg5_init0.1/L3_bd12_seed42
[2026-04-24 07:56:57,094][__main__][INFO] - Loading dataset: hearth
[2026-04-24 07:56:58,108][__main__][INFO] -   Samples: train=212, val=45, test=46
[2026-04-24 07:56:58,108][__main__][INFO] -   Features: 12 (including bias), Task: classification
[2026-04-24 07:56:58,108][__main__][INFO] -   Device: cuda
[2026-04-24 07:56:58,108][__main__][INFO] - Creating model: TNML_P
Starting Fit: 20 epochs.
Sweep Order: ['Node0', 'Node1', 'Node2', 'Node3', 'Node4', 'Node5', 'Node6', 'Node7', 'Node8', 'Node9', 'Node10', 'Node9', 'Node8', 'Node7', 'Node6', 'Node5', 'Node4', 'Node3', 'Node2', 'Node1']
Validation: Using separate validation set for best model selection
Early stopping: patience=10, min_delta=0.001
Init    | Train: loss: 72132.92122 | quality: 0.18396
        | Val:   loss: 3467.06566 | quality: 0.13333

✗ Singular matrix at epoch 1 - stopping training
[2026-04-24 07:56:58,266][__main__][INFO] - Results saved to: /home/nicci/GTN/outputs/ntn/hearth/TNML_P_rg5_init0.1/L3_bd12_seed42/results.json
[2026-04-24 07:56:58,266][__main__][WARNING] - ✗ Training failed (singular matrix)
[2026-04-24 07:56:58,268][HYDRA] 	#11 : model.L=3 model.bond_dim=12 seed=10090 trainer.ridge=5 trainer.ridge_decay=0.25 trainer.ridge_min=0.0001 +experiment=uci_ntn_sweep model=tnml_p dataset=hearth
[2026-04-24 07:56:58,412][__main__][INFO] - Configuration:
model:
  name: TNML_P
  L: 3
  bond_dim: 12
  output_site: null
  init_strength: 0.1
dataset:
  name: hearth
  task: classification
  cap: 50
  size: small
  batch_size: 256
slurm:
  partition: titans
  time: '12:00:00'
  mem: 2gb
  gpu_arch: Ampere
  cpus: 1
  gpu: 1
hpc:
  queue: gpuv100
  time: '12:00'
  mem: 500MB
  cpus: 4
  gpu: 1
trainer:
  type: ntn
  n_epochs: 20
  ridge: 5
  ridge_decay: 0.25
  ridge_min: 0.0001
  adaptive_ridge: false
  patience: 10
  min_delta: 0.001
  train_selection: true
seed: 10090
experiment_name: ${model.name}_${dataset.name}_${trainer.type}_rg${trainer.ridge}_init${model.init_strength}
skip_completed: true
update_tracking: false

[2026-04-24 07:56:58,412][__main__][INFO] - Output directory: /home/nicci/GTN/outputs/ntn/hearth/TNML_P_rg5_init0.1/L3_bd12_seed10090
[2026-04-24 07:56:58,413][__main__][INFO] - Loading dataset: hearth
[2026-04-24 07:56:59,517][__main__][INFO] -   Samples: train=212, val=45, test=46
[2026-04-24 07:56:59,517][__main__][INFO] -   Features: 12 (including bias), Task: classification
[2026-04-24 07:56:59,517][__main__][INFO] -   Device: cuda
[2026-04-24 07:56:59,517][__main__][INFO] - Creating model: TNML_P
Starting Fit: 20 epochs.
Sweep Order: ['Node0', 'Node1', 'Node2', 'Node3', 'Node4', 'Node5', 'Node6', 'Node7', 'Node8', 'Node9', 'Node10', 'Node9', 'Node8', 'Node7', 'Node6', 'Node5', 'Node4', 'Node3', 'Node2', 'Node1']
Validation: Using separate validation set for best model selection
Early stopping: patience=10, min_delta=0.001
Init    | Train: loss: 90460.24379 | quality: 0.20283
        | Val:   loss: 9836.74047 | quality: 0.20000

✗ Singular matrix at epoch 1 - stopping training
[2026-04-24 07:56:59,649][__main__][INFO] - Results saved to: /home/nicci/GTN/outputs/ntn/hearth/TNML_P_rg5_init0.1/L3_bd12_seed10090/results.json
[2026-04-24 07:56:59,649][__main__][WARNING] - ✗ Training failed (singular matrix)
[2026-04-24 07:56:59,651][HYDRA] 	#12 : model.L=3 model.bond_dim=12 seed=32874 trainer.ridge=5 trainer.ridge_decay=0.25 trainer.ridge_min=0.0001 +experiment=uci_ntn_sweep model=tnml_p dataset=hearth
[2026-04-24 07:56:59,798][__main__][INFO] - Configuration:
model:
  name: TNML_P
  L: 3
  bond_dim: 12
  output_site: null
  init_strength: 0.1
dataset:
  name: hearth
  task: classification
  cap: 50
  size: small
  batch_size: 256
slurm:
  partition: titans
  time: '12:00:00'
  mem: 2gb
  gpu_arch: Ampere
  cpus: 1
  gpu: 1
hpc:
  queue: gpuv100
  time: '12:00'
  mem: 500MB
  cpus: 4
  gpu: 1
trainer:
  type: ntn
  n_epochs: 20
  ridge: 5
  ridge_decay: 0.25
  ridge_min: 0.0001
  adaptive_ridge: false
  patience: 10
  min_delta: 0.001
  train_selection: true
seed: 32874
experiment_name: ${model.name}_${dataset.name}_${trainer.type}_rg${trainer.ridge}_init${model.init_strength}
skip_completed: true
update_tracking: false

[2026-04-24 07:56:59,799][__main__][INFO] - Output directory: /home/nicci/GTN/outputs/ntn/hearth/TNML_P_rg5_init0.1/L3_bd12_seed32874
[2026-04-24 07:56:59,799][__main__][INFO] - Loading dataset: hearth
[2026-04-24 07:57:00,839][__main__][INFO] -   Samples: train=212, val=45, test=46
[2026-04-24 07:57:00,839][__main__][INFO] -   Features: 12 (including bias), Task: classification
[2026-04-24 07:57:00,839][__main__][INFO] -   Device: cuda
[2026-04-24 07:57:00,839][__main__][INFO] - Creating model: TNML_P
Starting Fit: 20 epochs.
Sweep Order: ['Node0', 'Node1', 'Node2', 'Node3', 'Node4', 'Node5', 'Node6', 'Node7', 'Node8', 'Node9', 'Node10', 'Node9', 'Node8', 'Node7', 'Node6', 'Node5', 'Node4', 'Node3', 'Node2', 'Node1']
Validation: Using separate validation set for best model selection
Early stopping: patience=10, min_delta=0.001
Init    | Train: loss: 127383.56231 | quality: 0.23585
        | Val:   loss: 3111.75976 | quality: 0.20000

✗ Singular matrix at epoch 1 - stopping training
[2026-04-24 07:57:00,970][__main__][INFO] - Results saved to: /home/nicci/GTN/outputs/ntn/hearth/TNML_P_rg5_init0.1/L3_bd12_seed32874/results.json
[2026-04-24 07:57:00,971][__main__][WARNING] - ✗ Training failed (singular matrix)
[2026-04-24 07:57:00,972][HYDRA] 	#13 : model.L=3 model.bond_dim=12 seed=47311 trainer.ridge=5 trainer.ridge_decay=0.25 trainer.ridge_min=0.0001 +experiment=uci_ntn_sweep model=tnml_p dataset=hearth
[2026-04-24 07:57:01,107][__main__][INFO] - Configuration:
model:
  name: TNML_P
  L: 3
  bond_dim: 12
  output_site: null
  init_strength: 0.1
dataset:
  name: hearth
  task: classification
  cap: 50
  size: small
  batch_size: 256
slurm:
  partition: titans
  time: '12:00:00'
  mem: 2gb
  gpu_arch: Ampere
  cpus: 1
  gpu: 1
hpc:
  queue: gpuv100
  time: '12:00'
  mem: 500MB
  cpus: 4
  gpu: 1
trainer:
  type: ntn
  n_epochs: 20
  ridge: 5
  ridge_decay: 0.25
  ridge_min: 0.0001
  adaptive_ridge: false
  patience: 10
  min_delta: 0.001
  train_selection: true
seed: 47311
experiment_name: ${model.name}_${dataset.name}_${trainer.type}_rg${trainer.ridge}_init${model.init_strength}
skip_completed: true
update_tracking: false

[2026-04-24 07:57:01,108][__main__][INFO] - Output directory: /home/nicci/GTN/outputs/ntn/hearth/TNML_P_rg5_init0.1/L3_bd12_seed47311
[2026-04-24 07:57:01,109][__main__][INFO] - Loading dataset: hearth
[2026-04-24 07:57:02,126][__main__][INFO] -   Samples: train=212, val=45, test=46
[2026-04-24 07:57:02,127][__main__][INFO] -   Features: 12 (including bias), Task: classification
[2026-04-24 07:57:02,127][__main__][INFO] -   Device: cuda
[2026-04-24 07:57:02,127][__main__][INFO] - Creating model: TNML_P
Starting Fit: 20 epochs.
Sweep Order: ['Node0', 'Node1', 'Node2', 'Node3', 'Node4', 'Node5', 'Node6', 'Node7', 'Node8', 'Node9', 'Node10', 'Node9', 'Node8', 'Node7', 'Node6', 'Node5', 'Node4', 'Node3', 'Node2', 'Node1']
Validation: Using separate validation set for best model selection
Early stopping: patience=10, min_delta=0.001
Init    | Train: loss: 35151.91258 | quality: 0.26415
        | Val:   loss: 8779.74594 | quality: 0.11111

✗ Singular matrix at epoch 1 - stopping training
[2026-04-24 07:57:02,251][__main__][INFO] - Results saved to: /home/nicci/GTN/outputs/ntn/hearth/TNML_P_rg5_init0.1/L3_bd12_seed47311/results.json
[2026-04-24 07:57:02,252][__main__][WARNING] - ✗ Training failed (singular matrix)
[2026-04-24 07:57:02,253][HYDRA] 	#14 : model.L=3 model.bond_dim=12 seed=47303 trainer.ridge=5 trainer.ridge_decay=0.25 trainer.ridge_min=0.0001 +experiment=uci_ntn_sweep model=tnml_p dataset=hearth
[2026-04-24 07:57:02,385][__main__][INFO] - Configuration:
model:
  name: TNML_P
  L: 3
  bond_dim: 12
  output_site: null
  init_strength: 0.1
dataset:
  name: hearth
  task: classification
  cap: 50
  size: small
  batch_size: 256
slurm:
  partition: titans
  time: '12:00:00'
  mem: 2gb
  gpu_arch: Ampere
  cpus: 1
  gpu: 1
hpc:
  queue: gpuv100
  time: '12:00'
  mem: 500MB
  cpus: 4
  gpu: 1
trainer:
  type: ntn
  n_epochs: 20
  ridge: 5
  ridge_decay: 0.25
  ridge_min: 0.0001
  adaptive_ridge: false
  patience: 10
  min_delta: 0.001
  train_selection: true
seed: 47303
experiment_name: ${model.name}_${dataset.name}_${trainer.type}_rg${trainer.ridge}_init${model.init_strength}
skip_completed: true
update_tracking: false

[2026-04-24 07:57:02,386][__main__][INFO] - Output directory: /home/nicci/GTN/outputs/ntn/hearth/TNML_P_rg5_init0.1/L3_bd12_seed47303
[2026-04-24 07:57:02,386][__main__][INFO] - Loading dataset: hearth
[2026-04-24 07:57:03,401][__main__][INFO] -   Samples: train=212, val=45, test=46
[2026-04-24 07:57:03,401][__main__][INFO] -   Features: 12 (including bias), Task: classification
[2026-04-24 07:57:03,401][__main__][INFO] -   Device: cuda
[2026-04-24 07:57:03,401][__main__][INFO] - Creating model: TNML_P
Starting Fit: 20 epochs.
Sweep Order: ['Node0', 'Node1', 'Node2', 'Node3', 'Node4', 'Node5', 'Node6', 'Node7', 'Node8', 'Node9', 'Node10', 'Node9', 'Node8', 'Node7', 'Node6', 'Node5', 'Node4', 'Node3', 'Node2', 'Node1']
Validation: Using separate validation set for best model selection
Early stopping: patience=10, min_delta=0.001
Init    | Train: loss: 70999.87689 | quality: 0.27830
        | Val:   loss: 10822.22954 | quality: 0.22222

✗ Singular matrix at epoch 1 - stopping training
[2026-04-24 07:57:03,534][__main__][INFO] - Results saved to: /home/nicci/GTN/outputs/ntn/hearth/TNML_P_rg5_init0.1/L3_bd12_seed47303/results.json
[2026-04-24 07:57:03,534][__main__][WARNING] - ✗ Training failed (singular matrix)
[2026-04-24 07:57:03,536][HYDRA] 	#15 : model.L=4 model.bond_dim=4 seed=42 trainer.ridge=5 trainer.ridge_decay=0.25 trainer.ridge_min=0.0001 +experiment=uci_ntn_sweep model=tnml_p dataset=hearth
[2026-04-24 07:57:03,676][__main__][INFO] - Configuration:
model:
  name: TNML_P
  L: 4
  bond_dim: 4
  output_site: null
  init_strength: 0.1
dataset:
  name: hearth
  task: classification
  cap: 50
  size: small
  batch_size: 256
slurm:
  partition: titans
  time: '12:00:00'
  mem: 2gb
  gpu_arch: Ampere
  cpus: 1
  gpu: 1
hpc:
  queue: gpuv100
  time: '12:00'
  mem: 500MB
  cpus: 4
  gpu: 1
trainer:
  type: ntn
  n_epochs: 20
  ridge: 5
  ridge_decay: 0.25
  ridge_min: 0.0001
  adaptive_ridge: false
  patience: 10
  min_delta: 0.001
  train_selection: true
seed: 42
experiment_name: ${model.name}_${dataset.name}_${trainer.type}_rg${trainer.ridge}_init${model.init_strength}
skip_completed: true
update_tracking: false

[2026-04-24 07:57:03,677][__main__][INFO] - Output directory: /home/nicci/GTN/outputs/ntn/hearth/TNML_P_rg5_init0.1/L4_bd4_seed42
[2026-04-24 07:57:03,677][__main__][INFO] - Loading dataset: hearth
[2026-04-24 07:57:04,710][__main__][INFO] -   Samples: train=212, val=45, test=46
[2026-04-24 07:57:04,710][__main__][INFO] -   Features: 12 (including bias), Task: classification
[2026-04-24 07:57:04,710][__main__][INFO] -   Device: cuda
[2026-04-24 07:57:04,710][__main__][INFO] - Creating model: TNML_P
Starting Fit: 20 epochs.
Sweep Order: ['Node0', 'Node1', 'Node2', 'Node3', 'Node4', 'Node5', 'Node6', 'Node7', 'Node8', 'Node9', 'Node10', 'Node9', 'Node8', 'Node7', 'Node6', 'Node5', 'Node4', 'Node3', 'Node2', 'Node1']
Validation: Using separate validation set for best model selection
Early stopping: patience=10, min_delta=0.001
Init    | Train: loss: 212958.32402 | quality: 0.17925
        | Val:   loss: 15722.56779 | quality: 0.17778

✗ Singular matrix at epoch 1 - stopping training
[2026-04-24 07:57:04,797][__main__][INFO] - Results saved to: /home/nicci/GTN/outputs/ntn/hearth/TNML_P_rg5_init0.1/L4_bd4_seed42/results.json
[2026-04-24 07:57:04,797][__main__][WARNING] - ✗ Training failed (singular matrix)
[2026-04-24 07:57:04,799][HYDRA] 	#16 : model.L=4 model.bond_dim=4 seed=10090 trainer.ridge=5 trainer.ridge_decay=0.25 trainer.ridge_min=0.0001 +experiment=uci_ntn_sweep model=tnml_p dataset=hearth
[2026-04-24 07:57:04,943][__main__][INFO] - Configuration:
model:
  name: TNML_P
  L: 4
  bond_dim: 4
  output_site: null
  init_strength: 0.1
dataset:
  name: hearth
  task: classification
  cap: 50
  size: small
  batch_size: 256
slurm:
  partition: titans
  time: '12:00:00'
  mem: 2gb
  gpu_arch: Ampere
  cpus: 1
  gpu: 1
hpc:
  queue: gpuv100
  time: '12:00'
  mem: 500MB
  cpus: 4
  gpu: 1
trainer:
  type: ntn
  n_epochs: 20
  ridge: 5
  ridge_decay: 0.25
  ridge_min: 0.0001
  adaptive_ridge: false
  patience: 10
  min_delta: 0.001
  train_selection: true
seed: 10090
experiment_name: ${model.name}_${dataset.name}_${trainer.type}_rg${trainer.ridge}_init${model.init_strength}
skip_completed: true
update_tracking: false

[2026-04-24 07:57:04,944][__main__][INFO] - Output directory: /home/nicci/GTN/outputs/ntn/hearth/TNML_P_rg5_init0.1/L4_bd4_seed10090
[2026-04-24 07:57:04,945][__main__][INFO] - Loading dataset: hearth
[2026-04-24 07:57:06,049][__main__][INFO] -   Samples: train=212, val=45, test=46
[2026-04-24 07:57:06,049][__main__][INFO] -   Features: 12 (including bias), Task: classification
[2026-04-24 07:57:06,049][__main__][INFO] -   Device: cuda
[2026-04-24 07:57:06,049][__main__][INFO] - Creating model: TNML_P
Starting Fit: 20 epochs.
Sweep Order: ['Node0', 'Node1', 'Node2', 'Node3', 'Node4', 'Node5', 'Node6', 'Node7', 'Node8', 'Node9', 'Node10', 'Node9', 'Node8', 'Node7', 'Node6', 'Node5', 'Node4', 'Node3', 'Node2', 'Node1']
Validation: Using separate validation set for best model selection
Early stopping: patience=10, min_delta=0.001
Init    | Train: loss: 1140314.80377 | quality: 0.23113
        | Val:   loss: 39736.38738 | quality: 0.11111

✗ Singular matrix at epoch 1 - stopping training
[2026-04-24 07:57:06,118][__main__][INFO] - Results saved to: /home/nicci/GTN/outputs/ntn/hearth/TNML_P_rg5_init0.1/L4_bd4_seed10090/results.json
[2026-04-24 07:57:06,118][__main__][WARNING] - ✗ Training failed (singular matrix)
[2026-04-24 07:57:06,120][HYDRA] 	#17 : model.L=4 model.bond_dim=4 seed=32874 trainer.ridge=5 trainer.ridge_decay=0.25 trainer.ridge_min=0.0001 +experiment=uci_ntn_sweep model=tnml_p dataset=hearth
[2026-04-24 07:57:06,261][__main__][INFO] - Configuration:
model:
  name: TNML_P
  L: 4
  bond_dim: 4
  output_site: null
  init_strength: 0.1
dataset:
  name: hearth
  task: classification
  cap: 50
  size: small
  batch_size: 256
slurm:
  partition: titans
  time: '12:00:00'
  mem: 2gb
  gpu_arch: Ampere
  cpus: 1
  gpu: 1
hpc:
  queue: gpuv100
  time: '12:00'
  mem: 500MB
  cpus: 4
  gpu: 1
trainer:
  type: ntn
  n_epochs: 20
  ridge: 5
  ridge_decay: 0.25
  ridge_min: 0.0001
  adaptive_ridge: false
  patience: 10
  min_delta: 0.001
  train_selection: true
seed: 32874
experiment_name: ${model.name}_${dataset.name}_${trainer.type}_rg${trainer.ridge}_init${model.init_strength}
skip_completed: true
update_tracking: false

[2026-04-24 07:57:06,261][__main__][INFO] - Output directory: /home/nicci/GTN/outputs/ntn/hearth/TNML_P_rg5_init0.1/L4_bd4_seed32874
[2026-04-24 07:57:06,262][__main__][INFO] - Loading dataset: hearth
[2026-04-24 07:57:07,275][__main__][INFO] -   Samples: train=212, val=45, test=46
[2026-04-24 07:57:07,276][__main__][INFO] -   Features: 12 (including bias), Task: classification
[2026-04-24 07:57:07,276][__main__][INFO] -   Device: cuda
[2026-04-24 07:57:07,276][__main__][INFO] - Creating model: TNML_P
Starting Fit: 20 epochs.
Sweep Order: ['Node0', 'Node1', 'Node2', 'Node3', 'Node4', 'Node5', 'Node6', 'Node7', 'Node8', 'Node9', 'Node10', 'Node9', 'Node8', 'Node7', 'Node6', 'Node5', 'Node4', 'Node3', 'Node2', 'Node1']
Validation: Using separate validation set for best model selection
Early stopping: patience=10, min_delta=0.001
Init    | Train: loss: 2139136.20189 | quality: 0.16981
        | Val:   loss: 1158839.98240 | quality: 0.17778

✗ Singular matrix at epoch 1 - stopping training
[2026-04-24 07:57:07,344][__main__][INFO] - Results saved to: /home/nicci/GTN/outputs/ntn/hearth/TNML_P_rg5_init0.1/L4_bd4_seed32874/results.json
[2026-04-24 07:57:07,344][__main__][WARNING] - ✗ Training failed (singular matrix)
[2026-04-24 07:57:07,346][HYDRA] 	#18 : model.L=4 model.bond_dim=4 seed=47311 trainer.ridge=5 trainer.ridge_decay=0.25 trainer.ridge_min=0.0001 +experiment=uci_ntn_sweep model=tnml_p dataset=hearth
[2026-04-24 07:57:07,487][__main__][INFO] - Configuration:
model:
  name: TNML_P
  L: 4
  bond_dim: 4
  output_site: null
  init_strength: 0.1
dataset:
  name: hearth
  task: classification
  cap: 50
  size: small
  batch_size: 256
slurm:
  partition: titans
  time: '12:00:00'
  mem: 2gb
  gpu_arch: Ampere
  cpus: 1
  gpu: 1
hpc:
  queue: gpuv100
  time: '12:00'
  mem: 500MB
  cpus: 4
  gpu: 1
trainer:
  type: ntn
  n_epochs: 20
  ridge: 5
  ridge_decay: 0.25
  ridge_min: 0.0001
  adaptive_ridge: false
  patience: 10
  min_delta: 0.001
  train_selection: true
seed: 47311
experiment_name: ${model.name}_${dataset.name}_${trainer.type}_rg${trainer.ridge}_init${model.init_strength}
skip_completed: true
update_tracking: false

[2026-04-24 07:57:07,488][__main__][INFO] - Output directory: /home/nicci/GTN/outputs/ntn/hearth/TNML_P_rg5_init0.1/L4_bd4_seed47311
[2026-04-24 07:57:07,489][__main__][INFO] - Loading dataset: hearth
[2026-04-24 07:57:08,513][__main__][INFO] -   Samples: train=212, val=45, test=46
[2026-04-24 07:57:08,513][__main__][INFO] -   Features: 12 (including bias), Task: classification
[2026-04-24 07:57:08,513][__main__][INFO] -   Device: cuda
[2026-04-24 07:57:08,514][__main__][INFO] - Creating model: TNML_P
Starting Fit: 20 epochs.
Sweep Order: ['Node0', 'Node1', 'Node2', 'Node3', 'Node4', 'Node5', 'Node6', 'Node7', 'Node8', 'Node9', 'Node10', 'Node9', 'Node8', 'Node7', 'Node6', 'Node5', 'Node4', 'Node3', 'Node2', 'Node1']
Validation: Using separate validation set for best model selection
Early stopping: patience=10, min_delta=0.001
Init    | Train: loss: 15150357.89680 | quality: 0.14623
        | Val:   loss: 34035.05089 | quality: 0.13333

✗ Singular matrix at epoch 1 - stopping training
[2026-04-24 07:57:08,586][__main__][INFO] - Results saved to: /home/nicci/GTN/outputs/ntn/hearth/TNML_P_rg5_init0.1/L4_bd4_seed47311/results.json
[2026-04-24 07:57:08,586][__main__][WARNING] - ✗ Training failed (singular matrix)
[2026-04-24 07:57:08,588][HYDRA] 	#19 : model.L=4 model.bond_dim=4 seed=47303 trainer.ridge=5 trainer.ridge_decay=0.25 trainer.ridge_min=0.0001 +experiment=uci_ntn_sweep model=tnml_p dataset=hearth
[2026-04-24 07:57:08,732][__main__][INFO] - Configuration:
model:
  name: TNML_P
  L: 4
  bond_dim: 4
  output_site: null
  init_strength: 0.1
dataset:
  name: hearth
  task: classification
  cap: 50
  size: small
  batch_size: 256
slurm:
  partition: titans
  time: '12:00:00'
  mem: 2gb
  gpu_arch: Ampere
  cpus: 1
  gpu: 1
hpc:
  queue: gpuv100
  time: '12:00'
  mem: 500MB
  cpus: 4
  gpu: 1
trainer:
  type: ntn
  n_epochs: 20
  ridge: 5
  ridge_decay: 0.25
  ridge_min: 0.0001
  adaptive_ridge: false
  patience: 10
  min_delta: 0.001
  train_selection: true
seed: 47303
experiment_name: ${model.name}_${dataset.name}_${trainer.type}_rg${trainer.ridge}_init${model.init_strength}
skip_completed: true
update_tracking: false

[2026-04-24 07:57:08,733][__main__][INFO] - Output directory: /home/nicci/GTN/outputs/ntn/hearth/TNML_P_rg5_init0.1/L4_bd4_seed47303
[2026-04-24 07:57:08,733][__main__][INFO] - Loading dataset: hearth
[2026-04-24 07:57:09,755][__main__][INFO] -   Samples: train=212, val=45, test=46
[2026-04-24 07:57:09,755][__main__][INFO] -   Features: 12 (including bias), Task: classification
[2026-04-24 07:57:09,755][__main__][INFO] -   Device: cuda
[2026-04-24 07:57:09,755][__main__][INFO] - Creating model: TNML_P
Starting Fit: 20 epochs.
Sweep Order: ['Node0', 'Node1', 'Node2', 'Node3', 'Node4', 'Node5', 'Node6', 'Node7', 'Node8', 'Node9', 'Node10', 'Node9', 'Node8', 'Node7', 'Node6', 'Node5', 'Node4', 'Node3', 'Node2', 'Node1']
Validation: Using separate validation set for best model selection
Early stopping: patience=10, min_delta=0.001
Init    | Train: loss: 6129820.82954 | quality: 0.14623
        | Val:   loss: 127344.86890 | quality: 0.11111

✗ Singular matrix at epoch 1 - stopping training
[2026-04-24 07:57:09,824][__main__][INFO] - Results saved to: /home/nicci/GTN/outputs/ntn/hearth/TNML_P_rg5_init0.1/L4_bd4_seed47303/results.json
[2026-04-24 07:57:09,825][__main__][WARNING] - ✗ Training failed (singular matrix)
[2026-04-24 07:57:09,826][HYDRA] 	#20 : model.L=4 model.bond_dim=8 seed=42 trainer.ridge=5 trainer.ridge_decay=0.25 trainer.ridge_min=0.0001 +experiment=uci_ntn_sweep model=tnml_p dataset=hearth
[2026-04-24 07:57:09,969][__main__][INFO] - Configuration:
model:
  name: TNML_P
  L: 4
  bond_dim: 8
  output_site: null
  init_strength: 0.1
dataset:
  name: hearth
  task: classification
  cap: 50
  size: small
  batch_size: 256
slurm:
  partition: titans
  time: '12:00:00'
  mem: 2gb
  gpu_arch: Ampere
  cpus: 1
  gpu: 1
hpc:
  queue: gpuv100
  time: '12:00'
  mem: 500MB
  cpus: 4
  gpu: 1
trainer:
  type: ntn
  n_epochs: 20
  ridge: 5
  ridge_decay: 0.25
  ridge_min: 0.0001
  adaptive_ridge: false
  patience: 10
  min_delta: 0.001
  train_selection: true
seed: 42
experiment_name: ${model.name}_${dataset.name}_${trainer.type}_rg${trainer.ridge}_init${model.init_strength}
skip_completed: true
update_tracking: false

[2026-04-24 07:57:09,970][__main__][INFO] - Output directory: /home/nicci/GTN/outputs/ntn/hearth/TNML_P_rg5_init0.1/L4_bd8_seed42
[2026-04-24 07:57:09,971][__main__][INFO] - Loading dataset: hearth
[2026-04-24 07:57:10,988][__main__][INFO] -   Samples: train=212, val=45, test=46
[2026-04-24 07:57:10,988][__main__][INFO] -   Features: 12 (including bias), Task: classification
[2026-04-24 07:57:10,988][__main__][INFO] -   Device: cuda
[2026-04-24 07:57:10,988][__main__][INFO] - Creating model: TNML_P
Starting Fit: 20 epochs.
Sweep Order: ['Node0', 'Node1', 'Node2', 'Node3', 'Node4', 'Node5', 'Node6', 'Node7', 'Node8', 'Node9', 'Node10', 'Node9', 'Node8', 'Node7', 'Node6', 'Node5', 'Node4', 'Node3', 'Node2', 'Node1']
Validation: Using separate validation set for best model selection
Early stopping: patience=10, min_delta=0.001
Init    | Train: loss: 208544.44889 | quality: 0.16038
        | Val:   loss: 15770.56630 | quality: 0.20000

✗ Singular matrix at epoch 1 - stopping training
[2026-04-24 07:57:11,088][__main__][INFO] - Results saved to: /home/nicci/GTN/outputs/ntn/hearth/TNML_P_rg5_init0.1/L4_bd8_seed42/results.json
[2026-04-24 07:57:11,088][__main__][WARNING] - ✗ Training failed (singular matrix)
[2026-04-24 07:57:11,089][HYDRA] 	#21 : model.L=4 model.bond_dim=8 seed=10090 trainer.ridge=5 trainer.ridge_decay=0.25 trainer.ridge_min=0.0001 +experiment=uci_ntn_sweep model=tnml_p dataset=hearth
[2026-04-24 07:57:11,225][__main__][INFO] - Configuration:
model:
  name: TNML_P
  L: 4
  bond_dim: 8
  output_site: null
  init_strength: 0.1
dataset:
  name: hearth
  task: classification
  cap: 50
  size: small
  batch_size: 256
slurm:
  partition: titans
  time: '12:00:00'
  mem: 2gb
  gpu_arch: Ampere
  cpus: 1
  gpu: 1
hpc:
  queue: gpuv100
  time: '12:00'
  mem: 500MB
  cpus: 4
  gpu: 1
trainer:
  type: ntn
  n_epochs: 20
  ridge: 5
  ridge_decay: 0.25
  ridge_min: 0.0001
  adaptive_ridge: false
  patience: 10
  min_delta: 0.001
  train_selection: true
seed: 10090
experiment_name: ${model.name}_${dataset.name}_${trainer.type}_rg${trainer.ridge}_init${model.init_strength}
skip_completed: true
update_tracking: false

[2026-04-24 07:57:11,226][__main__][INFO] - Output directory: /home/nicci/GTN/outputs/ntn/hearth/TNML_P_rg5_init0.1/L4_bd8_seed10090
[2026-04-24 07:57:11,226][__main__][INFO] - Loading dataset: hearth
[2026-04-24 07:57:12,240][__main__][INFO] -   Samples: train=212, val=45, test=46
[2026-04-24 07:57:12,240][__main__][INFO] -   Features: 12 (including bias), Task: classification
[2026-04-24 07:57:12,240][__main__][INFO] -   Device: cuda
[2026-04-24 07:57:12,240][__main__][INFO] - Creating model: TNML_P
Starting Fit: 20 epochs.
Sweep Order: ['Node0', 'Node1', 'Node2', 'Node3', 'Node4', 'Node5', 'Node6', 'Node7', 'Node8', 'Node9', 'Node10', 'Node9', 'Node8', 'Node7', 'Node6', 'Node5', 'Node4', 'Node3', 'Node2', 'Node1']
Validation: Using separate validation set for best model selection
Early stopping: patience=10, min_delta=0.001
Init    | Train: loss: 100195968.64970 | quality: 0.16509
        | Val:   loss: 83314.96720 | quality: 0.22222

✗ Singular matrix at epoch 1 - stopping training
[2026-04-24 07:57:12,326][__main__][INFO] - Results saved to: /home/nicci/GTN/outputs/ntn/hearth/TNML_P_rg5_init0.1/L4_bd8_seed10090/results.json
[2026-04-24 07:57:12,326][__main__][WARNING] - ✗ Training failed (singular matrix)
[2026-04-24 07:57:12,328][HYDRA] 	#22 : model.L=4 model.bond_dim=8 seed=32874 trainer.ridge=5 trainer.ridge_decay=0.25 trainer.ridge_min=0.0001 +experiment=uci_ntn_sweep model=tnml_p dataset=hearth
[2026-04-24 07:57:12,479][__main__][INFO] - Configuration:
model:
  name: TNML_P
  L: 4
  bond_dim: 8
  output_site: null
  init_strength: 0.1
dataset:
  name: hearth
  task: classification
  cap: 50
  size: small
  batch_size: 256
slurm:
  partition: titans
  time: '12:00:00'
  mem: 2gb
  gpu_arch: Ampere
  cpus: 1
  gpu: 1
hpc:
  queue: gpuv100
  time: '12:00'
  mem: 500MB
  cpus: 4
  gpu: 1
trainer:
  type: ntn
  n_epochs: 20
  ridge: 5
  ridge_decay: 0.25
  ridge_min: 0.0001
  adaptive_ridge: false
  patience: 10
  min_delta: 0.001
  train_selection: true
seed: 32874
experiment_name: ${model.name}_${dataset.name}_${trainer.type}_rg${trainer.ridge}_init${model.init_strength}
skip_completed: true
update_tracking: false

[2026-04-24 07:57:12,480][__main__][INFO] - Output directory: /home/nicci/GTN/outputs/ntn/hearth/TNML_P_rg5_init0.1/L4_bd8_seed32874
[2026-04-24 07:57:12,480][__main__][INFO] - Loading dataset: hearth
[2026-04-24 07:57:13,624][__main__][INFO] -   Samples: train=212, val=45, test=46
[2026-04-24 07:57:13,624][__main__][INFO] -   Features: 12 (including bias), Task: classification
[2026-04-24 07:57:13,624][__main__][INFO] -   Device: cuda
[2026-04-24 07:57:13,624][__main__][INFO] - Creating model: TNML_P
Starting Fit: 20 epochs.
Sweep Order: ['Node0', 'Node1', 'Node2', 'Node3', 'Node4', 'Node5', 'Node6', 'Node7', 'Node8', 'Node9', 'Node10', 'Node9', 'Node8', 'Node7', 'Node6', 'Node5', 'Node4', 'Node3', 'Node2', 'Node1']
Validation: Using separate validation set for best model selection
Early stopping: patience=10, min_delta=0.001
Init    | Train: loss: 478440.14888 | quality: 0.22642
        | Val:   loss: 169804.62446 | quality: 0.13333

✗ Singular matrix at epoch 1 - stopping training
[2026-04-24 07:57:13,710][__main__][INFO] - Results saved to: /home/nicci/GTN/outputs/ntn/hearth/TNML_P_rg5_init0.1/L4_bd8_seed32874/results.json
[2026-04-24 07:57:13,710][__main__][WARNING] - ✗ Training failed (singular matrix)
[2026-04-24 07:57:13,711][HYDRA] 	#23 : model.L=4 model.bond_dim=8 seed=47311 trainer.ridge=5 trainer.ridge_decay=0.25 trainer.ridge_min=0.0001 +experiment=uci_ntn_sweep model=tnml_p dataset=hearth
[2026-04-24 07:57:13,852][__main__][INFO] - Configuration:
model:
  name: TNML_P
  L: 4
  bond_dim: 8
  output_site: null
  init_strength: 0.1
dataset:
  name: hearth
  task: classification
  cap: 50
  size: small
  batch_size: 256
slurm:
  partition: titans
  time: '12:00:00'
  mem: 2gb
  gpu_arch: Ampere
  cpus: 1
  gpu: 1
hpc:
  queue: gpuv100
  time: '12:00'
  mem: 500MB
  cpus: 4
  gpu: 1
trainer:
  type: ntn
  n_epochs: 20
  ridge: 5
  ridge_decay: 0.25
  ridge_min: 0.0001
  adaptive_ridge: false
  patience: 10
  min_delta: 0.001
  train_selection: true
seed: 47311
experiment_name: ${model.name}_${dataset.name}_${trainer.type}_rg${trainer.ridge}_init${model.init_strength}
skip_completed: true
update_tracking: false

[2026-04-24 07:57:13,853][__main__][INFO] - Output directory: /home/nicci/GTN/outputs/ntn/hearth/TNML_P_rg5_init0.1/L4_bd8_seed47311
[2026-04-24 07:57:13,854][__main__][INFO] - Loading dataset: hearth
[2026-04-24 07:57:14,928][__main__][INFO] -   Samples: train=212, val=45, test=46
[2026-04-24 07:57:14,929][__main__][INFO] -   Features: 12 (including bias), Task: classification
[2026-04-24 07:57:14,929][__main__][INFO] -   Device: cuda
[2026-04-24 07:57:14,929][__main__][INFO] - Creating model: TNML_P
Starting Fit: 20 epochs.
Sweep Order: ['Node0', 'Node1', 'Node2', 'Node3', 'Node4', 'Node5', 'Node6', 'Node7', 'Node8', 'Node9', 'Node10', 'Node9', 'Node8', 'Node7', 'Node6', 'Node5', 'Node4', 'Node3', 'Node2', 'Node1']
Validation: Using separate validation set for best model selection
Early stopping: patience=10, min_delta=0.001
Init    | Train: loss: 12602576.80462 | quality: 0.20755
        | Val:   loss: 276888.90162 | quality: 0.15556

✗ Singular matrix at epoch 1 - stopping training
[2026-04-24 07:57:15,012][__main__][INFO] - Results saved to: /home/nicci/GTN/outputs/ntn/hearth/TNML_P_rg5_init0.1/L4_bd8_seed47311/results.json
[2026-04-24 07:57:15,012][__main__][WARNING] - ✗ Training failed (singular matrix)
[2026-04-24 07:57:15,013][HYDRA] 	#24 : model.L=4 model.bond_dim=8 seed=47303 trainer.ridge=5 trainer.ridge_decay=0.25 trainer.ridge_min=0.0001 +experiment=uci_ntn_sweep model=tnml_p dataset=hearth
[2026-04-24 07:57:15,153][__main__][INFO] - Configuration:
model:
  name: TNML_P
  L: 4
  bond_dim: 8
  output_site: null
  init_strength: 0.1
dataset:
  name: hearth
  task: classification
  cap: 50
  size: small
  batch_size: 256
slurm:
  partition: titans
  time: '12:00:00'
  mem: 2gb
  gpu_arch: Ampere
  cpus: 1
  gpu: 1
hpc:
  queue: gpuv100
  time: '12:00'
  mem: 500MB
  cpus: 4
  gpu: 1
trainer:
  type: ntn
  n_epochs: 20
  ridge: 5
  ridge_decay: 0.25
  ridge_min: 0.0001
  adaptive_ridge: false
  patience: 10
  min_delta: 0.001
  train_selection: true
seed: 47303
experiment_name: ${model.name}_${dataset.name}_${trainer.type}_rg${trainer.ridge}_init${model.init_strength}
skip_completed: true
update_tracking: false

[2026-04-24 07:57:15,153][__main__][INFO] - Output directory: /home/nicci/GTN/outputs/ntn/hearth/TNML_P_rg5_init0.1/L4_bd8_seed47303
[2026-04-24 07:57:15,154][__main__][INFO] - Loading dataset: hearth
[2026-04-24 07:57:16,297][__main__][INFO] -   Samples: train=212, val=45, test=46
[2026-04-24 07:57:16,298][__main__][INFO] -   Features: 12 (including bias), Task: classification
[2026-04-24 07:57:16,298][__main__][INFO] -   Device: cuda
[2026-04-24 07:57:16,298][__main__][INFO] - Creating model: TNML_P
Starting Fit: 20 epochs.
Sweep Order: ['Node0', 'Node1', 'Node2', 'Node3', 'Node4', 'Node5', 'Node6', 'Node7', 'Node8', 'Node9', 'Node10', 'Node9', 'Node8', 'Node7', 'Node6', 'Node5', 'Node4', 'Node3', 'Node2', 'Node1']
Validation: Using separate validation set for best model selection
Early stopping: patience=10, min_delta=0.001
Init    | Train: loss: 5486297.28576 | quality: 0.17925
        | Val:   loss: 122825.66256 | quality: 0.17778

✗ Singular matrix at epoch 1 - stopping training
[2026-04-24 07:57:16,382][__main__][INFO] - Results saved to: /home/nicci/GTN/outputs/ntn/hearth/TNML_P_rg5_init0.1/L4_bd8_seed47303/results.json
[2026-04-24 07:57:16,382][__main__][WARNING] - ✗ Training failed (singular matrix)
[2026-04-24 07:57:16,384][HYDRA] 	#25 : model.L=4 model.bond_dim=12 seed=42 trainer.ridge=5 trainer.ridge_decay=0.25 trainer.ridge_min=0.0001 +experiment=uci_ntn_sweep model=tnml_p dataset=hearth
[2026-04-24 07:57:16,524][__main__][INFO] - Configuration:
model:
  name: TNML_P
  L: 4
  bond_dim: 12
  output_site: null
  init_strength: 0.1
dataset:
  name: hearth
  task: classification
  cap: 50
  size: small
  batch_size: 256
slurm:
  partition: titans
  time: '12:00:00'
  mem: 2gb
  gpu_arch: Ampere
  cpus: 1
  gpu: 1
hpc:
  queue: gpuv100
  time: '12:00'
  mem: 500MB
  cpus: 4
  gpu: 1
trainer:
  type: ntn
  n_epochs: 20
  ridge: 5
  ridge_decay: 0.25
  ridge_min: 0.0001
  adaptive_ridge: false
  patience: 10
  min_delta: 0.001
  train_selection: true
seed: 42
experiment_name: ${model.name}_${dataset.name}_${trainer.type}_rg${trainer.ridge}_init${model.init_strength}
skip_completed: true
update_tracking: false

[2026-04-24 07:57:16,525][__main__][INFO] - Output directory: /home/nicci/GTN/outputs/ntn/hearth/TNML_P_rg5_init0.1/L4_bd12_seed42
[2026-04-24 07:57:16,526][__main__][INFO] - Loading dataset: hearth
[2026-04-24 07:57:17,540][__main__][INFO] -   Samples: train=212, val=45, test=46
[2026-04-24 07:57:17,540][__main__][INFO] -   Features: 12 (including bias), Task: classification
[2026-04-24 07:57:17,540][__main__][INFO] -   Device: cuda
[2026-04-24 07:57:17,541][__main__][INFO] - Creating model: TNML_P
Starting Fit: 20 epochs.
Sweep Order: ['Node0', 'Node1', 'Node2', 'Node3', 'Node4', 'Node5', 'Node6', 'Node7', 'Node8', 'Node9', 'Node10', 'Node9', 'Node8', 'Node7', 'Node6', 'Node5', 'Node4', 'Node3', 'Node2', 'Node1']
Validation: Using separate validation set for best model selection
Early stopping: patience=10, min_delta=0.001
Init    | Train: loss: 2561582.83042 | quality: 0.21226
        | Val:   loss: 118183.57817 | quality: 0.17778

✗ Singular matrix at epoch 1 - stopping training
[2026-04-24 07:57:17,695][__main__][INFO] - Results saved to: /home/nicci/GTN/outputs/ntn/hearth/TNML_P_rg5_init0.1/L4_bd12_seed42/results.json
[2026-04-24 07:57:17,696][__main__][WARNING] - ✗ Training failed (singular matrix)
[2026-04-24 07:57:17,697][HYDRA] 	#26 : model.L=4 model.bond_dim=12 seed=10090 trainer.ridge=5 trainer.ridge_decay=0.25 trainer.ridge_min=0.0001 +experiment=uci_ntn_sweep model=tnml_p dataset=hearth
[2026-04-24 07:57:17,832][__main__][INFO] - Configuration:
model:
  name: TNML_P
  L: 4
  bond_dim: 12
  output_site: null
  init_strength: 0.1
dataset:
  name: hearth
  task: classification
  cap: 50
  size: small
  batch_size: 256
slurm:
  partition: titans
  time: '12:00:00'
  mem: 2gb
  gpu_arch: Ampere
  cpus: 1
  gpu: 1
hpc:
  queue: gpuv100
  time: '12:00'
  mem: 500MB
  cpus: 4
  gpu: 1
trainer:
  type: ntn
  n_epochs: 20
  ridge: 5
  ridge_decay: 0.25
  ridge_min: 0.0001
  adaptive_ridge: false
  patience: 10
  min_delta: 0.001
  train_selection: true
seed: 10090
experiment_name: ${model.name}_${dataset.name}_${trainer.type}_rg${trainer.ridge}_init${model.init_strength}
skip_completed: true
update_tracking: false

[2026-04-24 07:57:17,832][__main__][INFO] - Output directory: /home/nicci/GTN/outputs/ntn/hearth/TNML_P_rg5_init0.1/L4_bd12_seed10090
[2026-04-24 07:57:17,833][__main__][INFO] - Loading dataset: hearth
[2026-04-24 07:57:18,892][__main__][INFO] -   Samples: train=212, val=45, test=46
[2026-04-24 07:57:18,892][__main__][INFO] -   Features: 12 (including bias), Task: classification
[2026-04-24 07:57:18,892][__main__][INFO] -   Device: cuda
[2026-04-24 07:57:18,892][__main__][INFO] - Creating model: TNML_P
Starting Fit: 20 epochs.
Sweep Order: ['Node0', 'Node1', 'Node2', 'Node3', 'Node4', 'Node5', 'Node6', 'Node7', 'Node8', 'Node9', 'Node10', 'Node9', 'Node8', 'Node7', 'Node6', 'Node5', 'Node4', 'Node3', 'Node2', 'Node1']
Validation: Using separate validation set for best model selection
Early stopping: patience=10, min_delta=0.001
Init    | Train: loss: 7353563.19622 | quality: 0.16509
        | Val:   loss: 176434.72005 | quality: 0.28889

✗ Singular matrix at epoch 1 - stopping training
[2026-04-24 07:57:19,037][__main__][INFO] - Results saved to: /home/nicci/GTN/outputs/ntn/hearth/TNML_P_rg5_init0.1/L4_bd12_seed10090/results.json
[2026-04-24 07:57:19,037][__main__][WARNING] - ✗ Training failed (singular matrix)
[2026-04-24 07:57:19,039][HYDRA] 	#27 : model.L=4 model.bond_dim=12 seed=32874 trainer.ridge=5 trainer.ridge_decay=0.25 trainer.ridge_min=0.0001 +experiment=uci_ntn_sweep model=tnml_p dataset=hearth
[2026-04-24 07:57:19,370][__main__][INFO] - Configuration:
model:
  name: TNML_P
  L: 4
  bond_dim: 12
  output_site: null
  init_strength: 0.1
dataset:
  name: hearth
  task: classification
  cap: 50
  size: small
  batch_size: 256
slurm:
  partition: titans
  time: '12:00:00'
  mem: 2gb
  gpu_arch: Ampere
  cpus: 1
  gpu: 1
hpc:
  queue: gpuv100
  time: '12:00'
  mem: 500MB
  cpus: 4
  gpu: 1
trainer:
  type: ntn
  n_epochs: 20
  ridge: 5
  ridge_decay: 0.25
  ridge_min: 0.0001
  adaptive_ridge: false
  patience: 10
  min_delta: 0.001
  train_selection: true
seed: 32874
experiment_name: ${model.name}_${dataset.name}_${trainer.type}_rg${trainer.ridge}_init${model.init_strength}
skip_completed: true
update_tracking: false

[2026-04-24 07:57:19,371][__main__][INFO] - Output directory: /home/nicci/GTN/outputs/ntn/hearth/TNML_P_rg5_init0.1/L4_bd12_seed32874
[2026-04-24 07:57:19,372][__main__][INFO] - Loading dataset: hearth
[2026-04-24 07:57:20,387][__main__][INFO] -   Samples: train=212, val=45, test=46
[2026-04-24 07:57:20,387][__main__][INFO] -   Features: 12 (including bias), Task: classification
[2026-04-24 07:57:20,388][__main__][INFO] -   Device: cuda
[2026-04-24 07:57:20,388][__main__][INFO] - Creating model: TNML_P
Starting Fit: 20 epochs.
Sweep Order: ['Node0', 'Node1', 'Node2', 'Node3', 'Node4', 'Node5', 'Node6', 'Node7', 'Node8', 'Node9', 'Node10', 'Node9', 'Node8', 'Node7', 'Node6', 'Node5', 'Node4', 'Node3', 'Node2', 'Node1']
Validation: Using separate validation set for best model selection
Early stopping: patience=10, min_delta=0.001
Init    | Train: loss: 4833305.33389 | quality: 0.21226
        | Val:   loss: 287056.77271 | quality: 0.17778

✗ Singular matrix at epoch 1 - stopping training
[2026-04-24 07:57:20,533][__main__][INFO] - Results saved to: /home/nicci/GTN/outputs/ntn/hearth/TNML_P_rg5_init0.1/L4_bd12_seed32874/results.json
[2026-04-24 07:57:20,533][__main__][WARNING] - ✗ Training failed (singular matrix)
[2026-04-24 07:57:20,535][HYDRA] 	#28 : model.L=4 model.bond_dim=12 seed=47311 trainer.ridge=5 trainer.ridge_decay=0.25 trainer.ridge_min=0.0001 +experiment=uci_ntn_sweep model=tnml_p dataset=hearth
[2026-04-24 07:57:20,677][__main__][INFO] - Configuration:
model:
  name: TNML_P
  L: 4
  bond_dim: 12
  output_site: null
  init_strength: 0.1
dataset:
  name: hearth
  task: classification
  cap: 50
  size: small
  batch_size: 256
slurm:
  partition: titans
  time: '12:00:00'
  mem: 2gb
  gpu_arch: Ampere
  cpus: 1
  gpu: 1
hpc:
  queue: gpuv100
  time: '12:00'
  mem: 500MB
  cpus: 4
  gpu: 1
trainer:
  type: ntn
  n_epochs: 20
  ridge: 5
  ridge_decay: 0.25
  ridge_min: 0.0001
  adaptive_ridge: false
  patience: 10
  min_delta: 0.001
  train_selection: true
seed: 47311
experiment_name: ${model.name}_${dataset.name}_${trainer.type}_rg${trainer.ridge}_init${model.init_strength}
skip_completed: true
update_tracking: false

[2026-04-24 07:57:20,677][__main__][INFO] - Output directory: /home/nicci/GTN/outputs/ntn/hearth/TNML_P_rg5_init0.1/L4_bd12_seed47311
[2026-04-24 07:57:20,678][__main__][INFO] - Loading dataset: hearth
[2026-04-24 07:57:21,692][__main__][INFO] -   Samples: train=212, val=45, test=46
[2026-04-24 07:57:21,692][__main__][INFO] -   Features: 12 (including bias), Task: classification
[2026-04-24 07:57:21,692][__main__][INFO] -   Device: cuda
[2026-04-24 07:57:21,692][__main__][INFO] - Creating model: TNML_P
Starting Fit: 20 epochs.
Sweep Order: ['Node0', 'Node1', 'Node2', 'Node3', 'Node4', 'Node5', 'Node6', 'Node7', 'Node8', 'Node9', 'Node10', 'Node9', 'Node8', 'Node7', 'Node6', 'Node5', 'Node4', 'Node3', 'Node2', 'Node1']
Validation: Using separate validation set for best model selection
Early stopping: patience=10, min_delta=0.001
Init    | Train: loss: 10335281.55776 | quality: 0.25000
        | Val:   loss: 189338.71355 | quality: 0.26667

✗ Singular matrix at epoch 1 - stopping training
[2026-04-24 07:57:21,824][__main__][INFO] - Results saved to: /home/nicci/GTN/outputs/ntn/hearth/TNML_P_rg5_init0.1/L4_bd12_seed47311/results.json
[2026-04-24 07:57:21,824][__main__][WARNING] - ✗ Training failed (singular matrix)
[2026-04-24 07:57:21,825][HYDRA] 	#29 : model.L=4 model.bond_dim=12 seed=47303 trainer.ridge=5 trainer.ridge_decay=0.25 trainer.ridge_min=0.0001 +experiment=uci_ntn_sweep model=tnml_p dataset=hearth
[2026-04-24 07:57:21,960][__main__][INFO] - Configuration:
model:
  name: TNML_P
  L: 4
  bond_dim: 12
  output_site: null
  init_strength: 0.1
dataset:
  name: hearth
  task: classification
  cap: 50
  size: small
  batch_size: 256
slurm:
  partition: titans
  time: '12:00:00'
  mem: 2gb
  gpu_arch: Ampere
  cpus: 1
  gpu: 1
hpc:
  queue: gpuv100
  time: '12:00'
  mem: 500MB
  cpus: 4
  gpu: 1
trainer:
  type: ntn
  n_epochs: 20
  ridge: 5
  ridge_decay: 0.25
  ridge_min: 0.0001
  adaptive_ridge: false
  patience: 10
  min_delta: 0.001
  train_selection: true
seed: 47303
experiment_name: ${model.name}_${dataset.name}_${trainer.type}_rg${trainer.ridge}_init${model.init_strength}
skip_completed: true
update_tracking: false

[2026-04-24 07:57:21,960][__main__][INFO] - Output directory: /home/nicci/GTN/outputs/ntn/hearth/TNML_P_rg5_init0.1/L4_bd12_seed47303
[2026-04-24 07:57:21,961][__main__][INFO] - Loading dataset: hearth
[2026-04-24 07:57:23,055][__main__][INFO] -   Samples: train=212, val=45, test=46
[2026-04-24 07:57:23,055][__main__][INFO] -   Features: 12 (including bias), Task: classification
[2026-04-24 07:57:23,056][__main__][INFO] -   Device: cuda
[2026-04-24 07:57:23,056][__main__][INFO] - Creating model: TNML_P
Starting Fit: 20 epochs.
Sweep Order: ['Node0', 'Node1', 'Node2', 'Node3', 'Node4', 'Node5', 'Node6', 'Node7', 'Node8', 'Node9', 'Node10', 'Node9', 'Node8', 'Node7', 'Node6', 'Node5', 'Node4', 'Node3', 'Node2', 'Node1']
Validation: Using separate validation set for best model selection
Early stopping: patience=10, min_delta=0.001
Init    | Train: loss: 17559492.44032 | quality: 0.16509
        | Val:   loss: 291774.62847 | quality: 0.11111

✗ Singular matrix at epoch 1 - stopping training
[2026-04-24 07:57:23,204][__main__][INFO] - Results saved to: /home/nicci/GTN/outputs/ntn/hearth/TNML_P_rg5_init0.1/L4_bd12_seed47303/results.json
[2026-04-24 07:57:23,204][__main__][WARNING] - ✗ Training failed (singular matrix)
Done: 2026-04-24-07:57:24
