Node: comp-gpu14
Array Job ID: 410321, Task ID: 6
Start: 2026-04-08-18:06:35
Running: model=tnml_p dataset=mushrooms
[2026-04-08 18:06:42,451][HYDRA] Launching 30 jobs locally
[2026-04-08 18:06:42,451][HYDRA] 	#0 : model.L=3 model.bond_dim=4 seed=42 trainer.lr=0.005 trainer.ridge=0.005 trainer.optimizer=adamw +experiment=uci_gtn_sweep model=tnml_p dataset=mushrooms
[2026-04-08 18:06:42,526][__main__][INFO] - Configuration:
model:
  name: TNML_P
  L: 3
  bond_dim: 4
  output_site: null
  init_strength: 0.1
dataset:
  name: mushrooms
  task: classification
  cap: 50
  size: large
  batch_size: 128
slurm:
  partition: titans
  time: '24:00:00'
  mem: 2gb
  gpu_arch: Ampere
  cpus: 1
  gpu: 1
hpc:
  queue: gpuv100
  time: '24:00'
  mem: 500MB
  cpus: 4
  gpu: 1
trainer:
  type: gtn
  n_epochs: 1000
  lr: 0.005
  optimizer: adamw
  ridge: 0.005
  loss_fn: null
  patience: 100
  min_delta: 0.001
  train_selection: true
seed: 42
experiment_name: ${model.name}_${dataset.name}_${trainer.type}_rg${trainer.ridge}_init${model.init_strength}
skip_completed: true
update_tracking: false

[2026-04-08 18:06:42,530][__main__][INFO] - Output directory: /home/nicci/GTN/outputs/gtn/mushrooms/TNML_P_rg0.005_init0.1/L3_bd4_seed42
[2026-04-08 18:06:42,572][utils.tracking][INFO] - Loaded 14884 tracked runs from runs_tracking.csv
[2026-04-08 18:06:42,573][__main__][INFO] - Loading dataset: mushrooms
[2026-04-08 18:06:46,266][__main__][INFO] -   Samples: train=5686, val=1219, test=1219
[2026-04-08 18:06:46,266][__main__][INFO] -   Features: 51 (including bias), Task: classification
[2026-04-08 18:06:46,266][__main__][INFO] -   Device: cuda
[2026-04-08 18:06:46,266][__main__][INFO] - Creating model: TNML_P
[2026-04-08 18:08:16,589][__main__][INFO] - Early stopping at epoch 115 (no improvement for 100 epochs)
[2026-04-08 18:08:16,593][__main__][INFO] - Results saved to: /home/nicci/GTN/outputs/gtn/mushrooms/TNML_P_rg0.005_init0.1/L3_bd4_seed42/results.json
[2026-04-08 18:08:16,593][__main__][INFO] - ✓ Train Accuracy: 0.9898
[2026-04-08 18:08:16,593][__main__][INFO] - ✓ Val Accuracy: 0.9951
[2026-04-08 18:08:16,594][HYDRA] 	#1 : model.L=3 model.bond_dim=4 seed=10090 trainer.lr=0.005 trainer.ridge=0.005 trainer.optimizer=adamw +experiment=uci_gtn_sweep model=tnml_p dataset=mushrooms
[2026-04-08 18:08:16,669][__main__][INFO] - Configuration:
model:
  name: TNML_P
  L: 3
  bond_dim: 4
  output_site: null
  init_strength: 0.1
dataset:
  name: mushrooms
  task: classification
  cap: 50
  size: large
  batch_size: 128
slurm:
  partition: titans
  time: '24:00:00'
  mem: 2gb
  gpu_arch: Ampere
  cpus: 1
  gpu: 1
hpc:
  queue: gpuv100
  time: '24:00'
  mem: 500MB
  cpus: 4
  gpu: 1
trainer:
  type: gtn
  n_epochs: 1000
  lr: 0.005
  optimizer: adamw
  ridge: 0.005
  loss_fn: null
  patience: 100
  min_delta: 0.001
  train_selection: true
seed: 10090
experiment_name: ${model.name}_${dataset.name}_${trainer.type}_rg${trainer.ridge}_init${model.init_strength}
skip_completed: true
update_tracking: false

[2026-04-08 18:08:16,671][__main__][INFO] - Output directory: /home/nicci/GTN/outputs/gtn/mushrooms/TNML_P_rg0.005_init0.1/L3_bd4_seed10090
[2026-04-08 18:08:16,672][__main__][INFO] - Loading dataset: mushrooms
[2026-04-08 18:08:20,653][__main__][INFO] -   Samples: train=5686, val=1219, test=1219
[2026-04-08 18:08:20,654][__main__][INFO] -   Features: 51 (including bias), Task: classification
[2026-04-08 18:08:20,654][__main__][INFO] -   Device: cuda
[2026-04-08 18:08:20,654][__main__][INFO] - Creating model: TNML_P
[2026-04-08 18:10:24,640][__main__][INFO] - Early stopping at epoch 162 (no improvement for 100 epochs)
[2026-04-08 18:10:24,645][__main__][INFO] - Results saved to: /home/nicci/GTN/outputs/gtn/mushrooms/TNML_P_rg0.005_init0.1/L3_bd4_seed10090/results.json
[2026-04-08 18:10:24,646][__main__][INFO] - ✓ Train Accuracy: 0.9907
[2026-04-08 18:10:24,646][__main__][INFO] - ✓ Val Accuracy: 0.9951
[2026-04-08 18:10:24,647][HYDRA] 	#2 : model.L=3 model.bond_dim=4 seed=32874 trainer.lr=0.005 trainer.ridge=0.005 trainer.optimizer=adamw +experiment=uci_gtn_sweep model=tnml_p dataset=mushrooms
[2026-04-08 18:10:24,725][__main__][INFO] - Configuration:
model:
  name: TNML_P
  L: 3
  bond_dim: 4
  output_site: null
  init_strength: 0.1
dataset:
  name: mushrooms
  task: classification
  cap: 50
  size: large
  batch_size: 128
slurm:
  partition: titans
  time: '24:00:00'
  mem: 2gb
  gpu_arch: Ampere
  cpus: 1
  gpu: 1
hpc:
  queue: gpuv100
  time: '24:00'
  mem: 500MB
  cpus: 4
  gpu: 1
trainer:
  type: gtn
  n_epochs: 1000
  lr: 0.005
  optimizer: adamw
  ridge: 0.005
  loss_fn: null
  patience: 100
  min_delta: 0.001
  train_selection: true
seed: 32874
experiment_name: ${model.name}_${dataset.name}_${trainer.type}_rg${trainer.ridge}_init${model.init_strength}
skip_completed: true
update_tracking: false

[2026-04-08 18:10:24,727][__main__][INFO] - Output directory: /home/nicci/GTN/outputs/gtn/mushrooms/TNML_P_rg0.005_init0.1/L3_bd4_seed32874
[2026-04-08 18:10:24,728][__main__][INFO] - Loading dataset: mushrooms
[2026-04-08 18:10:26,397][__main__][INFO] -   Samples: train=5686, val=1219, test=1219
[2026-04-08 18:10:26,397][__main__][INFO] -   Features: 51 (including bias), Task: classification
[2026-04-08 18:10:26,397][__main__][INFO] -   Device: cuda
[2026-04-08 18:10:26,397][__main__][INFO] - Creating model: TNML_P
[2026-04-08 18:12:00,557][__main__][INFO] - Early stopping at epoch 123 (no improvement for 100 epochs)
[2026-04-08 18:12:00,562][__main__][INFO] - Results saved to: /home/nicci/GTN/outputs/gtn/mushrooms/TNML_P_rg0.005_init0.1/L3_bd4_seed32874/results.json
[2026-04-08 18:12:00,562][__main__][INFO] - ✓ Train Accuracy: 0.9894
[2026-04-08 18:12:00,562][__main__][INFO] - ✓ Val Accuracy: 0.9934
[2026-04-08 18:12:00,563][HYDRA] 	#3 : model.L=3 model.bond_dim=4 seed=47311 trainer.lr=0.005 trainer.ridge=0.005 trainer.optimizer=adamw +experiment=uci_gtn_sweep model=tnml_p dataset=mushrooms
[2026-04-08 18:12:00,638][__main__][INFO] - Configuration:
model:
  name: TNML_P
  L: 3
  bond_dim: 4
  output_site: null
  init_strength: 0.1
dataset:
  name: mushrooms
  task: classification
  cap: 50
  size: large
  batch_size: 128
slurm:
  partition: titans
  time: '24:00:00'
  mem: 2gb
  gpu_arch: Ampere
  cpus: 1
  gpu: 1
hpc:
  queue: gpuv100
  time: '24:00'
  mem: 500MB
  cpus: 4
  gpu: 1
trainer:
  type: gtn
  n_epochs: 1000
  lr: 0.005
  optimizer: adamw
  ridge: 0.005
  loss_fn: null
  patience: 100
  min_delta: 0.001
  train_selection: true
seed: 47311
experiment_name: ${model.name}_${dataset.name}_${trainer.type}_rg${trainer.ridge}_init${model.init_strength}
skip_completed: true
update_tracking: false

[2026-04-08 18:12:00,639][__main__][INFO] - Output directory: /home/nicci/GTN/outputs/gtn/mushrooms/TNML_P_rg0.005_init0.1/L3_bd4_seed47311
[2026-04-08 18:12:00,639][__main__][INFO] - Loading dataset: mushrooms
[2026-04-08 18:12:03,220][__main__][INFO] -   Samples: train=5686, val=1219, test=1219
[2026-04-08 18:12:03,220][__main__][INFO] -   Features: 51 (including bias), Task: classification
[2026-04-08 18:12:03,220][__main__][INFO] -   Device: cuda
[2026-04-08 18:12:03,221][__main__][INFO] - Creating model: TNML_P
[2026-04-08 18:13:40,616][__main__][INFO] - Early stopping at epoch 128 (no improvement for 100 epochs)
[2026-04-08 18:13:40,620][__main__][INFO] - Results saved to: /home/nicci/GTN/outputs/gtn/mushrooms/TNML_P_rg0.005_init0.1/L3_bd4_seed47311/results.json
[2026-04-08 18:13:40,620][__main__][INFO] - ✓ Train Accuracy: 0.9898
[2026-04-08 18:13:40,620][__main__][INFO] - ✓ Val Accuracy: 0.9951
[2026-04-08 18:13:40,621][HYDRA] 	#4 : model.L=3 model.bond_dim=4 seed=47303 trainer.lr=0.005 trainer.ridge=0.005 trainer.optimizer=adamw +experiment=uci_gtn_sweep model=tnml_p dataset=mushrooms
[2026-04-08 18:13:40,695][__main__][INFO] - Configuration:
model:
  name: TNML_P
  L: 3
  bond_dim: 4
  output_site: null
  init_strength: 0.1
dataset:
  name: mushrooms
  task: classification
  cap: 50
  size: large
  batch_size: 128
slurm:
  partition: titans
  time: '24:00:00'
  mem: 2gb
  gpu_arch: Ampere
  cpus: 1
  gpu: 1
hpc:
  queue: gpuv100
  time: '24:00'
  mem: 500MB
  cpus: 4
  gpu: 1
trainer:
  type: gtn
  n_epochs: 1000
  lr: 0.005
  optimizer: adamw
  ridge: 0.005
  loss_fn: null
  patience: 100
  min_delta: 0.001
  train_selection: true
seed: 47303
experiment_name: ${model.name}_${dataset.name}_${trainer.type}_rg${trainer.ridge}_init${model.init_strength}
skip_completed: true
update_tracking: false

[2026-04-08 18:13:40,696][__main__][INFO] - Output directory: /home/nicci/GTN/outputs/gtn/mushrooms/TNML_P_rg0.005_init0.1/L3_bd4_seed47303
[2026-04-08 18:13:40,696][__main__][INFO] - Loading dataset: mushrooms
[2026-04-08 18:13:42,443][__main__][INFO] -   Samples: train=5686, val=1219, test=1219
[2026-04-08 18:13:42,444][__main__][INFO] -   Features: 51 (including bias), Task: classification
[2026-04-08 18:13:42,444][__main__][INFO] -   Device: cuda
[2026-04-08 18:13:42,444][__main__][INFO] - Creating model: TNML_P
[2026-04-08 18:15:25,535][__main__][INFO] - Early stopping at epoch 134 (no improvement for 100 epochs)
[2026-04-08 18:15:25,540][__main__][INFO] - Results saved to: /home/nicci/GTN/outputs/gtn/mushrooms/TNML_P_rg0.005_init0.1/L3_bd4_seed47303/results.json
[2026-04-08 18:15:25,540][__main__][INFO] - ✓ Train Accuracy: 0.9896
[2026-04-08 18:15:25,540][__main__][INFO] - ✓ Val Accuracy: 0.9951
[2026-04-08 18:15:25,541][HYDRA] 	#5 : model.L=3 model.bond_dim=8 seed=42 trainer.lr=0.005 trainer.ridge=0.005 trainer.optimizer=adamw +experiment=uci_gtn_sweep model=tnml_p dataset=mushrooms
[2026-04-08 18:15:25,619][__main__][INFO] - Configuration:
model:
  name: TNML_P
  L: 3
  bond_dim: 8
  output_site: null
  init_strength: 0.1
dataset:
  name: mushrooms
  task: classification
  cap: 50
  size: large
  batch_size: 128
slurm:
  partition: titans
  time: '24:00:00'
  mem: 2gb
  gpu_arch: Ampere
  cpus: 1
  gpu: 1
hpc:
  queue: gpuv100
  time: '24:00'
  mem: 500MB
  cpus: 4
  gpu: 1
trainer:
  type: gtn
  n_epochs: 1000
  lr: 0.005
  optimizer: adamw
  ridge: 0.005
  loss_fn: null
  patience: 100
  min_delta: 0.001
  train_selection: true
seed: 42
experiment_name: ${model.name}_${dataset.name}_${trainer.type}_rg${trainer.ridge}_init${model.init_strength}
skip_completed: true
update_tracking: false

[2026-04-08 18:15:25,621][__main__][INFO] - Output directory: /home/nicci/GTN/outputs/gtn/mushrooms/TNML_P_rg0.005_init0.1/L3_bd8_seed42
[2026-04-08 18:15:25,622][__main__][INFO] - Loading dataset: mushrooms
[2026-04-08 18:15:27,269][__main__][INFO] -   Samples: train=5686, val=1219, test=1219
[2026-04-08 18:15:27,269][__main__][INFO] -   Features: 51 (including bias), Task: classification
[2026-04-08 18:15:27,269][__main__][INFO] -   Device: cuda
[2026-04-08 18:15:27,270][__main__][INFO] - Creating model: TNML_P
[2026-04-08 18:16:46,387][__main__][INFO] - Early stopping at epoch 111 (no improvement for 100 epochs)
[2026-04-08 18:16:46,392][__main__][INFO] - Results saved to: /home/nicci/GTN/outputs/gtn/mushrooms/TNML_P_rg0.005_init0.1/L3_bd8_seed42/results.json
[2026-04-08 18:16:46,392][__main__][INFO] - ✓ Train Accuracy: 0.9898
[2026-04-08 18:16:46,392][__main__][INFO] - ✓ Val Accuracy: 0.9951
[2026-04-08 18:16:46,393][HYDRA] 	#6 : model.L=3 model.bond_dim=8 seed=10090 trainer.lr=0.005 trainer.ridge=0.005 trainer.optimizer=adamw +experiment=uci_gtn_sweep model=tnml_p dataset=mushrooms
[2026-04-08 18:16:46,468][__main__][INFO] - Configuration:
model:
  name: TNML_P
  L: 3
  bond_dim: 8
  output_site: null
  init_strength: 0.1
dataset:
  name: mushrooms
  task: classification
  cap: 50
  size: large
  batch_size: 128
slurm:
  partition: titans
  time: '24:00:00'
  mem: 2gb
  gpu_arch: Ampere
  cpus: 1
  gpu: 1
hpc:
  queue: gpuv100
  time: '24:00'
  mem: 500MB
  cpus: 4
  gpu: 1
trainer:
  type: gtn
  n_epochs: 1000
  lr: 0.005
  optimizer: adamw
  ridge: 0.005
  loss_fn: null
  patience: 100
  min_delta: 0.001
  train_selection: true
seed: 10090
experiment_name: ${model.name}_${dataset.name}_${trainer.type}_rg${trainer.ridge}_init${model.init_strength}
skip_completed: true
update_tracking: false

[2026-04-08 18:16:46,469][__main__][INFO] - Output directory: /home/nicci/GTN/outputs/gtn/mushrooms/TNML_P_rg0.005_init0.1/L3_bd8_seed10090
[2026-04-08 18:16:46,469][__main__][INFO] - Loading dataset: mushrooms
[2026-04-08 18:16:49,716][__main__][INFO] -   Samples: train=5686, val=1219, test=1219
[2026-04-08 18:16:49,716][__main__][INFO] -   Features: 51 (including bias), Task: classification
[2026-04-08 18:16:49,716][__main__][INFO] -   Device: cuda
[2026-04-08 18:16:49,716][__main__][INFO] - Creating model: TNML_P
[2026-04-08 18:18:20,805][__main__][INFO] - Early stopping at epoch 129 (no improvement for 100 epochs)
[2026-04-08 18:18:20,810][__main__][INFO] - Results saved to: /home/nicci/GTN/outputs/gtn/mushrooms/TNML_P_rg0.005_init0.1/L3_bd8_seed10090/results.json
[2026-04-08 18:18:20,810][__main__][INFO] - ✓ Train Accuracy: 0.9909
[2026-04-08 18:18:20,810][__main__][INFO] - ✓ Val Accuracy: 0.9959
[2026-04-08 18:18:20,811][HYDRA] 	#7 : model.L=3 model.bond_dim=8 seed=32874 trainer.lr=0.005 trainer.ridge=0.005 trainer.optimizer=adamw +experiment=uci_gtn_sweep model=tnml_p dataset=mushrooms
[2026-04-08 18:18:20,892][__main__][INFO] - Configuration:
model:
  name: TNML_P
  L: 3
  bond_dim: 8
  output_site: null
  init_strength: 0.1
dataset:
  name: mushrooms
  task: classification
  cap: 50
  size: large
  batch_size: 128
slurm:
  partition: titans
  time: '24:00:00'
  mem: 2gb
  gpu_arch: Ampere
  cpus: 1
  gpu: 1
hpc:
  queue: gpuv100
  time: '24:00'
  mem: 500MB
  cpus: 4
  gpu: 1
trainer:
  type: gtn
  n_epochs: 1000
  lr: 0.005
  optimizer: adamw
  ridge: 0.005
  loss_fn: null
  patience: 100
  min_delta: 0.001
  train_selection: true
seed: 32874
experiment_name: ${model.name}_${dataset.name}_${trainer.type}_rg${trainer.ridge}_init${model.init_strength}
skip_completed: true
update_tracking: false

[2026-04-08 18:18:20,895][__main__][INFO] - Output directory: /home/nicci/GTN/outputs/gtn/mushrooms/TNML_P_rg0.005_init0.1/L3_bd8_seed32874
[2026-04-08 18:18:20,895][__main__][INFO] - Loading dataset: mushrooms
[2026-04-08 18:18:24,272][__main__][INFO] -   Samples: train=5686, val=1219, test=1219
[2026-04-08 18:18:24,273][__main__][INFO] -   Features: 51 (including bias), Task: classification
[2026-04-08 18:18:24,273][__main__][INFO] -   Device: cuda
[2026-04-08 18:18:24,273][__main__][INFO] - Creating model: TNML_P
[2026-04-08 18:20:04,863][__main__][INFO] - Early stopping at epoch 143 (no improvement for 100 epochs)
[2026-04-08 18:20:04,868][__main__][INFO] - Results saved to: /home/nicci/GTN/outputs/gtn/mushrooms/TNML_P_rg0.005_init0.1/L3_bd8_seed32874/results.json
[2026-04-08 18:20:04,868][__main__][INFO] - ✓ Train Accuracy: 0.9917
[2026-04-08 18:20:04,868][__main__][INFO] - ✓ Val Accuracy: 0.9967
[2026-04-08 18:20:04,869][HYDRA] 	#8 : model.L=3 model.bond_dim=8 seed=47311 trainer.lr=0.005 trainer.ridge=0.005 trainer.optimizer=adamw +experiment=uci_gtn_sweep model=tnml_p dataset=mushrooms
[2026-04-08 18:20:04,943][__main__][INFO] - Configuration:
model:
  name: TNML_P
  L: 3
  bond_dim: 8
  output_site: null
  init_strength: 0.1
dataset:
  name: mushrooms
  task: classification
  cap: 50
  size: large
  batch_size: 128
slurm:
  partition: titans
  time: '24:00:00'
  mem: 2gb
  gpu_arch: Ampere
  cpus: 1
  gpu: 1
hpc:
  queue: gpuv100
  time: '24:00'
  mem: 500MB
  cpus: 4
  gpu: 1
trainer:
  type: gtn
  n_epochs: 1000
  lr: 0.005
  optimizer: adamw
  ridge: 0.005
  loss_fn: null
  patience: 100
  min_delta: 0.001
  train_selection: true
seed: 47311
experiment_name: ${model.name}_${dataset.name}_${trainer.type}_rg${trainer.ridge}_init${model.init_strength}
skip_completed: true
update_tracking: false

[2026-04-08 18:20:04,944][__main__][INFO] - Output directory: /home/nicci/GTN/outputs/gtn/mushrooms/TNML_P_rg0.005_init0.1/L3_bd8_seed47311
[2026-04-08 18:20:04,944][__main__][INFO] - Loading dataset: mushrooms
[2026-04-08 18:20:07,547][__main__][INFO] -   Samples: train=5686, val=1219, test=1219
[2026-04-08 18:20:07,547][__main__][INFO] -   Features: 51 (including bias), Task: classification
[2026-04-08 18:20:07,547][__main__][INFO] -   Device: cuda
[2026-04-08 18:20:07,547][__main__][INFO] - Creating model: TNML_P
[2026-04-08 18:21:32,250][__main__][INFO] - Early stopping at epoch 120 (no improvement for 100 epochs)
[2026-04-08 18:21:32,255][__main__][INFO] - Results saved to: /home/nicci/GTN/outputs/gtn/mushrooms/TNML_P_rg0.005_init0.1/L3_bd8_seed47311/results.json
[2026-04-08 18:21:32,255][__main__][INFO] - ✓ Train Accuracy: 0.9887
[2026-04-08 18:21:32,255][__main__][INFO] - ✓ Val Accuracy: 0.9934
[2026-04-08 18:21:32,256][HYDRA] 	#9 : model.L=3 model.bond_dim=8 seed=47303 trainer.lr=0.005 trainer.ridge=0.005 trainer.optimizer=adamw +experiment=uci_gtn_sweep model=tnml_p dataset=mushrooms
[2026-04-08 18:21:32,331][__main__][INFO] - Configuration:
model:
  name: TNML_P
  L: 3
  bond_dim: 8
  output_site: null
  init_strength: 0.1
dataset:
  name: mushrooms
  task: classification
  cap: 50
  size: large
  batch_size: 128
slurm:
  partition: titans
  time: '24:00:00'
  mem: 2gb
  gpu_arch: Ampere
  cpus: 1
  gpu: 1
hpc:
  queue: gpuv100
  time: '24:00'
  mem: 500MB
  cpus: 4
  gpu: 1
trainer:
  type: gtn
  n_epochs: 1000
  lr: 0.005
  optimizer: adamw
  ridge: 0.005
  loss_fn: null
  patience: 100
  min_delta: 0.001
  train_selection: true
seed: 47303
experiment_name: ${model.name}_${dataset.name}_${trainer.type}_rg${trainer.ridge}_init${model.init_strength}
skip_completed: true
update_tracking: false

[2026-04-08 18:21:32,331][__main__][INFO] - Output directory: /home/nicci/GTN/outputs/gtn/mushrooms/TNML_P_rg0.005_init0.1/L3_bd8_seed47303
[2026-04-08 18:21:32,332][__main__][INFO] - Loading dataset: mushrooms
[2026-04-08 18:21:36,681][__main__][INFO] -   Samples: train=5686, val=1219, test=1219
[2026-04-08 18:21:36,681][__main__][INFO] -   Features: 51 (including bias), Task: classification
[2026-04-08 18:21:36,681][__main__][INFO] -   Device: cuda
[2026-04-08 18:21:36,681][__main__][INFO] - Creating model: TNML_P
[2026-04-08 18:22:52,713][__main__][INFO] - Early stopping at epoch 109 (no improvement for 100 epochs)
[2026-04-08 18:22:52,717][__main__][INFO] - Results saved to: /home/nicci/GTN/outputs/gtn/mushrooms/TNML_P_rg0.005_init0.1/L3_bd8_seed47303/results.json
[2026-04-08 18:22:52,718][__main__][INFO] - ✓ Train Accuracy: 0.9898
[2026-04-08 18:22:52,718][__main__][INFO] - ✓ Val Accuracy: 0.9951
[2026-04-08 18:22:52,719][HYDRA] 	#10 : model.L=3 model.bond_dim=12 seed=42 trainer.lr=0.005 trainer.ridge=0.005 trainer.optimizer=adamw +experiment=uci_gtn_sweep model=tnml_p dataset=mushrooms
[2026-04-08 18:22:52,794][__main__][INFO] - Configuration:
model:
  name: TNML_P
  L: 3
  bond_dim: 12
  output_site: null
  init_strength: 0.1
dataset:
  name: mushrooms
  task: classification
  cap: 50
  size: large
  batch_size: 128
slurm:
  partition: titans
  time: '24:00:00'
  mem: 2gb
  gpu_arch: Ampere
  cpus: 1
  gpu: 1
hpc:
  queue: gpuv100
  time: '24:00'
  mem: 500MB
  cpus: 4
  gpu: 1
trainer:
  type: gtn
  n_epochs: 1000
  lr: 0.005
  optimizer: adamw
  ridge: 0.005
  loss_fn: null
  patience: 100
  min_delta: 0.001
  train_selection: true
seed: 42
experiment_name: ${model.name}_${dataset.name}_${trainer.type}_rg${trainer.ridge}_init${model.init_strength}
skip_completed: true
update_tracking: false

[2026-04-08 18:22:52,795][__main__][INFO] - Output directory: /home/nicci/GTN/outputs/gtn/mushrooms/TNML_P_rg0.005_init0.1/L3_bd12_seed42
[2026-04-08 18:22:52,795][__main__][INFO] - Loading dataset: mushrooms
[2026-04-08 18:22:55,686][__main__][INFO] -   Samples: train=5686, val=1219, test=1219
[2026-04-08 18:22:55,686][__main__][INFO] -   Features: 51 (including bias), Task: classification
[2026-04-08 18:22:55,686][__main__][INFO] -   Device: cuda
[2026-04-08 18:22:55,686][__main__][INFO] - Creating model: TNML_P
[2026-04-08 18:24:12,258][__main__][INFO] - Early stopping at epoch 107 (no improvement for 100 epochs)
[2026-04-08 18:24:12,263][__main__][INFO] - Results saved to: /home/nicci/GTN/outputs/gtn/mushrooms/TNML_P_rg0.005_init0.1/L3_bd12_seed42/results.json
[2026-04-08 18:24:12,263][__main__][INFO] - ✓ Train Accuracy: 0.9917
[2026-04-08 18:24:12,263][__main__][INFO] - ✓ Val Accuracy: 0.9967
[2026-04-08 18:24:12,264][HYDRA] 	#11 : model.L=3 model.bond_dim=12 seed=10090 trainer.lr=0.005 trainer.ridge=0.005 trainer.optimizer=adamw +experiment=uci_gtn_sweep model=tnml_p dataset=mushrooms
[2026-04-08 18:24:12,344][__main__][INFO] - Configuration:
model:
  name: TNML_P
  L: 3
  bond_dim: 12
  output_site: null
  init_strength: 0.1
dataset:
  name: mushrooms
  task: classification
  cap: 50
  size: large
  batch_size: 128
slurm:
  partition: titans
  time: '24:00:00'
  mem: 2gb
  gpu_arch: Ampere
  cpus: 1
  gpu: 1
hpc:
  queue: gpuv100
  time: '24:00'
  mem: 500MB
  cpus: 4
  gpu: 1
trainer:
  type: gtn
  n_epochs: 1000
  lr: 0.005
  optimizer: adamw
  ridge: 0.005
  loss_fn: null
  patience: 100
  min_delta: 0.001
  train_selection: true
seed: 10090
experiment_name: ${model.name}_${dataset.name}_${trainer.type}_rg${trainer.ridge}_init${model.init_strength}
skip_completed: true
update_tracking: false

[2026-04-08 18:24:12,347][__main__][INFO] - Output directory: /home/nicci/GTN/outputs/gtn/mushrooms/TNML_P_rg0.005_init0.1/L3_bd12_seed10090
[2026-04-08 18:24:12,348][__main__][INFO] - Loading dataset: mushrooms
[2026-04-08 18:24:15,330][__main__][INFO] -   Samples: train=5686, val=1219, test=1219
[2026-04-08 18:24:15,330][__main__][INFO] -   Features: 51 (including bias), Task: classification
[2026-04-08 18:24:15,330][__main__][INFO] -   Device: cuda
[2026-04-08 18:24:15,331][__main__][INFO] - Creating model: TNML_P
[2026-04-08 18:25:49,371][__main__][INFO] - Early stopping at epoch 133 (no improvement for 100 epochs)
[2026-04-08 18:25:49,376][__main__][INFO] - Results saved to: /home/nicci/GTN/outputs/gtn/mushrooms/TNML_P_rg0.005_init0.1/L3_bd12_seed10090/results.json
[2026-04-08 18:25:49,376][__main__][INFO] - ✓ Train Accuracy: 0.9917
[2026-04-08 18:25:49,376][__main__][INFO] - ✓ Val Accuracy: 0.9967
[2026-04-08 18:25:49,377][HYDRA] 	#12 : model.L=3 model.bond_dim=12 seed=32874 trainer.lr=0.005 trainer.ridge=0.005 trainer.optimizer=adamw +experiment=uci_gtn_sweep model=tnml_p dataset=mushrooms
[2026-04-08 18:25:49,456][__main__][INFO] - Configuration:
model:
  name: TNML_P
  L: 3
  bond_dim: 12
  output_site: null
  init_strength: 0.1
dataset:
  name: mushrooms
  task: classification
  cap: 50
  size: large
  batch_size: 128
slurm:
  partition: titans
  time: '24:00:00'
  mem: 2gb
  gpu_arch: Ampere
  cpus: 1
  gpu: 1
hpc:
  queue: gpuv100
  time: '24:00'
  mem: 500MB
  cpus: 4
  gpu: 1
trainer:
  type: gtn
  n_epochs: 1000
  lr: 0.005
  optimizer: adamw
  ridge: 0.005
  loss_fn: null
  patience: 100
  min_delta: 0.001
  train_selection: true
seed: 32874
experiment_name: ${model.name}_${dataset.name}_${trainer.type}_rg${trainer.ridge}_init${model.init_strength}
skip_completed: true
update_tracking: false

[2026-04-08 18:25:49,458][__main__][INFO] - Output directory: /home/nicci/GTN/outputs/gtn/mushrooms/TNML_P_rg0.005_init0.1/L3_bd12_seed32874
[2026-04-08 18:25:49,459][__main__][INFO] - Loading dataset: mushrooms
[2026-04-08 18:25:52,633][__main__][INFO] -   Samples: train=5686, val=1219, test=1219
[2026-04-08 18:25:52,634][__main__][INFO] -   Features: 51 (including bias), Task: classification
[2026-04-08 18:25:52,634][__main__][INFO] -   Device: cuda
[2026-04-08 18:25:52,634][__main__][INFO] - Creating model: TNML_P
[2026-04-08 18:27:21,211][__main__][INFO] - Early stopping at epoch 125 (no improvement for 100 epochs)
[2026-04-08 18:27:21,216][__main__][INFO] - Results saved to: /home/nicci/GTN/outputs/gtn/mushrooms/TNML_P_rg0.005_init0.1/L3_bd12_seed32874/results.json
[2026-04-08 18:27:21,216][__main__][INFO] - ✓ Train Accuracy: 0.9917
[2026-04-08 18:27:21,216][__main__][INFO] - ✓ Val Accuracy: 0.9967
[2026-04-08 18:27:21,217][HYDRA] 	#13 : model.L=3 model.bond_dim=12 seed=47311 trainer.lr=0.005 trainer.ridge=0.005 trainer.optimizer=adamw +experiment=uci_gtn_sweep model=tnml_p dataset=mushrooms
[2026-04-08 18:27:21,296][__main__][INFO] - Configuration:
model:
  name: TNML_P
  L: 3
  bond_dim: 12
  output_site: null
  init_strength: 0.1
dataset:
  name: mushrooms
  task: classification
  cap: 50
  size: large
  batch_size: 128
slurm:
  partition: titans
  time: '24:00:00'
  mem: 2gb
  gpu_arch: Ampere
  cpus: 1
  gpu: 1
hpc:
  queue: gpuv100
  time: '24:00'
  mem: 500MB
  cpus: 4
  gpu: 1
trainer:
  type: gtn
  n_epochs: 1000
  lr: 0.005
  optimizer: adamw
  ridge: 0.005
  loss_fn: null
  patience: 100
  min_delta: 0.001
  train_selection: true
seed: 47311
experiment_name: ${model.name}_${dataset.name}_${trainer.type}_rg${trainer.ridge}_init${model.init_strength}
skip_completed: true
update_tracking: false

[2026-04-08 18:27:21,299][__main__][INFO] - Output directory: /home/nicci/GTN/outputs/gtn/mushrooms/TNML_P_rg0.005_init0.1/L3_bd12_seed47311
[2026-04-08 18:27:21,300][__main__][INFO] - Loading dataset: mushrooms
[2026-04-08 18:27:30,025][__main__][INFO] -   Samples: train=5686, val=1219, test=1219
[2026-04-08 18:27:30,025][__main__][INFO] -   Features: 51 (including bias), Task: classification
[2026-04-08 18:27:30,025][__main__][INFO] -   Device: cuda
[2026-04-08 18:27:30,026][__main__][INFO] - Creating model: TNML_P
[2026-04-08 18:28:54,321][__main__][INFO] - Early stopping at epoch 122 (no improvement for 100 epochs)
[2026-04-08 18:28:54,326][__main__][INFO] - Results saved to: /home/nicci/GTN/outputs/gtn/mushrooms/TNML_P_rg0.005_init0.1/L3_bd12_seed47311/results.json
[2026-04-08 18:28:54,327][__main__][INFO] - ✓ Train Accuracy: 0.9917
[2026-04-08 18:28:54,327][__main__][INFO] - ✓ Val Accuracy: 0.9967
[2026-04-08 18:28:54,328][HYDRA] 	#14 : model.L=3 model.bond_dim=12 seed=47303 trainer.lr=0.005 trainer.ridge=0.005 trainer.optimizer=adamw +experiment=uci_gtn_sweep model=tnml_p dataset=mushrooms
[2026-04-08 18:28:54,403][__main__][INFO] - Configuration:
model:
  name: TNML_P
  L: 3
  bond_dim: 12
  output_site: null
  init_strength: 0.1
dataset:
  name: mushrooms
  task: classification
  cap: 50
  size: large
  batch_size: 128
slurm:
  partition: titans
  time: '24:00:00'
  mem: 2gb
  gpu_arch: Ampere
  cpus: 1
  gpu: 1
hpc:
  queue: gpuv100
  time: '24:00'
  mem: 500MB
  cpus: 4
  gpu: 1
trainer:
  type: gtn
  n_epochs: 1000
  lr: 0.005
  optimizer: adamw
  ridge: 0.005
  loss_fn: null
  patience: 100
  min_delta: 0.001
  train_selection: true
seed: 47303
experiment_name: ${model.name}_${dataset.name}_${trainer.type}_rg${trainer.ridge}_init${model.init_strength}
skip_completed: true
update_tracking: false

[2026-04-08 18:28:54,404][__main__][INFO] - Output directory: /home/nicci/GTN/outputs/gtn/mushrooms/TNML_P_rg0.005_init0.1/L3_bd12_seed47303
[2026-04-08 18:28:54,404][__main__][INFO] - Loading dataset: mushrooms
[2026-04-08 18:28:59,084][__main__][INFO] -   Samples: train=5686, val=1219, test=1219
[2026-04-08 18:28:59,084][__main__][INFO] -   Features: 51 (including bias), Task: classification
[2026-04-08 18:28:59,084][__main__][INFO] -   Device: cuda
[2026-04-08 18:28:59,085][__main__][INFO] - Creating model: TNML_P
[2026-04-08 18:30:24,251][__main__][INFO] - Early stopping at epoch 120 (no improvement for 100 epochs)
[2026-04-08 18:30:24,255][__main__][INFO] - Results saved to: /home/nicci/GTN/outputs/gtn/mushrooms/TNML_P_rg0.005_init0.1/L3_bd12_seed47303/results.json
[2026-04-08 18:30:24,256][__main__][INFO] - ✓ Train Accuracy: 0.9909
[2026-04-08 18:30:24,256][__main__][INFO] - ✓ Val Accuracy: 0.9959
[2026-04-08 18:30:24,257][HYDRA] 	#15 : model.L=4 model.bond_dim=4 seed=42 trainer.lr=0.005 trainer.ridge=0.005 trainer.optimizer=adamw +experiment=uci_gtn_sweep model=tnml_p dataset=mushrooms
[2026-04-08 18:30:24,334][__main__][INFO] - Configuration:
model:
  name: TNML_P
  L: 4
  bond_dim: 4
  output_site: null
  init_strength: 0.1
dataset:
  name: mushrooms
  task: classification
  cap: 50
  size: large
  batch_size: 128
slurm:
  partition: titans
  time: '24:00:00'
  mem: 2gb
  gpu_arch: Ampere
  cpus: 1
  gpu: 1
hpc:
  queue: gpuv100
  time: '24:00'
  mem: 500MB
  cpus: 4
  gpu: 1
trainer:
  type: gtn
  n_epochs: 1000
  lr: 0.005
  optimizer: adamw
  ridge: 0.005
  loss_fn: null
  patience: 100
  min_delta: 0.001
  train_selection: true
seed: 42
experiment_name: ${model.name}_${dataset.name}_${trainer.type}_rg${trainer.ridge}_init${model.init_strength}
skip_completed: true
update_tracking: false

[2026-04-08 18:30:24,335][__main__][INFO] - Output directory: /home/nicci/GTN/outputs/gtn/mushrooms/TNML_P_rg0.005_init0.1/L4_bd4_seed42
[2026-04-08 18:30:24,335][__main__][INFO] - Loading dataset: mushrooms
[2026-04-08 18:30:26,024][__main__][INFO] -   Samples: train=5686, val=1219, test=1219
[2026-04-08 18:30:26,024][__main__][INFO] -   Features: 51 (including bias), Task: classification
[2026-04-08 18:30:26,024][__main__][INFO] -   Device: cuda
[2026-04-08 18:30:26,024][__main__][INFO] - Creating model: TNML_P
[2026-04-08 18:34:07,910][__main__][INFO] - Early stopping at epoch 260 (no improvement for 100 epochs)
[2026-04-08 18:34:07,916][__main__][INFO] - Results saved to: /home/nicci/GTN/outputs/gtn/mushrooms/TNML_P_rg0.005_init0.1/L4_bd4_seed42/results.json
[2026-04-08 18:34:07,916][__main__][INFO] - ✓ Train Accuracy: 0.9898
[2026-04-08 18:34:07,916][__main__][INFO] - ✓ Val Accuracy: 0.9951
[2026-04-08 18:34:07,917][HYDRA] 	#16 : model.L=4 model.bond_dim=4 seed=10090 trainer.lr=0.005 trainer.ridge=0.005 trainer.optimizer=adamw +experiment=uci_gtn_sweep model=tnml_p dataset=mushrooms
[2026-04-08 18:34:07,996][__main__][INFO] - Configuration:
model:
  name: TNML_P
  L: 4
  bond_dim: 4
  output_site: null
  init_strength: 0.1
dataset:
  name: mushrooms
  task: classification
  cap: 50
  size: large
  batch_size: 128
slurm:
  partition: titans
  time: '24:00:00'
  mem: 2gb
  gpu_arch: Ampere
  cpus: 1
  gpu: 1
hpc:
  queue: gpuv100
  time: '24:00'
  mem: 500MB
  cpus: 4
  gpu: 1
trainer:
  type: gtn
  n_epochs: 1000
  lr: 0.005
  optimizer: adamw
  ridge: 0.005
  loss_fn: null
  patience: 100
  min_delta: 0.001
  train_selection: true
seed: 10090
experiment_name: ${model.name}_${dataset.name}_${trainer.type}_rg${trainer.ridge}_init${model.init_strength}
skip_completed: true
update_tracking: false

[2026-04-08 18:34:07,999][__main__][INFO] - Output directory: /home/nicci/GTN/outputs/gtn/mushrooms/TNML_P_rg0.005_init0.1/L4_bd4_seed10090
[2026-04-08 18:34:07,999][__main__][INFO] - Loading dataset: mushrooms
[2026-04-08 18:34:10,897][__main__][INFO] -   Samples: train=5686, val=1219, test=1219
[2026-04-08 18:34:10,897][__main__][INFO] -   Features: 51 (including bias), Task: classification
[2026-04-08 18:34:10,897][__main__][INFO] -   Device: cuda
[2026-04-08 18:34:10,897][__main__][INFO] - Creating model: TNML_P
[2026-04-08 18:37:47,627][__main__][INFO] - Early stopping at epoch 254 (no improvement for 100 epochs)
[2026-04-08 18:37:47,633][__main__][INFO] - Results saved to: /home/nicci/GTN/outputs/gtn/mushrooms/TNML_P_rg0.005_init0.1/L4_bd4_seed10090/results.json
[2026-04-08 18:37:47,633][__main__][INFO] - ✓ Train Accuracy: 0.9909
[2026-04-08 18:37:47,633][__main__][INFO] - ✓ Val Accuracy: 0.9959
[2026-04-08 18:37:47,634][HYDRA] 	#17 : model.L=4 model.bond_dim=4 seed=32874 trainer.lr=0.005 trainer.ridge=0.005 trainer.optimizer=adamw +experiment=uci_gtn_sweep model=tnml_p dataset=mushrooms
[2026-04-08 18:37:47,708][__main__][INFO] - Configuration:
model:
  name: TNML_P
  L: 4
  bond_dim: 4
  output_site: null
  init_strength: 0.1
dataset:
  name: mushrooms
  task: classification
  cap: 50
  size: large
  batch_size: 128
slurm:
  partition: titans
  time: '24:00:00'
  mem: 2gb
  gpu_arch: Ampere
  cpus: 1
  gpu: 1
hpc:
  queue: gpuv100
  time: '24:00'
  mem: 500MB
  cpus: 4
  gpu: 1
trainer:
  type: gtn
  n_epochs: 1000
  lr: 0.005
  optimizer: adamw
  ridge: 0.005
  loss_fn: null
  patience: 100
  min_delta: 0.001
  train_selection: true
seed: 32874
experiment_name: ${model.name}_${dataset.name}_${trainer.type}_rg${trainer.ridge}_init${model.init_strength}
skip_completed: true
update_tracking: false

[2026-04-08 18:37:47,708][__main__][INFO] - Output directory: /home/nicci/GTN/outputs/gtn/mushrooms/TNML_P_rg0.005_init0.1/L4_bd4_seed32874
[2026-04-08 18:37:47,709][__main__][INFO] - Loading dataset: mushrooms
[2026-04-08 18:37:50,775][__main__][INFO] -   Samples: train=5686, val=1219, test=1219
[2026-04-08 18:37:50,775][__main__][INFO] -   Features: 51 (including bias), Task: classification
[2026-04-08 18:37:50,775][__main__][INFO] -   Device: cuda
[2026-04-08 18:37:50,776][__main__][INFO] - Creating model: TNML_P
[2026-04-08 18:40:34,709][__main__][INFO] - Early stopping at epoch 193 (no improvement for 100 epochs)
[2026-04-08 18:40:34,714][__main__][INFO] - Results saved to: /home/nicci/GTN/outputs/gtn/mushrooms/TNML_P_rg0.005_init0.1/L4_bd4_seed32874/results.json
[2026-04-08 18:40:34,714][__main__][INFO] - ✓ Train Accuracy: 0.9893
[2026-04-08 18:40:34,714][__main__][INFO] - ✓ Val Accuracy: 0.9943
[2026-04-08 18:40:34,716][HYDRA] 	#18 : model.L=4 model.bond_dim=4 seed=47311 trainer.lr=0.005 trainer.ridge=0.005 trainer.optimizer=adamw +experiment=uci_gtn_sweep model=tnml_p dataset=mushrooms
[2026-04-08 18:40:34,791][__main__][INFO] - Configuration:
model:
  name: TNML_P
  L: 4
  bond_dim: 4
  output_site: null
  init_strength: 0.1
dataset:
  name: mushrooms
  task: classification
  cap: 50
  size: large
  batch_size: 128
slurm:
  partition: titans
  time: '24:00:00'
  mem: 2gb
  gpu_arch: Ampere
  cpus: 1
  gpu: 1
hpc:
  queue: gpuv100
  time: '24:00'
  mem: 500MB
  cpus: 4
  gpu: 1
trainer:
  type: gtn
  n_epochs: 1000
  lr: 0.005
  optimizer: adamw
  ridge: 0.005
  loss_fn: null
  patience: 100
  min_delta: 0.001
  train_selection: true
seed: 47311
experiment_name: ${model.name}_${dataset.name}_${trainer.type}_rg${trainer.ridge}_init${model.init_strength}
skip_completed: true
update_tracking: false

[2026-04-08 18:40:34,791][__main__][INFO] - Output directory: /home/nicci/GTN/outputs/gtn/mushrooms/TNML_P_rg0.005_init0.1/L4_bd4_seed47311
[2026-04-08 18:40:34,792][__main__][INFO] - Loading dataset: mushrooms
[2026-04-08 18:40:38,332][__main__][INFO] -   Samples: train=5686, val=1219, test=1219
[2026-04-08 18:40:38,333][__main__][INFO] -   Features: 51 (including bias), Task: classification
[2026-04-08 18:40:38,333][__main__][INFO] -   Device: cuda
[2026-04-08 18:40:38,333][__main__][INFO] - Creating model: TNML_P
[2026-04-08 18:43:01,304][__main__][INFO] - Early stopping at epoch 168 (no improvement for 100 epochs)
[2026-04-08 18:43:01,309][__main__][INFO] - Results saved to: /home/nicci/GTN/outputs/gtn/mushrooms/TNML_P_rg0.005_init0.1/L4_bd4_seed47311/results.json
[2026-04-08 18:43:01,309][__main__][INFO] - ✓ Train Accuracy: 0.9902
[2026-04-08 18:43:01,309][__main__][INFO] - ✓ Val Accuracy: 0.9959
[2026-04-08 18:43:01,310][HYDRA] 	#19 : model.L=4 model.bond_dim=4 seed=47303 trainer.lr=0.005 trainer.ridge=0.005 trainer.optimizer=adamw +experiment=uci_gtn_sweep model=tnml_p dataset=mushrooms
[2026-04-08 18:43:01,388][__main__][INFO] - Configuration:
model:
  name: TNML_P
  L: 4
  bond_dim: 4
  output_site: null
  init_strength: 0.1
dataset:
  name: mushrooms
  task: classification
  cap: 50
  size: large
  batch_size: 128
slurm:
  partition: titans
  time: '24:00:00'
  mem: 2gb
  gpu_arch: Ampere
  cpus: 1
  gpu: 1
hpc:
  queue: gpuv100
  time: '24:00'
  mem: 500MB
  cpus: 4
  gpu: 1
trainer:
  type: gtn
  n_epochs: 1000
  lr: 0.005
  optimizer: adamw
  ridge: 0.005
  loss_fn: null
  patience: 100
  min_delta: 0.001
  train_selection: true
seed: 47303
experiment_name: ${model.name}_${dataset.name}_${trainer.type}_rg${trainer.ridge}_init${model.init_strength}
skip_completed: true
update_tracking: false

[2026-04-08 18:43:01,391][__main__][INFO] - Output directory: /home/nicci/GTN/outputs/gtn/mushrooms/TNML_P_rg0.005_init0.1/L4_bd4_seed47303
[2026-04-08 18:43:01,391][__main__][INFO] - Loading dataset: mushrooms
[2026-04-08 18:43:03,197][__main__][INFO] -   Samples: train=5686, val=1219, test=1219
[2026-04-08 18:43:03,197][__main__][INFO] -   Features: 51 (including bias), Task: classification
[2026-04-08 18:43:03,197][__main__][INFO] -   Device: cuda
[2026-04-08 18:43:03,197][__main__][INFO] - Creating model: TNML_P
[2026-04-08 18:45:01,811][__main__][INFO] - Early stopping at epoch 142 (no improvement for 100 epochs)
[2026-04-08 18:45:01,816][__main__][INFO] - Results saved to: /home/nicci/GTN/outputs/gtn/mushrooms/TNML_P_rg0.005_init0.1/L4_bd4_seed47303/results.json
[2026-04-08 18:45:01,816][__main__][INFO] - ✓ Train Accuracy: 0.9898
[2026-04-08 18:45:01,816][__main__][INFO] - ✓ Val Accuracy: 0.9951
[2026-04-08 18:45:01,818][HYDRA] 	#20 : model.L=4 model.bond_dim=8 seed=42 trainer.lr=0.005 trainer.ridge=0.005 trainer.optimizer=adamw +experiment=uci_gtn_sweep model=tnml_p dataset=mushrooms
[2026-04-08 18:45:01,893][__main__][INFO] - Configuration:
model:
  name: TNML_P
  L: 4
  bond_dim: 8
  output_site: null
  init_strength: 0.1
dataset:
  name: mushrooms
  task: classification
  cap: 50
  size: large
  batch_size: 128
slurm:
  partition: titans
  time: '24:00:00'
  mem: 2gb
  gpu_arch: Ampere
  cpus: 1
  gpu: 1
hpc:
  queue: gpuv100
  time: '24:00'
  mem: 500MB
  cpus: 4
  gpu: 1
trainer:
  type: gtn
  n_epochs: 1000
  lr: 0.005
  optimizer: adamw
  ridge: 0.005
  loss_fn: null
  patience: 100
  min_delta: 0.001
  train_selection: true
seed: 42
experiment_name: ${model.name}_${dataset.name}_${trainer.type}_rg${trainer.ridge}_init${model.init_strength}
skip_completed: true
update_tracking: false

[2026-04-08 18:45:01,894][__main__][INFO] - Output directory: /home/nicci/GTN/outputs/gtn/mushrooms/TNML_P_rg0.005_init0.1/L4_bd8_seed42
[2026-04-08 18:45:01,894][__main__][INFO] - Loading dataset: mushrooms
[2026-04-08 18:45:03,542][__main__][INFO] -   Samples: train=5686, val=1219, test=1219
[2026-04-08 18:45:03,542][__main__][INFO] -   Features: 51 (including bias), Task: classification
[2026-04-08 18:45:03,542][__main__][INFO] -   Device: cuda
[2026-04-08 18:45:03,542][__main__][INFO] - Creating model: TNML_P
[2026-04-08 18:47:40,408][__main__][INFO] - Early stopping at epoch 195 (no improvement for 100 epochs)
[2026-04-08 18:47:40,413][__main__][INFO] - Results saved to: /home/nicci/GTN/outputs/gtn/mushrooms/TNML_P_rg0.005_init0.1/L4_bd8_seed42/results.json
[2026-04-08 18:47:40,413][__main__][INFO] - ✓ Train Accuracy: 0.9898
[2026-04-08 18:47:40,413][__main__][INFO] - ✓ Val Accuracy: 0.9951
[2026-04-08 18:47:40,414][HYDRA] 	#21 : model.L=4 model.bond_dim=8 seed=10090 trainer.lr=0.005 trainer.ridge=0.005 trainer.optimizer=adamw +experiment=uci_gtn_sweep model=tnml_p dataset=mushrooms
[2026-04-08 18:47:40,490][__main__][INFO] - Configuration:
model:
  name: TNML_P
  L: 4
  bond_dim: 8
  output_site: null
  init_strength: 0.1
dataset:
  name: mushrooms
  task: classification
  cap: 50
  size: large
  batch_size: 128
slurm:
  partition: titans
  time: '24:00:00'
  mem: 2gb
  gpu_arch: Ampere
  cpus: 1
  gpu: 1
hpc:
  queue: gpuv100
  time: '24:00'
  mem: 500MB
  cpus: 4
  gpu: 1
trainer:
  type: gtn
  n_epochs: 1000
  lr: 0.005
  optimizer: adamw
  ridge: 0.005
  loss_fn: null
  patience: 100
  min_delta: 0.001
  train_selection: true
seed: 10090
experiment_name: ${model.name}_${dataset.name}_${trainer.type}_rg${trainer.ridge}_init${model.init_strength}
skip_completed: true
update_tracking: false

[2026-04-08 18:47:40,491][__main__][INFO] - Output directory: /home/nicci/GTN/outputs/gtn/mushrooms/TNML_P_rg0.005_init0.1/L4_bd8_seed10090
[2026-04-08 18:47:40,491][__main__][INFO] - Loading dataset: mushrooms
[2026-04-08 18:47:42,142][__main__][INFO] -   Samples: train=5686, val=1219, test=1219
[2026-04-08 18:47:42,142][__main__][INFO] -   Features: 51 (including bias), Task: classification
[2026-04-08 18:47:42,142][__main__][INFO] -   Device: cuda
[2026-04-08 18:47:42,142][__main__][INFO] - Creating model: TNML_P
[2026-04-08 18:49:39,762][__main__][INFO] - Early stopping at epoch 147 (no improvement for 100 epochs)
[2026-04-08 18:49:39,767][__main__][INFO] - Results saved to: /home/nicci/GTN/outputs/gtn/mushrooms/TNML_P_rg0.005_init0.1/L4_bd8_seed10090/results.json
[2026-04-08 18:49:39,767][__main__][INFO] - ✓ Train Accuracy: 0.9909
[2026-04-08 18:49:39,767][__main__][INFO] - ✓ Val Accuracy: 0.9959
[2026-04-08 18:49:39,768][HYDRA] 	#22 : model.L=4 model.bond_dim=8 seed=32874 trainer.lr=0.005 trainer.ridge=0.005 trainer.optimizer=adamw +experiment=uci_gtn_sweep model=tnml_p dataset=mushrooms
[2026-04-08 18:49:39,846][__main__][INFO] - Configuration:
model:
  name: TNML_P
  L: 4
  bond_dim: 8
  output_site: null
  init_strength: 0.1
dataset:
  name: mushrooms
  task: classification
  cap: 50
  size: large
  batch_size: 128
slurm:
  partition: titans
  time: '24:00:00'
  mem: 2gb
  gpu_arch: Ampere
  cpus: 1
  gpu: 1
hpc:
  queue: gpuv100
  time: '24:00'
  mem: 500MB
  cpus: 4
  gpu: 1
trainer:
  type: gtn
  n_epochs: 1000
  lr: 0.005
  optimizer: adamw
  ridge: 0.005
  loss_fn: null
  patience: 100
  min_delta: 0.001
  train_selection: true
seed: 32874
experiment_name: ${model.name}_${dataset.name}_${trainer.type}_rg${trainer.ridge}_init${model.init_strength}
skip_completed: true
update_tracking: false

[2026-04-08 18:49:39,848][__main__][INFO] - Output directory: /home/nicci/GTN/outputs/gtn/mushrooms/TNML_P_rg0.005_init0.1/L4_bd8_seed32874
[2026-04-08 18:49:39,849][__main__][INFO] - Loading dataset: mushrooms
[2026-04-08 18:49:46,510][__main__][INFO] -   Samples: train=5686, val=1219, test=1219
[2026-04-08 18:49:46,510][__main__][INFO] -   Features: 51 (including bias), Task: classification
[2026-04-08 18:49:46,510][__main__][INFO] -   Device: cuda
[2026-04-08 18:49:46,510][__main__][INFO] - Creating model: TNML_P
[2026-04-08 18:53:09,606][__main__][INFO] - Early stopping at epoch 263 (no improvement for 100 epochs)
[2026-04-08 18:53:09,612][__main__][INFO] - Results saved to: /home/nicci/GTN/outputs/gtn/mushrooms/TNML_P_rg0.005_init0.1/L4_bd8_seed32874/results.json
[2026-04-08 18:53:09,612][__main__][INFO] - ✓ Train Accuracy: 0.9896
[2026-04-08 18:53:09,612][__main__][INFO] - ✓ Val Accuracy: 0.9934
[2026-04-08 18:53:09,613][HYDRA] 	#23 : model.L=4 model.bond_dim=8 seed=47311 trainer.lr=0.005 trainer.ridge=0.005 trainer.optimizer=adamw +experiment=uci_gtn_sweep model=tnml_p dataset=mushrooms
[2026-04-08 18:53:09,690][__main__][INFO] - Configuration:
model:
  name: TNML_P
  L: 4
  bond_dim: 8
  output_site: null
  init_strength: 0.1
dataset:
  name: mushrooms
  task: classification
  cap: 50
  size: large
  batch_size: 128
slurm:
  partition: titans
  time: '24:00:00'
  mem: 2gb
  gpu_arch: Ampere
  cpus: 1
  gpu: 1
hpc:
  queue: gpuv100
  time: '24:00'
  mem: 500MB
  cpus: 4
  gpu: 1
trainer:
  type: gtn
  n_epochs: 1000
  lr: 0.005
  optimizer: adamw
  ridge: 0.005
  loss_fn: null
  patience: 100
  min_delta: 0.001
  train_selection: true
seed: 47311
experiment_name: ${model.name}_${dataset.name}_${trainer.type}_rg${trainer.ridge}_init${model.init_strength}
skip_completed: true
update_tracking: false

[2026-04-08 18:53:09,693][__main__][INFO] - Output directory: /home/nicci/GTN/outputs/gtn/mushrooms/TNML_P_rg0.005_init0.1/L4_bd8_seed47311
[2026-04-08 18:53:09,693][__main__][INFO] - Loading dataset: mushrooms
[2026-04-08 18:53:11,490][__main__][INFO] -   Samples: train=5686, val=1219, test=1219
[2026-04-08 18:53:11,490][__main__][INFO] -   Features: 51 (including bias), Task: classification
[2026-04-08 18:53:11,490][__main__][INFO] -   Device: cuda
[2026-04-08 18:53:11,490][__main__][INFO] - Creating model: TNML_P
[2026-04-08 18:55:29,793][__main__][INFO] - Early stopping at epoch 180 (no improvement for 100 epochs)
[2026-04-08 18:55:29,798][__main__][INFO] - Results saved to: /home/nicci/GTN/outputs/gtn/mushrooms/TNML_P_rg0.005_init0.1/L4_bd8_seed47311/results.json
[2026-04-08 18:55:29,798][__main__][INFO] - ✓ Train Accuracy: 0.9917
[2026-04-08 18:55:29,798][__main__][INFO] - ✓ Val Accuracy: 0.9967
[2026-04-08 18:55:29,799][HYDRA] 	#24 : model.L=4 model.bond_dim=8 seed=47303 trainer.lr=0.005 trainer.ridge=0.005 trainer.optimizer=adamw +experiment=uci_gtn_sweep model=tnml_p dataset=mushrooms
[2026-04-08 18:55:29,873][__main__][INFO] - Configuration:
model:
  name: TNML_P
  L: 4
  bond_dim: 8
  output_site: null
  init_strength: 0.1
dataset:
  name: mushrooms
  task: classification
  cap: 50
  size: large
  batch_size: 128
slurm:
  partition: titans
  time: '24:00:00'
  mem: 2gb
  gpu_arch: Ampere
  cpus: 1
  gpu: 1
hpc:
  queue: gpuv100
  time: '24:00'
  mem: 500MB
  cpus: 4
  gpu: 1
trainer:
  type: gtn
  n_epochs: 1000
  lr: 0.005
  optimizer: adamw
  ridge: 0.005
  loss_fn: null
  patience: 100
  min_delta: 0.001
  train_selection: true
seed: 47303
experiment_name: ${model.name}_${dataset.name}_${trainer.type}_rg${trainer.ridge}_init${model.init_strength}
skip_completed: true
update_tracking: false

[2026-04-08 18:55:29,874][__main__][INFO] - Output directory: /home/nicci/GTN/outputs/gtn/mushrooms/TNML_P_rg0.005_init0.1/L4_bd8_seed47303
[2026-04-08 18:55:29,874][__main__][INFO] - Loading dataset: mushrooms
[2026-04-08 18:55:31,673][__main__][INFO] -   Samples: train=5686, val=1219, test=1219
[2026-04-08 18:55:31,673][__main__][INFO] -   Features: 51 (including bias), Task: classification
[2026-04-08 18:55:31,673][__main__][INFO] -   Device: cuda
[2026-04-08 18:55:31,674][__main__][INFO] - Creating model: TNML_P
[2026-04-08 18:57:56,160][__main__][INFO] - Early stopping at epoch 189 (no improvement for 100 epochs)
[2026-04-08 18:57:56,165][__main__][INFO] - Results saved to: /home/nicci/GTN/outputs/gtn/mushrooms/TNML_P_rg0.005_init0.1/L4_bd8_seed47303/results.json
[2026-04-08 18:57:56,165][__main__][INFO] - ✓ Train Accuracy: 0.9909
[2026-04-08 18:57:56,166][__main__][INFO] - ✓ Val Accuracy: 0.9959
[2026-04-08 18:57:56,167][HYDRA] 	#25 : model.L=4 model.bond_dim=12 seed=42 trainer.lr=0.005 trainer.ridge=0.005 trainer.optimizer=adamw +experiment=uci_gtn_sweep model=tnml_p dataset=mushrooms
[2026-04-08 18:57:56,245][__main__][INFO] - Configuration:
model:
  name: TNML_P
  L: 4
  bond_dim: 12
  output_site: null
  init_strength: 0.1
dataset:
  name: mushrooms
  task: classification
  cap: 50
  size: large
  batch_size: 128
slurm:
  partition: titans
  time: '24:00:00'
  mem: 2gb
  gpu_arch: Ampere
  cpus: 1
  gpu: 1
hpc:
  queue: gpuv100
  time: '24:00'
  mem: 500MB
  cpus: 4
  gpu: 1
trainer:
  type: gtn
  n_epochs: 1000
  lr: 0.005
  optimizer: adamw
  ridge: 0.005
  loss_fn: null
  patience: 100
  min_delta: 0.001
  train_selection: true
seed: 42
experiment_name: ${model.name}_${dataset.name}_${trainer.type}_rg${trainer.ridge}_init${model.init_strength}
skip_completed: true
update_tracking: false

[2026-04-08 18:57:56,248][__main__][INFO] - Output directory: /home/nicci/GTN/outputs/gtn/mushrooms/TNML_P_rg0.005_init0.1/L4_bd12_seed42
[2026-04-08 18:57:56,249][__main__][INFO] - Loading dataset: mushrooms
[2026-04-08 18:57:59,501][__main__][INFO] -   Samples: train=5686, val=1219, test=1219
[2026-04-08 18:57:59,502][__main__][INFO] -   Features: 51 (including bias), Task: classification
[2026-04-08 18:57:59,502][__main__][INFO] -   Device: cuda
[2026-04-08 18:57:59,502][__main__][INFO] - Creating model: TNML_P
[2026-04-08 18:59:57,138][__main__][INFO] - Early stopping at epoch 149 (no improvement for 100 epochs)
[2026-04-08 18:59:57,143][__main__][INFO] - Results saved to: /home/nicci/GTN/outputs/gtn/mushrooms/TNML_P_rg0.005_init0.1/L4_bd12_seed42/results.json
[2026-04-08 18:59:57,143][__main__][INFO] - ✓ Train Accuracy: 0.9898
[2026-04-08 18:59:57,143][__main__][INFO] - ✓ Val Accuracy: 0.9951
[2026-04-08 18:59:57,144][HYDRA] 	#26 : model.L=4 model.bond_dim=12 seed=10090 trainer.lr=0.005 trainer.ridge=0.005 trainer.optimizer=adamw +experiment=uci_gtn_sweep model=tnml_p dataset=mushrooms
[2026-04-08 18:59:57,222][__main__][INFO] - Configuration:
model:
  name: TNML_P
  L: 4
  bond_dim: 12
  output_site: null
  init_strength: 0.1
dataset:
  name: mushrooms
  task: classification
  cap: 50
  size: large
  batch_size: 128
slurm:
  partition: titans
  time: '24:00:00'
  mem: 2gb
  gpu_arch: Ampere
  cpus: 1
  gpu: 1
hpc:
  queue: gpuv100
  time: '24:00'
  mem: 500MB
  cpus: 4
  gpu: 1
trainer:
  type: gtn
  n_epochs: 1000
  lr: 0.005
  optimizer: adamw
  ridge: 0.005
  loss_fn: null
  patience: 100
  min_delta: 0.001
  train_selection: true
seed: 10090
experiment_name: ${model.name}_${dataset.name}_${trainer.type}_rg${trainer.ridge}_init${model.init_strength}
skip_completed: true
update_tracking: false

[2026-04-08 18:59:57,225][__main__][INFO] - Output directory: /home/nicci/GTN/outputs/gtn/mushrooms/TNML_P_rg0.005_init0.1/L4_bd12_seed10090
[2026-04-08 18:59:57,225][__main__][INFO] - Loading dataset: mushrooms
[2026-04-08 18:59:59,966][__main__][INFO] -   Samples: train=5686, val=1219, test=1219
[2026-04-08 18:59:59,966][__main__][INFO] -   Features: 51 (including bias), Task: classification
[2026-04-08 18:59:59,966][__main__][INFO] -   Device: cuda
[2026-04-08 18:59:59,966][__main__][INFO] - Creating model: TNML_P
[2026-04-08 19:02:14,752][__main__][INFO] - Early stopping at epoch 171 (no improvement for 100 epochs)
[2026-04-08 19:02:14,757][__main__][INFO] - Results saved to: /home/nicci/GTN/outputs/gtn/mushrooms/TNML_P_rg0.005_init0.1/L4_bd12_seed10090/results.json
[2026-04-08 19:02:14,757][__main__][INFO] - ✓ Train Accuracy: 0.9917
[2026-04-08 19:02:14,757][__main__][INFO] - ✓ Val Accuracy: 0.9967
[2026-04-08 19:02:14,758][HYDRA] 	#27 : model.L=4 model.bond_dim=12 seed=32874 trainer.lr=0.005 trainer.ridge=0.005 trainer.optimizer=adamw +experiment=uci_gtn_sweep model=tnml_p dataset=mushrooms
[2026-04-08 19:02:14,833][__main__][INFO] - Configuration:
model:
  name: TNML_P
  L: 4
  bond_dim: 12
  output_site: null
  init_strength: 0.1
dataset:
  name: mushrooms
  task: classification
  cap: 50
  size: large
  batch_size: 128
slurm:
  partition: titans
  time: '24:00:00'
  mem: 2gb
  gpu_arch: Ampere
  cpus: 1
  gpu: 1
hpc:
  queue: gpuv100
  time: '24:00'
  mem: 500MB
  cpus: 4
  gpu: 1
trainer:
  type: gtn
  n_epochs: 1000
  lr: 0.005
  optimizer: adamw
  ridge: 0.005
  loss_fn: null
  patience: 100
  min_delta: 0.001
  train_selection: true
seed: 32874
experiment_name: ${model.name}_${dataset.name}_${trainer.type}_rg${trainer.ridge}_init${model.init_strength}
skip_completed: true
update_tracking: false

[2026-04-08 19:02:14,834][__main__][INFO] - Output directory: /home/nicci/GTN/outputs/gtn/mushrooms/TNML_P_rg0.005_init0.1/L4_bd12_seed32874
[2026-04-08 19:02:14,834][__main__][INFO] - Loading dataset: mushrooms
[2026-04-08 19:02:17,571][__main__][INFO] -   Samples: train=5686, val=1219, test=1219
[2026-04-08 19:02:17,571][__main__][INFO] -   Features: 51 (including bias), Task: classification
[2026-04-08 19:02:17,571][__main__][INFO] -   Device: cuda
[2026-04-08 19:02:17,572][__main__][INFO] - Creating model: TNML_P
[2026-04-08 19:03:49,281][__main__][INFO] - Early stopping at epoch 117 (no improvement for 100 epochs)
[2026-04-08 19:03:49,285][__main__][INFO] - Results saved to: /home/nicci/GTN/outputs/gtn/mushrooms/TNML_P_rg0.005_init0.1/L4_bd12_seed32874/results.json
[2026-04-08 19:03:49,286][__main__][INFO] - ✓ Train Accuracy: 0.9914
[2026-04-08 19:03:49,286][__main__][INFO] - ✓ Val Accuracy: 0.9959
[2026-04-08 19:03:49,287][HYDRA] 	#28 : model.L=4 model.bond_dim=12 seed=47311 trainer.lr=0.005 trainer.ridge=0.005 trainer.optimizer=adamw +experiment=uci_gtn_sweep model=tnml_p dataset=mushrooms
[2026-04-08 19:03:49,365][__main__][INFO] - Configuration:
model:
  name: TNML_P
  L: 4
  bond_dim: 12
  output_site: null
  init_strength: 0.1
dataset:
  name: mushrooms
  task: classification
  cap: 50
  size: large
  batch_size: 128
slurm:
  partition: titans
  time: '24:00:00'
  mem: 2gb
  gpu_arch: Ampere
  cpus: 1
  gpu: 1
hpc:
  queue: gpuv100
  time: '24:00'
  mem: 500MB
  cpus: 4
  gpu: 1
trainer:
  type: gtn
  n_epochs: 1000
  lr: 0.005
  optimizer: adamw
  ridge: 0.005
  loss_fn: null
  patience: 100
  min_delta: 0.001
  train_selection: true
seed: 47311
experiment_name: ${model.name}_${dataset.name}_${trainer.type}_rg${trainer.ridge}_init${model.init_strength}
skip_completed: true
update_tracking: false

[2026-04-08 19:03:49,367][__main__][INFO] - Output directory: /home/nicci/GTN/outputs/gtn/mushrooms/TNML_P_rg0.005_init0.1/L4_bd12_seed47311
[2026-04-08 19:03:49,368][__main__][INFO] - Loading dataset: mushrooms
[2026-04-08 19:03:52,555][__main__][INFO] -   Samples: train=5686, val=1219, test=1219
[2026-04-08 19:03:52,555][__main__][INFO] -   Features: 51 (including bias), Task: classification
[2026-04-08 19:03:52,555][__main__][INFO] -   Device: cuda
[2026-04-08 19:03:52,555][__main__][INFO] - Creating model: TNML_P
[2026-04-08 19:06:01,435][__main__][INFO] - Early stopping at epoch 164 (no improvement for 100 epochs)
[2026-04-08 19:06:01,441][__main__][INFO] - Results saved to: /home/nicci/GTN/outputs/gtn/mushrooms/TNML_P_rg0.005_init0.1/L4_bd12_seed47311/results.json
[2026-04-08 19:06:01,441][__main__][INFO] - ✓ Train Accuracy: 0.9907
[2026-04-08 19:06:01,441][__main__][INFO] - ✓ Val Accuracy: 0.9959
[2026-04-08 19:06:01,442][HYDRA] 	#29 : model.L=4 model.bond_dim=12 seed=47303 trainer.lr=0.005 trainer.ridge=0.005 trainer.optimizer=adamw +experiment=uci_gtn_sweep model=tnml_p dataset=mushrooms
[2026-04-08 19:06:01,520][__main__][INFO] - Configuration:
model:
  name: TNML_P
  L: 4
  bond_dim: 12
  output_site: null
  init_strength: 0.1
dataset:
  name: mushrooms
  task: classification
  cap: 50
  size: large
  batch_size: 128
slurm:
  partition: titans
  time: '24:00:00'
  mem: 2gb
  gpu_arch: Ampere
  cpus: 1
  gpu: 1
hpc:
  queue: gpuv100
  time: '24:00'
  mem: 500MB
  cpus: 4
  gpu: 1
trainer:
  type: gtn
  n_epochs: 1000
  lr: 0.005
  optimizer: adamw
  ridge: 0.005
  loss_fn: null
  patience: 100
  min_delta: 0.001
  train_selection: true
seed: 47303
experiment_name: ${model.name}_${dataset.name}_${trainer.type}_rg${trainer.ridge}_init${model.init_strength}
skip_completed: true
update_tracking: false

[2026-04-08 19:06:01,524][__main__][INFO] - Output directory: /home/nicci/GTN/outputs/gtn/mushrooms/TNML_P_rg0.005_init0.1/L4_bd12_seed47303
[2026-04-08 19:06:01,524][__main__][INFO] - Loading dataset: mushrooms
[2026-04-08 19:06:08,728][__main__][INFO] -   Samples: train=5686, val=1219, test=1219
[2026-04-08 19:06:08,728][__main__][INFO] -   Features: 51 (including bias), Task: classification
[2026-04-08 19:06:08,728][__main__][INFO] -   Device: cuda
[2026-04-08 19:06:08,728][__main__][INFO] - Creating model: TNML_P
[2026-04-08 19:07:46,755][__main__][INFO] - Early stopping at epoch 126 (no improvement for 100 epochs)
[2026-04-08 19:07:46,760][__main__][INFO] - Results saved to: /home/nicci/GTN/outputs/gtn/mushrooms/TNML_P_rg0.005_init0.1/L4_bd12_seed47303/results.json
[2026-04-08 19:07:46,760][__main__][INFO] - ✓ Train Accuracy: 0.9917
[2026-04-08 19:07:46,760][__main__][INFO] - ✓ Val Accuracy: 0.9967
Done: 2026-04-08-19:07:47
