Node: comp-gpu01
Array Job ID: 410318, Task ID: 3
Start: 2026-04-08-17:46:01
Running: model=tnml_f dataset=obesity
[2026-04-08 17:46:12,526][HYDRA] Launching 30 jobs locally
[2026-04-08 17:46:12,527][HYDRA] 	#0 : model.L=3 model.bond_dim=4 seed=42 trainer.lr=0.005 trainer.ridge=0.005 trainer.optimizer=adamw +experiment=uci_gtn_sweep model=tnml_f dataset=obesity
[2026-04-08 17:46:12,681][__main__][INFO] - Configuration:
model:
  name: TNML_F
  L: 3
  bond_dim: 4
  output_site: null
  init_strength: 0.1
dataset:
  name: obesity
  task: regression
  cap: 50
  size: medium
  batch_size: 256
slurm:
  partition: titans
  time: '12:00:00'
  mem: 2gb
  gpu_arch: Ampere
  cpus: 1
  gpu: 1
hpc:
  queue: gpuv100
  time: '12:00'
  mem: 500MB
  cpus: 4
  gpu: 1
trainer:
  type: gtn
  n_epochs: 1000
  lr: 0.005
  optimizer: adamw
  ridge: 0.005
  loss_fn: null
  patience: 100
  min_delta: 0.001
  train_selection: true
seed: 42
experiment_name: ${model.name}_${dataset.name}_${trainer.type}_rg${trainer.ridge}_init${model.init_strength}
skip_completed: true
update_tracking: false

[2026-04-08 17:46:12,687][__main__][INFO] - Output directory: /home/nicci/GTN/outputs/gtn/obesity/TNML_F_rg0.005_init0.1/L3_bd4_seed42
[2026-04-08 17:46:12,756][utils.tracking][INFO] - Loaded 14884 tracked runs from runs_tracking.csv
[2026-04-08 17:46:12,758][__main__][INFO] - Loading dataset: obesity
[2026-04-08 17:46:20,435][__main__][INFO] -   Samples: train=1477, val=317, test=317
[2026-04-08 17:46:20,435][__main__][INFO] -   Features: 40 (including bias), Task: regression
[2026-04-08 17:46:20,435][__main__][INFO] -   Device: cuda
[2026-04-08 17:46:20,436][__main__][INFO] - Creating model: TNML_F
[2026-04-08 17:46:52,969][__main__][INFO] - Early stopping at epoch 129 (no improvement for 100 epochs)
[2026-04-08 17:46:52,976][__main__][INFO] - Results saved to: /home/nicci/GTN/outputs/gtn/obesity/TNML_F_rg0.005_init0.1/L3_bd4_seed42/results.json
[2026-04-08 17:46:52,976][__main__][INFO] - ✓ Train R²: -1.6103
[2026-04-08 17:46:52,976][__main__][INFO] - ✓ Val R²: -2.0693
[2026-04-08 17:46:52,978][HYDRA] 	#1 : model.L=3 model.bond_dim=4 seed=10090 trainer.lr=0.005 trainer.ridge=0.005 trainer.optimizer=adamw +experiment=uci_gtn_sweep model=tnml_f dataset=obesity
[2026-04-08 17:46:53,135][__main__][INFO] - Configuration:
model:
  name: TNML_F
  L: 3
  bond_dim: 4
  output_site: null
  init_strength: 0.1
dataset:
  name: obesity
  task: regression
  cap: 50
  size: medium
  batch_size: 256
slurm:
  partition: titans
  time: '12:00:00'
  mem: 2gb
  gpu_arch: Ampere
  cpus: 1
  gpu: 1
hpc:
  queue: gpuv100
  time: '12:00'
  mem: 500MB
  cpus: 4
  gpu: 1
trainer:
  type: gtn
  n_epochs: 1000
  lr: 0.005
  optimizer: adamw
  ridge: 0.005
  loss_fn: null
  patience: 100
  min_delta: 0.001
  train_selection: true
seed: 10090
experiment_name: ${model.name}_${dataset.name}_${trainer.type}_rg${trainer.ridge}_init${model.init_strength}
skip_completed: true
update_tracking: false

[2026-04-08 17:46:53,138][__main__][INFO] - Output directory: /home/nicci/GTN/outputs/gtn/obesity/TNML_F_rg0.005_init0.1/L3_bd4_seed10090
[2026-04-08 17:46:53,138][__main__][INFO] - Loading dataset: obesity
[2026-04-08 17:46:55,421][__main__][INFO] -   Samples: train=1477, val=317, test=317
[2026-04-08 17:46:55,421][__main__][INFO] -   Features: 40 (including bias), Task: regression
[2026-04-08 17:46:55,421][__main__][INFO] -   Device: cuda
[2026-04-08 17:46:55,421][__main__][INFO] - Creating model: TNML_F
[2026-04-08 17:47:21,344][__main__][INFO] - Early stopping at epoch 117 (no improvement for 100 epochs)
[2026-04-08 17:47:21,350][__main__][INFO] - Results saved to: /home/nicci/GTN/outputs/gtn/obesity/TNML_F_rg0.005_init0.1/L3_bd4_seed10090/results.json
[2026-04-08 17:47:21,350][__main__][INFO] - ✓ Train R²: -1.9365
[2026-04-08 17:47:21,350][__main__][INFO] - ✓ Val R²: -2.1703
[2026-04-08 17:47:21,352][HYDRA] 	#2 : model.L=3 model.bond_dim=4 seed=32874 trainer.lr=0.005 trainer.ridge=0.005 trainer.optimizer=adamw +experiment=uci_gtn_sweep model=tnml_f dataset=obesity
[2026-04-08 17:47:21,501][__main__][INFO] - Configuration:
model:
  name: TNML_F
  L: 3
  bond_dim: 4
  output_site: null
  init_strength: 0.1
dataset:
  name: obesity
  task: regression
  cap: 50
  size: medium
  batch_size: 256
slurm:
  partition: titans
  time: '12:00:00'
  mem: 2gb
  gpu_arch: Ampere
  cpus: 1
  gpu: 1
hpc:
  queue: gpuv100
  time: '12:00'
  mem: 500MB
  cpus: 4
  gpu: 1
trainer:
  type: gtn
  n_epochs: 1000
  lr: 0.005
  optimizer: adamw
  ridge: 0.005
  loss_fn: null
  patience: 100
  min_delta: 0.001
  train_selection: true
seed: 32874
experiment_name: ${model.name}_${dataset.name}_${trainer.type}_rg${trainer.ridge}_init${model.init_strength}
skip_completed: true
update_tracking: false

[2026-04-08 17:47:21,504][__main__][INFO] - Output directory: /home/nicci/GTN/outputs/gtn/obesity/TNML_F_rg0.005_init0.1/L3_bd4_seed32874
[2026-04-08 17:47:21,505][__main__][INFO] - Loading dataset: obesity
[2026-04-08 17:47:24,665][__main__][INFO] -   Samples: train=1477, val=317, test=317
[2026-04-08 17:47:24,666][__main__][INFO] -   Features: 40 (including bias), Task: regression
[2026-04-08 17:47:24,666][__main__][INFO] -   Device: cuda
[2026-04-08 17:47:24,666][__main__][INFO] - Creating model: TNML_F
[2026-04-08 17:47:51,451][__main__][INFO] - Early stopping at epoch 123 (no improvement for 100 epochs)
[2026-04-08 17:47:51,457][__main__][INFO] - Results saved to: /home/nicci/GTN/outputs/gtn/obesity/TNML_F_rg0.005_init0.1/L3_bd4_seed32874/results.json
[2026-04-08 17:47:51,457][__main__][INFO] - ✓ Train R²: -1.6985
[2026-04-08 17:47:51,457][__main__][INFO] - ✓ Val R²: -2.2665
[2026-04-08 17:47:51,458][HYDRA] 	#3 : model.L=3 model.bond_dim=4 seed=47311 trainer.lr=0.005 trainer.ridge=0.005 trainer.optimizer=adamw +experiment=uci_gtn_sweep model=tnml_f dataset=obesity
[2026-04-08 17:47:51,612][__main__][INFO] - Configuration:
model:
  name: TNML_F
  L: 3
  bond_dim: 4
  output_site: null
  init_strength: 0.1
dataset:
  name: obesity
  task: regression
  cap: 50
  size: medium
  batch_size: 256
slurm:
  partition: titans
  time: '12:00:00'
  mem: 2gb
  gpu_arch: Ampere
  cpus: 1
  gpu: 1
hpc:
  queue: gpuv100
  time: '12:00'
  mem: 500MB
  cpus: 4
  gpu: 1
trainer:
  type: gtn
  n_epochs: 1000
  lr: 0.005
  optimizer: adamw
  ridge: 0.005
  loss_fn: null
  patience: 100
  min_delta: 0.001
  train_selection: true
seed: 47311
experiment_name: ${model.name}_${dataset.name}_${trainer.type}_rg${trainer.ridge}_init${model.init_strength}
skip_completed: true
update_tracking: false

[2026-04-08 17:47:51,613][__main__][INFO] - Output directory: /home/nicci/GTN/outputs/gtn/obesity/TNML_F_rg0.005_init0.1/L3_bd4_seed47311
[2026-04-08 17:47:51,614][__main__][INFO] - Loading dataset: obesity
[2026-04-08 17:47:53,968][__main__][INFO] -   Samples: train=1477, val=317, test=317
[2026-04-08 17:47:53,968][__main__][INFO] -   Features: 40 (including bias), Task: regression
[2026-04-08 17:47:53,968][__main__][INFO] -   Device: cuda
[2026-04-08 17:47:53,968][__main__][INFO] - Creating model: TNML_F
[2026-04-08 17:48:17,425][__main__][INFO] - Early stopping at epoch 107 (no improvement for 100 epochs)
[2026-04-08 17:48:17,431][__main__][INFO] - Results saved to: /home/nicci/GTN/outputs/gtn/obesity/TNML_F_rg0.005_init0.1/L3_bd4_seed47311/results.json
[2026-04-08 17:48:17,431][__main__][INFO] - ✓ Train R²: -2.4012
[2026-04-08 17:48:17,431][__main__][INFO] - ✓ Val R²: -2.4876
[2026-04-08 17:48:17,433][HYDRA] 	#4 : model.L=3 model.bond_dim=4 seed=47303 trainer.lr=0.005 trainer.ridge=0.005 trainer.optimizer=adamw +experiment=uci_gtn_sweep model=tnml_f dataset=obesity
[2026-04-08 17:48:17,579][__main__][INFO] - Configuration:
model:
  name: TNML_F
  L: 3
  bond_dim: 4
  output_site: null
  init_strength: 0.1
dataset:
  name: obesity
  task: regression
  cap: 50
  size: medium
  batch_size: 256
slurm:
  partition: titans
  time: '12:00:00'
  mem: 2gb
  gpu_arch: Ampere
  cpus: 1
  gpu: 1
hpc:
  queue: gpuv100
  time: '12:00'
  mem: 500MB
  cpus: 4
  gpu: 1
trainer:
  type: gtn
  n_epochs: 1000
  lr: 0.005
  optimizer: adamw
  ridge: 0.005
  loss_fn: null
  patience: 100
  min_delta: 0.001
  train_selection: true
seed: 47303
experiment_name: ${model.name}_${dataset.name}_${trainer.type}_rg${trainer.ridge}_init${model.init_strength}
skip_completed: true
update_tracking: false

[2026-04-08 17:48:17,580][__main__][INFO] - Output directory: /home/nicci/GTN/outputs/gtn/obesity/TNML_F_rg0.005_init0.1/L3_bd4_seed47303
[2026-04-08 17:48:17,581][__main__][INFO] - Loading dataset: obesity
[2026-04-08 17:48:20,991][__main__][INFO] -   Samples: train=1477, val=317, test=317
[2026-04-08 17:48:20,991][__main__][INFO] -   Features: 40 (including bias), Task: regression
[2026-04-08 17:48:20,991][__main__][INFO] -   Device: cuda
[2026-04-08 17:48:20,991][__main__][INFO] - Creating model: TNML_F
[2026-04-08 17:48:56,168][__main__][INFO] - Early stopping at epoch 162 (no improvement for 100 epochs)
[2026-04-08 17:48:56,175][__main__][INFO] - Results saved to: /home/nicci/GTN/outputs/gtn/obesity/TNML_F_rg0.005_init0.1/L3_bd4_seed47303/results.json
[2026-04-08 17:48:56,175][__main__][INFO] - ✓ Train R²: -1.4739
[2026-04-08 17:48:56,175][__main__][INFO] - ✓ Val R²: -2.3583
[2026-04-08 17:48:56,176][HYDRA] 	#5 : model.L=3 model.bond_dim=8 seed=42 trainer.lr=0.005 trainer.ridge=0.005 trainer.optimizer=adamw +experiment=uci_gtn_sweep model=tnml_f dataset=obesity
[2026-04-08 17:48:56,332][__main__][INFO] - Configuration:
model:
  name: TNML_F
  L: 3
  bond_dim: 8
  output_site: null
  init_strength: 0.1
dataset:
  name: obesity
  task: regression
  cap: 50
  size: medium
  batch_size: 256
slurm:
  partition: titans
  time: '12:00:00'
  mem: 2gb
  gpu_arch: Ampere
  cpus: 1
  gpu: 1
hpc:
  queue: gpuv100
  time: '12:00'
  mem: 500MB
  cpus: 4
  gpu: 1
trainer:
  type: gtn
  n_epochs: 1000
  lr: 0.005
  optimizer: adamw
  ridge: 0.005
  loss_fn: null
  patience: 100
  min_delta: 0.001
  train_selection: true
seed: 42
experiment_name: ${model.name}_${dataset.name}_${trainer.type}_rg${trainer.ridge}_init${model.init_strength}
skip_completed: true
update_tracking: false

[2026-04-08 17:48:56,335][__main__][INFO] - Output directory: /home/nicci/GTN/outputs/gtn/obesity/TNML_F_rg0.005_init0.1/L3_bd8_seed42
[2026-04-08 17:48:56,335][__main__][INFO] - Loading dataset: obesity
[2026-04-08 17:48:59,514][__main__][INFO] -   Samples: train=1477, val=317, test=317
[2026-04-08 17:48:59,515][__main__][INFO] -   Features: 40 (including bias), Task: regression
[2026-04-08 17:48:59,515][__main__][INFO] -   Device: cuda
[2026-04-08 17:48:59,515][__main__][INFO] - Creating model: TNML_F
[2026-04-08 17:49:31,308][__main__][INFO] - Early stopping at epoch 142 (no improvement for 100 epochs)
[2026-04-08 17:49:31,314][__main__][INFO] - Results saved to: /home/nicci/GTN/outputs/gtn/obesity/TNML_F_rg0.005_init0.1/L3_bd8_seed42/results.json
[2026-04-08 17:49:31,314][__main__][INFO] - ✓ Train R²: -0.8808
[2026-04-08 17:49:31,314][__main__][INFO] - ✓ Val R²: -2.2689
[2026-04-08 17:49:31,316][HYDRA] 	#6 : model.L=3 model.bond_dim=8 seed=10090 trainer.lr=0.005 trainer.ridge=0.005 trainer.optimizer=adamw +experiment=uci_gtn_sweep model=tnml_f dataset=obesity
[2026-04-08 17:49:31,463][__main__][INFO] - Configuration:
model:
  name: TNML_F
  L: 3
  bond_dim: 8
  output_site: null
  init_strength: 0.1
dataset:
  name: obesity
  task: regression
  cap: 50
  size: medium
  batch_size: 256
slurm:
  partition: titans
  time: '12:00:00'
  mem: 2gb
  gpu_arch: Ampere
  cpus: 1
  gpu: 1
hpc:
  queue: gpuv100
  time: '12:00'
  mem: 500MB
  cpus: 4
  gpu: 1
trainer:
  type: gtn
  n_epochs: 1000
  lr: 0.005
  optimizer: adamw
  ridge: 0.005
  loss_fn: null
  patience: 100
  min_delta: 0.001
  train_selection: true
seed: 10090
experiment_name: ${model.name}_${dataset.name}_${trainer.type}_rg${trainer.ridge}_init${model.init_strength}
skip_completed: true
update_tracking: false

[2026-04-08 17:49:31,463][__main__][INFO] - Output directory: /home/nicci/GTN/outputs/gtn/obesity/TNML_F_rg0.005_init0.1/L3_bd8_seed10090
[2026-04-08 17:49:31,464][__main__][INFO] - Loading dataset: obesity
[2026-04-08 17:49:34,759][__main__][INFO] -   Samples: train=1477, val=317, test=317
[2026-04-08 17:49:34,759][__main__][INFO] -   Features: 40 (including bias), Task: regression
[2026-04-08 17:49:34,759][__main__][INFO] -   Device: cuda
[2026-04-08 17:49:34,759][__main__][INFO] - Creating model: TNML_F
[2026-04-08 17:49:56,911][__main__][INFO] - Early stopping at epoch 105 (no improvement for 100 epochs)
[2026-04-08 17:49:56,918][__main__][INFO] - Results saved to: /home/nicci/GTN/outputs/gtn/obesity/TNML_F_rg0.005_init0.1/L3_bd8_seed10090/results.json
[2026-04-08 17:49:56,918][__main__][INFO] - ✓ Train R²: -1.8935
[2026-04-08 17:49:56,918][__main__][INFO] - ✓ Val R²: -2.1736
[2026-04-08 17:49:56,919][HYDRA] 	#7 : model.L=3 model.bond_dim=8 seed=32874 trainer.lr=0.005 trainer.ridge=0.005 trainer.optimizer=adamw +experiment=uci_gtn_sweep model=tnml_f dataset=obesity
[2026-04-08 17:49:57,075][__main__][INFO] - Configuration:
model:
  name: TNML_F
  L: 3
  bond_dim: 8
  output_site: null
  init_strength: 0.1
dataset:
  name: obesity
  task: regression
  cap: 50
  size: medium
  batch_size: 256
slurm:
  partition: titans
  time: '12:00:00'
  mem: 2gb
  gpu_arch: Ampere
  cpus: 1
  gpu: 1
hpc:
  queue: gpuv100
  time: '12:00'
  mem: 500MB
  cpus: 4
  gpu: 1
trainer:
  type: gtn
  n_epochs: 1000
  lr: 0.005
  optimizer: adamw
  ridge: 0.005
  loss_fn: null
  patience: 100
  min_delta: 0.001
  train_selection: true
seed: 32874
experiment_name: ${model.name}_${dataset.name}_${trainer.type}_rg${trainer.ridge}_init${model.init_strength}
skip_completed: true
update_tracking: false

[2026-04-08 17:49:57,077][__main__][INFO] - Output directory: /home/nicci/GTN/outputs/gtn/obesity/TNML_F_rg0.005_init0.1/L3_bd8_seed32874
[2026-04-08 17:49:57,078][__main__][INFO] - Loading dataset: obesity
[2026-04-08 17:49:58,838][__main__][INFO] -   Samples: train=1477, val=317, test=317
[2026-04-08 17:49:58,838][__main__][INFO] -   Features: 40 (including bias), Task: regression
[2026-04-08 17:49:58,838][__main__][INFO] -   Device: cuda
[2026-04-08 17:49:58,838][__main__][INFO] - Creating model: TNML_F
[2026-04-08 17:50:21,018][__main__][INFO] - Early stopping at epoch 105 (no improvement for 100 epochs)
[2026-04-08 17:50:21,024][__main__][INFO] - Results saved to: /home/nicci/GTN/outputs/gtn/obesity/TNML_F_rg0.005_init0.1/L3_bd8_seed32874/results.json
[2026-04-08 17:50:21,024][__main__][INFO] - ✓ Train R²: -2.0261
[2026-04-08 17:50:21,024][__main__][INFO] - ✓ Val R²: -2.0945
[2026-04-08 17:50:21,026][HYDRA] 	#8 : model.L=3 model.bond_dim=8 seed=47311 trainer.lr=0.005 trainer.ridge=0.005 trainer.optimizer=adamw +experiment=uci_gtn_sweep model=tnml_f dataset=obesity
[2026-04-08 17:50:21,177][__main__][INFO] - Configuration:
model:
  name: TNML_F
  L: 3
  bond_dim: 8
  output_site: null
  init_strength: 0.1
dataset:
  name: obesity
  task: regression
  cap: 50
  size: medium
  batch_size: 256
slurm:
  partition: titans
  time: '12:00:00'
  mem: 2gb
  gpu_arch: Ampere
  cpus: 1
  gpu: 1
hpc:
  queue: gpuv100
  time: '12:00'
  mem: 500MB
  cpus: 4
  gpu: 1
trainer:
  type: gtn
  n_epochs: 1000
  lr: 0.005
  optimizer: adamw
  ridge: 0.005
  loss_fn: null
  patience: 100
  min_delta: 0.001
  train_selection: true
seed: 47311
experiment_name: ${model.name}_${dataset.name}_${trainer.type}_rg${trainer.ridge}_init${model.init_strength}
skip_completed: true
update_tracking: false

[2026-04-08 17:50:21,177][__main__][INFO] - Output directory: /home/nicci/GTN/outputs/gtn/obesity/TNML_F_rg0.005_init0.1/L3_bd8_seed47311
[2026-04-08 17:50:21,178][__main__][INFO] - Loading dataset: obesity
[2026-04-08 17:50:25,790][__main__][INFO] -   Samples: train=1477, val=317, test=317
[2026-04-08 17:50:25,791][__main__][INFO] -   Features: 40 (including bias), Task: regression
[2026-04-08 17:50:25,791][__main__][INFO] -   Device: cuda
[2026-04-08 17:50:25,791][__main__][INFO] - Creating model: TNML_F
[2026-04-08 17:50:50,105][__main__][INFO] - Early stopping at epoch 115 (no improvement for 100 epochs)
[2026-04-08 17:50:50,111][__main__][INFO] - Results saved to: /home/nicci/GTN/outputs/gtn/obesity/TNML_F_rg0.005_init0.1/L3_bd8_seed47311/results.json
[2026-04-08 17:50:50,111][__main__][INFO] - ✓ Train R²: -1.4394
[2026-04-08 17:50:50,111][__main__][INFO] - ✓ Val R²: -2.1539
[2026-04-08 17:50:50,113][HYDRA] 	#9 : model.L=3 model.bond_dim=8 seed=47303 trainer.lr=0.005 trainer.ridge=0.005 trainer.optimizer=adamw +experiment=uci_gtn_sweep model=tnml_f dataset=obesity
[2026-04-08 17:50:50,263][__main__][INFO] - Configuration:
model:
  name: TNML_F
  L: 3
  bond_dim: 8
  output_site: null
  init_strength: 0.1
dataset:
  name: obesity
  task: regression
  cap: 50
  size: medium
  batch_size: 256
slurm:
  partition: titans
  time: '12:00:00'
  mem: 2gb
  gpu_arch: Ampere
  cpus: 1
  gpu: 1
hpc:
  queue: gpuv100
  time: '12:00'
  mem: 500MB
  cpus: 4
  gpu: 1
trainer:
  type: gtn
  n_epochs: 1000
  lr: 0.005
  optimizer: adamw
  ridge: 0.005
  loss_fn: null
  patience: 100
  min_delta: 0.001
  train_selection: true
seed: 47303
experiment_name: ${model.name}_${dataset.name}_${trainer.type}_rg${trainer.ridge}_init${model.init_strength}
skip_completed: true
update_tracking: false

[2026-04-08 17:50:50,264][__main__][INFO] - Output directory: /home/nicci/GTN/outputs/gtn/obesity/TNML_F_rg0.005_init0.1/L3_bd8_seed47303
[2026-04-08 17:50:50,265][__main__][INFO] - Loading dataset: obesity
[2026-04-08 17:50:52,234][__main__][INFO] -   Samples: train=1477, val=317, test=317
[2026-04-08 17:50:52,234][__main__][INFO] -   Features: 40 (including bias), Task: regression
[2026-04-08 17:50:52,234][__main__][INFO] -   Device: cuda
[2026-04-08 17:50:52,234][__main__][INFO] - Creating model: TNML_F
[2026-04-08 17:51:15,964][__main__][INFO] - Early stopping at epoch 112 (no improvement for 100 epochs)
[2026-04-08 17:51:15,971][__main__][INFO] - Results saved to: /home/nicci/GTN/outputs/gtn/obesity/TNML_F_rg0.005_init0.1/L3_bd8_seed47303/results.json
[2026-04-08 17:51:15,971][__main__][INFO] - ✓ Train R²: -1.5485
[2026-04-08 17:51:15,971][__main__][INFO] - ✓ Val R²: -1.9220
[2026-04-08 17:51:15,972][HYDRA] 	#10 : model.L=3 model.bond_dim=12 seed=42 trainer.lr=0.005 trainer.ridge=0.005 trainer.optimizer=adamw +experiment=uci_gtn_sweep model=tnml_f dataset=obesity
[2026-04-08 17:51:16,134][__main__][INFO] - Configuration:
model:
  name: TNML_F
  L: 3
  bond_dim: 12
  output_site: null
  init_strength: 0.1
dataset:
  name: obesity
  task: regression
  cap: 50
  size: medium
  batch_size: 256
slurm:
  partition: titans
  time: '12:00:00'
  mem: 2gb
  gpu_arch: Ampere
  cpus: 1
  gpu: 1
hpc:
  queue: gpuv100
  time: '12:00'
  mem: 500MB
  cpus: 4
  gpu: 1
trainer:
  type: gtn
  n_epochs: 1000
  lr: 0.005
  optimizer: adamw
  ridge: 0.005
  loss_fn: null
  patience: 100
  min_delta: 0.001
  train_selection: true
seed: 42
experiment_name: ${model.name}_${dataset.name}_${trainer.type}_rg${trainer.ridge}_init${model.init_strength}
skip_completed: true
update_tracking: false

[2026-04-08 17:51:16,137][__main__][INFO] - Output directory: /home/nicci/GTN/outputs/gtn/obesity/TNML_F_rg0.005_init0.1/L3_bd12_seed42
[2026-04-08 17:51:16,138][__main__][INFO] - Loading dataset: obesity
[2026-04-08 17:51:20,203][__main__][INFO] -   Samples: train=1477, val=317, test=317
[2026-04-08 17:51:20,204][__main__][INFO] -   Features: 40 (including bias), Task: regression
[2026-04-08 17:51:20,204][__main__][INFO] -   Device: cuda
[2026-04-08 17:51:20,204][__main__][INFO] - Creating model: TNML_F
[2026-04-08 17:51:45,690][__main__][INFO] - Early stopping at epoch 112 (no improvement for 100 epochs)
[2026-04-08 17:51:45,696][__main__][INFO] - Results saved to: /home/nicci/GTN/outputs/gtn/obesity/TNML_F_rg0.005_init0.1/L3_bd12_seed42/results.json
[2026-04-08 17:51:45,696][__main__][INFO] - ✓ Train R²: -1.1434
[2026-04-08 17:51:45,696][__main__][INFO] - ✓ Val R²: -2.2823
[2026-04-08 17:51:45,698][HYDRA] 	#11 : model.L=3 model.bond_dim=12 seed=10090 trainer.lr=0.005 trainer.ridge=0.005 trainer.optimizer=adamw +experiment=uci_gtn_sweep model=tnml_f dataset=obesity
[2026-04-08 17:51:45,851][__main__][INFO] - Configuration:
model:
  name: TNML_F
  L: 3
  bond_dim: 12
  output_site: null
  init_strength: 0.1
dataset:
  name: obesity
  task: regression
  cap: 50
  size: medium
  batch_size: 256
slurm:
  partition: titans
  time: '12:00:00'
  mem: 2gb
  gpu_arch: Ampere
  cpus: 1
  gpu: 1
hpc:
  queue: gpuv100
  time: '12:00'
  mem: 500MB
  cpus: 4
  gpu: 1
trainer:
  type: gtn
  n_epochs: 1000
  lr: 0.005
  optimizer: adamw
  ridge: 0.005
  loss_fn: null
  patience: 100
  min_delta: 0.001
  train_selection: true
seed: 10090
experiment_name: ${model.name}_${dataset.name}_${trainer.type}_rg${trainer.ridge}_init${model.init_strength}
skip_completed: true
update_tracking: false

[2026-04-08 17:51:45,852][__main__][INFO] - Output directory: /home/nicci/GTN/outputs/gtn/obesity/TNML_F_rg0.005_init0.1/L3_bd12_seed10090
[2026-04-08 17:51:45,852][__main__][INFO] - Loading dataset: obesity
[2026-04-08 17:51:49,922][__main__][INFO] -   Samples: train=1477, val=317, test=317
[2026-04-08 17:51:49,922][__main__][INFO] -   Features: 40 (including bias), Task: regression
[2026-04-08 17:51:49,923][__main__][INFO] -   Device: cuda
[2026-04-08 17:51:49,923][__main__][INFO] - Creating model: TNML_F
[2026-04-08 17:52:13,725][__main__][INFO] - Early stopping at epoch 112 (no improvement for 100 epochs)
[2026-04-08 17:52:13,730][__main__][INFO] - Results saved to: /home/nicci/GTN/outputs/gtn/obesity/TNML_F_rg0.005_init0.1/L3_bd12_seed10090/results.json
[2026-04-08 17:52:13,730][__main__][INFO] - ✓ Train R²: -1.1643
[2026-04-08 17:52:13,730][__main__][INFO] - ✓ Val R²: -1.9641
[2026-04-08 17:52:13,732][HYDRA] 	#12 : model.L=3 model.bond_dim=12 seed=32874 trainer.lr=0.005 trainer.ridge=0.005 trainer.optimizer=adamw +experiment=uci_gtn_sweep model=tnml_f dataset=obesity
[2026-04-08 17:52:13,880][__main__][INFO] - Configuration:
model:
  name: TNML_F
  L: 3
  bond_dim: 12
  output_site: null
  init_strength: 0.1
dataset:
  name: obesity
  task: regression
  cap: 50
  size: medium
  batch_size: 256
slurm:
  partition: titans
  time: '12:00:00'
  mem: 2gb
  gpu_arch: Ampere
  cpus: 1
  gpu: 1
hpc:
  queue: gpuv100
  time: '12:00'
  mem: 500MB
  cpus: 4
  gpu: 1
trainer:
  type: gtn
  n_epochs: 1000
  lr: 0.005
  optimizer: adamw
  ridge: 0.005
  loss_fn: null
  patience: 100
  min_delta: 0.001
  train_selection: true
seed: 32874
experiment_name: ${model.name}_${dataset.name}_${trainer.type}_rg${trainer.ridge}_init${model.init_strength}
skip_completed: true
update_tracking: false

[2026-04-08 17:52:13,881][__main__][INFO] - Output directory: /home/nicci/GTN/outputs/gtn/obesity/TNML_F_rg0.005_init0.1/L3_bd12_seed32874
[2026-04-08 17:52:13,882][__main__][INFO] - Loading dataset: obesity
[2026-04-08 17:52:19,911][__main__][INFO] -   Samples: train=1477, val=317, test=317
[2026-04-08 17:52:19,911][__main__][INFO] -   Features: 40 (including bias), Task: regression
[2026-04-08 17:52:19,911][__main__][INFO] -   Device: cuda
[2026-04-08 17:52:19,911][__main__][INFO] - Creating model: TNML_F
[2026-04-08 17:52:42,291][__main__][INFO] - Early stopping at epoch 105 (no improvement for 100 epochs)
[2026-04-08 17:52:42,297][__main__][INFO] - Results saved to: /home/nicci/GTN/outputs/gtn/obesity/TNML_F_rg0.005_init0.1/L3_bd12_seed32874/results.json
[2026-04-08 17:52:42,297][__main__][INFO] - ✓ Train R²: -1.8222
[2026-04-08 17:52:42,297][__main__][INFO] - ✓ Val R²: -2.1537
[2026-04-08 17:52:42,298][HYDRA] 	#13 : model.L=3 model.bond_dim=12 seed=47311 trainer.lr=0.005 trainer.ridge=0.005 trainer.optimizer=adamw +experiment=uci_gtn_sweep model=tnml_f dataset=obesity
[2026-04-08 17:52:42,446][__main__][INFO] - Configuration:
model:
  name: TNML_F
  L: 3
  bond_dim: 12
  output_site: null
  init_strength: 0.1
dataset:
  name: obesity
  task: regression
  cap: 50
  size: medium
  batch_size: 256
slurm:
  partition: titans
  time: '12:00:00'
  mem: 2gb
  gpu_arch: Ampere
  cpus: 1
  gpu: 1
hpc:
  queue: gpuv100
  time: '12:00'
  mem: 500MB
  cpus: 4
  gpu: 1
trainer:
  type: gtn
  n_epochs: 1000
  lr: 0.005
  optimizer: adamw
  ridge: 0.005
  loss_fn: null
  patience: 100
  min_delta: 0.001
  train_selection: true
seed: 47311
experiment_name: ${model.name}_${dataset.name}_${trainer.type}_rg${trainer.ridge}_init${model.init_strength}
skip_completed: true
update_tracking: false

[2026-04-08 17:52:42,447][__main__][INFO] - Output directory: /home/nicci/GTN/outputs/gtn/obesity/TNML_F_rg0.005_init0.1/L3_bd12_seed47311
[2026-04-08 17:52:42,448][__main__][INFO] - Loading dataset: obesity
[2026-04-08 17:52:46,462][__main__][INFO] -   Samples: train=1477, val=317, test=317
[2026-04-08 17:52:46,463][__main__][INFO] -   Features: 40 (including bias), Task: regression
[2026-04-08 17:52:46,463][__main__][INFO] -   Device: cuda
[2026-04-08 17:52:46,463][__main__][INFO] - Creating model: TNML_F
[2026-04-08 17:53:09,146][__main__][INFO] - Early stopping at epoch 106 (no improvement for 100 epochs)
[2026-04-08 17:53:09,152][__main__][INFO] - Results saved to: /home/nicci/GTN/outputs/gtn/obesity/TNML_F_rg0.005_init0.1/L3_bd12_seed47311/results.json
[2026-04-08 17:53:09,152][__main__][INFO] - ✓ Train R²: -1.5167
[2026-04-08 17:53:09,152][__main__][INFO] - ✓ Val R²: -1.8329
[2026-04-08 17:53:09,153][HYDRA] 	#14 : model.L=3 model.bond_dim=12 seed=47303 trainer.lr=0.005 trainer.ridge=0.005 trainer.optimizer=adamw +experiment=uci_gtn_sweep model=tnml_f dataset=obesity
[2026-04-08 17:53:09,313][__main__][INFO] - Configuration:
model:
  name: TNML_F
  L: 3
  bond_dim: 12
  output_site: null
  init_strength: 0.1
dataset:
  name: obesity
  task: regression
  cap: 50
  size: medium
  batch_size: 256
slurm:
  partition: titans
  time: '12:00:00'
  mem: 2gb
  gpu_arch: Ampere
  cpus: 1
  gpu: 1
hpc:
  queue: gpuv100
  time: '12:00'
  mem: 500MB
  cpus: 4
  gpu: 1
trainer:
  type: gtn
  n_epochs: 1000
  lr: 0.005
  optimizer: adamw
  ridge: 0.005
  loss_fn: null
  patience: 100
  min_delta: 0.001
  train_selection: true
seed: 47303
experiment_name: ${model.name}_${dataset.name}_${trainer.type}_rg${trainer.ridge}_init${model.init_strength}
skip_completed: true
update_tracking: false

[2026-04-08 17:53:09,314][__main__][INFO] - Output directory: /home/nicci/GTN/outputs/gtn/obesity/TNML_F_rg0.005_init0.1/L3_bd12_seed47303
[2026-04-08 17:53:09,314][__main__][INFO] - Loading dataset: obesity
[2026-04-08 17:53:14,159][__main__][INFO] -   Samples: train=1477, val=317, test=317
[2026-04-08 17:53:14,160][__main__][INFO] -   Features: 40 (including bias), Task: regression
[2026-04-08 17:53:14,160][__main__][INFO] -   Device: cuda
[2026-04-08 17:53:14,160][__main__][INFO] - Creating model: TNML_F
[2026-04-08 17:53:37,383][__main__][INFO] - Early stopping at epoch 108 (no improvement for 100 epochs)
[2026-04-08 17:53:37,389][__main__][INFO] - Results saved to: /home/nicci/GTN/outputs/gtn/obesity/TNML_F_rg0.005_init0.1/L3_bd12_seed47303/results.json
[2026-04-08 17:53:37,389][__main__][INFO] - ✓ Train R²: -1.3642
[2026-04-08 17:53:37,389][__main__][INFO] - ✓ Val R²: -2.1108
[2026-04-08 17:53:37,390][HYDRA] 	#15 : model.L=4 model.bond_dim=4 seed=42 trainer.lr=0.005 trainer.ridge=0.005 trainer.optimizer=adamw +experiment=uci_gtn_sweep model=tnml_f dataset=obesity
[2026-04-08 17:53:37,546][__main__][INFO] - Configuration:
model:
  name: TNML_F
  L: 4
  bond_dim: 4
  output_site: null
  init_strength: 0.1
dataset:
  name: obesity
  task: regression
  cap: 50
  size: medium
  batch_size: 256
slurm:
  partition: titans
  time: '12:00:00'
  mem: 2gb
  gpu_arch: Ampere
  cpus: 1
  gpu: 1
hpc:
  queue: gpuv100
  time: '12:00'
  mem: 500MB
  cpus: 4
  gpu: 1
trainer:
  type: gtn
  n_epochs: 1000
  lr: 0.005
  optimizer: adamw
  ridge: 0.005
  loss_fn: null
  patience: 100
  min_delta: 0.001
  train_selection: true
seed: 42
experiment_name: ${model.name}_${dataset.name}_${trainer.type}_rg${trainer.ridge}_init${model.init_strength}
skip_completed: true
update_tracking: false

[2026-04-08 17:53:37,549][__main__][INFO] - Output directory: /home/nicci/GTN/outputs/gtn/obesity/TNML_F_rg0.005_init0.1/L4_bd4_seed42
[2026-04-08 17:53:37,550][__main__][INFO] - Loading dataset: obesity
[2026-04-08 17:53:43,773][__main__][INFO] -   Samples: train=1477, val=317, test=317
[2026-04-08 17:53:43,774][__main__][INFO] -   Features: 40 (including bias), Task: regression
[2026-04-08 17:53:43,774][__main__][INFO] -   Device: cuda
[2026-04-08 17:53:43,774][__main__][INFO] - Creating model: TNML_F
[2026-04-08 17:54:12,696][__main__][INFO] - Early stopping at epoch 129 (no improvement for 100 epochs)
[2026-04-08 17:54:12,702][__main__][INFO] - Results saved to: /home/nicci/GTN/outputs/gtn/obesity/TNML_F_rg0.005_init0.1/L4_bd4_seed42/results.json
[2026-04-08 17:54:12,703][__main__][INFO] - ✓ Train R²: -1.6103
[2026-04-08 17:54:12,703][__main__][INFO] - ✓ Val R²: -2.0693
[2026-04-08 17:54:12,704][HYDRA] 	#16 : model.L=4 model.bond_dim=4 seed=10090 trainer.lr=0.005 trainer.ridge=0.005 trainer.optimizer=adamw +experiment=uci_gtn_sweep model=tnml_f dataset=obesity
[2026-04-08 17:54:12,852][__main__][INFO] - Configuration:
model:
  name: TNML_F
  L: 4
  bond_dim: 4
  output_site: null
  init_strength: 0.1
dataset:
  name: obesity
  task: regression
  cap: 50
  size: medium
  batch_size: 256
slurm:
  partition: titans
  time: '12:00:00'
  mem: 2gb
  gpu_arch: Ampere
  cpus: 1
  gpu: 1
hpc:
  queue: gpuv100
  time: '12:00'
  mem: 500MB
  cpus: 4
  gpu: 1
trainer:
  type: gtn
  n_epochs: 1000
  lr: 0.005
  optimizer: adamw
  ridge: 0.005
  loss_fn: null
  patience: 100
  min_delta: 0.001
  train_selection: true
seed: 10090
experiment_name: ${model.name}_${dataset.name}_${trainer.type}_rg${trainer.ridge}_init${model.init_strength}
skip_completed: true
update_tracking: false

[2026-04-08 17:54:12,853][__main__][INFO] - Output directory: /home/nicci/GTN/outputs/gtn/obesity/TNML_F_rg0.005_init0.1/L4_bd4_seed10090
[2026-04-08 17:54:12,854][__main__][INFO] - Loading dataset: obesity
[2026-04-08 17:54:16,117][__main__][INFO] -   Samples: train=1477, val=317, test=317
[2026-04-08 17:54:16,118][__main__][INFO] -   Features: 40 (including bias), Task: regression
[2026-04-08 17:54:16,118][__main__][INFO] -   Device: cuda
[2026-04-08 17:54:16,118][__main__][INFO] - Creating model: TNML_F
[2026-04-08 17:54:42,133][__main__][INFO] - Early stopping at epoch 117 (no improvement for 100 epochs)
[2026-04-08 17:54:42,139][__main__][INFO] - Results saved to: /home/nicci/GTN/outputs/gtn/obesity/TNML_F_rg0.005_init0.1/L4_bd4_seed10090/results.json
[2026-04-08 17:54:42,139][__main__][INFO] - ✓ Train R²: -1.9365
[2026-04-08 17:54:42,139][__main__][INFO] - ✓ Val R²: -2.1703
[2026-04-08 17:54:42,141][HYDRA] 	#17 : model.L=4 model.bond_dim=4 seed=32874 trainer.lr=0.005 trainer.ridge=0.005 trainer.optimizer=adamw +experiment=uci_gtn_sweep model=tnml_f dataset=obesity
[2026-04-08 17:54:42,294][__main__][INFO] - Configuration:
model:
  name: TNML_F
  L: 4
  bond_dim: 4
  output_site: null
  init_strength: 0.1
dataset:
  name: obesity
  task: regression
  cap: 50
  size: medium
  batch_size: 256
slurm:
  partition: titans
  time: '12:00:00'
  mem: 2gb
  gpu_arch: Ampere
  cpus: 1
  gpu: 1
hpc:
  queue: gpuv100
  time: '12:00'
  mem: 500MB
  cpus: 4
  gpu: 1
trainer:
  type: gtn
  n_epochs: 1000
  lr: 0.005
  optimizer: adamw
  ridge: 0.005
  loss_fn: null
  patience: 100
  min_delta: 0.001
  train_selection: true
seed: 32874
experiment_name: ${model.name}_${dataset.name}_${trainer.type}_rg${trainer.ridge}_init${model.init_strength}
skip_completed: true
update_tracking: false

[2026-04-08 17:54:42,297][__main__][INFO] - Output directory: /home/nicci/GTN/outputs/gtn/obesity/TNML_F_rg0.005_init0.1/L4_bd4_seed32874
[2026-04-08 17:54:42,298][__main__][INFO] - Loading dataset: obesity
[2026-04-08 17:54:46,411][__main__][INFO] -   Samples: train=1477, val=317, test=317
[2026-04-08 17:54:46,412][__main__][INFO] -   Features: 40 (including bias), Task: regression
[2026-04-08 17:54:46,412][__main__][INFO] -   Device: cuda
[2026-04-08 17:54:46,412][__main__][INFO] - Creating model: TNML_F
[2026-04-08 17:55:13,879][__main__][INFO] - Early stopping at epoch 123 (no improvement for 100 epochs)
[2026-04-08 17:55:13,885][__main__][INFO] - Results saved to: /home/nicci/GTN/outputs/gtn/obesity/TNML_F_rg0.005_init0.1/L4_bd4_seed32874/results.json
[2026-04-08 17:55:13,885][__main__][INFO] - ✓ Train R²: -1.6985
[2026-04-08 17:55:13,885][__main__][INFO] - ✓ Val R²: -2.2665
[2026-04-08 17:55:13,887][HYDRA] 	#18 : model.L=4 model.bond_dim=4 seed=47311 trainer.lr=0.005 trainer.ridge=0.005 trainer.optimizer=adamw +experiment=uci_gtn_sweep model=tnml_f dataset=obesity
[2026-04-08 17:55:14,046][__main__][INFO] - Configuration:
model:
  name: TNML_F
  L: 4
  bond_dim: 4
  output_site: null
  init_strength: 0.1
dataset:
  name: obesity
  task: regression
  cap: 50
  size: medium
  batch_size: 256
slurm:
  partition: titans
  time: '12:00:00'
  mem: 2gb
  gpu_arch: Ampere
  cpus: 1
  gpu: 1
hpc:
  queue: gpuv100
  time: '12:00'
  mem: 500MB
  cpus: 4
  gpu: 1
trainer:
  type: gtn
  n_epochs: 1000
  lr: 0.005
  optimizer: adamw
  ridge: 0.005
  loss_fn: null
  patience: 100
  min_delta: 0.001
  train_selection: true
seed: 47311
experiment_name: ${model.name}_${dataset.name}_${trainer.type}_rg${trainer.ridge}_init${model.init_strength}
skip_completed: true
update_tracking: false

[2026-04-08 17:55:14,046][__main__][INFO] - Output directory: /home/nicci/GTN/outputs/gtn/obesity/TNML_F_rg0.005_init0.1/L4_bd4_seed47311
[2026-04-08 17:55:14,047][__main__][INFO] - Loading dataset: obesity
[2026-04-08 17:55:18,100][__main__][INFO] -   Samples: train=1477, val=317, test=317
[2026-04-08 17:55:18,101][__main__][INFO] -   Features: 40 (including bias), Task: regression
[2026-04-08 17:55:18,101][__main__][INFO] -   Device: cuda
[2026-04-08 17:55:18,101][__main__][INFO] - Creating model: TNML_F
[2026-04-08 17:55:41,651][__main__][INFO] - Early stopping at epoch 107 (no improvement for 100 epochs)
[2026-04-08 17:55:41,657][__main__][INFO] - Results saved to: /home/nicci/GTN/outputs/gtn/obesity/TNML_F_rg0.005_init0.1/L4_bd4_seed47311/results.json
[2026-04-08 17:55:41,657][__main__][INFO] - ✓ Train R²: -2.4012
[2026-04-08 17:55:41,657][__main__][INFO] - ✓ Val R²: -2.4876
[2026-04-08 17:55:41,659][HYDRA] 	#19 : model.L=4 model.bond_dim=4 seed=47303 trainer.lr=0.005 trainer.ridge=0.005 trainer.optimizer=adamw +experiment=uci_gtn_sweep model=tnml_f dataset=obesity
[2026-04-08 17:55:41,809][__main__][INFO] - Configuration:
model:
  name: TNML_F
  L: 4
  bond_dim: 4
  output_site: null
  init_strength: 0.1
dataset:
  name: obesity
  task: regression
  cap: 50
  size: medium
  batch_size: 256
slurm:
  partition: titans
  time: '12:00:00'
  mem: 2gb
  gpu_arch: Ampere
  cpus: 1
  gpu: 1
hpc:
  queue: gpuv100
  time: '12:00'
  mem: 500MB
  cpus: 4
  gpu: 1
trainer:
  type: gtn
  n_epochs: 1000
  lr: 0.005
  optimizer: adamw
  ridge: 0.005
  loss_fn: null
  patience: 100
  min_delta: 0.001
  train_selection: true
seed: 47303
experiment_name: ${model.name}_${dataset.name}_${trainer.type}_rg${trainer.ridge}_init${model.init_strength}
skip_completed: true
update_tracking: false

[2026-04-08 17:55:41,809][__main__][INFO] - Output directory: /home/nicci/GTN/outputs/gtn/obesity/TNML_F_rg0.005_init0.1/L4_bd4_seed47303
[2026-04-08 17:55:41,810][__main__][INFO] - Loading dataset: obesity
[2026-04-08 17:55:46,147][__main__][INFO] -   Samples: train=1477, val=317, test=317
[2026-04-08 17:55:46,147][__main__][INFO] -   Features: 40 (including bias), Task: regression
[2026-04-08 17:55:46,147][__main__][INFO] -   Device: cuda
[2026-04-08 17:55:46,147][__main__][INFO] - Creating model: TNML_F
[2026-04-08 17:56:23,045][__main__][INFO] - Early stopping at epoch 162 (no improvement for 100 epochs)
[2026-04-08 17:56:23,052][__main__][INFO] - Results saved to: /home/nicci/GTN/outputs/gtn/obesity/TNML_F_rg0.005_init0.1/L4_bd4_seed47303/results.json
[2026-04-08 17:56:23,052][__main__][INFO] - ✓ Train R²: -1.4739
[2026-04-08 17:56:23,052][__main__][INFO] - ✓ Val R²: -2.3583
[2026-04-08 17:56:23,053][HYDRA] 	#20 : model.L=4 model.bond_dim=8 seed=42 trainer.lr=0.005 trainer.ridge=0.005 trainer.optimizer=adamw +experiment=uci_gtn_sweep model=tnml_f dataset=obesity
[2026-04-08 17:56:23,204][__main__][INFO] - Configuration:
model:
  name: TNML_F
  L: 4
  bond_dim: 8
  output_site: null
  init_strength: 0.1
dataset:
  name: obesity
  task: regression
  cap: 50
  size: medium
  batch_size: 256
slurm:
  partition: titans
  time: '12:00:00'
  mem: 2gb
  gpu_arch: Ampere
  cpus: 1
  gpu: 1
hpc:
  queue: gpuv100
  time: '12:00'
  mem: 500MB
  cpus: 4
  gpu: 1
trainer:
  type: gtn
  n_epochs: 1000
  lr: 0.005
  optimizer: adamw
  ridge: 0.005
  loss_fn: null
  patience: 100
  min_delta: 0.001
  train_selection: true
seed: 42
experiment_name: ${model.name}_${dataset.name}_${trainer.type}_rg${trainer.ridge}_init${model.init_strength}
skip_completed: true
update_tracking: false

[2026-04-08 17:56:23,207][__main__][INFO] - Output directory: /home/nicci/GTN/outputs/gtn/obesity/TNML_F_rg0.005_init0.1/L4_bd8_seed42
[2026-04-08 17:56:23,207][__main__][INFO] - Loading dataset: obesity
[2026-04-08 17:56:28,383][__main__][INFO] -   Samples: train=1477, val=317, test=317
[2026-04-08 17:56:28,384][__main__][INFO] -   Features: 40 (including bias), Task: regression
[2026-04-08 17:56:28,384][__main__][INFO] -   Device: cuda
[2026-04-08 17:56:28,384][__main__][INFO] - Creating model: TNML_F
[2026-04-08 17:56:58,370][__main__][INFO] - Early stopping at epoch 142 (no improvement for 100 epochs)
[2026-04-08 17:56:58,376][__main__][INFO] - Results saved to: /home/nicci/GTN/outputs/gtn/obesity/TNML_F_rg0.005_init0.1/L4_bd8_seed42/results.json
[2026-04-08 17:56:58,376][__main__][INFO] - ✓ Train R²: -0.8808
[2026-04-08 17:56:58,376][__main__][INFO] - ✓ Val R²: -2.2689
[2026-04-08 17:56:58,378][HYDRA] 	#21 : model.L=4 model.bond_dim=8 seed=10090 trainer.lr=0.005 trainer.ridge=0.005 trainer.optimizer=adamw +experiment=uci_gtn_sweep model=tnml_f dataset=obesity
[2026-04-08 17:56:58,526][__main__][INFO] - Configuration:
model:
  name: TNML_F
  L: 4
  bond_dim: 8
  output_site: null
  init_strength: 0.1
dataset:
  name: obesity
  task: regression
  cap: 50
  size: medium
  batch_size: 256
slurm:
  partition: titans
  time: '12:00:00'
  mem: 2gb
  gpu_arch: Ampere
  cpus: 1
  gpu: 1
hpc:
  queue: gpuv100
  time: '12:00'
  mem: 500MB
  cpus: 4
  gpu: 1
trainer:
  type: gtn
  n_epochs: 1000
  lr: 0.005
  optimizer: adamw
  ridge: 0.005
  loss_fn: null
  patience: 100
  min_delta: 0.001
  train_selection: true
seed: 10090
experiment_name: ${model.name}_${dataset.name}_${trainer.type}_rg${trainer.ridge}_init${model.init_strength}
skip_completed: true
update_tracking: false

[2026-04-08 17:56:58,526][__main__][INFO] - Output directory: /home/nicci/GTN/outputs/gtn/obesity/TNML_F_rg0.005_init0.1/L4_bd8_seed10090
[2026-04-08 17:56:58,527][__main__][INFO] - Loading dataset: obesity
[2026-04-08 17:57:01,796][__main__][INFO] -   Samples: train=1477, val=317, test=317
[2026-04-08 17:57:01,796][__main__][INFO] -   Features: 40 (including bias), Task: regression
[2026-04-08 17:57:01,796][__main__][INFO] -   Device: cuda
[2026-04-08 17:57:01,797][__main__][INFO] - Creating model: TNML_F
[2026-04-08 17:57:24,160][__main__][INFO] - Early stopping at epoch 105 (no improvement for 100 epochs)
[2026-04-08 17:57:24,166][__main__][INFO] - Results saved to: /home/nicci/GTN/outputs/gtn/obesity/TNML_F_rg0.005_init0.1/L4_bd8_seed10090/results.json
[2026-04-08 17:57:24,166][__main__][INFO] - ✓ Train R²: -1.8935
[2026-04-08 17:57:24,166][__main__][INFO] - ✓ Val R²: -2.1736
[2026-04-08 17:57:24,167][HYDRA] 	#22 : model.L=4 model.bond_dim=8 seed=32874 trainer.lr=0.005 trainer.ridge=0.005 trainer.optimizer=adamw +experiment=uci_gtn_sweep model=tnml_f dataset=obesity
[2026-04-08 17:57:24,331][__main__][INFO] - Configuration:
model:
  name: TNML_F
  L: 4
  bond_dim: 8
  output_site: null
  init_strength: 0.1
dataset:
  name: obesity
  task: regression
  cap: 50
  size: medium
  batch_size: 256
slurm:
  partition: titans
  time: '12:00:00'
  mem: 2gb
  gpu_arch: Ampere
  cpus: 1
  gpu: 1
hpc:
  queue: gpuv100
  time: '12:00'
  mem: 500MB
  cpus: 4
  gpu: 1
trainer:
  type: gtn
  n_epochs: 1000
  lr: 0.005
  optimizer: adamw
  ridge: 0.005
  loss_fn: null
  patience: 100
  min_delta: 0.001
  train_selection: true
seed: 32874
experiment_name: ${model.name}_${dataset.name}_${trainer.type}_rg${trainer.ridge}_init${model.init_strength}
skip_completed: true
update_tracking: false

[2026-04-08 17:57:24,334][__main__][INFO] - Output directory: /home/nicci/GTN/outputs/gtn/obesity/TNML_F_rg0.005_init0.1/L4_bd8_seed32874
[2026-04-08 17:57:24,335][__main__][INFO] - Loading dataset: obesity
[2026-04-08 17:57:30,779][__main__][INFO] -   Samples: train=1477, val=317, test=317
[2026-04-08 17:57:30,780][__main__][INFO] -   Features: 40 (including bias), Task: regression
[2026-04-08 17:57:30,780][__main__][INFO] -   Device: cuda
[2026-04-08 17:57:30,780][__main__][INFO] - Creating model: TNML_F
[2026-04-08 17:57:52,886][__main__][INFO] - Early stopping at epoch 105 (no improvement for 100 epochs)
[2026-04-08 17:57:52,892][__main__][INFO] - Results saved to: /home/nicci/GTN/outputs/gtn/obesity/TNML_F_rg0.005_init0.1/L4_bd8_seed32874/results.json
[2026-04-08 17:57:52,892][__main__][INFO] - ✓ Train R²: -2.0261
[2026-04-08 17:57:52,892][__main__][INFO] - ✓ Val R²: -2.0945
[2026-04-08 17:57:52,894][HYDRA] 	#23 : model.L=4 model.bond_dim=8 seed=47311 trainer.lr=0.005 trainer.ridge=0.005 trainer.optimizer=adamw +experiment=uci_gtn_sweep model=tnml_f dataset=obesity
[2026-04-08 17:57:53,043][__main__][INFO] - Configuration:
model:
  name: TNML_F
  L: 4
  bond_dim: 8
  output_site: null
  init_strength: 0.1
dataset:
  name: obesity
  task: regression
  cap: 50
  size: medium
  batch_size: 256
slurm:
  partition: titans
  time: '12:00:00'
  mem: 2gb
  gpu_arch: Ampere
  cpus: 1
  gpu: 1
hpc:
  queue: gpuv100
  time: '12:00'
  mem: 500MB
  cpus: 4
  gpu: 1
trainer:
  type: gtn
  n_epochs: 1000
  lr: 0.005
  optimizer: adamw
  ridge: 0.005
  loss_fn: null
  patience: 100
  min_delta: 0.001
  train_selection: true
seed: 47311
experiment_name: ${model.name}_${dataset.name}_${trainer.type}_rg${trainer.ridge}_init${model.init_strength}
skip_completed: true
update_tracking: false

[2026-04-08 17:57:53,043][__main__][INFO] - Output directory: /home/nicci/GTN/outputs/gtn/obesity/TNML_F_rg0.005_init0.1/L4_bd8_seed47311
[2026-04-08 17:57:53,044][__main__][INFO] - Loading dataset: obesity
[2026-04-08 17:57:55,833][__main__][INFO] -   Samples: train=1477, val=317, test=317
[2026-04-08 17:57:55,834][__main__][INFO] -   Features: 40 (including bias), Task: regression
[2026-04-08 17:57:55,834][__main__][INFO] -   Device: cuda
[2026-04-08 17:57:55,834][__main__][INFO] - Creating model: TNML_F
[2026-04-08 17:58:20,093][__main__][INFO] - Early stopping at epoch 115 (no improvement for 100 epochs)
[2026-04-08 17:58:20,098][__main__][INFO] - Results saved to: /home/nicci/GTN/outputs/gtn/obesity/TNML_F_rg0.005_init0.1/L4_bd8_seed47311/results.json
[2026-04-08 17:58:20,099][__main__][INFO] - ✓ Train R²: -1.4394
[2026-04-08 17:58:20,099][__main__][INFO] - ✓ Val R²: -2.1539
[2026-04-08 17:58:20,100][HYDRA] 	#24 : model.L=4 model.bond_dim=8 seed=47303 trainer.lr=0.005 trainer.ridge=0.005 trainer.optimizer=adamw +experiment=uci_gtn_sweep model=tnml_f dataset=obesity
[2026-04-08 17:58:20,252][__main__][INFO] - Configuration:
model:
  name: TNML_F
  L: 4
  bond_dim: 8
  output_site: null
  init_strength: 0.1
dataset:
  name: obesity
  task: regression
  cap: 50
  size: medium
  batch_size: 256
slurm:
  partition: titans
  time: '12:00:00'
  mem: 2gb
  gpu_arch: Ampere
  cpus: 1
  gpu: 1
hpc:
  queue: gpuv100
  time: '12:00'
  mem: 500MB
  cpus: 4
  gpu: 1
trainer:
  type: gtn
  n_epochs: 1000
  lr: 0.005
  optimizer: adamw
  ridge: 0.005
  loss_fn: null
  patience: 100
  min_delta: 0.001
  train_selection: true
seed: 47303
experiment_name: ${model.name}_${dataset.name}_${trainer.type}_rg${trainer.ridge}_init${model.init_strength}
skip_completed: true
update_tracking: false

[2026-04-08 17:58:20,252][__main__][INFO] - Output directory: /home/nicci/GTN/outputs/gtn/obesity/TNML_F_rg0.005_init0.1/L4_bd8_seed47303
[2026-04-08 17:58:20,253][__main__][INFO] - Loading dataset: obesity
[2026-04-08 17:58:21,947][__main__][INFO] -   Samples: train=1477, val=317, test=317
[2026-04-08 17:58:21,948][__main__][INFO] -   Features: 40 (including bias), Task: regression
[2026-04-08 17:58:21,948][__main__][INFO] -   Device: cuda
[2026-04-08 17:58:21,948][__main__][INFO] - Creating model: TNML_F
[2026-04-08 17:58:46,080][__main__][INFO] - Early stopping at epoch 112 (no improvement for 100 epochs)
[2026-04-08 17:58:46,086][__main__][INFO] - Results saved to: /home/nicci/GTN/outputs/gtn/obesity/TNML_F_rg0.005_init0.1/L4_bd8_seed47303/results.json
[2026-04-08 17:58:46,086][__main__][INFO] - ✓ Train R²: -1.5485
[2026-04-08 17:58:46,086][__main__][INFO] - ✓ Val R²: -1.9220
[2026-04-08 17:58:46,087][HYDRA] 	#25 : model.L=4 model.bond_dim=12 seed=42 trainer.lr=0.005 trainer.ridge=0.005 trainer.optimizer=adamw +experiment=uci_gtn_sweep model=tnml_f dataset=obesity
[2026-04-08 17:58:46,246][__main__][INFO] - Configuration:
model:
  name: TNML_F
  L: 4
  bond_dim: 12
  output_site: null
  init_strength: 0.1
dataset:
  name: obesity
  task: regression
  cap: 50
  size: medium
  batch_size: 256
slurm:
  partition: titans
  time: '12:00:00'
  mem: 2gb
  gpu_arch: Ampere
  cpus: 1
  gpu: 1
hpc:
  queue: gpuv100
  time: '12:00'
  mem: 500MB
  cpus: 4
  gpu: 1
trainer:
  type: gtn
  n_epochs: 1000
  lr: 0.005
  optimizer: adamw
  ridge: 0.005
  loss_fn: null
  patience: 100
  min_delta: 0.001
  train_selection: true
seed: 42
experiment_name: ${model.name}_${dataset.name}_${trainer.type}_rg${trainer.ridge}_init${model.init_strength}
skip_completed: true
update_tracking: false

[2026-04-08 17:58:46,249][__main__][INFO] - Output directory: /home/nicci/GTN/outputs/gtn/obesity/TNML_F_rg0.005_init0.1/L4_bd12_seed42
[2026-04-08 17:58:46,250][__main__][INFO] - Loading dataset: obesity
[2026-04-08 17:58:48,744][__main__][INFO] -   Samples: train=1477, val=317, test=317
[2026-04-08 17:58:48,744][__main__][INFO] -   Features: 40 (including bias), Task: regression
[2026-04-08 17:58:48,744][__main__][INFO] -   Device: cuda
[2026-04-08 17:58:48,745][__main__][INFO] - Creating model: TNML_F
[2026-04-08 17:59:12,889][__main__][INFO] - Early stopping at epoch 112 (no improvement for 100 epochs)
[2026-04-08 17:59:12,895][__main__][INFO] - Results saved to: /home/nicci/GTN/outputs/gtn/obesity/TNML_F_rg0.005_init0.1/L4_bd12_seed42/results.json
[2026-04-08 17:59:12,895][__main__][INFO] - ✓ Train R²: -1.1434
[2026-04-08 17:59:12,895][__main__][INFO] - ✓ Val R²: -2.2823
[2026-04-08 17:59:12,896][HYDRA] 	#26 : model.L=4 model.bond_dim=12 seed=10090 trainer.lr=0.005 trainer.ridge=0.005 trainer.optimizer=adamw +experiment=uci_gtn_sweep model=tnml_f dataset=obesity
[2026-04-08 17:59:13,050][__main__][INFO] - Configuration:
model:
  name: TNML_F
  L: 4
  bond_dim: 12
  output_site: null
  init_strength: 0.1
dataset:
  name: obesity
  task: regression
  cap: 50
  size: medium
  batch_size: 256
slurm:
  partition: titans
  time: '12:00:00'
  mem: 2gb
  gpu_arch: Ampere
  cpus: 1
  gpu: 1
hpc:
  queue: gpuv100
  time: '12:00'
  mem: 500MB
  cpus: 4
  gpu: 1
trainer:
  type: gtn
  n_epochs: 1000
  lr: 0.005
  optimizer: adamw
  ridge: 0.005
  loss_fn: null
  patience: 100
  min_delta: 0.001
  train_selection: true
seed: 10090
experiment_name: ${model.name}_${dataset.name}_${trainer.type}_rg${trainer.ridge}_init${model.init_strength}
skip_completed: true
update_tracking: false

[2026-04-08 17:59:13,051][__main__][INFO] - Output directory: /home/nicci/GTN/outputs/gtn/obesity/TNML_F_rg0.005_init0.1/L4_bd12_seed10090
[2026-04-08 17:59:13,051][__main__][INFO] - Loading dataset: obesity
[2026-04-08 17:59:16,697][__main__][INFO] -   Samples: train=1477, val=317, test=317
[2026-04-08 17:59:16,697][__main__][INFO] -   Features: 40 (including bias), Task: regression
[2026-04-08 17:59:16,697][__main__][INFO] -   Device: cuda
[2026-04-08 17:59:16,698][__main__][INFO] - Creating model: TNML_F
[2026-04-08 17:59:41,736][__main__][INFO] - Early stopping at epoch 112 (no improvement for 100 epochs)
[2026-04-08 17:59:41,742][__main__][INFO] - Results saved to: /home/nicci/GTN/outputs/gtn/obesity/TNML_F_rg0.005_init0.1/L4_bd12_seed10090/results.json
[2026-04-08 17:59:41,742][__main__][INFO] - ✓ Train R²: -1.1643
[2026-04-08 17:59:41,742][__main__][INFO] - ✓ Val R²: -1.9641
[2026-04-08 17:59:41,743][HYDRA] 	#27 : model.L=4 model.bond_dim=12 seed=32874 trainer.lr=0.005 trainer.ridge=0.005 trainer.optimizer=adamw +experiment=uci_gtn_sweep model=tnml_f dataset=obesity
[2026-04-08 17:59:41,899][__main__][INFO] - Configuration:
model:
  name: TNML_F
  L: 4
  bond_dim: 12
  output_site: null
  init_strength: 0.1
dataset:
  name: obesity
  task: regression
  cap: 50
  size: medium
  batch_size: 256
slurm:
  partition: titans
  time: '12:00:00'
  mem: 2gb
  gpu_arch: Ampere
  cpus: 1
  gpu: 1
hpc:
  queue: gpuv100
  time: '12:00'
  mem: 500MB
  cpus: 4
  gpu: 1
trainer:
  type: gtn
  n_epochs: 1000
  lr: 0.005
  optimizer: adamw
  ridge: 0.005
  loss_fn: null
  patience: 100
  min_delta: 0.001
  train_selection: true
seed: 32874
experiment_name: ${model.name}_${dataset.name}_${trainer.type}_rg${trainer.ridge}_init${model.init_strength}
skip_completed: true
update_tracking: false

[2026-04-08 17:59:41,900][__main__][INFO] - Output directory: /home/nicci/GTN/outputs/gtn/obesity/TNML_F_rg0.005_init0.1/L4_bd12_seed32874
[2026-04-08 17:59:41,901][__main__][INFO] - Loading dataset: obesity
[2026-04-08 17:59:50,124][__main__][INFO] -   Samples: train=1477, val=317, test=317
[2026-04-08 17:59:50,124][__main__][INFO] -   Features: 40 (including bias), Task: regression
[2026-04-08 17:59:50,124][__main__][INFO] -   Device: cuda
[2026-04-08 17:59:50,125][__main__][INFO] - Creating model: TNML_F
[2026-04-08 18:00:12,991][__main__][INFO] - Early stopping at epoch 105 (no improvement for 100 epochs)
[2026-04-08 18:00:12,998][__main__][INFO] - Results saved to: /home/nicci/GTN/outputs/gtn/obesity/TNML_F_rg0.005_init0.1/L4_bd12_seed32874/results.json
[2026-04-08 18:00:12,998][__main__][INFO] - ✓ Train R²: -1.8222
[2026-04-08 18:00:12,998][__main__][INFO] - ✓ Val R²: -2.1537
[2026-04-08 18:00:13,000][HYDRA] 	#28 : model.L=4 model.bond_dim=12 seed=47311 trainer.lr=0.005 trainer.ridge=0.005 trainer.optimizer=adamw +experiment=uci_gtn_sweep model=tnml_f dataset=obesity
[2026-04-08 18:00:13,155][__main__][INFO] - Configuration:
model:
  name: TNML_F
  L: 4
  bond_dim: 12
  output_site: null
  init_strength: 0.1
dataset:
  name: obesity
  task: regression
  cap: 50
  size: medium
  batch_size: 256
slurm:
  partition: titans
  time: '12:00:00'
  mem: 2gb
  gpu_arch: Ampere
  cpus: 1
  gpu: 1
hpc:
  queue: gpuv100
  time: '12:00'
  mem: 500MB
  cpus: 4
  gpu: 1
trainer:
  type: gtn
  n_epochs: 1000
  lr: 0.005
  optimizer: adamw
  ridge: 0.005
  loss_fn: null
  patience: 100
  min_delta: 0.001
  train_selection: true
seed: 47311
experiment_name: ${model.name}_${dataset.name}_${trainer.type}_rg${trainer.ridge}_init${model.init_strength}
skip_completed: true
update_tracking: false

[2026-04-08 18:00:13,158][__main__][INFO] - Output directory: /home/nicci/GTN/outputs/gtn/obesity/TNML_F_rg0.005_init0.1/L4_bd12_seed47311
[2026-04-08 18:00:13,159][__main__][INFO] - Loading dataset: obesity
[2026-04-08 18:00:18,994][__main__][INFO] -   Samples: train=1477, val=317, test=317
[2026-04-08 18:00:18,994][__main__][INFO] -   Features: 40 (including bias), Task: regression
[2026-04-08 18:00:18,995][__main__][INFO] -   Device: cuda
[2026-04-08 18:00:18,995][__main__][INFO] - Creating model: TNML_F
[2026-04-08 18:00:41,651][__main__][INFO] - Early stopping at epoch 106 (no improvement for 100 epochs)
[2026-04-08 18:00:41,657][__main__][INFO] - Results saved to: /home/nicci/GTN/outputs/gtn/obesity/TNML_F_rg0.005_init0.1/L4_bd12_seed47311/results.json
[2026-04-08 18:00:41,657][__main__][INFO] - ✓ Train R²: -1.5167
[2026-04-08 18:00:41,657][__main__][INFO] - ✓ Val R²: -1.8329
[2026-04-08 18:00:41,659][HYDRA] 	#29 : model.L=4 model.bond_dim=12 seed=47303 trainer.lr=0.005 trainer.ridge=0.005 trainer.optimizer=adamw +experiment=uci_gtn_sweep model=tnml_f dataset=obesity
[2026-04-08 18:00:41,811][__main__][INFO] - Configuration:
model:
  name: TNML_F
  L: 4
  bond_dim: 12
  output_site: null
  init_strength: 0.1
dataset:
  name: obesity
  task: regression
  cap: 50
  size: medium
  batch_size: 256
slurm:
  partition: titans
  time: '12:00:00'
  mem: 2gb
  gpu_arch: Ampere
  cpus: 1
  gpu: 1
hpc:
  queue: gpuv100
  time: '12:00'
  mem: 500MB
  cpus: 4
  gpu: 1
trainer:
  type: gtn
  n_epochs: 1000
  lr: 0.005
  optimizer: adamw
  ridge: 0.005
  loss_fn: null
  patience: 100
  min_delta: 0.001
  train_selection: true
seed: 47303
experiment_name: ${model.name}_${dataset.name}_${trainer.type}_rg${trainer.ridge}_init${model.init_strength}
skip_completed: true
update_tracking: false

[2026-04-08 18:00:41,812][__main__][INFO] - Output directory: /home/nicci/GTN/outputs/gtn/obesity/TNML_F_rg0.005_init0.1/L4_bd12_seed47303
[2026-04-08 18:00:41,812][__main__][INFO] - Loading dataset: obesity
[2026-04-08 18:00:49,623][__main__][INFO] -   Samples: train=1477, val=317, test=317
[2026-04-08 18:00:49,623][__main__][INFO] -   Features: 40 (including bias), Task: regression
[2026-04-08 18:00:49,624][__main__][INFO] -   Device: cuda
[2026-04-08 18:00:49,624][__main__][INFO] - Creating model: TNML_F
[2026-04-08 18:01:13,184][__main__][INFO] - Early stopping at epoch 108 (no improvement for 100 epochs)
[2026-04-08 18:01:13,191][__main__][INFO] - Results saved to: /home/nicci/GTN/outputs/gtn/obesity/TNML_F_rg0.005_init0.1/L4_bd12_seed47303/results.json
[2026-04-08 18:01:13,191][__main__][INFO] - ✓ Train R²: -1.3642
[2026-04-08 18:01:13,191][__main__][INFO] - ✓ Val R²: -2.1108
Done: 2026-04-08-18:01:14
