Node: comp-gpu14
Array Job ID: 410317, Task ID: 2
Start: 2026-04-08-16:26:36
Running: model=tnml_p dataset=bike
[2026-04-08 16:26:42,603][HYDRA] Launching 30 jobs locally
[2026-04-08 16:26:42,603][HYDRA] 	#0 : model.L=3 model.bond_dim=4 seed=42 trainer.lr=0.005 trainer.ridge=0.005 trainer.optimizer=adamw +experiment=uci_gtn_sweep model=tnml_p dataset=bike
[2026-04-08 16:26:42,674][__main__][INFO] - Configuration:
model:
  name: TNML_P
  L: 3
  bond_dim: 4
  output_site: null
  init_strength: 0.1
dataset:
  name: bike
  task: regression
  cap: 50
  size: medium
  batch_size: 256
slurm:
  partition: titans
  time: '12:00:00'
  mem: 2gb
  gpu_arch: Ampere
  cpus: 1
  gpu: 1
hpc:
  queue: gpuv100
  time: '12:00'
  mem: 500MB
  cpus: 4
  gpu: 1
trainer:
  type: gtn
  n_epochs: 1000
  lr: 0.005
  optimizer: adamw
  ridge: 0.005
  loss_fn: null
  patience: 100
  min_delta: 0.001
  train_selection: true
seed: 42
experiment_name: ${model.name}_${dataset.name}_${trainer.type}_rg${trainer.ridge}_init${model.init_strength}
skip_completed: true
update_tracking: false

[2026-04-08 16:26:42,679][__main__][INFO] - Output directory: /home/nicci/GTN/outputs/gtn/bike/TNML_P_rg0.005_init0.1/L3_bd4_seed42
[2026-04-08 16:26:42,718][utils.tracking][INFO] - Loaded 14884 tracked runs from runs_tracking.csv
[2026-04-08 16:26:42,719][__main__][INFO] - Loading dataset: bike
[2026-04-08 16:26:49,260][__main__][INFO] -   Samples: train=12165, val=2607, test=2607
[2026-04-08 16:26:49,260][__main__][INFO] -   Features: 13 (including bias), Task: regression
[2026-04-08 16:26:49,260][__main__][INFO] -   Device: cuda
[2026-04-08 16:26:49,260][__main__][INFO] - Creating model: TNML_P
[2026-04-08 16:29:15,650][__main__][INFO] - Early stopping at epoch 487 (no improvement for 100 epochs)
[2026-04-08 16:29:15,657][__main__][INFO] - Results saved to: /home/nicci/GTN/outputs/gtn/bike/TNML_P_rg0.005_init0.1/L3_bd4_seed42/results.json
[2026-04-08 16:29:15,657][__main__][INFO] - ✓ Train R²: -1.0934
[2026-04-08 16:29:15,657][__main__][INFO] - ✓ Val R²: -1.0432
[2026-04-08 16:29:15,658][HYDRA] 	#1 : model.L=3 model.bond_dim=4 seed=10090 trainer.lr=0.005 trainer.ridge=0.005 trainer.optimizer=adamw +experiment=uci_gtn_sweep model=tnml_p dataset=bike
[2026-04-08 16:29:15,736][__main__][INFO] - Configuration:
model:
  name: TNML_P
  L: 3
  bond_dim: 4
  output_site: null
  init_strength: 0.1
dataset:
  name: bike
  task: regression
  cap: 50
  size: medium
  batch_size: 256
slurm:
  partition: titans
  time: '12:00:00'
  mem: 2gb
  gpu_arch: Ampere
  cpus: 1
  gpu: 1
hpc:
  queue: gpuv100
  time: '12:00'
  mem: 500MB
  cpus: 4
  gpu: 1
trainer:
  type: gtn
  n_epochs: 1000
  lr: 0.005
  optimizer: adamw
  ridge: 0.005
  loss_fn: null
  patience: 100
  min_delta: 0.001
  train_selection: true
seed: 10090
experiment_name: ${model.name}_${dataset.name}_${trainer.type}_rg${trainer.ridge}_init${model.init_strength}
skip_completed: true
update_tracking: false

[2026-04-08 16:29:15,740][__main__][INFO] - Output directory: /home/nicci/GTN/outputs/gtn/bike/TNML_P_rg0.005_init0.1/L3_bd4_seed10090
[2026-04-08 16:29:15,741][__main__][INFO] - Loading dataset: bike
[2026-04-08 16:29:22,083][__main__][INFO] -   Samples: train=12165, val=2607, test=2607
[2026-04-08 16:29:22,083][__main__][INFO] -   Features: 13 (including bias), Task: regression
[2026-04-08 16:29:22,083][__main__][INFO] -   Device: cuda
[2026-04-08 16:29:22,083][__main__][INFO] - Creating model: TNML_P
[2026-04-08 16:31:43,076][__main__][INFO] - Early stopping at epoch 474 (no improvement for 100 epochs)
[2026-04-08 16:31:43,083][__main__][INFO] - Results saved to: /home/nicci/GTN/outputs/gtn/bike/TNML_P_rg0.005_init0.1/L3_bd4_seed10090/results.json
[2026-04-08 16:31:43,083][__main__][INFO] - ✓ Train R²: -1.0934
[2026-04-08 16:31:43,083][__main__][INFO] - ✓ Val R²: -1.0432
[2026-04-08 16:31:43,084][HYDRA] 	#2 : model.L=3 model.bond_dim=4 seed=32874 trainer.lr=0.005 trainer.ridge=0.005 trainer.optimizer=adamw +experiment=uci_gtn_sweep model=tnml_p dataset=bike
[2026-04-08 16:31:43,160][__main__][INFO] - Configuration:
model:
  name: TNML_P
  L: 3
  bond_dim: 4
  output_site: null
  init_strength: 0.1
dataset:
  name: bike
  task: regression
  cap: 50
  size: medium
  batch_size: 256
slurm:
  partition: titans
  time: '12:00:00'
  mem: 2gb
  gpu_arch: Ampere
  cpus: 1
  gpu: 1
hpc:
  queue: gpuv100
  time: '12:00'
  mem: 500MB
  cpus: 4
  gpu: 1
trainer:
  type: gtn
  n_epochs: 1000
  lr: 0.005
  optimizer: adamw
  ridge: 0.005
  loss_fn: null
  patience: 100
  min_delta: 0.001
  train_selection: true
seed: 32874
experiment_name: ${model.name}_${dataset.name}_${trainer.type}_rg${trainer.ridge}_init${model.init_strength}
skip_completed: true
update_tracking: false

[2026-04-08 16:31:43,163][__main__][INFO] - Output directory: /home/nicci/GTN/outputs/gtn/bike/TNML_P_rg0.005_init0.1/L3_bd4_seed32874
[2026-04-08 16:31:43,163][__main__][INFO] - Loading dataset: bike
[2026-04-08 16:31:49,307][__main__][INFO] -   Samples: train=12165, val=2607, test=2607
[2026-04-08 16:31:49,307][__main__][INFO] -   Features: 13 (including bias), Task: regression
[2026-04-08 16:31:49,307][__main__][INFO] -   Device: cuda
[2026-04-08 16:31:49,307][__main__][INFO] - Creating model: TNML_P
[2026-04-08 16:34:16,523][__main__][INFO] - Early stopping at epoch 495 (no improvement for 100 epochs)
[2026-04-08 16:34:16,530][__main__][INFO] - Results saved to: /home/nicci/GTN/outputs/gtn/bike/TNML_P_rg0.005_init0.1/L3_bd4_seed32874/results.json
[2026-04-08 16:34:16,530][__main__][INFO] - ✓ Train R²: -1.0940
[2026-04-08 16:34:16,530][__main__][INFO] - ✓ Val R²: -1.0433
[2026-04-08 16:34:16,531][HYDRA] 	#3 : model.L=3 model.bond_dim=4 seed=47311 trainer.lr=0.005 trainer.ridge=0.005 trainer.optimizer=adamw +experiment=uci_gtn_sweep model=tnml_p dataset=bike
[2026-04-08 16:34:16,608][__main__][INFO] - Configuration:
model:
  name: TNML_P
  L: 3
  bond_dim: 4
  output_site: null
  init_strength: 0.1
dataset:
  name: bike
  task: regression
  cap: 50
  size: medium
  batch_size: 256
slurm:
  partition: titans
  time: '12:00:00'
  mem: 2gb
  gpu_arch: Ampere
  cpus: 1
  gpu: 1
hpc:
  queue: gpuv100
  time: '12:00'
  mem: 500MB
  cpus: 4
  gpu: 1
trainer:
  type: gtn
  n_epochs: 1000
  lr: 0.005
  optimizer: adamw
  ridge: 0.005
  loss_fn: null
  patience: 100
  min_delta: 0.001
  train_selection: true
seed: 47311
experiment_name: ${model.name}_${dataset.name}_${trainer.type}_rg${trainer.ridge}_init${model.init_strength}
skip_completed: true
update_tracking: false

[2026-04-08 16:34:16,611][__main__][INFO] - Output directory: /home/nicci/GTN/outputs/gtn/bike/TNML_P_rg0.005_init0.1/L3_bd4_seed47311
[2026-04-08 16:34:16,611][__main__][INFO] - Loading dataset: bike
[2026-04-08 16:34:21,981][__main__][INFO] -   Samples: train=12165, val=2607, test=2607
[2026-04-08 16:34:21,982][__main__][INFO] -   Features: 13 (including bias), Task: regression
[2026-04-08 16:34:21,982][__main__][INFO] -   Device: cuda
[2026-04-08 16:34:21,982][__main__][INFO] - Creating model: TNML_P
[2026-04-08 16:36:35,803][__main__][INFO] - Early stopping at epoch 449 (no improvement for 100 epochs)
[2026-04-08 16:36:35,810][__main__][INFO] - Results saved to: /home/nicci/GTN/outputs/gtn/bike/TNML_P_rg0.005_init0.1/L3_bd4_seed47311/results.json
[2026-04-08 16:36:35,810][__main__][INFO] - ✓ Train R²: -1.0939
[2026-04-08 16:36:35,810][__main__][INFO] - ✓ Val R²: -1.0432
[2026-04-08 16:36:35,811][HYDRA] 	#4 : model.L=3 model.bond_dim=4 seed=47303 trainer.lr=0.005 trainer.ridge=0.005 trainer.optimizer=adamw +experiment=uci_gtn_sweep model=tnml_p dataset=bike
[2026-04-08 16:36:35,889][__main__][INFO] - Configuration:
model:
  name: TNML_P
  L: 3
  bond_dim: 4
  output_site: null
  init_strength: 0.1
dataset:
  name: bike
  task: regression
  cap: 50
  size: medium
  batch_size: 256
slurm:
  partition: titans
  time: '12:00:00'
  mem: 2gb
  gpu_arch: Ampere
  cpus: 1
  gpu: 1
hpc:
  queue: gpuv100
  time: '12:00'
  mem: 500MB
  cpus: 4
  gpu: 1
trainer:
  type: gtn
  n_epochs: 1000
  lr: 0.005
  optimizer: adamw
  ridge: 0.005
  loss_fn: null
  patience: 100
  min_delta: 0.001
  train_selection: true
seed: 47303
experiment_name: ${model.name}_${dataset.name}_${trainer.type}_rg${trainer.ridge}_init${model.init_strength}
skip_completed: true
update_tracking: false

[2026-04-08 16:36:35,892][__main__][INFO] - Output directory: /home/nicci/GTN/outputs/gtn/bike/TNML_P_rg0.005_init0.1/L3_bd4_seed47303
[2026-04-08 16:36:35,892][__main__][INFO] - Loading dataset: bike
[2026-04-08 16:36:40,337][__main__][INFO] -   Samples: train=12165, val=2607, test=2607
[2026-04-08 16:36:40,337][__main__][INFO] -   Features: 13 (including bias), Task: regression
[2026-04-08 16:36:40,337][__main__][INFO] -   Device: cuda
[2026-04-08 16:36:40,337][__main__][INFO] - Creating model: TNML_P
[2026-04-08 16:38:53,852][__main__][INFO] - Early stopping at epoch 446 (no improvement for 100 epochs)
[2026-04-08 16:38:53,859][__main__][INFO] - Results saved to: /home/nicci/GTN/outputs/gtn/bike/TNML_P_rg0.005_init0.1/L3_bd4_seed47303/results.json
[2026-04-08 16:38:53,859][__main__][INFO] - ✓ Train R²: -1.0933
[2026-04-08 16:38:53,859][__main__][INFO] - ✓ Val R²: -1.0437
[2026-04-08 16:38:53,860][HYDRA] 	#5 : model.L=3 model.bond_dim=8 seed=42 trainer.lr=0.005 trainer.ridge=0.005 trainer.optimizer=adamw +experiment=uci_gtn_sweep model=tnml_p dataset=bike
[2026-04-08 16:38:53,937][__main__][INFO] - Configuration:
model:
  name: TNML_P
  L: 3
  bond_dim: 8
  output_site: null
  init_strength: 0.1
dataset:
  name: bike
  task: regression
  cap: 50
  size: medium
  batch_size: 256
slurm:
  partition: titans
  time: '12:00:00'
  mem: 2gb
  gpu_arch: Ampere
  cpus: 1
  gpu: 1
hpc:
  queue: gpuv100
  time: '12:00'
  mem: 500MB
  cpus: 4
  gpu: 1
trainer:
  type: gtn
  n_epochs: 1000
  lr: 0.005
  optimizer: adamw
  ridge: 0.005
  loss_fn: null
  patience: 100
  min_delta: 0.001
  train_selection: true
seed: 42
experiment_name: ${model.name}_${dataset.name}_${trainer.type}_rg${trainer.ridge}_init${model.init_strength}
skip_completed: true
update_tracking: false

[2026-04-08 16:38:53,940][__main__][INFO] - Output directory: /home/nicci/GTN/outputs/gtn/bike/TNML_P_rg0.005_init0.1/L3_bd8_seed42
[2026-04-08 16:38:53,940][__main__][INFO] - Loading dataset: bike
[2026-04-08 16:38:58,837][__main__][INFO] -   Samples: train=12165, val=2607, test=2607
[2026-04-08 16:38:58,837][__main__][INFO] -   Features: 13 (including bias), Task: regression
[2026-04-08 16:38:58,837][__main__][INFO] -   Device: cuda
[2026-04-08 16:38:58,837][__main__][INFO] - Creating model: TNML_P
[2026-04-08 16:41:21,417][__main__][INFO] - Early stopping at epoch 470 (no improvement for 100 epochs)
[2026-04-08 16:41:21,424][__main__][INFO] - Results saved to: /home/nicci/GTN/outputs/gtn/bike/TNML_P_rg0.005_init0.1/L3_bd8_seed42/results.json
[2026-04-08 16:41:21,424][__main__][INFO] - ✓ Train R²: -1.0932
[2026-04-08 16:41:21,424][__main__][INFO] - ✓ Val R²: -1.0434
[2026-04-08 16:41:21,425][HYDRA] 	#6 : model.L=3 model.bond_dim=8 seed=10090 trainer.lr=0.005 trainer.ridge=0.005 trainer.optimizer=adamw +experiment=uci_gtn_sweep model=tnml_p dataset=bike
[2026-04-08 16:41:21,502][__main__][INFO] - Configuration:
model:
  name: TNML_P
  L: 3
  bond_dim: 8
  output_site: null
  init_strength: 0.1
dataset:
  name: bike
  task: regression
  cap: 50
  size: medium
  batch_size: 256
slurm:
  partition: titans
  time: '12:00:00'
  mem: 2gb
  gpu_arch: Ampere
  cpus: 1
  gpu: 1
hpc:
  queue: gpuv100
  time: '12:00'
  mem: 500MB
  cpus: 4
  gpu: 1
trainer:
  type: gtn
  n_epochs: 1000
  lr: 0.005
  optimizer: adamw
  ridge: 0.005
  loss_fn: null
  patience: 100
  min_delta: 0.001
  train_selection: true
seed: 10090
experiment_name: ${model.name}_${dataset.name}_${trainer.type}_rg${trainer.ridge}_init${model.init_strength}
skip_completed: true
update_tracking: false

[2026-04-08 16:41:21,505][__main__][INFO] - Output directory: /home/nicci/GTN/outputs/gtn/bike/TNML_P_rg0.005_init0.1/L3_bd8_seed10090
[2026-04-08 16:41:21,506][__main__][INFO] - Loading dataset: bike
[2026-04-08 16:41:25,640][__main__][INFO] -   Samples: train=12165, val=2607, test=2607
[2026-04-08 16:41:25,640][__main__][INFO] -   Features: 13 (including bias), Task: regression
[2026-04-08 16:41:25,640][__main__][INFO] -   Device: cuda
[2026-04-08 16:41:25,640][__main__][INFO] - Creating model: TNML_P
[2026-04-08 16:43:53,309][__main__][INFO] - Early stopping at epoch 486 (no improvement for 100 epochs)
[2026-04-08 16:43:53,317][__main__][INFO] - Results saved to: /home/nicci/GTN/outputs/gtn/bike/TNML_P_rg0.005_init0.1/L3_bd8_seed10090/results.json
[2026-04-08 16:43:53,317][__main__][INFO] - ✓ Train R²: -1.0932
[2026-04-08 16:43:53,317][__main__][INFO] - ✓ Val R²: -1.0412
[2026-04-08 16:43:53,319][HYDRA] 	#7 : model.L=3 model.bond_dim=8 seed=32874 trainer.lr=0.005 trainer.ridge=0.005 trainer.optimizer=adamw +experiment=uci_gtn_sweep model=tnml_p dataset=bike
[2026-04-08 16:43:53,395][__main__][INFO] - Configuration:
model:
  name: TNML_P
  L: 3
  bond_dim: 8
  output_site: null
  init_strength: 0.1
dataset:
  name: bike
  task: regression
  cap: 50
  size: medium
  batch_size: 256
slurm:
  partition: titans
  time: '12:00:00'
  mem: 2gb
  gpu_arch: Ampere
  cpus: 1
  gpu: 1
hpc:
  queue: gpuv100
  time: '12:00'
  mem: 500MB
  cpus: 4
  gpu: 1
trainer:
  type: gtn
  n_epochs: 1000
  lr: 0.005
  optimizer: adamw
  ridge: 0.005
  loss_fn: null
  patience: 100
  min_delta: 0.001
  train_selection: true
seed: 32874
experiment_name: ${model.name}_${dataset.name}_${trainer.type}_rg${trainer.ridge}_init${model.init_strength}
skip_completed: true
update_tracking: false

[2026-04-08 16:43:53,398][__main__][INFO] - Output directory: /home/nicci/GTN/outputs/gtn/bike/TNML_P_rg0.005_init0.1/L3_bd8_seed32874
[2026-04-08 16:43:53,399][__main__][INFO] - Loading dataset: bike
[2026-04-08 16:43:59,405][__main__][INFO] -   Samples: train=12165, val=2607, test=2607
[2026-04-08 16:43:59,405][__main__][INFO] -   Features: 13 (including bias), Task: regression
[2026-04-08 16:43:59,405][__main__][INFO] -   Device: cuda
[2026-04-08 16:43:59,405][__main__][INFO] - Creating model: TNML_P
[2026-04-08 16:46:33,506][__main__][INFO] - Early stopping at epoch 508 (no improvement for 100 epochs)
[2026-04-08 16:46:33,513][__main__][INFO] - Results saved to: /home/nicci/GTN/outputs/gtn/bike/TNML_P_rg0.005_init0.1/L3_bd8_seed32874/results.json
[2026-04-08 16:46:33,513][__main__][INFO] - ✓ Train R²: -1.0934
[2026-04-08 16:46:33,513][__main__][INFO] - ✓ Val R²: -1.0433
[2026-04-08 16:46:33,514][HYDRA] 	#8 : model.L=3 model.bond_dim=8 seed=47311 trainer.lr=0.005 trainer.ridge=0.005 trainer.optimizer=adamw +experiment=uci_gtn_sweep model=tnml_p dataset=bike
[2026-04-08 16:46:33,591][__main__][INFO] - Configuration:
model:
  name: TNML_P
  L: 3
  bond_dim: 8
  output_site: null
  init_strength: 0.1
dataset:
  name: bike
  task: regression
  cap: 50
  size: medium
  batch_size: 256
slurm:
  partition: titans
  time: '12:00:00'
  mem: 2gb
  gpu_arch: Ampere
  cpus: 1
  gpu: 1
hpc:
  queue: gpuv100
  time: '12:00'
  mem: 500MB
  cpus: 4
  gpu: 1
trainer:
  type: gtn
  n_epochs: 1000
  lr: 0.005
  optimizer: adamw
  ridge: 0.005
  loss_fn: null
  patience: 100
  min_delta: 0.001
  train_selection: true
seed: 47311
experiment_name: ${model.name}_${dataset.name}_${trainer.type}_rg${trainer.ridge}_init${model.init_strength}
skip_completed: true
update_tracking: false

[2026-04-08 16:46:33,594][__main__][INFO] - Output directory: /home/nicci/GTN/outputs/gtn/bike/TNML_P_rg0.005_init0.1/L3_bd8_seed47311
[2026-04-08 16:46:33,594][__main__][INFO] - Loading dataset: bike
[2026-04-08 16:46:38,434][__main__][INFO] -   Samples: train=12165, val=2607, test=2607
[2026-04-08 16:46:38,434][__main__][INFO] -   Features: 13 (including bias), Task: regression
[2026-04-08 16:46:38,434][__main__][INFO] -   Device: cuda
[2026-04-08 16:46:38,434][__main__][INFO] - Creating model: TNML_P
[2026-04-08 16:48:55,974][__main__][INFO] - Early stopping at epoch 453 (no improvement for 100 epochs)
[2026-04-08 16:48:55,981][__main__][INFO] - Results saved to: /home/nicci/GTN/outputs/gtn/bike/TNML_P_rg0.005_init0.1/L3_bd8_seed47311/results.json
[2026-04-08 16:48:55,981][__main__][INFO] - ✓ Train R²: -1.0940
[2026-04-08 16:48:55,981][__main__][INFO] - ✓ Val R²: -1.0429
[2026-04-08 16:48:55,982][HYDRA] 	#9 : model.L=3 model.bond_dim=8 seed=47303 trainer.lr=0.005 trainer.ridge=0.005 trainer.optimizer=adamw +experiment=uci_gtn_sweep model=tnml_p dataset=bike
[2026-04-08 16:48:56,060][__main__][INFO] - Configuration:
model:
  name: TNML_P
  L: 3
  bond_dim: 8
  output_site: null
  init_strength: 0.1
dataset:
  name: bike
  task: regression
  cap: 50
  size: medium
  batch_size: 256
slurm:
  partition: titans
  time: '12:00:00'
  mem: 2gb
  gpu_arch: Ampere
  cpus: 1
  gpu: 1
hpc:
  queue: gpuv100
  time: '12:00'
  mem: 500MB
  cpus: 4
  gpu: 1
trainer:
  type: gtn
  n_epochs: 1000
  lr: 0.005
  optimizer: adamw
  ridge: 0.005
  loss_fn: null
  patience: 100
  min_delta: 0.001
  train_selection: true
seed: 47303
experiment_name: ${model.name}_${dataset.name}_${trainer.type}_rg${trainer.ridge}_init${model.init_strength}
skip_completed: true
update_tracking: false

[2026-04-08 16:48:56,063][__main__][INFO] - Output directory: /home/nicci/GTN/outputs/gtn/bike/TNML_P_rg0.005_init0.1/L3_bd8_seed47303
[2026-04-08 16:48:56,064][__main__][INFO] - Loading dataset: bike
[2026-04-08 16:49:00,876][__main__][INFO] -   Samples: train=12165, val=2607, test=2607
[2026-04-08 16:49:00,876][__main__][INFO] -   Features: 13 (including bias), Task: regression
[2026-04-08 16:49:00,876][__main__][INFO] -   Device: cuda
[2026-04-08 16:49:00,876][__main__][INFO] - Creating model: TNML_P
[2026-04-08 16:51:11,383][__main__][INFO] - Early stopping at epoch 430 (no improvement for 100 epochs)
[2026-04-08 16:51:11,389][__main__][INFO] - Results saved to: /home/nicci/GTN/outputs/gtn/bike/TNML_P_rg0.005_init0.1/L3_bd8_seed47303/results.json
[2026-04-08 16:51:11,389][__main__][INFO] - ✓ Train R²: -1.0936
[2026-04-08 16:51:11,389][__main__][INFO] - ✓ Val R²: -1.0437
[2026-04-08 16:51:11,391][HYDRA] 	#10 : model.L=3 model.bond_dim=12 seed=42 trainer.lr=0.005 trainer.ridge=0.005 trainer.optimizer=adamw +experiment=uci_gtn_sweep model=tnml_p dataset=bike
[2026-04-08 16:51:11,469][__main__][INFO] - Configuration:
model:
  name: TNML_P
  L: 3
  bond_dim: 12
  output_site: null
  init_strength: 0.1
dataset:
  name: bike
  task: regression
  cap: 50
  size: medium
  batch_size: 256
slurm:
  partition: titans
  time: '12:00:00'
  mem: 2gb
  gpu_arch: Ampere
  cpus: 1
  gpu: 1
hpc:
  queue: gpuv100
  time: '12:00'
  mem: 500MB
  cpus: 4
  gpu: 1
trainer:
  type: gtn
  n_epochs: 1000
  lr: 0.005
  optimizer: adamw
  ridge: 0.005
  loss_fn: null
  patience: 100
  min_delta: 0.001
  train_selection: true
seed: 42
experiment_name: ${model.name}_${dataset.name}_${trainer.type}_rg${trainer.ridge}_init${model.init_strength}
skip_completed: true
update_tracking: false

[2026-04-08 16:51:11,471][__main__][INFO] - Output directory: /home/nicci/GTN/outputs/gtn/bike/TNML_P_rg0.005_init0.1/L3_bd12_seed42
[2026-04-08 16:51:11,472][__main__][INFO] - Loading dataset: bike
[2026-04-08 16:51:17,034][__main__][INFO] -   Samples: train=12165, val=2607, test=2607
[2026-04-08 16:51:17,034][__main__][INFO] -   Features: 13 (including bias), Task: regression
[2026-04-08 16:51:17,034][__main__][INFO] -   Device: cuda
[2026-04-08 16:51:17,035][__main__][INFO] - Creating model: TNML_P
[2026-04-08 16:53:27,819][__main__][INFO] - Early stopping at epoch 437 (no improvement for 100 epochs)
[2026-04-08 16:53:27,826][__main__][INFO] - Results saved to: /home/nicci/GTN/outputs/gtn/bike/TNML_P_rg0.005_init0.1/L3_bd12_seed42/results.json
[2026-04-08 16:53:27,826][__main__][INFO] - ✓ Train R²: -1.0939
[2026-04-08 16:53:27,826][__main__][INFO] - ✓ Val R²: -1.0439
[2026-04-08 16:53:27,827][HYDRA] 	#11 : model.L=3 model.bond_dim=12 seed=10090 trainer.lr=0.005 trainer.ridge=0.005 trainer.optimizer=adamw +experiment=uci_gtn_sweep model=tnml_p dataset=bike
[2026-04-08 16:53:27,904][__main__][INFO] - Configuration:
model:
  name: TNML_P
  L: 3
  bond_dim: 12
  output_site: null
  init_strength: 0.1
dataset:
  name: bike
  task: regression
  cap: 50
  size: medium
  batch_size: 256
slurm:
  partition: titans
  time: '12:00:00'
  mem: 2gb
  gpu_arch: Ampere
  cpus: 1
  gpu: 1
hpc:
  queue: gpuv100
  time: '12:00'
  mem: 500MB
  cpus: 4
  gpu: 1
trainer:
  type: gtn
  n_epochs: 1000
  lr: 0.005
  optimizer: adamw
  ridge: 0.005
  loss_fn: null
  patience: 100
  min_delta: 0.001
  train_selection: true
seed: 10090
experiment_name: ${model.name}_${dataset.name}_${trainer.type}_rg${trainer.ridge}_init${model.init_strength}
skip_completed: true
update_tracking: false

[2026-04-08 16:53:27,907][__main__][INFO] - Output directory: /home/nicci/GTN/outputs/gtn/bike/TNML_P_rg0.005_init0.1/L3_bd12_seed10090
[2026-04-08 16:53:27,907][__main__][INFO] - Loading dataset: bike
[2026-04-08 16:53:34,048][__main__][INFO] -   Samples: train=12165, val=2607, test=2607
[2026-04-08 16:53:34,048][__main__][INFO] -   Features: 13 (including bias), Task: regression
[2026-04-08 16:53:34,048][__main__][INFO] -   Device: cuda
[2026-04-08 16:53:34,048][__main__][INFO] - Creating model: TNML_P
[2026-04-08 16:56:11,576][__main__][INFO] - Early stopping at epoch 527 (no improvement for 100 epochs)
[2026-04-08 16:56:11,583][__main__][INFO] - Results saved to: /home/nicci/GTN/outputs/gtn/bike/TNML_P_rg0.005_init0.1/L3_bd12_seed10090/results.json
[2026-04-08 16:56:11,584][__main__][INFO] - ✓ Train R²: -1.0934
[2026-04-08 16:56:11,584][__main__][INFO] - ✓ Val R²: -1.0432
[2026-04-08 16:56:11,585][HYDRA] 	#12 : model.L=3 model.bond_dim=12 seed=32874 trainer.lr=0.005 trainer.ridge=0.005 trainer.optimizer=adamw +experiment=uci_gtn_sweep model=tnml_p dataset=bike
[2026-04-08 16:56:11,663][__main__][INFO] - Configuration:
model:
  name: TNML_P
  L: 3
  bond_dim: 12
  output_site: null
  init_strength: 0.1
dataset:
  name: bike
  task: regression
  cap: 50
  size: medium
  batch_size: 256
slurm:
  partition: titans
  time: '12:00:00'
  mem: 2gb
  gpu_arch: Ampere
  cpus: 1
  gpu: 1
hpc:
  queue: gpuv100
  time: '12:00'
  mem: 500MB
  cpus: 4
  gpu: 1
trainer:
  type: gtn
  n_epochs: 1000
  lr: 0.005
  optimizer: adamw
  ridge: 0.005
  loss_fn: null
  patience: 100
  min_delta: 0.001
  train_selection: true
seed: 32874
experiment_name: ${model.name}_${dataset.name}_${trainer.type}_rg${trainer.ridge}_init${model.init_strength}
skip_completed: true
update_tracking: false

[2026-04-08 16:56:11,665][__main__][INFO] - Output directory: /home/nicci/GTN/outputs/gtn/bike/TNML_P_rg0.005_init0.1/L3_bd12_seed32874
[2026-04-08 16:56:11,666][__main__][INFO] - Loading dataset: bike
[2026-04-08 16:56:15,641][__main__][INFO] -   Samples: train=12165, val=2607, test=2607
[2026-04-08 16:56:15,641][__main__][INFO] -   Features: 13 (including bias), Task: regression
[2026-04-08 16:56:15,641][__main__][INFO] -   Device: cuda
[2026-04-08 16:56:15,641][__main__][INFO] - Creating model: TNML_P
[2026-04-08 16:58:33,241][__main__][INFO] - Early stopping at epoch 457 (no improvement for 100 epochs)
[2026-04-08 16:58:33,248][__main__][INFO] - Results saved to: /home/nicci/GTN/outputs/gtn/bike/TNML_P_rg0.005_init0.1/L3_bd12_seed32874/results.json
[2026-04-08 16:58:33,248][__main__][INFO] - ✓ Train R²: -1.0940
[2026-04-08 16:58:33,248][__main__][INFO] - ✓ Val R²: -1.0441
[2026-04-08 16:58:33,249][HYDRA] 	#13 : model.L=3 model.bond_dim=12 seed=47311 trainer.lr=0.005 trainer.ridge=0.005 trainer.optimizer=adamw +experiment=uci_gtn_sweep model=tnml_p dataset=bike
[2026-04-08 16:58:33,326][__main__][INFO] - Configuration:
model:
  name: TNML_P
  L: 3
  bond_dim: 12
  output_site: null
  init_strength: 0.1
dataset:
  name: bike
  task: regression
  cap: 50
  size: medium
  batch_size: 256
slurm:
  partition: titans
  time: '12:00:00'
  mem: 2gb
  gpu_arch: Ampere
  cpus: 1
  gpu: 1
hpc:
  queue: gpuv100
  time: '12:00'
  mem: 500MB
  cpus: 4
  gpu: 1
trainer:
  type: gtn
  n_epochs: 1000
  lr: 0.005
  optimizer: adamw
  ridge: 0.005
  loss_fn: null
  patience: 100
  min_delta: 0.001
  train_selection: true
seed: 47311
experiment_name: ${model.name}_${dataset.name}_${trainer.type}_rg${trainer.ridge}_init${model.init_strength}
skip_completed: true
update_tracking: false

[2026-04-08 16:58:33,329][__main__][INFO] - Output directory: /home/nicci/GTN/outputs/gtn/bike/TNML_P_rg0.005_init0.1/L3_bd12_seed47311
[2026-04-08 16:58:33,329][__main__][INFO] - Loading dataset: bike
[2026-04-08 16:58:37,460][__main__][INFO] -   Samples: train=12165, val=2607, test=2607
[2026-04-08 16:58:37,460][__main__][INFO] -   Features: 13 (including bias), Task: regression
[2026-04-08 16:58:37,460][__main__][INFO] -   Device: cuda
[2026-04-08 16:58:37,460][__main__][INFO] - Creating model: TNML_P
[2026-04-08 17:01:04,702][__main__][INFO] - Early stopping at epoch 491 (no improvement for 100 epochs)
[2026-04-08 17:01:04,710][__main__][INFO] - Results saved to: /home/nicci/GTN/outputs/gtn/bike/TNML_P_rg0.005_init0.1/L3_bd12_seed47311/results.json
[2026-04-08 17:01:04,710][__main__][INFO] - ✓ Train R²: -1.0936
[2026-04-08 17:01:04,710][__main__][INFO] - ✓ Val R²: -1.0435
[2026-04-08 17:01:04,711][HYDRA] 	#14 : model.L=3 model.bond_dim=12 seed=47303 trainer.lr=0.005 trainer.ridge=0.005 trainer.optimizer=adamw +experiment=uci_gtn_sweep model=tnml_p dataset=bike
[2026-04-08 17:01:04,788][__main__][INFO] - Configuration:
model:
  name: TNML_P
  L: 3
  bond_dim: 12
  output_site: null
  init_strength: 0.1
dataset:
  name: bike
  task: regression
  cap: 50
  size: medium
  batch_size: 256
slurm:
  partition: titans
  time: '12:00:00'
  mem: 2gb
  gpu_arch: Ampere
  cpus: 1
  gpu: 1
hpc:
  queue: gpuv100
  time: '12:00'
  mem: 500MB
  cpus: 4
  gpu: 1
trainer:
  type: gtn
  n_epochs: 1000
  lr: 0.005
  optimizer: adamw
  ridge: 0.005
  loss_fn: null
  patience: 100
  min_delta: 0.001
  train_selection: true
seed: 47303
experiment_name: ${model.name}_${dataset.name}_${trainer.type}_rg${trainer.ridge}_init${model.init_strength}
skip_completed: true
update_tracking: false

[2026-04-08 17:01:04,791][__main__][INFO] - Output directory: /home/nicci/GTN/outputs/gtn/bike/TNML_P_rg0.005_init0.1/L3_bd12_seed47303
[2026-04-08 17:01:04,792][__main__][INFO] - Loading dataset: bike
[2026-04-08 17:01:09,859][__main__][INFO] -   Samples: train=12165, val=2607, test=2607
[2026-04-08 17:01:09,860][__main__][INFO] -   Features: 13 (including bias), Task: regression
[2026-04-08 17:01:09,860][__main__][INFO] -   Device: cuda
[2026-04-08 17:01:09,860][__main__][INFO] - Creating model: TNML_P
[2026-04-08 17:03:20,301][__main__][INFO] - Early stopping at epoch 434 (no improvement for 100 epochs)
[2026-04-08 17:03:20,308][__main__][INFO] - Results saved to: /home/nicci/GTN/outputs/gtn/bike/TNML_P_rg0.005_init0.1/L3_bd12_seed47303/results.json
[2026-04-08 17:03:20,308][__main__][INFO] - ✓ Train R²: -1.0941
[2026-04-08 17:03:20,308][__main__][INFO] - ✓ Val R²: -1.0424
[2026-04-08 17:03:20,309][HYDRA] 	#15 : model.L=4 model.bond_dim=4 seed=42 trainer.lr=0.005 trainer.ridge=0.005 trainer.optimizer=adamw +experiment=uci_gtn_sweep model=tnml_p dataset=bike
[2026-04-08 17:03:20,387][__main__][INFO] - Configuration:
model:
  name: TNML_P
  L: 4
  bond_dim: 4
  output_site: null
  init_strength: 0.1
dataset:
  name: bike
  task: regression
  cap: 50
  size: medium
  batch_size: 256
slurm:
  partition: titans
  time: '12:00:00'
  mem: 2gb
  gpu_arch: Ampere
  cpus: 1
  gpu: 1
hpc:
  queue: gpuv100
  time: '12:00'
  mem: 500MB
  cpus: 4
  gpu: 1
trainer:
  type: gtn
  n_epochs: 1000
  lr: 0.005
  optimizer: adamw
  ridge: 0.005
  loss_fn: null
  patience: 100
  min_delta: 0.001
  train_selection: true
seed: 42
experiment_name: ${model.name}_${dataset.name}_${trainer.type}_rg${trainer.ridge}_init${model.init_strength}
skip_completed: true
update_tracking: false

[2026-04-08 17:03:20,390][__main__][INFO] - Output directory: /home/nicci/GTN/outputs/gtn/bike/TNML_P_rg0.005_init0.1/L4_bd4_seed42
[2026-04-08 17:03:20,390][__main__][INFO] - Loading dataset: bike
[2026-04-08 17:03:25,343][__main__][INFO] -   Samples: train=12165, val=2607, test=2607
[2026-04-08 17:03:25,343][__main__][INFO] -   Features: 13 (including bias), Task: regression
[2026-04-08 17:03:25,343][__main__][INFO] -   Device: cuda
[2026-04-08 17:03:25,343][__main__][INFO] - Creating model: TNML_P
[2026-04-08 17:06:59,835][__main__][INFO] - Early stopping at epoch 637 (no improvement for 100 epochs)
[2026-04-08 17:06:59,843][__main__][INFO] - Results saved to: /home/nicci/GTN/outputs/gtn/bike/TNML_P_rg0.005_init0.1/L4_bd4_seed42/results.json
[2026-04-08 17:06:59,843][__main__][INFO] - ✓ Train R²: -1.0933
[2026-04-08 17:06:59,843][__main__][INFO] - ✓ Val R²: -1.0439
[2026-04-08 17:06:59,844][HYDRA] 	#16 : model.L=4 model.bond_dim=4 seed=10090 trainer.lr=0.005 trainer.ridge=0.005 trainer.optimizer=adamw +experiment=uci_gtn_sweep model=tnml_p dataset=bike
[2026-04-08 17:06:59,922][__main__][INFO] - Configuration:
model:
  name: TNML_P
  L: 4
  bond_dim: 4
  output_site: null
  init_strength: 0.1
dataset:
  name: bike
  task: regression
  cap: 50
  size: medium
  batch_size: 256
slurm:
  partition: titans
  time: '12:00:00'
  mem: 2gb
  gpu_arch: Ampere
  cpus: 1
  gpu: 1
hpc:
  queue: gpuv100
  time: '12:00'
  mem: 500MB
  cpus: 4
  gpu: 1
trainer:
  type: gtn
  n_epochs: 1000
  lr: 0.005
  optimizer: adamw
  ridge: 0.005
  loss_fn: null
  patience: 100
  min_delta: 0.001
  train_selection: true
seed: 10090
experiment_name: ${model.name}_${dataset.name}_${trainer.type}_rg${trainer.ridge}_init${model.init_strength}
skip_completed: true
update_tracking: false

[2026-04-08 17:06:59,925][__main__][INFO] - Output directory: /home/nicci/GTN/outputs/gtn/bike/TNML_P_rg0.005_init0.1/L4_bd4_seed10090
[2026-04-08 17:06:59,925][__main__][INFO] - Loading dataset: bike
[2026-04-08 17:07:15,804][__main__][INFO] -   Samples: train=12165, val=2607, test=2607
[2026-04-08 17:07:15,804][__main__][INFO] -   Features: 13 (including bias), Task: regression
[2026-04-08 17:07:15,804][__main__][INFO] -   Device: cuda
[2026-04-08 17:07:15,805][__main__][INFO] - Creating model: TNML_P
[2026-04-08 17:10:51,722][__main__][INFO] - Early stopping at epoch 640 (no improvement for 100 epochs)
[2026-04-08 17:10:51,731][__main__][INFO] - Results saved to: /home/nicci/GTN/outputs/gtn/bike/TNML_P_rg0.005_init0.1/L4_bd4_seed10090/results.json
[2026-04-08 17:10:51,731][__main__][INFO] - ✓ Train R²: -1.0941
[2026-04-08 17:10:51,731][__main__][INFO] - ✓ Val R²: -1.0433
[2026-04-08 17:10:51,732][HYDRA] 	#17 : model.L=4 model.bond_dim=4 seed=32874 trainer.lr=0.005 trainer.ridge=0.005 trainer.optimizer=adamw +experiment=uci_gtn_sweep model=tnml_p dataset=bike
[2026-04-08 17:10:51,810][__main__][INFO] - Configuration:
model:
  name: TNML_P
  L: 4
  bond_dim: 4
  output_site: null
  init_strength: 0.1
dataset:
  name: bike
  task: regression
  cap: 50
  size: medium
  batch_size: 256
slurm:
  partition: titans
  time: '12:00:00'
  mem: 2gb
  gpu_arch: Ampere
  cpus: 1
  gpu: 1
hpc:
  queue: gpuv100
  time: '12:00'
  mem: 500MB
  cpus: 4
  gpu: 1
trainer:
  type: gtn
  n_epochs: 1000
  lr: 0.005
  optimizer: adamw
  ridge: 0.005
  loss_fn: null
  patience: 100
  min_delta: 0.001
  train_selection: true
seed: 32874
experiment_name: ${model.name}_${dataset.name}_${trainer.type}_rg${trainer.ridge}_init${model.init_strength}
skip_completed: true
update_tracking: false

[2026-04-08 17:10:51,813][__main__][INFO] - Output directory: /home/nicci/GTN/outputs/gtn/bike/TNML_P_rg0.005_init0.1/L4_bd4_seed32874
[2026-04-08 17:10:51,813][__main__][INFO] - Loading dataset: bike
[2026-04-08 17:10:56,152][__main__][INFO] -   Samples: train=12165, val=2607, test=2607
[2026-04-08 17:10:56,152][__main__][INFO] -   Features: 13 (including bias), Task: regression
[2026-04-08 17:10:56,152][__main__][INFO] -   Device: cuda
[2026-04-08 17:10:56,152][__main__][INFO] - Creating model: TNML_P
[2026-04-08 17:14:18,268][__main__][INFO] - Early stopping at epoch 600 (no improvement for 100 epochs)
[2026-04-08 17:14:18,276][__main__][INFO] - Results saved to: /home/nicci/GTN/outputs/gtn/bike/TNML_P_rg0.005_init0.1/L4_bd4_seed32874/results.json
[2026-04-08 17:14:18,277][__main__][INFO] - ✓ Train R²: -1.0940
[2026-04-08 17:14:18,277][__main__][INFO] - ✓ Val R²: -1.0440
[2026-04-08 17:14:18,278][HYDRA] 	#18 : model.L=4 model.bond_dim=4 seed=47311 trainer.lr=0.005 trainer.ridge=0.005 trainer.optimizer=adamw +experiment=uci_gtn_sweep model=tnml_p dataset=bike
[2026-04-08 17:14:18,355][__main__][INFO] - Configuration:
model:
  name: TNML_P
  L: 4
  bond_dim: 4
  output_site: null
  init_strength: 0.1
dataset:
  name: bike
  task: regression
  cap: 50
  size: medium
  batch_size: 256
slurm:
  partition: titans
  time: '12:00:00'
  mem: 2gb
  gpu_arch: Ampere
  cpus: 1
  gpu: 1
hpc:
  queue: gpuv100
  time: '12:00'
  mem: 500MB
  cpus: 4
  gpu: 1
trainer:
  type: gtn
  n_epochs: 1000
  lr: 0.005
  optimizer: adamw
  ridge: 0.005
  loss_fn: null
  patience: 100
  min_delta: 0.001
  train_selection: true
seed: 47311
experiment_name: ${model.name}_${dataset.name}_${trainer.type}_rg${trainer.ridge}_init${model.init_strength}
skip_completed: true
update_tracking: false

[2026-04-08 17:14:18,358][__main__][INFO] - Output directory: /home/nicci/GTN/outputs/gtn/bike/TNML_P_rg0.005_init0.1/L4_bd4_seed47311
[2026-04-08 17:14:18,358][__main__][INFO] - Loading dataset: bike
[2026-04-08 17:14:22,464][__main__][INFO] -   Samples: train=12165, val=2607, test=2607
[2026-04-08 17:14:22,464][__main__][INFO] -   Features: 13 (including bias), Task: regression
[2026-04-08 17:14:22,464][__main__][INFO] -   Device: cuda
[2026-04-08 17:14:22,465][__main__][INFO] - Creating model: TNML_P
[2026-04-08 17:18:02,551][__main__][INFO] - Early stopping at epoch 653 (no improvement for 100 epochs)
[2026-04-08 17:18:02,560][__main__][INFO] - Results saved to: /home/nicci/GTN/outputs/gtn/bike/TNML_P_rg0.005_init0.1/L4_bd4_seed47311/results.json
[2026-04-08 17:18:02,560][__main__][INFO] - ✓ Train R²: -1.0933
[2026-04-08 17:18:02,560][__main__][INFO] - ✓ Val R²: -1.0432
[2026-04-08 17:18:02,561][HYDRA] 	#19 : model.L=4 model.bond_dim=4 seed=47303 trainer.lr=0.005 trainer.ridge=0.005 trainer.optimizer=adamw +experiment=uci_gtn_sweep model=tnml_p dataset=bike
[2026-04-08 17:18:02,638][__main__][INFO] - Configuration:
model:
  name: TNML_P
  L: 4
  bond_dim: 4
  output_site: null
  init_strength: 0.1
dataset:
  name: bike
  task: regression
  cap: 50
  size: medium
  batch_size: 256
slurm:
  partition: titans
  time: '12:00:00'
  mem: 2gb
  gpu_arch: Ampere
  cpus: 1
  gpu: 1
hpc:
  queue: gpuv100
  time: '12:00'
  mem: 500MB
  cpus: 4
  gpu: 1
trainer:
  type: gtn
  n_epochs: 1000
  lr: 0.005
  optimizer: adamw
  ridge: 0.005
  loss_fn: null
  patience: 100
  min_delta: 0.001
  train_selection: true
seed: 47303
experiment_name: ${model.name}_${dataset.name}_${trainer.type}_rg${trainer.ridge}_init${model.init_strength}
skip_completed: true
update_tracking: false

[2026-04-08 17:18:02,640][__main__][INFO] - Output directory: /home/nicci/GTN/outputs/gtn/bike/TNML_P_rg0.005_init0.1/L4_bd4_seed47303
[2026-04-08 17:18:02,641][__main__][INFO] - Loading dataset: bike
[2026-04-08 17:18:10,811][__main__][INFO] -   Samples: train=12165, val=2607, test=2607
[2026-04-08 17:18:10,812][__main__][INFO] -   Features: 13 (including bias), Task: regression
[2026-04-08 17:18:10,812][__main__][INFO] -   Device: cuda
[2026-04-08 17:18:10,812][__main__][INFO] - Creating model: TNML_P
[2026-04-08 17:21:41,162][__main__][INFO] - Early stopping at epoch 624 (no improvement for 100 epochs)
[2026-04-08 17:21:41,171][__main__][INFO] - Results saved to: /home/nicci/GTN/outputs/gtn/bike/TNML_P_rg0.005_init0.1/L4_bd4_seed47303/results.json
[2026-04-08 17:21:41,171][__main__][INFO] - ✓ Train R²: -1.0938
[2026-04-08 17:21:41,171][__main__][INFO] - ✓ Val R²: -1.0436
[2026-04-08 17:21:41,172][HYDRA] 	#20 : model.L=4 model.bond_dim=8 seed=42 trainer.lr=0.005 trainer.ridge=0.005 trainer.optimizer=adamw +experiment=uci_gtn_sweep model=tnml_p dataset=bike
[2026-04-08 17:21:41,251][__main__][INFO] - Configuration:
model:
  name: TNML_P
  L: 4
  bond_dim: 8
  output_site: null
  init_strength: 0.1
dataset:
  name: bike
  task: regression
  cap: 50
  size: medium
  batch_size: 256
slurm:
  partition: titans
  time: '12:00:00'
  mem: 2gb
  gpu_arch: Ampere
  cpus: 1
  gpu: 1
hpc:
  queue: gpuv100
  time: '12:00'
  mem: 500MB
  cpus: 4
  gpu: 1
trainer:
  type: gtn
  n_epochs: 1000
  lr: 0.005
  optimizer: adamw
  ridge: 0.005
  loss_fn: null
  patience: 100
  min_delta: 0.001
  train_selection: true
seed: 42
experiment_name: ${model.name}_${dataset.name}_${trainer.type}_rg${trainer.ridge}_init${model.init_strength}
skip_completed: true
update_tracking: false

[2026-04-08 17:21:41,253][__main__][INFO] - Output directory: /home/nicci/GTN/outputs/gtn/bike/TNML_P_rg0.005_init0.1/L4_bd8_seed42
[2026-04-08 17:21:41,254][__main__][INFO] - Loading dataset: bike
[2026-04-08 17:21:45,155][__main__][INFO] -   Samples: train=12165, val=2607, test=2607
[2026-04-08 17:21:45,155][__main__][INFO] -   Features: 13 (including bias), Task: regression
[2026-04-08 17:21:45,155][__main__][INFO] -   Device: cuda
[2026-04-08 17:21:45,155][__main__][INFO] - Creating model: TNML_P
[2026-04-08 17:25:10,143][__main__][INFO] - Early stopping at epoch 664 (no improvement for 100 epochs)
[2026-04-08 17:25:10,152][__main__][INFO] - Results saved to: /home/nicci/GTN/outputs/gtn/bike/TNML_P_rg0.005_init0.1/L4_bd8_seed42/results.json
[2026-04-08 17:25:10,152][__main__][INFO] - ✓ Train R²: -1.0936
[2026-04-08 17:25:10,152][__main__][INFO] - ✓ Val R²: -1.0435
[2026-04-08 17:25:10,153][HYDRA] 	#21 : model.L=4 model.bond_dim=8 seed=10090 trainer.lr=0.005 trainer.ridge=0.005 trainer.optimizer=adamw +experiment=uci_gtn_sweep model=tnml_p dataset=bike
[2026-04-08 17:25:10,231][__main__][INFO] - Configuration:
model:
  name: TNML_P
  L: 4
  bond_dim: 8
  output_site: null
  init_strength: 0.1
dataset:
  name: bike
  task: regression
  cap: 50
  size: medium
  batch_size: 256
slurm:
  partition: titans
  time: '12:00:00'
  mem: 2gb
  gpu_arch: Ampere
  cpus: 1
  gpu: 1
hpc:
  queue: gpuv100
  time: '12:00'
  mem: 500MB
  cpus: 4
  gpu: 1
trainer:
  type: gtn
  n_epochs: 1000
  lr: 0.005
  optimizer: adamw
  ridge: 0.005
  loss_fn: null
  patience: 100
  min_delta: 0.001
  train_selection: true
seed: 10090
experiment_name: ${model.name}_${dataset.name}_${trainer.type}_rg${trainer.ridge}_init${model.init_strength}
skip_completed: true
update_tracking: false

[2026-04-08 17:25:10,234][__main__][INFO] - Output directory: /home/nicci/GTN/outputs/gtn/bike/TNML_P_rg0.005_init0.1/L4_bd8_seed10090
[2026-04-08 17:25:10,234][__main__][INFO] - Loading dataset: bike
[2026-04-08 17:25:24,854][__main__][INFO] -   Samples: train=12165, val=2607, test=2607
[2026-04-08 17:25:24,855][__main__][INFO] -   Features: 13 (including bias), Task: regression
[2026-04-08 17:25:24,855][__main__][INFO] -   Device: cuda
[2026-04-08 17:25:24,855][__main__][INFO] - Creating model: TNML_P
[2026-04-08 17:28:47,626][__main__][INFO] - Early stopping at epoch 654 (no improvement for 100 epochs)
[2026-04-08 17:28:47,635][__main__][INFO] - Results saved to: /home/nicci/GTN/outputs/gtn/bike/TNML_P_rg0.005_init0.1/L4_bd8_seed10090/results.json
[2026-04-08 17:28:47,635][__main__][INFO] - ✓ Train R²: -1.0940
[2026-04-08 17:28:47,635][__main__][INFO] - ✓ Val R²: -1.0426
[2026-04-08 17:28:47,636][HYDRA] 	#22 : model.L=4 model.bond_dim=8 seed=32874 trainer.lr=0.005 trainer.ridge=0.005 trainer.optimizer=adamw +experiment=uci_gtn_sweep model=tnml_p dataset=bike
[2026-04-08 17:28:47,714][__main__][INFO] - Configuration:
model:
  name: TNML_P
  L: 4
  bond_dim: 8
  output_site: null
  init_strength: 0.1
dataset:
  name: bike
  task: regression
  cap: 50
  size: medium
  batch_size: 256
slurm:
  partition: titans
  time: '12:00:00'
  mem: 2gb
  gpu_arch: Ampere
  cpus: 1
  gpu: 1
hpc:
  queue: gpuv100
  time: '12:00'
  mem: 500MB
  cpus: 4
  gpu: 1
trainer:
  type: gtn
  n_epochs: 1000
  lr: 0.005
  optimizer: adamw
  ridge: 0.005
  loss_fn: null
  patience: 100
  min_delta: 0.001
  train_selection: true
seed: 32874
experiment_name: ${model.name}_${dataset.name}_${trainer.type}_rg${trainer.ridge}_init${model.init_strength}
skip_completed: true
update_tracking: false

[2026-04-08 17:28:47,717][__main__][INFO] - Output directory: /home/nicci/GTN/outputs/gtn/bike/TNML_P_rg0.005_init0.1/L4_bd8_seed32874
[2026-04-08 17:28:47,718][__main__][INFO] - Loading dataset: bike
[2026-04-08 17:28:56,238][__main__][INFO] -   Samples: train=12165, val=2607, test=2607
[2026-04-08 17:28:56,239][__main__][INFO] -   Features: 13 (including bias), Task: regression
[2026-04-08 17:28:56,239][__main__][INFO] -   Device: cuda
[2026-04-08 17:28:56,239][__main__][INFO] - Creating model: TNML_P
[2026-04-08 17:32:23,598][__main__][INFO] - Early stopping at epoch 670 (no improvement for 100 epochs)
[2026-04-08 17:32:23,607][__main__][INFO] - Results saved to: /home/nicci/GTN/outputs/gtn/bike/TNML_P_rg0.005_init0.1/L4_bd8_seed32874/results.json
[2026-04-08 17:32:23,607][__main__][INFO] - ✓ Train R²: -1.0935
[2026-04-08 17:32:23,607][__main__][INFO] - ✓ Val R²: -1.0434
[2026-04-08 17:32:23,608][HYDRA] 	#23 : model.L=4 model.bond_dim=8 seed=47311 trainer.lr=0.005 trainer.ridge=0.005 trainer.optimizer=adamw +experiment=uci_gtn_sweep model=tnml_p dataset=bike
[2026-04-08 17:32:23,687][__main__][INFO] - Configuration:
model:
  name: TNML_P
  L: 4
  bond_dim: 8
  output_site: null
  init_strength: 0.1
dataset:
  name: bike
  task: regression
  cap: 50
  size: medium
  batch_size: 256
slurm:
  partition: titans
  time: '12:00:00'
  mem: 2gb
  gpu_arch: Ampere
  cpus: 1
  gpu: 1
hpc:
  queue: gpuv100
  time: '12:00'
  mem: 500MB
  cpus: 4
  gpu: 1
trainer:
  type: gtn
  n_epochs: 1000
  lr: 0.005
  optimizer: adamw
  ridge: 0.005
  loss_fn: null
  patience: 100
  min_delta: 0.001
  train_selection: true
seed: 47311
experiment_name: ${model.name}_${dataset.name}_${trainer.type}_rg${trainer.ridge}_init${model.init_strength}
skip_completed: true
update_tracking: false

[2026-04-08 17:32:23,690][__main__][INFO] - Output directory: /home/nicci/GTN/outputs/gtn/bike/TNML_P_rg0.005_init0.1/L4_bd8_seed47311
[2026-04-08 17:32:23,690][__main__][INFO] - Loading dataset: bike
[2026-04-08 17:32:29,508][__main__][INFO] -   Samples: train=12165, val=2607, test=2607
[2026-04-08 17:32:29,509][__main__][INFO] -   Features: 13 (including bias), Task: regression
[2026-04-08 17:32:29,509][__main__][INFO] -   Device: cuda
[2026-04-08 17:32:29,509][__main__][INFO] - Creating model: TNML_P
[2026-04-08 17:35:48,364][__main__][INFO] - Early stopping at epoch 641 (no improvement for 100 epochs)
[2026-04-08 17:35:48,373][__main__][INFO] - Results saved to: /home/nicci/GTN/outputs/gtn/bike/TNML_P_rg0.005_init0.1/L4_bd8_seed47311/results.json
[2026-04-08 17:35:48,373][__main__][INFO] - ✓ Train R²: -1.0940
[2026-04-08 17:35:48,373][__main__][INFO] - ✓ Val R²: -1.0436
[2026-04-08 17:35:48,374][HYDRA] 	#24 : model.L=4 model.bond_dim=8 seed=47303 trainer.lr=0.005 trainer.ridge=0.005 trainer.optimizer=adamw +experiment=uci_gtn_sweep model=tnml_p dataset=bike
[2026-04-08 17:35:48,451][__main__][INFO] - Configuration:
model:
  name: TNML_P
  L: 4
  bond_dim: 8
  output_site: null
  init_strength: 0.1
dataset:
  name: bike
  task: regression
  cap: 50
  size: medium
  batch_size: 256
slurm:
  partition: titans
  time: '12:00:00'
  mem: 2gb
  gpu_arch: Ampere
  cpus: 1
  gpu: 1
hpc:
  queue: gpuv100
  time: '12:00'
  mem: 500MB
  cpus: 4
  gpu: 1
trainer:
  type: gtn
  n_epochs: 1000
  lr: 0.005
  optimizer: adamw
  ridge: 0.005
  loss_fn: null
  patience: 100
  min_delta: 0.001
  train_selection: true
seed: 47303
experiment_name: ${model.name}_${dataset.name}_${trainer.type}_rg${trainer.ridge}_init${model.init_strength}
skip_completed: true
update_tracking: false

[2026-04-08 17:35:48,454][__main__][INFO] - Output directory: /home/nicci/GTN/outputs/gtn/bike/TNML_P_rg0.005_init0.1/L4_bd8_seed47303
[2026-04-08 17:35:48,455][__main__][INFO] - Loading dataset: bike
[2026-04-08 17:35:53,019][__main__][INFO] -   Samples: train=12165, val=2607, test=2607
[2026-04-08 17:35:53,019][__main__][INFO] -   Features: 13 (including bias), Task: regression
[2026-04-08 17:35:53,019][__main__][INFO] -   Device: cuda
[2026-04-08 17:35:53,019][__main__][INFO] - Creating model: TNML_P
[2026-04-08 17:39:15,340][__main__][INFO] - Early stopping at epoch 651 (no improvement for 100 epochs)
[2026-04-08 17:39:15,349][__main__][INFO] - Results saved to: /home/nicci/GTN/outputs/gtn/bike/TNML_P_rg0.005_init0.1/L4_bd8_seed47303/results.json
[2026-04-08 17:39:15,349][__main__][INFO] - ✓ Train R²: -1.0936
[2026-04-08 17:39:15,349][__main__][INFO] - ✓ Val R²: -1.0440
[2026-04-08 17:39:15,350][HYDRA] 	#25 : model.L=4 model.bond_dim=12 seed=42 trainer.lr=0.005 trainer.ridge=0.005 trainer.optimizer=adamw +experiment=uci_gtn_sweep model=tnml_p dataset=bike
[2026-04-08 17:39:15,426][__main__][INFO] - Configuration:
model:
  name: TNML_P
  L: 4
  bond_dim: 12
  output_site: null
  init_strength: 0.1
dataset:
  name: bike
  task: regression
  cap: 50
  size: medium
  batch_size: 256
slurm:
  partition: titans
  time: '12:00:00'
  mem: 2gb
  gpu_arch: Ampere
  cpus: 1
  gpu: 1
hpc:
  queue: gpuv100
  time: '12:00'
  mem: 500MB
  cpus: 4
  gpu: 1
trainer:
  type: gtn
  n_epochs: 1000
  lr: 0.005
  optimizer: adamw
  ridge: 0.005
  loss_fn: null
  patience: 100
  min_delta: 0.001
  train_selection: true
seed: 42
experiment_name: ${model.name}_${dataset.name}_${trainer.type}_rg${trainer.ridge}_init${model.init_strength}
skip_completed: true
update_tracking: false

[2026-04-08 17:39:15,430][__main__][INFO] - Output directory: /home/nicci/GTN/outputs/gtn/bike/TNML_P_rg0.005_init0.1/L4_bd12_seed42
[2026-04-08 17:39:15,430][__main__][INFO] - Loading dataset: bike
[2026-04-08 17:39:29,660][__main__][INFO] -   Samples: train=12165, val=2607, test=2607
[2026-04-08 17:39:29,661][__main__][INFO] -   Features: 13 (including bias), Task: regression
[2026-04-08 17:39:29,661][__main__][INFO] -   Device: cuda
[2026-04-08 17:39:29,661][__main__][INFO] - Creating model: TNML_P
[2026-04-08 17:42:53,327][__main__][INFO] - Early stopping at epoch 666 (no improvement for 100 epochs)
[2026-04-08 17:42:53,336][__main__][INFO] - Results saved to: /home/nicci/GTN/outputs/gtn/bike/TNML_P_rg0.005_init0.1/L4_bd12_seed42/results.json
[2026-04-08 17:42:53,336][__main__][INFO] - ✓ Train R²: -1.0936
[2026-04-08 17:42:53,336][__main__][INFO] - ✓ Val R²: -1.0430
[2026-04-08 17:42:53,337][HYDRA] 	#26 : model.L=4 model.bond_dim=12 seed=10090 trainer.lr=0.005 trainer.ridge=0.005 trainer.optimizer=adamw +experiment=uci_gtn_sweep model=tnml_p dataset=bike
[2026-04-08 17:42:53,414][__main__][INFO] - Configuration:
model:
  name: TNML_P
  L: 4
  bond_dim: 12
  output_site: null
  init_strength: 0.1
dataset:
  name: bike
  task: regression
  cap: 50
  size: medium
  batch_size: 256
slurm:
  partition: titans
  time: '12:00:00'
  mem: 2gb
  gpu_arch: Ampere
  cpus: 1
  gpu: 1
hpc:
  queue: gpuv100
  time: '12:00'
  mem: 500MB
  cpus: 4
  gpu: 1
trainer:
  type: gtn
  n_epochs: 1000
  lr: 0.005
  optimizer: adamw
  ridge: 0.005
  loss_fn: null
  patience: 100
  min_delta: 0.001
  train_selection: true
seed: 10090
experiment_name: ${model.name}_${dataset.name}_${trainer.type}_rg${trainer.ridge}_init${model.init_strength}
skip_completed: true
update_tracking: false

[2026-04-08 17:42:53,417][__main__][INFO] - Output directory: /home/nicci/GTN/outputs/gtn/bike/TNML_P_rg0.005_init0.1/L4_bd12_seed10090
[2026-04-08 17:42:53,418][__main__][INFO] - Loading dataset: bike
[2026-04-08 17:43:01,173][__main__][INFO] -   Samples: train=12165, val=2607, test=2607
[2026-04-08 17:43:01,173][__main__][INFO] -   Features: 13 (including bias), Task: regression
[2026-04-08 17:43:01,173][__main__][INFO] -   Device: cuda
[2026-04-08 17:43:01,173][__main__][INFO] - Creating model: TNML_P
[2026-04-08 17:46:32,412][__main__][INFO] - Early stopping at epoch 697 (no improvement for 100 epochs)
[2026-04-08 17:46:32,420][__main__][INFO] - Results saved to: /home/nicci/GTN/outputs/gtn/bike/TNML_P_rg0.005_init0.1/L4_bd12_seed10090/results.json
[2026-04-08 17:46:32,420][__main__][INFO] - ✓ Train R²: -1.0936
[2026-04-08 17:46:32,421][__main__][INFO] - ✓ Val R²: -1.0431
[2026-04-08 17:46:32,421][HYDRA] 	#27 : model.L=4 model.bond_dim=12 seed=32874 trainer.lr=0.005 trainer.ridge=0.005 trainer.optimizer=adamw +experiment=uci_gtn_sweep model=tnml_p dataset=bike
[2026-04-08 17:46:32,493][__main__][INFO] - Configuration:
model:
  name: TNML_P
  L: 4
  bond_dim: 12
  output_site: null
  init_strength: 0.1
dataset:
  name: bike
  task: regression
  cap: 50
  size: medium
  batch_size: 256
slurm:
  partition: titans
  time: '12:00:00'
  mem: 2gb
  gpu_arch: Ampere
  cpus: 1
  gpu: 1
hpc:
  queue: gpuv100
  time: '12:00'
  mem: 500MB
  cpus: 4
  gpu: 1
trainer:
  type: gtn
  n_epochs: 1000
  lr: 0.005
  optimizer: adamw
  ridge: 0.005
  loss_fn: null
  patience: 100
  min_delta: 0.001
  train_selection: true
seed: 32874
experiment_name: ${model.name}_${dataset.name}_${trainer.type}_rg${trainer.ridge}_init${model.init_strength}
skip_completed: true
update_tracking: false

[2026-04-08 17:46:32,494][__main__][INFO] - Output directory: /home/nicci/GTN/outputs/gtn/bike/TNML_P_rg0.005_init0.1/L4_bd12_seed32874
[2026-04-08 17:46:32,494][__main__][INFO] - Loading dataset: bike
[2026-04-08 17:46:42,101][__main__][INFO] -   Samples: train=12165, val=2607, test=2607
[2026-04-08 17:46:42,101][__main__][INFO] -   Features: 13 (including bias), Task: regression
[2026-04-08 17:46:42,101][__main__][INFO] -   Device: cuda
[2026-04-08 17:46:42,101][__main__][INFO] - Creating model: TNML_P
[2026-04-08 17:49:59,642][__main__][INFO] - Early stopping at epoch 647 (no improvement for 100 epochs)
[2026-04-08 17:49:59,650][__main__][INFO] - Results saved to: /home/nicci/GTN/outputs/gtn/bike/TNML_P_rg0.005_init0.1/L4_bd12_seed32874/results.json
[2026-04-08 17:49:59,650][__main__][INFO] - ✓ Train R²: -1.0942
[2026-04-08 17:49:59,650][__main__][INFO] - ✓ Val R²: -1.0439
[2026-04-08 17:49:59,651][HYDRA] 	#28 : model.L=4 model.bond_dim=12 seed=47311 trainer.lr=0.005 trainer.ridge=0.005 trainer.optimizer=adamw +experiment=uci_gtn_sweep model=tnml_p dataset=bike
[2026-04-08 17:49:59,723][__main__][INFO] - Configuration:
model:
  name: TNML_P
  L: 4
  bond_dim: 12
  output_site: null
  init_strength: 0.1
dataset:
  name: bike
  task: regression
  cap: 50
  size: medium
  batch_size: 256
slurm:
  partition: titans
  time: '12:00:00'
  mem: 2gb
  gpu_arch: Ampere
  cpus: 1
  gpu: 1
hpc:
  queue: gpuv100
  time: '12:00'
  mem: 500MB
  cpus: 4
  gpu: 1
trainer:
  type: gtn
  n_epochs: 1000
  lr: 0.005
  optimizer: adamw
  ridge: 0.005
  loss_fn: null
  patience: 100
  min_delta: 0.001
  train_selection: true
seed: 47311
experiment_name: ${model.name}_${dataset.name}_${trainer.type}_rg${trainer.ridge}_init${model.init_strength}
skip_completed: true
update_tracking: false

[2026-04-08 17:49:59,723][__main__][INFO] - Output directory: /home/nicci/GTN/outputs/gtn/bike/TNML_P_rg0.005_init0.1/L4_bd12_seed47311
[2026-04-08 17:49:59,724][__main__][INFO] - Loading dataset: bike
[2026-04-08 17:50:03,629][__main__][INFO] -   Samples: train=12165, val=2607, test=2607
[2026-04-08 17:50:03,629][__main__][INFO] -   Features: 13 (including bias), Task: regression
[2026-04-08 17:50:03,629][__main__][INFO] -   Device: cuda
[2026-04-08 17:50:03,629][__main__][INFO] - Creating model: TNML_P
[2026-04-08 17:53:16,520][__main__][INFO] - Early stopping at epoch 633 (no improvement for 100 epochs)
[2026-04-08 17:53:16,528][__main__][INFO] - Results saved to: /home/nicci/GTN/outputs/gtn/bike/TNML_P_rg0.005_init0.1/L4_bd12_seed47311/results.json
[2026-04-08 17:53:16,529][__main__][INFO] - ✓ Train R²: -1.0939
[2026-04-08 17:53:16,529][__main__][INFO] - ✓ Val R²: -1.0434
[2026-04-08 17:53:16,530][HYDRA] 	#29 : model.L=4 model.bond_dim=12 seed=47303 trainer.lr=0.005 trainer.ridge=0.005 trainer.optimizer=adamw +experiment=uci_gtn_sweep model=tnml_p dataset=bike
[2026-04-08 17:53:16,604][__main__][INFO] - Configuration:
model:
  name: TNML_P
  L: 4
  bond_dim: 12
  output_site: null
  init_strength: 0.1
dataset:
  name: bike
  task: regression
  cap: 50
  size: medium
  batch_size: 256
slurm:
  partition: titans
  time: '12:00:00'
  mem: 2gb
  gpu_arch: Ampere
  cpus: 1
  gpu: 1
hpc:
  queue: gpuv100
  time: '12:00'
  mem: 500MB
  cpus: 4
  gpu: 1
trainer:
  type: gtn
  n_epochs: 1000
  lr: 0.005
  optimizer: adamw
  ridge: 0.005
  loss_fn: null
  patience: 100
  min_delta: 0.001
  train_selection: true
seed: 47303
experiment_name: ${model.name}_${dataset.name}_${trainer.type}_rg${trainer.ridge}_init${model.init_strength}
skip_completed: true
update_tracking: false

[2026-04-08 17:53:16,605][__main__][INFO] - Output directory: /home/nicci/GTN/outputs/gtn/bike/TNML_P_rg0.005_init0.1/L4_bd12_seed47303
[2026-04-08 17:53:16,605][__main__][INFO] - Loading dataset: bike
[2026-04-08 17:53:24,847][__main__][INFO] -   Samples: train=12165, val=2607, test=2607
[2026-04-08 17:53:24,847][__main__][INFO] -   Features: 13 (including bias), Task: regression
[2026-04-08 17:53:24,847][__main__][INFO] -   Device: cuda
[2026-04-08 17:53:24,847][__main__][INFO] - Creating model: TNML_P
[2026-04-08 17:56:55,161][__main__][INFO] - Early stopping at epoch 688 (no improvement for 100 epochs)
[2026-04-08 17:56:55,170][__main__][INFO] - Results saved to: /home/nicci/GTN/outputs/gtn/bike/TNML_P_rg0.005_init0.1/L4_bd12_seed47303/results.json
[2026-04-08 17:56:55,170][__main__][INFO] - ✓ Train R²: -1.0941
[2026-04-08 17:56:55,170][__main__][INFO] - ✓ Val R²: -1.0431
Done: 2026-04-08-17:56:56
