Node: comp-gpu01
Array Job ID: 409191, Task ID: 2
Start: 2026-04-01-19:34:15
Running: model=cpda_typei dataset=appliances
[2026-04-01 19:34:25,910][HYDRA] Launching 40 jobs locally
[2026-04-01 19:34:25,910][HYDRA] 	#0 : model.L=3 model.bond_dim=8 seed=42 trainer.lr=0.005 trainer.ridge=0.005 trainer.optimizer=adamw +experiment=cpda_gtn_sweep model=cpda_typei dataset=appliances
[2026-04-01 19:34:26,059][__main__][INFO] - Configuration:
model:
  name: CPDATypeI
  L: 3
  bond_dim: 8
  output_site: null
  init_strength: 0.1
dataset:
  name: appliances
  task: regression
  cap: 50
  size: large
  batch_size: 128
slurm:
  partition: titans
  time: '24:00:00'
  mem: 2gb
  gpu_arch: Ampere
  cpus: 1
  gpu: 1
hpc:
  queue: gpuv100
  time: '24:00'
  mem: 500MB
  cpus: 4
  gpu: 1
trainer:
  type: gtn
  n_epochs: 1000
  lr: 0.005
  optimizer: adamw
  ridge: 0.005
  loss_fn: null
  patience: 100
  min_delta: 0.001
  train_selection: true
seed: 42
experiment_name: ${model.name}_${dataset.name}_${trainer.type}_rg${trainer.ridge}_init${model.init_strength}
skip_completed: true

[2026-04-01 19:34:26,064][__main__][INFO] - Output directory: /home/nicci/GTN/outputs/gtn/appliances/CPDATypeI_rg0.005_init0.1/L3_bd8_seed42
[2026-04-01 19:34:26,065][__main__][INFO] - Loading dataset: appliances
[2026-04-01 19:34:34,869][__main__][INFO] -   Samples: train=13814, val=2960, test=2961
[2026-04-01 19:34:34,869][__main__][INFO] -   Features: 28 (including bias), Task: regression
[2026-04-01 19:34:34,869][__main__][INFO] -   Device: cuda
[2026-04-01 19:34:34,870][__main__][INFO] - Creating model: CPDATypeI
[2026-04-01 19:45:11,127][__main__][INFO] - Early stopping at epoch 722 (no improvement for 100 epochs)
[2026-04-01 19:45:11,142][__main__][INFO] - Results saved to: /home/nicci/GTN/outputs/gtn/appliances/CPDATypeI_rg0.005_init0.1/L3_bd8_seed42/results.json
[2026-04-01 19:45:11,142][__main__][INFO] - ✓ Train R²: 0.4302
[2026-04-01 19:45:11,143][__main__][INFO] - ✓ Val R²: 0.2872
[2026-04-01 19:45:11,144][HYDRA] 	#1 : model.L=3 model.bond_dim=8 seed=10090 trainer.lr=0.005 trainer.ridge=0.005 trainer.optimizer=adamw +experiment=cpda_gtn_sweep model=cpda_typei dataset=appliances
[2026-04-01 19:45:11,300][__main__][INFO] - Configuration:
model:
  name: CPDATypeI
  L: 3
  bond_dim: 8
  output_site: null
  init_strength: 0.1
dataset:
  name: appliances
  task: regression
  cap: 50
  size: large
  batch_size: 128
slurm:
  partition: titans
  time: '24:00:00'
  mem: 2gb
  gpu_arch: Ampere
  cpus: 1
  gpu: 1
hpc:
  queue: gpuv100
  time: '24:00'
  mem: 500MB
  cpus: 4
  gpu: 1
trainer:
  type: gtn
  n_epochs: 1000
  lr: 0.005
  optimizer: adamw
  ridge: 0.005
  loss_fn: null
  patience: 100
  min_delta: 0.001
  train_selection: true
seed: 10090
experiment_name: ${model.name}_${dataset.name}_${trainer.type}_rg${trainer.ridge}_init${model.init_strength}
skip_completed: true

[2026-04-01 19:45:11,305][__main__][INFO] - Output directory: /home/nicci/GTN/outputs/gtn/appliances/CPDATypeI_rg0.005_init0.1/L3_bd8_seed10090
[2026-04-01 19:45:11,306][__main__][INFO] - Loading dataset: appliances
[2026-04-01 19:45:15,785][__main__][INFO] -   Samples: train=13814, val=2960, test=2961
[2026-04-01 19:45:15,786][__main__][INFO] -   Features: 28 (including bias), Task: regression
[2026-04-01 19:45:15,786][__main__][INFO] -   Device: cuda
[2026-04-01 19:45:15,786][__main__][INFO] - Creating model: CPDATypeI
[2026-04-01 19:53:56,151][__main__][INFO] - Early stopping at epoch 602 (no improvement for 100 epochs)
[2026-04-01 19:53:56,165][__main__][INFO] - Results saved to: /home/nicci/GTN/outputs/gtn/appliances/CPDATypeI_rg0.005_init0.1/L3_bd8_seed10090/results.json
[2026-04-01 19:53:56,165][__main__][INFO] - ✓ Train R²: 0.4293
[2026-04-01 19:53:56,165][__main__][INFO] - ✓ Val R²: 0.2864
[2026-04-01 19:53:56,166][HYDRA] 	#2 : model.L=3 model.bond_dim=8 seed=32874 trainer.lr=0.005 trainer.ridge=0.005 trainer.optimizer=adamw +experiment=cpda_gtn_sweep model=cpda_typei dataset=appliances
[2026-04-01 19:53:56,316][__main__][INFO] - Configuration:
model:
  name: CPDATypeI
  L: 3
  bond_dim: 8
  output_site: null
  init_strength: 0.1
dataset:
  name: appliances
  task: regression
  cap: 50
  size: large
  batch_size: 128
slurm:
  partition: titans
  time: '24:00:00'
  mem: 2gb
  gpu_arch: Ampere
  cpus: 1
  gpu: 1
hpc:
  queue: gpuv100
  time: '24:00'
  mem: 500MB
  cpus: 4
  gpu: 1
trainer:
  type: gtn
  n_epochs: 1000
  lr: 0.005
  optimizer: adamw
  ridge: 0.005
  loss_fn: null
  patience: 100
  min_delta: 0.001
  train_selection: true
seed: 32874
experiment_name: ${model.name}_${dataset.name}_${trainer.type}_rg${trainer.ridge}_init${model.init_strength}
skip_completed: true

[2026-04-01 19:53:56,319][__main__][INFO] - Output directory: /home/nicci/GTN/outputs/gtn/appliances/CPDATypeI_rg0.005_init0.1/L3_bd8_seed32874
[2026-04-01 19:53:56,319][__main__][INFO] - Loading dataset: appliances
[2026-04-01 19:54:00,258][__main__][INFO] -   Samples: train=13814, val=2960, test=2961
[2026-04-01 19:54:00,258][__main__][INFO] -   Features: 28 (including bias), Task: regression
[2026-04-01 19:54:00,258][__main__][INFO] -   Device: cuda
[2026-04-01 19:54:00,258][__main__][INFO] - Creating model: CPDATypeI
[2026-04-01 20:02:14,647][__main__][INFO] - Early stopping at epoch 568 (no improvement for 100 epochs)
[2026-04-01 20:02:14,658][__main__][INFO] - Results saved to: /home/nicci/GTN/outputs/gtn/appliances/CPDATypeI_rg0.005_init0.1/L3_bd8_seed32874/results.json
[2026-04-01 20:02:14,658][__main__][INFO] - ✓ Train R²: 0.4265
[2026-04-01 20:02:14,658][__main__][INFO] - ✓ Val R²: 0.2714
[2026-04-01 20:02:14,659][HYDRA] 	#3 : model.L=3 model.bond_dim=8 seed=47311 trainer.lr=0.005 trainer.ridge=0.005 trainer.optimizer=adamw +experiment=cpda_gtn_sweep model=cpda_typei dataset=appliances
[2026-04-01 20:02:14,804][__main__][INFO] - Configuration:
model:
  name: CPDATypeI
  L: 3
  bond_dim: 8
  output_site: null
  init_strength: 0.1
dataset:
  name: appliances
  task: regression
  cap: 50
  size: large
  batch_size: 128
slurm:
  partition: titans
  time: '24:00:00'
  mem: 2gb
  gpu_arch: Ampere
  cpus: 1
  gpu: 1
hpc:
  queue: gpuv100
  time: '24:00'
  mem: 500MB
  cpus: 4
  gpu: 1
trainer:
  type: gtn
  n_epochs: 1000
  lr: 0.005
  optimizer: adamw
  ridge: 0.005
  loss_fn: null
  patience: 100
  min_delta: 0.001
  train_selection: true
seed: 47311
experiment_name: ${model.name}_${dataset.name}_${trainer.type}_rg${trainer.ridge}_init${model.init_strength}
skip_completed: true

[2026-04-01 20:02:14,805][__main__][INFO] - Output directory: /home/nicci/GTN/outputs/gtn/appliances/CPDATypeI_rg0.005_init0.1/L3_bd8_seed47311
[2026-04-01 20:02:14,805][__main__][INFO] - Loading dataset: appliances
[2026-04-01 20:02:18,904][__main__][INFO] -   Samples: train=13814, val=2960, test=2961
[2026-04-01 20:02:18,905][__main__][INFO] -   Features: 28 (including bias), Task: regression
[2026-04-01 20:02:18,905][__main__][INFO] -   Device: cuda
[2026-04-01 20:02:18,905][__main__][INFO] - Creating model: CPDATypeI
[2026-04-01 20:14:38,364][__main__][INFO] - Early stopping at epoch 850 (no improvement for 100 epochs)
[2026-04-01 20:14:38,381][__main__][INFO] - Results saved to: /home/nicci/GTN/outputs/gtn/appliances/CPDATypeI_rg0.005_init0.1/L3_bd8_seed47311/results.json
[2026-04-01 20:14:38,382][__main__][INFO] - ✓ Train R²: 0.4392
[2026-04-01 20:14:38,382][__main__][INFO] - ✓ Val R²: 0.2817
[2026-04-01 20:14:38,384][HYDRA] 	#4 : model.L=3 model.bond_dim=8 seed=47303 trainer.lr=0.005 trainer.ridge=0.005 trainer.optimizer=adamw +experiment=cpda_gtn_sweep model=cpda_typei dataset=appliances
[2026-04-01 20:14:38,540][__main__][INFO] - Configuration:
model:
  name: CPDATypeI
  L: 3
  bond_dim: 8
  output_site: null
  init_strength: 0.1
dataset:
  name: appliances
  task: regression
  cap: 50
  size: large
  batch_size: 128
slurm:
  partition: titans
  time: '24:00:00'
  mem: 2gb
  gpu_arch: Ampere
  cpus: 1
  gpu: 1
hpc:
  queue: gpuv100
  time: '24:00'
  mem: 500MB
  cpus: 4
  gpu: 1
trainer:
  type: gtn
  n_epochs: 1000
  lr: 0.005
  optimizer: adamw
  ridge: 0.005
  loss_fn: null
  patience: 100
  min_delta: 0.001
  train_selection: true
seed: 47303
experiment_name: ${model.name}_${dataset.name}_${trainer.type}_rg${trainer.ridge}_init${model.init_strength}
skip_completed: true

[2026-04-01 20:14:38,543][__main__][INFO] - Output directory: /home/nicci/GTN/outputs/gtn/appliances/CPDATypeI_rg0.005_init0.1/L3_bd8_seed47303
[2026-04-01 20:14:38,544][__main__][INFO] - Loading dataset: appliances
[2026-04-01 20:14:42,320][__main__][INFO] -   Samples: train=13814, val=2960, test=2961
[2026-04-01 20:14:42,320][__main__][INFO] -   Features: 28 (including bias), Task: regression
[2026-04-01 20:14:42,320][__main__][INFO] -   Device: cuda
[2026-04-01 20:14:42,320][__main__][INFO] - Creating model: CPDATypeI
[2026-04-01 20:20:18,369][__main__][INFO] - Early stopping at epoch 386 (no improvement for 100 epochs)
[2026-04-01 20:20:18,381][__main__][INFO] - Results saved to: /home/nicci/GTN/outputs/gtn/appliances/CPDATypeI_rg0.005_init0.1/L3_bd8_seed47303/results.json
[2026-04-01 20:20:18,381][__main__][INFO] - ✓ Train R²: 0.4094
[2026-04-01 20:20:18,381][__main__][INFO] - ✓ Val R²: 0.2698
[2026-04-01 20:20:18,382][HYDRA] 	#5 : model.L=3 model.bond_dim=16 seed=42 trainer.lr=0.005 trainer.ridge=0.005 trainer.optimizer=adamw +experiment=cpda_gtn_sweep model=cpda_typei dataset=appliances
[2026-04-01 20:20:18,538][__main__][INFO] - Configuration:
model:
  name: CPDATypeI
  L: 3
  bond_dim: 16
  output_site: null
  init_strength: 0.1
dataset:
  name: appliances
  task: regression
  cap: 50
  size: large
  batch_size: 128
slurm:
  partition: titans
  time: '24:00:00'
  mem: 2gb
  gpu_arch: Ampere
  cpus: 1
  gpu: 1
hpc:
  queue: gpuv100
  time: '24:00'
  mem: 500MB
  cpus: 4
  gpu: 1
trainer:
  type: gtn
  n_epochs: 1000
  lr: 0.005
  optimizer: adamw
  ridge: 0.005
  loss_fn: null
  patience: 100
  min_delta: 0.001
  train_selection: true
seed: 42
experiment_name: ${model.name}_${dataset.name}_${trainer.type}_rg${trainer.ridge}_init${model.init_strength}
skip_completed: true

[2026-04-01 20:20:18,541][__main__][INFO] - Output directory: /home/nicci/GTN/outputs/gtn/appliances/CPDATypeI_rg0.005_init0.1/L3_bd16_seed42
[2026-04-01 20:20:18,541][__main__][INFO] - Loading dataset: appliances
[2026-04-01 20:20:22,954][__main__][INFO] -   Samples: train=13814, val=2960, test=2961
[2026-04-01 20:20:22,955][__main__][INFO] -   Features: 28 (including bias), Task: regression
[2026-04-01 20:20:22,955][__main__][INFO] -   Device: cuda
[2026-04-01 20:20:22,955][__main__][INFO] - Creating model: CPDATypeI
[2026-04-01 20:28:46,028][__main__][INFO] - Early stopping at epoch 573 (no improvement for 100 epochs)
[2026-04-01 20:28:46,040][__main__][INFO] - Results saved to: /home/nicci/GTN/outputs/gtn/appliances/CPDATypeI_rg0.005_init0.1/L3_bd16_seed42/results.json
[2026-04-01 20:28:46,040][__main__][INFO] - ✓ Train R²: 0.4846
[2026-04-01 20:28:46,040][__main__][INFO] - ✓ Val R²: 0.3025
[2026-04-01 20:28:46,042][HYDRA] 	#6 : model.L=3 model.bond_dim=16 seed=10090 trainer.lr=0.005 trainer.ridge=0.005 trainer.optimizer=adamw +experiment=cpda_gtn_sweep model=cpda_typei dataset=appliances
[2026-04-01 20:28:46,187][__main__][INFO] - Configuration:
model:
  name: CPDATypeI
  L: 3
  bond_dim: 16
  output_site: null
  init_strength: 0.1
dataset:
  name: appliances
  task: regression
  cap: 50
  size: large
  batch_size: 128
slurm:
  partition: titans
  time: '24:00:00'
  mem: 2gb
  gpu_arch: Ampere
  cpus: 1
  gpu: 1
hpc:
  queue: gpuv100
  time: '24:00'
  mem: 500MB
  cpus: 4
  gpu: 1
trainer:
  type: gtn
  n_epochs: 1000
  lr: 0.005
  optimizer: adamw
  ridge: 0.005
  loss_fn: null
  patience: 100
  min_delta: 0.001
  train_selection: true
seed: 10090
experiment_name: ${model.name}_${dataset.name}_${trainer.type}_rg${trainer.ridge}_init${model.init_strength}
skip_completed: true

[2026-04-01 20:28:46,188][__main__][INFO] - Output directory: /home/nicci/GTN/outputs/gtn/appliances/CPDATypeI_rg0.005_init0.1/L3_bd16_seed10090
[2026-04-01 20:28:46,188][__main__][INFO] - Loading dataset: appliances
[2026-04-01 20:28:52,141][__main__][INFO] -   Samples: train=13814, val=2960, test=2961
[2026-04-01 20:28:52,142][__main__][INFO] -   Features: 28 (including bias), Task: regression
[2026-04-01 20:28:52,142][__main__][INFO] -   Device: cuda
[2026-04-01 20:28:52,142][__main__][INFO] - Creating model: CPDATypeI
[2026-04-01 20:36:43,604][__main__][INFO] - Early stopping at epoch 538 (no improvement for 100 epochs)
[2026-04-01 20:36:43,615][__main__][INFO] - Results saved to: /home/nicci/GTN/outputs/gtn/appliances/CPDATypeI_rg0.005_init0.1/L3_bd16_seed10090/results.json
[2026-04-01 20:36:43,616][__main__][INFO] - ✓ Train R²: 0.4823
[2026-04-01 20:36:43,616][__main__][INFO] - ✓ Val R²: 0.3102
[2026-04-01 20:36:43,617][HYDRA] 	#7 : model.L=3 model.bond_dim=16 seed=32874 trainer.lr=0.005 trainer.ridge=0.005 trainer.optimizer=adamw +experiment=cpda_gtn_sweep model=cpda_typei dataset=appliances
[2026-04-01 20:36:43,763][__main__][INFO] - Configuration:
model:
  name: CPDATypeI
  L: 3
  bond_dim: 16
  output_site: null
  init_strength: 0.1
dataset:
  name: appliances
  task: regression
  cap: 50
  size: large
  batch_size: 128
slurm:
  partition: titans
  time: '24:00:00'
  mem: 2gb
  gpu_arch: Ampere
  cpus: 1
  gpu: 1
hpc:
  queue: gpuv100
  time: '24:00'
  mem: 500MB
  cpus: 4
  gpu: 1
trainer:
  type: gtn
  n_epochs: 1000
  lr: 0.005
  optimizer: adamw
  ridge: 0.005
  loss_fn: null
  patience: 100
  min_delta: 0.001
  train_selection: true
seed: 32874
experiment_name: ${model.name}_${dataset.name}_${trainer.type}_rg${trainer.ridge}_init${model.init_strength}
skip_completed: true

[2026-04-01 20:36:43,764][__main__][INFO] - Output directory: /home/nicci/GTN/outputs/gtn/appliances/CPDATypeI_rg0.005_init0.1/L3_bd16_seed32874
[2026-04-01 20:36:43,764][__main__][INFO] - Loading dataset: appliances
[2026-04-01 20:36:51,814][__main__][INFO] -   Samples: train=13814, val=2960, test=2961
[2026-04-01 20:36:51,814][__main__][INFO] -   Features: 28 (including bias), Task: regression
[2026-04-01 20:36:51,814][__main__][INFO] -   Device: cuda
[2026-04-01 20:36:51,814][__main__][INFO] - Creating model: CPDATypeI
[2026-04-01 20:47:51,236][__main__][INFO] - Early stopping at epoch 753 (no improvement for 100 epochs)
[2026-04-01 20:47:51,252][__main__][INFO] - Results saved to: /home/nicci/GTN/outputs/gtn/appliances/CPDATypeI_rg0.005_init0.1/L3_bd16_seed32874/results.json
[2026-04-01 20:47:51,252][__main__][INFO] - ✓ Train R²: 0.4925
[2026-04-01 20:47:51,252][__main__][INFO] - ✓ Val R²: 0.3043
[2026-04-01 20:47:51,255][HYDRA] 	#8 : model.L=3 model.bond_dim=16 seed=47311 trainer.lr=0.005 trainer.ridge=0.005 trainer.optimizer=adamw +experiment=cpda_gtn_sweep model=cpda_typei dataset=appliances
[2026-04-01 20:47:51,407][__main__][INFO] - Configuration:
model:
  name: CPDATypeI
  L: 3
  bond_dim: 16
  output_site: null
  init_strength: 0.1
dataset:
  name: appliances
  task: regression
  cap: 50
  size: large
  batch_size: 128
slurm:
  partition: titans
  time: '24:00:00'
  mem: 2gb
  gpu_arch: Ampere
  cpus: 1
  gpu: 1
hpc:
  queue: gpuv100
  time: '24:00'
  mem: 500MB
  cpus: 4
  gpu: 1
trainer:
  type: gtn
  n_epochs: 1000
  lr: 0.005
  optimizer: adamw
  ridge: 0.005
  loss_fn: null
  patience: 100
  min_delta: 0.001
  train_selection: true
seed: 47311
experiment_name: ${model.name}_${dataset.name}_${trainer.type}_rg${trainer.ridge}_init${model.init_strength}
skip_completed: true

[2026-04-01 20:47:51,410][__main__][INFO] - Output directory: /home/nicci/GTN/outputs/gtn/appliances/CPDATypeI_rg0.005_init0.1/L3_bd16_seed47311
[2026-04-01 20:47:51,410][__main__][INFO] - Loading dataset: appliances
[2026-04-01 20:47:56,278][__main__][INFO] -   Samples: train=13814, val=2960, test=2961
[2026-04-01 20:47:56,278][__main__][INFO] -   Features: 28 (including bias), Task: regression
[2026-04-01 20:47:56,278][__main__][INFO] -   Device: cuda
[2026-04-01 20:47:56,278][__main__][INFO] - Creating model: CPDATypeI
[2026-04-01 20:55:14,318][__main__][INFO] - Early stopping at epoch 500 (no improvement for 100 epochs)
[2026-04-01 20:55:14,330][__main__][INFO] - Results saved to: /home/nicci/GTN/outputs/gtn/appliances/CPDATypeI_rg0.005_init0.1/L3_bd16_seed47311/results.json
[2026-04-01 20:55:14,330][__main__][INFO] - ✓ Train R²: 0.4803
[2026-04-01 20:55:14,330][__main__][INFO] - ✓ Val R²: 0.3105
[2026-04-01 20:55:14,332][HYDRA] 	#9 : model.L=3 model.bond_dim=16 seed=47303 trainer.lr=0.005 trainer.ridge=0.005 trainer.optimizer=adamw +experiment=cpda_gtn_sweep model=cpda_typei dataset=appliances
[2026-04-01 20:55:14,483][__main__][INFO] - Configuration:
model:
  name: CPDATypeI
  L: 3
  bond_dim: 16
  output_site: null
  init_strength: 0.1
dataset:
  name: appliances
  task: regression
  cap: 50
  size: large
  batch_size: 128
slurm:
  partition: titans
  time: '24:00:00'
  mem: 2gb
  gpu_arch: Ampere
  cpus: 1
  gpu: 1
hpc:
  queue: gpuv100
  time: '24:00'
  mem: 500MB
  cpus: 4
  gpu: 1
trainer:
  type: gtn
  n_epochs: 1000
  lr: 0.005
  optimizer: adamw
  ridge: 0.005
  loss_fn: null
  patience: 100
  min_delta: 0.001
  train_selection: true
seed: 47303
experiment_name: ${model.name}_${dataset.name}_${trainer.type}_rg${trainer.ridge}_init${model.init_strength}
skip_completed: true

[2026-04-01 20:55:14,486][__main__][INFO] - Output directory: /home/nicci/GTN/outputs/gtn/appliances/CPDATypeI_rg0.005_init0.1/L3_bd16_seed47303
[2026-04-01 20:55:14,486][__main__][INFO] - Loading dataset: appliances
[2026-04-01 20:55:19,661][__main__][INFO] -   Samples: train=13814, val=2960, test=2961
[2026-04-01 20:55:19,661][__main__][INFO] -   Features: 28 (including bias), Task: regression
[2026-04-01 20:55:19,661][__main__][INFO] -   Device: cuda
[2026-04-01 20:55:19,662][__main__][INFO] - Creating model: CPDATypeI
[2026-04-01 21:07:01,286][__main__][INFO] - Early stopping at epoch 799 (no improvement for 100 epochs)
[2026-04-01 21:07:01,301][__main__][INFO] - Results saved to: /home/nicci/GTN/outputs/gtn/appliances/CPDATypeI_rg0.005_init0.1/L3_bd16_seed47303/results.json
[2026-04-01 21:07:01,301][__main__][INFO] - ✓ Train R²: 0.4968
[2026-04-01 21:07:01,301][__main__][INFO] - ✓ Val R²: 0.3077
[2026-04-01 21:07:01,305][HYDRA] 	#10 : model.L=3 model.bond_dim=32 seed=42 trainer.lr=0.005 trainer.ridge=0.005 trainer.optimizer=adamw +experiment=cpda_gtn_sweep model=cpda_typei dataset=appliances
[2026-04-01 21:07:01,457][__main__][INFO] - Configuration:
model:
  name: CPDATypeI
  L: 3
  bond_dim: 32
  output_site: null
  init_strength: 0.1
dataset:
  name: appliances
  task: regression
  cap: 50
  size: large
  batch_size: 128
slurm:
  partition: titans
  time: '24:00:00'
  mem: 2gb
  gpu_arch: Ampere
  cpus: 1
  gpu: 1
hpc:
  queue: gpuv100
  time: '24:00'
  mem: 500MB
  cpus: 4
  gpu: 1
trainer:
  type: gtn
  n_epochs: 1000
  lr: 0.005
  optimizer: adamw
  ridge: 0.005
  loss_fn: null
  patience: 100
  min_delta: 0.001
  train_selection: true
seed: 42
experiment_name: ${model.name}_${dataset.name}_${trainer.type}_rg${trainer.ridge}_init${model.init_strength}
skip_completed: true

[2026-04-01 21:07:01,458][__main__][INFO] - Output directory: /home/nicci/GTN/outputs/gtn/appliances/CPDATypeI_rg0.005_init0.1/L3_bd32_seed42
[2026-04-01 21:07:01,458][__main__][INFO] - Loading dataset: appliances
[2026-04-01 21:07:06,794][__main__][INFO] -   Samples: train=13814, val=2960, test=2961
[2026-04-01 21:07:06,795][__main__][INFO] -   Features: 28 (including bias), Task: regression
[2026-04-01 21:07:06,795][__main__][INFO] -   Device: cuda
[2026-04-01 21:07:06,795][__main__][INFO] - Creating model: CPDATypeI
[2026-04-01 21:15:02,109][__main__][INFO] - Early stopping at epoch 554 (no improvement for 100 epochs)
[2026-04-01 21:15:02,122][__main__][INFO] - Results saved to: /home/nicci/GTN/outputs/gtn/appliances/CPDATypeI_rg0.005_init0.1/L3_bd32_seed42/results.json
[2026-04-01 21:15:02,122][__main__][INFO] - ✓ Train R²: 0.5320
[2026-04-01 21:15:02,122][__main__][INFO] - ✓ Val R²: 0.3251
[2026-04-01 21:15:02,123][HYDRA] 	#11 : model.L=3 model.bond_dim=32 seed=10090 trainer.lr=0.005 trainer.ridge=0.005 trainer.optimizer=adamw +experiment=cpda_gtn_sweep model=cpda_typei dataset=appliances
[2026-04-01 21:15:02,272][__main__][INFO] - Configuration:
model:
  name: CPDATypeI
  L: 3
  bond_dim: 32
  output_site: null
  init_strength: 0.1
dataset:
  name: appliances
  task: regression
  cap: 50
  size: large
  batch_size: 128
slurm:
  partition: titans
  time: '24:00:00'
  mem: 2gb
  gpu_arch: Ampere
  cpus: 1
  gpu: 1
hpc:
  queue: gpuv100
  time: '24:00'
  mem: 500MB
  cpus: 4
  gpu: 1
trainer:
  type: gtn
  n_epochs: 1000
  lr: 0.005
  optimizer: adamw
  ridge: 0.005
  loss_fn: null
  patience: 100
  min_delta: 0.001
  train_selection: true
seed: 10090
experiment_name: ${model.name}_${dataset.name}_${trainer.type}_rg${trainer.ridge}_init${model.init_strength}
skip_completed: true

[2026-04-01 21:15:02,273][__main__][INFO] - Output directory: /home/nicci/GTN/outputs/gtn/appliances/CPDATypeI_rg0.005_init0.1/L3_bd32_seed10090
[2026-04-01 21:15:02,273][__main__][INFO] - Loading dataset: appliances
[2026-04-01 21:15:07,302][__main__][INFO] -   Samples: train=13814, val=2960, test=2961
[2026-04-01 21:15:07,303][__main__][INFO] -   Features: 28 (including bias), Task: regression
[2026-04-01 21:15:07,303][__main__][INFO] -   Device: cuda
[2026-04-01 21:15:07,303][__main__][INFO] - Creating model: CPDATypeI
[2026-04-01 21:22:38,753][__main__][INFO] - Early stopping at epoch 528 (no improvement for 100 epochs)
[2026-04-01 21:22:38,764][__main__][INFO] - Results saved to: /home/nicci/GTN/outputs/gtn/appliances/CPDATypeI_rg0.005_init0.1/L3_bd32_seed10090/results.json
[2026-04-01 21:22:38,764][__main__][INFO] - ✓ Train R²: 0.5307
[2026-04-01 21:22:38,764][__main__][INFO] - ✓ Val R²: 0.3300
[2026-04-01 21:22:38,766][HYDRA] 	#12 : model.L=3 model.bond_dim=32 seed=32874 trainer.lr=0.005 trainer.ridge=0.005 trainer.optimizer=adamw +experiment=cpda_gtn_sweep model=cpda_typei dataset=appliances
[2026-04-01 21:22:38,916][__main__][INFO] - Configuration:
model:
  name: CPDATypeI
  L: 3
  bond_dim: 32
  output_site: null
  init_strength: 0.1
dataset:
  name: appliances
  task: regression
  cap: 50
  size: large
  batch_size: 128
slurm:
  partition: titans
  time: '24:00:00'
  mem: 2gb
  gpu_arch: Ampere
  cpus: 1
  gpu: 1
hpc:
  queue: gpuv100
  time: '24:00'
  mem: 500MB
  cpus: 4
  gpu: 1
trainer:
  type: gtn
  n_epochs: 1000
  lr: 0.005
  optimizer: adamw
  ridge: 0.005
  loss_fn: null
  patience: 100
  min_delta: 0.001
  train_selection: true
seed: 32874
experiment_name: ${model.name}_${dataset.name}_${trainer.type}_rg${trainer.ridge}_init${model.init_strength}
skip_completed: true

[2026-04-01 21:22:38,916][__main__][INFO] - Output directory: /home/nicci/GTN/outputs/gtn/appliances/CPDATypeI_rg0.005_init0.1/L3_bd32_seed32874
[2026-04-01 21:22:38,917][__main__][INFO] - Loading dataset: appliances
[2026-04-01 21:22:41,936][__main__][INFO] -   Samples: train=13814, val=2960, test=2961
[2026-04-01 21:22:41,937][__main__][INFO] -   Features: 28 (including bias), Task: regression
[2026-04-01 21:22:41,937][__main__][INFO] -   Device: cuda
[2026-04-01 21:22:41,937][__main__][INFO] - Creating model: CPDATypeI
[2026-04-01 21:28:08,894][__main__][INFO] - Early stopping at epoch 382 (no improvement for 100 epochs)
[2026-04-01 21:28:08,904][__main__][INFO] - Results saved to: /home/nicci/GTN/outputs/gtn/appliances/CPDATypeI_rg0.005_init0.1/L3_bd32_seed32874/results.json
[2026-04-01 21:28:08,905][__main__][INFO] - ✓ Train R²: 0.5211
[2026-04-01 21:28:08,905][__main__][INFO] - ✓ Val R²: 0.3198
[2026-04-01 21:28:08,908][HYDRA] 	#13 : model.L=3 model.bond_dim=32 seed=47311 trainer.lr=0.005 trainer.ridge=0.005 trainer.optimizer=adamw +experiment=cpda_gtn_sweep model=cpda_typei dataset=appliances
[2026-04-01 21:28:09,060][__main__][INFO] - Configuration:
model:
  name: CPDATypeI
  L: 3
  bond_dim: 32
  output_site: null
  init_strength: 0.1
dataset:
  name: appliances
  task: regression
  cap: 50
  size: large
  batch_size: 128
slurm:
  partition: titans
  time: '24:00:00'
  mem: 2gb
  gpu_arch: Ampere
  cpus: 1
  gpu: 1
hpc:
  queue: gpuv100
  time: '24:00'
  mem: 500MB
  cpus: 4
  gpu: 1
trainer:
  type: gtn
  n_epochs: 1000
  lr: 0.005
  optimizer: adamw
  ridge: 0.005
  loss_fn: null
  patience: 100
  min_delta: 0.001
  train_selection: true
seed: 47311
experiment_name: ${model.name}_${dataset.name}_${trainer.type}_rg${trainer.ridge}_init${model.init_strength}
skip_completed: true

[2026-04-01 21:28:09,063][__main__][INFO] - Output directory: /home/nicci/GTN/outputs/gtn/appliances/CPDATypeI_rg0.005_init0.1/L3_bd32_seed47311
[2026-04-01 21:28:09,064][__main__][INFO] - Loading dataset: appliances
[2026-04-01 21:28:13,134][__main__][INFO] -   Samples: train=13814, val=2960, test=2961
[2026-04-01 21:28:13,134][__main__][INFO] -   Features: 28 (including bias), Task: regression
[2026-04-01 21:28:13,134][__main__][INFO] -   Device: cuda
[2026-04-01 21:28:13,134][__main__][INFO] - Creating model: CPDATypeI
[2026-04-01 21:37:00,253][__main__][INFO] - Early stopping at epoch 613 (no improvement for 100 epochs)
[2026-04-01 21:37:00,265][__main__][INFO] - Results saved to: /home/nicci/GTN/outputs/gtn/appliances/CPDATypeI_rg0.005_init0.1/L3_bd32_seed47311/results.json
[2026-04-01 21:37:00,265][__main__][INFO] - ✓ Train R²: 0.5353
[2026-04-01 21:37:00,265][__main__][INFO] - ✓ Val R²: 0.3322
[2026-04-01 21:37:00,269][HYDRA] 	#14 : model.L=3 model.bond_dim=32 seed=47303 trainer.lr=0.005 trainer.ridge=0.005 trainer.optimizer=adamw +experiment=cpda_gtn_sweep model=cpda_typei dataset=appliances
[2026-04-01 21:37:00,414][__main__][INFO] - Configuration:
model:
  name: CPDATypeI
  L: 3
  bond_dim: 32
  output_site: null
  init_strength: 0.1
dataset:
  name: appliances
  task: regression
  cap: 50
  size: large
  batch_size: 128
slurm:
  partition: titans
  time: '24:00:00'
  mem: 2gb
  gpu_arch: Ampere
  cpus: 1
  gpu: 1
hpc:
  queue: gpuv100
  time: '24:00'
  mem: 500MB
  cpus: 4
  gpu: 1
trainer:
  type: gtn
  n_epochs: 1000
  lr: 0.005
  optimizer: adamw
  ridge: 0.005
  loss_fn: null
  patience: 100
  min_delta: 0.001
  train_selection: true
seed: 47303
experiment_name: ${model.name}_${dataset.name}_${trainer.type}_rg${trainer.ridge}_init${model.init_strength}
skip_completed: true

[2026-04-01 21:37:00,415][__main__][INFO] - Output directory: /home/nicci/GTN/outputs/gtn/appliances/CPDATypeI_rg0.005_init0.1/L3_bd32_seed47303
[2026-04-01 21:37:00,415][__main__][INFO] - Loading dataset: appliances
[2026-04-01 21:37:04,198][__main__][INFO] -   Samples: train=13814, val=2960, test=2961
[2026-04-01 21:37:04,199][__main__][INFO] -   Features: 28 (including bias), Task: regression
[2026-04-01 21:37:04,199][__main__][INFO] -   Device: cuda
[2026-04-01 21:37:04,199][__main__][INFO] - Creating model: CPDATypeI
[2026-04-01 21:42:26,158][__main__][INFO] - Early stopping at epoch 377 (no improvement for 100 epochs)
[2026-04-01 21:42:26,168][__main__][INFO] - Results saved to: /home/nicci/GTN/outputs/gtn/appliances/CPDATypeI_rg0.005_init0.1/L3_bd32_seed47303/results.json
[2026-04-01 21:42:26,168][__main__][INFO] - ✓ Train R²: 0.5186
[2026-04-01 21:42:26,168][__main__][INFO] - ✓ Val R²: 0.3133
[2026-04-01 21:42:26,170][HYDRA] 	#15 : model.L=3 model.bond_dim=64 seed=42 trainer.lr=0.005 trainer.ridge=0.005 trainer.optimizer=adamw +experiment=cpda_gtn_sweep model=cpda_typei dataset=appliances
[2026-04-01 21:42:26,321][__main__][INFO] - Configuration:
model:
  name: CPDATypeI
  L: 3
  bond_dim: 64
  output_site: null
  init_strength: 0.1
dataset:
  name: appliances
  task: regression
  cap: 50
  size: large
  batch_size: 128
slurm:
  partition: titans
  time: '24:00:00'
  mem: 2gb
  gpu_arch: Ampere
  cpus: 1
  gpu: 1
hpc:
  queue: gpuv100
  time: '24:00'
  mem: 500MB
  cpus: 4
  gpu: 1
trainer:
  type: gtn
  n_epochs: 1000
  lr: 0.005
  optimizer: adamw
  ridge: 0.005
  loss_fn: null
  patience: 100
  min_delta: 0.001
  train_selection: true
seed: 42
experiment_name: ${model.name}_${dataset.name}_${trainer.type}_rg${trainer.ridge}_init${model.init_strength}
skip_completed: true

[2026-04-01 21:42:26,322][__main__][INFO] - Output directory: /home/nicci/GTN/outputs/gtn/appliances/CPDATypeI_rg0.005_init0.1/L3_bd64_seed42
[2026-04-01 21:42:26,323][__main__][INFO] - Loading dataset: appliances
[2026-04-01 21:42:29,944][__main__][INFO] -   Samples: train=13814, val=2960, test=2961
[2026-04-01 21:42:29,945][__main__][INFO] -   Features: 28 (including bias), Task: regression
[2026-04-01 21:42:29,945][__main__][INFO] -   Device: cuda
[2026-04-01 21:42:29,945][__main__][INFO] - Creating model: CPDATypeI
[2026-04-01 21:46:55,892][__main__][INFO] - Early stopping at epoch 311 (no improvement for 100 epochs)
[2026-04-01 21:46:55,902][__main__][INFO] - Results saved to: /home/nicci/GTN/outputs/gtn/appliances/CPDATypeI_rg0.005_init0.1/L3_bd64_seed42/results.json
[2026-04-01 21:46:55,902][__main__][INFO] - ✓ Train R²: 0.5318
[2026-04-01 21:46:55,902][__main__][INFO] - ✓ Val R²: 0.3154
[2026-04-01 21:46:55,904][HYDRA] 	#16 : model.L=3 model.bond_dim=64 seed=10090 trainer.lr=0.005 trainer.ridge=0.005 trainer.optimizer=adamw +experiment=cpda_gtn_sweep model=cpda_typei dataset=appliances
[2026-04-01 21:46:56,059][__main__][INFO] - Configuration:
model:
  name: CPDATypeI
  L: 3
  bond_dim: 64
  output_site: null
  init_strength: 0.1
dataset:
  name: appliances
  task: regression
  cap: 50
  size: large
  batch_size: 128
slurm:
  partition: titans
  time: '24:00:00'
  mem: 2gb
  gpu_arch: Ampere
  cpus: 1
  gpu: 1
hpc:
  queue: gpuv100
  time: '24:00'
  mem: 500MB
  cpus: 4
  gpu: 1
trainer:
  type: gtn
  n_epochs: 1000
  lr: 0.005
  optimizer: adamw
  ridge: 0.005
  loss_fn: null
  patience: 100
  min_delta: 0.001
  train_selection: true
seed: 10090
experiment_name: ${model.name}_${dataset.name}_${trainer.type}_rg${trainer.ridge}_init${model.init_strength}
skip_completed: true

[2026-04-01 21:46:56,062][__main__][INFO] - Output directory: /home/nicci/GTN/outputs/gtn/appliances/CPDATypeI_rg0.005_init0.1/L3_bd64_seed10090
[2026-04-01 21:46:56,063][__main__][INFO] - Loading dataset: appliances
[2026-04-01 21:46:59,114][__main__][INFO] -   Samples: train=13814, val=2960, test=2961
[2026-04-01 21:46:59,114][__main__][INFO] -   Features: 28 (including bias), Task: regression
[2026-04-01 21:46:59,114][__main__][INFO] -   Device: cuda
[2026-04-01 21:46:59,114][__main__][INFO] - Creating model: CPDATypeI
[2026-04-01 21:55:35,136][__main__][INFO] - Early stopping at epoch 601 (no improvement for 100 epochs)
[2026-04-01 21:55:35,150][__main__][INFO] - Results saved to: /home/nicci/GTN/outputs/gtn/appliances/CPDATypeI_rg0.005_init0.1/L3_bd64_seed10090/results.json
[2026-04-01 21:55:35,150][__main__][INFO] - ✓ Train R²: 0.5608
[2026-04-01 21:55:35,150][__main__][INFO] - ✓ Val R²: 0.3327
[2026-04-01 21:55:35,152][HYDRA] 	#17 : model.L=3 model.bond_dim=64 seed=32874 trainer.lr=0.005 trainer.ridge=0.005 trainer.optimizer=adamw +experiment=cpda_gtn_sweep model=cpda_typei dataset=appliances
[2026-04-01 21:55:35,313][__main__][INFO] - Configuration:
model:
  name: CPDATypeI
  L: 3
  bond_dim: 64
  output_site: null
  init_strength: 0.1
dataset:
  name: appliances
  task: regression
  cap: 50
  size: large
  batch_size: 128
slurm:
  partition: titans
  time: '24:00:00'
  mem: 2gb
  gpu_arch: Ampere
  cpus: 1
  gpu: 1
hpc:
  queue: gpuv100
  time: '24:00'
  mem: 500MB
  cpus: 4
  gpu: 1
trainer:
  type: gtn
  n_epochs: 1000
  lr: 0.005
  optimizer: adamw
  ridge: 0.005
  loss_fn: null
  patience: 100
  min_delta: 0.001
  train_selection: true
seed: 32874
experiment_name: ${model.name}_${dataset.name}_${trainer.type}_rg${trainer.ridge}_init${model.init_strength}
skip_completed: true

[2026-04-01 21:55:35,317][__main__][INFO] - Output directory: /home/nicci/GTN/outputs/gtn/appliances/CPDATypeI_rg0.005_init0.1/L3_bd64_seed32874
[2026-04-01 21:55:35,317][__main__][INFO] - Loading dataset: appliances
[2026-04-01 21:55:38,020][__main__][INFO] -   Samples: train=13814, val=2960, test=2961
[2026-04-01 21:55:38,020][__main__][INFO] -   Features: 28 (including bias), Task: regression
[2026-04-01 21:55:38,020][__main__][INFO] -   Device: cuda
[2026-04-01 21:55:38,021][__main__][INFO] - Creating model: CPDATypeI
[2026-04-01 22:00:15,878][__main__][INFO] - Early stopping at epoch 322 (no improvement for 100 epochs)
[2026-04-01 22:00:15,888][__main__][INFO] - Results saved to: /home/nicci/GTN/outputs/gtn/appliances/CPDATypeI_rg0.005_init0.1/L3_bd64_seed32874/results.json
[2026-04-01 22:00:15,888][__main__][INFO] - ✓ Train R²: 0.5356
[2026-04-01 22:00:15,888][__main__][INFO] - ✓ Val R²: 0.3176
[2026-04-01 22:00:15,890][HYDRA] 	#18 : model.L=3 model.bond_dim=64 seed=47311 trainer.lr=0.005 trainer.ridge=0.005 trainer.optimizer=adamw +experiment=cpda_gtn_sweep model=cpda_typei dataset=appliances
[2026-04-01 22:00:16,047][__main__][INFO] - Configuration:
model:
  name: CPDATypeI
  L: 3
  bond_dim: 64
  output_site: null
  init_strength: 0.1
dataset:
  name: appliances
  task: regression
  cap: 50
  size: large
  batch_size: 128
slurm:
  partition: titans
  time: '24:00:00'
  mem: 2gb
  gpu_arch: Ampere
  cpus: 1
  gpu: 1
hpc:
  queue: gpuv100
  time: '24:00'
  mem: 500MB
  cpus: 4
  gpu: 1
trainer:
  type: gtn
  n_epochs: 1000
  lr: 0.005
  optimizer: adamw
  ridge: 0.005
  loss_fn: null
  patience: 100
  min_delta: 0.001
  train_selection: true
seed: 47311
experiment_name: ${model.name}_${dataset.name}_${trainer.type}_rg${trainer.ridge}_init${model.init_strength}
skip_completed: true

[2026-04-01 22:00:16,050][__main__][INFO] - Output directory: /home/nicci/GTN/outputs/gtn/appliances/CPDATypeI_rg0.005_init0.1/L3_bd64_seed47311
[2026-04-01 22:00:16,050][__main__][INFO] - Loading dataset: appliances
[2026-04-01 22:00:23,565][__main__][INFO] -   Samples: train=13814, val=2960, test=2961
[2026-04-01 22:00:23,566][__main__][INFO] -   Features: 28 (including bias), Task: regression
[2026-04-01 22:00:23,566][__main__][INFO] -   Device: cuda
[2026-04-01 22:00:23,566][__main__][INFO] - Creating model: CPDATypeI
[2026-04-01 22:06:57,299][__main__][INFO] - Early stopping at epoch 460 (no improvement for 100 epochs)
[2026-04-01 22:06:57,311][__main__][INFO] - Results saved to: /home/nicci/GTN/outputs/gtn/appliances/CPDATypeI_rg0.005_init0.1/L3_bd64_seed47311/results.json
[2026-04-01 22:06:57,311][__main__][INFO] - ✓ Train R²: 0.5527
[2026-04-01 22:06:57,311][__main__][INFO] - ✓ Val R²: 0.3206
[2026-04-01 22:06:57,313][HYDRA] 	#19 : model.L=3 model.bond_dim=64 seed=47303 trainer.lr=0.005 trainer.ridge=0.005 trainer.optimizer=adamw +experiment=cpda_gtn_sweep model=cpda_typei dataset=appliances
[2026-04-01 22:06:57,462][__main__][INFO] - Configuration:
model:
  name: CPDATypeI
  L: 3
  bond_dim: 64
  output_site: null
  init_strength: 0.1
dataset:
  name: appliances
  task: regression
  cap: 50
  size: large
  batch_size: 128
slurm:
  partition: titans
  time: '24:00:00'
  mem: 2gb
  gpu_arch: Ampere
  cpus: 1
  gpu: 1
hpc:
  queue: gpuv100
  time: '24:00'
  mem: 500MB
  cpus: 4
  gpu: 1
trainer:
  type: gtn
  n_epochs: 1000
  lr: 0.005
  optimizer: adamw
  ridge: 0.005
  loss_fn: null
  patience: 100
  min_delta: 0.001
  train_selection: true
seed: 47303
experiment_name: ${model.name}_${dataset.name}_${trainer.type}_rg${trainer.ridge}_init${model.init_strength}
skip_completed: true

[2026-04-01 22:06:57,465][__main__][INFO] - Output directory: /home/nicci/GTN/outputs/gtn/appliances/CPDATypeI_rg0.005_init0.1/L3_bd64_seed47303
[2026-04-01 22:06:57,465][__main__][INFO] - Loading dataset: appliances
[2026-04-01 22:07:05,440][__main__][INFO] -   Samples: train=13814, val=2960, test=2961
[2026-04-01 22:07:05,440][__main__][INFO] -   Features: 28 (including bias), Task: regression
[2026-04-01 22:07:05,440][__main__][INFO] -   Device: cuda
[2026-04-01 22:07:05,441][__main__][INFO] - Creating model: CPDATypeI
[2026-04-01 22:13:20,739][__main__][INFO] - Early stopping at epoch 438 (no improvement for 100 epochs)
[2026-04-01 22:13:20,750][__main__][INFO] - Results saved to: /home/nicci/GTN/outputs/gtn/appliances/CPDATypeI_rg0.005_init0.1/L3_bd64_seed47303/results.json
[2026-04-01 22:13:20,750][__main__][INFO] - ✓ Train R²: 0.5442
[2026-04-01 22:13:20,750][__main__][INFO] - ✓ Val R²: 0.3237
[2026-04-01 22:13:20,753][HYDRA] 	#20 : model.L=4 model.bond_dim=8 seed=42 trainer.lr=0.005 trainer.ridge=0.005 trainer.optimizer=adamw +experiment=cpda_gtn_sweep model=cpda_typei dataset=appliances
[2026-04-01 22:13:20,908][__main__][INFO] - Configuration:
model:
  name: CPDATypeI
  L: 4
  bond_dim: 8
  output_site: null
  init_strength: 0.1
dataset:
  name: appliances
  task: regression
  cap: 50
  size: large
  batch_size: 128
slurm:
  partition: titans
  time: '24:00:00'
  mem: 2gb
  gpu_arch: Ampere
  cpus: 1
  gpu: 1
hpc:
  queue: gpuv100
  time: '24:00'
  mem: 500MB
  cpus: 4
  gpu: 1
trainer:
  type: gtn
  n_epochs: 1000
  lr: 0.005
  optimizer: adamw
  ridge: 0.005
  loss_fn: null
  patience: 100
  min_delta: 0.001
  train_selection: true
seed: 42
experiment_name: ${model.name}_${dataset.name}_${trainer.type}_rg${trainer.ridge}_init${model.init_strength}
skip_completed: true

[2026-04-01 22:13:20,909][__main__][INFO] - Output directory: /home/nicci/GTN/outputs/gtn/appliances/CPDATypeI_rg0.005_init0.1/L4_bd8_seed42
[2026-04-01 22:13:20,909][__main__][INFO] - Loading dataset: appliances
[2026-04-01 22:13:23,894][__main__][INFO] -   Samples: train=13814, val=2960, test=2961
[2026-04-01 22:13:23,894][__main__][INFO] -   Features: 28 (including bias), Task: regression
[2026-04-01 22:13:23,894][__main__][INFO] -   Device: cuda
[2026-04-01 22:13:23,895][__main__][INFO] - Creating model: CPDATypeI
[2026-04-01 22:19:12,344][__main__][INFO] - Early stopping at epoch 299 (no improvement for 100 epochs)
[2026-04-01 22:19:12,352][__main__][INFO] - Results saved to: /home/nicci/GTN/outputs/gtn/appliances/CPDATypeI_rg0.005_init0.1/L4_bd8_seed42/results.json
[2026-04-01 22:19:12,352][__main__][INFO] - ✓ Train R²: 0.4935
[2026-04-01 22:19:12,352][__main__][INFO] - ✓ Val R²: 0.2752
[2026-04-01 22:19:12,354][HYDRA] 	#21 : model.L=4 model.bond_dim=8 seed=10090 trainer.lr=0.005 trainer.ridge=0.005 trainer.optimizer=adamw +experiment=cpda_gtn_sweep model=cpda_typei dataset=appliances
[2026-04-01 22:19:12,685][__main__][INFO] - Configuration:
model:
  name: CPDATypeI
  L: 4
  bond_dim: 8
  output_site: null
  init_strength: 0.1
dataset:
  name: appliances
  task: regression
  cap: 50
  size: large
  batch_size: 128
slurm:
  partition: titans
  time: '24:00:00'
  mem: 2gb
  gpu_arch: Ampere
  cpus: 1
  gpu: 1
hpc:
  queue: gpuv100
  time: '24:00'
  mem: 500MB
  cpus: 4
  gpu: 1
trainer:
  type: gtn
  n_epochs: 1000
  lr: 0.005
  optimizer: adamw
  ridge: 0.005
  loss_fn: null
  patience: 100
  min_delta: 0.001
  train_selection: true
seed: 10090
experiment_name: ${model.name}_${dataset.name}_${trainer.type}_rg${trainer.ridge}_init${model.init_strength}
skip_completed: true

[2026-04-01 22:19:12,685][__main__][INFO] - Output directory: /home/nicci/GTN/outputs/gtn/appliances/CPDATypeI_rg0.005_init0.1/L4_bd8_seed10090
[2026-04-01 22:19:12,686][__main__][INFO] - Loading dataset: appliances
[2026-04-01 22:19:16,306][__main__][INFO] -   Samples: train=13814, val=2960, test=2961
[2026-04-01 22:19:16,307][__main__][INFO] -   Features: 28 (including bias), Task: regression
[2026-04-01 22:19:16,307][__main__][INFO] -   Device: cuda
[2026-04-01 22:19:16,307][__main__][INFO] - Creating model: CPDATypeI
[2026-04-01 22:28:02,083][__main__][INFO] - Early stopping at epoch 452 (no improvement for 100 epochs)
[2026-04-01 22:28:02,094][__main__][INFO] - Results saved to: /home/nicci/GTN/outputs/gtn/appliances/CPDATypeI_rg0.005_init0.1/L4_bd8_seed10090/results.json
[2026-04-01 22:28:02,094][__main__][INFO] - ✓ Train R²: 0.5213
[2026-04-01 22:28:02,094][__main__][INFO] - ✓ Val R²: 0.2978
[2026-04-01 22:28:02,096][HYDRA] 	#22 : model.L=4 model.bond_dim=8 seed=32874 trainer.lr=0.005 trainer.ridge=0.005 trainer.optimizer=adamw +experiment=cpda_gtn_sweep model=cpda_typei dataset=appliances
[2026-04-01 22:28:02,248][__main__][INFO] - Configuration:
model:
  name: CPDATypeI
  L: 4
  bond_dim: 8
  output_site: null
  init_strength: 0.1
dataset:
  name: appliances
  task: regression
  cap: 50
  size: large
  batch_size: 128
slurm:
  partition: titans
  time: '24:00:00'
  mem: 2gb
  gpu_arch: Ampere
  cpus: 1
  gpu: 1
hpc:
  queue: gpuv100
  time: '24:00'
  mem: 500MB
  cpus: 4
  gpu: 1
trainer:
  type: gtn
  n_epochs: 1000
  lr: 0.005
  optimizer: adamw
  ridge: 0.005
  loss_fn: null
  patience: 100
  min_delta: 0.001
  train_selection: true
seed: 32874
experiment_name: ${model.name}_${dataset.name}_${trainer.type}_rg${trainer.ridge}_init${model.init_strength}
skip_completed: true

[2026-04-01 22:28:02,249][__main__][INFO] - Output directory: /home/nicci/GTN/outputs/gtn/appliances/CPDATypeI_rg0.005_init0.1/L4_bd8_seed32874
[2026-04-01 22:28:02,249][__main__][INFO] - Loading dataset: appliances
[2026-04-01 22:28:05,261][__main__][INFO] -   Samples: train=13814, val=2960, test=2961
[2026-04-01 22:28:05,262][__main__][INFO] -   Features: 28 (including bias), Task: regression
[2026-04-01 22:28:05,262][__main__][INFO] -   Device: cuda
[2026-04-01 22:28:05,262][__main__][INFO] - Creating model: CPDATypeI
[2026-04-01 22:37:11,509][__main__][INFO] - Early stopping at epoch 494 (no improvement for 100 epochs)
[2026-04-01 22:37:11,521][__main__][INFO] - Results saved to: /home/nicci/GTN/outputs/gtn/appliances/CPDATypeI_rg0.005_init0.1/L4_bd8_seed32874/results.json
[2026-04-01 22:37:11,521][__main__][INFO] - ✓ Train R²: 0.5228
[2026-04-01 22:37:11,521][__main__][INFO] - ✓ Val R²: 0.3183
[2026-04-01 22:37:11,523][HYDRA] 	#23 : model.L=4 model.bond_dim=8 seed=47311 trainer.lr=0.005 trainer.ridge=0.005 trainer.optimizer=adamw +experiment=cpda_gtn_sweep model=cpda_typei dataset=appliances
[2026-04-01 22:37:11,667][__main__][INFO] - Configuration:
model:
  name: CPDATypeI
  L: 4
  bond_dim: 8
  output_site: null
  init_strength: 0.1
dataset:
  name: appliances
  task: regression
  cap: 50
  size: large
  batch_size: 128
slurm:
  partition: titans
  time: '24:00:00'
  mem: 2gb
  gpu_arch: Ampere
  cpus: 1
  gpu: 1
hpc:
  queue: gpuv100
  time: '24:00'
  mem: 500MB
  cpus: 4
  gpu: 1
trainer:
  type: gtn
  n_epochs: 1000
  lr: 0.005
  optimizer: adamw
  ridge: 0.005
  loss_fn: null
  patience: 100
  min_delta: 0.001
  train_selection: true
seed: 47311
experiment_name: ${model.name}_${dataset.name}_${trainer.type}_rg${trainer.ridge}_init${model.init_strength}
skip_completed: true

[2026-04-01 22:37:11,670][__main__][INFO] - Output directory: /home/nicci/GTN/outputs/gtn/appliances/CPDATypeI_rg0.005_init0.1/L4_bd8_seed47311
[2026-04-01 22:37:11,671][__main__][INFO] - Loading dataset: appliances
[2026-04-01 22:37:15,676][__main__][INFO] -   Samples: train=13814, val=2960, test=2961
[2026-04-01 22:37:15,677][__main__][INFO] -   Features: 28 (including bias), Task: regression
[2026-04-01 22:37:15,677][__main__][INFO] -   Device: cuda
[2026-04-01 22:37:15,677][__main__][INFO] - Creating model: CPDATypeI
[2026-04-01 22:42:00,738][__main__][INFO] - Early stopping at epoch 264 (no improvement for 100 epochs)
[2026-04-01 22:42:00,746][__main__][INFO] - Results saved to: /home/nicci/GTN/outputs/gtn/appliances/CPDATypeI_rg0.005_init0.1/L4_bd8_seed47311/results.json
[2026-04-01 22:42:00,746][__main__][INFO] - ✓ Train R²: 0.4810
[2026-04-01 22:42:00,747][__main__][INFO] - ✓ Val R²: 0.3003
[2026-04-01 22:42:00,750][HYDRA] 	#24 : model.L=4 model.bond_dim=8 seed=47303 trainer.lr=0.005 trainer.ridge=0.005 trainer.optimizer=adamw +experiment=cpda_gtn_sweep model=cpda_typei dataset=appliances
[2026-04-01 22:42:00,895][__main__][INFO] - Configuration:
model:
  name: CPDATypeI
  L: 4
  bond_dim: 8
  output_site: null
  init_strength: 0.1
dataset:
  name: appliances
  task: regression
  cap: 50
  size: large
  batch_size: 128
slurm:
  partition: titans
  time: '24:00:00'
  mem: 2gb
  gpu_arch: Ampere
  cpus: 1
  gpu: 1
hpc:
  queue: gpuv100
  time: '24:00'
  mem: 500MB
  cpus: 4
  gpu: 1
trainer:
  type: gtn
  n_epochs: 1000
  lr: 0.005
  optimizer: adamw
  ridge: 0.005
  loss_fn: null
  patience: 100
  min_delta: 0.001
  train_selection: true
seed: 47303
experiment_name: ${model.name}_${dataset.name}_${trainer.type}_rg${trainer.ridge}_init${model.init_strength}
skip_completed: true

[2026-04-01 22:42:00,898][__main__][INFO] - Output directory: /home/nicci/GTN/outputs/gtn/appliances/CPDATypeI_rg0.005_init0.1/L4_bd8_seed47303
[2026-04-01 22:42:00,898][__main__][INFO] - Loading dataset: appliances
[2026-04-01 22:42:05,942][__main__][INFO] -   Samples: train=13814, val=2960, test=2961
[2026-04-01 22:42:05,943][__main__][INFO] -   Features: 28 (including bias), Task: regression
[2026-04-01 22:42:05,943][__main__][INFO] -   Device: cuda
[2026-04-01 22:42:05,943][__main__][INFO] - Creating model: CPDATypeI
[2026-04-01 22:48:00,163][__main__][INFO] - Early stopping at epoch 327 (no improvement for 100 epochs)
[2026-04-01 22:48:00,172][__main__][INFO] - Results saved to: /home/nicci/GTN/outputs/gtn/appliances/CPDATypeI_rg0.005_init0.1/L4_bd8_seed47303/results.json
[2026-04-01 22:48:00,172][__main__][INFO] - ✓ Train R²: 0.5013
[2026-04-01 22:48:00,172][__main__][INFO] - ✓ Val R²: 0.2801
[2026-04-01 22:48:00,174][HYDRA] 	#25 : model.L=4 model.bond_dim=16 seed=42 trainer.lr=0.005 trainer.ridge=0.005 trainer.optimizer=adamw +experiment=cpda_gtn_sweep model=cpda_typei dataset=appliances
[2026-04-01 22:48:00,316][__main__][INFO] - Configuration:
model:
  name: CPDATypeI
  L: 4
  bond_dim: 16
  output_site: null
  init_strength: 0.1
dataset:
  name: appliances
  task: regression
  cap: 50
  size: large
  batch_size: 128
slurm:
  partition: titans
  time: '24:00:00'
  mem: 2gb
  gpu_arch: Ampere
  cpus: 1
  gpu: 1
hpc:
  queue: gpuv100
  time: '24:00'
  mem: 500MB
  cpus: 4
  gpu: 1
trainer:
  type: gtn
  n_epochs: 1000
  lr: 0.005
  optimizer: adamw
  ridge: 0.005
  loss_fn: null
  patience: 100
  min_delta: 0.001
  train_selection: true
seed: 42
experiment_name: ${model.name}_${dataset.name}_${trainer.type}_rg${trainer.ridge}_init${model.init_strength}
skip_completed: true

[2026-04-01 22:48:00,319][__main__][INFO] - Output directory: /home/nicci/GTN/outputs/gtn/appliances/CPDATypeI_rg0.005_init0.1/L4_bd16_seed42
[2026-04-01 22:48:00,320][__main__][INFO] - Loading dataset: appliances
[2026-04-01 22:48:03,161][__main__][INFO] -   Samples: train=13814, val=2960, test=2961
[2026-04-01 22:48:03,161][__main__][INFO] -   Features: 28 (including bias), Task: regression
[2026-04-01 22:48:03,161][__main__][INFO] -   Device: cuda
[2026-04-01 22:48:03,161][__main__][INFO] - Creating model: CPDATypeI
[2026-04-01 22:54:35,308][__main__][INFO] - Early stopping at epoch 363 (no improvement for 100 epochs)
[2026-04-01 22:54:35,316][__main__][INFO] - Results saved to: /home/nicci/GTN/outputs/gtn/appliances/CPDATypeI_rg0.005_init0.1/L4_bd16_seed42/results.json
[2026-04-01 22:54:35,317][__main__][INFO] - ✓ Train R²: 0.5792
[2026-04-01 22:54:35,317][__main__][INFO] - ✓ Val R²: 0.3117
[2026-04-01 22:54:35,319][HYDRA] 	#26 : model.L=4 model.bond_dim=16 seed=10090 trainer.lr=0.005 trainer.ridge=0.005 trainer.optimizer=adamw +experiment=cpda_gtn_sweep model=cpda_typei dataset=appliances
[2026-04-01 22:54:35,454][__main__][INFO] - Configuration:
model:
  name: CPDATypeI
  L: 4
  bond_dim: 16
  output_site: null
  init_strength: 0.1
dataset:
  name: appliances
  task: regression
  cap: 50
  size: large
  batch_size: 128
slurm:
  partition: titans
  time: '24:00:00'
  mem: 2gb
  gpu_arch: Ampere
  cpus: 1
  gpu: 1
hpc:
  queue: gpuv100
  time: '24:00'
  mem: 500MB
  cpus: 4
  gpu: 1
trainer:
  type: gtn
  n_epochs: 1000
  lr: 0.005
  optimizer: adamw
  ridge: 0.005
  loss_fn: null
  patience: 100
  min_delta: 0.001
  train_selection: true
seed: 10090
experiment_name: ${model.name}_${dataset.name}_${trainer.type}_rg${trainer.ridge}_init${model.init_strength}
skip_completed: true

[2026-04-01 22:54:35,454][__main__][INFO] - Output directory: /home/nicci/GTN/outputs/gtn/appliances/CPDATypeI_rg0.005_init0.1/L4_bd16_seed10090
[2026-04-01 22:54:35,454][__main__][INFO] - Loading dataset: appliances
[2026-04-01 22:54:38,297][__main__][INFO] -   Samples: train=13814, val=2960, test=2961
[2026-04-01 22:54:38,297][__main__][INFO] -   Features: 28 (including bias), Task: regression
[2026-04-01 22:54:38,297][__main__][INFO] -   Device: cuda
[2026-04-01 22:54:38,297][__main__][INFO] - Creating model: CPDATypeI
[2026-04-01 22:59:37,798][__main__][INFO] - Early stopping at epoch 276 (no improvement for 100 epochs)
[2026-04-01 22:59:37,807][__main__][INFO] - Results saved to: /home/nicci/GTN/outputs/gtn/appliances/CPDATypeI_rg0.005_init0.1/L4_bd16_seed10090/results.json
[2026-04-01 22:59:37,807][__main__][INFO] - ✓ Train R²: 0.5596
[2026-04-01 22:59:37,807][__main__][INFO] - ✓ Val R²: 0.3113
[2026-04-01 22:59:37,808][HYDRA] 	#27 : model.L=4 model.bond_dim=16 seed=32874 trainer.lr=0.005 trainer.ridge=0.005 trainer.optimizer=adamw +experiment=cpda_gtn_sweep model=cpda_typei dataset=appliances
[2026-04-01 22:59:37,950][__main__][INFO] - Configuration:
model:
  name: CPDATypeI
  L: 4
  bond_dim: 16
  output_site: null
  init_strength: 0.1
dataset:
  name: appliances
  task: regression
  cap: 50
  size: large
  batch_size: 128
slurm:
  partition: titans
  time: '24:00:00'
  mem: 2gb
  gpu_arch: Ampere
  cpus: 1
  gpu: 1
hpc:
  queue: gpuv100
  time: '24:00'
  mem: 500MB
  cpus: 4
  gpu: 1
trainer:
  type: gtn
  n_epochs: 1000
  lr: 0.005
  optimizer: adamw
  ridge: 0.005
  loss_fn: null
  patience: 100
  min_delta: 0.001
  train_selection: true
seed: 32874
experiment_name: ${model.name}_${dataset.name}_${trainer.type}_rg${trainer.ridge}_init${model.init_strength}
skip_completed: true

[2026-04-01 22:59:37,954][__main__][INFO] - Output directory: /home/nicci/GTN/outputs/gtn/appliances/CPDATypeI_rg0.005_init0.1/L4_bd16_seed32874
[2026-04-01 22:59:37,954][__main__][INFO] - Loading dataset: appliances
[2026-04-01 22:59:40,790][__main__][INFO] -   Samples: train=13814, val=2960, test=2961
[2026-04-01 22:59:40,790][__main__][INFO] -   Features: 28 (including bias), Task: regression
[2026-04-01 22:59:40,790][__main__][INFO] -   Device: cuda
[2026-04-01 22:59:40,790][__main__][INFO] - Creating model: CPDATypeI
[2026-04-01 23:07:13,200][__main__][INFO] - Early stopping at epoch 416 (no improvement for 100 epochs)
[2026-04-01 23:07:13,211][__main__][INFO] - Results saved to: /home/nicci/GTN/outputs/gtn/appliances/CPDATypeI_rg0.005_init0.1/L4_bd16_seed32874/results.json
[2026-04-01 23:07:13,211][__main__][INFO] - ✓ Train R²: 0.5930
[2026-04-01 23:07:13,211][__main__][INFO] - ✓ Val R²: 0.3332
[2026-04-01 23:07:13,213][HYDRA] 	#28 : model.L=4 model.bond_dim=16 seed=47311 trainer.lr=0.005 trainer.ridge=0.005 trainer.optimizer=adamw +experiment=cpda_gtn_sweep model=cpda_typei dataset=appliances
[2026-04-01 23:07:13,361][__main__][INFO] - Configuration:
model:
  name: CPDATypeI
  L: 4
  bond_dim: 16
  output_site: null
  init_strength: 0.1
dataset:
  name: appliances
  task: regression
  cap: 50
  size: large
  batch_size: 128
slurm:
  partition: titans
  time: '24:00:00'
  mem: 2gb
  gpu_arch: Ampere
  cpus: 1
  gpu: 1
hpc:
  queue: gpuv100
  time: '24:00'
  mem: 500MB
  cpus: 4
  gpu: 1
trainer:
  type: gtn
  n_epochs: 1000
  lr: 0.005
  optimizer: adamw
  ridge: 0.005
  loss_fn: null
  patience: 100
  min_delta: 0.001
  train_selection: true
seed: 47311
experiment_name: ${model.name}_${dataset.name}_${trainer.type}_rg${trainer.ridge}_init${model.init_strength}
skip_completed: true

[2026-04-01 23:07:13,364][__main__][INFO] - Output directory: /home/nicci/GTN/outputs/gtn/appliances/CPDATypeI_rg0.005_init0.1/L4_bd16_seed47311
[2026-04-01 23:07:13,364][__main__][INFO] - Loading dataset: appliances
[2026-04-01 23:07:16,279][__main__][INFO] -   Samples: train=13814, val=2960, test=2961
[2026-04-01 23:07:16,279][__main__][INFO] -   Features: 28 (including bias), Task: regression
[2026-04-01 23:07:16,279][__main__][INFO] -   Device: cuda
[2026-04-01 23:07:16,279][__main__][INFO] - Creating model: CPDATypeI
[2026-04-01 23:15:44,872][__main__][INFO] - Early stopping at epoch 472 (no improvement for 100 epochs)
[2026-04-01 23:15:44,884][__main__][INFO] - Results saved to: /home/nicci/GTN/outputs/gtn/appliances/CPDATypeI_rg0.005_init0.1/L4_bd16_seed47311/results.json
[2026-04-01 23:15:44,884][__main__][INFO] - ✓ Train R²: 0.5886
[2026-04-01 23:15:44,884][__main__][INFO] - ✓ Val R²: 0.3202
[2026-04-01 23:15:44,887][HYDRA] 	#29 : model.L=4 model.bond_dim=16 seed=47303 trainer.lr=0.005 trainer.ridge=0.005 trainer.optimizer=adamw +experiment=cpda_gtn_sweep model=cpda_typei dataset=appliances
[2026-04-01 23:15:45,032][__main__][INFO] - Configuration:
model:
  name: CPDATypeI
  L: 4
  bond_dim: 16
  output_site: null
  init_strength: 0.1
dataset:
  name: appliances
  task: regression
  cap: 50
  size: large
  batch_size: 128
slurm:
  partition: titans
  time: '24:00:00'
  mem: 2gb
  gpu_arch: Ampere
  cpus: 1
  gpu: 1
hpc:
  queue: gpuv100
  time: '24:00'
  mem: 500MB
  cpus: 4
  gpu: 1
trainer:
  type: gtn
  n_epochs: 1000
  lr: 0.005
  optimizer: adamw
  ridge: 0.005
  loss_fn: null
  patience: 100
  min_delta: 0.001
  train_selection: true
seed: 47303
experiment_name: ${model.name}_${dataset.name}_${trainer.type}_rg${trainer.ridge}_init${model.init_strength}
skip_completed: true

[2026-04-01 23:15:45,035][__main__][INFO] - Output directory: /home/nicci/GTN/outputs/gtn/appliances/CPDATypeI_rg0.005_init0.1/L4_bd16_seed47303
[2026-04-01 23:15:45,036][__main__][INFO] - Loading dataset: appliances
[2026-04-01 23:15:48,174][__main__][INFO] -   Samples: train=13814, val=2960, test=2961
[2026-04-01 23:15:48,174][__main__][INFO] -   Features: 28 (including bias), Task: regression
[2026-04-01 23:15:48,174][__main__][INFO] -   Device: cuda
[2026-04-01 23:15:48,175][__main__][INFO] - Creating model: CPDATypeI
[2026-04-01 23:20:01,351][__main__][INFO] - Early stopping at epoch 236 (no improvement for 100 epochs)
[2026-04-01 23:20:01,360][__main__][INFO] - Results saved to: /home/nicci/GTN/outputs/gtn/appliances/CPDATypeI_rg0.005_init0.1/L4_bd16_seed47303/results.json
[2026-04-01 23:20:01,360][__main__][INFO] - ✓ Train R²: 0.5415
[2026-04-01 23:20:01,360][__main__][INFO] - ✓ Val R²: 0.3014
[2026-04-01 23:20:01,362][HYDRA] 	#30 : model.L=4 model.bond_dim=32 seed=42 trainer.lr=0.005 trainer.ridge=0.005 trainer.optimizer=adamw +experiment=cpda_gtn_sweep model=cpda_typei dataset=appliances
[2026-04-01 23:20:01,501][__main__][INFO] - Configuration:
model:
  name: CPDATypeI
  L: 4
  bond_dim: 32
  output_site: null
  init_strength: 0.1
dataset:
  name: appliances
  task: regression
  cap: 50
  size: large
  batch_size: 128
slurm:
  partition: titans
  time: '24:00:00'
  mem: 2gb
  gpu_arch: Ampere
  cpus: 1
  gpu: 1
hpc:
  queue: gpuv100
  time: '24:00'
  mem: 500MB
  cpus: 4
  gpu: 1
trainer:
  type: gtn
  n_epochs: 1000
  lr: 0.005
  optimizer: adamw
  ridge: 0.005
  loss_fn: null
  patience: 100
  min_delta: 0.001
  train_selection: true
seed: 42
experiment_name: ${model.name}_${dataset.name}_${trainer.type}_rg${trainer.ridge}_init${model.init_strength}
skip_completed: true

[2026-04-01 23:20:01,501][__main__][INFO] - Output directory: /home/nicci/GTN/outputs/gtn/appliances/CPDATypeI_rg0.005_init0.1/L4_bd32_seed42
[2026-04-01 23:20:01,502][__main__][INFO] - Loading dataset: appliances
[2026-04-01 23:20:05,748][__main__][INFO] -   Samples: train=13814, val=2960, test=2961
[2026-04-01 23:20:05,748][__main__][INFO] -   Features: 28 (including bias), Task: regression
[2026-04-01 23:20:05,748][__main__][INFO] -   Device: cuda
[2026-04-01 23:20:05,748][__main__][INFO] - Creating model: CPDATypeI
[2026-04-01 23:24:55,783][__main__][INFO] - Early stopping at epoch 275 (no improvement for 100 epochs)
[2026-04-01 23:24:55,792][__main__][INFO] - Results saved to: /home/nicci/GTN/outputs/gtn/appliances/CPDATypeI_rg0.005_init0.1/L4_bd32_seed42/results.json
[2026-04-01 23:24:55,792][__main__][INFO] - ✓ Train R²: 0.6118
[2026-04-01 23:24:55,792][__main__][INFO] - ✓ Val R²: 0.2916
[2026-04-01 23:24:55,794][HYDRA] 	#31 : model.L=4 model.bond_dim=32 seed=10090 trainer.lr=0.005 trainer.ridge=0.005 trainer.optimizer=adamw +experiment=cpda_gtn_sweep model=cpda_typei dataset=appliances
[2026-04-01 23:24:55,936][__main__][INFO] - Configuration:
model:
  name: CPDATypeI
  L: 4
  bond_dim: 32
  output_site: null
  init_strength: 0.1
dataset:
  name: appliances
  task: regression
  cap: 50
  size: large
  batch_size: 128
slurm:
  partition: titans
  time: '24:00:00'
  mem: 2gb
  gpu_arch: Ampere
  cpus: 1
  gpu: 1
hpc:
  queue: gpuv100
  time: '24:00'
  mem: 500MB
  cpus: 4
  gpu: 1
trainer:
  type: gtn
  n_epochs: 1000
  lr: 0.005
  optimizer: adamw
  ridge: 0.005
  loss_fn: null
  patience: 100
  min_delta: 0.001
  train_selection: true
seed: 10090
experiment_name: ${model.name}_${dataset.name}_${trainer.type}_rg${trainer.ridge}_init${model.init_strength}
skip_completed: true

[2026-04-01 23:24:55,939][__main__][INFO] - Output directory: /home/nicci/GTN/outputs/gtn/appliances/CPDATypeI_rg0.005_init0.1/L4_bd32_seed10090
[2026-04-01 23:24:55,940][__main__][INFO] - Loading dataset: appliances
[2026-04-01 23:25:00,556][__main__][INFO] -   Samples: train=13814, val=2960, test=2961
[2026-04-01 23:25:00,556][__main__][INFO] -   Features: 28 (including bias), Task: regression
[2026-04-01 23:25:00,556][__main__][INFO] -   Device: cuda
[2026-04-01 23:25:00,556][__main__][INFO] - Creating model: CPDATypeI
[2026-04-01 23:29:01,811][__main__][INFO] - Early stopping at epoch 228 (no improvement for 100 epochs)
[2026-04-01 23:29:01,820][__main__][INFO] - Results saved to: /home/nicci/GTN/outputs/gtn/appliances/CPDATypeI_rg0.005_init0.1/L4_bd32_seed10090/results.json
[2026-04-01 23:29:01,820][__main__][INFO] - ✓ Train R²: 0.6019
[2026-04-01 23:29:01,820][__main__][INFO] - ✓ Val R²: 0.3050
[2026-04-01 23:29:01,823][HYDRA] 	#32 : model.L=4 model.bond_dim=32 seed=32874 trainer.lr=0.005 trainer.ridge=0.005 trainer.optimizer=adamw +experiment=cpda_gtn_sweep model=cpda_typei dataset=appliances
[2026-04-01 23:29:01,974][__main__][INFO] - Configuration:
model:
  name: CPDATypeI
  L: 4
  bond_dim: 32
  output_site: null
  init_strength: 0.1
dataset:
  name: appliances
  task: regression
  cap: 50
  size: large
  batch_size: 128
slurm:
  partition: titans
  time: '24:00:00'
  mem: 2gb
  gpu_arch: Ampere
  cpus: 1
  gpu: 1
hpc:
  queue: gpuv100
  time: '24:00'
  mem: 500MB
  cpus: 4
  gpu: 1
trainer:
  type: gtn
  n_epochs: 1000
  lr: 0.005
  optimizer: adamw
  ridge: 0.005
  loss_fn: null
  patience: 100
  min_delta: 0.001
  train_selection: true
seed: 32874
experiment_name: ${model.name}_${dataset.name}_${trainer.type}_rg${trainer.ridge}_init${model.init_strength}
skip_completed: true

[2026-04-01 23:29:01,977][__main__][INFO] - Output directory: /home/nicci/GTN/outputs/gtn/appliances/CPDATypeI_rg0.005_init0.1/L4_bd32_seed32874
[2026-04-01 23:29:01,978][__main__][INFO] - Loading dataset: appliances
[2026-04-01 23:29:06,978][__main__][INFO] -   Samples: train=13814, val=2960, test=2961
[2026-04-01 23:29:06,978][__main__][INFO] -   Features: 28 (including bias), Task: regression
[2026-04-01 23:29:06,978][__main__][INFO] -   Device: cuda
[2026-04-01 23:29:06,978][__main__][INFO] - Creating model: CPDATypeI
[2026-04-01 23:32:41,872][__main__][INFO] - Early stopping at epoch 203 (no improvement for 100 epochs)
[2026-04-01 23:32:41,880][__main__][INFO] - Results saved to: /home/nicci/GTN/outputs/gtn/appliances/CPDATypeI_rg0.005_init0.1/L4_bd32_seed32874/results.json
[2026-04-01 23:32:41,880][__main__][INFO] - ✓ Train R²: 0.5656
[2026-04-01 23:32:41,880][__main__][INFO] - ✓ Val R²: 0.3178
[2026-04-01 23:32:41,882][HYDRA] 	#33 : model.L=4 model.bond_dim=32 seed=47311 trainer.lr=0.005 trainer.ridge=0.005 trainer.optimizer=adamw +experiment=cpda_gtn_sweep model=cpda_typei dataset=appliances
[2026-04-01 23:32:42,028][__main__][INFO] - Configuration:
model:
  name: CPDATypeI
  L: 4
  bond_dim: 32
  output_site: null
  init_strength: 0.1
dataset:
  name: appliances
  task: regression
  cap: 50
  size: large
  batch_size: 128
slurm:
  partition: titans
  time: '24:00:00'
  mem: 2gb
  gpu_arch: Ampere
  cpus: 1
  gpu: 1
hpc:
  queue: gpuv100
  time: '24:00'
  mem: 500MB
  cpus: 4
  gpu: 1
trainer:
  type: gtn
  n_epochs: 1000
  lr: 0.005
  optimizer: adamw
  ridge: 0.005
  loss_fn: null
  patience: 100
  min_delta: 0.001
  train_selection: true
seed: 47311
experiment_name: ${model.name}_${dataset.name}_${trainer.type}_rg${trainer.ridge}_init${model.init_strength}
skip_completed: true

[2026-04-01 23:32:42,031][__main__][INFO] - Output directory: /home/nicci/GTN/outputs/gtn/appliances/CPDATypeI_rg0.005_init0.1/L4_bd32_seed47311
[2026-04-01 23:32:42,032][__main__][INFO] - Loading dataset: appliances
[2026-04-01 23:32:46,583][__main__][INFO] -   Samples: train=13814, val=2960, test=2961
[2026-04-01 23:32:46,583][__main__][INFO] -   Features: 28 (including bias), Task: regression
[2026-04-01 23:32:46,583][__main__][INFO] -   Device: cuda
[2026-04-01 23:32:46,583][__main__][INFO] - Creating model: CPDATypeI
[2026-04-01 23:37:35,442][__main__][INFO] - Early stopping at epoch 275 (no improvement for 100 epochs)
[2026-04-01 23:37:35,451][__main__][INFO] - Results saved to: /home/nicci/GTN/outputs/gtn/appliances/CPDATypeI_rg0.005_init0.1/L4_bd32_seed47311/results.json
[2026-04-01 23:37:35,451][__main__][INFO] - ✓ Train R²: 0.6159
[2026-04-01 23:37:35,451][__main__][INFO] - ✓ Val R²: 0.3173
[2026-04-01 23:37:35,452][HYDRA] 	#34 : model.L=4 model.bond_dim=32 seed=47303 trainer.lr=0.005 trainer.ridge=0.005 trainer.optimizer=adamw +experiment=cpda_gtn_sweep model=cpda_typei dataset=appliances
[2026-04-01 23:37:35,596][__main__][INFO] - Configuration:
model:
  name: CPDATypeI
  L: 4
  bond_dim: 32
  output_site: null
  init_strength: 0.1
dataset:
  name: appliances
  task: regression
  cap: 50
  size: large
  batch_size: 128
slurm:
  partition: titans
  time: '24:00:00'
  mem: 2gb
  gpu_arch: Ampere
  cpus: 1
  gpu: 1
hpc:
  queue: gpuv100
  time: '24:00'
  mem: 500MB
  cpus: 4
  gpu: 1
trainer:
  type: gtn
  n_epochs: 1000
  lr: 0.005
  optimizer: adamw
  ridge: 0.005
  loss_fn: null
  patience: 100
  min_delta: 0.001
  train_selection: true
seed: 47303
experiment_name: ${model.name}_${dataset.name}_${trainer.type}_rg${trainer.ridge}_init${model.init_strength}
skip_completed: true

[2026-04-01 23:37:35,599][__main__][INFO] - Output directory: /home/nicci/GTN/outputs/gtn/appliances/CPDATypeI_rg0.005_init0.1/L4_bd32_seed47303
[2026-04-01 23:37:35,600][__main__][INFO] - Loading dataset: appliances
[2026-04-01 23:37:41,178][__main__][INFO] -   Samples: train=13814, val=2960, test=2961
[2026-04-01 23:37:41,179][__main__][INFO] -   Features: 28 (including bias), Task: regression
[2026-04-01 23:37:41,179][__main__][INFO] -   Device: cuda
[2026-04-01 23:37:41,179][__main__][INFO] - Creating model: CPDATypeI
[2026-04-01 23:43:08,446][__main__][INFO] - Early stopping at epoch 313 (no improvement for 100 epochs)
[2026-04-01 23:43:08,454][__main__][INFO] - Results saved to: /home/nicci/GTN/outputs/gtn/appliances/CPDATypeI_rg0.005_init0.1/L4_bd32_seed47303/results.json
[2026-04-01 23:43:08,454][__main__][INFO] - ✓ Train R²: 0.6328
[2026-04-01 23:43:08,454][__main__][INFO] - ✓ Val R²: 0.3269
[2026-04-01 23:43:08,457][HYDRA] 	#35 : model.L=4 model.bond_dim=64 seed=42 trainer.lr=0.005 trainer.ridge=0.005 trainer.optimizer=adamw +experiment=cpda_gtn_sweep model=cpda_typei dataset=appliances
[2026-04-01 23:43:08,600][__main__][INFO] - Configuration:
model:
  name: CPDATypeI
  L: 4
  bond_dim: 64
  output_site: null
  init_strength: 0.1
dataset:
  name: appliances
  task: regression
  cap: 50
  size: large
  batch_size: 128
slurm:
  partition: titans
  time: '24:00:00'
  mem: 2gb
  gpu_arch: Ampere
  cpus: 1
  gpu: 1
hpc:
  queue: gpuv100
  time: '24:00'
  mem: 500MB
  cpus: 4
  gpu: 1
trainer:
  type: gtn
  n_epochs: 1000
  lr: 0.005
  optimizer: adamw
  ridge: 0.005
  loss_fn: null
  patience: 100
  min_delta: 0.001
  train_selection: true
seed: 42
experiment_name: ${model.name}_${dataset.name}_${trainer.type}_rg${trainer.ridge}_init${model.init_strength}
skip_completed: true

[2026-04-01 23:43:08,601][__main__][INFO] - Output directory: /home/nicci/GTN/outputs/gtn/appliances/CPDATypeI_rg0.005_init0.1/L4_bd64_seed42
[2026-04-01 23:43:08,602][__main__][INFO] - Loading dataset: appliances
[2026-04-01 23:43:13,761][__main__][INFO] -   Samples: train=13814, val=2960, test=2961
[2026-04-01 23:43:13,762][__main__][INFO] -   Features: 28 (including bias), Task: regression
[2026-04-01 23:43:13,762][__main__][INFO] -   Device: cuda
[2026-04-01 23:43:13,762][__main__][INFO] - Creating model: CPDATypeI
[2026-04-01 23:45:53,872][__main__][INFO] - Early stopping at epoch 152 (no improvement for 100 epochs)
[2026-04-01 23:45:53,880][__main__][INFO] - Results saved to: /home/nicci/GTN/outputs/gtn/appliances/CPDATypeI_rg0.005_init0.1/L4_bd64_seed42/results.json
[2026-04-01 23:45:53,880][__main__][INFO] - ✓ Train R²: 0.5282
[2026-04-01 23:45:53,880][__main__][INFO] - ✓ Val R²: 0.2894
[2026-04-01 23:45:53,883][HYDRA] 	#36 : model.L=4 model.bond_dim=64 seed=10090 trainer.lr=0.005 trainer.ridge=0.005 trainer.optimizer=adamw +experiment=cpda_gtn_sweep model=cpda_typei dataset=appliances
[2026-04-01 23:45:54,025][__main__][INFO] - Configuration:
model:
  name: CPDATypeI
  L: 4
  bond_dim: 64
  output_site: null
  init_strength: 0.1
dataset:
  name: appliances
  task: regression
  cap: 50
  size: large
  batch_size: 128
slurm:
  partition: titans
  time: '24:00:00'
  mem: 2gb
  gpu_arch: Ampere
  cpus: 1
  gpu: 1
hpc:
  queue: gpuv100
  time: '24:00'
  mem: 500MB
  cpus: 4
  gpu: 1
trainer:
  type: gtn
  n_epochs: 1000
  lr: 0.005
  optimizer: adamw
  ridge: 0.005
  loss_fn: null
  patience: 100
  min_delta: 0.001
  train_selection: true
seed: 10090
experiment_name: ${model.name}_${dataset.name}_${trainer.type}_rg${trainer.ridge}_init${model.init_strength}
skip_completed: true

[2026-04-01 23:45:54,028][__main__][INFO] - Output directory: /home/nicci/GTN/outputs/gtn/appliances/CPDATypeI_rg0.005_init0.1/L4_bd64_seed10090
[2026-04-01 23:45:54,028][__main__][INFO] - Loading dataset: appliances
[2026-04-01 23:45:59,207][__main__][INFO] -   Samples: train=13814, val=2960, test=2961
[2026-04-01 23:45:59,208][__main__][INFO] -   Features: 28 (including bias), Task: regression
[2026-04-01 23:45:59,208][__main__][INFO] -   Device: cuda
[2026-04-01 23:45:59,208][__main__][INFO] - Creating model: CPDATypeI
[2026-04-01 23:49:16,793][__main__][INFO] - Early stopping at epoch 189 (no improvement for 100 epochs)
[2026-04-01 23:49:16,801][__main__][INFO] - Results saved to: /home/nicci/GTN/outputs/gtn/appliances/CPDATypeI_rg0.005_init0.1/L4_bd64_seed10090/results.json
[2026-04-01 23:49:16,801][__main__][INFO] - ✓ Train R²: 0.5806
[2026-04-01 23:49:16,801][__main__][INFO] - ✓ Val R²: 0.2887
[2026-04-01 23:49:16,804][HYDRA] 	#37 : model.L=4 model.bond_dim=64 seed=32874 trainer.lr=0.005 trainer.ridge=0.005 trainer.optimizer=adamw +experiment=cpda_gtn_sweep model=cpda_typei dataset=appliances
[2026-04-01 23:49:16,939][__main__][INFO] - Configuration:
model:
  name: CPDATypeI
  L: 4
  bond_dim: 64
  output_site: null
  init_strength: 0.1
dataset:
  name: appliances
  task: regression
  cap: 50
  size: large
  batch_size: 128
slurm:
  partition: titans
  time: '24:00:00'
  mem: 2gb
  gpu_arch: Ampere
  cpus: 1
  gpu: 1
hpc:
  queue: gpuv100
  time: '24:00'
  mem: 500MB
  cpus: 4
  gpu: 1
trainer:
  type: gtn
  n_epochs: 1000
  lr: 0.005
  optimizer: adamw
  ridge: 0.005
  loss_fn: null
  patience: 100
  min_delta: 0.001
  train_selection: true
seed: 32874
experiment_name: ${model.name}_${dataset.name}_${trainer.type}_rg${trainer.ridge}_init${model.init_strength}
skip_completed: true

[2026-04-01 23:49:16,940][__main__][INFO] - Output directory: /home/nicci/GTN/outputs/gtn/appliances/CPDATypeI_rg0.005_init0.1/L4_bd64_seed32874
[2026-04-01 23:49:16,940][__main__][INFO] - Loading dataset: appliances
[2026-04-01 23:49:22,108][__main__][INFO] -   Samples: train=13814, val=2960, test=2961
[2026-04-01 23:49:22,108][__main__][INFO] -   Features: 28 (including bias), Task: regression
[2026-04-01 23:49:22,108][__main__][INFO] -   Device: cuda
[2026-04-01 23:49:22,109][__main__][INFO] - Creating model: CPDATypeI
[2026-04-01 23:55:06,301][__main__][INFO] - Early stopping at epoch 330 (no improvement for 100 epochs)
[2026-04-01 23:55:06,311][__main__][INFO] - Results saved to: /home/nicci/GTN/outputs/gtn/appliances/CPDATypeI_rg0.005_init0.1/L4_bd64_seed32874/results.json
[2026-04-01 23:55:06,311][__main__][INFO] - ✓ Train R²: 0.6570
[2026-04-01 23:55:06,311][__main__][INFO] - ✓ Val R²: 0.3086
[2026-04-01 23:55:06,314][HYDRA] 	#38 : model.L=4 model.bond_dim=64 seed=47311 trainer.lr=0.005 trainer.ridge=0.005 trainer.optimizer=adamw +experiment=cpda_gtn_sweep model=cpda_typei dataset=appliances
[2026-04-01 23:55:06,462][__main__][INFO] - Configuration:
model:
  name: CPDATypeI
  L: 4
  bond_dim: 64
  output_site: null
  init_strength: 0.1
dataset:
  name: appliances
  task: regression
  cap: 50
  size: large
  batch_size: 128
slurm:
  partition: titans
  time: '24:00:00'
  mem: 2gb
  gpu_arch: Ampere
  cpus: 1
  gpu: 1
hpc:
  queue: gpuv100
  time: '24:00'
  mem: 500MB
  cpus: 4
  gpu: 1
trainer:
  type: gtn
  n_epochs: 1000
  lr: 0.005
  optimizer: adamw
  ridge: 0.005
  loss_fn: null
  patience: 100
  min_delta: 0.001
  train_selection: true
seed: 47311
experiment_name: ${model.name}_${dataset.name}_${trainer.type}_rg${trainer.ridge}_init${model.init_strength}
skip_completed: true

[2026-04-01 23:55:06,465][__main__][INFO] - Output directory: /home/nicci/GTN/outputs/gtn/appliances/CPDATypeI_rg0.005_init0.1/L4_bd64_seed47311
[2026-04-01 23:55:06,465][__main__][INFO] - Loading dataset: appliances
[2026-04-01 23:55:11,640][__main__][INFO] -   Samples: train=13814, val=2960, test=2961
[2026-04-01 23:55:11,641][__main__][INFO] -   Features: 28 (including bias), Task: regression
[2026-04-01 23:55:11,641][__main__][INFO] -   Device: cuda
[2026-04-01 23:55:11,641][__main__][INFO] - Creating model: CPDATypeI
[2026-04-02 00:00:36,788][__main__][INFO] - Early stopping at epoch 316 (no improvement for 100 epochs)
[2026-04-02 00:00:36,797][__main__][INFO] - Results saved to: /home/nicci/GTN/outputs/gtn/appliances/CPDATypeI_rg0.005_init0.1/L4_bd64_seed47311/results.json
[2026-04-02 00:00:36,798][__main__][INFO] - ✓ Train R²: 0.6556
[2026-04-02 00:00:36,798][__main__][INFO] - ✓ Val R²: 0.2952
[2026-04-02 00:00:36,799][HYDRA] 	#39 : model.L=4 model.bond_dim=64 seed=47303 trainer.lr=0.005 trainer.ridge=0.005 trainer.optimizer=adamw +experiment=cpda_gtn_sweep model=cpda_typei dataset=appliances
[2026-04-02 00:00:36,946][__main__][INFO] - Configuration:
model:
  name: CPDATypeI
  L: 4
  bond_dim: 64
  output_site: null
  init_strength: 0.1
dataset:
  name: appliances
  task: regression
  cap: 50
  size: large
  batch_size: 128
slurm:
  partition: titans
  time: '24:00:00'
  mem: 2gb
  gpu_arch: Ampere
  cpus: 1
  gpu: 1
hpc:
  queue: gpuv100
  time: '24:00'
  mem: 500MB
  cpus: 4
  gpu: 1
trainer:
  type: gtn
  n_epochs: 1000
  lr: 0.005
  optimizer: adamw
  ridge: 0.005
  loss_fn: null
  patience: 100
  min_delta: 0.001
  train_selection: true
seed: 47303
experiment_name: ${model.name}_${dataset.name}_${trainer.type}_rg${trainer.ridge}_init${model.init_strength}
skip_completed: true

[2026-04-02 00:00:36,950][__main__][INFO] - Output directory: /home/nicci/GTN/outputs/gtn/appliances/CPDATypeI_rg0.005_init0.1/L4_bd64_seed47303
[2026-04-02 00:00:36,950][__main__][INFO] - Loading dataset: appliances
[2026-04-02 00:00:41,655][__main__][INFO] -   Samples: train=13814, val=2960, test=2961
[2026-04-02 00:00:41,656][__main__][INFO] -   Features: 28 (including bias), Task: regression
[2026-04-02 00:00:41,656][__main__][INFO] -   Device: cuda
[2026-04-02 00:00:41,656][__main__][INFO] - Creating model: CPDATypeI
[2026-04-02 00:04:32,274][__main__][INFO] - Early stopping at epoch 223 (no improvement for 100 epochs)
[2026-04-02 00:04:32,282][__main__][INFO] - Results saved to: /home/nicci/GTN/outputs/gtn/appliances/CPDATypeI_rg0.005_init0.1/L4_bd64_seed47303/results.json
[2026-04-02 00:04:32,283][__main__][INFO] - ✓ Train R²: 0.6144
[2026-04-02 00:04:32,283][__main__][INFO] - ✓ Val R²: 0.2993
Done: 2026-04-02-00:04:33
