Node: comp-gpu01
Array Job ID: 409191, Task ID: 3
Start: 2026-04-01-19:59:36
Running: model=cpda dataset=bank
[2026-04-01 19:59:47,315][HYDRA] Launching 40 jobs locally
[2026-04-01 19:59:47,315][HYDRA] 	#0 : model.L=3 model.bond_dim=8 seed=42 trainer.lr=0.005 trainer.ridge=0.005 trainer.optimizer=adamw +experiment=cpda_gtn_sweep model=cpda dataset=bank
[2026-04-01 19:59:47,462][__main__][INFO] - Configuration:
model:
  name: CPDA
  L: 3
  bond_dim: 8
  output_site: null
  init_strength: 0.1
dataset:
  name: bank
  task: classification
  cap: 50
  size: large
  batch_size: 128
slurm:
  partition: titans
  time: '24:00:00'
  mem: 2gb
  gpu_arch: Ampere
  cpus: 1
  gpu: 1
hpc:
  queue: gpuv100
  time: '24:00'
  mem: 500MB
  cpus: 4
  gpu: 1
trainer:
  type: gtn
  n_epochs: 1000
  lr: 0.005
  optimizer: adamw
  ridge: 0.005
  loss_fn: null
  patience: 100
  min_delta: 0.001
  train_selection: true
seed: 42
experiment_name: ${model.name}_${dataset.name}_${trainer.type}_rg${trainer.ridge}_init${model.init_strength}
skip_completed: true

[2026-04-01 19:59:47,468][__main__][INFO] - Output directory: /home/nicci/GTN/outputs/gtn/bank/CPDA_rg0.005_init0.1/L3_bd8_seed42
[2026-04-01 19:59:47,468][__main__][INFO] - Loading dataset: bank
[2026-04-01 19:59:51,494][__main__][INFO] -   Samples: train=31647, val=6782, test=6782
[2026-04-01 19:59:51,494][__main__][INFO] -   Features: 34 (including bias), Task: classification
[2026-04-01 19:59:51,495][__main__][INFO] -   Device: cuda
[2026-04-01 19:59:51,495][__main__][INFO] - Creating model: CPDA
[2026-04-01 20:06:01,329][__main__][INFO] - Early stopping at epoch 237 (no improvement for 100 epochs)
[2026-04-01 20:06:01,342][__main__][INFO] - Results saved to: /home/nicci/GTN/outputs/gtn/bank/CPDA_rg0.005_init0.1/L3_bd8_seed42/results.json
[2026-04-01 20:06:01,342][__main__][INFO] - ✓ Train Accuracy: 0.9074
[2026-04-01 20:06:01,342][__main__][INFO] - ✓ Val Accuracy: 0.8980
[2026-04-01 20:06:01,346][HYDRA] 	#1 : model.L=3 model.bond_dim=8 seed=10090 trainer.lr=0.005 trainer.ridge=0.005 trainer.optimizer=adamw +experiment=cpda_gtn_sweep model=cpda dataset=bank
[2026-04-01 20:06:01,506][__main__][INFO] - Configuration:
model:
  name: CPDA
  L: 3
  bond_dim: 8
  output_site: null
  init_strength: 0.1
dataset:
  name: bank
  task: classification
  cap: 50
  size: large
  batch_size: 128
slurm:
  partition: titans
  time: '24:00:00'
  mem: 2gb
  gpu_arch: Ampere
  cpus: 1
  gpu: 1
hpc:
  queue: gpuv100
  time: '24:00'
  mem: 500MB
  cpus: 4
  gpu: 1
trainer:
  type: gtn
  n_epochs: 1000
  lr: 0.005
  optimizer: adamw
  ridge: 0.005
  loss_fn: null
  patience: 100
  min_delta: 0.001
  train_selection: true
seed: 10090
experiment_name: ${model.name}_${dataset.name}_${trainer.type}_rg${trainer.ridge}_init${model.init_strength}
skip_completed: true

[2026-04-01 20:06:01,508][__main__][INFO] - Output directory: /home/nicci/GTN/outputs/gtn/bank/CPDA_rg0.005_init0.1/L3_bd8_seed10090
[2026-04-01 20:06:01,508][__main__][INFO] - Loading dataset: bank
[2026-04-01 20:06:05,197][__main__][INFO] -   Samples: train=31647, val=6782, test=6782
[2026-04-01 20:06:05,198][__main__][INFO] -   Features: 34 (including bias), Task: classification
[2026-04-01 20:06:05,198][__main__][INFO] -   Device: cuda
[2026-04-01 20:06:05,198][__main__][INFO] - Creating model: CPDA
[2026-04-01 20:13:12,680][__main__][INFO] - Early stopping at epoch 282 (no improvement for 100 epochs)
[2026-04-01 20:13:12,694][__main__][INFO] - Results saved to: /home/nicci/GTN/outputs/gtn/bank/CPDA_rg0.005_init0.1/L3_bd8_seed10090/results.json
[2026-04-01 20:13:12,694][__main__][INFO] - ✓ Train Accuracy: 0.9067
[2026-04-01 20:13:12,695][__main__][INFO] - ✓ Val Accuracy: 0.8980
[2026-04-01 20:13:12,697][HYDRA] 	#2 : model.L=3 model.bond_dim=8 seed=32874 trainer.lr=0.005 trainer.ridge=0.005 trainer.optimizer=adamw +experiment=cpda_gtn_sweep model=cpda dataset=bank
[2026-04-01 20:13:12,856][__main__][INFO] - Configuration:
model:
  name: CPDA
  L: 3
  bond_dim: 8
  output_site: null
  init_strength: 0.1
dataset:
  name: bank
  task: classification
  cap: 50
  size: large
  batch_size: 128
slurm:
  partition: titans
  time: '24:00:00'
  mem: 2gb
  gpu_arch: Ampere
  cpus: 1
  gpu: 1
hpc:
  queue: gpuv100
  time: '24:00'
  mem: 500MB
  cpus: 4
  gpu: 1
trainer:
  type: gtn
  n_epochs: 1000
  lr: 0.005
  optimizer: adamw
  ridge: 0.005
  loss_fn: null
  patience: 100
  min_delta: 0.001
  train_selection: true
seed: 32874
experiment_name: ${model.name}_${dataset.name}_${trainer.type}_rg${trainer.ridge}_init${model.init_strength}
skip_completed: true

[2026-04-01 20:13:12,859][__main__][INFO] - Output directory: /home/nicci/GTN/outputs/gtn/bank/CPDA_rg0.005_init0.1/L3_bd8_seed32874
[2026-04-01 20:13:12,860][__main__][INFO] - Loading dataset: bank
[2026-04-01 20:13:16,383][__main__][INFO] -   Samples: train=31647, val=6782, test=6782
[2026-04-01 20:13:16,383][__main__][INFO] -   Features: 34 (including bias), Task: classification
[2026-04-01 20:13:16,383][__main__][INFO] -   Device: cuda
[2026-04-01 20:13:16,383][__main__][INFO] - Creating model: CPDA
[2026-04-01 20:19:21,628][__main__][INFO] - Early stopping at epoch 241 (no improvement for 100 epochs)
[2026-04-01 20:19:21,639][__main__][INFO] - Results saved to: /home/nicci/GTN/outputs/gtn/bank/CPDA_rg0.005_init0.1/L3_bd8_seed32874/results.json
[2026-04-01 20:19:21,639][__main__][INFO] - ✓ Train Accuracy: 0.9073
[2026-04-01 20:19:21,639][__main__][INFO] - ✓ Val Accuracy: 0.8975
[2026-04-01 20:19:21,641][HYDRA] 	#3 : model.L=3 model.bond_dim=8 seed=47311 trainer.lr=0.005 trainer.ridge=0.005 trainer.optimizer=adamw +experiment=cpda_gtn_sweep model=cpda dataset=bank
[2026-04-01 20:19:21,796][__main__][INFO] - Configuration:
model:
  name: CPDA
  L: 3
  bond_dim: 8
  output_site: null
  init_strength: 0.1
dataset:
  name: bank
  task: classification
  cap: 50
  size: large
  batch_size: 128
slurm:
  partition: titans
  time: '24:00:00'
  mem: 2gb
  gpu_arch: Ampere
  cpus: 1
  gpu: 1
hpc:
  queue: gpuv100
  time: '24:00'
  mem: 500MB
  cpus: 4
  gpu: 1
trainer:
  type: gtn
  n_epochs: 1000
  lr: 0.005
  optimizer: adamw
  ridge: 0.005
  loss_fn: null
  patience: 100
  min_delta: 0.001
  train_selection: true
seed: 47311
experiment_name: ${model.name}_${dataset.name}_${trainer.type}_rg${trainer.ridge}_init${model.init_strength}
skip_completed: true

[2026-04-01 20:19:21,797][__main__][INFO] - Output directory: /home/nicci/GTN/outputs/gtn/bank/CPDA_rg0.005_init0.1/L3_bd8_seed47311
[2026-04-01 20:19:21,798][__main__][INFO] - Loading dataset: bank
[2026-04-01 20:19:25,955][__main__][INFO] -   Samples: train=31647, val=6782, test=6782
[2026-04-01 20:19:25,955][__main__][INFO] -   Features: 34 (including bias), Task: classification
[2026-04-01 20:19:25,955][__main__][INFO] -   Device: cuda
[2026-04-01 20:19:25,955][__main__][INFO] - Creating model: CPDA
[2026-04-01 20:25:41,689][__main__][INFO] - Early stopping at epoch 246 (no improvement for 100 epochs)
[2026-04-01 20:25:41,700][__main__][INFO] - Results saved to: /home/nicci/GTN/outputs/gtn/bank/CPDA_rg0.005_init0.1/L3_bd8_seed47311/results.json
[2026-04-01 20:25:41,701][__main__][INFO] - ✓ Train Accuracy: 0.9079
[2026-04-01 20:25:41,701][__main__][INFO] - ✓ Val Accuracy: 0.8966
[2026-04-01 20:25:41,703][HYDRA] 	#4 : model.L=3 model.bond_dim=8 seed=47303 trainer.lr=0.005 trainer.ridge=0.005 trainer.optimizer=adamw +experiment=cpda_gtn_sweep model=cpda dataset=bank
[2026-04-01 20:25:41,863][__main__][INFO] - Configuration:
model:
  name: CPDA
  L: 3
  bond_dim: 8
  output_site: null
  init_strength: 0.1
dataset:
  name: bank
  task: classification
  cap: 50
  size: large
  batch_size: 128
slurm:
  partition: titans
  time: '24:00:00'
  mem: 2gb
  gpu_arch: Ampere
  cpus: 1
  gpu: 1
hpc:
  queue: gpuv100
  time: '24:00'
  mem: 500MB
  cpus: 4
  gpu: 1
trainer:
  type: gtn
  n_epochs: 1000
  lr: 0.005
  optimizer: adamw
  ridge: 0.005
  loss_fn: null
  patience: 100
  min_delta: 0.001
  train_selection: true
seed: 47303
experiment_name: ${model.name}_${dataset.name}_${trainer.type}_rg${trainer.ridge}_init${model.init_strength}
skip_completed: true

[2026-04-01 20:25:41,866][__main__][INFO] - Output directory: /home/nicci/GTN/outputs/gtn/bank/CPDA_rg0.005_init0.1/L3_bd8_seed47303
[2026-04-01 20:25:41,866][__main__][INFO] - Loading dataset: bank
[2026-04-01 20:25:48,706][__main__][INFO] -   Samples: train=31647, val=6782, test=6782
[2026-04-01 20:25:48,706][__main__][INFO] -   Features: 34 (including bias), Task: classification
[2026-04-01 20:25:48,706][__main__][INFO] -   Device: cuda
[2026-04-01 20:25:48,707][__main__][INFO] - Creating model: CPDA
[2026-04-01 20:32:31,745][__main__][INFO] - Early stopping at epoch 269 (no improvement for 100 epochs)
[2026-04-01 20:32:31,757][__main__][INFO] - Results saved to: /home/nicci/GTN/outputs/gtn/bank/CPDA_rg0.005_init0.1/L3_bd8_seed47303/results.json
[2026-04-01 20:32:31,757][__main__][INFO] - ✓ Train Accuracy: 0.9070
[2026-04-01 20:32:31,757][__main__][INFO] - ✓ Val Accuracy: 0.8983
[2026-04-01 20:32:31,759][HYDRA] 	#5 : model.L=3 model.bond_dim=16 seed=42 trainer.lr=0.005 trainer.ridge=0.005 trainer.optimizer=adamw +experiment=cpda_gtn_sweep model=cpda dataset=bank
[2026-04-01 20:32:31,918][__main__][INFO] - Configuration:
model:
  name: CPDA
  L: 3
  bond_dim: 16
  output_site: null
  init_strength: 0.1
dataset:
  name: bank
  task: classification
  cap: 50
  size: large
  batch_size: 128
slurm:
  partition: titans
  time: '24:00:00'
  mem: 2gb
  gpu_arch: Ampere
  cpus: 1
  gpu: 1
hpc:
  queue: gpuv100
  time: '24:00'
  mem: 500MB
  cpus: 4
  gpu: 1
trainer:
  type: gtn
  n_epochs: 1000
  lr: 0.005
  optimizer: adamw
  ridge: 0.005
  loss_fn: null
  patience: 100
  min_delta: 0.001
  train_selection: true
seed: 42
experiment_name: ${model.name}_${dataset.name}_${trainer.type}_rg${trainer.ridge}_init${model.init_strength}
skip_completed: true

[2026-04-01 20:32:31,922][__main__][INFO] - Output directory: /home/nicci/GTN/outputs/gtn/bank/CPDA_rg0.005_init0.1/L3_bd16_seed42
[2026-04-01 20:32:31,922][__main__][INFO] - Loading dataset: bank
[2026-04-01 20:32:36,925][__main__][INFO] -   Samples: train=31647, val=6782, test=6782
[2026-04-01 20:32:36,925][__main__][INFO] -   Features: 34 (including bias), Task: classification
[2026-04-01 20:32:36,925][__main__][INFO] -   Device: cuda
[2026-04-01 20:32:36,926][__main__][INFO] - Creating model: CPDA
[2026-04-01 20:41:19,284][__main__][INFO] - Early stopping at epoch 346 (no improvement for 100 epochs)
[2026-04-01 20:41:19,296][__main__][INFO] - Results saved to: /home/nicci/GTN/outputs/gtn/bank/CPDA_rg0.005_init0.1/L3_bd16_seed42/results.json
[2026-04-01 20:41:19,297][__main__][INFO] - ✓ Train Accuracy: 0.9092
[2026-04-01 20:41:19,297][__main__][INFO] - ✓ Val Accuracy: 0.8972
[2026-04-01 20:41:19,299][HYDRA] 	#6 : model.L=3 model.bond_dim=16 seed=10090 trainer.lr=0.005 trainer.ridge=0.005 trainer.optimizer=adamw +experiment=cpda_gtn_sweep model=cpda dataset=bank
[2026-04-01 20:41:19,453][__main__][INFO] - Configuration:
model:
  name: CPDA
  L: 3
  bond_dim: 16
  output_site: null
  init_strength: 0.1
dataset:
  name: bank
  task: classification
  cap: 50
  size: large
  batch_size: 128
slurm:
  partition: titans
  time: '24:00:00'
  mem: 2gb
  gpu_arch: Ampere
  cpus: 1
  gpu: 1
hpc:
  queue: gpuv100
  time: '24:00'
  mem: 500MB
  cpus: 4
  gpu: 1
trainer:
  type: gtn
  n_epochs: 1000
  lr: 0.005
  optimizer: adamw
  ridge: 0.005
  loss_fn: null
  patience: 100
  min_delta: 0.001
  train_selection: true
seed: 10090
experiment_name: ${model.name}_${dataset.name}_${trainer.type}_rg${trainer.ridge}_init${model.init_strength}
skip_completed: true

[2026-04-01 20:41:19,454][__main__][INFO] - Output directory: /home/nicci/GTN/outputs/gtn/bank/CPDA_rg0.005_init0.1/L3_bd16_seed10090
[2026-04-01 20:41:19,455][__main__][INFO] - Loading dataset: bank
[2026-04-01 20:41:23,966][__main__][INFO] -   Samples: train=31647, val=6782, test=6782
[2026-04-01 20:41:23,967][__main__][INFO] -   Features: 34 (including bias), Task: classification
[2026-04-01 20:41:23,967][__main__][INFO] -   Device: cuda
[2026-04-01 20:41:23,967][__main__][INFO] - Creating model: CPDA
[2026-04-01 20:46:39,544][__main__][INFO] - Early stopping at epoch 209 (no improvement for 100 epochs)
[2026-04-01 20:46:39,555][__main__][INFO] - Results saved to: /home/nicci/GTN/outputs/gtn/bank/CPDA_rg0.005_init0.1/L3_bd16_seed10090/results.json
[2026-04-01 20:46:39,555][__main__][INFO] - ✓ Train Accuracy: 0.9079
[2026-04-01 20:46:39,555][__main__][INFO] - ✓ Val Accuracy: 0.8971
[2026-04-01 20:46:39,558][HYDRA] 	#7 : model.L=3 model.bond_dim=16 seed=32874 trainer.lr=0.005 trainer.ridge=0.005 trainer.optimizer=adamw +experiment=cpda_gtn_sweep model=cpda dataset=bank
[2026-04-01 20:46:39,722][__main__][INFO] - Configuration:
model:
  name: CPDA
  L: 3
  bond_dim: 16
  output_site: null
  init_strength: 0.1
dataset:
  name: bank
  task: classification
  cap: 50
  size: large
  batch_size: 128
slurm:
  partition: titans
  time: '24:00:00'
  mem: 2gb
  gpu_arch: Ampere
  cpus: 1
  gpu: 1
hpc:
  queue: gpuv100
  time: '24:00'
  mem: 500MB
  cpus: 4
  gpu: 1
trainer:
  type: gtn
  n_epochs: 1000
  lr: 0.005
  optimizer: adamw
  ridge: 0.005
  loss_fn: null
  patience: 100
  min_delta: 0.001
  train_selection: true
seed: 32874
experiment_name: ${model.name}_${dataset.name}_${trainer.type}_rg${trainer.ridge}_init${model.init_strength}
skip_completed: true

[2026-04-01 20:46:39,725][__main__][INFO] - Output directory: /home/nicci/GTN/outputs/gtn/bank/CPDA_rg0.005_init0.1/L3_bd16_seed32874
[2026-04-01 20:46:39,725][__main__][INFO] - Loading dataset: bank
[2026-04-01 20:46:44,025][__main__][INFO] -   Samples: train=31647, val=6782, test=6782
[2026-04-01 20:46:44,025][__main__][INFO] -   Features: 34 (including bias), Task: classification
[2026-04-01 20:46:44,025][__main__][INFO] -   Device: cuda
[2026-04-01 20:46:44,025][__main__][INFO] - Creating model: CPDA
[2026-04-01 20:51:06,764][__main__][INFO] - Early stopping at epoch 173 (no improvement for 100 epochs)
[2026-04-01 20:51:06,774][__main__][INFO] - Results saved to: /home/nicci/GTN/outputs/gtn/bank/CPDA_rg0.005_init0.1/L3_bd16_seed32874/results.json
[2026-04-01 20:51:06,774][__main__][INFO] - ✓ Train Accuracy: 0.9086
[2026-04-01 20:51:06,774][__main__][INFO] - ✓ Val Accuracy: 0.8969
[2026-04-01 20:51:06,777][HYDRA] 	#8 : model.L=3 model.bond_dim=16 seed=47311 trainer.lr=0.005 trainer.ridge=0.005 trainer.optimizer=adamw +experiment=cpda_gtn_sweep model=cpda dataset=bank
[2026-04-01 20:51:06,939][__main__][INFO] - Configuration:
model:
  name: CPDA
  L: 3
  bond_dim: 16
  output_site: null
  init_strength: 0.1
dataset:
  name: bank
  task: classification
  cap: 50
  size: large
  batch_size: 128
slurm:
  partition: titans
  time: '24:00:00'
  mem: 2gb
  gpu_arch: Ampere
  cpus: 1
  gpu: 1
hpc:
  queue: gpuv100
  time: '24:00'
  mem: 500MB
  cpus: 4
  gpu: 1
trainer:
  type: gtn
  n_epochs: 1000
  lr: 0.005
  optimizer: adamw
  ridge: 0.005
  loss_fn: null
  patience: 100
  min_delta: 0.001
  train_selection: true
seed: 47311
experiment_name: ${model.name}_${dataset.name}_${trainer.type}_rg${trainer.ridge}_init${model.init_strength}
skip_completed: true

[2026-04-01 20:51:06,942][__main__][INFO] - Output directory: /home/nicci/GTN/outputs/gtn/bank/CPDA_rg0.005_init0.1/L3_bd16_seed47311
[2026-04-01 20:51:06,942][__main__][INFO] - Loading dataset: bank
[2026-04-01 20:51:10,942][__main__][INFO] -   Samples: train=31647, val=6782, test=6782
[2026-04-01 20:51:10,943][__main__][INFO] -   Features: 34 (including bias), Task: classification
[2026-04-01 20:51:10,943][__main__][INFO] -   Device: cuda
[2026-04-01 20:51:10,943][__main__][INFO] - Creating model: CPDA
[2026-04-01 20:56:11,109][__main__][INFO] - Early stopping at epoch 197 (no improvement for 100 epochs)
[2026-04-01 20:56:11,119][__main__][INFO] - Results saved to: /home/nicci/GTN/outputs/gtn/bank/CPDA_rg0.005_init0.1/L3_bd16_seed47311/results.json
[2026-04-01 20:56:11,119][__main__][INFO] - ✓ Train Accuracy: 0.9092
[2026-04-01 20:56:11,119][__main__][INFO] - ✓ Val Accuracy: 0.8950
[2026-04-01 20:56:11,122][HYDRA] 	#9 : model.L=3 model.bond_dim=16 seed=47303 trainer.lr=0.005 trainer.ridge=0.005 trainer.optimizer=adamw +experiment=cpda_gtn_sweep model=cpda dataset=bank
[2026-04-01 20:56:11,278][__main__][INFO] - Configuration:
model:
  name: CPDA
  L: 3
  bond_dim: 16
  output_site: null
  init_strength: 0.1
dataset:
  name: bank
  task: classification
  cap: 50
  size: large
  batch_size: 128
slurm:
  partition: titans
  time: '24:00:00'
  mem: 2gb
  gpu_arch: Ampere
  cpus: 1
  gpu: 1
hpc:
  queue: gpuv100
  time: '24:00'
  mem: 500MB
  cpus: 4
  gpu: 1
trainer:
  type: gtn
  n_epochs: 1000
  lr: 0.005
  optimizer: adamw
  ridge: 0.005
  loss_fn: null
  patience: 100
  min_delta: 0.001
  train_selection: true
seed: 47303
experiment_name: ${model.name}_${dataset.name}_${trainer.type}_rg${trainer.ridge}_init${model.init_strength}
skip_completed: true

[2026-04-01 20:56:11,279][__main__][INFO] - Output directory: /home/nicci/GTN/outputs/gtn/bank/CPDA_rg0.005_init0.1/L3_bd16_seed47303
[2026-04-01 20:56:11,279][__main__][INFO] - Loading dataset: bank
[2026-04-01 20:56:15,589][__main__][INFO] -   Samples: train=31647, val=6782, test=6782
[2026-04-01 20:56:15,589][__main__][INFO] -   Features: 34 (including bias), Task: classification
[2026-04-01 20:56:15,589][__main__][INFO] -   Device: cuda
[2026-04-01 20:56:15,589][__main__][INFO] - Creating model: CPDA
[2026-04-01 21:01:03,174][__main__][INFO] - Early stopping at epoch 190 (no improvement for 100 epochs)
[2026-04-01 21:01:03,184][__main__][INFO] - Results saved to: /home/nicci/GTN/outputs/gtn/bank/CPDA_rg0.005_init0.1/L3_bd16_seed47303/results.json
[2026-04-01 21:01:03,184][__main__][INFO] - ✓ Train Accuracy: 0.9083
[2026-04-01 21:01:03,184][__main__][INFO] - ✓ Val Accuracy: 0.8958
[2026-04-01 21:01:03,187][HYDRA] 	#10 : model.L=3 model.bond_dim=32 seed=42 trainer.lr=0.005 trainer.ridge=0.005 trainer.optimizer=adamw +experiment=cpda_gtn_sweep model=cpda dataset=bank
[2026-04-01 21:01:03,349][__main__][INFO] - Configuration:
model:
  name: CPDA
  L: 3
  bond_dim: 32
  output_site: null
  init_strength: 0.1
dataset:
  name: bank
  task: classification
  cap: 50
  size: large
  batch_size: 128
slurm:
  partition: titans
  time: '24:00:00'
  mem: 2gb
  gpu_arch: Ampere
  cpus: 1
  gpu: 1
hpc:
  queue: gpuv100
  time: '24:00'
  mem: 500MB
  cpus: 4
  gpu: 1
trainer:
  type: gtn
  n_epochs: 1000
  lr: 0.005
  optimizer: adamw
  ridge: 0.005
  loss_fn: null
  patience: 100
  min_delta: 0.001
  train_selection: true
seed: 42
experiment_name: ${model.name}_${dataset.name}_${trainer.type}_rg${trainer.ridge}_init${model.init_strength}
skip_completed: true

[2026-04-01 21:01:03,353][__main__][INFO] - Output directory: /home/nicci/GTN/outputs/gtn/bank/CPDA_rg0.005_init0.1/L3_bd32_seed42
[2026-04-01 21:01:03,353][__main__][INFO] - Loading dataset: bank
[2026-04-01 21:01:09,375][__main__][INFO] -   Samples: train=31647, val=6782, test=6782
[2026-04-01 21:01:09,376][__main__][INFO] -   Features: 34 (including bias), Task: classification
[2026-04-01 21:01:09,376][__main__][INFO] -   Device: cuda
[2026-04-01 21:01:09,376][__main__][INFO] - Creating model: CPDA
[2026-04-01 21:05:15,223][__main__][INFO] - Early stopping at epoch 162 (no improvement for 100 epochs)
[2026-04-01 21:05:15,232][__main__][INFO] - Results saved to: /home/nicci/GTN/outputs/gtn/bank/CPDA_rg0.005_init0.1/L3_bd32_seed42/results.json
[2026-04-01 21:05:15,232][__main__][INFO] - ✓ Train Accuracy: 0.9101
[2026-04-01 21:05:15,233][__main__][INFO] - ✓ Val Accuracy: 0.8950
[2026-04-01 21:05:15,235][HYDRA] 	#11 : model.L=3 model.bond_dim=32 seed=10090 trainer.lr=0.005 trainer.ridge=0.005 trainer.optimizer=adamw +experiment=cpda_gtn_sweep model=cpda dataset=bank
[2026-04-01 21:05:15,395][__main__][INFO] - Configuration:
model:
  name: CPDA
  L: 3
  bond_dim: 32
  output_site: null
  init_strength: 0.1
dataset:
  name: bank
  task: classification
  cap: 50
  size: large
  batch_size: 128
slurm:
  partition: titans
  time: '24:00:00'
  mem: 2gb
  gpu_arch: Ampere
  cpus: 1
  gpu: 1
hpc:
  queue: gpuv100
  time: '24:00'
  mem: 500MB
  cpus: 4
  gpu: 1
trainer:
  type: gtn
  n_epochs: 1000
  lr: 0.005
  optimizer: adamw
  ridge: 0.005
  loss_fn: null
  patience: 100
  min_delta: 0.001
  train_selection: true
seed: 10090
experiment_name: ${model.name}_${dataset.name}_${trainer.type}_rg${trainer.ridge}_init${model.init_strength}
skip_completed: true

[2026-04-01 21:05:15,396][__main__][INFO] - Output directory: /home/nicci/GTN/outputs/gtn/bank/CPDA_rg0.005_init0.1/L3_bd32_seed10090
[2026-04-01 21:05:15,396][__main__][INFO] - Loading dataset: bank
[2026-04-01 21:05:20,478][__main__][INFO] -   Samples: train=31647, val=6782, test=6782
[2026-04-01 21:05:20,479][__main__][INFO] -   Features: 34 (including bias), Task: classification
[2026-04-01 21:05:20,479][__main__][INFO] -   Device: cuda
[2026-04-01 21:05:20,479][__main__][INFO] - Creating model: CPDA
[2026-04-01 21:11:39,120][__main__][INFO] - Early stopping at epoch 249 (no improvement for 100 epochs)
[2026-04-01 21:11:39,131][__main__][INFO] - Results saved to: /home/nicci/GTN/outputs/gtn/bank/CPDA_rg0.005_init0.1/L3_bd32_seed10090/results.json
[2026-04-01 21:11:39,132][__main__][INFO] - ✓ Train Accuracy: 0.9098
[2026-04-01 21:11:39,132][__main__][INFO] - ✓ Val Accuracy: 0.8953
[2026-04-01 21:11:39,134][HYDRA] 	#12 : model.L=3 model.bond_dim=32 seed=32874 trainer.lr=0.005 trainer.ridge=0.005 trainer.optimizer=adamw +experiment=cpda_gtn_sweep model=cpda dataset=bank
[2026-04-01 21:11:39,292][__main__][INFO] - Configuration:
model:
  name: CPDA
  L: 3
  bond_dim: 32
  output_site: null
  init_strength: 0.1
dataset:
  name: bank
  task: classification
  cap: 50
  size: large
  batch_size: 128
slurm:
  partition: titans
  time: '24:00:00'
  mem: 2gb
  gpu_arch: Ampere
  cpus: 1
  gpu: 1
hpc:
  queue: gpuv100
  time: '24:00'
  mem: 500MB
  cpus: 4
  gpu: 1
trainer:
  type: gtn
  n_epochs: 1000
  lr: 0.005
  optimizer: adamw
  ridge: 0.005
  loss_fn: null
  patience: 100
  min_delta: 0.001
  train_selection: true
seed: 32874
experiment_name: ${model.name}_${dataset.name}_${trainer.type}_rg${trainer.ridge}_init${model.init_strength}
skip_completed: true

[2026-04-01 21:11:39,293][__main__][INFO] - Output directory: /home/nicci/GTN/outputs/gtn/bank/CPDA_rg0.005_init0.1/L3_bd32_seed32874
[2026-04-01 21:11:39,293][__main__][INFO] - Loading dataset: bank
[2026-04-01 21:11:42,214][__main__][INFO] -   Samples: train=31647, val=6782, test=6782
[2026-04-01 21:11:42,214][__main__][INFO] -   Features: 34 (including bias), Task: classification
[2026-04-01 21:11:42,214][__main__][INFO] -   Device: cuda
[2026-04-01 21:11:42,214][__main__][INFO] - Creating model: CPDA
[2026-04-01 21:17:47,043][__main__][INFO] - Early stopping at epoch 243 (no improvement for 100 epochs)
[2026-04-01 21:17:47,053][__main__][INFO] - Results saved to: /home/nicci/GTN/outputs/gtn/bank/CPDA_rg0.005_init0.1/L3_bd32_seed32874/results.json
[2026-04-01 21:17:47,053][__main__][INFO] - ✓ Train Accuracy: 0.9088
[2026-04-01 21:17:47,053][__main__][INFO] - ✓ Val Accuracy: 0.8959
[2026-04-01 21:17:47,055][HYDRA] 	#13 : model.L=3 model.bond_dim=32 seed=47311 trainer.lr=0.005 trainer.ridge=0.005 trainer.optimizer=adamw +experiment=cpda_gtn_sweep model=cpda dataset=bank
[2026-04-01 21:17:47,210][__main__][INFO] - Configuration:
model:
  name: CPDA
  L: 3
  bond_dim: 32
  output_site: null
  init_strength: 0.1
dataset:
  name: bank
  task: classification
  cap: 50
  size: large
  batch_size: 128
slurm:
  partition: titans
  time: '24:00:00'
  mem: 2gb
  gpu_arch: Ampere
  cpus: 1
  gpu: 1
hpc:
  queue: gpuv100
  time: '24:00'
  mem: 500MB
  cpus: 4
  gpu: 1
trainer:
  type: gtn
  n_epochs: 1000
  lr: 0.005
  optimizer: adamw
  ridge: 0.005
  loss_fn: null
  patience: 100
  min_delta: 0.001
  train_selection: true
seed: 47311
experiment_name: ${model.name}_${dataset.name}_${trainer.type}_rg${trainer.ridge}_init${model.init_strength}
skip_completed: true

[2026-04-01 21:17:47,211][__main__][INFO] - Output directory: /home/nicci/GTN/outputs/gtn/bank/CPDA_rg0.005_init0.1/L3_bd32_seed47311
[2026-04-01 21:17:47,211][__main__][INFO] - Loading dataset: bank
[2026-04-01 21:17:51,681][__main__][INFO] -   Samples: train=31647, val=6782, test=6782
[2026-04-01 21:17:51,682][__main__][INFO] -   Features: 34 (including bias), Task: classification
[2026-04-01 21:17:51,682][__main__][INFO] -   Device: cuda
[2026-04-01 21:17:51,682][__main__][INFO] - Creating model: CPDA
[2026-04-01 21:22:18,099][__main__][INFO] - Early stopping at epoch 177 (no improvement for 100 epochs)
[2026-04-01 21:22:18,109][__main__][INFO] - Results saved to: /home/nicci/GTN/outputs/gtn/bank/CPDA_rg0.005_init0.1/L3_bd32_seed47311/results.json
[2026-04-01 21:22:18,109][__main__][INFO] - ✓ Train Accuracy: 0.9094
[2026-04-01 21:22:18,109][__main__][INFO] - ✓ Val Accuracy: 0.8956
[2026-04-01 21:22:18,112][HYDRA] 	#14 : model.L=3 model.bond_dim=32 seed=47303 trainer.lr=0.005 trainer.ridge=0.005 trainer.optimizer=adamw +experiment=cpda_gtn_sweep model=cpda dataset=bank
[2026-04-01 21:22:18,275][__main__][INFO] - Configuration:
model:
  name: CPDA
  L: 3
  bond_dim: 32
  output_site: null
  init_strength: 0.1
dataset:
  name: bank
  task: classification
  cap: 50
  size: large
  batch_size: 128
slurm:
  partition: titans
  time: '24:00:00'
  mem: 2gb
  gpu_arch: Ampere
  cpus: 1
  gpu: 1
hpc:
  queue: gpuv100
  time: '24:00'
  mem: 500MB
  cpus: 4
  gpu: 1
trainer:
  type: gtn
  n_epochs: 1000
  lr: 0.005
  optimizer: adamw
  ridge: 0.005
  loss_fn: null
  patience: 100
  min_delta: 0.001
  train_selection: true
seed: 47303
experiment_name: ${model.name}_${dataset.name}_${trainer.type}_rg${trainer.ridge}_init${model.init_strength}
skip_completed: true

[2026-04-01 21:22:18,278][__main__][INFO] - Output directory: /home/nicci/GTN/outputs/gtn/bank/CPDA_rg0.005_init0.1/L3_bd32_seed47303
[2026-04-01 21:22:18,278][__main__][INFO] - Loading dataset: bank
[2026-04-01 21:22:21,496][__main__][INFO] -   Samples: train=31647, val=6782, test=6782
[2026-04-01 21:22:21,496][__main__][INFO] -   Features: 34 (including bias), Task: classification
[2026-04-01 21:22:21,496][__main__][INFO] -   Device: cuda
[2026-04-01 21:22:21,496][__main__][INFO] - Creating model: CPDA
[2026-04-01 21:31:22,062][__main__][INFO] - Early stopping at epoch 358 (no improvement for 100 epochs)
[2026-04-01 21:31:22,076][__main__][INFO] - Results saved to: /home/nicci/GTN/outputs/gtn/bank/CPDA_rg0.005_init0.1/L3_bd32_seed47303/results.json
[2026-04-01 21:31:22,076][__main__][INFO] - ✓ Train Accuracy: 0.9101
[2026-04-01 21:31:22,076][__main__][INFO] - ✓ Val Accuracy: 0.8969
[2026-04-01 21:31:22,078][HYDRA] 	#15 : model.L=3 model.bond_dim=64 seed=42 trainer.lr=0.005 trainer.ridge=0.005 trainer.optimizer=adamw +experiment=cpda_gtn_sweep model=cpda dataset=bank
[2026-04-01 21:31:22,237][__main__][INFO] - Configuration:
model:
  name: CPDA
  L: 3
  bond_dim: 64
  output_site: null
  init_strength: 0.1
dataset:
  name: bank
  task: classification
  cap: 50
  size: large
  batch_size: 128
slurm:
  partition: titans
  time: '24:00:00'
  mem: 2gb
  gpu_arch: Ampere
  cpus: 1
  gpu: 1
hpc:
  queue: gpuv100
  time: '24:00'
  mem: 500MB
  cpus: 4
  gpu: 1
trainer:
  type: gtn
  n_epochs: 1000
  lr: 0.005
  optimizer: adamw
  ridge: 0.005
  loss_fn: null
  patience: 100
  min_delta: 0.001
  train_selection: true
seed: 42
experiment_name: ${model.name}_${dataset.name}_${trainer.type}_rg${trainer.ridge}_init${model.init_strength}
skip_completed: true

[2026-04-01 21:31:22,240][__main__][INFO] - Output directory: /home/nicci/GTN/outputs/gtn/bank/CPDA_rg0.005_init0.1/L3_bd64_seed42
[2026-04-01 21:31:22,240][__main__][INFO] - Loading dataset: bank
[2026-04-01 21:31:25,185][__main__][INFO] -   Samples: train=31647, val=6782, test=6782
[2026-04-01 21:31:25,185][__main__][INFO] -   Features: 34 (including bias), Task: classification
[2026-04-01 21:31:25,185][__main__][INFO] -   Device: cuda
[2026-04-01 21:31:25,185][__main__][INFO] - Creating model: CPDA
[2026-04-01 21:37:33,253][__main__][INFO] - Early stopping at epoch 247 (no improvement for 100 epochs)
[2026-04-01 21:37:33,268][__main__][INFO] - Results saved to: /home/nicci/GTN/outputs/gtn/bank/CPDA_rg0.005_init0.1/L3_bd64_seed42/results.json
[2026-04-01 21:37:33,269][__main__][INFO] - ✓ Train Accuracy: 0.9095
[2026-04-01 21:37:33,269][__main__][INFO] - ✓ Val Accuracy: 0.8958
[2026-04-01 21:37:33,271][HYDRA] 	#16 : model.L=3 model.bond_dim=64 seed=10090 trainer.lr=0.005 trainer.ridge=0.005 trainer.optimizer=adamw +experiment=cpda_gtn_sweep model=cpda dataset=bank
[2026-04-01 21:37:33,431][__main__][INFO] - Configuration:
model:
  name: CPDA
  L: 3
  bond_dim: 64
  output_site: null
  init_strength: 0.1
dataset:
  name: bank
  task: classification
  cap: 50
  size: large
  batch_size: 128
slurm:
  partition: titans
  time: '24:00:00'
  mem: 2gb
  gpu_arch: Ampere
  cpus: 1
  gpu: 1
hpc:
  queue: gpuv100
  time: '24:00'
  mem: 500MB
  cpus: 4
  gpu: 1
trainer:
  type: gtn
  n_epochs: 1000
  lr: 0.005
  optimizer: adamw
  ridge: 0.005
  loss_fn: null
  patience: 100
  min_delta: 0.001
  train_selection: true
seed: 10090
experiment_name: ${model.name}_${dataset.name}_${trainer.type}_rg${trainer.ridge}_init${model.init_strength}
skip_completed: true

[2026-04-01 21:37:33,435][__main__][INFO] - Output directory: /home/nicci/GTN/outputs/gtn/bank/CPDA_rg0.005_init0.1/L3_bd64_seed10090
[2026-04-01 21:37:33,435][__main__][INFO] - Loading dataset: bank
[2026-04-01 21:37:36,196][__main__][INFO] -   Samples: train=31647, val=6782, test=6782
[2026-04-01 21:37:36,197][__main__][INFO] -   Features: 34 (including bias), Task: classification
[2026-04-01 21:37:36,197][__main__][INFO] -   Device: cuda
[2026-04-01 21:37:36,197][__main__][INFO] - Creating model: CPDA
[2026-04-01 21:41:35,546][__main__][INFO] - Early stopping at epoch 160 (no improvement for 100 epochs)
[2026-04-01 21:41:35,556][__main__][INFO] - Results saved to: /home/nicci/GTN/outputs/gtn/bank/CPDA_rg0.005_init0.1/L3_bd64_seed10090/results.json
[2026-04-01 21:41:35,556][__main__][INFO] - ✓ Train Accuracy: 0.9101
[2026-04-01 21:41:35,556][__main__][INFO] - ✓ Val Accuracy: 0.8946
[2026-04-01 21:41:35,558][HYDRA] 	#17 : model.L=3 model.bond_dim=64 seed=32874 trainer.lr=0.005 trainer.ridge=0.005 trainer.optimizer=adamw +experiment=cpda_gtn_sweep model=cpda dataset=bank
[2026-04-01 21:41:35,715][__main__][INFO] - Configuration:
model:
  name: CPDA
  L: 3
  bond_dim: 64
  output_site: null
  init_strength: 0.1
dataset:
  name: bank
  task: classification
  cap: 50
  size: large
  batch_size: 128
slurm:
  partition: titans
  time: '24:00:00'
  mem: 2gb
  gpu_arch: Ampere
  cpus: 1
  gpu: 1
hpc:
  queue: gpuv100
  time: '24:00'
  mem: 500MB
  cpus: 4
  gpu: 1
trainer:
  type: gtn
  n_epochs: 1000
  lr: 0.005
  optimizer: adamw
  ridge: 0.005
  loss_fn: null
  patience: 100
  min_delta: 0.001
  train_selection: true
seed: 32874
experiment_name: ${model.name}_${dataset.name}_${trainer.type}_rg${trainer.ridge}_init${model.init_strength}
skip_completed: true

[2026-04-01 21:41:35,718][__main__][INFO] - Output directory: /home/nicci/GTN/outputs/gtn/bank/CPDA_rg0.005_init0.1/L3_bd64_seed32874
[2026-04-01 21:41:35,719][__main__][INFO] - Loading dataset: bank
[2026-04-01 21:41:38,948][__main__][INFO] -   Samples: train=31647, val=6782, test=6782
[2026-04-01 21:41:38,949][__main__][INFO] -   Features: 34 (including bias), Task: classification
[2026-04-01 21:41:38,949][__main__][INFO] -   Device: cuda
[2026-04-01 21:41:38,949][__main__][INFO] - Creating model: CPDA
[2026-04-01 21:49:34,829][__main__][INFO] - Early stopping at epoch 317 (no improvement for 100 epochs)
[2026-04-01 21:49:34,842][__main__][INFO] - Results saved to: /home/nicci/GTN/outputs/gtn/bank/CPDA_rg0.005_init0.1/L3_bd64_seed32874/results.json
[2026-04-01 21:49:34,842][__main__][INFO] - ✓ Train Accuracy: 0.9085
[2026-04-01 21:49:34,842][__main__][INFO] - ✓ Val Accuracy: 0.8947
[2026-04-01 21:49:34,845][HYDRA] 	#18 : model.L=3 model.bond_dim=64 seed=47311 trainer.lr=0.005 trainer.ridge=0.005 trainer.optimizer=adamw +experiment=cpda_gtn_sweep model=cpda dataset=bank
[2026-04-01 21:49:35,002][__main__][INFO] - Configuration:
model:
  name: CPDA
  L: 3
  bond_dim: 64
  output_site: null
  init_strength: 0.1
dataset:
  name: bank
  task: classification
  cap: 50
  size: large
  batch_size: 128
slurm:
  partition: titans
  time: '24:00:00'
  mem: 2gb
  gpu_arch: Ampere
  cpus: 1
  gpu: 1
hpc:
  queue: gpuv100
  time: '24:00'
  mem: 500MB
  cpus: 4
  gpu: 1
trainer:
  type: gtn
  n_epochs: 1000
  lr: 0.005
  optimizer: adamw
  ridge: 0.005
  loss_fn: null
  patience: 100
  min_delta: 0.001
  train_selection: true
seed: 47311
experiment_name: ${model.name}_${dataset.name}_${trainer.type}_rg${trainer.ridge}_init${model.init_strength}
skip_completed: true

[2026-04-01 21:49:35,003][__main__][INFO] - Output directory: /home/nicci/GTN/outputs/gtn/bank/CPDA_rg0.005_init0.1/L3_bd64_seed47311
[2026-04-01 21:49:35,004][__main__][INFO] - Loading dataset: bank
[2026-04-01 21:49:37,619][__main__][INFO] -   Samples: train=31647, val=6782, test=6782
[2026-04-01 21:49:37,620][__main__][INFO] -   Features: 34 (including bias), Task: classification
[2026-04-01 21:49:37,620][__main__][INFO] -   Device: cuda
[2026-04-01 21:49:37,620][__main__][INFO] - Creating model: CPDA
[2026-04-01 21:56:19,778][__main__][INFO] - Early stopping at epoch 265 (no improvement for 100 epochs)
[2026-04-01 21:56:19,789][__main__][INFO] - Results saved to: /home/nicci/GTN/outputs/gtn/bank/CPDA_rg0.005_init0.1/L3_bd64_seed47311/results.json
[2026-04-01 21:56:19,789][__main__][INFO] - ✓ Train Accuracy: 0.9090
[2026-04-01 21:56:19,789][__main__][INFO] - ✓ Val Accuracy: 0.8946
[2026-04-01 21:56:19,792][HYDRA] 	#19 : model.L=3 model.bond_dim=64 seed=47303 trainer.lr=0.005 trainer.ridge=0.005 trainer.optimizer=adamw +experiment=cpda_gtn_sweep model=cpda dataset=bank
[2026-04-01 21:56:19,947][__main__][INFO] - Configuration:
model:
  name: CPDA
  L: 3
  bond_dim: 64
  output_site: null
  init_strength: 0.1
dataset:
  name: bank
  task: classification
  cap: 50
  size: large
  batch_size: 128
slurm:
  partition: titans
  time: '24:00:00'
  mem: 2gb
  gpu_arch: Ampere
  cpus: 1
  gpu: 1
hpc:
  queue: gpuv100
  time: '24:00'
  mem: 500MB
  cpus: 4
  gpu: 1
trainer:
  type: gtn
  n_epochs: 1000
  lr: 0.005
  optimizer: adamw
  ridge: 0.005
  loss_fn: null
  patience: 100
  min_delta: 0.001
  train_selection: true
seed: 47303
experiment_name: ${model.name}_${dataset.name}_${trainer.type}_rg${trainer.ridge}_init${model.init_strength}
skip_completed: true

[2026-04-01 21:56:19,947][__main__][INFO] - Output directory: /home/nicci/GTN/outputs/gtn/bank/CPDA_rg0.005_init0.1/L3_bd64_seed47303
[2026-04-01 21:56:19,948][__main__][INFO] - Loading dataset: bank
[2026-04-01 21:56:22,554][__main__][INFO] -   Samples: train=31647, val=6782, test=6782
[2026-04-01 21:56:22,554][__main__][INFO] -   Features: 34 (including bias), Task: classification
[2026-04-01 21:56:22,554][__main__][INFO] -   Device: cuda
[2026-04-01 21:56:22,554][__main__][INFO] - Creating model: CPDA
[2026-04-01 22:02:20,752][__main__][INFO] - Early stopping at epoch 236 (no improvement for 100 epochs)
[2026-04-01 22:02:20,762][__main__][INFO] - Results saved to: /home/nicci/GTN/outputs/gtn/bank/CPDA_rg0.005_init0.1/L3_bd64_seed47303/results.json
[2026-04-01 22:02:20,763][__main__][INFO] - ✓ Train Accuracy: 0.9101
[2026-04-01 22:02:20,763][__main__][INFO] - ✓ Val Accuracy: 0.8966
[2026-04-01 22:02:20,765][HYDRA] 	#20 : model.L=4 model.bond_dim=8 seed=42 trainer.lr=0.005 trainer.ridge=0.005 trainer.optimizer=adamw +experiment=cpda_gtn_sweep model=cpda dataset=bank
[2026-04-01 22:02:20,921][__main__][INFO] - Configuration:
model:
  name: CPDA
  L: 4
  bond_dim: 8
  output_site: null
  init_strength: 0.1
dataset:
  name: bank
  task: classification
  cap: 50
  size: large
  batch_size: 128
slurm:
  partition: titans
  time: '24:00:00'
  mem: 2gb
  gpu_arch: Ampere
  cpus: 1
  gpu: 1
hpc:
  queue: gpuv100
  time: '24:00'
  mem: 500MB
  cpus: 4
  gpu: 1
trainer:
  type: gtn
  n_epochs: 1000
  lr: 0.005
  optimizer: adamw
  ridge: 0.005
  loss_fn: null
  patience: 100
  min_delta: 0.001
  train_selection: true
seed: 42
experiment_name: ${model.name}_${dataset.name}_${trainer.type}_rg${trainer.ridge}_init${model.init_strength}
skip_completed: true

[2026-04-01 22:02:20,922][__main__][INFO] - Output directory: /home/nicci/GTN/outputs/gtn/bank/CPDA_rg0.005_init0.1/L4_bd8_seed42
[2026-04-01 22:02:20,923][__main__][INFO] - Loading dataset: bank
[2026-04-01 22:02:29,020][__main__][INFO] -   Samples: train=31647, val=6782, test=6782
[2026-04-01 22:02:29,020][__main__][INFO] -   Features: 34 (including bias), Task: classification
[2026-04-01 22:02:29,020][__main__][INFO] -   Device: cuda
[2026-04-01 22:02:29,020][__main__][INFO] - Creating model: CPDA
[2026-04-01 22:09:15,750][__main__][INFO] - Early stopping at epoch 253 (no improvement for 100 epochs)
[2026-04-01 22:09:15,765][__main__][INFO] - Results saved to: /home/nicci/GTN/outputs/gtn/bank/CPDA_rg0.005_init0.1/L4_bd8_seed42/results.json
[2026-04-01 22:09:15,765][__main__][INFO] - ✓ Train Accuracy: 0.9103
[2026-04-01 22:09:15,765][__main__][INFO] - ✓ Val Accuracy: 0.8960
[2026-04-01 22:09:15,767][HYDRA] 	#21 : model.L=4 model.bond_dim=8 seed=10090 trainer.lr=0.005 trainer.ridge=0.005 trainer.optimizer=adamw +experiment=cpda_gtn_sweep model=cpda dataset=bank
[2026-04-01 22:09:15,920][__main__][INFO] - Configuration:
model:
  name: CPDA
  L: 4
  bond_dim: 8
  output_site: null
  init_strength: 0.1
dataset:
  name: bank
  task: classification
  cap: 50
  size: large
  batch_size: 128
slurm:
  partition: titans
  time: '24:00:00'
  mem: 2gb
  gpu_arch: Ampere
  cpus: 1
  gpu: 1
hpc:
  queue: gpuv100
  time: '24:00'
  mem: 500MB
  cpus: 4
  gpu: 1
trainer:
  type: gtn
  n_epochs: 1000
  lr: 0.005
  optimizer: adamw
  ridge: 0.005
  loss_fn: null
  patience: 100
  min_delta: 0.001
  train_selection: true
seed: 10090
experiment_name: ${model.name}_${dataset.name}_${trainer.type}_rg${trainer.ridge}_init${model.init_strength}
skip_completed: true

[2026-04-01 22:09:15,920][__main__][INFO] - Output directory: /home/nicci/GTN/outputs/gtn/bank/CPDA_rg0.005_init0.1/L4_bd8_seed10090
[2026-04-01 22:09:15,921][__main__][INFO] - Loading dataset: bank
[2026-04-01 22:09:19,305][__main__][INFO] -   Samples: train=31647, val=6782, test=6782
[2026-04-01 22:09:19,305][__main__][INFO] -   Features: 34 (including bias), Task: classification
[2026-04-01 22:09:19,305][__main__][INFO] -   Device: cuda
[2026-04-01 22:09:19,305][__main__][INFO] - Creating model: CPDA
[2026-04-01 22:15:22,988][__main__][INFO] - Early stopping at epoch 223 (no improvement for 100 epochs)
[2026-04-01 22:15:22,998][__main__][INFO] - Results saved to: /home/nicci/GTN/outputs/gtn/bank/CPDA_rg0.005_init0.1/L4_bd8_seed10090/results.json
[2026-04-01 22:15:22,998][__main__][INFO] - ✓ Train Accuracy: 0.9112
[2026-04-01 22:15:22,998][__main__][INFO] - ✓ Val Accuracy: 0.8978
[2026-04-01 22:15:23,001][HYDRA] 	#22 : model.L=4 model.bond_dim=8 seed=32874 trainer.lr=0.005 trainer.ridge=0.005 trainer.optimizer=adamw +experiment=cpda_gtn_sweep model=cpda dataset=bank
[2026-04-01 22:15:23,151][__main__][INFO] - Configuration:
model:
  name: CPDA
  L: 4
  bond_dim: 8
  output_site: null
  init_strength: 0.1
dataset:
  name: bank
  task: classification
  cap: 50
  size: large
  batch_size: 128
slurm:
  partition: titans
  time: '24:00:00'
  mem: 2gb
  gpu_arch: Ampere
  cpus: 1
  gpu: 1
hpc:
  queue: gpuv100
  time: '24:00'
  mem: 500MB
  cpus: 4
  gpu: 1
trainer:
  type: gtn
  n_epochs: 1000
  lr: 0.005
  optimizer: adamw
  ridge: 0.005
  loss_fn: null
  patience: 100
  min_delta: 0.001
  train_selection: true
seed: 32874
experiment_name: ${model.name}_${dataset.name}_${trainer.type}_rg${trainer.ridge}_init${model.init_strength}
skip_completed: true

[2026-04-01 22:15:23,153][__main__][INFO] - Output directory: /home/nicci/GTN/outputs/gtn/bank/CPDA_rg0.005_init0.1/L4_bd8_seed32874
[2026-04-01 22:15:23,153][__main__][INFO] - Loading dataset: bank
[2026-04-01 22:15:27,864][__main__][INFO] -   Samples: train=31647, val=6782, test=6782
[2026-04-01 22:15:27,864][__main__][INFO] -   Features: 34 (including bias), Task: classification
[2026-04-01 22:15:27,864][__main__][INFO] -   Device: cuda
[2026-04-01 22:15:27,865][__main__][INFO] - Creating model: CPDA
[2026-04-01 22:20:45,028][__main__][INFO] - Early stopping at epoch 194 (no improvement for 100 epochs)
[2026-04-01 22:20:45,038][__main__][INFO] - Results saved to: /home/nicci/GTN/outputs/gtn/bank/CPDA_rg0.005_init0.1/L4_bd8_seed32874/results.json
[2026-04-01 22:20:45,038][__main__][INFO] - ✓ Train Accuracy: 0.9113
[2026-04-01 22:20:45,038][__main__][INFO] - ✓ Val Accuracy: 0.8980
[2026-04-01 22:20:45,040][HYDRA] 	#23 : model.L=4 model.bond_dim=8 seed=47311 trainer.lr=0.005 trainer.ridge=0.005 trainer.optimizer=adamw +experiment=cpda_gtn_sweep model=cpda dataset=bank
[2026-04-01 22:20:45,192][__main__][INFO] - Configuration:
model:
  name: CPDA
  L: 4
  bond_dim: 8
  output_site: null
  init_strength: 0.1
dataset:
  name: bank
  task: classification
  cap: 50
  size: large
  batch_size: 128
slurm:
  partition: titans
  time: '24:00:00'
  mem: 2gb
  gpu_arch: Ampere
  cpus: 1
  gpu: 1
hpc:
  queue: gpuv100
  time: '24:00'
  mem: 500MB
  cpus: 4
  gpu: 1
trainer:
  type: gtn
  n_epochs: 1000
  lr: 0.005
  optimizer: adamw
  ridge: 0.005
  loss_fn: null
  patience: 100
  min_delta: 0.001
  train_selection: true
seed: 47311
experiment_name: ${model.name}_${dataset.name}_${trainer.type}_rg${trainer.ridge}_init${model.init_strength}
skip_completed: true

[2026-04-01 22:20:45,193][__main__][INFO] - Output directory: /home/nicci/GTN/outputs/gtn/bank/CPDA_rg0.005_init0.1/L4_bd8_seed47311
[2026-04-01 22:20:45,193][__main__][INFO] - Loading dataset: bank
[2026-04-01 22:20:48,721][__main__][INFO] -   Samples: train=31647, val=6782, test=6782
[2026-04-01 22:20:48,721][__main__][INFO] -   Features: 34 (including bias), Task: classification
[2026-04-01 22:20:48,721][__main__][INFO] -   Device: cuda
[2026-04-01 22:20:48,722][__main__][INFO] - Creating model: CPDA
[2026-04-01 22:26:45,380][__main__][INFO] - Early stopping at epoch 219 (no improvement for 100 epochs)
[2026-04-01 22:26:45,394][__main__][INFO] - Results saved to: /home/nicci/GTN/outputs/gtn/bank/CPDA_rg0.005_init0.1/L4_bd8_seed47311/results.json
[2026-04-01 22:26:45,394][__main__][INFO] - ✓ Train Accuracy: 0.9095
[2026-04-01 22:26:45,394][__main__][INFO] - ✓ Val Accuracy: 0.8960
[2026-04-01 22:26:45,396][HYDRA] 	#24 : model.L=4 model.bond_dim=8 seed=47303 trainer.lr=0.005 trainer.ridge=0.005 trainer.optimizer=adamw +experiment=cpda_gtn_sweep model=cpda dataset=bank
[2026-04-01 22:26:45,546][__main__][INFO] - Configuration:
model:
  name: CPDA
  L: 4
  bond_dim: 8
  output_site: null
  init_strength: 0.1
dataset:
  name: bank
  task: classification
  cap: 50
  size: large
  batch_size: 128
slurm:
  partition: titans
  time: '24:00:00'
  mem: 2gb
  gpu_arch: Ampere
  cpus: 1
  gpu: 1
hpc:
  queue: gpuv100
  time: '24:00'
  mem: 500MB
  cpus: 4
  gpu: 1
trainer:
  type: gtn
  n_epochs: 1000
  lr: 0.005
  optimizer: adamw
  ridge: 0.005
  loss_fn: null
  patience: 100
  min_delta: 0.001
  train_selection: true
seed: 47303
experiment_name: ${model.name}_${dataset.name}_${trainer.type}_rg${trainer.ridge}_init${model.init_strength}
skip_completed: true

[2026-04-01 22:26:45,547][__main__][INFO] - Output directory: /home/nicci/GTN/outputs/gtn/bank/CPDA_rg0.005_init0.1/L4_bd8_seed47303
[2026-04-01 22:26:45,547][__main__][INFO] - Loading dataset: bank
[2026-04-01 22:26:48,447][__main__][INFO] -   Samples: train=31647, val=6782, test=6782
[2026-04-01 22:26:48,447][__main__][INFO] -   Features: 34 (including bias), Task: classification
[2026-04-01 22:26:48,447][__main__][INFO] -   Device: cuda
[2026-04-01 22:26:48,447][__main__][INFO] - Creating model: CPDA
[2026-04-01 22:33:14,184][__main__][INFO] - Early stopping at epoch 237 (no improvement for 100 epochs)
[2026-04-01 22:33:14,195][__main__][INFO] - Results saved to: /home/nicci/GTN/outputs/gtn/bank/CPDA_rg0.005_init0.1/L4_bd8_seed47303/results.json
[2026-04-01 22:33:14,195][__main__][INFO] - ✓ Train Accuracy: 0.9083
[2026-04-01 22:33:14,195][__main__][INFO] - ✓ Val Accuracy: 0.8988
[2026-04-01 22:33:14,197][HYDRA] 	#25 : model.L=4 model.bond_dim=16 seed=42 trainer.lr=0.005 trainer.ridge=0.005 trainer.optimizer=adamw +experiment=cpda_gtn_sweep model=cpda dataset=bank
[2026-04-01 22:33:14,353][__main__][INFO] - Configuration:
model:
  name: CPDA
  L: 4
  bond_dim: 16
  output_site: null
  init_strength: 0.1
dataset:
  name: bank
  task: classification
  cap: 50
  size: large
  batch_size: 128
slurm:
  partition: titans
  time: '24:00:00'
  mem: 2gb
  gpu_arch: Ampere
  cpus: 1
  gpu: 1
hpc:
  queue: gpuv100
  time: '24:00'
  mem: 500MB
  cpus: 4
  gpu: 1
trainer:
  type: gtn
  n_epochs: 1000
  lr: 0.005
  optimizer: adamw
  ridge: 0.005
  loss_fn: null
  patience: 100
  min_delta: 0.001
  train_selection: true
seed: 42
experiment_name: ${model.name}_${dataset.name}_${trainer.type}_rg${trainer.ridge}_init${model.init_strength}
skip_completed: true

[2026-04-01 22:33:14,354][__main__][INFO] - Output directory: /home/nicci/GTN/outputs/gtn/bank/CPDA_rg0.005_init0.1/L4_bd16_seed42
[2026-04-01 22:33:14,354][__main__][INFO] - Loading dataset: bank
[2026-04-01 22:33:18,656][__main__][INFO] -   Samples: train=31647, val=6782, test=6782
[2026-04-01 22:33:18,657][__main__][INFO] -   Features: 34 (including bias), Task: classification
[2026-04-01 22:33:18,657][__main__][INFO] -   Device: cuda
[2026-04-01 22:33:18,657][__main__][INFO] - Creating model: CPDA
[2026-04-01 22:39:47,650][__main__][INFO] - Early stopping at epoch 240 (no improvement for 100 epochs)
[2026-04-01 22:39:47,660][__main__][INFO] - Results saved to: /home/nicci/GTN/outputs/gtn/bank/CPDA_rg0.005_init0.1/L4_bd16_seed42/results.json
[2026-04-01 22:39:47,660][__main__][INFO] - ✓ Train Accuracy: 0.9156
[2026-04-01 22:39:47,660][__main__][INFO] - ✓ Val Accuracy: 0.8966
[2026-04-01 22:39:47,662][HYDRA] 	#26 : model.L=4 model.bond_dim=16 seed=10090 trainer.lr=0.005 trainer.ridge=0.005 trainer.optimizer=adamw +experiment=cpda_gtn_sweep model=cpda dataset=bank
[2026-04-01 22:39:47,810][__main__][INFO] - Configuration:
model:
  name: CPDA
  L: 4
  bond_dim: 16
  output_site: null
  init_strength: 0.1
dataset:
  name: bank
  task: classification
  cap: 50
  size: large
  batch_size: 128
slurm:
  partition: titans
  time: '24:00:00'
  mem: 2gb
  gpu_arch: Ampere
  cpus: 1
  gpu: 1
hpc:
  queue: gpuv100
  time: '24:00'
  mem: 500MB
  cpus: 4
  gpu: 1
trainer:
  type: gtn
  n_epochs: 1000
  lr: 0.005
  optimizer: adamw
  ridge: 0.005
  loss_fn: null
  patience: 100
  min_delta: 0.001
  train_selection: true
seed: 10090
experiment_name: ${model.name}_${dataset.name}_${trainer.type}_rg${trainer.ridge}_init${model.init_strength}
skip_completed: true

[2026-04-01 22:39:47,811][__main__][INFO] - Output directory: /home/nicci/GTN/outputs/gtn/bank/CPDA_rg0.005_init0.1/L4_bd16_seed10090
[2026-04-01 22:39:47,811][__main__][INFO] - Loading dataset: bank
[2026-04-01 22:39:52,418][__main__][INFO] -   Samples: train=31647, val=6782, test=6782
[2026-04-01 22:39:52,419][__main__][INFO] -   Features: 34 (including bias), Task: classification
[2026-04-01 22:39:52,419][__main__][INFO] -   Device: cuda
[2026-04-01 22:39:52,419][__main__][INFO] - Creating model: CPDA
[2026-04-01 22:47:43,351][__main__][INFO] - Early stopping at epoch 287 (no improvement for 100 epochs)
[2026-04-01 22:47:43,366][__main__][INFO] - Results saved to: /home/nicci/GTN/outputs/gtn/bank/CPDA_rg0.005_init0.1/L4_bd16_seed10090/results.json
[2026-04-01 22:47:43,366][__main__][INFO] - ✓ Train Accuracy: 0.9130
[2026-04-01 22:47:43,366][__main__][INFO] - ✓ Val Accuracy: 0.8965
[2026-04-01 22:47:43,369][HYDRA] 	#27 : model.L=4 model.bond_dim=16 seed=32874 trainer.lr=0.005 trainer.ridge=0.005 trainer.optimizer=adamw +experiment=cpda_gtn_sweep model=cpda dataset=bank
[2026-04-01 22:47:43,514][__main__][INFO] - Configuration:
model:
  name: CPDA
  L: 4
  bond_dim: 16
  output_site: null
  init_strength: 0.1
dataset:
  name: bank
  task: classification
  cap: 50
  size: large
  batch_size: 128
slurm:
  partition: titans
  time: '24:00:00'
  mem: 2gb
  gpu_arch: Ampere
  cpus: 1
  gpu: 1
hpc:
  queue: gpuv100
  time: '24:00'
  mem: 500MB
  cpus: 4
  gpu: 1
trainer:
  type: gtn
  n_epochs: 1000
  lr: 0.005
  optimizer: adamw
  ridge: 0.005
  loss_fn: null
  patience: 100
  min_delta: 0.001
  train_selection: true
seed: 32874
experiment_name: ${model.name}_${dataset.name}_${trainer.type}_rg${trainer.ridge}_init${model.init_strength}
skip_completed: true

[2026-04-01 22:47:43,515][__main__][INFO] - Output directory: /home/nicci/GTN/outputs/gtn/bank/CPDA_rg0.005_init0.1/L4_bd16_seed32874
[2026-04-01 22:47:43,516][__main__][INFO] - Loading dataset: bank
[2026-04-01 22:47:46,310][__main__][INFO] -   Samples: train=31647, val=6782, test=6782
[2026-04-01 22:47:46,310][__main__][INFO] -   Features: 34 (including bias), Task: classification
[2026-04-01 22:47:46,310][__main__][INFO] -   Device: cuda
[2026-04-01 22:47:46,310][__main__][INFO] - Creating model: CPDA
[2026-04-01 22:53:37,731][__main__][INFO] - Early stopping at epoch 218 (no improvement for 100 epochs)
[2026-04-01 22:53:37,742][__main__][INFO] - Results saved to: /home/nicci/GTN/outputs/gtn/bank/CPDA_rg0.005_init0.1/L4_bd16_seed32874/results.json
[2026-04-01 22:53:37,742][__main__][INFO] - ✓ Train Accuracy: 0.9144
[2026-04-01 22:53:37,742][__main__][INFO] - ✓ Val Accuracy: 0.8962
[2026-04-01 22:53:37,745][HYDRA] 	#28 : model.L=4 model.bond_dim=16 seed=47311 trainer.lr=0.005 trainer.ridge=0.005 trainer.optimizer=adamw +experiment=cpda_gtn_sweep model=cpda dataset=bank
[2026-04-01 22:53:37,905][__main__][INFO] - Configuration:
model:
  name: CPDA
  L: 4
  bond_dim: 16
  output_site: null
  init_strength: 0.1
dataset:
  name: bank
  task: classification
  cap: 50
  size: large
  batch_size: 128
slurm:
  partition: titans
  time: '24:00:00'
  mem: 2gb
  gpu_arch: Ampere
  cpus: 1
  gpu: 1
hpc:
  queue: gpuv100
  time: '24:00'
  mem: 500MB
  cpus: 4
  gpu: 1
trainer:
  type: gtn
  n_epochs: 1000
  lr: 0.005
  optimizer: adamw
  ridge: 0.005
  loss_fn: null
  patience: 100
  min_delta: 0.001
  train_selection: true
seed: 47311
experiment_name: ${model.name}_${dataset.name}_${trainer.type}_rg${trainer.ridge}_init${model.init_strength}
skip_completed: true

[2026-04-01 22:53:37,908][__main__][INFO] - Output directory: /home/nicci/GTN/outputs/gtn/bank/CPDA_rg0.005_init0.1/L4_bd16_seed47311
[2026-04-01 22:53:37,908][__main__][INFO] - Loading dataset: bank
[2026-04-01 22:53:40,861][__main__][INFO] -   Samples: train=31647, val=6782, test=6782
[2026-04-01 22:53:40,861][__main__][INFO] -   Features: 34 (including bias), Task: classification
[2026-04-01 22:53:40,861][__main__][INFO] -   Device: cuda
[2026-04-01 22:53:40,861][__main__][INFO] - Creating model: CPDA
[2026-04-01 23:04:13,358][__main__][INFO] - Early stopping at epoch 386 (no improvement for 100 epochs)
[2026-04-01 23:04:13,372][__main__][INFO] - Results saved to: /home/nicci/GTN/outputs/gtn/bank/CPDA_rg0.005_init0.1/L4_bd16_seed47311/results.json
[2026-04-01 23:04:13,372][__main__][INFO] - ✓ Train Accuracy: 0.9144
[2026-04-01 23:04:13,372][__main__][INFO] - ✓ Val Accuracy: 0.8980
[2026-04-01 23:04:13,375][HYDRA] 	#29 : model.L=4 model.bond_dim=16 seed=47303 trainer.lr=0.005 trainer.ridge=0.005 trainer.optimizer=adamw +experiment=cpda_gtn_sweep model=cpda dataset=bank
[2026-04-01 23:04:13,528][__main__][INFO] - Configuration:
model:
  name: CPDA
  L: 4
  bond_dim: 16
  output_site: null
  init_strength: 0.1
dataset:
  name: bank
  task: classification
  cap: 50
  size: large
  batch_size: 128
slurm:
  partition: titans
  time: '24:00:00'
  mem: 2gb
  gpu_arch: Ampere
  cpus: 1
  gpu: 1
hpc:
  queue: gpuv100
  time: '24:00'
  mem: 500MB
  cpus: 4
  gpu: 1
trainer:
  type: gtn
  n_epochs: 1000
  lr: 0.005
  optimizer: adamw
  ridge: 0.005
  loss_fn: null
  patience: 100
  min_delta: 0.001
  train_selection: true
seed: 47303
experiment_name: ${model.name}_${dataset.name}_${trainer.type}_rg${trainer.ridge}_init${model.init_strength}
skip_completed: true

[2026-04-01 23:04:13,529][__main__][INFO] - Output directory: /home/nicci/GTN/outputs/gtn/bank/CPDA_rg0.005_init0.1/L4_bd16_seed47303
[2026-04-01 23:04:13,529][__main__][INFO] - Loading dataset: bank
[2026-04-01 23:04:16,291][__main__][INFO] -   Samples: train=31647, val=6782, test=6782
[2026-04-01 23:04:16,292][__main__][INFO] -   Features: 34 (including bias), Task: classification
[2026-04-01 23:04:16,292][__main__][INFO] -   Device: cuda
[2026-04-01 23:04:16,292][__main__][INFO] - Creating model: CPDA
[2026-04-01 23:11:58,482][__main__][INFO] - Early stopping at epoch 289 (no improvement for 100 epochs)
[2026-04-01 23:11:58,494][__main__][INFO] - Results saved to: /home/nicci/GTN/outputs/gtn/bank/CPDA_rg0.005_init0.1/L4_bd16_seed47303/results.json
[2026-04-01 23:11:58,494][__main__][INFO] - ✓ Train Accuracy: 0.9159
[2026-04-01 23:11:58,495][__main__][INFO] - ✓ Val Accuracy: 0.8944
[2026-04-01 23:11:58,500][HYDRA] 	#30 : model.L=4 model.bond_dim=32 seed=42 trainer.lr=0.005 trainer.ridge=0.005 trainer.optimizer=adamw +experiment=cpda_gtn_sweep model=cpda dataset=bank
[2026-04-01 23:11:58,653][__main__][INFO] - Configuration:
model:
  name: CPDA
  L: 4
  bond_dim: 32
  output_site: null
  init_strength: 0.1
dataset:
  name: bank
  task: classification
  cap: 50
  size: large
  batch_size: 128
slurm:
  partition: titans
  time: '24:00:00'
  mem: 2gb
  gpu_arch: Ampere
  cpus: 1
  gpu: 1
hpc:
  queue: gpuv100
  time: '24:00'
  mem: 500MB
  cpus: 4
  gpu: 1
trainer:
  type: gtn
  n_epochs: 1000
  lr: 0.005
  optimizer: adamw
  ridge: 0.005
  loss_fn: null
  patience: 100
  min_delta: 0.001
  train_selection: true
seed: 42
experiment_name: ${model.name}_${dataset.name}_${trainer.type}_rg${trainer.ridge}_init${model.init_strength}
skip_completed: true

[2026-04-01 23:11:58,657][__main__][INFO] - Output directory: /home/nicci/GTN/outputs/gtn/bank/CPDA_rg0.005_init0.1/L4_bd32_seed42
[2026-04-01 23:11:58,657][__main__][INFO] - Loading dataset: bank
[2026-04-01 23:12:01,684][__main__][INFO] -   Samples: train=31647, val=6782, test=6782
[2026-04-01 23:12:01,685][__main__][INFO] -   Features: 34 (including bias), Task: classification
[2026-04-01 23:12:01,685][__main__][INFO] -   Device: cuda
[2026-04-01 23:12:01,685][__main__][INFO] - Creating model: CPDA
[2026-04-01 23:19:37,082][__main__][INFO] - Early stopping at epoch 289 (no improvement for 100 epochs)
[2026-04-01 23:19:37,095][__main__][INFO] - Results saved to: /home/nicci/GTN/outputs/gtn/bank/CPDA_rg0.005_init0.1/L4_bd32_seed42/results.json
[2026-04-01 23:19:37,095][__main__][INFO] - ✓ Train Accuracy: 0.9163
[2026-04-01 23:19:37,095][__main__][INFO] - ✓ Val Accuracy: 0.8968
[2026-04-01 23:19:37,097][HYDRA] 	#31 : model.L=4 model.bond_dim=32 seed=10090 trainer.lr=0.005 trainer.ridge=0.005 trainer.optimizer=adamw +experiment=cpda_gtn_sweep model=cpda dataset=bank
[2026-04-01 23:19:37,251][__main__][INFO] - Configuration:
model:
  name: CPDA
  L: 4
  bond_dim: 32
  output_site: null
  init_strength: 0.1
dataset:
  name: bank
  task: classification
  cap: 50
  size: large
  batch_size: 128
slurm:
  partition: titans
  time: '24:00:00'
  mem: 2gb
  gpu_arch: Ampere
  cpus: 1
  gpu: 1
hpc:
  queue: gpuv100
  time: '24:00'
  mem: 500MB
  cpus: 4
  gpu: 1
trainer:
  type: gtn
  n_epochs: 1000
  lr: 0.005
  optimizer: adamw
  ridge: 0.005
  loss_fn: null
  patience: 100
  min_delta: 0.001
  train_selection: true
seed: 10090
experiment_name: ${model.name}_${dataset.name}_${trainer.type}_rg${trainer.ridge}_init${model.init_strength}
skip_completed: true

[2026-04-01 23:19:37,254][__main__][INFO] - Output directory: /home/nicci/GTN/outputs/gtn/bank/CPDA_rg0.005_init0.1/L4_bd32_seed10090
[2026-04-01 23:19:37,255][__main__][INFO] - Loading dataset: bank
[2026-04-01 23:19:41,246][__main__][INFO] -   Samples: train=31647, val=6782, test=6782
[2026-04-01 23:19:41,246][__main__][INFO] -   Features: 34 (including bias), Task: classification
[2026-04-01 23:19:41,246][__main__][INFO] -   Device: cuda
[2026-04-01 23:19:41,246][__main__][INFO] - Creating model: CPDA
[2026-04-01 23:24:01,692][__main__][INFO] - Early stopping at epoch 165 (no improvement for 100 epochs)
[2026-04-01 23:24:01,701][__main__][INFO] - Results saved to: /home/nicci/GTN/outputs/gtn/bank/CPDA_rg0.005_init0.1/L4_bd32_seed10090/results.json
[2026-04-01 23:24:01,701][__main__][INFO] - ✓ Train Accuracy: 0.9191
[2026-04-01 23:24:01,701][__main__][INFO] - ✓ Val Accuracy: 0.8950
[2026-04-01 23:24:01,703][HYDRA] 	#32 : model.L=4 model.bond_dim=32 seed=32874 trainer.lr=0.005 trainer.ridge=0.005 trainer.optimizer=adamw +experiment=cpda_gtn_sweep model=cpda dataset=bank
[2026-04-01 23:24:01,856][__main__][INFO] - Configuration:
model:
  name: CPDA
  L: 4
  bond_dim: 32
  output_site: null
  init_strength: 0.1
dataset:
  name: bank
  task: classification
  cap: 50
  size: large
  batch_size: 128
slurm:
  partition: titans
  time: '24:00:00'
  mem: 2gb
  gpu_arch: Ampere
  cpus: 1
  gpu: 1
hpc:
  queue: gpuv100
  time: '24:00'
  mem: 500MB
  cpus: 4
  gpu: 1
trainer:
  type: gtn
  n_epochs: 1000
  lr: 0.005
  optimizer: adamw
  ridge: 0.005
  loss_fn: null
  patience: 100
  min_delta: 0.001
  train_selection: true
seed: 32874
experiment_name: ${model.name}_${dataset.name}_${trainer.type}_rg${trainer.ridge}_init${model.init_strength}
skip_completed: true

[2026-04-01 23:24:01,856][__main__][INFO] - Output directory: /home/nicci/GTN/outputs/gtn/bank/CPDA_rg0.005_init0.1/L4_bd32_seed32874
[2026-04-01 23:24:01,857][__main__][INFO] - Loading dataset: bank
[2026-04-01 23:24:05,869][__main__][INFO] -   Samples: train=31647, val=6782, test=6782
[2026-04-01 23:24:05,870][__main__][INFO] -   Features: 34 (including bias), Task: classification
[2026-04-01 23:24:05,870][__main__][INFO] -   Device: cuda
[2026-04-01 23:24:05,870][__main__][INFO] - Creating model: CPDA
[2026-04-01 23:30:12,504][__main__][INFO] - Early stopping at epoch 234 (no improvement for 100 epochs)
[2026-04-01 23:30:12,519][__main__][INFO] - Results saved to: /home/nicci/GTN/outputs/gtn/bank/CPDA_rg0.005_init0.1/L4_bd32_seed32874/results.json
[2026-04-01 23:30:12,519][__main__][INFO] - ✓ Train Accuracy: 0.9165
[2026-04-01 23:30:12,519][__main__][INFO] - ✓ Val Accuracy: 0.8960
[2026-04-01 23:30:12,522][HYDRA] 	#33 : model.L=4 model.bond_dim=32 seed=47311 trainer.lr=0.005 trainer.ridge=0.005 trainer.optimizer=adamw +experiment=cpda_gtn_sweep model=cpda dataset=bank
[2026-04-01 23:30:12,674][__main__][INFO] - Configuration:
model:
  name: CPDA
  L: 4
  bond_dim: 32
  output_site: null
  init_strength: 0.1
dataset:
  name: bank
  task: classification
  cap: 50
  size: large
  batch_size: 128
slurm:
  partition: titans
  time: '24:00:00'
  mem: 2gb
  gpu_arch: Ampere
  cpus: 1
  gpu: 1
hpc:
  queue: gpuv100
  time: '24:00'
  mem: 500MB
  cpus: 4
  gpu: 1
trainer:
  type: gtn
  n_epochs: 1000
  lr: 0.005
  optimizer: adamw
  ridge: 0.005
  loss_fn: null
  patience: 100
  min_delta: 0.001
  train_selection: true
seed: 47311
experiment_name: ${model.name}_${dataset.name}_${trainer.type}_rg${trainer.ridge}_init${model.init_strength}
skip_completed: true

[2026-04-01 23:30:12,678][__main__][INFO] - Output directory: /home/nicci/GTN/outputs/gtn/bank/CPDA_rg0.005_init0.1/L4_bd32_seed47311
[2026-04-01 23:30:12,678][__main__][INFO] - Loading dataset: bank
[2026-04-01 23:30:16,823][__main__][INFO] -   Samples: train=31647, val=6782, test=6782
[2026-04-01 23:30:16,824][__main__][INFO] -   Features: 34 (including bias), Task: classification
[2026-04-01 23:30:16,824][__main__][INFO] -   Device: cuda
[2026-04-01 23:30:16,824][__main__][INFO] - Creating model: CPDA
[2026-04-01 23:36:09,147][__main__][INFO] - Early stopping at epoch 221 (no improvement for 100 epochs)
[2026-04-01 23:36:09,158][__main__][INFO] - Results saved to: /home/nicci/GTN/outputs/gtn/bank/CPDA_rg0.005_init0.1/L4_bd32_seed47311/results.json
[2026-04-01 23:36:09,158][__main__][INFO] - ✓ Train Accuracy: 0.9181
[2026-04-01 23:36:09,158][__main__][INFO] - ✓ Val Accuracy: 0.8968
[2026-04-01 23:36:09,160][HYDRA] 	#34 : model.L=4 model.bond_dim=32 seed=47303 trainer.lr=0.005 trainer.ridge=0.005 trainer.optimizer=adamw +experiment=cpda_gtn_sweep model=cpda dataset=bank
[2026-04-01 23:36:09,316][__main__][INFO] - Configuration:
model:
  name: CPDA
  L: 4
  bond_dim: 32
  output_site: null
  init_strength: 0.1
dataset:
  name: bank
  task: classification
  cap: 50
  size: large
  batch_size: 128
slurm:
  partition: titans
  time: '24:00:00'
  mem: 2gb
  gpu_arch: Ampere
  cpus: 1
  gpu: 1
hpc:
  queue: gpuv100
  time: '24:00'
  mem: 500MB
  cpus: 4
  gpu: 1
trainer:
  type: gtn
  n_epochs: 1000
  lr: 0.005
  optimizer: adamw
  ridge: 0.005
  loss_fn: null
  patience: 100
  min_delta: 0.001
  train_selection: true
seed: 47303
experiment_name: ${model.name}_${dataset.name}_${trainer.type}_rg${trainer.ridge}_init${model.init_strength}
skip_completed: true

[2026-04-01 23:36:09,319][__main__][INFO] - Output directory: /home/nicci/GTN/outputs/gtn/bank/CPDA_rg0.005_init0.1/L4_bd32_seed47303
[2026-04-01 23:36:09,319][__main__][INFO] - Loading dataset: bank
[2026-04-01 23:36:15,181][__main__][INFO] -   Samples: train=31647, val=6782, test=6782
[2026-04-01 23:36:15,181][__main__][INFO] -   Features: 34 (including bias), Task: classification
[2026-04-01 23:36:15,181][__main__][INFO] -   Device: cuda
[2026-04-01 23:36:15,181][__main__][INFO] - Creating model: CPDA
[2026-04-01 23:41:45,740][__main__][INFO] - Early stopping at epoch 207 (no improvement for 100 epochs)
[2026-04-01 23:41:45,755][__main__][INFO] - Results saved to: /home/nicci/GTN/outputs/gtn/bank/CPDA_rg0.005_init0.1/L4_bd32_seed47303/results.json
[2026-04-01 23:41:45,755][__main__][INFO] - ✓ Train Accuracy: 0.9176
[2026-04-01 23:41:45,755][__main__][INFO] - ✓ Val Accuracy: 0.8972
[2026-04-01 23:41:45,757][HYDRA] 	#35 : model.L=4 model.bond_dim=64 seed=42 trainer.lr=0.005 trainer.ridge=0.005 trainer.optimizer=adamw +experiment=cpda_gtn_sweep model=cpda dataset=bank
[2026-04-01 23:41:45,912][__main__][INFO] - Configuration:
model:
  name: CPDA
  L: 4
  bond_dim: 64
  output_site: null
  init_strength: 0.1
dataset:
  name: bank
  task: classification
  cap: 50
  size: large
  batch_size: 128
slurm:
  partition: titans
  time: '24:00:00'
  mem: 2gb
  gpu_arch: Ampere
  cpus: 1
  gpu: 1
hpc:
  queue: gpuv100
  time: '24:00'
  mem: 500MB
  cpus: 4
  gpu: 1
trainer:
  type: gtn
  n_epochs: 1000
  lr: 0.005
  optimizer: adamw
  ridge: 0.005
  loss_fn: null
  patience: 100
  min_delta: 0.001
  train_selection: true
seed: 42
experiment_name: ${model.name}_${dataset.name}_${trainer.type}_rg${trainer.ridge}_init${model.init_strength}
skip_completed: true

[2026-04-01 23:41:45,915][__main__][INFO] - Output directory: /home/nicci/GTN/outputs/gtn/bank/CPDA_rg0.005_init0.1/L4_bd64_seed42
[2026-04-01 23:41:45,915][__main__][INFO] - Loading dataset: bank
[2026-04-01 23:41:50,883][__main__][INFO] -   Samples: train=31647, val=6782, test=6782
[2026-04-01 23:41:50,884][__main__][INFO] -   Features: 34 (including bias), Task: classification
[2026-04-01 23:41:50,884][__main__][INFO] -   Device: cuda
[2026-04-01 23:41:50,884][__main__][INFO] - Creating model: CPDA
[2026-04-01 23:48:40,634][__main__][INFO] - Early stopping at epoch 258 (no improvement for 100 epochs)
[2026-04-01 23:48:40,646][__main__][INFO] - Results saved to: /home/nicci/GTN/outputs/gtn/bank/CPDA_rg0.005_init0.1/L4_bd64_seed42/results.json
[2026-04-01 23:48:40,646][__main__][INFO] - ✓ Train Accuracy: 0.9195
[2026-04-01 23:48:40,646][__main__][INFO] - ✓ Val Accuracy: 0.8953
[2026-04-01 23:48:40,648][HYDRA] 	#36 : model.L=4 model.bond_dim=64 seed=10090 trainer.lr=0.005 trainer.ridge=0.005 trainer.optimizer=adamw +experiment=cpda_gtn_sweep model=cpda dataset=bank
[2026-04-01 23:48:40,803][__main__][INFO] - Configuration:
model:
  name: CPDA
  L: 4
  bond_dim: 64
  output_site: null
  init_strength: 0.1
dataset:
  name: bank
  task: classification
  cap: 50
  size: large
  batch_size: 128
slurm:
  partition: titans
  time: '24:00:00'
  mem: 2gb
  gpu_arch: Ampere
  cpus: 1
  gpu: 1
hpc:
  queue: gpuv100
  time: '24:00'
  mem: 500MB
  cpus: 4
  gpu: 1
trainer:
  type: gtn
  n_epochs: 1000
  lr: 0.005
  optimizer: adamw
  ridge: 0.005
  loss_fn: null
  patience: 100
  min_delta: 0.001
  train_selection: true
seed: 10090
experiment_name: ${model.name}_${dataset.name}_${trainer.type}_rg${trainer.ridge}_init${model.init_strength}
skip_completed: true

[2026-04-01 23:48:40,806][__main__][INFO] - Output directory: /home/nicci/GTN/outputs/gtn/bank/CPDA_rg0.005_init0.1/L4_bd64_seed10090
[2026-04-01 23:48:40,806][__main__][INFO] - Loading dataset: bank
[2026-04-01 23:48:47,585][__main__][INFO] -   Samples: train=31647, val=6782, test=6782
[2026-04-01 23:48:47,585][__main__][INFO] -   Features: 34 (including bias), Task: classification
[2026-04-01 23:48:47,585][__main__][INFO] -   Device: cuda
[2026-04-01 23:48:47,585][__main__][INFO] - Creating model: CPDA
[2026-04-01 23:57:11,851][__main__][INFO] - Early stopping at epoch 329 (no improvement for 100 epochs)
[2026-04-01 23:57:11,864][__main__][INFO] - Results saved to: /home/nicci/GTN/outputs/gtn/bank/CPDA_rg0.005_init0.1/L4_bd64_seed10090/results.json
[2026-04-01 23:57:11,864][__main__][INFO] - ✓ Train Accuracy: 0.9190
[2026-04-01 23:57:11,864][__main__][INFO] - ✓ Val Accuracy: 0.8972
[2026-04-01 23:57:11,866][HYDRA] 	#37 : model.L=4 model.bond_dim=64 seed=32874 trainer.lr=0.005 trainer.ridge=0.005 trainer.optimizer=adamw +experiment=cpda_gtn_sweep model=cpda dataset=bank
[2026-04-01 23:57:12,015][__main__][INFO] - Configuration:
model:
  name: CPDA
  L: 4
  bond_dim: 64
  output_site: null
  init_strength: 0.1
dataset:
  name: bank
  task: classification
  cap: 50
  size: large
  batch_size: 128
slurm:
  partition: titans
  time: '24:00:00'
  mem: 2gb
  gpu_arch: Ampere
  cpus: 1
  gpu: 1
hpc:
  queue: gpuv100
  time: '24:00'
  mem: 500MB
  cpus: 4
  gpu: 1
trainer:
  type: gtn
  n_epochs: 1000
  lr: 0.005
  optimizer: adamw
  ridge: 0.005
  loss_fn: null
  patience: 100
  min_delta: 0.001
  train_selection: true
seed: 32874
experiment_name: ${model.name}_${dataset.name}_${trainer.type}_rg${trainer.ridge}_init${model.init_strength}
skip_completed: true

[2026-04-01 23:57:12,018][__main__][INFO] - Output directory: /home/nicci/GTN/outputs/gtn/bank/CPDA_rg0.005_init0.1/L4_bd64_seed32874
[2026-04-01 23:57:12,018][__main__][INFO] - Loading dataset: bank
[2026-04-01 23:57:16,303][__main__][INFO] -   Samples: train=31647, val=6782, test=6782
[2026-04-01 23:57:16,303][__main__][INFO] -   Features: 34 (including bias), Task: classification
[2026-04-01 23:57:16,303][__main__][INFO] -   Device: cuda
[2026-04-01 23:57:16,303][__main__][INFO] - Creating model: CPDA
[2026-04-02 00:04:42,939][__main__][INFO] - Early stopping at epoch 296 (no improvement for 100 epochs)
[2026-04-02 00:04:42,951][__main__][INFO] - Results saved to: /home/nicci/GTN/outputs/gtn/bank/CPDA_rg0.005_init0.1/L4_bd64_seed32874/results.json
[2026-04-02 00:04:42,951][__main__][INFO] - ✓ Train Accuracy: 0.9192
[2026-04-02 00:04:42,951][__main__][INFO] - ✓ Val Accuracy: 0.8959
[2026-04-02 00:04:42,954][HYDRA] 	#38 : model.L=4 model.bond_dim=64 seed=47311 trainer.lr=0.005 trainer.ridge=0.005 trainer.optimizer=adamw +experiment=cpda_gtn_sweep model=cpda dataset=bank
[2026-04-02 00:04:43,100][__main__][INFO] - Configuration:
model:
  name: CPDA
  L: 4
  bond_dim: 64
  output_site: null
  init_strength: 0.1
dataset:
  name: bank
  task: classification
  cap: 50
  size: large
  batch_size: 128
slurm:
  partition: titans
  time: '24:00:00'
  mem: 2gb
  gpu_arch: Ampere
  cpus: 1
  gpu: 1
hpc:
  queue: gpuv100
  time: '24:00'
  mem: 500MB
  cpus: 4
  gpu: 1
trainer:
  type: gtn
  n_epochs: 1000
  lr: 0.005
  optimizer: adamw
  ridge: 0.005
  loss_fn: null
  patience: 100
  min_delta: 0.001
  train_selection: true
seed: 47311
experiment_name: ${model.name}_${dataset.name}_${trainer.type}_rg${trainer.ridge}_init${model.init_strength}
skip_completed: true

[2026-04-02 00:04:43,100][__main__][INFO] - Output directory: /home/nicci/GTN/outputs/gtn/bank/CPDA_rg0.005_init0.1/L4_bd64_seed47311
[2026-04-02 00:04:43,101][__main__][INFO] - Loading dataset: bank
[2026-04-02 00:04:47,484][__main__][INFO] -   Samples: train=31647, val=6782, test=6782
[2026-04-02 00:04:47,484][__main__][INFO] -   Features: 34 (including bias), Task: classification
[2026-04-02 00:04:47,484][__main__][INFO] -   Device: cuda
[2026-04-02 00:04:47,484][__main__][INFO] - Creating model: CPDA
[2026-04-02 00:13:23,940][__main__][INFO] - Early stopping at epoch 345 (no improvement for 100 epochs)
[2026-04-02 00:13:23,956][__main__][INFO] - Results saved to: /home/nicci/GTN/outputs/gtn/bank/CPDA_rg0.005_init0.1/L4_bd64_seed47311/results.json
[2026-04-02 00:13:23,956][__main__][INFO] - ✓ Train Accuracy: 0.9129
[2026-04-02 00:13:23,956][__main__][INFO] - ✓ Val Accuracy: 0.8972
[2026-04-02 00:13:23,958][HYDRA] 	#39 : model.L=4 model.bond_dim=64 seed=47303 trainer.lr=0.005 trainer.ridge=0.005 trainer.optimizer=adamw +experiment=cpda_gtn_sweep model=cpda dataset=bank
[2026-04-02 00:13:24,108][__main__][INFO] - Configuration:
model:
  name: CPDA
  L: 4
  bond_dim: 64
  output_site: null
  init_strength: 0.1
dataset:
  name: bank
  task: classification
  cap: 50
  size: large
  batch_size: 128
slurm:
  partition: titans
  time: '24:00:00'
  mem: 2gb
  gpu_arch: Ampere
  cpus: 1
  gpu: 1
hpc:
  queue: gpuv100
  time: '24:00'
  mem: 500MB
  cpus: 4
  gpu: 1
trainer:
  type: gtn
  n_epochs: 1000
  lr: 0.005
  optimizer: adamw
  ridge: 0.005
  loss_fn: null
  patience: 100
  min_delta: 0.001
  train_selection: true
seed: 47303
experiment_name: ${model.name}_${dataset.name}_${trainer.type}_rg${trainer.ridge}_init${model.init_strength}
skip_completed: true

[2026-04-02 00:13:24,111][__main__][INFO] - Output directory: /home/nicci/GTN/outputs/gtn/bank/CPDA_rg0.005_init0.1/L4_bd64_seed47303
[2026-04-02 00:13:24,111][__main__][INFO] - Loading dataset: bank
[2026-04-02 00:13:28,499][__main__][INFO] -   Samples: train=31647, val=6782, test=6782
[2026-04-02 00:13:28,500][__main__][INFO] -   Features: 34 (including bias), Task: classification
[2026-04-02 00:13:28,500][__main__][INFO] -   Device: cuda
[2026-04-02 00:13:28,500][__main__][INFO] - Creating model: CPDA
[2026-04-02 00:20:20,345][__main__][INFO] - Early stopping at epoch 276 (no improvement for 100 epochs)
[2026-04-02 00:20:20,356][__main__][INFO] - Results saved to: /home/nicci/GTN/outputs/gtn/bank/CPDA_rg0.005_init0.1/L4_bd64_seed47303/results.json
[2026-04-02 00:20:20,356][__main__][INFO] - ✓ Train Accuracy: 0.9190
[2026-04-02 00:20:20,357][__main__][INFO] - ✓ Val Accuracy: 0.8947
Done: 2026-04-02-00:20:21
